Version: final-94-gfffc3aa rub_all.sh: remove longest prefix
Random seed: 1565793484
Start
>>> save_orig_graph
>> Saved weight 0
Graph loaded
|V| = 44483, |E| = 73419, |R| = 3222
First clearance of the input. Calling buy_zero and run_all_heuristics.
  buy_zero: 22 zero edges in 0.000253 s
  handle_small_terminal_degrees: terms 5 in 4.3e-05 s
  handle_small_Steiner_degrees: steiner 2, suppress 1 in 5.4e-05 s
  shortest_edge_between_terminals: 0 edges in 7.9e-05 s
  handle_small_terminal_degrees: terms 1 in 3.6e-05 s
  handle_small_Steiner_degrees: steiner 0, suppress 1 in 6e-05 s
  shortest_edge_between_terminals: 0 edges in 5.3e-05 s
  handle_small_terminal_degrees: terms 0 in 3.4e-05 s
  handle_small_Steiner_degrees: steiner 0, suppress 0 in 5.9e-05 s
  shortest_edge_between_terminals: 0 edges in 5.2e-05 s
Compressed graph 44483 -> 44450
  delete_edges: deleted 5489 edges in 0.042577 s and 10 rounds
  handle_small_terminal_degrees: terms 35 in 6.1e-05 s
  handle_small_Steiner_degrees: steiner 187, suppress 3466 in 0.001009 s
  shortest_edge_between_terminals: 0 edges in 6.8e-05 s
  handle_small_terminal_degrees: terms 16 in 7.6e-05 s
  handle_small_Steiner_degrees: steiner 0, suppress 89 in 8.4e-05 s
  shortest_edge_between_terminals: 0 edges in 5.7e-05 s
  handle_small_terminal_degrees: terms 5 in 3.8e-05 s
  handle_small_Steiner_degrees: steiner 0, suppress 2 in 6e-05 s
  shortest_edge_between_terminals: 1 edges in 7.4e-05 s
  handle_small_terminal_degrees: terms 1 in 3.6e-05 s
  handle_small_Steiner_degrees: steiner 0, suppress 0 in 5.9e-05 s
  shortest_edge_between_terminals: 0 edges in 5.5e-05 s
  handle_small_terminal_degrees: terms 0 in 3.5e-05 s
  handle_small_Steiner_degrees: steiner 0, suppress 0 in 5.9e-05 s
  shortest_edge_between_terminals: 0 edges in 5.4e-05 s
Compressed graph 44450 -> 40648
  delete_edges_shortest_path: deleted 8835 edges in 35.3686 s
  handle_small_terminal_degrees: terms 1671 in 0.000764 s
  handle_small_Steiner_degrees: steiner 1545, suppress 7447 in 0.002203 s
  shortest_edge_between_terminals: 16 edges in 0.000106 s
  handle_small_terminal_degrees: terms 514 in 0.000314 s
  handle_small_Steiner_degrees: steiner 1, suppress 237 in 0.000135 s
  shortest_edge_between_terminals: 59 edges in 0.000129 s
  handle_small_terminal_degrees: terms 25 in 4.5e-05 s
  handle_small_Steiner_degrees: steiner 0, suppress 7 in 6.5e-05 s
  shortest_edge_between_terminals: 11 edges in 7.2e-05 s
  handle_small_terminal_degrees: terms 3 in 3.3e-05 s
  handle_small_Steiner_degrees: steiner 0, suppress 3 in 6.4e-05 s
  shortest_edge_between_terminals: 1 edges in 5.6e-05 s
  handle_small_terminal_degrees: terms 1 in 3.2e-05 s
  handle_small_Steiner_degrees: steiner 0, suppress 0 in 6.3e-05 s
  shortest_edge_between_terminals: 0 edges in 5.4e-05 s
  handle_small_terminal_degrees: terms 0 in 3e-05 s
  handle_small_Steiner_degrees: steiner 0, suppress 0 in 6.2e-05 s
  shortest_edge_between_terminals: 0 edges in 5.4e-05 s
Compressed graph 40648 -> 29127
  handle_small_terminal_degrees: terms 0 in 2.2e-05 s
  handle_small_Steiner_degrees: steiner 0, suppress 145 in 0.000126 s
  shortest_edge_between_terminals: 131 edges in 0.000279 s
  handle_small_terminal_degrees: terms 0 in 2.2e-05 s
  handle_small_Steiner_degrees: steiner 0, suppress 19 in 6.4e-05 s
  shortest_edge_between_terminals: 4 edges in 7.3e-05 s
  handle_small_terminal_degrees: terms 0 in 2.2e-05 s
  handle_small_Steiner_degrees: steiner 0, suppress 3 in 5.5e-05 s
  shortest_edge_between_terminals: 0 edges in 6.4e-05 s
  handle_small_terminal_degrees: terms 0 in 2.2e-05 s
  handle_small_Steiner_degrees: steiner 0, suppress 0 in 5.1e-05 s
  shortest_edge_between_terminals: 0 edges in 6.3e-05 s
Compressed graph 29127 -> 27730
  delete_edges_shortest_path: deleted 2196 edges in 7.50947 s
  handle_small_terminal_degrees: terms 98 in 8.7e-05 s
  handle_small_Steiner_degrees: steiner 125, suppress 2867 in 0.000901 s
  shortest_edge_between_terminals: 30 edges in 0.000114 s
  handle_small_terminal_degrees: terms 7 in 2.7e-05 s
  handle_small_Steiner_degrees: steiner 3, suppress 40 in 6.2e-05 s
  shortest_edge_between_terminals: 7 edges in 6.7e-05 s
  handle_small_terminal_degrees: terms 1 in 2.2e-05 s
  handle_small_Steiner_degrees: steiner 0, suppress 1 in 4.8e-05 s
  shortest_edge_between_terminals: 0 edges in 5.9e-05 s
  handle_small_terminal_degrees: terms 0 in 2.2e-05 s
  handle_small_Steiner_degrees: steiner 0, suppress 0 in 4.5e-05 s
  shortest_edge_between_terminals: 0 edges in 5.8e-05 s
Compressed graph 27730 -> 24559
Compressed graph 24559 -> 24559
>>> save_orig_graph
>> Saved weight 546907272
### ZEL_LVL=9 PRECISE_STARS=1

Calling `contract_till_the_bitter_end`
|V| = 24559, |E| = 36257, |R| = 2950
>> 971013 (2198: 2186 2196 2186) (110.369 s)
>> 921289 (191: 189 251 189) (107.145 s)
>> 329636 (16694: 24011 24014 24011) (107.929 s)
>> 273018 (7889: 952 955 952) (108.811 s)
>> 13213 (22885: 11 139 11) (103.975 s)
>> 12260 (18836: 2033 2378 2033) (104.206 s)
>> 6892 (15202: 179 204 179) (103.942 s)
>> 6206 (15937: 57 18363 57) (103.909 s)
>> 6047 (2391: 2388 2389 2388) (104.166 s)
>> 5736 (5850: 2532 2549 2532) (105.819 s)
>> 5702 (5146: 1450 1626 1450) (104.369 s)
>> 5617 (14035: 471 511 471) (104.059 s)
>> 5554 (19507: 1271 1661 1271) (105.248 s)
>> 5417 (21518: 2653 2694 2653) (104.543 s)
>> 5212 (7947: 2610 2615 2610) (105.35 s)
>> 4835 (873: 872 911 872) (105.183 s)
>> 4812 (15444: 15 22 15) (105.583 s)
>> 4607 (6127: 23859 23897 23859) (105.047 s)
>> 4584 (5174: 403 14906 403) (105.643 s)
>> 4345 (19373: 1686 18232 1686) (104.954 s)
>> 4309 (20723: 24274 24367 24274) (104.629 s)
>> 4247 (662: 620 661 620) (104.281 s)
>> 4218 (6652: 1842 1980 1842) (104.224 s)
>> 4151 (14766: 273 313 273) (104.861 s)
>> 4074 (18642: 1826 2011 1826) (105.344 s)
>> 4064 (16648: 24027 24037 24027) (105.605 s)
>> 4015 (1734: 1732 1740 1732) (105.539 s)
>> 3853 (15102: 172 247 172) (103.891 s)
>> 3846 (16329: 24100 24175 24100) (107.425 s)
>> 3824 (14503: 325 347 325) (105.042 s)
>> 3756 (16259: 24174 24235 24174) (104.353 s)
>> 3726 (15647: 23252 24417 23252) (104.563 s)
>> 3721 (4478: 2792 2819 2792) (104.959 s)
>> 3646 (3083: 24061 24119 24061) (104.858 s)
>> 3622 (5947: 24353 28 24353) (104.631 s)
>> 3567 (8675: 940 1111 940) (100.792 s)
>> 3540 (13110: 769 924 769) (100.174 s)
>> 3519 (16267: 16221 24194 16221) (100.381 s)
>> 3513 (1481: 1479 1557 1479) (100.122 s)
>> 4324 (4823: 1630 1794 1630) (99.6823 s)
>> 3374 (18142: 24083 24094 24083) (100.289 s)
>> 3246 (19098: 458 439 458) (102.271 s)
>> 3238 (9964: 2558 2559 2558) (100.543 s)
>> 3236 (15870: 24330 24385 24330) (100.842 s)
>> 3189 (5249: 23939 23947 23939) (101.006 s)
>> 3118 (7959: 2551 2576 2551) (103.618 s)
>> 3115 (2564: 2538 2562 2538) (103.821 s)
>> 3047 (6106: 23971 23987 23971) (101.953 s)
>> 3027 (3533: 410 479 410) (101.678 s)
>> 2994 (1810: 1808 1875 1808) (102.071 s)
>> 2957 (16513: 24066 24077 24066) (102.777 s)
>> 2945 (9523: 2864 2870 2864) (101.023 s)
>> 2935 (12235: 1248 1263 1248) (102.959 s)
>> 2852 (4349: 2569 2609 2569) (106.66 s)
>> 2825 (22956: 1001 1011 1001) (106.6 s)
>> 2811 (5657: 23978 23983 23978) (106.126 s)
>> 2801 (20047: 1273 1292 1273) (104.333 s)
>> 2780 (4244: 36 162 36) (103.407 s)
>> 2773 (7351: 1175 1548 1175) (104.398 s)
>> 2763 (715: 522 692 522) (104.37 s)
>> 2713 (5689: 23952 23956 23952) (105.526 s)
>> 2706 (23203: 30 1692 30) (106.603 s)
>> 2701 (12810: 1026 1159 1026) (104.967 s)
>> 2678 (20732: 24205 24212 24205) (105.214 s)
>> 3282 (22242: 24124 24163 24124) (105.566 s)
>> 2609 (16355: 24162 24168 24162) (104.438 s)
>> 2609 (1523: 1485 1521 1485) (101.792 s)
>> 2586 (16796: 23961 23967 23961) (101.749 s)
>> 2586 (4955: 24080 24090 24080) (101.064 s)
>> 2561 (5358: 2064 2237 2064) (102.345 s)
>> 2561 (15249: 125 224 125) (106.395 s)
>> 2557 (5222: 386 547 386) (105.775 s)
>> 2555 (2586: 2577 2585 2577) (105.747 s)
>> 2545 (1466: 1385 1464 1385) (102.779 s)
>> 2516 (20716: 64 321 64) (102.616 s)
>> 2471 (3281: 2072 2162 2072) (102.952 s)
>> 2453 (2009: 2008 2025 2008) (103.04 s)
>> 2435 (18611: 24213 24250 24213) (102.675 s)
>> 2426 (10437: 1820 2228 1820) (102.555 s)
>> 2422 (1225: 1223 1302 1223) (102.766 s)
>> 2638 (11126: 1588 1902 1588) (103.648 s)
>> 2420 (22687: 314 409 314) (106.152 s)
>> 2406 (21909: 1885 1887 1885) (107.629 s)
>> 2403 (5958: 490 546 490) (107.78 s)
>> 2385 (17114: 50 95 50) (106.749 s)
>> 2383 (6928: 1102 1112 1102) (109.004 s)
>> 2374 (15032: 253 15207 253) (107.351 s)
>> 2363 (5148: 2670 2687 2670) (107.666 s)
>> 2351 (4537: 2617 2641 2617) (103.84 s)
>> 2561 (3878: 2449 2486 2449) (104.15 s)
>> 2341 (19613: 24323 24392 24323) (104.305 s)
>> 2333 (16567: 24052 24059 24052) (104.019 s)
>> 2318 (18838: 24069 24078 24069) (104.951 s)
>> 2310 (14422: 495 597 495) (107.951 s)
>> 2306 (14033: 594 660 594) (109.133 s)
>> 2284 (23122: 24364 24408 24364) (109.851 s)
>> 2270 (4314: 4316 1467 4316) (110.181 s)
>> 2266 (19299: 23966 23988 23966) (109.16 s)
>> 2259 (5500: 2364 2407 2364) (109.083 s)
>> 2258 (16607: 24040 24045 24040) (109.091 s)
>> 2919 (16576: 24047 24051 24047) (108.942 s)
>> 2250 (19970: 24117 24130 24117) (108.902 s)
>> 2240 (898: 750 879 750) (108.358 s)
>> 2238 (14874: 265 307 265) (108.827 s)
>> 2235 (15943: 24352 24358 24352) (108.589 s)
>> 2223 (15112: 182 237 182) (108.598 s)
>> 2211 (23115: 2356 2368 2356) (105.108 s)
>> 2209 (14999: 79 228 79) (103.819 s)
>> 2185 (4844: 24404 24416 24404) (104.371 s)
>> 2184 (3035: 591 728 591) (104.067 s)
>> 2183 (14554: 315 341 315) (103.768 s)
>> 2648 (22892: 24424 24432 24424) (107.688 s)
>> 2181 (4915: 2600 2621 2600) (107.909 s)
>> 2180 (21373: 24217 24226 24217) (110.564 s)
>> 2171 (14090: 602 610 602) (111.209 s)
>> 2158 (16802: 23948 23960 23948) (107.9 s)
>> 2158 (15867: 24391 24394 24391) (104.858 s)
>> 2151 (7070: 1690 1745 1690) (105.761 s)
>> 2147 (13629: 727 918 727) (104.718 s)
>> 2140 (19049: 690 831 690) (105.308 s)
>> 2136 (5554: 24039 24049 24039) (106.889 s)
>> 2136 (5100: 2738 2779 2738) (106.179 s)
>> 2134 (3656: 1227 1363 1227) (104.588 s)
>> 2130 (16702: 24009 24012 24009) (104.539 s)
>> 2129 (3991: 1925 1959 1925) (104.669 s)
>> 2124 (9457: 2932 2936 2932) (104.593 s)
>> 2117 (20283: 2939 2940 2939) (104.644 s)
>> 2113 (4087: 1283 1536 1283) (104.691 s)
>> 2107 (19571: 534 404 534) (103.922 s)
>> 2104 (1636: 1625 1635 1625) (106.758 s)
>> 2104 (420: 419 18295 419) (104.241 s)
>> 2102 (5183: 1378 1469 1378) (109.592 s)
>> 2093 (14816: 330 355 330) (103.412 s)
>> 2090 (9567: 2797 2816 2797) (107.451 s)
>> 2086 (7025: 1722 1780 1722) (107.047 s)
>> 2086 (5632: 23997 24000 23997) (106.936 s)
>> 2077 (16660: 24030 24032 24030) (106.319 s)
>> 2072 (862: 731 861 731) (103.339 s)
>> 2072 (12791: 1078 1126 1078) (103.54 s)
>> 2454 (1056: 1053 998 1053) (108.031 s)
>> 2067 (13824: 666 679 666) (107.723 s)
>> 2052 (16109: 24307 24435 24307) (108.021 s)
>> 2044 (8883: 657 751 657) (108.12 s)
>> 2043 (2203: 2168 2202 2168) (107.241 s)
>> 2037 (13845: 656 691 656) (108.148 s)
>> 2034 (16178: 23861 24284 23861) (108.162 s)
>> 2019 (3936: 196 15504 196) (107.991 s)
>> 4073 (4981: 415 441 415) (107.534 s)
>> 3778 (115: 112 154 112) (108.241 s)
>> 2013 (1321: 1318 1366 1318) (108.575 s)
>> 2007 (5569: 24033 16614 24033) (105.503 s)
>> 2002 (9752: 2710 9703 2710) (106.9 s)
>> 2000 (23856: 461 603 461) (110.442 s)
>> 1988 (14753: 323 373 323) (104.429 s)
>> 1963 (23583: 2217 2098 2217) (104.572 s)
>> 1956 (3996: 259 365 259) (108.077 s)
>> 1954 (19561: 9 82 9) (104.447 s)
>> 1950 (17917: 24199 24239 24199) (104.352 s)
>> 1941 (5390: 24006 24023 24006) (103.65 s)
>> 1934 (3048: 1701 1784 1701) (105.009 s)
>> 2249 (8235: 1897 1923 1897) (108.137 s)
>> 2113 (13736: 683 1018 683) (106.854 s)
>> 1931 (3758: 24193 24209 24193) (106.911 s)
>> 1930 (22841: 24046 24054 24046) (106.681 s)
>> 2035 (16557: 24058 24065 24058) (102.349 s)
>> 1916 (22782: 23991 23994 23991) (103.944 s)
>> 1914 (3684: 1294 1323 1294) (103.372 s)
>> 1897 (6864: 1798 1860 1798) (103.321 s)
>> 1896 (14548: 414 500 414) (107.544 s)
>> 1895 (9884: 2612 2603 2612) (109.477 s)
>> 1889 (6195: 2675 2655 2675) (107.164 s)
>> 1884 (16290: 24156 24236 24156) (107.957 s)
>> 1883 (15086: 258 263 258) (107.128 s)
>> 1882 (4431: 2299 2348 2299) (106.775 s)
>> 1880 (16481: 24107 24108 24107) (106.575 s)
>> 1873 (7744: 1189 1242 1189) (107.002 s)
>> 1871 (6270: 2436 2444 2436) (107.787 s)
>> 1867 (16132: 24251 24286 24251) (108.833 s)
>> 1864 (9201: 24233 24245 24233) (108 s)
>> 1857 (21896: 2036 2095 2036) (108.181 s)
>> 1845 (12939: 981 1081 981) (107.898 s)
>> 1842 (18389: 24489 249 24489) (108.71 s)
>> 1823 (12820: 945 1113 945) (104.308 s)
>> 1821 (2265: 2181 2264 2181) (103.898 s)
>> 1821 (3405: 22099 15308 22099) (127.876 s)
>> 1818 (4977: 23908 23918 23908) (113.182 s)
>> 1811 (12458: 1184 1269 1184) (111.996 s)
>> 1795 (3214: 1744 1615 1744) (107.89 s)
>> 1789 (21039: 143 66 143) (103.225 s)
>> 1785 (16666: 24013 24022 24013) (103.819 s)
>> 1785 (2426: 2424 2457 2424) (102.92 s)
>> 1748 (23625: 309 352 309) (101.678 s)
>> 1739 (4028: 23958 23969 23958) (101.934 s)
>> 1733 (474: 429 473 429) (102.425 s)
>> 1730 (19689: 1569 1599 1569) (102.069 s)
>> 1726 (13556: 752 844 752) (109.78 s)
>> 1723 (12203: 1326 1382 1326) (112.686 s)
>> 1718 (13838: 577 725 577) (103.862 s)
>> 1718 (10310: 2338 2351 2338) (103.121 s)
>> 1712 (5274: 491 447 491) (103.792 s)
>> 1700 (3834: 24221 24260 24221) (106.849 s)
>> 1704 (17257: 24121 24165 24121) (108.775 s)
>> 1693 (4453: 23949 23953 23949) (109.925 s)
>> 1686 (18127: 1115 1151 1115) (108.938 s)
>> 1680 (2959: 934 13983 934) (108.18 s)
>> 1661 (2385: 2384 2413 2384) (103.784 s)
>> 1660 (19454: 454 541 454) (103.26 s)
>> 1651 (18481: 588 613 588) (108.429 s)
>> 1636 (7572: 1312 1367 1312) (102.322 s)
>> 1636 (2170: 2169 2147 2169) (102.033 s)
>> 1632 (9028: 392 492 392) (102.615 s)
>> 1616 (20465: 923 932 923) (101.921 s)
>> 1616 (3325: 46 24506 46) (113.664 s)
>> 1614 (10295: 2344 2358 2344) (114.443 s)
>> 1612 (5056: 23869 24549 23869) (102.912 s)
>> 1604 (16612: 24038 24048 24038) (102.657 s)
>> 1603 (16478: 24096 24103 24096) (103.664 s)
>> 1602 (19963: 124 220 124) (104.79 s)
>> 1596 (20573: 24180 24216 24180) (107.547 s)
>> 1595 (3073: 816 992 816) (114.93 s)
>> 1595 (12695: 995 1080 995) (118.52 s)
>> 1647 (13055: 13143 969 13143) (110.672 s)
>> 1592 (17319: 2873 2882 2873) (113.124 s)
>> 1592 (17818: 2928 2902 2928) (103.026 s)
>> 1586 (5014: 24001 24017 24001) (103.702 s)
>> 1586 (12207: 1425 1438 1425) (104.194 s)
>> 1581 (7885: 950 970 950) (103.095 s)
>> 1579 (7038: 1770 1835 1770) (104.197 s)
>> 1578 (2245: 2242 2204 2242) (104.207 s)
>> 1575 (5753: 23871 23880 23871) (104.282 s)
>> 1573 (19780: 1192 1202 1192) (104.066 s)
>> 1570 (15050: 78 243 78) (104.085 s)
>> 1561 (16546: 24055 24064 24055) (103.951 s)
>> 1558 (22382: 2365 2379 2365) (104.011 s)
>> 1557 (102: 92 101 92) (103.88 s)
>> 1549 (16958: 23870 24551 23870) (104.286 s)
>> 1543 (9383: 23900 23904 23900) (105.8 s)
>> 1542 (4605: 329 382 329) (103.941 s)
>> 1539 (572: 533 571 533) (104.19 s)
>> 1534 (19063: 2512 2519 2512) (104.68 s)
>> 1533 (4527: 24499 14963 24499) (104.632 s)
>> 1584 (5852: 14859 14910 14859) (104.591 s)
>> 1532 (18495: 1973 2078 1973) (110.174 s)
>> 1531 (21764: 504 626 504) (104.203 s)
>> 1531 (8619: 917 1085 917) (104.141 s)
>> 1530 (16725: 24557 5653 24557) (103.613 s)
>> 1527 (18504: 1974 2048 1974) (103.82 s)
>> 1523 (18664: 2680 2709 2680) (103.557 s)
>> 1518 (3474: 24138 24172 24138) (106.87 s)
>> 1517 (3972: 770 13813 770) (108.19 s)
>> 1508 (20265: 777 790 777) (104.818 s)
>> 2191 (17791: 947 1201 947) (106.289 s)
>> 1658 (23675: 670 946 670) (105.195 s)
>> 1508 (20996: 24322 24456 24322) (107.268 s)
>> 1494 (2771: 2763 2767 2763) (102.24 s)
>> 1486 (5530: 24043 24067 24043) (102.811 s)
>> 1484 (14853: 271 274 271) (102.697 s)
>> 1484 (22370: 75 60 75) (108.213 s)
>> 1478 (1241: 1101 1240 1101) (108.422 s)
>> 1477 (21274: 24418 24439 24418) (109.19 s)
>> 1476 (2631: 2623 2629 2623) (108.118 s)
>> 1475 (5597: 24010 24020 24010) (108.21 s)
>> 1475 (15484: 24514 20 24514) (104.147 s)
>> 1469 (13459: 825 926 825) (104.411 s)
>> 1461 (12633: 1198 1300 1198) (103.751 s)
>> 1471 (4131: 1331 1162 1331) (103.058 s)
>> 1448 (15738: 24399 24411 24399) (103.858 s)
>> 1445 (5231: 2015 2123 2015) (103.58 s)
>> 1442 (9622: 2735 2780 2735) (103.645 s)
>> 1440 (12933: 1028 1038 1028) (103.481 s)
>> 1456 (4184: 1059 1108 1059) (102.698 s)
>> 1439 (22921: 406 556 406) (103.777 s)
>> 1438 (5729: 23898 23906 23898) (103.782 s)
>> 1433 (72: 63 70 63) (103.868 s)
>> 1525 (19494: 15442 81 15442) (103.802 s)
>> 1432 (9403: 23873 23876 23873) (103.833 s)
>> 1583 (5069: 23872 23885 23872) (103.538 s)
>> 1431 (3200: 563 600 563) (103.941 s)
>> 1430 (17050: 2686 2717 2686) (110.967 s)
>> 1422 (19453: 24478 24515 24478) (107.825 s)
>> 1419 (9843: 2627 2647 2627) (106.954 s)
>> 1417 (15080: 217 226 217) (107.017 s)
>> 1413 (4373: 2441 2470 2441) (108.11 s)
>> 1407 (3976: 1474 1561 1474) (106.828 s)
>> 1407 (12462: 1170 1245 1170) (106.239 s)
>> 1405 (6062: 2330 2382 2330) (102.195 s)
>> 1402 (5305: 1490 1558 1490) (104.415 s)
>> 1402 (4402: 24148 24177 24148) (108.2 s)
>> 1397 (15984: 24324 24327 24324) (107.541 s)
>> 1395 (1278: 1210 1277 1210) (107.892 s)
>> 1388 (5886: 2503 2527 2503) (108.194 s)
>> 1383 (1354: 1352 1411 1352) (108.452 s)
>> 1381 (6261: 2395 2433 2395) (114.734 s)
>> 1379 (9404: 23877 23879 23877) (105.094 s)
>> 1379 (19776: 0 24533 0) (103.871 s)
>> 0 (-1: -1 -1 -1) (77.0992 s)
Zelikovsky 37266.2 s
>> 971013 (2198: 4632 2196 2186) (2451.32 s)
>> 921289 (191: 189 17261 251) (2477.9 s)
>> 329636 (16694: 24014 24029 24011) (2436.81 s)
>> 273018 (7889: 977 955 952) (2333.5 s)
>> 12260 (18836: 2033 2235 2378) (2438.63 s)
>> 9059 (15469: 11 15421 24441) (2160.83 s)
>> 6892 (15202: 15316 204 179) (2172.26 s)
>> 6206 (15937: 18363 22954 57) (2157.07 s)
>> 6047 (2391: 2388 2440 2389) (2176.05 s)
>> 5736 (5850: 2532 2551 2549) (2116.17 s)
>> 5702 (5146: 1302 1626 1450) (2190.7 s)
>> 5617 (14035: 471 594 511) (2135.65 s)
>> 5554 (19507: 1637 1661 1271) (2119.25 s)
>> 5417 (21518: 2653 2732 2694) (2026.15 s)
>> 5391 (22054: 329 18363 260) (2118 s)
>> 4835 (873: 802 911 872) (2156.59 s)
>> 4607 (6127: 23897 23916 23859) (2151.62 s)
>> 4353 (7947: 2610 2633 2615) (2145.06 s)
>> 4345 (19373: 1686 1902 18232) (2176.63 s)
>> 4309 (20723: 24274 24387 24367) (2148.82 s)
>> 4247 (662: 747 661 620) (2157.66 s)
>> 4218 (6652: 1842 1989 1980) (2161.99 s)
>> 4151 (14766: 313 367 273) (2145.94 s)
>> 4074 (18642: 1826 2147 2011) (2193.81 s)
>> 4064 (16648: 24047 24037 24027) (2131.86 s)
>> 3884 (15444: 15316 24417 22) (2625.92 s)
>> 3853 (15102: 17047 247 172) (2543.24 s)
>> 3846 (16329: 24175 24220 24100) (2491.19 s)
>> 3824 (14503: 618 347 325) (2470.4 s)
>> 3756 (16259: 24174 24257 24235) (2537.62 s)
>> 3721 (4478: 2819 2835 2792) (2526.2 s)
>> 3646 (3083: 24120 24119 24061) (2507.61 s)
>> 3596 (5947: 20 28 24353) (2505.85 s)
>> 3567 (8675: 1111 1239 940) (2398.17 s)
>> 3540 (13110: 769 1018 924) (2371.44 s)
>> 3764 (13736: 505 769 683) (2344.68 s)
>> 3519 (16267: 16221 24210 24194) (2323.43 s)
>> 4213 (20112: 23232 24105 16221) (2329.54 s)
>> 3398 (3995: 1263 505 1348) (2300.69 s)
>> 3374 (18142: 24129 24094 24083) (2310.28 s)
>> 3320 (21079: 11 24491 119) (2266.1 s)
>> 3246 (19098: 458 480 439) (2328.14 s)
>> 3238 (9964: 2559 2600 2558) (2345.4 s)
>> 3236 (15870: 24330 24534 24385) (2209.59 s)
>> 3189 (5249: 23947 18494 23939) (2310.49 s)
>> 3118 (7959: 2576 2605 2532) (2328.62 s)
>> 3115 (2564: 2572 2562 2538) (2271.53 s)
>> 3047 (6106: 23987 5676 23971) (2279.66 s)
>> 3027 (3533: 479 9010 410) (2259.53 s)
>> 2976 (16290: 24156 24236 23232) (2262.87 s)
>> 2945 (9523: 2887 2870 2864) (2278.42 s)
>> 2935 (12235: 1263 1506 1248) (2278.5 s)
>> 2923 (14142: 747 579 534) (2246.45 s)
>> 2852 (4349: 2603 2609 2569) (2259.9 s)
>> 2825 (22956: 1039 1011 1001) (2258.6 s)
>> 2811 (5657: 23996 23983 23978) (2258.99 s)
>> 2801 (20047: 1292 1588 1273) (2298.35 s)
>> 2780 (4244: 162 15312 36) (2235.11 s)
>> 2763 (715: 522 714 692) (2245.86 s)
>> 2736 (1876: 1826 1875 1808) (2166.69 s)
>> 2713 (5689: 23974 23956 23952) (2258.37 s)
>> 2701 (1734: 1744 1740 1732) (2231.39 s)
>> 2701 (12810: 1159 1202 1026) (2205.05 s)
>> 2678 (20732: 24215 24212 24205) (2193.2 s)
>> 2609 (1523: 1544 1521 1485) (2219.95 s)
>> 2586 (4955: 24090 24133 24080) (2221.87 s)
>> 2586 (16796: 23961 23969 23967) (2233.54 s)
>> 2561 (15249: 52 224 125) (2245.18 s)
>> 2557 (5222: 547 13983 386) (2286.23 s)
>> 2474 (4087: 1283 1637 1536) (2255.56 s)
>> 2454 (14422: 547 647 495) (2167.91 s)
>> 2453 (2009: 10887 2025 2008) (2113.22 s)
>> 2435 (18611: 24253 24250 24213) (2002.13 s)
>> 2426 (10437: 2228 2327 1820) (2049.52 s)
>> 2422 (1225: 1267 1302 1223) (2078.32 s)
>> 2420 (22687: 409 438 314) (2088.54 s)
>> 2385 (17114: 50 15207 95) (2119.24 s)
>> 2383 (6928: 1188 1112 1102) (2078.45 s)
>> 2381 (19780: 1161 1192 1159) (2059.68 s)
>> 2363 (5148: 2687 2726 2670) (2045.42 s)
>> 2341 (19613: 24489 24392 24323) (2186.82 s)
>> 2333 (16567: 24052 24063 24059) (1995.19 s)
>> 2318 (18838: 24078 24117 24069) (1981.96 s)
>> 2284 (23122: 24408 24455 24364) (1967.78 s)
>> 2270 (4314: 4316 1477 1467) (2051.68 s)
>> 2266 (19299: 23966 24005 23988) (2007.55 s)
>> 2259 (5500: 2407 2429 2364) (1947.05 s)
>> 2258 (16607: 24040 18654 24045) (2165.34 s)
>> 2257 (17875: 24168 24165 24121) (2061.11 s)
>> 2250 (19970: 24152 24130 24078) (1985.43 s)
>> 2240 (898: 750 896 879) (2202.97 s)
>> 2238 (14874: 265 307 189) (1986.01 s)
>> 2235 (15943: 24352 24370 24358) (1972.59 s)
>> 2226 (20823: 24246 24215 24178) (1966.12 s)
>> 2223 (15112: 182 250 237) (2016.74 s)
>> 2211 (23115: 2368 2434 2356) (2069.75 s)
>> 2209 (14999: 79 259 228) (2080.71 s)
>> 2185 (4844: 24416 24450 24404) (2176.56 s)
>> 2184 (3035: 744 728 591) (2131.38 s)
>> 2183 (14554: 14552 341 315) (2059.28 s)
>> 2181 (4915: 2621 9858 2559) (2005.25 s)
>> 2176 (15057: 9049 15316 123) (1784.89 s)
>> 2171 (14090: 756 610 602) (1772.61 s)
>> 2158 (15867: 24405 24394 24391) (1755.33 s)
>> 2158 (16355: 24168 24181 24162) (1761.39 s)
>> 2158 (16802: 23960 23982 23948) (1743.26 s)
>> 2151 (7070: 1690 1714 1745) (1741.54 s)
>> 2147 (13629: 727 802 918) (1771.72 s)
>> 2136 (5100: 9743 2779 2738) (1853.23 s)
>> 2136 (5554: 24064 24049 24039) (1862.78 s)
>> 2134 (3656: 1227 1379 1363) (1863.06 s)
>> 2130 (16702: 5626 24012 24009) (1824.38 s)
>> 2124 (9457: 2938 2936 2932) (1848.1 s)
>> 2107 (19571: 493 404 747) (1856.22 s)
>> 2104 (420: 443 18295 419) (1841.2 s)
>> 2104 (1636: 1625 1673 1635) (1813.42 s)
>> 2102 (5183: 1378 1529 1469) (1826.72 s)
>> 2096 (12628: 1283 18701 944) (1824.78 s)
>> 2093 (14816: 318 355 330) (1824.08 s)
>> 2226 (14315: 588 445 318) (1801.63 s)
>> 2090 (9567: 2797 2848 2816) (1822.59 s)
>> 2086 (5632: 24006 24000 23997) (1837.63 s)
>> 2086 (7025: 1871 1780 1722) (1837.06 s)
>> 2077 (16660: 24032 24035 24030) (1778.44 s)
>> 2072 (862: 972 861 731) (1876.1 s)
>> 2072 (12791: 1078 1218 1126) (1934.48 s)
>> 2067 (13824: 679 13813 666) (2143.29 s)
>> 2052 (16109: 24542 24307 24274) (1717.46 s)
>> 2044 (8883: 657 752 751) (1690.54 s)
>> 2043 (2203: 2168 2287 2202) (1686.66 s)
>> 2043 (12598: 7777 843 977) (1682.7 s)
>> 2039 (23203: 30 1692 329) (1760.32 s)
>> 2037 (13845: 656 744 691) (1681.57 s)
>> 2034 (16178: 24288 24284 23861) (1676.43 s)
>> 2013 (1321: 1366 1267 1318) (1684.55 s)
>> 2003 (10270: 2387 2432 2388) (1658.32 s)
>> 2002 (9752: 2710 2721 9703) (1672.77 s)
>> 2000 (23856: 461 576 603) (1685.07 s)
>> 1988 (14753: 323 412 373) (1677.21 s)
>> 1966 (115: 171 154 112) (1630.2 s)
>> 1965 (3280: 2217 2185 2162) (1657.62 s)
>> 3811 (3828: 2217 2072 2033) (1663.91 s)
>> 1954 (19561: 66 82 9) (1652.74 s)
>> 1948 (15003: 196 52 441) (1630.52 s)
>> 1941 (5390: 24023 24026 24006) (1645.73 s)
>> 1930 (22841: 24054 24065 24046) (1642.47 s)
>> 1928 (1466: 1493 1464 1385) (1641.19 s)
>> 1916 (22782: 24003 23994 23991) (1636.29 s)
>> 1914 (3684: 1323 1361 1294) (1637.64 s)
>> 1904 (20892: 2561 2603 2544) (1635.89 s)
>> 1898 (3735: 1845 1814 1625) (1631.87 s)
>> 1897 (6052: 1903 2098 2228) (1720.27 s)
>> 1897 (6864: 1974 1860 1798) (2474.14 s)
>> 1896 (14548: 396 500 414) (2246.92 s)
>> 1895 (9884: 2561 2627 2612) (1703.44 s)
>> 1889 (6195: 2685 2655 2675) (1634.16 s)
>> 1882 (4431: 2354 2348 2299) (1666.6 s)
>> 1880 (16481: 24112 24108 24107) (1663.03 s)
>> 1873 (7744: 1242 1253 1189) (1641.5 s)
>> 1871 (6270: 2461 2444 2436) (1634.07 s)
>> 1867 (16132: 24286 24301 24251) (1630.58 s)
>> 1864 (9201: 24233 24343 24245) (1630.84 s)
>> 1863 (8062: 2368 2323 2330) (1626.59 s)
>> 1857 (21896: 2036 6717 2095) (1715.47 s)
>> 1846 (5454: 24106 24142 24090) (1662.69 s)
>> 1823 (12820: 1172 1113 945) (1642.9 s)
>> 1821 (2265: 2336 2264 2181) (1670.28 s)
>> 1940 (19212: 2206 2336 2303) (1741.08 s)
>> 1821 (3405: 15555 15308 22099) (1774.22 s)
>> 1818 (4977: 23936 23918 23908) (1633.94 s)
>> 1789 (19933: 171 222 92) (1620.41 s)
>> 1785 (2426: 5539 2457 2424) (1555.97 s)
>> 1767 (21852: 557 660 648) (1612.43 s)
>> 1748 (23625: 309 381 352) (1604.22 s)
>> 1746 (3996: 368 365 79) (1593.16 s)
>> 1739 (4028: 23975 23996 23958) (1556.79 s)
>> 1733 (474: 429 518 473) (1572.24 s)
>> 1723 (12203: 1326 1400 1382) (1571.76 s)
>> 1718 (13838: 609 725 577) (1571.26 s)
>> 1712 (5274: 447 513 491) (1575.07 s)
>> 1701 (6250: 2514 2479 2368) (1575.23 s)
>> 1680 (13055: 13143 969 1172) (1583.78 s)
>> 1677 (15086: 258 266 263) (1830.21 s)
>> 1636 (2170: 1826 2204 2169) (1799.95 s)
>> 1616 (20465: 923 1016 932) (1897.23 s)
>> 1614 (10295: 2400 2358 2344) (1930.06 s)
>> 1612 (5056: 23869 24554 24549) (1936.57 s)
>> 1604 (7572: 1367 1463 1312) (1678.19 s)
>> 1604 (16612: 24055 24048 24038) (1565.11 s)
>> 1603 (16478: 24123 24103 24096) (1857.65 s)
>> 1596 (20573: 24180 24265 24216) (1857.88 s)
>> 1595 (23627: 10182 2487 2354) (1782.39 s)
>> 1592 (17319: 2855 2882 2873) (1828.41 s)
>> 1592 (17818: 2902 9480 2928) (1832.47 s)
>> 1586 (5014: 24021 24017 24001) (1853.1 s)
>> 1585 (5275: 24047 24066 24060) (1968.55 s)
>> 1581 (7885: 950 985 970) (1900.64 s)
>> 1578 (2245: 2281 2242 1826) (1918.41 s)
>> 1575 (5753: 23880 23871 23869) (1912.49 s)
>> 1568 (22248: 825 848 613) (1882.64 s)
>> 1565 (4945: 1615 1690 1505) (1802.63 s)
>> 1565 (13140: 727 949 852) (1878.65 s)
>> 1561 (16546: 24055 24072 24064) (1884.42 s)
>> 1560 (23142: 24141 24174 24160) (1724.92 s)
>> 1558 (22382: 2365 2409 2379) (1851.51 s)
>> 1543 (9383: 23900 23913 23904) (1821.52 s)
>> 1542 (16765: 23979 24023 23976) (1773.34 s)
>> 1539 (572: 533 627 571) (1757.43 s)
>> 1535 (21721: 816 992 859) (1814.18 s)
>> 1533 (4527: 15165 14963 24499) (1860.06 s)
>> 1532 (18495: 1973 10987 2078) (1869.93 s)
>> 1531 (21764: 504 723 626) (1792.61 s)
>> 1523 (9163: 24542 24435 24407) (1863.79 s)
>> 1523 (18664: 2669 2709 2680) (1856.99 s)
>> 1522 (3136: 196 89 15504) (1864.86 s)
>> 1518 (3474: 24184 24172 24138) (1829.81 s)
>> 1515 (15050: 243 326 78) (1849.58 s)
>> 1563 (86: 15436 243 84) (1846.94 s)
>> 1509 (19092: 349 588 343) (1845.38 s)
>> 1508 (20996: 24456 24483 24322) (1565.47 s)
>> 1496 (9846: 2648 9833 2641) (1597.16 s)
>> 1494 (2771: 2776 2767 2763) (1615.17 s)
>> 1494 (18017: 1723 1871 1604) (1610.91 s)
>> 1486 (5530: 24067 24071 24032) (1582.78 s)
>> 1484 (22370: 60 43 75) (1631.92 s)
>> 1478 (1241: 1314 1240 1101) (1856.94 s)
>> 1477 (21274: 24439 24449 24418) (1911.91 s)
>> 1476 (2631: 2635 2629 2623) (1728.99 s)
>> 1475 (15484: 20 144 24514) (1737.1 s)
>> 1470 (3243: 6836 1081 997) (1739.39 s)
>> 1461 (12633: 12294 1300 1198) (1664.05 s)
>> 1457 (23592: 934 13718 917) (1596.63 s)
>> 1451 (22892: 24489 24432 24424) (1621.89 s)
>> 1448 (3635: 24422 24462 24352) (1623.47 s)
>> 1448 (15738: 24451 24411 24399) (1614.58 s)
>> 1442 (10670: 2168 2137 2083) (1582.05 s)
>> 1440 (12933: 1038 1108 1028) (1636.44 s)
>> 1439 (22921: 556 573 406) (1589.48 s)
>> 1439 (23415: 24057 24067 24014) (1630.37 s)
>> 1438 (5729: 23915 23906 23898) (1570.91 s)
>> 1433 (72: 81 70 63) (1621.44 s)
>> 1432 (9403: 23873 23883 23876) (1648.63 s)
>> 1431 (3200: 659 600 563) (1587.99 s)
>> 1430 (17050: 2722 2717 2686) (1535.69 s)
>> 1422 (18310: 24548 23897 23874) (1557.75 s)
>> 1422 (19453: 24538 24515 24478) (1544.65 s)
>> 1421 (20265: 777 987 790) (1543.34 s)
>> 1418 (9914: 2570 2561 2552) (1521.06 s)
>> 1417 (15080: 146 226 217) (1736.24 s)
>> 1413 (4373: 2470 2727 2441) (1736.63 s)
>> 1408 (18481: 349 825 640) (1861.8 s)
>> 1402 (4402: 24148 24197 24177) (1714.89 s)
>> 1399 (21909: 1887 10887 1885) (1919.69 s)
>> 1397 (15984: 24327 24335 24324) (1810.03 s)
>> 1395 (1278: 1270 1277 1210) (1794.54 s)
>> 1390 (21373: 24253 24226 24217) (1745.28 s)
>> 1388 (5886: 2503 2475 2527) (1796.51 s)
>> 1383 (1354: 1411 1462 1352) (1751.72 s)
>> 1383 (15506: 81 15442 24533) (1799.23 s)
>> 1378 (19454: 541 550 454) (1724.92 s)
>> 1371 (15510: 10 24505 26) (1834.11 s)
>> 1370 (8780: 759 886 816) (1830.82 s)
>> 1368 (22652: 24405 24388 24373) (1767.05 s)
>> 1366 (3202: 1413 1558 1455) (1705.88 s)
>> 1363 (12916: 1090 1093 1041) (1599.52 s)
>> 1355 (17790: 2570 2648 2620) (1412.64 s)
>> 1354 (5337: 567 659 501) (1486.19 s)
>> 1353 (20471: 1489 1507 1394) (1465.4 s)
>> 1344 (23044: 212 216 285) (1515.04 s)
>> 1456 (19005: 212 392 276) (1515.71 s)
>> 1338 (5242: 2880 2902 2860) (1504.76 s)
>> 1335 (18927: 2547 2570 2545) (1481.68 s)
>> 1331 (5802: 2781 2745 2760) (1492.98 s)
>> 1329 (9626: 2777 9618 2750) (1492.41 s)
>> 1326 (23394: 1324 1440 1169) (1574.28 s)
>> 1320 (2859: 2855 2850 2857) (1486.45 s)
>> 1320 (22394: 1030 22279 735) (1503.48 s)
>> 1315 (1818: 1846 1838 1816) (1432.54 s)
>> 1313 (9193: 24325 24206 24189) (1501.96 s)
>> 1310 (10901: 1948 1998 2035) (1618.62 s)
>> 1309 (19739: 37 18 68) (1659.23 s)
>> 1303 (10170: 2433 2469 2410) (1718.9 s)
>> 1296 (11656: 1612 1660 1691) (1584.6 s)
>> 1293 (8233: 1993 2020 2006) (1420.47 s)
>> 1293 (20557: 1135 1151 1120) (1463.83 s)
>> 1287 (15093: 290 324 321) (1481.01 s)
>> 1287 (22944: 364 9056 344) (1454.01 s)
>> 1623 (22512: 356 377 364) (1543.09 s)
>> 1262 (18504: 1974 11120 2048) (1693.57 s)
>> 1258 (5279: 187 192 256) (1707.33 s)
>> 1257 (3858: 426 482 424) (1711.77 s)
>> 1254 (21236: 2653 2656 2610) (1614.33 s)
>> 1250 (11347: 1718 1828 1750) (1687.47 s)
>> 1246 (15895: 24372 24376 24315) (1678.05 s)
>> 1244 (5668: 23977 23972 23964) (1655.9 s)
>> 1242 (11190: 6823 2024 2021) (1675.73 s)
>> 1241 (4332: 1531 12199 1413) (1675.62 s)
>> 1241 (17791: 947 12795 1201) (1675.42 s)
>> 1236 (5097: 2736 9743 2746) (1638.55 s)
>> 1233 (16592: 24058 24056 24053) (1597.47 s)
>> 1231 (19107: 24238 24263 24227) (1429.91 s)
>> 1230 (19776: 81 21718 0) (1421.48 s)
>> 1229 (9772: 2713 2710 2706) (1414.53 s)
>> 1224 (21241: 2931 2920 2938) (1426.62 s)
>> 1223 (17069: 24486 24487 41) (1438.13 s)
>> 1222 (5958: 490 459 546) (1476.78 s)
>> 1222 (6622: 1912 2027 1982) (1409.54 s)
>> 1219 (5444: 24150 16379 24132) (1320.85 s)
>> 1218 (851: 785 941 849) (1362.43 s)
>> 1218 (3535: 1410 1665 7435) (1451.58 s)
>> 1213 (9398: 23873 23887 23885) (1554.19 s)
>> 1210 (4713: 1160 1265 1180) (1472.37 s)
>> 1208 (17953: 12680 1317 1193) (1411.76 s)
>> 1208 (19896: 1398 1330 1544) (1423.53 s)
>> 1207 (5772: 24548 24544 24543) (1394.76 s)
>> 1207 (20714: 749 927 727) (1262.53 s)
>> 1205 (4802: 1204 1138 1086) (1304.92 s)
>> 1205 (19806: 2892 2897 2887) (1375.28 s)
>> 1204 (4548: 1934 1972 1962) (1412.56 s)
>> 1195 (18683: 2193 2255 2161) (1349.47 s)
>> 1195 (22657: 2649 2685 2635) (1403.47 s)
>> 1191 (7014: 1784 1923 1712) (1331.49 s)
>> 1187 (16566: 24058 24073 24054) (1312.97 s)
>> 1185 (3325: 196 24506 46) (1414.93 s)
>> 1180 (11930: 1845 1563 1524) (1395.05 s)
>> 1176 (15196: 170 187 131) (1410.82 s)
>> 1176 (20451: 2297 2343 2325) (1394.41 s)
>> 1175 (8539: 1421 1715 1600) (1354.79 s)
>> 1418 (12281: 1411 1168 1421) (1399.56 s)
>> 1173 (5292: 23889 23915 23879) (1373.37 s)
>> 1171 (780: 685 779 773) (1343.05 s)
>> 1171 (2385: 2373 2413 2384) (1436.51 s)
>> 1164 (16883: 23925 23926 23924) (1844.94 s)
>> 1160 (11807: 1366 1557 1686) (1274.01 s)
>> 1157 (10737: 2132 2127 2056) (1333.32 s)
>> 1155 (4321: 24201 24163 24158) (1311.14 s)
>> 1155 (7723: 1287 1211 1134) (1341.64 s)
>> 1153 (12875: 1072 1115 1060) (1338.35 s)
>> 1152 (3095: 2891 2879 2904) (1348.63 s)
>> 1149 (5198: 2744 2794 2819) (1311.17 s)
>> 1146 (5551: 24076 24042 24019) (1349.61 s)
>> 1145 (3374: 908 1044 914) (1330.57 s)
>> 1142 (3812: 1653 1785 1677) (1356.23 s)
>> 1141 (22498: 2157 2271 2195) (1327.79 s)
>> 1138 (15545: 8 24532 3) (1333.03 s)
>> 1137 (12009: 1515 1586 8618) (1350.88 s)
>> 1131 (175: 183 174 117) (1324.06 s)
>> 1131 (3444: 1593 1603 1566) (1259.14 s)
>> 1130 (14434: 431 507 481) (1313.73 s)
>> 1128 (21760: 1949 2132 2019) (1305.76 s)
>> 1127 (4951: 24244 24378 24317) (1297.45 s)
>> 1126 (13861: 740 713 614) (1270.35 s)
>> 1125 (18835: 372 391 378) (1297.06 s)
>> 1124 (19280: 1678 1806 1789) (1295.73 s)
>> 1122 (13570: 810 800 755) (1291.95 s)
>> 1121 (3706: 24262 24294 24275) (1270.47 s)
>> 1118 (9062: 304 290 281) (1286.59 s)
>> 1117 (14628: 429 503 382) (1292.66 s)
>> 1116 (2972: 2811 2790 2791) (1284.57 s)
>> 1113 (10120: 2491 2468 2473) (1260.48 s)
>> 1106 (16482: 24086 24092 24074) (1279.63 s)
>> 1097 (2406: 2412 2433 2404) (1279.26 s)
>> 1097 (12732: 1181 7780 1083) (1291.99 s)
>> 1093 (8870: 754 686 617) (1233.12 s)
>> 1091 (8342: 11230 1859 1827) (1304.33 s)
>> 1085 (13011: 998 1078 966) (1290.43 s)
>> 1085 (15516: 24447 24508 25) (1287.69 s)
>> 1077 (21650: 24419 24428 24405) (1264.05 s)
>> 1076 (13101: 946 882 1091) (1276.46 s)
>> 1076 (14596: 394 17876 14745) (1262.65 s)
>> 1164 (5766: 584 430 394) (1256.79 s)
>> 1075 (11893: 1599 1541 1510) (1214.68 s)
>> 1075 (15409: 24513 122 61) (1251.51 s)
>> 1075 (15582: 24485 24461 10) (1264.18 s)
>> 1075 (19499: 1783 1870 1682) (1272.48 s)
>> 1073 (19774: 24518 81 24510) (1246.61 s)
>> 1070 (11176: 1893 1615 1897) (1270.13 s)
>> 1068 (21821: 1509 1593 1395) (1268.92 s)
>> 1064 (9494: 2901 2855 2907) (1268.1 s)
>> 1063 (19714: 2191 2221 2141) (1211.35 s)
>> 1058 (20692: 15030 15165 166) (1242 s)
>> 1057 (18127: 1072 1336 1135) (1262.56 s)
>> 1054 (16980: 333 409 335) (1250.29 s)
>> 1049 (20645: 1847 1774 1672) (1229.94 s)
>> 1041 (5686: 23962 23959 23954) (1235.08 s)
>> 1040 (16462: 24125 24097 24093) (1248.12 s)
>> 1039 (10212: 2442 2470 2398) (1251.89 s)
>> 1032 (9607: 2781 2799 2777) (1255.1 s)
>> 1030 (15282: 69 24485 120) (1388.2 s)
>> 1029 (2484: 2498 2471 2483) (1318.45 s)
>> 1029 (15655: 24467 24501 24412) (1239.83 s)
>> 1027 (14838: 311 369 300) (1203.22 s)
>> 1027 (14969: 288 297 277) (1222.36 s)
>> 1026 (18396: 19623 1834 1688) (1217.39 s)
>> 1026 (21914: 24087 21434 24123) (1213.77 s)
>> 1016 (5427: 121 60 19) (1162.59 s)
>> 1010 (14996: 153 15555 15030) (1198.07 s)
>> 1008 (12878: 1045 1161 983) (1191.35 s)
>> 1002 (19675: 148 212 195) (1194.8 s)
>> 1001 (4382: 24375 24408 24264) (1171.34 s)
>> 1001 (13149: 754 856 811) (1190.46 s)
>> 1001 (20306: 1227 12012 1343) (1198.96 s)
>> 999 (14432: 483 457 448) (1178.54 s)
>> 996 (4649: 24167 24246 24166) (1143.66 s)
>> 996 (11369: 1779 1811 1788) (1174.96 s)
>> 996 (13086: 719 13143 921) (1184.64 s)
>> 996 (22790: 645 718 14582) (1187.6 s)
>> 995 (8419: 1723 1767 1728) (1193.61 s)
>> 995 (18723: 2282 6362 2514) (1223.29 s)
>> 992 (10357: 2296 2373 2328) (1221.78 s)
>> 989 (18804: 24231 24262 24208) (1206.81 s)
>> 985 (18827: 2812 2786 2805) (1123.83 s)
>> 983 (22341: 2679 2687 2672) (1099.03 s)
>> 979 (11690: 1720 1726 1577) (1072.36 s)
>> 978 (5628: 2324 10373 2371) (1062.05 s)
>> 976 (14607: 440 1263 427) (1042.41 s)
>> 976 (22453: 2892 2903 2919) (1064.66 s)
>> 1135 (20636: 2892 2922 2931) (1054.61 s)
>> 973 (15691: 24438 24473 24451) (1075.19 s)
>> 972 (16093: 24296 24311 24292) (1058.39 s)
>> 968 (4486: 24058 24129 24076) (1056.72 s)
>> 966 (15668: 24481 24476 24470) (1297.3 s)
>> 964 (17946: 2616 2622 2645) (1338.27 s)
>> 962 (17976: 1170 1090 1057) (1283.59 s)
>> 960 (15625: 24518 24498 24495) (1321.78 s)
>> 959 (3467: 23927 23919 23910) (1327.71 s)
>> 959 (11621: 1707 1747 1746) (1406.21 s)
>> 955 (5573: 24021 5598 24033) (1122.32 s)
>> 953 (12058: 1445 1511 1365) (1132 s)
>> 946 (12171: 1366 1375 1292) (1134.77 s)
>> 944 (11010: 1985 1994 1920) (1125.13 s)
>> 942 (20585: 1272 1350 1276) (1250.88 s)
>> 940 (5860: 24021 16614 24055) (1156.48 s)
>> 937 (10929: 1984 2086 2051) (1241.65 s)
>> 936 (15474: 24521 24539 24457) (1138.73 s)
>> 934 (13252: 860 892 875) (1106.48 s)
>> 929 (5039: 23902 23888 23878) (1132.94 s)
>> 924 (8805: 870 871 867) (1122.4 s)
>> 923 (17123: 1105 1106 1067) (1105.29 s)
>> 922 (15800: 24400 24425 24356) (1077.38 s)
>> 916 (13039: 926 6836 963) (1098.73 s)
>> 914 (10480: 2281 2268 2387) (1094.85 s)
>> 910 (9479: 2880 2901 2913) (1091.83 s)
>> 908 (6067: 10455 5591 2314) (1037.83 s)
>> 907 (4938: 866 885 657) (1087.72 s)
>> 907 (9015: 320 371 304) (1090.66 s)
>> 906 (3381: 2752 2744 2749) (1086.13 s)
>> 903 (5780: 2841 2880 2833) (1058.01 s)
>> 903 (14756: 385 368 332) (1081.97 s)
>> 900 (11724: 1667 1645 1583) (1089.78 s)
>> 894 (9372: 23902 23917 23909) (1077.11 s)
>> 880 (1393: 1489 1392 1328) (1270.65 s)
>> 875 (9854: 2646 2644 2636) (920.108 s)
>> 875 (16004: 24308 24346 24329) (893.366 s)
>> 873 (18307: 14552 249 19192) (916.02 s)
>> 864 (12274: 7667 1407 1290) (869.735 s)
>> 863 (10695: 2130 2150 2104) (912.993 s)
>> 860 (11215: 1867 1901 1825) (885.347 s)
>> 858 (16317: 24204 24325 24150) (907.055 s)
>> 857 (111: 147 66 109) (847.631 s)
>> 857 (22636: 2165 2205 2125) (903.685 s)
>> 1014 (6420: 2194 2282 2165) (880.539 s)
>> 853 (10081: 2476 2505 2492) (901.978 s)
>> 850 (10715: 2149 2174 2113) (857.102 s)
>> 848 (19354: 2854 2891 2849) (899.38 s)
>> 847 (5131: 2713 2702 2692) (872.827 s)
>> 843 (7233: 1492 1621 1611) (896.128 s)
>> 839 (15088: 233 269 234) (839.309 s)
>> 839 (16012: 24332 24336 24231) (894.042 s)
>> 926 (4637: 24416 24389 24332) (866.783 s)
>> 837 (4777: 24535 56 27) (889.244 s)
>> 834 (22482: 1153 1047 1051) (844.99 s)
>> 832 (8905: 8914 706 14179) (886.332 s)
>> 827 (13956: 14067 685 649) (861.989 s)
>> 818 (13945: 643 866 654) (881.823 s)
>> 818 (21926: 1907 1936 1805) (824.301 s)
>> 817 (1372: 7660 1425 1371) (879.347 s)
>> 817 (22697: 2097 2074 1887) (853.521 s)
>> 815 (14104: 526 528 525) (874.562 s)
>> 814 (19460: 24481 24484 8) (831.173 s)
>> 813 (10797: 2168 2115 2067) (872.131 s)
>> 813 (19181: 701 808 557) (847.259 s)
>> 812 (937: 13066 846 936) (868.984 s)
>> 810 (3369: 2523 2533 2519) (819.158 s)
>> 805 (16164: 24269 24308 24272) (865.291 s)
>> 803 (17553: 2798 2796 2812) (841.025 s)
>> 802 (12164: 1358 1893 1346) (862.506 s)
>> 801 (2578: 2547 2599 2577) (818.244 s)
>> 1305 (3608: 2568 2548 2547) (858.504 s)
>> 801 (10333: 2338 2351 2340) (831.984 s)
>> 801 (16581: 24087 24044 24021) (853.22 s)
>> 800 (8891: 750 703 698) (796.824 s)
>> 798 (11431: 1778 1786 1787) (850.154 s)
>> 798 (16429: 24122 24204 24136) (826.111 s)
>> 798 (18188: 2451 2491 2403) (848.113 s)
>> 796 (11322: 1857 1904 1851) (804.812 s)
>> 794 (5871: 4997 24114 24110) (843.499 s)
>> 793 (4953: 1908 1863 1847) (819.361 s)
>> 793 (14685: 363 14667 340) (840.922 s)
>> 792 (6813: 1855 1970 1883) (787.595 s)
>> 790 (9219: 24151 24146 24134) (837.428 s)
>> 786 (15340: 15339 24467 153) (812.745 s)
>> 784 (23066: 2814 2823 2829) (835.109 s)
>> 782 (21039: 147 161 143) (792.886 s)
>> 777 (11015: 1976 1987 1952) (830.241 s)
>> 771 (10134: 2439 2456 2415) (808.329 s)
>> 771 (18416: 24278 24295 24238) (828.829 s)
>> 771 (20194: 9704 2679 2734) (773.612 s)
>> 770 (16318: 24188 24198 24196) (824.659 s)
>> 837 (17678: 24188 24278 24248) (802.735 s)
>> 766 (7666: 1291 1362 1217) (823.507 s)
>> 765 (16077: 24327 24321 24316) (780.426 s)
>> 764 (16206: 24261 24305 24286) (818.361 s)
>> 764 (19540: 1716 1725 1669) (795.097 s)
>> 762 (7209: 1639 1602 1553) (815.442 s)
>> 761 (8020: 2478 2447 2296) (769.798 s)
>> 760 (8866: 793 678 537) (810.501 s)
>> 757 (15698: 24477 24524 24471) (788.563 s)
>> 755 (5940: 1509 12047 1633) (808.178 s)
>> 753 (15960: 24349 24359 24355) (768.154 s)
>> 752 (11694: 1783 1687 1624) (803.079 s)
>> 750 (10983: 1946 2016 2031) (781.531 s)
>> 748 (16530: 24079 24084 24075) (800.658 s)
>> 748 (23737: 121 108 98) (749.318 s)
>> 746 (14627: 432 398 311) (798.571 s)
>> 746 (19890: 960 926 349) (791.38 s)
>> 745 (12867: 1029 12294 923) (901.148 s)
>> 743 (17903: 2737 2753 2733) (765.315 s)
>> 742 (16180: 24282 24312 24289) (809.221 s)
>> 846 (17676: 24282 24259 24254) (798.939 s)
>> 738 (5716: 23928 23938 23925) (831.634 s)
>> 735 (9011: 320 396 402) (769.259 s)
>> 729 (819: 785 767 817) (782.328 s)
>> 729 (9130: 9111 24535 33) (749.949 s)
>> 729 (10428: 2305 2294 2289) (800.339 s)
>> 950 (6432: 2121 2305 2182) (762.214 s)
>> 726 (11985: 1512 1571 1493) (754.448 s)
>> 725 (9125: 24430 15436 91) (747.891 s)
>> 718 (17189: 2157 2324 2318) (769.031 s)
>> 716 (6233: 2504 2516 2503) (709.338 s)
>> 714 (2209: 2191 2253 2207) (774.49 s)
>> 713 (10597: 2193 2229 2149) (832.689 s)
>> 713 (20244: 2194 2522 2510) (781.772 s)
>> 802 (17138: 2523 2515 2194) (737.228 s)
>> 711 (14789: 14788 305 258) (793.494 s)
>> 708 (21042: 2058 2193 2073) (796.459 s)
>> 707 (12644: 1133 1188 1158) (820.914 s)
>> 706 (14298: 429 756 558) (766.171 s)
>> 706 (19311: 24098 4997 24079) (814.408 s)
>> 703 (8390: 1736 1778 1752) (787.273 s)
>> 701 (11029: 1983 10974 1939) (811.861 s)
>> 699 (6136: 1935 1979 1946) (770.224 s)
>> 699 (11022: 1977 11113 1984) (812.526 s)
>> 699 (19899: 24222 24207 24203) (786.144 s)
>> 698 (13340: 823 855 793) (810.589 s)
>> 697 (15585: 15339 24529 24448) (750.706 s)
>> 695 (2889: 2881 2888 2841) (807.787 s)
>> 695 (16868: 23942 5884 23935) (784.184 s)
>> 695 (22420: 1727 1797 1735) (805.346 s)
>> 691 (8637: 1197 1280 1179) (760.9 s)
>> 690 (10144: 6281 2453 2427) (801.741 s)
>> 689 (4322: 9969 9999 2524) (777.272 s)
>> 689 (20167: 2939 2892 2941) (801.102 s)
>> 687 (12997: 1017 1039 1014) (743.857 s)
>> 686 (12485: 1176 1341 1249) (797.258 s)
>> 683 (8644: 1155 1260 1099) (771.572 s)
>> 683 (17229: 83 24522 74) (792.452 s)
>> 682 (15990: 24357 24366 24296) (736.396 s)
>> 682 (21327: 443 440 357) (735.853 s)
>> 680 (3339: 1068 1366 1035) (696.03 s)
>> 676 (18761: 235 288 262) (677.936 s)
>> 674 (12729: 1177 1257 1114) (698.629 s)
>> 674 (13016: 964 1068 749) (793.495 s)
>> 673 (6748: 1958 1921 1899) (844.455 s)
>> 670 (3693: 11 24537 44) (923.108 s)
>> 670 (8494: 1526 1525 1410) (755.731 s)
>> 667 (5818: 2673 2639 2677) (808.929 s)
>> 757 (5833: 2673 2632 2646) (820.298 s)
>> 666 (15132: 15131 146 168) (841.256 s)
>> 665 (295: 310 333 294) (757.409 s)
>> 664 (7966: 2590 2602 2572) (824.679 s)
>> 661 (15269: 150 157 209) (818.317 s)
>> 661 (19758: 1942 2062 2040) (841.762 s)
>> 659 (13608: 13604 820 748) (799.474 s)
>> 659 (14230: 587 14583 544) (883.264 s)
>> 658 (14163: 548 527 458) (898.713 s)
>> 654 (2107: 2088 2148 2106) (792.723 s)
>> 654 (20344: 1713 1724 1531) (718.925 s)
>> 652 (7276: 1596 1608 1551) (840.622 s)
>> 652 (11361: 1754 1807 1718) (806.326 s)
>> 647 (15494: 7 121 24530) (837.85 s)
>> 644 (14635: 384 446 411) (757.72 s)
>> 641 (4821: 1226 1216 1137) (805.07 s)
>> 928 (7752: 908 1226 1148) (805.09 s)
>> 637 (17374: 2669 9704 2712) (832.617 s)
>> 676 (17358: 2711 2669 2693) (752.667 s)
>> 637 (20494: 2526 2537 2518) (859.91 s)
>> 636 (17624: 24199 24239 24175) (794.08 s)
>> 634 (17871: 11942 1435 1342) (823.679 s)
>> 633 (9566: 2828 2826 2814) (766.521 s)
>> 633 (15576: 24519 24528 7) (829.08 s)
>> 632 (7718: 1080 1244 719) (798.667 s)
>> 632 (15909: 24390 24381 24337) (774.929 s)
>> 631 (23776: 24171 24253 24190) (713.548 s)
>> 629 (18509: 24118 24112 24106) (813.736 s)
>> 629 (21478: 24486 24480 24434) (789.983 s)
>> 627 (2261: 2251 2260 2201) (823.171 s)
>> 627 (4723: 24511 147 15187) (744.815 s)
>> 627 (13929: 625 628 574) (806.968 s)
>> 627 (23489: 24341 24377 24334) (750.079 s)
>> 625 (15746: 69 24454 24415) (775.099 s)
>> 622 (5435: 2502 10063 2500) (692.636 s)
>> 617 (23275: 1066 1173 1022) (750.109 s)
>> 616 (7638: 1373 1315 1258) (722.474 s)
>> 616 (11806: 1642 1678 1580) (774.814 s)
>> 615 (16167: 24252 24489 24180) (633.019 s)
>> 614 (9404: 23889 23881 23877) (634.083 s)
>> 613 (6815: 1178 8597 1247) (609.078 s)
>> 612 (16758: 23990 23981 23980) (740.396 s)
>> 611 (8083: 2298 2279 2263) (705.235 s)
>> 606 (5584: 24024 24020 23979) (790.329 s)
>> 606 (23826: 2854 2878 2923) (750.254 s)
>> 602 (7205: 1658 1640 1570) (814.979 s)
>> 602 (7505: 1389 1476 1423) (753.861 s)
>> 598 (11650: 1616 1617 1489) (824.156 s)
>> 598 (13193: 803 908 842) (747.015 s)
>> 595 (14533: 460 466 403) (756.293 s)
>> 593 (13431: 792 870 807) (663.893 s)
>> 591 (6940: 1841 11313 1759) (714.968 s)
>> 590 (3739: 1003 1066 1030) (690.881 s)
>> 590 (13069: 785 864 1160) (713.281 s)
>> 586 (21037: 888 13320 910) (666.285 s)
>> 585 (8040: 2452 2461 2418) (754.194 s)
>> 584 (6143: 23884 23896 23886) (726.013 s)
>> 583 (18609: 1975 2037 2000) (762.626 s)
>> 582 (5284: 533 763 562) (671.776 s)
>> 582 (5558: 2370 2360 2355) (748.641 s)
>> 582 (8481: 1562 1591 1559) (719.173 s)
>> 582 (13964: 549 587 633) (745.329 s)
>> 581 (6286: 2423 2523 2449) (689.101 s)
>> 581 (9177: 24369 24419 24362) (748.598 s)
>> 580 (17016: 1171 1199 1147) (733.849 s)
>> 578 (22801: 1242 1204 1074) (763.676 s)
>> 576 (15356: 93 88 80) (678.279 s)
>> 575 (7462: 1599 12227 1456) (752.069 s)
>> 573 (9845: 5829 2673 2654) (721.707 s)
>> 571 (4828: 1227 6737 1245) (739.298 s)
>> 571 (16398: 24145 24155 24149) (674.48 s)
>> 570 (5395: 2339 2317 2121) (747.307 s)
>> 567 (8815: 771 759 766) (709.095 s)
>> 565 (6312: 2478 2206 2273) (746.481 s)
>> 565 (14177: 570 551 679) (660.612 s)
>> 564 (7971: 2576 2565 2542) (750.276 s)
>> 561 (23027: 570 695 635) (698.075 s)
>> 560 (7033: 1773 7016 1723) (732.269 s)
>> 557 (1056: 998 1100 1053) (666.963 s)
>> 554 (10760: 2110 2156 2112) (679.45 s)
>> 554 (10866: 2063 2088 2066) (638.405 s)
>> 554 (18972: 21510 1092 1121) (656.887 s)
>> 553 (14317: 8914 934 547) (603.849 s)
>> 553 (18791: 1910 1845 1821) (655.554 s)
>> 548 (15285: 24513 94 184) (637.814 s)
>> 547 (20487: 24423 24439 24398) (654.401 s)
>> 545 (21034: 1406 1439 1333) (615.443 s)
>> 543 (12868: 6889 1176 1015) (654.288 s)
>> 543 (16381: 24124 24201 24167) (631.618 s)
>> 538 (4339: 23934 23943 23936) (648.021 s)
>> 538 (15120: 211 261 127) (595.338 s)
>> 537 (5722: 24504 23196 24252) (648.723 s)
>> 536 (4496: 12652 11942 1196) (664.103 s)
>> 688 (1117: 1096 12652 1116) (693.387 s)
>> 536 (6565: 2123 1983 2069) (646.696 s)
>> 718 (5231: 2123 2126 2015) (684.412 s)
>> 536 (14493: 494 509 309) (653.02 s)
>> 536 (16833: 23951 5709 23955) (680.555 s)
>> 535 (20241: 24509 24493 24481) (620.232 s)
>> 533 (5599: 24087 24018 24003) (679.158 s)
>> 533 (15214: 163 170 160) (656.61 s)
>> 532 (3838: 23893 16917 5879) (673.524 s)
>> 526 (12490: 1208 803 1203) (691.58 s)
>> 523 (14984: 274 21248 162) (711.65 s)
>> 520 (7981: 2560 2568 2557) (647.949 s)
>> 519 (6145: 23873 24556 23882) (691.45 s)
>> 518 (19873: 2942 2944 2943) (668.009 s)
>> 517 (4292: 24154 17815 24124) (695.161 s)
>> 517 (11693: 1623 1632 1448) (639.919 s)
>> 514 (902: 942 901 839) (660.141 s)
>> 514 (11884: 1612 11926 1512) (664.676 s)
>> 513 (4508: 14 24509 37) (612.887 s)
>> 513 (12106: 7520 1446 1373) (590.903 s)
>> 512 (15059: 236 24513 280) (610.81 s)
>> 511 (12911: 1097 20969 1096) (562.407 s)
>> 511 (15862: 24420 24413 24351) (604.951 s)
>> 511 (19395: 1538 1595 1434) (589.205 s)
>> 626 (7150: 1730 1694 1538) (603.262 s)
>> 506 (11962: 1545 1713 1547) (570.583 s)
>> 505 (8381: 1777 1873 1849) (664.217 s)
>> 505 (12159: 1453 1545 1408) (584.363 s)
>> 501 (13113: 943 904 1080) (598.343 s)
>> 501 (23109: 680 675 582) (550.731 s)
>> 500 (11163: 6773 2046 1908) (593.221 s)
>> 499 (12157: 1412 1460 1272) (576.817 s)
>> 498 (18895: 24460 24468 24442) (590.709 s)
>> 495 (9622: 2780 2801 2735) (561.961 s)
>> 494 (11530: 1680 1736 1650) (589.294 s)
>> 494 (15640: 24536 24507 24492) (572.271 s)
>> 493 (6381: 2250 10182 2157) (591.586 s)
>> 484 (10651: 2251 2178 2142) (570.783 s)
>> 483 (9148: 24523 9111 24525) (682.109 s)
>> 482 (5650: 2269 2300 2058) (624.766 s)
>> 481 (15300: 150 156 90) (650.23 s)
>> 478 (10050: 2517 2526 2476) (591.806 s)
>> 563 (10095: 6281 5539 2517) (687.842 s)
>> 478 (21969: 29 21 24490) (590.667 s)
>> 477 (13886: 681 972 734) (610.915 s)
>> 848 (608: 681 606 461) (552.344 s)
>> 476 (12441: 1326 1310 947) (606.033 s)
>> 475 (3362: 358 380 287) (587.271 s)
>> 472 (11110: 1964 1978 1949) (697.61 s)
>> 472 (15242: 133 188 69) (591.633 s)
>> 466 (7580: 1415 1359 1301) (606.369 s)
>> 465 (9120: 24472 24521 24375) (580.787 s)
>> 460 (11730: 1614 1585 1562) (610.538 s)
>> 458 (10375: 2342 2423 2297) (548.648 s)
>> 457 (12084: 1414 1623 1314) (603.333 s)
>> 456 (20906: 682 566 601) (575.99 s)
>> 451 (11502: 1704 1706 1689) (593.578 s)
>> 450 (7807: 1242 1048 1003) (540.797 s)
>> 449 (17407: 323 223 356) (591.572 s)
>> 448 (16961: 24551 24550 24548) (576.016 s)
>> 446 (5559: 2370 2414 2374) (716.242 s)
>> 446 (10493: 6348 2225 2256) (624.407 s)
>> 445 (11358: 1888 1846 1844) (722.581 s)
>> 445 (20159: 3660 2663 2618) (677.927 s)
>> 444 (15005: 236 310 244) (722.475 s)
>> 442 (8152: 2085 2110 1912) (734.248 s)
>> 442 (13421: 798 888 805) (721.63 s)
>> 441 (8185: 1996 2014 1981) (674.913 s)
>> 441 (10475: 6347 2342 2224) (612.383 s)
>> 439 (11112: 1969 1957 1941) (527.749 s)
>> 851 (3946: 2081 2041 1969) (567.025 s)
>> 439 (18602: 2711 5116 2714) (546.563 s)
>> 436 (18135: 257 225 148) (563.554 s)
>> 433 (12026: 1474 1561 1291) (615.751 s)
>> 433 (14118: 578 639 506) (681.829 s)
>> 430 (6393: 2270 2478 2218) (604.618 s)
>> 430 (12141: 1516 1470 1072) (555.619 s)
>> 429 (14534: 423 645 363) (512.425 s)
>> 426 (11374: 1836 23597 1727) (529.088 s)
>> 424 (15143: 15142 24472 136) (632.343 s)
>> 424 (21541: 2626 2649 2616) (624.347 s)
>> 422 (13380: 827 893 876) (572.991 s)
>> 422 (21310: 1649 1652 4316) (542.701 s)
>> 420 (13551: 787 919 712) (586.124 s)
>> 420 (19706: 24280 24328 24306) (545.364 s)
>> 414 (23577: 1398 1612 1303) (510.375 s)
>> 412 (10386: 2334 6034 2280) (569.335 s)
>> 410 (13753: 778 740 750) (520.073 s)
>> 408 (19242: 24261 24224 24222) (575.529 s)
>> 406 (15162: 15164 15035 208) (607.012 s)
>> 405 (1238: 1195 1264 1235) (691.773 s)
>> 403 (12136: 1420 1495 1461) (654.093 s)
>> 403 (13555: 758 1326 504) (695.502 s)
>> 403 (16344: 24170 24169 24152) (603.379 s)
>> 399 (4996: 24058 24199 24143) (675.028 s)
>> 397 (5324: 23900 23905 23899) (504.882 s)
>> 395 (7721: 1214 1195 1516) (519.934 s)
>> 394 (13971: 615 771 494) (490.006 s)
>> 393 (11936: 1584 1574 1532) (516.37 s)
>> 393 (14055: 567 542 538) (503.438 s)
>> 393 (21491: 1432 1520 1398) (513.554 s)
>> 392 (20002: 1324 1433 1269) (480.139 s)
>> 391 (11294: 1848 19623 1764) (511.721 s)
>> 391 (15890: 24350 24420 24403) (496.975 s)
>> 389 (10676: 2155 2175 2123) (508.263 s)
>> 387 (23841: 23762 2339 2292) (481.805 s)
>> 385 (6138: 24255 24260 24058) (504.19 s)
>> 383 (16011: 24348 24350 24290) (489.692 s)
>> 382 (11921: 1513 1494 1097) (504.869 s)
>> 382 (14659: 383 483 385) (467.361 s)
>> 380 (7868: 758 1064 996) (501.024 s)
>> 377 (12722: 1242 1013 993) (485.244 s)
>> 376 (5052: 23868 24553 23873) (496.476 s)
>> 376 (11858: 1575 1680 1638) (468.648 s)
>> 374 (6261: 2412 2463 2395) (493.094 s)
>> 374 (10677: 2130 10601 2158) (480.566 s)
>> 374 (12015: 1517 1783 1515) (490.578 s)
>> 371 (14649: 401 681 358) (455.42 s)
>> 366 (8928: 643 672 652) (487.87 s)
>> 365 (1418: 1432 964 1417) (475.062 s)
>> 363 (4650: 724 826 787) (487.737 s)
>> 361 (8217: 1988 1995 1973) (463.412 s)
>> 359 (12616: 1183 1154 1171) (489.831 s)
>> 355 (9394: 23895 23900 23891) (452.238 s)
>> 353 (11927: 20533 1519 1197) (460.335 s)
>> 352 (11338: 1857 1800 1716) (450.829 s)
>> 352 (15413: 93 24538 73) (532.167 s)
>> 352 (22360: 24459 24486 24453) (560.141 s)
>> 351 (10408: 2309 2338 2168) (588.788 s)
>> 350 (16015: 24344 24422 23866) (538.023 s)
>> 346 (9571: 2828 2827 2824) (452.929 s)
>> 345 (14725: 395 460 383) (485.806 s)
>> 344 (6169: 2781 2821 2813) (578.679 s)
>> 338 (6289: 2411 2400 2365) (458.641 s)
>> 338 (7125: 1711 1681 1509) (549.051 s)
>> 338 (18541: 1910 1378 1347) (548.839 s)
>> 334 (7239: 1610 1658 1614) (486.703 s)
>> 334 (12651: 1162 1167 1323) (493.316 s)
>> 333 (3461: 183 618 319) (510.602 s)
>> 333 (11766: 1711 1779 1492) (530.241 s)
>> 332 (8734: 1032 1036 1033) (525.778 s)
>> 332 (11228: 1882 1915 1889) (472.811 s)
>> 331 (6599: 2049 2077 2081) (508.816 s)
>> 330 (12306: 1355 1599 1332) (445.737 s)
>> 330 (13661: 702 13927 615) (452.353 s)
>> 330 (20460: 567 13911 745) (432.483 s)
>> 327 (12665: 1063 1414 1059) (474.555 s)
>> 321 (15925: 24348 24386 24357) (467.927 s)
>> 318 (13187: 1208 841 834) (603.805 s)
>> 318 (13558: 783 13511 1208) (467.542 s)
>> 317 (11948: 7440 1527 1412) (586.435 s)
>> 313 (6390: 2227 6348 2155) (585.203 s)
>> 313 (21226: 24297 24372 24313) (612.229 s)
>> 311 (12592: 1183 943 1289) (425.112 s)
>> 310 (6734: 1194 1228 1227) (433.381 s)
>> 309 (17492: 569 629 395) (430.017 s)
>> 309 (18931: 479 905 415) (464.814 s)
>> 308 (14314: 523 14269 486) (412.094 s)
>> 307 (6427: 2192 2210 2151) (437.359 s)
>> 307 (15868: 24393 24438 24348) (430.387 s)
>> 304 (14045: 616 13749 673) (446.693 s)
>> 304 (19163: 24374 24440 24349) (460.893 s)
>> 298 (10330: 2347 2326 2250) (428.194 s)
>> 342 (6011: 2412 2401 2347) (428.702 s)
>> 297 (2846: 2847 2843 2837) (425.887 s)
>> 297 (8821: 765 854 702) (404.495 s)
>> 296 (15614: 24500 12 133) (420.767 s)
>> 293 (6192: 1737 1720 1667) (414.612 s)
>> 288 (22317: 24347 24360 24354) (420.331 s)
>> 287 (10685: 2166 2144 2133) (404.294 s)
>> 285 (13021: 7853 971 980) (412.593 s)
>> 283 (6332: 2267 2285 2257) (390.004 s)
>> 283 (6830: 1872 1856 1711) (396.542 s)
>> 281 (6682: 1993 1966 1773) (380.274 s)
>> 279 (16436: 24098 24144 24126) (394.537 s)
>> 278 (20223: 24088 24102 24086) (389.537 s)
>> 277 (11953: 1528 7520 1552) (408.903 s)
>> 275 (8512: 6796 1381 1380) (402.976 s)
>> 275 (11580: 1699 1777 1737) (409.113 s)
>> 274 (9682: 2748 2781 2754) (400.595 s)
>> 274 (13322: 13146 7777 881) (409.599 s)
>> 273 (10175: 2422 2452 2411) (398.187 s)
>> 273 (12881: 7853 12887 999) (485.544 s)
>> 272 (5585: 2362 2377 2270) (538.178 s)
>> 271 (11994: 1537 4072 1475) (400.663 s)
>> 270 (8181: 1964 2097 2034) (386.042 s)
>> 269 (12504: 1133 1313 1252) (398.877 s)
>> 267 (19137: 1699 1679 1453) (392.603 s)
>> 266 (17352: 2335 2372 1903) (444.875 s)
>> 265 (14356: 499 14330 569) (502.174 s)
>> 264 (10853: 2076 1935 2049) (561.841 s)
>> 263 (7500: 1428 11987 1513) (511.384 s)
>> 261 (13357: 778 880 830) (488.417 s)
>> 258 (21961: 22033 210 221) (374.807 s)
>> 255 (14210: 589 549 545) (380.838 s)
>> 254 (7447: 1472 1649 1367) (365.737 s)
>> 251 (5257: 2560 6347 2583) (369.355 s)
>> 250 (6959: 1840 1829 1738) (360.825 s)
>> 250 (7677: 1282 1284 1206) (379.397 s)
>> 249 (21597: 24416 24192 24171) (373.772 s)
>> 248 (14977: 271 302 236) (378.646 s)
>> 245 (22532: 791 423 920) (369.849 s)
>> 243 (11287: 1835 1964 1770) (379.9 s)
>> 243 (14253: 431 670 472) (369.749 s)
>> 239 (10087: 2504 5979 2488) (374.787 s)
>> 239 (14660: 372 400 426) (360.043 s)
>> 236 (4656: 132 178 99) (373.792 s)
>> 231 (20978: 14067 543 720) (365.66 s)
>> 228 (14199: 320 754 533) (370.773 s)
>> 226 (4855: 1085 1390 1111) (358.186 s)
>> 225 (7485: 1910 7660 1438) (366.402 s)
>> 225 (14497: 487 765 485) (361.266 s)
>> 224 (7177: 1526 1710 1663) (363.896 s)
>> 224 (11018: 1855 2050 1999) (351.515 s)
>> 223 (16217: 23860 24273 24237) (366.73 s)
>> 221 (15513: 24494 24519 24393) (361.342 s)
>> 211 (10070: 2504 2454 2521) (360.8 s)
>> 210 (11878: 1432 1630 1479) (348.624 s)
>> 209 (9767: 2711 5122 2715) (356.761 s)
>> 208 (16162: 24280 24287 24279) (351.816 s)
>> 203 (20177: 1299 1322 1281) (354.778 s)
>> 324 (12436: 1275 1299 1045) (341.52 s)
>> 198 (6510: 2105 2154 2036) (352.544 s)
>> 198 (12189: 1194 1569 1404) (348.301 s)
>> 197 (13107: 13156 1029 804) (349.719 s)
>> 197 (21507: 20 18704 24456) (340.892 s)
>> 194 (20444: 1839 1841 1804) (346.818 s)
>> 191 (16201: 24277 24494 24276) (342.26 s)
>> 189 (6564: 2053 2309 2071) (345.258 s)
>> 186 (9781: 2626 2722 2704) (352.308 s)
>> 183 (13889: 707 777 431) (355.106 s)
>> 182 (3286: 24135 24153 24088) (339.283 s)
>> 182 (8263: 11035 1977 1954) (340.647 s)
>> 181 (9705: 2737 2748 2711) (331.109 s)
>> 177 (16239: 24249 24282 24219) (337.081 s)
>> 173 (18015: 2450 2281 2498) (333.092 s)
>> 170 (15168: 198 197 163) (334.788 s)
>> 169 (4782: 23947 23934 23933) (327.917 s)
>> 167 (1131: 1077 1411 1129) (335.048 s)
>> 166 (10252: 2362 6281 2366) (329.909 s)
>> 161 (16225: 24249 24267 23862) (332.61 s)
>> 160 (7991: 2560 2539 2534) (325.763 s)
>> 159 (6531: 2092 10746 2227) (330.993 s)
>> 159 (12864: 1071 1183 1079) (325.797 s)
>> 159 (14204: 590 589 14193) (328.152 s)
>> 158 (12646: 12647 443 1119) (318.798 s)
>> 158 (13833: 644 671 643) (325.286 s)
>> 158 (14899: 317 301 241) (323.069 s)
>> 156 (10064: 2512 2560 2497) (324.784 s)
>> 141 (15216: 183 15131 151) (318.392 s)
>> 141 (16687: 5626 24557 24013) (322.357 s)
>> 138 (11390: 1843 11627 1985) (319.74 s)
>> 136 (7065: 1799 1839 1699) (321.376 s)
>> 133 (5298: 11957 1468 1337) (311.872 s)
>> 255 (7327: 1474 11957 1572) (319.014 s)
>> 133 (14116: 578 778 630) (318.357 s)
>> 133 (20793: 2412 2512 2177) (318.683 s)
>> 130 (23376: 961 973 13144) (313.003 s)
>> 127 (12386: 7667 1242 1230) (316.741 s)
>> 123 (21676: 3660 22968 9969) (311.797 s)
>> 123 (23021: 716 13478 625) (313.38 s)
>> 121 (6326: 2293 2370 2092) (305.079 s)
>> 118 (6761: 1914 2076 1890) (314.099 s)
>> 118 (16972: 24546 24545 23868) (310.648 s)
>> 117 (4274: 23928 23940 23932) (312.004 s)
>> 115 (12249: 1374 1799 1335) (305.909 s)
>> 110 (13482: 809 799 783) (309.924 s)
>> 110 (21367: 186 235 150) (306.049 s)
>> 108 (11567: 1587 1842 1705) (309.018 s)
>> 107 (8574: 1349 1454 7667) (301.241 s)
>> 106 (7056: 1762 18395 1857) (306.064 s)
>> 102 (7304: 1582 7440 1581) (305.763 s)
>> 100 (838: 13146 810 836) (307.859 s)
>> 98 (5697: 23950 23977 23962) (391.009 s)
>> 98 (13747: 616 13156 741) (453.185 s)
>> 95 (11244: 1926 1958 1848) (451.304 s)
>> 95 (13792: 696 13662 567) (477.909 s)
>> 95 (15375: 14 15373 24518) (417.295 s)
>> 92 (11072: 1926 1965 2053) (389.535 s)
>> 90 (11217: 1874 11035 1852) (323.305 s)
>> 90 (17555: 570 792 770) (353.205 s)
>> 152 (13752: 764 570 757) (345.327 s)
>> 90 (22718: 124 171 15417) (335.842 s)
>> 86 (7751: 1166 7741 758) (289.038 s)
>> 85 (6502: 2108 23762 1914) (289.105 s)
>> 85 (16102: 24255 24504 24285) (283.773 s)
>> 81 (8645: 6796 1256 1181) (287.598 s)
>> 78 (15318: 271 274 164) (285.368 s)
>> 74 (7061: 1760 1872 1707) (406.186 s)
>> 74 (14490: 490 455 12647) (280.381 s)
>> 73 (5618: 2337 6080 2407) (282.988 s)
>> 84 (6356: 2272 2337 2295) (280.903 s)
>> 73 (11033: 1997 6773 1971) (281.4 s)
>> 66 (12719: 1038 1214 1063) (291.949 s)
>> 63 (17443: 23902 23914 23893) (279.796 s)
>> 62 (6874: 1754 1881 1858) (276.954 s)
>> 61 (21696: 1428 1017 1008) (277.815 s)
>> 60 (4688: 23884 23895 23858) (273.669 s)
>> 59 (11314: 1642 1974 1879) (276.213 s)
>> 58 (5235: 23999 23987 23970) (273.462 s)
>> 51 (11250: 1836 2005 1892) (274.326 s)
>> 50 (14183: 590 599 487) (268.749 s)
>> 42 (13145: 13146 961 922) (272.405 s)
>> 35 (4914: 24500 155 87) (270.647 s)
>> 34 (11776: 1596 11777 1478) (270.95 s)
>> 32 (4200: 5381 24552 23880) (268.346 s)
>> 28 (14007: 665 447 701) (269.418 s)
>> 28 (14347: 490 585 541) (267.635 s)
>> 26 (6777: 1955 1905 1867) (267.887 s)
>> 23 (10570: 6388 2267 2130) (263.085 s)
>> 21 (6177: 2737 2810 2795) (267.373 s)
>> 18 (10114: 2362 2502 2472) (264.78 s)
>> 17 (7366: 1038 1639 1535) (264.906 s)
>> 15 (6831: 1287 1174 1076) (261.601 s)
>> 11 (8794: 13312 13604 847) (263.38 s)
>> 11 (17607: 809 1140 1037) (261.401 s)
>> 1 (15998: 24333 24383 24277) (262.104 s)
>> 0 (-1: -1 -1 -1) (257.952 s)
Zelikovsky- 1.07147e+06 s
>>> get_solution
  refine_solution: new weight 789128577 (was 789150855) in 0.014557 s
  refine_solution: new weight 789127033 (was 789128577) in 0.015764 s
  refine_solution: new weight 789127033 (was 789127033) in 0.015699 s
>>> get_solution
  refine_solution: new weight 791018872 (was 791188125) in 0.014674 s
  refine_solution: new weight 790995348 (was 791018872) in 0.015776 s
  refine_solution: new weight 790991132 (was 790995348) in 0.015581 s
  refine_solution: new weight 790991132 (was 790991132) in 0.01568 s
0,,24559,36257,2950,,0,0,,791188125,790991132,789396319,789150855,789127033,,0,0,@@

  delete_edges: deleted 211 edges in 0.00862 s and 2 rounds
  handle_small_Steiner_degrees: steiner 0, suppress 343 in 0.000175 s
Starting round 1
contract_till_the_bitter_end interrupted
contract_till_the_bitter_end: 1.10874e+06 s

Calling end_heu
>>> get_solution
Saved weight 546907272
end_heu: 0 loops with 0 unique solutions in 0.003885 s

Calling print_solution
>>> get_solution
  refine_solution: new weight 791028366 (was 791188107) in 0.032909 s
Oops orig weight was 791188107 but we got 791028366
## FINAL WEIGHT 791028366
print_solution: 0.061625 s
