Version: final-94-gfffc3aa rub_all.sh: remove longest prefix
Random seed: 1558006006
Start
>>> save_orig_graph
>> Saved weight 0
Graph loaded
|V| = 19113, |E| = 35665, |R| = 53
First clearance of the input. Calling buy_zero and run_all_heuristics.
  buy_zero: 0 zero edges in 5.1e-05 s
  handle_small_terminal_degrees: terms 0 in 1.4e-05 s
  handle_small_Steiner_degrees: steiner 0, suppress 4 in 2.5e-05 s
  shortest_edge_between_terminals: 0 edges in 3e-06 s
  handle_small_terminal_degrees: terms 0 in 1.4e-05 s
  handle_small_Steiner_degrees: steiner 0, suppress 0 in 2.2e-05 s
  shortest_edge_between_terminals: 0 edges in 0 s
Compressed graph 19113 -> 19108
  delete_edges: deleted 3 edges in 0.002443 s and 1 rounds
  handle_small_terminal_degrees: terms 0 in 1.5e-05 s
  handle_small_Steiner_degrees: steiner 0, suppress 6 in 2.4e-05 s
  shortest_edge_between_terminals: 0 edges in 1e-06 s
  handle_small_terminal_degrees: terms 0 in 1.5e-05 s
  handle_small_Steiner_degrees: steiner 0, suppress 0 in 2.2e-05 s
  shortest_edge_between_terminals: 0 edges in 1e-06 s
Compressed graph 19108 -> 19102
  delete_edges_shortest_path: deleted 7 edges in 0.111293 s
  handle_small_terminal_degrees: terms 0 in 1.4e-05 s
  handle_small_Steiner_degrees: steiner 0, suppress 11 in 2.8e-05 s
  shortest_edge_between_terminals: 0 edges in 1e-06 s
  handle_small_terminal_degrees: terms 0 in 1.4e-05 s
  handle_small_Steiner_degrees: steiner 0, suppress 0 in 2.2e-05 s
  shortest_edge_between_terminals: 0 edges in 1e-06 s
Compressed graph 19102 -> 19091
  handle_small_terminal_degrees: terms 0 in 1.5e-05 s
  handle_small_Steiner_degrees: steiner 0, suppress 0 in 1.9e-05 s
  shortest_edge_between_terminals: 0 edges in 3e-06 s
Compressed graph 19091 -> 19091
  delete_edges_shortest_path: deleted 11 edges in 0.110238 s
  handle_small_terminal_degrees: terms 0 in 1.4e-05 s
  handle_small_Steiner_degrees: steiner 0, suppress 16 in 2.9e-05 s
  shortest_edge_between_terminals: 0 edges in 1e-06 s
  handle_small_terminal_degrees: terms 0 in 1.4e-05 s
  handle_small_Steiner_degrees: steiner 0, suppress 0 in 2.2e-05 s
  shortest_edge_between_terminals: 0 edges in 1e-06 s
Compressed graph 19091 -> 19075
Compressed graph 19075 -> 19075
>>> save_orig_graph
>> Saved weight 0
### ZEL_LVL=9 PRECISE_STARS=1

Calling `contract_till_the_bitter_end`
|V| = 19075, |E| = 35607, |R| = 53
>> 452 (18974: 3845 14681 3845) (0.004583 s)
>> 413 (10230: 7119 18730 7119) (0.004324 s)
>> 317 (4193: 15717 14019 15717) (0.004295 s)
>> 286 (12208: 2471 16665 2471) (0.004264 s)
>> 479 (16915: 13934 11605 13934) (0.004225 s)
>> 192 (5537: 8793 5763 8793) (0.004215 s)
>> 168 (2677: 4403 13373 4403) (0.004162 s)
>> 188 (10726: 9044 16696 9044) (0.004127 s)
>> 167 (18010: 17735 12684 17735) (0.004106 s)
>> 100 (9124: 12663 5912 12663) (0.004037 s)
>> 87 (10103: 9076 1013 9076) (0.004007 s)
>> 0 (-1: -1 -1 -1) (0.00376 s)
Zelikovsky 48.7723 s
>> 452 (18974: 13996 14681 3845) (50.2155 s)
>> 413 (10230: 6870 18730 7119) (50.6548 s)
>> 317 (4193: 1440 14019 15717) (50.9798 s)
>> 313 (14414: 15951 1440 10824) (51.2108 s)
>> 286 (12208: 16665 13127 2471) (51.4089 s)
>> 266 (12310: 9447 13996 12663) (51.4971 s)
>> 257 (12864: 8793 15951 5763) (51.7266 s)
>> 175 (16915: 13934 16665 11605) (51.7731 s)
>> 168 (2677: 13373 16696 4403) (51.9029 s)
>> 167 (18010: 12684 17365 17735) (51.9433 s)
>> 125 (17641: 8126 9447 2843) (52.0607 s)
>> 88 (12612: 8871 8793 1857) (52.2845 s)
>> 74 (10722: 14776 13131 6870) (52.5097 s)
>> 70 (10076: 6110 2250 13934) (52.8456 s)
>> 47 (1722: 14625 12684 13373) (52.8727 s)
>> 40 (16841: 5943 14625 18452) (53.0886 s)
>> 12 (16092: 2681 3616 14776) (53.2611 s)
>> 42 (12891: 9997 17903 2681) (53.6814 s)
>> 0 (-1: -1 -1 -1) (53.7524 s)
Zelikovsky- 989.729 s
>>> get_solution
  refine_solution: new weight 40669 (was 40669) in 0.003875 s
>>> get_solution
  refine_solution: new weight 42909 (was 42923) in 0.003973 s
  refine_solution: new weight 42909 (was 42909) in 0.003764 s
0,,19075,35607,53,,0,0,,42923,42909,41120,40669,40669,,0,0,@@

  delete_edges: deleted 14 edges in 0.007636 s and 3 rounds
  handle_small_Steiner_degrees: steiner 0, suppress 18 in 3.8e-05 s
Starting round 1
Found 18 isolated vertices
Invalid ratios recomputed: 19057
Best ratio is 355/2 (177.5), centered at 2535
Finding the best star... Star with 3 terminals centered in 2250
round took: 7.71474 s
|V| = 19075, |E| = 35565, |R| = 51
>> 452 (18974: 3845 14681 3845) (0.004346 s)
>> 413 (10230: 7119 18730 7119) (0.004253 s)
>> 317 (4193: 15717 14019 15717) (0.004208 s)
>> 286 (12208: 2471 16665 2471) (0.004211 s)
>> 479 (16915: 11605 13127 11605) (0.004176 s)
>> 192 (5537: 8793 5763 8793) (0.004124 s)
>> 168 (2677: 4403 13373 4403) (0.004062 s)
>> 188 (10726: 9044 16696 9044) (0.004049 s)
>> 167 (18010: 17735 12684 17735) (0.003998 s)
>> 126 (10103: 9076 1013 9076) (0.003948 s)
>> 0 (-1: -1 -1 -1) (0.003709 s)
Zelikovsky 48.6173 s
>> 452 (18974: 13996 14681 3845) (50.0035 s)
>> 413 (10230: 6870 18730 7119) (50.4377 s)
>> 317 (4193: 1440 14019 15717) (50.7557 s)
>> 313 (14414: 15951 1440 10824) (50.9311 s)
>> 286 (12208: 16665 13127 2471) (51.1315 s)
>> 266 (12310: 9447 13996 12663) (51.1973 s)
>> 257 (12864: 8793 15951 5763) (51.4434 s)
>> 175 (16915: 2250 16665 11605) (51.5353 s)
>> 168 (2677: 13373 16696 4403) (51.6373 s)
>> 167 (18010: 12684 17365 17735) (51.696 s)
>> 125 (17641: 8126 9447 2843) (51.8187 s)
>> 88 (12612: 8871 8793 1857) (52.0481 s)
>> 74 (10722: 14776 13131 6870) (52.2763 s)
>> 47 (1722: 14625 12684 13373) (52.6024 s)
>> 40 (16841: 5943 14625 18452) (52.8311 s)
>> 12 (16092: 2681 3616 14776) (52.9785 s)
>> 42 (12891: 9997 17903 2681) (53.3979 s)
>> 0 (-1: -1 -1 -1) (53.4814 s)
Zelikovsky- 932.26 s
>>> get_solution
  refine_solution: new weight 40669 (was 40669) in 0.003775 s
>>> get_solution
  refine_solution: new weight 42909 (was 42923) in 0.00406 s
  refine_solution: new weight 42909 (was 42909) in 0.003754 s
1,,19057,35565,51,,19057,0,,42923,42909,41254,40669,40669,,355,3,@@

  handle_small_Steiner_degrees: steiner 0, suppress 1 in 3e-05 s
Starting round 2
Found 27 isolated vertices
Invalid ratios recomputed: 6892
Best ratio is 220/1 (220.0), centered at 5206
Finding the best star... Star with 2 terminals centered in 5206
round took: 4.41336 s
|V| = 19075, |E| = 35560, |R| = 50
>> 452 (18974: 3845 14681 3845) (0.004303 s)
>> 413 (10230: 7119 18730 7119) (0.004231 s)
>> 317 (4193: 15717 14019 15717) (0.004176 s)
>> 286 (12208: 2471 16665 2471) (0.004169 s)
>> 479 (16915: 11605 13127 11605) (0.004133 s)
>> 192 (5537: 8793 5763 8793) (0.004082 s)
>> 168 (2677: 4403 13373 4403) (0.004035 s)
>> 188 (10726: 9044 16696 9044) (0.003999 s)
>> 167 (18010: 17735 12684 17735) (0.003967 s)
>> 126 (10103: 9076 1013 9076) (0.003906 s)
>> 0 (-1: -1 -1 -1) (0.003689 s)
Zelikovsky 48.7122 s
>> 452 (18974: 13996 14681 3845) (50.056 s)
>> 413 (10230: 6870 18730 7119) (50.409 s)
>> 317 (4193: 1440 14019 15717) (50.7151 s)
>> 313 (14414: 15951 1440 10824) (50.8847 s)
>> 286 (12208: 16665 13127 2471) (51.1036 s)
>> 266 (12310: 9447 13996 12663) (51.1751 s)
>> 257 (12864: 8793 15951 5763) (51.3845 s)
>> 175 (16915: 2250 16665 11605) (51.5165 s)
>> 168 (2677: 13373 16696 4403) (51.6343 s)
>> 167 (18010: 12684 17365 17735) (51.6868 s)
>> 125 (17641: 8126 9447 2843) (51.8199 s)
>> 88 (12612: 8871 8793 1857) (52.0429 s)
>> 74 (10722: 14776 13131 6870) (52.2557 s)
>> 47 (1722: 14625 12684 13373) (52.5977 s)
>> 40 (16841: 5943 14625 18452) (52.8302 s)
>> 12 (16092: 2681 3616 14776) (53.0219 s)
>> 42 (12891: 9997 17903 2681) (53.4474 s)
>> 0 (-1: -1 -1 -1) (53.5023 s)
Zelikovsky- 932.14 s
>>> get_solution
  refine_solution: new weight 40669 (was 40669) in 0.003753 s
>>> get_solution
  refine_solution: new weight 42909 (was 42923) in 0.004009 s
  refine_solution: new weight 42909 (was 42909) in 0.003767 s
2,,19048,35560,50,,6892,0,,42923,42909,41254,40669,40669,,220,2,@@

  handle_small_Steiner_degrees: steiner 0, suppress 0 in 2.3e-05 s
Starting round 3
Found 31 isolated vertices
Invalid ratios recomputed: 9074
Best ratio is 221/1 (221.0), centered at 5943
Finding the best star... Star with 2 terminals centered in 17365
round took: 6.04574 s
|V| = 19075, |E| = 35556, |R| = 49
>> 452 (18974: 3845 14681 3845) (0.004256 s)
>> 413 (10230: 7119 18730 7119) (0.004213 s)
>> 317 (4193: 15717 14019 15717) (0.004161 s)
>> 286 (12208: 2471 16665 2471) (0.004158 s)
>> 479 (16915: 11605 13127 11605) (0.004112 s)
>> 192 (5537: 8793 5763 8793) (0.004067 s)
>> 168 (2677: 4403 13373 4403) (0.004006 s)
>> 188 (10726: 9044 16696 9044) (0.003982 s)
>> 167 (18010: 17735 12684 17735) (0.003959 s)
>> 126 (10103: 9076 1013 9076) (0.003883 s)
>> 0 (-1: -1 -1 -1) (0.003682 s)
Zelikovsky 48.7239 s
>> 452 (18974: 13996 14681 3845) (50.1445 s)
>> 413 (10230: 6870 18730 7119) (50.4809 s)
>> 317 (4193: 1440 14019 15717) (50.7639 s)
>> 313 (14414: 15951 1440 10824) (50.9079 s)
>> 286 (12208: 16665 13127 2471) (51.0934 s)
>> 266 (12310: 9447 13996 12663) (51.1601 s)
>> 257 (12864: 8793 15951 5763) (51.3704 s)
>> 175 (16915: 2250 16665 11605) (51.5036 s)
>> 168 (2677: 13373 16696 4403) (51.6211 s)
>> 167 (18010: 12684 17365 17735) (51.6574 s)
>> 125 (17641: 8126 9447 2843) (51.7975 s)
>> 88 (12612: 8871 8793 1857) (52.0406 s)
>> 74 (10722: 14776 13131 6870) (52.2732 s)
>> 47 (1722: 14625 12684 13373) (52.6226 s)
>> 12 (16092: 2681 3616 14776) (52.8592 s)
>> 42 (12891: 9997 17903 2681) (53.2088 s)
>> 0 (-1: -1 -1 -1) (53.2661 s)
Zelikovsky- 878.825 s
>>> get_solution
  refine_solution: new weight 40669 (was 40669) in 0.003774 s
>>> get_solution
  refine_solution: new weight 42869 (was 42883) in 0.004006 s
  refine_solution: new weight 42869 (was 42869) in 0.003774 s
3,,19044,35556,49,,9074,0,,42883,42869,41214,40669,40669,,221,2,@@

  handle_small_Steiner_degrees: steiner 0, suppress 0 in 2.2e-05 s
Starting round 4
Found 35 isolated vertices
Invalid ratios recomputed: 11250
Best ratio is 243/1 (243.0), centered at 7270
Finding the best star... Star with 2 terminals centered in 17365
round took: 7.25505 s
|V| = 19075, |E| = 35549, |R| = 48
>> 452 (18974: 3845 14681 3845) (0.004246 s)
>> 413 (10230: 7119 18730 7119) (0.004137 s)
>> 317 (4193: 15717 14019 15717) (0.004105 s)
>> 286 (12208: 2471 16665 2471) (0.004073 s)
>> 479 (16915: 11605 13127 11605) (0.004036 s)
>> 192 (5537: 8793 5763 8793) (0.003985 s)
>> 168 (2677: 4403 13373 4403) (0.003939 s)
>> 188 (10726: 9044 16696 9044) (0.00392 s)
>> 167 (18010: 17735 12684 17735) (0.003882 s)
>> 126 (10103: 9076 1013 9076) (0.003821 s)
>> 0 (-1: -1 -1 -1) (0.003628 s)
Zelikovsky 48.8068 s
>> 452 (18974: 13996 14681 3845) (50.1788 s)
>> 413 (10230: 6870 18730 7119) (50.4979 s)
>> 317 (4193: 1440 14019 15717) (50.7718 s)
>> 313 (14414: 15951 1440 10824) (50.9069 s)
>> 286 (12208: 16665 13127 2471) (51.0763 s)
>> 266 (12310: 9447 13996 12663) (51.1422 s)
>> 257 (12864: 8793 15951 5763) (51.3407 s)
>> 175 (16915: 2250 16665 11605) (51.4818 s)
>> 168 (2677: 13373 16696 4403) (51.6073 s)
>> 167 (18010: 12684 17365 17735) (51.6478 s)
>> 125 (17641: 8126 9447 2843) (51.7955 s)
>> 88 (12612: 8871 8793 1857) (52.0771 s)
>> 74 (10722: 14776 13131 6870) (52.3136 s)
>> 47 (1722: 14625 12684 13373) (52.7079 s)
>> 12 (16092: 2681 3616 14776) (52.9361 s)
>> 42 (12891: 9997 17903 2681) (53.3627 s)
>> 0 (-1: -1 -1 -1) (53.4259 s)
Zelikovsky- 879.324 s
>>> get_solution
  refine_solution: new weight 40669 (was 40669) in 0.00375 s
>>> get_solution
  refine_solution: new weight 42869 (was 42883) in 0.003985 s
  refine_solution: new weight 42869 (was 42869) in 0.003765 s
4,,19040,35549,48,,11250,0,,42883,42869,41214,40669,40669,,243,2,@@

  handle_small_Steiner_degrees: steiner 0, suppress 2 in 3.1e-05 s
Starting round 5
Found 42 isolated vertices
Invalid ratios recomputed: 11316
Best ratio is 274/1 (274.0), centered at 2517
Finding the best star... Star with 2 terminals centered in 7119
round took: 7.57008 s
|V| = 19075, |E| = 35540, |R| = 47
>> 452 (18974: 3845 14681 3845) (0.004178 s)
>> 338 (10230: 7119 18730 7119) (0.004119 s)
>> 317 (4193: 15717 14019 15717) (0.004064 s)
>> 286 (12208: 2471 16665 2471) (0.004027 s)
>> 479 (16915: 11605 13127 11605) (0.003994 s)
>> 206 (15632: 14776 2681 14776) (0.003945 s)
>> 192 (5537: 8793 5763 8793) (0.003941 s)
>> 168 (2677: 4403 13373 4403) (0.003891 s)
>> 188 (10726: 9044 16696 9044) (0.003855 s)
>> 167 (18010: 17735 12684 17735) (0.003819 s)
>> 126 (10103: 9076 1013 9076) (0.003768 s)
>> 0 (-1: -1 -1 -1) (0.003591 s)
Zelikovsky 48.7971 s
>> 452 (18974: 13996 14681 3845) (50.1979 s)
>> 338 (10230: 6870 18730 7119) (50.5272 s)
>> 317 (4193: 1440 14019 15717) (50.7199 s)
>> 313 (14414: 15951 1440 10824) (50.8735 s)
>> 286 (12208: 16665 13127 2471) (51.0456 s)
>> 266 (12310: 9447 13996 12663) (51.1136 s)
>> 257 (12864: 8793 15951 5763) (51.3243 s)
>> 175 (16915: 2250 16665 11605) (51.4737 s)
>> 168 (2677: 13373 16696 4403) (51.5675 s)
>> 167 (18010: 12684 17365 17735) (51.6284 s)
>> 125 (17641: 8126 9447 2843) (51.7659 s)
>> 88 (12612: 8871 8793 1857) (52.0486 s)
>> 50 (10427: 14776 18596 2681) (52.2955 s)
>> 47 (1722: 14625 12684 13373) (52.4311 s)
>> 43 (18461: 14807 6870 14776) (52.6184 s)
>> 1 (9656: 9997 3616 17903) (53.0451 s)
>> 0 (-1: -1 -1 -1) (53.0822 s)
Zelikovsky- 877.812 s
>>> get_solution
  refine_solution: new weight 40532 (was 40532) in 0.003766 s
>>> get_solution
  refine_solution: new weight 42814 (was 42828) in 0.003991 s
  refine_solution: new weight 42814 (was 42814) in 0.003756 s
5,,19033,35540,47,,11316,0,,42828,42814,41173,40532,40532,,274,2,@@

  handle_small_Steiner_degrees: steiner 0, suppress 1 in 4.1e-05 s
Starting round 6
Found 48 isolated vertices
Invalid ratios recomputed: 9461
Best ratio is 275/1 (275.0), centered at 1960
Finding the best star... Star with 2 terminals centered in 17365
round took: 7.0432 s
|V| = 19075, |E| = 35532, |R| = 46
>> 452 (18974: 3845 14681 3845) (0.004138 s)
>> 338 (10230: 7119 18730 7119) (0.004072 s)
>> 317 (4193: 15717 14019 15717) (0.004046 s)
>> 286 (12208: 2471 16665 2471) (0.004022 s)
>> 479 (16915: 11605 13127 11605) (0.003942 s)
>> 206 (15632: 14776 2681 14776) (0.003933 s)
>> 192 (5537: 8793 5763 8793) (0.003871 s)
>> 168 (2677: 4403 13373 4403) (0.003842 s)
>> 188 (10726: 9044 16696 9044) (0.003812 s)
>> 167 (18010: 17735 12684 17735) (0.003775 s)
>> 126 (10103: 9076 1013 9076) (0.003744 s)
>> 0 (-1: -1 -1 -1) (0.003564 s)
Zelikovsky 48.7859 s
>> 452 (18974: 13996 14681 3845) (50.1964 s)
>> 338 (10230: 6870 18730 7119) (50.4851 s)
>> 317 (4193: 1440 14019 15717) (50.6774 s)
>> 313 (14414: 15951 1440 17365) (50.8433 s)
>> 286 (12208: 16665 13127 2471) (51.0261 s)
>> 266 (12310: 9447 13996 12663) (51.0905 s)
>> 257 (12864: 8793 15951 5763) (51.3325 s)
>> 175 (16915: 2250 16665 11605) (51.4324 s)
>> 168 (2677: 13373 16696 4403) (51.5333 s)
>> 167 (18010: 12684 8793 17735) (51.6178 s)
>> 125 (17641: 8126 9447 2843) (51.7826 s)
>> 88 (12612: 8871 12684 1857) (52.0865 s)
>> 50 (10427: 14776 18596 2681) (52.3522 s)
>> 47 (1722: 14625 13373 8871) (52.4964 s)
>> 43 (18461: 14807 6870 14776) (52.769 s)
>> 1 (9656: 9997 3616 17903) (53.2689 s)
>> 0 (-1: -1 -1 -1) (53.3025 s)
Zelikovsky- 878.346 s
>>> get_solution
  refine_solution: new weight 40532 (was 40532) in 0.003773 s
>>> get_solution
  refine_solution: new weight 42814 (was 42828) in 0.004 s
  refine_solution: new weight 42814 (was 42814) in 0.003752 s
6,,19027,35532,46,,9461,0,,42828,42814,41173,40532,40532,,275,2,@@

  handle_small_Steiner_degrees: steiner 0, suppress 0 in 2.2e-05 s
Starting round 7
Found 54 isolated vertices
Invalid ratios recomputed: 12162
Best ratio is 306/1 (306.0), centered at 1617
Finding the best star... Star with 2 terminals centered in 9997
round took: 8.51414 s
|V| = 19075, |E| = 35525, |R| = 45
>> 452 (18974: 3845 14681 3845) (0.004113 s)
>> 338 (10230: 7119 18730 7119) (0.004042 s)
>> 317 (4193: 15717 14019 15717) (0.004084 s)
>> 286 (12208: 2471 16665 2471) (0.003969 s)
>> 479 (16915: 11605 13127 11605) (0.003915 s)
>> 206 (15632: 14776 2681 14776) (0.003942 s)
>> 192 (5537: 8793 5763 8793) (0.003937 s)
>> 168 (2677: 4403 13373 4403) (0.003896 s)
>> 188 (10726: 9044 16696 9044) (0.003808 s)
>> 167 (18010: 17735 12684 17735) (0.003828 s)
>> 126 (10103: 9076 1013 9076) (0.003696 s)
>> 0 (-1: -1 -1 -1) (0.003545 s)
Zelikovsky 48.7489 s
>> 452 (18974: 13996 14681 3845) (50.1508 s)
>> 338 (10230: 6870 18730 7119) (50.441 s)
>> 317 (4193: 1440 14019 15717) (50.6364 s)
>> 313 (14414: 15951 1440 17365) (50.796 s)
>> 286 (12208: 16665 13127 2471) (50.9854 s)
>> 266 (12310: 9447 13996 12663) (51.0574 s)
>> 257 (12864: 8793 15951 5763) (51.2669 s)
>> 175 (16915: 2250 16665 11605) (51.4615 s)
>> 168 (2677: 13373 16696 4403) (51.5666 s)
>> 167 (18010: 12684 8793 17735) (51.6468 s)
>> 125 (17641: 8126 9447 2843) (51.82 s)
>> 88 (12612: 8871 12684 1857) (52.1269 s)
>> 50 (10427: 14776 18596 2681) (52.3705 s)
>> 47 (1722: 14625 13373 8871) (52.5281 s)
>> 43 (18461: 14807 6870 14776) (52.8063 s)
>> 41 (15635: 3616 14807 9997) (53.2976 s)
>> 0 (-1: -1 -1 -1) (53.6305 s)
Zelikovsky- 878.642 s
>>> get_solution
  refine_solution: new weight 40491 (was 40491) in 0.003744 s
>>> get_solution
  refine_solution: new weight 42814 (was 42828) in 0.003989 s
  refine_solution: new weight 42814 (was 42814) in 0.003767 s
7,,19021,35525,45,,12162,0,,42828,42814,41173,40491,40491,,306,2,@@

  handle_small_Steiner_degrees: steiner 0, suppress 0 in 2.2e-05 s
Starting round 8
Found 61 isolated vertices
Invalid ratios recomputed: 7075
Best ratio is 766/2 (383.0), centered at 2677
Finding the best star... Star with 3 terminals centered in 13373
round took: 6.27913 s
|V| = 19075, |E| = 35502, |R| = 43
>> 452 (18974: 3845 14681 3845) (0.004017 s)
>> 338 (10230: 7119 13373 7119) (0.003946 s)
>> 317 (4193: 15717 14019 15717) (0.003943 s)
>> 286 (12208: 2471 16665 2471) (0.003888 s)
>> 479 (16915: 11605 13127 11605) (0.003849 s)
>> 233 (10722: 14776 18730 14776) (0.003806 s)
>> 217 (7625: 9044 12684 9044) (0.003784 s)
>> 192 (5537: 8793 5763 8793) (0.003746 s)
>> 244 (14746: 8871 17735 8871) (0.003711 s)
>> 151 (3821: 2681 3616 2681) (0.003657 s)
>> 126 (10103: 9076 1013 9076) (0.003641 s)
>> 0 (-1: -1 -1 -1) (0.00348 s)
Zelikovsky 48.9602 s
>> 452 (18974: 13996 14681 3845) (50.0769 s)
>> 338 (10230: 13373 18730 7119) (50.379 s)
>> 317 (4193: 1440 14019 15717) (50.5246 s)
>> 313 (14414: 15951 1440 17365) (50.6877 s)
>> 286 (12208: 16665 13127 2471) (50.8799 s)
>> 266 (12310: 9447 13996 12663) (50.9532 s)
>> 257 (12864: 8793 15951 5763) (51.1923 s)
>> 175 (16915: 2250 16665 11605) (51.3595 s)
>> 167 (18010: 12684 8793 17735) (51.4656 s)
>> 125 (17641: 8126 9447 2843) (51.6473 s)
>> 88 (12612: 8871 12684 1857) (51.9381 s)
>> 50 (10427: 14776 18596 2681) (52.1978 s)
>> 47 (1722: 14625 13373 8871) (52.344 s)
>> 43 (18461: 14807 14625 14776) (52.7535 s)
>> 41 (15635: 3616 14807 9997) (53.343 s)
>> 0 (-1: -1 -1 -1) (53.7531 s)
Zelikovsky- 825.547 s
>>> get_solution
  refine_solution: new weight 40507 (was 40507) in 0.003753 s
>>> get_solution
  refine_solution: new weight 42674 (was 42688) in 0.003971 s
  refine_solution: new weight 42674 (was 42674) in 0.003751 s
8,,19014,35502,43,,7075,0,,42688,42674,41516,40507,40507,,766,3,@@

  handle_small_Steiner_degrees: steiner 0, suppress 0 in 2.7e-05 s
Starting round 9
Found 81 isolated vertices
Invalid ratios recomputed: 12338
Best ratio is 416/1 (416.0), centered at 715
Finding the best star... Star with 2 terminals centered in 4403
round took: 8.94936 s
|V| = 19075, |E| = 35491, |R| = 42
>> 452 (18974: 3845 14681 3845) (0.00399 s)
>> 338 (10230: 4403 7119 4403) (0.003912 s)
>> 317 (4193: 15717 14019 15717) (0.00388 s)
>> 286 (12208: 2471 16665 2471) (0.003856 s)
>> 479 (16915: 11605 13127 11605) (0.003822 s)
>> 233 (10722: 14776 18730 14776) (0.003778 s)
>> 217 (7625: 9044 12684 9044) (0.003727 s)
>> 192 (5537: 8793 5763 8793) (0.003717 s)
>> 244 (14746: 8871 17735 8871) (0.003669 s)
>> 151 (3821: 2681 3616 2681) (0.00364 s)
>> 126 (10103: 9076 1013 9076) (0.003657 s)
>> 0 (-1: -1 -1 -1) (0.003471 s)
Zelikovsky 48.6964 s
>> 452 (18974: 13996 14681 3845) (50.0878 s)
>> 338 (10230: 4403 18730 7119) (50.3896 s)
>> 317 (4193: 1440 14019 15717) (50.5177 s)
>> 313 (14414: 15951 1440 17365) (50.6595 s)
>> 286 (12208: 16665 13127 2471) (50.8741 s)
>> 266 (12310: 9447 13996 12663) (50.9575 s)
>> 257 (12864: 8793 15951 5763) (51.1983 s)
>> 175 (16915: 2250 16665 11605) (51.3307 s)
>> 167 (18010: 12684 8793 17735) (51.4328 s)
>> 125 (17641: 8126 9447 2843) (51.6189 s)
>> 88 (12612: 8871 12684 1857) (51.9419 s)
>> 50 (10427: 14776 18596 2681) (52.2196 s)
>> 47 (1722: 14625 8871 4403) (52.3189 s)
>> 43 (18461: 14807 14625 14776) (52.6626 s)
>> 41 (15635: 3616 14807 9997) (53.2538 s)
>> 0 (-1: -1 -1 -1) (53.6453 s)
Zelikovsky- 825.16 s
>>> get_solution
  refine_solution: new weight 40507 (was 40507) in 0.003752 s
>>> get_solution
  refine_solution: new weight 42674 (was 42688) in 0.003994 s
  refine_solution: new weight 42674 (was 42674) in 0.003762 s
9,,18994,35491,42,,12338,0,,42688,42674,41516,40507,40507,,416,2,@@

  handle_small_Steiner_degrees: steiner 0, suppress 0 in 2.2e-05 s
Starting round 10
Found 91 isolated vertices
Invalid ratios recomputed: 12619
Best ratio is 426/1 (426.0), centered at 959
Finding the best star... Star with 2 terminals centered in 9447
round took: 9.61418 s
|V| = 19075, |E| = 35479, |R| = 41
>> 452 (18974: 3845 14681 3845) (0.003957 s)
>> 338 (10230: 4403 7119 4403) (0.003892 s)
>> 317 (4193: 15717 14019 15717) (0.00385 s)
>> 286 (12208: 2471 16665 2471) (0.003821 s)
>> 479 (16915: 11605 13127 11605) (0.003805 s)
>> 233 (10722: 14776 18730 14776) (0.003753 s)
>> 217 (7625: 9044 12684 9044) (0.0037 s)
>> 192 (5537: 8793 5763 8793) (0.003721 s)
>> 244 (14746: 8871 17735 8871) (0.003664 s)
>> 151 (3821: 2681 3616 2681) (0.003595 s)
>> 126 (10103: 9076 1013 9076) (0.003605 s)
>> 0 (-1: -1 -1 -1) (0.003446 s)
Zelikovsky 48.6567 s
>> 452 (18974: 13996 14681 3845) (50.0595 s)
>> 338 (10230: 4403 18730 7119) (50.3294 s)
>> 317 (4193: 1440 14019 15717) (50.4607 s)
>> 313 (14414: 15951 1440 17365) (50.6139 s)
>> 286 (12208: 16665 13127 2471) (50.8253 s)
>> 257 (12864: 8793 15951 5763) (50.8946 s)
>> 226 (12310: 9447 13996 12663) (51.0534 s)
>> 175 (16915: 2250 16665 11605) (51.3082 s)
>> 167 (18010: 12684 8793 17735) (51.4154 s)
>> 125 (17641: 8126 9447 2843) (51.6045 s)
>> 88 (12612: 8871 12684 1857) (51.9379 s)
>> 50 (10427: 14776 18596 2681) (52.2121 s)
>> 47 (1722: 14625 8871 4403) (52.3515 s)
>> 43 (18461: 14807 14625 14776) (52.6602 s)
>> 41 (15635: 3616 14807 9997) (53.2405 s)
>> 0 (-1: -1 -1 -1) (53.6218 s)
Zelikovsky- 824.64 s
>>> get_solution
  refine_solution: new weight 40507 (was 40507) in 0.003751 s
>>> get_solution
  refine_solution: new weight 42674 (was 42674) in 0.003963 s
10,,18984,35479,41,,12619,0,,42674,42674,41502,40507,40507,,426,2,@@

  handle_small_Steiner_degrees: steiner 0, suppress 0 in 2.8e-05 s
Starting round 11
Found 101 isolated vertices
Invalid ratios recomputed: 11640
Best ratio is 429/1 (429.0), centered at 311
Finding the best star... Star with 2 terminals centered in 14019
round took: 10.0104 s
|V| = 19075, |E| = 35464, |R| = 40
>> 452 (18974: 3845 14681 3845) (0.003926 s)
>> 338 (10230: 4403 7119 4403) (0.003846 s)
>> 313 (14414: 15717 17365 15717) (0.003814 s)
>> 286 (12208: 2471 16665 2471) (0.003763 s)
>> 479 (16915: 11605 13127 11605) (0.003706 s)
>> 268 (5547: 14019 15951 14019) (0.003684 s)
>> 233 (10722: 14776 18730 14776) (0.003645 s)
>> 217 (7625: 9044 12684 9044) (0.003611 s)
>> 206 (6684: 9076 13320 9076) (0.003583 s)
>> 0 (-1: -1 -1 -1) (0.003454 s)
Zelikovsky 48.627 s
>> 452 (18974: 13996 14681 3845) (50.0932 s)
>> 338 (10230: 4403 18730 7119) (50.3307 s)
>> 313 (14414: 15951 17365 15717) (50.4553 s)
>> 301 (4193: 1440 15951 14019) (50.6169 s)
>> 286 (12208: 16665 13127 2471) (50.8587 s)
>> 257 (12864: 8793 1440 5763) (50.9098 s)
>> 226 (12310: 9447 13996 12663) (51.0586 s)
>> 175 (16915: 2250 16665 11605) (51.3156 s)
>> 167 (18010: 12684 8793 17735) (51.4098 s)
>> 125 (17641: 8126 9447 2843) (51.6025 s)
>> 88 (12612: 8871 12684 1857) (51.9323 s)
>> 50 (10427: 14776 18596 2681) (52.2146 s)
>> 47 (1722: 14625 8871 4403) (52.3737 s)
>> 43 (18461: 14807 14625 14776) (52.6639 s)
>> 41 (15635: 3616 14807 9997) (53.2532 s)
>> 0 (-1: -1 -1 -1) (53.6369 s)
Zelikovsky- 824.777 s
>>> get_solution
  refine_solution: new weight 40507 (was 40507) in 0.003753 s
>>> get_solution
  refine_solution: new weight 42658 (was 42658) in 0.003977 s
11,,18974,35464,40,,11640,0,,42658,42658,41416,40507,40507,,429,2,@@

  handle_small_Steiner_degrees: steiner 0, suppress 0 in 2.3e-05 s
Starting round 12
Found 111 isolated vertices
Invalid ratios recomputed: 12651
Best ratio is 459/1 (459.0), centered at 3482
Finding the best star... Star with 2 terminals centered in 8126
round took: 11.2782 s
|V| = 19075, |E| = 35455, |R| = 39
>> 484 (18974: 8126 14681 8126) (0.003899 s)
>> 338 (10230: 4403 7119 4403) (0.003787 s)
>> 313 (14414: 15717 17365 15717) (0.003762 s)
>> 286 (12208: 2471 16665 2471) (0.0037 s)
>> 479 (16915: 11605 13127 11605) (0.003682 s)
>> 268 (5547: 14019 15951 14019) (0.003673 s)
>> 233 (10722: 14776 18730 14776) (0.00362 s)
>> 217 (7625: 9044 12684 9044) (0.00357 s)
>> 206 (6684: 9076 13320 9076) (0.00356 s)
>> 0 (-1: -1 -1 -1) (0.003435 s)
Zelikovsky 48.7441 s
>> 484 (18974: 8126 13996 14681) (50.2188 s)
>> 338 (10230: 4403 18730 7119) (50.4543 s)
>> 313 (14414: 15951 17365 15717) (50.579 s)
>> 301 (4193: 1440 15951 14019) (50.7456 s)
>> 286 (12208: 16665 13127 2471) (50.9846 s)
>> 257 (12864: 8793 1440 5763) (51.0033 s)
>> 226 (12310: 9447 12663 8126) (51.1456 s)
>> 175 (16915: 2250 16665 11605) (51.4322 s)
>> 167 (18010: 12684 8793 17735) (51.5445 s)
>> 88 (12612: 8871 12684 1857) (51.7383 s)
>> 50 (10427: 14776 18596 2681) (52.0309 s)
>> 47 (1722: 14625 8871 4403) (52.2029 s)
>> 43 (18461: 14807 14625 14776) (52.6179 s)
>> 41 (15635: 3616 14807 9997) (53.1889 s)
>> 28 (17323: 2843 17514 9447) (53.5576 s)
>> 0 (-1: -1 -1 -1) (53.8696 s)
Zelikovsky- 827.365 s
>>> get_solution
  refine_solution: new weight 40505 (was 40505) in 0.003773 s
>>> get_solution
  refine_solution: new weight 42658 (was 42718) in 0.004009 s
  refine_solution: new weight 42658 (was 42658) in 0.003754 s
12,,18964,35455,39,,12651,0,,42718,42658,41418,40505,40505,,459,2,@@

  handle_small_Steiner_degrees: steiner 0, suppress 1 in 2.4e-05 s
Starting round 13
Found 120 isolated vertices
Invalid ratios recomputed: 14559
Best ratio is 489/1 (489.0), centered at 1719
Finding the best star... Star with 2 terminals centered in 9997
round took: 12.6031 s
|V| = 19075, |E| = 35442, |R| = 38
>> 484 (18974: 8126 14681 8126) (0.003861 s)
>> 338 (10230: 4403 7119 4403) (0.00376 s)
>> 313 (14414: 15717 17365 15717) (0.00373 s)
>> 286 (12208: 2471 16665 2471) (0.003685 s)
>> 479 (16915: 11605 13127 11605) (0.003657 s)
>> 268 (5547: 14019 15951 14019) (0.003648 s)
>> 233 (10722: 14776 18730 14776) (0.00359 s)
>> 217 (7625: 9044 12684 9044) (0.003568 s)
>> 206 (6684: 9076 13320 9076) (0.00354 s)
>> 0 (-1: -1 -1 -1) (0.003443 s)
Zelikovsky 48.7766 s
>> 484 (18974: 8126 13996 14681) (50.0966 s)
>> 338 (10230: 4403 18730 7119) (50.3345 s)
>> 313 (14414: 15951 17365 15717) (50.4576 s)
>> 301 (4193: 1440 15951 14019) (50.6325 s)
>> 286 (12208: 16665 13127 2471) (50.8753 s)
>> 257 (12864: 8793 1440 5763) (50.9818 s)
>> 226 (12310: 9447 12663 8126) (51.1319 s)
>> 175 (16915: 2250 16665 11605) (51.4101 s)
>> 167 (18010: 12684 8793 17735) (51.5269 s)
>> 88 (12612: 8871 12684 1857) (51.7298 s)
>> 50 (10427: 14776 18596 2681) (52.0214 s)
>> 47 (1722: 14625 8871 4403) (52.1949 s)
>> 43 (18461: 14807 14625 14776) (52.6106 s)
>> 28 (17323: 2843 17514 9447) (53.1817 s)
>> 0 (-1: -1 -1 -1) (53.4873 s)
Zelikovsky- 772.721 s
>>> get_solution
  refine_solution: new weight 40546 (was 40546) in 0.003747 s
>>> get_solution
  refine_solution: new weight 42658 (was 42718) in 0.003994 s
  refine_solution: new weight 42658 (was 42658) in 0.00377 s
13,,18955,35442,38,,14559,0,,42718,42658,41418,40546,40546,,489,2,@@

  handle_small_Steiner_degrees: steiner 0, suppress 0 in 2.2e-05 s
Starting round 14
Found 130 isolated vertices
Invalid ratios recomputed: 8994
Best ratio is 494/1 (494.0), centered at 2836
Finding the best star... Star with 2 terminals centered in 17514
round took: 10.505 s
|V| = 19075, |E| = 35431, |R| = 37
>> 456 (18974: 8126 14681 8126) (0.003846 s)
>> 338 (10230: 4403 7119 4403) (0.003737 s)
>> 313 (14414: 15717 17365 15717) (0.003703 s)
>> 286 (12208: 2471 16665 2471) (0.00366 s)
>> 479 (16915: 11605 13127 11605) (0.003642 s)
>> 268 (5547: 14019 15951 14019) (0.003632 s)
>> 233 (10722: 14776 18730 14776) (0.003558 s)
>> 217 (7625: 9044 12684 9044) (0.003539 s)
>> 206 (6684: 9076 13320 9076) (0.003501 s)
>> 0 (-1: -1 -1 -1) (0.003406 s)
Zelikovsky 48.624 s
>> 456 (18974: 8126 13996 14681) (50.0706 s)
>> 338 (10230: 4403 18730 7119) (50.3435 s)
>> 313 (14414: 15951 17365 15717) (50.4724 s)
>> 301 (4193: 1440 15951 14019) (50.6271 s)
>> 286 (12208: 16665 13127 2471) (50.872 s)
>> 257 (12864: 8793 1440 5763) (50.9483 s)
>> 226 (12310: 9447 12663 8126) (51.081 s)
>> 175 (16915: 2250 16665 11605) (51.3941 s)
>> 167 (18010: 12684 8793 17735) (51.5073 s)
>> 88 (12612: 8871 12684 1857) (51.7113 s)
>> 50 (10427: 14776 18596 2681) (52.0032 s)
>> 47 (1722: 14625 8871 4403) (52.1655 s)
>> 43 (18461: 14807 14625 14776) (52.4842 s)
>> 0 (-1: -1 -1 -1) (53.1114 s)
Zelikovsky- 718.837 s
>>> get_solution
  refine_solution: new weight 40546 (was 40546) in 0.003747 s
>>> get_solution
  refine_solution: new weight 42658 (was 42658) in 0.003988 s
14,,18945,35431,37,,8994,0,,42658,42658,41416,40546,40546,,494,2,@@

  handle_small_Steiner_degrees: steiner 0, suppress 1 in 4.4e-05 s
Starting round 15
Found 140 isolated vertices
Invalid ratios recomputed: 16258
Best ratio is 519/1 (519.0), centered at 1004
Finding the best star... Star with 2 terminals centered in 18596
round took: 14.7367 s
|V| = 19075, |E| = 35419, |R| = 36
>> 456 (18974: 8126 14681 8126) (0.003818 s)
>> 338 (10230: 4403 7119 4403) (0.003719 s)
>> 313 (14414: 15717 17365 15717) (0.003663 s)
>> 286 (12208: 2471 16665 2471) (0.003631 s)
>> 479 (16915: 11605 13127 11605) (0.00361 s)
>> 268 (5547: 14019 15951 14019) (0.00361 s)
>> 233 (10722: 18730 18596 18730) (0.003548 s)
>> 389 (3821: 9997 2681 9997) (0.003526 s)
>> 217 (7625: 9044 12684 9044) (0.003469 s)
>> 206 (6684: 9076 13320 9076) (0.003451 s)
>> 0 (-1: -1 -1 -1) (0.003361 s)
Zelikovsky 48.5956 s
>> 456 (18974: 8126 13996 14681) (50.0377 s)
>> 338 (10230: 4403 18730 7119) (50.3148 s)
>> 313 (14414: 15951 17365 15717) (50.4432 s)
>> 301 (4193: 1440 15951 14019) (50.6159 s)
>> 286 (12208: 16665 13127 2471) (50.8754 s)
>> 257 (12864: 8793 1440 5763) (50.9777 s)
>> 226 (12310: 9447 12663 8126) (51.1185 s)
>> 175 (16915: 2250 16665 11605) (51.4203 s)
>> 167 (18010: 12684 8793 17735) (51.5295 s)
>> 88 (12612: 8871 12684 1857) (51.7598 s)
>> 47 (1722: 14625 8871 4403) (52.0595 s)
>> 43 (18461: 14807 14625 18596) (52.3872 s)
>> 22 (18719: 14807 13131 2681) (52.6799 s)
>> 0 (-1: -1 -1 -1) (53.193 s)
Zelikovsky- 719.458 s
>>> get_solution
  refine_solution: new weight 40631 (was 40631) in 0.00373 s
>>> get_solution
  refine_solution: new weight 42658 (was 42658) in 0.004001 s
15,,18935,35419,36,,16258,0,,42658,42658,41500,40631,40631,,519,2,@@

  handle_small_Steiner_degrees: steiner 0, suppress 0 in 2.8e-05 s
Starting round 16
Found 151 isolated vertices
Invalid ratios recomputed: 13579
Best ratio is 578/1 (578.0), centered at 763
Finding the best star... Star with 2 terminals centered in 2250
round took: 14.0062 s
|V| = 19075, |E| = 35405, |R| = 35
>> 456 (18974: 8126 14681 8126) (0.003796 s)
>> 338 (10230: 4403 7119 4403) (0.003672 s)
>> 313 (14414: 15717 17365 15717) (0.003647 s)
>> 286 (12208: 2471 16665 2471) (0.003595 s)
>> 442 (16915: 11605 13127 11605) (0.003588 s)
>> 268 (5547: 14019 15951 14019) (0.00356 s)
>> 233 (10722: 18730 18596 18730) (0.003536 s)
>> 389 (3821: 9997 2681 9997) (0.003501 s)
>> 217 (7625: 9044 12684 9044) (0.003474 s)
>> 192 (5537: 8793 5763 8793) (0.003425 s)
>> 252 (15862: 14807 9447 14807) (0.003415 s)
>> 156 (17155: 13320 4146 13320) (0.0034 s)
>> 10 (4364: 1857 8871 1857) (0.003397 s)
>> 0 (-1: -1 -1 -1) (0.00331 s)
Zelikovsky 48.5299 s
>> 456 (18974: 8126 13996 14681) (50.117 s)
>> 338 (10230: 4403 18730 7119) (50.3124 s)
>> 313 (14414: 15951 17365 15717) (50.4164 s)
>> 301 (4193: 1440 15951 14019) (50.5734 s)
>> 286 (12208: 16665 13127 2471) (50.7576 s)
>> 257 (12864: 8793 1440 5763) (50.8329 s)
>> 226 (12310: 9447 12663 8126) (50.9737 s)
>> 167 (18010: 12684 8793 17735) (51.2704 s)
>> 138 (16915: 2250 16665 11605) (51.5187 s)
>> 88 (12612: 8871 12684 1857) (51.6559 s)
>> 47 (1722: 14625 8871 4403) (51.9386 s)
>> 43 (18461: 14807 14625 18596) (52.2546 s)
>> 22 (18719: 14807 13131 2681) (52.5797 s)
>> 0 (-1: -1 -1 -1) (53.0866 s)
Zelikovsky- 718.333 s
>>> get_solution
  refine_solution: new weight 40631 (was 40631) in 0.003734 s
>>> get_solution
  refine_solution: new weight 42621 (was 42621) in 0.003989 s
16,,18924,35405,35,,13579,0,,42621,42621,42136,40631,40631,,578,2,@@

  delete_edges: deleted 52 edges in 0.007725 s and 3 rounds
  handle_small_Steiner_degrees: steiner 4, suppress 49 in 5.7e-05 s
Starting round 17
Found 215 isolated vertices
Invalid ratios recomputed: 11913
Best ratio is 602/1 (602.0), centered at 1356
Finding the best star... Star with 2 terminals centered in 9044
round took: 12.8267 s
|V| = 19075, |E| = 35283, |R| = 34
>> 456 (18974: 8126 14681 8126) (0.003744 s)
>> 338 (10230: 9044 7119 9044) (0.003638 s)
>> 313 (14414: 15717 17365 15717) (0.003603 s)
>> 286 (12208: 2471 16665 2471) (0.003553 s)
>> 442 (16915: 11605 13127 11605) (0.003552 s)
>> 268 (5547: 14019 15951 14019) (0.003521 s)
>> 233 (10722: 18730 18596 18730) (0.003487 s)
>> 389 (3821: 9997 2681 9997) (0.003455 s)
>> 192 (5537: 8793 5763 8793) (0.003415 s)
>> 156 (17155: 13320 4146 13320) (0.003391 s)
>> 141 (1722: 14807 12684 14807) (0.003373 s)
>> 88 (4371: 10457 9447 10457) (0.003335 s)
>> 10 (4364: 1857 8871 1857) (0.003315 s)
>> 0 (-1: -1 -1 -1) (0.003249 s)
Zelikovsky 48.3446 s
>> 456 (18974: 8126 13996 14681) (49.6968 s)
>> 338 (10230: 9044 18730 7119) (49.9263 s)
>> 313 (14414: 15951 17365 15717) (50.0536 s)
>> 301 (4193: 1440 15951 14019) (50.2338 s)
>> 286 (12208: 16665 13127 2471) (50.4983 s)
>> 257 (12864: 8793 1440 5763) (50.564 s)
>> 226 (12310: 9447 12663 8126) (50.6804 s)
>> 167 (18010: 12684 8793 17735) (51.0057 s)
>> 141 (1722: 14625 12684 9044) (51.2479 s)
>> 138 (16915: 2250 16665 11605) (51.5863 s)
>> 88 (12612: 8871 14625 1857) (51.6553 s)
>> 43 (18461: 14807 18596 8871) (51.9869 s)
>> 22 (18719: 14807 13131 2681) (52.2735 s)
>> 0 (-1: -1 -1 -1) (52.768 s)
Zelikovsky- 714.222 s
>>> get_solution
  refine_solution: new weight 40523 (was 40523) in 0.00376 s
>>> get_solution
  refine_solution: new weight 42560 (was 42560) in 0.00401 s
17,,18860,35283,34,,11913,0,,42560,42560,41714,40523,40523,,602,2,@@

  handle_small_Steiner_degrees: steiner 0, suppress 3 in 3.3e-05 s
Starting round 18
Found 230 isolated vertices
Invalid ratios recomputed: 16044
Best ratio is 666/1 (666.0), centered at 174
Finding the best star... Star with 2 terminals centered in 14625
round took: 15.601 s
|V| = 19075, |E| = 35253, |R| = 33
>> 456 (18974: 8126 14681 8126) (0.003698 s)
>> 338 (10230: 9044 7119 9044) (0.003618 s)
>> 313 (14414: 15717 17365 15717) (0.003568 s)
>> 286 (12208: 2471 16665 2471) (0.003536 s)
>> 442 (16915: 11605 13127 11605) (0.003508 s)
>> 268 (5547: 14019 15951 14019) (0.0035 s)
>> 233 (10722: 18730 18596 18730) (0.003452 s)
>> 389 (3821: 9997 2681 9997) (0.003429 s)
>> 192 (5537: 8793 5763 8793) (0.003385 s)
>> 156 (17155: 13320 4146 13320) (0.003354 s)
>> 101 (15862: 14807 9447 14807) (0.003339 s)
>> 10 (4364: 1857 8871 1857) (0.003315 s)
>> 0 (-1: -1 -1 -1) (0.003259 s)
Zelikovsky 48.1653 s
>> 456 (18974: 8126 13996 14681) (49.5839 s)
>> 338 (10230: 9044 18730 7119) (49.797 s)
>> 313 (14414: 15951 17365 15717) (49.919 s)
>> 301 (4193: 1440 15951 14019) (50.1032 s)
>> 286 (12208: 16665 13127 2471) (50.328 s)
>> 257 (12864: 8793 1440 5763) (50.4051 s)
>> 226 (12310: 9447 12663 8126) (50.513 s)
>> 167 (18010: 14625 8793 17735) (50.8371 s)
>> 138 (16915: 2250 16665 11605) (51.0828 s)
>> 88 (12612: 8871 14625 1857) (51.1977 s)
>> 43 (18461: 14807 18596 9044) (51.4893 s)
>> 22 (18719: 14807 13131 2681) (51.5958 s)
>> 0 (-1: -1 -1 -1) (51.9578 s)
Zelikovsky- 658.852 s
>>> get_solution
  refine_solution: new weight 40617 (was 40617) in 0.003759 s
>>> get_solution
  refine_solution: new weight 42560 (was 42560) in 0.003995 s
18,,18845,35253,33,,16044,0,,42560,42560,42244,40617,40617,,666,2,@@

  handle_small_Steiner_degrees: steiner 0, suppress 1 in 2.4e-05 s
Starting round 19
Found 250 isolated vertices
Invalid ratios recomputed: 15623
Best ratio is 1353/2 (676.5), centered at 7967
Finding the best star... Star with 3 terminals centered in 15951
round took: 16.405 s
|V| = 19075, |E| = 35218, |R| = 31
>> 456 (18974: 8126 14681 8126) (0.003655 s)
>> 338 (10230: 9044 7119 9044) (0.00355 s)
>> 301 (4193: 14019 15951 14019) (0.003518 s)
>> 286 (12208: 2471 16665 2471) (0.003478 s)
>> 442 (16915: 11605 13127 11605) (0.003472 s)
>> 233 (10722: 18730 18596 18730) (0.003447 s)
>> 389 (3821: 9997 2681 9997) (0.003411 s)
>> 192 (5537: 8793 5763 8793) (0.003366 s)
>> 156 (17155: 13320 4146 13320) (0.003337 s)
>> 88 (4371: 10457 9447 10457) (0.003338 s)
>> 10 (4364: 1857 8871 1857) (0.0033 s)
>> 0 (-1: -1 -1 -1) (0.003232 s)
Zelikovsky 48.045 s
>> 456 (18974: 8126 13996 14681) (49.4921 s)
>> 338 (10230: 9044 18730 7119) (49.7049 s)
>> 301 (4193: 1440 15951 14019) (49.8595 s)
>> 286 (12208: 16665 13127 2471) (50.1563 s)
>> 257 (12864: 8793 1440 5763) (50.2019 s)
>> 226 (12310: 9447 12663 8126) (50.3248 s)
>> 167 (18010: 14625 8793 17735) (50.6469 s)
>> 138 (16915: 2250 16665 11605) (50.9039 s)
>> 88 (12612: 8871 14625 1857) (51.0146 s)
>> 43 (18461: 14807 18596 9044) (51.3229 s)
>> 22 (18719: 14807 13131 2681) (51.3919 s)
>> 0 (-1: -1 -1 -1) (51.772 s)
Zelikovsky- 606.831 s
>>> get_solution
  refine_solution: new weight 40617 (was 40617) in 0.00376 s
>>> get_solution
  refine_solution: new weight 42462 (was 42462) in 0.004021 s
19,,18825,35218,31,,15623,0,,42462,42462,41598,40617,40617,,1353,3,@@

  handle_small_Steiner_degrees: steiner 0, suppress 3 in 3.3e-05 s
Starting round 20
Found 282 isolated vertices
Invalid ratios recomputed: 17147
Best ratio is 1434/2 (717.0), centered at 437
Finding the best star... Star with 3 terminals centered in 16665
round took: 19.0266 s
|V| = 19075, |E| = 35183, |R| = 29
>> 456 (18974: 8126 14681 8126) (0.003587 s)
>> 338 (10230: 9044 7119 9044) (0.003492 s)
>> 301 (4193: 14019 15951 14019) (0.00346 s)
>> 233 (10722: 18730 18596 18730) (0.003429 s)
>> 389 (3821: 9997 2681 9997) (0.003393 s)
>> 196 (3699: 16665 13127 16665) (0.003353 s)
>> 192 (5537: 8793 5763 8793) (0.003333 s)
>> 88 (4371: 10457 9447 10457) (0.003309 s)
>> 50 (3310: 11605 4146 11605) (0.003286 s)
>> 10 (4364: 1857 8871 1857) (0.003274 s)
>> 0 (-1: -1 -1 -1) (0.003212 s)
Zelikovsky 47.9337 s
>> 456 (18974: 8126 13996 14681) (49.4439 s)
>> 338 (10230: 9044 18730 7119) (50.1776 s)
>> 301 (4193: 1440 15951 14019) (56.5251 s)
>> 257 (12864: 8793 1440 5763) (58.3501 s)
>> 226 (12310: 9447 12663 8126) (59.8095 s)
>> 196 (3699: 16665 2250 13127) (102.57 s)
>> 167 (18010: 14625 8793 17735) (125.18 s)
>> 88 (12612: 8871 14625 1857) (109.882 s)
>> 43 (18461: 14807 18596 9044) (110.372 s)
>> 22 (18719: 14807 13131 2681) (110.819 s)
>> 0 (-1: -1 -1 -1) (103.589 s)
Zelikovsky- 936.77 s
>>> get_solution
  refine_solution: new weight 40522 (was 40522) in 0.006811 s
>>> get_solution
  refine_solution: new weight 42292 (was 42292) in 0.007164 s
20,,18793,35183,29,,17147,0,,42292,42292,41408,40522,40522,,1434,3,@@

  handle_small_Steiner_degrees: steiner 0, suppress 1 in 5e-05 s
Starting round 21
Found 312 isolated vertices
Invalid ratios recomputed: 15324
Best ratio is 770/1 (770.0), centered at 285
Finding the best star... Star with 2 terminals centered in 9044
round took: 29.2645 s
|V| = 19075, |E| = 35163, |R| = 28
>> 456 (18974: 8126 14681 8126) (0.004275 s)
>> 338 (10230: 9044 7119 9044) (0.004065 s)
>> 301 (4193: 14019 15951 14019) (0.003974 s)
>> 233 (10722: 18730 18596 18730) (0.003845 s)
>> 389 (3821: 9997 2681 9997) (0.003817 s)
>> 349 (15862: 14807 9447 14807) (0.003738 s)
>> 196 (3699: 16665 13127 16665) (0.003692 s)
>> 192 (5537: 8793 5763 8793) (0.003691 s)
>> 50 (3310: 11605 4146 11605) (0.00374 s)
>> 10 (4364: 1857 8871 1857) (0.003881 s)
>> 0 (-1: -1 -1 -1) (0.003671 s)
Zelikovsky 90.0237 s
>> 456 (18974: 8126 13996 14681) (89.4371 s)
>> 338 (10230: 9044 18730 7119) (81.1555 s)
>> 301 (4193: 1440 15951 14019) (91.1711 s)
>> 257 (12864: 8793 1440 5763) (108.124 s)
>> 226 (12310: 9447 12663 8126) (102.476 s)
>> 196 (3699: 16665 2250 13127) (108.335 s)
>> 167 (18010: 9044 8793 17735) (105.023 s)
>> 88 (12612: 8871 9044 1857) (105.343 s)
>> 43 (18461: 14807 18596 8871) (100.262 s)
>> 22 (18719: 14807 13131 2681) (51.6408 s)
>> 0 (-1: -1 -1 -1) (52.1298 s)
Zelikovsky- 995.153 s
>>> get_solution
  refine_solution: new weight 40522 (was 40522) in 0.00378 s
>>> get_solution
  refine_solution: new weight 42292 (was 42292) in 0.004007 s
21,,18763,35163,28,,15324,0,,42292,42292,41844,40522,40522,,770,2,@@

  handle_small_Steiner_degrees: steiner 0, suppress 0 in 2.2e-05 s
Starting round 22
Found 327 isolated vertices
Invalid ratios recomputed: 16314
Best ratio is 785/1 (785.0), centered at 948
Finding the best star... Star with 2 terminals centered in 1440
round took: 21.1241 s
|V| = 19075, |E| = 35145, |R| = 27
>> 456 (18974: 8126 14681 8126) (0.00356 s)
>> 338 (10230: 9044 7119 9044) (0.003451 s)
>> 301 (4193: 14019 15951 14019) (0.003404 s)
>> 233 (10722: 18730 18596 18730) (0.003379 s)
>> 389 (3821: 9997 2681 9997) (0.003353 s)
>> 349 (15862: 14807 9447 14807) (0.003316 s)
>> 196 (3699: 16665 13127 16665) (0.003283 s)
>> 88 (12612: 1857 8871 1857) (0.003282 s)
>> 0 (-1: -1 -1 -1) (0.003205 s)
Zelikovsky 47.8529 s
>> 456 (18974: 8126 13996 14681) (49.3169 s)
>> 338 (10230: 9044 18730 7119) (49.5565 s)
>> 301 (4193: 1440 15951 14019) (49.7309 s)
>> 226 (12310: 9447 12663 8126) (50.0333 s)
>> 196 (3699: 16665 2250 13127) (50.3782 s)
>> 167 (18010: 9044 1440 17735) (50.509 s)
>> 88 (12612: 8871 5763 1857) (50.8889 s)
>> 43 (18461: 14807 18596 9044) (50.9683 s)
>> 22 (18719: 14807 13131 2681) (51.1958 s)
>> 0 (-1: -1 -1 -1) (51.7223 s)
Zelikovsky- 504.335 s
>>> get_solution
  refine_solution: new weight 40589 (was 40589) in 0.003772 s
>>> get_solution
  refine_solution: new weight 42234 (was 42234) in 0.003987 s
22,,18748,35145,27,,16314,0,,42234,42234,41814,40589,40589,,785,2,@@

  handle_small_Steiner_degrees: steiner 0, suppress 3 in 4.5e-05 s
Starting round 23
Found 344 isolated vertices
Invalid ratios recomputed: 15366
Best ratio is 2403/3 (801.0), centered at 1624
Finding the best star... Star with 4 terminals centered in 14807
round took: 21.9025 s
|V| = 19075, |E| = 35088, |R| = 24
>> 456 (18974: 8126 14681 8126) (0.003494 s)
>> 301 (4193: 14019 15951 14019) (0.003375 s)
>> 196 (3699: 16665 13127 16665) (0.003334 s)
>> 95 (15255: 10457 18596 10457) (0.003308 s)
>> 496 (3821: 9997 2681 9997) (0.003281 s)
>> 88 (12612: 1857 8871 1857) (0.003243 s)
>> 0 (-1: -1 -1 -1) (0.003174 s)
Zelikovsky 47.7861 s
>> 456 (18974: 8126 13996 14681) (49.3498 s)
>> 301 (4193: 1440 15951 14019) (49.5772 s)
>> 226 (12310: 9447 12663 8126) (49.8586 s)
>> 196 (3699: 16665 2250 13127) (50.1639 s)
>> 167 (18010: 14807 1440 17735) (50.2781 s)
>> 88 (12612: 8871 5763 1857) (50.6999 s)
>> 60 (1044: 18596 2681 14807) (50.7556 s)
>> 0 (-1: -1 -1 -1) (51.3398 s)
Zelikovsky- 402.052 s
>>> get_solution
  refine_solution: new weight 40519 (was 40519) in 0.00381 s
>>> get_solution
  refine_solution: new weight 41795 (was 41795) in 0.004012 s
23,,18731,35088,24,,15366,0,,41795,41795,41070,40519,40519,,2403,4,@@

  handle_small_Steiner_degrees: steiner 0, suppress 1 in 2.5e-05 s
Starting round 24
Found 391 isolated vertices
Invalid ratios recomputed: 16431
Best ratio is 870/1 (870.0), centered at 546
Finding the best star... Star with 2 terminals centered in 8126
round took: 25.6866 s
|V| = 19075, |E| = 35065, |R| = 23
>> 410 (18974: 8126 14681 8126) (0.003463 s)
>> 301 (4193: 14019 15951 14019) (0.003352 s)
>> 196 (3699: 16665 13127 16665) (0.003326 s)
>> 95 (15255: 10457 18596 10457) (0.003288 s)
>> 496 (3821: 9997 2681 9997) (0.003266 s)
>> 88 (12612: 1857 8871 1857) (0.003211 s)
>> 0 (-1: -1 -1 -1) (0.003162 s)
Zelikovsky 47.7796 s
>> 410 (18974: 8126 13996 14681) (49.3676 s)
>> 301 (4193: 1440 15951 14019) (49.5264 s)
>> 226 (12310: 9447 12663 8126) (49.8198 s)
>> 196 (3699: 16665 2250 13127) (50.1389 s)
>> 167 (18010: 14807 1440 17735) (50.337 s)
>> 88 (12612: 8871 5763 1857) (50.9266 s)
>> 60 (1044: 18596 2681 14807) (51.0369 s)
>> 0 (-1: -1 -1 -1) (51.6115 s)
Zelikovsky- 402.794 s
>>> get_solution
  refine_solution: new weight 40519 (was 40519) in 0.003778 s
>>> get_solution
  refine_solution: new weight 41795 (was 41807) in 0.003996 s
  refine_solution: new weight 41795 (was 41795) in 0.003745 s
24,,18684,35065,23,,16431,0,,41807,41795,41070,40519,40519,,870,2,@@

  handle_small_Steiner_degrees: steiner 0, suppress 1 in 2.8e-05 s
Starting round 25
Found 409 isolated vertices
Invalid ratios recomputed: 18318
Best ratio is 1777/2 (888.5), centered at 514
Finding the best star... Star with 3 terminals centered in 16665
round took: 28.3248 s
|V| = 19075, |E| = 35029, |R| = 21
>> 410 (18974: 8126 14681 8126) (0.003414 s)
>> 301 (4193: 14019 15951 14019) (0.003315 s)
>> 95 (15255: 10457 18596 10457) (0.00328 s)
>> 496 (3821: 9997 2681 9997) (0.003253 s)
>> 88 (12612: 1857 8871 1857) (0.003197 s)
>> 0 (-1: -1 -1 -1) (0.003137 s)
Zelikovsky 47.7024 s
>> 410 (18974: 8126 13996 14681) (49.3791 s)
>> 301 (4193: 1440 15951 14019) (49.5514 s)
>> 226 (12310: 9447 12663 8126) (49.8138 s)
>> 167 (18010: 14807 1440 17735) (50.1536 s)
>> 88 (12612: 8871 5763 1857) (50.7707 s)
>> 60 (1044: 18596 2681 14807) (50.8771 s)
>> 0 (-1: -1 -1 -1) (51.4876 s)
Zelikovsky- 352.06 s
>>> get_solution
  refine_solution: new weight 40519 (was 40519) in 0.003787 s
>>> get_solution
  refine_solution: new weight 41599 (was 41611) in 0.003989 s
  refine_solution: new weight 41599 (was 41599) in 0.003751 s
25,,18666,35029,21,,18318,0,,41611,41599,41070,40519,40519,,1777,3,@@

  handle_small_Steiner_degrees: steiner 0, suppress 3 in 3.3e-05 s
Starting round 26
Found 443 isolated vertices
Invalid ratios recomputed: 16852
Best ratio is 897/1 (897.0), centered at 698
Finding the best star... Star with 2 terminals centered in 15951
round took: 31.0839 s
|V| = 19075, |E| = 35005, |R| = 20
>> 410 (18974: 8126 14681 8126) (0.003383 s)
>> 301 (4193: 14019 15951 14019) (0.003296 s)
>> 204 (15632: 2681 18596 2681) (0.003256 s)
>> 88 (12612: 1857 8871 1857) (0.003225 s)
>> 0 (-1: -1 -1 -1) (0.003158 s)
Zelikovsky 47.8521 s
>> 410 (18974: 8126 13996 14681) (49.4619 s)
>> 301 (4193: 1440 15951 14019) (49.6722 s)
>> 226 (12310: 9447 12663 8126) (50.0812 s)
>> 88 (12612: 8871 5763 1857) (50.5103 s)
>> 60 (1044: 18596 1440 2681) (50.6903 s)
>> 0 (-1: -1 -1 -1) (51.2387 s)
Zelikovsky- 301.679 s
>>> get_solution
  refine_solution: new weight 40519 (was 40519) in 0.003779 s
>>> get_solution
  refine_solution: new weight 41497 (was 41509) in 0.004007 s
  refine_solution: new weight 41497 (was 41497) in 0.003741 s
26,,18632,35005,20,,16852,0,,41509,41497,40817,40519,40519,,897,2,@@

  handle_small_Steiner_degrees: steiner 0, suppress 1 in 2.7e-05 s
Starting round 27
Found 460 isolated vertices
Invalid ratios recomputed: 18464
Best ratio is 1893/2 (946.5), centered at 645
Finding the best star... Star with 3 terminals centered in 14681
round took: 35.5256 s
|V| = 19075, |E| = 34948, |R| = 18
>> 410 (18974: 8126 14681 8126) (0.003356 s)
>> 301 (4193: 14019 15951 14019) (0.003244 s)
>> 204 (15632: 2681 18596 2681) (0.003205 s)
>> 88 (12612: 1857 8871 1857) (0.003196 s)
>> 0 (-1: -1 -1 -1) (0.003131 s)
Zelikovsky 47.6834 s
>> 410 (18974: 8126 13996 14681) (49.3569 s)
>> 301 (4193: 1440 15951 14019) (49.7726 s)
>> 88 (12612: 8871 5763 1857) (50.2396 s)
>> 60 (1044: 18596 1440 2681) (50.36 s)
>> 0 (-1: -1 -1 -1) (50.9281 s)
Zelikovsky- 250.678 s
>>> get_solution
  refine_solution: new weight 40519 (was 40519) in 0.003769 s
>>> get_solution
  refine_solution: new weight 41271 (was 41283) in 0.004011 s
  refine_solution: new weight 41271 (was 41271) in 0.003765 s
27,,18615,34948,18,,18464,0,,41283,41271,40591,40519,40519,,1893,3,@@

  handle_small_Steiner_degrees: steiner 0, suppress 2 in 4.4e-05 s
Starting round 28
Found 507 isolated vertices
Invalid ratios recomputed: 17852
Best ratio is 966/1 (966.0), centered at 276
Finding the best star... Star with 2 terminals centered in 15951
round took: 37.1049 s
|V| = 19075, |E| = 34922, |R| = 17
>> 410 (18974: 8126 14681 8126) (0.003343 s)
>> 301 (4193: 14019 15951 14019) (0.003223 s)
>> 135 (3821: 9997 2681 9997) (0.003198 s)
>> 88 (12612: 1857 8871 1857) (0.003144 s)
>> 0 (-1: -1 -1 -1) (0.003102 s)
Zelikovsky 47.7989 s
>> 410 (18974: 8126 13996 14681) (49.4112 s)
>> 301 (4193: 1440 15951 14019) (49.7979 s)
>> 88 (12612: 8871 5763 1857) (50.3141 s)
>> 0 (-1: -1 -1 -1) (50.4444 s)
Zelikovsky- 199.986 s
>>> get_solution
  refine_solution: new weight 40579 (was 40579) in 0.003787 s
>>> get_solution
  refine_solution: new weight 41271 (was 41283) in 0.003983 s
  refine_solution: new weight 41271 (was 41271) in 0.00379 s
28,,18568,34922,17,,17852,0,,41283,41271,40663,40579,40579,,966,2,@@

  handle_small_Steiner_degrees: steiner 0, suppress 3 in 3.7e-05 s
Starting round 29
Found 530 isolated vertices
Invalid ratios recomputed: 18470
Best ratio is 1008/1 (1008.0), centered at 93
Finding the best star... Star with 2 terminals centered in 5763
round took: 40.4448 s
|V| = 19075, |E| = 34893, |R| = 16
>> 410 (18974: 8126 14681 8126) (0.00333 s)
>> 301 (4193: 14019 5763 14019) (0.003212 s)
>> 50 (3310: 11605 16665 11605) (0.003161 s)
>> 10 (4364: 1857 8871 1857) (0.003083 s)
>> 0 (-1: -1 -1 -1) (0.003015 s)
Zelikovsky 47.7248 s
>> 410 (18974: 8126 13996 14681) (49.3597 s)
>> 301 (4193: 5763 15951 14019) (49.7301 s)
>> 88 (12612: 8871 5763 1857) (50.3443 s)
>> 0 (-1: -1 -1 -1) (50.6071 s)
Zelikovsky- 200.06 s
>>> get_solution
  refine_solution: new weight 40579 (was 40579) in 0.003804 s
>>> get_solution
  refine_solution: new weight 41271 (was 41283) in 0.004028 s
  refine_solution: new weight 41271 (was 41271) in 0.003784 s
29,,18545,34893,16,,18470,0,,41283,41271,40743,40579,40579,,1008,2,@@

  handle_small_Steiner_degrees: steiner 0, suppress 4 in 5e-05 s
Starting round 30
Found 552 isolated vertices
Invalid ratios recomputed: 18342
Best ratio is 1039/1 (1039.0), centered at 253
Finding the best star... Star with 2 terminals centered in 8126
round took: 41.785 s
|V| = 19075, |E| = 34859, |R| = 15
>> 410 (18974: 8126 14681 8126) (0.003319 s)
>> 486 (3821: 9997 2681 9997) (0.00319 s)
>> 126 (10103: 14019 16665 14019) (0.003149 s)
>> 88 (12612: 1857 8871 1857) (0.003134 s)
>> 0 (-1: -1 -1 -1) (0.003097 s)
Zelikovsky 48.1917 s
>> 410 (18974: 8126 13996 14681) (49.974 s)
>> 301 (4193: 5763 14019 8126) (50.6124 s)
>> 88 (12612: 8871 5763 1857) (51.4273 s)
>> 0 (-1: -1 -1 -1) (51.6311 s)
Zelikovsky- 203.664 s
>>> get_solution
  refine_solution: new weight 40579 (was 40579) in 0.003817 s
>>> get_solution
  refine_solution: new weight 41271 (was 41283) in 0.004007 s
  refine_solution: new weight 41271 (was 41271) in 0.003758 s
30,,18523,34859,15,,18342,0,,41283,41271,40869,40579,40579,,1039,2,@@

  handle_small_Steiner_degrees: steiner 0, suppress 2 in 3.2e-05 s
Starting round 31
Found 578 isolated vertices
Invalid ratios recomputed: 18495
Best ratio is 2083/2 (1041.5), centered at 9747
Finding the best star... Star with 3 terminals centered in 14681
round took: 44.8795 s
|V| = 19075, |E| = 34803, |R| = 13
>> 301 (4193: 14019 5763 14019) (0.00325 s)
>> 50 (3310: 11605 16665 11605) (0.003139 s)
>> 10 (4364: 1857 8871 1857) (0.003094 s)
>> 0 (-1: -1 -1 -1) (0.003036 s)
Zelikovsky 48.5304 s
>> 301 (4193: 5763 14681 14019) (50.303 s)
>> 88 (12612: 8871 5763 1857) (51.0645 s)
>> 0 (-1: -1 -1 -1) (51.3381 s)
Zelikovsky- 152.722 s
>>> get_solution
  refine_solution: new weight 40579 (was 40579) in 0.003825 s
>>> get_solution
  refine_solution: new weight 40873 (was 40873) in 0.004015 s
31,,18497,34803,13,,18495,0,,40873,40873,40743,40579,40579,,2083,3,@@

  handle_small_Steiner_degrees: steiner 0, suppress 2 in 4.5e-05 s
Starting round 32
Found 625 isolated vertices
Invalid ratios recomputed: 18448
Best ratio is 2143/2 (1071.5), centered at 1561
Finding the best star... Star with 3 terminals centered in 14681
round took: 47.1854 s
|V| = 19075, |E| = 34748, |R| = 11
>> 88 (12612: 1857 8871 1857) (0.003204 s)
>> 0 (-1: -1 -1 -1) (0.003102 s)
Zelikovsky 49.0181 s
>> 88 (12612: 8871 14681 1857) (50.7654 s)
>> 0 (-1: -1 -1 -1) (51.015 s)
Zelikovsky- 101.793 s
>>> get_solution
  refine_solution: new weight 40579 (was 40579) in 0.003811 s
>>> get_solution
  refine_solution: new weight 40667 (was 40667) in 0.003987 s
32,,18450,34748,11,,18448,0,,40667,40667,40579,40579,40579,,2143,3,@@

  handle_small_Steiner_degrees: steiner 0, suppress 3 in 5.7e-05 s
Starting round 33
Found 673 isolated vertices
Invalid ratios recomputed: 18400
Best ratio is 1146/1 (1146.0), centered at 3512
Finding the best star... Star with 2 terminals centered in 17735
round took: 50.109 s
|V| = 19075, |E| = 34715, |R| = 10
>> 88 (12612: 1857 8871 1857) (0.003193 s)
>> 0 (-1: -1 -1 -1) (0.003099 s)
Zelikovsky 48.9782 s
>> 88 (12612: 8871 17735 1857) (50.7388 s)
>> 0 (-1: -1 -1 -1) (50.9826 s)
Zelikovsky- 101.735 s
>>> get_solution
  refine_solution: new weight 40579 (was 40579) in 0.003796 s
>>> get_solution
  refine_solution: new weight 40667 (was 40667) in 0.004018 s
33,,18402,34715,10,,18400,0,,40667,40667,40579,40579,40579,,1146,2,@@

  handle_small_Steiner_degrees: steiner 0, suppress 1 in 3e-05 s
Starting round 34
Found 700 isolated vertices
Invalid ratios recomputed: 18373
Best ratio is 1150/1 (1150.0), centered at 70
Finding the best star... Star with 2 terminals centered in 2681
round took: 51.2419 s
|V| = 19075, |E| = 34683, |R| = 9
>> 88 (12612: 1857 8871 1857) (0.003182 s)
>> 0 (-1: -1 -1 -1) (0.003066 s)
Zelikovsky 49.2775 s
>> 88 (12612: 8871 2681 1857) (50.9834 s)
>> 0 (-1: -1 -1 -1) (51.2132 s)
Zelikovsky- 102.21 s
>>> get_solution
  refine_solution: new weight 40579 (was 40579) in 0.003807 s
>>> get_solution
  refine_solution: new weight 40667 (was 40667) in 0.003966 s
34,,18375,34683,9,,18373,0,,40667,40667,40579,40579,40579,,1150,2,@@

  handle_small_Steiner_degrees: steiner 0, suppress 1 in 2.8e-05 s
Starting round 35
Found 728 isolated vertices
Invalid ratios recomputed: 18345
Best ratio is 1160/1 (1160.0), centered at 288
Finding the best star... Star with 2 terminals centered in 13131
round took: 53.2029 s
|V| = 19075, |E| = 34655, |R| = 8
>> 88 (12612: 1857 8871 1857) (0.00316 s)
>> 0 (-1: -1 -1 -1) (0.003059 s)
Zelikovsky 49.2388 s
>> 88 (12612: 8871 13131 1857) (50.908 s)
>> 0 (-1: -1 -1 -1) (51.0537 s)
Zelikovsky- 101.975 s
>>> get_solution
  refine_solution: new weight 40579 (was 40579) in 0.003783 s
>>> get_solution
  refine_solution: new weight 40667 (was 40667) in 0.003991 s
35,,18347,34655,8,,18345,0,,40667,40667,40579,40579,40579,,1160,2,@@

  handle_small_Steiner_degrees: steiner 0, suppress 0 in 2.2e-05 s
Starting round 36
Found 752 isolated vertices
Invalid ratios recomputed: 18321
Best ratio is 1296/1 (1296.0), centered at 141
Finding the best star... Star with 2 terminals centered in 16665
round took: 54.9826 s
|V| = 19075, |E| = 34631, |R| = 7
>> 88 (12612: 1857 8871 1857) (0.003147 s)
>> 0 (-1: -1 -1 -1) (0.003041 s)
Zelikovsky 49.2256 s
>> 88 (12612: 8871 13131 1857) (50.8263 s)
>> 0 (-1: -1 -1 -1) (51.0096 s)
Zelikovsky- 101.849 s
>>> get_solution
  refine_solution: new weight 40579 (was 40579) in 0.003808 s
>>> get_solution
  refine_solution: new weight 40667 (was 40667) in 0.003989 s
36,,18323,34631,7,,18321,0,,40667,40667,40579,40579,40579,,1296,2,@@

  handle_small_Steiner_degrees: steiner 0, suppress 1 in 2.8e-05 s
Starting round 37
Found 773 isolated vertices
Invalid ratios recomputed: 18302
Best ratio is 1305/1 (1305.0), centered at 89
Finding the best star... Star with 2 terminals centered in 13131
round took: 55.4803 s
|V| = 19075, |E| = 34598, |R| = 6
>> 88 (12612: 1857 8871 1857) (0.00312 s)
>> 0 (-1: -1 -1 -1) (0.003034 s)
Zelikovsky 49.9583 s
>> 88 (12612: 8871 13131 1857) (51.5868 s)
>> 0 (-1: -1 -1 -1) (51.7863 s)
Zelikovsky- 103.386 s
>>> get_solution
  refine_solution: new weight 40579 (was 40579) in 0.003836 s
>>> get_solution
  refine_solution: new weight 40667 (was 40667) in 0.00399 s
37,,18302,34598,6,,18302,0,,40667,40667,40579,40579,40579,,1305,2,@@

  handle_small_Steiner_degrees: steiner 0, suppress 3 in 4.9e-05 s
Starting round 38
Found 803 isolated vertices
Invalid ratios recomputed: 18272
Best ratio is 1325/1 (1325.0), centered at 755
Finding the best star... Star with 2 terminals centered in 10457
round took: 55.1314 s
|V| = 19075, |E| = 34559, |R| = 5
>> 88 (12612: 1857 8871 1857) (0.003107 s)
>> 0 (-1: -1 -1 -1) (0.003017 s)
Zelikovsky 49.8644 s
>> 88 (12612: 8871 10457 1857) (51.4052 s)
>> 0 (-1: -1 -1 -1) (51.6185 s)
Zelikovsky- 103.037 s
>>> get_solution
  refine_solution: new weight 40579 (was 40579) in 0.003839 s
>>> get_solution
  refine_solution: new weight 40667 (was 40667) in 0.003975 s
38,,18272,34559,5,,18272,0,,40667,40667,40579,40579,40579,,1325,2,@@

  handle_small_Steiner_degrees: steiner 0, suppress 2 in 4.3e-05 s
Starting round 39
Found 834 isolated vertices
Invalid ratios recomputed: 18241
Best ratio is 2696/2 (1348.0), centered at 2216
Finding the best star... Star with 3 terminals centered in 1857
round took: 54.5699 s
|V| = 19075, |E| = 34497, |R| = 3
>> 0 (-1: -1 -1 -1) (0.003051 s)
Zelikovsky 49.9312 s
>> 0 (-1: -1 -1 -1) (52.8481 s)
Zelikovsky- 52.8584 s
>>> get_solution
  refine_solution: new weight 40579 (was 40579) in 0.003837 s
>>> get_solution
  refine_solution: new weight 40579 (was 40579) in 0.003985 s
39,,18241,34497,3,,18241,0,,40579,40579,40579,40579,40579,,2696,3,@@

  handle_small_Steiner_degrees: steiner 0, suppress 4 in 8e-05 s
Starting round 40
Found 889 isolated vertices
Invalid ratios recomputed: 18186
Best ratio is 1573/1 (1573.0), centered at 341
Finding the best star... Star with 2 terminals centered in 1857
round took: 54.5197 s
|V| = 19075, |E| = 34466, |R| = 2
Zelikovsky 49.8972 s
Zelikovsky- 0.009294 s
>>> get_solution
  refine_solution: new weight 40579 (was 40579) in 0.003779 s
>>> get_solution
  refine_solution: new weight 40579 (was 40579) in 0.003989 s
40,,18186,34466,2,,18186,0,,40579,40579,40579,40579,40579,,1573,2,@@

  handle_small_Steiner_degrees: steiner 0, suppress 0 in 2.2e-05 s
Starting round 41
Found 912 isolated vertices
Invalid ratios recomputed: 18163
Best ratio is 1769/1 (1769.0), centered at 122
Finding the best star... Star with 2 terminals centered in 9997
round took: 53.4571 s
|V| = 19075, |E| = 34423, |R| = 1
Zelikovsky 49.9911 s
Zelikovsky- 0.009391 s
>>> get_solution
  refine_solution: new weight 40579 (was 40579) in 0.003789 s
>>> get_solution
  refine_solution: new weight 40579 (was 40579) in 0.003982 s
41,,18163,34423,1,,18163,0,,40579,40579,40579,40579,40579,,1769,2,@@

  handle_small_Steiner_degrees: steiner 0, suppress 3 in 4.7e-05 s
contract_till_the_bitter_end: 25138.1 s

Calling end_heu
>>> get_solution
Saved weight 0
end_heu: 0 loops with 0 unique solutions in 0.000325 s

Calling print_solution
>>> get_solution
  refine_solution: new weight 40579 (was 40579) in 0.003847 s
## FINAL WEIGHT 40579
print_solution: 0.009619 s
