Version: final-94-gfffc3aa rub_all.sh: remove longest prefix
Random seed: 1558114622
Start
>>> save_orig_graph
>> Saved weight 0
Graph loaded
|V| = 1977, |E| = 3836, |R| = 94
First clearance of the input. Calling buy_zero and run_all_heuristics.
  buy_zero: 0 zero edges in 1.3e-05 s
  handle_small_terminal_degrees: terms 19 in 3.5e-05 s
  handle_small_Steiner_degrees: steiner 1, suppress 81 in 5.1e-05 s
  shortest_edge_between_terminals: 10 edges in 2.2e-05 s
  handle_small_terminal_degrees: terms 2 in 7e-06 s
  handle_small_Steiner_degrees: steiner 0, suppress 1 in 7e-06 s
  shortest_edge_between_terminals: 1 edges in 6e-06 s
  handle_small_terminal_degrees: terms 0 in 3e-06 s
  handle_small_Steiner_degrees: steiner 0, suppress 0 in 6e-06 s
  shortest_edge_between_terminals: 0 edges in 4e-06 s
Compressed graph 1977 -> 1863
  delete_edges: deleted 1 edges in 0.000405 s and 1 rounds
  handle_small_terminal_degrees: terms 1 in 5e-06 s
  handle_small_Steiner_degrees: steiner 0, suppress 0 in 5e-06 s
  shortest_edge_between_terminals: 0 edges in 4e-06 s
  handle_small_terminal_degrees: terms 0 in 3e-06 s
  handle_small_Steiner_degrees: steiner 0, suppress 0 in 4e-06 s
  shortest_edge_between_terminals: 0 edges in 3e-06 s
Compressed graph 1863 -> 1862
  delete_edges_shortest_path: deleted 2 edges in 0.075696 s
  handle_small_terminal_degrees: terms 0 in 2e-06 s
  handle_small_Steiner_degrees: steiner 0, suppress 1 in 3e-06 s
  shortest_edge_between_terminals: 0 edges in 2e-06 s
  handle_small_terminal_degrees: terms 0 in 2e-06 s
  handle_small_Steiner_degrees: steiner 0, suppress 0 in 2e-06 s
  shortest_edge_between_terminals: 0 edges in 1e-06 s
Compressed graph 1862 -> 1861
  handle_small_terminal_degrees: terms 1 in 2e-06 s
  handle_small_Steiner_degrees: steiner 0, suppress 0 in 2e-06 s
  shortest_edge_between_terminals: 0 edges in 2e-06 s
  handle_small_terminal_degrees: terms 1 in 2e-06 s
  handle_small_Steiner_degrees: steiner 0, suppress 0 in 2e-06 s
  shortest_edge_between_terminals: 0 edges in 1e-06 s
  handle_small_terminal_degrees: terms 0 in 2e-06 s
  handle_small_Steiner_degrees: steiner 0, suppress 0 in 2e-06 s
  shortest_edge_between_terminals: 0 edges in 2e-06 s
Compressed graph 1861 -> 1848
  delete_edges_shortest_path: deleted 1 edges in 0.07075 s
  handle_small_terminal_degrees: terms 0 in 2e-06 s
  handle_small_Steiner_degrees: steiner 0, suppress 1 in 3e-06 s
  shortest_edge_between_terminals: 0 edges in 2e-06 s
  handle_small_terminal_degrees: terms 0 in 2e-06 s
  handle_small_Steiner_degrees: steiner 0, suppress 0 in 3e-06 s
  shortest_edge_between_terminals: 0 edges in 1e-06 s
Compressed graph 1848 -> 1847
Compressed graph 1847 -> 1847
>>> save_orig_graph
>> Saved weight 23000156
### ZEL_LVL=9 PRECISE_STARS=1

Calling `contract_till_the_bitter_end`
|V| = 1847, |E| = 3693, |R| = 82
>> 124 (170: 1795 1819 1795) (0.003663 s)
>> 108 (515: 1834 1835 1834) (0.003569 s)
>> 101 (507: 1836 1846 1836) (0.003481 s)
>> 98 (204: 1796 1833 1796) (0.003371 s)
>> 50 (196: 1823 1829 1823) (0.003296 s)
>> 42 (124: 1806 1807 1806) (0.003121 s)
>> 37 (177: 1822 1828 1822) (0.00312 s)
>> 28 (835: 1830 1831 1830) (0.003012 s)
>> 21 (1280: 1805 1821 1805) (0.003118 s)
>> 18 (1231: 1826 1827 1826) (0.002855 s)
>> 15 (1638: 1779 1782 1779) (0.002783 s)
>> 13 (1249: 1783 1786 1783) (0.002807 s)
>> 22 (202: 1824 1832 1824) (0.00272 s)
>> 11 (1725: 1767 1780 1767) (0.002595 s)
>> 10 (67: 1784 1785 1784) (0.002547 s)
>> 10 (220: 1841 1842 1841) (0.002472 s)
>> 6 (46: 1766 1776 1766) (0.002409 s)
>> 0 (-1: -1 -1 -1) (0.001622 s)
Zelikovsky 0.486373 s
>> 124 (170: 1795 1820 1819) (0.387969 s)
>> 99 (209: 1795 1835 1834) (0.387306 s)
>> 78 (128: 1795 1808 1807) (0.384873 s)
>> 58 (110: 1795 1800 1799) (0.388527 s)
>> 42 (120: 1795 312 1805) (0.386216 s)
>> 36 (116: 1795 1804 1803) (0.385511 s)
>> 36 (228: 1795 1846 1843) (0.382409 s)
>> 30 (104: 1795 1797 1796) (0.380723 s)
>> 20 (144: 1795 1813 1812) (0.384673 s)
>> 20 (201: 1795 1832 1831) (0.382051 s)
>> 18 (948: 1795 1842 1829) (0.382011 s)
>> 15 (1638: 1782 1788 1779) (0.381673 s)
>> 10 (67: 1785 1790 1784) (0.383936 s)
>> 9 (1163: 1785 1786 1766) (0.381596 s)
>> 9 (1519: 1783 1782 1774) (0.38231 s)
>> 3 (199: 1795 1830 1823) (0.381328 s)
>> 2 (130: 1795 1810 1809) (0.379413 s)
>> 1 (71: 1780 1792 1787) (0.380005 s)
>> 2 (1747: 1783 1780 1767) (0.378602 s)
>> 1 (1434: 1795 1793 1783) (0.378243 s)
>> 0 (-1: -1 -1 -1) (0.395529 s)
Zelikovsky- 8.06005 s
>>> get_solution
  refine_solution: new weight 94001283 (was 94001380) in 0.000509 s
  refine_solution: new weight 94001274 (was 94001283) in 0.000498 s
  refine_solution: new weight 94001274 (was 94001274) in 0.000489 s
>>> get_solution
  refine_solution: new weight 94001472 (was 94002601) in 0.000493 s
  refine_solution: new weight 94001339 (was 94001472) in 0.000486 s
  refine_solution: new weight 94001334 (was 94001339) in 0.000481 s
  refine_solution: new weight 94001329 (was 94001334) in 0.000479 s
  refine_solution: new weight 94001327 (was 94001329) in 0.000482 s
  refine_solution: new weight 94001327 (was 94001327) in 0.00048 s
0,,1847,3693,82,,0,0,,94002601,94001327,94001825,94001380,94001274,,0,0,@@

  delete_edges: deleted 1 edges in 0.000186 s and 1 rounds
  handle_small_Steiner_degrees: steiner 0, suppress 0 in 2e-06 s
Starting round 1
Found 0 isolated vertices
Invalid ratios recomputed: 1847
Best ratio is 40/2 (20.0), centered at 46
Finding the best star... Star with 3 terminals centered in 1785
round took: 0.319869 s
|V| = 1847, |E| = 3664, |R| = 80
>> 124 (170: 1795 1819 1795) (0.003447 s)
>> 108 (515: 1834 1835 1834) (0.003304 s)
>> 101 (507: 1836 1846 1836) (0.003226 s)
>> 98 (204: 1796 1833 1796) (0.00309 s)
>> 50 (196: 1823 1829 1823) (0.003014 s)
>> 42 (124: 1806 1807 1806) (0.002941 s)
>> 37 (177: 1822 1828 1822) (0.002821 s)
>> 28 (835: 1830 1831 1830) (0.002793 s)
>> 21 (1280: 1805 1821 1805) (0.00275 s)
>> 18 (1231: 1826 1827 1826) (0.002754 s)
>> 15 (1638: 1779 1782 1779) (0.002582 s)
>> 13 (1249: 1783 1785 1783) (0.002574 s)
>> 27 (202: 1824 1832 1824) (0.002512 s)
>> 11 (1725: 1767 1780 1767) (0.002372 s)
>> 0 (-1: -1 -1 -1) (0.001553 s)
Zelikovsky 0.460613 s
>> 124 (170: 1795 1820 1819) (0.377354 s)
>> 99 (209: 1795 1835 1834) (0.378535 s)
>> 78 (128: 1795 1808 1807) (0.377703 s)
>> 58 (110: 1795 1800 1799) (0.380916 s)
>> 42 (120: 1795 312 1805) (0.379112 s)
>> 36 (116: 1795 1804 1803) (0.377971 s)
>> 36 (228: 1795 1846 1843) (0.375143 s)
>> 30 (104: 1795 1797 1796) (0.373853 s)
>> 20 (144: 1795 1813 1812) (0.376354 s)
>> 20 (201: 1795 1832 1831) (0.373778 s)
>> 18 (948: 1795 1842 1829) (0.373924 s)
>> 15 (1638: 1782 1788 1779) (0.373375 s)
>> 10 (67: 1785 1790 1784) (0.374473 s)
>> 9 (1519: 1783 1782 1774) (0.373346 s)
>> 3 (199: 1795 1830 1823) (0.371965 s)
>> 2 (130: 1795 1810 1809) (0.370462 s)
>> 1 (71: 1780 1792 1787) (0.371157 s)
>> 2 (1747: 1783 1780 1767) (0.369799 s)
>> 1 (1434: 1795 1793 1783) (0.369163 s)
>> 0 (-1: -1 -1 -1) (0.386505 s)
Zelikovsky- 7.50977 s
>>> get_solution
  refine_solution: new weight 94001293 (was 94001391) in 0.000509 s
  refine_solution: new weight 94001277 (was 94001293) in 0.000499 s
  refine_solution: new weight 94001277 (was 94001277) in 0.000493 s
>>> get_solution
  refine_solution: new weight 94001469 (was 94002657) in 0.000492 s
  refine_solution: new weight 94001339 (was 94001469) in 0.000491 s
  refine_solution: new weight 94001325 (was 94001339) in 0.000477 s
  refine_solution: new weight 94001325 (was 94001325) in 0.000486 s
1,,1847,3664,80,,1847,0,,94002657,94001325,94001798,94001391,94001277,,40,3,@@

  handle_small_Steiner_degrees: steiner 0, suppress 3 in 8e-06 s
Starting round 2
Found 25 isolated vertices
Invalid ratios recomputed: 1484
Best ratio is 45/2 (22.5), centered at 79
Finding the best star... Star with 3 terminals centered in 1783
round took: 0.314137 s
|V| = 1847, |E| = 3636, |R| = 78
>> 124 (170: 1795 1819 1795) (0.003284 s)
>> 108 (515: 1834 1835 1834) (0.003027 s)
>> 101 (507: 1836 1846 1836) (0.002961 s)
>> 98 (204: 1783 1833 1783) (0.002954 s)
>> 95 (126: 1807 1808 1807) (0.00286 s)
>> 79 (202: 1824 1832 1824) (0.002715 s)
>> 68 (835: 1830 1831 1830) (0.002751 s)
>> 62 (182: 1806 1823 1806) (0.002593 s)
>> 43 (1015: 1828 1829 1828) (0.002613 s)
>> 28 (579: 1825 1837 1825) (0.00255 s)
>> 25 (192: 1822 1827 1822) (0.002462 s)
>> 21 (1280: 1805 1821 1805) (0.002457 s)
>> 17 (1350: 1773 1774 1773) (0.002407 s)
>> 10 (67: 1784 1785 1784) (0.002315 s)
>> 15 (18: 1768 1780 1768) (0.002267 s)
>> 15 (17: 1771 1772 1771) (0.002236 s)
>> 10 (220: 1841 1842 1841) (0.002093 s)
>> 5 (72: 1770 1779 1770) (0.002054 s)
>> 0 (-1: -1 -1 -1) (0.002037 s)
Zelikovsky 0.457924 s
>> 124 (170: 1795 1820 1819) (0.372808 s)
>> 99 (209: 1795 1835 1834) (0.371804 s)
>> 78 (128: 1795 1808 1807) (0.370179 s)
>> 58 (110: 1795 1800 1799) (0.37177 s)
>> 42 (120: 1795 312 1805) (0.370172 s)
>> 36 (116: 1795 1804 1803) (0.369393 s)
>> 36 (228: 1795 1846 1843) (0.366565 s)
>> 26 (104: 1795 1797 1783) (0.36507 s)
>> 20 (144: 1795 1813 1812) (0.374259 s)
>> 20 (201: 1795 1832 1831) (0.372677 s)
>> 18 (948: 1795 1842 1829) (0.374099 s)
>> 13 (75: 1795 1788 1780) (0.375505 s)
>> 10 (67: 1785 1790 1784) (0.382764 s)
>> 6 (41: 1795 1775 1774) (0.380877 s)
>> 6 (1701: 1795 1792 1779) (0.381603 s)
>> 3 (23: 1795 1772 1771) (0.382339 s)
>> 3 (199: 1795 1830 1823) (0.383723 s)
>> 2 (3: 1795 1781 1768) (0.382593 s)
>> 2 (130: 1795 1810 1809) (0.38155 s)
>> 0 (-1: -1 -1 -1) (0.382135 s)
Zelikovsky- 7.51689 s
>>> get_solution
  refine_solution: new weight 94001279 (was 94001376) in 0.000506 s
  refine_solution: new weight 94001272 (was 94001279) in 0.000503 s
  refine_solution: new weight 94001270 (was 94001272) in 0.000494 s
  refine_solution: new weight 94001270 (was 94001270) in 0.000496 s
>>> get_solution
  refine_solution: new weight 94001478 (was 94002635) in 0.000518 s
  refine_solution: new weight 94001406 (was 94001478) in 0.000509 s
  refine_solution: new weight 94001359 (was 94001406) in 0.000502 s
  refine_solution: new weight 94001321 (was 94001359) in 0.000499 s
  refine_solution: new weight 94001321 (was 94001321) in 0.000499 s
2,,1822,3636,78,,1484,0,,94002635,94001321,94001790,94001376,94001270,,45,3,@@

  handle_small_Steiner_degrees: steiner 0, suppress 0 in 2e-06 s
Starting round 3
Found 43 isolated vertices
Invalid ratios recomputed: 1509
Best ratio is 24/1 (24.0), centered at 71
Finding the best star... Star with 2 terminals centered in 1780
round took: 0.349239 s
|V| = 1847, |E| = 3623, |R| = 77
>> 124 (170: 1795 1819 1795) (0.003169 s)
>> 108 (515: 1834 1835 1834) (0.00301 s)
>> 101 (507: 1836 1846 1836) (0.002981 s)
>> 98 (204: 1783 1833 1783) (0.00278 s)
>> 95 (126: 1807 1808 1807) (0.002787 s)
>> 79 (202: 1824 1832 1824) (0.002743 s)
>> 68 (835: 1830 1831 1830) (0.002602 s)
>> 62 (182: 1806 1823 1806) (0.002625 s)
>> 43 (1015: 1828 1829 1828) (0.00254 s)
>> 28 (579: 1825 1837 1825) (0.002451 s)
>> 25 (192: 1822 1827 1822) (0.002348 s)
>> 21 (1280: 1805 1821 1805) (0.002346 s)
>> 17 (1350: 1773 1774 1773) (0.002283 s)
>> 10 (67: 1784 1785 1784) (0.002254 s)
>> 15 (18: 1768 1780 1768) (0.002168 s)
>> 10 (220: 1841 1842 1841) (0.002137 s)
>> 0 (-1: -1 -1 -1) (0.002064 s)
Zelikovsky 0.445562 s
>> 124 (170: 1795 1820 1819) (0.368712 s)
>> 99 (209: 1795 1835 1834) (0.36884 s)
>> 78 (128: 1795 1808 1807) (0.366584 s)
>> 58 (110: 1795 1800 1799) (0.368143 s)
>> 42 (120: 1795 312 1805) (0.366933 s)
>> 36 (116: 1795 1804 1803) (0.365887 s)
>> 36 (228: 1795 1846 1843) (0.363511 s)
>> 26 (104: 1795 1797 1783) (0.361959 s)
>> 20 (144: 1795 1813 1812) (0.370791 s)
>> 20 (201: 1795 1832 1831) (0.369769 s)
>> 18 (948: 1795 1842 1829) (0.370614 s)
>> 13 (75: 1795 1788 1780) (0.372379 s)
>> 10 (67: 1785 1790 1784) (0.379484 s)
>> 6 (41: 1795 1775 1774) (0.378435 s)
>> 3 (23: 1795 1772 1771) (0.379263 s)
>> 3 (199: 1795 1830 1823) (0.380995 s)
>> 2 (3: 1795 1781 1768) (0.379883 s)
>> 2 (130: 1795 1810 1809) (0.378881 s)
>> 0 (-1: -1 -1 -1) (0.37946 s)
Zelikovsky- 7.07529 s
>>> get_solution
  refine_solution: new weight 94001271 (was 94001365) in 0.000514 s
  refine_solution: new weight 94001264 (was 94001271) in 0.000511 s
  refine_solution: new weight 94001264 (was 94001264) in 0.000498 s
>>> get_solution
  refine_solution: new weight 94001449 (was 94002345) in 0.000518 s
  refine_solution: new weight 94001386 (was 94001449) in 0.000513 s
  refine_solution: new weight 94001356 (was 94001386) in 0.000499 s
  refine_solution: new weight 94001320 (was 94001356) in 0.000492 s
  refine_solution: new weight 94001320 (was 94001320) in 0.000501 s
3,,1804,3623,77,,1509,0,,94002345,94001320,94001787,94001365,94001264,,24,2,@@

  handle_small_Steiner_degrees: steiner 0, suppress 0 in 2e-06 s
Starting round 4
Found 53 isolated vertices
Invalid ratios recomputed: 1523
Best ratio is 27/1 (27.0), centered at 89
Finding the best star... Star with 2 terminals centered in 1795
round took: 0.366966 s
|V| = 1847, |E| = 3610, |R| = 76
>> 124 (170: 1795 1819 1795) (0.003089 s)
>> 110 (206: 1834 1846 1834) (0.003017 s)
>> 101 (579: 1835 1836 1835) (0.002698 s)
>> 98 (204: 1783 1833 1783) (0.00274 s)
>> 95 (126: 1807 1808 1807) (0.002723 s)
>> 79 (202: 1824 1832 1824) (0.00265 s)
>> 68 (835: 1830 1831 1830) (0.002509 s)
>> 62 (182: 1806 1823 1806) (0.002435 s)
>> 43 (1015: 1828 1829 1828) (0.002447 s)
>> 25 (192: 1822 1827 1822) (0.002331 s)
>> 21 (1280: 1805 1821 1805) (0.002302 s)
>> 15 (18: 1768 1780 1768) (0.002229 s)
>> 10 (220: 1841 1842 1841) (0.00222 s)
>> 0 (-1: -1 -1 -1) (0.002165 s)
Zelikovsky 0.43265 s
>> 124 (170: 1795 1820 1819) (0.364783 s)
>> 99 (209: 1795 1835 1834) (0.366153 s)
>> 78 (128: 1795 1808 1807) (0.363335 s)
>> 58 (110: 1795 1800 1799) (0.365548 s)
>> 42 (120: 1795 312 1805) (0.364769 s)
>> 36 (116: 1795 1804 1803) (0.363636 s)
>> 36 (228: 1795 1846 1843) (0.360607 s)
>> 22 (106: 1795 1798 1797) (0.359315 s)
>> 20 (144: 1795 1813 1812) (0.359955 s)
>> 20 (201: 1795 1832 1831) (0.359215 s)
>> 18 (948: 1795 1842 1829) (0.359968 s)
>> 13 (75: 1783 1788 1780) (0.360693 s)
>> 10 (67: 1795 1790 1784) (0.361785 s)
>> 6 (41: 1783 1775 1774) (0.361567 s)
>> 3 (23: 1783 1772 1771) (0.360415 s)
>> 3 (199: 1795 1830 1823) (0.361372 s)
>> 2 (3: 1783 1781 1768) (0.360174 s)
>> 2 (130: 1795 1810 1809) (0.359089 s)
>> 0 (-1: -1 -1 -1) (0.359841 s)
Zelikovsky- 6.87689 s
>>> get_solution
  refine_solution: new weight 94001275 (was 94001365) in 0.000512 s
  refine_solution: new weight 94001267 (was 94001275) in 0.000519 s
  refine_solution: new weight 94001267 (was 94001267) in 0.000501 s
>>> get_solution
  refine_solution: new weight 94001447 (was 94002448) in 0.000514 s
  refine_solution: new weight 94001392 (was 94001447) in 0.000518 s
  refine_solution: new weight 94001381 (was 94001392) in 0.000505 s
  refine_solution: new weight 94001352 (was 94001381) in 0.000508 s
  refine_solution: new weight 94001331 (was 94001352) in 0.000503 s
  refine_solution: new weight 94001331 (was 94001331) in 0.000502 s
4,,1794,3610,76,,1523,0,,94002448,94001331,94001763,94001365,94001267,,27,2,@@

  handle_small_Steiner_degrees: steiner 0, suppress 1 in 4e-06 s
Starting round 5
Found 62 isolated vertices
Invalid ratios recomputed: 1785
Best ratio is 70/1 (70.0), centered at 25
Finding the best star... Star with 2 terminals centered in 1795
round took: 0.402999 s
|V| = 1847, |E| = 3581, |R| = 75
>> 124 (170: 1795 1819 1795) (0.002989 s)
>> 122 (609: 1809 1810 1809) (0.002817 s)
>> 110 (206: 1834 1846 1834) (0.002766 s)
>> 107 (749: 1811 1817 1811) (0.002632 s)
>> 101 (579: 1835 1836 1835) (0.002573 s)
>> 95 (126: 1807 1808 1807) (0.002521 s)
>> 87 (183: 1824 1833 1824) (0.002452 s)
>> 75 (200: 1831 1832 1831) (0.002401 s)
>> 62 (182: 1806 1823 1806) (0.002308 s)
>> 50 (196: 1829 1830 1829) (0.002266 s)
>> 37 (177: 1822 1828 1822) (0.002222 s)
>> 21 (1280: 1805 1821 1805) (0.002162 s)
>> 18 (1231: 1826 1827 1826) (0.002092 s)
>> 15 (18: 1768 1780 1768) (0.002044 s)
>> 10 (220: 1841 1842 1841) (0.002005 s)
>> 0 (-1: -1 -1 -1) (0.001954 s)
Zelikovsky 0.425536 s
>> 124 (170: 1795 1820 1819) (0.354422 s)
>> 99 (209: 1795 1835 1834) (0.358497 s)
>> 78 (128: 1795 1808 1807) (0.360154 s)
>> 58 (110: 1795 1800 1799) (0.365115 s)
>> 42 (120: 1795 312 1805) (0.362599 s)
>> 36 (116: 1795 1804 1803) (0.361993 s)
>> 36 (228: 1795 1846 1843) (0.361159 s)
>> 22 (106: 1795 1798 1797) (0.36073 s)
>> 20 (144: 1795 1813 1812) (0.36207 s)
>> 20 (201: 1795 1832 1831) (0.361064 s)
>> 18 (948: 1795 1842 1829) (0.362069 s)
>> 13 (75: 1795 1788 1780) (0.362872 s)
>> 3 (23: 1795 1772 1771) (0.36937 s)
>> 3 (199: 1795 1830 1823) (0.371434 s)
>> 2 (3: 1795 1781 1768) (0.369532 s)
>> 2 (130: 1795 1810 1809) (0.368945 s)
>> 0 (-1: -1 -1 -1) (0.370227 s)
Zelikovsky- 6.18659 s
>>> get_solution
  refine_solution: new weight 94001281 (was 94001365) in 0.000522 s
  refine_solution: new weight 94001273 (was 94001281) in 0.000514 s
  refine_solution: new weight 94001273 (was 94001273) in 0.000506 s
>>> get_solution
  refine_solution: new weight 94001484 (was 94002508) in 0.000515 s
  refine_solution: new weight 94001386 (was 94001484) in 0.000511 s
  refine_solution: new weight 94001378 (was 94001386) in 0.000515 s
  refine_solution: new weight 94001376 (was 94001378) in 0.000499 s
  refine_solution: new weight 94001374 (was 94001376) in 0.000495 s
  refine_solution: new weight 94001374 (was 94001374) in 0.000492 s
5,,1785,3581,75,,1785,0,,94002508,94001374,94001630,94001365,94001273,,70,2,@@

  handle_small_Steiner_degrees: steiner 0, suppress 3 in 6e-06 s
Starting round 6
Found 86 isolated vertices
Invalid ratios recomputed: 1761
Best ratio is 74/1 (74.0), centered at 8
Finding the best star... Star with 2 terminals centered in 1795
round took: 0.401651 s
|V| = 1847, |E| = 3545, |R| = 74
>> 124 (170: 1795 1819 1795) (0.002854 s)
>> 127 (556: 1799 1800 1799) (0.002627 s)
>> 124 (407: 1818 1820 1818) (0.002552 s)
>> 122 (609: 1809 1810 1809) (0.002518 s)
>> 115 (556: 1812 1813 1812) (0.002444 s)
>> 110 (206: 1834 1846 1834) (0.002368 s)
>> 109 (721: 1797 1811 1797) (0.002295 s)
>> 101 (579: 1835 1836 1835) (0.002278 s)
>> 95 (126: 1807 1808 1807) (0.002213 s)
>> 93 (204: 1817 1833 1817) (0.00213 s)
>> 79 (202: 1824 1832 1824) (0.002109 s)
>> 68 (835: 1830 1831 1830) (0.002076 s)
>> 62 (182: 1806 1823 1806) (0.00201 s)
>> 43 (1015: 1828 1829 1828) (0.001954 s)
>> 25 (192: 1822 1827 1822) (0.001908 s)
>> 21 (1280: 1805 1821 1805) (0.001838 s)
>> 10 (220: 1841 1842 1841) (0.00179 s)
>> 0 (-1: -1 -1 -1) (0.001729 s)
Zelikovsky 0.415514 s
>> 124 (170: 1795 1820 1819) (0.343344 s)
>> 99 (209: 1795 1835 1834) (0.346663 s)
>> 78 (128: 1795 1808 1807) (0.347197 s)
>> 58 (110: 1795 1800 1799) (0.352312 s)
>> 42 (120: 1795 312 1805) (0.353169 s)
>> 36 (116: 1795 1804 1803) (0.357192 s)
>> 36 (228: 1795 1846 1843) (0.355065 s)
>> 22 (106: 1795 1798 1797) (0.354485 s)
>> 20 (144: 1795 1813 1812) (0.354933 s)
>> 20 (201: 1795 1832 1831) (0.355015 s)
>> 18 (948: 1795 1842 1829) (0.356231 s)
>> 3 (199: 1795 1830 1823) (0.357445 s)
>> 2 (130: 1795 1810 1809) (0.356041 s)
>> 0 (-1: -1 -1 -1) (0.357734 s)
Zelikovsky- 4.95041 s
>>> get_solution
  refine_solution: new weight 94001276 (was 94001361) in 0.000517 s
  refine_solution: new weight 94001269 (was 94001276) in 0.000509 s
  refine_solution: new weight 94001267 (was 94001269) in 0.000498 s
  refine_solution: new weight 94001266 (was 94001267) in 0.000496 s
  refine_solution: new weight 94001266 (was 94001266) in 0.000492 s
>>> get_solution
  refine_solution: new weight 94001469 (was 94002664) in 0.000509 s
  refine_solution: new weight 94001356 (was 94001469) in 0.000504 s
  refine_solution: new weight 94001314 (was 94001356) in 0.000491 s
  refine_solution: new weight 94001312 (was 94001314) in 0.000491 s
  refine_solution: new weight 94001312 (was 94001312) in 0.000485 s
6,,1761,3545,74,,1761,0,,94002664,94001312,94001662,94001361,94001266,,74,2,@@

  handle_small_Steiner_degrees: steiner 0, suppress 3 in 9e-06 s
Starting round 7
Found 112 isolated vertices
Invalid ratios recomputed: 1735
Best ratio is 343/2 (171.5), centered at 186
Finding the best star... Star with 3 terminals centered in 312
round took: 0.555267 s
|V| = 1847, |E| = 3473, |R| = 72
>> 111 (117: 1803 1804 1803) (0.002578 s)
>> 92 (172: 1819 1820 1819) (0.002487 s)
>> 72 (113: 1801 1802 1801) (0.002402 s)
>> 60 (149: 1815 1816 1815) (0.002313 s)
>> 54 (144: 1813 1814 1813) (0.002299 s)
>> 41 (108: 1799 1800 1799) (0.002224 s)
>> 39 (127: 1806 1807 1806) (0.002184 s)
>> 30 (136: 1810 1812 1810) (0.002127 s)
>> 11 (1280: 1805 1821 1805) (0.002057 s)
>> 10 (216: 1818 1839 1818) (0.002297 s)
>> 7 (402: 1838 1840 1838) (0.001941 s)
>> 3 (138: 1809 1811 1809) (0.001898 s)
>> 3 (180: 1808 1823 1808) (0.001832 s)
>> 2 (104: 1797 1798 1797) (0.001765 s)
>> 0 (-1: -1 -1 -1) (0.001729 s)
Zelikovsky 0.404979 s
>> 111 (117: 312 1804 1803) (0.330721 s)
>> 49 (147: 312 1814 1813) (0.331105 s)
>> 39 (127: 312 1807 1806) (0.330248 s)
>> 38 (110: 312 1800 1799) (0.330993 s)
>> 32 (160: 312 1820 1818) (0.330145 s)
>> 11 (1280: 312 1821 1805) (0.331226 s)
>> 9 (214: 312 1839 1838) (0.331786 s)
>> 7 (132: 312 1810 1809) (0.329624 s)
>> 2 (104: 312 1798 1797) (0.332424 s)
>> 0 (-1: -1 -1 -1) (0.329961 s)
Zelikovsky- 3.3109 s
>>> get_solution
  refine_solution: new weight 94001304 (was 94001323) in 0.000519 s
  refine_solution: new weight 94001285 (was 94001304) in 0.000523 s
  refine_solution: new weight 94001285 (was 94001285) in 0.000495 s
>>> get_solution
  refine_solution: new weight 94001403 (was 94001738) in 0.000506 s
  refine_solution: new weight 94001311 (was 94001403) in 0.00051 s
  refine_solution: new weight 94001304 (was 94001311) in 0.000493 s
  refine_solution: new weight 94001304 (was 94001304) in 0.000495 s
7,,1735,3473,72,,1735,0,,94001738,94001304,94001343,94001323,94001285,,343,3,@@

  handle_small_Steiner_degrees: steiner 0, suppress 2 in 7e-06 s
Starting round 8
Found 168 isolated vertices
Invalid ratios recomputed: 1679
Best ratio is 23000000/23 (1000000.0), centered at 312
Finding the best star... Star with 24 terminals centered in 1770
round took: 0.324634 s
|V| = 1847, |E| = 3428, |R| = 49
>> 111 (117: 1770 1803 1770) (0.00119 s)
>> 0 (-1: -1 -1 -1) (0.001118 s)
Zelikovsky 0.302811 s
>> 111 (117: 1770 1804 1803) (0.302833 s)
>> 49 (147: 1770 1814 1813) (0.306806 s)
>> 39 (127: 1770 1807 1806) (0.307665 s)
>> 38 (110: 1770 1800 1799) (0.310064 s)
>> 32 (160: 1770 1820 1818) (0.310708 s)
>> 11 (1280: 1770 1821 1805) (0.313641 s)
>> 9 (214: 1770 1839 1838) (0.313572 s)
>> 7 (132: 1770 1810 1809) (0.31247 s)
>> 2 (104: 1770 1798 1797) (0.316794 s)
>> 0 (-1: -1 -1 -1) (0.315735 s)
Zelikovsky- 3.11297 s
>>> get_solution
  refine_solution: new weight 94001309 (was 94001334) in 0.000523 s
  refine_solution: new weight 94001291 (was 94001309) in 0.000519 s
  refine_solution: new weight 94001291 (was 94001291) in 0.000501 s
>>> get_solution
  refine_solution: new weight 94001402 (was 94001753) in 0.000503 s
  refine_solution: new weight 94001311 (was 94001402) in 0.000508 s
  refine_solution: new weight 94001305 (was 94001311) in 0.0005 s
  refine_solution: new weight 94001304 (was 94001305) in 0.000494 s
  refine_solution: new weight 94001299 (was 94001304) in 0.000491 s
  refine_solution: new weight 94001299 (was 94001299) in 0.00048 s
8,,1679,3428,49,,1679,0,,94001753,94001299,94001573,94001334,94001291,,23000000,24,@@

  handle_small_Steiner_degrees: steiner 0, suppress 3 in 8e-06 s
Starting round 9
Found 194 isolated vertices
Invalid ratios recomputed: 1653
Best ratio is 4000004/4 (1000001.0), centered at 208
Finding the best star... Star with 5 terminals centered in 1837
round took: 0.341735 s
|V| = 1847, |E| = 3410, |R| = 45
>> 111 (117: 1803 1804 1803) (0.001013 s)
>> 92 (172: 1819 1820 1819) (0.000961 s)
>> 72 (113: 1801 1802 1801) (0.000945 s)
>> 60 (149: 1815 1816 1815) (0.000878 s)
>> 54 (144: 1813 1814 1813) (0.000869 s)
>> 41 (108: 1799 1800 1799) (0.000815 s)
>> 39 (127: 1806 1807 1806) (0.000784 s)
>> 30 (136: 1810 1812 1810) (0.000746 s)
>> 11 (1280: 1805 1821 1805) (0.000724 s)
>> 10 (216: 1818 1837 1818) (0.000689 s)
>> 0 (-1: -1 -1 -1) (0.00073 s)
Zelikovsky 0.314847 s
>> 111 (117: 1837 1804 1803) (0.297747 s)
>> 49 (147: 1837 1814 1813) (0.301821 s)
>> 39 (127: 1837 1807 1806) (0.302628 s)
>> 38 (110: 1837 1800 1799) (0.304446 s)
>> 32 (160: 1837 1820 1818) (0.305558 s)
>> 11 (1280: 1837 1821 1805) (0.307357 s)
>> 9 (214: 1837 1839 1838) (0.308306 s)
>> 7 (132: 1837 1810 1809) (0.308245 s)
>> 2 (104: 1837 1798 1797) (0.311481 s)
>> 0 (-1: -1 -1 -1) (0.311286 s)
Zelikovsky- 3.06155 s
>>> get_solution
  refine_solution: new weight 94001304 (was 94001323) in 0.000519 s
  refine_solution: new weight 94001285 (was 94001304) in 0.00052 s
  refine_solution: new weight 94001285 (was 94001285) in 0.000508 s
>>> get_solution
  refine_solution: new weight 94001401 (was 94001751) in 0.000503 s
  refine_solution: new weight 94001310 (was 94001401) in 0.000506 s
  refine_solution: new weight 94001304 (was 94001310) in 0.0005 s
  refine_solution: new weight 94001303 (was 94001304) in 0.000487 s
  refine_solution: new weight 94001298 (was 94001303) in 0.000494 s
  refine_solution: new weight 94001298 (was 94001298) in 0.000483 s
9,,1653,3410,45,,1653,0,,94001751,94001298,94001330,94001323,94001285,,4000004,5,@@

  handle_small_Steiner_degrees: steiner 0, suppress 2 in 5e-06 s
Starting round 10
Found 203 isolated vertices
Invalid ratios recomputed: 1644
Best ratio is 1000002/1 (1000002.0), centered at 104
Finding the best star... Star with 2 terminals centered in 1797
round took: 0.355595 s
|V| = 1847, |E| = 3400, |R| = 44
>> 111 (117: 1797 1803 1797) (0.000982 s)
>> 0 (-1: -1 -1 -1) (0.000916 s)
Zelikovsky 0.30101 s
>> 111 (117: 1797 1804 1803) (0.296303 s)
>> 49 (147: 1797 1814 1813) (0.300042 s)
>> 39 (127: 1797 1807 1806) (0.3002 s)
>> 38 (110: 1797 1800 1799) (0.302354 s)
>> 32 (160: 1797 1820 1818) (0.303102 s)
>> 11 (1280: 1797 1821 1805) (0.305697 s)
>> 9 (214: 1797 1839 1838) (0.306676 s)
>> 7 (132: 1797 1810 1809) (0.305818 s)
>> 0 (-1: -1 -1 -1) (0.309009 s)
Zelikovsky- 2.73161 s
>>> get_solution
  refine_solution: new weight 94001302 (was 94001323) in 0.000517 s
  refine_solution: new weight 94001301 (was 94001302) in 0.000515 s
  refine_solution: new weight 94001301 (was 94001301) in 0.000494 s
>>> get_solution
  refine_solution: new weight 94001404 (was 94001753) in 0.000508 s
  refine_solution: new weight 94001311 (was 94001404) in 0.000499 s
  refine_solution: new weight 94001305 (was 94001311) in 0.000488 s
  refine_solution: new weight 94001305 (was 94001305) in 0.000485 s
10,,1644,3400,44,,1644,0,,94001753,94001305,94001571,94001323,94001301,,1000002,2,@@

  handle_small_Steiner_degrees: steiner 0, suppress 2 in 4e-06 s
Starting round 11
Found 208 isolated vertices
Invalid ratios recomputed: 1639
Best ratio is 4000012/4 (1000003.0), centered at 75
Finding the best star... Star with 5 terminals centered in 1788
round took: 0.357599 s
|V| = 1847, |E| = 3380, |R| = 40
>> 111 (117: 1788 1803 1788) (0.000831 s)
>> 0 (-1: -1 -1 -1) (0.000782 s)
Zelikovsky 0.296235 s
>> 111 (117: 1788 1804 1803) (0.291134 s)
>> 49 (147: 1788 1814 1813) (0.295247 s)
>> 38 (110: 1788 1800 1799) (0.296187 s)
>> 36 (128: 1788 1808 1807) (0.296982 s)
>> 32 (160: 1788 1820 1818) (0.299055 s)
>> 11 (1280: 1788 1821 1805) (0.301323 s)
>> 9 (214: 1788 1839 1838) (0.302631 s)
>> 7 (132: 1788 1810 1809) (0.302824 s)
>> 0 (-1: -1 -1 -1) (0.306281 s)
Zelikovsky- 2.69411 s
>>> get_solution
  refine_solution: new weight 94001302 (was 94001323) in 0.00052 s
  refine_solution: new weight 94001284 (was 94001302) in 0.000523 s
  refine_solution: new weight 94001284 (was 94001284) in 0.0005 s
>>> get_solution
  refine_solution: new weight 94001427 (was 94001735) in 0.000505 s
  refine_solution: new weight 94001334 (was 94001427) in 0.000505 s
  refine_solution: new weight 94001305 (was 94001334) in 0.000492 s
  refine_solution: new weight 94001305 (was 94001305) in 0.000499 s
11,,1639,3380,40,,1639,0,,94001735,94001305,94001525,94001323,94001284,,4000012,5,@@

  handle_small_Steiner_degrees: steiner 0, suppress 0 in 3e-06 s
Starting round 12
Found 216 isolated vertices
Invalid ratios recomputed: 1631
Best ratio is 2000008/2 (1000004.0), centered at 139
Finding the best star... Star with 3 terminals centered in 1811
round took: 0.36535 s
|V| = 1847, |E| = 3370, |R| = 38
>> 111 (117: 1803 1804 1803) (0.000765 s)
>> 92 (172: 1811 1819 1811) (0.000738 s)
>> 0 (-1: -1 -1 -1) (0.000699 s)
Zelikovsky 0.292504 s
>> 111 (117: 1811 1804 1803) (0.288863 s)
>> 48 (149: 1811 1815 1814) (0.292652 s)
>> 38 (110: 1811 1800 1799) (0.293649 s)
>> 36 (128: 1811 1808 1807) (0.29477 s)
>> 32 (160: 1811 1820 1818) (0.29639 s)
>> 12 (130: 1811 1810 1809) (0.299479 s)
>> 11 (1280: 1811 1821 1805) (0.301254 s)
>> 9 (214: 1811 1839 1838) (0.303244 s)
>> 5 (145: 1811 1813 1812) (0.304031 s)
>> 0 (-1: -1 -1 -1) (0.303166 s)
Zelikovsky- 2.98016 s
>>> get_solution
  refine_solution: new weight 94001319 (was 94001339) in 0.000515 s
  refine_solution: new weight 94001300 (was 94001319) in 0.000502 s
  refine_solution: new weight 94001300 (was 94001300) in 0.000496 s
>>> get_solution
  refine_solution: new weight 94001441 (was 94001695) in 0.000501 s
  refine_solution: new weight 94001359 (was 94001441) in 0.000502 s
  refine_solution: new weight 94001343 (was 94001359) in 0.000492 s
  refine_solution: new weight 94001318 (was 94001343) in 0.00049 s
  refine_solution: new weight 94001290 (was 94001318) in 0.000492 s
  refine_solution: new weight 94001290 (was 94001290) in 0.000486 s
12,,1631,3370,38,,1631,0,,94001695,94001290,94001460,94001339,94001300,,2000008,3,@@

  handle_small_Steiner_degrees: steiner 0, suppress 0 in 3e-06 s
Starting round 13
Found 222 isolated vertices
Invalid ratios recomputed: 1625
Best ratio is 3000013/3 (1000004.3), centered at 214
Finding the best star... Star with 4 terminals centered in 1839
round took: 0.368783 s
|V| = 1847, |E| = 3351, |R| = 35
>> 111 (117: 1803 1804 1803) (0.000669 s)
>> 82 (172: 1819 1820 1819) (0.000622 s)
>> 72 (113: 1801 1802 1801) (0.000589 s)
>> 55 (146: 1814 1815 1814) (0.000559 s)
>> 49 (506: 1813 1816 1813) (0.00054 s)
>> 39 (108: 1799 1800 1799) (0.000512 s)
>> 36 (1215: 1806 1807 1806) (0.000492 s)
>> 26 (628: 1810 1812 1810) (0.000477 s)
>> 11 (1280: 1805 1821 1805) (0.000449 s)
>> 0 (-1: -1 -1 -1) (0.000425 s)
Zelikovsky 0.289779 s
>> 111 (117: 1839 1804 1803) (0.282496 s)
>> 48 (149: 1839 1815 1814) (0.286502 s)
>> 38 (110: 1839 1800 1799) (0.288359 s)
>> 36 (128: 1839 1808 1807) (0.289867 s)
>> 32 (160: 1839 1820 1818) (0.291695 s)
>> 12 (130: 1839 1810 1809) (0.295216 s)
>> 11 (1280: 1839 1821 1805) (0.297202 s)
>> 5 (145: 1839 1813 1812) (0.299365 s)
>> 0 (-1: -1 -1 -1) (0.298419 s)
Zelikovsky- 2.63155 s
>>> get_solution
  refine_solution: new weight 94001316 (was 94001335) in 0.000516 s
  refine_solution: new weight 94001316 (was 94001316) in 0.000504 s
>>> get_solution
  refine_solution: new weight 94001446 (was 94001728) in 0.000502 s
  refine_solution: new weight 94001375 (was 94001446) in 0.000508 s
  refine_solution: new weight 94001346 (was 94001375) in 0.000491 s
  refine_solution: new weight 94001323 (was 94001346) in 0.000494 s
  refine_solution: new weight 94001323 (was 94001323) in 0.000486 s
13,,1625,3351,35,,1625,0,,94001728,94001323,94001318,94001335,94001316,,3000013,4,@@

  handle_small_Steiner_degrees: steiner 0, suppress 1 in 4e-06 s
Starting round 14
Found 235 isolated vertices
Invalid ratios recomputed: 1612
Best ratio is 5000035/5 (1000007.0), centered at 19
Finding the best star... Star with 6 terminals centered in 1822
round took: 0.349376 s
|V| = 1847, |E| = 3314, |R| = 30
>> 111 (117: 1803 1804 1803) (0.000546 s)
>> 82 (172: 1819 1820 1819) (0.000492 s)
>> 72 (113: 1801 1802 1801) (0.000464 s)
>> 55 (146: 1814 1815 1814) (0.00044 s)
>> 49 (506: 1813 1816 1813) (0.000419 s)
>> 39 (108: 1799 1800 1799) (0.000399 s)
>> 36 (1215: 1806 1807 1806) (0.000388 s)
>> 26 (628: 1810 1812 1810) (0.000372 s)
>> 0 (-1: -1 -1 -1) (0.000351 s)
Zelikovsky 0.28628 s
>> 111 (117: 1822 1804 1803) (0.272884 s)
>> 48 (149: 1822 1815 1814) (0.277414 s)
>> 38 (110: 1822 1800 1799) (0.278435 s)
>> 36 (128: 1822 1808 1807) (0.280589 s)
>> 32 (160: 1822 1820 1818) (0.282321 s)
>> 12 (130: 1822 1810 1809) (0.286076 s)
>> 5 (145: 1822 1813 1812) (0.288322 s)
>> 0 (-1: -1 -1 -1) (0.287297 s)
Zelikovsky- 2.25551 s
>>> get_solution
  refine_solution: new weight 94001316 (was 94001335) in 0.000519 s
  refine_solution: new weight 94001297 (was 94001316) in 0.000504 s
  refine_solution: new weight 94001297 (was 94001297) in 0.000498 s
>>> get_solution
  refine_solution: new weight 94001394 (was 94001677) in 0.000518 s
  refine_solution: new weight 94001323 (was 94001394) in 0.000507 s
  refine_solution: new weight 94001319 (was 94001323) in 0.000496 s
  refine_solution: new weight 94001319 (was 94001319) in 0.000489 s
14,,1612,3314,30,,1612,0,,94001677,94001319,94001305,94001335,94001297,,5000035,6,@@

  handle_small_Steiner_degrees: steiner 1, suppress 2 in 1e-05 s
Starting round 15
Found 258 isolated vertices
Invalid ratios recomputed: 1589
Best ratio is 4000032/4 (1000008.0), centered at 0
Finding the best star... Star with 5 terminals centered in 1824
round took: 0.33189 s
|V| = 1847, |E| = 3281, |R| = 26
>> 111 (117: 1803 1804 1803) (0.000447 s)
>> 82 (172: 1819 1820 1819) (0.000412 s)
>> 72 (113: 1801 1802 1801) (0.000387 s)
>> 55 (146: 1814 1815 1814) (0.000375 s)
>> 49 (506: 1813 1816 1813) (0.000349 s)
>> 39 (108: 1799 1800 1799) (0.000332 s)
>> 36 (1215: 1806 1807 1806) (0.000325 s)
>> 26 (628: 1810 1812 1810) (0.000309 s)
>> 0 (-1: -1 -1 -1) (0.000294 s)
Zelikovsky 0.265242 s
>> 111 (117: 1824 1804 1803) (0.265313 s)
>> 48 (149: 1824 1815 1814) (0.270135 s)
>> 38 (110: 1824 1800 1799) (0.271755 s)
>> 36 (128: 1824 1808 1807) (0.273699 s)
>> 32 (160: 1824 1820 1818) (0.275854 s)
>> 12 (130: 1824 1810 1809) (0.279015 s)
>> 5 (145: 1824 1813 1812) (0.281952 s)
>> 0 (-1: -1 -1 -1) (0.281076 s)
Zelikovsky- 2.20104 s
>>> get_solution
  refine_solution: new weight 94001316 (was 94001335) in 0.000517 s
  refine_solution: new weight 94001298 (was 94001316) in 0.000511 s
  refine_solution: new weight 94001298 (was 94001298) in 0.000496 s
>>> get_solution
  refine_solution: new weight 94001440 (was 94001742) in 0.000502 s
  refine_solution: new weight 94001371 (was 94001440) in 0.000509 s
  refine_solution: new weight 94001366 (was 94001371) in 0.000513 s
  refine_solution: new weight 94001366 (was 94001366) in 0.0005 s
15,,1589,3281,26,,1589,0,,94001742,94001366,94001307,94001335,94001298,,4000032,5,@@

  handle_small_Steiner_degrees: steiner 1, suppress 3 in 1.6e-05 s
Starting round 16
Found 280 isolated vertices
Invalid ratios recomputed: 1567
Best ratio is 7000062/7 (1000008.9), centered at 617
Finding the best star... Star with 8 terminals centered in 1816
round took: 0.340272 s
|V| = 1847, |E| = 3224, |R| = 19
>> 73 (116: 1803 1804 1803) (0.000337 s)
>> 62 (170: 1816 1819 1816) (0.000314 s)
>> 0 (-1: -1 -1 -1) (0.000307 s)
Zelikovsky 0.247676 s
>> 73 (116: 1816 1804 1803) (0.252586 s)
>> 36 (128: 1816 1808 1807) (0.256724 s)
>> 24 (108: 1816 1800 1799) (0.258248 s)
>> 22 (170: 1816 1820 1819) (0.259129 s)
>> 0 (-1: -1 -1 -1) (0.262462 s)
Zelikovsky- 1.2907 s
>>> get_solution
  refine_solution: new weight 94001271 (was 94001302) in 0.000521 s
  refine_solution: new weight 94001262 (was 94001271) in 0.000521 s
  refine_solution: new weight 94001262 (was 94001262) in 0.000502 s
>>> get_solution
  refine_solution: new weight 94001342 (was 94001439) in 0.000499 s
  refine_solution: new weight 94001311 (was 94001342) in 0.000495 s
  refine_solution: new weight 94001285 (was 94001311) in 0.000491 s
  refine_solution: new weight 94001284 (was 94001285) in 0.000495 s
  refine_solution: new weight 94001284 (was 94001284) in 0.000489 s
16,,1567,3224,19,,1567,0,,94001439,94001284,94001396,94001302,94001262,,7000062,8,@@

  handle_small_Steiner_degrees: steiner 0, suppress 0 in 3e-06 s
Starting round 17
Found 318 isolated vertices
Invalid ratios recomputed: 1529
Best ratio is 1000009/1 (1000009.0), centered at 35
Finding the best star... Star with 2 terminals centered in 1774
round took: 0.290205 s
|V| = 1847, |E| = 3214, |R| = 18
>> 73 (116: 1774 1803 1774) (0.000324 s)
>> 0 (-1: -1 -1 -1) (0.000253 s)
Zelikovsky 0.24489 s
>> 73 (116: 1774 1804 1803) (0.252421 s)
>> 36 (128: 1774 1808 1807) (0.256034 s)
>> 24 (108: 1774 1800 1799) (0.257998 s)
>> 22 (170: 1774 1820 1819) (0.258979 s)
>> 0 (-1: -1 -1 -1) (0.262335 s)
Zelikovsky- 1.28932 s
>>> get_solution
  refine_solution: new weight 94001271 (was 94001302) in 0.00052 s
  refine_solution: new weight 94001262 (was 94001271) in 0.000517 s
  refine_solution: new weight 94001262 (was 94001262) in 0.000497 s
>>> get_solution
  refine_solution: new weight 94001342 (was 94001440) in 0.00051 s
  refine_solution: new weight 94001311 (was 94001342) in 0.000497 s
  refine_solution: new weight 94001285 (was 94001311) in 0.000498 s
  refine_solution: new weight 94001284 (was 94001285) in 0.00049 s
  refine_solution: new weight 94001284 (was 94001284) in 0.000484 s
17,,1529,3214,18,,1529,0,,94001440,94001284,94001423,94001302,94001262,,1000009,2,@@

  handle_small_Steiner_degrees: steiner 0, suppress 0 in 2e-06 s
Starting round 18
Found 322 isolated vertices
Invalid ratios recomputed: 1525
Best ratio is 1000010/1 (1000010.0), centered at 97
Finding the best star... Star with 2 terminals centered in 1793
round took: 0.281775 s
|V| = 1847, |E| = 3204, |R| = 17
>> 73 (116: 1793 1803 1793) (0.000322 s)
>> 0 (-1: -1 -1 -1) (0.000301 s)
Zelikovsky 0.242894 s
>> 73 (116: 1793 1804 1803) (0.250418 s)
>> 36 (128: 1793 1808 1807) (0.253949 s)
>> 24 (108: 1793 1800 1799) (0.255484 s)
>> 22 (170: 1793 1820 1819) (0.256301 s)
>> 0 (-1: -1 -1 -1) (0.259847 s)
Zelikovsky- 1.27752 s
>>> get_solution
  refine_solution: new weight 94001271 (was 94001301) in 0.000523 s
  refine_solution: new weight 94001262 (was 94001271) in 0.000515 s
  refine_solution: new weight 94001262 (was 94001262) in 0.000504 s
>>> get_solution
  refine_solution: new weight 94001342 (was 94001440) in 0.000504 s
  refine_solution: new weight 94001335 (was 94001342) in 0.00051 s
  refine_solution: new weight 94001311 (was 94001335) in 0.000495 s
  refine_solution: new weight 94001288 (was 94001311) in 0.00049 s
  refine_solution: new weight 94001288 (was 94001288) in 0.000489 s
18,,1525,3204,17,,1525,0,,94001440,94001288,94001395,94001301,94001262,,1000010,2,@@

  handle_small_Steiner_degrees: steiner 0, suppress 0 in 3e-06 s
Starting round 19
Found 328 isolated vertices
Invalid ratios recomputed: 1519
Best ratio is 3000039/3 (1000013.0), centered at 124
Finding the best star... Star with 4 terminals centered in 1808
round took: 0.285125 s
|V| = 1847, |E| = 3187, |R| = 14
>> 73 (116: 1803 1804 1803) (0.000275 s)
>> 62 (170: 1808 1819 1808) (0.000249 s)
>> 0 (-1: -1 -1 -1) (0.000253 s)
Zelikovsky 0.240234 s
>> 73 (116: 1808 1804 1803) (0.247207 s)
>> 24 (108: 1808 1800 1799) (0.250376 s)
>> 22 (170: 1808 1820 1819) (0.251281 s)
>> 0 (-1: -1 -1 -1) (0.254239 s)
Zelikovsky- 1.00442 s
>>> get_solution
  refine_solution: new weight 94001271 (was 94001302) in 0.000522 s
  refine_solution: new weight 94001262 (was 94001271) in 0.000513 s
  refine_solution: new weight 94001262 (was 94001262) in 0.000505 s
>>> get_solution
  refine_solution: new weight 94001298 (was 94001380) in 0.000501 s
  refine_solution: new weight 94001298 (was 94001298) in 0.000503 s
19,,1519,3187,14,,1519,0,,94001380,94001298,94001326,94001302,94001262,,3000039,4,@@

  handle_small_Steiner_degrees: steiner 0, suppress 0 in 2e-06 s
Starting round 20
Found 341 isolated vertices
Invalid ratios recomputed: 1506
Best ratio is 2000026/2 (1000013.0), centered at 108
Finding the best star... Star with 3 terminals centered in 1800
round took: 0.281897 s
|V| = 1847, |E| = 3177, |R| = 12
>> 73 (116: 1800 1803 1800) (0.000261 s)
>> 0 (-1: -1 -1 -1) (0.000249 s)
Zelikovsky 0.238865 s
>> 73 (116: 1800 1804 1803) (0.246022 s)
>> 22 (170: 1800 1820 1819) (0.25001 s)
>> 0 (-1: -1 -1 -1) (0.252955 s)
Zelikovsky- 0.750106 s
>>> get_solution
  refine_solution: new weight 94001271 (was 94001302) in 0.000522 s
  refine_solution: new weight 94001262 (was 94001271) in 0.000513 s
  refine_solution: new weight 94001262 (was 94001262) in 0.000519 s
>>> get_solution
  refine_solution: new weight 94001271 (was 94001357) in 0.000498 s
  refine_solution: new weight 94001264 (was 94001271) in 0.000498 s
  refine_solution: new weight 94001264 (was 94001264) in 0.000496 s
20,,1506,3177,12,,1506,0,,94001357,94001264,94001341,94001302,94001262,,2000026,3,@@

  handle_small_Steiner_degrees: steiner 0, suppress 1 in 6e-06 s
Starting round 21
Found 347 isolated vertices
Invalid ratios recomputed: 1500
Best ratio is 9000151/9 (1000016.8), centered at 114
Finding the best star... Star with 10 terminals centered in 1798
round took: 0.275334 s
|V| = 1847, |E| = 3083, |R| = 3
>> 0 (-1: -1 -1 -1) (0.000207 s)
Zelikovsky 0.223471 s
>> 0 (-1: -1 -1 -1) (0.231486 s)
Zelikovsky- 0.232251 s
>>> get_solution
  refine_solution: new weight 94001264 (was 94001266) in 0.000523 s
  refine_solution: new weight 94001264 (was 94001264) in 0.000509 s
>>> get_solution
  refine_solution: new weight 94001264 (was 94001266) in 0.000503 s
  refine_solution: new weight 94001264 (was 94001264) in 0.000496 s
21,,1500,3083,3,,1500,0,,94001266,94001264,94001266,94001266,94001264,,9000151,10,@@

  handle_small_Steiner_degrees: steiner 0, suppress 1 in 6e-06 s
Starting round 22
Found 404 isolated vertices
Invalid ratios recomputed: 1443
Best ratio is 1000032/1 (1000032.0), centered at 120
Finding the best star... Star with 2 terminals centered in 1805
round took: 0.257708 s
|V| = 1847, |E| = 3073, |R| = 2
Zelikovsky 0.224519 s
Zelikovsky- 0.000742 s
>>> get_solution
  refine_solution: new weight 94001264 (was 94001266) in 0.000519 s
  refine_solution: new weight 94001264 (was 94001264) in 0.000508 s
>>> get_solution
  refine_solution: new weight 94001264 (was 94001266) in 0.000496 s
  refine_solution: new weight 94001264 (was 94001264) in 0.000497 s
22,,1443,3073,2,,1443,0,,94001266,94001264,94001266,94001266,94001264,,1000032,2,@@

  handle_small_Steiner_degrees: steiner 0, suppress 2 in 9e-06 s
Starting round 23
Found 411 isolated vertices
Invalid ratios recomputed: 1436
Best ratio is 1000059/1 (1000059.0), centered at 42
Finding the best star... Star with 2 terminals centered in 1794
round took: 0.247193 s
|V| = 1847, |E| = 3039, |R| = 1
Zelikovsky 0.218681 s
Zelikovsky- 0.000749 s
>>> get_solution
  refine_solution: new weight 94001264 (was 94001266) in 0.000528 s
  refine_solution: new weight 94001264 (was 94001264) in 0.000508 s
>>> get_solution
  refine_solution: new weight 94001264 (was 94001266) in 0.000511 s
  refine_solution: new weight 94001264 (was 94001264) in 0.000497 s
23,,1436,3039,1,,1436,0,,94001266,94001264,94001266,94001266,94001264,,1000059,2,@@

  handle_small_Steiner_degrees: steiner 0, suppress 1 in 6e-06 s
contract_till_the_bitter_end: 94.6439 s

Calling end_heu
>>> get_solution
Saved weight 23000156
end_heu: 0 loops with 0 unique solutions in 9.3e-05 s

Calling print_solution
>>> get_solution
  refine_solution: new weight 94001264 (was 94001266) in 0.000544 s
Oops orig weight was 94001266 but we got 94001264
## FINAL WEIGHT 94001264
print_solution: 0.001176 s
