Version: final-94-gfffc3aa rub_all.sh: remove longest prefix
Random seed: 1557544438
Start
>>> save_orig_graph
>> Saved weight 0
Graph loaded
|V| = 47430, |E| = 79307, |R| = 3334
First clearance of the input. Calling buy_zero and run_all_heuristics.
  buy_zero: 12 zero edges in 0.000282 s
  handle_small_terminal_degrees: terms 3 in 4.3e-05 s
  handle_small_Steiner_degrees: steiner 2, suppress 0 in 5e-05 s
  shortest_edge_between_terminals: 0 edges in 0.000101 s
  handle_small_terminal_degrees: terms 0 in 5.3e-05 s
  handle_small_Steiner_degrees: steiner 0, suppress 2 in 6e-05 s
  shortest_edge_between_terminals: 0 edges in 5.9e-05 s
  handle_small_terminal_degrees: terms 0 in 3.5e-05 s
  handle_small_Steiner_degrees: steiner 0, suppress 0 in 5.7e-05 s
  shortest_edge_between_terminals: 0 edges in 5.8e-05 s
Compressed graph 47430 -> 47410
  delete_edges: deleted 5273 edges in 0.021026 s and 4 rounds
  handle_small_terminal_degrees: terms 30 in 6.2e-05 s
  handle_small_Steiner_degrees: steiner 85, suppress 2533 in 0.00086 s
  shortest_edge_between_terminals: 0 edges in 8.8e-05 s
  handle_small_terminal_degrees: terms 4 in 3.8e-05 s
  handle_small_Steiner_degrees: steiner 0, suppress 37 in 7.1e-05 s
  shortest_edge_between_terminals: 0 edges in 6.2e-05 s
  handle_small_terminal_degrees: terms 0 in 3.6e-05 s
  handle_small_Steiner_degrees: steiner 0, suppress 1 in 5.8e-05 s
  shortest_edge_between_terminals: 0 edges in 6.1e-05 s
  handle_small_terminal_degrees: terms 0 in 3.6e-05 s
  handle_small_Steiner_degrees: steiner 0, suppress 0 in 5.8e-05 s
  shortest_edge_between_terminals: 0 edges in 6e-05 s
Compressed graph 47410 -> 44720
  delete_edges_shortest_path: deleted 9905 edges in 59.3587 s
  handle_small_terminal_degrees: terms 1864 in 0.00092 s
  handle_small_Steiner_degrees: steiner 1514, suppress 7037 in 0.002289 s
  shortest_edge_between_terminals: 5 edges in 0.000112 s
  handle_small_terminal_degrees: terms 485 in 0.000327 s
  handle_small_Steiner_degrees: steiner 0, suppress 789 in 0.000274 s
  shortest_edge_between_terminals: 18 edges in 8.2e-05 s
  handle_small_terminal_degrees: terms 2 in 3.4e-05 s
  handle_small_Steiner_degrees: steiner 0, suppress 7 in 6.1e-05 s
  shortest_edge_between_terminals: 0 edges in 6.1e-05 s
  handle_small_terminal_degrees: terms 1 in 3.5e-05 s
  handle_small_Steiner_degrees: steiner 0, suppress 0 in 5.9e-05 s
  shortest_edge_between_terminals: 0 edges in 6e-05 s
  handle_small_terminal_degrees: terms 0 in 3.3e-05 s
  handle_small_Steiner_degrees: steiner 0, suppress 0 in 5.9e-05 s
  shortest_edge_between_terminals: 0 edges in 6e-05 s
Compressed graph 44720 -> 33007
  handle_small_terminal_degrees: terms 0 in 2.5e-05 s
  handle_small_Steiner_degrees: steiner 0, suppress 88 in 9.8e-05 s
  shortest_edge_between_terminals: 64 edges in 0.000229 s
  handle_small_terminal_degrees: terms 0 in 2.4e-05 s
  handle_small_Steiner_degrees: steiner 0, suppress 12 in 5.9e-05 s
  shortest_edge_between_terminals: 1 edges in 7.5e-05 s
  handle_small_terminal_degrees: terms 0 in 2.4e-05 s
  handle_small_Steiner_degrees: steiner 0, suppress 1 in 5.2e-05 s
  shortest_edge_between_terminals: 0 edges in 7e-05 s
  handle_small_terminal_degrees: terms 0 in 2.5e-05 s
  handle_small_Steiner_degrees: steiner 0, suppress 0 in 5.1e-05 s
  shortest_edge_between_terminals: 0 edges in 7e-05 s
Compressed graph 33007 -> 31937
  delete_edges_shortest_path: deleted 2676 edges in 12.9789 s
  handle_small_terminal_degrees: terms 72 in 7.8e-05 s
  handle_small_Steiner_degrees: steiner 120, suppress 3615 in 0.001068 s
  shortest_edge_between_terminals: 12 edges in 0.000127 s
  handle_small_terminal_degrees: terms 8 in 2.9e-05 s
  handle_small_Steiner_degrees: steiner 0, suppress 33 in 6.3e-05 s
  shortest_edge_between_terminals: 1 edges in 6.8e-05 s
  handle_small_terminal_degrees: terms 1 in 2.4e-05 s
  handle_small_Steiner_degrees: steiner 0, suppress 0 in 4.9e-05 s
  shortest_edge_between_terminals: 0 edges in 6.4e-05 s
  handle_small_terminal_degrees: terms 0 in 2.4e-05 s
  handle_small_Steiner_degrees: steiner 0, suppress 0 in 4.8e-05 s
  shortest_edge_between_terminals: 0 edges in 6.4e-05 s
Compressed graph 31937 -> 28076
Compressed graph 28076 -> 28076
>>> save_orig_graph
>> Saved weight 699389284
### ZEL_LVL=9 PRECISE_STARS=0

Calling `contract_till_the_bitter_end`
|V| = 28076, |E| = 41680, |R| = 3230
