Version: final-94-gfffc3aa rub_all.sh: remove longest prefix
Random seed: 1564082367
Start
>>> save_orig_graph
>> Saved weight 0
Graph loaded
|V| = 111708, |E| = 160504, |R| = 2052
First clearance of the input. Calling buy_zero and run_all_heuristics.
  buy_zero: 4349 zero edges in 0.00579 s
  handle_small_terminal_degrees: terms 0 in 8.8e-05 s
  handle_small_Steiner_degrees: steiner 23, suppress 47228 in 0.016682 s
  shortest_edge_between_terminals: 0 edges in 0.00033 s
  handle_small_terminal_degrees: terms 0 in 9.9e-05 s
  handle_small_Steiner_degrees: steiner 3, suppress 1184 in 0.000829 s
  shortest_edge_between_terminals: 0 edges in 0.000157 s
  handle_small_terminal_degrees: terms 0 in 0.000134 s
  handle_small_Steiner_degrees: steiner 0, suppress 106 in 0.000191 s
  shortest_edge_between_terminals: 0 edges in 0.000106 s
  handle_small_terminal_degrees: terms 0 in 8.3e-05 s
  handle_small_Steiner_degrees: steiner 0, suppress 25 in 0.000196 s
  shortest_edge_between_terminals: 0 edges in 0.000112 s
  handle_small_terminal_degrees: terms 0 in 8.3e-05 s
  handle_small_Steiner_degrees: steiner 0, suppress 13 in 0.000149 s
  shortest_edge_between_terminals: 0 edges in 0.000108 s
  handle_small_terminal_degrees: terms 0 in 0.00012 s
  handle_small_Steiner_degrees: steiner 0, suppress 9 in 0.000178 s
  shortest_edge_between_terminals: 0 edges in 0.000105 s
  handle_small_terminal_degrees: terms 0 in 8.4e-05 s
  handle_small_Steiner_degrees: steiner 0, suppress 5 in 0.000147 s
  shortest_edge_between_terminals: 0 edges in 0.000101 s
  handle_small_terminal_degrees: terms 0 in 8.3e-05 s
  handle_small_Steiner_degrees: steiner 0, suppress 4 in 0.000146 s
  shortest_edge_between_terminals: 0 edges in 0.000101 s
  handle_small_terminal_degrees: terms 0 in 8.3e-05 s
  handle_small_Steiner_degrees: steiner 0, suppress 2 in 0.000153 s
  shortest_edge_between_terminals: 0 edges in 0.000164 s
  handle_small_terminal_degrees: terms 0 in 8.6e-05 s
  handle_small_Steiner_degrees: steiner 0, suppress 2 in 0.000145 s
  shortest_edge_between_terminals: 0 edges in 0.000103 s
  handle_small_terminal_degrees: terms 0 in 8.3e-05 s
  handle_small_Steiner_degrees: steiner 0, suppress 3 in 0.000179 s
  shortest_edge_between_terminals: 0 edges in 0.000105 s
  handle_small_terminal_degrees: terms 0 in 8.3e-05 s
  handle_small_Steiner_degrees: steiner 0, suppress 2 in 0.000137 s
  shortest_edge_between_terminals: 0 edges in 0.000101 s
  handle_small_terminal_degrees: terms 0 in 0.000101 s
  handle_small_Steiner_degrees: steiner 0, suppress 3 in 0.000177 s
  shortest_edge_between_terminals: 0 edges in 0.000104 s
  handle_small_terminal_degrees: terms 0 in 8.3e-05 s
  handle_small_Steiner_degrees: steiner 0, suppress 1 in 0.000145 s
  shortest_edge_between_terminals: 0 edges in 0.0001 s
  handle_small_terminal_degrees: terms 0 in 8.3e-05 s
  handle_small_Steiner_degrees: steiner 0, suppress 4 in 0.00015 s
  shortest_edge_between_terminals: 0 edges in 0.000101 s
  handle_small_terminal_degrees: terms 0 in 0.00013 s
  handle_small_Steiner_degrees: steiner 0, suppress 2 in 0.000146 s
  shortest_edge_between_terminals: 0 edges in 0.000103 s
  handle_small_terminal_degrees: terms 0 in 8.3e-05 s
  handle_small_Steiner_degrees: steiner 0, suppress 2 in 0.000161 s
  shortest_edge_between_terminals: 0 edges in 0.000168 s
  handle_small_terminal_degrees: terms 0 in 8.3e-05 s
  handle_small_Steiner_degrees: steiner 0, suppress 0 in 0.000144 s
  shortest_edge_between_terminals: 0 edges in 0.000102 s
Compressed graph 111708 -> 58965
  delete_edges: deleted 5126 edges in 0.079371 s and 5 rounds
  handle_small_terminal_degrees: terms 0 in 5e-05 s
  handle_small_Steiner_degrees: steiner 42, suppress 3508 in 0.002384 s
  shortest_edge_between_terminals: 0 edges in 0.000275 s
  handle_small_terminal_degrees: terms 1 in 5.8e-05 s
  handle_small_Steiner_degrees: steiner 2, suppress 49 in 0.000114 s
  shortest_edge_between_terminals: 0 edges in 9.7e-05 s
  handle_small_terminal_degrees: terms 1 in 4.6e-05 s
  handle_small_Steiner_degrees: steiner 0, suppress 0 in 8.6e-05 s
  shortest_edge_between_terminals: 0 edges in 0.000108 s
  handle_small_terminal_degrees: terms 0 in 7.3e-05 s
  handle_small_Steiner_degrees: steiner 0, suppress 0 in 9e-05 s
  shortest_edge_between_terminals: 0 edges in 9.3e-05 s
Compressed graph 58965 -> 55362
  delete_edges_shortest_path: deleted 6858 edges in 0.989066 s
  handle_small_terminal_degrees: terms 2 in 5.9e-05 s
  handle_small_Steiner_degrees: steiner 676, suppress 6212 in 0.003648 s
  shortest_edge_between_terminals: 0 edges in 0.000201 s
  handle_small_terminal_degrees: terms 11 in 5.5e-05 s
  handle_small_Steiner_degrees: steiner 17, suppress 769 in 0.000459 s
  shortest_edge_between_terminals: 0 edges in 9.5e-05 s
  handle_small_terminal_degrees: terms 7 in 4.9e-05 s
  handle_small_Steiner_degrees: steiner 4, suppress 84 in 0.000121 s
  shortest_edge_between_terminals: 0 edges in 8.1e-05 s
  handle_small_terminal_degrees: terms 4 in 4.5e-05 s
  handle_small_Steiner_degrees: steiner 1, suppress 4 in 8.3e-05 s
  shortest_edge_between_terminals: 0 edges in 7.9e-05 s
  handle_small_terminal_degrees: terms 0 in 4.1e-05 s
  handle_small_Steiner_degrees: steiner 0, suppress 2 in 8.3e-05 s
  shortest_edge_between_terminals: 0 edges in 7.9e-05 s
  handle_small_terminal_degrees: terms 0 in 4.1e-05 s
  handle_small_Steiner_degrees: steiner 0, suppress 0 in 8.1e-05 s
  shortest_edge_between_terminals: 0 edges in 7.8e-05 s
Compressed graph 55362 -> 47569
  handle_small_terminal_degrees: terms 0 in 3.6e-05 s
  handle_small_Steiner_degrees: steiner 0, suppress 1 in 7.4e-05 s
  shortest_edge_between_terminals: 2 edges in 0.000317 s
  handle_small_terminal_degrees: terms 0 in 4.9e-05 s
  handle_small_Steiner_degrees: steiner 0, suppress 10 in 0.000106 s
  shortest_edge_between_terminals: 0 edges in 9.9e-05 s
  handle_small_terminal_degrees: terms 0 in 3.6e-05 s
  handle_small_Steiner_degrees: steiner 0, suppress 4 in 7.5e-05 s
  shortest_edge_between_terminals: 0 edges in 7.9e-05 s
  handle_small_terminal_degrees: terms 0 in 3.6e-05 s
  handle_small_Steiner_degrees: steiner 0, suppress 0 in 7.4e-05 s
  shortest_edge_between_terminals: 0 edges in 0.000112 s
Compressed graph 47569 -> 47538
  delete_edges_shortest_path: deleted 999 edges in 0.690638 s
  handle_small_terminal_degrees: terms 14 in 6.1e-05 s
  handle_small_Steiner_degrees: steiner 29, suppress 1189 in 0.000852 s
  shortest_edge_between_terminals: 2 edges in 0.000228 s
  handle_small_terminal_degrees: terms 7 in 4.3e-05 s
  handle_small_Steiner_degrees: steiner 1, suppress 61 in 0.000103 s
  shortest_edge_between_terminals: 0 edges in 8.1e-05 s
  handle_small_terminal_degrees: terms 2 in 3.8e-05 s
  handle_small_Steiner_degrees: steiner 0, suppress 7 in 7.6e-05 s
  shortest_edge_between_terminals: 0 edges in 7.8e-05 s
  handle_small_terminal_degrees: terms 0 in 3.5e-05 s
  handle_small_Steiner_degrees: steiner 0, suppress 0 in 7.3e-05 s
  shortest_edge_between_terminals: 0 edges in 7.6e-05 s
Compressed graph 47538 -> 46227
Compressed graph 46227 -> 46227
>>> save_orig_graph
>> Saved weight 177832
### ZEL_LVL=9 PRECISE_STARS=1

Calling `contract_till_the_bitter_end`
|V| = 46227, |E| = 77374, |R| = 2054
>> 23483 (31152: 31142 39585 31142) (26.2199 s)
>> 13593 (404: 30788 30867 30788) (24.1 s)
>> 12306 (13991: 37177 37473 37177) (24.1016 s)
>> 9898 (22515: 7162 33909 7162) (24.0975 s)
>> 9038 (2415: 31575 31586 31575) (24.0929 s)
>> 8957 (12062: 34568 36401 34568) (24.2098 s)
>> 8839 (43714: 39677 39688 39677) (24.171 s)
>> 8728 (21294: 17990 39646 17990) (24.1139 s)
>> 8088 (11: 30851 30859 30851) (24.1501 s)
>> 7874 (1587: 31205 31230 31205) (24.2964 s)
>> 7842 (4697: 32332 32372 32332) (24.2805 s)
>> 7581 (11788: 30630 36349 30630) (24.3086 s)
>> 7253 (1221: 31348 32342 31348) (24.2641 s)
>> 7090 (3126: 31667 31764 31667) (24.4051 s)
>> 6975 (5089: 32546 32555 32546) (24.3001 s)
>> 6958 (29: 30759 30828 30759) (24.3185 s)
>> 7854 (613: 30917 30924 30917) (24.3182 s)
>> 7616 (474: 30766 30885 30766) (24.3822 s)
>> 7499 (296: 30936 30957 30936) (24.4904 s)
>> 6821 (21942: 39851 39865 39851) (24.5187 s)
>> 6750 (5636: 37431 37437 37431) (24.5455 s)
>> 6703 (11364: 36220 36495 36220) (24.5888 s)
>> 6611 (4883: 32229 32488 32229) (24.5306 s)
>> 6579 (35231: 35218 35227 35218) (24.6614 s)
>> 6525 (1193: 31110 31129 31110) (24.6259 s)
>> 6435 (21067: 24831 39540 24831) (24.709 s)
>> 6420 (23617: 35845 40167 35845) (24.6401 s)
>> 6373 (4497: 32444 32462 32444) (24.8317 s)
>> 6352 (24823: 42042 42208 42042) (24.6582 s)
>> 6340 (6527: 6785 38661 6785) (24.6591 s)
>> 6329 (3771: 32047 32061 32047) (24.6579 s)
>> 6306 (2455: 31595 31599 31595) (24.7393 s)
>> 8145 (2463: 31620 31857 31620) (24.7077 s)
>> 6766 (1602: 31484 31520 31484) (24.757 s)
>> 6036 (17878: 33874 38649 33874) (24.7899 s)
>> 5984 (2995: 31605 31742 31605) (24.829 s)
>> 5981 (25845: 25850 42193 25850) (24.7615 s)
>> 5971 (8700: 34887 34896 34887) (24.7769 s)
>> 5884 (39827: 7487 39820 7487) (24.7807 s)
>> 5872 (28167: 6386 37376 6386) (23.9879 s)
>> 5863 (42696: 30241 40446 30241) (24.7925 s)
>> 5829 (33170: 33062 38539 33062) (24.8682 s)
>> 5827 (5535: 32788 34721 32788) (24.8188 s)
>> 5790 (8633: 34735 34761 34735) (24.9118 s)
>> 5769 (19343: 27006 39038 27006) (24.9269 s)
>> 5758 (37940: 40659 40668 40659) (23.9934 s)
>> 5750 (197: 30799 30976 30799) (24.8943 s)
>> 5716 (21505: 34997 35793 34997) (24.1131 s)
>> 5704 (10125: 35557 36136 35557) (24.149 s)
>> 5692 (27889: 41135 41580 41135) (24.1288 s)
>> 5688 (16815: 35739 39471 35739) (24.9935 s)
>> 5674 (5816: 32922 37613 32922) (24.9508 s)
>> 5662 (40694: 40686 40688 40686) (24.9905 s)
>> 5637 (31242: 31120 32242 31120) (24.9546 s)
>> 5632 (28572: 633 7387 633) (25.0074 s)
>> 5626 (9147: 35929 35979 35929) (25.123 s)
>> 5612 (16047: 37324 37335 37324) (25.0912 s)
>> 5611 (43877: 28413 40430 28413) (25.1783 s)
>> 5585 (21513: 39716 39759 39716) (25.1301 s)
>> 5584 (43821: 40078 40091 40078) (25.1456 s)
>> 5579 (7016: 33523 33537 33523) (25.1616 s)
>> 5562 (18852: 17951 22572 17951) (25.1065 s)
>> 5540 (2761: 31546 31655 31546) (25.1425 s)
>> 5513 (25437: 26175 40679 26175) (24.3856 s)
>> 5476 (3409: 31804 32118 31804) (25.2166 s)
>> 5835 (2751: 31796 31815 31796) (25.2683 s)
>> 5461 (19192: 22245 39079 22245) (25.2144 s)
>> 5454 (16068: 38033 38170 38033) (25.2808 s)
>> 5449 (2629: 31926 31933 31926) (25.2593 s)
>> 5445 (28444: 41701 41757 41701) (25.3464 s)
>> 5432 (1928: 31279 31402 31279) (25.2819 s)
>> 5397 (11253: 36158 36177 36158) (25.298 s)
>> 5396 (28950: 1786 42047 1786) (25.3523 s)
>> 5386 (12717: 19701 36709 19701) (25.359 s)
>> 5372 (8166: 34483 34491 34483) (25.3247 s)
>> 5360 (15473: 32946 32950 32946) (25.3745 s)
>> 5360 (9915: 35373 35403 35373) (24.5397 s)
>> 5341 (24053: 40282 40383 40282) (25.3707 s)
>> 5331 (10727: 16446 35907 16446) (25.4392 s)
>> 5308 (42750: 21643 31063 21643) (25.452 s)
>> 5300 (18966: 38938 38943 38938) (25.464 s)
>> 5279 (4423: 31353 31374 31353) (24.6391 s)
>> 6370 (32357: 31382 32350 31382) (24.6268 s)
>> 5277 (43652: 38797 38961 38797) (24.6506 s)
>> 5267 (31158: 31153 31155 31153) (25.4881 s)
>> 5880 (1032: 31085 31160 31085) (25.5209 s)
>> 5257 (7069: 38688 38694 38688) (25.5542 s)
>> 5238 (11166: 36112 36143 36112) (25.6207 s)
>> 5219 (20385: 25278 39291 25278) (25.6661 s)
>> 5209 (9181: 35022 35060 35022) (25.5733 s)
>> 5205 (7886: 34096 34295 34096) (24.7885 s)
>> 5196 (43689: 39353 39455 39353) (25.5233 s)
>> 5165 (10620: 35882 35901 35882) (25.5655 s)
>> 5152 (12570: 36610 36631 36610) (25.6008 s)
>> 5150 (5624: 32472 32841 32472) (25.5433 s)
>> 5143 (33920: 33912 37916 33912) (25.6069 s)
>> 5132 (9472: 35188 35512 35188) (25.6852 s)
>> 5126 (27726: 23654 41418 23654) (25.6427 s)
>> 5122 (5658: 32797 32851 32797) (25.5927 s)
>> 5108 (25021: 25918 39948 25918) (24.7649 s)
>> 5083 (2879: 2036 4052 2036) (25.6268 s)
>> 5073 (11313: 36200 36389 36200) (25.6569 s)
>> 5452 (44035: 32394 32496 32394) (25.5574 s)
>> 5072 (36515: 36365 36511 36365) (25.5945 s)
>> 5071 (10598: 22710 23722 22710) (24.8651 s)
>> 5068 (17665: 33145 34157 33145) (25.649 s)
>> 5064 (11487: 10568 35435 10568) (25.7016 s)
>> 5063 (6209: 6247 38607 6247) (25.7006 s)
>> 5042 (43833: 14954 40250 14954) (25.6816 s)
>> 5041 (19672: 39110 39321 39110) (25.7375 s)
>> 5040 (13866: 37763 37767 37763) (24.9466 s)
>> 5035 (40909: 26082 41192 26082) (24.9904 s)
>> 5031 (43716: 39752 39780 39752) (25.7749 s)
>> 5020 (25659: 25868 38919 25868) (25.6927 s)
>> 4997 (43985: 6076 42145 6076) (25.8078 s)
>> 5361 (29256: 300 42144 300) (25.8108 s)
>> 4988 (12919: 33929 33985 33929) (25.7837 s)
>> 4987 (26948: 19959 26123 19959) (25.8448 s)
>> 4961 (41220: 41200 41216 41200) (25.7902 s)
>> 4933 (7495: 34051 34071 34051) (25.9378 s)
>> 4931 (23347: 40192 40213 40192) (25.9222 s)
>> 4929 (32640: 32627 32635 32627) (25.9015 s)
>> 4926 (31915: 31906 31914 31906) (25.8105 s)
>> 4926 (14879: 32970 34319 32970) (25.8303 s)
>> 4915 (36630: 34252 36622 34252) (25.8897 s)
>> 4912 (17547: 17656 37163 17656) (25.9299 s)
>> 4886 (43121: 34512 34525 34512) (25.9776 s)
>> 4880 (23350: 29640 29902 29640) (25.9531 s)
>> 4876 (13734: 38148 38167 38148) (25.9784 s)
>> 4971 (13719: 37212 37947 37212) (26.0072 s)
>> 4871 (14453: 37340 37401 37340) (26.0176 s)
>> 4856 (11502: 36238 37458 36238) (26.0199 s)
>> 4853 (11021: 35667 35674 35667) (26.0256 s)
>> 4851 (23316: 40075 40096 40075) (26.0024 s)
>> 4840 (38863: 28391 37309 28391) (26.0095 s)
>> 4819 (43633: 38881 40404 38881) (26.0594 s)
>> 4806 (42030: 945 42025 945) (25.9937 s)
>> 4803 (43257: 36235 37451 36235) (26.02 s)
>> 4797 (7529: 34085 34089 34085) (26.0704 s)
>> 4870 (7892: 34302 34347 34302) (26.1694 s)
>> 4783 (8972: 30353 34900 30353) (26.1568 s)
>> 4767 (19064: 38994 39000 38994) (26.1332 s)
>> 4753 (20781: 10433 39375 10433) (26.194 s)
>> 4747 (32670: 32508 32619 32508) (26.1355 s)
>> 4742 (43831: 40179 40187 40179) (26.0472 s)
>> 4740 (871: 30895 31035 30895) (26.065 s)
>> 4731 (41605: 29541 39505 29541) (26.1048 s)
>> 4720 (14766: 37501 38265 37501) (26.1345 s)
>> 4682 (16761: 5848 33591 5848) (26.1448 s)
>> 4679 (34523: 34393 34504 34393) (26.109 s)
>> 4677 (24924: 24279 40889 24279) (26.0915 s)
>> 4668 (22111: 909 6287 909) (26.1006 s)
>> 4663 (17913: 34135 34246 34135) (26.0331 s)
>> 4653 (40657: 40645 40653 40645) (26.0382 s)
>> 4637 (17266: 41432 41454 41432) (26.0979 s)
>> 4631 (41566: 22440 41543 22440) (26.081 s)
>> 4626 (11259: 36183 36207 36183) (26.1419 s)
>> 4618 (18633: 19967 26425 19967) (26.1524 s)
>> 4617 (31032: 31031 31043 31031) (26.148 s)
>> 4612 (30259: 40761 40770 40761) (26.1398 s)
>> 4608 (22971: 28468 41549 28468) (26.1342 s)
>> 4606 (15865: 113 41891 113) (26.1298 s)
>> 4599 (33049: 35533 36128 35533) (26.1553 s)
>> 4596 (17048: 3671 38375 3671) (26.2113 s)
>> 4584 (27451: 9836 40548 9836) (26.2013 s)
>> 4565 (18458: 38801 38804 38801) (26.2026 s)
>> 4552 (399: 30781 30870 30781) (26.2079 s)
>> 4545 (36256: 21813 36250 21813) (26.2447 s)
>> 4538 (36534: 40517 40528 40517) (26.2671 s)
>> 4951 (25124: 17230 40620 17230) (26.287 s)
>> 4524 (43637: 24708 39924 24708) (26.2903 s)
>> 4519 (25620: 25080 36346 25080) (26.3104 s)
>> 4770 (24548: 19374 40597 19374) (26.2319 s)
>> 4502 (3146: 31771 31787 31771) (26.2432 s)
>> 4499 (32071: 32069 32076 32069) (26.2853 s)
>> 4489 (1730: 31309 31332 31309) (26.3476 s)
>> 4480 (15838: 42243 42259 42243) (26.3537 s)
>> 4478 (12162: 36459 36464 36459) (26.3553 s)
>> 4456 (4620: 32428 32434 32428) (26.3848 s)
>> 4456 (26714: 13410 41086 13410) (26.4146 s)
>> 4451 (33059: 33040 33053 33040) (26.4437 s)
>> 4446 (38839: 28873 38832 28873) (26.4579 s)
>> 4444 (18724: 38295 38411 38295) (26.477 s)
>> 4431 (4223: 32235 32251 32235) (26.3629 s)
>> 4409 (25304: 35165 40825 35165) (26.4382 s)
>> 4390 (10273: 34406 35642 34406) (26.4576 s)
>> 4383 (36081: 28297 35655 28297) (26.4684 s)
>> 4378 (19517: 39063 39067 39063) (26.4827 s)
>> 4394 (19598: 39057 39089 39057) (26.5364 s)
>> 4374 (20317: 11779 39105 11779) (26.6275 s)
>> 4369 (12485: 36582 36854 36582) (26.5627 s)
>> 4894 (12584: 36525 36601 36525) (26.5596 s)
>> 4361 (24163: 38591 39608 38591) (26.5644 s)
>> 4350 (13240: 32518 38433 32518) (26.5456 s)
>> 4346 (7965: 34316 34353 34316) (26.5265 s)
>> 4346 (40566: 40374 40561 40374) (26.5533 s)
>> 4342 (31854: 32657 32664 32657) (26.5899 s)
>> 4341 (28709: 35290 42072 35290) (26.6214 s)
>> 4325 (42589: 34569 42250 34569) (26.6208 s)
>> 4324 (40959: 39286 40897 39286) (26.7064 s)
>> 4321 (19016: 25588 38947 25588) (26.5969 s)
>> 4312 (1781: 31336 31359 31336) (26.6081 s)
>> 4306 (21664: 39763 39773 39763) (26.6296 s)
>> 4301 (30282: 18213 35445 18213) (26.6481 s)
>> 4292 (37741: 37732 37790 37732) (26.5886 s)
>> 4290 (24227: 38785 40347 38785) (26.5899 s)
>> 4271 (44046: 35877 35914 35877) (26.5537 s)
>> 4269 (2360: 31530 31566 31530) (26.6126 s)
>> 4259 (19827: 10596 39136 10596) (26.6216 s)
>> 4255 (30134: 2065 42627 2065) (26.6682 s)
>> 4252 (43113: 33942 37110 33942) (26.706 s)
>> 4249 (22103: 6547 39893 6547) (26.7551 s)
>> 4244 (41045: 35181 41062 35181) (26.718 s)
>> 4243 (30723: 6391 8601 6391) (26.7579 s)
>> 4243 (11526: 21626 42100 21626) (26.7038 s)
>> 4229 (29160: 14254 20961 14254) (26.7502 s)
>> 4226 (39734: 30625 39712 30625) (26.7478 s)
>> 4223 (3498: 31712 31944 31712) (26.8072 s)
>> 4197 (400: 2868 38331 2868) (26.7951 s)
>> 4195 (23009: 30527 35383 30527) (26.8247 s)
>> 4195 (3954: 41862 41864 41862) (26.8742 s)
>> 4182 (28800: 7699 42003 7699) (26.8362 s)
>> 4175 (43152: 34575 34588 34575) (26.8356 s)
>> 4174 (27809: 41529 41552 41529) (26.8407 s)
>> 4230 (14258: 41120 41248 41120) (26.8959 s)
>> 5177 (26438: 41004 41016 41004) (26.907 s)
>> 4170 (32919: 32904 32914 32904) (26.8978 s)
>> 4165 (6352: 32955 33150 32955) (26.8865 s)
>> 4163 (8315: 36668 36675 36668) (26.8794 s)
>> 4141 (15373: 7586 15552 7586) (26.1391 s)
>> 4152 (15049: 34122 41716 34122) (26.1904 s)
>> 4119 (22859: 40042 40061 40042) (26.1907 s)
>> 4113 (8418: 42009 42055 42009) (26.2078 s)
>> 4105 (20272: 39295 39302 39295) (26.2082 s)
>> 4099 (38589: 14967 38552 14967) (26.8854 s)
>> 4079 (18618: 39989 39998 39989) (26.1691 s)
>> 4076 (8442: 8226 8402 8226) (26.159 s)
>> 4075 (12911: 36808 37079 36808) (26.2057 s)
>> 4065 (41372: 41331 41363 41331) (26.9323 s)
>> 4061 (38245: 38243 38248 38243) (26.92 s)
>> 4060 (43829: 40148 41836 40148) (26.8952 s)
>> 4058 (37057: 14382 28992 14382) (26.1807 s)
>> 4053 (23634: 41773 41779 41773) (26.2259 s)
>> 4052 (23916: 5821 7730 5821) (26.2241 s)
>> 4050 (28943: 42051 42057 42051) (26.2721 s)
>> 4049 (344: 30842 32222 30842) (26.2491 s)
>> 4048 (43484: 36978 36995 36978) (26.2832 s)
>> 4044 (3961: 32084 32125 32084) (26.262 s)
>> 4083 (3272: 31879 31993 31879) (26.2844 s)
>> 4041 (45633: 34671 34686 34671) (26.3329 s)
>> 4036 (9892: 29779 35439 29779) (26.3792 s)
>> 4031 (41325: 41303 41324 41303) (26.4454 s)
>> 4499 (17223: 29889 41335 29889) (26.4352 s)
>> 4009 (18441: 38811 38925 38811) (26.4464 s)
>> 4007 (28565: 35137 35147 35137) (26.3571 s)
>> 3998 (33996: 33992 34005 33992) (26.3436 s)
>> 3979 (20857: 38195 38203 38195) (26.3827 s)
>> 3975 (26488: 41023 41027 41023) (26.3916 s)
>> 4167 (40781: 28500 41020 28500) (26.4225 s)
>> 4302 (25863: 28239 40795 28239) (26.442 s)
>> 3961 (1766: 31296 31327 31296) (26.4503 s)
>> 3941 (2058: 31462 31492 31462) (26.4559 s)
>> 3931 (10211: 1429 41960 1429) (27.187 s)
>> 3929 (15069: 37650 37912 37650) (27.2171 s)
>> 3914 (10884: 18959 26473 18959) (27.2449 s)
>> 4536 (25682: 35993 36002 35993) (27.2635 s)
>> 3914 (8043: 35650 42525 35650) (27.2727 s)
>> 3911 (24978: 40572 40593 40572) (27.2023 s)
>> 3908 (33068: 32388 32405 32388) (27.1797 s)
>> 3895 (35627: 8791 41943 8791) (27.2325 s)
>> 3894 (5375: 32694 32718 32694) (27.2123 s)
>> 3892 (18915: 37943 37965 37943) (27.2188 s)
>> 3892 (39922: 20476 23182 20476) (27.2184 s)
>> 3882 (35719: 35687 35720 35687) (27.2114 s)
>> 3881 (38841: 39901 39916 39901) (27.2052 s)
>> 3866 (17929: 38287 38680 38287) (27.2159 s)
>> 3864 (10509: 35806 35819 35806) (27.2592 s)
>> 3863 (39165: 27039 41591 27039) (27.2479 s)
>> 3861 (22434: 30097 41439 30097) (27.2214 s)
>> 3852 (20039: 19704 24004 19704) (27.2277 s)
>> 3851 (22109: 39840 39876 39840) (26.5276 s)
>> 3851 (42286: 9278 42270 9278) (26.5103 s)
>> 3842 (11395: 40606 40614 40606) (26.5688 s)
>> 3839 (18086: 17603 38737 17603) (26.5791 s)
>> 3829 (12169: 42327 42338 42327) (27.2772 s)
>> 3791 (21214: 41422 42217 41422) (26.5622 s)
>> 3790 (9996: 35479 35694 35479) (27.2761 s)
>> 3781 (40219: 25876 40246 25876) (27.2553 s)
>> 4017 (40222: 40220 40228 40220) (27.2089 s)
>> 3775 (4351: 32317 32328 32317) (27.2589 s)
>> 3765 (27117: 27349 40713 27349) (27.2503 s)
>> 3761 (733: 30983 30987 30983) (27.3041 s)
>> 3746 (19875: 39112 39151 39112) (27.2528 s)
>> 3724 (1259: 4034 5570 4034) (27.2366 s)
>> 3717 (27870: 41720 41728 41720) (27.2261 s)
>> 3710 (30455: 41498 41560 41498) (27.2815 s)
>> 3702 (33038: 33010 33022 33010) (27.2644 s)
>> 3844 (32945: 32935 32942 32935) (27.2706 s)
>> 3699 (19302: 41066 41072 41066) (26.6054 s)
>> 3698 (33101: 33088 33095 33088) (26.5674 s)
>> 3696 (1018: 31093 31098 31093) (27.2785 s)
>> 3988 (1254: 31134 31216 31134) (26.5315 s)
>> 3695 (44852: 36550 36557 36550) (26.5412 s)
>> 3694 (20334: 20195 39329 20195) (26.5274 s)
>> 3677 (39222: 39199 39208 39199) (26.6087 s)
>> 3676 (5528: 32601 34768 32601) (26.5758 s)
>> 3675 (16474: 34379 34535 34379) (27.2908 s)
>> 3674 (17679: 7754 34875 7754) (27.3217 s)
>> 3670 (42206: 26486 42187 26486) (27.372 s)
>> 4233 (25568: 42196 42224 42196) (27.4405 s)
>> 3668 (27843: 28286 30197 28286) (27.4032 s)
>> 3654 (3847: 32052 32054 32052) (27.3603 s)
>> 3651 (18244: 38745 38757 38745) (27.3078 s)
>> 3642 (33900: 38710 38715 38710) (27.3053 s)
>> 3633 (14640: 32961 34075 32961) (27.3376 s)
>> 3616 (5284: 3247 3271 3247) (27.3659 s)
>> 3613 (37281: 37241 37279 37241) (27.41 s)
>> 3609 (42493: 13008 13725 13008) (27.4078 s)
>> 3608 (40735: 41077 41083 41077) (27.4047 s)
>> 3604 (11636: 36100 36121 36100) (27.3979 s)
>> 3602 (20805: 35274 35358 35274) (27.4025 s)
>> 4254 (9126: 35029 35331 35029) (27.4304 s)
>> 3606 (35067: 35068 35084 35068) (27.4349 s)
>> 3601 (7074: 33566 33576 33566) (27.4099 s)
>> 3597 (43807: 8006 30940 8006) (27.3748 s)
>> 3597 (42710: 1233 8917 1233) (27.3775 s)
>> 3595 (25962: 40865 40871 40865) (27.4805 s)
>> 3582 (26619: 42636 42647 42636) (27.4839 s)
>> 3579 (26616: 2909 42295 2909) (27.4471 s)
>> 3576 (31431: 31426 31430 31426) (27.4247 s)
>> 3571 (43150: 32969 33333 32969) (27.3744 s)
>> 3565 (38576: 38575 38592 38575) (27.3338 s)
>> 3564 (11025: 14483 36029 14483) (27.3601 s)
>> 3564 (29812: 5447 10251 5447) (27.3783 s)
>> 3563 (20673: 38810 39410 38810) (27.428 s)
>> 3562 (26111: 40695 40885 40695) (27.4202 s)
>> 3555 (9546: 14198 35212 14198) (27.408 s)
>> 4254 (35179: 35168 35175 35168) (27.4214 s)
>> 3952 (11516: 35160 41492 35160) (27.4639 s)
>> 3547 (8071: 34420 34450 34420) (27.5312 s)
>> 3538 (1057: 38297 38373 38297) (27.4436 s)
>> 3538 (27639: 15581 42398 15581) (27.3634 s)
>> 3536 (17254: 33158 33172 33158) (27.3988 s)
>> 3533 (31979: 38133 38143 38133) (27.406 s)
>> 3529 (26380: 40861 40988 40861) (27.4247 s)
>> 3527 (9918: 30087 35484 30087) (27.4448 s)
>> 3523 (17965: 34729 34740 34729) (27.4215 s)
>> 3523 (24098: 14267 16965 14267) (27.3845 s)
>> 5631 (41956: 29417 38891 29417) (27.4019 s)
>> 3515 (7349: 33965 34175 33965) (27.3588 s)
>> 3514 (16880: 28664 40504 28664) (27.4275 s)
>> 3503 (33192: 33167 33187 33167) (27.428 s)
>> 3500 (36193: 36171 36190 36171) (27.4173 s)
>> 3493 (27336: 41367 41443 41367) (27.356 s)
>> 4182 (27345: 41275 41320 41275) (27.3681 s)
>> 3618 (22939: 29852 41348 29852) (27.3676 s)
>> 3482 (42389: 446 10234 446) (27.3702 s)
>> 3476 (35122: 35116 35123 35116) (27.5295 s)
>> 3476 (41877: 12374 41854 12374) (27.4409 s)
>> 3796 (41886: 41871 41879 41871) (27.4186 s)
>> 4370 (41851: 40120 41850 40120) (27.426 s)
>> 3474 (44263: 22285 25402 22285) (27.4354 s)
>> 3461 (20186: 39274 39277 39274) (27.4275 s)
>> 3459 (43089: 33193 33244 33193) (27.4288 s)
>> 3448 (4007: 31919 32141 31919) (27.3917 s)
>> 3440 (40737: 40732 40736 40732) (27.3441 s)
>> 3434 (7768: 33311 34211 33311) (27.3405 s)
>> 3432 (45446: 33945 33976 33945) (27.4011 s)
>> 3430 (5679: 32856 32873 32856) (27.3847 s)
>> 3430 (23240: 30113 36052 30113) (27.3729 s)
>> 3419 (33318: 33316 33343 33316) (26.7514 s)
>> 3419 (12500: 36530 36565 36530) (26.7486 s)
>> 3416 (5471: 13249 31127 13249) (26.7465 s)
>> 3413 (32708: 32701 32704 32701) (27.4061 s)
>> 3407 (37881: 37873 37882 37873) (27.4239 s)
>> 3390 (14703: 36247 37488 36247) (27.4557 s)
>> 3390 (43607: 32628 38397 32628) (27.3861 s)
>> 3384 (20716: 27818 39433 27818) (27.4105 s)
>> 3916 (39420: 39405 39418 39405) (27.3823 s)
>> 3377 (18193: 23424 38770 23424) (27.417 s)
>> 3373 (15043: 37659 37669 37659) (27.4094 s)
>> 3366 (18181: 25135 39564 25135) (27.3702 s)
>> 3356 (45940: 33616 33625 33616) (27.3384 s)
>> 3353 (1694: 1642 2225 1642) (27.3004 s)
>> 3343 (29403: 7671 42156 7671) (26.7927 s)
>> 3331 (27911: 16853 40838 16853) (26.8008 s)
>> 3327 (39175: 20430 25931 20430) (26.8373 s)
>> 3303 (11037: 36061 36082 36061) (26.7386 s)
>> 3296 (9710: 14 8901 14) (26.6828 s)
>> 0 (-1: -1 -1 -1) (19.6843 s)
Zelikovsky 16243.4 s
>> 23483 (31152: 31142 39673 39585) (2191.93 s)
>> 13593 (404: 30788 30870 30867) (2199.17 s)
>> 12306 (13991: 37177 37501 37473) (2187.88 s)
>> 9898 (22515: 33909 40053 7162) (2657.18 s)
>> 9038 (2415: 31586 31595 31575) (1951.94 s)
>> 8957 (12062: 36401 36407 34568) (1903.59 s)
>> 8839 (43714: 39759 39688 39677) (1949.38 s)
>> 8088 (11: 30859 30983 30851) (1864.45 s)
>> 7874 (1587: 31205 31507 31230) (1947.95 s)
>> 7842 (4697: 32444 32372 32332) (1899.37 s)
>> 7581 (11788: 30630 36716 36349) (1940.6 s)
>> 7381 (21294: 17990 39696 39646) (1827.03 s)
>> 7325 (1288: 31153 31160 31142) (1942.18 s)
>> 7253 (1221: 31348 32359 32342) (1903.73 s)
>> 7090 (3126: 31906 31764 31667) (1972.1 s)
>> 6975 (5089: 32546 32757 32555) (1746.02 s)
>> 6958 (29: 30759 32225 30828) (1684.31 s)
>> 6821 (21942: 39869 39865 39851) (1675.65 s)
>> 6750 (5636: 37431 37463 37437) (1698.98 s)
>> 6703 (11364: 36495 37284 36220) (1814.38 s)
>> 6579 (35231: 35227 35245 35218) (2914.88 s)
>> 6435 (21067: 39540 39552 24831) (2402.65 s)
>> 6420 (23617: 40167 41825 35845) (2611.42 s)
>> 6352 (24823: 42224 42208 42042) (2294.63 s)
>> 6340 (6527: 38661 39828 6785) (2128.7 s)
>> 6329 (3771: 32061 3529 32047) (1952.99 s)
>> 6198 (2455: 31586 31620 31599) (1997.32 s)
>> 5984 (2995: 31742 31758 31605) (1890.74 s)
>> 5971 (8700: 34909 34896 34887) (2214.46 s)
>> 5962 (4244: 31110 32242 31348) (2527.46 s)
>> 5872 (28167: 37376 42792 6386) (2137.95 s)
>> 5863 (42696: 40449 40446 30241) (1973.92 s)
>> 5830 (42200: 42196 42224 42193) (2003.28 s)
>> 5829 (33170: 38545 38539 33062) (1866.25 s)
>> 5827 (5535: 34721 34768 32788) (2186.72 s)
>> 5769 (19343: 39038 39154 27006) (2153.95 s)
>> 5758 (37940: 40668 40791 40659) (2140.55 s)
>> 5704 (10125: 35557 36147 36136) (2086.69 s)
>> 5692 (27889: 41580 41587 41135) (2373.46 s)
>> 5688 (16815: 35739 39488 39471) (2010.33 s)
>> 5674 (5816: 37613 37621 32922) (2623.98 s)
>> 5662 (40694: 40688 40729 40686) (2242.43 s)
>> 5632 (28572: 7387 7407 633) (2390.88 s)
>> 5626 (9147: 36121 35979 35929) (2222.47 s)
>> 5612 (16047: 37335 42804 37324) (2541.29 s)
>> 5592 (25316: 40688 40651 40614) (2462.63 s)
>> 5584 (43821: 40246 40091 40078) (2366.52 s)
>> 5579 (7016: 33523 33566 33537) (2143.01 s)
>> 5461 (19192: 22245 39092 39079) (2373.04 s)
>> 5454 (16068: 38033 38183 38170) (2334.38 s)
>> 5445 (28444: 41843 41757 41701) (2344.16 s)
>> 5386 (12717: 37174 36709 19701) (2217.6 s)
>> 5372 (8166: 34491 34504 34483) (2227.77 s)
>> 5360 (9915: 35373 35436 35403) (2384.88 s)
>> 5360 (15473: 32946 33259 32950) (2221.47 s)
>> 5341 (24053: 40282 40387 40383) (2296.27 s)
>> 5331 (10727: 35914 35907 16446) (2292.13 s)
>> 5492 (10733: 35922 35914 30630) (2235.05 s)
>> 5300 (18966: 38950 38943 38938) (2335.24 s)
>> 5289 (28950: 1786 42176 42047) (2103.11 s)
>> 5277 (43652: 38961 38971 38797) (2278.08 s)
>> 5274 (8633: 34735 34775 34761) (2262.59 s)
>> 5257 (7069: 38715 38694 38688) (2232.82 s)
>> 5219 (20385: 25278 39339 39291) (2150.37 s)
>> 5211 (10466: 35793 34997 34900) (2061.3 s)
>> 5209 (9181: 35060 35084 35022) (2115.13 s)
>> 5205 (7886: 35013 34295 34096) (2353.24 s)
>> 5165 (10620: 35882 41657 35922) (2132.88 s)
>> 5152 (12570: 36754 36631 36610) (2326.31 s)
>> 5150 (5624: 32841 34978 32462) (2061.39 s)
>> 5143 (33920: 33912 37923 37916) (2236.69 s)
>> 5126 (27726: 41498 41418 23654) (2284.61 s)
>> 5113 (6210: 38614 38545 6247) (2151.99 s)
>> 5108 (25021: 40606 39948 25918) (2051.73 s)
>> 5083 (2879: 38331 4052 2036) (2205.13 s)
>> 5072 (36515: 36511 36530 36365) (2099.46 s)
>> 5041 (19672: 39125 39321 39110) (2382.72 s)
>> 5040 (13866: 37790 37767 37763) (2085.46 s)
>> 5035 (40909: 41192 41594 26082) (2209.94 s)
>> 5031 (43716: 39780 39792 39752) (2154.45 s)
>> 5027 (5375: 32718 32694 32546) (2209.12 s)
>> 5137 (44739: 32627 32718 32635) (2125.98 s)
>> 5020 (25659: 25868 40042 38919) (2060.22 s)
>> 4997 (43985: 6076 42547 42145) (2200.73 s)
>> 4992 (9472: 35188 35522 35512) (2374.88 s)
>> 4988 (12919: 33985 37606 33929) (2008.2 s)
>> 4987 (26948: 41186 26123 19959) (2242.78 s)
>> 4984 (2630: 31926 31933 31742) (2060.25 s)
>> 4981 (20375: 25278 39544 39540) (2006.23 s)
>> 4958 (17665: 34188 34157 33145) (2129.35 s)
>> 4926 (14879: 32970 34327 34319) (2121.75 s)
>> 4912 (17547: 37203 37163 17656) (1811.54 s)
>> 4893 (14258: 41498 41248 41120) (2144.2 s)
>> 4880 (23350: 38785 29902 29640) (2005.35 s)
>> 4876 (13734: 38167 38210 38148) (2241.83 s)
>> 4867 (197: 30976 842 30788) (2004.41 s)
>> 5770 (858: 31030 31031 30976) (1820.77 s)
>> 4856 (11502: 36238 37499 37458) (2348.64 s)
>> 4831 (28755: 7387 42003 7699) (1959.24 s)
>> 4806 (42030: 42025 42037 945) (2025.41 s)
>> 4770 (2723: 31804 31993 31796) (2041.72 s)
>> 4764 (38863: 40449 40504 37309) (2163.54 s)
>> 4753 (20781: 39539 39375 10433) (2027.58 s)
>> 4742 (31226: 32076 32069 32061) (1713.59 s)
>> 4740 (871: 30895 31051 31035) (1807.23 s)
>> 4714 (43121: 34512 34542 34525) (1783.93 s)
>> 4677 (24924: 24279 40960 40889) (1958.51 s)
>> 4668 (22111: 6287 39840 909) (1820.48 s)
>> 4637 (17266: 41465 41454 41432) (1952.99 s)
>> 4618 (18633: 26425 40267 19967) (2332.56 s)
>> 4596 (17048: 38407 38375 3671) (1710.15 s)
>> 4584 (25178: 28560 40549 40449) (1960.45 s)
>> 4584 (27451: 40548 41422 9836) (2181.92 s)
>> 4565 (18458: 38801 38826 38804) (2130.84 s)
>> 4545 (36256: 36250 36259 21813) (1980.17 s)
>> 4534 (21062: 38881 38906 38864) (2003.48 s)
>> 5069 (38839: 38881 40282 38832) (2189.33 s)
>> 4524 (43637: 39935 39924 24708) (1908.18 s)
>> 4519 (25620: 40706 36346 25080) (2317.19 s)
>> 4514 (10297: 35373 35667 22090) (2100.3 s)
>> 4507 (14435: 28468 41556 41515) (2177.21 s)
>> 4489 (1730: 31309 31748 31332) (1799.07 s)
>> 4480 (15838: 42259 42243 6076) (1959.19 s)
>> 4478 (12162: 36486 36464 36459) (1613.76 s)
>> 4466 (9400: 35793 35787 30353) (2282.7 s)
>> 4456 (4620: 32434 32448 32428) (2023.28 s)
>> 4451 (33059: 33053 33158 33040) (1682.67 s)
>> 4441 (36630: 36622 36659 34252) (1679.67 s)
>> 4409 (25304: 35165 40841 40825) (2153.27 s)
>> 4392 (142: 30766 30876 30774) (1851.47 s)
>> 4383 (36081: 36088 35655 28297) (1777.5 s)
>> 4378 (19517: 39073 39063 22245) (1773.63 s)
>> 4377 (34424: 34420 34431 34406) (1850.73 s)
>> 4350 (13240: 38433 38447 32518) (2022.32 s)
>> 4346 (40566: 40561 40572 40374) (1892.11 s)
>> 4328 (12480: 36854 36886 36876) (1800.67 s)
>> 4318 (5664: 35290 42072 35976) (2081.07 s)
>> 4288 (12907: 37058 36773 36754) (1845.94 s)
>> 4286 (13712: 37208 38167 37001) (1886.72 s)
>> 5010 (13719: 37947 38015 37208) (2148.12 s)
>> 4281 (11141: 35557 36112 36108) (2155.64 s)
>> 5845 (11988: 36511 36372 35557) (2244.65 s)
>> 4281 (37160: 38811 38801 17951) (2456.18 s)
>> 4272 (24543: 40582 40588 40561) (2288.47 s)
>> 4269 (2360: 31638 31566 31530) (2166.71 s)
>> 4259 (19827: 10596 39141 39136) (2387.9 s)
>> 4523 (19820: 20195 39329 10596) (2242.18 s)
>> 4251 (36169: 36161 36177 36171) (2117.1 s)
>> 4249 (1051: 31098 31205 31093) (2196.43 s)
>> 4221 (6399: 8006 40262 7387) (2353.28 s)
>> 4211 (4346: 32444 32325 32308) (2230.88 s)
>> 4177 (31220: 36183 36197 36190) (2181.32 s)
>> 4177 (39827: 38661 39820 7487) (2465.01 s)
>> 4170 (32919: 32914 37569 32904) (2218.51 s)
>> 4135 (4377: 32434 32444 32368) (2367.01 s)
>> 4083 (28139: 41684 41013 35882) (2183.97 s)
>> 4079 (18618: 39989 40013 39998) (2242.63 s)
>> 4065 (41372: 41363 41370 41331) (2143.52 s)
>> 4061 (38245: 38243 38260 38248) (2352.31 s)
>> 4058 (37057: 40630 28992 14382) (2330.43 s)
>> 4057 (16230: 39492 39539 25278) (2184.49 s)
>> 4053 (30283: 18213 42769 40548) (2231.98 s)
>> 4053 (35138: 35147 35137 28468) (1967.09 s)
>> 4049 (15069: 37934 37912 33985) (2104.32 s)
>> 4041 (45633: 34686 34784 34671) (2171.05 s)
>> 4033 (18240: 38763 38961 38757) (2327.97 s)
>> 4029 (31397: 31279 31526 31098) (2165.51 s)
>> 4018 (41605: 39505 41604 29541) (2085.26 s)
>> 4013 (31975: 32076 31972 31906) (2083.21 s)
>> 4011 (21560: 39704 39780 38811) (2085.11 s)
>> 4003 (41777: 42025 41773 40167) (2008.06 s)
>> 3998 (33996: 34005 34011 33992) (2095.61 s)
>> 3981 (28308: 8593 41748 34122) (2230.36 s)
>> 3976 (10363: 35674 35806 35373) (2171.99 s)
>> 3975 (26488: 41031 41027 41023) (2039.2 s)
>> 3959 (40119: 40116 41843 40120) (2047.19 s)
>> 3957 (8174: 14954 7934 4001) (2287.1 s)
>> 3952 (19064: 39000 39003 38994) (2209.97 s)
>> 3951 (134: 30825 30885 30759) (2261.14 s)
>> 3941 (2058: 31503 31492 31462) (2138.36 s)
>> 3914 (8043: 35650 42536 42525) (1892.05 s)
>> 3914 (10884: 26473 36018 18959) (2054.72 s)
>> 3908 (33068: 32405 32434 32388) (2215.43 s)
>> 3892 (12691: 36704 41684 37174) (2133.31 s)
>> 3892 (18915: 37943 37972 37965) (2043.18 s)
>> 3891 (38191: 41303 41363 29889) (2070.25 s)
>> 3870 (27056: 41232 41498 41186) (2073.37 s)
>> 3858 (21331: 17990 39759 39652) (1988.55 s)
>> 3856 (26406: 41004 41038 40997) (1951.17 s)
>> 3855 (27954: 41660 39505 11408) (2211.94 s)
>> 3852 (20039: 19704 39216 24004) (2121.63 s)
>> 3851 (22109: 39964 39876 6287) (2116.94 s)
>> 3847 (31379: 31110 31382 31374) (1998.34 s)
>> 3836 (39165: 41591 41580 27039) (1972.13 s)
>> 3834 (17124: 34316 34512 34339) (2086.13 s)
>> 3829 (12169: 42343 42338 42327) (2022.37 s)
>> 3828 (23296: 26729 40688 26175) (1928.04 s)
>> 3796 (42058: 42057 42061 1786) (2081.11 s)
>> 3763 (40186: 40187 40194 40182) (2113.52 s)
>> 3746 (19875: 39151 39112 39038) (1888.74 s)
>> 3737 (1967: 31586 31404 31110) (1950.33 s)
>> 3735 (26619: 42658 42647 42636) (1788.35 s)
>> 3724 (26616: 42315 9278 2909) (2030.27 s)
>> 3851 (42286: 42284 42315 42270) (1947.01 s)
>> 3702 (33038: 33033 33022 33010) (1994.21 s)
>> 3705 (43073: 32969 33033 33028) (2026.75 s)
>> 3660 (16709: 33591 39869 38277) (2033.24 s)
>> 3654 (3847: 32052 32136 32054) (1818.08 s)
>> 3633 (14640: 32961 34099 34075) (2042.74 s)
>> 3626 (36219: 36495 36235 36218) (1951.89 s)
>> 3613 (296: 30825 30957 30895) (1956.64 s)
>> 3605 (20529: 38235 38223 37947) (1834.89 s)
>> 3597 (42710: 42482 8917 1233) (1950.23 s)
>> 3592 (18251: 39985 39989 39982) (2085.9 s)
>> 3585 (35719: 35687 35747 35720) (1944.44 s)
>> 3576 (31431: 31430 2000 31426) (2065.15 s)
>> 3572 (20295: 39302 39492 11779) (1987.79 s)
>> 3568 (4004: 32141 32222 32158) (2026.45 s)
>> 3565 (8396: 34575 36401 34588) (2053.64 s)
>> 3565 (38576: 38575 38597 38592) (1932.29 s)
>> 3564 (11025: 14483 36331 36029) (2105.73 s)
>> 3553 (30455: 41560 41621 41232) (1826.11 s)
>> 3534 (38672: 41031 40668 28500) (1891.24 s)
>> 3532 (14933: 33827 33742 33523) (1824.73 s)
>> 3524 (28900: 42217 42114 42025) (2004.51 s)
>> 3516 (15184: 37732 37790 37754) (1971.74 s)
>> 3514 (17733: 33997 34005 33981) (1929.68 s)
>> 3510 (35409: 40209 40228 40187) (1842.72 s)
>> 3503 (33192: 33167 33244 33187) (1927.46 s)
>> 3501 (37405: 37401 37414 37335) (1932.19 s)
>> 3496 (1885: 31368 31586 31584) (1914.99 s)
>> 3491 (5284: 42505 3271 3247) (1809.43 s)
>> 3486 (2317: 31546 32076 31638) (1954.45 s)
>> 3485 (23571: 38411 38881 38763) (1770.51 s)
>> 3479 (39169: 39073 39161 25931) (1932.03 s)
>> 3476 (35122: 35457 35123 35116) (1925.88 s)
>> 3471 (32509: 32508 32504 32496) (1994.69 s)
>> 3461 (20186: 39284 39277 39274) (1895.4 s)
>> 3449 (32273: 31368 32269 32259) (1789.87 s)
>> 3434 (7768: 34211 34233 34188) (1949.02 s)
>> 3430 (5679: 32873 34974 32856) (1741.8 s)
>> 3422 (15525: 34302 34278 32970) (2010.96 s)
>> 3419 (33318: 33316 34474 33333) (1852.39 s)
>> 3416 (5471: 13249 32539 31127) (1786.07 s)
>> 3407 (11135: 37431 37406 37397) (1788.01 s)
>> 3407 (33607: 33602 33827 33585) (1783.94 s)
>> 3407 (37881: 37889 37882 37873) (1882.74 s)
>> 3613 (37281: 37279 37889 37241) (1855.54 s)
>> 3403 (24941: 41083 41200 41070) (1996.53 s)
>> 3395 (37161: 37156 38235 37227) (1681.87 s)
>> 3393 (33208: 32946 33206 33200) (1731.34 s)
>> 3353 (27639: 42398 42600 15581) (1638.4 s)
>> 3350 (30698: 36704 41660 22710) (1822.45 s)
>> 3343 (25329: 40761 41031 40755) (1645 s)
>> 3326 (24866: 40517 40522 28560) (1853.16 s)
>> 3301 (23347: 40246 40209 40192) (1760.08 s)
>> 3357 (23332: 25326 40935 40246) (1678.59 s)
>> 3289 (35832: 35844 35824 35674) (1614.48 s)
>> 3289 (38487: 38485 38478 38433) (1811.11 s)
>> 3283 (14294: 37444 37431 36238) (1697.09 s)
>> 3268 (6078: 34458 34575 34412) (1820.61 s)
>> 3268 (24224: 40357 40365 38785) (1672.89 s)
>> 3242 (40025: 40029 40036 40023) (1706.36 s)
>> 3240 (27911: 40838 41651 16853) (1608.13 s)
>> 3238 (17704: 40345 40328 29611) (1772.7 s)
>> 3237 (33651: 33616 33644 33625) (1750.99 s)
>> 3228 (39615: 39608 40533 38591) (1747.58 s)
>> 3222 (11010: 14483 36061 36052) (1777.3 s)
>> 3217 (37035: 36819 37110 37025) (1801.21 s)
>> 3212 (9705: 35331 35312 35060) (1774.26 s)
>> 3207 (17138: 38461 38440 8389) (1806.4 s)
>> 3205 (21495: 38243 38253 38190) (1739.9 s)
>> 3200 (20123: 39267 25402 16847) (1781.74 s)
>> 3474 (44263: 39099 39267 22285) (1788.03 s)
>> 3199 (4488: 41891 41879 12374) (1730.65 s)
>> 3195 (35640: 35638 35642 35629) (1626.64 s)
>> 3185 (26073: 25485 40871 24279) (1684.37 s)
>> 3168 (43150: 32969 33396 33316) (1475.58 s)
>> 3161 (9902: 41400 35509 18213) (1787.14 s)
>> 3150 (29713: 41676 41668 35188) (1732.36 s)
>> 3149 (38054: 38047 38058 38041) (1790.6 s)
>> 3145 (39485: 39463 39483 35739) (1708.08 s)
>> 3128 (30913: 30936 30904 30825) (1604.72 s)
>> 3126 (32321: 32317 32405 32297) (1567.87 s)
>> 3124 (42594: 42595 42398 12613) (1727.74 s)
>> 3117 (2711: 35290 41960 34946) (1705.99 s)
>> 3110 (36737: 37058 36741 36733) (1809.08 s)
>> 3108 (3687: 32010 32022 31804) (1546.96 s)
>> 3105 (18310: 39451 39433 39302) (1593.82 s)
>> 3104 (26905: 42715 9582 3952) (1556.37 s)
>> 3101 (23179: 40913 41293 41281) (1808.66 s)
>> 3085 (39318: 39311 39314 39105) (1625.76 s)
>> 3083 (17539: 34420 34468 34465) (1703.88 s)
>> 3080 (34567: 34302 34559 34347) (1562.53 s)
>> 3078 (400: 38331 38348 2868) (1690.54 s)
>> 3076 (36646: 2978 12033 10239) (1687.8 s)
>> 3070 (17679: 34875 38600 7754) (1750.21 s)
>> 3069 (31170: 42284 15716 8901) (1710.74 s)
>> 3065 (15865: 41891 41893 113) (1832.37 s)
>> 3056 (1259: 4034 42077 5570) (1851.56 s)
>> 3052 (21754: 39606 40345 39616) (1675.84 s)
>> 3046 (43641: 38925 39704 38911) (1706.01 s)
>> 3036 (682: 14954 41987 33909) (1743.2 s)
>> 3034 (25035: 25485 40946 40897) (1746.47 s)
>> 3029 (18595: 26231 38411 26425) (1777.19 s)
>> 2997 (37563: 37584 37561 32914) (1844.58 s)
>> 3268 (37524: 37520 37507 37584) (1761.9 s)
>> 2994 (14213: 26231 40414 40404) (1666.8 s)
>> 2991 (13872: 37943 37987 37732) (1721.5 s)
>> 2990 (23763: 20961 40743 14254) (1701.46 s)
>> 2990 (45941: 34071 34085 32961) (1819.67 s)
>> 2989 (39224: 39220 39208 19704) (1674.31 s)
>> 2985 (15169: 42482 42687 2982) (1773.04 s)
>> 2984 (36852: 36854 36861 36846) (1572.96 s)
>> 2978 (11580: 36267 36269 35819) (1578.27 s)
>> 2972 (27676: 41560 41492 36704) (1551.95 s)
>> 2969 (26684: 37426 37444 37401) (1665.92 s)
>> 2969 (43829: 42217 41891 40148) (1705.37 s)
>> 2959 (30396: 1451 42755 31512) (1583.11 s)
>> 2951 (18830: 39913 39935 39928) (1764.8 s)
>> 2951 (35786: 35844 35793 30527) (1678.33 s)
>> 2945 (5494: 32601 34721 32597) (1677.46 s)
>> 2936 (1866: 31368 31336 31309) (1869.35 s)
>> 2927 (44308: 35147 41465 28286) (1591.97 s)
>> 2923 (32532: 32536 32627 32524) (1804.19 s)
>> 2921 (37909: 37279 37934 37907) (1607.32 s)
>> 2914 (13143: 36905 37156 36919) (1700.61 s)
>> 2912 (3451: 31919 32141 31852) (1749.14 s)
>> 2910 (2203: 31520 31546 31279) (1784.64 s)
>> 2900 (18015: 38810 39422 39405) (1684.42 s)
>> 2894 (32737: 35227 32732 32536) (1748.58 s)
>> 2887 (9507: 35203 35191 35147) (1688.18 s)
>> 2861 (38741: 41246 41560 29655) (1896.66 s)
>> 2857 (16677: 33063 34651 33045) (1696.51 s)
>> 2844 (8813: 34992 34986 32873) (1717.48 s)
>> 2824 (23920: 8402 41928 8006) (1599.58 s)
>> 2816 (11259: 36183 36396 36207) (1514.53 s)
>> 2804 (38713: 38661 38710 33637) (1695.74 s)
>> 2799 (27809: 41246 41552 41529) (1571.58 s)
>> 2798 (16904: 38292 38468 38331) (1467.34 s)
>> 2780 (10627: 39151 39390 39256) (1537.3 s)
>> 2777 (21678: 36250 37185 36486) (1700.77 s)
>> 2776 (31195: 31192 31216 31182) (1625.97 s)
>> 2776 (32105: 32103 32118 32110) (1397.7 s)
>> 2772 (25294: 41058 41054 41046) (1587.09 s)
>> 2751 (25802: 42196 26486 13410) (1432.09 s)
>> 2746 (35103: 35114 35104 35094) (1434.86 s)
>> 2739 (15055: 37279 37669 37643) (1462.07 s)
>> 2739 (18060: 32601 34735 34729) (1466.97 s)
>> 2739 (44040: 41246 41676 35160) (1411.06 s)
>> 2727 (28235: 41379 41381 35203) (1663.47 s)
>> 2720 (21226: 36121 36289 36284) (1415.97 s)
>> 2715 (38301: 38297 38292 31092) (1725.97 s)
>> 2713 (22545: 26231 38733 30071) (1644.39 s)
>> 2707 (40512: 40630 30044 28344) (1653.07 s)
>> 2700 (38344: 38339 38297 9015) (1572.22 s)
>> 2687 (748: 30859 31030 30987) (1446.21 s)
>> 2684 (26946: 41246 41177 41163) (1506.12 s)
>> 2677 (35054: 35046 35331 35077) (1462.13 s)
>> 2865 (35113: 35105 35046 34992) (1446.34 s)
>> 2669 (30928: 30924 30951 30880) (1495.57 s)
>> 2658 (42633: 42627 42658 1451) (1417.59 s)
>> 2648 (39866: 41004 41012 41007) (1569.91 s)
>> 2642 (32401: 32394 32508 32317) (1490.48 s)
>> 2642 (33923: 33942 33922 33912) (1633.2 s)
>> 2640 (21143: 21643 42781 42779) (1579.29 s)
>> 2640 (24178: 40335 40324 29072) (1561.64 s)
>> 2638 (16476: 34847 34810 34686) (1437.35 s)
>> 2637 (23483: 40517 40645 40500) (1433.48 s)
>> 2637 (35623: 35618 35291 35274) (1277.74 s)
>> 2644 (35597: 35592 35618 35586) (1457.82 s)
>> 2631 (7480: 33602 34059 34051) (1219.34 s)
>> 2630 (32205: 32197 32187 32176) (1590.53 s)
>> 2628 (9612: 35249 35235 35227) (1343.99 s)
>> 2627 (34709: 34847 34701 33616) (1427.13 s)
>> 2625 (20552: 34924 35114 34929) (1297.43 s)
>> 2623 (44586: 36126 36128 36121) (1346.16 s)
>> 2902 (33049: 36126 36511 35533) (1453.54 s)
>> 2591 (30255: 35771 35687 35479) (1486.83 s)
>> 2580 (33220: 33218 33193 32946) (1307.03 s)
>> 2575 (40227: 14142 29172 25572) (1499.7 s)
>> 2572 (31691: 36854 36557 36550) (1389.92 s)
>> 2569 (27000: 42472 42482 4265) (1689.04 s)
>> 2569 (33850: 33843 33792 33782) (1486.37 s)
>> 2567 (17755: 38633 38661 38643) (1208.69 s)
>> 2565 (38092: 38082 38085 37943) (1437.63 s)
>> 2538 (25803: 25326 25876 24693) (1567.67 s)
>> 2532 (15914: 33379 33385 33063) (1373.67 s)
>> 2531 (26988: 42217 41871 40116) (1656.35 s)
>> 2529 (39120: 39118 39311 39122) (1227.58 s)
>> 2523 (35382: 35844 35741 35378) (1325.85 s)
>> 2516 (177: 42217 40145 3702) (1329.9 s)
>> 2488 (1940: 31408 31402 31368) (1655.53 s)
>> 2484 (11313: 36200 36389 36183) (1411.86 s)
>> 2483 (32983: 32985 34302 32975) (1332.91 s)
>> 2483 (42671: 15873 42667 802) (1520.44 s)
>> 2479 (20303: 41246 35889 35868) (1503.69 s)
>> 2478 (13995: 41246 40913 23182) (1484.17 s)
>> 2476 (44506: 35969 35949 35608) (1599.29 s)
>> 2469 (41214: 41246 41206 41192) (1301 s)
>> 2465 (1495: 31430 31520 31227) (1457.21 s)
>> 2459 (45382: 37825 38082 37817) (1487.71 s)
>> 2452 (3734: 32026 32040 32010) (1305.41 s)
>> 2450 (11843: 41152 41246 41150) (1296.88 s)
>> 2449 (42157: 42057 42163 42156) (1577.21 s)
>> 2445 (37330: 37426 37349 37329) (1347.6 s)
>> 2442 (31084: 31076 31059 30859) (1532.05 s)
>> 2438 (40943: 40940 40818 25326) (1450.59 s)
>> 2437 (39400: 39399 39396 25686) (1395.02 s)
>> 2424 (27791: 41540 41152 40135) (1320.05 s)
>> 2424 (31461: 31503 31455 31430) (1552.74 s)
>> 2423 (10955: 30113 36023 14483) (1314.93 s)
>> 2417 (21459: 38925 39723 39716) (1294.61 s)
>> 2394 (344: 31919 30936 30842) (1568.29 s)
>> 2393 (31276: 31269 31503 31287) (1483.27 s)
>> 2390 (42334: 39630 42284 944) (1217.55 s)
>> 2383 (34150: 34139 34211 34151) (1244.02 s)
>> 2382 (2754: 32026 31815 31269) (1469.92 s)
>> 2380 (42948: 31857 31919 31408) (1356.35 s)
>> 2368 (17690: 34139 34204 34196) (1392.61 s)
>> 2458 (7348: 33942 34175 34139) (1234.54 s)
>> 2354 (2568: 31926 31623 31613) (1468.33 s)
>> 2351 (36973: 36910 36970 36936) (1444.4 s)
>> 2345 (44505: 36379 36103 36100) (1174.73 s)
>> 2336 (16011: 42217 41821 41814) (1504.4 s)
>> 2334 (15161: 42595 13249 5120) (1421.06 s)
>> 2329 (13056: 40940 40713 27349) (1420.04 s)
>> 2329 (34957: 35105 34959 34947) (1375.01 s)
>> 2325 (12500: 36126 36596 36565) (1498.92 s)
>> 2320 (41547: 41543 41379 34883) (1265.35 s)
>> 2312 (2914: 31693 32026 31681) (1311.85 s)
>> 2302 (16880: 40517 28664 26729) (1329.1 s)
>> 2298 (21287: 39641 39656 39620) (1580.34 s)
>> 2286 (32821: 32851 32866 32816) (1404.51 s)
>> 2467 (21210: 32797 32851 32611) (1468.77 s)
>> 2686 (5564: 32814 32805 32797) (1300.71 s)
>> 2278 (24200: 41540 41275 41270) (1458.77 s)
>> 2266 (11526: 42217 42100 42094) (1309.42 s)
>> 2266 (30434: 14142 41004 40988) (1372.84 s)
>> 2263 (29348: 35771 35394 29779) (1312.85 s)
>> 2256 (33437: 34847 33428 33414) (1360.34 s)
>> 2254 (20287: 31693 31888 31868) (1456.85 s)
>> 2253 (37830: 10251 15489 7255) (1239.74 s)
>> 2248 (26812: 3358 5265 4476) (1189.23 s)
>> 2246 (12960: 10251 42702 32221) (1536.12 s)
>> 2245 (35580: 35592 35601 35575) (1456.29 s)
>> 2243 (39911: 39901 39916 39913) (1291.25 s)
>> 2230 (33274: 33218 33292 33267) (1516.83 s)
>> 2226 (31251: 31249 31693 31245) (1350.49 s)
>> 2226 (35497: 35495 35488 35469) (1398.24 s)
>> 2225 (41325: 41303 41443 41324) (1364.64 s)
>> 2220 (26435: 12156 37426 12137) (1112.46 s)
>> 2218 (9285: 42505 1390 14) (1332.99 s)
>> 2199 (21664: 38925 39773 39763) (1498.68 s)
>> 2198 (39017: 38950 39014 39008) (1506.5 s)
>> 2187 (34595: 42133 42144 34615) (1337.45 s)
>> 2185 (36137: 38403 38515 38407) (1090.35 s)
>> 2179 (33898: 33889 33851 33843) (1304.18 s)
>> 2178 (37957: 37955 37722 37279) (1471.7 s)
>> 2169 (42010: 42009 42057 8402) (1382.79 s)
>> 2165 (6525: 33167 33212 33053) (1369.81 s)
>> 2165 (37044: 37058 37037 36837) (1642.13 s)
>> 2159 (37697: 37955 37705 37692) (1503.12 s)
>> 2149 (38038: 38036 38047 38033) (1469.03 s)
>> 2137 (28072: 41659 41664 41540) (1489.61 s)
>> 2131 (15605: 33113 33122 33111) (1455.02 s)
>> 2121 (32945: 32969 33126 32942) (1387.51 s)
>> 2101 (38147: 36905 38143 38133) (1220.59 s)
>> 2101 (40355: 40347 40357 28781) (1410.2 s)
>> 2098 (29711: 41659 41314 16917) (1283.77 s)
>> 2074 (9845: 35844 35771 35439) (1115.49 s)
>> 2069 (34116: 34109 34071 32985) (1308.31 s)
>> 2058 (41063: 41062 41066 35181) (1314 s)
>> 2054 (3961: 31249 32125 32103) (1092.55 s)
>> 2051 (2345: 38403 32628 9287) (1185.8 s)
>> 2046 (20890: 39564 39576 39559) (1344.76 s)
>> 2038 (8728: 34908 34909 32841) (1431.29 s)
>> 2034 (38001: 38007 37997 37825) (1452.85 s)
>> 2033 (7954: 34379 34360 34316) (1450.93 s)
>> 2028 (41725: 8593 41728 41720) (1295.35 s)
>> 2025 (34766: 41930 42009 41918) (1366.18 s)
>> 2024 (42468: 42472 13189 3888) (1145.83 s)
>> 2018 (38581: 38614 14967 8556) (1475.77 s)
>> 2003 (37727: 37955 37840 37726) (1153.79 s)
>> 1999 (11387: 36495 35435 12156) (1205.21 s)
>> 1997 (15452: 33602 33769 33714) (1121.84 s)
>> 1994 (16004: 38385 39463 38389) (1061.75 s)
>> 1990 (28280: 8593 41716 41712) (958.299 s)
>> 1983 (1330: 31173 31166 31153) (1337.75 s)
>> 1958 (23520: 41303 41374 28530) (1120.88 s)
>> 1956 (37536: 37529 37613 37511) (1338.24 s)
>> 1955 (19743: 35249 32712 32704) (1226.94 s)
>> 1953 (23982: 36250 36443 36430) (1474.53 s)
>> 1952 (19976: 31001 31076 31007) (1142.69 s)
>> 1942 (34649: 34458 34643 34620) (1106.18 s)
>> 1941 (39644: 17990 39641 39631) (1138.01 s)
>> 1938 (27308: 42472 31424 13788) (1139.82 s)
>> 1935 (42264: 42472 31109 202) (1355.07 s)
>> 1922 (42709: 17323 41543 41398) (1173.54 s)
>> 1920 (39922: 41659 41129 20476) (1354.8 s)
>> 1914 (34022: 37529 34020 33997) (1308.42 s)
>> 1902 (30258: 40347 40409 26231) (1179.26 s)
>> 1902 (34877: 34876 34866 34847) (1229.96 s)
>> 1899 (35344: 35339 35321 35304) (1294.98 s)
>> 1892 (32893: 32885 37520 32894) (1220.14 s)
>> 1892 (40845: 40848 40861 28369) (1236.19 s)
>> 1891 (18977: 38947 39151 38950) (1117.16 s)
>> 2257 (19243: 25588 39073 38947) (1078.02 s)
>> 1891 (24207: 40347 40335 39606) (1362.26 s)
>> 1878 (28242: 42217 41734 12533) (1085.87 s)
>> 1871 (4296: 32394 32374 31173) (1212.1 s)
>> 1870 (15286: 2978 4409 2446) (1107.86 s)
>> 1862 (24540: 40517 40679 40582) (1226.68 s)
>> 1857 (37640: 37529 37635 37628) (1100.92 s)
>> 1853 (13250: 36905 37223 37012) (1261.81 s)
>> 1851 (8491: 33379 34660 33167) (1133.67 s)
>> 1829 (17286: 31316 31327 31296) (1330.19 s)
>> 1825 (10572: 35844 35862 35853) (1099.63 s)
>> 1823 (42447: 42440 42595 42472) (1439.32 s)
>> 1816 (25542: 25485 35165 12779) (1127.83 s)
>> 1816 (34640: 34458 34631 34625) (1185.88 s)
>> 1808 (6866: 33462 34876 33450) (1082.82 s)
>> 1803 (15849: 38007 38109 38103) (1161 s)
>> 1797 (37145: 37118 37139 37058) (1040.35 s)
>> 1795 (25367: 40706 40671 40517) (1263.73 s)
>> 1790 (42565: 7296 15327 2978) (1360.83 s)
>> 1785 (34031: 37529 34029 32885) (1265.65 s)
>> 1759 (19415: 31857 32279 31120) (1385.12 s)
>> 1741 (38792: 38790 40347 38776) (1237.29 s)
>> 1740 (40569: 40706 40567 40555) (1046.85 s)
>> 1732 (15773: 33462 33889 33705) (1271.49 s)
>> 1728 (5005: 32519 35249 32511) (1158.89 s)
>> 1720 (40287: 40286 40296 38790) (1204.68 s)
>> 1718 (40133: 41659 41298 41118) (948.079 s)
>> 1714 (41692: 40838 41688 35877) (1285.17 s)
>> 1711 (27164: 41659 41320 41255) (1053.98 s)
>> 1705 (28350: 40286 40430 28413) (1217.52 s)
>> 1705 (45305: 36819 37118 37079) (1448.04 s)
>> 1704 (39958: 20961 40736 40706) (1534.16 s)
>> 1693 (40918: 40920 40940 40916) (933.848 s)
>> 1688 (33680: 38680 38677 38633) (1088.69 s)
>> 1675 (28896: 42217 42343 42196) (967.919 s)
>> 1671 (17913: 36622 34264 33942) (1169.53 s)
>> 1668 (17437: 3647 38531 38519) (1383.58 s)
>> 1668 (27316: 41659 41344 41303) (1485.57 s)
>> 1667 (5516: 42440 31948 15294) (1344.54 s)
>> 1665 (33332: 34458 33328 32969) (1447.7 s)
>> 1629 (26395: 27236 39947 39901) (1200.15 s)
>> 1620 (15202: 42440 4185 2171) (1003.91 s)
>> 1619 (42036: 42217 36438 989) (1058.62 s)
>> 1614 (29425: 42353 42316 39630) (1248.77 s)
>> 1611 (22046: 35844 35139 34908) (1191.55 s)
>> 1592 (25682: 26473 36002 35993) (1135.76 s)
>> 1584 (13346: 36905 37130 36819) (1090.79 s)
>> 3001 (37239: 36905 37955 37232) (1112.1 s)
>> 1583 (37557: 37529 37577 37556) (1295.12 s)
>> 1566 (12427: 36546 36854 36525) (1237.84 s)
>> 1566 (20857: 36905 38203 38195) (999.282 s)
>> 1562 (36722: 36721 41659 30113) (1143.81 s)
>> 1562 (42662: 15873 42614 31139) (1233.31 s)
>> 1559 (32097: 32078 32094 31249) (1109.16 s)
>> 1550 (45773: 33379 33095 33088) (1282.77 s)
>> 1544 (42359: 42357 42353 41400) (1030.5 s)
>> 1531 (9050: 34999 35261 32519) (1078.64 s)
>> 1531 (26815: 42505 42627 2065) (1308.4 s)
>> 1526 (19402: 40879 40885 25485) (1309.08 s)
>> 1509 (21617: 38925 39730 30625) (1331.7 s)
>> 1508 (36096: 38927 38925 22572) (1183.73 s)
>> 1506 (30240: 42715 31265 12416) (1076.48 s)
>> 1503 (10611: 40838 41630 36721) (1186.06 s)
>> 1495 (8227: 35647 34519 34491) (989.045 s)
>> 1481 (24072: 40286 40292 39333) (1073.64 s)
>> 1467 (24298: 40286 40395 40283) (1301.89 s)
>> 1463 (20134: 39099 39236 18602) (910.137 s)
>> 1455 (15043: 36905 37686 37659) (1292.44 s)
>> 1452 (39574: 38339 39451 10562) (1243.58 s)
>> 1450 (28603: 41930 8456 7730) (1221.38 s)
>> 1445 (23451: 40770 40765 40761) (979.15 s)
>> 1445 (30228: 41367 41348 40838) (1311.06 s)
>> 1441 (26019: 14142 40985 40854) (1094.95 s)
>> 1423 (40021: 39985 40020 25868) (1084.71 s)
>> 1421 (19409: 36546 36962 36948) (1075.35 s)
>> 1420 (20014: 19698 39284 39099) (926.37 s)
>> 1414 (12557: 36622 36905 36643) (1016.03 s)
>> 1402 (25041: 40606 40608 20961) (977.914 s)
>> 1392 (20917: 35339 35969 35284) (1022.71 s)
>> 1387 (8432: 34458 34614 34597) (1008.62 s)
>> 1387 (16789: 35446 35844 35452) (1033.61 s)
>> 1384 (41088: 41086 42217 41099) (1243.74 s)
>> 1370 (17167: 40770 41020 40848) (1046.13 s)
>> 1358 (41149: 41591 41176 41146) (811.857 s)
>> 1349 (44598: 36126 35592 35567) (1160.76 s)
>> 1345 (27732: 41367 41259 14574) (1057.05 s)
>> 1343 (41236: 41367 41244 41234) (928.27 s)
>> 1339 (18027: 40920 40239 40075) (991.801 s)
>> 1332 (36075: 36088 41367 36067) (905.909 s)
>> 1324 (33989: 37529 36622 33976) (1245.75 s)
>> 1320 (21212: 32197 423 32206) (1417.76 s)
>> 1307 (10998: 38339 27236 25990) (1190.97 s)
>> 1292 (34445: 34460 34442 34420) (1154.47 s)
>> 1291 (30998: 42505 38034 804) (1137.12 s)
>> 1286 (31717: 31926 31712 31705) (1218.13 s)
>> 1281 (34134: 37529 34125 34117) (1286.68 s)
>> 1254 (19060: 39000 40286 38981) (1253.64 s)
>> 1253 (15923: 35013 34288 34109) (1425.49 s)
>> 1247 (3866: 32052 32078 32057) (1204.21 s)
>> 1242 (25429: 40702 40699 40606) (1202.33 s)
>> 1225 (41965: 35290 8894 1429) (1124.63 s)
>> 1208 (20539: 32052 31787 31779) (1149.74 s)
>> 1207 (8039: 42133 42259 300) (1236.5 s)
>> 1198 (9949: 38339 39457 38810) (1081.42 s)
>> 1184 (19514: 30817 31857 30810) (1328.85 s)
>> 1158 (6362: 14954 41930 6496) (1344.47 s)
>> 1157 (34663: 38575 38614 38582) (1148.3 s)
>> 1150 (5136: 34999 32591 32562) (1193.03 s)
>> 1147 (37067: 37064 37529 37087) (1234.04 s)
>> 1141 (39979: 14954 39977 39964) (1258.53 s)
>> 1131 (33323: 34458 33336 33322) (1080.29 s)
>> 1130 (7709: 35650 42542 42529) (1173.6 s)
>> 1102 (26981: 42440 42505 3916) (1218 s)
>> 1084 (20155: 34999 32657 32641) (1092.07 s)
>> 1074 (38612: 38575 38607 34875) (1080.83 s)
>> 1061 (13203: 36910 37064 36546) (1203 s)
>> 1059 (33485: 33602 33473 33462) (1036.02 s)
>> 1048 (23849: 35446 36303 36293) (1080.66 s)
>> 1043 (42926: 31855 31849 30817) (1172.87 s)
>> 1042 (33698: 33602 33693 33660) (1240.21 s)
>> 1033 (44578: 36126 35339 35105) (1104.55 s)
>> 1028 (17215: 38485 38403 38397) (1133.24 s)
>> 1025 (8866: 36132 38339 38291) (1113.83 s)
>> 1020 (32038: 3358 42725 31878) (1211.07 s)
>> 1012 (8711: 40920 41086 40179) (1190.02 s)
>> 995 (43627: 39000 39600 17990) (1185.91 s)
>> 993 (38626: 38680 38575 6930) (1179.72 s)
>> 989 (12909: 40920 41694 8593) (1390.78 s)
>> 1682 (23505: 7586 40920 40102) (1228.95 s)
>> 982 (32227: 34999 32619 32394) (1075.27 s)
>> 978 (30244: 42715 15873 12439) (1168.48 s)
>> 977 (18086: 17603 39000 38745) (1066.92 s)
>> 963 (24984: 41083 41077 36088) (1120.67 s)
>> 954 (38502: 38485 38501 38488) (1208.36 s)
>> 952 (25333: 40831 40944 40879) (1269.96 s)
>> 938 (42776: 21643 36495 4353) (1089.36 s)
>> 937 (38071: 38007 38067 38036) (1113.53 s)
>> 927 (31915: 32052 31961 31914) (1259.23 s)
>> 922 (36687: 36910 36680 36675) (1060.7 s)
>> 911 (24894: 40702 40542 40535) (1162.04 s)
>> 898 (38467: 38461 38465 3647) (1117.83 s)
>> 860 (33308: 33218 33311 33305) (1178.01 s)
>> 842 (37750: 38007 38016 37742) (1203.93 s)
>> 836 (2651: 31926 32215 31944) (1336.21 s)
>> 822 (37807: 38007 37811 37802) (1080.64 s)
>> 815 (24442: 41083 41505 20840) (1228.34 s)
>> 810 (29816: 8601 37376 7296) (1212.57 s)
>> 798 (40642: 40770 40630 17230) (1111.08 s)
>> 797 (38818: 38817 38927 38821) (1081.59 s)
>> 789 (40485: 40702 40487 40483) (1080.43 s)
>> 777 (30154: 17603 38295 16965) (1073.5 s)
>> 752 (37600: 36910 37591 37546) (1155.06 s)
>> 751 (43312: 36910 36728 36723) (1044.94 s)
>> 741 (32559: 34999 32575 32568) (1131.42 s)
>> 721 (42568: 10251 37711 1829) (1198.67 s)
>> 713 (36419: 8601 13874 12038) (1170 s)
>> 709 (39521: 36132 39514 39379) (1080.55 s)
>> 705 (5311: 42440 42288 42275) (1131.47 s)
>> 692 (21964: 37203 37168 36250) (1077.83 s)
>> 692 (27780: 41083 17143 14106) (1062.95 s)
>> 683 (596: 31855 30924 30917) (1026.31 s)
>> 678 (30068: 23424 38750 17603) (1200.96 s)
>> 669 (15521: 33602 33878 33861) (1094.91 s)
>> 666 (13202: 42440 42462 42460) (1097.62 s)
>> 656 (31728: 31726 31926 31718) (1011.73 s)
>> 652 (5522: 32601 34999 32768) (1053.93 s)
>> 648 (9748: 35362 36126 35358) (1056.89 s)
>> 613 (8240: 14954 40250 5821) (1148.2 s)
>> 611 (12968: 36808 36910 36784) (1039.11 s)
>> 601 (42324: 42357 42320 42309) (1363.97 s)
>> 598 (23926: 23424 38891 14267) (1024.33 s)
>> 590 (27529: 42357 42180 7586) (1014.73 s)
>> 581 (26553: 41062 41083 40831) (960.124 s)
>> 580 (17931: 36808 34246 34241) (1187.12 s)
>> 564 (6489: 14954 39872 6547) (1341.25 s)
>> 542 (34403: 34379 35647 34393) (1187.42 s)
>> 535 (20091: 39220 39198 19698) (1036.82 s)
>> 524 (18535: 36132 44202 25135) (1302.8 s)
>> 517 (31829: 32052 31860 31828) (1052.2 s)
>> 515 (29930: 42440 42715 11294) (1070.2 s)
>> 510 (316: 42051 15965 14954) (1148.03 s)
>> 500 (39404: 39399 39403 39220) (985.086 s)
>> 496 (26873: 42357 41888 41864) (992.126 s)
>> 495 (8327: 36808 36689 36668) (1034.28 s)
>> 483 (32005: 32002 31994 31771) (1194.81 s)
>> 469 (37422: 21643 37423 4596) (1343.5 s)
>> 466 (6452: 33150 34042 33136) (1034.53 s)
>> 464 (37789: 38007 37795 37780) (1177.75 s)
>> 444 (20674: 36132 39425 39418) (1190.94 s)
>> 437 (28540: 42357 41898 3227) (1379.07 s)
>> 1571 (1556: 41972 42357 35290) (1155.43 s)
>> 966 (2926: 1097 41972 719) (1251.96 s)
>> 662 (1498: 31188 35565 1097) (1240.97 s)
>> 430 (20538: 35548 35538 35362) (1276.53 s)
>> 417 (11746: 41591 41091 41062) (1233.1 s)
>> 410 (27559: 17323 41459 41439) (1118.14 s)
>> 392 (28807: 36312 36316 35446) (1111.03 s)
>> 384 (11075: 39455 39448 36132) (1084.06 s)
>> 379 (27571: 17323 41449 41447) (1236.77 s)
>> 378 (10273: 34379 35638 34460) (1058.36 s)
>> 368 (42364: 10251 30883 2657) (1067.59 s)
>> 364 (41471: 17323 41481 30097) (1318.07 s)
>> 341 (15780: 33602 33541 33530) (1058.72 s)
>> 337 (18615: 39985 40029 39455) (1051.92 s)
>> 329 (42694: 42440 9047 5447) (1056.84 s)
>> 328 (11117: 39985 38335 38322) (1048.18 s)
>> 322 (22809: 36312 35484 30087) (1188.49 s)
>> 315 (26580: 38485 39985 1047) (1174.85 s)
>> 310 (41980: 42051 41979 33253) (1216.59 s)
>> 301 (40959: 41591 40952 39286) (995.895 s)
>> 284 (4585: 32412 32601 32420) (1200.35 s)
>> 277 (19928: 25588 39180 20430) (1311.36 s)
>> 262 (21956: 30562 37203 21944) (1045.59 s)
>> 257 (44665: 35548 35038 35029) (1049.3 s)
>> 244 (3006: 10251 42440 31727) (983.56 s)
>> 241 (2547: 31188 40127 40107) (1165.83 s)
>> 239 (24398: 14711 41591 14146) (975.208 s)
>> 213 (26746: 14711 41647 41640) (1054.25 s)
>> 211 (18369: 31188 40237 40233) (1094.09 s)
>> 208 (5601: 36312 32824 32814) (1225.76 s)
>> 199 (1101: 32052 32412 31101) (1104.86 s)
>> 184 (20436: 38485 39363 39345) (1092.64 s)
>> 180 (11431: 21643 26473 18391) (994.602 s)
>> 178 (11568: 30562 36278 36267) (1002.08 s)
>> 171 (35696: 36312 35694 14711) (997.605 s)
>> 156 (3118: 3117 32052 31726) (1088.68 s)
>> 155 (25869: 40770 40795 28239) (1097.22 s)
>> 151 (37861: 36808 37854 37841) (1042.36 s)
>> 142 (9068: 10251 42597 8601) (981.626 s)
>> 121 (40657: 40702 40662 40653) (1056.84 s)
>> 116 (31522: 38485 38509 3521) (1117.78 s)
>> 102 (42411: 10251 37055 30779) (1034.76 s)
>> 92 (17507: 31855 31316 31300) (1244.02 s)
>> 84 (15333: 36808 37832 37713) (1270.79 s)
>> 73 (20239: 41069 40972 36312) (1230.25 s)
>> 71 (24162: 39608 40318 23424) (1014.23 s)
>> 30 (20298: 41069 41227 41222) (974.558 s)
>> 22 (13894: 10251 10234 446) (989.392 s)
>> 15 (46001: 33602 33681 33632) (1045.46 s)
>> 1 (30033: 35650 34569 10251) (1167.32 s)
>> 0 (-1: -1 -1 -1) (1012.64 s)
Zelikovsky- 1.18024e+06 s
>>> get_solution
  refine_solution: new weight 15697185 (was 15857199) in 0.056689 s
  refine_solution: new weight 15683726 (was 15697185) in 0.054638 s
  refine_solution: new weight 15683168 (was 15683726) in 0.057618 s
  refine_solution: new weight 15683168 (was 15683168) in 0.060918 s
>>> get_solution
  refine_solution: new weight 16259330 (was 17752805) in 0.051263 s
  refine_solution: new weight 16105719 (was 16259330) in 0.053293 s
  refine_solution: new weight 16088130 (was 16105719) in 0.056393 s
  refine_solution: new weight 16086987 (was 16088130) in 0.055635 s
  refine_solution: new weight 16086987 (was 16086987) in 0.05479 s
0,,46227,77374,2054,,0,0,,17752805,16086987,16494737,15857199,15683168,,0,0,@@

  delete_edges: deleted 137 edges in 0.061859 s and 2 rounds
  handle_small_Steiner_degrees: steiner 1, suppress 205 in 0.000434 s
Starting round 1
contract_till_the_bitter_end interrupted
contract_till_the_bitter_end: 1.19649e+06 s

Calling end_heu
>>> get_solution
Saved weight 177832
end_heu: 0 loops with 0 unique solutions in 0.012822 s

Calling print_solution
>>> get_solution
  refine_solution: new weight 16260629 (was 17752805) in 0.122373 s
Oops orig weight was 17752805 but we got 16260629
## FINAL WEIGHT 16260629
print_solution: 0.235024 s
