Version: final-94-gfffc3aa rub_all.sh: remove longest prefix
Random seed: 1564348578
Start
>>> save_orig_graph
>> Saved weight 0
Graph loaded
|V| = 51897, |E| = 85550, |R| = 2171
First clearance of the input. Calling buy_zero and run_all_heuristics.
  buy_zero: 7 zero edges in 0.00041 s
  handle_small_terminal_degrees: terms 2 in 5.1e-05 s
  handle_small_Steiner_degrees: steiner 22, suppress 4 in 8.9e-05 s
  shortest_edge_between_terminals: 0 edges in 6.5e-05 s
  handle_small_terminal_degrees: terms 1 in 3.9e-05 s
  handle_small_Steiner_degrees: steiner 0, suppress 12 in 8.1e-05 s
  shortest_edge_between_terminals: 0 edges in 3.4e-05 s
  handle_small_terminal_degrees: terms 0 in 3.9e-05 s
  handle_small_Steiner_degrees: steiner 0, suppress 4 in 9.1e-05 s
  shortest_edge_between_terminals: 0 edges in 3.3e-05 s
  handle_small_terminal_degrees: terms 0 in 3.9e-05 s
  handle_small_Steiner_degrees: steiner 0, suppress 3 in 7.3e-05 s
  shortest_edge_between_terminals: 0 edges in 3.2e-05 s
  handle_small_terminal_degrees: terms 0 in 3.9e-05 s
  handle_small_Steiner_degrees: steiner 0, suppress 0 in 7e-05 s
  shortest_edge_between_terminals: 0 edges in 3.1e-05 s
Compressed graph 51897 -> 51841
  delete_edges: deleted 5691 edges in 0.025537 s and 3 rounds
  handle_small_terminal_degrees: terms 17 in 8.4e-05 s
  handle_small_Steiner_degrees: steiner 89, suppress 3159 in 0.001819 s
  shortest_edge_between_terminals: 0 edges in 0.000106 s
  handle_small_terminal_degrees: terms 2 in 6.4e-05 s
  handle_small_Steiner_degrees: steiner 0, suppress 79 in 0.000136 s
  shortest_edge_between_terminals: 0 edges in 4.9e-05 s
  handle_small_terminal_degrees: terms 0 in 5.9e-05 s
  handle_small_Steiner_degrees: steiner 0, suppress 9 in 8.7e-05 s
  shortest_edge_between_terminals: 0 edges in 4.9e-05 s
  handle_small_terminal_degrees: terms 0 in 6e-05 s
  handle_small_Steiner_degrees: steiner 0, suppress 0 in 9.3e-05 s
  shortest_edge_between_terminals: 0 edges in 4.4e-05 s
Compressed graph 51841 -> 48486
  delete_edges_shortest_path: deleted 7773 edges in 19.2867 s
  handle_small_terminal_degrees: terms 1254 in 0.000816 s
  handle_small_Steiner_degrees: steiner 1235, suppress 6645 in 0.002697 s
  shortest_edge_between_terminals: 2 edges in 9.7e-05 s
  handle_small_terminal_degrees: terms 336 in 0.000218 s
  handle_small_Steiner_degrees: steiner 13, suppress 195 in 0.000141 s
  shortest_edge_between_terminals: 8 edges in 4.7e-05 s
  handle_small_terminal_degrees: terms 14 in 4.3e-05 s
  handle_small_Steiner_degrees: steiner 1, suppress 11 in 7.1e-05 s
  shortest_edge_between_terminals: 0 edges in 3.7e-05 s
  handle_small_terminal_degrees: terms 2 in 3.7e-05 s
  handle_small_Steiner_degrees: steiner 0, suppress 5 in 6.8e-05 s
  shortest_edge_between_terminals: 0 edges in 3.7e-05 s
  handle_small_terminal_degrees: terms 0 in 3.6e-05 s
  handle_small_Steiner_degrees: steiner 0, suppress 5 in 6.6e-05 s
  shortest_edge_between_terminals: 0 edges in 3.7e-05 s
  handle_small_terminal_degrees: terms 0 in 3.6e-05 s
  handle_small_Steiner_degrees: steiner 0, suppress 1 in 6.4e-05 s
  shortest_edge_between_terminals: 0 edges in 3.7e-05 s
  handle_small_terminal_degrees: terms 0 in 3.6e-05 s
  handle_small_Steiner_degrees: steiner 0, suppress 2 in 6.3e-05 s
  shortest_edge_between_terminals: 0 edges in 3.7e-05 s
  handle_small_terminal_degrees: terms 0 in 3.6e-05 s
  handle_small_Steiner_degrees: steiner 0, suppress 1 in 6.3e-05 s
  shortest_edge_between_terminals: 0 edges in 3.6e-05 s
  handle_small_terminal_degrees: terms 0 in 3.6e-05 s
  handle_small_Steiner_degrees: steiner 0, suppress 0 in 6.2e-05 s
  shortest_edge_between_terminals: 0 edges in 3.6e-05 s
Compressed graph 48486 -> 38759
  handle_small_terminal_degrees: terms 0 in 4.5e-05 s
  handle_small_Steiner_degrees: steiner 0, suppress 18 in 8.3e-05 s
  shortest_edge_between_terminals: 28 edges in 0.000326 s
  handle_small_terminal_degrees: terms 0 in 5e-05 s
  handle_small_Steiner_degrees: steiner 1, suppress 4 in 5.9e-05 s
  shortest_edge_between_terminals: 1 edges in 6.6e-05 s
  handle_small_terminal_degrees: terms 0 in 4.4e-05 s
  handle_small_Steiner_degrees: steiner 0, suppress 0 in 5.5e-05 s
  shortest_edge_between_terminals: 0 edges in 5.6e-05 s
Compressed graph 38759 -> 38484
  delete_edges_shortest_path: deleted 1557 edges in 4.12067 s
  handle_small_terminal_degrees: terms 51 in 0.000122 s
  handle_small_Steiner_degrees: steiner 29, suppress 2494 in 0.001639 s
  shortest_edge_between_terminals: 6 edges in 0.000198 s
  handle_small_terminal_degrees: terms 1 in 4.7e-05 s
  handle_small_Steiner_degrees: steiner 3, suppress 36 in 8.1e-05 s
  shortest_edge_between_terminals: 0 edges in 6e-05 s
  handle_small_terminal_degrees: terms 0 in 9.1e-05 s
  handle_small_Steiner_degrees: steiner 1, suppress 5 in 5.3e-05 s
  shortest_edge_between_terminals: 0 edges in 5.8e-05 s
  handle_small_terminal_degrees: terms 0 in 4.4e-05 s
  handle_small_Steiner_degrees: steiner 0, suppress 0 in 5.8e-05 s
  shortest_edge_between_terminals: 0 edges in 5.6e-05 s
Compressed graph 38484 -> 35859
Compressed graph 35859 -> 35859
>>> save_orig_graph
>> Saved weight 332777632
### ZEL_LVL=9 PRECISE_STARS=1

Calling `contract_till_the_bitter_end`
|V| = 35859, |E| = 54029, |R| = 2136
>> 136424 (1815: 10800 10833 10800) (38.7079 s)
>> 72402 (8928: 8923 8927 8923) (38.7806 s)
>> 40245 (27946: 8515 8535 8515) (42.0679 s)
>> 22613 (916: 9061 9065 9061) (37.6207 s)
>> 22209 (2227: 10470 10472 10470) (45.2822 s)
>> 19027 (16745: 9902 10016 9902) (50.1763 s)
>> 17990 (2705: 8965 8969 8965) (51.4321 s)
>> 16567 (18920: 9217 9223 9217) (39.7558 s)
>> 13452 (21900: 9143 9210 9143) (42.7395 s)
>> 12320 (16535: 9751 10083 9751) (43.0479 s)
>> 11052 (3233: 8702 8728 8702) (43.4863 s)
>> 9981 (6053: 9939 9981 9939) (42.4444 s)
>> 9726 (21124: 8461 8462 8461) (47.2483 s)
>> 9719 (25182: 9887 9930 9887) (43.2509 s)
>> 9540 (2861: 8885 8894 8885) (44.0065 s)
>> 9109 (24224: 9180 9187 9180) (42.234 s)
>> 12288 (35380: 9118 9173 9118) (44.8711 s)
>> 10298 (12897: 9176 9216 9176) (44.0755 s)
>> 8714 (18534: 9282 9342 9282) (38.5761 s)
>> 8553 (12081: 8953 8956 8953) (44.6995 s)
>> 8410 (17625: 9671 9704 9671) (42.1296 s)
>> 8299 (8170: 9070 9117 9070) (41.5762 s)
>> 8148 (3756: 8526 8540 8526) (35.2591 s)
>> 7899 (3782: 8527 8534 8527) (34.5691 s)
>> 7865 (21613: 9737 9813 9737) (47.421 s)
>> 7770 (7672: 9327 9341 9327) (47.7822 s)
>> 8165 (9359: 9335 9345 9335) (47.9108 s)
>> 7501 (20447: 8677 8698 8677) (47.5453 s)
>> 7386 (3118: 8756 8791 8756) (47.0307 s)
>> 7273 (19481: 9010 9055 9010) (45.6436 s)
>> 7266 (7056: 9557 9561 9557) (47.1788 s)
>> 7259 (2778: 8934 8943 8934) (47.637 s)
>> 7144 (3419: 8650 8665 8650) (48.789 s)
>> 7136 (8045: 2413 9165 2413) (47.1921 s)
>> 8665 (8030: 9161 9182 9161) (48.663 s)
>> 7110 (3791: 8524 8531 8524) (47.1603 s)
>> 7037 (7925: 9226 9233 9226) (48.242 s)
>> 6884 (30918: 10468 10478 10468) (44.2903 s)
>> 6731 (6069: 9913 9934 9913) (46.8543 s)
>> 6718 (8781: 8778 8779 8778) (44.1545 s)
>> 6709 (28737: 8935 9080 8935) (44.34 s)
>> 6669 (3673: 8568 8572 8568) (45.4786 s)
>> 6508 (8098: 9126 9144 9126) (46.8919 s)
>> 6413 (3164: 8763 8774 8763) (48.0248 s)
>> 6317 (3708: 8548 8550 8548) (47.3187 s)
>> 6269 (19868: 8881 8886 8881) (42.3713 s)
>> 6233 (16309: 10119 10264 10119) (38.6575 s)
>> 6189 (34445: 8722 8732 8722) (39.8403 s)
>> 6111 (5368: 10232 10241 10232) (45.6669 s)
>> 6069 (10183: 10162 10181 10162) (42.069 s)
>> 6009 (2368: 10209 10236 10209) (46.9365 s)
>> 5853 (25640: 9656 9666 9656) (40.2564 s)
>> 5840 (17723: 9664 9668 9664) (40.1608 s)
>> 5823 (1471: 9085 9133 9085) (44.7606 s)
>> 6018 (25615: 9141 9172 9141) (43.2752 s)
>> 5819 (3824: 8512 8518 8512) (47.0732 s)
>> 5811 (8932: 8921 8931 8921) (41.6484 s)
>> 7358 (2468: 8884 8913 8884) (41.5213 s)
>> 5787 (3240: 8726 8727 8726) (37.5934 s)
>> 5722 (22962: 10186 10210 10186) (47.6469 s)
>> 5649 (20500: 8679 8689 8679) (45.8178 s)
>> 5614 (1922: 9040 9058 9040) (41.5967 s)
>> 5598 (4743: 10519 10527 10519) (41.0325 s)
>> 5587 (16728: 10005 10011 10005) (37.7138 s)
>> 5558 (8076: 9128 9156 9128) (45.2195 s)
>> 5520 (3539: 8622 32721 8622) (42.0664 s)
>> 5494 (25412: 9454 9685 9454) (45.9495 s)
>> 5401 (6396: 9805 9809 9805) (47.1772 s)
>> 5390 (12557: 9739 9844 9739) (36.3302 s)
>> 5380 (13498: 10244 10250 10244) (43.8988 s)
>> 5374 (11111: 9499 9537 9499) (47.6583 s)
>> 5357 (12132: 9923 10099 9923) (35.9808 s)
>> 5323 (19643: 8949 8960 8949) (39.4962 s)
>> 5280 (4237: 10755 10762 10755) (43.1867 s)
>> 5274 (6814: 9618 9660 9618) (47.2659 s)
>> 5186 (29775: 8982 8997 8982) (42.2254 s)
>> 5085 (12397: 9000 2690 9000) (43.2901 s)
>> 5066 (5205: 10293 10297 10293) (48.5375 s)
>> 5058 (21633: 9196 9213 9196) (42.5744 s)
>> 5005 (3754: 8541 8542 8541) (40.4718 s)
>> 4999 (4935: 10434 10446 10434) (43.1614 s)
>> 4966 (18965: 9197 9198 9197) (50.2012 s)
>> 4933 (14945: 10632 10642 10632) (48.4214 s)
>> 4925 (16107: 10217 10243 10217) (41.9435 s)
>> 4896 (26279: 9530 9630 9530) (43.6804 s)
>> 6711 (34126: 9471 9490 9471) (37.3467 s)
>> 4865 (6431: 9761 9795 9761) (45.6424 s)
>> 4784 (7187: 9482 9492 9482) (43.3339 s)
>> 4777 (28560: 9679 9692 9679) (38.9058 s)
>> 4736 (15762: 10326 10365 10326) (36.5556 s)
>> 4713 (7108: 9497 9536 9497) (38.4554 s)
>> 4629 (7574: 9338 9373 9338) (42.8747 s)
>> 4607 (784: 782 9007 782) (39.0936 s)
>> 4592 (3286: 8700 8704 8700) (40.3061 s)
>> 4577 (26196: 10459 10464 10459) (46.652 s)
>> 4565 (1503: 8907 8908 8907) (40.6149 s)
>> 4524 (19924: 8863 8867 8863) (43.0794 s)
>> 4489 (8476: 8469 8475 8469) (44.1966 s)
>> 4474 (4297: 10616 10724 10616) (42.7937 s)
>> 4471 (15891: 10300 10328 10300) (44.4824 s)
>> 4469 (3895: 8479 8482 8479) (45.1547 s)
>> 4444 (3212: 8733 8738 8733) (44.3713 s)
>> 4420 (23575: 10655 10661 10655) (45.8317 s)
>> 4411 (6639: 9719 9724 9719) (43.3343 s)
>> 4401 (5734: 10073 10088 10073) (45.3066 s)
>> 4389 (23245: 9139 26260 9139) (39.9509 s)
>> 4377 (5245: 10249 10282 10249) (34.4842 s)
>> 4375 (8804: 8796 8803 8796) (33.9534 s)
>> 4253 (3095: 8793 8806 8793) (36.6827 s)
>> 4230 (28422: 8955 8968 8955) (43.1093 s)
>> 4220 (31603: 9997 10055 9997) (41.318 s)
>> 4218 (12044: 8604 8615 8604) (45.7714 s)
>> 4194 (5707: 10095 10098 10095) (38.3174 s)
>> 4186 (25943: 10596 10599 10596) (38.076 s)
>> 4157 (5192: 10279 10304 10279) (37.4313 s)
>> 4155 (3762: 8529 8538 8529) (35.3499 s)
>> 4108 (7654: 9204 9351 9204) (33.803 s)
>> 4097 (26217: 9677 9686 9677) (42.048 s)
>> 4058 (5833: 10027 10043 10027) (39.8955 s)
>> 4018 (24275: 10513 10521 10513) (34.8099 s)
>> 4015 (3851: 8507 8508 8507) (34.9862 s)
>> 4014 (15203: 10488 10545 10488) (39.6049 s)
>> 4010 (20457: 8678 8693 8678) (44.5744 s)
>> 3971 (11224: 9986 9995 9986) (45.5042 s)
>> 3968 (2182: 10606 10635 10606) (42.1695 s)
>> 3959 (6141: 9897 9900 9897) (37.3605 s)
>> 3956 (8278: 9060 9072 9060) (34.5108 s)
>> 3896 (5950: 9963 9979 9963) (35.1038 s)
>> 3860 (29766: 8703 8710 8703) (40.2446 s)
>> 4152 (2244: 8681 8692 8681) (43.561 s)
>> 3838 (21631: 9798 9835 9798) (39.5035 s)
>> 3819 (18328: 9405 9457 9405) (45.1078 s)
>> 3812 (22369: 8810 8845 8810) (40.8666 s)
>> 3799 (32976: 8606 8617 8606) (35.6557 s)
>> 3753 (19892: 8873 8878 8873) (45.4952 s)
>> 3686 (11892: 9757 9811 9757) (45.952 s)
>> 3683 (21067: 8481 8486 8481) (45.9778 s)
>> 3674 (13196: 10791 10794 10791) (42.5584 s)
>> 3655 (20996: 8502 8509 8502) (41.6714 s)
>> 3617 (18261: 9439 9467 9439) (41.223 s)
>> 3600 (9912: 9879 9910 9879) (44.0687 s)
>> 3577 (15804: 10341 10378 10341) (50.0295 s)
>> 3612 (5041: 10383 10395 10383) (45.1843 s)
>> 3569 (20563: 8655 8659 8655) (38.2284 s)
>> 3566 (33390: 8905 8922 8905) (39.6041 s)
>> 3513 (1239: 10581 10592 10581) (36.2164 s)
>> 3491 (12875: 9620 9626 9620) (35.3442 s)
>> 3485 (34557: 8674 8694 8674) (39.6237 s)
>> 3471 (27163: 10229 10246 10229) (46.5674 s)
>> 3410 (1638: 9303 9318 9303) (45.4659 s)
>> 3403 (2351: 10089 10109 10089) (47.5988 s)
>> 3398 (15837: 10314 10333 10314) (39.016 s)
>> 3387 (3446: 8656 8661 8656) (40.1382 s)
>> 3381 (8371: 8995 9024 8995) (35.6437 s)
>> 3369 (20720: 8607 8611 8607) (38.2363 s)
>> 3343 (8338: 9032 9037 9032) (45.8494 s)
>> 3340 (14803: 10697 10722 10697) (41.2203 s)
>> 3337 (6270: 9853 9854 9853) (41.3629 s)
>> 3320 (23574: 9116 9119 9116) (37.5858 s)
>> 3310 (26528: 9517 9569 9517) (36.6405 s)
>> 3305 (9231: 9194 9229 9194) (39.0649 s)
>> 3297 (27400: 9189 9336 9189) (34.2206 s)
>> 3285 (1024: 10428 10465 10428) (35.6688 s)
>> 3282 (10337: 10330 10335 10330) (39.1977 s)
>> 3279 (26458: 9386 9406 9386) (41.5313 s)
>> 3278 (7497: 9370 9393 9370) (38.947 s)
>> 3263 (7755: 9308 9310 9308) (41.298 s)
>> 3230 (12616: 10640 10654 10640) (42.1241 s)
>> 3228 (5675: 10112 10134 10112) (45.1865 s)
>> 3215 (2048: 9324 9452 9324) (43.8248 s)
>> 3204 (8364: 9015 9025 9015) (43.2468 s)
>> 3202 (31588: 8854 8856 8854) (37.0872 s)
>> 3193 (30791: 8926 8936 8926) (39.1757 s)
>> 3192 (6819: 9652 9657 9652) (44.3425 s)
>> 3182 (2840: 8895 8899 8895) (37.5816 s)
>> 3170 (4754: 10520 10522 10520) (32.5198 s)
>> 3159 (18782: 9273 9278 9273) (36.6667 s)
>> 3157 (6548: 9730 9755 9730) (39.4328 s)
>> 3146 (11329: 9584 9604 9584) (41.1077 s)
>> 3116 (4850: 10482 10490 10482) (38.3822 s)
>> 3115 (2184: 10226 10238 10226) (33.6059 s)
>> 3098 (4990: 10394 10417 10394) (35.1937 s)
>> 3085 (26533: 8585 8599 8585) (33.6947 s)
>> 3048 (11850: 8561 8582 8561) (33.5307 s)
>> 3036 (9113: 9099 9111 9099) (33.5849 s)
>> 3034 (26788: 9242 9266 9242) (33.6044 s)
>> 3034 (10757: 10745 10747 10745) (33.5783 s)
>> 3018 (13985: 9421 9426 9421) (33.5314 s)
>> 3011 (17529: 9712 9726 9712) (33.7768 s)
>> 2994 (13865: 9625 9633 9625) (33.5736 s)
>> 2992 (4389: 10629 10648 10629) (33.5916 s)
>> 3073 (10711: 10636 10710 10636) (41.4644 s)
>> 2984 (7532: 9376 9381 9376) (47.8138 s)
>> 2997 (7480: 9394 9398 9394) (45.3675 s)
>> 2974 (30699: 9320 9322 9320) (38.4813 s)
>> 2962 (1107: 10802 10822 10802) (35.3505 s)
>> 2961 (1777: 10379 10415 10379) (35.0572 s)
>> 3556 (4977: 10423 10427 10423) (37.0348 s)
>> 2959 (34551: 9459 9465 9459) (39.2431 s)
>> 2955 (31846: 10170 10171 10170) (40.502 s)
>> 2949 (23802: 8686 8705 8686) (37.5584 s)
>> 2944 (7613: 9337 9365 9337) (43.1725 s)
>> 2927 (26026: 10556 10566 10556) (49.2183 s)
>> 2922 (6734: 9681 9691 9681) (39.5645 s)
>> 2917 (31648: 9039 9046 9039) (38.0041 s)
>> 10733 (29737: 9104 9110 9104) (36.4129 s)
>> 2916 (17775: 9646 9655 9646) (36.0501 s)
>> 2909 (33857: 10195 10237 10195) (38.548 s)
>> 2883 (28891: 9627 9641 9627) (36.2185 s)
>> 2871 (17095: 9816 9889 9816) (36.0003 s)
>> 2866 (11275: 8979 8983 8979) (40.7233 s)
>> 2843 (19949: 8850 8865 8850) (42.7884 s)
>> 2838 (20103: 8825 8827 8825) (40.3171 s)
>> 2837 (2749: 8947 8951 8947) (43.5908 s)
>> 2812 (1478: 8996 9003 8996) (44.4898 s)
>> 2792 (14635: 10761 10772 10761) (40.5023 s)
>> 2775 (35474: 9288 12025 9288) (38.6015 s)
>> 2773 (16419: 10097 10130 10097) (35.8631 s)
>> 2768 (7511: 9372 9385 9372) (36.1186 s)
>> 2762 (35815: 9145 9155 9145) (37.4813 s)
>> 5023 (25396: 9122 9135 9122) (39.5862 s)
>> 4214 (2102: 9102 9123 9102) (37.2422 s)
>> 2755 (18381: 9435 9447 9435) (36.7783 s)
>> 2748 (7244: 9451 9507 9451) (36.5364 s)
>> 2745 (22337: 9597 9579 9597) (36.7658 s)
>> 2738 (3124: 8769 8787 8769) (37.9884 s)
>> 2871 (3129: 8777 8784 8777) (42.2094 s)
>> 2737 (2552: 8961 8962 8961) (44.0799 s)
>> 2730 (17225: 9830 9838 9830) (41.2074 s)
>> 7241 (21982: 9728 9763 9728) (35.8166 s)
>> 2741 (13794: 9762 9778 9762) (35.9505 s)
>> 2724 (14257: 8822 8824 8822) (36.1382 s)
>> 2722 (2873: 8879 8883 8879) (38.793 s)
>> 2715 (17194: 9822 9843 9822) (44.2967 s)
>> 2698 (3616: 8589 8598 8589) (41.4396 s)
>> 2690 (15331: 10483 10484 10483) (36.2239 s)
>> 2689 (5978: 9951 9969 9951) (41.2472 s)
>> 2689 (10876: 9960 9992 9960) (41.2966 s)
>> 2677 (31891: 10224 10255 10224) (37.7392 s)
>> 3439 (5344: 10203 10239 10203) (43.8151 s)
>> 2668 (14419: 8544 8545 8544) (36.4445 s)
>> 2649 (4663: 10553 10554 10553) (41.622 s)
>> 2648 (29060: 8772 8789 8772) (39.8469 s)
>> 2629 (4899: 10447 10458 10447) (34.8909 s)
>> 2629 (13548: 10137 10153 10137) (34.8146 s)
>> 3187 (5642: 10111 10124 10111) (36.6165 s)
>> 2774 (23642: 10160 10190 10160) (41.6188 s)
>> 2608 (4425: 10619 10621 10619) (41.0728 s)
>> 2598 (5753: 10057 10079 10057) (33.96 s)
>> 2584 (3819: 8514 8519 8514) (34.2301 s)
>> 2579 (4433: 10602 10631 10602) (37.6794 s)
>> 2576 (7958: 9219 9221 9219) (33.5616 s)
>> 2574 (12318: 8590 8595 8590) (34.3343 s)
>> 2570 (3498: 8627 8637 8627) (40.5415 s)
>> 2561 (18735: 9295 9297 9295) (37.9677 s)
>> 2548 (10918: 9678 9682 9678) (43.5523 s)
>> 2538 (13010: 9115 9146 9115) (45.6178 s)
>> 2531 (2159: 10425 10429 10425) (42.3924 s)
>> 2523 (171: 10398 10416 10398) (39.7475 s)
>> 2521 (18708: 9304 9307 9304) (41.2727 s)
>> 2489 (8416: 9005 9012 9005) (36.164 s)
>> 2488 (8207: 9087 9089 9087) (36.7008 s)
>> 2477 (28921: 10092 10100 10092) (36.2094 s)
>> 2477 (31212: 10267 10280 10267) (35.9051 s)
>> 2445 (29076: 10692 10739 10692) (34.3942 s)
>> 4007 (11723: 10698 10732 10698) (38.6792 s)
>> 2439 (6155: 9895 9906 9895) (36.4967 s)
>> 2437 (6953: 9603 9611 9603) (34.8036 s)
>> 2435 (29905: 9693 9696 9693) (34.8554 s)
>> 2419 (20303: 8743 8751 8743) (38.3466 s)
>> 2415 (1660: 9220 9247 9220) (42.2607 s)
>> 2412 (15539: 10438 10442 10438) (41.6209 s)
>> 2410 (2979: 8844 8847 8844) (40.1987 s)
>> 2407 (5666: 10113 10114 10113) (33.9101 s)
>> 2400 (2119: 8562 8565 8562) (35.3578 s)
>> 2377 (17737: 9649 9669 9649) (34.697 s)
>> 2365 (2005: 8489 8494 8489) (41.801 s)
>> 2364 (6114: 9904 9916 9904) (44.0022 s)
>> 2422 (13687: 9937 9940 9937) (42.4845 s)
>> 2339 (10029: 10024 10028 10024) (36.9227 s)
>> 2337 (4244: 10727 10752 10727) (38.9708 s)
>> 2335 (1745: 9865 9896 9865) (45.6664 s)
>> 2820 (23401: 9783 9803 9783) (38.4082 s)
>> 2332 (4688: 10540 10546 10540) (34.83 s)
>> 2287 (18167: 9506 9510 9506) (34.7217 s)
>> 2286 (4032: 10821 10826 10821) (34.5286 s)
>> 2277 (29189: 9647 9653 9647) (35.351 s)
>> 2272 (1161: 10749 10764 10749) (36.1657 s)
>> 2268 (19498: 9013 9016 9013) (43.1602 s)
>> 2268 (7860: 9262 9274 9262) (42.8303 s)
>> 2264 (31553: 10146 10180 10146) (40.8458 s)
>> 2261 (34210: 9004 9018 9004) (34.3826 s)
>> 2247 (24545: 10370 10374 10370) (34.8344 s)
>> 2693 (33778: 10320 10346 10320) (34.6982 s)
>> 2241 (17906: 9598 9609 9598) (34.5242 s)
>> 2216 (11631: 9765 9770 9765) (34.1517 s)
>> 2198 (5533: 10164 10169 10164) (34.095 s)
>> 2386 (5584: 10136 10149 10136) (34.2417 s)
>> 2198 (5396: 10199 10218 10199) (34.289 s)
>> 2196 (7064: 9558 9577 9558) (34.2175 s)
>> 2196 (5861: 10020 10023 10020) (34.2242 s)
>> 2193 (1164: 8811 8837 8811) (43.2306 s)
>> 2185 (16214: 10177 10202 10177) (41.2963 s)
>> 2178 (20568: 8551 8657 8551) (38.8956 s)
>> 2141 (3644: 8584 8591 8584) (36.7884 s)
>> 2136 (4307: 10713 10719 10713) (35.3072 s)
>> 2134 (7474: 9388 9402 9388) (37.1278 s)
>> 2106 (25450: 10035 10050 10035) (42.5008 s)
>> 2092 (25362: 9251 9271 9251) (44.3244 s)
>> 2086 (7190: 9480 9491 9480) (44.5256 s)
>> 2081 (938: 9993 10009 9993) (41.7734 s)
>> 2080 (11340: 9731 9742 9731) (40.3694 s)
>> 2075 (35453: 10116 10155 10116) (42.508 s)
>> 2072 (34006: 9942 9949 9942) (43.4604 s)
>> 2070 (17663: 9684 9694 9684) (44.5631 s)
>> 2059 (17873: 9605 9628 9605) (42.1669 s)
>> 2054 (31024: 10220 10231 10220) (43.8756 s)
>> 2044 (4469: 10601 10613 10601) (44.0512 s)
>> 2034 (18255: 9472 9485 9472) (35.6058 s)
>> 2026 (5138: 10305 10334 10305) (37.9526 s)
>> 2015 (15918: 10301 10309 10301) (42.3141 s)
>> 2005 (1709: 8815 8821 8815) (33.9113 s)
>> 1997 (6228: 9856 9867 9856) (34.295 s)
>> 1993 (5470: 10175 10194 10175) (42.3197 s)
>> 1990 (12118: 10221 16174 10221) (40.1319 s)
>> 1985 (5688: 10041 10105 10041) (35.2652 s)
>> 2075 (5620: 10118 10132 10118) (38.22 s)
>> 1971 (30266: 8500 8501 8500) (35.9535 s)
>> 1969 (2320: 8862 8870 8862) (40.0523 s)
>> 1963 (18078: 9532 9539 9532) (39.8872 s)
>> 1960 (11924: 9635 9654 9635) (42.1847 s)
>> 1959 (20603: 8644 8646 8644) (39.053 s)
>> 1958 (7013: 9555 9575 9555) (42.6912 s)
>> 1931 (17000: 9886 9927 9886) (41.9226 s)
>> 3996 (12294: 9894 9936 9894) (40.0564 s)
>> 2178 (32350: 9954 9989 9954) (35.0156 s)
>> 2018 (6324: 9821 9831 9821) (38.5799 s)
>> 1927 (4879: 10284 10466 10284) (36.4817 s)
>> 1920 (29858: 9379 9399 9379) (34.9806 s)
>> 1920 (12539: 8488 8491 8488) (33.5056 s)
>> 1905 (29810: 10675 10709 10675) (40.2763 s)
>> 1889 (6510: 9747 9766 9747) (50.5629 s)
>> 1887 (17501: 9736 9749 9736) (39.9941 s)
>> 1886 (11744: 10227 10240 10227) (41.2687 s)
>> 1882 (12639: 9302 9312 9302) (44.0234 s)
>> 1878 (14923: 10617 10620 10617) (44.5169 s)
>> 1872 (15192: 10529 10537 10529) (44.6448 s)
>> 1871 (3859: 8480 8503 8480) (45.8651 s)
>> 1869 (16966: 9928 9931 9928) (44.9879 s)
>> 1869 (4070: 10803 10813 10803) (47.6319 s)
>> 1866 (35849: 10665 10708 10665) (33.4533 s)
>> 1865 (6311: 9825 9834 9825) (38.6256 s)
>> 1952 (6535: 9740 9758 9740) (43.2682 s)
>> 1861 (1607: 9462 9473 9462) (41.8986 s)
>> 1854 (6911: 9615 9624 9615) (33.4356 s)
>> 1848 (7070: 9533 9556 9533) (42.6957 s)
>> 1846 (7934: 9222 9228 9222) (37.4105 s)
>> 1840 (25178: 10788 10799 10788) (42.4691 s)
>> 1837 (34307: 9028 9030 9028) (50.1637 s)
>> 2455 (32821: 9027 9034 9027) (42.1583 s)
>> 1836 (4731: 10530 10534 10530) (32.6671 s)
>> 1828 (30169: 9568 9570 9568) (43.2029 s)
>> 1822 (29159: 10571 10582 10571) (41.0525 s)
>> 1818 (19007: 9179 9185 9179) (38.696 s)
>> 1816 (2033: 10342 10406 10342) (41.7936 s)
>> 1812 (20794: 8555 8583 8555) (46.6167 s)
>> 1809 (6336: 9812 9828 9812) (35.2823 s)
>> 1801 (4323: 10607 10699 10607) (39.6027 s)
>> 1793 (13665: 9978 9983 9978) (44.3499 s)
>> 1781 (2607: 9045 9056 9045) (41.3794 s)
>> 1780 (5784: 10060 10065 10060) (35.1401 s)
>> 1777 (5607: 10120 10143 10120) (38.9462 s)
>> 1775 (14299: 8745 8747 8745) (41.6063 s)
>> 1775 (14957: 10610 10611 10610) (41.6917 s)
>> 1757 (22112: 9468 9576 9468) (34.3227 s)
>> 1754 (17202: 9826 9845 9826) (33.8709 s)
>> 1751 (11305: 8989 9001 8989) (40.3811 s)
>> 1748 (6239: 9860 9864 9860) (42.7334 s)
>> 1730 (17868: 9571 9599 9571) (37.5713 s)
>> 1720 (18344: 9417 9479 9417) (41.5639 s)
>> 1718 (7429: 9409 9413 9409) (42.2924 s)
>> 1713 (20389: 8714 8716 8714) (32.9805 s)
>> 1709 (5213: 2085 10289 2085) (35.3258 s)
>> 1704 (14703: 10733 10759 10733) (40.6464 s)
>> 1702 (15687: 10391 10403 10391) (33.0207 s)
>> 1701 (12091: 10637 10681 10637) (35.1942 s)
>> 1685 (18595: 9339 9368 9339) (33.2342 s)
>> 1678 (9524: 9518 9523 9518) (32.4963 s)
>> 1675 (4214: 10765 10775 10765) (36.4865 s)
>> 1658 (3335: 8684 8691 8684) (35.4612 s)
>> 1653 (29222: 9357 9419 9357) (38.831 s)
>> 1650 (6477: 9760 9774 9760) (35.5491 s)
>> 1646 (21605: 9914 9921 9914) (33.4005 s)
>> 1641 (16679: 10014 10026 10014) (33.9118 s)
>> 1636 (8305: 9049 9059 9049) (34.0234 s)
>> 1624 (13610: 10052 10063 10052) (33.9729 s)
>> 1606 (26591: 10081 10090 10081) (34.2633 s)
>> 1604 (20803: 8569 8577 8569) (38.7077 s)
>> 1595 (28839: 9996 9999 9996) (33.3541 s)
>> 1578 (12338: 10201 10219 10201) (35.1306 s)
>> 1571 (22127: 8916 8918 8916) (39.6457 s)
>> 1570 (4277: 10728 10735 10728) (35.6577 s)
>> 1555 (18870: 9227 9238 9227) (33.416 s)
>> 1550 (5596: 10131 10145 10131) (34.4087 s)
>> 1543 (11507: 8635 8636 8635) (34.6871 s)
>> 1524 (18802: 9279 9296 9279) (34.066 s)
>> 1513 (12842: 10003 10004 10003) (34.051 s)
>> 1508 (31772: 10549 10565 10549) (33.9124 s)
>> 1507 (24697: 10695 10704 10695) (38.7807 s)
>> 1505 (19847: 8892 8903 8892) (41.6362 s)
>> 1498 (17099: 9868 9876 9868) (44.6524 s)
>> 1490 (3483: 8639 8640 8639) (40.5456 s)
>> 1485 (15272: 10504 10505 10504) (49.0187 s)
>> 1484 (3988: 10820 10832 10820) (43.7917 s)
>> 1471 (32593: 9612 9642 9612) (42.6816 s)
>> 1466 (15638: 10411 5009 10411) (41.1457 s)
>> 1461 (272: 9299 7831 9299) (42.1587 s)
>> 1453 (290: 8492 8493 8492) (42.9223 s)
>> 1451 (20819: 8557 8564 8557) (43.7099 s)
>> 1446 (827: 9905 9938 9905) (43.4485 s)
>> 1435 (28272: 8553 8556 8553) (48.2951 s)
>> 1432 (27739: 10544 10548 10544) (43.2555 s)
>> 1425 (20690: 8614 8621 8614) (38.4524 s)
>> 1934 (20661: 8616 8626 8616) (41.6206 s)
>> 1840 (20721: 8601 8605 8601) (42.4633 s)
>> 1422 (6691: 9706 9711 9706) (40.7524 s)
>> 1419 (31100: 10214 10263 10214) (42.2459 s)
>> 1417 (33855: 9804 9817 9804) (43.5095 s)
>> 1410 (11443: 9702 9707 9702) (43.0911 s)
>> 1918 (34705: 9714 9716 9714) (42.2813 s)
>> 1403 (20149: 8788 8799 8788) (42.5949 s)
>> 1395 (27201: 8848 8860 8848) (44.9926 s)
>> 1385 (32979: 8708 8715 8708) (43.3413 s)
>> 1348 (17075: 9776 9885 9776) (44.6629 s)
>> 1345 (10421: 10410 10419 10410) (39.8921 s)
>> 1344 (6552: 9735 9754 9735) (41.6965 s)
>> 1344 (16027: 10252 10256 10252) (44.6639 s)
>> 1344 (14940: 10622 10627 10622) (44.4403 s)
>> 1340 (4786: 10507 10518 10507) (46.363 s)
>> 1333 (6467: 9768 9775 9768) (37.095 s)
>> 1329 (30257: 8915 8917 8915) (31.4111 s)
>> 1326 (18030: 9534 9550 9534) (31.4661 s)
>> 1325 (21205: 10568 10580 10568) (31.32 s)
>> 1323 (6352: 9810 9823 9810) (31.855 s)
>> 1410 (11938: 9832 9841 9832) (31.3382 s)
>> 1317 (2885: 8875 8877 8875) (31.3043 s)
>> 1701 (19874: 8882 8896 8882) (31.2891 s)
>> 1315 (17515: 9743 9756 9743) (31.337 s)
>> 1312 (2176: 8457 8458 8457) (31.2663 s)
>> 1309 (28865: 10626 10666 10626) (31.2527 s)
>> 1301 (8013: 9186 9188 9186) (31.2165 s)
>> 1300 (1636: 9248 9265 9248) (31.1413 s)
>> 1299 (7742: 9319 9331 9319) (31.2543 s)
>> 1297 (14892: 10658 10706 10658) (31.2234 s)
>> 1291 (11083: 10702 10707 10702) (31.1927 s)
>> 1288 (5557: 10144 10152 10144) (31.1556 s)
>> 1282 (12055: 10260 10317 10260) (31.0986 s)
>> 1829 (2251: 10367 10405 10367) (31.113 s)
>> 1277 (1545: 10674 10694 10674) (31.0322 s)
>> 1272 (18844: 9252 9268 9252) (31.054 s)
>> 1268 (15684: 10387 10397 10387) (31.1129 s)
>> 1266 (273: 9277 9286 9277) (31.0312 s)
>> 1263 (7353: 9418 9445 9418) (31.5166 s)
>> 1259 (7257: 9461 9476 9461) (31.0255 s)
>> 1253 (20648: 8629 8632 8629) (30.9832 s)
>> 1242 (4375: 10657 10671 10657) (30.9172 s)
>> 1709 (1104: 10680 10690 10680) (30.9485 s)
>> 1234 (15894: 10274 10313 10274) (31.095 s)
>> 1225 (5014: 10404 10409 10404) (30.8731 s)
>> 1220 (15673: 10388 10402 10388) (30.8757 s)
>> 1218 (13971: 9442 9460 9442) (30.9003 s)
>> 1214 (22221: 8876 8891 8876) (31.0702 s)
>> 1212 (16318: 10161 10168 10161) (30.7641 s)
>> 1210 (14597: 10795 10798 10795) (30.7078 s)
>> 1204 (13658: 9987 9988 9987) (30.7316 s)
>> 1204 (4123: 10796 10801 10796) (30.7184 s)
>> 1219 (14573: 10797 10804 10797) (30.7051 s)
>> 2014 (4075: 10806 10810 10806) (30.7835 s)
>> 1199 (19146: 9109 9127 9109) (30.6431 s)
>> 1186 (14552: 10809 10814 10809) (33.644 s)
>> 1183 (1233: 9861 9933 9861) (39.9231 s)
>> 1180 (19099: 9134 9140 9134) (37.3575 s)
>> 2777 (19119: 9125 9130 9125) (40.3813 s)
>> 1179 (29255: 9794 9806 9794) (32.7033 s)
>> 1173 (34634: 10450 10460 10450) (31.1898 s)
>> 1166 (795: 10768 10773 10768) (30.8856 s)
>> 1165 (20979: 8511 8513 8511) (32.3256 s)
>> 1165 (7171: 9500 9514 9500) (32.0682 s)
>> 1164 (18952: 9200 9207 9200) (33.199 s)
>> 1163 (16631: 10015 10036 10015) (30.7822 s)
>> 1157 (15807: 10340 10396 10340) (35.8587 s)
>> 1149 (10989: 8857 8866 8857) (31.1989 s)
>> 1149 (28445: 8901 8904 8901) (31.3233 s)
>> 1148 (26816: 9703 9709 9703) (31.0972 s)
>> 1121 (19589: 8964 8974 8964) (35.9403 s)
>> 1115 (20079: 8831 8834 8831) (34.7044 s)
>> 1113 (5759: 10058 10075 10058) (36.2942 s)
>> 1099 (6249: 9791 9827 9791) (41.7465 s)
>> 1092 (23761: 10373 10375 10373) (41.7522 s)
>> 1104 (23200: 10303 10306 10303) (34.0108 s)
>> 1087 (28558: 10552 10560 10552) (34.0113 s)
>> 1075 (31139: 9573 9595 9573) (33.7003 s)
>> 1075 (5331: 10233 10235 10233) (32.2349 s)
>> 1073 (16391: 10093 10128 10093) (33.0974 s)
>> 1069 (20291: 8754 8760 8754) (32.5118 s)
>> 1747 (32019: 8741 8755 8741) (32.6171 s)
>> 1513 (23164: 8695 8748 8695) (32.6034 s)
>> 1064 (20525: 8667 8672 8667) (33.1603 s)
>> 1059 (6279: 9833 9850 9833) (34.1994 s)
>> 1053 (7867: 9250 9260 9250) (33.3164 s)
>> 1930 (7915: 9235 9236 9235) (38.1279 s)
>> 2079 (7930: 9232 9237 9232) (41.8851 s)
>> 1052 (7467: 9382 9404 9382) (36.7696 s)
>> 1050 (3029: 8830 8833 8830) (30.5225 s)
>> 1046 (16640: 10031 10053 10031) (36.5552 s)
>> 1042 (7590: 9362 9366 9362) (35.5962 s)
>> 1037 (7123: 9503 9526 9503) (34.8686 s)
>> 1824 (6957: 9562 9602 9562) (33.9526 s)
>> 1030 (5239: 10248 10285 10248) (34.5766 s)
>> 1029 (1946: 10436 10449 10436) (30.2564 s)
>> 1014 (3638: 8592 8593 8592) (30.667 s)
>> 1008 (32219: 9077 9081 9077) (33.4866 s)
>> 1004 (20522: 8673 8676 8673) (42.856 s)
>> 1000 (16240: 10178 10192 10178) (39.3836 s)
>> 990 (30549: 10345 10369 10345) (37.6513 s)
>> 986 (22296: 9574 9578 9574) (33.2626 s)
>> 1693 (32303: 9493 9505 9493) (38.3528 s)
>> 976 (496: 9842 9851 9842) (32.5884 s)
>> 1271 (23057: 9846 9866 9846) (34.9302 s)
>> 975 (13108: 8465 8468 8465) (34.6915 s)
>> 3150 (3922: 8470 8471 8470) (36.6534 s)
>> 3514 (12390: 8466 8473 8466) (41.1805 s)
>> 964 (7703: 9328 9333 9328) (41.73 s)
>> 956 (7325: 9434 9456 9434) (41.2276 s)
>> 955 (1798: 10625 10641 10625) (40.8819 s)
>> 944 (2133: 9857 9880 9857) (39.1599 s)
>> 933 (35702: 9052 9054 9052) (36.9217 s)
>> 931 (17028: 9899 9909 9899) (37.6637 s)
>> 931 (31192: 9964 10002 9964) (38.4472 s)
>> 919 (24828: 9241 9249 9241) (40.0063 s)
>> 919 (21682: 9253 9281 9253) (39.9266 s)
>> 917 (16821: 9973 9984 9973) (35.6763 s)
>> 1545 (33019: 10010 10022 10010) (30.1532 s)
>> 909 (12560: 8472 8474 8472) (35.6542 s)
>> 908 (11455: 9246 18720 9246) (35.0534 s)
>> 901 (13565: 10101 10103 10101) (39.6997 s)
>> 901 (35041: 8651 8652 8651) (35.1656 s)
>> 888 (5957: 9950 9975 9950) (39.8786 s)
>> 878 (12919: 10165 10166 10165) (41.2109 s)
>> 858 (14670: 10769 10786 10769) (36.7547 s)
>> 841 (2930: 8858 8861 8858) (41.2105 s)
>> 840 (23844: 9294 9317 9294) (35.201 s)
>> 834 (14770: 10785 10725 10785) (30.2925 s)
>> 831 (13844: 9648 9659 9648) (33.0511 s)
>> 813 (17155: 9847 9873 9847) (30.2685 s)
>> 1328 (6171: 9877 9892 9877) (29.9389 s)
>> 805 (4018: 10825 10827 10825) (35.6821 s)
>> 792 (4372: 10639 10672 10639) (43.8959 s)
>> 785 (19239: 9106 32139 9106) (38.4576 s)
>> 784 (12005: 10595 10614 10595) (30.8861 s)
>> 767 (13960: 9469 9488 9469) (37.3487 s)
>> 764 (16838: 9932 9957 9932) (33.9764 s)
>> 764 (11721: 9553 27199 9553) (37.7936 s)
>> 1501 (18025: 9545 9559 9545) (35.3171 s)
>> 2720 (27811: 9552 9581 9552) (29.3963 s)
>> 756 (25409: 10094 10125 10094) (29.1213 s)
>> 754 (15256: 10506 10510 10506) (36.9276 s)
>> 748 (18624: 9348 9364 9348) (32.92 s)
>> 739 (7756: 9306 9309 9306) (38.4671 s)
>> 737 (7152: 9483 9495 9483) (37.7445 s)
>> 721 (6634: 9718 9725 9718) (31.8123 s)
>> 713 (17229: 9824 9848 9824) (36.3442 s)
>> 708 (14818: 10678 10696 10678) (33.2451 s)
>> 705 (4050: 10815 10816 10815) (33.2755 s)
>> 696 (19590: 8975 8984 8975) (33.1423 s)
>> 690 (16886: 9945 9958 9945) (38.6033 s)
>> 1155 (16947: 9941 9946 9941) (42.867 s)
>> 684 (4043: 10818 10819 10818) (41.9813 s)
>> 670 (10884: 10163 10191 10163) (41.2437 s)
>> 669 (18850: 9256 9263 9256) (40.688 s)
>> 2110 (11395: 9267 9272 9267) (39.7667 s)
>> 669 (5227: 10276 10292 10276) (41.3628 s)
>> 668 (13311: 10569 10578 10569) (37.044 s)
>> 667 (11587: 9321 9323 9321) (34.7423 s)
>> 660 (6212: 9855 9872 9855) (31.3305 s)
>> 1693 (32063: 9771 9787 9771) (30.1118 s)
>> 658 (18168: 9504 9535 9504) (29.8007 s)
>> 642 (5513: 10179 10184 10179) (30.0224 s)
>> 640 (17815: 9634 9650 9634) (29.1789 s)
>> 637 (15082: 10570 10572 10570) (29.8395 s)
>> 631 (5519: 10167 10176 10167) (33.133 s)
>> 620 (17697: 9665 9676 9665) (38.9805 s)
>> 616 (3889: 8483 8484 8483) (30.0418 s)
>> 615 (6695: 9699 9710 9699) (30.1376 s)
>> 614 (13329: 10558 10562 10558) (30.3643 s)
>> 1181 (15101: 10557 10574 10557) (30.2966 s)
>> 612 (15320: 10487 10489 10487) (32.1574 s)
>> 612 (6719: 9683 9700 9683) (34.9268 s)
>> 608 (2231: 10331 10344 10331) (40.4131 s)
>> 598 (7598: 9355 9369 9355) (37.8296 s)
>> 590 (14720: 10743 10746 10743) (37.8785 s)
>> 590 (15152: 10555 10563 10555) (29.5709 s)
>> 580 (3115: 8786 8790 8786) (30.5606 s)
>> 575 (15714: 10384 10392 10384) (34.8912 s)
>> 583 (15741: 10273 10332 10273) (31.5508 s)
>> 574 (14699: 10753 10756 10753) (33.1111 s)
>> 572 (4901: 10448 10451 10448) (31.9942 s)
>> 564 (4192: 10780 10787 10780) (28.5604 s)
>> 562 (11376: 9041 9043 9041) (29.3461 s)
>> 559 (7452: 9411 9412 9411) (29.5773 s)
>> 559 (5746: 10013 10080 10013) (30.174 s)
>> 558 (28926: 9121 9129 9121) (31.1864 s)
>> 551 (16913: 9919 9929 9919) (29.7369 s)
>> 548 (13515: 10198 10204 10198) (31.5029 s)
>> 541 (5997: 9948 9959 9948) (35.0491 s)
>> 541 (14674: 10763 10767 10763) (35.0325 s)
>> 540 (16194: 10189 10211 10189) (32.9162 s)
>> 529 (6682: 9622 9713 9622) (29.87 s)
>> 528 (3032: 8823 8829 8823) (32.9806 s)
>> 525 (19456: 9017 9029 9017) (35.8183 s)
>> 513 (18738: 9293 9311 9293) (34.6733 s)
>> 512 (1862: 9829 9858 9829) (29.5814 s)
>> 507 (6916: 9608 9621 9608) (31.7472 s)
>> 503 (16476: 10072 10102 10072) (28.3941 s)
>> 502 (20537: 8666 8669 8666) (27.9309 s)
>> 501 (18487: 9387 9403 9387) (34.2067 s)
>> 486 (4782: 10499 10508 10499) (38.4165 s)
>> 585 (15244: 10516 10517 10516) (39.5006 s)
>> 482 (18607: 9354 9361 9354) (34.8504 s)
>> 480 (7382: 9415 9429 9415) (34.2598 s)
>> 479 (19021: 9174 9181 9174) (28.6839 s)
>> 479 (307: 8880 8893 8880) (27.544 s)
>> 472 (13494: 10253 10257 10253) (27.4455 s)
>> 462 (26832: 8554 8563 8554) (27.46 s)
>> 451 (15031: 10579 10593 10579) (32.3399 s)
>> 444 (22542: 9572 9623 9572) (37.2358 s)
>> 441 (6627: 9727 9738 9727) (34.2114 s)
>> 440 (32213: 9786 9890 9786) (29.4844 s)
>> 434 (18743: 9314 9300 9314) (34.4077 s)
>> 432 (20637: 8634 8641 8634) (33.9017 s)
>> 423 (18956: 9193 9195 9193) (33.759 s)
>> 423 (21271: 9269 9292 9269) (27.0683 s)
>> 422 (6923: 9619 9629 9619) (26.9663 s)
>> 714 (17869: 9601 9617 9601) (26.8827 s)
>> 411 (20009: 8843 8849 8843) (30.2531 s)
>> 408 (13500: 10230 10242 10230) (30.4367 s)
>> 385 (8347: 9023 9033 9023) (32.8053 s)
>> 384 (2488: 9257 9259 9257) (27.5704 s)
>> 383 (12571: 8610 8620 8610) (37.2704 s)
>> 375 (7663: 9343 9344 9343) (29.9958 s)
>> 365 (34673: 10480 671 10480) (30.4352 s)
>> 357 (35636: 10407 10441 10407) (28.4705 s)
>> 346 (15117: 10551 10561 10551) (28.6222 s)
>> 334 (4319: 10693 10703 10693) (27.4639 s)
>> 332 (4947: 10432 10437 10432) (29.7914 s)
>> 327 (15239: 10526 10536 10526) (27.7771 s)
>> 320 (10474: 10473 10475 10473) (26.6076 s)
>> 315 (19369: 9048 9050 9048) (32.8879 s)
>> 529 (19299: 9047 9071 9047) (29.7567 s)
>> 308 (5177: 10281 10321 10281) (31.4677 s)
>> 272 (15006: 10591 10605 10591) (30.1207 s)
>> 239 (19282: 9074 9079 9074) (31.2791 s)
>> 228 (3207: 8739 8742 8739) (28.205 s)
>> 228 (16758: 10012 10034 10012) (29.8217 s)
>> 221 (4357: 10667 10682 10667) (28.5182 s)
>> 336 (14860: 10659 10689 10659) (32.7135 s)
>> 841 (10652: 10589 10651 10589) (29.8541 s)
>> 185 (12957: 10585 10586 10585) (28.7095 s)
>> 179 (30522: 9498 9501 9498) (32.8596 s)
>> 168 (5801: 10056 10067 10056) (29.3758 s)
>> 154 (5766: 10061 10062 10061) (32.2153 s)
>> 150 (8759: 8757 8764 8757) (34.3206 s)
>> 146 (4400: 10628 10656 10628) (29.3761 s)
>> 892 (26517: 10726 10734 10726) (33.6729 s)
>> 144 (12894: 8944 8946 8944) (32.9006 s)
>> 144 (18395: 9396 9422 9396) (32.9587 s)
>> 530 (18586: 9367 9377 9367) (31.9357 s)
>> 134 (7976: 9199 9206 9199) (38.408 s)
>> 133 (25939: 10213 10216 10213) (28.5771 s)
>> 132 (7562: 9360 9375 9360) (29.9644 s)
>> 102 (27297: 9977 9982 9977) (35.2522 s)
>> 99 (14709: 10760 10779 10760) (34.6911 s)
>> 85 (14867: 10677 10685 10677) (31.5623 s)
>> 84 (16933: 9917 9947 9917) (31.0001 s)
>> 78 (7261: 9474 9478 9474) (34.1326 s)
>> 75 (2712: 8959 8963 8959) (32.8112 s)
>> 65 (20975: 8510 8525 8510) (26.9932 s)
>> 39 (14512: 10823 10828 10823) (30.0744 s)
>> 36 (13770: 9790 9800 9790) (33.5512 s)
>> 32 (6979: 9560 9594 9560) (32.3217 s)
>> 23 (13274: 10600 10609 10600) (27.702 s)
>> 9 (21369: 8499 8504 8499) (26.9028 s)
>> 6 (4815: 10498 10501 10498) (32.4682 s)
>> 0 (-1: -1 -1 -1) (34.9686 s)
Zelikovsky 31962.9 s
>> 136424 (1815: 10833 10834 10800) (2114.86 s)
>> 72402 (8928: 20109 8927 8923) (2073.65 s)
>> 40245 (27946: 8535 8558 8515) (2290.68 s)
>> 22613 (916: 9143 9065 9061) (2246.56 s)
>> 22209 (2227: 10426 10472 10470) (2480.79 s)
>> 19027 (16745: 9902 10142 10016) (2698.37 s)
>> 17990 (2705: 9000 8969 8965) (2812.46 s)
>> 16567 (18920: 9223 9225 9217) (2532.94 s)
>> 14359 (26221: 27889 9321 9223) (2600.6 s)
>> 13452 (21900: 9227 9210 9143) (2753.74 s)
>> 12320 (16535: 10100 10083 9751) (2732.97 s)
>> 11052 (3233: 8702 20109 8728) (2602.33 s)
>> 9981 (6053: 9981 35858 9939) (2607.36 s)
>> 9726 (21124: 8461 8465 8462) (2756.38 s)
>> 9719 (25182: 9887 10100 9930) (2728.81 s)
>> 9540 (2861: 8885 8900 8894) (2645.14 s)
>> 9109 (24224: 9180 9190 9187) (2648.07 s)
>> 8553 (12081: 8953 8976 8956) (2697.2 s)
>> 8410 (17625: 28092 9704 9671) (2574.27 s)
>> 8299 (8170: 9070 9181 9117) (2628.68 s)
>> 8148 (3756: 8546 8540 8526) (2471.32 s)
>> 7899 (3782: 8527 8521 8534) (2571.4 s)
>> 7770 (7672: 9327 9358 9341) (2700.29 s)
>> 7501 (20447: 8677 8713 8698) (2636.62 s)
>> 7386 (3118: 8823 8791 8756) (2509.71 s)
>> 7273 (19481: 19638 9055 9010) (2588.48 s)
>> 7266 (7056: 9557 9563 9561) (2741.98 s)
>> 7259 (2778: 8934 8945 8943) (2554.83 s)
>> 7144 (3419: 8678 8665 8650) (2481.02 s)
>> 7136 (8045: 9165 9178 2413) (2628.06 s)
>> 7110 (3791: 8524 8537 8531) (2630.07 s)
>> 6884 (30918: 671 10478 10468) (2686.05 s)
>> 6731 (6069: 9957 9934 9913) (2462.23 s)
>> 6669 (3673: 8584 8572 8568) (2688.21 s)
>> 6520 (12897: 9176 9269 9216) (2661.21 s)
>> 6497 (2163: 9887 9813 9737) (2678.94 s)
>> 6317 (3708: 8555 8550 8548) (2412.94 s)
>> 6269 (19868: 8903 8886 8881) (2603.04 s)
>> 6233 (16309: 10119 10284 10264) (2385.85 s)
>> 6189 (34445: 8732 8738 8722) (2437.52 s)
>> 6111 (5368: 10241 10250 10232) (2511.3 s)
>> 6069 (10183: 10162 10207 10181) (2369.42 s)
>> 6009 (2368: 10236 10259 10209) (2400.55 s)
>> 5971 (3164: 8763 8779 8774) (2549.38 s)
>> 5853 (25640: 9666 9693 9656) (2967.87 s)
>> 5840 (17723: 9679 9668 9664) (2022.32 s)
>> 5823 (1471: 9133 9141 9085) (1906.81 s)
>> 5811 (8932: 8921 8944 8931) (2011.27 s)
>> 5649 (20500: 8679 8701 8689) (1905.52 s)
>> 5614 (1922: 9058 19266 9040) (2052.79 s)
>> 5598 (4743: 10519 194 10527) (2009.01 s)
>> 5587 (16728: 10021 10011 10005) (2032.24 s)
>> 5558 (8076: 9128 9158 9156) (2027.33 s)
>> 5520 (3539: 32721 20686 8622) (1918.24 s)
>> 5494 (25412: 9759 9685 9454) (1878.21 s)
>> 5401 (6396: 9821 9809 9805) (1920.53 s)
>> 5390 (12557: 9849 9844 9739) (1840.57 s)
>> 5374 (11111: 9499 9567 9537) (1903.94 s)
>> 5323 (19643: 8964 8960 8949) (1806.26 s)
>> 5280 (4237: 10775 10762 10755) (1885.19 s)
>> 5186 (29775: 9005 8997 8982) (1822.31 s)
>> 5097 (12099: 9630 9887 9642) (1902.49 s)
>> 5066 (5205: 10293 10300 10297) (1859.34 s)
>> 5005 (3754: 20905 8542 8541) (1966.88 s)
>> 4999 (4935: 10451 10446 10434) (1863.61 s)
>> 4933 (14945: 10646 10642 10632) (1813.45 s)
>> 4925 (16107: 10243 10260 10217) (1884.18 s)
>> 4917 (7935: 9227 9233 9226) (1924.35 s)
>> 4896 (26279: 9530 9580 9630) (1851.56 s)
>> 4804 (7334: 9471 9452 9324) (1788.71 s)
>> 4793 (689: 9058 9180 9172) (1899.33 s)
>> 4784 (7187: 9522 9492 9482) (1966.81 s)
>> 4736 (15762: 10326 10367 10365) (1762.62 s)
>> 4713 (7108: 9497 9607 9536) (1998.92 s)
>> 4656 (20369: 8732 8730 8727) (1907.6 s)
>> 4646 (7716: 9327 9329 9318) (1960.74 s)
>> 4629 (7574: 9338 9405 9373) (1929.81 s)
>> 4607 (784: 9007 27889 782) (1846.73 s)
>> 4577 (26196: 10459 10471 10464) (1900.05 s)
>> 4566 (22962: 10162 10212 10210) (1959.51 s)
>> 4565 (1503: 8907 8915 8908) (1876.47 s)
>> 4524 (19924: 8863 8875 8867) (1748.22 s)
>> 4519 (2419: 9209 9258 9213) (1881.96 s)
>> 4489 (8476: 8469 8481 8475) (1949.04 s)
>> 4469 (3895: 8484 8482 8479) (1751.38 s)
>> 4445 (13498: 10241 10258 10244) (1864.45 s)
>> 4401 (5734: 10073 10096 10088) (1837.46 s)
>> 4394 (33528: 8914 9000 8935) (1734.28 s)
>> 4389 (23245: 9139 34955 26260) (1795.14 s)
>> 4288 (28452: 2690 8914 8996) (1849.11 s)
>> 4259 (3797: 8524 8528 8518) (1764.89 s)
>> 4250 (7996: 9196 9198 9197) (1943.2 s)
>> 4220 (31603: 10055 10056 9997) (1732.71 s)
>> 4218 (12044: 8615 8672 8604) (1786.3 s)
>> 4194 (5707: 10095 10126 10098) (1848.84 s)
>> 4186 (25943: 10596 10617 10599) (1913.62 s)
>> 4157 (5192: 10279 10341 10304) (1864.46 s)
>> 4155 (3762: 20905 8538 8529) (1695.83 s)
>> 4108 (7654: 9351 9455 9204) (1723.92 s)
>> 4058 (5833: 10027 10044 10043) (1773.27 s)
>> 4018 (24275: 10521 10528 10513) (1686.09 s)
>> 3971 (11224: 9986 10051 9995) (1795.37 s)
>> 3965 (2351: 10114 10109 10073) (1752.95 s)
>> 3959 (6141: 9900 9952 9897) (1852.7 s)
>> 3956 (8278: 9060 9087 9072) (1710.02 s)
>> 3896 (5950: 9963 9992 9979) (1708.39 s)
>> 3838 (21631: 9835 9861 9798) (1750.98 s)
>> 3831 (27086: 9530 9490 9471) (1761.54 s)
>> 3812 (22369: 8859 8845 8810) (1655.85 s)
>> 3787 (3327: 8703 8692 8681) (1610.33 s)
>> 3753 (19892: 8880 8878 8873) (1620.43 s)
>> 4057 (14211: 8901 8893 8880) (1659.8 s)
>> 3743 (3286: 8704 8708 8700) (1501.26 s)
>> 3704 (20573: 8659 8655 8615) (1612.91 s)
>> 3674 (13196: 10791 10795 10794) (1643.33 s)
>> 3634 (10869: 9165 9196 9182) (1769.47 s)
>> 3625 (15312: 10489 10519 10493) (1629.76 s)
>> 3617 (18261: 9467 9477 9439) (1604.24 s)
>> 3600 (9912: 9879 9918 9910) (1642.94 s)
>> 3513 (1239: 10581 10683 10592) (1571.86 s)
>> 3507 (1026: 8863 8901 8877) (1589.42 s)
>> 3491 (12875: 9647 9626 9620) (1608.08 s)
>> 3479 (3322: 8704 8693 8678) (1668.01 s)
>> 3471 (27163: 10229 10286 10246) (1633.48 s)
>> 3446 (2182: 10635 10733 10606) (1628.1 s)
>> 3446 (26213: 9709 9723 9679) (1680.2 s)
>> 3398 (15837: 10314 10335 10333) (1483.26 s)
>> 3387 (3446: 8654 8661 8656) (1610.63 s)
>> 3381 (8371: 9039 9024 8995) (1602.4 s)
>> 3369 (20720: 32721 8611 8607) (1619.49 s)
>> 3355 (5465: 10186 16294 10195) (1646.56 s)
>> 3346 (3851: 8514 8508 8507) (1576.59 s)
>> 3343 (8338: 9032 9043 9037) (1482.74 s)
>> 3340 (14803: 10697 10723 10722) (1603.32 s)
>> 3337 (6270: 9860 9854 9853) (1663.01 s)
>> 3320 (23574: 9119 9129 9116) (1615.81 s)
>> 3310 (26528: 9576 9569 9517) (1522.02 s)
>> 3305 (9231: 9234 9229 9194) (1575.18 s)
>> 3285 (1024: 10465 27961 10428) (1485.49 s)
>> 3279 (26458: 9415 9406 9386) (1614.62 s)
>> 3263 (7755: 18720 9310 9308) (1478.92 s)
>> 3230 (12616: 10688 10654 10640) (1619.2 s)
>> 3202 (31588: 22235 8856 8854) (1625.37 s)
>> 3193 (30791: 8939 8936 8926) (1645.55 s)
>> 3192 (6819: 9652 9663 9657) (1594.45 s)
>> 3170 (4754: 10520 10536 10522) (1505.78 s)
>> 3165 (7783: 9303 9284 9297) (1517.22 s)
>> 3157 (6548: 9730 9770 9755) (1682.37 s)
>> 3146 (11329: 9610 9604 9584) (1473.76 s)
>> 3128 (2676: 8968 8977 8953) (1637.87 s)
>> 3122 (6862: 9618 9709 9636) (1529.25 s)
>> 3115 (2184: 10226 10275 10238) (1549 s)
>> 3102 (23963: 8778 8859 8770) (1435.58 s)
>> 3098 (10364: 10378 10362 10279) (1622.83 s)
>> 3085 (26533: 8578 8599 8585) (1642.09 s)
>> 3062 (23749: 10027 10078 10062) (1592.74 s)
>> 3048 (11850: 8582 8590 8561) (1528.48 s)
>> 3036 (9113: 9123 9111 9099) (1645.25 s)
>> 3034 (10757: 10745 10756 10747) (1563.62 s)
>> 3018 (13985: 9421 9433 9426) (1621.24 s)
>> 3013 (33422: 8885 8921 8913) (1451.89 s)
>> 3011 (17529: 9712 9729 9726) (1596.44 s)
>> 3069 (6691: 9706 9712 9711) (1636.94 s)
>> 2994 (13865: 9625 9639 9633) (1730.07 s)
>> 2992 (4389: 10629 10665 10648) (1529.02 s)
>> 2984 (7532: 9376 9394 9381) (1607.86 s)
>> 2962 (1107: 10802 10827 10822) (1571.98 s)
>> 2961 (1777: 10418 10415 10379) (1559.34 s)
>> 2955 (8328: 9046 9042 9039) (1485.16 s)
>> 2927 (18328: 9338 9480 9457) (1571.52 s)
>> 2927 (26026: 10579 10566 10556) (1592.39 s)
>> 2925 (21067: 8469 8487 8486) (1679.68 s)
>> 2922 (6734: 9681 9694 9691) (1552.84 s)
>> 2916 (17775: 9655 9669 9646) (1502.66 s)
>> 2906 (231: 10314 10322 10226) (1548.39 s)
>> 2895 (8291: 9070 9064 9046) (1685.68 s)
>> 2871 (17095: 9889 9950 9816) (1483.39 s)
>> 2868 (26559: 9161 9148 9126) (1582.32 s)
>> 2866 (11275: 8979 9001 8983) (1441.98 s)
>> 2838 (20103: 8827 8831 8825) (1562.93 s)
>> 2837 (2749: 8959 8951 8947) (1429.01 s)
>> 2837 (19547: 9005 9002 8989) (1614.81 s)
>> 2812 (1478: 2690 9006 9003) (1603.03 s)
>> 2802 (28151: 8823 8763 8755) (1655.8 s)
>> 2795 (3841: 8512 8509 8502) (1530.11 s)
>> 2792 (14635: 10792 10772 10761) (1510.14 s)
>> 2773 (16419: 10097 10131 10130) (1568.33 s)
>> 2755 (18381: 18302 9447 9435) (1573.13 s)
>> 2755 (35474: 9291 12025 9288) (1517.6 s)
>> 2748 (7244: 9451 9540 9507) (1520.15 s)
>> 2745 (22337: 9597 9651 9579) (1563.22 s)
>> 2745 (32248: 9167 9168 9165) (1496.12 s)
>> 2738 (3124: 8801 8787 8769) (1468.69 s)
>> 2737 (2552: 8962 34795 8961) (1499.62 s)
>> 2732 (4990: 10426 10417 10394) (1523.66 s)
>> 2730 (17225: 9830 9881 9838) (1468.69 s)
>> 2724 (14257: 8824 8828 8822) (1392.97 s)
>> 2722 (2873: 8879 8903 8883) (1472.15 s)
>> 2720 (33633: 9145 9167 9135) (1468.99 s)
>> 2715 (6304: 9776 9836 9762) (1543.6 s)
>> 2715 (17194: 9858 9843 9822) (1595.61 s)
>> 2709 (7498: 9370 9393 9338) (1403.4 s)
>> 2705 (31192: 31240 9986 9964) (1454.7 s)
>> 2698 (3616: 8603 8598 8589) (1498.91 s)
>> 2689 (5978: 9951 9978 9969) (1326.22 s)
>> 2688 (6791: 9677 9672 9666) (1384.47 s)
>> 2677 (31891: 10255 10263 10224) (1426.24 s)
>> 3106 (5341: 10255 10239 10203) (1377.39 s)
>> 2653 (7613: 9337 9372 9365) (1394.64 s)
>> 2650 (11660: 10249 10243 10234) (1470.85 s)
>> 2650 (11749: 9089 9119 9098) (1412.62 s)
>> 2649 (4663: 10560 10554 10553) (1409.79 s)
>> 2648 (29060: 8772 8813 8789) (1374.76 s)
>> 2640 (15331: 15322 10484 10483) (1351.42 s)
>> 2629 (4899: 10447 34625 10458) (1297.62 s)
>> 2629 (13548: 10153 10186 10137) (1427.63 s)
>> 2626 (24019: 10289 10293 10151) (1392.2 s)
>> 2608 (4425: 10619 10638 10621) (1359.67 s)
>> 2607 (18796: 9273 9278 9275) (1203.09 s)
>> 2598 (5753: 10057 10074 10079) (1405.36 s)
>> 2589 (5082: 10378 10396 10383) (1296.73 s)
>> 2576 (7958: 34054 9221 9219) (1361.32 s)
>> 2548 (10918: 9682 9690 9678) (1438.77 s)
>> 2540 (22870: 10697 10719 10696) (1377.35 s)
>> 2538 (13010: 19217 9146 9115) (1365.98 s)
>> 2532 (25689: 10764 10739 10710) (1281.11 s)
>> 2525 (35636: 10422 10429 10411) (1351.35 s)
>> 2715 (2159: 10425 10422 5009) (1317.28 s)
>> 2523 (171: 10461 10416 10398) (1312.67 s)
>> 2521 (18708: 9300 9307 9304) (1335.35 s)
>> 2517 (16801: 9963 10013 9960) (1289.22 s)
>> 2510 (33943: 9155 9161 9145) (1426.3 s)
>> 2498 (10977: 8934 30076 8905) (1215.12 s)
>> 2489 (4231: 10749 10759 10635) (1472.08 s)
>> 2587 (25228: 10749 10776 10771) (1345.43 s)
>> 2489 (8416: 9021 9012 9005) (1261.37 s)
>> 2475 (7201: 9488 9489 9459) (1285.57 s)
>> 2473 (21982: 9794 9763 9728) (1422.58 s)
>> 2463 (25450: 10050 10055 10035) (1261.24 s)
>> 2439 (6155: 9895 9915 9906) (1434.47 s)
>> 2432 (3397: 8677 8654 8671) (1295.65 s)
>> 2419 (20303: 8823 8751 8743) (1323.75 s)
>> 2415 (1660: 9220 9251 9247) (1237.24 s)
>> 2410 (2979: 8848 8847 8844) (1241.51 s)
>> 2379 (6391: 9821 9817 9811) (1255.76 s)
>> 2365 (2005: 8494 8496 8489) (1238.05 s)
>> 2364 (6114: 9904 9935 9916) (1259.23 s)
>> 2347 (4277: 10735 10745 10728) (1270.75 s)
>> 2343 (1655: 10692 10736 10708) (1268.84 s)
>> 2342 (7509: 9421 9385 9337) (1409.38 s)
>> 2339 (10029: 10024 10046 10028) (1206.13 s)
>> 2337 (4244: 10767 10752 10727) (1376.32 s)
>> 2332 (4688: 10559 10546 10540) (1278.22 s)
>> 2326 (6968: 9571 9647 9596) (1390.71 s)
>> 3102 (7002: 9571 9577 9558) (1218.85 s)
>> 2287 (18167: 9506 9518 9510) (1208.26 s)
>> 2276 (18810: 9282 9268 9252) (1190.92 s)
>> 2272 (4978: 10418 10437 10427) (1270.55 s)
>> 2268 (7860: 9274 9277 9262) (1312.71 s)
>> 2268 (19498: 9016 9022 9013) (1220.13 s)
>> 2264 (31553: 12302 10180 10146) (1192.48 s)
>> 2251 (14972: 10636 10629 10623) (1280.98 s)
>> 2241 (17906: 9609 9641 9598) (1105.15 s)
>> 2744 (17910: 9594 9609 9560) (1276.59 s)
>> 2239 (23576: 10646 10691 10661) (1301.38 s)
>> 2225 (15939: 10298 10318 10282) (1065.28 s)
>> 2224 (6459: 9835 9788 9767) (1141.73 s)
>> 2217 (14105: 9134 9125 9089) (1235.84 s)
>> 2198 (5533: 10164 10191 10169) (1247.17 s)
>> 2196 (5861: 10020 10031 10023) (1247.39 s)
>> 2193 (1164: 8837 8857 8811) (1163.87 s)
>> 2188 (2699: 8962 8979 8971) (1203.97 s)
>> 2185 (16214: 10215 10202 10177) (1336.11 s)
>> 2183 (31212: 10280 10291 10267) (1200.4 s)
>> 2178 (20568: 8657 8663 8551) (1188.87 s)
>> 2139 (14804: 10698 10732 10692) (1358.04 s)
>> 2134 (7474: 9418 9402 9388) (1194.44 s)
>> 2123 (33726: 9339 9291 9335) (1100.27 s)
>> 2104 (28927: 9134 9121 9108) (1188.56 s)
>> 2081 (938: 10015 10009 9993) (1311.48 s)
>> 2080 (11340: 9742 9782 9731) (927.827 s)
>> 2067 (1426: 10488 10496 10492) (1200.13 s)
>> 2059 (17873: 9631 9628 9605) (1117.31 s)
>> 2044 (4469: 10601 10618 10613) (1061.4 s)
>> 2041 (19734: 8942 8964 8939) (1132.97 s)
>> 2037 (285: 9610 9599 9587) (1232.71 s)
>> 2034 (18255: 9472 9488 9485) (1267.53 s)
>> 2026 (5138: 10369 10334 10305) (1149.85 s)
>> 2202 (31146: 10332 10369 10301) (1074.49 s)
>> 2019 (1548: 9676 9682 9665) (1249.98 s)
>> 2014 (3279: 8732 8710 8703) (1189.09 s)
>> 2008 (8403: 9029 9025 9017) (1137.39 s)
>> 1997 (6228: 9856 9873 9867) (1172.73 s)
>> 1996 (5983: 9967 33775 9949) (1378.34 s)
>> 1993 (5470: 10175 10197 10194) (1112.57 s)
>> 1985 (5688: 10041 10118 10105) (1136.61 s)
>> 1976 (16325: 10144 10155 10152) (1189.32 s)
>> 1976 (29905: 9706 9696 9677) (1245.68 s)
>> 1969 (2320: 8870 8871 8862) (1239 s)
>> 1963 (18078: 9532 9572 9539) (1183.46 s)
>> 1960 (3104: 8815 8802 8801) (1101.74 s)
>> 1959 (20603: 8648 8646 8644) (1256.55 s)
>> 1958 (7013: 9575 9610 9555) (1245.1 s)
>> 1948 (28891: 9594 9655 9627) (1148.67 s)
>> 1935 (6411: 9889 9801 9706) (1161.56 s)
>> 1934 (3010: 8842 8834 8827) (1235.63 s)
>> 1931 (17000: 9927 9936 9886) (1094.18 s)
>> 1927 (4879: 10467 10466 10119) (1208.26 s)
>> 1925 (33292: 8530 8517 8512) (1117.27 s)
>> 1920 (12539: 8491 8527 8488) (1064.45 s)
>> 1905 (29810: 10709 10737 10675) (1097.71 s)
>> 1889 (6510: 9747 9790 9766) (1281.36 s)
>> 1888 (1534: 9176 9266 9242) (1054.11 s)
>> 1887 (17501: 9756 9749 9736) (1020.94 s)
>> 1886 (11744: 10251 10240 10227) (1023.11 s)
>> 1882 (12639: 9312 9370 9302) (1123.06 s)
>> 1878 (14923: 10626 10620 10596) (1076.46 s)
>> 1877 (23401: 9803 9810 9783) (1161.21 s)
>> 1872 (15192: 10529 10560 10539) (1127.24 s)
>> 1869 (4070: 10817 10813 10803) (1223.58 s)
>> 1869 (12293: 9946 9927 9903) (1014.4 s)
>> 1869 (16966: 9928 9947 9931) (1235.63 s)
>> 1867 (33356: 9058 9026 9018) (1016.87 s)
>> 1865 (6311: 17187 9834 9825) (1018.4 s)
>> 1861 (1607: 9473 9502 9462) (1067.76 s)
>> 1854 (6911: 9615 9640 9624) (968.618 s)
>> 1852 (27981: 8906 8907 8879) (1005.13 s)
>> 1848 (7070: 9573 9556 9533) (982.058 s)
>> 1846 (7934: 9222 9236 9228) (975.102 s)
>> 1840 (25178: 14649 10799 10788) (1128.47 s)
>> 1837 (34307: 9028 9045 9030) (1147.88 s)
>> 1835 (33019: 10022 10033 10024) (1061.66 s)
>> 1831 (12738: 10749 10597 10595) (1025.19 s)
>> 1828 (30169: 9570 9586 9568) (1123.71 s)
>> 1826 (10907: 12302 10188 10176) (1220.05 s)
>> 1822 (29159: 10582 10604 10571) (1245.08 s)
>> 1818 (19007: 9188 9185 9179) (1155.35 s)
>> 1818 (21369: 8499 8501 8500) (1021.09 s)
>> 1817 (13004: 8778 8823 8748) (930.353 s)
>> 1816 (2033: 10406 10430 10342) (1002.82 s)
>> 1809 (5562: 10164 10150 10149) (942.139 s)
>> 1796 (32903: 10208 16174 10189) (1101.09 s)
>> 1793 (13665: 9951 9999 9983) (1154.76 s)
>> 1788 (2118: 20842 8582 8563) (1162.43 s)
>> 1780 (5784: 10057 10065 10060) (1067.43 s)
>> 1775 (14299: 8745 8762 8747) (1025.67 s)
>> 1775 (14957: 10610 10625 10611) (930.267 s)
>> 1761 (4493: 10598 10603 10602) (1110.83 s)
>> 1757 (22112: 9516 9576 9468) (996.125 s)
>> 1754 (17202: 9826 9846 9845) (1095.58 s)
>> 1742 (17097: 9876 9904 9868) (991.905 s)
>> 1736 (12485: 9029 9032 9015) (1058.28 s)
>> 1725 (5607: 10120 10161 10143) (1235.29 s)
>> 1721 (8804: 8778 8803 8796) (1212.4 s)
>> 1713 (20389: 8714 8741 8716) (1052.8 s)
>> 1710 (26550: 9860 9957 9883) (993.703 s)
>> 1709 (5213: 10289 10296 2085) (921.613 s)
>> 1709 (35453: 10144 10165 10116) (1114.15 s)
>> 1702 (15687: 10391 10413 10403) (936.022 s)
>> 1701 (12091: 10681 10702 10637) (952.186 s)
>> 1696 (15894: 10319 10313 10289) (905.175 s)
>> 1685 (18595: 9382 9368 9339) (917.031 s)
>> 1676 (6424: 9777 17187 9796) (1067.94 s)
>> 1676 (14853: 10698 10685 10677) (1006.6 s)
>> 1668 (1799: 10641 10698 10610) (1046.17 s)
>> 1665 (1709: 8824 8821 8815) (1060.9 s)
>> 1665 (17408: 9794 9778 9776) (1055.33 s)
>> 1659 (28148: 8499 8514 8504) (997.117 s)
>> 1658 (3335: 8697 8691 8684) (999.567 s)
>> 1641 (16679: 10014 10034 10026) (1009.85 s)
>> 1629 (6953: 21152 9611 9603) (1113.25 s)
>> 1624 (13610: 10076 10063 10052) (1058.06 s)
>> 1606 (20211: 8788 8809 8784) (1034.49 s)
>> 1606 (26591: 10094 10090 10081) (1007.03 s)
>> 1595 (7429: 9434 9413 9409) (967.325 s)
>> 1578 (12338: 10225 10219 10201) (1095.77 s)
>> 1575 (13821: 28092 9724 9719) (984.869 s)
>> 1571 (22127: 8919 8918 8916) (994.003 s)
>> 1555 (18870: 9227 9257 9238) (985.726 s)
>> 1546 (9589: 9600 9588 9557) (976.617 s)
>> 1543 (11507: 8635 8643 8636) (935.555 s)
>> 1543 (16736: 10008 10014 9951) (1049.31 s)
>> 1542 (33771: 9038 9034 9028) (902.465 s)
>> 1541 (18815: 9382 9272 9263) (1094.11 s)
>> 1540 (8150: 9128 9120 9124) (1090.25 s)
>> 1524 (18802: 18819 9296 9279) (817.749 s)
>> 1522 (14664: 10775 10783 10684) (771.812 s)
>> 1508 (31772: 10567 10565 10549) (935.996 s)
>> 1507 (24697: 10704 10726 10695) (1017.66 s)
>> 1485 (15272: 10504 10509 10505) (1024.88 s)
>> 1484 (3988: 10833 10832 10820) (899.435 s)
>> 1484 (22924: 9007 9139 8988) (891.554 s)
>> 1484 (33152: 9451 9794 9551) (849.956 s)
>> 1482 (32436: 10791 10804 10802) (978.279 s)
>> 1453 (290: 8495 8493 8492) (875.924 s)
>> 1446 (827: 9905 10032 9938) (922.965 s)
>> 1432 (27739: 35511 10548 10544) (870.869 s)
>> 1425 (20690: 8621 8626 8614) (901.207 s)
>> 1638 (3519: 8631 8630 8621) (886.352 s)
>> 1410 (11443: 9707 9710 9702) (891.062 s)
>> 1404 (3498: 8639 8637 8627) (864.494 s)
>> 1397 (10107: 10099 10138 10106) (883.65 s)
>> 1390 (24940: 9945 9946 9928) (1032.74 s)
>> 1386 (5384: 10237 10228 10153) (911.367 s)
>> 1382 (7792: 9312 18819 9292) (945.331 s)
>> 1367 (13484: 10266 10272 10255) (884.37 s)
>> 1360 (26345: 10338 10382 10319) (951.224 s)
>> 1357 (17238: 9852 9866 9831) (878.696 s)
>> 1353 (6431: 9821 9795 9761) (1012.09 s)
>> 1352 (29255: 9451 9830 9806) (881.335 s)
>> 1350 (27201: 8848 12224 8860) (983.15 s)
>> 1344 (6552: 9768 9754 9735) (1094.17 s)
>> 1344 (14940: 10627 10667 10622) (887.929 s)
>> 1340 (4786: 10507 10525 10518) (1104.43 s)
>> 1333 (6467: 9799 9775 9768) (943.651 s)
>> 1326 (18030: 9594 9550 9534) (804.159 s)
>> 1325 (21205: 10580 10585 10568) (836.461 s)
>> 1325 (23200: 10314 10306 10303) (910.06 s)
>> 1323 (6352: 9803 9841 9823) (956.918 s)
>> 1320 (22225: 8884 8902 8885) (901.738 s)
>> 1306 (5668: 10114 10338 10113) (846.417 s)
>> 1304 (29858: 9416 9399 9379) (886.606 s)
>> 1301 (8013: 9186 9192 9188) (790.226 s)
>> 1300 (1636: 9265 9303 9248) (995.142 s)
>> 1299 (7742: 9311 9331 9319) (806.681 s)
>> 1299 (32207: 10374 10375 10314) (1005.92 s)
>> 1417 (23761: 10373 10393 10374) (916.252 s)
>> 1295 (18162: 9451 9573 9515) (855.346 s)
>> 1277 (1545: 10674 10705 10694) (940.971 s)
>> 1271 (13719: 9894 9945 9878) (1013.98 s)
>> 1263 (7353: 7318 9445 9418) (927.359 s)
>> 1248 (18176: 9503 9526 9506) (820.456 s)
>> 1242 (4375: 10689 10671 10657) (741.549 s)
>> 1230 (5437: 10214 10206 10187) (831.677 s)
>> 1226 (15539: 10451 10442 10438) (795.443 s)
>> 1225 (5014: 10404 10412 10409) (965.971 s)
>> 1223 (1745: 9865 31240 9896) (929.001 s)
>> 1220 (15673: 10402 10408 10388) (803.359 s)
>> 1218 (13971: 9463 9460 9442) (888.256 s)
>> 1204 (4123: 10796 10801 10791) (879.882 s)
>> 1204 (13658: 10000 9988 9987) (791.409 s)
>> 1202 (12395: 10709 10707 10681) (826.836 s)
>> 1197 (16318: 10120 10184 10168) (860.678 s)
>> 1189 (4049: 10817 10833 10816) (956.013 s)
>> 1189 (9524: 9503 9594 9523) (909.908 s)
>> 1183 (1233: 9944 9933 9835) (999.386 s)
>> 1181 (22067: 10511 10521 10490) (833.174 s)
>> 1180 (19099: 9140 9177 9134) (858.084 s)
>> 1173 (34634: 10452 10460 10450) (885.105 s)
>> 1165 (7171: 9514 9500 9351) (727.966 s)
>> 1165 (20979: 8511 8516 8513) (901.817 s)
>> 1164 (18952: 9200 9208 9207) (997.09 s)
>> 1157 (20544: 8674 8667 8659) (705.598 s)
>> 1152 (33654: 10402 10406 10359) (930.315 s)
>> 1150 (34993: 9020 9023 9004) (1012.43 s)
>> 1143 (16034: 10257 10280 10253) (1085.03 s)
>> 1142 (7190: 9312 9503 9491) (993.251 s)
>> 1135 (27712: 10378 10405 10326) (1044.91 s)
>> 1134 (24828: 9274 9249 9241) (923.416 s)
>> 1132 (8213: 9058 9097 9080) (749.299 s)
>> 1131 (7622: 9356 9421 9364) (927.686 s)
>> 1484 (7701: 9356 9333 9328) (1037.98 s)
>> 1128 (10844: 10768 10750 10724) (640.564 s)
>> 1128 (11631: 9765 17462 9730) (728.58 s)
>> 1125 (21661: 9879 9914 9891) (952.635 s)
>> 1124 (14966: 10619 10612 10580) (1043.73 s)
>> 1115 (16726: 10002 10025 9865) (898.704 s)
>> 1113 (5759: 10086 10075 10058) (938.963 s)
>> 1109 (7149: 9508 9495 9467) (881.674 s)
>> 1108 (14377: 8616 8613 8609) (888.893 s)
>> 1102 (29222: 9356 9419 9357) (735.706 s)
>> 1095 (2607: 9038 9050 9056) (925.877 s)
>> 1090 (10421: 10426 10419 10410) (886.087 s)
>> 1087 (28558: 10563 10552 10529) (826.878 s)
>> 1083 (2792: 8922 8934 8930) (815.75 s)
>> 1077 (3320: 8732 8694 8690) (781.142 s)
>> 1076 (20537: 8679 8669 8666) (735.933 s)
>> 1075 (31139: 9595 9606 9451) (900.085 s)
>> 1074 (15333: 10486 10488 10485) (755.548 s)
>> 1062 (3169: 8824 8777 8771) (904.367 s)
>> 1061 (11636: 9894 9919 9872) (815.031 s)
>> 1059 (6279: 9833 9859 9850) (715.648 s)
>> 1055 (19130: 9155 9128 9123) (750.293 s)
>> 1053 (7867: 9250 9261 9260) (787.978 s)
>> 1052 (7467: 9404 18302 9382) (606.41 s)
>> 1046 (7930: 9237 9232 9222) (731.766 s)
>> 1042 (7590: 9366 9371 9362) (805.327 s)
>> 1036 (16082: 10252 10247 10242) (706.768 s)
>> 1035 (26039: 10302 10317 10283) (713.564 s)
>> 1033 (7981: 9195 34054 9201) (806.485 s)
>> 1030 (4332: 10706 10693 10674) (740.615 s)
>> 1030 (16476: 10110 10111 10072) (885.998 s)
>> 1024 (19589: 8974 19612 9021) (735.556 s)
>> 1011 (6993: 9597 9578 9574) (883.322 s)
>> 1004 (20522: 8676 8683 8673) (689.173 s)
>> 1000 (15785: 10373 10355 10352) (714.013 s)
>> 999 (5500: 10266 10185 10175) (689.02 s)
>> 986 (6347: 9824 9826 9804) (826.101 s)
>> 983 (1104: 10680 14752 10690) (704.342 s)
>> 982 (18788: 9285 9259 9227) (637.82 s)
>> 980 (4557: 10581 33465 10576) (713.826 s)
>> 973 (19192: 9122 9155 9114) (731.962 s)
>> 964 (18813: 9281 18777 9271) (742.796 s)
>> 961 (14630: 14649 10817 10784) (808.225 s)
>> 958 (20819: 8578 8564 8557) (823.507 s)
>> 952 (18080: 9535 9544 9514) (729.583 s)
>> 947 (10670: 10636 10764 10668) (718.864 s)
>> 944 (2133: 9880 9884 9857) (644.529 s)
>> 943 (16640: 10053 10057 10020) (645.344 s)
>> 934 (19640: 8959 8968 8963) (808.792 s)
>> 933 (35702: 9052 9054 9038) (659.399 s)
>> 931 (17028: 9899 9920 9909) (855.267 s)
>> 931 (26832: 31198 8554 8553) (874.49 s)
>> 925 (5622: 10041 10132 10120) (933.569 s)
>> 925 (18355: 9446 9472 9456) (661.739 s)
>> 921 (3365: 8677 8686 8682) (702.08 s)
>> 917 (16821: 9973 9991 9984) (707.552 s)
>> 911 (31790: 8849 8906 8843) (774.865 s)
>> 909 (12560: 8474 8467 8472) (740.437 s)
>> 906 (2936: 8858 22235 8861) (606.605 s)
>> 957 (31988: 8858 8872 8837) (732.271 s)
>> 901 (13565: 10115 10103 10101) (666.103 s)
>> 899 (18061: 9538 9562 9312) (673.442 s)
>> 897 (2654: 10345 10332 10327) (721.151 s)
>> 891 (7480: 9434 9398 9376) (671.656 s)
>> 890 (2100: 10053 10080 9963) (687.656 s)
>> 888 (5957: 9975 9977 9889) (657.602 s)
>> 886 (35050: 9265 9327 9295) (736.821 s)
>> 875 (11225: 10281 10467 10321) (648.943 s)
>> 873 (6108: 9894 9917 9876) (726.027 s)
>> 868 (5331: 10233 10245 10235) (667.491 s)
>> 859 (15387: 10475 15322 10473) (788.107 s)
>> 858 (14670: 10786 10767 10769) (650.054 s)
>> 858 (20929: 8524 8546 8533) (631.732 s)
>> 843 (10652: 10676 10651 10626) (585.099 s)
>> 842 (5289: 10268 10266 10257) (622.068 s)
>> 840 (6336: 9777 9828 9812) (632.899 s)
>> 840 (7912: 9237 9250 9235) (614.688 s)
>> 840 (23844: 9294 21291 9317) (735.488 s)
>> 837 (3029: 8824 8835 8830) (796.995 s)
>> 835 (4276: 10753 10781 10735) (771.652 s)
>> 831 (13844: 9667 9659 9648) (802.366 s)
>> 827 (16420: 10128 10136 10125) (814.678 s)
>> 823 (6049: 9894 9940 9937) (771.258 s)
>> 821 (2840: 8863 8899 8895) (749.808 s)
>> 821 (3189: 8760 8778 8745) (768.389 s)
>> 816 (14773: 10786 10718 10646) (754.099 s)
>> 815 (11038: 10697 10751 10744) (753.605 s)
>> 812 (1451: 9996 10012 10008) (730.745 s)
>> 811 (15150: 10551 35511 10561) (860.047 s)
>> 810 (4952: 10436 15538 10451) (735.069 s)
>> 808 (6170: 9900 9892 9856) (768.705 s)
>> 807 (17130: 9871 9852 9894) (744.632 s)
>> 798 (6216: 9870 9921 9879) (860.598 s)
>> 796 (18152: 9521 9532 9473) (854.776 s)
>> 796 (20467: 8732 8697 8674) (820.262 s)
>> 795 (22911: 18720 9300 9314) (727.718 s)
>> 792 (7390: 9463 9427 9408) (718.661 s)
>> 791 (32067: 9847 9900 9837) (765.482 s)
>> 787 (2120: 8562 8577 8565) (710.001 s)
>> 784 (15031: 10593 10641 10579) (725.904 s)
>> 783 (5075: 10387 10397 10389) (778.883 s)
>> 1003 (23810: 10425 10407 10387) (697.582 s)
>> 775 (5302: 10256 10268 10252) (790.837 s)
>> 773 (271: 18720 7831 9273) (834.734 s)
>> 773 (15711: 5077 10425 10401) (844.207 s)
>> 768 (6798: 9670 9975 9652) (801.661 s)
>> 764 (4770: 10508 10516 10507) (848.52 s)
>> 753 (16837: 9968 9976 9989) (796.124 s)
>> 749 (3999: 10831 10830 10821) (807.595 s)
>> 740 (14552: 14649 10814 10809) (716.953 s)
>> 721 (6634: 9725 9765 9718) (773.69 s)
>> 713 (17229: 9848 17221 9824) (771.772 s)
>> 710 (15822: 10344 10418 10328) (845.032 s)
>> 704 (19453: 9027 9052 9016) (713.618 s)
>> 702 (19987: 8863 8865 8846) (731.237 s)
>> 696 (19590: 8984 8990 8942) (682.085 s)
>> 696 (30167: 8739 8737 8704) (701.442 s)
>> 688 (913: 10706 10734 10704) (677.282 s)
>> 688 (14607: 10793 14649 24978) (730.444 s)
>> 686 (17583: 9707 9717 9716) (728.736 s)
>> 685 (23327: 10241 10249 10248) (738.444 s)
>> 677 (8202: 9070 9110 9104) (663.783 s)
>> 669 (5227: 10276 10294 10292) (752.971 s)
>> 668 (13311: 10583 10578 10569) (721.175 s)
>> 658 (6962: 9601 9617 9575) (682.824 s)
>> 652 (12894: 8959 8946 8884) (733.874 s)
>> 651 (13433: 10392 10384 10345) (669.407 s)
>> 648 (14563: 10812 10811 10796) (697.989 s)
>> 646 (22921: 10002 9880 9832) (782.85 s)
>> 640 (17815: 9645 9650 9634) (679.205 s)
>> 637 (15082: 10570 10594 10572) (702.213 s)
>> 637 (18068: 9545 9553 9493) (689.716 s)
>> 630 (30550: 9320 9404 9322) (707.788 s)
>> 624 (757: 9996 9961 9948) (758.404 s)
>> 618 (20617: 8641 8651 8634) (765.602 s)
>> 616 (17773: 9654 9645 9676) (659.196 s)
>> 614 (7303: 9446 9450 9429) (727.5 s)
>> 614 (13329: 10558 10630 10562) (691.984 s)
>> 612 (15320: 10487 10489 10475) (668.979 s)
>> 607 (4805: 10503 10508 10506) (650.327 s)
>> 602 (5359: 10220 10373 10236) (734.243 s)
>> 602 (18258: 9320 9497 9478) (675.328 s)
>> 590 (14720: 10746 10779 10743) (760.114 s)
>> 590 (15152: 15169 10563 10555) (615.358 s)
>> 590 (15232: 10526 10559 10520) (672.991 s)
>> 586 (3613: 8600 8605 8594) (646.783 s)
>> 585 (8348: 9020 9058 9033) (623.4 s)
>> 581 (13402: 10439 10447 10344) (686.636 s)
>> 580 (3115: 8795 8790 8786) (666.472 s)
>> 574 (24259: 24258 9091 9077) (739.097 s)
>> 839 (35005: 9140 24258 9081) (711.762 s)
>> 573 (3076: 8788 8824 8812) (712.074 s)
>> 564 (12361: 8469 8473 8470) (736.459 s)
>> 564 (34319: 9356 9443 9416) (691.325 s)
>> 551 (16913: 9929 6051 9871) (679.772 s)
>> 550 (16397: 10128 10154 10093) (693.877 s)
>> 550 (16409: 10129 10128 10121) (696.966 s)
>> 548 (13515: 10198 10216 10204) (641.613 s)
>> 545 (17442: 9747 6649 9760) (625.816 s)
>> 542 (15989: 10273 5077 10270) (600.725 s)
>> 541 (13236: 10700 10680 10672) (639.054 s)
>> 539 (24607: 8863 31654 8904) (682.839 s)
>> 534 (5463: 16236 10196 10041) (633.723 s)
>> 528 (3032: 8829 8836 8760) (678.4 s)
>> 523 (5183: 10331 10439 10114) (646.799 s)
>> 521 (3108: 8800 8795 8785) (644.106 s)
>> 521 (15130: 10545 10619 10487) (696.865 s)
>> 519 (19357: 9063 9060 9059) (686.21 s)
>> 518 (19695: 8950 8959 8948) (687.211 s)
>> 513 (18738: 9305 9311 9293) (688.345 s)
>> 507 (6916: 9621 9629 9608) (707.803 s)
>> 507 (7978: 9122 9209 9202) (612.069 s)
>> 501 (18487: 9387 9415 9403) (623.77 s)
>> 497 (3869: 8499 8498 8495) (577.273 s)
>> 491 (20757: 8732 8602 8595) (711.831 s)
>> 489 (20975: 8510 20905 8525) (601.886 s)
>> 486 (16629: 10050 5776 10059) (644.484 s)
>> 484 (3135: 8788 8783 8746) (586.332 s)
>> 483 (17636: 9699 9707 9695) (636.492 s)
>> 482 (18607: 9361 9363 9354) (680.079 s)
>> 474 (7257: 9461 9476 9446) (615.62 s)
>> 470 (15244: 10517 10526 10503) (712.609 s)
>> 469 (18032: 9545 9597 9559) (600.655 s)
>> 464 (4014: 10826 10831 10819) (610.516 s)
>> 816 (4006: 10818 10828 10826) (658.059 s)
>> 462 (21602: 10004 10021 9990) (657.494 s)
>> 978 (13650: 10003 10053 10004) (671.632 s)
>> 458 (20615: 8648 8642 8639) (630.781 s)
>> 449 (17357: 9747 9800 9777) (684.695 s)
>> 446 (14576: 10812 10810 10806) (593.621 s)
>> 444 (18329: 9461 7318 9469) (566.11 s)
>> 443 (21491: 21557 9725 9700) (586.638 s)
>> 442 (890: 9344 9355 9336) (663.656 s)
>> 441 (6627: 9738 21557 9727) (599.332 s)
>> 440 (17418: 9757 9821 9741) (581.018 s)
>> 434 (31391: 10215 10241 10211) (610.563 s)
>> 434 (34316: 8524 8511 8499) (671.498 s)
>> 422 (6923: 9619 9632 9621) (672.148 s)
>> 417 (6715: 9701 9849 9681) (606.821 s)
>> 410 (3865: 3866 8510 8494) (584.083 s)
>> 407 (13599: 10082 10331 10027) (562.762 s)
>> 395 (15507: 10463 10452 10462) (572.126 s)
>> 392 (13530: 10166 10178 10144) (598.713 s)
>> 391 (2920: 8864 8889 8870) (581.481 s)
>> 384 (4401: 10656 10706 10658) (638.236 s)
>> 375 (12899: 8732 8829 8740) (657.771 s)
>> 374 (6788: 9674 9680 9538) (621.68 s)
>> 365 (13555: 10117 10141 10097) (631.411 s)
>> 365 (34673: 10480 15354 671) (617.733 s)
>> 356 (3474: 8645 8649 8648) (580.968 s)
>> 347 (35664: 10697 10775 10581) (585.305 s)
>> 345 (4216: 10773 10786 10763) (601.443 s)
>> 342 (5591: 10148 10215 10095) (655.121 s)
>> 337 (5737: 10003 10117 10087) (596.773 s)
>> 330 (14107: 9140 9109 9107) (632.632 s)
>> 324 (20271: 8761 8767 8732) (650.337 s)
>> 308 (2846: 8950 8896 8863) (666.818 s)
>> 305 (4850: 10480 10511 10482) (590.357 s)
>> 302 (273: 9274 18720 9286) (569.888 s)
>> 301 (14975: 4511 10615 10582) (629.548 s)
>> 1068 (14854: 4420 4511 10656) (637.82 s)
>> 300 (18669: 9356 9323 9007) (579.108 s)
>> 272 (15006: 10591 13291 10605) (558.938 s)
>> 264 (13245: 10666 10676 10627) (554.867 s)
>> 250 (16207: 10213 16236 10229) (543.455 s)
>> 248 (19998: 8858 8950 8850) (576.957 s)
>> 243 (6099: 9944 9922 9899) (689.203 s)
>> 242 (35041: 8677 8652 8641) (600.466 s)
>> 239 (13893: 9602 21152 9570) (579.862 s)
>> 232 (15288: 10517 10504 10501) (560.823 s)
>> 330 (4823: 10498 10517 10497) (535.31 s)
>> 229 (32288: 8761 8578 20842) (534.536 s)
>> 226 (20501: 8679 8695 8670) (563.575 s)
>> 206 (5596: 10003 10167 10145) (542.583 s)
>> 203 (2905: 8864 8876 8869) (562.807 s)
>> 202 (4160: 10790 10798 10773) (557.308 s)
>> 202 (5645: 10237 10124 10110) (587.483 s)
>> 198 (3207: 8788 8742 8739) (601.628 s)
>> 193 (20291: 8754 8761 8714) (592.965 s)
>> 190 (7554: 9377 9356 9367) (526.083 s)
>> 180 (8245: 9063 9093 9079) (559.544 s)
>> 177 (14827: 10697 10709 10678) (573.768 s)
>> 175 (8090: 9140 9152 9147) (579.682 s)
>> 165 (4751: 10480 10530 10523) (627.962 s)
>> 160 (4581: 10574 10697 10558) (589.084 s)
>> 159 (7834: 9267 9320 9276) (575.396 s)
>> 158 (5519: 12302 10205 10003) (545.271 s)
>> 151 (18774: 9282 9287 9280) (611.872 s)
>> 148 (6191: 9875 10002 9895) (639.236 s)
>> 142 (15205: 10480 10535 10534) (648.875 s)
>> 138 (17180: 9842 9929 9851) (570.477 s)
>> 134 (7976: 9206 9199 9195) (549.147 s)
>> 133 (13108: 8461 8471 8468) (532.062 s)
>> 132 (7562: 9375 18519 9360) (605.281 s)
>> 132 (17386: 9773 9759 9595) (516.017 s)
>> 130 (5523: 10171 10213 10162) (538.037 s)
>> 116 (16867: 9996 9955 9901) (611.81 s)
>> 112 (3450: 8653 8788 8658) (531.961 s)
>> 98 (815: 10436 10545 10465) (508.756 s)
>> 98 (18729: 9306 9309 9267) (569.347 s)
>> 93 (7550: 9378 9380 9366) (564.961 s)
>> 87 (19356: 9027 9063 9053) (552.903 s)
>> 84 (16444: 10127 10166 10115) (504.534 s)
>> 65 (4775: 15261 10510 10498) (550.258 s)
>> 65 (16886: 9958 9968 9842) (566.059 s)
>> 50 (3546: 8631 8629 8620) (573.574 s)
>> 50 (4193: 10770 10790 10780) (571.571 s)
>> 50 (17534: 9747 9714 9699) (548.201 s)
>> 32 (8203: 9102 9103 9062) (597.819 s)
>> 25 (18219: 9498 9508 9461) (491.032 s)
>> 23 (4269: 10700 10792 10738) (544.081 s)
>> 21 (13544: 10156 10220 9902) (500.059 s)
>> 20 (7675: 9306 9305 9350) (555.917 s)
>> 19 (32213: 9890 10156 9786) (569.83 s)
>> 10 (11871: 10148 10134 10112) (572.554 s)
>> 0 (-1: -1 -1 -1) (559.405 s)
Zelikovsky- 853615 s
>>> get_solution
  refine_solution: new weight 532465396 (was 532503271) in 0.028702 s
  refine_solution: new weight 532461612 (was 532465396) in 0.029776 s
  refine_solution: new weight 532461612 (was 532461612) in 0.029694 s
>>> get_solution
  refine_solution: new weight 533117213 (was 533441451) in 0.029376 s
  refine_solution: new weight 533073165 (was 533117213) in 0.03029 s
  refine_solution: new weight 533072904 (was 533073165) in 0.029585 s
  refine_solution: new weight 533072904 (was 533072904) in 0.029504 s
0,,35859,54029,2136,,0,0,,533441451,533072904,532703363,532503271,532461612,,0,0,@@

  delete_edges: deleted 110 edges in 0.021496 s and 2 rounds
  handle_small_Steiner_degrees: steiner 2, suppress 190 in 0.000225 s
Starting round 1
contract_till_the_bitter_end interrupted
contract_till_the_bitter_end: 885578 s

Calling end_heu
>>> get_solution
Saved weight 332777632
end_heu: 0 loops with 0 unique solutions in 0.006382 s

Calling print_solution
>>> get_solution
  refine_solution: new weight 533129805 (was 533441451) in 0.046849 s
Oops orig weight was 533441451 but we got 533129805
## FINAL WEIGHT 533129805
print_solution: 0.091408 s
