Version: final-94-gfffc3aa rub_all.sh: remove longest prefix
Random seed: 1556448746
Start
>>> save_orig_graph
>> Saved weight 0
Graph loaded
|V| = 44935, |E| = 73727, |R| = 2319
First clearance of the input. Calling buy_zero and run_all_heuristics.
  buy_zero: 10 zero edges in 0.000321 s
  handle_small_terminal_degrees: terms 2 in 4.3e-05 s
  handle_small_Steiner_degrees: steiner 90, suppress 15 in 0.000104 s
  shortest_edge_between_terminals: 0 edges in 6.1e-05 s
  handle_small_terminal_degrees: terms 0 in 3.3e-05 s
  handle_small_Steiner_degrees: steiner 1, suppress 86 in 0.000108 s
  shortest_edge_between_terminals: 0 edges in 3.6e-05 s
  handle_small_terminal_degrees: terms 0 in 3.3e-05 s
  handle_small_Steiner_degrees: steiner 0, suppress 7 in 6.8e-05 s
  shortest_edge_between_terminals: 0 edges in 3.4e-05 s
  handle_small_terminal_degrees: terms 0 in 3.4e-05 s
  handle_small_Steiner_degrees: steiner 0, suppress 0 in 6.5e-05 s
  shortest_edge_between_terminals: 0 edges in 3.5e-05 s
Compressed graph 44935 -> 44723
  delete_edges: deleted 4781 edges in 0.021909 s and 4 rounds
  handle_small_terminal_degrees: terms 53 in 7e-05 s
  handle_small_Steiner_degrees: steiner 84, suppress 2813 in 0.001038 s
  shortest_edge_between_terminals: 0 edges in 5.2e-05 s
  handle_small_terminal_degrees: terms 15 in 4.3e-05 s
  handle_small_Steiner_degrees: steiner 2, suppress 103 in 0.000102 s
  shortest_edge_between_terminals: 1 edges in 4.2e-05 s
  handle_small_terminal_degrees: terms 0 in 3.4e-05 s
  handle_small_Steiner_degrees: steiner 1, suppress 10 in 7.1e-05 s
  shortest_edge_between_terminals: 0 edges in 3.8e-05 s
  handle_small_terminal_degrees: terms 1 in 3.5e-05 s
  handle_small_Steiner_degrees: steiner 0, suppress 2 in 6.7e-05 s
  shortest_edge_between_terminals: 0 edges in 3.8e-05 s
  handle_small_terminal_degrees: terms 0 in 3.3e-05 s
  handle_small_Steiner_degrees: steiner 0, suppress 0 in 6.5e-05 s
  shortest_edge_between_terminals: 0 edges in 3.8e-05 s
Compressed graph 44723 -> 41638
  delete_edges_shortest_path: deleted 7635 edges in 20.9871 s
  handle_small_terminal_degrees: terms 1290 in 0.000958 s
  handle_small_Steiner_degrees: steiner 1268, suppress 6586 in 0.002657 s
  shortest_edge_between_terminals: 6 edges in 0.000103 s
  handle_small_terminal_degrees: terms 345 in 0.000228 s
  handle_small_Steiner_degrees: steiner 14, suppress 221 in 0.000142 s
  shortest_edge_between_terminals: 13 edges in 5.5e-05 s
  handle_small_terminal_degrees: terms 17 in 4.1e-05 s
  handle_small_Steiner_degrees: steiner 0, suppress 17 in 6.7e-05 s
  shortest_edge_between_terminals: 0 edges in 4.1e-05 s
  handle_small_terminal_degrees: terms 0 in 3.1e-05 s
  handle_small_Steiner_degrees: steiner 0, suppress 5 in 6.3e-05 s
  shortest_edge_between_terminals: 0 edges in 4e-05 s
  handle_small_terminal_degrees: terms 0 in 3.1e-05 s
  handle_small_Steiner_degrees: steiner 0, suppress 0 in 6e-05 s
  shortest_edge_between_terminals: 0 edges in 4e-05 s
Compressed graph 41638 -> 31862
  handle_small_terminal_degrees: terms 0 in 2.4e-05 s
  handle_small_Steiner_degrees: steiner 0, suppress 58 in 8.7e-05 s
  shortest_edge_between_terminals: 53 edges in 0.000195 s
  handle_small_terminal_degrees: terms 3 in 2.7e-05 s
  handle_small_Steiner_degrees: steiner 0, suppress 19 in 5.8e-05 s
  shortest_edge_between_terminals: 3 edges in 5.3e-05 s
  handle_small_terminal_degrees: terms 0 in 2.4e-05 s
  handle_small_Steiner_degrees: steiner 0, suppress 5 in 5e-05 s
  shortest_edge_between_terminals: 0 edges in 4.5e-05 s
  handle_small_terminal_degrees: terms 0 in 2.4e-05 s
  handle_small_Steiner_degrees: steiner 0, suppress 1 in 4.6e-05 s
  shortest_edge_between_terminals: 0 edges in 4.5e-05 s
  handle_small_terminal_degrees: terms 0 in 2.4e-05 s
  handle_small_Steiner_degrees: steiner 0, suppress 0 in 4.5e-05 s
  shortest_edge_between_terminals: 0 edges in 5.2e-05 s
Compressed graph 31862 -> 31192
  delete_edges_shortest_path: deleted 1774 edges in 4.23012 s
  handle_small_terminal_degrees: terms 79 in 0.000136 s
  handle_small_Steiner_degrees: steiner 56, suppress 2698 in 0.001832 s
  shortest_edge_between_terminals: 15 edges in 0.000213 s
  handle_small_terminal_degrees: terms 8 in 3e-05 s
  handle_small_Steiner_degrees: steiner 4, suppress 40 in 6.3e-05 s
  shortest_edge_between_terminals: 0 edges in 4.5e-05 s
  handle_small_terminal_degrees: terms 2 in 2.5e-05 s
  handle_small_Steiner_degrees: steiner 0, suppress 3 in 4.5e-05 s
  shortest_edge_between_terminals: 0 edges in 4.3e-05 s
  handle_small_terminal_degrees: terms 0 in 2.3e-05 s
  handle_small_Steiner_degrees: steiner 0, suppress 0 in 4.3e-05 s
  shortest_edge_between_terminals: 0 edges in 4.4e-05 s
Compressed graph 31192 -> 28289
Compressed graph 28289 -> 28289
>>> save_orig_graph
>> Saved weight 435069022
### ZEL_LVL=9 PRECISE_STARS=0

Calling `contract_till_the_bitter_end`
|V| = 28289, |E| = 42301, |R| = 2231
>> 186420 (15119: 8389 8433 8389) (42.8655 s)
>> 121634 (8472: 8399 8469 8399) (40.1738 s)
>> 71584 (21108: 7167 7170 7167) (40.6012 s)
>> 68222 (8599: 8595 8611 8595) (37.9403 s)
>> 43789 (11920: 7585 7660 7585) (41.6968 s)
>> 38535 (4231: 7639 7980 7639) (43.9252 s)
>> 32568 (8151: 8149 8163 8149) (45.2674 s)
>> 30707 (10977: 7125 7152 7125) (46.3464 s)
>> 29997 (8421: 8283 8420 8283) (49.2275 s)
>> 28554 (55: 7138 7150 7138) (42.058 s)
>> 27691 (17707: 9600 9616 9600) (47.2361 s)
>> 26692 (1480: 7157 7163 7157) (46.1326 s)
>> 24522 (21269: 9648 9650 9648) (41.6778 s)
>> 24005 (21890: 9678 9689 9678) (63.0012 s)
>> 23944 (9555: 9534 9554 9534) (47.9236 s)
>> 23569 (10235: 9661 9666 9661) (48.3724 s)
>> 22280 (472: 9451 9455 9451) (48.8836 s)
>> 22196 (19738: 7626 7853 7626) (48.3391 s)
>> 22103 (3119: 9054 9110 9054) (47.9738 s)
>> 21290 (15561: 7750 7775 7750) (55.2893 s)
>> 20770 (22297: 7444 7463 7444) (55.2048 s)
>> 20388 (11486: 9607 9642 9607) (39.5677 s)
>> 18018 (21042: 7176 7211 7176) (45.2851 s)
>> 17682 (24650: 9557 9563 9557) (44.1922 s)
>> 16362 (1090: 9000 9064 9000) (41.6795 s)
>> 15333 (22553: 9427 9436 9427) (43.7394 s)
>> 15093 (22080: 9539 9603 9539) (47.3383 s)
>> 13717 (2108: 9725 9727 9725) (39.9564 s)
>> 13246 (25041: 9549 9599 9549) (37.67 s)
>> 12676 (20600: 8982 9220 8982) (43.4558 s)
>> 12501 (11394: 9595 9596 9595) (37.8665 s)
>> 12485 (8004: 7996 8001 7996) (42.3945 s)
>> 12098 (13361: 7429 7443 7429) (42.7511 s)
>> 12030 (19350: 7129 7139 7129) (38.8384 s)
>> 11966 (14480: 9673 9697 9673) (41.0048 s)
>> 11919 (598: 9728 9731 9728) (41.737 s)
>> 11706 (6148: 7126 7131 7126) (40.0032 s)
>> 18794 (15120: 7171 7174 7171) (41.383 s)
>> 11703 (20849: 7140 7145 7140) (45.6182 s)
>> 11217 (6299: 7056 7057 7056) (41.4289 s)
>> 10773 (25781: 7392 7407 7392) (43.1233 s)
>> 10659 (8129: 8128 8169 8128) (42.7703 s)
>> 10567 (14609: 9546 9574 9546) (43.5939 s)
>> 10491 (20772: 7077 7106 7077) (46.437 s)
>> 10197 (6990: 9433 9446 9433) (42.6153 s)
>> 9917 (11939: 7487 7509 7487) (44.2618 s)
>> 9861 (15000: 9291 9431 9291) (44.3092 s)
>> 9832 (20194: 7557 7587 7557) (48.3392 s)
>> 9567 (18921: 7281 7353 7281) (42.8963 s)
>> 12634 (1601: 7405 7436 7405) (52.0881 s)
>> 11786 (15707: 7212 7250 7212) (48.4561 s)
>> 9282 (6718: 9520 9522 9520) (47.5327 s)
>> 9152 (625: 7414 7418 7414) (42.0491 s)
>> 9101 (22763: 9056 9114 9056) (41.082 s)
>> 8747 (18351: 9444 9481 9444) (48.1482 s)
>> 8745 (6093: 7153 7156 7153) (43.923 s)
>> 8503 (5048: 7610 7642 7610) (41.4437 s)
>> 8261 (19116: 8218 8852 8218) (42.6779 s)
>> 7864 (24279: 8117 8162 8117) (50.1443 s)
>> 7801 (13427: 7433 7440 7433) (48.5839 s)
>> 7685 (20385: 7190 7240 7190) (45.7426 s)
>> 7490 (24535: 7059 7061 7059) (48.7687 s)
>> 7381 (19750: 9435 9474 9435) (44.0956 s)
>> 7337 (11345: 7757 7940 7757) (44.1802 s)
>> 7329 (14062: 7708 7773 7708) (39.3952 s)
>> 7179 (23756: 7471 7476 7471) (48.6178 s)
>> 7000 (1629: 7456 7466 7456) (41.5909 s)
>> 7808 (1823: 7413 7425 7413) (56.2188 s)
>> 6797 (3575: 7983 8856 7983) (46.2044 s)
>> 6801 (10084: 7984 9051 7984) (39.9121 s)
>> 6684 (7600: 7589 7599 7589) (45.0661 s)
>> 6643 (23258: 7469 7474 7469) (45.2391 s)
>> 6576 (773: 9675 9676 9675) (42.5632 s)
>> 6522 (5722: 7291 7314 7291) (43.4091 s)
>> 6405 (8848: 8759 8846 8759) (42.1678 s)
>> 6339 (25601: 7484 7495 7484) (46.032 s)
>> 6120 (14450: 7195 7197 7195) (40.7109 s)
>> 6119 (21222: 7568 7683 7568) (43.2583 s)
>> 6078 (22411: 7914 8219 7914) (45.8126 s)
>> 5855 (16000: 7917 8011 7917) (47.6858 s)
>> 5754 (18860: 7516 7554 7516) (44.6623 s)
>> 5686 (14204: 7936 7956 7936) (38.4746 s)
>> 5526 (11420: 9594 9598 9594) (46.4059 s)
>> 5520 (11458: 9523 9533 9523) (49.3791 s)
>> 5491 (22859: 9623 9662 9623) (43.9577 s)
>> 5438 (22196: 7910 7957 7910) (41.5294 s)
>> 5975 (21151: 7989 8057 7989) (54.1643 s)
>> 5398 (26504: 8637 8676 8637) (44.4529 s)
>> 5261 (25461: 7141 7143 7141) (44.6404 s)
>> 5250 (5799: 7273 7286 7273) (50.6735 s)
>> 5192 (6905: 9440 9459 9440) (43.3312 s)
>> 5189 (2647: 9221 9266 9221) (43.0538 s)
>> 5167 (1584: 7051 15899 7051) (48.9562 s)
>> 5100 (16401: 8200 8297 8200) (41.8251 s)
>> 5026 (20073: 9491 9507 9491) (41.4146 s)
>> 4992 (11474: 8884 9075 8884) (49.5646 s)
>> 4871 (19972: 8126 8191 8126) (45.1799 s)
>> 4860 (4024: 8322 8521 8322) (59.4959 s)
>> 4810 (20586: 8636 8827 8636) (45.9023 s)
>> 4797 (8292: 8107 8290 8107) (41.8777 s)
>> 4756 (13563: 8576 8877 8576) (40.7954 s)
>> 4753 (6104: 7147 7148 7147) (40.7225 s)
>> 4670 (24573: 8720 8739 8720) (50.1966 s)
>> 4655 (20571: 8508 8679 8508) (44.8834 s)
>> 4542 (23565: 9655 9656 9655) (42.5383 s)
>> 4519 (16851: 8893 9044 8893) (42.5932 s)
>> 4516 (17485: 9394 9425 9394) (43.0196 s)
>> 4406 (24638: 8384 8566 8384) (44.8554 s)
>> 4404 (6723: 9510 9513 9510) (46.3018 s)
>> 4402 (8897: 8896 9257 8896) (48.4037 s)
>> 4392 (3558: 8803 8845 8803) (42.2589 s)
>> 4600 (13297: 8859 8889 8859) (42.7156 s)
>> 4392 (16595: 7439 7452 7439) (41.1121 s)
>> 4379 (5978: 7213 7214 7213) (51.2064 s)
>> 4365 (19189: 9430 9432 9430) (48.1982 s)
>> 4315 (14707: 7912 8108 7912) (52.5541 s)
>> 4298 (21971: 8677 8723 8677) (45.5959 s)
>> 4278 (12001: 7262 7274 7262) (46.5714 s)
>> 4277 (18545: 7381 7393 7381) (46.6407 s)
>> 4249 (6338: 9716 9717 9716) (51.6442 s)
>> 4247 (24994: 8541 8772 8541) (50.2441 s)
>> 4217 (24703: 8417 8448 8417) (46.3808 s)
>> 4180 (11240: 7260 7289 7260) (47.6053 s)
>> 4146 (12988: 8998 9143 8998) (43.9239 s)
>> 4111 (13155: 7455 7457 7455) (42.2862 s)
>> 6139 (1346: 7430 7451 7430) (49.9506 s)
>> 5126 (24810: 7458 7462 7458) (40.0476 s)
>> 4111 (4402: 7838 7908 7838) (44.01 s)
>> 4111 (23166: 8346 8638 8346) (38.4879 s)
>> 4074 (25211: 9450 9463 9450) (47.1952 s)
>> 4059 (18135: 7546 7551 7546) (46.8545 s)
>> 4033 (6938: 9449 9453 9449) (42.492 s)
>> 3987 (25216: 8934 9162 8934) (40.0156 s)
>> 3970 (23323: 8034 8121 8034) (46.2768 s)
>> 3963 (3091: 9061 9079 9061) (48.403 s)
>> 3950 (8195: 8088 8194 8088) (44.2793 s)
>> 3935 (20958: 7086 7111 7086) (42.6261 s)
>> 3925 (24502: 7306 7324 7306) (47.8873 s)
>> 3896 (3194: 8995 9011 8995) (53.3747 s)
>> 3895 (23696: 7536 7555 7536) (47.2127 s)
>> 3894 (6645: 9530 9561 9530) (49.7959 s)
>> 3870 (14396: 7053 7054 7053) (47.8101 s)
>> 3845 (25286: 7343 7354 7343) (43.1821 s)
>> 3800 (6635: 9551 9567 9551) (63.0271 s)
>> 3795 (932: 9246 9283 9246) (41.6894 s)
>> 3731 (23986: 7046 7047 7046) (40.9257 s)
>> 3726 (8350: 8349 8368 8349) (38.9689 s)
>> 3694 (18255: 7970 7991 7970) (49.506 s)
>> 3689 (8309: 8268 8307 8268) (48.6283 s)
>> 3686 (15570: 7279 7366 7279) (41.2048 s)
>> 3626 (22064: 7420 7427 7420) (42.5033 s)
>> 3596 (11575: 9552 9562 9552) (39.3197 s)
>> 3505 (2812: 9149 9196 9149) (40.919 s)
>> 3535 (23775: 9124 9135 9124) (45.8813 s)
>> 3499 (2800: 9200 9203 9200) (40.3116 s)
>> 3495 (5476: 7411 7419 7411) (50.0658 s)
>> 3783 (5501: 7400 7408 7400) (46.5319 s)
>> 3629 (5468: 7422 7424 7422) (45.6691 s)
>> 3473 (6366: 9703 9706 9703) (44.4032 s)
>> 3472 (25735: 9540 9543 9540) (43.2323 s)
>> 3424 (10412: 9434 9445 9434) (49.0291 s)
>> 3413 (18652: 7081 7082 7081) (51.7636 s)
>> 3382 (11447: 8569 8630 8569) (59.4087 s)
>> 3379 (17436: 7586 7602 7586) (54.8618 s)
>> 3344 (18284: 7547 7619 7547) (48.8491 s)
>> 3304 (14473: 7099 7104 7099) (48.3495 s)
>> 3247 (21611: 8055 8103 8055) (53.1616 s)
>> 3244 (4825: 7704 7717 7704) (44.6056 s)
>> 3237 (6656: 9548 9560 9548) (45.3167 s)
>> 3195 (21176: 7311 7328 7311) (43.4578 s)
>> 3190 (14205: 7924 7927 7924) (42.1673 s)
>> 3172 (22492: 8524 8609 8524) (41.8685 s)
>> 3171 (5018: 7637 7650 7637) (46.8236 s)
>> 3153 (10617: 7048 7049 7048) (46.1531 s)
>> 3132 (12538: 7248 7264 7248) (47.8099 s)
>> 3122 (24656: 8348 8618 8348) (45.9664 s)
>> 3094 (14110: 7293 7320 7293) (46.5005 s)
>> 3069 (3818: 8644 8756 8644) (45.9579 s)
>> 3182 (23903: 8866 8935 8866) (48.9908 s)
>> 3056 (8643: 8641 8717 8641) (47.6761 s)
>> 3054 (2635: 9268 9272 9268) (48.4296 s)
>> 3047 (25984: 9668 9670 9668) (44.3688 s)
>> 3033 (22910: 7904 7964 7904) (50.6561 s)
>> 3268 (14556: 7803 7851 7803) (43.2941 s)
>> 3020 (8261: 8259 8273 8259) (40.8417 s)
>> 3013 (27713: 8456 8462 8456) (43.0224 s)
>> 3004 (21418: 7993 8008 7993) (46.0684 s)
>> 2994 (11802: 7641 7653 7641) (45.7803 s)
>> 2983 (1882: 8858 8880 8858) (44.6194 s)
>> 2964 (1777: 8989 9030 8989) (44.2251 s)
>> 2951 (21738: 7298 7303 7298) (45.1255 s)
>> 2949 (16425: 7426 7454 7426) (45.1031 s)
>> 2937 (21796: 7703 7714 7703) (63.1075 s)
>> 2934 (12815: 8784 8671 8784) (49.4329 s)
>> 3344 (3410: 8900 8930 8900) (43.3363 s)
>> 2891 (8238: 8236 8184 8236) (47.1906 s)
>> 2877 (18124: 9238 9254 9238) (46.3315 s)
>> 3039 (23736: 9229 9237 9229) (48.2135 s)
>> 2876 (4440: 7807 7870 7807) (44.4513 s)
>> 2867 (22842: 8029 8051 8029) (42.624 s)
>> 2867 (776: 7194 7204 7194) (46.3397 s)
>> 2911 (23107: 7188 7201 7188) (45.5105 s)
>> 2851 (2034: 7359 7362 7359) (51.8016 s)
>> 2831 (3436: 8821 8911 8821) (48.8918 s)
>> 2815 (26269: 9070 9078 9070) (53.6381 s)
>> 2796 (2159: 7128 7130 7128) (48.1854 s)
>> 2777 (24315: 9192 9263 9192) (49.5424 s)
>> 2758 (18507: 7459 7473 7459) (47.2156 s)
>> 2747 (80: 7332 7339 7332) (52.9297 s)
>> 2739 (17059: 8726 8765 8726) (51.0425 s)
>> 2739 (12434: 7069 7073 7069) (48.0645 s)
>> 2734 (20511: 7367 7371 7367) (55.5035 s)
>> 2688 (17424: 8310 8325 8310) (43.9602 s)
>> 2683 (8535: 8533 8525 8533) (43.9362 s)
>> 2679 (6803: 9493 9494 9493) (47.1609 s)
>> 2671 (5773: 7285 7296 7285) (58.9447 s)
>> 2661 (2281: 9545 9581 9545) (43.168 s)
>> 2661 (17717: 7334 7352 7334) (48.8819 s)
>> 2655 (27780: 8205 8221 8205) (46.7539 s)
>> 2649 (3846: 8689 8743 8689) (47.3335 s)
>> 2648 (21868: 8226 8388 8226) (48.6478 s)
>> 2645 (16655: 8789 8871 8789) (48.5241 s)
>> 2641 (1271: 7219 7223 7219) (43.0815 s)
>> 2632 (2975: 9125 9126 9125) (45.3395 s)
>> 2631 (6147: 7132 7133 7132) (51.5347 s)
>> 2608 (18745: 9367 9387 9367) (42.4536 s)
>> 2575 (13967: 8355 8531 8355) (42.9161 s)
>> 2574 (5747: 7297 7305 7297) (49.1571 s)
>> 3676 (24119: 7309 7349 7309) (52.2913 s)
>> 2568 (6334: 9718 9721 9718) (45.0531 s)
>> 2566 (25426: 9630 9635 9630) (41.2861 s)
>> 2558 (26591: 8116 8206 8116) (49.9973 s)
>> 2558 (7015: 9413 9417 9413) (39.6972 s)
>> 2549 (27642: 8694 8715 8694) (44.295 s)
>> 2546 (26876: 7391 7399 7391) (44.0998 s)
>> 2514 (21440: 9359 9383 9359) (44.4236 s)
>> 2512 (21060: 9547 9553 9547) (51.2396 s)
>> 2468 (10256: 8142 8137 8142) (51.268 s)
>> 2463 (7979: 7976 7968 7976) (49.3264 s)
>> 2454 (25164: 8571 8588 8571) (49.5412 s)
>> 2445 (11925: 8567 25941 8567) (44.8695 s)
>> 2441 (17572: 9372 9380 9372) (43.813 s)
>> 2427 (10245: 8330 8378 8330) (54.0977 s)
>> 2418 (16351: 7228 7232 7228) (48.8315 s)
>> 2418 (10946: 9081 9089 9081) (46.401 s)
>> 2402 (13797: 7236 7238 7236) (43.6058 s)
>> 2332 (2245: 9646 9653 9646) (45.6983 s)
>> 2323 (25098: 8887 8962 8887) (50.6992 s)
>> 2316 (3286: 8881 8968 8881) (40.5358 s)
>> 2301 (25548: 8967 8976 8967) (47.4436 s)
>> 2292 (13225: 7695 7726 7695) (43.0734 s)
>> 2287 (5513: 7402 7403 7402) (42.0457 s)
>> 2276 (5926: 7226 7233 7226) (44.6175 s)
>> 2259 (12391: 9572 9573 9572) (48.801 s)
>> 2257 (16883: 9348 9354 9348) (57.8017 s)
>> 2249 (25926: 9095 9127 9095) (59.2567 s)
>> 2248 (11062: 7235 7280 7235) (50.4919 s)
>> 2241 (19950: 9031 9066 9031) (45.8522 s)
>> 2239 (3266: 8929 8973 8929) (44.6906 s)
>> 2239 (14178: 9194 9208 9194) (48.1035 s)
>> 2225 (2595: 9275 9284 9275) (44.3754 s)
>> 2210 (5582: 7364 7373 7364) (43.6813 s)
>> 2207 (4181: 8041 8111 8041) (45.8985 s)
>> 2206 (19169: 8047 7971 8047) (49.6634 s)
>> 2196 (9099: 9097 9128 9097) (63.3651 s)
>> 2192 (13806: 8628 8798 8628) (45.778 s)
>> 2189 (19177: 8373 8404 8373) (44.786 s)
>> 2181 (6795: 9487 9496 9487) (51.5882 s)
>> 2149 (18023: 7096 7105 7096) (40.8045 s)
>> 2475 (18810: 7112 7115 7112) (43.917 s)
>> 2127 (12963: 9472 9485 9472) (44.6601 s)
>> 2123 (17216: 8335 8344 8335) (41.5122 s)
>> 2121 (2678: 9244 9255 9244) (45.9088 s)
>> 2118 (3536: 8836 8873 8836) (47.0413 s)
>> 2117 (25375: 7646 7648 7646) (45.7881 s)
>> 2111 (14453: 9672 9677 9672) (46.7882 s)
>> 2107 (5903: 7245 7253 7245) (41.8266 s)
>> 2090 (17428: 8214 8242 8214) (44.8088 s)
>> 2077 (25318: 7958 7973 7958) (42.608 s)
>> 2062 (27254: 9301 9309 9301) (41.2288 s)
>> 2060 (20229: 7628 7652 7628) (39.9666 s)
>> 2047 (22255: 8747 8761 8747) (43.0473 s)
>> 2275 (3801: 8760 8809 8760) (54.2534 s)
>> 2045 (20277: 8905 8922 8905) (53.0646 s)
>> 2029 (5806: 7271 7284 7271) (43.5055 s)
>> 2028 (25937: 8582 8617 8582) (45.4652 s)
>> 2010 (3175: 9001 9020 9001) (45.393 s)
>> 2008 (8510: 8412 8509 8412) (47.2617 s)
>> 2003 (17681: 7313 7327 7313) (46.7746 s)
>> 1998 (22810: 8005 8019 8005) (45.7355 s)
>> 1986 (11828: 8294 8491 8294) (43.5258 s)
>> 1985 (2789: 9183 9202 9183) (44.7465 s)
>> 1979 (12776: 7591 12612 7591) (41.7788 s)
>> 1979 (20339: 8253 8319 8253) (44.1135 s)
>> 1971 (27603: 8818 8851 8818) (43.1207 s)
>> 1966 (21181: 8854 8988 8854) (50.4374 s)
>> 3764 (21872: 8547 8587 8547) (51.2756 s)
>> 1964 (578: 9111 9195 9111) (43.4194 s)
>> 1951 (6374: 9695 9704 9695) (44.34 s)
>> 1942 (3381: 8939 8952 8939) (49.4916 s)
>> 1940 (16145: 8645 8702 8645) (48.2605 s)
>> 1938 (13270: 7243 7267 7243) (51.3844 s)
>> 1938 (22808: 7998 8042 7998) (51.6145 s)
>> 1937 (17541: 9465 9468 9465) (51.1501 s)
>> 1934 (19604: 9332 9341 9332) (44.1124 s)
>> 1927 (8593: 8574 8591 8574) (47.7307 s)
>> 1923 (26696: 7801 7817 7801) (45.2557 s)
>> 1908 (2730: 9193 9225 9193) (45.5388 s)
>> 1907 (27167: 9479 9484 9479) (47.5602 s)
>> 1902 (10224: 8167 8244 8167) (44.6794 s)
>> 2739 (4262: 8012 8025 8012) (47.0972 s)
>> 1890 (17215: 8427 8342 8427) (44.7593 s)
>> 1886 (4658: 7764 7767 7764) (50.9507 s)
>> 1878 (6604: 9570 9579 9570) (50.5295 s)
>> 1870 (4941: 7651 7682 7651) (42.6739 s)
>> 1859 (23661: 8926 8950 8926) (46.2489 s)
>> 1845 (10819: 7091 7092 7091) (48.588 s)
>> 1845 (4131: 8153 8197 8153) (47.4957 s)
>> 1843 (16796: 7700 7753 7700) (48.7996 s)
>> 1837 (15381: 8030 8043 8030) (46.5177 s)
>> 1835 (2309: 7360 7378 7360) (42.1231 s)
>> 1831 (17391: 8076 8102 8076) (46.0522 s)
>> 1821 (27501: 8870 8878 8870) (50.1306 s)
>> 1820 (16075: 8324 8513 8324) (42.9904 s)
>> 1818 (8649: 8623 8648 8623) (51.3974 s)
>> 1807 (13968: 8479 8366 8479) (53.0233 s)
>> 1805 (8410: 8409 8383 8409) (41.8778 s)
>> 1799 (5180: 7577 7590 7577) (43.9743 s)
>> 1781 (24457: 8347 8281 8347) (50.0872 s)
>> 1780 (6818: 9480 9486 9480) (45.2683 s)
>> 1779 (15246: 8713 8745 8713) (48.6224 s)
>> 1777 (11891: 8220 8329 8220) (44.2157 s)
>> 1774 (6748: 9503 9508 9503) (51.0933 s)
>> 1786 (12870: 9495 9498 9495) (41.8192 s)
>> 1768 (18998: 7186 7187 7186) (57.3817 s)
>> 1750 (13954: 7374 7377 7374) (47.5444 s)
>> 1741 (18194: 9698 9700 9698) (51.6448 s)
>> 1740 (9895: 7799 7848 7799) (43.8625 s)
>> 1739 (22396: 7218 7220 7218) (46.2308 s)
>> 1738 (26985: 7199 7200 7199) (43.2219 s)
>> 1734 (14102: 9287 9289 9287) (41.5075 s)
>> 1730 (2628: 9267 9274 9267) (41.6573 s)
>> 1729 (2296: 7655 7692 7655) (44.6711 s)
>> 1698 (13787: 7776 7778 7776) (45.9812 s)
>> 1696 (10766: 9483 9518 9483) (42.3122 s)
>> 1690 (18690: 9712 9720 9712) (42.705 s)
>> 1686 (22647: 7883 7899 7883) (44.6024 s)
>> 1673 (10173: 8171 8222 8171) (47.4774 s)
>> 1666 (23607: 9046 9048 9046) (48.8206 s)
>> 1657 (13924: 7913 7995 7913) (53.0649 s)
>> 1652 (26449: 8711 8779 8711) (55.3788 s)
>> 1642 (18431: 7410 18432 7410) (45.0006 s)
>> 1640 (4797: 7721 7731 7721) (46.4175 s)
>> 2090 (27951: 7681 7710 7681) (45.1463 s)
>> 1638 (6658: 9544 9550 9544) (47.3661 s)
>> 1628 (21784: 7593 7609 7593) (47.6227 s)
>> 1622 (661: 8904 8963 8904) (46.232 s)
>> 1614 (14984: 9168 9223 9168) (46.7235 s)
>> 1866 (13846: 9222 9261 9222) (48.4356 s)
>> 1612 (20477: 8545 8568 8545) (44.8623 s)
>> 3120 (14963: 8614 8662 8614) (43.1041 s)
>> 2704 (24160: 8538 8570 8538) (43.5011 s)
>> 1907 (4054: 8341 8361 8341) (44.8735 s)
>> 1731 (17444: 8672 8685 8672) (50.3441 s)
>> 1598 (22468: 8474 8461 8474) (46.889 s)
>> 1594 (10598: 9053 8994 9053) (44.1507 s)
>> 1592 (22355: 7076 7110 7076) (44.0699 s)
>> 1589 (237: 9019 9068 9019) (42.7034 s)
>> 1585 (16879: 9370 9358 9370) (47.1325 s)
>> 1582 (2166: 7872 7906 7872) (44.3575 s)
>> 1550 (1397: 9106 9152 9106) (50.0791 s)
>> 1550 (14299: 8539 8546 8539) (44.6483 s)
>> 1547 (11499: 8874 8913 8874) (40.6635 s)
>> 1541 (19390: 9305 9320 9305) (42.0672 s)
>> 1536 (21079: 7259 7261 7259) (54.1933 s)
>> 1532 (10020: 9161 9212 9161) (43.1287 s)
>> 1530 (19356: 9337 9385 9337) (47.2645 s)
>> 1524 (14990: 7856 7857 7856) (49.0451 s)
>> 2887 (14292: 7738 7763 7738) (56.176 s)
>> 1521 (19649: 9258 9265 9258) (46.4011 s)
>> 1520 (19660: 8192 8223 8192) (45.7253 s)
>> 1518 (25074: 7911 7919 7911) (47.5452 s)
>> 1517 (13247: 7777 7780 7777) (41.9983 s)
>> 1517 (637: 9062 9090 9062) (47.0313 s)
>> 1661 (19130: 8953 9007 8953) (43.1575 s)
>> 1509 (11271: 7875 19418 7875) (49.9026 s)
>> 1507 (27283: 9252 9262 9252) (45.5276 s)
>> 1507 (15964: 9613 9620 9613) (45.9815 s)
>> 1488 (11754: 8396 8601 8396) (44.2423 s)
>> 1487 (13985: 8213 8231 8213) (41.6558 s)
>> 1484 (14028: 8060 8087 8060) (47.2503 s)
>> 1482 (4701: 7771 7789 7771) (46.6653 s)
>> 1462 (27344: 9165 9166 9165) (52.9571 s)
>> 1462 (18733: 8537 8544 8537) (42.9685 s)
>> 1449 (11771: 9500 9504 9500) (49.9393 s)
>> 2637 (6733: 9505 9511 9505) (49.8403 s)
>> 1445 (11812: 9096 9100 9096) (45.9972 s)
>> 1445 (22754: 7822 7830 7822) (49.5324 s)
>> 1442 (24863: 7784 7814 7784) (44.9598 s)
>> 1430 (4674: 7782 7794 7782) (43.5076 s)
>> 1428 (21350: 7570 7578 7570) (43.8489 s)
>> 1427 (19728: 8807 8882 8807) (43.6814 s)
>> 1424 (18719: 8710 8712 8710) (43.9244 s)
>> 1988 (23931: 8647 8752 8647) (46.1205 s)
>> 1419 (589: 8719 8778 8719) (46.0096 s)
>> 1410 (21345: 7529 7531 7529) (41.8068 s)
>> 1409 (1617: 8837 8857 8837) (48.0646 s)
>> 1408 (21558: 7498 7499 7498) (41.5746 s)
>> 1401 (22034: 8208 8306 8208) (47.7426 s)
>> 1401 (18159: 7667 7689 7667) (43.1124 s)
>> 1395 (14033: 7761 7765 7761) (43.4407 s)
>> 1391 (14220: 8096 8052 8096) (43.7568 s)
>> 1565 (14217: 8089 18866 8089) (42.607 s)
>> 1391 (22042: 7582 7588 7582) (46.2781 s)
>> 1385 (6832: 9460 9482 9460) (47.1924 s)
>> 1370 (19707: 8498 8527 8498) (50.89 s)
>> 1369 (14117: 8933 8955 8933) (45.2254 s)
>> 1363 (8438: 8340 8436 8340) (44.5326 s)
>> 1361 (13838: 7385 7390 7385) (39.7395 s)
>> 1349 (20033: 8758 8804 8758) (44.916 s)
>> 1348 (28280: 7064 7066 7064) (43.2062 s)
>> 1348 (16153: 8958 9045 8958) (45.9958 s)
>> 1346 (12947: 8768 8783 8768) (51.5038 s)
>> 1344 (5687: 7331 7337 7331) (44.4271 s)
>> 1339 (27066: 9693 9694 9693) (43.7588 s)
>> 1338 (695: 8997 9003 8997) (45.6093 s)
>> 1319 (4558: 7806 7836 7806) (46.7066 s)
>> 1311 (21850: 8379 8305 8379) (74.5169 s)
>> 1293 (8561: 8518 8559 8518) (47.3748 s)
>> 1291 (13720: 9131 9133 9131) (43.9526 s)
>> 1287 (1445: 7579 7594 7579) (42.8991 s)
>> 1277 (15265: 9209 9214 9209) (43.0975 s)
>> 1274 (3545: 8839 8869 8839) (44.0919 s)
>> 1247 (20801: 7521 7525 7521) (41.1715 s)
>> 2890 (20803: 7491 7519 7491) (44.936 s)
>> 1625 (24069: 7482 7485 7482) (54.5203 s)
>> 1241 (5298: 7550 7561 7550) (49.3359 s)
>> 1239 (16459: 9345 9353 9345) (45.5376 s)
>> 1439 (18031: 9280 9295 9280) (46.8777 s)
>> 1239 (24447: 9315 9331 9315) (56.8143 s)
>> 1234 (3461: 8872 8901 8872) (49.1411 s)
>> 1229 (3342: 8921 8944 8921) (44.5187 s)
>> 1222 (15905: 7819 7846 7819) (48.7495 s)
>> 1212 (14952: 9726 9730 9726) (43.4414 s)
>> 1211 (20904: 8987 9049 8987) (42.9269 s)
>> 1210 (5863: 7256 7257 7256) (40.4628 s)
>> 1206 (5026: 7647 7649 7647) (39.2629 s)
>> 1193 (15276: 9069 9112 9069) (43.2144 s)
>> 1192 (20325: 7756 7800 7756) (45.4461 s)
>> 1726 (19809: 7812 7859 7812) (46.3021 s)
>> 1191 (4582: 7804 7828 7804) (42.4662 s)
>> 1178 (4041: 8241 8394 8241) (41.0006 s)
>> 2401 (14429: 8343 8551 8343) (45.7627 s)
>> 1176 (8664: 8610 8663 8610) (37.4186 s)
>> 1175 (12562: 7553 7573 7553) (38.604 s)
>> 1172 (760: 7632 7669 7632) (41.1553 s)
>> 1171 (23733: 8517 8681 8517) (43.4844 s)
>> 1166 (12088: 7666 7670 7666) (40.5446 s)
>> 1411 (26793: 7633 23370 7633) (42.1697 s)
>> 1166 (12887: 8925 8927 8925) (50.2772 s)
>> 1162 (2995: 9120 9121 9120) (43.9055 s)
>> 1154 (18523: 8109 8141 8109) (42.1998 s)
>> 1265 (23303: 8353 8323 8353) (43.5134 s)
>> 1587 (24489: 8199 8356 8199) (45.5718 s)
>> 1152 (19069: 8808 8853 8808) (43.6792 s)
>> 1148 (27382: 9071 9102 9071) (37.8444 s)
>> 1146 (11435: 7921 7969 7921) (46.1095 s)
>> 1142 (12178: 8299 8468 8299) (43.3894 s)
>> 1132 (24055: 9395 9407 9395) (42.7584 s)
>> 1127 (10960: 8532 8608 8532) (43.6132 s)
>> 1124 (16061: 9405 9411 9405) (44.5123 s)
>> 1120 (13786: 7237 7241 7237) (42.9233 s)
>> 1117 (14539: 7674 7684 7674) (45.3437 s)
>> 1110 (28137: 7325 7335 7325) (41.3605 s)
>> 1108 (14842: 8799 8801 8799) (41.7358 s)
>> 1198 (20003: 8844 8849 8844) (39.5069 s)
>> 1135 (3827: 8690 8754 8690) (44.3502 s)
>> 1105 (20280: 8806 8865 8806) (40.8537 s)
>> 1101 (8486: 8377 8484 8377) (40.3181 s)
>> 1095 (10216: 8894 8990 8894) (47.0513 s)
>> 3751 (14969: 9092 9117 9092) (44.9048 s)
>> 1087 (26690: 7810 7855 7810) (43.077 s)
>> 1086 (27223: 9365 9384 9365) (45.524 s)
>> 1647 (18817: 9326 9336 9326) (42.5606 s)
>> 1083 (22672: 9072 9122 9072) (44.6367 s)
>> 1288 (21614: 9067 9076 9067) (41.6919 s)
>> 1076 (1284: 7144 7158 7144) (45.7446 s)
>> 1075 (25614: 7873 7895 7873) (39.2569 s)
>> 1069 (14588: 9182 9185 9182) (44.995 s)
>> 1064 (5129: 7595 7601 7595) (40.1649 s)
>> 1062 (24520: 7488 7489 7488) (43.7379 s)
>> 1067 (5346: 7496 5358 7496) (46.2902 s)
>> 1061 (6058: 7183 7185 7183) (48.2884 s)
>> 1058 (5529: 7361 7395 7361) (43.5694 s)
>> 1044 (17229: 9145 9160 9145) (57.7419 s)
>> 1042 (4238: 8040 8106 8040) (43.2035 s)
>> 1038 (22550: 9294 9300 9294) (39.867 s)
>> 1038 (17793: 9492 9509 9492) (40.8295 s)
>> 1010 (24507: 8903 8932 8903) (41.7755 s)
>> 1009 (354: 7742 7754 7742) (41.8383 s)
>> 996 (5999: 7205 7207 7205) (39.403 s)
>> 993 (8842: 8840 8898 8840) (39.9559 s)
>> 991 (22591: 7597 7624 7597) (42.2243 s)
>> 981 (12316: 9026 9039 9026) (45.3995 s)
>> 975 (453: 8800 8802 8800) (40.347 s)
>> 971 (28153: 7310 7319 7310) (37.7544 s)
>> 970 (18139: 8090 19743 8090) (40.894 s)
>> 966 (10323: 9659 9660 9659) (41.5165 s)
>> 966 (10700: 9142 9153 9142) (39.127 s)
>> 965 (24384: 8013 8039 8013) (45.0572 s)
>> 964 (21526: 7230 7239 7230) (41.2951 s)
>> 959 (23603: 8830 8907 8830) (52.9893 s)
>> 959 (10018: 9207 9236 9207) (37.6524 s)
>> 958 (2379: 9388 9403 9388) (42.1032 s)
>> 955 (2907: 9138 9146 9138) (53.5103 s)
>> 952 (17710: 9536 9527 9536) (38.1726 s)
>> 943 (12023: 8133 8136 8133) (54.3171 s)
>> 1117 (25125: 7999 8069 7999) (39.8439 s)
>> 1415 (25665: 8073 8127 8073) (42.8401 s)
>> 939 (28119: 7348 7356 7348) (41.1479 s)
>> 933 (19855: 9279 9304 9279) (40.5162 s)
>> 921 (20075: 7798 7835 7798) (42.187 s)
>> 920 (12933: 9242 9422 9242) (44.2084 s)
>> 914 (28174: 7283 7288 7283) (38.9169 s)
>> 909 (24938: 7687 7723 7687) (38.6865 s)
>> 904 (14247: 7658 7690 7658) (39.5502 s)
>> 889 (8751: 8722 8748 8722) (38.5434 s)
>> 886 (3817: 8757 8763 8757) (51.0389 s)
>> 886 (23116: 7379 7383 7379) (41.0135 s)
>> 883 (26979: 7203 7206 7203) (41.9447 s)
>> 883 (6514: 9614 9615 9614) (48.4266 s)
>> 883 (11182: 7501 7532 7501) (39.5436 s)
>> 874 (25785: 7612 7621 7612) (38.8436 s)
>> 978 (22902: 7630 7654 7630) (39.6416 s)
>> 872 (12804: 9452 9464 9452) (39.6932 s)
>> 868 (7955: 7954 7950 7954) (43.3381 s)
>> 862 (19822: 9580 9582 9580) (37.1773 s)
>> 850 (23200: 8014 8050 8014) (40.0304 s)
>> 847 (21745: 7225 25847 7225) (40.1881 s)
>> 844 (21625: 7719 7779 7719) (38.717 s)
>> 843 (8863: 8862 26404 8862) (40.8293 s)
>> 842 (13691: 9002 25723 9002) (39.0237 s)
>> 839 (16900: 7972 13004 7972) (40.2745 s)
>> 838 (25040: 7833 7893 7833) (41.2854 s)
>> 836 (5310: 7522 7538 7522) (55.6822 s)
>> 834 (24177: 7062 7065 7062) (52.1488 s)
>> 833 (12235: 7693 7701 7693) (46.1867 s)
>> 832 (11188: 8961 9021 8961) (45.721 s)
>> 828 (12466: 9050 9041 9050) (40.7393 s)
>> 827 (16840: 7287 7300 7287) (42.5109 s)
>> 827 (20428: 8966 9009 8966) (37.4867 s)
>> 820 (4031: 8395 8494 8395) (45.6134 s)
>> 819 (26726: 7745 7746 7745) (37.934 s)
>> 1318 (27913: 7774 7858 7774) (37.2011 s)
>> 818 (20882: 7718 7751 7718) (35.2737 s)
>> 1497 (503: 7743 12297 7743) (38.9181 s)
>> 818 (3666: 8816 8823 8816) (39.2203 s)
>> 811 (26256: 9150 16848 9150) (43.319 s)
>> 1963 (2560: 9239 9299 9239) (39.4028 s)
>> 808 (22487: 7116 7121 7116) (42.3876 s)
>> 807 (6495: 9621 9622 9621) (45.7779 s)
>> 805 (10925: 7563 7576 7563) (39.2753 s)
>> 805 (15250: 8805 8822 8805) (39.3225 s)
>> 804 (19296: 9597 9634 9597) (40.1821 s)
>> 803 (4293: 7992 8028 7992) (39.2086 s)
>> 1280 (4223: 8017 8054 8017) (40.219 s)
>> 802 (19871: 7725 7734 7725) (40.0585 s)
>> 799 (27529: 8891 8902 8891) (39.9301 s)
>> 792 (18303: 9311 9316 9311) (40.1772 s)
>> 787 (20708: 9610 9618 9610) (37.7599 s)
>> 784 (19825: 9338 9366 9338) (40.888 s)
>> 777 (21724: 8313 8423 8313) (41.1708 s)
>> 775 (11234: 7070 7071 7070) (45.1338 s)
>> 774 (25359: 9292 9307 9292) (44.4238 s)
>> 924 (2476: 9318 9323 9318) (44.5904 s)
>> 767 (12925: 7302 7318 7302) (40.6028 s)
>> 761 (27875: 7834 7844 7834) (47.4731 s)
>> 1426 (22198: 7850 7966 7850) (42.0117 s)
>> 758 (2514: 9314 9319 9314) (42.6292 s)
>> 748 (12786: 7808 7818 7808) (39.5021 s)
>> 737 (27872: 7795 7809 7795) (43.7764 s)
>> 729 (13551: 1773 7272 1773) (39.1528 s)
>> 0 (-1: -1 -1 -1) (29.9691 s)
Zelikovsky 31740.6 s
>> 186420 (15119: 8433 8479 8389) (1805.44 s)
>> 121634 (8472: 8474 8469 8399) (1826.25 s)
>> 71584 (21108: 7171 7170 7167) (1680.89 s)
>> 68222 (8599: 8595 8530 8611) (1659.41 s)
>> 43789 (11920: 7585 23543 7660) (1656.56 s)
>> 38535 (4231: 7639 8044 7980) (1668.17 s)
>> 32568 (8151: 8149 8147 8163) (1646.8 s)
>> 30707 (10977: 7125 7159 7152) (1657.88 s)
>> 29997 (8421: 8666 8420 8283) (1643.08 s)
>> 28554 (55: 7138 7155 7150) (1636.12 s)
>> 27691 (17707: 9662 9616 9600) (1635.67 s)
>> 26692 (1480: 7163 7173 7157) (1631.33 s)
>> 24522 (21269: 9650 9664 9648) (1634.39 s)
>> 24005 (21890: 9707 9689 9650) (1626.47 s)
>> 23944 (9555: 9534 9557 9554) (1611.54 s)
>> 23569 (10235: 9674 9666 9661) (1619.65 s)
>> 22280 (472: 9472 9455 9451) (1619.72 s)
>> 22196 (19738: 8198 7853 7626) (1618.04 s)
>> 22103 (3119: 14228 9110 9054) (1612.19 s)
>> 21290 (15561: 7775 7838 7750) (1616.89 s)
>> 20770 (22297: 7477 7463 7444) (1606.61 s)
>> 20388 (11486: 171 9642 9607) (1611.24 s)
>> 18018 (21042: 7211 7312 7176) (1603.86 s)
>> 16362 (1090: 9000 9263 9064) (1622.29 s)
>> 15333 (22553: 9440 9436 9427) (1604.71 s)
>> 15148 (11047: 7138 7183 7164) (1604.83 s)
>> 13717 (2108: 9725 27039 9727) (1603.95 s)
>> 13292 (100: 9690 9679 9678) (1590.52 s)
>> 12676 (20600: 9220 18155 8982) (1582.37 s)
>> 12501 (11394: 9595 9628 9596) (1585.15 s)
>> 12485 (8004: 7996 8005 8001) (1586.01 s)
>> 12346 (599: 9732 9731 9725) (1577.25 s)
>> 12098 (13361: 7443 7530 7429) (1572.59 s)
>> 12030 (19350: 7139 7140 7129) (1573.6 s)
>> 11966 (14480: 9673 9713 9697) (1575.54 s)
>> 11706 (6148: 7133 7131 7126) (1563.81 s)
>> 11692 (20849: 7139 7149 7145) (1568.54 s)
>> 11217 (6299: 7058 7057 7056) (1566.49 s)
>> 10814 (18795: 6120 7163 7077) (1556.24 s)
>> 10773 (25781: 7392 7411 7407) (1576.97 s)
>> 10659 (8129: 8169 8079 8128) (1558.45 s)
>> 10567 (14609: 9546 9592 9574) (1582.69 s)
>> 10197 (6990: 9446 14228 9433) (1548.57 s)
>> 10121 (15764: 7983 7984 7639) (1557.04 s)
>> 9917 (11939: 7487 7562 7509) (1551.88 s)
>> 9567 (18921: 7353 7358 7281) (1531.26 s)
>> 9282 (6718: 9545 9522 9520) (1546.58 s)
>> 9152 (625: 7418 7421 7414) (1535.15 s)
>> 9101 (22763: 9056 9139 9114) (1537.39 s)
>> 8747 (18351: 17255 9481 9444) (1534.19 s)
>> 8745 (6093: 7158 7156 7153) (1529.66 s)
>> 8503 (5048: 7610 7643 7642) (1525.01 s)
>> 8351 (5117: 7692 7618 7587) (1521.31 s)
>> 8298 (15000: 9431 9479 9291) (1516.34 s)
>> 7864 (24279: 4303 8162 8117) (1524.82 s)
>> 7801 (13427: 7457 7440 7433) (1525.76 s)
>> 7685 (20385: 28240 7240 7190) (1522.82 s)
>> 7490 (24535: 7058 7076 7061) (1518.23 s)
>> 7337 (11345: 7757 14941 7940) (1526.19 s)
>> 7329 (14062: 7773 8346 7708) (1523.13 s)
>> 7179 (23756: 7476 7482 7471) (1516.83 s)
>> 7144 (1380: 9435 17255 9474) (1514.58 s)
>> 7000 (1629: 7456 7472 7466) (1505.06 s)
>> 6684 (7600: 7636 7599 7589) (1496.29 s)
>> 6576 (773: 9675 9677 9676) (1496.75 s)
>> 6522 (5722: 21256 7314 7291) (1493.58 s)
>> 6405 (8848: 8964 8846 8759) (1487.99 s)
>> 6346 (3575: 27522 8856 7983) (1481.46 s)
>> 6339 (25601: 7495 7536 7484) (1480.11 s)
>> 6120 (14450: 18636 7197 7195) (1483.5 s)
>> 6119 (21222: 7568 7854 7683) (1481.12 s)
>> 6078 (22411: 8062 8219 7914) (1481.75 s)
>> 5943 (4105: 8062 8297 8249) (1480.82 s)
>> 5855 (16000: 8011 8631 7917) (1478.29 s)
>> 5754 (18860: 7592 7554 7516) (1473.51 s)
>> 5686 (14204: 8097 7956 7936) (1488.7 s)
>> 5526 (11420: 9598 9665 9594) (1474.64 s)
>> 5520 (11458: 9533 9535 9523) (1467.5 s)
>> 5438 (22196: 7957 8006 7910) (1456.01 s)
>> 5398 (26504: 8800 8676 8637) (1457.65 s)
>> 5365 (1115: 8998 9143 8852) (1455.84 s)
>> 5261 (25461: 7144 7143 7141) (1450.67 s)
>> 5250 (5799: 7273 7336 7286) (1445.56 s)
>> 5192 (6905: 9465 9459 9440) (1450.59 s)
>> 5189 (2647: 9221 9310 9266) (1442.1 s)
>> 5167 (1584: 7050 15899 7051) (1437.03 s)
>> 5026 (20073: 22867 9507 9491) (1440.15 s)
>> 4992 (11474: 9075 9113 8884) (1433.77 s)
>> 4938 (21247: 9690 9707 9702) (1432.2 s)
>> 4871 (19972: 8191 17350 8126) (1430.54 s)
>> 4860 (4024: 8666 8521 8322) (1423.53 s)
>> 4810 (20586: 8827 8949 8636) (1386.07 s)
>> 4797 (8292: 8107 8318 8290) (1159.36 s)
>> 4756 (13563: 8860 8877 8576) (1226.8 s)
>> 4741 (17916: 8557 27522 8198) (1223.51 s)
>> 4670 (24573: 8789 8739 8720) (1226.94 s)
>> 4655 (20571: 8522 8679 8508) (1225.02 s)
>> 4649 (12000: 7262 7274 7273) (1229.69 s)
>> 4542 (23565: 9660 9656 9655) (1228.38 s)
>> 4519 (16851: 9044 16848 8893) (1212.44 s)
>> 4516 (17485: 9425 9426 9394) (1219.74 s)
>> 4404 (6723: 9521 9513 9510) (1212.81 s)
>> 4402 (8897: 8896 27786 9257) (1209.77 s)
>> 4392 (3558: 8845 8859 8803) (1209.43 s)
>> 4379 (5978: 6007 7214 7213) (1208.54 s)
>> 4373 (12837: 9084 9169 8998) (1199.24 s)
>> 4365 (19189: 9430 9434 9432) (1199.93 s)
>> 4315 (14707: 8250 8108 7912) (1198.06 s)
>> 4315 (23717: 9534 9577 9599) (1199.04 s)
>> 4298 (21971: 8677 8767 8723) (1194.91 s)
>> 4277 (18545: 7381 11009 7393) (1191.67 s)
>> 4266 (24638: 8647 8566 8384) (1193.64 s)
>> 4249 (6338: 9721 9717 9716) (1196.29 s)
>> 4217 (24703: 8417 8493 8448) (1191.58 s)
>> 4180 (11240: 7260 9738 7289) (1187.76 s)
>> 4111 (4402: 7775 7909 7908) (1188.83 s)
>> 4111 (13155: 7457 7462 7455) (1182.2 s)
>> 4074 (25211: 9463 9464 9450) (1178.84 s)
>> 4059 (18135: 7551 7566 7546) (1173.81 s)
>> 3963 (17085: 7529 7579 7436) (1178.49 s)
>> 3950 (8195: 8088 8220 8194) (1176.81 s)
>> 3937 (25083: 8716 8651 7773) (1173.07 s)
>> 3935 (20958: 7111 7103 7086) (1169.12 s)
>> 3925 (24502: 7326 7324 7306) (1167.32 s)
>> 3896 (3194: 9046 9011 8995) (1167.85 s)
>> 3895 (23696: 7495 7565 7555) (1164.7 s)
>> 3894 (6645: 9570 9561 9530) (1159.26 s)
>> 3870 (14396: 7053 19843 7054) (1157.1 s)
>> 3845 (25286: 7363 7354 7343) (1158.41 s)
>> 3800 (6635: 9551 9571 9567) (1159.29 s)
>> 3795 (932: 9283 9321 9246) (1157.23 s)
>> 3731 (23986: 7048 7047 7046) (1154.45 s)
>> 3726 (8350: 8377 8368 8349) (1150.34 s)
>> 3716 (11083: 7111 7084 7081) (1149.44 s)
>> 3689 (8309: 8305 8307 8268) (1143.61 s)
>> 3686 (15570: 7366 7372 7279) (1145.16 s)
>> 3636 (15311: 7147 7158 7148) (1138.09 s)
>> 3636 (18507: 7473 7476 7458) (1137.65 s)
>> 3626 (22064: 7420 7428 7427) (1122.14 s)
>> 3596 (11575: 9568 9562 9552) (1134.6 s)
>> 3553 (6938: 9463 9453 9449) (1133.79 s)
>> 3505 (2812: 9149 9222 9196) (1134.29 s)
>> 3499 (2800: 9217 9203 9200) (1130.47 s)
>> 3473 (6366: 9703 9708 9706) (1128.3 s)
>> 3424 (10412: 9445 9448 9430) (1126.68 s)
>> 3416 (2934: 9149 13262 9135) (1127.53 s)
>> 3382 (11447: 8630 8703 8569) (1122.46 s)
>> 3379 (17436: 7623 7602 7586) (1117.06 s)
>> 3355 (14913: 7610 7686 7547) (1116.73 s)
>> 3304 (14473: 7105 7104 7099) (1118.41 s)
>> 3294 (10318: 24235 7426 7419) (1108.85 s)
>> 3244 (4825: 7726 7717 7704) (1110.87 s)
>> 3195 (21176: 7334 7328 7311) (1103.23 s)
>> 3172 (22492: 8680 8609 8524) (1109.61 s)
>> 3171 (5018: 7637 7665 7650) (1106.5 s)
>> 3162 (11267: 7266 7262 7253) (1102.89 s)
>> 3153 (10617: 7049 7050 7048) (1106.35 s)
>> 3136 (16593: 7443 7442 7439) (1101.61 s)
>> 3132 (12538: 7248 7278 7264) (1098.47 s)
>> 3122 (24656: 8348 8393 8618) (1096.68 s)
>> 3094 (14110: 7295 7320 7293) (1093.26 s)
>> 3069 (3818: 8644 8818 8756) (1092.11 s)
>> 3056 (8643: 8717 8575 8641) (1089.29 s)
>> 3054 (2635: 9278 9272 9268) (1087.96 s)
>> 3047 (25984: 9672 9670 9668) (1082.79 s)
>> 3033 (22910: 7964 8031 7904) (1083.9 s)
>> 3004 (21418: 7971 8008 7993) (1073.49 s)
>> 3003 (25735: 9548 9551 9540) (1079.73 s)
>> 2994 (11802: 7641 7653 7610) (1077.74 s)
>> 2940 (1882: 8858 8892 8880) (1077.04 s)
>> 2937 (21796: 7703 8156 7714) (1075.12 s)
>> 2934 (12815: 8671 8670 8784) (1084.07 s)
>> 2932 (8105: 8191 8103 8055) (1078.37 s)
>> 2900 (11548: 8547 8628 8200) (1081.7 s)
>> 2879 (1353: 6007 7220 7219) (1076.59 s)
>> 2877 (18124: 9254 9313 9238) (1078.54 s)
>> 2876 (4440: 7807 7891 7870) (1075.91 s)
>> 2867 (776: 7204 10853 7194) (1074.8 s)
>> 2867 (22842: 8051 8071 8029) (1066.91 s)
>> 2865 (1477: 7564 7703 7489) (1059.48 s)
>> 2851 (2034: 7359 7374 7362) (1062.29 s)
>> 2841 (14102: 2492 9289 9278) (1055.18 s)
>> 2778 (24963: 8941 8911 8845) (1059.47 s)
>> 2767 (8275: 8377 8273 8259) (1059.21 s)
>> 2747 (80: 7326 7339 7332) (1055.76 s)
>> 2739 (12434: 7073 25163 7069) (1054.93 s)
>> 2735 (3386: 8971 8975 8935) (1054.95 s)
>> 2735 (10269: 8169 8019 7996) (1053.32 s)
>> 2734 (20511: 7367 7382 7371) (1053.34 s)
>> 2725 (12964: 9485 9601 9472) (1041.07 s)
>> 2688 (17424: 8242 8325 8310) (1046.53 s)
>> 2681 (8203: 8169 8242 8201) (1043.37 s)
>> 2679 (6803: 9493 9496 9494) (1038.46 s)
>> 2671 (1823: 7413 7456 7425) (1038.44 s)
>> 2666 (11062: 7280 28240 7292) (1014.35 s)
>> 2658 (3856: 8766 8727 8680) (1035.71 s)
>> 2655 (27780: 8205 8033 8221) (1043.63 s)
>> 2649 (3846: 27613 8743 8689) (1034.33 s)
>> 2648 (21868: 8587 8388 8226) (1082.32 s)
>> 2641 (1271: 7229 6007 7223) (1055.26 s)
>> 2632 (2975: 9154 9126 9125) (955.554 s)
>> 2617 (127: 9412 9435 9414) (952.19 s)
>> 2613 (22775: 7250 7353 7212) (949.546 s)
>> 2608 (18745: 9387 9410 9367) (952.928 s)
>> 2605 (19889: 7162 7174 7125) (947.834 s)
>> 2601 (8458: 8417 8462 8456) (945.342 s)
>> 2597 (11824: 8088 8395 8294) (944.153 s)
>> 2594 (21738: 7295 7303 7298) (941.175 s)
>> 2575 (13967: 8355 19743 8531) (942.098 s)
>> 2574 (5747: 7297 5712 7305) (946.821 s)
>> 2566 (25426: 9630 9636 9635) (938.083 s)
>> 2560 (10380: 9521 9503 9499) (938.993 s)
>> 2558 (7015: 9418 9417 9413) (930.065 s)
>> 2558 (26591: 8116 8241 8206) (934.545 s)
>> 2568 (8234: 8304 8233 8116) (933.187 s)
>> 2557 (10766: 9518 9570 9525) (932.863 s)
>> 2555 (18690: 9712 9721 9720) (925.406 s)
>> 2546 (26876: 7404 7399 7391) (925.997 s)
>> 2545 (16658: 8827 8677 8557) (922.6 s)
>> 2532 (6050: 7188 7204 7193) (923.599 s)
>> 2512 (21060: 9553 9578 9547) (924.885 s)
>> 2501 (21564: 9662 9632 9612) (921.395 s)
>> 2486 (1346: 7453 7451 7430) (922.834 s)
>> 2468 (10256: 8137 8169 8142) (919.106 s)
>> 2463 (7979: 7971 7968 7976) (912.878 s)
>> 2454 (25164: 8588 8608 8571) (913.006 s)
>> 2444 (6216: 7111 7088 7087) (911.203 s)
>> 2443 (22580: 9729 9733 9728) (907.745 s)
>> 2441 (17572: 9358 9380 9372) (901.76 s)
>> 2432 (12124: 7258 7280 7250) (906.406 s)
>> 2418 (10946: 9123 9089 9081) (900.228 s)
>> 2418 (16351: 7232 7241 7228) (900.146 s)
>> 2395 (18255: 7991 8547 7970) (900.882 s)
>> 2369 (8238: 8184 8305 8236) (897.765 s)
>> 2363 (3745: 8782 8941 8821) (896.987 s)
>> 2336 (18752: 7943 8051 7757) (895.761 s)
>> 2332 (2245: 21894 9653 9646) (892.29 s)
>> 2323 (25098: 8988 8962 8887) (893.995 s)
>> 2316 (3286: 8881 9042 8968) (887.352 s)
>> 2313 (7990: 7957 8057 7989) (890.096 s)
>> 2301 (25548: 8976 9038 8967) (881.418 s)
>> 2287 (5513: 7402 15537 7403) (864.704 s)
>> 2276 (5926: 7226 7239 7233) (793.397 s)
>> 2263 (25666: 7834 7957 7902) (791.36 s)
>> 2257 (16883: 9331 9354 9348) (792.131 s)
>> 2254 (2675: 8896 9256 9229) (790.413 s)
>> 2247 (5498: 24235 7409 7392) (786.956 s)
>> 2239 (3266: 8929 9149 8973) (784.446 s)
>> 2239 (14178: 9208 9243 9194) (783.668 s)
>> 2225 (2595: 9285 9284 9275) (776.353 s)
>> 2224 (25244: 8800 8589 8541) (777.387 s)
>> 2219 (6686: 9545 9568 9550) (777.864 s)
>> 2210 (5582: 7375 7373 7364) (777.296 s)
>> 2183 (26467: 8860 8964 8781) (773.797 s)
>> 2176 (2131: 9573 9582 9518) (774.056 s)
>> 2172 (24371: 9412 9400 9383) (771.875 s)
>> 2143 (7679: 7695 7678 7628) (766.72 s)
>> 2138 (15838: 7525 7551 7519) (766.594 s)
>> 2119 (13225: 7726 7747 7695) (767.065 s)
>> 2118 (3536: 3709 8873 8836) (762.814 s)
>> 2117 (13797: 7242 7238 7236) (762.744 s)
>> 2117 (25375: 7674 7648 7646) (761.748 s)
>> 2278 (18287: 7641 7674 7619) (751.439 s)
>> 2094 (17712: 9527 9529 9548) (755.516 s)
>> 2085 (17746: 7326 7304 7290) (753.151 s)
>> 2077 (25318: 7973 8028 7958) (754.523 s)
>> 2073 (19177: 8373 8412 8404) (751.728 s)
>> 2071 (11890: 8334 8329 8088) (749.77 s)
>> 2062 (27254: 9318 9309 9301) (746.942 s)
>> 2047 (22255: 8761 8809 8747) (748.108 s)
>> 2045 (20277: 8905 8945 8922) (746.021 s)
>> 2029 (5806: 7271 7302 7284) (746.12 s)
>> 2010 (3175: 9067 9020 9001) (742.986 s)
>> 2000 (23772: 7058 7055 7053) (744.82 s)
>> 1979 (12776: 7591 25483 12612) (742.718 s)
>> 1966 (21181: 8988 8947 8854) (740.847 s)
>> 1964 (578: 9195 9260 9111) (739.561 s)
>> 1964 (18734: 8544 8536 8417) (800.935 s)
>> 1951 (6374: 9709 9704 9695) (800.63 s)
>> 1945 (4066: 8330 8378 8267) (801.16 s)
>> 1940 (16145: 8777 8702 8645) (799.498 s)
>> 1938 (13270: 7267 7272 7243) (799.837 s)
>> 1935 (21451: 7202 18636 7200) (800.217 s)
>> 1934 (19604: 9330 9341 9332) (796.972 s)
>> 1927 (8593: 8574 8629 8591) (795.398 s)
>> 1923 (3381: 8946 8952 8939) (793.647 s)
>> 1923 (26696: 7801 7859 7817) (792.953 s)
>> 1908 (2730: 9239 9225 9193) (791.589 s)
>> 1902 (10224: 8244 8343 8167) (788.853 s)
>> 1891 (9189: 9183 9221 9187) (787.736 s)
>> 2026 (2789: 9183 9204 9202) (787.886 s)
>> 1886 (4658: 7764 7788 7767) (785.378 s)
>> 1878 (6604: 9586 9579 9573) (782.671 s)
>> 1870 (4941: 7693 7682 7651) (785.474 s)
>> 1870 (14194: 7431 7457 7432) (783.263 s)
>> 1869 (21557: 7498 7592 7504) (780.314 s)
>> 1858 (19707: 8555 8498 8427) (774.296 s)
>> 1852 (14189: 9163 9208 9109) (767.608 s)
>> 1848 (19822: 9586 9662 9580) (765.739 s)
>> 1845 (4131: 8306 8197 8153) (764.987 s)
>> 1845 (10819: 7092 7094 7091) (762.148 s)
>> 1843 (16796: 7780 7753 7700) (761.518 s)
>> 1838 (8535: 8595 8525 8533) (759.355 s)
>> 1837 (15381: 8043 8068 8030) (759.21 s)
>> 1835 (2309: 7366 7388 7378) (758.549 s)
>> 1821 (27501: 19856 8878 8870) (756.233 s)
>> 1818 (8649: 8681 8648 8623) (754.497 s)
>> 1815 (25926: 9095 9154 9148) (753.968 s)
>> 1812 (21524: 7242 7248 7226) (752.047 s)
>> 1805 (8410: 8383 8468 8409) (750.641 s)
>> 1799 (5180: 7607 7590 7577) (749.576 s)
>> 1780 (6818: 9480 9492 9486) (740.371 s)
>> 1779 (15246: 8713 8801 8745) (746.049 s)
>> 1750 (13954: 7383 7377 7359) (744.694 s)
>> 1740 (9895: 7799 7856 7848) (744.559 s)
>> 1716 (21415: 7327 7326 17680) (742.078 s)
>> 1716 (25937: 8667 8617 8582) (742.339 s)
>> 1709 (11121: 7998 8032 7944) (739.99 s)
>> 1709 (22396: 7229 28216 7218) (739.933 s)
>> 1698 (13787: 7778 7797 7776) (730.001 s)
>> 1697 (27286: 8896 9302 9274) (736.416 s)
>> 1696 (17390: 8102 8090 8076) (735.367 s)
>> 1686 (22647: 7899 13004 7883) (734.571 s)
>> 1678 (10812: 8858 9220 8904) (732.761 s)
>> 1673 (10173: 8171 8185 8222) (732.223 s)
>> 1662 (11481: 8708 8728 8630) (731.437 s)
>> 1662 (25418: 8341 8231 8491) (727.323 s)
>> 1656 (17443: 8761 8693 8662) (725.967 s)
>> 1713 (24160: 8538 8761 8570) (723.851 s)
>> 1648 (6783: 9493 9521 9498) (724.975 s)
>> 1645 (21845: 7356 7349 7348) (721.988 s)
>> 1640 (4797: 7721 7761 7731) (722.327 s)
>> 1632 (12576: 7287 7300 7260) (720.747 s)
>> 1628 (894: 7277 7271 7255) (720.914 s)
>> 1628 (21784: 7609 7622 7593) (716.938 s)
>> 1622 (661: 27452 8963 8858) (715.614 s)
>> 1614 (14984: 9223 9226 9168) (715.158 s)
>> 1606 (5485: 7418 24235 7417) (714.012 s)
>> 1602 (18171: 7395 7413 7361) (715.5 s)
>> 1601 (10703: 25490 9153 9124) (713.987 s)
>> 1592 (22355: 7110 7118 7058) (714.141 s)
>> 1589 (237: 15004 9068 9019) (712.147 s)
>> 1579 (5665: 7334 7352 7342) (710.296 s)
>> 1571 (19001: 25941 8646 8620) (712.27 s)
>> 1905 (8579: 8567 25941 8578) (708.394 s)
>> 1570 (9913: 8333 8334 8545) (708.226 s)
>> 1566 (23851: 7842 7872 7871) (706.054 s)
>> 1561 (21323: 7964 7873 7803) (705.788 s)
>> 1554 (22380: 8889 8819 8779) (704.907 s)
>> 1552 (10260: 8125 8053 8149) (702.507 s)
>> 1550 (1397: 9152 9157 9106) (701.039 s)
>> 1541 (19390: 9320 9328 9305) (697.079 s)
>> 1537 (3782: 8766 8778 8719) (698.835 s)
>> 1536 (21079: 7261 7265 7259) (697.112 s)
>> 1532 (10020: 9161 9216 9212) (696.857 s)
>> 1530 (19356: 9385 9393 9337) (694.581 s)
>> 1525 (3402: 8933 8913 8867) (692.191 s)
>> 1524 (14990: 7799 7930 7857) (692.677 s)
>> 1521 (13595: 9137 9223 9144) (689.722 s)
>> 1521 (19649: 9271 9265 9258) (689.696 s)
>> 1520 (19660: 8223 19658 8192) (686.598 s)
>> 1519 (15845: 9066 9028 9032) (686.236 s)
>> 1518 (25074: 7911 7939 7919) (686.239 s)
>> 1517 (637: 9062 9102 9090) (684.354 s)
>> 1509 (11271: 7867 19418 7875) (682.729 s)
>> 1507 (2664: 2492 9259 9244) (680.756 s)
>> 1507 (15964: 9620 9621 9613) (679.013 s)
>> 1497 (1615: 8857 8929 8837) (678.327 s)
>> 1490 (2065: 9192 9429 9000) (677.708 s)
>> 1484 (14028: 8087 8224 8060) (677.733 s)
>> 1482 (4701: 7771 7812 7789) (675.308 s)
>> 1462 (27344: 9182 9166 9165) (675.216 s)
>> 1457 (4576: 7851 7828 7764) (673.674 s)
>> 1454 (25220: 7379 20185 7383) (671.558 s)
>> 1447 (16094: 3064 9056 9024) (671.96 s)
>> 1445 (22754: 7830 7820 7822) (670.356 s)
>> 1442 (8100: 8085 8102 8098) (664.218 s)
>> 1442 (24863: 7814 7802 7784) (666.742 s)
>> 2497 (4766: 7751 7814 7743) (666.26 s)
>> 1441 (25347: 8527 8555 8509) (663.684 s)
>> 1438 (14266: 7420 18432 7410) (663.951 s)
>> 1437 (15593: 7105 7097 7096) (661.2 s)
>> 1427 (19728: 8882 8953 8807) (660.67 s)
>> 1424 (3410: 8930 8811 8900) (658.33 s)
>> 1424 (18719: 8710 8768 8712) (651.217 s)
>> 1413 (15277: 9112 9137 9069) (656.766 s)
>> 1412 (21943: 7366 7375 7360) (657.313 s)
>> 1410 (21345: 7531 7542 7529) (655.511 s)
>> 1401 (18159: 7667 7668 7689) (654.029 s)
>> 1392 (16816: 9030 8860 9058) (652.771 s)
>> 1391 (14220: 8096 8225 8052) (661.161 s)
>> 1391 (22042: 7582 7620 7588) (716.705 s)
>> 1375 (378: 7728 7721 7698) (809.478 s)
>> 1373 (19523: 7116 7117 7112) (814.583 s)
>> 1365 (15771: 9722 9719 9712) (740.93 s)
>> 1363 (8438: 8526 8436 8340) (771.838 s)
>> 1361 (4228: 8087 8148 8049) (756.314 s)
>> 1361 (13838: 7390 7396 7385) (640.166 s)
>> 1349 (20033: 8804 3681 8758) (996.062 s)
>> 1348 (28280: 7068 7066 7064) (2196.32 s)
>> 1344 (5687: 7331 7337 7297) (916.403 s)
>> 1341 (12786: 7807 7840 7808) (861.858 s)
>> 1339 (27066: 9693 9696 9694) (1218.48 s)
>> 1338 (695: 3279 9003 8997) (1244.38 s)
>> 1332 (27642: 8694 11040 8715) (1022.49 s)
>> 1331 (6160: 7127 7128 7110) (752.511 s)
>> 1331 (19010: 9587 9598 9588) (794.858 s)
>> 1311 (21850: 8184 8332 8379) (1045.02 s)
>> 1311 (28136: 7345 7338 7331) (1575.48 s)
>> 1298 (19650: 7105 15155 7108) (1366.61 s)
>> 1298 (26438: 8797 8851 8840) (669.636 s)
>> 1292 (20846: 9346 9359 9329) (704.026 s)
>> 1288 (25486: 8710 8810 8773) (814.239 s)
>> 1287 (1445: 7594 7634 7531) (2044.07 s)
>> 1283 (6872: 9465 9478 9468) (1589.24 s)
>> 1277 (15265: 9224 9214 9209) (851.389 s)
>> 1274 (3545: 8839 8895 8869) (778.113 s)
>> 1269 (4570: 7867 7882 7833) (1289.1 s)
>> 1259 (6147: 7133 7136 7132) (2102.59 s)
>> 1259 (15239: 8136 8208 8135) (692.676 s)
>> 1253 (12800: 8955 8933 8931) (742.689 s)
>> 1249 (20339: 8333 8319 8253) (1042.43 s)
>> 1248 (16473: 7387 7390 7386) (2075.36 s)
>> 1241 (5298: 7561 7563 7550) (1075.28 s)
>> 1502 (15939: 7561 7552 7522) (666.822 s)
>> 1239 (16459: 9353 9365 9345) (603.876 s)
>> 1234 (3461: 8925 8901 8872) (902.299 s)
>> 1229 (3342: 8921 8974 8944) (921.208 s)
>> 1224 (18469: 7664 18472 8716) (806.146 s)
>> 1222 (6743: 9504 9512 9509) (1316.26 s)
>> 1222 (15905: 7839 7846 7819) (671.519 s)
>> 1216 (23191: 9170 9156 8857) (644.617 s)
>> 1212 (14952: 9730 9729 9726) (648.105 s)
>> 1210 (5863: 7256 7266 7257) (803.511 s)
>> 1208 (24784: 7495 7479 7477) (1757 s)
>> 1204 (27182: 9471 9473 9463) (1121.11 s)
>> 1203 (4918: 7681 7728 7691) (833.109 s)
>> 1195 (2514: 9319 9320 9314) (869.41 s)
>> 1182 (15022: 8154 8333 8074) (1467.13 s)
>> 1172 (760: 7669 7673 7652) (1083.28 s)
>> 1167 (10348: 7844 7834 7780) (862.877 s)
>> 1166 (12088: 7666 7685 7670) (783.244 s)
>> 1162 (2995: 9120 9152 9121) (643.286 s)
>> 1159 (26443: 8889 8835 8830) (563.719 s)
>> 1156 (2658: 2492 9262 9252) (617.795 s)
>> 1154 (18523: 8141 8134 8109) (661.018 s)
>> 1147 (12178: 8184 8299 8383) (662.698 s)
>> 1146 (11435: 7921 7933 7969) (658.949 s)
>> 1146 (22311: 7625 8827 7605) (666.776 s)
>> 1139 (12225: 7806 7810 7765) (655.368 s)
>> 1133 (24684: 8132 8244 8027) (488.93 s)
>> 1131 (22100: 7521 7525 7491) (513.356 s)
>> 1129 (28057: 7515 7532 7498) (509.581 s)
>> 1123 (10985: 8213 8245 8173) (499.043 s)
>> 1121 (19301: 9543 9527 9545) (605.677 s)
>> 1117 (14539: 7684 7706 7641) (654.994 s)
>> 1112 (5468: 7418 7424 7422) (655.177 s)
>> 1108 (14842: 8849 8799 8713) (646.625 s)
>> 1107 (8067: 8047 8110 8063) (651.14 s)
>> 1105 (3021: 9100 9101 9096) (654.751 s)
>> 1105 (20280: 8865 8876 8806) (622.86 s)
>> 1099 (5029: 7666 7656 7647) (804.756 s)
>> 1093 (11779: 8366 8362 8355) (793.154 s)
>> 1093 (20687: 8377 8184 8281) (1810.24 s)
>> 1087 (26690: 7806 7874 7855) (1882.97 s)
>> 1080 (15854: 7826 7865 7799) (795.205 s)
>> 1075 (25614: 7895 7903 7964) (788.485 s)
>> 1069 (14588: 9185 9191 9182) (791.034 s)
>> 1064 (5129: 7611 7601 7595) (2152.93 s)
>> 1061 (6058: 25839 7185 7138) (668.313 s)
>> 1049 (10901: 9389 9388 9370) (614.178 s)
>> 1045 (21724: 8298 8341 8313) (531.23 s)
>> 1041 (3815: 8780 8757 8752) (532.935 s)
>> 1041 (18379: 8517 8154 8495) (643.051 s)
>> 1031 (23051: 8087 8039 8013) (2651.37 s)
>> 1021 (9789: 9128 9097 9053) (531.071 s)
>> 1326 (14185: 9080 9163 9128) (616.977 s)
>> 1093 (10598: 9073 8994 9080) (628.474 s)
>> 1014 (11066: 8015 7965 8043) (696.27 s)
>> 1010 (24507: 8932 8948 8903) (2075.6 s)
>> 1010 (25330: 3617 8783 8710) (1255.57 s)
>> 1009 (354: 7754 7772 7742) (609.749 s)
>> 1009 (6911: 9460 9458 9456) (691.116 s)
>> 999 (8664: 8610 8627 8663) (516.593 s)
>> 999 (19871: 7725 7756 7734) (655.506 s)
>> 996 (5999: 7205 7208 7207) (655.939 s)
>> 986 (3130: 9043 9062 9022) (2336.22 s)
>> 984 (28256: 7130 7134 7133) (596.897 s)
>> 981 (12316: 9039 9063 9026) (538.251 s)
>> 980 (24055: 9416 9407 9395) (523.378 s)
>> 1034 (7043: 9416 9403 9389) (810.137 s)
>> 977 (5410: 7454 7447 7418) (646.33 s)
>> 973 (3971: 8568 8681 8614) (649.091 s)
>> 971 (27603: 8644 8797 27613) (1475.44 s)
>> 964 (2537: 9306 9316 9295) (728.19 s)
>> 963 (24265: 7230 7242 7231) (680 s)
>> 958 (19937: 7868 7913 7900) (699.626 s)
>> 1057 (13929: 7953 7947 7868) (1144.17 s)
>> 955 (2907: 9147 9146 9138) (2105.28 s)
>> 945 (6248: 7074 7073 7072) (716.225 s)
>> 943 (12023: 8136 8112 8133) (548.161 s)
>> 943 (13670: 19856 9046 8971) (570.977 s)
>> 942 (28010: 7635 7669 7613) (553.972 s)
>> 939 (23929: 8889 8861 8834) (745.081 s)
>> 934 (18999: 7187 7202 7186) (1120.88 s)
>> 934 (20674: 8050 8024 8141) (1614.53 s)
>> 928 (1160: 9405 9418 9404) (504.838 s)
>> 925 (27399: 9074 9095 9067) (562.868 s)
>> 921 (20075: 7798 7843 7835) (512.235 s)
>> 917 (4523: 7809 7852 7842) (519.633 s)
>> 917 (6530: 9610 9620 9608) (915.178 s)
>> 915 (5208: 7573 7597 7580) (2465.54 s)
>> 914 (28174: 7283 7301 7288) (507.285 s)
>> 909 (22547: 8714 8522 8661) (564.047 s)
>> 909 (24938: 7713 7723 7687) (554.743 s)
>> 908 (24520: 7564 7492 7488) (664.021 s)
>> 901 (11755: 8647 8601 8396) (1404.44 s)
>> 899 (23661: 8926 26414 8950) (603.36 s)
>> 898 (24122: 9658 9672 9606) (670.983 s)
>> 897 (18811: 7115 7116 7105) (478.738 s)
>> 889 (8751: 8770 8748 8722) (581.899 s)
>> 888 (16694: 8042 8046 8085) (576.772 s)
>> 883 (6514: 9614 9618 9615) (536.876 s)
>> 883 (11182: 11183 7515 7501) (1103.06 s)
>> 879 (16252: 22867 9497 9470) (2030.35 s)
>> 877 (11170: 9021 8993 9072) (802.973 s)
>> 1002 (3070: 9021 9076 9074) (477.897 s)
>> 877 (23404: 9369 9331 9376) (534.033 s)
>> 874 (25785: 7612 7630 7621) (554.731 s)
>> 870 (27135: 9528 9586 9533) (865.119 s)
>> 868 (7955: 7960 7950 7954) (927.517 s)
>> 865 (9995: 7681 7806 7745) (1113 s)
>> 864 (4693: 7681 7774 7746) (715.433 s)
>> 860 (6758: 9505 9511 9501) (507.61 s)
>> 848 (24973: 8822 8874 8849) (512.83 s)
>> 844 (21625: 7744 7779 7719) (503.571 s)
>> 838 (13001: 7633 7666 7609) (578.304 s)
>> 838 (16272: 8532 8588 8398) (1982.4 s)
>> 836 (2476: 9324 9323 9318) (1606.55 s)
>> 834 (24177: 7065 7067 7062) (772.474 s)
>> 825 (2166: 7923 7918 7809) (707.909 s)
>> 824 (6720: 9517 9526 9493) (1094.66 s)
>> 808 (16418: 8972 9073 8782) (2345.56 s)
>> 806 (7890: 7867 7893 7888) (545.377 s)
>> 804 (28153: 7310 7345 7319) (650.672 s)
>> 799 (17827: 9581 27104 9543) (647.283 s)
>> 795 (24682: 7987 8132 7973) (900.773 s)
>> 794 (19553: 9023 3279 9057) (2196.92 s)
>> 793 (16810: 7962 7995 7963) (678.951 s)
>> 792 (18303: 9311 9327 9306) (690.193 s)
>> 791 (6386: 9700 9703 9693) (645.127 s)
>> 790 (28226: 7205 7206 7203) (930.203 s)
>> 789 (13720: 9131 9136 9133) (1454.52 s)
>> 786 (22426: 7487 7483 7481) (1505.89 s)
>> 785 (28073: 14849 7454 7443) (640.299 s)
>> 784 (2294: 8041 8304 8017) (687.46 s)
>> 774 (25359: 9307 16043 9292) (574.648 s)
>> 768 (16108: 9017 9015 8976) (1220.92 s)
>> 765 (27979: 7663 7681 7657) (2115.29 s)
>> 763 (16934: 7864 7744 7867) (565.792 s)
>> 756 (14299: 8595 8546 8539) (686.414 s)
>> 749 (24093: 7971 8137 8007) (634.906 s)
>> 748 (14424: 9021 9002 8961) (829.977 s)
>> 739 (25444: 7792 7826 7778) (1913.87 s)
>> 726 (24080: 7793 7895 7851) (836.931 s)
>> 719 (750: 8966 8940 8928) (671.249 s)
>> 718 (15952: 9353 9364 9326) (630.907 s)
>> 715 (27692: 8563 8544 8553) (596.482 s)
>> 705 (14248: 7690 7727 7697) (1703.36 s)
>> 705 (25199: 25200 7119 7123) (1371.94 s)
>> 704 (2902: 9150 9161 9044) (643.746 s)
>> 698 (12059: 7972 7959 8205) (658.189 s)
>> 685 (20263: 8726 8765 8708) (628.774 s)
>> 682 (15790: 8889 8907 8883) (1632.14 s)
>> 681 (12635: 9304 9315 9300) (1509.58 s)
>> 681 (16943: 8850 8839 8813) (547.972 s)
>> 679 (16345: 18791 7256 7252) (496.837 s)
>> 676 (3199: 3186 9016 9010) (497.612 s)
>> 676 (21953: 2492 9255 9236) (454.387 s)
>> 672 (18141: 18142 8366 8286) (1660.95 s)
>> 670 (15177: 8574 8558 8563) (1672.04 s)
>> 666 (23542: 7662 7844 7690) (428.653 s)
>> 659 (27644: 8706 8738 8737) (443.832 s)
>> 658 (2079: 7640 7627 7591) (476.872 s)
>> 657 (17177: 8965 25723 8988) (517.952 s)
>> 657 (26679: 7807 7923 7818) (1024.77 s)
>> 653 (26169: 9290 9293 9288) (1436.04 s)
>> 651 (2909: 9155 9145 9131) (537.099 s)
>> 651 (6495: 9622 9627 9610) (539.842 s)
>> 639 (11149: 8324 8513 8087) (391.191 s)
>> 1449 (21443: 8426 8714 8324) (485.994 s)
>> 636 (19262: 8014 8050 7961) (494.669 s)
>> 627 (4167: 8127 25184 27791) (467.627 s)
>> 627 (5207: 7583 11359 7607) (614.126 s)
>> 625 (4338: 7987 7941 7916) (1613.23 s)
>> 617 (4238: 8106 8113 8040) (1680.72 s)
>> 617 (25417: 7707 7724 7568) (421.538 s)
>> 603 (21962: 7847 7886 7829) (423.259 s)
>> 601 (3041: 9087 19856 9078) (414.877 s)
>> 600 (5337: 7508 16137 7594) (447.246 s)
>> 599 (12235: 7693 7733 7701) (628.11 s)
>> 597 (3686: 8766 8815 8808) (1108.84 s)
>> 597 (13033: 9158 9183 9134) (1353.88 s)
>> 596 (2402: 9371 9409 9346) (909.1 s)
>> 593 (10994: 9700 9691 9675) (497.215 s)
>> 593 (11126: 8199 8356 8155) (412.017 s)
>> 592 (13070: 8951 9017 8932) (401.614 s)
>> 587 (22079: 9603 22879 9674) (429.127 s)
>> 586 (2322: 8787 8850 8786) (1686.4 s)
>> 586 (3590: 8853 8833 8766) (976.946 s)
>> 585 (13575: 4473 7901 7864) (824.775 s)
>> 584 (11621: 9352 9375 9319) (542.83 s)
>> 582 (6924: 9460 9461 9457) (447.434 s)
>> 581 (21742: 2807 9201 9150) (454.132 s)
>> 580 (16233: 8820 26470 8832) (467.617 s)
>> 580 (27320: 9228 2807 2492) (980.271 s)
>> 578 (17077: 8532 8644 8556) (531.188 s)
>> 571 (5831: 7270 18791 7261) (819.544 s)
>> 570 (17233: 9224 9198 9185) (542.36 s)
>> 569 (6548: 9604 171 9581) (745.458 s)
>> 569 (15464: 7357 7379 7310) (614.123 s)
>> 564 (4776: 7741 7755 7725) (639.611 s)
>> 564 (27748: 7971 8295 8171) (569.107 s)
>> 559 (407: 8798 8965 8684) (832.345 s)
>> 559 (26684: 7850 7825 7662) (2498.84 s)
>> 554 (6834: 9488 9490 9482) (360.056 s)
>> 552 (5555: 7384 7389 7258) (438.764 s)
>> 552 (24259: 8812 8868 8972) (430.16 s)
>> 548 (26074: 9484 9487 9431) (426.552 s)
>> 544 (15250: 8838 8822 8805) (406.858 s)
>> 544 (26380: 8951 8917 8885) (748.127 s)
>> 544 (27272: 9277 9484 9283) (825.931 s)
>> 543 (23272: 9215 9206 9170) (1565.83 s)
>> 538 (26085: 9467 13041 9469) (370.351 s)
>> 538 (27770: 8107 8587 8061) (436.776 s)
>> 595 (25607: 8073 8127 8107) (436.541 s)
>> 534 (15057: 7074 7071 7070) (422.699 s)
>> 530 (20103: 8667 13454 8671) (478.532 s)
>> 528 (27430: 9052 9039 9018) (956.578 s)
>> 526 (8675: 8538 8685 8672) (1418.64 s)
>> 523 (16376: 15154 9396 9390) (1048.61 s)
>> 517 (12924: 7329 7330 7318) (356.825 s)
>> 517 (26018: 9591 9590 9587) (426.812 s)
>> 516 (27296: 2721 9228 9177) (409.255 s)
>> 510 (26664: 7896 7866 7847) (421.07 s)
>> 507 (18031: 9324 9311 9280) (369.258 s)
>> 507 (26440: 8831 8853 8800) (519.059 s)
>> 497 (3515: 8908 8925 8879) (632.261 s)
>> 497 (27335: 9186 9224 9184) (741.821 s)
>> 496 (18770: 7816 7811 7805) (983.87 s)
>> 501 (18079: 7785 7816 7726) (698.858 s)
>> 540 (13814: 7738 7785 7715) (461.522 s)
>> 492 (21120: 9701 9709 9698) (426.708 s)
>> 485 (4677: 7800 7781 7771) (414.142 s)
>> 485 (11800: 7911 7972 7946) (401.058 s)
>> 484 (14304: 7839 7862 7849) (338.179 s)
>> 483 (9875: 8377 8432 8595) (555.447 s)
>> 482 (6222: 7111 7085 7083) (1221.57 s)
>> 481 (25009: 7663 7948 7858) (1586.05 s)
>> 480 (15458: 7308 5702 7287) (524.041 s)
>> 477 (14806: 7517 7520 7543) (580.961 s)
>> 475 (21065: 12297 7751 7738) (557.811 s)
>> 471 (6412: 9688 9690 9684) (395.871 s)
>> 470 (19697: 8610 8667 8567) (571.203 s)
>> 466 (4435: 7894 7905 7881) (816.618 s)
>> 465 (12465: 9021 9041 9050) (1412.98 s)
>> 465 (27500: 8906 9030 8966) (800.241 s)
>> 464 (4250: 8054 8056 7987) (561.911 s)
>> 461 (22736: 8577 21755 8568) (588.251 s)
>> 460 (26313: 9055 9071 9060) (591.031 s)
>> 459 (15287: 9406 9412 9408) (741.582 s)
>> 454 (23041: 8217 8298 8106) (2547.65 s)
>> 453 (14196: 8690 8838 8616) (586.031 s)
>> 448 (6745: 9517 9508 9500) (372.839 s)
>> 446 (22865: 7943 7645 7636) (356.73 s)
>> 440 (3097: 9043 9123 9059) (381.746 s)
>> 438 (21092: 7561 7553 7538) (377.725 s)
>> 1172 (12562: 7573 7575 7561) (348.935 s)
>> 433 (3656: 8826 3603 8865) (626.958 s)
>> 425 (27681: 8577 8517 8538) (1452.55 s)
>> 423 (9859: 8014 8178 8199) (1196.07 s)
>> 414 (4272: 8000 8016 8011) (405.663 s)
>> 413 (1906: 7640 7775 7720) (393.934 s)
>> 409 (24270: 1773 25909 7268) (401.16 s)
>> 406 (5896: 14831 7246 7234) (393.654 s)
>> 394 (19287: 9049 9021 9025) (428.082 s)
>> 394 (27952: 7694 7716 7633) (760.894 s)
>> 392 (11381: 8348 8330 8250) (2079.39 s)
>> 390 (21435: 7869 8054 7831) (724.99 s)
>> 389 (24383: 8026 8426 7988) (372.39 s)
>> 383 (2949: 9130 9155 9129) (378.254 s)
>> 383 (26417: 8875 2721 8855) (384.384 s)
>> 382 (14916: 8906 9066 8798) (390.416 s)
>> 381 (3350: 8943 8951 8910) (376.436 s)
>> 380 (18848: 7487 7692 7557) (906.897 s)
>> 377 (26143: 9335 2434 9352) (3000.14 s)
>> 376 (2618: 9279 9304 9271) (298.754 s)
>> 376 (22315: 9287 9297 9296) (363.718 s)
>> 371 (26717: 7777 7850 7783) (361.483 s)
>> 370 (21858: 7911 7932 7928) (358.356 s)
>> 359 (16248: 8096 8026 8038) (352.358 s)
>> 358 (20020: 11183 7494 7490) (337.465 s)
>> 357 (12833: 9495 9517 9504) (418.503 s)
>> 357 (18970: 7571 7573 7558) (1179.09 s)
>> 352 (21325: 7545 7517 7549) (1696.57 s)
>> 350 (3081: 9035 9065 9007) (331.687 s)
>> 349 (14284: 8654 8682 8695) (491.458 s)
>> 349 (18908: 8277 8314 8014) (547.309 s)
>> 346 (21997: 8959 25655 8943) (481.301 s)
>> 647 (19072: 8959 9027 9006) (581.296 s)
>> 342 (5648: 7347 7350 7341) (1025.66 s)
>> 341 (28034: 7578 7570 7508) (863.509 s)
>> 334 (25198: 7122 25200 7121) (1013.82 s)
>> 330 (3832: 8780 8731 8647) (398.542 s)
>> 750 (8700: 8707 8780 8697) (513.397 s)
>> 329 (21931: 9637 19299 9617) (469.693 s)
>> 319 (22694: 7578 7548 7518) (395.383 s)
>> 315 (10623: 9353 9335 9322) (466.72 s)
>> 314 (13938: 8992 9031 9014) (673.231 s)
>> 314 (26289: 9079 9105 9075) (1618.66 s)
>> 311 (27312: 9112 9205 8896) (675.623 s)
>> 310 (27455: 8955 3186 3137) (432.602 s)
>> 297 (17848: 9158 9167 9171) (458.979 s)
>> 294 (9929: 7585 7365 7327) (488.111 s)
>> 292 (28198: 25847 7270 7247) (434.893 s)
>> 290 (5947: 7224 7230 7221) (664.904 s)
>> 277 (13125: 9158 9160 9130) (1920.27 s)
>> 277 (19998: 8889 8812 8711) (816.803 s)
>> 273 (23614: 7748 7713 7752) (498.763 s)
>> 268 (21333: 8217 8423 8361) (481.215 s)
>> 262 (1288: 7092 7111 7098) (456.438 s)
>> 259 (6892: 9466 22867 9471) (615.565 s)
>> 244 (19579: 9267 9282 9112) (1392.84 s)
>> 235 (9948: 7092 7115 7095) (1381.57 s)
>> 232 (23356: 25490 10513 9142) (300.297 s)
>> 219 (3483: 8888 8920 8829) (337.539 s)
>> 214 (12192: 9673 9724 9700) (351.927 s)
>> 214 (12659: 7295 25847 7585) (356.269 s)
>> 206 (17218: 8344 7971 8263) (338.84 s)
>> 1028 (8338: 8344 8377 8335) (391.929 s)
>> 204 (22591: 7624 7582 7571) (819.193 s)
>> 197 (20880: 8277 8086 8045) (1469.09 s)
>> 196 (2388: 9386 9425 9353) (674.398 s)
>> 193 (11226: 7841 7821 7899) (313.857 s)
>> 193 (19037: 8344 8342 8347) (322.061 s)
>> 191 (27682: 8523 8552 8441) (298.561 s)
>> 185 (16655: 27452 8871 8789) (459.729 s)
>> 182 (3770: 8771 8770 8787) (486.558 s)
>> 173 (3051: 9085 9120 9023) (1027.86 s)
>> 171 (6465: 9634 9638 9637) (2180.41 s)
>> 155 (10056: 5358 7564 7497) (541.308 s)
>> 153 (27529: 8946 8902 8891) (522.371 s)
>> 147 (12895: 8062 7906 7807) (498.081 s)
>> 146 (5699: 7357 7325 7308) (447.698 s)
>> 146 (6047: 7189 7188 7187) (618.635 s)
>> 146 (25896: 25295 24184 7209) (1519.92 s)
>> 144 (27873: 7827 7898 7777) (1425.92 s)
>> 134 (18388: 7688 7694 7675) (231.947 s)
>> 132 (10310: 7521 7493 7485) (287.599 s)
>> 132 (16632: 9439 24751 9467) (287.501 s)
>> 126 (27456: 8957 8980 8954) (432.674 s)
>> 123 (6848: 9477 9480 9466) (428.097 s)
>> 122 (15192: 7631 7684 7583) (624.697 s)
>> 103 (3007: 9107 9100 9043) (1398.78 s)
>> 99 (21899: 5358 7598 7574) (1373.81 s)
>> 84 (5637: 7351 7384 7344) (268.233 s)
>> 78 (23467: 7124 17776 7092) (324.716 s)
>> 63 (3775: 8820 8771 8706) (324.167 s)
>> 62 (20650: 9087 9195 9070) (318.374 s)
>> 54 (6546: 9605 9622 9602) (320.318 s)
>> 51 (5739: 7307 7329 7283) (373.034 s)
>> 41 (2542: 9287 9386 9298) (706.672 s)
>> 37 (26202: 9254 9267 9245) (2250.87 s)
>> 35 (14215: 8193 8140 8096) (347.747 s)
>> 28 (4324: 7952 7953 7949) (440.828 s)
>> 25 (5880: 7251 14831 7249) (456.096 s)
>> 15 (4803: 12297 7730 7718) (425.546 s)
>> 12 (21843: 8574 8344 8357) (465.112 s)
>> 7 (4008: 8732 3617 8523) (1151.08 s)
>> 4 (6600: 9585 9591 9553) (1695.05 s)
>> 0 (-1: -1 -1 -1) (266.058 s)
Zelikovsky- 727595 s
>>> get_solution
  refine_solution: new weight 627712562 (was 627747055) in 0.024682 s
  refine_solution: new weight 627711428 (was 627712562) in 0.025363 s
  refine_solution: new weight 627711050 (was 627711428) in 0.02579 s
  refine_solution: new weight 627711050 (was 627711050) in 0.025011 s
>>> get_solution
  refine_solution: new weight 628716189 (was 629082089) in 0.025175 s
  refine_solution: new weight 628660161 (was 628716189) in 0.026101 s
  refine_solution: new weight 628659783 (was 628660161) in 0.025695 s
  refine_solution: new weight 628659783 (was 628659783) in 0.025545 s
0,,28289,42301,2231,,0,0,,629082089,628659783,627967451,627747055,627711050,,0,0,@@

  delete_edges: deleted 165 edges in 0.013214 s and 2 rounds
  handle_small_Steiner_degrees: steiner 2, suppress 274 in 0.000281 s
Starting round 1
contract_till_the_bitter_end interrupted
contract_till_the_bitter_end: 759336 s

Calling end_heu
>>> get_solution
Saved weight 435069022
end_heu: 0 loops with 0 unique solutions in 0.005739 s

Calling print_solution
>>> get_solution
  refine_solution: new weight 628722439 (was 629082089) in 0.046375 s
Oops orig weight was 629082089 but we got 628722439
## FINAL WEIGHT 628722439
print_solution: 0.086948 s
