Version: final-94-gfffc3aa rub_all.sh: remove longest prefix
Random seed: 1558071427
Start
>>> save_orig_graph
>> Saved weight 0
Graph loaded
|V| = 321, |E| = 640, |R| = 80
First clearance of the input. Calling buy_zero and run_all_heuristics.
  buy_zero: 0 zero edges in 2e-06 s
  handle_small_terminal_degrees: terms 4 in 1.6e-05 s
  handle_small_Steiner_degrees: steiner 18, suppress 34 in 3.1e-05 s
  shortest_edge_between_terminals: 1 edges in 8e-06 s
  handle_small_terminal_degrees: terms 1 in 6e-06 s
  handle_small_Steiner_degrees: steiner 0, suppress 1 in 2e-06 s
  shortest_edge_between_terminals: 2 edges in 1.3e-05 s
  handle_small_terminal_degrees: terms 0 in 0 s
  handle_small_Steiner_degrees: steiner 0, suppress 0 in 1e-06 s
  shortest_edge_between_terminals: 0 edges in 3e-06 s
Compressed graph 321 -> 259
  delete_edges: deleted 1 edges in 0.000112 s and 1 rounds
  handle_small_terminal_degrees: terms 0 in 0 s
  handle_small_Steiner_degrees: steiner 0, suppress 0 in 1e-06 s
  shortest_edge_between_terminals: 0 edges in 3e-06 s
Compressed graph 259 -> 259
  delete_edges_shortest_path: deleted 0 edges in 0.00292 s
  handle_small_terminal_degrees: terms 0 in 0 s
  handle_small_Steiner_degrees: steiner 0, suppress 0 in 1e-06 s
  shortest_edge_between_terminals: 0 edges in 3e-06 s
Compressed graph 259 -> 259
  handle_small_terminal_degrees: terms 0 in 0 s
  handle_small_Steiner_degrees: steiner 0, suppress 0 in 1e-06 s
  shortest_edge_between_terminals: 3 edges in 1.4e-05 s
  handle_small_terminal_degrees: terms 0 in 0 s
  handle_small_Steiner_degrees: steiner 0, suppress 0 in 1e-06 s
  shortest_edge_between_terminals: 0 edges in 2e-06 s
Compressed graph 259 -> 254
  delete_edges_shortest_path: deleted 1 edges in 0.001979 s
  handle_small_terminal_degrees: terms 0 in 0 s
  handle_small_Steiner_degrees: steiner 0, suppress 0 in 1e-06 s
  shortest_edge_between_terminals: 0 edges in 2e-06 s
Compressed graph 254 -> 254
Compressed graph 254 -> 254
>>> save_orig_graph
>> Saved weight 2587
### ZEL_LVL=9 PRECISE_STARS=1

Calling `contract_till_the_bitter_end`
|V| = 254, |E| = 572, |R| = 73
>> 186 (75: 6 10 6) (0.002624 s)
>> 174 (246: 9 32 9) (0.002468 s)
>> 173 (202: 28 57 28) (0.002377 s)
>> 186 (183: 37 46 37) (0.002272 s)
>> 168 (100: 22 33 22) (0.002331 s)
>> 185 (114: 30 34 30) (0.002273 s)
>> 179 (98: 49 53 49) (0.002187 s)
>> 115 (214: 12 19 12) (0.002094 s)
>> 105 (94: 7 11 7) (0.002098 s)
>> 103 (97: 14 48 14) (0.002097 s)
>> 113 (206: 16 68 16) (0.001997 s)
>> 114 (245: 13 17 13) (0.001966 s)
>> 190 (182: 2 18 2) (0.00192 s)
>> 182 (126: 41 62 41) (0.001862 s)
>> 181 (111: 47 63 47) (0.00176 s)
>> 101 (176: 38 44 38) (0.001743 s)
>> 109 (243: 1 3 1) (0.001684 s)
>> 99 (131: 26 52 26) (0.001649 s)
>> 102 (93: 45 64 45) (0.001602 s)
>> 94 (90: 23 43 23) (0.001546 s)
>> 92 (185: 29 59 29) (0.001507 s)
>> 87 (121: 25 27 25) (0.001468 s)
>> 85 (253: 50 66 50) (0.001428 s)
>> 1 (242: 8 65 8) (0.001406 s)
>> 0 (-1: -1 -1 -1) (0.001335 s)
Zelikovsky 0.073225 s
>> 186 (75: 10 39 6) (0.015485 s)
>> 188 (222: 10 64 9) (0.015 s)
>> 166 (100: 33 56 22) (0.014573 s)
>> 105 (214: 19 12 10) (0.014276 s)
>> 99 (161: 32 210 41) (0.014643 s)
>> 97 (93: 19 68 32) (0.024543 s)
>> 95 (243: 3 57 51) (0.015047 s)
>> 94 (110: 48 70 7) (0.012492 s)
>> 89 (244: 19 37 17) (0.01224 s)
>> 74 (132: 19 62 34) (0.011806 s)
>> 84 (131: 19 58 52) (0.011509 s)
>> 18 (111: 47 63 19) (0.011101 s)
>> 15 (149: 47 49 40) (0.01073 s)
>> 89 (127: 47 30 21) (0.010441 s)
>> 83 (121: 47 27 25) (0.010105 s)
>> 10 (94: 31 48 11) (0.009866 s)
>> 9 (188: 31 23 3) (0.009595 s)
>> 11 (97: 31 59 14) (0.009464 s)
>> 6 (252: 53 24 5) (0.009266 s)
>> 2 (195: 47 71 46) (0.009048 s)
>> 0 (-1: -1 -1 -1) (0.008816 s)
Zelikovsky- 0.261168 s
>>> get_solution
  refine_solution: new weight 22149 (was 22152) in 0.000187 s
  refine_solution: new weight 22149 (was 22149) in 0.000181 s
>>> get_solution
  refine_solution: new weight 23511 (was 23857) in 0.000177 s
  refine_solution: new weight 23508 (was 23511) in 0.000179 s
  refine_solution: new weight 23508 (was 23508) in 0.000171 s
0,,254,572,73,,0,0,,23857,23508,22989,22152,22149,,0,0,@@

  delete_edges: deleted 0 edges in 5.5e-05 s and 1 rounds
  handle_small_Steiner_degrees: steiner 0, suppress 0 in 0 s
Starting round 1
Found 0 isolated vertices
Invalid ratios recomputed: 254
Best ratio is 189/1 (189.0), centered at 48
Finding the best star... Star with 2 terminals centered in 210
round took: 0.007156 s
|V| = 254, |E| = 571, |R| = 72
>> 186 (75: 6 10 6) (0.002543 s)
>> 174 (246: 9 32 9) (0.00244 s)
>> 173 (202: 28 57 28) (0.002378 s)
>> 186 (183: 37 46 37) (0.002226 s)
>> 168 (100: 22 33 22) (0.002244 s)
>> 185 (114: 30 34 30) (0.002139 s)
>> 179 (98: 49 53 49) (0.002125 s)
>> 115 (214: 12 19 12) (0.002038 s)
>> 105 (94: 7 11 7) (0.001992 s)
>> 103 (97: 14 66 14) (0.002008 s)
>> 101 (89: 52 62 52) (0.001934 s)
>> 100 (93: 64 68 64) (0.001876 s)
>> 107 (206: 16 17 16) (0.001737 s)
>> 104 (138: 2 70 2) (0.001747 s)
>> 91 (188: 3 23 3) (0.001725 s)
>> 91 (246: 63 65 63) (0.001679 s)
>> 90 (90: 15 43 15) (0.001622 s)
>> 96 (176: 38 44 38) (0.001588 s)
>> 87 (213: 8 55 8) (0.001505 s)
>> 85 (236: 1 5 1) (0.001554 s)
>> 30 (156: 31 50 31) (0.001479 s)
>> 10 (220: 21 59 21) (0.001433 s)
>> 7 (157: 29 40 29) (0.001424 s)
>> 6 (211: 39 51 39) (0.001384 s)
>> 5 (121: 25 27 25) (0.001338 s)
>> 0 (-1: -1 -1 -1) (0.001301 s)
Zelikovsky 0.069377 s
>> 186 (75: 10 39 6) (0.015126 s)
>> 188 (222: 10 64 9) (0.014706 s)
>> 166 (100: 33 56 22) (0.014237 s)
>> 105 (214: 19 12 10) (0.01392 s)
>> 99 (161: 32 210 41) (0.013478 s)
>> 97 (93: 19 68 32) (0.0131 s)
>> 95 (243: 3 57 51) (0.012547 s)
>> 94 (110: 19 70 7) (0.01221 s)
>> 89 (244: 19 37 17) (0.011876 s)
>> 74 (132: 19 62 34) (0.011524 s)
>> 84 (131: 19 58 52) (0.011168 s)
>> 18 (111: 47 63 19) (0.010808 s)
>> 15 (149: 47 49 40) (0.010419 s)
>> 89 (127: 47 30 21) (0.01016 s)
>> 83 (121: 47 27 25) (0.009841 s)
>> 10 (94: 31 47 11) (0.009612 s)
>> 9 (188: 31 23 3) (0.009326 s)
>> 11 (97: 31 59 14) (0.009138 s)
>> 6 (252: 53 24 5) (0.008981 s)
>> 2 (195: 31 71 46) (0.00874 s)
>> 0 (-1: -1 -1 -1) (0.008551 s)
Zelikovsky- 0.240435 s
>>> get_solution
  refine_solution: new weight 22149 (was 22152) in 0.000187 s
  refine_solution: new weight 22149 (was 22149) in 0.000177 s
>>> get_solution
  refine_solution: new weight 23511 (was 23857) in 0.000177 s
  refine_solution: new weight 23508 (was 23511) in 0.000179 s
  refine_solution: new weight 23508 (was 23508) in 0.000172 s
1,,254,571,72,,254,0,,23857,23508,22896,22152,22149,,189,2,@@

  handle_small_Steiner_degrees: steiner 0, suppress 0 in 1e-06 s
Starting round 2
Found 1 isolated vertices
Invalid ratios recomputed: 247
Best ratio is 196/1 (196.0), centered at 2
Finding the best star... Star with 2 terminals centered in 53
round took: 0.006997 s
|V| = 254, |E| = 569, |R| = 71
>> 186 (75: 6 10 6) (0.002461 s)
>> 174 (246: 9 32 9) (0.002354 s)
>> 173 (202: 28 57 28) (0.002285 s)
>> 186 (183: 37 46 37) (0.002124 s)
>> 168 (100: 22 33 22) (0.002159 s)
>> 185 (114: 30 34 30) (0.002147 s)
>> 179 (98: 49 53 49) (0.002054 s)
>> 115 (214: 12 19 12) (0.001954 s)
>> 105 (94: 7 11 7) (0.00195 s)
>> 103 (97: 14 66 14) (0.001945 s)
>> 101 (89: 52 62 52) (0.001856 s)
>> 100 (93: 64 68 64) (0.001809 s)
>> 107 (206: 16 17 16) (0.00171 s)
>> 91 (188: 3 23 3) (0.001694 s)
>> 90 (90: 15 43 15) (0.001662 s)
>> 96 (176: 38 44 38) (0.001625 s)
>> 87 (213: 8 55 8) (0.001575 s)
>> 85 (236: 1 5 1) (0.001565 s)
>> 83 (246: 63 65 63) (0.001531 s)
>> 30 (156: 31 50 31) (0.001491 s)
>> 10 (220: 21 59 21) (0.001426 s)
>> 7 (157: 29 40 29) (0.001442 s)
>> 6 (211: 39 51 39) (0.00138 s)
>> 5 (121: 25 27 25) (0.001333 s)
>> 0 (-1: -1 -1 -1) (0.001293 s)
Zelikovsky 0.066212 s
>> 186 (75: 10 39 6) (0.014888 s)
>> 188 (222: 10 64 9) (0.014386 s)
>> 166 (100: 33 56 22) (0.013976 s)
>> 105 (214: 19 12 10) (0.013615 s)
>> 99 (161: 32 210 41) (0.013193 s)
>> 97 (93: 19 68 32) (0.012838 s)
>> 95 (243: 3 57 51) (0.012307 s)
>> 94 (110: 19 70 7) (0.011948 s)
>> 89 (244: 19 37 17) (0.011676 s)
>> 74 (132: 19 62 34) (0.011294 s)
>> 84 (131: 19 58 52) (0.010951 s)
>> 18 (111: 47 63 19) (0.010591 s)
>> 15 (149: 47 49 40) (0.010219 s)
>> 89 (127: 47 30 21) (0.009989 s)
>> 83 (121: 47 27 25) (0.009671 s)
>> 10 (94: 31 47 11) (0.009456 s)
>> 9 (188: 31 23 3) (0.009175 s)
>> 11 (97: 31 59 14) (0.008927 s)
>> 6 (252: 53 24 5) (0.008739 s)
>> 2 (195: 31 71 46) (0.008571 s)
>> 0 (-1: -1 -1 -1) (0.008391 s)
Zelikovsky- 0.235774 s
>>> get_solution
  refine_solution: new weight 22149 (was 22152) in 0.000188 s
  refine_solution: new weight 22149 (was 22149) in 0.000177 s
>>> get_solution
  refine_solution: new weight 23511 (was 23857) in 0.000177 s
  refine_solution: new weight 23508 (was 23511) in 0.000179 s
  refine_solution: new weight 23508 (was 23508) in 0.000171 s
2,,253,569,71,,247,0,,23857,23508,22705,22152,22149,,196,2,@@

  handle_small_Steiner_degrees: steiner 0, suppress 0 in 0 s
Starting round 3
Found 2 isolated vertices
Invalid ratios recomputed: 249
Best ratio is 197/1 (197.0), centered at 42
Finding the best star... Star with 2 terminals centered in 210
round took: 0.006921 s
|V| = 254, |E| = 568, |R| = 70
>> 186 (75: 6 10 6) (0.002394 s)
>> 174 (246: 9 32 9) (0.002249 s)
>> 173 (202: 28 57 28) (0.002212 s)
>> 186 (183: 37 46 37) (0.002082 s)
>> 168 (100: 22 33 22) (0.002071 s)
>> 185 (114: 30 34 30) (0.00201 s)
>> 179 (98: 49 53 49) (0.001953 s)
>> 115 (214: 12 19 12) (0.001913 s)
>> 105 (94: 7 11 7) (0.001893 s)
>> 103 (97: 14 66 14) (0.001864 s)
>> 101 (89: 52 62 52) (0.001802 s)
>> 100 (93: 64 68 64) (0.001757 s)
>> 107 (206: 16 17 16) (0.001629 s)
>> 91 (188: 3 23 3) (0.001635 s)
>> 90 (90: 15 43 15) (0.001608 s)
>> 96 (176: 38 44 38) (0.001541 s)
>> 87 (213: 8 55 8) (0.001503 s)
>> 85 (236: 1 5 1) (0.00149 s)
>> 83 (246: 63 65 63) (0.001458 s)
>> 30 (156: 31 50 31) (0.001417 s)
>> 10 (220: 21 59 21) (0.00137 s)
>> 7 (157: 29 40 29) (0.001368 s)
>> 6 (211: 39 51 39) (0.001298 s)
>> 5 (121: 25 27 25) (0.00125 s)
>> 0 (-1: -1 -1 -1) (0.001218 s)
Zelikovsky 0.063847 s
>> 186 (75: 10 39 6) (0.014527 s)
>> 188 (222: 10 64 9) (0.014071 s)
>> 166 (100: 33 56 22) (0.013706 s)
>> 105 (214: 19 12 10) (0.01334 s)
>> 99 (161: 32 210 41) (0.012902 s)
>> 97 (93: 19 68 32) (0.01255 s)
>> 95 (243: 3 57 51) (0.01204 s)
>> 94 (110: 19 70 7) (0.011687 s)
>> 89 (244: 19 37 17) (0.011412 s)
>> 74 (132: 19 62 34) (0.011018 s)
>> 84 (131: 19 58 52) (0.010746 s)
>> 18 (111: 47 63 19) (0.010409 s)
>> 15 (149: 47 49 40) (0.010027 s)
>> 89 (127: 47 30 21) (0.009818 s)
>> 83 (121: 47 27 25) (0.009473 s)
>> 10 (94: 31 47 11) (0.009255 s)
>> 9 (188: 31 23 3) (0.008981 s)
>> 11 (97: 31 59 14) (0.008745 s)
>> 6 (252: 53 24 5) (0.008606 s)
>> 2 (195: 31 71 46) (0.008463 s)
>> 0 (-1: -1 -1 -1) (0.008234 s)
Zelikovsky- 0.230958 s
>>> get_solution
  refine_solution: new weight 22149 (was 22152) in 0.000187 s
  refine_solution: new weight 22149 (was 22149) in 0.000178 s
>>> get_solution
  refine_solution: new weight 23511 (was 23857) in 0.000187 s
  refine_solution: new weight 23508 (was 23511) in 0.000179 s
  refine_solution: new weight 23508 (was 23508) in 0.000171 s
3,,252,568,70,,249,0,,23857,23508,22705,22152,22149,,197,2,@@

  handle_small_Steiner_degrees: steiner 0, suppress 0 in 0 s
Starting round 4
Found 3 isolated vertices
Invalid ratios recomputed: 246
Best ratio is 396/2 (198.0), centered at 26
Finding the best star... Star with 3 terminals centered in 210
round took: 0.006787 s
|V| = 254, |E| = 564, |R| = 68
>> 186 (75: 6 10 6) (0.002231 s)
>> 174 (246: 9 32 9) (0.002162 s)
>> 173 (202: 28 57 28) (0.002053 s)
>> 186 (183: 37 46 37) (0.001931 s)
>> 168 (100: 22 33 22) (0.001966 s)
>> 185 (114: 30 34 30) (0.001859 s)
>> 179 (98: 49 53 49) (0.001814 s)
>> 115 (214: 12 19 12) (0.001747 s)
>> 105 (94: 7 11 7) (0.001703 s)
>> 103 (97: 14 66 14) (0.001683 s)
>> 101 (89: 52 62 52) (0.001646 s)
>> 100 (93: 64 68 64) (0.001629 s)
>> 107 (206: 16 17 16) (0.001505 s)
>> 91 (188: 3 23 3) (0.001492 s)
>> 90 (90: 15 60 15) (0.001461 s)
>> 96 (176: 38 44 38) (0.001429 s)
>> 87 (213: 8 55 8) (0.001369 s)
>> 85 (236: 1 5 1) (0.00137 s)
>> 83 (246: 63 65 63) (0.001346 s)
>> 30 (156: 31 50 31) (0.001285 s)
>> 10 (220: 21 59 21) (0.001245 s)
>> 7 (157: 29 40 29) (0.001222 s)
>> 6 (211: 39 51 39) (0.001186 s)
>> 5 (121: 25 27 25) (0.001148 s)
>> 0 (-1: -1 -1 -1) (0.001104 s)
Zelikovsky 0.059397 s
>> 186 (75: 10 39 6) (0.013991 s)
>> 188 (222: 10 64 9) (0.013544 s)
>> 166 (100: 33 56 22) (0.013184 s)
>> 105 (214: 19 12 10) (0.012771 s)
>> 99 (161: 32 210 41) (0.012389 s)
>> 97 (93: 19 68 32) (0.012012 s)
>> 95 (243: 3 57 51) (0.011551 s)
>> 94 (110: 19 70 7) (0.011238 s)
>> 89 (244: 19 37 17) (0.010948 s)
>> 74 (132: 19 62 34) (0.010615 s)
>> 84 (131: 19 58 52) (0.010292 s)
>> 18 (111: 47 63 19) (0.010042 s)
>> 15 (149: 47 49 40) (0.009671 s)
>> 89 (127: 47 30 21) (0.009447 s)
>> 83 (121: 47 27 25) (0.009158 s)
>> 10 (94: 31 47 11) (0.008967 s)
>> 9 (188: 31 23 3) (0.008706 s)
>> 11 (97: 31 59 14) (0.00849 s)
>> 6 (252: 53 24 5) (0.008308 s)
>> 2 (195: 31 71 46) (0.008141 s)
>> 0 (-1: -1 -1 -1) (0.008006 s)
Zelikovsky- 0.222425 s
>>> get_solution
  refine_solution: new weight 22149 (was 22158) in 0.000187 s
  refine_solution: new weight 22149 (was 22149) in 0.000177 s
>>> get_solution
  refine_solution: new weight 23511 (was 23857) in 0.000178 s
  refine_solution: new weight 23508 (was 23511) in 0.000178 s
  refine_solution: new weight 23508 (was 23508) in 0.000172 s
4,,251,564,68,,246,0,,23857,23508,22711,22158,22149,,396,3,@@

  handle_small_Steiner_degrees: steiner 0, suppress 0 in 1e-06 s
Starting round 5
Found 5 isolated vertices
Invalid ratios recomputed: 245
Best ratio is 200/1 (200.0), centered at 35
Finding the best star... Star with 2 terminals centered in 210
round took: 0.006624 s
|V| = 254, |E| = 563, |R| = 67
>> 186 (75: 6 10 6) (0.002148 s)
>> 174 (246: 9 32 9) (0.001996 s)
>> 173 (202: 28 57 28) (0.00195 s)
>> 186 (183: 37 46 37) (0.001821 s)
>> 168 (100: 22 33 22) (0.001869 s)
>> 185 (114: 30 34 30) (0.001793 s)
>> 179 (98: 49 53 49) (0.001737 s)
>> 115 (214: 12 19 12) (0.001663 s)
>> 105 (94: 7 11 7) (0.001697 s)
>> 103 (97: 14 66 14) (0.001622 s)
>> 101 (89: 52 62 52) (0.001606 s)
>> 100 (93: 64 68 64) (0.001553 s)
>> 107 (206: 16 17 16) (0.001421 s)
>> 91 (188: 3 23 3) (0.001419 s)
>> 90 (90: 15 60 15) (0.001387 s)
>> 96 (176: 38 44 38) (0.001358 s)
>> 87 (213: 8 55 8) (0.001305 s)
>> 85 (236: 1 5 1) (0.001281 s)
>> 83 (246: 63 65 63) (0.001254 s)
>> 30 (156: 31 50 31) (0.001218 s)
>> 10 (220: 21 59 21) (0.001175 s)
>> 7 (157: 29 40 29) (0.001147 s)
>> 6 (211: 39 51 39) (0.001123 s)
>> 5 (121: 25 27 25) (0.001079 s)
>> 0 (-1: -1 -1 -1) (0.001055 s)
Zelikovsky 0.057011 s
>> 186 (75: 10 39 6) (0.013676 s)
>> 188 (222: 10 64 9) (0.013334 s)
>> 166 (100: 33 56 22) (0.012906 s)
>> 105 (214: 19 12 10) (0.012559 s)
>> 99 (161: 32 210 41) (0.012143 s)
>> 95 (243: 3 57 51) (0.011797 s)
>> 94 (93: 19 68 32) (0.011459 s)
>> 94 (110: 19 70 7) (0.011043 s)
>> 89 (244: 19 37 17) (0.010715 s)
>> 74 (132: 19 62 34) (0.010392 s)
>> 84 (131: 19 58 52) (0.01013 s)
>> 18 (111: 47 63 19) (0.009849 s)
>> 15 (149: 47 49 40) (0.009479 s)
>> 89 (127: 47 30 21) (0.00927 s)
>> 83 (121: 47 27 25) (0.009028 s)
>> 10 (94: 31 47 11) (0.008813 s)
>> 9 (188: 31 23 3) (0.008562 s)
>> 11 (97: 31 59 14) (0.008338 s)
>> 6 (252: 53 24 5) (0.008176 s)
>> 2 (195: 31 71 46) (0.008026 s)
>> 0 (-1: -1 -1 -1) (0.007889 s)
Zelikovsky- 0.218569 s
>>> get_solution
  refine_solution: new weight 22149 (was 22162) in 0.000188 s
  refine_solution: new weight 22149 (was 22149) in 0.000177 s
>>> get_solution
  refine_solution: new weight 23511 (was 23857) in 0.000176 s
  refine_solution: new weight 23508 (was 23511) in 0.000178 s
  refine_solution: new weight 23508 (was 23508) in 0.000171 s
5,,249,563,67,,245,0,,23857,23508,22715,22162,22149,,200,2,@@

  handle_small_Steiner_degrees: steiner 0, suppress 0 in 1e-06 s
Starting round 6
Found 6 isolated vertices
Invalid ratios recomputed: 244
Best ratio is 202/1 (202.0), centered at 69
Finding the best star... Star with 2 terminals centered in 210
round took: 0.006525 s
|V| = 254, |E| = 562, |R| = 66
>> 186 (75: 6 10 6) (0.002123 s)
>> 174 (246: 9 32 9) (0.001982 s)
>> 173 (202: 28 57 28) (0.001867 s)
>> 186 (183: 37 46 37) (0.001759 s)
>> 168 (100: 22 33 22) (0.001789 s)
>> 185 (114: 30 34 30) (0.001714 s)
>> 179 (98: 49 53 49) (0.001721 s)
>> 115 (214: 12 19 12) (0.001637 s)
>> 105 (94: 7 11 7) (0.001598 s)
>> 103 (97: 14 66 14) (0.001593 s)
>> 101 (89: 52 62 52) (0.001506 s)
>> 100 (93: 64 68 64) (0.001477 s)
>> 107 (206: 16 17 16) (0.001376 s)
>> 91 (188: 3 23 3) (0.001377 s)
>> 90 (90: 15 60 15) (0.001346 s)
>> 96 (176: 38 44 38) (0.001331 s)
>> 87 (213: 8 55 8) (0.001262 s)
>> 85 (236: 1 5 1) (0.001248 s)
>> 83 (246: 63 65 63) (0.001224 s)
>> 30 (156: 31 50 31) (0.001161 s)
>> 10 (220: 21 59 21) (0.001126 s)
>> 7 (157: 29 40 29) (0.001126 s)
>> 6 (211: 39 51 39) (0.001071 s)
>> 5 (121: 25 27 25) (0.001043 s)
>> 0 (-1: -1 -1 -1) (0.001008 s)
Zelikovsky 0.055329 s
>> 186 (75: 10 39 6) (0.013432 s)
>> 188 (222: 10 64 9) (0.012987 s)
>> 166 (100: 33 56 22) (0.012609 s)
>> 105 (214: 19 12 10) (0.012293 s)
>> 99 (161: 32 210 41) (0.011844 s)
>> 95 (243: 3 57 51) (0.011497 s)
>> 94 (93: 19 68 32) (0.01125 s)
>> 94 (110: 19 70 7) (0.010784 s)
>> 89 (244: 19 37 17) (0.010507 s)
>> 74 (132: 19 62 34) (0.010207 s)
>> 84 (131: 19 58 52) (0.009914 s)
>> 18 (111: 47 63 19) (0.009656 s)
>> 15 (149: 47 49 40) (0.009305 s)
>> 89 (127: 47 30 21) (0.009131 s)
>> 83 (121: 47 27 25) (0.008835 s)
>> 10 (94: 31 47 11) (0.008625 s)
>> 9 (188: 31 23 3) (0.008404 s)
>> 11 (97: 31 59 14) (0.008162 s)
>> 6 (252: 53 24 5) (0.008015 s)
>> 2 (195: 31 71 46) (0.0079 s)
>> 0 (-1: -1 -1 -1) (0.007745 s)
Zelikovsky- 0.214061 s
>>> get_solution
  refine_solution: new weight 22149 (was 22162) in 0.000187 s
  refine_solution: new weight 22149 (was 22149) in 0.000178 s
>>> get_solution
  refine_solution: new weight 23511 (was 23857) in 0.000177 s
  refine_solution: new weight 23508 (was 23511) in 0.000178 s
  refine_solution: new weight 23508 (was 23508) in 0.000171 s
6,,248,562,66,,244,0,,23857,23508,22715,22162,22149,,202,2,@@

  handle_small_Steiner_degrees: steiner 0, suppress 0 in 1e-06 s
Starting round 7
Found 7 isolated vertices
Invalid ratios recomputed: 243
Best ratio is 203/1 (203.0), centered at 0
Finding the best star... Star with 2 terminals centered in 210
round took: 0.006411 s
|V| = 254, |E| = 560, |R| = 65
>> 186 (75: 6 10 6) (0.001978 s)
>> 174 (246: 9 32 9) (0.001924 s)
>> 173 (202: 28 57 28) (0.00187 s)
>> 186 (183: 37 46 37) (0.001721 s)
>> 168 (100: 22 33 22) (0.001704 s)
>> 185 (114: 30 34 30) (0.001667 s)
>> 179 (98: 49 53 49) (0.001622 s)
>> 115 (214: 12 19 12) (0.001577 s)
>> 105 (94: 7 11 7) (0.001519 s)
>> 103 (97: 14 66 14) (0.001532 s)
>> 101 (89: 52 62 52) (0.001475 s)
>> 100 (93: 64 68 64) (0.001424 s)
>> 107 (206: 16 17 16) (0.001334 s)
>> 91 (188: 3 23 3) (0.001308 s)
>> 90 (90: 15 60 15) (0.001292 s)
>> 96 (176: 38 44 38) (0.001259 s)
>> 87 (213: 8 55 8) (0.001192 s)
>> 85 (236: 1 5 1) (0.001188 s)
>> 0 (-1: -1 -1 -1) (0.000865 s)
Zelikovsky 0.046689 s
>> 186 (75: 10 39 6) (0.01309 s)
>> 188 (222: 10 64 9) (0.012733 s)
>> 166 (100: 33 56 22) (0.012405 s)
>> 105 (214: 19 12 10) (0.012084 s)
>> 99 (161: 32 210 41) (0.011703 s)
>> 95 (243: 3 57 51) (0.011319 s)
>> 94 (93: 19 68 32) (0.011032 s)
>> 94 (110: 19 70 7) (0.010595 s)
>> 89 (244: 19 37 17) (0.010306 s)
>> 74 (132: 19 62 34) (0.009964 s)
>> 84 (131: 19 58 52) (0.0097 s)
>> 18 (111: 47 63 19) (0.009433 s)
>> 15 (149: 47 49 40) (0.009103 s)
>> 89 (127: 47 30 21) (0.008898 s)
>> 83 (121: 47 27 25) (0.00867 s)
>> 10 (94: 31 47 11) (0.008448 s)
>> 9 (188: 31 23 3) (0.008256 s)
>> 11 (97: 31 59 14) (0.00804 s)
>> 6 (252: 53 24 5) (0.007882 s)
>> 2 (195: 31 71 46) (0.00777 s)
>> 0 (-1: -1 -1 -1) (0.007644 s)
Zelikovsky- 0.210034 s
>>> get_solution
  refine_solution: new weight 22149 (was 22162) in 0.000188 s
  refine_solution: new weight 22149 (was 22149) in 0.000177 s
>>> get_solution
  refine_solution: new weight 23511 (was 23857) in 0.000177 s
  refine_solution: new weight 23508 (was 23511) in 0.000178 s
  refine_solution: new weight 23508 (was 23508) in 0.000171 s
7,,247,560,65,,243,0,,23857,23508,22699,22162,22149,,203,2,@@

  handle_small_Steiner_degrees: steiner 0, suppress 0 in 1e-06 s
Starting round 8
Found 8 isolated vertices
Invalid ratios recomputed: 244
Best ratio is 414/2 (207.0), centered at 33
Finding the best star... Star with 3 terminals centered in 210
round took: 0.006526 s
|V| = 254, |E| = 553, |R| = 63
>> 186 (75: 6 10 6) (0.001854 s)
>> 174 (246: 9 32 9) (0.001753 s)
>> 173 (202: 28 57 28) (0.001692 s)
>> 186 (183: 37 46 37) (0.001578 s)
>> 168 (100: 22 56 22) (0.001595 s)
>> 185 (114: 30 34 30) (0.00156 s)
>> 179 (98: 49 66 49) (0.0015 s)
>> 110 (214: 12 19 12) (0.001452 s)
>> 106 (126: 41 62 41) (0.00138 s)
>> 100 (91: 11 60 11) (0.001327 s)
>> 100 (93: 64 68 64) (0.001322 s)
>> 95 (110: 7 70 7) (0.001273 s)
>> 93 (131: 52 58 52) (0.001247 s)
>> 91 (188: 3 23 3) (0.001197 s)
>> 94 (174: 16 47 16) (0.001196 s)
>> 103 (97: 14 63 14) (0.001151 s)
>> 22 (178: 21 50 21) (0.001132 s)
>> 6 (252: 5 24 5) (0.001105 s)
>> 94 (236: 1 71 1) (0.001084 s)
>> 0 (-1: -1 -1 -1) (0.000798 s)
Zelikovsky 0.044428 s
>> 186 (75: 10 39 6) (0.012417 s)
>> 188 (222: 10 64 9) (0.012166 s)
>> 166 (100: 210 56 22) (0.011807 s)
>> 98 (143: 210 32 19) (0.011418 s)
>> 95 (110: 210 70 7) (0.011127 s)
>> 95 (132: 10 62 34) (0.010796 s)
>> 95 (243: 3 57 51) (0.010438 s)
>> 94 (93: 10 210 68) (0.010156 s)
>> 93 (131: 10 58 52) (0.009772 s)
>> 91 (127: 10 30 21) (0.009483 s)
>> 89 (244: 10 37 17) (0.00926 s)
>> 83 (121: 10 27 25) (0.008935 s)
>> 10 (94: 31 11 10) (0.008752 s)
>> 8 (188: 31 23 3) (0.008495 s)
>> 11 (97: 31 59 14) (0.008276 s)
>> 9 (159: 31 63 61) (0.008064 s)
>> 6 (252: 31 24 5) (0.00787 s)
>> 3 (164: 31 40 12) (0.007737 s)
>> 2 (221: 31 71 38) (0.007616 s)
>> 0 (-1: -1 -1 -1) (0.007521 s)
Zelikovsky- 0.19302 s
>>> get_solution
  refine_solution: new weight 22132 (was 22234) in 0.00019 s
  refine_solution: new weight 22132 (was 22132) in 0.000178 s
>>> get_solution
  refine_solution: new weight 23620 (was 23758) in 0.000182 s
  refine_solution: new weight 23617 (was 23620) in 0.000175 s
  refine_solution: new weight 23617 (was 23617) in 0.000167 s
8,,246,553,63,,244,0,,23758,23617,22731,22234,22132,,414,3,@@

  handle_small_Steiner_degrees: steiner 0, suppress 0 in 1e-06 s
Starting round 9
Found 11 isolated vertices
Invalid ratios recomputed: 242
Best ratio is 963/4 (240.8), centered at 56
Finding the best star... Star with 5 terminals centered in 32
round took: 0.007125 s
|V| = 254, |E| = 538, |R| = 59
>> 186 (75: 6 10 6) (0.001625 s)
>> 174 (246: 9 32 9) (0.001504 s)
>> 194 (159: 14 61 14) (0.001333 s)
>> 189 (94: 7 11 7) (0.001294 s)
>> 191 (243: 1 3 1) (0.001237 s)
>> 0 (-1: -1 -1 -1) (0.000731 s)
Zelikovsky 0.021952 s
>> 186 (75: 10 39 6) (0.01122 s)
>> 188 (222: 10 64 9) (0.010861 s)
>> 105 (100: 32 29 22) (0.010604 s)
>> 95 (110: 32 70 7) (0.010246 s)
>> 95 (132: 10 62 34) (0.009957 s)
>> 95 (243: 3 57 51) (0.009707 s)
>> 94 (93: 10 68 32) (0.009389 s)
>> 93 (131: 10 58 52) (0.009049 s)
>> 91 (127: 10 30 21) (0.008786 s)
>> 89 (244: 10 37 17) (0.008485 s)
>> 86 (99: 10 12 4) (0.008233 s)
>> 83 (121: 10 27 25) (0.007998 s)
>> 10 (94: 31 11 10) (0.007805 s)
>> 8 (188: 31 23 3) (0.00756 s)
>> 11 (97: 31 59 14) (0.007471 s)
>> 9 (159: 31 63 61) (0.007245 s)
>> 6 (252: 31 24 5) (0.00711 s)
>> 2 (221: 31 71 38) (0.007001 s)
>> 0 (-1: -1 -1 -1) (0.006871 s)
Zelikovsky- 0.166449 s
>>> get_solution
  refine_solution: new weight 22046 (was 22059) in 0.000189 s
  refine_solution: new weight 22046 (was 22046) in 0.000179 s
>>> get_solution
  refine_solution: new weight 23617 (was 23632) in 0.000179 s
  refine_solution: new weight 23617 (was 23617) in 0.00017 s
9,,243,538,59,,242,0,,23632,23617,23135,22059,22046,,963,5,@@

  handle_small_Steiner_degrees: steiner 0, suppress 0 in 0 s
Starting round 10
Found 18 isolated vertices
Invalid ratios recomputed: 235
Best ratio is 484/2 (242.0), centered at 5
Finding the best star... Star with 3 terminals centered in 32
round took: 0.007148 s
|V| = 254, |E| = 532, |R| = 57
>> 186 (75: 6 32 6) (0.001483 s)
>> 194 (159: 14 61 14) (0.001299 s)
>> 190 (222: 9 45 9) (0.001236 s)
>> 189 (94: 7 11 7) (0.001185 s)
>> 191 (243: 1 3 1) (0.001149 s)
>> 0 (-1: -1 -1 -1) (0.00068 s)
Zelikovsky 0.020376 s
>> 186 (75: 32 39 6) (0.010629 s)
>> 188 (222: 32 64 9) (0.010335 s)
>> 105 (100: 32 29 22) (0.009958 s)
>> 95 (110: 32 70 7) (0.00984 s)
>> 95 (132: 32 62 34) (0.009349 s)
>> 95 (243: 3 57 51) (0.009097 s)
>> 93 (131: 32 58 52) (0.008771 s)
>> 91 (127: 32 30 21) (0.008546 s)
>> 89 (244: 32 37 17) (0.008255 s)
>> 86 (99: 32 12 4) (0.007969 s)
>> 83 (121: 32 27 25) (0.007741 s)
>> 10 (94: 31 32 11) (0.007572 s)
>> 8 (188: 31 23 3) (0.007431 s)
>> 11 (97: 31 59 14) (0.007263 s)
>> 9 (159: 31 63 61) (0.007103 s)
>> 2 (221: 31 71 38) (0.006937 s)
>> 0 (-1: -1 -1 -1) (0.006852 s)
Zelikovsky- 0.14443 s
>>> get_solution
  refine_solution: new weight 22146 (was 22154) in 0.00019 s
  refine_solution: new weight 22146 (was 22146) in 0.000177 s
>>> get_solution
  refine_solution: new weight 23617 (was 23626) in 0.00018 s
  refine_solution: new weight 23617 (was 23617) in 0.000168 s
10,,236,532,57,,235,0,,23626,23617,22830,22154,22146,,484,3,@@

  handle_small_Steiner_degrees: steiner 0, suppress 0 in 0 s
Starting round 11
Found 21 isolated vertices
Invalid ratios recomputed: 233
Best ratio is 485/2 (242.5), centered at 3
Finding the best star... Star with 3 terminals centered in 32
round took: 0.007929 s
|V| = 254, |E| = 527, |R| = 55
>> 186 (75: 6 32 6) (0.001351 s)
>> 191 (222: 9 45 9) (0.001208 s)
>> 189 (94: 7 11 7) (0.001105 s)
>> 189 (244: 4 17 4) (0.001105 s)
>> 189 (202: 28 57 28) (0.001101 s)
>> 184 (126: 41 62 41) (0.001011 s)
>> 183 (111: 47 63 47) (0.000996 s)
>> 181 (171: 27 50 27) (0.000989 s)
>> 116 (206: 16 68 16) (0.000963 s)
>> 110 (176: 38 44 38) (0.000961 s)
>> 189 (167: 13 52 13) (0.00094 s)
>> 194 (114: 22 30 22) (0.000883 s)
>> 187 (236: 1 34 1) (0.000883 s)
>> 0 (-1: -1 -1 -1) (0.000615 s)
Zelikovsky 0.02688 s
>> 186 (75: 32 39 6) (0.010108 s)
>> 188 (222: 32 64 9) (0.009794 s)
>> 105 (100: 32 29 22) (0.009463 s)
>> 98 (221: 32 38 34) (0.009148 s)
>> 97 (236: 32 71 1) (0.008872 s)
>> 95 (110: 32 70 7) (0.008541 s)
>> 95 (243: 32 57 51) (0.008308 s)
>> 91 (127: 32 30 21) (0.008055 s)
>> 89 (244: 32 37 17) (0.007815 s)
>> 86 (99: 32 12 4) (0.007605 s)
>> 83 (121: 32 27 25) (0.007383 s)
>> 23 (167: 32 52 13) (0.00718 s)
>> 22 (126: 32 62 41) (0.007002 s)
>> 11 (97: 32 59 14) (0.006847 s)
>> 10 (94: 31 32 11) (0.006716 s)
>> 9 (159: 31 63 61) (0.006618 s)
>> 0 (-1: -1 -1 -1) (0.006515 s)
Zelikovsky- 0.136732 s
>>> get_solution
  refine_solution: new weight 22200 (was 22209) in 0.00019 s
  refine_solution: new weight 22200 (was 22200) in 0.000177 s
>>> get_solution
  refine_solution: new weight 23617 (was 23617) in 0.00018 s
11,,233,527,55,,233,0,,23617,23617,22526,22209,22200,,485,3,@@

  handle_small_Steiner_degrees: steiner 0, suppress 0 in 0 s
Starting round 12
Found 24 isolated vertices
Invalid ratios recomputed: 230
Best ratio is 498/2 (249.0), centered at 38
Finding the best star... Star with 3 terminals centered in 32
round took: 0.008867 s
|V| = 254, |E| = 518, |R| = 53
>> 186 (75: 6 32 6) (0.001268 s)
>> 202 (121: 25 27 25) (0.001131 s)
>> 195 (126: 41 62 41) (0.001053 s)
>> 191 (222: 9 45 9) (0.001039 s)
>> 189 (94: 7 11 7) (0.001005 s)
>> 189 (244: 4 17 4) (0.000953 s)
>> 189 (202: 28 57 28) (0.000947 s)
>> 191 (111: 47 63 47) (0.000908 s)
>> 189 (167: 13 52 13) (0.0009 s)
>> 198 (206: 16 68 16) (0.00085 s)
>> 103 (185: 29 39 29) (0.000841 s)
>> 186 (211: 12 49 12) (0.0008 s)
>> 104 (220: 21 59 21) (0.000774 s)
>> 107 (171: 50 54 50) (0.000762 s)
>> 108 (195: 20 46 20) (0.000731 s)
>> 85 (244: 18 37 18) (0.000697 s)
>> 80 (147: 1 51 1) (0.000655 s)
>> 0 (-1: -1 -1 -1) (0.000539 s)
Zelikovsky 0.02799 s
>> 186 (75: 32 39 6) (0.009557 s)
>> 188 (222: 32 64 9) (0.009256 s)
>> 105 (100: 32 29 22) (0.008974 s)
>> 97 (236: 32 71 1) (0.008665 s)
>> 95 (110: 32 70 7) (0.008354 s)
>> 95 (243: 32 57 51) (0.00812 s)
>> 91 (127: 32 30 21) (0.007831 s)
>> 89 (244: 32 37 17) (0.007589 s)
>> 86 (99: 32 12 4) (0.007366 s)
>> 83 (121: 32 27 25) (0.007168 s)
>> 23 (167: 32 52 13) (0.006968 s)
>> 22 (126: 32 62 41) (0.006766 s)
>> 11 (97: 32 59 14) (0.006635 s)
>> 10 (94: 31 32 11) (0.006501 s)
>> 9 (159: 31 63 61) (0.006425 s)
>> 0 (-1: -1 -1 -1) (0.006317 s)
Zelikovsky- 0.12323 s
>>> get_solution
  refine_solution: new weight 22200 (was 22209) in 0.00019 s
  refine_solution: new weight 22200 (was 22200) in 0.000176 s
>>> get_solution
  refine_solution: new weight 23517 (was 23517) in 0.00018 s
12,,230,518,53,,230,0,,23517,23517,22821,22209,22200,,498,3,@@

  handle_small_Steiner_degrees: steiner 0, suppress 0 in 1e-06 s
Starting round 13
Found 27 isolated vertices
Invalid ratios recomputed: 227
Best ratio is 496/2 (248.0), centered at 71
Finding the best star... Star with 3 terminals centered in 32
round took: 0.008788 s
|V| = 254, |E| = 511, |R| = 51
>> 186 (75: 6 32 6) (0.001158 s)
>> 202 (121: 25 27 25) (0.001068 s)
>> 195 (126: 41 62 41) (0.000991 s)
>> 191 (222: 9 45 9) (0.000957 s)
>> 189 (94: 7 11 7) (0.000907 s)
>> 189 (244: 4 17 4) (0.000877 s)
>> 0 (-1: -1 -1 -1) (0.000524 s)
Zelikovsky 0.017484 s
>> 186 (75: 32 39 6) (0.008998 s)
>> 188 (222: 32 64 9) (0.008781 s)
>> 105 (100: 32 29 22) (0.008463 s)
>> 95 (110: 32 70 7) (0.008142 s)
>> 95 (243: 32 57 51) (0.007931 s)
>> 91 (127: 32 30 21) (0.007669 s)
>> 89 (244: 32 37 17) (0.007414 s)
>> 86 (99: 32 12 4) (0.007194 s)
>> 83 (121: 32 27 25) (0.007009 s)
>> 23 (167: 32 52 13) (0.006806 s)
>> 22 (126: 32 62 41) (0.006588 s)
>> 11 (97: 32 59 14) (0.006467 s)
>> 10 (94: 31 32 11) (0.00632 s)
>> 9 (159: 31 63 61) (0.006241 s)
>> 0 (-1: -1 -1 -1) (0.006135 s)
Zelikovsky- 0.11083 s
>>> get_solution
  refine_solution: new weight 22193 (was 22213) in 0.000189 s
  refine_solution: new weight 22193 (was 22193) in 0.000177 s
>>> get_solution
  refine_solution: new weight 23413 (was 23420) in 0.00018 s
  refine_solution: new weight 23413 (was 23413) in 0.000171 s
13,,227,511,51,,227,0,,23420,23413,22743,22213,22193,,496,3,@@

  handle_small_Steiner_degrees: steiner 0, suppress 0 in 0 s
Starting round 14
Found 30 isolated vertices
Invalid ratios recomputed: 224
Best ratio is 1295/5 (259.0), centered at 206
Finding the best star... Star with 6 terminals centered in 32
round took: 0.008781 s
|V| = 254, |E| = 496, |R| = 46
>> 179 (75: 6 32 6) (0.000929 s)
>> 202 (121: 25 27 25) (0.000829 s)
>> 198 (222: 9 45 9) (0.000785 s)
>> 189 (94: 7 11 7) (0.000736 s)
>> 189 (131: 52 58 52) (0.000708 s)
>> 189 (202: 28 57 28) (0.000691 s)
>> 193 (250: 44 47 44) (0.000667 s)
>> 190 (244: 4 37 4) (0.000648 s)
>> 0 (-1: -1 -1 -1) (0.000408 s)
Zelikovsky 0.015793 s
>> 179 (75: 32 39 6) (0.007821 s)
>> 188 (222: 32 64 9) (0.007602 s)
>> 105 (100: 32 29 22) (0.007352 s)
>> 95 (243: 32 57 51) (0.007107 s)
>> 89 (127: 32 30 21) (0.0069 s)
>> 86 (99: 32 12 4) (0.00667 s)
>> 83 (121: 32 27 25) (0.006474 s)
>> 23 (167: 32 52 13) (0.006366 s)
>> 11 (97: 32 59 14) (0.006166 s)
>> 13 (159: 32 63 62) (0.006006 s)
>> 10 (94: 31 11 7) (0.005897 s)
>> 8 (156: 31 50 32) (0.005782 s)
>> 0 (-1: -1 -1 -1) (0.005653 s)
Zelikovsky- 0.086385 s
>>> get_solution
  refine_solution: new weight 22019 (was 22037) in 0.000192 s
  refine_solution: new weight 22019 (was 22019) in 0.00018 s
>>> get_solution
  refine_solution: new weight 23034 (was 23127) in 0.000186 s
  refine_solution: new weight 23034 (was 23034) in 0.000175 s
14,,224,496,46,,224,0,,23127,23034,22492,22037,22019,,1295,6,@@

  handle_small_Steiner_degrees: steiner 0, suppress 0 in 0 s
Starting round 15
Found 38 isolated vertices
Invalid ratios recomputed: 216
Best ratio is 786/3 (262.0), centered at 94
Finding the best star... Star with 4 terminals centered in 32
round took: 0.007981 s
|V| = 254, |E| = 482, |R| = 43
>> 105 (100: 22 29 22) (0.000798 s)
>> 104 (213: 6 8 6) (0.000749 s)
>> 95 (243: 32 51 32) (0.000715 s)
>> 202 (121: 25 27 25) (0.000664 s)
>> 198 (222: 9 45 9) (0.000631 s)
>> 189 (131: 52 58 52) (0.000602 s)
>> 189 (202: 28 57 28) (0.000579 s)
>> 196 (126: 49 62 49) (0.000559 s)
>> 193 (250: 44 47 44) (0.000515 s)
>> 191 (244: 4 37 4) (0.000499 s)
>> 0 (-1: -1 -1 -1) (0.000343 s)
Zelikovsky 0.015115 s
>> 105 (100: 32 29 22) (0.007114 s)
>> 104 (213: 55 8 6) (0.006879 s)
>> 97 (230: 55 32 12) (0.006734 s)
>> 99 (246: 55 63 9) (0.006487 s)
>> 95 (211: 51 55 39) (0.006296 s)
>> 92 (202: 51 57 28) (0.006079 s)
>> 89 (127: 51 30 21) (0.005974 s)
>> 83 (121: 51 27 25) (0.00576 s)
>> 72 (222: 51 64 62) (0.005626 s)
>> 87 (131: 51 58 52) (0.005546 s)
>> 11 (97: 51 59 14) (0.005452 s)
>> 0 (-1: -1 -1 -1) (0.005341 s)
Zelikovsky- 0.073841 s
>>> get_solution
  refine_solution: new weight 22064 (was 22074) in 0.000194 s
  refine_solution: new weight 22064 (was 22064) in 0.000183 s
>>> get_solution
  refine_solution: new weight 23023 (was 23030) in 0.000184 s
  refine_solution: new weight 23023 (was 23023) in 0.000174 s
15,,216,482,43,,216,0,,23030,23023,22567,22074,22064,,786,4,@@

  handle_small_Steiner_degrees: steiner 0, suppress 0 in 1e-06 s
Starting round 16
Found 43 isolated vertices
Invalid ratios recomputed: 211
Best ratio is 790/3 (263.3), centered at 196
Finding the best star... Star with 4 terminals centered in 32
round took: 0.007711 s
|V| = 254, |E| = 470, |R| = 40
>> 96 (211: 32 39 32) (0.000697 s)
>> 202 (121: 25 27 25) (0.000643 s)
>> 198 (222: 9 45 9) (0.000598 s)
>> 197 (213: 6 8 6) (0.000573 s)
>> 189 (131: 52 58 52) (0.000547 s)
>> 189 (202: 28 57 28) (0.000526 s)
>> 190 (250: 44 47 44) (0.000495 s)
>> 186 (244: 4 37 4) (0.000475 s)
>> 0 (-1: -1 -1 -1) (0.000295 s)
Zelikovsky 0.012375 s
>> 96 (211: 51 39 32) (0.006428 s)
>> 91 (222: 9 64 45) (0.006196 s)
>> 87 (202: 28 57 51) (0.006086 s)
>> 10 (167: 9 52 13) (0.005943 s)
>> 8 (213: 55 8 6) (0.00579 s)
>> 93 (176: 55 44 28) (0.005664 s)
>> 0 (-1: -1 -1 -1) (0.005508 s)
Zelikovsky- 0.041984 s
>>> get_solution
  refine_solution: new weight 21876 (was 21883) in 0.000198 s
  refine_solution: new weight 21876 (was 21876) in 0.000183 s
>>> get_solution
  refine_solution: new weight 22637 (was 22644) in 0.000183 s
  refine_solution: new weight 22637 (was 22637) in 0.000174 s
16,,211,470,40,,211,0,,22644,22637,22290,21883,21876,,790,4,@@

  delete_edges: deleted 20 edges in 0.001145 s and 20 rounds
  handle_small_Steiner_degrees: steiner 0, suppress 4 in 3e-06 s
Starting round 17
Found 52 isolated vertices
Invalid ratios recomputed: 202
Best ratio is 801/3 (267.0), centered at 202
Finding the best star... Star with 4 terminals centered in 32
round took: 0.006866 s
|V| = 254, |E| = 433, |R| = 37
>> 96 (211: 32 39 32) (0.000594 s)
>> 202 (121: 25 27 25) (0.000546 s)
>> 198 (222: 9 45 9) (0.000506 s)
>> 197 (213: 6 8 6) (0.000479 s)
>> 196 (131: 52 58 52) (0.000461 s)
>> 191 (250: 44 47 44) (0.000427 s)
>> 186 (244: 4 37 4) (0.000412 s)
>> 0 (-1: -1 -1 -1) (0.000251 s)
Zelikovsky 0.010142 s
>> 96 (211: 51 39 32) (0.005609 s)
>> 91 (222: 9 64 45) (0.005386 s)
>> 10 (167: 9 52 13) (0.005299 s)
>> 8 (213: 55 8 6) (0.005149 s)
>> 93 (176: 55 51 44) (0.005056 s)
>> 0 (-1: -1 -1 -1) (0.004886 s)
Zelikovsky- 0.031699 s
>>> get_solution
  refine_solution: new weight 21873 (was 21880) in 0.000199 s
  refine_solution: new weight 21873 (was 21873) in 0.000184 s
>>> get_solution
  refine_solution: new weight 22460 (was 22467) in 0.000184 s
  refine_solution: new weight 22460 (was 22460) in 0.000176 s
17,,202,433,37,,202,0,,22467,22460,22287,21880,21873,,801,4,@@

  handle_small_Steiner_degrees: steiner 0, suppress 2 in 3e-06 s
Starting round 18
Found 59 isolated vertices
Invalid ratios recomputed: 195
Best ratio is 576/2 (288.0), centered at 4
Finding the best star... Star with 3 terminals centered in 50
round took: 0.006372 s
|V| = 254, |E| = 423, |R| = 35
>> 96 (211: 39 50 39) (0.000497 s)
>> 202 (121: 25 27 25) (0.000481 s)
>> 198 (222: 9 45 9) (0.000463 s)
>> 197 (213: 6 8 6) (0.000446 s)
>> 0 (-1: -1 -1 -1) (0.000229 s)
Zelikovsky 0.008139 s
>> 96 (211: 51 50 39) (0.00515 s)
>> 91 (222: 9 64 45) (0.004959 s)
>> 10 (167: 9 52 13) (0.004879 s)
>> 8 (213: 55 8 6) (0.004747 s)
>> 93 (176: 55 51 44) (0.004654 s)
>> 0 (-1: -1 -1 -1) (0.004513 s)
Zelikovsky- 0.029214 s
>>> get_solution
  refine_solution: new weight 21873 (was 21880) in 0.000198 s
  refine_solution: new weight 21873 (was 21873) in 0.000184 s
>>> get_solution
  refine_solution: new weight 22460 (was 22467) in 0.000183 s
  refine_solution: new weight 22460 (was 22460) in 0.000176 s
18,,195,423,35,,195,0,,22467,22460,22273,21880,21873,,576,3,@@

  handle_small_Steiner_degrees: steiner 0, suppress 2 in 5e-06 s
Starting round 19
Found 64 isolated vertices
Invalid ratios recomputed: 190
Best ratio is 289/1 (289.0), centered at 50
Finding the best star... Star with 2 terminals centered in 59
round took: 0.006106 s
|V| = 254, |E| = 417, |R| = 34
>> 96 (211: 39 51 39) (0.000491 s)
>> 91 (222: 9 45 9) (0.000433 s)
>> 67 (132: 59 62 59) (0.000415 s)
>> 283 (186: 12 20 12) (0.000426 s)
>> 202 (121: 25 27 25) (0.000387 s)
>> 197 (213: 6 8 6) (0.000369 s)
>> 0 (-1: -1 -1 -1) (0.000221 s)
Zelikovsky 0.008514 s
>> 96 (211: 51 59 39) (0.004889 s)
>> 91 (222: 9 64 45) (0.004727 s)
>> 10 (167: 9 52 13) (0.004626 s)
>> 8 (213: 55 8 6) (0.0045 s)
>> 93 (176: 55 51 44) (0.004438 s)
>> 0 (-1: -1 -1 -1) (0.00428 s)
Zelikovsky- 0.027762 s
>>> get_solution
  refine_solution: new weight 21873 (was 21880) in 0.000198 s
  refine_solution: new weight 21873 (was 21873) in 0.000184 s
>>> get_solution
  refine_solution: new weight 22460 (was 22467) in 0.000184 s
  refine_solution: new weight 22460 (was 22460) in 0.000177 s
19,,190,417,34,,190,0,,22467,22460,22247,21880,21873,,289,2,@@

  handle_small_Steiner_degrees: steiner 0, suppress 0 in 1e-06 s
Starting round 20
Found 66 isolated vertices
Invalid ratios recomputed: 188
Best ratio is 290/1 (290.0), centered at 58
Finding the best star... Star with 2 terminals centered in 58
round took: 0.005933 s
|V| = 254, |E| = 415, |R| = 33
>> 96 (211: 39 51 39) (0.000467 s)
>> 91 (222: 9 45 9) (0.000408 s)
>> 67 (132: 58 62 58) (0.000375 s)
>> 283 (186: 12 20 12) (0.000401 s)
>> 202 (121: 25 27 25) (0.000365 s)
>> 197 (213: 6 8 6) (0.000347 s)
>> 0 (-1: -1 -1 -1) (0.000205 s)
Zelikovsky 0.008151 s
>> 96 (211: 51 58 39) (0.004797 s)
>> 91 (222: 9 64 45) (0.004592 s)
>> 10 (167: 9 52 13) (0.004505 s)
>> 8 (213: 55 8 6) (0.004388 s)
>> 93 (176: 55 51 44) (0.004331 s)
>> 0 (-1: -1 -1 -1) (0.0042 s)
Zelikovsky- 0.027113 s
>>> get_solution
  refine_solution: new weight 21873 (was 21880) in 0.000197 s
  refine_solution: new weight 21873 (was 21873) in 0.000185 s
>>> get_solution
  refine_solution: new weight 22460 (was 22467) in 0.000183 s
  refine_solution: new weight 22460 (was 22460) in 0.000176 s
20,,188,415,33,,188,0,,22467,22460,22247,21880,21873,,290,2,@@

  handle_small_Steiner_degrees: steiner 0, suppress 0 in 1e-06 s
Starting round 21
Found 67 isolated vertices
Invalid ratios recomputed: 187
Best ratio is 291/1 (291.0), centered at 27
Finding the best star... Star with 2 terminals centered in 58
round took: 0.005833 s
|V| = 254, |E| = 414, |R| = 32
>> 96 (211: 39 51 39) (0.000434 s)
>> 91 (222: 9 45 9) (0.00039 s)
>> 67 (132: 58 62 58) (0.000359 s)
>> 283 (186: 12 20 12) (0.000375 s)
>> 197 (213: 6 8 6) (0.00035 s)
>> 0 (-1: -1 -1 -1) (0.000195 s)
Zelikovsky 0.007488 s
>> 96 (211: 51 58 39) (0.00465 s)
>> 91 (222: 9 64 45) (0.004474 s)
>> 10 (167: 9 52 13) (0.004388 s)
>> 8 (213: 55 8 6) (0.004292 s)
>> 93 (176: 55 51 44) (0.004228 s)
>> 0 (-1: -1 -1 -1) (0.004083 s)
Zelikovsky- 0.026412 s
>>> get_solution
  refine_solution: new weight 21873 (was 21880) in 0.000198 s
  refine_solution: new weight 21873 (was 21873) in 0.00019 s
>>> get_solution
  refine_solution: new weight 22460 (was 22467) in 0.000184 s
  refine_solution: new weight 22460 (was 22460) in 0.000175 s
21,,187,414,32,,187,0,,22467,22460,22149,21880,21873,,291,2,@@

  handle_small_Steiner_degrees: steiner 0, suppress 0 in 1e-06 s
Starting round 22
Found 68 isolated vertices
Invalid ratios recomputed: 186
Best ratio is 584/2 (292.0), centered at 24
Finding the best star... Star with 3 terminals centered in 25
round took: 0.005824 s
|V| = 254, |E| = 409, |R| = 30
>> 96 (211: 25 39 25) (0.000373 s)
>> 198 (222: 9 45 9) (0.000352 s)
>> 197 (213: 6 8 6) (0.000336 s)
>> 0 (-1: -1 -1 -1) (0.000176 s)
Zelikovsky 0.00599 s
>> 96 (211: 51 39 25) (0.004351 s)
>> 91 (222: 9 64 45) (0.004194 s)
>> 10 (167: 9 52 13) (0.004123 s)
>> 8 (213: 55 8 6) (0.004031 s)
>> 93 (176: 55 51 44) (0.003959 s)
>> 0 (-1: -1 -1 -1) (0.003851 s)
Zelikovsky- 0.024801 s
>>> get_solution
  refine_solution: new weight 21873 (was 21880) in 0.000198 s
  refine_solution: new weight 21873 (was 21873) in 0.000184 s
>>> get_solution
  refine_solution: new weight 22460 (was 22467) in 0.000183 s
  refine_solution: new weight 22460 (was 22460) in 0.000176 s
22,,186,409,30,,186,0,,22467,22460,22175,21880,21873,,584,3,@@

  handle_small_Steiner_degrees: steiner 0, suppress 0 in 1e-06 s
Starting round 23
Found 71 isolated vertices
Invalid ratios recomputed: 183
Best ratio is 585/2 (292.5), centered at 25
Finding the best star... Star with 3 terminals centered in 25
round took: 0.005605 s
|V| = 254, |E| = 401, |R| = 28
>> 99 (222: 9 25 9) (0.000327 s)
>> 197 (213: 6 8 6) (0.000334 s)
>> 0 (-1: -1 -1 -1) (0.000159 s)
Zelikovsky 0.005118 s
>> 99 (222: 25 64 9) (0.004053 s)
>> 96 (211: 51 39 25) (0.003915 s)
>> 18 (213: 55 8 6) (0.0038 s)
>> 93 (176: 55 51 44) (0.003769 s)
>> 0 (-1: -1 -1 -1) (0.003683 s)
Zelikovsky- 0.019474 s
>>> get_solution
  refine_solution: new weight 21873 (was 21880) in 0.000198 s
  refine_solution: new weight 21873 (was 21873) in 0.000185 s
>>> get_solution
  refine_solution: new weight 22093 (was 22176) in 0.000182 s
  refine_solution: new weight 22093 (was 22093) in 0.000176 s
23,,183,401,28,,183,0,,22176,22093,22069,21880,21873,,585,3,@@

  handle_small_Steiner_degrees: steiner 0, suppress 0 in 0 s
Starting round 24
Found 75 isolated vertices
Invalid ratios recomputed: 179
Best ratio is 499/2 (249.5), centered at 9
Finding the best star... Star with 3 terminals centered in 25
round took: 0.005213 s
|V| = 254, |E| = 393, |R| = 26
>> 96 (211: 25 39 25) (0.000278 s)
>> 197 (213: 6 8 6) (0.000284 s)
>> 0 (-1: -1 -1 -1) (0.000139 s)
Zelikovsky 0.004677 s
>> 96 (211: 51 39 25) (0.003746 s)
>> 18 (213: 55 8 6) (0.003631 s)
>> 93 (176: 55 51 44) (0.003596 s)
>> 0 (-1: -1 -1 -1) (0.003506 s)
Zelikovsky- 0.0147 s
>>> get_solution
  refine_solution: new weight 21873 (was 21880) in 0.000197 s
  refine_solution: new weight 21873 (was 21873) in 0.000184 s
>>> get_solution
  refine_solution: new weight 22093 (was 22100) in 0.000182 s
  refine_solution: new weight 22093 (was 22093) in 0.000175 s
24,,179,393,26,,179,0,,22100,22093,21973,21880,21873,,499,3,@@

  handle_small_Steiner_degrees: steiner 0, suppress 2 in 4e-06 s
Starting round 25
Found 80 isolated vertices
Invalid ratios recomputed: 174
Best ratio is 1470/5 (294.0), centered at 15
Finding the best star... Star with 6 terminals centered in 47
round took: 0.005293 s
|V| = 254, |E| = 374, |R| = 21
>> 95 (75: 6 39 6) (0.000193 s)
>> 0 (-1: -1 -1 -1) (8.2e-05 s)
Zelikovsky 0.003601 s
>> 95 (75: 47 39 6) (0.003157 s)
>> 94 (191: 47 51 12) (0.003056 s)
>> 0 (-1: -1 -1 -1) (0.003015 s)
Zelikovsky- 0.009411 s
>>> get_solution
  refine_solution: new weight 21879 (was 21891) in 0.000195 s
  refine_solution: new weight 21879 (was 21879) in 0.00018 s
>>> get_solution
  refine_solution: new weight 21973 (was 21985) in 0.000179 s
  refine_solution: new weight 21973 (was 21973) in 0.000174 s
25,,174,374,21,,174,0,,21985,21973,21985,21891,21879,,1470,6,@@

  handle_small_Steiner_degrees: steiner 0, suppress 2 in 2e-06 s
Starting round 26
Found 88 isolated vertices
Invalid ratios recomputed: 166
Best ratio is 295/1 (295.0), centered at 36
Finding the best star... Star with 2 terminals centered in 36
round took: 0.004587 s
|V| = 254, |E| = 369, |R| = 20
>> 95 (75: 6 36 6) (0.000182 s)
>> 0 (-1: -1 -1 -1) (9.8e-05 s)
Zelikovsky 0.003389 s
>> 95 (75: 36 39 6) (0.003011 s)
>> 94 (191: 36 51 12) (0.002923 s)
>> 0 (-1: -1 -1 -1) (0.00286 s)
Zelikovsky- 0.00897 s
>>> get_solution
  refine_solution: new weight 21879 (was 21891) in 0.000196 s
  refine_solution: new weight 21879 (was 21879) in 0.000182 s
>>> get_solution
  refine_solution: new weight 21973 (was 21985) in 0.000181 s
  refine_solution: new weight 21973 (was 21973) in 0.00018 s
26,,166,369,20,,166,0,,21985,21973,21985,21891,21879,,295,2,@@

  handle_small_Steiner_degrees: steiner 0, suppress 0 in 1e-06 s
Starting round 27
Found 89 isolated vertices
Invalid ratios recomputed: 165
Best ratio is 1480/5 (296.0), centered at 21
Finding the best star... Star with 6 terminals centered in 49
round took: 0.004558 s
|V| = 254, |E| = 353, |R| = 15
>> 94 (191: 12 49 12) (0.00011 s)
>> 197 (213: 6 8 6) (0.00011 s)
>> 0 (-1: -1 -1 -1) (7e-05 s)
Zelikovsky 0.002896 s
>> 94 (191: 49 51 12) (0.00254 s)
>> 0 (-1: -1 -1 -1) (0.002463 s)
Zelikovsky- 0.005141 s
>>> get_solution
  refine_solution: new weight 21879 (was 21891) in 0.000195 s
  refine_solution: new weight 21879 (was 21879) in 0.000183 s
>>> get_solution
  refine_solution: new weight 21973 (was 21985) in 0.000178 s
  refine_solution: new weight 21973 (was 21973) in 0.000173 s
27,,165,353,15,,165,0,,21985,21973,21965,21891,21879,,1480,6,@@

  handle_small_Steiner_degrees: steiner 0, suppress 3 in 6e-06 s
Starting round 28
Found 100 isolated vertices
Invalid ratios recomputed: 154
Best ratio is 298/1 (298.0), centered at 49
Finding the best star... Star with 2 terminals centered in 61
round took: 0.003635 s
|V| = 254, |E| = 347, |R| = 14
>> 94 (191: 12 51 12) (9.7e-05 s)
>> 0 (-1: -1 -1 -1) (8e-05 s)
Zelikovsky 0.002627 s
>> 94 (191: 61 51 12) (0.002372 s)
>> 0 (-1: -1 -1 -1) (0.002329 s)
Zelikovsky- 0.004836 s
>>> get_solution
  refine_solution: new weight 21879 (was 21891) in 0.000195 s
  refine_solution: new weight 21879 (was 21879) in 0.000181 s
>>> get_solution
  refine_solution: new weight 21973 (was 21985) in 0.00018 s
  refine_solution: new weight 21973 (was 21973) in 0.000173 s
28,,154,347,14,,154,0,,21985,21973,21891,21891,21879,,298,2,@@

  handle_small_Steiner_degrees: steiner 0, suppress 0 in 1e-06 s
Starting round 29
Found 101 isolated vertices
Invalid ratios recomputed: 153
Best ratio is 598/2 (299.0), centered at 6
Finding the best star... Star with 3 terminals centered in 60
round took: 0.003606 s
|V| = 254, |E| = 340, |R| = 12
>> 94 (191: 12 51 12) (8e-05 s)
>> 0 (-1: -1 -1 -1) (6.5e-05 s)
Zelikovsky 0.00242 s
>> 94 (191: 60 51 12) (0.002234 s)
>> 0 (-1: -1 -1 -1) (0.002181 s)
Zelikovsky- 0.004548 s
>>> get_solution
  refine_solution: new weight 21879 (was 21891) in 0.000195 s
  refine_solution: new weight 21879 (was 21879) in 0.000181 s
>>> get_solution
  refine_solution: new weight 21973 (was 21985) in 0.000179 s
  refine_solution: new weight 21973 (was 21973) in 0.000173 s
29,,153,340,12,,153,0,,21985,21973,21891,21891,21879,,598,3,@@

  handle_small_Steiner_degrees: steiner 0, suppress 1 in 1e-06 s
Starting round 30
Found 105 isolated vertices
Invalid ratios recomputed: 149
Best ratio is 602/2 (301.0), centered at 30
Finding the best star... Star with 3 terminals centered in 67
round took: 0.003316 s
|V| = 254, |E| = 334, |R| = 10
>> 94 (191: 12 51 12) (6.3e-05 s)
>> 0 (-1: -1 -1 -1) (5e-05 s)
Zelikovsky 0.002219 s
>> 94 (191: 67 51 12) (0.002093 s)
>> 0 (-1: -1 -1 -1) (0.002048 s)
Zelikovsky- 0.004269 s
>>> get_solution
  refine_solution: new weight 21879 (was 21891) in 0.000195 s
  refine_solution: new weight 21879 (was 21879) in 0.000181 s
>>> get_solution
  refine_solution: new weight 21973 (was 21985) in 0.000178 s
  refine_solution: new weight 21973 (was 21973) in 0.000179 s
30,,149,334,10,,149,0,,21985,21973,21891,21891,21879,,602,3,@@

  handle_small_Steiner_degrees: steiner 0, suppress 1 in 2e-06 s
Starting round 31
Found 109 isolated vertices
Invalid ratios recomputed: 145
Best ratio is 302/1 (302.0), centered at 46
Finding the best star... Star with 2 terminals centered in 67
round took: 0.003077 s
|V| = 254, |E| = 332, |R| = 9
>> 94 (191: 12 51 12) (5.7e-05 s)
>> 0 (-1: -1 -1 -1) (4.5e-05 s)
Zelikovsky 0.002146 s
>> 94 (191: 67 51 12) (0.00201 s)
>> 0 (-1: -1 -1 -1) (0.001982 s)
Zelikovsky- 0.004119 s
>>> get_solution
  refine_solution: new weight 21879 (was 21891) in 0.000196 s
  refine_solution: new weight 21879 (was 21879) in 0.00018 s
>>> get_solution
  refine_solution: new weight 21973 (was 21985) in 0.00018 s
  refine_solution: new weight 21973 (was 21973) in 0.000173 s
31,,145,332,9,,145,0,,21985,21973,21891,21891,21879,,302,2,@@

  handle_small_Steiner_degrees: steiner 0, suppress 0 in 0 s
Starting round 32
Found 110 isolated vertices
Invalid ratios recomputed: 144
Best ratio is 303/1 (303.0), centered at 37
Finding the best star... Star with 2 terminals centered in 37
round took: 0.003028 s
|V| = 254, |E| = 327, |R| = 8
>> 94 (191: 12 37 12) (5e-05 s)
>> 86 (120: 20 54 20) (5e-05 s)
>> 3 (213: 8 55 8) (3.7e-05 s)
>> 0 (-1: -1 -1 -1) (2.7e-05 s)
Zelikovsky 0.002157 s
>> 94 (191: 37 51 12) (0.001961 s)
>> 0 (-1: -1 -1 -1) (0.001915 s)
Zelikovsky- 0.004004 s
>>> get_solution
  refine_solution: new weight 21879 (was 21891) in 0.000196 s
  refine_solution: new weight 21879 (was 21879) in 0.000183 s
>>> get_solution
  refine_solution: new weight 21973 (was 21985) in 0.000178 s
  refine_solution: new weight 21973 (was 21973) in 0.000175 s
32,,144,327,8,,144,0,,21985,21973,22065,21891,21879,,303,2,@@

  handle_small_Steiner_degrees: steiner 0, suppress 0 in 1e-06 s
Starting round 33
Found 112 isolated vertices
Invalid ratios recomputed: 142
Best ratio is 304/1 (304.0), centered at 37
Finding the best star... Star with 2 terminals centered in 54
round took: 0.002902 s
|V| = 254, |E| = 325, |R| = 7
>> 94 (191: 12 51 12) (4.5e-05 s)
>> 0 (-1: -1 -1 -1) (3.5e-05 s)
Zelikovsky 0.001994 s
>> 94 (191: 54 51 12) (0.001895 s)
>> 0 (-1: -1 -1 -1) (0.001889 s)
Zelikovsky- 0.003908 s
>>> get_solution
  refine_solution: new weight 21879 (was 21891) in 0.000195 s
  refine_solution: new weight 21879 (was 21879) in 0.000182 s
>>> get_solution
  refine_solution: new weight 21973 (was 21985) in 0.000178 s
  refine_solution: new weight 21973 (was 21973) in 0.000174 s
33,,142,325,7,,142,0,,21985,21973,21891,21891,21879,,304,2,@@

  handle_small_Steiner_degrees: steiner 0, suppress 0 in 1e-06 s
Starting round 34
Found 113 isolated vertices
Invalid ratios recomputed: 141
Best ratio is 308/1 (308.0), centered at 54
Finding the best star... Star with 2 terminals centered in 54
round took: 0.002839 s
|V| = 254, |E| = 323, |R| = 6
>> 94 (191: 12 51 12) (4e-05 s)
>> 0 (-1: -1 -1 -1) (3.1e-05 s)
Zelikovsky 0.00192 s
>> 94 (191: 54 51 12) (0.001861 s)
>> 0 (-1: -1 -1 -1) (0.00184 s)
Zelikovsky- 0.003822 s
>>> get_solution
  refine_solution: new weight 21879 (was 21891) in 0.000197 s
  refine_solution: new weight 21879 (was 21879) in 0.000181 s
>>> get_solution
  refine_solution: new weight 21973 (was 21985) in 0.000178 s
  refine_solution: new weight 21973 (was 21973) in 0.000173 s
34,,141,323,6,,141,0,,21985,21973,21891,21891,21879,,308,2,@@

  handle_small_Steiner_degrees: steiner 0, suppress 0 in 1e-06 s
Starting round 35
Found 114 isolated vertices
Invalid ratios recomputed: 140
Best ratio is 933/3 (311.0), centered at 8
Finding the best star... Star with 4 terminals centered in 54
round took: 0.002763 s
|V| = 254, |E| = 317, |R| = 3
>> 94 (191: 12 51 12) (2.8e-05 s)
>> 0 (-1: -1 -1 -1) (2e-05 s)
Zelikovsky 0.001774 s
>> 94 (191: 54 51 12) (0.001729 s)
Zelikovsky- 0.001839 s
>>> get_solution
  refine_solution: new weight 21879 (was 21891) in 0.000193 s
  refine_solution: new weight 21879 (was 21879) in 0.000181 s
>>> get_solution
  refine_solution: new weight 21973 (was 21985) in 0.000177 s
  refine_solution: new weight 21973 (was 21973) in 0.000173 s
35,,140,317,3,,140,0,,21985,21973,21891,21891,21879,,933,4,@@

  handle_small_Steiner_degrees: steiner 0, suppress 0 in 1e-06 s
Starting round 36
Found 118 isolated vertices
Invalid ratios recomputed: 136
Best ratio is 702/2 (351.0), centered at 191
Finding the best star... Star with 3 terminals centered in 12
round took: 0.002294 s
|V| = 254, |E| = 308, |R| = 1
Zelikovsky 0.001572 s
Zelikovsky- 8.2e-05 s
>>> get_solution
  refine_solution: new weight 21879 (was 21891) in 0.000192 s
  refine_solution: new weight 21879 (was 21879) in 0.00018 s
>>> get_solution
  refine_solution: new weight 21879 (was 21891) in 0.000175 s
  refine_solution: new weight 21879 (was 21879) in 0.000171 s
36,,136,308,1,,136,0,,21891,21879,21891,21891,21879,,702,3,@@

  handle_small_Steiner_degrees: steiner 0, suppress 1 in 3e-06 s
contract_till_the_bitter_end: 4.19499 s

Calling end_heu
>>> get_solution
Saved weight 2587
end_heu: 0 loops with 0 unique solutions in 2.8e-05 s

Calling print_solution
>>> get_solution
  refine_solution: new weight 21879 (was 21891) in 0.000199 s
Oops orig weight was 21891 but we got 21879
## FINAL WEIGHT 21879
print_solution: 0.000347 s
