Version: final-94-gfffc3aa rub_all.sh: remove longest prefix
Random seed: 1558185152
Start
>>> save_orig_graph
>> Saved weight 0
Graph loaded
|V| = 1025, |E| = 5120, |R| = 135
First clearance of the input. Calling buy_zero and run_all_heuristics.
  buy_zero: 0 zero edges in 1.2e-05 s
  handle_small_terminal_degrees: terms 0 in 2e-06 s
  handle_small_Steiner_degrees: steiner 0, suppress 0 in 6e-06 s
  shortest_edge_between_terminals: 0 edges in 1.2e-05 s
Compressed graph 1025 -> 1024
  delete_edges: deleted 0 edges in 0.000915 s and 1 rounds
  handle_small_terminal_degrees: terms 0 in 2e-06 s
  handle_small_Steiner_degrees: steiner 0, suppress 0 in 6e-06 s
  shortest_edge_between_terminals: 0 edges in 1.1e-05 s
Compressed graph 1024 -> 1024
  delete_edges_shortest_path: deleted 0 edges in 0.010406 s
  handle_small_terminal_degrees: terms 0 in 1e-06 s
  handle_small_Steiner_degrees: steiner 0, suppress 0 in 3e-06 s
  shortest_edge_between_terminals: 0 edges in 5e-06 s
Compressed graph 1024 -> 1024
  handle_small_terminal_degrees: terms 0 in 1e-06 s
  handle_small_Steiner_degrees: steiner 0, suppress 0 in 2e-06 s
  shortest_edge_between_terminals: 0 edges in 6e-06 s
Compressed graph 1024 -> 1024
  delete_edges_shortest_path: deleted 0 edges in 0.009299 s
  handle_small_terminal_degrees: terms 0 in 1e-06 s
  handle_small_Steiner_degrees: steiner 0, suppress 0 in 2e-06 s
  shortest_edge_between_terminals: 0 edges in 6e-06 s
Compressed graph 1024 -> 1024
Compressed graph 1024 -> 1024
>>> save_orig_graph
>> Saved weight 0
### ZEL_LVL=9 PRECISE_STARS=1

Calling `contract_till_the_bitter_end`
|V| = 1024, |E| = 5120, |R| = 135
>> 2 (115: 51 83 51) (0.01179 s)
>> 2 (275: 259 274 259) (0.011543 s)
>> 2 (153: 137 217 137) (0.011978 s)
>> 2 (315: 283 379 283) (0.011625 s)
>> 2 (358: 326 374 326) (0.011766 s)
>> 2 (365: 109 367 109) (0.011932 s)
>> 2 (364: 108 300 108) (0.011723 s)
>> 2 (333: 329 349 329) (0.011653 s)
>> 2 (511: 255 479 255) (0.011942 s)
>> 2 (487: 423 486 423) (0.011811 s)
>> 2 (496: 240 500 240) (0.011833 s)
>> 2 (512: 0 513 0) (0.011812 s)
>> 0 (-1: -1 -1 -1) (0.007287 s)
Zelikovsky 0.451052 s
>> 2 (8: 0 520 24) (0.195015 s)
>> 2 (104: 108 616 0) (0.195909 s)
>> 2 (46: 38 174 108) (0.195412 s)
>> 2 (30: 22 286 38) (0.197532 s)
>> 2 (35: 51 99 22) (0.195602 s)
>> 2 (114: 626 242 51) (0.193185 s)
>> 2 (153: 137 409 217) (0.192824 s)
>> 2 (189: 61 701 137) (0.190598 s)
>> 2 (285: 797 349 61) (0.189477 s)
>> 2 (288: 800 416 352) (0.187592 s)
>> 2 (315: 283 443 379) (0.184857 s)
>> 2 (358: 326 486 374) (0.183295 s)
>> 2 (467: 979 499 471) (0.181354 s)
>> 2 (496: 240 504 500) (0.178703 s)
>> 2 (515: 513 643 514) (0.177413 s)
>> 2 (532: 788 596 564) (0.173746 s)
>> 2 (871: 869 867 326) (0.170429 s)
>> 2 (903: 902 911 901) (0.167593 s)
>> 2 (908: 396 972 940) (0.165228 s)
>> 1 (3: 513 626 259) (0.16289 s)
>> 1 (4: 132 788 513) (0.160921 s)
>> 1 (18: 132 274 146) (0.15908 s)
>> 1 (31: 797 607 132) (0.157435 s)
>> 1 (39: 797 869 551) (0.156038 s)
>> 1 (41: 797 809 169) (0.154671 s)
>> 1 (58: 797 570 283) (0.15332 s)
>> 1 (62: 797 190 126) (0.152015 s)
>> 1 (72: 797 329 74) (0.15111 s)
>> 1 (119: 797 759 117) (0.14886 s)
>> 1 (205: 717 797 493) (0.147264 s)
>> 1 (197: 717 199 196) (0.145801 s)
>> 1 (260: 717 268 261) (0.14444 s)
>> 1 (292: 800 717 300) (0.143645 s)
>> 1 (304: 800 305 240) (0.142031 s)
>> 1 (432: 800 946 436) (0.140607 s)
>> 1 (448: 960 800 449) (0.139372 s)
>> 1 (465: 979 977 960) (0.138174 s)
>> 1 (528: 979 656 529) (0.136735 s)
>> 1 (558: 979 622 559) (0.135235 s)
>> 1 (567: 979 823 695) (0.134435 s)
>> 1 (579: 979 587 577) (0.133552 s)
>> 1 (644: 979 740 396) (0.132682 s)
>> 1 (662: 670 979 726) (0.130965 s)
>> 1 (672: 670 674 673) (0.130063 s)
>> 1 (775: 902 791 774) (0.129118 s)
>> 1 (840: 670 856 841) (0.128364 s)
>> 1 (894: 1022 892 670) (0.126919 s)
>> 0 (-1: -1 -1 -1) (0.125904 s)
Zelikovsky- 7.66564 s
>>> get_solution
  refine_solution: new weight 379 (was 383) in 0.001543 s
  refine_solution: new weight 378 (was 379) in 0.001536 s
  refine_solution: new weight 378 (was 378) in 0.001531 s
>>> get_solution
  refine_solution: new weight 461 (was 481) in 0.001569 s
  refine_solution: new weight 448 (was 461) in 0.00158 s
  refine_solution: new weight 440 (was 448) in 0.001578 s
  refine_solution: new weight 435 (was 440) in 0.001577 s
  refine_solution: new weight 433 (was 435) in 0.001581 s
  refine_solution: new weight 430 (was 433) in 0.001571 s
  refine_solution: new weight 430 (was 430) in 0.001588 s
0,,1024,5120,135,,0,0,,481,430,425,383,378,,0,0,@@

  delete_edges: deleted 0 edges in 0.00041 s and 1 rounds
  handle_small_Steiner_degrees: steiner 0, suppress 0 in 3e-06 s
Starting round 1
Found 0 isolated vertices
Invalid ratios recomputed: 1024
Best ratio is 24/9 (2.7), centered at 359
Finding the best star... Star with 10 terminals centered in 839
round took: 0.139914 s
|V| = 1024, |E| = 5077, |R| = 126
>> 2 (275: 259 274 259) (0.010197 s)
>> 2 (153: 137 217 137) (0.010318 s)
>> 2 (315: 283 379 283) (0.010247 s)
>> 2 (496: 240 500 240) (0.010146 s)
>> 2 (512: 0 513 0) (0.010395 s)
>> 0 (-1: -1 -1 -1) (0.00617 s)
Zelikovsky 0.328822 s
>> 2 (8: 0 520 24) (0.186405 s)
>> 2 (104: 108 616 0) (0.185487 s)
>> 2 (110: 839 622 126) (0.188542 s)
>> 2 (115: 83 839 51) (0.187463 s)
>> 2 (153: 137 409 217) (0.186681 s)
>> 2 (144: 656 146 137) (0.18522 s)
>> 2 (189: 61 701 191) (0.180096 s)
>> 2 (263: 259 261 83) (0.17804 s)
>> 2 (278: 286 259 22) (0.175707 s)
>> 2 (288: 800 416 108) (0.173681 s)
>> 2 (315: 283 443 379) (0.172442 s)
>> 2 (496: 240 504 500) (0.170048 s)
>> 2 (448: 960 449 240) (0.168287 s)
>> 2 (512: 513 800 514) (0.165831 s)
>> 2 (585: 841 587 577) (0.162104 s)
>> 2 (651: 907 667 643) (0.159731 s)
>> 2 (908: 396 972 940) (0.157985 s)
>> 1 (12: 513 524 268) (0.155439 s)
>> 1 (39: 286 551 38) (0.154044 s)
>> 1 (41: 513 809 169) (0.152541 s)
>> 1 (42: 513 570 298) (0.151209 s)
>> 1 (46: 513 286 174) (0.149809 s)
>> 1 (47: 513 559 15) (0.149047 s)
>> 1 (95: 607 513 349) (0.147062 s)
>> 1 (114: 607 626 242) (0.146176 s)
>> 1 (119: 607 759 117) (0.144894 s)
>> 1 (140: 607 396 132) (0.143801 s)
>> 1 (156: 656 607 220) (0.14214 s)
>> 1 (157: 61 656 149) (0.140992 s)
>> 1 (158: 61 670 190) (0.140006 s)
>> 1 (215: 61 471 199) (0.138863 s)
>> 1 (287: 61 797 283) (0.137644 s)
>> 1 (304: 61 816 305) (0.13643 s)
>> 1 (400: 960 402 61) (0.135289 s)
>> 1 (432: 960 946 436) (0.133198 s)
>> 1 (483: 960 995 499) (0.131903 s)
>> 1 (521: 841 960 907) (0.130931 s)
>> 1 (528: 841 596 529) (0.129004 s)
>> 1 (532: 841 788 564) (0.127146 s)
>> 1 (672: 841 674 673) (0.127128 s)
>> 1 (715: 841 747 714) (0.125497 s)
>> 1 (736: 841 744 740) (0.12463 s)
>> 1 (894: 1022 892 831) (0.123575 s)
>> 1 (887: 1022 841 823) (0.122663 s)
>> 1 (900: 1022 902 901) (0.120738 s)
>> 0 (-1: -1 -1 -1) (0.119458 s)
Zelikovsky- 6.97297 s
>>> get_solution
  refine_solution: new weight 370 (was 374) in 0.001541 s
  refine_solution: new weight 370 (was 370) in 0.00152 s
>>> get_solution
  refine_solution: new weight 444 (was 462) in 0.001582 s
  refine_solution: new weight 432 (was 444) in 0.001567 s
  refine_solution: new weight 423 (was 432) in 0.001573 s
  refine_solution: new weight 411 (was 423) in 0.001562 s
  refine_solution: new weight 408 (was 411) in 0.001573 s
  refine_solution: new weight 407 (was 408) in 0.001569 s
  refine_solution: new weight 406 (was 407) in 0.001567 s
  refine_solution: new weight 406 (was 406) in 0.001575 s
1,,1024,5077,126,,1024,0,,462,406,435,374,370,,24,10,@@

  handle_small_Steiner_degrees: steiner 0, suppress 0 in 3e-06 s
Starting round 2
Found 14 isolated vertices
Invalid ratios recomputed: 1001
Best ratio is 10/4 (2.5), centered at 47
Finding the best star... Star with 5 terminals centered in 38
round took: 0.14526 s
|V| = 1024, |E| = 5056, |R| = 122
>> 2 (263: 38 259 38) (0.00904 s)
>> 2 (125: 61 109 61) (0.008965 s)
>> 2 (115: 51 83 51) (0.009057 s)
>> 2 (124: 108 117 108) (0.008875 s)
>> 2 (278: 22 274 22) (0.008751 s)
>> 2 (153: 137 217 137) (0.008671 s)
>> 2 (315: 283 379 283) (0.008924 s)
>> 2 (333: 329 349 329) (0.008803 s)
>> 2 (511: 255 479 255) (0.00888 s)
>> 2 (496: 240 500 240) (0.009012 s)
>> 2 (512: 0 513 0) (0.008974 s)
>> 0 (-1: -1 -1 -1) (0.005809 s)
Zelikovsky 0.356698 s
>> 2 (8: 0 520 24) (0.18137 s)
>> 2 (42: 38 298 0) (0.180471 s)
>> 2 (18: 146 38 22) (0.184414 s)
>> 2 (110: 622 126 108) (0.181471 s)
>> 2 (114: 626 242 146) (0.179574 s)
>> 2 (153: 137 409 217) (0.17843 s)
>> 2 (248: 760 504 240) (0.176503 s)
>> 2 (282: 286 283 274) (0.173944 s)
>> 2 (288: 800 416 352) (0.171667 s)
>> 2 (315: 379 443 286) (0.169683 s)
>> 2 (515: 513 643 514) (0.167732 s)
>> 2 (532: 788 596 564) (0.165277 s)
>> 2 (662: 670 788 726) (0.162499 s)
>> 2 (690: 946 674 626) (0.16059 s)
>> 2 (829: 957 831 797) (0.158724 s)
>> 2 (903: 902 911 901) (0.155498 s)
>> 2 (908: 396 972 940) (0.153294 s)
>> 2 (961: 449 977 960) (0.150896 s)
>> 1 (3: 513 946 259) (0.147689 s)
>> 1 (4: 132 513 261) (0.146156 s)
>> 1 (12: 132 524 268) (0.14393 s)
>> 1 (40: 132 800 56) (0.142514 s)
>> 1 (45: 132 109 61) (0.141295 s)
>> 1 (46: 132 622 174) (0.140048 s)
>> 1 (58: 132 570 379) (0.13886 s)
>> 1 (82: 132 336 83) (0.137461 s)
>> 1 (104: 132 760 616) (0.136155 s)
>> 1 (182: 132 436 190) (0.135061 s)
>> 1 (183: 132 695 191) (0.133998 s)
>> 1 (185: 137 169 132) (0.13323 s)
>> 1 (247: 137 759 255) (0.132548 s)
>> 1 (215: 137 471 199) (0.131723 s)
>> 1 (95: 607 349 137) (0.130624 s)
>> 1 (221: 607 717 220) (0.130195 s)
>> 1 (301: 607 957 300) (0.129211 s)
>> 1 (304: 607 816 305) (0.128749 s)
>> 1 (483: 607 995 499) (0.127986 s)
>> 1 (502: 607 1022 500) (0.126863 s)
>> 1 (518: 670 774 607) (0.12579 s)
>> 1 (528: 670 656 529) (0.12508 s)
>> 1 (579: 670 587 577) (0.123929 s)
>> 1 (775: 902 791 670) (0.123354 s)
>> 1 (833: 449 902 841) (0.122869 s)
>> 0 (-1: -1 -1 -1) (0.121003 s)
Zelikovsky- 6.51606 s
>>> get_solution
  refine_solution: new weight 377 (was 378) in 0.001558 s
  refine_solution: new weight 375 (was 377) in 0.001545 s
  refine_solution: new weight 375 (was 375) in 0.001548 s
>>> get_solution
  refine_solution: new weight 444 (was 460) in 0.001577 s
  refine_solution: new weight 427 (was 444) in 0.001578 s
  refine_solution: new weight 417 (was 427) in 0.001579 s
  refine_solution: new weight 414 (was 417) in 0.001579 s
  refine_solution: new weight 414 (was 414) in 0.001571 s
2,,1010,5056,122,,1001,0,,460,414,413,378,375,,10,5,@@

  handle_small_Steiner_degrees: steiner 0, suppress 0 in 3e-06 s
Starting round 3
Found 20 isolated vertices
Invalid ratios recomputed: 1001
Best ratio is 10/4 (2.5), centered at 44
Finding the best star... Star with 5 terminals centered in 38
round took: 0.155526 s
|V| = 1024, |E| = 5035, |R| = 118
>> 2 (4: 0 38 0) (0.008476 s)
>> 0 (-1: -1 -1 -1) (0.005433 s)
Zelikovsky 0.252246 s
>> 2 (4: 0 132 38) (0.177735 s)
>> 2 (110: 126 622 0) (0.176732 s)
>> 2 (153: 137 409 217) (0.175576 s)
>> 2 (144: 656 146 137) (0.173885 s)
>> 2 (248: 760 504 240) (0.172356 s)
>> 2 (275: 283 274 259) (0.171541 s)
>> 2 (288: 800 416 126) (0.168222 s)
>> 2 (315: 283 443 379) (0.164876 s)
>> 2 (512: 513 520 514) (0.163552 s)
>> 2 (532: 788 596 513) (0.161517 s)
>> 2 (585: 841 587 577) (0.160052 s)
>> 2 (642: 674 788 643) (0.15818 s)
>> 2 (662: 670 726 674) (0.156568 s)
>> 2 (829: 957 831 797) (0.154358 s)
>> 2 (903: 902 911 901) (0.151612 s)
>> 2 (908: 396 972 940) (0.149412 s)
>> 2 (961: 449 977 960) (0.147708 s)
>> 1 (19: 283 83 51) (0.145187 s)
>> 1 (16: 656 336 283) (0.143983 s)
>> 1 (20: 670 656 22) (0.14285 s)
>> 1 (58: 570 670 56) (0.141179 s)
>> 1 (114: 626 570 242) (0.140037 s)
>> 1 (148: 626 436 149) (0.138872 s)
>> 1 (175: 800 191 174) (0.137347 s)
>> 1 (212: 626 220 196) (0.136349 s)
>> 1 (244: 626 740 500) (0.13521 s)
>> 1 (260: 800 268 261) (0.134073 s)
>> 1 (282: 626 858 286) (0.13308 s)
>> 1 (304: 800 816 305) (0.131962 s)
>> 1 (317: 957 626 349) (0.130939 s)
>> 1 (330: 957 458 74) (0.129703 s)
>> 1 (434: 946 800 402) (0.128639 s)
>> 1 (455: 946 471 199) (0.127661 s)
>> 1 (483: 946 995 499) (0.127134 s)
>> 1 (584: 841 957 616) (0.126068 s)
>> 1 (589: 841 717 607) (0.124497 s)
>> 1 (641: 841 673 449) (0.12329 s)
>> 1 (712: 841 744 714) (0.121579 s)
>> 1 (758: 841 1022 759) (0.120668 s)
>> 1 (772: 841 774 396) (0.119761 s)
>> 1 (899: 902 907 841) (0.118857 s)
>> 0 (-1: -1 -1 -1) (0.118043 s)
Zelikovsky- 6.06824 s
>>> get_solution
  refine_solution: new weight 375 (was 376) in 0.001551 s
  refine_solution: new weight 374 (was 375) in 0.001529 s
  refine_solution: new weight 374 (was 374) in 0.001524 s
>>> get_solution
  refine_solution: new weight 435 (was 448) in 0.001578 s
  refine_solution: new weight 422 (was 435) in 0.001572 s
  refine_solution: new weight 416 (was 422) in 0.001568 s
  refine_solution: new weight 414 (was 416) in 0.001561 s
  refine_solution: new weight 414 (was 414) in 0.001565 s
3,,1004,5035,118,,1001,0,,448,414,446,376,374,,10,5,@@

  handle_small_Steiner_degrees: steiner 0, suppress 0 in 3e-06 s
Starting round 4
Found 26 isolated vertices
Invalid ratios recomputed: 997
Best ratio is 10/4 (2.5), centered at 8
Finding the best star... Star with 5 terminals centered in 0
round took: 0.167579 s
|V| = 1024, |E| = 5017, |R| = 114
>> 2 (263: 0 259 0) (0.008165 s)
>> 0 (-1: -1 -1 -1) (0.005104 s)
Zelikovsky 0.237658 s
>> 2 (110: 0 622 126) (0.174962 s)
>> 2 (153: 137 409 217) (0.172746 s)
>> 2 (144: 656 146 137) (0.171197 s)
>> 2 (263: 259 261 0) (0.169225 s)
>> 2 (282: 286 283 274) (0.165663 s)
>> 2 (288: 800 416 259) (0.163222 s)
>> 2 (315: 379 443 286) (0.162082 s)
>> 2 (496: 240 504 500) (0.15982 s)
>> 2 (448: 960 449 240) (0.157463 s)
>> 2 (512: 513 800 514) (0.155506 s)
>> 2 (532: 788 596 513) (0.152481 s)
>> 2 (585: 841 587 577) (0.150964 s)
>> 2 (651: 907 667 643) (0.149066 s)
>> 2 (662: 670 788 726) (0.146783 s)
>> 2 (829: 957 831 797) (0.14548 s)
>> 2 (908: 396 972 940) (0.142885 s)
>> 1 (10: 670 379 74) (0.141251 s)
>> 1 (19: 51 670 83) (0.140341 s)
>> 1 (73: 841 329 51) (0.139198 s)
>> 1 (93: 841 607 349) (0.137999 s)
>> 1 (138: 841 907 202) (0.136236 s)
>> 1 (148: 656 149 132) (0.135258 s)
>> 1 (175: 841 191 174) (0.134192 s)
>> 1 (212: 656 220 196) (0.133161 s)
>> 1 (304: 841 816 305) (0.132187 s)
>> 1 (400: 960 656 402) (0.131061 s)
>> 1 (432: 960 841 436) (0.129683 s)
>> 1 (455: 960 471 199) (0.127581 s)
>> 1 (483: 960 995 499) (0.126716 s)
>> 1 (546: 960 674 626) (0.125595 s)
>> 1 (554: 960 810 555) (0.124367 s)
>> 1 (573: 957 960 701) (0.123691 s)
>> 1 (608: 957 740 616) (0.12265 s)
>> 1 (772: 957 774 396) (0.12143 s)
>> 0 (-1: -1 -1 -1) (0.119463 s)
Zelikovsky- 5.02801 s
>>> get_solution
  refine_solution: new weight 375 (was 377) in 0.001542 s
  refine_solution: new weight 373 (was 375) in 0.001527 s
  refine_solution: new weight 373 (was 373) in 0.001521 s
>>> get_solution
  refine_solution: new weight 429 (was 446) in 0.001574 s
  refine_solution: new weight 420 (was 429) in 0.00157 s
  refine_solution: new weight 414 (was 420) in 0.001553 s
  refine_solution: new weight 411 (was 414) in 0.001553 s
  refine_solution: new weight 407 (was 411) in 0.001557 s
  refine_solution: new weight 406 (was 407) in 0.001564 s
  refine_solution: new weight 405 (was 406) in 0.001564 s
  refine_solution: new weight 404 (was 405) in 0.001554 s
  refine_solution: new weight 404 (was 404) in 0.001555 s
4,,998,5017,114,,997,0,,446,404,444,377,373,,10,5,@@

  handle_small_Steiner_degrees: steiner 0, suppress 0 in 3e-06 s
Starting round 5
Found 32 isolated vertices
Invalid ratios recomputed: 992
Best ratio is 10/4 (2.5), centered at 140
Finding the best star... Star with 5 terminals centered in 132
round took: 0.176503 s
|V| = 1024, |E| = 4993, |R| = 110
>> 2 (263: 132 259 132) (0.007363 s)
>> 2 (115: 51 83 51) (0.00725 s)
>> 2 (21: 22 117 22) (0.007134 s)
>> 0 (-1: -1 -1 -1) (0.004824 s)
Zelikovsky 0.241645 s
>> 2 (30: 22 286 132) (0.166215 s)
>> 2 (153: 137 409 217) (0.166132 s)
>> 2 (144: 656 146 137) (0.163656 s)
>> 2 (263: 259 261 22) (0.161967 s)
>> 2 (288: 800 416 259) (0.15984 s)
>> 2 (315: 283 443 379) (0.158786 s)
>> 2 (496: 240 504 500) (0.156116 s)
>> 2 (448: 960 449 240) (0.154125 s)
>> 2 (512: 513 800 514) (0.151949 s)
>> 2 (532: 788 596 513) (0.150143 s)
>> 2 (562: 570 788 626) (0.148656 s)
>> 2 (585: 841 587 577) (0.146244 s)
>> 2 (651: 907 667 643) (0.144683 s)
>> 2 (703: 191 701 695) (0.142758 s)
>> 2 (908: 972 940 570) (0.140482 s)
>> 1 (19: 51 972 83) (0.138502 s)
>> 1 (41: 51 809 169) (0.13737 s)
>> 1 (46: 51 622 174) (0.136575 s)
>> 1 (62: 51 190 126) (0.135229 s)
>> 1 (63: 51 283 191) (0.1342 s)
>> 2 (285: 797 349 51) (0.133979 s)
>> 1 (127: 797 607 255) (0.131777 s)
>> 2 (894: 1022 892 797) (0.130645 s)
>> 1 (156: 656 1022 220) (0.129303 s)
>> 1 (304: 656 816 305) (0.127652 s)
>> 1 (400: 960 656 402) (0.126577 s)
>> 1 (455: 960 471 199) (0.124821 s)
>> 1 (483: 960 995 499) (0.123774 s)
>> 1 (521: 841 960 907) (0.123032 s)
>> 1 (608: 841 740 616) (0.121649 s)
>> 1 (662: 670 841 726) (0.120278 s)
>> 1 (715: 670 747 714) (0.119193 s)
>> 1 (775: 670 791 774) (0.118283 s)
>> 1 (900: 670 902 901) (0.117734 s)
>> 0 (-1: -1 -1 -1) (0.117161 s)
Zelikovsky- 4.86591 s
>>> get_solution
  refine_solution: new weight 371 (was 376) in 0.001544 s
  refine_solution: new weight 370 (was 371) in 0.001518 s
  refine_solution: new weight 369 (was 370) in 0.00152 s
  refine_solution: new weight 369 (was 369) in 0.001509 s
>>> get_solution
  refine_solution: new weight 422 (was 441) in 0.001584 s
  refine_solution: new weight 409 (was 422) in 0.001554 s
  refine_solution: new weight 403 (was 409) in 0.00156 s
  refine_solution: new weight 402 (was 403) in 0.001549 s
  refine_solution: new weight 402 (was 402) in 0.001546 s
5,,992,4993,110,,992,0,,441,402,433,376,369,,10,5,@@

  handle_small_Steiner_degrees: steiner 0, suppress 0 in 2e-06 s
Starting round 6
Found 38 isolated vertices
Invalid ratios recomputed: 986
Best ratio is 10/4 (2.5), centered at 511
Finding the best star... Star with 5 terminals centered in 499
round took: 0.181366 s
|V| = 1024, |E| = 4975, |R| = 106
>> 2 (275: 259 274 259) (0.00697 s)
>> 2 (153: 137 217 137) (0.006944 s)
>> 2 (411: 283 409 283) (0.006829 s)
>> 2 (30: 22 286 22) (0.006979 s)
>> 0 (-1: -1 -1 -1) (0.004203 s)
Zelikovsky 0.242416 s
>> 2 (30: 22 499 286) (0.161984 s)
>> 2 (153: 137 409 217) (0.162142 s)
>> 2 (144: 656 146 137) (0.159418 s)
>> 2 (263: 259 261 22) (0.158077 s)
>> 2 (288: 800 416 259) (0.155748 s)
>> 2 (512: 513 800 514) (0.153424 s)
>> 2 (532: 788 596 513) (0.151177 s)
>> 2 (562: 570 788 626) (0.149406 s)
>> 2 (585: 841 587 577) (0.1477 s)
>> 2 (651: 907 667 643) (0.145848 s)
>> 2 (829: 957 831 797) (0.143961 s)
>> 2 (908: 972 940 570) (0.141534 s)
>> 2 (961: 449 977 960) (0.139411 s)
>> 1 (19: 51 283 83) (0.13679 s)
>> 1 (46: 972 622 174) (0.135801 s)
>> 1 (62: 972 190 126) (0.134468 s)
>> 1 (72: 972 841 74) (0.133473 s)
>> 2 (344: 856 972 336) (0.132617 s)
>> 1 (156: 656 856 220) (0.130546 s)
>> 1 (279: 51 791 656) (0.128815 s)
>> 1 (304: 51 816 305) (0.1281 s)
>> 1 (447: 51 443 191) (0.126793 s)
>> 1 (523: 907 555 51) (0.125817 s)
>> 1 (542: 907 670 607) (0.124784 s)
>> 1 (573: 957 907 701) (0.123838 s)
>> 1 (608: 957 740 616) (0.122864 s)
>> 1 (713: 957 717 449) (0.121592 s)
>> 1 (712: 957 744 714) (0.120239 s)
>> 1 (900: 957 902 901) (0.119169 s)
>> 1 (963: 957 995 979) (0.118274 s)
>> 0 (-1: -1 -1 -1) (0.117396 s)
Zelikovsky- 4.25712 s
>>> get_solution
  refine_solution: new weight 374 (was 377) in 0.001548 s
  refine_solution: new weight 373 (was 374) in 0.001534 s
  refine_solution: new weight 373 (was 373) in 0.001527 s
>>> get_solution
  refine_solution: new weight 420 (was 432) in 0.00158 s
  refine_solution: new weight 410 (was 420) in 0.001568 s
  refine_solution: new weight 402 (was 410) in 0.001571 s
  refine_solution: new weight 400 (was 402) in 0.001564 s
  refine_solution: new weight 400 (was 400) in 0.001566 s
6,,986,4975,106,,986,0,,432,400,418,377,373,,10,5,@@

  handle_small_Steiner_degrees: steiner 0, suppress 0 in 3e-06 s
Starting round 7
Found 44 isolated vertices
Invalid ratios recomputed: 980
Best ratio is 10/4 (2.5), centered at 554
Finding the best star... Star with 5 terminals centered in 499
round took: 0.189829 s
|V| = 1024, |E| = 4950, |R| = 102
>> 2 (275: 259 274 259) (0.006389 s)
>> 2 (153: 137 217 137) (0.006307 s)
>> 2 (411: 283 409 283) (0.006335 s)
>> 2 (30: 22 286 22) (0.00626 s)
>> 0 (-1: -1 -1 -1) (0.003862 s)
Zelikovsky 0.229509 s
>> 2 (30: 22 499 286) (0.155689 s)
>> 2 (153: 137 409 217) (0.155445 s)
>> 2 (144: 656 146 137) (0.153566 s)
>> 2 (263: 259 261 22) (0.151686 s)
>> 2 (288: 800 416 259) (0.149778 s)
>> 2 (515: 513 643 514) (0.147932 s)
>> 2 (532: 788 596 564) (0.146551 s)
>> 2 (716: 717 972 800) (0.144439 s)
>> 2 (829: 957 831 797) (0.142891 s)
>> 2 (903: 902 911 901) (0.140435 s)
>> 2 (961: 449 977 960) (0.138827 s)
>> 1 (3: 513 717 83) (0.136005 s)
>> 1 (16: 656 788 336) (0.134406 s)
>> 1 (19: 513 283 51) (0.133988 s)
>> 1 (62: 513 190 126) (0.132572 s)
>> 1 (75: 513 587 74) (0.131731 s)
>> 1 (95: 607 513 349) (0.130551 s)
>> 1 (172: 607 940 174) (0.128908 s)
>> 1 (248: 760 504 240) (0.127456 s)
>> 1 (273: 656 607 305) (0.126831 s)
>> 1 (347: 656 858 379) (0.125215 s)
>> 1 (447: 656 443 191) (0.124018 s)
>> 1 (546: 656 674 626) (0.123072 s)
>> 1 (573: 957 656 633) (0.121937 s)
>> 1 (618: 957 622 616) (0.121113 s)
>> 1 (662: 670 957 726) (0.120488 s)
>> 1 (712: 670 744 714) (0.119042 s)
>> 1 (705: 449 670 577) (0.117918 s)
>> 1 (775: 449 791 774) (0.116195 s)
>> 1 (818: 449 946 816) (0.115576 s)
>> 1 (857: 449 856 841) (0.114947 s)
>> 1 (963: 449 995 979) (0.113994 s)
>> 1 (971: 449 1003 907) (0.113368 s)
>> 0 (-1: -1 -1 -1) (0.112474 s)
Zelikovsky- 4.47534 s
>>> get_solution
  refine_solution: new weight 372 (was 373) in 0.001556 s
  refine_solution: new weight 370 (was 372) in 0.001536 s
  refine_solution: new weight 370 (was 370) in 0.001528 s
>>> get_solution
  refine_solution: new weight 412 (was 428) in 0.00157 s
  refine_solution: new weight 404 (was 412) in 0.001575 s
  refine_solution: new weight 398 (was 404) in 0.001565 s
  refine_solution: new weight 397 (was 398) in 0.001566 s
  refine_solution: new weight 397 (was 397) in 0.001573 s
7,,980,4950,102,,980,0,,428,397,413,373,370,,10,5,@@

  handle_small_Steiner_degrees: steiner 0, suppress 0 in 3e-06 s
Starting round 8
Found 50 isolated vertices
Invalid ratios recomputed: 974
Best ratio is 12/5 (2.4), centered at 746
Finding the best star... Star with 6 terminals centered in 744
round took: 0.187494 s
|V| = 1024, |E| = 4922, |R| = 97
>> 2 (275: 259 274 259) (0.00574 s)
>> 2 (153: 137 217 137) (0.005712 s)
>> 2 (411: 283 409 283) (0.005676 s)
>> 2 (496: 240 500 240) (0.005647 s)
>> 2 (515: 513 514 513) (0.005453 s)
>> 2 (30: 22 286 22) (0.005552 s)
>> 0 (-1: -1 -1 -1) (0.003462 s)
Zelikovsky 0.229391 s
>> 2 (30: 22 744 286) (0.150536 s)
>> 2 (153: 137 409 217) (0.149615 s)
>> 2 (144: 656 146 137) (0.147581 s)
>> 2 (263: 259 261 22) (0.146048 s)
>> 2 (288: 800 416 259) (0.144177 s)
>> 2 (515: 513 643 514) (0.142756 s)
>> 2 (532: 788 596 564) (0.14115 s)
>> 2 (716: 717 972 800) (0.139107 s)
>> 2 (829: 957 831 797) (0.137961 s)
>> 2 (903: 902 911 901) (0.135624 s)
>> 2 (961: 449 977 960) (0.134191 s)
>> 1 (3: 717 513 83) (0.131488 s)
>> 1 (16: 656 788 336) (0.129917 s)
>> 1 (19: 717 283 51) (0.129555 s)
>> 1 (62: 717 190 126) (0.128187 s)
>> 1 (75: 717 587 74) (0.127538 s)
>> 1 (95: 607 717 349) (0.126509 s)
>> 1 (172: 607 940 174) (0.1247 s)
>> 1 (248: 760 504 240) (0.123269 s)
>> 1 (273: 656 607 305) (0.122629 s)
>> 1 (347: 656 858 379) (0.120946 s)
>> 1 (447: 656 443 191) (0.119512 s)
>> 1 (573: 957 656 633) (0.118904 s)
>> 1 (662: 670 957 726) (0.117895 s)
>> 1 (690: 946 674 670) (0.116637 s)
>> 1 (754: 946 626 242) (0.11609 s)
>> 1 (775: 902 791 774) (0.114746 s)
>> 1 (833: 449 841 577) (0.11393 s)
>> 1 (321: 449 946 329) (0.113178 s)
>> 1 (963: 449 995 979) (0.111286 s)
>> 1 (971: 449 1003 907) (0.110579 s)
>> 0 (-1: -1 -1 -1) (0.109787 s)
Zelikovsky- 4.10199 s
>>> get_solution
  refine_solution: new weight 369 (was 370) in 0.001549 s
  refine_solution: new weight 369 (was 369) in 0.00154 s
>>> get_solution
  refine_solution: new weight 414 (was 425) in 0.001567 s
  refine_solution: new weight 409 (was 414) in 0.001567 s
  refine_solution: new weight 407 (was 409) in 0.001557 s
  refine_solution: new weight 407 (was 407) in 0.001552 s
8,,974,4922,97,,974,0,,425,407,403,370,369,,12,6,@@

  handle_small_Steiner_degrees: steiner 0, suppress 0 in 2e-06 s
Starting round 9
Found 57 isolated vertices
Invalid ratios recomputed: 967
Best ratio is 10/4 (2.5), centered at 716
Finding the best star... Star with 5 terminals centered in 196
round took: 0.183004 s
|V| = 1024, |E| = 4899, |R| = 93
>> 2 (263: 196 259 196) (0.005222 s)
>> 2 (115: 51 83 51) (0.00543 s)
>> 2 (21: 22 117 22) (0.005403 s)
>> 0 (-1: -1 -1 -1) (0.003566 s)
Zelikovsky 0.196279 s
>> 2 (30: 22 286 196) (0.145299 s)
>> 2 (153: 137 409 217) (0.144717 s)
>> 2 (144: 656 146 137) (0.143434 s)
>> 2 (263: 259 261 22) (0.141959 s)
>> 2 (288: 800 416 259) (0.140297 s)
>> 2 (515: 513 643 514) (0.138793 s)
>> 2 (532: 788 596 564) (0.137231 s)
>> 2 (829: 957 831 797) (0.13508 s)
>> 2 (903: 902 911 901) (0.132738 s)
>> 2 (961: 449 977 960) (0.131161 s)
>> 1 (3: 513 800 83) (0.128492 s)
>> 1 (16: 656 788 336) (0.127044 s)
>> 1 (19: 513 283 51) (0.126502 s)
>> 1 (62: 513 190 126) (0.125278 s)
>> 1 (75: 513 587 74) (0.124369 s)
>> 1 (95: 607 513 349) (0.123347 s)
>> 1 (172: 607 940 174) (0.12266 s)
>> 1 (248: 760 504 240) (0.121569 s)
>> 1 (273: 656 607 305) (0.120548 s)
>> 1 (347: 656 858 379) (0.119828 s)
>> 1 (447: 656 443 191) (0.118197 s)
>> 1 (573: 957 656 633) (0.116885 s)
>> 1 (662: 670 957 726) (0.11608 s)
>> 1 (690: 946 674 670) (0.114881 s)
>> 1 (754: 946 626 242) (0.114066 s)
>> 1 (775: 946 791 774) (0.113267 s)
>> 1 (833: 449 841 577) (0.112727 s)
>> 1 (321: 449 946 329) (0.111506 s)
>> 1 (963: 449 995 979) (0.109872 s)
>> 1 (971: 449 1003 907) (0.109433 s)
>> 0 (-1: -1 -1 -1) (0.108616 s)
Zelikovsky- 3.88169 s
>>> get_solution
  refine_solution: new weight 369 (was 370) in 0.001544 s
  refine_solution: new weight 369 (was 369) in 0.001534 s
>>> get_solution
  refine_solution: new weight 408 (was 419) in 0.001562 s
  refine_solution: new weight 400 (was 408) in 0.00156 s
  refine_solution: new weight 400 (was 400) in 0.001551 s
9,,967,4899,93,,967,0,,419,400,409,370,369,,10,5,@@

  handle_small_Steiner_degrees: steiner 0, suppress 0 in 3e-06 s
Starting round 10
Found 63 isolated vertices
Invalid ratios recomputed: 961
Best ratio is 10/4 (2.5), centered at 959
Finding the best star... Star with 5 terminals centered in 831
round took: 0.182868 s
|V| = 1024, |E| = 4875, |R| = 89
>> 2 (275: 259 274 259) (0.004781 s)
>> 2 (153: 137 217 137) (0.004731 s)
>> 2 (496: 240 500 240) (0.004679 s)
>> 2 (515: 513 514 513) (0.004629 s)
>> 2 (532: 564 596 564) (0.004616 s)
>> 2 (789: 788 791 788) (0.004541 s)
>> 2 (288: 352 416 352) (0.004479 s)
>> 2 (30: 22 286 22) (0.004404 s)
>> 0 (-1: -1 -1 -1) (0.002815 s)
Zelikovsky 0.214489 s
>> 2 (30: 22 831 286) (0.140369 s)
>> 2 (153: 137 409 217) (0.139439 s)
>> 2 (144: 656 146 137) (0.137746 s)
>> 2 (263: 259 261 22) (0.136564 s)
>> 2 (288: 800 416 259) (0.134882 s)
>> 2 (515: 513 643 514) (0.133134 s)
>> 2 (532: 788 596 564) (0.131503 s)
>> 2 (961: 449 977 960) (0.129656 s)
>> 1 (3: 513 800 83) (0.126869 s)
>> 1 (16: 656 788 336) (0.125403 s)
>> 1 (19: 513 283 51) (0.124698 s)
>> 1 (41: 513 809 169) (0.123336 s)
>> 1 (62: 513 190 126) (0.122051 s)
>> 1 (75: 513 587 74) (0.121256 s)
>> 1 (95: 607 513 349) (0.120304 s)
>> 1 (172: 607 940 174) (0.119302 s)
>> 1 (248: 760 504 240) (0.118283 s)
>> 1 (273: 656 607 305) (0.117575 s)
>> 1 (347: 656 858 379) (0.115517 s)
>> 1 (632: 760 892 633) (0.114276 s)
>> 1 (634: 760 656 626) (0.113768 s)
>> 1 (662: 670 760 726) (0.112083 s)
>> 1 (690: 946 674 670) (0.110858 s)
>> 1 (775: 946 791 774) (0.11031 s)
>> 1 (773: 946 901 797) (0.109659 s)
>> 1 (833: 449 841 577) (0.108841 s)
>> 1 (903: 946 911 902) (0.108172 s)
>> 1 (963: 449 995 979) (0.107273 s)
>> 1 (899: 946 907 449) (0.106583 s)
>> 0 (-1: -1 -1 -1) (0.105068 s)
Zelikovsky- 3.63036 s
>>> get_solution
  refine_solution: new weight 370 (was 371) in 0.001541 s
  refine_solution: new weight 369 (was 370) in 0.00152 s
  refine_solution: new weight 369 (was 369) in 0.001518 s
>>> get_solution
  refine_solution: new weight 408 (was 417) in 0.001562 s
  refine_solution: new weight 404 (was 408) in 0.001555 s
  refine_solution: new weight 401 (was 404) in 0.001558 s
  refine_solution: new weight 398 (was 401) in 0.00156 s
  refine_solution: new weight 398 (was 398) in 0.001564 s
10,,961,4875,89,,961,0,,417,398,385,371,369,,10,5,@@

  handle_small_Steiner_degrees: steiner 0, suppress 0 in 2e-06 s
Starting round 11
Found 69 isolated vertices
Invalid ratios recomputed: 955
Best ratio is 10/4 (2.5), centered at 702
Finding the best star... Star with 5 terminals centered in 190
round took: 0.178068 s
|V| = 1024, |E| = 4848, |R| = 85
>> 2 (263: 190 259 190) (0.0043 s)
>> 2 (115: 51 83 51) (0.00472 s)
>> 2 (118: 22 117 22) (0.004601 s)
>> 0 (-1: -1 -1 -1) (0.003094 s)
Zelikovsky 0.175961 s
>> 2 (30: 22 286 190) (0.135998 s)
>> 2 (153: 137 409 217) (0.13537 s)
>> 2 (144: 656 146 137) (0.133757 s)
>> 2 (263: 259 261 22) (0.13306 s)
>> 2 (288: 800 416 259) (0.131329 s)
>> 2 (515: 513 643 514) (0.12941 s)
>> 2 (532: 788 596 564) (0.127951 s)
>> 2 (961: 449 977 960) (0.126182 s)
>> 1 (3: 513 800 83) (0.123695 s)
>> 1 (16: 656 788 336) (0.122513 s)
>> 1 (19: 513 283 51) (0.121835 s)
>> 1 (41: 513 809 169) (0.120493 s)
>> 1 (75: 513 587 74) (0.119339 s)
>> 1 (94: 513 607 126) (0.118203 s)
>> 1 (172: 513 940 174) (0.116583 s)
>> 1 (248: 760 504 240) (0.115926 s)
>> 1 (273: 513 656 305) (0.115167 s)
>> 2 (285: 797 513 349) (0.113243 s)
>> 1 (690: 946 797 674) (0.112336 s)
>> 1 (754: 946 626 242) (0.111468 s)
>> 1 (758: 946 759 726) (0.110433 s)
>> 1 (775: 946 791 774) (0.109646 s)
>> 1 (833: 449 841 577) (0.108925 s)
>> 1 (321: 449 946 329) (0.108339 s)
>> 1 (860: 856 892 449) (0.106339 s)
>> 1 (903: 856 902 901) (0.106 s)
>> 1 (963: 856 995 979) (0.105057 s)
>> 1 (971: 856 1003 907) (0.104429 s)
>> 0 (-1: -1 -1 -1) (0.103931 s)
Zelikovsky- 3.43238 s
>>> get_solution
  refine_solution: new weight 368 (was 368) in 0.001544 s
>>> get_solution
  refine_solution: new weight 410 (was 413) in 0.001572 s
  refine_solution: new weight 407 (was 410) in 0.001558 s
  refine_solution: new weight 403 (was 407) in 0.001552 s
  refine_solution: new weight 401 (was 403) in 0.001581 s
  refine_solution: new weight 399 (was 401) in 0.001552 s
  refine_solution: new weight 399 (was 399) in 0.001556 s
11,,955,4848,85,,955,0,,413,399,407,368,368,,10,5,@@

  handle_small_Steiner_degrees: steiner 0, suppress 0 in 3e-06 s
Starting round 12
Found 75 isolated vertices
Invalid ratios recomputed: 949
Best ratio is 5/2 (2.5), centered at 514
Finding the best star... Star with 3 terminals centered in 514
round took: 0.178182 s
|V| = 1024, |E| = 4833, |R| = 83
>> 2 (275: 259 274 259) (0.004109 s)
>> 2 (153: 137 217 137) (0.004031 s)
>> 2 (496: 240 500 240) (0.004002 s)
>> 2 (30: 22 286 22) (0.003934 s)
>> 0 (-1: -1 -1 -1) (0.002448 s)
Zelikovsky 0.178193 s
>> 2 (30: 22 514 286) (0.132636 s)
>> 2 (153: 137 409 217) (0.132443 s)
>> 2 (144: 656 146 137) (0.130838 s)
>> 2 (263: 259 261 22) (0.129754 s)
>> 2 (515: 513 643 259) (0.127713 s)
>> 2 (532: 788 596 564) (0.126058 s)
>> 2 (961: 449 977 960) (0.124756 s)
>> 1 (16: 656 788 336) (0.122466 s)
>> 1 (19: 513 83 51) (0.121667 s)
>> 1 (41: 513 809 169) (0.120181 s)
>> 1 (94: 513 607 126) (0.118579 s)
>> 1 (160: 161 513 416) (0.117037 s)
>> 1 (172: 161 940 174) (0.116059 s)
>> 1 (176: 161 656 240) (0.115148 s)
>> 1 (178: 161 946 242) (0.11257 s)
>> 1 (248: 760 504 161) (0.111837 s)
>> 1 (285: 797 349 283) (0.111236 s)
>> 1 (279: 797 791 760) (0.110618 s)
>> 1 (288: 797 800 352) (0.109993 s)
>> 1 (304: 797 816 305) (0.109411 s)
>> 1 (579: 797 587 577) (0.108631 s)
>> 1 (833: 449 841 797) (0.107878 s)
>> 1 (860: 856 892 449) (0.106045 s)
>> 1 (963: 856 995 979) (0.105343 s)
>> 1 (965: 856 981 901) (0.104917 s)
>> 1 (971: 856 1003 907) (0.103807 s)
>> 0 (-1: -1 -1 -1) (0.103148 s)
Zelikovsky- 3.14589 s
>>> get_solution
  refine_solution: new weight 371 (was 371) in 0.001542 s
>>> get_solution
  refine_solution: new weight 409 (was 413) in 0.001566 s
  refine_solution: new weight 405 (was 409) in 0.001558 s
  refine_solution: new weight 402 (was 405) in 0.001548 s
  refine_solution: new weight 401 (was 402) in 0.001555 s
  refine_solution: new weight 399 (was 401) in 0.001549 s
  refine_solution: new weight 399 (was 399) in 0.001545 s
12,,949,4833,83,,949,0,,413,399,393,371,371,,5,3,@@

  handle_small_Steiner_degrees: steiner 0, suppress 0 in 2e-06 s
Starting round 13
Found 78 isolated vertices
Invalid ratios recomputed: 946
Best ratio is 5/2 (2.5), centered at 586
Finding the best star... Star with 3 terminals centered in 74
round took: 0.179661 s
|V| = 1024, |E| = 4818, |R| = 81
>> 2 (263: 74 259 74) (0.003841 s)
>> 2 (21: 22 117 22) (0.004374 s)
>> 0 (-1: -1 -1 -1) (0.00291 s)
Zelikovsky 0.15876 s
>> 2 (30: 22 286 74) (0.131127 s)
>> 2 (153: 137 409 217) (0.130281 s)
>> 2 (144: 656 146 137) (0.128757 s)
>> 2 (263: 259 261 22) (0.127775 s)
>> 2 (515: 513 643 259) (0.125599 s)
>> 2 (532: 788 596 564) (0.124436 s)
>> 2 (961: 449 977 960) (0.122525 s)
>> 1 (16: 656 788 336) (0.120468 s)
>> 1 (19: 513 83 51) (0.119379 s)
>> 1 (17: 656 513 305) (0.118041 s)
>> 1 (41: 656 809 169) (0.115987 s)
>> 1 (94: 656 607 126) (0.114583 s)
>> 1 (160: 161 656 416) (0.113294 s)
>> 1 (172: 161 940 174) (0.112173 s)
>> 1 (248: 760 504 161) (0.111316 s)
>> 1 (275: 760 283 274) (0.110575 s)
>> 1 (285: 797 760 349) (0.109935 s)
>> 1 (562: 797 946 626) (0.109121 s)
>> 1 (775: 797 791 774) (0.108327 s)
>> 1 (833: 449 841 577) (0.10762 s)
>> 1 (773: 797 901 449) (0.107034 s)
>> 1 (860: 856 892 797) (0.105282 s)
>> 1 (903: 856 911 902) (0.104827 s)
>> 1 (963: 856 995 979) (0.103449 s)
>> 1 (971: 856 1003 907) (0.103287 s)
>> 0 (-1: -1 -1 -1) (0.102327 s)
Zelikovsky- 2.99243 s
>>> get_solution
  refine_solution: new weight 368 (was 371) in 0.001555 s
  refine_solution: new weight 368 (was 368) in 0.001533 s
>>> get_solution
  refine_solution: new weight 406 (was 410) in 0.001565 s
  refine_solution: new weight 401 (was 406) in 0.001544 s
  refine_solution: new weight 401 (was 401) in 0.001559 s
13,,946,4818,81,,946,0,,410,401,402,371,368,,5,3,@@

  handle_small_Steiner_degrees: steiner 0, suppress 0 in 3e-06 s
Starting round 14
Found 81 isolated vertices
Invalid ratios recomputed: 943
Best ratio is 8/3 (2.7), centered at 288
Finding the best star... Star with 4 terminals centered in 800
round took: 0.179831 s
|V| = 1024, |E| = 4796, |R| = 78
>> 2 (275: 259 274 259) (0.003687 s)
>> 2 (153: 137 217 137) (0.00356 s)
>> 2 (496: 240 500 240) (0.003522 s)
>> 2 (641: 513 643 513) (0.003428 s)
>> 2 (532: 564 596 564) (0.003455 s)
>> 2 (789: 788 791 788) (0.003412 s)
>> 2 (30: 22 286 22) (0.003294 s)
>> 0 (-1: -1 -1 -1) (0.002137 s)
Zelikovsky 0.178606 s
>> 2 (30: 22 800 286) (0.127969 s)
>> 2 (153: 137 409 217) (0.127132 s)
>> 2 (144: 656 146 137) (0.125672 s)
>> 2 (257: 259 261 22) (0.124586 s)
>> 2 (532: 788 596 564) (0.121844 s)
>> 2 (961: 449 977 960) (0.119806 s)
>> 1 (19: 51 283 83) (0.117886 s)
>> 1 (94: 259 607 126) (0.117007 s)
>> 1 (148: 656 788 149) (0.115679 s)
>> 1 (172: 259 940 174) (0.114849 s)
>> 1 (248: 760 504 240) (0.113965 s)
>> 1 (273: 259 305 51) (0.113189 s)
>> 2 (285: 797 349 259) (0.111525 s)
>> 1 (321: 797 449 329) (0.110819 s)
>> 1 (515: 513 797 643) (0.109479 s)
>> 1 (562: 513 946 626) (0.10872 s)
>> 1 (632: 760 892 633) (0.107832 s)
>> 1 (833: 513 841 577) (0.10718 s)
>> 1 (963: 513 995 979) (0.106554 s)
>> 1 (965: 513 981 901) (0.105732 s)
>> 1 (971: 513 1003 907) (0.104932 s)
>> 0 (-1: -1 -1 -1) (0.10421 s)
Zelikovsky- 2.52099 s
>>> get_solution
  refine_solution: new weight 365 (was 366) in 0.001539 s
  refine_solution: new weight 365 (was 365) in 0.001525 s
>>> get_solution
  refine_solution: new weight 397 (was 404) in 0.00156 s
  refine_solution: new weight 392 (was 397) in 0.001546 s
  refine_solution: new weight 391 (was 392) in 0.001548 s
  refine_solution: new weight 391 (was 391) in 0.001541 s
14,,943,4796,78,,943,0,,404,391,381,366,365,,8,4,@@

  handle_small_Steiner_degrees: steiner 0, suppress 0 in 2e-06 s
Starting round 15
Found 86 isolated vertices
Invalid ratios recomputed: 938
Best ratio is 5/2 (2.5), centered at 304
Finding the best star... Star with 3 terminals centered in 800
round took: 0.172356 s
|V| = 1024, |E| = 4786, |R| = 76
>> 2 (275: 259 274 259) (0.003503 s)
>> 2 (153: 137 217 137) (0.003397 s)
>> 2 (496: 240 500 240) (0.003302 s)
>> 2 (641: 513 643 513) (0.00332 s)
>> 2 (532: 564 596 564) (0.003231 s)
>> 2 (789: 788 791 788) (0.003159 s)
>> 2 (30: 22 286 22) (0.003109 s)
>> 0 (-1: -1 -1 -1) (0.001999 s)
Zelikovsky 0.17313 s
>> 2 (30: 22 800 286) (0.125375 s)
>> 2 (153: 137 409 217) (0.124978 s)
>> 2 (248: 760 504 240) (0.123152 s)
>> 2 (257: 259 261 22) (0.121933 s)
>> 2 (532: 788 596 564) (0.119191 s)
>> 2 (961: 449 977 960) (0.117322 s)
>> 1 (19: 51 283 83) (0.115564 s)
>> 1 (17: 51 529 137) (0.114765 s)
>> 1 (1: 259 513 51) (0.113835 s)
>> 1 (94: 259 607 126) (0.112158 s)
>> 1 (120: 760 633 259) (0.110773 s)
>> 1 (129: 760 643 161) (0.109328 s)
>> 1 (144: 760 656 146) (0.108675 s)
>> 1 (172: 760 940 174) (0.10728 s)
>> 1 (285: 797 760 349) (0.106829 s)
>> 1 (400: 797 920 402) (0.106194 s)
>> 1 (598: 797 788 726) (0.10432 s)
>> 1 (705: 449 797 577) (0.103459 s)
>> 1 (790: 449 791 774) (0.102034 s)
>> 1 (888: 449 892 856) (0.101607 s)
>> 1 (963: 449 995 979) (0.100446 s)
>> 1 (965: 449 981 901) (0.099668 s)
>> 1 (971: 449 1003 907) (0.098892 s)
>> 0 (-1: -1 -1 -1) (0.097849 s)
Zelikovsky- 2.65023 s
>>> get_solution
  refine_solution: new weight 366 (was 367) in 0.001538 s
  refine_solution: new weight 365 (was 366) in 0.00152 s
  refine_solution: new weight 364 (was 365) in 0.00152 s
  refine_solution: new weight 364 (was 364) in 0.001525 s
>>> get_solution
  refine_solution: new weight 396 (was 400) in 0.001561 s
  refine_solution: new weight 394 (was 396) in 0.001543 s
  refine_solution: new weight 392 (was 394) in 0.001551 s
  refine_solution: new weight 392 (was 392) in 0.00155 s
15,,938,4786,76,,938,0,,400,392,381,367,364,,5,3,@@

  handle_small_Steiner_degrees: steiner 0, suppress 0 in 3e-06 s
Starting round 16
Found 89 isolated vertices
Invalid ratios recomputed: 935
Best ratio is 10/4 (2.5), centered at 496
Finding the best star... Star with 5 terminals centered in 240
round took: 0.166174 s
|V| = 1024, |E| = 4760, |R| = 72
>> 2 (257: 240 259 240) (0.00322 s)
>> 2 (19: 22 51 22) (0.00351 s)
>> 0 (-1: -1 -1 -1) (0.002379 s)
Zelikovsky 0.14502 s
>> 2 (30: 22 286 240) (0.121025 s)
>> 2 (153: 137 409 217) (0.120712 s)
>> 2 (257: 259 261 22) (0.11881 s)
>> 2 (532: 788 596 564) (0.115961 s)
>> 1 (19: 51 283 83) (0.114433 s)
>> 1 (17: 51 529 137) (0.11343 s)
>> 1 (1: 259 513 51) (0.112823 s)
>> 1 (94: 259 607 126) (0.110355 s)
>> 1 (129: 259 643 161) (0.108885 s)
>> 1 (144: 259 656 146) (0.10778 s)
>> 1 (172: 259 940 174) (0.106676 s)
>> 1 (285: 797 349 259) (0.10601 s)
>> 1 (321: 797 449 329) (0.105425 s)
>> 1 (400: 797 920 402) (0.104593 s)
>> 1 (598: 797 788 726) (0.103086 s)
>> 1 (632: 633 797 760) (0.102409 s)
>> 1 (790: 633 791 774) (0.101147 s)
>> 1 (833: 633 841 577) (0.100916 s)
>> 1 (888: 633 892 856) (0.100021 s)
>> 1 (961: 633 977 960) (0.099285 s)
>> 1 (963: 633 995 979) (0.09893 s)
>> 1 (965: 633 981 901) (0.098064 s)
>> 1 (971: 633 1003 907) (0.097106 s)
>> 0 (-1: -1 -1 -1) (0.096182 s)
Zelikovsky- 2.56859 s
>>> get_solution
  refine_solution: new weight 362 (was 363) in 0.001524 s
  refine_solution: new weight 360 (was 362) in 0.001527 s
  refine_solution: new weight 360 (was 360) in 0.001517 s
>>> get_solution
  refine_solution: new weight 391 (was 397) in 0.001563 s
  refine_solution: new weight 388 (was 391) in 0.001549 s
  refine_solution: new weight 387 (was 388) in 0.001545 s
  refine_solution: new weight 387 (was 387) in 0.001552 s
16,,935,4760,72,,935,0,,397,387,390,363,360,,10,5,@@

  delete_edges: deleted 303 edges in 0.274261 s and 303 rounds
  handle_small_Steiner_degrees: steiner 0, suppress 0 in 2e-06 s
Starting round 17
Found 95 isolated vertices
Invalid ratios recomputed: 929
Best ratio is 10/4 (2.5), centered at 1011
Finding the best star... Star with 5 terminals centered in 759
round took: 0.164221 s
|V| = 1024, |E| = 4434, |R| = 68
>> 2 (275: 259 274 259) (0.002876 s)
>> 2 (153: 137 217 137) (0.002783 s)
>> 2 (641: 513 643 513) (0.002691 s)
>> 2 (30: 22 286 22) (0.002705 s)
>> 0 (-1: -1 -1 -1) (0.001667 s)
Zelikovsky 0.143646 s
>> 2 (30: 22 759 286) (0.114028 s)
>> 2 (153: 137 409 217) (0.113648 s)
>> 2 (257: 259 261 22) (0.111723 s)
>> 2 (532: 788 596 564) (0.109157 s)
>> 1 (19: 51 283 83) (0.107587 s)
>> 1 (17: 51 529 137) (0.106642 s)
>> 1 (1: 259 513 51) (0.106133 s)
>> 1 (94: 259 607 126) (0.103683 s)
>> 1 (129: 259 643 161) (0.102081 s)
>> 1 (144: 259 656 146) (0.100942 s)
>> 1 (172: 259 940 174) (0.099737 s)
>> 1 (285: 797 349 259) (0.099242 s)
>> 1 (321: 797 449 329) (0.098765 s)
>> 1 (400: 797 920 402) (0.098164 s)
>> 1 (598: 797 788 726) (0.097564 s)
>> 1 (632: 760 797 633) (0.097233 s)
>> 1 (790: 760 791 774) (0.095793 s)
>> 1 (833: 760 841 577) (0.095161 s)
>> 1 (888: 760 892 856) (0.094504 s)
>> 1 (961: 760 977 960) (0.093747 s)
>> 1 (965: 760 981 901) (0.093263 s)
>> 0 (-1: -1 -1 -1) (0.092433 s)
Zelikovsky- 2.23521 s
>>> get_solution
  refine_solution: new weight 362 (was 363) in 0.001518 s
  refine_solution: new weight 360 (was 362) in 0.001498 s
  refine_solution: new weight 360 (was 360) in 0.0015 s
>>> get_solution
  refine_solution: new weight 391 (was 396) in 0.001552 s
  refine_solution: new weight 385 (was 391) in 0.001551 s
  refine_solution: new weight 383 (was 385) in 0.001542 s
  refine_solution: new weight 383 (was 383) in 0.001537 s
17,,929,4434,68,,929,0,,396,383,382,363,360,,10,5,@@

  handle_small_Steiner_degrees: steiner 0, suppress 0 in 2e-06 s
Starting round 18
Found 101 isolated vertices
Invalid ratios recomputed: 923
Best ratio is 8/3 (2.7), centered at 115
Finding the best star... Star with 4 terminals centered in 51
round took: 0.160294 s
|V| = 1024, |E| = 4419, |R| = 65
>> 2 (257: 51 259 51) (0.002576 s)
>> 2 (150: 22 146 22) (0.002989 s)
>> 0 (-1: -1 -1 -1) (0.002059 s)
Zelikovsky 0.126031 s
>> 2 (30: 22 286 51) (0.111467 s)
>> 2 (153: 137 409 217) (0.110177 s)
>> 2 (257: 259 261 22) (0.108169 s)
>> 2 (532: 788 596 564) (0.106221 s)
>> 1 (25: 137 283 259) (0.104477 s)
>> 1 (94: 137 607 126) (0.102267 s)
>> 1 (114: 137 626 242) (0.101083 s)
>> 1 (123: 137 633 379) (0.100448 s)
>> 1 (172: 137 940 174) (0.099954 s)
>> 1 (285: 137 797 349) (0.099331 s)
>> 1 (321: 137 449 329) (0.098803 s)
>> 1 (515: 513 643 137) (0.098141 s)
>> 1 (528: 788 656 529) (0.097506 s)
>> 1 (272: 513 788 274) (0.096959 s)
>> 1 (400: 513 920 402) (0.096026 s)
>> 1 (833: 513 841 577) (0.094969 s)
>> 1 (860: 856 892 513) (0.094297 s)
>> 1 (896: 856 960 901) (0.093865 s)
>> 0 (-1: -1 -1 -1) (0.092973 s)
Zelikovsky- 1.91071 s
>>> get_solution
  refine_solution: new weight 362 (was 363) in 0.001524 s
  refine_solution: new weight 362 (was 362) in 0.001514 s
>>> get_solution
  refine_solution: new weight 384 (was 387) in 0.001543 s
  refine_solution: new weight 384 (was 384) in 0.001544 s
18,,923,4419,65,,923,0,,387,384,383,363,362,,8,4,@@

  handle_small_Steiner_degrees: steiner 0, suppress 0 in 2e-06 s
Starting round 19
Found 106 isolated vertices
Invalid ratios recomputed: 918
Best ratio is 5/2 (2.5), centered at 114
Finding the best star... Star with 3 terminals centered in 51
round took: 0.151494 s
|V| = 1024, |E| = 4404, |R| = 63
>> 2 (257: 51 259 51) (0.002458 s)
>> 2 (150: 22 146 22) (0.002841 s)
>> 0 (-1: -1 -1 -1) (0.001966 s)
Zelikovsky 0.122994 s
>> 2 (30: 22 286 51) (0.109551 s)
>> 2 (153: 137 409 217) (0.108123 s)
>> 2 (257: 259 261 22) (0.106674 s)
>> 2 (532: 788 596 564) (0.10464 s)
>> 1 (25: 137 283 259) (0.103278 s)
>> 1 (94: 137 607 126) (0.101445 s)
>> 1 (123: 137 633 379) (0.100051 s)
>> 1 (172: 137 940 174) (0.099642 s)
>> 1 (285: 137 797 349) (0.098916 s)
>> 1 (321: 137 449 329) (0.098367 s)
>> 1 (515: 513 643 137) (0.097633 s)
>> 1 (528: 788 656 529) (0.097287 s)
>> 1 (272: 513 788 274) (0.096685 s)
>> 1 (400: 513 920 402) (0.0957 s)
>> 1 (833: 513 841 577) (0.094666 s)
>> 1 (860: 856 892 513) (0.094045 s)
>> 1 (896: 856 960 901) (0.093506 s)
>> 0 (-1: -1 -1 -1) (0.092438 s)
Zelikovsky- 1.79611 s
>>> get_solution
  refine_solution: new weight 363 (was 364) in 0.001536 s
  refine_solution: new weight 363 (was 363) in 0.001516 s
>>> get_solution
  refine_solution: new weight 385 (was 389) in 0.001557 s
  refine_solution: new weight 383 (was 385) in 0.001536 s
  refine_solution: new weight 383 (was 383) in 0.001538 s
19,,918,4404,63,,918,0,,389,383,385,364,363,,5,3,@@

  handle_small_Steiner_degrees: steiner 0, suppress 0 in 3e-06 s
Starting round 20
Found 109 isolated vertices
Invalid ratios recomputed: 915
Best ratio is 8/3 (2.7), centered at 18
Finding the best star... Star with 4 terminals centered in 51
round took: 0.153528 s
|V| = 1024, |E| = 4386, |R| = 60
>> 2 (257: 51 259 51) (0.002194 s)
>> 0 (-1: -1 -1 -1) (0.001872 s)
Zelikovsky 0.115059 s
>> 2 (153: 137 409 217) (0.10559 s)
>> 2 (257: 259 261 51) (0.104447 s)
>> 2 (282: 286 283 259) (0.102706 s)
>> 2 (532: 788 596 564) (0.101491 s)
>> 1 (95: 607 349 286) (0.100223 s)
>> 1 (123: 607 633 379) (0.099141 s)
>> 1 (152: 137 920 607) (0.098351 s)
>> 1 (172: 137 940 174) (0.09755 s)
>> 1 (321: 137 449 329) (0.09704 s)
>> 1 (515: 513 643 137) (0.096498 s)
>> 1 (528: 788 529 513) (0.095604 s)
>> 1 (708: 788 740 726) (0.094988 s)
>> 1 (773: 901 797 788) (0.093909 s)
>> 1 (775: 901 791 774) (0.093132 s)
>> 1 (777: 901 841 809) (0.09277 s)
>> 1 (888: 892 901 856) (0.092159 s)
>> 1 (903: 892 911 902) (0.091612 s)
>> 0 (-1: -1 -1 -1) (0.09141 s)
Zelikovsky- 1.75201 s
>>> get_solution
  refine_solution: new weight 362 (was 363) in 0.001533 s
  refine_solution: new weight 362 (was 362) in 0.001522 s
>>> get_solution
  refine_solution: new weight 391 (was 391) in 0.001542 s
20,,915,4386,60,,915,0,,391,391,384,363,362,,8,4,@@

  handle_small_Steiner_degrees: steiner 0, suppress 0 in 2e-06 s
Starting round 21
Found 114 isolated vertices
Invalid ratios recomputed: 910
Best ratio is 8/3 (2.7), centered at 775
Finding the best star... Star with 4 terminals centered in 774
round took: 0.148277 s
|V| = 1024, |E| = 4375, |R| = 57
>> 2 (153: 137 217 137) (0.001979 s)
>> 2 (641: 513 643 513) (0.001958 s)
>> 2 (282: 283 286 283) (0.001922 s)
>> 2 (528: 529 656 529) (0.001857 s)
>> 2 (598: 596 726 596) (0.001799 s)
>> 2 (820: 564 774 564) (0.001723 s)
>> 2 (238: 126 174 126) (0.002165 s)
>> 0 (-1: -1 -1 -1) (0.001632 s)
Zelikovsky 0.129367 s
>> 2 (153: 137 409 217) (0.102843 s)
>> 2 (282: 774 286 283) (0.101818 s)
>> 2 (448: 960 774 449) (0.100483 s)
>> 2 (515: 513 960 643) (0.099635 s)
>> 2 (532: 788 596 564) (0.098707 s)
>> 1 (9: 513 329 137) (0.097771 s)
>> 1 (89: 513 633 349) (0.096511 s)
>> 1 (172: 513 940 174) (0.09534 s)
>> 1 (400: 513 920 402) (0.095144 s)
>> 1 (528: 788 529 513) (0.093756 s)
>> 1 (585: 788 841 577) (0.093492 s)
>> 1 (605: 788 797 607) (0.092599 s)
>> 1 (708: 788 740 726) (0.09183 s)
>> 1 (773: 788 901 261) (0.091201 s)
>> 1 (860: 788 892 856) (0.090747 s)
>> 1 (903: 788 911 902) (0.090243 s)
>> 0 (-1: -1 -1 -1) (0.08992 s)
Zelikovsky- 1.62525 s
>>> get_solution
  refine_solution: new weight 362 (was 363) in 0.001551 s
  refine_solution: new weight 362 (was 362) in 0.001527 s
>>> get_solution
  refine_solution: new weight 384 (was 385) in 0.001545 s
  refine_solution: new weight 384 (was 384) in 0.001528 s
21,,910,4375,57,,910,0,,385,384,372,363,362,,8,4,@@

  handle_small_Steiner_degrees: steiner 0, suppress 0 in 3e-06 s
Starting round 22
Found 119 isolated vertices
Invalid ratios recomputed: 905
Best ratio is 7/3 (2.3), centered at 901
Finding the best star... Star with 4 terminals centered in 902
round took: 0.138716 s
|V| = 1024, |E| = 4361, |R| = 54
>> 2 (153: 137 217 137) (0.001811 s)
>> 2 (532: 564 596 564) (0.001773 s)
>> 2 (282: 283 286 283) (0.001673 s)
>> 2 (528: 529 656 529) (0.001636 s)
>> 2 (789: 788 797 788) (0.001589 s)
>> 2 (585: 577 841 577) (0.001476 s)
>> 2 (448: 449 902 449) (0.001495 s)
>> 2 (238: 126 174 126) (0.001877 s)
>> 0 (-1: -1 -1 -1) (0.001454 s)
Zelikovsky 0.124674 s
>> 2 (153: 137 409 217) (0.100096 s)
>> 2 (282: 902 286 283) (0.098833 s)
>> 2 (448: 960 902 449) (0.097732 s)
>> 2 (528: 529 960 656) (0.096774 s)
>> 1 (9: 529 329 137) (0.095291 s)
>> 1 (89: 529 633 349) (0.093909 s)
>> 1 (172: 529 940 174) (0.092891 s)
>> 1 (263: 529 261 259) (0.092538 s)
>> 1 (400: 529 920 402) (0.092035 s)
>> 1 (532: 529 596 564) (0.091151 s)
>> 1 (585: 529 841 577) (0.090653 s)
>> 1 (605: 529 797 607) (0.089804 s)
>> 1 (708: 529 740 726) (0.089352 s)
>> 1 (860: 529 892 856) (0.08901 s)
>> 1 (899: 529 907 643) (0.088427 s)
>> 0 (-1: -1 -1 -1) (0.087646 s)
Zelikovsky- 1.48921 s
>>> get_solution
  refine_solution: new weight 360 (was 360) in 0.001535 s
>>> get_solution
  refine_solution: new weight 379 (was 381) in 0.001533 s
  refine_solution: new weight 379 (was 379) in 0.001538 s
22,,905,4361,54,,905,0,,381,379,368,360,360,,7,4,@@

  handle_small_Steiner_degrees: steiner 0, suppress 0 in 2e-06 s
Starting round 23
Found 123 isolated vertices
Invalid ratios recomputed: 901
Best ratio is 5/2 (2.5), centered at 263
Finding the best star... Star with 3 terminals centered in 259
round took: 0.135939 s
|V| = 1024, |E| = 4346, |R| = 52
>> 2 (282: 259 283 259) (0.001729 s)
>> 2 (238: 126 174 126) (0.002133 s)
>> 0 (-1: -1 -1 -1) (0.001489 s)
Zelikovsky 0.108841 s
>> 2 (153: 137 409 217) (0.098666 s)
>> 2 (282: 286 283 259) (0.097357 s)
>> 2 (448: 960 449 286) (0.096586 s)
>> 2 (528: 529 960 656) (0.095133 s)
>> 1 (9: 529 329 137) (0.093747 s)
>> 1 (89: 529 633 349) (0.092548 s)
>> 1 (172: 529 940 174) (0.091515 s)
>> 1 (400: 529 920 402) (0.091069 s)
>> 1 (532: 529 596 564) (0.090242 s)
>> 1 (585: 529 841 577) (0.089515 s)
>> 1 (605: 529 797 607) (0.088732 s)
>> 1 (708: 529 740 726) (0.088169 s)
>> 1 (860: 529 892 856) (0.087884 s)
>> 1 (899: 529 907 643) (0.08734 s)
>> 0 (-1: -1 -1 -1) (0.086667 s)
Zelikovsky- 1.37802 s
>>> get_solution
  refine_solution: new weight 361 (was 362) in 0.001528 s
  refine_solution: new weight 360 (was 361) in 0.001513 s
  refine_solution: new weight 360 (was 360) in 0.001515 s
>>> get_solution
  refine_solution: new weight 382 (was 383) in 0.001529 s
  refine_solution: new weight 382 (was 382) in 0.001531 s
23,,901,4346,52,,901,0,,383,382,381,362,360,,5,3,@@

  handle_small_Steiner_degrees: steiner 0, suppress 0 in 1e-06 s
Starting round 24
Found 126 isolated vertices
Invalid ratios recomputed: 898
Best ratio is 5/2 (2.5), centered at 643
Finding the best star... Star with 3 terminals centered in 643
round took: 0.140231 s
|V| = 1024, |E| = 4332, |R| = 50
>> 2 (153: 137 217 137) (0.00158 s)
>> 2 (282: 283 286 283) (0.001524 s)
>> 2 (528: 529 643 529) (0.001443 s)
>> 2 (238: 126 174 126) (0.001912 s)
>> 0 (-1: -1 -1 -1) (0.00138 s)
Zelikovsky 0.111806 s
>> 2 (153: 137 409 217) (0.096532 s)
>> 2 (282: 643 286 283) (0.095835 s)
>> 2 (448: 960 643 449) (0.094948 s)
>> 2 (528: 529 960 656) (0.094019 s)
>> 1 (9: 529 329 137) (0.092885 s)
>> 1 (89: 529 633 349) (0.091516 s)
>> 1 (172: 529 940 174) (0.0907 s)
>> 1 (400: 529 920 402) (0.089746 s)
>> 1 (532: 529 596 564) (0.089052 s)
>> 1 (585: 529 841 577) (0.088425 s)
>> 1 (605: 529 797 607) (0.087601 s)
>> 1 (708: 529 740 726) (0.08697 s)
>> 1 (860: 529 892 856) (0.08672 s)
>> 0 (-1: -1 -1 -1) (0.086245 s)
Zelikovsky- 1.27391 s
>>> get_solution
  refine_solution: new weight 361 (was 361) in 0.001527 s
>>> get_solution
  refine_solution: new weight 381 (was 382) in 0.001538 s
  refine_solution: new weight 381 (was 381) in 0.001534 s
24,,898,4332,50,,898,0,,382,381,372,361,361,,5,3,@@

  handle_small_Steiner_degrees: steiner 0, suppress 0 in 2e-06 s
Starting round 25
Found 129 isolated vertices
Invalid ratios recomputed: 895
Best ratio is 8/3 (2.7), centered at 820
Finding the best star... Star with 4 terminals centered in 564
round took: 0.136232 s
|V| = 1024, |E| = 4315, |R| = 47
>> 2 (153: 137 217 137) (0.001366 s)
>> 2 (282: 283 286 283) (0.001371 s)
>> 2 (528: 529 564 529) (0.001278 s)
>> 2 (238: 126 174 126) (0.001675 s)
>> 0 (-1: -1 -1 -1) (0.001318 s)
Zelikovsky 0.106668 s
>> 2 (153: 137 409 217) (0.093578 s)
>> 2 (282: 564 286 283) (0.0927 s)
>> 2 (448: 960 564 449) (0.091795 s)
>> 2 (528: 529 960 656) (0.09128 s)
>> 1 (9: 529 329 137) (0.090059 s)
>> 1 (89: 529 633 349) (0.088854 s)
>> 1 (172: 529 940 174) (0.087919 s)
>> 1 (400: 529 920 402) (0.087413 s)
>> 1 (585: 529 841 577) (0.086931 s)
>> 1 (598: 726 596 529) (0.08609 s)
>> 1 (605: 726 797 607) (0.085992 s)
>> 1 (860: 726 892 856) (0.085652 s)
>> 0 (-1: -1 -1 -1) (0.085419 s)
Zelikovsky- 1.15627 s
>>> get_solution
  refine_solution: new weight 361 (was 365) in 0.001527 s
  refine_solution: new weight 361 (was 361) in 0.001506 s
>>> get_solution
  refine_solution: new weight 376 (was 378) in 0.00153 s
  refine_solution: new weight 375 (was 376) in 0.001526 s
  refine_solution: new weight 375 (was 375) in 0.001533 s
25,,895,4315,47,,895,0,,378,375,371,365,361,,8,4,@@

  handle_small_Steiner_degrees: steiner 0, suppress 0 in 2e-06 s
Starting round 26
Found 134 isolated vertices
Invalid ratios recomputed: 890
Best ratio is 8/3 (2.7), centered at 961
Finding the best star... Star with 4 terminals centered in 564
round took: 0.132407 s
|V| = 1024, |E| = 4298, |R| = 44
>> 2 (153: 137 217 137) (0.001296 s)
>> 2 (282: 283 286 283) (0.001197 s)
>> 2 (598: 564 596 564) (0.001156 s)
>> 2 (238: 126 174 126) (0.001609 s)
>> 0 (-1: -1 -1 -1) (0.001228 s)
Zelikovsky 0.102241 s
>> 2 (153: 137 409 217) (0.090818 s)
>> 2 (282: 564 286 283) (0.090009 s)
>> 2 (598: 564 726 596) (0.08913 s)
>> 2 (664: 920 656 137) (0.088615 s)
>> 1 (123: 564 633 379) (0.088031 s)
>> 1 (172: 564 940 174) (0.087563 s)
>> 1 (285: 797 564 349) (0.08714 s)
>> 1 (641: 797 673 513) (0.086507 s)
>> 1 (833: 797 841 577) (0.085985 s)
>> 0 (-1: -1 -1 -1) (0.085486 s)
Zelikovsky- 0.881544 s
>>> get_solution
  refine_solution: new weight 356 (was 358) in 0.001526 s
  refine_solution: new weight 356 (was 356) in 0.001509 s
>>> get_solution
  refine_solution: new weight 372 (was 373) in 0.001525 s
  refine_solution: new weight 372 (was 372) in 0.001523 s
26,,890,4298,44,,890,0,,373,372,364,358,356,,8,4,@@

  handle_small_Steiner_degrees: steiner 0, suppress 0 in 2e-06 s
Starting round 27
Found 139 isolated vertices
Invalid ratios recomputed: 885
Best ratio is 10/4 (2.5), centered at 129
Finding the best star... Star with 5 terminals centered in 513
round took: 0.125458 s
|V| = 1024, |E| = 4275, |R| = 40
>> 2 (282: 283 286 283) (0.001089 s)
>> 2 (153: 217 409 217) (0.001014 s)
>> 2 (598: 513 596 513) (0.000939 s)
>> 2 (238: 126 174 126) (0.00143 s)
>> 0 (-1: -1 -1 -1) (0.001079 s)
Zelikovsky 0.096251 s
>> 2 (153: 217 513 409) (0.08738 s)
>> 2 (282: 217 286 283) (0.086722 s)
>> 2 (598: 726 596 217) (0.085777 s)
>> 1 (123: 726 633 379) (0.085393 s)
>> 1 (172: 726 940 174) (0.084921 s)
>> 1 (285: 797 726 349) (0.084615 s)
>> 1 (410: 797 920 402) (0.083987 s)
>> 1 (657: 797 656 529) (0.083464 s)
>> 1 (833: 797 841 577) (0.083036 s)
>> 0 (-1: -1 -1 -1) (0.082472 s)
Zelikovsky- 0.850024 s
>>> get_solution
  refine_solution: new weight 356 (was 357) in 0.001528 s
  refine_solution: new weight 356 (was 356) in 0.00151 s
>>> get_solution
  refine_solution: new weight 366 (was 367) in 0.001514 s
  refine_solution: new weight 363 (was 366) in 0.001518 s
  refine_solution: new weight 361 (was 363) in 0.001497 s
  refine_solution: new weight 361 (was 361) in 0.001496 s
27,,885,4275,40,,885,0,,367,361,362,357,356,,10,5,@@

  handle_small_Steiner_degrees: steiner 0, suppress 0 in 2e-06 s
Starting round 28
Found 145 isolated vertices
Invalid ratios recomputed: 879
Best ratio is 5/2 (2.5), centered at 657
Finding the best star... Star with 3 terminals centered in 529
round took: 0.120786 s
|V| = 1024, |E| = 4262, |R| = 38
>> 2 (282: 283 286 283) (0.001009 s)
>> 2 (153: 217 409 217) (0.000925 s)
>> 2 (598: 529 596 529) (0.000861 s)
>> 2 (238: 126 174 126) (0.00132 s)
>> 0 (-1: -1 -1 -1) (0.001009 s)
Zelikovsky 0.093713 s
>> 2 (153: 217 529 409) (0.086091 s)
>> 2 (282: 217 286 283) (0.085424 s)
>> 2 (598: 726 596 217) (0.084546 s)
>> 1 (123: 726 633 379) (0.084048 s)
>> 1 (172: 726 940 174) (0.083609 s)
>> 1 (285: 797 726 349) (0.083323 s)
>> 1 (410: 797 920 402) (0.082565 s)
>> 1 (833: 797 841 577) (0.082227 s)
>> 0 (-1: -1 -1 -1) (0.081945 s)
Zelikovsky- 0.755843 s
>>> get_solution
  refine_solution: new weight 356 (was 356) in 0.001517 s
>>> get_solution
  refine_solution: new weight 366 (was 367) in 0.00151 s
  refine_solution: new weight 363 (was 366) in 0.00151 s
  refine_solution: new weight 361 (was 363) in 0.001503 s
  refine_solution: new weight 361 (was 361) in 0.001495 s
28,,879,4262,38,,879,0,,367,361,361,356,356,,5,3,@@

  handle_small_Steiner_degrees: steiner 0, suppress 0 in 1e-06 s
Starting round 29
Found 148 isolated vertices
Invalid ratios recomputed: 876
Best ratio is 5/2 (2.5), centered at 833
Finding the best star... Star with 3 terminals centered in 577
round took: 0.11778 s
|V| = 1024, |E| = 4247, |R| = 36
>> 2 (282: 283 286 283) (0.00092 s)
>> 2 (153: 217 409 217) (0.00084 s)
>> 2 (598: 577 596 577) (0.000778 s)
>> 2 (238: 126 174 126) (0.001215 s)
>> 0 (-1: -1 -1 -1) (0.000957 s)
Zelikovsky 0.091644 s
>> 2 (153: 217 577 409) (0.084795 s)
>> 2 (282: 217 286 283) (0.084254 s)
>> 2 (598: 726 596 217) (0.083333 s)
>> 1 (123: 726 633 379) (0.082953 s)
>> 1 (172: 726 940 174) (0.082374 s)
>> 1 (285: 797 726 349) (0.082193 s)
>> 1 (410: 797 920 402) (0.08161 s)
>> 0 (-1: -1 -1 -1) (0.081342 s)
Zelikovsky- 0.664781 s
>>> get_solution
  refine_solution: new weight 356 (was 356) in 0.001524 s
>>> get_solution
  refine_solution: new weight 365 (was 367) in 0.001519 s
  refine_solution: new weight 364 (was 365) in 0.001499 s
  refine_solution: new weight 364 (was 364) in 0.001515 s
29,,876,4247,36,,876,0,,367,364,361,356,356,,5,3,@@

  handle_small_Steiner_degrees: steiner 0, suppress 0 in 1e-06 s
Starting round 30
Found 151 isolated vertices
Invalid ratios recomputed: 873
Best ratio is 8/3 (2.7), centered at 921
Finding the best star... Star with 4 terminals centered in 409
round took: 0.115548 s
|V| = 1024, |E| = 4224, |R| = 33
>> 2 (282: 283 286 283) (0.000774 s)
>> 2 (598: 409 596 409) (0.000719 s)
>> 2 (238: 126 174 126) (0.001117 s)
>> 0 (-1: -1 -1 -1) (0.000878 s)
Zelikovsky 0.086857 s
>> 2 (282: 409 286 283) (0.081704 s)
>> 2 (598: 409 726 596) (0.080814 s)
>> 1 (123: 409 633 379) (0.080421 s)
>> 1 (172: 409 940 174) (0.080002 s)
>> 1 (509: 409 493 349) (0.079709 s)
>> 0 (-1: -1 -1 -1) (0.079073 s)
Zelikovsky- 0.483407 s
>>> get_solution
  refine_solution: new weight 355 (was 355) in 0.001532 s
>>> get_solution
  refine_solution: new weight 360 (was 361) in 0.001511 s
  refine_solution: new weight 360 (was 360) in 0.001515 s
30,,873,4224,33,,873,0,,361,360,357,355,355,,8,4,@@

  handle_small_Steiner_degrees: steiner 0, suppress 0 in 2e-06 s
Starting round 31
Found 156 isolated vertices
Invalid ratios recomputed: 868
Best ratio is 68/23 (3.0), centered at 217
Finding the best star... Star with 24 terminals centered in 174
round took: 0.112134 s
|V| = 1024, |E| = 4026, |R| = 10
>> 1 (282: 174 283 174) (0.00019 s)
>> 0 (-1: -1 -1 -1) (0.000227 s)
Zelikovsky 0.065346 s
>> 1 (282: 286 283 174) (0.06714 s)
>> 1 (598: 726 596 286) (0.066884 s)
>> 0 (-1: -1 -1 -1) (0.067066 s)
Zelikovsky- 0.202316 s
>>> get_solution
  refine_solution: new weight 354 (was 354) in 0.001547 s
>>> get_solution
  refine_solution: new weight 356 (was 356) in 0.001532 s
31,,868,4026,10,,868,0,,356,356,355,354,354,,68,24,@@

  handle_small_Steiner_degrees: steiner 0, suppress 0 in 2e-06 s
Starting round 32
Found 199 isolated vertices
Invalid ratios recomputed: 825
Best ratio is 23/8 (2.9), centered at 351
Finding the best star... Star with 9 terminals centered in 458
round took: 0.083999 s
|V| = 1024, |E| = 3947, |R| = 2
Zelikovsky 0.061491 s
Zelikovsky- 0.00102 s
>>> get_solution
  refine_solution: new weight 354 (was 354) in 0.001541 s
>>> get_solution
  refine_solution: new weight 354 (was 354) in 0.001501 s
32,,825,3947,2,,825,0,,354,354,354,354,354,,23,9,@@

  handle_small_Steiner_degrees: steiner 0, suppress 0 in 1e-06 s
Starting round 33
Found 213 isolated vertices
Invalid ratios recomputed: 811
Best ratio is 4/1 (4.0), centered at 80
Finding the best star... Star with 2 terminals centered in 458
round took: 0.073727 s
|V| = 1024, |E| = 3927, |R| = 1
Zelikovsky 0.061127 s
Zelikovsky- 0.001024 s
>>> get_solution
  refine_solution: new weight 354 (was 354) in 0.00153 s
>>> get_solution
  refine_solution: new weight 354 (was 354) in 0.001497 s
33,,811,3927,1,,811,0,,354,354,354,354,354,,4,2,@@

  handle_small_Steiner_degrees: steiner 0, suppress 0 in 1e-06 s
contract_till_the_bitter_end: 104.589 s

Calling end_heu
>>> get_solution
Saved weight 0
end_heu: 0 loops with 0 unique solutions in 5.9e-05 s

Calling print_solution
>>> get_solution
  refine_solution: new weight 354 (was 354) in 0.001502 s
## FINAL WEIGHT 354
print_solution: 0.002108 s
