Version: final-94-gfffc3aa rub_all.sh: remove longest prefix
Random seed: 1566439795
Start
>>> save_orig_graph
>> Saved weight 0
Graph loaded
|V| = 18246, |E| = 36038, |R| = 17795
First clearance of the input. Calling buy_zero and run_all_heuristics.
  buy_zero: 0 zero edges in 5.6e-05 s
  handle_small_terminal_degrees: terms 0 in 1.4e-05 s
  handle_small_Steiner_degrees: steiner 0, suppress 0 in 1.3e-05 s
  shortest_edge_between_terminals: 0 edges in 0.000386 s
Compressed graph 18246 -> 18245
  delete_edges: deleted 0 edges in 0.008091 s and 1 rounds
  handle_small_terminal_degrees: terms 0 in 1.4e-05 s
  handle_small_Steiner_degrees: steiner 0, suppress 0 in 1.4e-05 s
  shortest_edge_between_terminals: 0 edges in 0.000318 s
Compressed graph 18245 -> 18245
  delete_edges_shortest_path: deleted 0 edges in 0.122526 s
  handle_small_terminal_degrees: terms 0 in 1.4e-05 s
  handle_small_Steiner_degrees: steiner 0, suppress 0 in 1.4e-05 s
  shortest_edge_between_terminals: 0 edges in 0.0003 s
Compressed graph 18245 -> 18245
  handle_small_terminal_degrees: terms 0 in 1.4e-05 s
  handle_small_Steiner_degrees: steiner 0, suppress 0 in 1.4e-05 s
  shortest_edge_between_terminals: 0 edges in 0.000357 s
Compressed graph 18245 -> 18245
  delete_edges_shortest_path: deleted 0 edges in 0.120691 s
  handle_small_terminal_degrees: terms 0 in 1.4e-05 s
  handle_small_Steiner_degrees: steiner 0, suppress 0 in 1.4e-05 s
  shortest_edge_between_terminals: 0 edges in 0.00029 s
Compressed graph 18245 -> 18245
Compressed graph 18245 -> 18245
>>> save_orig_graph
>> Saved weight 0
### ZEL_LVL=9 PRECISE_STARS=1

Calling `contract_till_the_bitter_end`
|V| = 18245, |E| = 36038, |R| = 17795
