Version: final-94-gfffc3aa rub_all.sh: remove longest prefix
Random seed: 1566376041
Start
>>> save_orig_graph
>> Saved weight 0
Graph loaded
|V| = 66049, |E| = 110491, |R| = 3343
First clearance of the input. Calling buy_zero and run_all_heuristics.
  buy_zero: 9 zero edges in 0.000407 s
  handle_small_terminal_degrees: terms 4 in 6.6e-05 s
  handle_small_Steiner_degrees: steiner 282, suppress 28 in 0.000194 s
  shortest_edge_between_terminals: 0 edges in 0.000109 s
  handle_small_terminal_degrees: terms 0 in 5.1e-05 s
  handle_small_Steiner_degrees: steiner 0, suppress 244 in 0.000218 s
  shortest_edge_between_terminals: 0 edges in 5.1e-05 s
  handle_small_terminal_degrees: terms 0 in 5.1e-05 s
  handle_small_Steiner_degrees: steiner 2, suppress 24 in 0.00011 s
  shortest_edge_between_terminals: 0 edges in 4.9e-05 s
  handle_small_terminal_degrees: terms 0 in 5.1e-05 s
  handle_small_Steiner_degrees: steiner 0, suppress 2 in 9.9e-05 s
  shortest_edge_between_terminals: 0 edges in 4.9e-05 s
  handle_small_terminal_degrees: terms 0 in 5.1e-05 s
  handle_small_Steiner_degrees: steiner 0, suppress 0 in 9.7e-05 s
  shortest_edge_between_terminals: 0 edges in 4.9e-05 s
Compressed graph 66049 -> 65453
  delete_edges: deleted 8940 edges in 0.077993 s and 9 rounds
  handle_small_terminal_degrees: terms 29 in 7.9e-05 s
  handle_small_Steiner_degrees: steiner 214, suppress 5381 in 0.002258 s
  shortest_edge_between_terminals: 0 edges in 8.8e-05 s
  handle_small_terminal_degrees: terms 18 in 6.5e-05 s
  handle_small_Steiner_degrees: steiner 5, suppress 183 in 0.000173 s
  shortest_edge_between_terminals: 0 edges in 5.7e-05 s
  handle_small_terminal_degrees: terms 4 in 5.3e-05 s
  handle_small_Steiner_degrees: steiner 0, suppress 7 in 0.000103 s
  shortest_edge_between_terminals: 0 edges in 5.6e-05 s
  handle_small_terminal_degrees: terms 3 in 0.000102 s
  handle_small_Steiner_degrees: steiner 0, suppress 3 in 0.0001 s
  shortest_edge_between_terminals: 0 edges in 5.6e-05 s
  handle_small_terminal_degrees: terms 0 in 5e-05 s
  handle_small_Steiner_degrees: steiner 0, suppress 0 in 9.7e-05 s
  shortest_edge_between_terminals: 0 edges in 5.4e-05 s
Compressed graph 65453 -> 59606
  delete_edges_shortest_path: deleted 11125 edges in 15.7846 s
  handle_small_terminal_degrees: terms 1955 in 0.001241 s
  handle_small_Steiner_degrees: steiner 1519, suppress 9976 in 0.003897 s
  shortest_edge_between_terminals: 9 edges in 0.000153 s
  handle_small_terminal_degrees: terms 534 in 0.000477 s
  handle_small_Steiner_degrees: steiner 4, suppress 273 in 0.000203 s
  shortest_edge_between_terminals: 7 edges in 7.9e-05 s
  handle_small_terminal_degrees: terms 23 in 6.2e-05 s
  handle_small_Steiner_degrees: steiner 1, suppress 28 in 0.000106 s
  shortest_edge_between_terminals: 1 edges in 6.7e-05 s
  handle_small_terminal_degrees: terms 6 in 6.2e-05 s
  handle_small_Steiner_degrees: steiner 0, suppress 5 in 9.5e-05 s
  shortest_edge_between_terminals: 0 edges in 6.5e-05 s
  handle_small_terminal_degrees: terms 0 in 4.8e-05 s
  handle_small_Steiner_degrees: steiner 0, suppress 0 in 9.1e-05 s
  shortest_edge_between_terminals: 0 edges in 6.6e-05 s
Compressed graph 59606 -> 45271
  handle_small_terminal_degrees: terms 1 in 3.8e-05 s
  handle_small_Steiner_degrees: steiner 0, suppress 39 in 0.000125 s
  shortest_edge_between_terminals: 74 edges in 0.000311 s
  handle_small_terminal_degrees: terms 1 in 3.7e-05 s
  handle_small_Steiner_degrees: steiner 0, suppress 21 in 8.2e-05 s
  shortest_edge_between_terminals: 1 edges in 7.8e-05 s
  handle_small_terminal_degrees: terms 0 in 3.6e-05 s
  handle_small_Steiner_degrees: steiner 0, suppress 0 in 6.7e-05 s
  shortest_edge_between_terminals: 0 edges in 7.3e-05 s
Compressed graph 45271 -> 44651
  delete_edges_shortest_path: deleted 2362 edges in 3.17207 s
  handle_small_terminal_degrees: terms 115 in 0.000133 s
  handle_small_Steiner_degrees: steiner 62, suppress 3674 in 0.001553 s
  shortest_edge_between_terminals: 18 edges in 0.000174 s
  handle_small_terminal_degrees: terms 11 in 4.2e-05 s
  handle_small_Steiner_degrees: steiner 8, suppress 95 in 9.7e-05 s
  shortest_edge_between_terminals: 2 edges in 7.5e-05 s
  handle_small_terminal_degrees: terms 5 in 3.9e-05 s
  handle_small_Steiner_degrees: steiner 0, suppress 20 in 6.9e-05 s
  shortest_edge_between_terminals: 0 edges in 7e-05 s
  handle_small_terminal_degrees: terms 1 in 3.7e-05 s
  handle_small_Steiner_degrees: steiner 1, suppress 7 in 6.3e-05 s
  shortest_edge_between_terminals: 0 edges in 7e-05 s
  handle_small_terminal_degrees: terms 0 in 3.6e-05 s
  handle_small_Steiner_degrees: steiner 0, suppress 1 in 6.1e-05 s
  shortest_edge_between_terminals: 0 edges in 7e-05 s
  handle_small_terminal_degrees: terms 0 in 3.5e-05 s
  handle_small_Steiner_degrees: steiner 0, suppress 0 in 6.1e-05 s
  shortest_edge_between_terminals: 0 edges in 7e-05 s
Compressed graph 44651 -> 40634
Compressed graph 40634 -> 40634
>>> save_orig_graph
>> Saved weight 529280909
### ZEL_LVL=9 PRECISE_STARS=1

Calling `contract_till_the_bitter_end`
|V| = 40634, |E| = 61521, |R| = 3283
>> 109922 (21531: 14347 14415 14347) (151.708 s)
>> 105510 (15652: 11498 11506 11498) (134.221 s)
