Version: final-94-gfffc3aa rub_all.sh: remove longest prefix
Random seed: 1558114717
Start
>>> save_orig_graph
>> Saved weight 0
Graph loaded
|V| = 2519, |E| = 4985, |R| = 96
First clearance of the input. Calling buy_zero and run_all_heuristics.
  buy_zero: 0 zero edges in 1.2e-05 s
  handle_small_terminal_degrees: terms 14 in 2.7e-05 s
  handle_small_Steiner_degrees: steiner 0, suppress 52 in 3.7e-05 s
  shortest_edge_between_terminals: 5 edges in 1.9e-05 s
  handle_small_terminal_degrees: terms 1 in 6e-06 s
  handle_small_Steiner_degrees: steiner 0, suppress 0 in 7e-06 s
  shortest_edge_between_terminals: 0 edges in 4e-06 s
  handle_small_terminal_degrees: terms 0 in 4e-06 s
  handle_small_Steiner_degrees: steiner 0, suppress 0 in 6e-06 s
  shortest_edge_between_terminals: 0 edges in 4e-06 s
Compressed graph 2519 -> 2446
  delete_edges: deleted 3 edges in 0.000529 s and 1 rounds
  handle_small_terminal_degrees: terms 0 in 4e-06 s
  handle_small_Steiner_degrees: steiner 0, suppress 1 in 7e-06 s
  shortest_edge_between_terminals: 0 edges in 4e-06 s
  handle_small_terminal_degrees: terms 0 in 4e-06 s
  handle_small_Steiner_degrees: steiner 0, suppress 0 in 7e-06 s
  shortest_edge_between_terminals: 0 edges in 3e-06 s
Compressed graph 2446 -> 2445
  delete_edges_shortest_path: deleted 1 edges in 0.112655 s
  handle_small_terminal_degrees: terms 0 in 2e-06 s
  handle_small_Steiner_degrees: steiner 0, suppress 1 in 3e-06 s
  shortest_edge_between_terminals: 0 edges in 2e-06 s
  handle_small_terminal_degrees: terms 0 in 2e-06 s
  handle_small_Steiner_degrees: steiner 0, suppress 0 in 2e-06 s
  shortest_edge_between_terminals: 0 edges in 2e-06 s
Compressed graph 2445 -> 2444
  handle_small_terminal_degrees: terms 0 in 2e-06 s
  handle_small_Steiner_degrees: steiner 0, suppress 0 in 2e-06 s
  shortest_edge_between_terminals: 0 edges in 3e-06 s
Compressed graph 2444 -> 2442
  delete_edges_shortest_path: deleted 1 edges in 0.109624 s
  handle_small_terminal_degrees: terms 0 in 2e-06 s
  handle_small_Steiner_degrees: steiner 0, suppress 1 in 3e-06 s
  shortest_edge_between_terminals: 0 edges in 2e-06 s
  handle_small_terminal_degrees: terms 0 in 1e-06 s
  handle_small_Steiner_degrees: steiner 0, suppress 0 in 2e-06 s
  shortest_edge_between_terminals: 0 edges in 2e-06 s
Compressed graph 2442 -> 2441
Compressed graph 2441 -> 2441
>>> save_orig_graph
>> Saved weight 14000011
### ZEL_LVL=9 PRECISE_STARS=1

Calling `contract_till_the_bitter_end`
|V| = 2441, |E| = 4903, |R| = 89
>> 252 (2313: 2352 2357 2352) (0.004206 s)
>> 0 (-1: -1 -1 -1) (0.002059 s)
Zelikovsky 0.760507 s
>> 252 (2313: 2406 2357 2352) (0.669772 s)
>> 151 (1280: 2432 2434 2428) (0.706761 s)
>> 60 (81: 2406 2370 2363) (0.701729 s)
>> 51 (225: 2432 2417 2413) (0.695621 s)
>> 45 (2038: 2406 2388 2378) (0.695413 s)
>> 38 (140: 2406 2399 2394) (0.696147 s)
>> 27 (135: 2406 2392 2391) (0.691791 s)
>> 25 (229: 2422 2419 2418) (0.685626 s)
>> 23 (120: 2406 2409 2386) (0.684802 s)
>> 19 (200: 2422 2415 2412) (0.681499 s)
>> 17 (288: 2432 2439 2438) (0.680643 s)
>> 11 (196: 2440 2414 2411) (0.679732 s)
>> 9 (104: 2406 2390 2379) (0.677163 s)
>> 9 (409: 2433 2432 2430) (0.673854 s)
>> 7 (67: 2406 2375 2367) (0.672236 s)
>> 7 (168: 2400 2440 2403) (0.671097 s)
>> 7 (532: 2423 2427 2424) (0.67189 s)
>> 6 (234: 2422 2426 2421) (0.668983 s)
>> 5 (36: 2406 2361 2360) (0.666219 s)
>> 2 (1058: 2400 2406 2401) (0.665472 s)
>> 0 (-1: -1 -1 -1) (0.670023 s)
Zelikovsky- 14.3131 s
>>> get_solution
  refine_solution: new weight 96001412 (was 96001557) in 0.000625 s
  refine_solution: new weight 96001377 (was 96001412) in 0.000613 s
  refine_solution: new weight 96001369 (was 96001377) in 0.000621 s
  refine_solution: new weight 96001368 (was 96001369) in 0.000602 s
  refine_solution: new weight 96001367 (was 96001368) in 0.000601 s
  refine_solution: new weight 96001367 (was 96001367) in 0.000598 s
>>> get_solution
  refine_solution: new weight 96001630 (was 96002858) in 0.000615 s
  refine_solution: new weight 96001570 (was 96001630) in 0.000614 s
  refine_solution: new weight 96001552 (was 96001570) in 0.0006 s
  refine_solution: new weight 96001532 (was 96001552) in 0.000592 s
  refine_solution: new weight 96001463 (was 96001532) in 0.000596 s
  refine_solution: new weight 96001398 (was 96001463) in 0.000593 s
  refine_solution: new weight 96001397 (was 96001398) in 0.000587 s
  refine_solution: new weight 96001397 (was 96001397) in 0.000589 s
0,,2441,4903,89,,0,0,,96002858,96001397,96002739,96001557,96001367,,0,0,@@

  delete_edges: deleted 1 edges in 0.00024 s and 1 rounds
  handle_small_Steiner_degrees: steiner 0, suppress 1 in 4e-06 s
Starting round 1
Found 1 isolated vertices
Invalid ratios recomputed: 2440
Best ratio is 7/1 (7.0), centered at 567
Finding the best star... Star with 2 terminals centered in 2422
round took: 0.55216 s
|V| = 2441, |E| = 4898, |R| = 88
>> 252 (2313: 2352 2357 2352) (0.004293 s)
>> 0 (-1: -1 -1 -1) (0.002023 s)
Zelikovsky 0.752311 s
>> 252 (2313: 2406 2357 2352) (0.665564 s)
>> 151 (1280: 2432 2434 2428) (0.703547 s)
>> 61 (81: 2406 2370 2363) (0.6989 s)
>> 60 (136: 2406 2392 2391) (0.690955 s)
>> 51 (225: 2432 2417 2413) (0.692482 s)
>> 41 (126: 2406 2388 2387) (0.691852 s)
>> 33 (173: 2406 2432 2404) (0.686823 s)
>> 26 (142: 2406 2395 2385) (0.700121 s)
>> 25 (229: 2422 2419 2418) (0.699555 s)
>> 19 (200: 2422 2415 2412) (0.698841 s)
>> 17 (288: 2406 2439 2438) (0.696595 s)
>> 16 (120: 2406 2409 2386) (0.694486 s)
>> 14 (140: 2406 2399 2394) (0.692257 s)
>> 11 (196: 2440 2414 2411) (0.691815 s)
>> 10 (58: 2406 2375 2366) (0.690189 s)
>> 9 (409: 2433 2430 2406) (0.694109 s)
>> 7 (107: 2433 2381 2380) (0.694485 s)
>> 7 (168: 2400 2440 2403) (0.692683 s)
>> 7 (532: 2422 2427 2424) (0.697226 s)
>> 6 (234: 2422 2426 2421) (0.695733 s)
>> 4 (36: 2433 2361 2360) (0.694199 s)
>> 2 (1058: 2400 2433 2401) (0.693712 s)
>> 1 (91: 2400 2374 2373) (0.696666 s)
>> 0 (-1: -1 -1 -1) (0.693906 s)
Zelikovsky- 16.6543 s
>>> get_solution
  refine_solution: new weight 96001344 (was 96001464) in 0.000627 s
  refine_solution: new weight 96001330 (was 96001344) in 0.000611 s
  refine_solution: new weight 96001330 (was 96001330) in 0.0006 s
>>> get_solution
  refine_solution: new weight 96001547 (was 96002913) in 0.000623 s
  refine_solution: new weight 96001505 (was 96001547) in 0.000607 s
  refine_solution: new weight 96001488 (was 96001505) in 0.000609 s
  refine_solution: new weight 96001488 (was 96001488) in 0.000597 s
1,,2440,4898,88,,2440,0,,96002913,96001488,96002704,96001464,96001330,,7,2,@@

  handle_small_Steiner_degrees: steiner 0, suppress 0 in 3e-06 s
Starting round 2
Found 4 isolated vertices
Invalid ratios recomputed: 2181
Best ratio is 9/1 (9.0), centered at 1058
Finding the best star... Star with 2 terminals centered in 2400
round took: 0.557548 s
|V| = 2441, |E| = 4894, |R| = 87
>> 252 (2313: 2352 2357 2352) (0.003939 s)
>> 0 (-1: -1 -1 -1) (0.001973 s)
Zelikovsky 0.74759 s
>> 252 (2313: 2400 2357 2352) (0.661559 s)
>> 151 (1280: 2432 2434 2428) (0.700558 s)
>> 61 (81: 2400 2370 2363) (0.695858 s)
>> 60 (136: 2400 2392 2391) (0.688372 s)
>> 51 (225: 2432 2417 2413) (0.689891 s)
>> 41 (126: 2400 2388 2387) (0.689102 s)
>> 33 (173: 2400 2432 2404) (0.684321 s)
>> 26 (142: 2400 2395 2385) (0.698954 s)
>> 25 (229: 2422 2419 2418) (0.698525 s)
>> 19 (200: 2422 2415 2412) (0.697642 s)
>> 17 (288: 2400 2439 2438) (0.694848 s)
>> 16 (120: 2400 2409 2386) (0.692797 s)
>> 14 (140: 2400 2399 2394) (0.6912 s)
>> 11 (196: 2440 2414 2411) (0.691395 s)
>> 10 (58: 2400 2375 2366) (0.689397 s)
>> 9 (409: 2433 2430 2400) (0.692974 s)
>> 7 (107: 2433 2381 2380) (0.693192 s)
>> 7 (168: 2433 2440 2403) (0.691906 s)
>> 7 (532: 2422 2427 2424) (0.696902 s)
>> 6 (234: 2422 2426 2421) (0.695432 s)
>> 4 (36: 2433 2361 2360) (0.693885 s)
>> 1 (91: 2433 2374 2373) (0.693569 s)
>> 0 (-1: -1 -1 -1) (0.691723 s)
Zelikovsky- 15.9214 s
>>> get_solution
  refine_solution: new weight 96001340 (was 96001458) in 0.000634 s
  refine_solution: new weight 96001338 (was 96001340) in 0.000617 s
  refine_solution: new weight 96001329 (was 96001338) in 0.000611 s
  refine_solution: new weight 96001329 (was 96001329) in 0.00061 s
>>> get_solution
  refine_solution: new weight 96001648 (was 96002827) in 0.000626 s
  refine_solution: new weight 96001584 (was 96001648) in 0.000621 s
  refine_solution: new weight 96001569 (was 96001584) in 0.000614 s
  refine_solution: new weight 96001564 (was 96001569) in 0.000612 s
  refine_solution: new weight 96001560 (was 96001564) in 0.0006 s
  refine_solution: new weight 96001549 (was 96001560) in 0.000594 s
  refine_solution: new weight 96001548 (was 96001549) in 0.000605 s
  refine_solution: new weight 96001548 (was 96001548) in 0.000613 s
2,,2437,4894,87,,2181,0,,96002827,96001548,96002728,96001458,96001329,,9,2,@@

  handle_small_Steiner_degrees: steiner 0, suppress 0 in 4e-06 s
Starting round 3
Found 8 isolated vertices
Invalid ratios recomputed: 2271
Best ratio is 24/1 (24.0), centered at 279
Finding the best star... Star with 2 terminals centered in 2433
round took: 0.625753 s
|V| = 2441, |E| = 4876, |R| = 86
>> 252 (2313: 2352 2357 2352) (0.003834 s)
>> 0 (-1: -1 -1 -1) (0.001908 s)
Zelikovsky 0.73582 s
>> 252 (2313: 2400 2357 2352) (0.656197 s)
>> 151 (1280: 2433 2434 2428) (0.693326 s)
>> 61 (81: 2400 2370 2363) (0.688401 s)
>> 60 (136: 2400 2392 2391) (0.681678 s)
>> 51 (225: 2433 2417 2413) (0.683189 s)
>> 41 (126: 2400 2388 2387) (0.682312 s)
>> 33 (173: 2400 2433 2404) (0.678109 s)
>> 26 (142: 2400 2395 2385) (0.692419 s)
>> 25 (229: 2422 2419 2418) (0.692295 s)
>> 19 (200: 2422 2415 2412) (0.692275 s)
>> 17 (288: 2400 2439 2438) (0.688936 s)
>> 16 (120: 2400 2409 2386) (0.686819 s)
>> 14 (140: 2400 2399 2394) (0.68532 s)
>> 11 (196: 2440 2414 2411) (0.685613 s)
>> 10 (58: 2400 2375 2366) (0.68384 s)
>> 7 (107: 2400 2381 2380) (0.687116 s)
>> 7 (168: 2400 2440 2403) (0.685619 s)
>> 7 (532: 2422 2427 2424) (0.690682 s)
>> 6 (234: 2422 2426 2421) (0.688749 s)
>> 4 (36: 2400 2361 2360) (0.687384 s)
>> 2 (263: 2400 2430 2429) (0.687081 s)
>> 1 (91: 2400 2374 2373) (0.687261 s)
>> 0 (-1: -1 -1 -1) (0.68533 s)
Zelikovsky- 15.7773 s
>>> get_solution
  refine_solution: new weight 96001365 (was 96001463) in 0.00063 s
  refine_solution: new weight 96001332 (was 96001365) in 0.00061 s
  refine_solution: new weight 96001329 (was 96001332) in 0.000611 s
  refine_solution: new weight 96001321 (was 96001329) in 0.000603 s
  refine_solution: new weight 96001321 (was 96001321) in 0.000599 s
>>> get_solution
  refine_solution: new weight 96001484 (was 96002757) in 0.000617 s
  refine_solution: new weight 96001426 (was 96001484) in 0.000604 s
  refine_solution: new weight 96001415 (was 96001426) in 0.000606 s
  refine_solution: new weight 96001403 (was 96001415) in 0.000593 s
  refine_solution: new weight 96001403 (was 96001403) in 0.00059 s
3,,2433,4876,86,,2271,0,,96002757,96001403,96002686,96001463,96001321,,24,2,@@

  handle_small_Steiner_degrees: steiner 0, suppress 1 in 4e-06 s
Starting round 4
Found 21 isolated vertices
Invalid ratios recomputed: 2173
Best ratio is 36/1 (36.0), centered at 464
Finding the best star... Star with 2 terminals centered in 2433
round took: 0.604061 s
|V| = 2441, |E| = 4865, |R| = 85
>> 252 (2313: 2352 2357 2352) (0.003895 s)
>> 0 (-1: -1 -1 -1) (0.001861 s)
Zelikovsky 0.727854 s
>> 252 (2313: 2400 2357 2352) (0.651453 s)
>> 151 (1280: 2433 2434 2428) (0.689467 s)
>> 61 (81: 2400 2370 2363) (0.685299 s)
>> 60 (136: 2400 2392 2391) (0.678739 s)
>> 51 (225: 2433 2417 2413) (0.680522 s)
>> 41 (126: 2400 2388 2387) (0.676219 s)
>> 33 (173: 2400 2433 2404) (0.67222 s)
>> 26 (142: 2400 2395 2385) (0.694055 s)
>> 25 (229: 2400 2419 2418) (0.695237 s)
>> 19 (200: 2400 2415 2412) (0.697084 s)
>> 17 (288: 2400 2439 2438) (0.698053 s)
>> 16 (120: 2400 2409 2386) (0.696077 s)
>> 14 (140: 2400 2399 2394) (0.694559 s)
>> 11 (196: 2440 2414 2411) (0.695092 s)
>> 10 (58: 2400 2375 2366) (0.692973 s)
>> 7 (107: 2400 2381 2380) (0.696584 s)
>> 7 (168: 2400 2440 2403) (0.695292 s)
>> 7 (532: 2400 2427 2424) (0.700109 s)
>> 5 (234: 2400 2426 2421) (0.698925 s)
>> 4 (36: 2400 2361 2360) (0.698139 s)
>> 2 (263: 2400 2430 2429) (0.698266 s)
>> 1 (91: 2400 2374 2373) (0.698549 s)
>> 0 (-1: -1 -1 -1) (0.69651 s)
Zelikovsky- 15.8869 s
>>> get_solution
  refine_solution: new weight 96001349 (was 96001458) in 0.000627 s
  refine_solution: new weight 96001347 (was 96001349) in 0.000614 s
  refine_solution: new weight 96001347 (was 96001347) in 0.000615 s
>>> get_solution
  refine_solution: new weight 96001620 (was 96002840) in 0.000625 s
  refine_solution: new weight 96001488 (was 96001620) in 0.000615 s
  refine_solution: new weight 96001484 (was 96001488) in 0.000616 s
  refine_solution: new weight 96001474 (was 96001484) in 0.00061 s
  refine_solution: new weight 96001474 (was 96001474) in 0.000617 s
4,,2420,4865,85,,2173,0,,96002840,96001474,96002854,96001458,96001347,,36,2,@@

  handle_small_Steiner_degrees: steiner 0, suppress 0 in 3e-06 s
Starting round 5
Found 27 isolated vertices
Invalid ratios recomputed: 2355
Best ratio is 38/1 (38.0), centered at 160
Finding the best star... Star with 2 terminals centered in 2440
round took: 0.648798 s
|V| = 2441, |E| = 4836, |R| = 84
>> 252 (2313: 2352 2357 2352) (0.003797 s)
>> 0 (-1: -1 -1 -1) (0.001807 s)
Zelikovsky 0.71473 s
>> 252 (2313: 2440 2357 2352) (0.638634 s)
>> 151 (1280: 2433 2434 2428) (0.674364 s)
>> 61 (81: 2440 2370 2363) (0.67102 s)
>> 60 (136: 2440 2392 2391) (0.663681 s)
>> 51 (225: 2433 2417 2413) (0.666117 s)
>> 41 (126: 2440 2388 2387) (0.661652 s)
>> 33 (173: 2440 2433 2404) (0.657698 s)
>> 26 (142: 2440 2395 2385) (0.68341 s)
>> 25 (229: 2440 2419 2418) (0.68441 s)
>> 19 (200: 2440 2415 2412) (0.684635 s)
>> 17 (288: 2440 2439 2438) (0.685446 s)
>> 16 (120: 2440 2409 2386) (0.684322 s)
>> 14 (140: 2440 2399 2394) (0.682988 s)
>> 10 (58: 2440 2375 2366) (0.682826 s)
>> 7 (107: 2440 2381 2380) (0.685711 s)
>> 7 (532: 2440 2427 2424) (0.684292 s)
>> 5 (234: 2440 2426 2421) (0.683023 s)
>> 4 (36: 2440 2361 2360) (0.682211 s)
>> 2 (263: 2440 2430 2429) (0.682272 s)
>> 1 (91: 2440 2374 2373) (0.681833 s)
>> 1 (196: 2440 2414 2411) (0.679779 s)
>> 0 (-1: -1 -1 -1) (0.679334 s)
Zelikovsky- 14.8868 s
>>> get_solution
  refine_solution: new weight 96001325 (was 96001465) in 0.000629 s
  refine_solution: new weight 96001315 (was 96001325) in 0.000617 s
  refine_solution: new weight 96001315 (was 96001315) in 0.000605 s
>>> get_solution
  refine_solution: new weight 96001658 (was 96002954) in 0.00062 s
  refine_solution: new weight 96001593 (was 96001658) in 0.000624 s
  refine_solution: new weight 96001581 (was 96001593) in 0.000631 s
  refine_solution: new weight 96001581 (was 96001581) in 0.000616 s
5,,2414,4836,84,,2355,0,,96002954,96001581,96002872,96001465,96001315,,38,2,@@

  handle_small_Steiner_degrees: steiner 0, suppress 1 in 4e-06 s
Starting round 6
Found 50 isolated vertices
Invalid ratios recomputed: 2391
Best ratio is 77/1 (77.0), centered at 219
Finding the best star... Star with 2 terminals centered in 2440
round took: 0.686194 s
|V| = 2441, |E| = 4811, |R| = 83
>> 252 (2313: 2352 2357 2352) (0.003604 s)
>> 0 (-1: -1 -1 -1) (0.001779 s)
Zelikovsky 0.724442 s
>> 252 (2313: 2440 2357 2352) (0.631486 s)
>> 151 (1280: 2440 2434 2428) (0.669764 s)
>> 61 (81: 2440 2370 2363) (0.668872 s)
>> 60 (136: 2440 2392 2391) (0.663812 s)
>> 53 (223: 2440 2417 2413) (0.667382 s)
>> 41 (126: 2440 2388 2387) (0.670676 s)
>> 27 (1419: 2440 2404 2399) (0.672438 s)
>> 21 (142: 2440 2396 2395) (0.675061 s)
>> 17 (288: 2440 2439 2438) (0.673185 s)
>> 16 (120: 2440 2409 2386) (0.671689 s)
>> 10 (58: 2440 2375 2366) (0.66992 s)
>> 10 (640: 2440 2426 2419) (0.67396 s)
>> 8 (109: 2440 2393 2381) (0.674911 s)
>> 12 (141: 2440 2394 2376) (0.676015 s)
>> 7 (230: 2440 2425 2420) (0.674315 s)
>> 7 (532: 2440 2427 2424) (0.673327 s)
>> 6 (110: 2440 2383 2382) (0.67151 s)
>> 4 (36: 2440 2361 2360) (0.669226 s)
>> 3 (216: 2440 2415 2412) (0.669679 s)
>> 2 (148: 2440 2398 2397) (0.670053 s)
>> 2 (263: 2440 2430 2429) (0.667656 s)
>> 1 (91: 2440 2374 2373) (0.668676 s)
>> 1 (196: 2440 2414 2411) (0.66638 s)
>> 0 (-1: -1 -1 -1) (0.665376 s)
Zelikovsky- 16.0634 s
>>> get_solution
  refine_solution: new weight 96001337 (was 96001423) in 0.000643 s
  refine_solution: new weight 96001334 (was 96001337) in 0.000614 s
  refine_solution: new weight 96001333 (was 96001334) in 0.000604 s
  refine_solution: new weight 96001333 (was 96001333) in 0.000599 s
>>> get_solution
  refine_solution: new weight 96001576 (was 96002916) in 0.000639 s
  refine_solution: new weight 96001460 (was 96001576) in 0.000623 s
  refine_solution: new weight 96001452 (was 96001460) in 0.000615 s
  refine_solution: new weight 96001451 (was 96001452) in 0.000611 s
  refine_solution: new weight 96001451 (was 96001451) in 0.000602 s
6,,2391,4811,83,,2391,0,,96002916,96001451,96002792,96001423,96001333,,77,2,@@

  handle_small_Steiner_degrees: steiner 0, suppress 1 in 5e-06 s
Starting round 7
Found 70 isolated vertices
Invalid ratios recomputed: 2371
Best ratio is 6000000/6 (1000000.0), centered at 2402
Finding the best star... Star with 7 terminals centered in 2402
round took: 0.814786 s
|V| = 2441, |E| = 4795, |R| = 77
>> 252 (2313: 2352 2357 2352) (0.003134 s)
>> 0 (-1: -1 -1 -1) (0.001516 s)
Zelikovsky 0.676405 s
>> 252 (2313: 2402 2357 2352) (0.619037 s)
>> 151 (1280: 2402 2434 2428) (0.659959 s)
>> 61 (81: 2402 2370 2363) (0.657777 s)
>> 60 (136: 2402 2392 2391) (0.65425 s)
>> 53 (223: 2402 2417 2413) (0.660095 s)
>> 41 (126: 2402 2388 2387) (0.662909 s)
>> 27 (1419: 2402 2404 2399) (0.666298 s)
>> 21 (142: 2402 2396 2395) (0.669242 s)
>> 17 (288: 2402 2439 2438) (0.667212 s)
>> 16 (120: 2402 2409 2386) (0.665984 s)
>> 10 (58: 2402 2375 2366) (0.66615 s)
>> 10 (640: 2402 2426 2419) (0.670011 s)
>> 8 (109: 2402 2393 2381) (0.671106 s)
>> 12 (141: 2402 2394 2376) (0.673245 s)
>> 7 (230: 2402 2425 2420) (0.671235 s)
>> 7 (532: 2402 2427 2424) (0.670283 s)
>> 6 (110: 2402 2383 2382) (0.668977 s)
>> 4 (36: 2402 2361 2360) (0.666118 s)
>> 3 (216: 2402 2415 2412) (0.666556 s)
>> 2 (148: 2402 2398 2397) (0.667635 s)
>> 2 (263: 2402 2430 2429) (0.665174 s)
>> 1 (91: 2402 2374 2373) (0.66657 s)
>> 1 (196: 2402 2414 2411) (0.664435 s)
>> 0 (-1: -1 -1 -1) (0.664076 s)
Zelikovsky- 15.9425 s
>>> get_solution
  refine_solution: new weight 96001344 (was 96001411) in 0.000642 s
  refine_solution: new weight 96001341 (was 96001344) in 0.000615 s
  refine_solution: new weight 96001341 (was 96001341) in 0.000607 s
>>> get_solution
  refine_solution: new weight 96001611 (was 96002910) in 0.000638 s
  refine_solution: new weight 96001517 (was 96001611) in 0.000627 s
  refine_solution: new weight 96001489 (was 96001517) in 0.000623 s
  refine_solution: new weight 96001487 (was 96001489) in 0.000616 s
  refine_solution: new weight 96001478 (was 96001487) in 0.000612 s
  refine_solution: new weight 96001441 (was 96001478) in 0.000611 s
  refine_solution: new weight 96001418 (was 96001441) in 0.000616 s
  refine_solution: new weight 96001415 (was 96001418) in 0.000626 s
  refine_solution: new weight 96001415 (was 96001415) in 0.000616 s
7,,2371,4795,77,,2371,0,,96002910,96001415,96002889,96001411,96001341,,6000000,7,@@

  handle_small_Steiner_degrees: steiner 0, suppress 1 in 5e-06 s
Starting round 8
Found 77 isolated vertices
Invalid ratios recomputed: 2364
Best ratio is 3000003/3 (1000001.0), centered at 154
Finding the best star... Star with 4 terminals centered in 2401
round took: 0.873801 s
|V| = 2441, |E| = 4780, |R| = 74
>> 252 (2313: 2352 2357 2352) (0.002814 s)
>> 0 (-1: -1 -1 -1) (0.001383 s)
Zelikovsky 0.66047 s
>> 252 (2313: 2401 2357 2352) (0.60778 s)
>> 151 (1280: 2401 2434 2428) (0.649378 s)
>> 61 (81: 2401 2370 2363) (0.649924 s)
>> 60 (136: 2401 2392 2391) (0.64673 s)
>> 53 (223: 2401 2417 2413) (0.652112 s)
>> 41 (126: 2401 2388 2387) (0.655809 s)
>> 27 (1419: 2401 2404 2399) (0.658339 s)
>> 21 (142: 2401 2396 2395) (0.661696 s)
>> 17 (288: 2401 2439 2438) (0.66072 s)
>> 16 (120: 2401 2409 2386) (0.659142 s)
>> 10 (58: 2401 2375 2366) (0.65848 s)
>> 10 (640: 2401 2426 2419) (0.663307 s)
>> 8 (109: 2401 2393 2381) (0.6642 s)
>> 12 (141: 2401 2394 2376) (0.665891 s)
>> 7 (230: 2401 2425 2420) (0.664979 s)
>> 7 (532: 2401 2427 2424) (0.663062 s)
>> 6 (110: 2401 2383 2382) (0.661626 s)
>> 4 (36: 2401 2361 2360) (0.659691 s)
>> 3 (216: 2401 2415 2412) (0.660133 s)
>> 2 (148: 2401 2398 2397) (0.661281 s)
>> 2 (263: 2401 2430 2429) (0.659361 s)
>> 1 (91: 2401 2374 2373) (0.660654 s)
>> 0 (-1: -1 -1 -1) (0.659096 s)
Zelikovsky- 15.1112 s
>>> get_solution
  refine_solution: new weight 96001335 (was 96001417) in 0.000641 s
  refine_solution: new weight 96001333 (was 96001335) in 0.00062 s
  refine_solution: new weight 96001313 (was 96001333) in 0.000606 s
  refine_solution: new weight 96001313 (was 96001313) in 0.000606 s
>>> get_solution
  refine_solution: new weight 96001593 (was 96002994) in 0.000642 s
  refine_solution: new weight 96001515 (was 96001593) in 0.00063 s
  refine_solution: new weight 96001513 (was 96001515) in 0.000616 s
  refine_solution: new weight 96001513 (was 96001513) in 0.000597 s
8,,2364,4780,74,,2364,0,,96002994,96001513,96002701,96001417,96001313,,3000003,4,@@

  handle_small_Steiner_degrees: steiner 0, suppress 6 in 1e-05 s
Starting round 9
Found 89 isolated vertices
Invalid ratios recomputed: 2352
Best ratio is 3000005/3 (1000001.7), centered at 263
Finding the best star... Star with 4 terminals centered in 2431
round took: 0.892933 s
|V| = 2441, |E| = 4754, |R| = 71
>> 252 (2313: 2352 2357 2352) (0.002602 s)
>> 0 (-1: -1 -1 -1) (0.00127 s)
Zelikovsky 0.64568 s
>> 252 (2313: 2431 2357 2352) (0.598839 s)
>> 151 (1280: 2431 2434 2428) (0.640687 s)
>> 61 (81: 2431 2370 2363) (0.64288 s)
>> 60 (136: 2431 2392 2391) (0.640408 s)
>> 53 (223: 2431 2417 2413) (0.645928 s)
>> 41 (126: 2431 2388 2387) (0.648383 s)
>> 27 (1419: 2431 2404 2399) (0.649744 s)
>> 21 (142: 2431 2396 2395) (0.65476 s)
>> 17 (288: 2431 2439 2438) (0.652899 s)
>> 16 (120: 2431 2409 2386) (0.652072 s)
>> 10 (58: 2431 2375 2366) (0.650919 s)
>> 10 (640: 2431 2426 2419) (0.655413 s)
>> 8 (109: 2431 2393 2381) (0.657189 s)
>> 12 (141: 2431 2394 2376) (0.65882 s)
>> 7 (230: 2431 2425 2420) (0.657102 s)
>> 7 (532: 2431 2427 2424) (0.656526 s)
>> 6 (110: 2431 2383 2382) (0.655309 s)
>> 4 (36: 2431 2361 2360) (0.652813 s)
>> 3 (216: 2431 2415 2412) (0.653387 s)
>> 2 (148: 2431 2398 2397) (0.655267 s)
>> 1 (91: 2431 2374 2373) (0.652358 s)
>> 0 (-1: -1 -1 -1) (0.650329 s)
Zelikovsky- 14.2896 s
>>> get_solution
  refine_solution: new weight 96001341 (was 96001421) in 0.000641 s
  refine_solution: new weight 96001333 (was 96001341) in 0.000612 s
  refine_solution: new weight 96001333 (was 96001333) in 0.0006 s
>>> get_solution
  refine_solution: new weight 96001615 (was 96002753) in 0.000626 s
  refine_solution: new weight 96001518 (was 96001615) in 0.000611 s
  refine_solution: new weight 96001494 (was 96001518) in 0.000616 s
  refine_solution: new weight 96001494 (was 96001494) in 0.000612 s
9,,2352,4754,71,,2352,0,,96002753,96001494,96002568,96001421,96001333,,3000005,4,@@

  handle_small_Steiner_degrees: steiner 1, suppress 5 in 1.2e-05 s
Starting round 10
Found 102 isolated vertices
Invalid ratios recomputed: 2339
Best ratio is 2000006/2 (1000003.0), centered at 204
Finding the best star... Star with 3 terminals centered in 2415
round took: 0.912193 s
|V| = 2441, |E| = 4732, |R| = 69
>> 252 (2313: 2352 2357 2352) (0.002428 s)
>> 0 (-1: -1 -1 -1) (0.001194 s)
Zelikovsky 0.632215 s
>> 252 (2313: 2415 2357 2352) (0.587805 s)
>> 151 (1280: 2415 2434 2428) (0.631108 s)
>> 61 (81: 2415 2370 2363) (0.633291 s)
>> 60 (136: 2415 2392 2391) (0.631216 s)
>> 49 (1240: 2415 2417 2413) (0.636899 s)
>> 41 (126: 2415 2388 2387) (0.639888 s)
>> 26 (142: 2415 2395 2385) (0.642269 s)
>> 17 (288: 2415 2439 2438) (0.643815 s)
>> 16 (120: 2415 2409 2386) (0.64286 s)
>> 14 (140: 2415 2399 2394) (0.641474 s)
>> 13 (640: 2415 2426 2419) (0.642453 s)
>> 10 (58: 2415 2375 2366) (0.64403 s)
>> 7 (107: 2415 2381 2380) (0.648327 s)
>> 7 (230: 2415 2425 2420) (0.647837 s)
>> 7 (532: 2415 2427 2424) (0.646382 s)
>> 4 (36: 2415 2361 2360) (0.644436 s)
>> 1 (91: 2415 2374 2373) (0.644788 s)
>> 0 (-1: -1 -1 -1) (0.643214 s)
Zelikovsky- 11.4983 s
>>> get_solution
  refine_solution: new weight 96001325 (was 96001449) in 0.000642 s
  refine_solution: new weight 96001321 (was 96001325) in 0.000613 s
  refine_solution: new weight 96001321 (was 96001321) in 0.000612 s
>>> get_solution
  refine_solution: new weight 96001514 (was 96002765) in 0.000629 s
  refine_solution: new weight 96001456 (was 96001514) in 0.00061 s
  refine_solution: new weight 96001440 (was 96001456) in 0.000614 s
  refine_solution: new weight 96001439 (was 96001440) in 0.00061 s
  refine_solution: new weight 96001439 (was 96001439) in 0.000611 s
10,,2339,4732,69,,2339,0,,96002765,96001439,96002798,96001449,96001321,,2000006,3,@@

  handle_small_Steiner_degrees: steiner 0, suppress 1 in 6e-06 s
Starting round 11
Found 111 isolated vertices
Invalid ratios recomputed: 2330
Best ratio is 2000011/2 (1000005.5), centered at 240
Finding the best star... Star with 3 terminals centered in 2424
round took: 0.947169 s
|V| = 2441, |E| = 4721, |R| = 67
>> 252 (2313: 2352 2357 2352) (0.002222 s)
>> 0 (-1: -1 -1 -1) (0.001108 s)
Zelikovsky 0.622484 s
>> 252 (2313: 2424 2357 2352) (0.579243 s)
>> 151 (1280: 2424 2434 2428) (0.624294 s)
>> 61 (81: 2424 2370 2363) (0.627602 s)
>> 60 (136: 2424 2392 2391) (0.625647 s)
>> 49 (1240: 2424 2417 2413) (0.631183 s)
>> 41 (126: 2424 2388 2387) (0.633945 s)
>> 26 (142: 2424 2395 2385) (0.636233 s)
>> 17 (288: 2424 2439 2438) (0.637053 s)
>> 16 (120: 2424 2409 2386) (0.636261 s)
>> 14 (140: 2424 2399 2394) (0.635883 s)
>> 13 (640: 2424 2426 2419) (0.637112 s)
>> 10 (58: 2424 2375 2366) (0.639012 s)
>> 7 (107: 2424 2381 2380) (0.643486 s)
>> 7 (230: 2424 2425 2420) (0.64338 s)
>> 4 (36: 2424 2361 2360) (0.641835 s)
>> 1 (91: 2424 2374 2373) (0.64195 s)
>> 0 (-1: -1 -1 -1) (0.639832 s)
Zelikovsky- 10.7599 s
>>> get_solution
  refine_solution: new weight 96001318 (was 96001450) in 0.000635 s
  refine_solution: new weight 96001309 (was 96001318) in 0.000619 s
  refine_solution: new weight 96001309 (was 96001309) in 0.000618 s
>>> get_solution
  refine_solution: new weight 96001563 (was 96002659) in 0.000648 s
  refine_solution: new weight 96001471 (was 96001563) in 0.000636 s
  refine_solution: new weight 96001462 (was 96001471) in 0.000625 s
  refine_solution: new weight 96001456 (was 96001462) in 0.000617 s
  refine_solution: new weight 96001456 (was 96001456) in 0.000631 s
11,,2330,4721,67,,2330,0,,96002659,96001456,96002654,96001450,96001309,,2000011,3,@@

  handle_small_Steiner_degrees: steiner 0, suppress 0 in 4e-06 s
Starting round 12
Found 118 isolated vertices
Invalid ratios recomputed: 2323
Best ratio is 1000007/1 (1000007.0), centered at 236
Finding the best star... Star with 2 terminals centered in 2421
round took: 0.964809 s
|V| = 2441, |E| = 4710, |R| = 66
>> 252 (2313: 2352 2357 2352) (0.002171 s)
>> 0 (-1: -1 -1 -1) (0.001074 s)
Zelikovsky 0.612397 s
>> 252 (2313: 2421 2357 2352) (0.574729 s)
>> 151 (1280: 2421 2434 2428) (0.620502 s)
>> 61 (81: 2421 2370 2363) (0.623817 s)
>> 60 (136: 2421 2392 2391) (0.62174 s)
>> 49 (1240: 2421 2417 2413) (0.62684 s)
>> 41 (126: 2421 2388 2387) (0.630131 s)
>> 26 (142: 2421 2395 2385) (0.631625 s)
>> 17 (288: 2421 2439 2438) (0.63238 s)
>> 16 (120: 2421 2409 2386) (0.631852 s)
>> 14 (140: 2421 2399 2394) (0.631585 s)
>> 13 (247: 2421 2426 2419) (0.632955 s)
>> 10 (58: 2421 2375 2366) (0.633263 s)
>> 7 (107: 2421 2381 2380) (0.638123 s)
>> 7 (230: 2421 2425 2420) (0.637778 s)
>> 4 (36: 2421 2361 2360) (0.636313 s)
>> 1 (91: 2421 2374 2373) (0.636824 s)
>> 0 (-1: -1 -1 -1) (0.635223 s)
Zelikovsky- 10.6816 s
>>> get_solution
  refine_solution: new weight 96001327 (was 96001473) in 0.000644 s
  refine_solution: new weight 96001316 (was 96001327) in 0.000623 s
  refine_solution: new weight 96001315 (was 96001316) in 0.000614 s
  refine_solution: new weight 96001306 (was 96001315) in 0.000604 s
  refine_solution: new weight 96001306 (was 96001306) in 0.000606 s
>>> get_solution
  refine_solution: new weight 96001576 (was 96002739) in 0.000644 s
  refine_solution: new weight 96001513 (was 96001576) in 0.000629 s
  refine_solution: new weight 96001509 (was 96001513) in 0.00061 s
  refine_solution: new weight 96001507 (was 96001509) in 0.000601 s
  refine_solution: new weight 96001507 (was 96001507) in 0.000599 s
12,,2323,4710,66,,2323,0,,96002739,96001507,96002644,96001473,96001306,,1000007,2,@@

  handle_small_Steiner_degrees: steiner 0, suppress 0 in 4e-06 s
Starting round 13
Found 126 isolated vertices
Invalid ratios recomputed: 2315
Best ratio is 24000213/24 (1000008.9), centered at 100
Finding the best star... Star with 25 terminals centered in 2386
round took: 1.00452 s
|V| = 2441, |E| = 4598, |R| = 42
>> 125 (255: 2386 2428 2386) (0.000965 s)
>> 0 (-1: -1 -1 -1) (0.000817 s)
Zelikovsky 0.527098 s
>> 125 (255: 2386 2434 2428) (0.521168 s)
>> 84 (40: 2386 2363 2362) (0.523896 s)
>> 81 (290: 2386 2439 2438) (0.527479 s)
>> 56 (1109: 2386 2420 2417) (0.525675 s)
>> 53 (36: 2386 2361 2360) (0.526762 s)
>> 53 (2313: 2386 2357 2352) (0.536833 s)
>> 35 (15: 2386 2355 2354) (0.553379 s)
>> 34 (30: 2386 2368 2358) (0.564805 s)
>> 15 (68: 2386 2375 2367) (0.570105 s)
>> 9 (86: 2386 2372 2364) (0.574225 s)
>> 0 (-1: -1 -1 -1) (0.575981 s)
Zelikovsky- 6.00411 s
>>> get_solution
  refine_solution: new weight 96001252 (was 96001278) in 0.000624 s
  refine_solution: new weight 96001252 (was 96001252) in 0.000613 s
>>> get_solution
  refine_solution: new weight 96001621 (was 96002259) in 0.000611 s
  refine_solution: new weight 96001533 (was 96001621) in 0.000603 s
  refine_solution: new weight 96001515 (was 96001533) in 0.0006 s
  refine_solution: new weight 96001511 (was 96001515) in 0.000583 s
  refine_solution: new weight 96001511 (was 96001511) in 0.000587 s
13,,2315,4598,42,,2315,0,,96002259,96001511,96002143,96001278,96001252,,24000213,25,@@

  handle_small_Steiner_degrees: steiner 0, suppress 1 in 6e-06 s
Starting round 14
Found 212 isolated vertices
Invalid ratios recomputed: 2229
Best ratio is 6000058/6 (1000009.7), centered at 34
Finding the best star... Star with 7 terminals centered in 2374
round took: 0.679275 s
|V| = 2441, |E| = 4562, |R| = 36
>> 125 (255: 2374 2428 2374) (0.000774 s)
>> 0 (-1: -1 -1 -1) (0.000685 s)
Zelikovsky 0.507448 s
>> 125 (255: 2374 2434 2428) (0.510278 s)
>> 81 (290: 2374 2439 2438) (0.512778 s)
>> 70 (45: 2374 2370 2363) (0.51079 s)
>> 56 (1109: 2374 2420 2417) (0.5146 s)
>> 53 (2313: 2374 2357 2352) (0.519609 s)
>> 35 (15: 2374 2355 2354) (0.537953 s)
>> 34 (30: 2374 2368 2358) (0.548883 s)
>> 15 (68: 2374 2375 2367) (0.557033 s)
>> 0 (-1: -1 -1 -1) (0.560942 s)
Zelikovsky- 4.77615 s
>>> get_solution
  refine_solution: new weight 96001250 (was 96001311) in 0.000628 s
  refine_solution: new weight 96001233 (was 96001250) in 0.000604 s
  refine_solution: new weight 96001232 (was 96001233) in 0.000595 s
  refine_solution: new weight 96001232 (was 96001232) in 0.000591 s
>>> get_solution
  refine_solution: new weight 96001635 (was 96002016) in 0.000623 s
  refine_solution: new weight 96001545 (was 96001635) in 0.000599 s
  refine_solution: new weight 96001518 (was 96001545) in 0.000602 s
  refine_solution: new weight 96001509 (was 96001518) in 0.000587 s
  refine_solution: new weight 96001508 (was 96001509) in 0.000591 s
  refine_solution: new weight 96001508 (was 96001508) in 0.000587 s
14,,2229,4562,36,,2229,0,,96002016,96001508,96001852,96001311,96001232,,6000058,7,@@

  handle_small_Steiner_degrees: steiner 0, suppress 0 in 4e-06 s
Starting round 15
Found 238 isolated vertices
Invalid ratios recomputed: 2203
Best ratio is 6000060/6 (1000010.0), centered at 297
Finding the best star... Star with 7 terminals centered in 2366
round took: 0.639796 s
|V| = 2441, |E| = 4525, |R| = 30
>> 125 (255: 2366 2428 2366) (0.00061 s)
>> 0 (-1: -1 -1 -1) (0.000558 s)
Zelikovsky 0.499433 s
>> 125 (255: 2366 2434 2428) (0.510519 s)
>> 81 (290: 2366 2439 2438) (0.51304 s)
>> 70 (45: 2366 2370 2363) (0.512989 s)
>> 56 (1109: 2366 2420 2417) (0.518197 s)
>> 44 (2313: 2366 2357 2352) (0.526749 s)
>> 34 (30: 2366 2368 2358) (0.53777 s)
>> 0 (-1: -1 -1 -1) (0.546061 s)
Zelikovsky- 3.66809 s
>>> get_solution
  refine_solution: new weight 96001256 (was 96001297) in 0.000627 s
  refine_solution: new weight 96001256 (was 96001256) in 0.000618 s
>>> get_solution
  refine_solution: new weight 96001595 (was 96001840) in 0.000625 s
  refine_solution: new weight 96001574 (was 96001595) in 0.00061 s
  refine_solution: new weight 96001536 (was 96001574) in 0.000604 s
  refine_solution: new weight 96001513 (was 96001536) in 0.000603 s
  refine_solution: new weight 96001513 (was 96001513) in 0.000602 s
15,,2203,4525,30,,2203,0,,96001840,96001513,96001690,96001297,96001256,,6000060,7,@@

  handle_small_Steiner_degrees: steiner 0, suppress 0 in 4e-06 s
Starting round 16
Found 260 isolated vertices
Invalid ratios recomputed: 2181
Best ratio is 2000025/2 (1000012.5), centered at 226
Finding the best star... Star with 3 terminals centered in 2419
round took: 0.631432 s
|V| = 2441, |E| = 4508, |R| = 28
>> 125 (255: 2419 2428 2419) (0.000565 s)
>> 0 (-1: -1 -1 -1) (0.000524 s)
Zelikovsky 0.499712 s
>> 125 (255: 2419 2434 2428) (0.508928 s)
>> 81 (290: 2419 2439 2438) (0.511817 s)
>> 70 (45: 2419 2370 2363) (0.51278 s)
>> 44 (2313: 2419 2357 2352) (0.519274 s)
>> 41 (1109: 2419 2420 2417) (0.529042 s)
>> 34 (30: 2419 2368 2358) (0.532177 s)
>> 0 (-1: -1 -1 -1) (0.540409 s)
Zelikovsky- 3.65726 s
>>> get_solution
  refine_solution: new weight 96001282 (was 96001312) in 0.000632 s
  refine_solution: new weight 96001279 (was 96001282) in 0.000607 s
  refine_solution: new weight 96001279 (was 96001279) in 0.000596 s
>>> get_solution
  refine_solution: new weight 96001518 (was 96001684) in 0.000629 s
  refine_solution: new weight 96001494 (was 96001518) in 0.000612 s
  refine_solution: new weight 96001493 (was 96001494) in 0.000603 s
  refine_solution: new weight 96001493 (was 96001493) in 0.000601 s
16,,2181,4508,28,,2181,0,,96001684,96001493,96001675,96001312,96001279,,2000025,3,@@

  delete_edges: deleted 133 edges in 0.06826 s and 66 rounds
  handle_small_Steiner_degrees: steiner 12, suppress 42 in 7.6e-05 s
Starting round 17
Found 327 isolated vertices
Invalid ratios recomputed: 2114
Best ratio is 6000083/6 (1000013.8), centered at 45
Finding the best star... Star with 7 terminals centered in 2369
round took: 0.584328 s
|V| = 2441, |E| = 4273, |R| = 22
>> 125 (255: 2369 2428 2369) (0.000441 s)
>> 0 (-1: -1 -1 -1) (0.000431 s)
Zelikovsky 0.457575 s
>> 125 (255: 2369 2434 2428) (0.470327 s)
>> 81 (290: 2369 2439 2438) (0.473326 s)
>> 44 (2313: 2369 2357 2352) (0.474651 s)
>> 41 (1109: 2369 2420 2417) (0.485231 s)
>> 34 (30: 2369 2368 2358) (0.488188 s)
>> 0 (-1: -1 -1 -1) (0.496679 s)
Zelikovsky- 2.89084 s
>>> get_solution
  refine_solution: new weight 96001240 (was 96001253) in 0.000629 s
  refine_solution: new weight 96001240 (was 96001240) in 0.000621 s
>>> get_solution
  refine_solution: new weight 96001481 (was 96001550) in 0.000622 s
  refine_solution: new weight 96001480 (was 96001481) in 0.000607 s
  refine_solution: new weight 96001480 (was 96001480) in 0.000608 s
17,,2114,4273,22,,2114,0,,96001550,96001480,96001508,96001253,96001240,,6000083,7,@@

  handle_small_Steiner_degrees: steiner 0, suppress 0 in 4e-06 s
Starting round 18
Found 354 isolated vertices
Invalid ratios recomputed: 2087
Best ratio is 1000017/1 (1000017.0), centered at 276
Finding the best star... Star with 2 terminals centered in 2435
round took: 0.576032 s
|V| = 2441, |E| = 4265, |R| = 21
>> 129 (1280: 2428 2434 2428) (0.000433 s)
>> 70 (637: 2435 2437 2435) (0.000398 s)
>> 0 (-1: -1 -1 -1) (0.000403 s)
Zelikovsky 0.456806 s
>> 129 (1280: 2435 2434 2428) (0.468847 s)
>> 44 (2313: 2435 2357 2352) (0.47256 s)
>> 37 (1109: 2435 2420 2417) (0.4818 s)
>> 34 (30: 2435 2368 2358) (0.484166 s)
>> 17 (288: 2435 2439 2438) (0.492114 s)
>> 0 (-1: -1 -1 -1) (0.49284 s)
Zelikovsky- 2.89471 s
>>> get_solution
  refine_solution: new weight 96001247 (was 96001257) in 0.000627 s
  refine_solution: new weight 96001247 (was 96001247) in 0.000601 s
>>> get_solution
  refine_solution: new weight 96001363 (was 96001605) in 0.000624 s
  refine_solution: new weight 96001318 (was 96001363) in 0.000608 s
  refine_solution: new weight 96001289 (was 96001318) in 0.000617 s
  refine_solution: new weight 96001279 (was 96001289) in 0.000603 s
  refine_solution: new weight 96001279 (was 96001279) in 0.000598 s
18,,2087,4265,21,,2087,0,,96001605,96001279,96001438,96001257,96001247,,1000017,2,@@

  handle_small_Steiner_degrees: steiner 0, suppress 0 in 4e-06 s
Starting round 19
Found 361 isolated vertices
Invalid ratios recomputed: 2080
Best ratio is 2000036/2 (1000018.0), centered at 96
Finding the best star... Star with 3 terminals centered in 2426
round took: 0.551638 s
|V| = 2441, |E| = 4250, |R| = 19
>> 129 (1280: 2426 2428 2426) (0.000419 s)
>> 0 (-1: -1 -1 -1) (0.000398 s)
Zelikovsky 0.451403 s
>> 129 (1280: 2426 2434 2428) (0.463459 s)
>> 44 (2313: 2426 2357 2352) (0.468896 s)
>> 37 (1109: 2426 2420 2417) (0.478428 s)
>> 30 (30: 2426 2368 2358) (0.481148 s)
>> 17 (288: 2426 2439 2438) (0.488151 s)
>> 0 (-1: -1 -1 -1) (0.489263 s)
Zelikovsky- 2.87175 s
>>> get_solution
  refine_solution: new weight 96001252 (was 96001263) in 0.000624 s
  refine_solution: new weight 96001252 (was 96001252) in 0.000615 s
>>> get_solution
  refine_solution: new weight 96001426 (was 96001644) in 0.000621 s
  refine_solution: new weight 96001380 (was 96001426) in 0.000618 s
  refine_solution: new weight 96001344 (was 96001380) in 0.000604 s
  refine_solution: new weight 96001334 (was 96001344) in 0.000606 s
  refine_solution: new weight 96001298 (was 96001334) in 0.000598 s
  refine_solution: new weight 96001275 (was 96001298) in 0.000603 s
  refine_solution: new weight 96001275 (was 96001275) in 0.000597 s
19,,2080,4250,19,,2080,0,,96001644,96001275,96001505,96001263,96001252,,2000036,3,@@

  handle_small_Steiner_degrees: steiner 0, suppress 0 in 3e-06 s
Starting round 20
Found 373 isolated vertices
Invalid ratios recomputed: 2068
Best ratio is 1000019/1 (1000019.0), centered at 196
Finding the best star... Star with 2 terminals centered in 2414
round took: 0.544314 s
|V| = 2441, |E| = 4236, |R| = 18
>> 129 (1280: 2414 2428 2414) (0.000391 s)
>> 0 (-1: -1 -1 -1) (0.000379 s)
Zelikovsky 0.446981 s
>> 129 (1280: 2414 2434 2428) (0.459611 s)
>> 44 (2313: 2414 2357 2352) (0.465105 s)
>> 37 (1109: 2414 2420 2417) (0.47404 s)
>> 30 (30: 2414 2368 2358) (0.476454 s)
>> 17 (288: 2414 2439 2438) (0.484276 s)
>> 0 (-1: -1 -1 -1) (0.4853 s)
Zelikovsky- 2.84718 s
>>> get_solution
  refine_solution: new weight 96001242 (was 96001251) in 0.00063 s
  refine_solution: new weight 96001242 (was 96001242) in 0.000612 s
>>> get_solution
  refine_solution: new weight 96001498 (was 96001628) in 0.000621 s
  refine_solution: new weight 96001492 (was 96001498) in 0.000609 s
  refine_solution: new weight 96001492 (was 96001492) in 0.000602 s
20,,2068,4236,18,,2068,0,,96001628,96001492,96001479,96001251,96001242,,1000019,2,@@

  handle_small_Steiner_degrees: steiner 0, suppress 0 in 4e-06 s
Starting round 21
Found 381 isolated vertices
Invalid ratios recomputed: 2060
Best ratio is 3000063/3 (1000021.0), centered at 30
Finding the best star... Star with 4 terminals centered in 2353
round took: 0.552311 s
|V| = 2441, |E| = 4205, |R| = 15
>> 129 (1280: 2353 2428 2353) (0.000357 s)
>> 0 (-1: -1 -1 -1) (0.00034 s)
Zelikovsky 0.43883 s
>> 129 (1280: 2353 2434 2428) (0.454326 s)
>> 44 (2313: 2353 2357 2352) (0.459101 s)
>> 37 (1109: 2353 2420 2417) (0.470259 s)
>> 17 (288: 2353 2439 2438) (0.472653 s)
>> 0 (-1: -1 -1 -1) (0.474441 s)
Zelikovsky- 2.33295 s
>>> get_solution
  refine_solution: new weight 96001247 (was 96001258) in 0.00063 s
  refine_solution: new weight 96001246 (was 96001247) in 0.000631 s
  refine_solution: new weight 96001246 (was 96001246) in 0.000602 s
>>> get_solution
  refine_solution: new weight 96001390 (was 96001610) in 0.000612 s
  refine_solution: new weight 96001366 (was 96001390) in 0.000599 s
  refine_solution: new weight 96001301 (was 96001366) in 0.000593 s
  refine_solution: new weight 96001249 (was 96001301) in 0.000602 s
  refine_solution: new weight 96001239 (was 96001249) in 0.000596 s
  refine_solution: new weight 96001239 (was 96001239) in 0.000589 s
21,,2060,4205,15,,2060,0,,96001610,96001239,96001463,96001258,96001246,,3000063,4,@@

  handle_small_Steiner_degrees: steiner 0, suppress 3 in 1.1e-05 s
Starting round 22
Found 405 isolated vertices
Invalid ratios recomputed: 2036
Best ratio is 6000135/6 (1000022.5), centered at 751
Finding the best star... Star with 7 terminals centered in 2417
round took: 0.524549 s
|V| = 2441, |E| = 4143, |R| = 9
>> 82 (1280: 2417 2428 2417) (0.000307 s)
>> 0 (-1: -1 -1 -1) (0.000292 s)
Zelikovsky 0.424367 s
>> 82 (1280: 2417 2434 2428) (0.440238 s)
>> 44 (2313: 2417 2357 2352) (0.443983 s)
>> 0 (-1: -1 -1 -1) (0.453977 s)
Zelikovsky- 1.33986 s
>>> get_solution
  refine_solution: new weight 96001217 (was 96001227) in 0.000636 s
  refine_solution: new weight 96001217 (was 96001217) in 0.000621 s
>>> get_solution
  refine_solution: new weight 96001304 (was 96001332) in 0.00061 s
  refine_solution: new weight 96001304 (was 96001304) in 0.000603 s
22,,2036,4143,9,,2036,0,,96001332,96001304,96001286,96001227,96001217,,6000135,7,@@

  handle_small_Steiner_degrees: steiner 0, suppress 3 in 1e-05 s
Starting round 23
Found 446 isolated vertices
Invalid ratios recomputed: 1995
Best ratio is 3000071/3 (1000023.7), centered at 25
Finding the best star... Star with 4 terminals centered in 2352
round took: 0.494291 s
|V| = 2441, |E| = 4096, |R| = 6
>> 82 (1280: 2352 2428 2352) (0.000279 s)
>> 0 (-1: -1 -1 -1) (0.000263 s)
Zelikovsky 0.420796 s
>> 82 (1280: 2352 2434 2428) (0.436937 s)
>> 0 (-1: -1 -1 -1) (0.441189 s)
Zelikovsky- 0.879555 s
>>> get_solution
  refine_solution: new weight 96001217 (was 96001222) in 0.000628 s
  refine_solution: new weight 96001217 (was 96001217) in 0.000613 s
>>> get_solution
  refine_solution: new weight 96001299 (was 96001304) in 0.00061 s
  refine_solution: new weight 96001299 (was 96001299) in 0.000601 s
23,,1995,4096,6,,1995,0,,96001304,96001299,96001222,96001222,96001217,,3000071,4,@@

  handle_small_Steiner_degrees: steiner 1, suppress 2 in 1.1e-05 s
Starting round 24
Found 479 isolated vertices
Invalid ratios recomputed: 1962
Best ratio is 1000025/1 (1000025.0), centered at 174
Finding the best star... Star with 2 terminals centered in 2404
round took: 0.483 s
|V| = 2441, |E| = 4082, |R| = 5
>> 82 (1280: 2404 2428 2404) (0.000268 s)
>> 0 (-1: -1 -1 -1) (0.000256 s)
Zelikovsky 0.412776 s
>> 82 (1280: 2404 2434 2428) (0.429266 s)
>> 0 (-1: -1 -1 -1) (0.432817 s)
Zelikovsky- 0.86349 s
>>> get_solution
  refine_solution: new weight 96001217 (was 96001222) in 0.000629 s
  refine_solution: new weight 96001217 (was 96001217) in 0.000612 s
>>> get_solution
  refine_solution: new weight 96001299 (was 96001304) in 0.000612 s
  refine_solution: new weight 96001299 (was 96001299) in 0.000607 s
24,,1962,4082,5,,1962,0,,96001304,96001299,96001222,96001222,96001217,,1000025,2,@@

  handle_small_Steiner_degrees: steiner 0, suppress 2 in 9e-06 s
Starting round 25
Found 488 isolated vertices
Invalid ratios recomputed: 1953
Best ratio is 1000033/1 (1000033.0), centered at 206
Finding the best star... Star with 2 terminals centered in 2413
round took: 0.473891 s
|V| = 2441, |E| = 4058, |R| = 4
>> 82 (1280: 2413 2428 2413) (0.000291 s)
>> 0 (-1: -1 -1 -1) (0.000256 s)
Zelikovsky 0.410999 s
>> 82 (1280: 2413 2434 2428) (0.427157 s)
Zelikovsky- 0.428412 s
>>> get_solution
  refine_solution: new weight 96001217 (was 96001222) in 0.000632 s
  refine_solution: new weight 96001217 (was 96001217) in 0.000602 s
>>> get_solution
  refine_solution: new weight 96001299 (was 96001304) in 0.000608 s
  refine_solution: new weight 96001299 (was 96001299) in 0.000599 s
25,,1953,4058,4,,1953,0,,96001304,96001299,96001222,96001222,96001217,,1000033,2,@@

  handle_small_Steiner_degrees: steiner 0, suppress 2 in 8e-06 s
Starting round 26
Found 504 isolated vertices
Invalid ratios recomputed: 1937
Best ratio is 1000046/1 (1000046.0), centered at 191
Finding the best star... Star with 2 terminals centered in 2409
round took: 0.465028 s
|V| = 2441, |E| = 4046, |R| = 3
>> 82 (1280: 2409 2428 2409) (0.000281 s)
>> 0 (-1: -1 -1 -1) (0.000249 s)
Zelikovsky 0.415358 s
>> 82 (1280: 2409 2434 2428) (0.425084 s)
Zelikovsky- 0.426341 s
>>> get_solution
  refine_solution: new weight 96001217 (was 96001222) in 0.000633 s
  refine_solution: new weight 96001217 (was 96001217) in 0.000605 s
>>> get_solution
  refine_solution: new weight 96001299 (was 96001304) in 0.000604 s
  refine_solution: new weight 96001299 (was 96001299) in 0.000605 s
26,,1937,4046,3,,1937,0,,96001304,96001299,96001222,96001222,96001217,,1000046,2,@@

  handle_small_Steiner_degrees: steiner 0, suppress 3 in 1.4e-05 s
Starting round 27
Found 512 isolated vertices
Invalid ratios recomputed: 1929
Best ratio is 2000104/2 (1000052.0), centered at 274
Finding the best star... Star with 3 terminals centered in 2434
round took: 0.458078 s
|V| = 2441, |E| = 4027, |R| = 1
Zelikovsky 0.406988 s
Zelikovsky- 0.000997 s
>>> get_solution
  refine_solution: new weight 96001217 (was 96001222) in 0.000625 s
  refine_solution: new weight 96001217 (was 96001217) in 0.000619 s
>>> get_solution
  refine_solution: new weight 96001217 (was 96001222) in 0.000597 s
  refine_solution: new weight 96001217 (was 96001217) in 0.000594 s
27,,1929,4027,1,,1929,0,,96001222,96001217,96001222,96001222,96001217,,2000104,3,@@

  handle_small_Steiner_degrees: steiner 0, suppress 1 in 7e-06 s
contract_till_the_bitter_end: 257.442 s

Calling end_heu
>>> get_solution
Saved weight 14000011
end_heu: 0 loops with 0 unique solutions in 0.000107 s

Calling print_solution
>>> get_solution
  refine_solution: new weight 96001218 (was 96001222) in 0.000635 s
Oops orig weight was 96001222 but we got 96001218
## FINAL WEIGHT 96001218
print_solution: 0.001392 s
