Version: final-94-gfffc3aa rub_all.sh: remove longest prefix
Random seed: 1557208109
Start
>>> save_orig_graph
>> Saved weight 0
Graph loaded
|V| = 56024, |E| = 91399, |R| = 3017
First clearance of the input. Calling buy_zero and run_all_heuristics.
  buy_zero: 19 zero edges in 0.000353 s
  handle_small_terminal_degrees: terms 2 in 5.1e-05 s
  handle_small_Steiner_degrees: steiner 19, suppress 0 in 9.5e-05 s
  shortest_edge_between_terminals: 0 edges in 9.8e-05 s
  handle_small_terminal_degrees: terms 0 in 9.6e-05 s
  handle_small_Steiner_degrees: steiner 0, suppress 14 in 9.9e-05 s
  shortest_edge_between_terminals: 0 edges in 5e-05 s
  handle_small_terminal_degrees: terms 0 in 4.4e-05 s
  handle_small_Steiner_degrees: steiner 0, suppress 0 in 8.8e-05 s
  shortest_edge_between_terminals: 0 edges in 4.6e-05 s
Compressed graph 56024 -> 55969
  delete_edges: deleted 6206 edges in 0.169229 s and 23 rounds
  handle_small_terminal_degrees: terms 77 in 0.000109 s
  handle_small_Steiner_degrees: steiner 70, suppress 3493 in 0.001702 s
  shortest_edge_between_terminals: 0 edges in 9.4e-05 s
  handle_small_terminal_degrees: terms 7 in 5.1e-05 s
  handle_small_Steiner_degrees: steiner 0, suppress 41 in 0.000111 s
  shortest_edge_between_terminals: 0 edges in 5.2e-05 s
  handle_small_terminal_degrees: terms 0 in 4.4e-05 s
  handle_small_Steiner_degrees: steiner 0, suppress 0 in 9e-05 s
  shortest_edge_between_terminals: 0 edges in 4.9e-05 s
Compressed graph 55969 -> 52281
  delete_edges_shortest_path: deleted 9842 edges in 30.1646 s
  handle_small_terminal_degrees: terms 1820 in 0.00138 s
  handle_small_Steiner_degrees: steiner 1547, suppress 9153 in 0.004072 s
  shortest_edge_between_terminals: 11 edges in 0.00017 s
  handle_small_terminal_degrees: terms 551 in 0.000465 s
  handle_small_Steiner_degrees: steiner 5, suppress 237 in 0.00019 s
  shortest_edge_between_terminals: 15 edges in 0.000109 s
  handle_small_terminal_degrees: terms 6 in 4.5e-05 s
  handle_small_Steiner_degrees: steiner 0, suppress 17 in 9.2e-05 s
  shortest_edge_between_terminals: 0 edges in 5.8e-05 s
  handle_small_terminal_degrees: terms 1 in 4.2e-05 s
  handle_small_Steiner_degrees: steiner 0, suppress 2 in 8.3e-05 s
  shortest_edge_between_terminals: 0 edges in 5.6e-05 s
  handle_small_terminal_degrees: terms 0 in 4.1e-05 s
  handle_small_Steiner_degrees: steiner 0, suppress 4 in 8.2e-05 s
  shortest_edge_between_terminals: 0 edges in 5.5e-05 s
  handle_small_terminal_degrees: terms 0 in 4.1e-05 s
  handle_small_Steiner_degrees: steiner 0, suppress 4 in 8.1e-05 s
  shortest_edge_between_terminals: 0 edges in 5.5e-05 s
  handle_small_terminal_degrees: terms 0 in 4.2e-05 s
  handle_small_Steiner_degrees: steiner 0, suppress 0 in 7.7e-05 s
  shortest_edge_between_terminals: 0 edges in 5.5e-05 s
Compressed graph 52281 -> 38916
  handle_small_terminal_degrees: terms 0 in 3e-05 s
  handle_small_Steiner_degrees: steiner 0, suppress 61 in 0.000108 s
  shortest_edge_between_terminals: 72 edges in 0.000272 s
  handle_small_terminal_degrees: terms 0 in 3.1e-05 s
  handle_small_Steiner_degrees: steiner 0, suppress 10 in 6.6e-05 s
  shortest_edge_between_terminals: 1 edges in 6.8e-05 s
  handle_small_terminal_degrees: terms 0 in 3.1e-05 s
  handle_small_Steiner_degrees: steiner 0, suppress 2 in 6.1e-05 s
  shortest_edge_between_terminals: 0 edges in 6.1e-05 s
  handle_small_terminal_degrees: terms 0 in 3.1e-05 s
  handle_small_Steiner_degrees: steiner 0, suppress 0 in 6e-05 s
  shortest_edge_between_terminals: 0 edges in 6.2e-05 s
Compressed graph 38916 -> 38194
  delete_edges_shortest_path: deleted 2310 edges in 5.77586 s
  handle_small_terminal_degrees: terms 138 in 0.000169 s
  handle_small_Steiner_degrees: steiner 85, suppress 3611 in 0.001773 s
  shortest_edge_between_terminals: 14 edges in 0.000191 s
  handle_small_terminal_degrees: terms 6 in 3.4e-05 s
  handle_small_Steiner_degrees: steiner 1, suppress 64 in 8.4e-05 s
  shortest_edge_between_terminals: 0 edges in 6.1e-05 s
  handle_small_terminal_degrees: terms 0 in 3e-05 s
  handle_small_Steiner_degrees: steiner 0, suppress 2 in 5.5e-05 s
  shortest_edge_between_terminals: 0 edges in 5.8e-05 s
  handle_small_terminal_degrees: terms 0 in 3e-05 s
  handle_small_Steiner_degrees: steiner 0, suppress 3 in 5.5e-05 s
  shortest_edge_between_terminals: 0 edges in 5.8e-05 s
  handle_small_terminal_degrees: terms 0 in 3e-05 s
  handle_small_Steiner_degrees: steiner 0, suppress 0 in 5.3e-05 s
  shortest_edge_between_terminals: 0 edges in 5.8e-05 s
Compressed graph 38194 -> 34270
Compressed graph 34270 -> 34270
>>> save_orig_graph
>> Saved weight 559189468
### ZEL_LVL=9 PRECISE_STARS=0

Calling `contract_till_the_bitter_end`
|V| = 34270, |E| = 50725, |R| = 2903
>> 34981 (394: 8283 8307 8283) (91.8575 s)
>> 27471 (18389: 8132 8204 8132) (91.8414 s)
>> 16349 (4865: 10070 10086 10070) (91.8765 s)
>> 14651 (1506: 8740 8774 8740) (91.9119 s)
>> 12855 (19216: 10274 10649 10274) (91.9914 s)
>> 10490 (3044: 11481 11482 11481) (91.7756 s)
>> 9963 (7127: 8714 8718 8714) (91.8494 s)
>> 9778 (4055: 10762 10860 10762) (91.8785 s)
>> 9161 (3059: 11473 11474 11473) (91.7682 s)
>> 8893 (7506: 8362 8411 8362) (91.7069 s)
>> 8634 (3398: 11258 11268 11258) (91.9053 s)
>> 8395 (30744: 8862 8935 8862) (91.7464 s)
>> 10842 (19150: 8762 8828 8762) (91.632 s)
>> 8037 (7795: 8215 8250 8215) (91.8718 s)
>> 7757 (17419: 10533 10561 10533) (91.8548 s)
>> 7508 (4631: 10355 10364 10355) (93.1223 s)
>> 7493 (6340: 9192 9209 9192) (93.1382 s)
>> 7046 (18834: 9901 9925 9901) (93.1741 s)
>> 6782 (3065: 11454 11466 11454) (93.1416 s)
>> 6503 (16020: 10474 10497 10474) (93.0179 s)
>> 6197 (6788: 8957 8981 8957) (92.902 s)
>> 6008 (6550: 9090 9140 9090) (93.0728 s)
>> 5806 (27131: 9175 9210 9175) (93.0289 s)
>> 5771 (12924: 9078 9101 9078) (92.9358 s)
>> 5641 (22081: 9883 9915 9883) (92.8016 s)
>> 5615 (22062: 8253 8261 8253) (92.696 s)
>> 5540 (8807: 8795 8805 8795) (92.8844 s)
>> 5490 (27803: 9145 9150 9145) (92.9652 s)
>> 5479 (1846: 9979 10037 9979) (92.8994 s)
>> 5352 (23965: 10036 10201 10036) (93.0142 s)
>> 5234 (10009: 9998 10008 9998) (93.0759 s)
>> 5202 (11617: 8615 8638 8615) (92.9702 s)
>> 5158 (9943: 9941 9969 9941) (93.3145 s)
>> 5037 (3948: 10845 10928 10845) (93.1218 s)
>> 4992 (24563: 9054 9079 9054) (93.0651 s)
>> 4909 (3461: 11216 11223 11216) (93.1599 s)
>> 4905 (12435: 8830 8832 8830) (92.9124 s)
>> 4820 (15932: 10754 10806 10754) (93.1645 s)
>> 4732 (6501: 9112 9126 9112) (93.2298 s)
>> 4701 (32152: 10594 10609 10594) (93.1866 s)
>> 4686 (4944: 9959 9985 9959) (93.0865 s)
>> 4684 (18342: 11090 11135 11090) (92.9428 s)
>> 4669 (9737: 9705 9736 9705) (93.0108 s)
>> 4669 (20114: 10343 10468 10343) (93.0992 s)
>> 4652 (24140: 9803 9854 9803) (93.1669 s)
>> 4537 (9919: 9918 9964 9918) (93.0853 s)
>> 4521 (25852: 10698 10761 10698) (93.1028 s)
>> 4459 (1409: 11152 11208 11152) (93.0939 s)
>> 4454 (17477: 10535 10551 10535) (93.2239 s)
>> 4777 (17085: 10425 10523 10425) (93.2019 s)
>> 4442 (6466: 9143 9146 9143) (93.1803 s)
>> 4404 (7765: 8269 8273 8269) (93.4894 s)
>> 4385 (7780: 8265 8266 8265) (93.63 s)
>> 4370 (7181: 8578 8584 8578) (94.1113 s)
>> 4326 (3806: 10943 11019 10943) (94.1223 s)
>> 4255 (8712: 8697 8710 8697) (94.2113 s)
>> 4205 (3242: 11341 11349 11341) (94.1669 s)
>> 4194 (6209: 9317 9327 9317) (94.2126 s)
>> 4183 (20309: 11109 11142 11109) (94.16 s)
>> 4149 (4759: 10187 10197 10187) (94.0294 s)
>> 4142 (31506: 10856 10881 10856) (93.8693 s)
>> 4135 (11898: 8496 8464 8496) (94.1545 s)
>> 4133 (12305: 8799 8800 8799) (94.1763 s)
>> 4702 (1515: 8867 8870 8867) (94.3551 s)
>> 4090 (9972: 9954 9971 9954) (94.2092 s)
>> 4047 (33782: 9323 9364 9323) (94.0635 s)
>> 4013 (19023: 8558 8575 8558) (94.4145 s)
>> 3962 (6308: 9231 9233 9231) (94.1057 s)
>> 3927 (32568: 9301 9313 9301) (94.3866 s)
>> 3916 (32540: 9390 9400 9390) (94.2452 s)
>> 3911 (4730: 10199 10205 10199) (94.5067 s)
>> 3907 (1269: 9291 9292 9291) (94.2641 s)
>> 3895 (3183: 11377 11387 11377) (94.3705 s)
>> 3879 (8835: 8815 8834 8815) (94.5697 s)
>> 3860 (19808: 10511 10528 10511) (94.4296 s)
>> 3821 (12766: 8846 8857 8846) (94.6701 s)
>> 3812 (12214: 8181 8184 8181) (94.4511 s)
>> 3767 (29270: 9082 9084 9082) (94.5806 s)
>> 3759 (6199: 9319 9325 9319) (94.615 s)
>> 3752 (10358: 10357 10393 10357) (94.5584 s)
>> 3719 (25492: 8602 8629 8602) (94.7414 s)
>> 3684 (12205: 8907 8945 8907) (94.6077 s)
>> 3644 (27587: 10256 10266 10256) (94.6191 s)
>> 3634 (2145: 9108 9120 9108) (94.7404 s)
>> 3611 (17328: 10180 17831 10180) (94.7348 s)
>> 3566 (19538: 10405 10434 10405) (94.6016 s)
>> 4030 (16486: 10241 10248 10241) (94.3468 s)
>> 3560 (16993: 8752 8770 8752) (94.4024 s)
>> 3548 (5859: 9474 9483 9474) (94.3208 s)
>> 3534 (25323: 8898 8902 8898) (94.4248 s)
>> 3486 (1585: 10030 10035 10030) (94.3233 s)
>> 3460 (25535: 8570 8607 8570) (94.3763 s)
>> 3459 (29360: 8591 8600 8591) (95.8729 s)
>> 3431 (11920: 8053 8065 8053) (87.675 s)
>> 3423 (6192: 9324 9326 9324) (88.2779 s)
>> 3397 (23702: 10006 10021 10006) (87.5989 s)
>> 3383 (32684: 8974 8986 8974) (87.0911 s)
>> 3381 (5520: 9617 9638 9617) (87.6108 s)
>> 3332 (22485: 10049 10058 10049) (87.5874 s)
>> 3325 (30432: 10558 10629 10558) (87.9471 s)
>> 3300 (4918: 10003 10041 10003) (87.7592 s)
>> 3288 (3433: 11228 11256 11228) (88.3004 s)
>> 3250 (6279: 9262 9265 9262) (87.5115 s)
>> 3211 (24684: 8773 8776 8773) (87.3334 s)
>> 3204 (29258: 8151 8154 8151) (87.7169 s)
>> 3201 (27413: 10581 10596 10581) (87.656 s)
>> 3172 (29396: 10677 10711 10677) (87.3122 s)
>> 3169 (26635: 9653 9668 9653) (87.4208 s)
>> 3153 (6622: 9045 9062 9045) (87.9266 s)
>> 3141 (30880: 10275 10318 10275) (87.6962 s)
>> 3114 (4845: 10081 10121 10081) (87.6987 s)
>> 3092 (32294: 9829 9838 9829) (88.0755 s)
>> 3088 (7756: 8270 8274 8270) (87.6187 s)
>> 3079 (10547: 10545 10573 10545) (87.5966 s)
>> 3063 (8704: 8693 8702 8693) (87.9487 s)
>> 3051 (6288: 9238 9264 9238) (87.7614 s)
>> 3048 (27267: 8756 8767 8756) (87.9415 s)
>> 3031 (6875: 8900 8928 8900) (88.1013 s)
>> 3003 (17511: 9423 9440 9423) (88.3459 s)
>> 2996 (9895: 9889 9894 9889) (87.9133 s)
>> 3532 (24143: 9945 9990 9945) (88.2916 s)
>> 2994 (25078: 8677 8680 8677) (88.0589 s)
>> 2951 (3756: 11020 11063 11020) (88.1678 s)
>> 2949 (3246: 11329 11336 11329) (88.0249 s)
>> 2936 (10397: 10370 10395 10370) (87.7932 s)
>> 2923 (7680: 8322 8323 8322) (88.2613 s)
>> 2916 (3206: 11371 11383 11371) (88.2406 s)
>> 3277 (11355: 11340 11354 11340) (87.9553 s)
>> 2915 (24587: 9179 9180 9179) (88.4142 s)
>> 2913 (6218: 9275 9311 9275) (87.8907 s)
>> 2911 (6775: 8975 8993 8975) (87.954 s)
>> 2897 (3084: 11440 11447 11440) (88.2443 s)
>> 2892 (7155: 8655 8672 8655) (88.2104 s)
>> 2892 (30359: 10466 10538 10466) (88.3472 s)
>> 2887 (27476: 8583 8604 8583) (88.2382 s)
>> 2887 (8426: 8396 8424 8396) (88.376 s)
>> 2880 (28953: 11067 11091 11067) (87.9244 s)
>> 2877 (5122: 9810 9827 9810) (88.133 s)
>> 2867 (10464: 10462 10471 10462) (88.137 s)
>> 2845 (32784: 8500 8501 8500) (87.8484 s)
>> 2843 (29079: 8968 8971 8968) (88.2079 s)
>> 2826 (6255: 9266 9279 9266) (87.9959 s)
>> 2816 (25996: 11245 11257 11245) (88.4843 s)
>> 2792 (26636: 9648 9642 9648) (88.2387 s)
>> 2770 (29122: 11297 11298 11297) (88.1278 s)
>> 2764 (8746: 8741 8744 8741) (88.1255 s)
>> 2761 (22707: 8084 8085 8084) (88.0688 s)
>> 2750 (11023: 10996 11021 10996) (88.0663 s)
>> 2743 (23189: 9046 9071 9046) (88.6945 s)
>> 2725 (24533: 11314 11345 11314) (88.566 s)
>> 2721 (17574: 10552 10591 10552) (88.3192 s)
>> 2710 (22501: 8417 8434 8417) (88.2085 s)
>> 2703 (25787: 8871 8877 8871) (88.6815 s)
>> 2702 (5995: 9388 9403 9388) (88.3684 s)
>> 2694 (11650: 9216 9219 9216) (88.2952 s)
>> 2678 (3667: 11119 11155 11119) (88.6957 s)
>> 2890 (20097: 11159 150 11159) (88.4524 s)
>> 2672 (29710: 10043 9989 10043) (88.4537 s)
>> 2672 (19447: 9060 6805 9060) (88.4465 s)
>> 2652 (18095: 9118 9137 9118) (88.7257 s)
>> 4319 (33847: 9160 9183 9160) (88.4227 s)
>> 3104 (24482: 9119 9123 9119) (88.3367 s)
>> 2640 (28599: 8091 8104 8091) (88.6203 s)
>> 2640 (28855: 9770 9792 9770) (88.8113 s)
>> 2636 (32627: 9117 9128 9117) (88.4124 s)
>> 2631 (23090: 10209 10181 10209) (88.4156 s)
>> 2629 (30234: 9795 9834 9795) (88.4414 s)
>> 2624 (12156: 9604 9636 9604) (89.5432 s)
>> 2617 (30945: 11270 11275 11270) (93.9203 s)
>> 2611 (30274: 10349 10399 10349) (94.058 s)
>> 2605 (5886: 9453 9458 9453) (93.7076 s)
>> 2599 (27331: 8736 22317 8736) (93.7728 s)
>> 2579 (19660: 11189 11250 11189) (94.1069 s)
>> 2555 (29206: 8705 8685 8705) (93.4848 s)
>> 2553 (20264: 9158 9173 9158) (93.7158 s)
>> 2548 (27000: 9332 9349 9332) (94.1247 s)
>> 2543 (25607: 9510 9512 9510) (93.6477 s)
>> 2524 (29426: 9075 9091 9075) (93.6767 s)
>> 2520 (6496: 9115 9127 9115) (93.8539 s)
>> 2508 (4894: 9997 10033 9997) (93.7437 s)
>> 2502 (2147: 10790 10908 10790) (93.7808 s)
>> 2473 (6222: 9306 9309 9306) (93.8956 s)
>> 2472 (11533: 9058 9065 9058) (94.047 s)
>> 2614 (11531: 9034 9037 9034) (93.9678 s)
>> 2452 (22802: 8543 8585 8543) (93.9965 s)
>> 2446 (25755: 9157 9171 9157) (94.1 s)
>> 2444 (8345: 8344 8348 8344) (93.7418 s)
>> 2443 (26396: 9419 9426 9419) (93.9909 s)
>> 2443 (24627: 10714 10733 10714) (94.596 s)
>> 2441 (24433: 8642 8661 8642) (93.9194 s)
>> 2437 (4664: 10287 10354 10287) (94.1364 s)
>> 2425 (23985: 8840 8855 8840) (94.5417 s)
>> 2423 (6648: 9027 9055 9027) (94.2354 s)
>> 2411 (31538: 8625 8628 8625) (94.2637 s)
>> 2405 (23182: 9074 9081 9074) (94.5172 s)
>> 2387 (12476: 8078 8079 8078) (94.352 s)
>> 2379 (31587: 9526 9541 9526) (94.3484 s)
>> 2376 (542: 9293 9337 9293) (94.3972 s)
>> 2376 (25298: 8452 8488 8452) (94.4287 s)
>> 2372 (3719: 11084 11085 11084) (94.2298 s)
>> 2367 (11586: 8157 8165 8157) (94.4355 s)
>> 2361 (30082: 10724 10773 10724) (94.8128 s)
>> 2350 (22181: 8890 8914 8890) (94.6489 s)
>> 2347 (21509: 9136 9172 9136) (94.2014 s)
>> 2337 (11579: 8172 8173 8172) (95.5848 s)
>> 2336 (28730: 11443 19923 11443) (94.5259 s)
>> 2328 (23911: 10408 10456 10408) (94.7939 s)
>> 2327 (8170: 8168 8174 8168) (95.0162 s)
>> 2327 (24220: 9562 9572 9562) (94.8574 s)
>> 2321 (3930: 10944 10977 10944) (94.7337 s)
>> 2313 (23780: 10338 10347 10338) (95.0283 s)
>> 2298 (30165: 9184 9236 9184) (94.6928 s)
>> 2293 (11827: 8090 8133 8090) (94.781 s)
>> 2749 (7944: 8142 8150 8142) (95.1404 s)
>> 2291 (11889: 8530 8540 8530) (95.4001 s)
>> 2287 (4372: 10569 10578 10569) (95.0781 s)
>> 2287 (10154: 10153 10200 10153) (95.304 s)
>> 2280 (5078: 9826 9874 9826) (94.9423 s)
>> 2270 (26702: 8662 8664 8662) (95.0823 s)
>> 2261 (21493: 8060 8062 8060) (94.9484 s)
>> 2249 (23797: 8934 8956 8934) (95.6717 s)
>> 2228 (7824: 8239 8240 8239) (95.285 s)
>> 2228 (30518: 11212 11236 11212) (95.3547 s)
>> 2221 (882: 11319 11339 11319) (95.8267 s)
>> 2220 (12637: 8643 8692 8643) (95.2926 s)
>> 2215 (10757: 10696 10755 10696) (95.3363 s)
>> 2207 (19475: 11470 11477 11470) (96.1117 s)
>> 2204 (23602: 9141 9169 9141) (95.2725 s)
>> 2454 (6462: 9144 9156 9144) (95.2531 s)
>> 3451 (26390: 9135 9149 9135) (95.7456 s)
>> 2199 (17115: 11374 11381 11374) (95.3983 s)
>> 2194 (11726: 8863 8866 8863) (95.3036 s)
>> 2194 (19303: 10451 10470 10451) (95.6975 s)
>> 2171 (4880: 10007 10060 10007) (95.4231 s)
>> 2171 (27826: 11388 11418 11388) (95.4253 s)
>> 2170 (11902: 8055 8103 8055) (95.5054 s)
>> 2743 (17982: 8066 8071 8066) (95.2501 s)
>> 2161 (12373: 8567 8592 8567) (95.4091 s)
>> 2156 (25542: 10291 10317 10291) (95.8622 s)
>> 2149 (827: 9567 9577 9567) (96.0974 s)
>> 2149 (10970: 10960 10968 10960) (95.4526 s)
>> 2134 (560: 10959 12071 10959) (95.407 s)
>> 2132 (985: 9428 9442 9428) (96.4553 s)
>> 2124 (16466: 10487 10500 10487) (95.4387 s)
>> 2118 (31431: 10896 10905 10896) (95.4207 s)
>> 2102 (10303: 10297 10300 10297) (95.9824 s)
>> 2099 (12756: 8632 8649 8632) (95.0004 s)
>> 2098 (30123: 10124 10144 10124) (95.3058 s)
>> 2096 (31069: 8917 8919 8917) (95.4626 s)
>> 2528 (30473: 8933 8937 8933) (95.5473 s)
>> 2096 (19836: 11248 11283 11248) (95.3398 s)
>> 2092 (27310: 11209 3498 11209) (95.4469 s)
>> 2081 (28584: 8314 8319 8314) (95.3703 s)
>> 2079 (25639: 10974 11015 10974) (95.5555 s)
>> 2214 (28328: 10921 10929 10921) (95.5255 s)
>> 2077 (25024: 9753 9754 9753) (95.4228 s)
>> 2065 (27406: 10004 10028 10004) (95.5594 s)
>> 2056 (34162: 8343 8347 8343) (95.7423 s)
>> 2054 (6762: 8988 8995 8988) (95.5065 s)
>> 2113 (1138: 8990 9009 8990) (95.5558 s)
>> 2047 (26411: 9187 9204 9187) (95.8161 s)
>> 2398 (18207: 9205 9218 9205) (95.6987 s)
>> 2036 (1962: 8421 8429 8421) (95.6601 s)
>> 2031 (6668: 9026 9035 9026) (95.9306 s)
>> 2029 (11326: 11311 11324 11311) (95.9835 s)
>> 2028 (29044: 10809 10820 10809) (95.7634 s)
>> 2002 (22510: 9330 9350 9330) (95.9387 s)
>> 2002 (20126: 8608 8617 8608) (96.1088 s)
>> 1997 (24228: 9931 9958 9931) (95.7126 s)
>> 1991 (24371: 10383 10398 10383) (95.9057 s)
>> 1983 (11512: 9088 9102 9088) (96.2315 s)
>> 3929 (6546: 9099 9109 9099) (95.8598 s)
>> 1968 (25281: 9331 9356 9331) (95.6005 s)
>> 1967 (22109: 8660 8644 8660) (96.1098 s)
>> 1958 (26907: 8689 8709 8689) (95.7483 s)
>> 1952 (10543: 10478 10542 10478) (96.3424 s)
>> 1952 (11640: 9298 9305 9298) (95.8292 s)
>> 1934 (7356: 8461 23789 8461) (95.7745 s)
>> 1931 (7254: 8505 8518 8505) (95.9138 s)
>> 1930 (5825: 9488 9498 9488) (96.1264 s)
>> 1925 (12889: 8202 8203 8202) (95.8099 s)
>> 1925 (23249: 10669 10697 10669) (95.9653 s)
>> 1923 (23191: 10642 10663 10642) (96.0136 s)
>> 3373 (20087: 10831 10842 10831) (95.9718 s)
>> 1909 (26021: 10562 10599 10562) (95.9521 s)
>> 1909 (23900: 10276 10344 10276) (95.9387 s)
>> 1902 (1098: 11376 11398 11376) (95.9491 s)
>> 1897 (7273: 8507 8512 8507) (95.9342 s)
>> 1896 (10223: 10222 10231 10222) (95.8758 s)
>> 1895 (6176: 9320 9329 9320) (96.1001 s)
>> 1890 (28687: 11397 11423 11397) (95.7079 s)
>> 1880 (19961: 8363 8367 8363) (95.8391 s)
>> 1868 (29057: 8868 8876 8868) (96.2161 s)
>> 1862 (26922: 11170 29699 11170) (95.7543 s)
>> 1857 (22872: 9229 9237 9229) (95.9073 s)
>> 1857 (5556: 9619 9624 9619) (95.9906 s)
>> 1857 (5217: 9777 9801 9777) (95.684 s)
>> 1856 (1026: 10961 10966 10961) (95.7646 s)
>> 1851 (10014: 10012 10056 10012) (95.9735 s)
>> 1833 (5629: 9582 9589 9582) (95.7159 s)
>> 1831 (32809: 8438 8445 8438) (95.7586 s)
>> 1825 (23007: 11414 11417 11414) (95.9421 s)
>> 1822 (5112: 9796 9825 9796) (96.3354 s)
>> 1929 (24311: 9766 9781 9766) (95.8455 s)
>> 1822 (1597: 10427 10480 10427) (95.931 s)
>> 1816 (1172: 9340 9362 9340) (95.796 s)
>> 1815 (24126: 8076 8108 8076) (95.8453 s)
>> 1810 (7036: 8798 8801 8798) (95.9316 s)
>> 1805 (12864: 8064 8068 8064) (95.8039 s)
>> 1798 (28488: 11174 11194 11174) (95.9778 s)
>> 1796 (18746: 8350 8353 8350) (96.0694 s)
>> 1792 (18117: 9094 9105 9094) (95.8981 s)
>> 1791 (27308: 10652 10683 10652) (95.995 s)
>> 1790 (25647: 8316 8321 8316) (95.964 s)
>> 1777 (23854: 9601 9616 9601) (96.3755 s)
>> 1776 (25850: 9436 9443 9436) (95.9948 s)
>> 1896 (26132: 9446 9450 9446) (96.1691 s)
>> 1928 (17356: 9459 9469 9459) (96.4091 s)
>> 1774 (5867: 9444 9471 9444) (95.9505 s)
>> 2855 (27515: 9439 9456 9439) (95.9183 s)
>> 1769 (5653: 9566 9578 9566) (96.1922 s)
>> 1758 (29857: 9563 9576 9563) (95.9996 s)
>> 1757 (22647: 9500 9528 9500) (96.0498 s)
>> 1757 (24175: 11010 11033 11010) (96.2304 s)
>> 1756 (29186: 10280 10292 10280) (95.8594 s)
>> 1756 (4566: 10416 10430 10416) (95.8323 s)
>> 1754 (28536: 8597 8626 8597) (96.0204 s)
>> 1749 (28828: 8279 8282 8279) (95.9795 s)
>> 1749 (29946: 10469 10477 10469) (95.9947 s)
>> 1745 (10170: 10168 10171 10168) (95.9393 s)
>> 1742 (23827: 8260 8262 8260) (96.0409 s)
>> 1742 (5930: 9420 9429 9420) (95.9124 s)
>> 1742 (24734: 10736 10725 10736) (96.1518 s)
>> 1739 (18157: 9230 9252 9230) (96.0194 s)
>> 1727 (28498: 11025 11046 11025) (96.2311 s)
>> 1727 (26795: 10011 10042 10011) (96.1216 s)
>> 1720 (24845: 10122 10048 10122) (96.3928 s)
>> 2192 (22980: 10029 10063 10029) (95.9855 s)
>> 1750 (26799: 10117 10123 10117) (96.2301 s)
>> 1719 (4702: 10220 10244 10220) (96.0934 s)
>> 1717 (11944: 8534 8537 8534) (96.4111 s)
>> 1710 (26534: 8930 8946 8930) (95.9268 s)
>> 1704 (4202: 10638 10710 10638) (96.7332 s)
>> 1701 (15553: 10689 10709 10689) (96.6602 s)
>> 1697 (30192: 10505 10509 10505) (96.1542 s)
>> 1693 (34245: 8193 8194 8193) (96.0894 s)
>> 1690 (5244: 9768 9785 9768) (95.9831 s)
>> 1687 (23256: 9333 9351 9333) (96.0135 s)
>> 1681 (18056: 9659 9727 9659) (95.8669 s)
>> 2342 (30590: 9627 9644 9627) (96.0761 s)
>> 1680 (473: 10621 10668 10621) (95.721 s)
>> 1673 (19310: 8676 8696 8676) (96.2524 s)
>> 1671 (17589: 10879 10904 10879) (96.1971 s)
>> 1671 (29994: 10993 11030 10993) (95.854 s)
>> 1670 (30061: 9435 9489 9435) (96.2026 s)
>> 1662 (26203: 11130 11131 11130) (95.9163 s)
>> 1661 (24031: 11162 11200 11162) (95.9325 s)
>> 1660 (25040: 10267 10332 10267) (95.8633 s)
>> 1650 (6371: 9193 9196 9193) (96.1756 s)
>> 1648 (4938: 9992 9996 9992) (96.0324 s)
>> 1646 (6948: 8884 8893 8884) (96.0177 s)
>> 1642 (32435: 9560 9565 9560) (96.2534 s)
>> 1640 (31757: 9700 9719 9700) (96.2234 s)
>> 1625 (5785: 9494 9502 9494) (95.9756 s)
>> 1621 (29106: 9318 9328 9318) (96.6228 s)
>> 1961 (24270: 9341 9358 9341) (96.1694 s)
>> 1617 (32035: 10965 10992 10965) (96.1986 s)
>> 1616 (13228: 8827 8831 8827) (96.4786 s)
>> 1602 (7731: 8311 8312 8311) (96.1109 s)
>> 1596 (28038: 8054 8059 8054) (95.7404 s)
>> 1590 (23595: 8298 8299 8298) (96.1116 s)
>> 1586 (28582: 11013 11029 11013) (95.6855 s)
>> 1578 (27357: 8185 8190 8185) (96.0266 s)
>> 1578 (34007: 8750 8760 8750) (96.2291 s)
>> 1578 (22389: 10327 10361 10327) (95.9475 s)
>> 1623 (31617: 10431 10472 10431) (95.9417 s)
>> 1689 (4509: 10460 10486 10460) (96.3294 s)
>> 1607 (28148: 10245 10391 10245) (96.2169 s)
>> 1574 (10115: 10099 10113 10099) (96.4143 s)
>> 1569 (28790: 9632 9634 9632) (96.2689 s)
>> 1565 (23822: 9504 9533 9504) (96.1754 s)
>> 1565 (32982: 11434 11446 11434) (96.1071 s)
>> 1549 (30409: 10322 10436 10322) (96.3414 s)
>> 1546 (7804: 8245 8246 8245) (96.1443 s)
>> 1543 (30850: 9348 9357 9348) (96.2985 s)
>> 1533 (26406: 10975 10985 10975) (96.3699 s)
>> 1746 (28979: 10916 10982 10916) (96.1241 s)
>> 1533 (2028: 9633 9675 9633) (96.2158 s)
>> 1531 (29456: 9681 9726 9681) (96.3258 s)
>> 1531 (3720: 11108 11156 11108) (96.4165 s)
>> 1528 (31415: 9360 9373 9360) (96.2055 s)
>> 2527 (16959: 9353 9379 9353) (96.2282 s)
>> 1525 (29886: 8999 9011 8999) (96.4945 s)
>> 1637 (30631: 9012 9033 9012) (96.2003 s)
>> 1680 (22640: 9019 9025 9019) (96.2822 s)
>> 1523 (31742: 11035 11076 11035) (96.6097 s)
>> 2258 (22268: 11051 11083 11051) (96.1492 s)
>> 1522 (18019: 10564 10602 10564) (96.1477 s)
>> 1519 (12031: 8520 8527 8520) (96.2707 s)
>> 1515 (18830: 9978 9983 9978) (96.0625 s)
>> 1512 (25195: 9846 9851 9846) (96.5092 s)
>> 1507 (27565: 9628 9645 9628) (96.2913 s)
>> 1744 (28889: 33629 23769 33629) (96.3753 s)
>> 1504 (30444: 9706 9743 9706) (96.389 s)
>> 1503 (7143: 8688 8708 8688) (96.2126 s)
>> 1494 (5011: 9887 9911 9887) (96.0972 s)
>> 1491 (12838: 8658 8686 8658) (96.0315 s)
>> 1490 (30991: 8716 8728 8716) (95.9664 s)
>> 1523 (20137: 8730 8739 8730) (96.1237 s)
>> 1489 (1950: 8083 8087 8083) (95.9215 s)
>> 1487 (5990: 9402 9407 9402) (96.4013 s)
>> 1485 (7978: 8086 8095 8086) (96.1999 s)
>> 1762 (28448: 8057 8058 8057) (96.2861 s)
>> 1485 (18392: 9481 9506 9481) (96.353 s)
>> 1482 (5306: 9725 9759 9725) (96.2414 s)
>> 1481 (4178: 10665 10745 10665) (96.3402 s)
>> 1479 (17729: 11227 11274 11227) (96.2467 s)
>> 1642 (11295: 11278 11293 11278) (95.9866 s)
>> 1479 (29824: 11317 11323 11317) (96.1355 s)
>> 1473 (31971: 11133 11153 11133) (96.089 s)
>> 1472 (33208: 10858 10888 10858) (96.615 s)
>> 1468 (32718: 8889 8899 8889) (96.0175 s)
>> 1465 (17702: 11279 11315 11279) (96.1878 s)
>> 1461 (27601: 10630 10651 10630) (96.2532 s)
>> 1523 (30089: 10690 10718 10690) (95.8065 s)
>> 2248 (27825: 10515 10590 10515) (95.9001 s)
>> 1458 (16944: 10719 10801 10719) (96.0793 s)
>> 1452 (26419: 11202 11241 11202) (95.7406 s)
>> 1450 (7409: 8431 8439 8431) (95.784 s)
>> 1449 (5141: 9819 9828 9819) (96.0431 s)
>> 1436 (6604: 9044 9069 9044) (95.9999 s)
>> 1436 (26385: 10844 10877 10844) (95.9876 s)
>> 1431 (23348: 8820 8869 8820) (95.9246 s)
>> 1428 (29828: 11176 11198 11176) (95.8799 s)
>> 1419 (17970: 9288 9299 9288) (96.0195 s)
>> 1418 (24698: 9657 9669 9657) (95.8968 s)
>> 1518 (25192: 9693 9741 9693) (96.0167 s)
>> 1418 (8293: 8292 8295 8292) (95.8575 s)
>> 3039 (12190: 8286 8287 8286) (96.1456 s)
>> 1415 (30603: 8753 8761 8753) (95.8671 s)
>> 1409 (30347: 10237 10268 10237) (95.9974 s)
>> 1404 (26818: 10306 10321 10306) (95.8356 s)
>> 1402 (17080: 11337 11353 11337) (95.9512 s)
>> 1400 (30860: 10608 10639 10608) (95.68 s)
>> 1400 (10098: 10096 10068 10096) (95.838 s)
>> 1399 (26134: 8423 8437 8423) (96.3862 s)
>> 1399 (31579: 10337 10230 10337) (95.8519 s)
>> 1396 (5043: 9888 9908 9888) (95.9685 s)
>> 1393 (21934: 9354 9375 9354) (96.2349 s)
>> 1392 (29409: 8502 8508 8502) (95.7961 s)
>> 1452 (12026: 8484 8493 8484) (95.8901 s)
>> 1390 (26445: 9468 9477 9468) (96.1922 s)
>> 1388 (3595: 11158 11164 11158) (95.9775 s)
>> 1383 (28589: 9748 9762 9748) (95.8828 s)
>> 1380 (14950: 9862 9904 9862) (96.3095 s)
>> 1377 (19599: 9906 9961 9906) (96.0492 s)
>> 1374 (25295: 8754 8755 8754) (95.9983 s)
>> 1373 (19015: 8509 8513 8509) (96.0198 s)
>> 1373 (16717: 16716 10563 16716) (95.9021 s)
>> 1367 (29301: 11041 11073 11041) (96.0015 s)
>> 1364 (26022: 10671 10686 10671) (96.0126 s)
>> 1361 (17630: 8179 8216 8179) (95.7798 s)
>> 1361 (30178: 8407 8418 8407) (95.7456 s)
>> 1360 (30965: 10020 10046 10020) (95.9155 s)
>> 1359 (29840: 10994 11039 10994) (95.529 s)
>> 1358 (15921: 11229 11242 11229) (95.8039 s)
>> 1355 (15214: 9008 9020 9008) (95.6223 s)
>> 1352 (11125: 11072 11100 11072) (96.1882 s)
>> 1737 (23271: 11064 11068 11064) (95.73 s)
>> 1350 (24711: 9790 9832 9790) (95.7225 s)
>> 1349 (11684: 8782 8783 8782) (95.967 s)
>> 1347 (28447: 8381 8382 8381) (95.6899 s)
>> 1344 (3100: 11433 11437 11433) (95.9551 s)
>> 1341 (33757: 9395 9401 9395) (96.0696 s)
>> 1340 (906: 10482 10541 10482) (95.5909 s)
>> 1337 (31426: 8771 8775 8771) (95.7086 s)
>> 1335 (5417: 9665 9698 9665) (95.6066 s)
>> 1333 (12269: 8046 8047 8046) (95.2133 s)
>> 0 (-1: -1 -1 -1) (72.1994 s)
Zelikovsky 57597 s
>> 34981 (394: 8283 8398 8307) (2795.2 s)
>> 27471 (18389: 8132 8301 8204) (2775.91 s)
>> 16349 (4865: 4903 10086 10070) (2769.4 s)
>> 14651 (1506: 8740 8862 8774) (2736.46 s)
>> 12855 (19216: 10680 10649 10274) (2757.42 s)
>> 10490 (3044: 11481 11483 11482) (2738.53 s)
>> 9963 (7127: 8743 8718 8714) (2691.04 s)
>> 9778 (4055: 10860 10861 10762) (2725.85 s)
>> 9518 (19469: 11473 11481 11477) (2731.97 s)
>> 8893 (7506: 8362 8446 8411) (2743.75 s)
>> 8634 (3398: 11333 11268 11258) (2717.52 s)
>> 8395 (30744: 30741 8935 8740) (2695.16 s)
>> 8037 (7795: 8252 8250 8215) (2711.13 s)
>> 7757 (17419: 4573 10561 10533) (2710.55 s)
>> 7508 (4631: 10439 10364 10355) (2751.38 s)
>> 7493 (6340: 9192 9213 9209) (2712.19 s)
>> 7307 (4076: 10860 10837 10754) (2728.79 s)
>> 7046 (18834: 9981 9925 9901) (2716.81 s)
>> 6782 (3065: 11466 11469 11454) (2931.78 s)
>> 6503 (16020: 141 10497 10474) (2946.35 s)
>> 6197 (6788: 8994 8981 8957) (2951.44 s)
>> 6008 (6550: 6718 9140 9090) (2977.31 s)
>> 5806 (27131: 9230 9210 9175) (2923.84 s)
>> 5771 (12924: 9116 9101 9078) (2980.14 s)
>> 5671 (866: 8283 8284 8259) (2937.33 s)
>> 5641 (22081: 9959 9915 9883) (2932.43 s)
>> 5577 (28719: 30741 8891 8828) (2971.79 s)
>> 5540 (8807: 8815 8805 8795) (2953.42 s)
>> 5490 (27803: 9145 9153 9150) (2945.46 s)
>> 5479 (1846: 10047 10037 9979) (2936.26 s)
>> 5352 (23965: 10230 10201 10036) (2921.84 s)
>> 5234 (10009: 9993 10008 9998) (2924.2 s)
>> 5202 (11617: 8638 8665 8615) (2916.79 s)
>> 5037 (3948: 10845 10957 10928) (2891.09 s)
>> 4992 (24563: 9083 9079 9054) (2898.1 s)
>> 4909 (3461: 11216 11239 11223) (2915.77 s)
>> 4905 (12435: 8830 8837 8832) (2936.58 s)
>> 4732 (6501: 9112 9136 9126) (2872.24 s)
>> 4701 (32152: 28130 10609 10594) (2899.12 s)
>> 4684 (18342: 11090 11197 11135) (2847.79 s)
>> 4669 (9737: 9705 9751 9736) (2891.51 s)
>> 4669 (20114: 10343 10402 10468) (2872.69 s)
>> 4537 (9919: 33481 9964 9918) (2879.4 s)
>> 4521 (25852: 10698 10842 10761) (2875.6 s)
>> 4459 (1409: 11208 22547 11152) (2877.5 s)
>> 4454 (17477: 10535 10802 10551) (2856.1 s)
>> 4442 (6466: 9143 9159 9146) (2831.52 s)
>> 4404 (7765: 8269 8282 8273) (2841.59 s)
>> 4385 (7780: 8265 8268 8266) (2854.29 s)
>> 4326 (3806: 19465 11019 10943) (2852.19 s)
>> 4255 (8712: 8728 8710 8697) (2871.43 s)
>> 4205 (3242: 11341 11350 11349) (2863.15 s)
>> 4194 (6209: 9327 9302 9317) (2831.64 s)
>> 4183 (20309: 11159 11142 11109) (2844.3 s)
>> 4149 (4759: 10199 10197 10187) (2825.47 s)
>> 4142 (31506: 10856 10894 10881) (2837.27 s)
>> 4135 (11898: 8464 25742 8496) (2822.84 s)
>> 4133 (12305: 8800 8802 8799) (2844 s)
>> 4090 (9972: 9946 9971 9954) (2841.01 s)
>> 4047 (33782: 9323 9398 9364) (2824.34 s)
>> 4046 (8257: 8261 8256 8253) (2814.38 s)
>> 4013 (19023: 7237 8575 8558) (2808.37 s)
>> 3962 (6308: 9231 9249 9233) (2825.83 s)
>> 3916 (32540: 9408 9400 9390) (2770.92 s)
>> 3907 (1269: 9291 9304 9292) (3086.12 s)
>> 3895 (3183: 11398 11387 11377) (3071.7 s)
>> 3860 (19808: 10504 10528 10511) (2982.71 s)
>> 3815 (30104: 8861 8866 8815) (2971.38 s)
>> 3812 (12214: 8184 8192 8181) (3009.07 s)
>> 3759 (6199: 9336 9325 9319) (2973.3 s)
>> 3752 (10358: 10393 10420 10357) (2966.05 s)
>> 3719 (25492: 8602 8646 8629) (2974.66 s)
>> 3685 (7181: 8638 8584 8578) (2947.91 s)
>> 3684 (12205: 8907 8883 8945) (2927.5 s)
>> 3677 (21844: 10888 11092 10860) (2950.47 s)
>> 3611 (17328: 10180 10211 17831) (2927.11 s)
>> 3582 (19693: 9108 9157 9129) (2935.79 s)
>> 3566 (19538: 10405 10471 10434) (3021.42 s)
>> 3548 (5859: 9492 9483 9474) (3077.31 s)
>> 3534 (25323: 8933 8902 8898) (3009.96 s)
>> 3486 (1585: 10035 10085 10030) (2989.55 s)
>> 3460 (25535: 8607 8622 8570) (2568.18 s)
>> 3459 (29360: 8591 8635 8600) (2518.73 s)
>> 3431 (11920: 8053 8075 8065) (2570.46 s)
>> 3423 (6192: 9351 9326 9324) (2505.24 s)
>> 3417 (16486: 10254 10248 10241) (2488.66 s)
>> 3397 (23702: 10006 10045 10021) (2536.39 s)
>> 3383 (32684: 8997 8986 8974) (2610.52 s)
>> 3381 (5520: 9644 9638 9617) (2957.35 s)
>> 3332 (22485: 10058 10022 10049) (3053.86 s)
>> 3325 (30432: 10629 10640 10558) (2682.79 s)
>> 3289 (4944: 9959 10025 9985) (2490.56 s)
>> 3288 (3433: 11228 11272 11256) (2464.68 s)
>> 3211 (24684: 8813 8776 8773) (2470.87 s)
>> 3204 (29258: 8162 8154 8151) (2469.81 s)
>> 3201 (27413: 10607 10596 10581) (2475.31 s)
>> 3193 (6342: 9204 9230 9205) (2453.32 s)
>> 3172 (29396: 10677 10763 10711) (2468.77 s)
>> 3169 (26635: 9642 9668 9653) (2473.53 s)
>> 3153 (6622: 9045 9074 9062) (2867.61 s)
>> 3141 (30880: 10391 10318 10275) (2873.64 s)
>> 3140 (19683: 10041 10058 10099) (2833.12 s)
>> 3092 (32294: 9838 9886 9829) (2866.64 s)
>> 3079 (10547: 10590 10573 10545) (2849.82 s)
>> 3063 (8704: 8705 8702 8693) (2844.21 s)
>> 3048 (27267: 8756 8777 8767) (2851.25 s)
>> 3031 (6875: 8959 8928 8900) (2858.39 s)
>> 3003 (17511: 9423 9463 9440) (2833.69 s)
>> 2996 (9895: 9889 9909 9894) (2826.03 s)
>> 2994 (25078: 8701 8680 8677) (2854.45 s)
>> 2951 (3756: 16455 11063 11020) (2831.34 s)
>> 2949 (3246: 11329 11343 11336) (2787.37 s)
>> 2936 (10397: 10436 10395 10370) (2824.9 s)
>> 2928 (11934: 8775 8861 8790) (2807.54 s)
>> 2923 (7680: 8323 8325 8322) (2680.27 s)
>> 2916 (3206: 11371 11395 11383) (2808.96 s)
>> 2913 (6218: 9332 9311 9275) (2811.6 s)
>> 2903 (17271: 9266 9250 9192) (2812.38 s)
>> 2897 (3084: 11440 11453 11447) (2732.09 s)
>> 2893 (6431: 9180 9181 9168) (2789.7 s)
>> 2892 (30359: 10538 10518 10466) (2783.88 s)
>> 2887 (32904: 8265 32902 8269) (2779.2 s)
>> 2877 (5122: 9810 9835 9827) (2798.94 s)
>> 2867 (10464: 19533 10462 10405) (2698.93 s)
>> 2863 (27515: 9439 9492 9456) (2775.85 s)
>> 2845 (32784: 8501 8506 8500) (2781.66 s)
>> 2821 (29271: 9109 9082 9045) (2778.46 s)
>> 2816 (25996: 11245 11270 11257) (2733.72 s)
>> 2764 (8746: 8747 8744 8741) (2786.69 s)
>> 2750 (11023: 11038 11021 10996) (2754.23 s)
>> 2721 (17574: 10591 10638 10552) (2728.36 s)
>> 2710 (22501: 8434 8435 8417) (2761.07 s)
>> 2703 (25787: 8897 8877 8871) (2682.71 s)
>> 2702 (5995: 9415 9403 9388) (2760.44 s)
>> 2694 (11650: 9216 9228 9219) (2757.19 s)
>> 2678 (3667: 11155 29567 11119) (2730.33 s)
>> 2672 (19447: 6718 6805 9060) (2699.43 s)
>> 2672 (29710: 10043 10059 9989) (2758.12 s)
>> 2652 (18095: 9137 9148 9118) (2717.6 s)
>> 2647 (8915: 8933 8914 8890) (2725.93 s)
>> 2640 (28599: 8091 8105 8104) (2737.27 s)
>> 2640 (28855: 9770 9795 9792) (2708.69 s)
>> 2631 (23090: 10181 10215 10209) (2715.8 s)
>> 2624 (12156: 9636 9646 9604) (2700.02 s)
>> 2605 (5886: 9476 9458 9453) (2712.57 s)
>> 2579 (19660: 11266 11250 11216) (2695.26 s)
>> 2566 (30274: 10399 10447 10349) (2695.97 s)
>> 2553 (20264: 9158 9178 9173) (2188.11 s)
>> 2543 (25607: 9512 9530 9510) (2120.64 s)
>> 2534 (6398: 9266 9183 9160) (2124.07 s)
>> 2599 (32613: 9266 9190 9170) (2098.07 s)
>> 2520 (6496: 9138 9127 9115) (2100.2 s)
>> 2513 (15686: 8752 34004 8336) (2281.84 s)
>> 2508 (4894: 10054 10033 9997) (2298.91 s)
>> 2494 (12766: 8869 8857 8830) (2281.52 s)
>> 2471 (4845: 10062 10121 10081) (2268.48 s)
>> 2453 (27587: 10230 10266 10256) (2266.65 s)
>> 2446 (25755: 9191 9171 9108) (2260.06 s)
>> 2444 (8345: 8348 8341 8344) (2271.76 s)
>> 2443 (24627: 10804 10733 10714) (2260.72 s)
>> 2443 (26396: 9426 9451 9419) (2255.77 s)
>> 2443 (29122: 11318 11298 11297) (2241.61 s)
>> 2437 (4664: 10424 10354 10287) (2229.56 s)
>> 2425 (23985: 8856 8855 8840) (2248.73 s)
>> 2411 (31538: 8628 8649 8625) (2247.3 s)
>> 2387 (12476: 8079 8087 8078) (2271.12 s)
>> 2379 (31587: 9526 9554 9541) (2255.16 s)
>> 2372 (3719: 11084 11156 11085) (2248.73 s)
>> 2369 (8594: 7237 8623 8592) (2248.62 s)
>> 2367 (11586: 8165 8172 8157) (2248.47 s)
>> 2361 (30082: 10773 10823 10724) (2240.64 s)
>> 2337 (11579: 8176 8173 8165) (2230.07 s)
>> 2336 (28730: 11451 19923 11443) (2230.64 s)
>> 2328 (23911: 10469 10456 10408) (2215.15 s)
>> 2327 (8170: 8174 8175 8168) (2226.16 s)
>> 2327 (24220: 9605 9572 9562) (2209.09 s)
>> 2324 (9943: 9912 9969 9941) (2212.9 s)
>> 2321 (3930: 10977 4008 10944) (2216.52 s)
>> 2315 (28413: 10478 10504 10586) (2202.93 s)
>> 2313 (23780: 10330 10347 10338) (2210.95 s)
>> 2294 (23002: 8642 8676 8652) (2192.99 s)
>> 2291 (11889: 8540 8541 8530) (2193.87 s)
>> 2288 (24228: 9947 9958 9931) (2187.17 s)
>> 2287 (4372: 10578 10626 10569) (2200.35 s)
>> 2287 (10154: 10144 10200 10153) (2185.9 s)
>> 2280 (5078: 9891 9874 9826) (2190.8 s)
>> 2278 (26526: 10381 141 10444) (2196.41 s)
>> 2271 (3288: 11329 11331 11320) (2179.56 s)
>> 2261 (21493: 8060 8082 8062) (2179.28 s)
>> 2249 (28951: 11159 11091 11067) (2199.11 s)
>> 2228 (7824: 8241 8240 8239) (2164.42 s)
>> 2226 (29079: 8997 8971 8968) (2161.75 s)
>> 2221 (882: 11319 11305 11339) (2164.82 s)
>> 2215 (10757: 10696 10789 10755) (2157.99 s)
>> 2199 (17115: 11374 11392 11381) (2165.65 s)
>> 2197 (24711: 9770 9857 9832) (2163.34 s)
>> 2171 (4880: 10069 10060 10007) (2149.74 s)
>> 2171 (27826: 11388 3149 11418) (2152.48 s)
>> 2170 (11902: 8103 8106 8055) (2148.6 s)
>> 2162 (18056: 9705 9727 9659) (2140.12 s)
>> 2156 (25542: 10291 10353 10317) (2144.92 s)
>> 2154 (22734: 8132 8141 8107) (2148.18 s)
>> 2149 (827: 9577 9584 9567) (2105.82 s)
>> 2149 (10970: 10960 11040 10968) (2132.56 s)
>> 2134 (560: 12071 10864 10959) (2114.77 s)
>> 2124 (16466: 25251 10500 10487) (2109.62 s)
>> 2122 (27825: 10536 10590 10515) (2121.7 s)
>> 2118 (31431: 10896 10914 10905) (2122.5 s)
>> 2107 (23302: 9859 9889 9871) (2109.57 s)
>> 2102 (10303: 10321 10300 10297) (2121.28 s)
>> 2092 (27310: 3498 26988 11209) (2110.96 s)
>> 2088 (27475: 8602 8604 8583) (2115.88 s)
>> 2085 (6213: 9323 9313 9301) (2114.06 s)
>> 2081 (28584: 8319 7690 8314) (2107.25 s)
>> 2079 (25639: 11025 11015 10974) (2088.72 s)
>> 2077 (25024: 9753 9697 9754) (2102.99 s)
>> 2065 (27406: 10052 10028 10004) (2095.84 s)
>> 2058 (11886: 8536 8540 8524) (2082.17 s)
>> 2057 (6455: 9144 9156 9149) (2099.21 s)
>> 2056 (34162: 8343 7647 8347) (2084.62 s)
>> 2041 (12864: 8068 8066 8064) (2073.22 s)
>> 2036 (1962: 8421 8437 8429) (2074.34 s)
>> 2031 (6668: 9026 9041 9035) (2071.69 s)
>> 2030 (22663: 9235 9238 9197) (2066.06 s)
>> 2028 (29044: 10820 10826 10809) (2080.24 s)
>> 2013 (11730: 8775 8863 8852) (2075.49 s)
>> 2010 (22056: 10535 10576 10425) (2078.48 s)
>> 2002 (6375: 9179 9195 9180) (2063.09 s)
>> 1993 (6279: 9262 9265 9204) (2052.92 s)
>> 1991 (24371: 10415 10398 10383) (2063.07 s)
>> 1967 (22109: 8660 8645 8644) (2062.65 s)
>> 1963 (6608: 9046 9071 9068) (2061.39 s)
>> 1958 (26907: 25172 8709 8689) (2040.43 s)
>> 1958 (28610: 10436 25251 10322) (2048.22 s)
>> 1952 (6256: 9327 9285 9279) (2041.45 s)
>> 1940 (1387: 8685 8721 8668) (2047.25 s)
>> 1934 (7356: 11556 23789 8461) (2032.34 s)
>> 1931 (7254: 8518 8519 8501) (2036.48 s)
>> 1930 (5825: 9488 9506 9498) (2029.03 s)
>> 1930 (19836: 11283 11322 11248) (2033.05 s)
>> 1925 (12889: 8202 8225 8203) (2019.38 s)
>> 1925 (23249: 10669 10752 10697) (2038.34 s)
>> 1923 (23191: 10617 10663 10642) (2035.73 s)
>> 1897 (7273: 8516 8512 8507) (2007.97 s)
>> 1895 (6176: 9342 9329 9320) (2019.45 s)
>> 1901 (6149: 9342 9341 9328) (2013.67 s)
>> 1890 (28687: 11397 11425 11423) (2011.62 s)
>> 1889 (3509: 11222 11333 11206) (1992.34 s)
>> 1880 (19961: 8367 8382 8363) (2002.77 s)
>> 1880 (29824: 11323 11340 11317) (2020.12 s)
>> 1857 (5217: 9777 9813 9801) (2014.66 s)
>> 1857 (5556: 9624 9631 9619) (1998.85 s)
>> 1856 (1026: 10999 10966 10961) (2001.78 s)
>> 1833 (5629: 9589 9602 9582) (1999.21 s)
>> 1822 (1597: 10485 10480 10427) (2005.4 s)
>> 1816 (1172: 9376 9362 9340) (1976.81 s)
>> 1815 (1251: 9486 9488 9475) (1979.81 s)
>> 1815 (24126: 8076 8117 8108) (2004.27 s)
>> 1814 (27935: 9355 9342 9318) (1989.58 s)
>> 1812 (32809: 8438 8445 8362) (1965.96 s)
>> 1810 (7036: 8808 8801 8798) (1982.58 s)
>> 1805 (24143: 9947 10001 9945) (1979.72 s)
>> 1796 (18746: 8353 8356 8350) (1982.01 s)
>> 1791 (27308: 10778 10683 10652) (1976.44 s)
>> 1790 (25647: 8321 8324 8316) (1971.87 s)
>> 1785 (25326: 10665 10773 10674) (1966.77 s)
>> 1785 (30123: 10144 10103 10124) (1970.7 s)
>> 1778 (12652: 8202 8224 8210) (1956.63 s)
>> 1777 (23854: 9616 9627 9601) (1963.43 s)
>> 1776 (25850: 9436 9459 9443) (1963.38 s)
>> 1765 (29655: 9058 9046 9037) (2153.62 s)
>> 1764 (3383: 11282 11271 11245) (2267.03 s)
>> 1764 (32627: 9128 9142 9117) (2298.82 s)
>> 1758 (29857: 9563 9587 9576) (2288.84 s)
>> 1757 (22647: 9534 9528 9500) (2468.02 s)
>> 1757 (24175: 11049 11033 11010) (2281.46 s)
>> 1757 (25045: 8628 8656 8632) (2280.53 s)
>> 1756 (4566: 10410 10430 10416) (2290.83 s)
>> 1742 (24734: 10749 10725 10736) (2284.26 s)
>> 1728 (4480: 10521 10476 10470) (2280.46 s)
>> 1728 (31580: 8068 8053 8052) (2270.14 s)
>> 1723 (29316: 10726 10820 10775) (2158.54 s)
>> 1719 (4702: 10221 10244 10220) (2261.75 s)
>> 1717 (11944: 8537 7237 8534) (2244.84 s)
>> 1715 (22105: 8627 8609 8660) (2276.57 s)
>> 1708 (22489: 9058 9075 9055) (2286.24 s)
>> 1701 (23827: 8265 8262 8260) (2248.89 s)
>> 1693 (34245: 8194 8196 8193) (2259.77 s)
>> 1690 (5244: 9768 9799 9785) (2267.47 s)
>> 1687 (30192: 10565 10509 10505) (2279.01 s)
>> 1683 (4917: 10041 10003 9983) (2227.16 s)
>> 1683 (9018: 9005 9026 9016) (2248.76 s)
>> 1681 (29057: 8876 8884 8868) (2245.56 s)
>> 1673 (24030: 11200 11212 11162) (2196.03 s)
>> 1671 (29994: 11035 11030 10993) (2186.12 s)
>> 1662 (26203: 11167 11131 11130) (2154.2 s)
>> 1660 (25040: 10373 10332 10267) (2236 s)
>> 1657 (22536: 10722 10805 10710) (2224.1 s)
>> 1650 (6371: 9193 9200 9196) (2239.56 s)
>> 1647 (19310: 8696 8706 8642) (2215.55 s)
>> 1645 (6272: 9332 9262 9257) (2213.55 s)
>> 1643 (7674: 8329 8332 8321) (2240.72 s)
>> 1642 (22319: 8726 8735 8747) (2223.88 s)
>> 1642 (32435: 9560 9574 9565) (2205.94 s)
>> 1640 (31757: 9690 9719 9700) (2211.29 s)
>> 1630 (30243: 10043 9981 10031) (2212.81 s)
>> 1626 (33612: 9644 9705 9616) (2179.11 s)
>> 1625 (5785: 9507 9502 9494) (2180.01 s)
>> 1624 (24752: 9058 9088 9081) (2726.67 s)
>> 1615 (23928: 8161 8167 8162) (2181.02 s)
>> 1611 (3572: 11166 11189 11175) (2115.04 s)
>> 1602 (7731: 8312 8317 8311) (2177.35 s)
>> 1600 (3099: 11437 11445 11440) (2170.35 s)
>> 1597 (10246: 10391 10181 10245) (2165.77 s)
>> 1597 (27764: 9796 9825 9810) (2176.07 s)
>> 1596 (28038: 24973 8059 8054) (2129.81 s)
>> 1594 (1098: 11398 11407 11376) (2031.32 s)
>> 1592 (24311: 9766 9815 9781) (2009.3 s)
>> 1590 (23595: 8299 8300 8298) (1952.5 s)
>> 1588 (6828: 8943 8954 8937) (2003.9 s)
>> 2378 (25322: 8933 8943 8919) (1984.22 s)
>> 1587 (30663: 9119 9143 9111) (2015.86 s)
>> 1586 (28582: 11029 11064 11013) (2001.27 s)
>> 1579 (10540: 10517 10536 10539) (1987.49 s)
>> 1578 (22389: 10377 10361 10327) (2029.47 s)
>> 1578 (34007: 8750 8765 8760) (1976.44 s)
>> 1576 (10108: 10123 10107 10091) (1988.24 s)
>> 1569 (28790: 9634 9637 9632) (1935.78 s)
>> 1565 (23822: 9533 9545 9504) (1972.29 s)
>> 1549 (22926: 24973 8063 8060) (1978.19 s)
>> 1546 (7804: 8247 8246 8245) (1972.41 s)
>> 1546 (28498: 11075 11046 11025) (1977.49 s)
>> 1546 (31755: 8161 8150 8142) (1960.36 s)
>> 1538 (3996: 10921 10902 10885) (1966.66 s)
>> 1535 (3411: 11265 150 10768) (1944.9 s)
>> 1534 (22872: 9274 9237 9229) (1950.8 s)
>> 1533 (2028: 9675 26443 9633) (1946.01 s)
>> 1529 (30257: 10669 23876 10653) (1956.03 s)
>> 1528 (31415: 9360 9379 9373) (1917.35 s)
>> 1525 (16718: 16716 10607 10563) (1827.25 s)
>> 1525 (29886: 9011 9012 8999) (1943.98 s)
>> 1522 (18019: 10564 10616 10602) (1954.44 s)
>> 1521 (32705: 8944 8941 8907) (1936.04 s)
>> 1519 (12031: 8529 8527 8520) (1933.01 s)
>> 1515 (18830: 10041 10043 9978) (1936.7 s)
>> 1514 (16751: 11208 11261 11229) (1934.24 s)
>> 1512 (28078: 9058 9032 9040) (1917.74 s)
>> 1508 (25294: 8756 8759 8755) (1893.12 s)
>> 1507 (27565: 9645 33629 9628) (1921.45 s)
>> 1507 (28945: 11255 11319 11228) (1909.86 s)
>> 1504 (30444: 9706 28619 9743) (1890.97 s)
>> 1503 (7143: 8720 8708 8688) (1738.02 s)
>> 1494 (5011: 9930 9911 9887) (1795.14 s)
>> 1491 (12838: 8686 25172 8658) (1811.63 s)
>> 1490 (1950: 8079 8109 8083) (1991.1 s)
>> 1490 (30991: 8728 8725 8716) (2053.97 s)
>> 1487 (5990: 9402 9422 9407) (2046.16 s)
>> 1486 (24388: 8413 8421 8395) (2041.11 s)
>> 1485 (7978: 8102 8095 8086) (2040.25 s)
>> 1485 (17506: 9442 9435 9408) (1801 s)
>> 1483 (27666: 9169 9266 9165) (1699.83 s)
>> 1479 (22788: 8761 8813 8775) (1696.99 s)
>> 1478 (29636: 8617 8582 8628) (1697.26 s)
>> 1473 (31971: 11154 11153 11133) (1677.48 s)
>> 1473 (32996: 11404 11393 11371) (1671.6 s)
>> 1471 (25531: 8987 8978 8933) (1683.91 s)
>> 1468 (32718: 8899 9059 8889) (1683.45 s)
>> 1461 (27601: 10681 10651 10630) (1676.81 s)
>> 1458 (16944: 10719 15815 10801) (1668.89 s)
>> 1450 (7409: 8431 8443 8439) (1673.48 s)
>> 1449 (5141: 9819 5117 9828) (1509.28 s)
>> 1441 (11355: 11323 11363 11354) (1497.63 s)
>> 1439 (31742: 11035 11083 11076) (1495.77 s)
>> 1436 (6604: 9073 9069 9044) (1495.54 s)
>> 1436 (26385: 10877 10930 10844) (1482.72 s)
>> 1429 (12806: 9002 9011 8989) (1493.62 s)
>> 1419 (17970: 9307 9299 9288) (1479.97 s)
>> 1418 (8293: 8295 8291 8292) (1503.4 s)
>> 1418 (24698: 9676 9669 9657) (1476.9 s)
>> 1413 (31617: 10431 10501 10472) (1551.06 s)
>> 1400 (10098: 10068 10079 10096) (1632.19 s)
>> 1400 (30860: 10675 10639 10608) (1630.54 s)
>> 1399 (31579: 10336 10230 10337) (1623.98 s)
>> 1396 (5043: 26612 9908 9888) (1610.65 s)
>> 1393 (21934: 9375 9384 9354) (1621.95 s)
>> 1392 (29409: 8508 7292 8502) (1611.85 s)
>> 1389 (3960: 10876 12071 10915) (1604.66 s)
>> 1388 (3595: 11158 11172 11164) (1579.01 s)
>> 1385 (25484: 8602 8720 8672) (1608.56 s)
>> 1381 (30347: 10180 10268 10237) (1605.43 s)
>> 1380 (14950: 9862 9927 9904) (1607.24 s)
>> 1377 (19599: 9906 9946 9961) (1602.84 s)
>> 1376 (969: 9193 9198 9158) (1605.61 s)
>> 1375 (23795: 8956 30540 8963) (1588.24 s)
>> 1375 (31713: 30049 8944 8903) (1590.29 s)
>> 1373 (4735: 10199 10214 10205) (1596.07 s)
>> 1373 (19015: 8513 8514 8509) (1586.24 s)
>> 1364 (26022: 10671 10748 10686) (1579.35 s)
>> 1361 (17630: 8216 8227 8179) (1576.97 s)
>> 1361 (30178: 8407 8432 8418) (1579.96 s)
>> 1358 (15921: 11242 11247 11208) (1578.58 s)
>> 1355 (15214: 9022 9020 9008) (1567.27 s)
>> 1352 (11125: 11100 11124 11072) (1597.21 s)
>> 1350 (23732: 8223 8252 8214) (1594.97 s)
>> 1349 (11684: 8782 8793 8783) (1584.49 s)
>> 1347 (28447: 8389 8381 8367) (1583.96 s)
>> 1352 (20322: 8373 20298 8389) (1573.29 s)
>> 1345 (3059: 11473 11478 11474) (1567.28 s)
>> 1343 (22851: 8988 8997 8995) (1565.79 s)
>> 1341 (33757: 9414 9401 9395) (1562.94 s)
>> 1337 (22904: 10903 10904 10848) (1559.34 s)
>> 1336 (17255: 10790 4232 10845) (1573.85 s)
>> 1327 (31529: 8308 8302 8299) (1559.2 s)
>> 1325 (5930: 9429 9434 9420) (1549.26 s)
>> 1325 (6948: 8893 8894 8876) (1552.54 s)
>> 1322 (31732: 10870 10906 10832) (1549.97 s)
>> 1321 (25790: 9141 9128 9119) (1547.08 s)
>> 1320 (26094: 10180 10191 10162) (1548.4 s)
>> 1319 (30916: 9658 9660 9635) (1392.35 s)
>> 1314 (28828: 8265 8285 8279) (1369.96 s)
>> 1314 (34168: 8334 8752 8329) (1372.54 s)
>> 1309 (22101: 8586 8603 8580) (1369.41 s)
>> 1305 (5031: 9890 9922 9897) (1371.31 s)
>> 1302 (3821: 10990 11084 11009) (1364.79 s)
>> 1299 (11513: 9058 9113 9110) (1362.78 s)
>> 1298 (27810: 9293 9393 9236) (1364.31 s)
>> 1296 (7320: 8479 8492 8483) (1360.46 s)
>> 1295 (25187: 8481 8491 8480) (1348.81 s)
>> 1295 (28139: 10794 10855 10780) (1154.62 s)
>> 1292 (31650: 9561 9605 9533) (1158.31 s)
>> 1291 (19568: 9959 10053 10032) (1158.76 s)
>> 1291 (26639: 9505 9497 9491) (1153.29 s)
>> 1290 (29244: 10621 10610 10517) (1153.31 s)
>> 1285 (6834: 8960 8959 8952) (1150.56 s)
>> 1284 (4350: 10598 4573 10585) (1148.44 s)
>> 1284 (11295: 11278 11329 11293) (1142.23 s)
>> 1282 (1980: 9798 24166 9764) (1142.76 s)
>> 1281 (30570: 9690 9708 9683) (1143.25 s)
>> 1278 (26534: 8960 8946 8930) (1138.49 s)
>> 1276 (28728: 11467 3082 11457) (1126.5 s)
>> 1274 (25888: 11422 11426 11404) (1137.06 s)
>> 1272 (32531: 9385 9404 9392) (1133.79 s)
>> 1270 (29882: 10994 11018 10992) (1133.39 s)
>> 1269 (24662: 9777 9783 9753) (1132.53 s)
>> 1267 (34115: 8399 8416 8412) (1128.72 s)
>> 1264 (32771: 8565 8573 8569) (1125.82 s)
>> 1263 (7736: 8286 8289 8265) (1125.43 s)
>> 1508 (12190: 8290 8287 8286) (1120.91 s)
>> 1261 (31547: 11403 11399 11385) (1123.51 s)
>> 1258 (31347: 10235 10373 10198) (1121.17 s)
>> 1256 (10170: 10204 10235 10168) (1118.3 s)
>> 1256 (28315: 10019 10041 10038) (1116.04 s)
>> 1255 (24157: 9878 9845 9836) (1117.54 s)
>> 1254 (24318: 11093 11157 11059) (1112.22 s)
>> 1253 (25309: 10854 10850 10813) (1111.88 s)
>> 1252 (12385: 8140 8130 8127) (1106.67 s)
>> 1251 (22856: 8442 8454 8413) (1108.43 s)
>> 1250 (33185: 10956 10999 10984) (1106.33 s)
>> 1249 (27296: 11168 3625 11128) (1104.58 s)
>> 1248 (5292: 9741 9761 9742) (1097.61 s)
>> 1248 (26499: 8505 8515 8513) (1101.58 s)
>> 1247 (5481: 9685 9664 9652) (1101.78 s)
>> 1246 (4124: 10696 10765 10797) (1095.52 s)
>> 1245 (24023: 8639 8640 8591) (1090.96 s)
>> 1244 (623: 8700 8713 8684) (1093.62 s)
>> 1243 (4195: 10774 10719 10684) (1089.64 s)
>> 1239 (27584: 9834 26612 9770) (1087.44 s)
>> 1233 (2082: 9803 9831 9820) (1088.35 s)
>> 1232 (27697: 10406 19533 10367) (1084.49 s)
>> 1232 (29427: 9102 9104 9091) (1079.19 s)
>> 1231 (28488: 11174 11255 11194) (1079.35 s)
>> 1230 (6247: 9294 9332 9290) (1080.21 s)
>> 1226 (17157: 10758 10815 10707) (1072.92 s)
>> 1220 (27387: 9217 9231 9191) (1074.54 s)
>> 1219 (24444: 10330 10433 10329) (1071.68 s)
>> 1218 (8471: 8466 8495 8469) (1072.61 s)
>> 1215 (24863: 10922 10911 10872) (1069.75 s)
>> 1214 (27298: 11292 11280 11265) (1068.02 s)
>> 1212 (17862: 10759 10794 10693) (1065.65 s)
>> 1206 (22812: 11362 11374 11174) (1065.16 s)
>> 1203 (5822: 9489 9546 9495) (1060.67 s)
>> 1203 (7597: 8360 8377 8371) (1059.4 s)
>> 1203 (17589: 10927 10903 10879) (1059.03 s)
>> 1198 (1858: 10606 10641 10618) (1113.84 s)
>> 1194 (4799: 10199 10158 9441) (1193.66 s)
>> 1193 (26946: 10265 10381 10183) (1219.36 s)
>> 1191 (11687: 8786 8794 8782) (1216.6 s)
>> 1189 (3407: 11279 11267 11259) (1213.64 s)
>> 1189 (12623: 8564 8563 8560) (1193.21 s)
>> 1185 (28533: 10269 10227 10282) (1211.5 s)
>> 1185 (34159: 8352 34155 8357) (1206.46 s)
>> 1184 (26445: 9477 9513 9468) (1205.94 s)
>> 1263 (491: 9477 9532 9499) (1207.55 s)
>> 1178 (16917: 8328 8331 8319) (1204.82 s)
>> 1178 (24261: 10665 10614 10522) (1181.69 s)
>> 1175 (5003: 9913 10336 9920) (1197.8 s)
>> 1175 (12909: 9043 9073 9051) (1191.32 s)
>> 1175 (28553: 8643 8663 8636) (1186.46 s)
>> 1685 (11622: 8638 8692 8643) (1188.56 s)
>> 1174 (12111: 9232 9243 9216) (1177.43 s)
>> 1174 (24475: 9426 9417 9406) (1181.71 s)
>> 1174 (25221: 10788 10798 10726) (1183.81 s)
>> 1172 (33153: 11017 11045 11037) (1181.45 s)
>> 1166 (4676: 10240 10680 10262) (1175.56 s)
>> 1165 (26741: 9322 9345 9343) (1176.6 s)
>> 1162 (31839: 11437 11446 11434) (1173.86 s)
>> 1153 (31087: 10717 10694 10681) (1166.69 s)
>> 1152 (4154: 10749 23686 10760) (1171.04 s)
>> 1148 (5419: 9711 9698 9675) (1170.68 s)
>> 1142 (30166: 9217 6718 9184) (1164.02 s)
>> 1342 (32605: 9174 9217 9161) (1165.82 s)
>> 1133 (4957: 9970 10002 9984) (1164.19 s)
>> 1130 (27374: 29777 9306 9281) (1163.04 s)
>> 1126 (28110: 10637 10632 10580) (1163.6 s)
>> 1120 (6534: 33876 9112 9103) (1160.56 s)
>> 1120 (8426: 8438 8424 8396) (1155.29 s)
>> 1116 (25028: 9718 9777 9706) (1155.91 s)
>> 1105 (27986: 8097 26615 8073) (1152.11 s)
>> 1099 (10452: 10521 10409 10451) (1151.08 s)
>> 1093 (33382: 10188 10242 10207) (1148.87 s)
>> 1092 (25587: 11360 11370 11323) (1144.8 s)
>> 1092 (29870: 9726 9834 9699) (1146.47 s)
>> 1083 (23032: 10913 10931 10876) (1141.71 s)
>> 1077 (12869: 8814 8816 8808) (1135.5 s)
>> 1077 (30078: 10148 4803 10178) (1123.39 s)
>> 1075 (12676: 8143 8132 8123) (1132.27 s)
>> 1074 (26748: 11141 11200 11161) (1133.49 s)
>> 1073 (26090: 10145 10135 10129) (1132.22 s)
>> 1066 (1304: 7294 7312 8490) (1132.54 s)
>> 1066 (12923: 8723 8734 8722) (1127.33 s)
>> 1065 (31783: 8410 8403 8397) (1129.72 s)
>> 1064 (22999: 10078 10019 10102) (1103.03 s)
>> 1057 (29867: 8134 8148 8140) (1214.38 s)
>> 1056 (23298: 9803 9859 9842) (1480.67 s)
>> 1055 (7880: 8184 8206 8195) (1264.83 s)
>> 1053 (25280: 9377 9394 9356) (1225.7 s)
>> 1052 (5334: 9747 9797 9775) (1225.78 s)
>> 1051 (28819: 9560 9552 9544) (1231.42 s)
>> 1051 (30003: 9063 9050 9047) (1206.67 s)
>> 1050 (29815: 11168 11187 11166) (1200.55 s)
>> 1049 (27744: 9796 9786 9776) (1182.08 s)
>> 1047 (26171: 11034 11055 11001) (1237.22 s)
>> 1335 (29621: 11073 11089 11034) (1258.83 s)
>> 1045 (12879: 10273 10221 10325) (1201.97 s)
>> 1042 (30089: 10742 10718 10690) (1274.1 s)
>> 1039 (27903: 11417 11439 11398) (1262.36 s)
>> 1038 (8487: 8489 8485 8479) (1223.36 s)
>> 1584 (7345: 8463 8489 8476) (1236.65 s)
>> 1038 (31324: 9296 29777 9303) (1182.16 s)
>> 1037 (27815: 10410 33338 10401) (1405.28 s)
>> 1036 (3889: 10988 16455 10978) (1696.84 s)
>> 1033 (25865: 10011 10078 10042) (1646.99 s)
>> 1029 (2014: 11118 11079 11065) (1593.65 s)
>> 1025 (33311: 10526 10571 10568) (1135.97 s)
>> 1023 (24551: 9644 9615 9606) (1530.91 s)
>> 1015 (7578: 8376 8391 8369) (1326.14 s)
>> 1012 (29830: 8349 12134 8348) (1127.19 s)
>> 1010 (33310: 10531 10637 10572) (1109.75 s)
>> 1009 (6141: 9348 9371 9368) (1110.74 s)
>> 1009 (28408: 9563 9589 9571) (1143.69 s)
>> 1001 (22907: 10163 10126 10167) (1127.09 s)
>> 998 (29585: 8960 8927 8923) (1136.16 s)
>> 993 (28539: 11315 11334 11287) (1170.19 s)
>> 990 (1081: 10206 10186 10180) (1100.7 s)
>> 990 (33102: 11122 11242 11159) (1100.71 s)
>> 987 (31646: 9563 9564 9559) (1114.71 s)
>> 986 (25944: 9540 9560 9512) (1051.93 s)
>> 986 (31792: 9063 9070 9043) (1013.72 s)
>> 981 (2094: 9174 8994 8964) (1014.13 s)
>> 974 (4162: 10717 10779 10753) (1125.36 s)
>> 974 (5404: 9693 9701 9680) (1122.56 s)
>> 973 (11918: 8068 8047 8046) (1363.23 s)
>> 967 (31253: 11075 11073 11041) (1600.75 s)
>> 967 (33627: 9625 9618 9610) (1511.52 s)
>> 962 (16991: 8770 8761 8334) (1414.43 s)
>> 958 (25068: 10486 10503 10431) (1383.48 s)
>> 958 (28760: 10812 10846 10829) (1317.72 s)
>> 952 (30070: 9360 9415 9321) (1388.7 s)
>> 951 (7924: 8171 11847 25046) (1348.02 s)
>> 951 (33638: 9607 9634 9599) (1362.81 s)
>> 947 (25903: 10676 29070 10696) (1381.08 s)
>> 946 (6483: 9145 9139 9109) (1389.1 s)
>> 945 (27662: 10921 10880 10788) (1508.1 s)
>> 939 (3131: 11428 11437 11397) (1428.81 s)
>> 939 (29749: 28667 11403 11394) (1314.98 s)
>> 935 (4291: 10591 10722 10646) (1373.44 s)
>> 934 (3293: 11335 11330 11222) (1290.79 s)
>> 933 (10115: 10011 10125 10113) (1303.77 s)
>> 932 (12611: 8118 8143 8124) (1221.89 s)
>> 930 (33243: 10927 10814 10786) (1189.78 s)
>> 928 (23507: 9686 9703 9691) (1284.24 s)
>> 928 (26041: 10562 28130 10564) (1317.69 s)
>> 925 (19816: 30394 11120 11093) (1405.3 s)
>> 925 (26292: 11234 11215 11214) (1408.32 s)
>> 1375 (22787: 11234 11253 11244) (1413.01 s)
>> 924 (25630: 11044 11075 11052) (1377.63 s)
>> 923 (22624: 11170 11183 11184) (1291.13 s)
>> 920 (26050: 10159 10176 10144) (1253.28 s)
>> 917 (19731: 10117 10166 10109) (960.76 s)
>> 915 (23900: 10296 10344 10276) (1010.96 s)
>> 914 (19762: 11358 11372 11353) (983.173 s)
>> 913 (28342: 10116 10142 10130) (995.461 s)
>> 911 (12933: 9145 9116 9084) (1000.91 s)
>> 910 (27886: 9852 9878 9867) (971.567 s)
>> 907 (22262: 11402 11416 11411) (999.942 s)
>> 907 (24965: 8608 8581 8617) (1003.11 s)
>> 898 (5289: 9763 9747 9713) (975.819 s)
>> 895 (3486: 11234 11235 11219) (980.083 s)
>> 888 (5653: 9586 9578 9566) (889.116 s)
>> 887 (25159: 11246 11266 11243) (913.675 s)
>> 887 (30971: 9682 9690 9695) (931.81 s)
>> 885 (742: 9819 9865 9800) (870.096 s)
>> 885 (16112: 11450 11451 11455) (1109.42 s)
>> 884 (3502: 11122 11292 11207) (1083.44 s)
>> 883 (33536: 9774 9798 9782) (1084.84 s)
>> 1116 (24174: 9816 9784 9774) (1082.69 s)
>> 882 (4405: 10532 10502 10531) (1082.93 s)
>> 882 (25480: 9310 9314 9308) (1083.51 s)
>> 880 (24877: 9861 9881 9849) (1150.35 s)
>> 879 (12834: 8975 8985 8967) (1235.12 s)
>> 1889 (6775: 9002 8993 8975) (1221.85 s)
>> 874 (4987: 9928 9933 9899) (1185.98 s)
>> 873 (557: 8641 8637 8602) (1225.28 s)
>> 873 (6545: 9145 9099 9058) (1298.83 s)
>> 873 (25232: 8879 8895 8770) (1262.98 s)
>> 872 (31171: 10822 10841 10774) (1293.22 s)
>> 867 (9735: 9717 9762 9732) (1294.87 s)
>> 863 (34226: 8235 8236 8230) (1287.31 s)
>> 881 (34221: 8238 8237 8235) (1279.98 s)
>> 861 (23434: 10657 10685 10677) (1285.22 s)
>> 860 (3340: 11296 11362 11321) (1283.68 s)
>> 860 (29078: 8419 7495 8410) (1072.82 s)
>> 858 (32422: 9588 9609 9563) (819.573 s)
>> 853 (18165: 9137 9141 9123) (865.459 s)
>> 852 (31256: 10995 11044 10981) (928.58 s)
>> 848 (28127: 8778 8772 8779) (921.044 s)
>> 847 (13932: 9490 9561 9486) (949.634 s)
>> 843 (31775: 10280 10330 10288) (917.541 s)
>> 842 (25612: 11221 11205 11171) (911.868 s)
>> 841 (5954: 9428 9439 9429) (911.459 s)
>> 841 (27054: 9858 9879 9837) (903.935 s)
>> 839 (27484: 11002 10990 10979) (887.155 s)
>> 838 (29453: 9681 9718 9726) (845.52 s)
>> 834 (6640: 9064 9083 8899) (843.926 s)
>> 834 (27480: 8641 8616 8585) (926.636 s)
>> 833 (27918: 8394 23041 8408) (1297.91 s)
>> 833 (33274: 10699 10746 10679) (1301.18 s)
>> 830 (1136: 9437 9450 9423) (1288.14 s)
>> 830 (20218: 10455 10461 10363) (1283.63 s)
>> 830 (23109: 9496 22297 9484) (1279.49 s)
>> 829 (1383: 8987 8934 8872) (975.47 s)
>> 824 (33203: 10958 10936 10922) (895.924 s)
>> 823 (30712: 26611 11302 11285) (889.579 s)
>> 822 (6705: 9033 9063 9028) (889.806 s)
>> 817 (28504: 11254 11264 11284) (885.418 s)
>> 817 (34120: 8390 8442 8383) (877.952 s)
>> 816 (26362: 10481 10508 10467) (882.161 s)
>> 816 (31221: 11269 11263 11246) (859.794 s)
>> 813 (3951: 10901 10945 10924) (775.633 s)
>> 813 (23813: 9923 9906 9900) (817.621 s)
>> 812 (18103: 9270 9294 9284) (953.394 s)
>> 804 (22559: 10249 10263 10206) (937.005 s)
>> 870 (23637: 10249 10321 10250) (871.544 s)
>> 802 (17276: 8860 8878 8875) (906.154 s)
>> 802 (24762: 25018 9823 9812) (870.874 s)
>> 800 (19109: 8180 19111 8185) (869.486 s)
>> 798 (13125: 9467 9490 9457) (864.647 s)
>> 796 (1174: 8942 8951 8940) (865.475 s)
>> 792 (24715: 9975 10005 9960) (865.625 s)
>> 791 (5839: 9478 9505 9480) (862.219 s)
>> 790 (4262: 10759 10662 10599) (890.971 s)
>> 790 (29278: 8586 8627 8608) (871.095 s)
>> 788 (1017: 9613 9625 9588) (897.914 s)
>> 787 (19365: 11396 11388 11382) (1099.42 s)
>> 785 (3297: 11296 11328 11307) (1196.88 s)
>> 785 (28393: 11332 11318 11278) (1102.07 s)
>> 784 (3659: 11127 11138 11035) (1098.9 s)
>> 784 (32234: 10127 10146 10011) (1182.64 s)
>> 784 (34073: 8449 8448 8447) (1236.25 s)
>> 778 (29911: 10869 10907 10822) (1221.06 s)
>> 776 (4842: 10084 10105 10054) (1097.92 s)
>> 775 (27940: 8614 8638 8537) (1090 s)
>> 774 (28419: 11169 11188 11167) (1097.08 s)
>> 773 (17297: 8079 8098 8119) (1099.02 s)
>> 772 (24367: 10380 26879 10387) (1040.4 s)
>> 767 (26623: 10597 10633 10579) (1037.25 s)
>> 766 (7985: 8094 8102 8089) (1032.87 s)
>> 766 (33646: 9583 9613 9591) (1005.87 s)
>> 765 (28537: 8626 8639 8607) (1029.4 s)
>> 762 (638: 9310 9355 9307) (1020.15 s)
>> 762 (31554: 10667 10678 10644) (1024.96 s)
>> 762 (33123: 11099 11146 11082) (1123.6 s)
>> 756 (31278: 10161 10116 10194) (1063.53 s)
>> 755 (19532: 10469 10406 10204) (1026.37 s)
>> 755 (26750: 11117 11107 11095) (769.039 s)
>> 754 (34145: 8365 8374 8359) (719.465 s)
>> 752 (16468: 10436 10541 10525) (775.727 s)
>> 1517 (16471: 10567 10436 10675) (906.254 s)
>> 751 (34169: 8328 8342 8337) (851.35 s)
>> 747 (7240: 8525 8535 8522) (805.315 s)
>> 746 (273: 9614 9702 9583) (802.807 s)
>> 744 (7103: 8723 8742 8726) (800.955 s)
>> 742 (717: 10884 10896 10854) (801.176 s)
>> 736 (778: 10781 10766 10650) (798.079 s)
>> 726 (3358: 11332 11281 11274) (798.732 s)
>> 725 (22809: 9274 9276 9263) (792.839 s)
>> 724 (31728: 11697 8110 8079) (795.795 s)
>> 723 (25335: 11017 11127 11005) (784.309 s)
>> 719 (23171: 9414 9370 9323) (791.55 s)
>> 717 (15996: 9707 9730 9614) (787.348 s)
>> 717 (26008: 8467 24831 8458) (796.285 s)
>> 717 (31573: 10061 10087 10074) (806.564 s)
>> 717 (33908: 9027 9030 9021) (814.005 s)
>> 716 (34217: 8242 8244 8241) (819.497 s)
>> 714 (20123: 10265 10459 10448) (890.287 s)
>> 713 (30603: 8879 8766 8753) (883.14 s)
>> 711 (8589: 8586 8601 8587) (888.889 s)
>> 705 (11643: 9305 9297 9289) (842.596 s)
>> 704 (4082: 10927 10921 10836) (782.867 s)
>> 704 (6058: 9383 9378 9363) (782.603 s)
>> 700 (7373: 8465 8455 8450) (779.942 s)
>> 699 (553: 9714 9696 9692) (780.662 s)
>> 697 (19424: 10867 10862 10899) (795.255 s)
>> 694 (27428: 9006 9010 8988) (845.456 s)
>> 691 (24351: 8814 8856 8827) (846.278 s)
>> 690 (3922: 10949 10963 10888) (814.092 s)
>> 687 (23887: 10188 10212 10182) (829.141 s)
>> 686 (31391: 29796 10120 10139) (832.712 s)
>> 686 (32162: 10507 10519 10399) (823.063 s)
>> 685 (33603: 9663 5493 9686) (1105.11 s)
>> 684 (22929: 8440 8449 8434) (809.461 s)
>> 681 (20137: 8729 8739 8730) (984.037 s)
>> 681 (27589: 8936 8925 8908) (1049.4 s)
>> 673 (17526: 11430 3125 11428) (1007.54 s)
>> 672 (29764: 10865 10843 10830) (1043.94 s)
>> 670 (33577: 9687 9714 9676) (1052.48 s)
>> 669 (31145: 11249 11335 11260) (1158.62 s)
>> 668 (29376: 10342 10415 10258) (1136.05 s)
>> 668 (31984: 11123 29137 10988) (1256 s)
>> 668 (34017: 8723 8717 8719) (1189.32 s)
>> 664 (4559: 10428 10535 10485) (1266.24 s)
>> 662 (24155: 8662 8707 8641) (1298.34 s)
>> 659 (30315: 8354 8355 8358) (1141.05 s)
>> 658 (3651: 11148 11094 11129) (1209.15 s)
>> 658 (32227: 10165 10179 10157) (972.5 s)
>> 657 (26592: 11136 11173 11158) (992.248 s)
>> 656 (30405: 10991 11008 10985) (1113.98 s)
>> 654 (24308: 9804 9758 9767) (1065.35 s)
>> 653 (9255: 9269 9253 9239) (919.114 s)
>> 653 (22740: 9517 9525 9477) (868.82 s)
>> 653 (23639: 9511 9524 9467) (968.872 s)
>> 653 (24472: 9425 9432 9418) (1009.87 s)
>> 651 (32368: 9694 9716 9704) (1161.64 s)
>> 649 (31305: 9518 27941 9531) (1007.25 s)
>> 647 (31285: 9399 9426 9397) (1061.31 s)
>> 645 (30135: 8552 8564 8553) (1032.46 s)
>> 639 (22883: 9929 9934 9914) (1068.89 s)
>> 639 (27429: 9001 9015 9006) (957.638 s)
>> 638 (30599: 10199 9416 9414) (942.71 s)
>> 638 (31996: 11074 11088 10995) (1136.03 s)
>> 635 (11646: 9251 30289 9274) (1162.98 s)
>> 633 (17604: 8202 8197 8186) (1055.95 s)
>> 629 (34102: 8399 8415 8386) (956.196 s)
>> 627 (5064: 9877 9885 9819) (1076.79 s)
>> 622 (24992: 10587 10584 10555) (921.844 s)
>> 622 (33762: 9396 9387 9337) (945.998 s)
>> 965 (6222: 9296 9396 9309) (879.023 s)
>> 621 (5869: 9470 9517 9485) (1138.53 s)
>> 621 (19297: 8139 8144 8116) (962.235 s)
>> 620 (24845: 10127 10048 10122) (938.119 s)
>> 617 (3331: 11332 11324 11313) (914.648 s)
>> 616 (33502: 9830 9852 9816) (1006.31 s)
>> 612 (17478: 8715 8687 8662) (891.267 s)
>> 611 (33753: 9437 9413 9383) (926.703 s)
>> 607 (5089: 9863 9898 9848) (949.971 s)
>> 607 (6135: 9352 9372 9344) (1090.65 s)
>> 596 (27394: 10987 11038 10983) (924.649 s)
>> 595 (12014: 8529 8526 8517) (1072.07 s)
>> 594 (12590: 9027 9057 9029) (1162.89 s)
>> 591 (28996: 10020 10024 9996) (1164.27 s)
>> 590 (293: 8465 8472 8436) (1103.45 s)
>> 590 (26120: 29660 9206 9203) (1132.1 s)
>> 587 (22917: 13492 33641 9596) (1128.77 s)
>> 586 (19385: 10695 10699 10667) (1187.63 s)
>> 583 (5317: 9766 9763 9756) (1119.09 s)
>> 578 (5581: 9644 33635 9612) (1173.92 s)
>> 577 (33335: 10455 10469 10414) (1195 s)
>> 576 (34056: 8462 8478 8440) (1176.77 s)
>> 573 (6289: 9235 9296 9264) (1166.23 s)
>> 572 (29185: 10331 10292 10280) (1155.77 s)
>> 569 (5037: 9892 9903 9882) (955.187 s)
>> 569 (32343: 9830 9741 9722) (942.104 s)
>> 564 (3490: 11269 11218 11198) (869.627 s)
>> 561 (4134: 10787 10812 10740) (851.032 s)
>> 561 (7223: 8565 8579 8566) (844.296 s)
>> 561 (26590: 11405 11406 11296) (818.853 s)
>> 558 (12365: 8678 8685 8614) (992.829 s)
>> 557 (12075: 8335 8349 8338) (1204.07 s)
>> 556 (16833: 11344 11405 11348) (1114.51 s)
>> 556 (26484: 9947 9924 9910) (1086.87 s)
>> 555 (28074: 10532 10621 10512) (1033.5 s)
>> 554 (29783: 10080 10112 10092) (883.029 s)
>> 551 (3482: 11217 11220 11141) (806.043 s)
>> 545 (22466: 3498 11282 11230) (937.578 s)
>> 542 (3814: 11016 28769 10971) (944.74 s)
>> 541 (26951: 9375 9338 9335) (880.193 s)
>> 541 (28172: 10455 10440 10432) (1191.55 s)
>> 539 (25623: 9549 9558 9470) (862.96 s)
>> 531 (22331: 9818 9847 9768) (951.372 s)
>> 528 (19926: 11431 11450 11417) (929.135 s)
>> 526 (6301: 9256 9291 9235) (828.246 s)
>> 526 (27992: 8309 8313 8306) (1062.1 s)
>> 526 (30099: 11435 11466 11429) (1169.76 s)
>> 523 (30690: 9493 9489 9428) (906.87 s)
>> 514 (6056: 9358 9399 9382) (903.248 s)
>> 514 (31297: 9670 9684 9682) (948.627 s)
>> 511 (23762: 10188 10331 10213) (884.269 s)
>> 507 (5381: 9694 9712 9644) (830.473 s)
>> 505 (18184: 9270 10199 9282) (928.713 s)
>> 504 (25547: 9322 9437 9357) (830.086 s)
>> 503 (5511: 9624 9685 9641) (975.777 s)
>> 501 (10853: 10859 10869 10852) (1109.13 s)
>> 500 (7492: 8404 8399 8387) (1061.61 s)
>> 499 (28353: 10151 10148 10161) (814.738 s)
>> 498 (33970: 8897 8936 8918) (905.52 s)
>> 497 (26026: 10764 10818 10782) (922.561 s)
>> 497 (32174: 10394 10437 10377) (928.414 s)
>> 496 (26066: 8335 8330 8323) (873.809 s)
>> 491 (4151: 10767 10796 10723) (1232.85 s)
>> 491 (27812: 10407 10410 10392) (1235.98 s)
>> 484 (2087: 9005 9033 9031) (895.971 s)
>> 484 (12906: 10587 10606 10559) (853.231 s)
>> 484 (33801: 27840 33805 9256) (1066.55 s)
>> 479 (24861: 11456 11444 11431) (985.988 s)
>> 478 (4486: 10473 10532 10475) (1405.27 s)
>> 476 (5360: 9711 9766 9723) (1580.35 s)
>> 466 (24866: 11147 11145 11169) (1138.78 s)
>> 465 (33408: 10150 10062 10147) (1065 s)
>> 728 (28262: 10171 10150 10455) (1079.88 s)
>> 463 (33679: 9540 9553 9539) (852.087 s)
>> 463 (33968: 8910 8896 8922) (1071.92 s)
>> 460 (7793: 8251 8283 8249) (1186.88 s)
>> 459 (12691: 9860 9893 9877) (1172.65 s)
>> 458 (17393: 8869 8820 8810) (918.083 s)
>> 451 (24089: 10068 10117 10063) (1057.4 s)
>> 451 (28646: 29660 9251 9225) (927.17 s)
>> 448 (18127: 9145 9137 9064) (1095.56 s)
>> 446 (33329: 10438 27501 10428) (1096.26 s)
>> 442 (4925: 10084 10026 9991) (1093.76 s)
>> 432 (11471: 11470 11473 11435) (1089.23 s)
>> 428 (17682: 8118 8208 8194) (904.036 s)
>> 424 (26432: 10127 10076 10075) (892.025 s)
>> 422 (12921: 8723 8731 8727) (1090.49 s)
>> 421 (16289: 8814 8865 8842) (1040.22 s)
>> 421 (24231: 10127 10104 10163) (1115.11 s)
>> 420 (29516: 8696 8657 8626) (1051.93 s)
>> 418 (31722: 9670 9666 9658) (1063.79 s)
>> 408 (31222: 29660 9232 9193) (916.13 s)
>> 405 (27996: 27997 29780 8205) (772.142 s)
>> 404 (29028: 8494 7294 8498) (1034.39 s)
>> 403 (30476: 11160 11154 11147) (892.813 s)
>> 399 (30392: 9472 9496 9479) (856.196 s)
>> 396 (7439: 8433 8453 8427) (856.566 s)
>> 395 (4626: 10356 10369 10335) (850.723 s)
>> 392 (5338: 9725 9746 9687) (821.123 s)
>> 856 (5306: 9796 9759 9725) (865.015 s)
>> 392 (27639: 9912 9993 9986) (858.646 s)
>> 478 (27356: 9994 10015 9912) (787.872 s)
>> 391 (12823: 8068 8103 8074) (711.495 s)
>> 389 (30524: 10967 10972 10927) (635.664 s)
>> 387 (9780: 9681 9789 9778) (669.099 s)
>> 386 (740: 9932 9890 9860) (1114.49 s)
>> 384 (7545: 8393 8406 8385) (1151.92 s)
>> 381 (29336: 10857 11122 10438) (1125.94 s)
>> 380 (32306: 9850 9858 9821) (1237.31 s)
>> 1124 (32324: 9711 9850 9802) (1243.69 s)
>> 379 (4961: 9956 9970 9930) (1250.55 s)
>> 378 (6516: 9114 9145 9138) (1249.53 s)
>> 368 (19894: 11484 11485 11470) (918.491 s)
>> 367 (22279: 10484 22278 10520) (811.353 s)
>> 367 (24118: 9427 9425 9402) (984.308 s)
>> 365 (31592: 9247 31035 27840) (1004.49 s)
>> 390 (6266: 9247 9300 9277) (1011.18 s)
>> 362 (28158: 11160 23404 11100) (1010.35 s)
>> 361 (28611: 11217 11224 11211) (1018.72 s)
>> 355 (7101: 8743 34012 8879) (1002.16 s)
>> 353 (17080: 11358 11361 11337) (1007.22 s)
>> 351 (11681: 8780 8778 8786) (912.331 s)
>> 350 (26189: 10175 10188 10127) (713.687 s)
>> 349 (11709: 8088 8100 11708) (572.052 s)
>> 346 (26812: 8748 8754 8723) (798.588 s)
>> 346 (28008: 11123 33188 10790) (797.314 s)
>> 344 (28160: 9642 9681 9671) (798.535 s)
>> 343 (23753: 8547 8536 8548) (759.08 s)
>> 343 (25800: 9478 9540 9501) (725.216 s)
>> 331 (23667: 10709 23685 10689) (775.324 s)
>> 359 (19211: 10598 10709 10601) (785.042 s)
>> 330 (11533: 9114 9065 9056) (707.551 s)
>> 318 (3825: 3824 11031 11002) (757.748 s)
>> 318 (7547: 8392 8404 8376) (792.748 s)
>> 317 (4495: 10343 10454 10265) (827.539 s)
>> 316 (29447: 10537 10560 10548) (505.734 s)
>> 316 (33402: 10152 10175 10165) (509.051 s)
>> 313 (28418: 11160 11186 11178) (668.552 s)
>> 311 (29411: 8508 8529 8516) (768.816 s)
>> 311 (29461: 8297 8308 8295) (768.966 s)
>> 311 (30057: 8229 8238 8216) (766.647 s)
>> 309 (23231: 9246 9234 9268) (765.126 s)
>> 307 (26880: 10380 10458 10411) (764.153 s)
>> 303 (25116: 8678 8544 8518) (731.348 s)
>> 293 (23632: 10900 10889 10935) (654.722 s)
>> 292 (4863: 26792 10073 10064) (491.788 s)
>> 291 (22976: 9600 9607 9577) (492.467 s)
>> 289 (4929: 9956 10069 9995) (691.567 s)
>> 287 (6748: 9009 9003 9001) (667.004 s)
>> 281 (4938: 10020 9992 9975) (631.243 s)
>> 273 (24161: 9830 9932 9824) (690.942 s)
>> 270 (4102: 10967 10833 10825) (692.793 s)
>> 270 (12104: 8893 8886 8880) (691.252 s)
>> 265 (30703: 26792 10145 10088) (689.764 s)
>> 255 (5765: 9478 9536 9509) (688.876 s)
>> 253 (3210: 11373 11456 11380) (738.323 s)
>> 250 (873: 10877 10871 10824) (773.997 s)
>> 244 (31338: 8373 8400 8394) (756.135 s)
>> 244 (31611: 8960 8987 8931) (769.443 s)
>> 242 (1141: 9174 9247 9246) (767.832 s)
>> 239 (22707: 8068 8085 8084) (763.889 s)
>> 467 (11828: 8133 8161 8068) (763.001 s)
>> 237 (26364: 9642 9717 9748) (761.685 s)
>> 237 (27944: 9476 33701 9472) (757.108 s)
>> 236 (21935: 9375 9389 9365) (753.982 s)
>> 234 (22781: 26729 10960 10958) (755.158 s)
>> 229 (24825: 10171 10493 10479) (725.543 s)
>> 229 (29573: 10253 10507 10283) (677.045 s)
>> 228 (7339: 8477 8482 8459) (628.486 s)
>> 228 (33933: 8976 9002 8965) (537.192 s)
>> 224 (24930: 8164 8163 8133) (547.702 s)
>> 222 (28631: 26792 10171 10035) (433.121 s)
>> 221 (3551: 11176 11182 11163) (425.695 s)
>> 214 (6867: 8929 8942 8910) (592.804 s)
>> 213 (19028: 8567 8678 8562) (751.037 s)
>> 206 (28995: 10034 10052 10020) (746.533 s)
>> 204 (11637: 9327 9376 9298) (741.43 s)
>> 201 (1392: 8373 8420 8379) (730.405 s)
>> 196 (22258: 11402 11430 11427) (719.968 s)
>> 189 (33251: 10816 10717 10657) (722.746 s)
>> 185 (31991: 10857 11087 11003) (719.759 s)
>> 183 (33910: 6719 9034 9025) (719.968 s)
>> 180 (25704: 27445 27997 8202) (730.533 s)
>> 179 (31782: 8556 8552 8551) (862.893 s)
>> 179 (34071: 8433 8481 8465) (805.867 s)
>> 171 (5603: 9603 9694 9598) (773.515 s)
>> 170 (1198: 10057 10077 10047) (828.66 s)
>> 166 (29005: 11344 11312 11273) (852.1 s)
>> 164 (31425: 9358 9359 9310) (848.595 s)
>> 163 (19088: 8134 8131 8125) (813.685 s)
>> 161 (34258: 8076 8094 8077) (855.074 s)
>> 159 (23144: 10273 26792 10202) (853.576 s)
>> 156 (7803: 8248 8251 8247) (836.483 s)
>> 148 (7226: 8565 11715 8561) (840.85 s)
>> 146 (28783: 11373 11463 11460) (823.259 s)
>> 134 (25418: 10486 10417 10394) (833.939 s)
>> 132 (4459: 10483 10477 10473) (834.604 s)
>> 128 (23563: 11422 11402 11384) (750.968 s)
>> 107 (7363: 8460 8441 8433) (498.033 s)
>> 98 (7854: 8217 27445 8228) (485.375 s)
>> 95 (24738: 10749 10804 10720) (486.88 s)
>> 90 (22582: 8207 8221 8217) (482.17 s)
>> 68 (5716: 9518 9535 9527) (618.882 s)
>> 67 (6115: 9374 9391 9358) (818.739 s)
>> 64 (29801: 10856 10865 10591) (804.01 s)
>> 60 (28678: 8976 6719 9019) (811.92 s)
>> 59 (33114: 11137 11168 11099) (815.835 s)
>> 53 (33261: 10665 10750 10745) (809.693 s)
>> 51 (25583: 10350 10382 10342) (810.677 s)
>> 46 (4793: 29796 10159 10160) (788.705 s)
>> 44 (25798: 10956 11014 10964) (793.173 s)
>> 43 (17897: 10506 10516 10483) (793.859 s)
>> 43 (31479: 8135 8118 8129) (793.767 s)
>> 42 (20327: 11936 31115 8542) (789.862 s)
>> 41 (11974: 8226 8232 8223) (801.484 s)
>> 36 (3555: 11204 11249 11181) (812.273 s)
>> 36 (19835: 11283 11308 11254) (798.416 s)
>> 35 (22589: 9959 9949 9938) (807.08 s)
>> 34 (3223: 11373 11360 11369) (801.374 s)
>> 33 (8032: 8057 8058 8049) (801.104 s)
>> 29 (6663: 9042 9005 8976) (756.386 s)
>> 27 (5746: 9520 9526 9478) (793.174 s)
>> 25 (12787: 29003 8354 8353) (679.159 s)
>> 22 (8026: 8061 24973 8057) (790.603 s)
>> 22 (31562: 10439 10404 10412) (784.931 s)
>> 20 (26063: 8226 8222 8218) (790.737 s)
>> 18 (24309: 9804 9757 9670) (784.828 s)
>> 15 (27498: 9982 33481 9994) (735.751 s)
>> 14 (23520: 9242 9261 9248) (613.064 s)
>> 14 (25276: 9851 9875 9796) (527.876 s)
>> 12 (4116: 33248 10870 10598) (440.799 s)
>> 2 (6088: 9369 9386 9374) (623.225 s)
>> 2 (25391: 10249 10231 10222) (808.646 s)
>> 0 (-1: -1 -1 -1) (805.401 s)
Zelikovsky- 1.53985e+06 s
>>> get_solution
  refine_solution: new weight 773366014 (was 773386355) in 0.026791 s
  refine_solution: new weight 773366014 (was 773366014) in 0.028126 s
>>> get_solution
  refine_solution: new weight 773858206 (was 774106173) in 0.027652 s
  refine_solution: new weight 773832906 (was 773858206) in 0.02955 s
  refine_solution: new weight 773831127 (was 773832906) in 0.029703 s
  refine_solution: new weight 773830700 (was 773831127) in 0.029797 s
  refine_solution: new weight 773830700 (was 773830700) in 0.029508 s
0,,34270,50725,2903,,0,0,,774106173,773830700,773638820,773386355,773366014,,0,0,@@

  delete_edges: deleted 191 edges in 0.027097 s and 2 rounds
  handle_small_Steiner_degrees: steiner 2, suppress 327 in 0.000461 s
Starting round 1
contract_till_the_bitter_end interrupted
contract_till_the_bitter_end: 1.59745e+06 s

Calling end_heu
>>> get_solution
Saved weight 559189468
end_heu: 0 loops with 0 unique solutions in 0.00614 s

Calling print_solution
>>> get_solution
  refine_solution: new weight 773863711 (was 774105648) in 0.055208 s
Oops orig weight was 774105648 but we got 773863711
## FINAL WEIGHT 773863711
print_solution: 0.106022 s
