Version: final-94-gfffc3aa rub_all.sh: remove longest prefix
Random seed: 1563410472
Start
>>> save_orig_graph
>> Saved weight 0
Graph loaded
|V| = 72702, |E| = 115430, |R| = 1790
First clearance of the input. Calling buy_zero and run_all_heuristics.
  buy_zero: 36 zero edges in 0.00049 s
  handle_small_terminal_degrees: terms 0 in 5.5e-05 s
  handle_small_Steiner_degrees: steiner 4, suppress 0 in 9.3e-05 s
  shortest_edge_between_terminals: 0 edges in 4.6e-05 s
  handle_small_terminal_degrees: terms 0 in 5.4e-05 s
  handle_small_Steiner_degrees: steiner 0, suppress 2 in 0.000108 s
  shortest_edge_between_terminals: 0 edges in 2.6e-05 s
  handle_small_terminal_degrees: terms 0 in 5.4e-05 s
  handle_small_Steiner_degrees: steiner 0, suppress 0 in 9.5e-05 s
  shortest_edge_between_terminals: 0 edges in 2.5e-05 s
Compressed graph 72702 -> 72659
  delete_edges: deleted 4138 edges in 0.037003 s and 4 rounds
  handle_small_terminal_degrees: terms 59 in 9.9e-05 s
  handle_small_Steiner_degrees: steiner 47, suppress 2919 in 0.001397 s
  shortest_edge_between_terminals: 0 edges in 4.5e-05 s
  handle_small_terminal_degrees: terms 1 in 5.5e-05 s
  handle_small_Steiner_degrees: steiner 0, suppress 45 in 0.000113 s
  shortest_edge_between_terminals: 0 edges in 2.9e-05 s
  handle_small_terminal_degrees: terms 2 in 5.5e-05 s
  handle_small_Steiner_degrees: steiner 0, suppress 1 in 9.5e-05 s
  shortest_edge_between_terminals: 0 edges in 2.8e-05 s
  handle_small_terminal_degrees: terms 1 in 5.5e-05 s
  handle_small_Steiner_degrees: steiner 0, suppress 0 in 9.5e-05 s
  shortest_edge_between_terminals: 0 edges in 2.7e-05 s
  handle_small_terminal_degrees: terms 0 in 5.4e-05 s
  handle_small_Steiner_degrees: steiner 0, suppress 0 in 9.4e-05 s
  shortest_edge_between_terminals: 0 edges in 2.7e-05 s
Compressed graph 72659 -> 69584
  delete_edges_shortest_path: deleted 6634 edges in 14.2313 s
  handle_small_terminal_degrees: terms 1024 in 0.000728 s
  handle_small_Steiner_degrees: steiner 1149, suppress 6458 in 0.002672 s
  shortest_edge_between_terminals: 4 edges in 6.3e-05 s
  handle_small_terminal_degrees: terms 303 in 0.000199 s
  handle_small_Steiner_degrees: steiner 13, suppress 200 in 0.000165 s
  shortest_edge_between_terminals: 10 edges in 3.9e-05 s
  handle_small_terminal_degrees: terms 14 in 6.1e-05 s
  handle_small_Steiner_degrees: steiner 2, suppress 33 in 0.0001 s
  shortest_edge_between_terminals: 0 edges in 3.1e-05 s
  handle_small_terminal_degrees: terms 0 in 5.2e-05 s
  handle_small_Steiner_degrees: steiner 2, suppress 16 in 0.000106 s
  shortest_edge_between_terminals: 0 edges in 3e-05 s
  handle_small_terminal_degrees: terms 0 in 5.1e-05 s
  handle_small_Steiner_degrees: steiner 1, suppress 12 in 9.1e-05 s
  shortest_edge_between_terminals: 0 edges in 3.1e-05 s
  handle_small_terminal_degrees: terms 0 in 5.2e-05 s
  handle_small_Steiner_degrees: steiner 1, suppress 8 in 8.9e-05 s
  shortest_edge_between_terminals: 0 edges in 3e-05 s
  handle_small_terminal_degrees: terms 0 in 5.1e-05 s
  handle_small_Steiner_degrees: steiner 0, suppress 5 in 8.8e-05 s
  shortest_edge_between_terminals: 0 edges in 3e-05 s
  handle_small_terminal_degrees: terms 0 in 5.2e-05 s
  handle_small_Steiner_degrees: steiner 0, suppress 3 in 8.6e-05 s
  shortest_edge_between_terminals: 0 edges in 3.1e-05 s
  handle_small_terminal_degrees: terms 0 in 5.2e-05 s
  handle_small_Steiner_degrees: steiner 0, suppress 3 in 8.6e-05 s
  shortest_edge_between_terminals: 0 edges in 3e-05 s
  handle_small_terminal_degrees: terms 0 in 5.2e-05 s
  handle_small_Steiner_degrees: steiner 0, suppress 2 in 8.5e-05 s
  shortest_edge_between_terminals: 0 edges in 3e-05 s
  handle_small_terminal_degrees: terms 0 in 5.2e-05 s
  handle_small_Steiner_degrees: steiner 0, suppress 1 in 8.5e-05 s
  shortest_edge_between_terminals: 0 edges in 3e-05 s
  handle_small_terminal_degrees: terms 0 in 5.2e-05 s
  handle_small_Steiner_degrees: steiner 0, suppress 0 in 8.4e-05 s
  shortest_edge_between_terminals: 0 edges in 3e-05 s
Compressed graph 69584 -> 60325
  handle_small_terminal_degrees: terms 0 in 4.5e-05 s
  handle_small_Steiner_degrees: steiner 0, suppress 32 in 9.7e-05 s
  shortest_edge_between_terminals: 36 edges in 0.000133 s
  handle_small_terminal_degrees: terms 0 in 4.5e-05 s
  handle_small_Steiner_degrees: steiner 0, suppress 8 in 7.8e-05 s
  shortest_edge_between_terminals: 0 edges in 3.4e-05 s
  handle_small_terminal_degrees: terms 0 in 4.5e-05 s
  handle_small_Steiner_degrees: steiner 0, suppress 0 in 7.4e-05 s
  shortest_edge_between_terminals: 0 edges in 3.3e-05 s
Compressed graph 60325 -> 60036
  delete_edges_shortest_path: deleted 1314 edges in 3.39822 s
  handle_small_terminal_degrees: terms 103 in 0.000136 s
  handle_small_Steiner_degrees: steiner 46, suppress 2102 in 0.001007 s
  shortest_edge_between_terminals: 5 edges in 8.7e-05 s
  handle_small_terminal_degrees: terms 5 in 4.8e-05 s
  handle_small_Steiner_degrees: steiner 7, suppress 80 in 0.0001 s
  shortest_edge_between_terminals: 0 edges in 3.5e-05 s
  handle_small_terminal_degrees: terms 0 in 4.4e-05 s
  handle_small_Steiner_degrees: steiner 5, suppress 36 in 8.4e-05 s
  shortest_edge_between_terminals: 0 edges in 3.2e-05 s
  handle_small_terminal_degrees: terms 0 in 4.4e-05 s
  handle_small_Steiner_degrees: steiner 3, suppress 31 in 8.1e-05 s
  shortest_edge_between_terminals: 0 edges in 3.2e-05 s
  handle_small_terminal_degrees: terms 0 in 4.5e-05 s
  handle_small_Steiner_degrees: steiner 3, suppress 15 in 7.6e-05 s
  shortest_edge_between_terminals: 0 edges in 3.3e-05 s
  handle_small_terminal_degrees: terms 0 in 4.5e-05 s
  handle_small_Steiner_degrees: steiner 3, suppress 17 in 7.5e-05 s
  shortest_edge_between_terminals: 0 edges in 3.3e-05 s
  handle_small_terminal_degrees: terms 0 in 4.4e-05 s
  handle_small_Steiner_degrees: steiner 1, suppress 11 in 7.4e-05 s
  shortest_edge_between_terminals: 0 edges in 3.2e-05 s
  handle_small_terminal_degrees: terms 0 in 4.5e-05 s
  handle_small_Steiner_degrees: steiner 1, suppress 8 in 7.3e-05 s
  shortest_edge_between_terminals: 0 edges in 3.2e-05 s
  handle_small_terminal_degrees: terms 0 in 4.5e-05 s
  handle_small_Steiner_degrees: steiner 1, suppress 1 in 7.1e-05 s
  shortest_edge_between_terminals: 0 edges in 3.2e-05 s
  handle_small_terminal_degrees: terms 0 in 4.5e-05 s
  handle_small_Steiner_degrees: steiner 0, suppress 1 in 7.1e-05 s
  shortest_edge_between_terminals: 0 edges in 3.2e-05 s
  handle_small_terminal_degrees: terms 0 in 4.5e-05 s
  handle_small_Steiner_degrees: steiner 0, suppress 0 in 6.7e-05 s
  shortest_edge_between_terminals: 0 edges in 3.2e-05 s
Compressed graph 60036 -> 57552
Compressed graph 57552 -> 57552
>>> save_orig_graph
>> Saved weight 255600832
### ZEL_LVL=9 PRECISE_STARS=1

Calling `contract_till_the_bitter_end`
|V| = 57552, |E| = 87638, |R| = 1747
>> 29925 (7539: 10314 10334 10314) (16.0552 s)
>> 20964 (6929: 10759 10784 10759) (14.9955 s)
>> 18078 (26082: 9094 9100 9094) (14.9988 s)
>> 13566 (44333: 10696 10751 10696) (14.996 s)
>> 12108 (2085: 9050 9054 9050) (14.9799 s)
>> 12092 (4112: 9864 9928 9864) (14.949 s)
>> 11663 (23106: 8996 9006 8996) (14.592 s)
>> 11585 (9038: 9030 9034 9030) (14.8348 s)
>> 11216 (27351: 9235 9278 9235) (14.8775 s)
>> 10815 (50645: 9090 9092 9090) (14.8487 s)
>> 10739 (32308: 8945 8954 8945) (14.9566 s)
>> 10642 (28939: 9259 9329 9259) (14.9076 s)
>> 10272 (6542: 8949 8952 8949) (15.0941 s)
>> 10185 (54458: 9180 9184 9180) (14.9573 s)
>> 10025 (44017: 10717 10746 10717) (14.9642 s)
>> 9824 (40977: 10320 10349 10320) (14.9625 s)
>> 8999 (2794: 9106 9133 9106) (14.9677 s)
>> 8776 (4284: 10971 10981 10971) (14.8335 s)
>> 8392 (49465: 8969 8970 8969) (14.9502 s)
>> 7975 (8623: 9688 9730 9688) (14.8446 s)
>> 7866 (6356: 9122 9125 9122) (15.0564 s)
>> 7742 (45934: 9226 9229 9226) (14.9263 s)
>> 7705 (55921: 10186 10403 10186) (15.0737 s)
>> 7689 (7364: 10418 10443 10418) (15.0991 s)
>> 7537 (47504: 8931 8939 8931) (14.9212 s)
>> 7367 (17975: 10339 10433 10339) (15.0971 s)
>> 7319 (9655: 9609 9626 9609) (15.187 s)
>> 6803 (20613: 9732 9734 9732) (15.0977 s)
>> 6755 (14725: 9571 9651 9571) (15.1925 s)
>> 6620 (32162: 9028 9043 9028) (15.1398 s)
>> 6550 (48474: 10771 10787 10771) (15.1243 s)
>> 6456 (35981: 9074 9080 9074) (15.1806 s)
>> 6344 (6299: 9164 9166 9164) (15.0804 s)
>> 6317 (9112: 9108 9111 9108) (15.2839 s)
>> 6205 (54744: 9203 9215 9203) (15.3325 s)
>> 6109 (35028: 9441 9446 9441) (15.3784 s)
>> 6107 (52783: 9062 9067 9062) (15.2296 s)
>> 6104 (35011: 9173 9179 9173) (15.4157 s)
>> 6016 (28196: 9064 9066 9064) (15.4136 s)
>> 5827 (54104: 10735 10750 10735) (15.4674 s)
>> 5677 (40486: 10834 10846 10834) (15.4357 s)
>> 5637 (6506: 8976 8983 8976) (15.4587 s)
>> 5535 (6267: 9205 9208 9205) (15.4821 s)
>> 5531 (2514: 8953 8958 8953) (15.5658 s)
>> 5504 (42392: 9498 9547 9498) (15.5664 s)
>> 5456 (12713: 10710 10713 10710) (15.6313 s)
>> 5268 (25150: 10732 10737 10732) (15.7572 s)
>> 5128 (7063: 10675 10683 10675) (15.3061 s)
>> 5042 (8179: 9930 9936 9930) (15.5323 s)
>> 5022 (13978: 9029 9044 9029) (15.5542 s)
>> 4989 (9303: 9301 9310 9301) (15.5497 s)
>> 4963 (6608: 10988 10994 10988) (15.633 s)
>> 4907 (7738: 10202 10217 10202) (15.6152 s)
>> 4767 (7622: 10196 10273 10196) (15.5371 s)
>> 4752 (21028: 9577 9605 9577) (15.5775 s)
>> 4654 (6447: 9012 9013 9012) (15.6005 s)
>> 4630 (42271: 8984 8986 8984) (15.5704 s)
>> 4628 (29745: 9061 9065 9061) (15.6805 s)
>> 4622 (52836: 10641 10645 10641) (15.5957 s)
>> 4611 (8406: 9820 9824 9820) (15.715 s)
>> 4602 (6835: 10825 10836 10825) (15.7472 s)
>> 4576 (22656: 9097 9102 9097) (15.7285 s)
>> 4576 (17030: 10718 10726 10718) (15.7492 s)
>> 4568 (17239: 10679 10680 10679) (15.7144 s)
>> 4556 (6841: 10821 10835 10821) (15.6733 s)
>> 4444 (23094: 8994 9009 8994) (15.6997 s)
>> 4384 (4905: 10744 10753 10744) (15.7185 s)
>> 4330 (6233: 9220 9225 9220) (15.6666 s)
>> 4313 (3024: 10392 10404 10392) (15.661 s)
>> 4313 (7341: 10427 10459 10427) (15.6339 s)
>> 4304 (52458: 9002 9010 9002) (15.6207 s)
>> 4298 (19010: 10113 10123 10113) (15.6783 s)
>> 4282 (43847: 10982 10993 10982) (15.6991 s)
>> 7469 (16156: 10970 11001 10970) (15.6943 s)
>> 4278 (8856: 9566 9595 9566) (15.6793 s)
>> 4271 (6183: 9256 9269 9256) (15.7213 s)
>> 4193 (21506: 9145 9425 9145) (15.7049 s)
>> 4182 (6825: 10838 10839 10838) (15.7754 s)
>> 4142 (25990: 10545 10558 10545) (15.7439 s)
>> 4115 (46180: 10960 10968 10960) (15.7419 s)
>> 4112 (6643: 10986 10989 10986) (15.7106 s)
>> 4089 (7019: 10695 10697 10695) (15.7276 s)
>> 4084 (43567: 11010 11019 11010) (15.7056 s)
>> 4069 (32728: 9899 9963 9899) (15.6971 s)
>> 4056 (54322: 9812 9815 9812) (15.7059 s)
>> 4008 (8771: 9580 9674 9580) (15.8831 s)
>> 3981 (22618: 9109 9118 9109) (15.7207 s)
>> 3979 (9664: 9663 9700 9663) (15.738 s)
>> 3969 (44685: 10867 10875 10867) (15.7156 s)
>> 3885 (18832: 10180 10185 10180) (15.7111 s)
>> 3867 (50285: 9923 9975 9923) (15.7144 s)
>> 3852 (8167: 9903 9939 9903) (15.7149 s)
>> 3840 (8004: 9997 10029 9997) (15.7049 s)
>> 3819 (11343: 9922 9935 9922) (15.7143 s)
>> 4180 (8334: 9835 9852 9835) (15.7091 s)
>> 3799 (2017: 9875 9878 9875) (15.7114 s)
>> 3786 (4671: 9676 9681 9676) (15.7161 s)
>> 3786 (16863: 10761 10764 10761) (15.7323 s)
>> 3765 (20838: 9579 9617 9579) (15.7179 s)
>> 3750 (8055: 9993 10000 9993) (15.5418 s)
>> 3701 (35170: 10762 10770 10762) (15.5613 s)
>> 3683 (20689: 9710 9721 9710) (15.542 s)
>> 3665 (8523: 9752 9769 9752) (15.5729 s)
>> 3663 (30164: 10862 10877 10862) (15.7407 s)
>> 3639 (21373: 9437 9456 9437) (15.7736 s)
>> 3635 (27172: 9551 21173 9551) (15.7907 s)
>> 3632 (44104: 10566 10567 10566) (15.7693 s)
>> 3624 (39665: 10389 10410 10389) (15.573 s)
>> 3617 (9188: 9186 9189 9186) (15.7538 s)
>> 3617 (6721: 10938 10939 10938) (15.7163 s)
>> 3595 (20645: 9717 9729 9717) (15.7275 s)
>> 3839 (20296: 9775 9791 9775) (15.7507 s)
>> 3540 (12900: 10134 10148 10134) (15.7614 s)
>> 3514 (10931: 10926 10929 10926) (15.7531 s)
>> 3512 (7010: 10698 10708 10698) (15.7575 s)
>> 3501 (21278: 9444 9495 9444) (15.7326 s)
>> 3499 (3554: 10177 10209 10177) (15.7534 s)
>> 3492 (19898: 9839 9845 9839) (15.9323 s)
>> 3444 (21236: 9509 9522 9509) (15.7493 s)
>> 3441 (3631: 9449 9473 9449) (15.7595 s)
>> 3441 (51672: 10885 10889 10885) (16.0106 s)
>> 3409 (3767: 10803 10804 10803) (15.7932 s)
>> 3404 (48012: 10850 10858 10850) (15.7675 s)
>> 3403 (10578: 10575 10577 10575) (15.7743 s)
>> 3389 (11406: 10479 10501 10479) (15.76 s)
>> 3387 (22546: 9134 9135 9134) (15.4778 s)
>> 3378 (14217: 9232 9245 9232) (15.8091 s)
>> 3354 (54554: 10032 10112 10032) (15.835 s)
>> 3331 (12254: 10772 10774 10772) (15.8245 s)
>> 3329 (5502: 9291 9294 9291) (15.7969 s)
>> 3316 (21863: 9293 9305 9293) (15.8348 s)
>> 3266 (24056: 9757 9771 9757) (15.8756 s)
>> 3472 (26188: 9774 9789 9774) (15.8626 s)
>> 3228 (10051: 10049 10033 10049) (15.8907 s)
>> 3204 (56123: 10399 10422 10399) (15.8896 s)
>> 3196 (6067: 9321 9357 9321) (15.904 s)
>> 3183 (1212: 10269 10274 10269) (15.9087 s)
>> 3168 (33522: 10100 10149 10100) (15.7152 s)
>> 4334 (18978: 10075 10153 10075) (15.8931 s)
>> 3162 (3027: 10456 10464 10456) (15.8951 s)
>> 3156 (7571: 10237 10333 10237) (15.8629 s)
>> 3096 (22223: 9213 9217 9213) (15.8588 s)
>> 3095 (17869: 10449 10463 10449) (16.0153 s)
>> 3089 (6724: 10903 10924 10903) (15.8781 s)
>> 3052 (5792: 9483 9485 9483) (15.8548 s)
>> 3047 (42881: 9260 9272 9260) (15.9341 s)
>> 3032 (11591: 9315 9317 9315) (15.9391 s)
>> 3020 (41043: 10324 10326 10324) (15.9817 s)
>> 3015 (8508: 9768 9781 9768) (15.9708 s)
>> 3007 (3089: 10890 10899 10890) (15.9472 s)
>> 2973 (6769: 10864 10891 10864) (15.9271 s)
>> 2952 (11610: 9382 9391 9382) (15.9191 s)
>> 2951 (7630: 10254 10271 10254) (15.9366 s)
>> 2950 (14102: 9251 9253 9251) (15.932 s)
>> 2943 (10824: 10819 10822 10819) (15.9322 s)
>> 2935 (21561: 9375 9396 9375) (15.9727 s)
>> 2913 (20002: 9827 9829 9827) (15.9556 s)
>> 2912 (7581: 10288 10302 10288) (15.963 s)
>> 2911 (21940: 9283 9304 9283) (15.9497 s)
>> 2891 (5897: 9421 9435 9421) (15.9976 s)
>> 2888 (20397: 9786 9797 9786) (16.0084 s)
>> 2870 (8010: 10021 10026 10021) (16.0131 s)
>> 2867 (7646: 10249 10268 10249) (15.9958 s)
>> 2844 (56818: 10071 10074 10071) (16.0077 s)
>> 2817 (14822: 10306 10344 10306) (15.7501 s)
>> 2812 (22189: 9214 9241 9214) (16.0356 s)
>> 2811 (10281: 10272 10279 10272) (16.056 s)
>> 2798 (46803: 9636 9678 9636) (16.025 s)
>> 2797 (7804: 10147 10155 10147) (16.032 s)
>> 2797 (7715: 10231 10250 10231) (16.3406 s)
>> 2795 (8723: 9622 9675 9622) (16.1315 s)
>> 2782 (15774: 9163 9165 9163) (16.0218 s)
>> 2774 (52823: 10027 10037 10027) (16.0296 s)
>> 2753 (21322: 9453 9466 9453) (16.0357 s)
>> 3986 (48902: 9477 9488 9477) (16.0496 s)
>> 2749 (17775: 10507 10509 10507) (16.0558 s)
>> 2743 (3209: 9263 9267 9263) (16.0662 s)
>> 2740 (19122: 10072 10088 10072) (16.0792 s)
>> 2753 (10094: 10092 10103 10092) (16.1034 s)
>> 2724 (9639: 9635 9637 9635) (16.0752 s)
>> 2711 (28609: 10782 10795 10782) (16.4557 s)
>> 2684 (16572: 10826 10828 10826) (16.5341 s)
>> 2664 (17288: 10661 10669 10661) (16.6116 s)
>> 2637 (13116: 10108 10119 10108) (16.4683 s)
>> 3633 (7819: 10138 10151 10138) (16.5858 s)
>> 2610 (8754: 9649 9666 9649) (16.2629 s)
>> 2604 (7478: 10346 10369 10346) (16.0697 s)
>> 2589 (6938: 10780 10781 10780) (16.0435 s)
>> 2588 (6041: 9369 9383 9369) (16.0655 s)
>> 3624 (5532: 9346 9374 9346) (16.0567 s)
>> 2569 (5635: 10367 10383 10367) (16.0708 s)
>> 2568 (3208: 9276 9281 9276) (16.0676 s)
>> 2550 (22769: 9082 9084 9082) (16.1067 s)
>> 2543 (44882: 9842 9860 9842) (16.1536 s)
>> 2533 (5534: 9418 9429 9418) (16.116 s)
>> 2522 (3655: 10420 10426 10420) (16.372 s)
>> 2517 (20434: 9776 9782 9776) (16.1446 s)
>> 2513 (1500: 9953 9986 9953) (16.1361 s)
>> 2509 (595: 10162 10165 10162) (16.138 s)
>> 2505 (1836: 9541 9552 9541) (16.1292 s)
>> 2499 (19569: 9937 9955 9937) (16.1463 s)
>> 2490 (6387: 9071 9076 9071) (16.1422 s)
>> 2463 (56817: 9659 9684 9659) (16.1146 s)
>> 2462 (7425: 10397 10402 10397) (16.1097 s)
>> 2442 (3204: 9266 9282 9266) (16.1106 s)
>> 2432 (7530: 10338 10371 10338) (16.1385 s)
>> 2421 (22469: 9149 9160 9149) (16.1075 s)
>> 2411 (7490: 10350 10365 10350) (16.1608 s)
>> 2372 (30780: 9959 10175 9959) (16.1474 s)
>> 2364 (44037: 10901 10915 10901) (16.1782 s)
>> 3519 (52944: 10933 10940 10933) (16.1501 s)
>> 2332 (12194: 10213 10233 10213) (16.1628 s)
>> 2332 (18489: 10251 10267 10251) (16.1308 s)
>> 2301 (8140: 9895 9944 9895) (16.1342 s)
>> 2297 (8875: 9558 9565 9558) (16.1359 s)
>> 2296 (30863: 10136 10142 10136) (16.1454 s)
>> 2289 (24380: 10654 10656 10654) (16.1523 s)
>> 2274 (38047: 10719 10723 10719) (16.1429 s)
>> 2265 (8639: 9702 9725 9702) (16.1269 s)
>> 2255 (8223: 9894 9912 9894) (16.1462 s)
>> 2248 (20279: 9801 9805 9801) (16.1467 s)
>> 2240 (14058: 10219 10229 10219) (16.1209 s)
>> 2852 (7685: 10235 10245 10235) (16.1181 s)
>> 2232 (19089: 10084 10086 10084) (16.1098 s)
>> 2266 (13109: 10079 10128 10079) (16.1282 s)
>> 2227 (42832: 9530 9537 9530) (16.111 s)
>> 2224 (11215: 10512 10523 10512) (16.1244 s)
>> 2209 (5937: 9415 9423 9415) (16.1214 s)
>> 2173 (7218: 10561 10565 10561) (16.1387 s)
>> 2153 (34605: 9124 9130 9124) (16.1192 s)
>> 2153 (19169: 10057 10076 10057) (16.1453 s)
>> 2146 (50726: 9570 9623 9570) (16.1349 s)
>> 2140 (34811: 8925 8926 8925) (16.1504 s)
>> 0 (-1: -1 -1 -1) (11.028 s)
Zelikovsky 8261.07 s
>> 29925 (7539: 10349 10334 10314) (1945.63 s)
>> 20964 (6929: 10759 10790 10784) (1939.57 s)
>> 18078 (26082: 9100 9123 9094) (1938.59 s)
>> 13566 (44333: 10751 10775 10696) (1931.62 s)
>> 12108 (2085: 9062 9054 9050) (1925.11 s)
>> 12092 (4112: 9864 10027 9928) (1961.37 s)
>> 11663 (23106: 8996 9010 9006) (1957.6 s)
>> 11585 (9038: 9030 9037 9034) (1911.08 s)
>> 11216 (27351: 9235 9364 9278) (1905.89 s)
>> 10815 (50645: 9090 9109 9092) (1985.49 s)
>> 10739 (32308: 8958 8954 8945) (2196.84 s)
>> 10642 (28939: 9259 9604 9329) (2222.92 s)
>> 10185 (54458: 12602 9184 9180) (2242.92 s)
>> 8999 (2794: 9145 9133 9106) (2186.23 s)
>> 8776 (4284: 10981 11018 10971) (2008.14 s)
>> 8392 (49465: 8974 8970 8969) (1892.97 s)
>> 7975 (8623: 9688 9760 9730) (1896.76 s)
>> 7866 (6356: 9125 9126 9122) (1891.92 s)
>> 7742 (45934: 9234 9229 9226) (2169.08 s)
>> 7705 (55921: 18613 10403 10186) (2527.78 s)
>> 7689 (7364: 10443 10445 10418) (2489.32 s)
>> 7537 (47504: 8942 8939 8931) (2464.93 s)
>> 7367 (17975: 10468 10433 10339) (2444.12 s)
>> 6803 (20613: 9734 10032 9732) (2449.02 s)
>> 6755 (14725: 9571 9671 9651) (2465.72 s)
>> 6658 (9655: 9609 9654 9626) (2476.57 s)
>> 6620 (32162: 9028 9053 9043) (2723.91 s)
>> 6550 (48474: 10771 10799 10787) (2768.12 s)
>> 6456 (35981: 9080 9082 9074) (2758.36 s)
>> 6344 (6299: 9166 9167 9164) (2610.49 s)
>> 6317 (9112: 9108 9114 9111) (2443.4 s)
>> 6109 (35028: 9441 9515 9446) (2448.91 s)
>> 6107 (52783: 9070 9067 9062) (2529.86 s)
>> 6104 (35011: 9179 22347 9173) (2714.98 s)
>> 6016 (28196: 9066 9072 9064) (2682.95 s)
>> 5828 (54744: 12602 9215 9203) (2443.43 s)
>> 5677 (40486: 10834 10853 10846) (2626.69 s)
>> 5637 (6506: 8984 8983 8976) (2658.16 s)
>> 5535 (6267: 9205 9211 9208) (2126.53 s)
>> 5504 (42392: 9577 9547 9498) (2164.14 s)
>> 5456 (12713: 10710 10744 10713) (2134.87 s)
>> 5268 (25150: 10743 10737 10732) (2125.67 s)
>> 5128 (7063: 10675 10684 10683) (2121.78 s)
>> 5042 (8179: 9993 9936 9930) (2111.85 s)
>> 4989 (9303: 9313 9310 9301) (2098.52 s)
>> 4972 (8140: 9944 9948 9864) (2095.85 s)
>> 4963 (6608: 10988 11000 10994) (2108.99 s)
>> 4907 (7738: 10202 10234 10217) (2113.85 s)
>> 4768 (24529: 10439 10443 10434) (2097.08 s)
>> 4767 (7622: 10319 10273 10196) (2090.32 s)
>> 4654 (6447: 9017 9013 9012) (2324.75 s)
>> 4628 (29745: 9065 22870 9061) (2535.4 s)
>> 4622 (52836: 10645 10674 10641) (2438.17 s)
>> 4611 (8406: 9828 9824 9820) (2598.74 s)
>> 4602 (6835: 10849 10836 10825) (2537.72 s)
>> 4570 (8856: 9609 9595 9566) (2053.46 s)
>> 4568 (17239: 10688 10680 10679) (2004.1 s)
>> 4536 (12378: 9080 9078 9077) (2102.25 s)
>> 4444 (23094: 9011 9009 8994) (2054.02 s)
>> 4438 (21028: 9577 9614 9605) (1867.2 s)
>> 4330 (6233: 9228 9225 9220) (1841.54 s)
>> 4313 (3024: 10404 10410 10392) (2033.69 s)
>> 4313 (7341: 10467 10459 10427) (2143.22 s)
>> 4298 (19010: 10113 10139 10123) (2063.89 s)
>> 4282 (43847: 10999 10993 10982) (2038.55 s)
>> 4280 (40923: 9030 9047 9044) (2011.77 s)
>> 4271 (6183: 9285 9269 9256) (2016.63 s)
>> 4171 (4905: 10753 10782 10710) (1998.2 s)
>> 4142 (25990: 10545 10568 10558) (2053.88 s)
>> 4133 (5930: 9441 9426 9145) (1932.12 s)
>> 4115 (46180: 10968 10985 10960) (1972.86 s)
>> 4112 (6643: 10991 10989 10986) (2055.75 s)
>> 4089 (7019: 10695 10698 10697) (2054.51 s)
>> 4084 (43567: 11020 11019 11010) (1897.67 s)
>> 4069 (32728: 8205 9963 9899) (1998.59 s)
>> 4056 (13806: 9234 9248 9242) (2092.02 s)
>> 4056 (54322: 9815 9817 9812) (1937.85 s)
>> 4008 (8771: 9704 9674 9580) (2017.84 s)
>> 3981 (22618: 9118 9124 9090) (1932.68 s)
>> 3979 (9664: 20959 9700 9663) (1879.21 s)
>> 3969 (44685: 10875 10877 10867) (1869.26 s)
>> 3906 (18132: 10404 10391 10371) (1983.47 s)
>> 3885 (18832: 10185 10188 10180) (1958.08 s)
>> 3867 (50285: 9923 9983 9975) (1869.26 s)
>> 3852 (8167: 9971 9939 9903) (1995.35 s)
>> 3840 (8004: 9997 10039 10029) (2017.76 s)
>> 3824 (18058: 18613 10439 10412) (1856.96 s)
>> 3799 (2017: 9892 9878 9875) (1790.99 s)
>> 3786 (4671: 9681 9720 9676) (1779.5 s)
>> 3786 (16863: 16891 10764 10761) (1857.85 s)
>> 3765 (20838: 9617 9672 9579) (2067.93 s)
>> 3701 (35170: 10770 10781 10762) (1922.6 s)
>> 3683 (20689: 9710 9723 9721) (1917.45 s)
>> 3665 (8523: 9791 9769 9752) (2010.03 s)
>> 4416 (20296: 9767 9791 9775) (2004.2 s)
>> 3639 (21373: 9437 9477 9456) (1995.46 s)
>> 3632 (44104: 10566 10581 10567) (1986.5 s)
>> 3617 (6721: 10945 10939 10938) (1960.31 s)
>> 3617 (9188: 9193 9189 9186) (1966.15 s)
>> 3551 (10724: 10718 10723 10719) (2004.4 s)
>> 3526 (8334: 9863 9852 9835) (1931.81 s)
>> 3514 (10931: 10932 10929 10926) (1938.23 s)
>> 3501 (21278: 9524 9495 9444) (1935.13 s)
>> 3492 (19898: 9848 9845 9839) (1925.83 s)
>> 3444 (21236: 9543 9522 9509) (1921.27 s)
>> 3441 (51672: 10889 10880 10885) (1918.88 s)
>> 3409 (3767: 10803 10806 10804) (1916.11 s)
>> 3404 (48012: 10863 10858 10850) (1947.86 s)
>> 3403 (10578: 10575 10589 10577) (1977.39 s)
>> 3395 (27172: 21173 9557 9551) (1792.77 s)
>> 3389 (11406: 10479 10507 10501) (1658.82 s)
>> 3387 (22546: 9139 9135 9134) (1672.13 s)
>> 3378 (14217: 9257 9245 9232) (1839 s)
>> 3354 (54554: 10227 10112 9734) (1889.07 s)
>> 3331 (12254: 10772 10779 10774) (1890.4 s)
>> 3320 (13968: 10468 10478 10441) (1887.17 s)
>> 3266 (24056: 9757 9777 9771) (1899.38 s)
>> 3228 (10051: 10033 10069 10049) (1897.82 s)
>> 3204 (56123: 28191 10422 10399) (1890.94 s)
>> 3196 (6067: 9381 9357 9321) (1890.63 s)
>> 3183 (1212: 10269 10292 10274) (1939 s)
>> 3168 (33522: 10100 10156 10149) (1919.25 s)
>> 3162 (3027: 10456 10488 10464) (1900.99 s)
>> 3162 (3631: 9473 9474 9449) (1901.95 s)
>> 3156 (7571: 10333 57551 10237) (1877.58 s)
>> 3146 (20946: 9649 9628 9577) (1902.14 s)
>> 3111 (11343: 9922 9997 9938) (1643.67 s)
>> 3095 (17869: 10449 10466 10463) (1630.44 s)
>> 3089 (6724: 10903 10958 10924) (1620.25 s)
>> 3080 (47200: 10875 10868 10862) (1617.17 s)
>> 3057 (6841: 10849 10835 10821) (1613.96 s)
>> 3052 (5792: 9491 9485 9483) (1671.07 s)
>> 3047 (42881: 9250 9272 9260) (1881.51 s)
>> 3032 (11591: 9330 9317 9315) (1865.61 s)
>> 3015 (8508: 9768 9786 9781) (1861.23 s)
>> 3012 (7370: 10467 10451 10444) (1854.78 s)
>> 2987 (15847: 8958 8962 8959) (1866.07 s)
>> 3126 (14423: 8953 8958 8950) (1886.05 s)
>> 2952 (11610: 9400 9391 9382) (1841.75 s)
>> 2951 (7630: 10286 10271 10254) (1877.44 s)
>> 2943 (10824: 10831 10822 10819) (1839.98 s)
>> 2935 (21561: 9375 9403 9396) (1836.74 s)
>> 2921 (48037: 18613 10693 10344) (1822.32 s)
>> 2911 (21940: 9307 9304 9283) (1823.21 s)
>> 2892 (35724: 24913 10302 10288) (1817.01 s)
>> 2891 (5897: 9453 9435 9421) (1819.42 s)
>> 2873 (1217: 8932 8942 8930) (1835.16 s)
>> 2870 (8010: 10026 10028 10021) (1837.43 s)
>> 2850 (7812: 10153 10129 10075) (1815.93 s)
>> 2844 (56818: 10074 10079 10071) (1805.4 s)
>> 2829 (6769: 10898 10891 10864) (1821.33 s)
>> 2817 (14822: 10316 18613 10306) (2294.93 s)
>> 2811 (10281: 10293 10279 10272) (2625.95 s)
>> 2798 (46803: 9678 9693 9636) (2627.3 s)
>> 2797 (7715: 31512 10250 10231) (2618.37 s)
>> 2797 (7804: 10147 10168 10155) (2545.6 s)
>> 2774 (52823: 10037 10038 9944) (2344.46 s)
>> 2767 (41044: 10326 10351 10303) (2342.3 s)
>> 2757 (16156: 10970 44202 10999) (2343.53 s)
>> 2752 (28609: 10753 13090 10795) (2346.9 s)
>> 2748 (15774: 9166 9165 9163) (2333.08 s)
>> 2747 (22189: 9240 9241 9214) (2334.69 s)
>> 2743 (3209: 9267 6175 9263) (2340.25 s)
>> 2740 (7011: 10695 10717 10708) (2341.16 s)
>> 2740 (19122: 10072 10103 10088) (2359.38 s)
>> 2729 (23029: 9023 9029 9024) (2378.17 s)
>> 2725 (7414: 10394 28191 10407) (2358.12 s)
>> 2724 (9639: 9635 9641 9637) (2336.15 s)
>> 2718 (23163: 8982 8986 8984) (2326.37 s)
>> 2691 (9033: 9023 9031 9030) (2318.14 s)
>> 2630 (39665: 10404 10414 10389) (2306.56 s)
>> 2602 (907: 10286 10255 10241) (2303.54 s)
>> 2588 (6041: 9383 21702 9369) (2397.88 s)
>> 2569 (5635: 30320 10383 10367) (2443.7 s)
>> 2566 (51426: 10963 10981 10969) (2189.42 s)
>> 2556 (7653: 10276 10259 10202) (2189.24 s)
>> 2550 (22769: 9084 9085 9080) (2180.14 s)
>> 2533 (5534: 9429 9481 9418) (2174.47 s)
>> 2522 (3655: 10420 10446 10426) (2171.01 s)
>> 2517 (6849: 10834 10828 10826) (2171.34 s)
>> 2517 (20434: 9776 9783 9782) (2165.41 s)
>> 2513 (1500: 9986 9998 9953) (2164.75 s)
>> 2509 (595: 10165 10175 10162) (2160.8 s)
>> 2505 (1836: 9552 9570 9541) (2156.67 s)
>> 2499 (19569: 9991 9955 9937) (2150.21 s)
>> 2463 (56817: 9705 9684 9659) (2145.89 s)
>> 2462 (7425: 18157 10402 10397) (2144.63 s)
>> 2461 (29333: 9804 9767 20242) (2141.49 s)
>> 2452 (16926: 10754 10759 10756) (2139.2 s)
>> 2411 (7490: 10350 10385 10365) (2135.26 s)
>> 2364 (44037: 10901 10907 10915) (2129.45 s)
>> 2332 (18489: 10267 10277 10251) (2104.82 s)
>> 2321 (1347: 9699 20959 9661) (2120.03 s)
>> 2315 (49738: 9140 9150 9139) (2114.81 s)
>> 2311 (20002: 9827 9834 9829) (2113.83 s)
>> 2296 (30863: 10152 10142 10136) (2146.35 s)
>> 2289 (24380: 10654 10657 10656) (2265.26 s)
>> 2276 (17727: 10528 10518 10479) (2261.72 s)
>> 2261 (18153: 10374 10394 10388) (2445.36 s)
>> 2255 (8223: 9914 9912 9894) (2498.77 s)
>> 2240 (14058: 10219 10235 10229) (2461.74 s)
>> 2232 (19089: 10084 10114 10086) (2227.8 s)
>> 2209 (5937: 9415 9431 9423) (2120.51 s)
>> 2207 (18063: 10400 10374 10349) (2111.98 s)
>> 2203 (21863: 9313 9305 9293) (2107.52 s)
>> 2195 (42832: 9538 9537 9530) (2106.58 s)
>> 2185 (53749: 10185 10148 10134) (2116.17 s)
>> 2173 (7218: 10561 10571 10565) (2140.39 s)
>> 2161 (48902: 9437 9571 9488) (1852.13 s)
>> 2155 (19863: 9860 9853 9850) (1750.63 s)
>> 2154 (22223: 9221 9217 9213) (1975.85 s)
>> 2153 (19169: 10095 10076 10057) (1880.07 s)
>> 2153 (34605: 9130 9131 9118) (1882.64 s)
>> 2146 (50726: 9633 9623 9552) (1888.26 s)
>> 2140 (34811: 8926 8932 8925) (2142.98 s)
>> 2125 (14247: 10743 10736 10718) (1995.81 s)
>> 2117 (43826: 9516 9499 9462) (2043.29 s)
>> 2084 (13204: 9314 9307 9306) (2078.67 s)
>> 2083 (45732: 10431 10425 10404) (2091.96 s)
>> 2080 (7913: 10068 10077 10065) (1936.28 s)
>> 2068 (12302: 9298 9309 9297) (2006.81 s)
>> 2062 (16633: 10811 10814 10812) (2198.03 s)
>> 2059 (22731: 9086 9130 9084) (2281.27 s)
>> 2057 (29651: 9897 9986 9906) (2067.13 s)
>> 2055 (21909: 9289 9314 9286) (2027.81 s)
>> 2054 (20448: 9761 9770 9766) (2005.47 s)
>> 2046 (41757: 9622 9675 9611) (1973.94 s)
>> 2038 (54883: 10889 10901 10884) (2017.91 s)
>> 2036 (8639: 9743 9725 9702) (2048.51 s)
>> 2019 (1214: 10253 10247 10219) (2038.57 s)
>> 2015 (50476: 9851 9865 9846) (2036.05 s)
>> 2011 (2066: 10554 10556 10546) (2038.62 s)
>> 1998 (14336: 9388 9376 9365) (1679.59 s)
>> 1979 (26309: 10704 10753 10705) (1589.33 s)
>> 1966 (8965: 8967 8964 8961) (1593.56 s)
>> 1953 (44002: 10956 10947 10950) (1574.43 s)
>> 1949 (21991: 9282 9289 9275) (1609.76 s)
>> 1939 (8292: 9882 9873 9867) (1579.92 s)
>> 1932 (8462: 9803 9809 9807) (1500.13 s)
>> 1928 (52253: 9107 9108 9103) (1480.75 s)
>> 1921 (6752: 10899 10905 10900) (1449.7 s)
>> 1921 (7819: 10147 10151 10138) (1432.41 s)
>> 1916 (17525: 10593 10585 10572) (1759.38 s)
>> 1914 (48565: 10514 10526 10521) (1592.14 s)
>> 1910 (10842: 10845 10840 10832) (1588.5 s)
>> 1907 (18264: 10356 10333 10329) (1570.43 s)
>> 1897 (44740: 9349 9360 9348) (1729.5 s)
>> 1886 (22476: 9149 9160 9159) (1987.23 s)
>> 1883 (10636: 10645 10634 10632) (1975.37 s)
>> 1871 (55594: 10617 10630 10610) (1949.36 s)
>> 1863 (8454: 9805 9810 9808) (1971.52 s)
>> 1834 (52009: 9347 9358 9338) (1959.22 s)
>> 1804 (56291: 10701 10695 10694) (1858.28 s)
>> 1802 (8474: 9802 9800 9798) (1946.37 s)
>> 1800 (4310: 9484 9482 9457) (1987.81 s)
>> 1767 (17756: 10510 10519 10513) (1991.97 s)
>> 1766 (8031: 9897 10016 9996) (1927.06 s)
>> 1760 (54762: 9529 9533 9469) (1955.98 s)
>> 1742 (19649: 9945 9924 9915) (2066.53 s)
>> 1731 (3111: 10332 10355 10165) (1941.3 s)
>> 1731 (22009: 9250 9274 9270) (1982.45 s)
>> 1730 (38882: 10743 10754 10749) (1869.8 s)
>> 1717 (48494: 10735 10750 10743) (1766.45 s)
>> 2121 (6965: 16891 10760 10735) (1766.03 s)
>> 1714 (44317: 10368 10431 10364) (1829.33 s)
>> 1710 (5131: 9762 9776 9758) (2016.78 s)
>> 1709 (21974: 9267 9281 9277) (1785.93 s)
>> 1695 (825: 9581 9622 9589) (1727.04 s)
>> 1694 (3088: 10890 10903 10899) (1834.29 s)
>> 1690 (25399: 8991 8996 8982) (1920.55 s)
>> 1680 (9713: 9738 9712 9705) (1924.66 s)
>> 1669 (16140: 10979 10992 10968) (1913.23 s)
>> 1663 (8702: 9617 9688 9687) (1908.14 s)
>> 1658 (8318: 9870 9862 9856) (1905.75 s)
>> 1656 (26620: 10906 10916 10902) (1900.56 s)
>> 1913 (16405: 10897 10906 10893) (1898.72 s)
>> 1648 (11216: 10512 10528 10523) (1896.05 s)
>> 1645 (11530: 9749 20556 9761) (1891.88 s)
>> 1643 (20673: 9716 9694 9681) (1891.7 s)
>> 1637 (18000: 10432 10447 10400) (1889.8 s)
>> 1637 (22304: 9196 9205 9198) (1883.46 s)
>> 1630 (15177: 9985 9945 9935) (1882.48 s)
>> 1621 (12781: 10213 10286 10216) (1870.2 s)
>> 1618 (49431: 10312 10335 10276) (1881.89 s)
>> 1610 (17473: 10607 10605 10594) (1874.78 s)
>> 1604 (19473: 9987 9993 9942) (1868.45 s)
>> 1795 (8107: 10001 9987 9981) (1860.91 s)
>> 1603 (32517: 10548 10554 10538) (1859.72 s)
>> 1600 (12025: 49874 9362 9291) (1855.68 s)
>> 1597 (25180: 10963 10964 10962) (1856.8 s)
>> 1595 (7200: 10593 10596 10588) (1851.36 s)
>> 1593 (20397: 9768 9802 9797) (1849.89 s)
>> 1588 (8114: 9989 9974 9952) (1850.41 s)
>> 1586 (7954: 10048 10078 10059) (1857.37 s)
>> 1586 (19038: 10128 10115 10074) (1847.32 s)
>> 1576 (27221: 10227 10104 10066) (1863.61 s)
>> 1575 (5859: 9450 9452 9427) (1839.41 s)
>> 1574 (16605: 10834 10818 10813) (1835.74 s)
>> 1569 (30437: 9920 9929 9923) (1827.88 s)
>> 1567 (13376: 10631 10626 10598) (1824.66 s)
>> 1567 (21108: 9649 9573 9561) (1841.68 s)
>> 1560 (52264: 10170 10182 10158) (1919.37 s)
>> 1551 (20618: 9673 9603 9670) (1899.05 s)
>> 1534 (6672: 10963 10984 10983) (1825.51 s)
>> 1534 (48469: 9711 9726 9696) (1823.85 s)
>> 1532 (8285: 9883 9874 9870) (1829.11 s)
>> 1529 (6101: 9345 9351 9339) (1831.32 s)
>> 1527 (18209: 10381 10316 30320) (1811.86 s)
>> 1516 (18955: 10146 10154 10120) (1822.89 s)
>> 1512 (8839: 9590 9621 9606) (1815.03 s)
>> 1510 (29084: 10267 10291 10282) (1855.76 s)
>> 1508 (18731: 18746 10215 10200) (1998.3 s)
>> 1507 (8695: 9690 9743 9652) (2051.17 s)
>> 1505 (18858: 10164 10171 10153) (2263.54 s)
>> 1501 (4908: 17421 10637 10615) (2256.57 s)
>> 1494 (8754: 9649 9680 9666) (2257.87 s)
>> 1488 (33284: 9223 9257 9234) (2242.86 s)
>> 1481 (14240: 10007 9992 10009) (2247.9 s)
>> 1500 (3244: 10035 10042 10007) (2013.13 s)
>> 1474 (15218: 9400 9453 9422) (1885.49 s)
>> 1467 (25561: 9886 9891 9882) (2115.64 s)
>> 1467 (33794: 10687 10689 10686) (1802.67 s)
>> 1459 (29356: 9011 9001 8997) (1548.89 s)
>> 1456 (8143: 9934 9984 9947) (1747.6 s)
>> 1452 (19395: 10023 10002 9990) (1403.76 s)
>> 1435 (17791: 10500 10510 10467) (1398.23 s)
>> 1428 (7773: 10194 10185 10181) (1378.91 s)
>> 1425 (55695: 10871 41622 10879) (1462.08 s)
>> 1423 (49935: 9401 9390 9384) (1442.44 s)
>> 1415 (10543: 10541 10545 10529) (1381.93 s)
>> 1413 (16621: 10811 10834 10831) (1403.86 s)
>> 1412 (21178: 9539 9553 9514) (1412.81 s)
>> 1411 (19326: 40058 10046 9980) (1398.73 s)
>> 1409 (49363: 9594 9582 9572) (1427.8 s)
>> 1391 (5608: 10285 10289 10275) (1385.46 s)
>> 1387 (18344: 10323 24913 10324) (1372.89 s)
>> 1382 (31659: 10955 10979 10949) (1370.11 s)
>> 1381 (7898: 10095 10087 10072) (1367.66 s)
>> 1377 (17352: 17421 10617 10633) (1364.66 s)
>> 1375 (31340: 9877 9888 9881) (1363.05 s)
>> 1374 (17876: 10456 10487 10481) (1361.24 s)
>> 1355 (9480: 9468 9524 9478) (1357.49 s)
>> 1353 (39159: 10203 10199 10187) (1356.23 s)
>> 1339 (52944: 10953 10940 10933) (1355.9 s)
>> 1337 (8350: 9842 19885 9863) (1355.25 s)
>> 1333 (4192: 9415 9401 9389) (1353.66 s)
>> 1330 (8468: 9805 9801 9762) (1348.74 s)
>> 1312 (40516: 10566 10563 10541) (1347.5 s)
>> 1310 (7125: 10638 10640 10639) (1345.63 s)
>> 1306 (9325: 49874 21796 9323) (1343.64 s)
>> 1303 (7789: 10113 10319 10163) (1342.7 s)
>> 1300 (8545: 9764 10037 9759) (1340.36 s)
>> 1288 (7742: 10211 10222 10210) (1339.17 s)
>> 1277 (34508: 8974 8991 8973) (1337.12 s)
>> 1277 (38099: 9520 9528 9512) (1334.48 s)
>> 1269 (18072: 10409 18157 10417) (1333.13 s)
>> 1268 (52221: 10669 10701 10676) (1331.09 s)
>> 1266 (20606: 9736 9757 9739) (1328.32 s)
>> 1254 (18225: 10356 10432 10366) (1326.82 s)
>> 1247 (53333: 10566 10555 10549) (1325.58 s)
>> 1239 (6975: 10755 10771 10505) (1322.8 s)
>> 2940 (17799: 10485 10755 10497) (1325.57 s)
>> 1234 (18190: 10372 10384 10368) (1321.69 s)
>> 1226 (7603: 10283 10298 10213) (1521.41 s)
>> 1226 (31889: 21158 9555 9535) (1653.96 s)
>> 1215 (51380: 10167 10169 10172) (1669.67 s)
>> 1197 (5787: 9539 9493 9492) (1679.21 s)
>> 1195 (16261: 10946 10948 10945) (1679.56 s)
>> 1249 (46141: 10935 10932 10946) (1710.66 s)
>> 1182 (48568: 10514 10511 10506) (2041.83 s)
>> 1179 (17919: 10452 10472 10454) (1674.04 s)
>> 1176 (18514: 10264 10293 10256) (1479.73 s)
>> 1165 (49523: 9450 9529 9459) (1792.54 s)
>> 1152 (4036: 10341 10350 10313) (1772.99 s)
>> 1142 (16727: 10801 10803 10704) (1840.04 s)
>> 1140 (43764: 31512 10238 10211) (1511.55 s)
>> 1124 (17408: 10625 10649 10621) (1438.47 s)
>> 1119 (21075: 9576 9613 9607) (1462.94 s)
>> 1118 (5860: 5841 9451 9420) (1419.23 s)
>> 1118 (6387: 9086 9076 9071) (1469.32 s)
>> 1110 (8885: 9558 9581 9565) (1668.33 s)
>> 1110 (21323: 9466 9437 9400) (1511.9 s)
>> 1108 (13116: 10119 10097 10108) (2013.82 s)
>> 1105 (17596: 17615 10561 10548) (1384.18 s)
>> 1097 (6825: 10849 10839 10838) (1484.22 s)
>> 1093 (39543: 9265 9250 9247) (1730.29 s)
>> 1078 (21460: 9438 9473 9425) (1714.73 s)
>> 1074 (1779: 9678 9748 9728) (1961.86 s)
>> 1065 (7530: 10326 10372 10338) (1412.23 s)
>> 1061 (8365: 9837 9851 9828) (1744.13 s)
>> 1059 (7941: 10068 19115 10063) (1402.84 s)
>> 1051 (23751: 10095 10110 10092) (1359.58 s)
>> 1045 (17283: 10663 10678 10666) (1358.63 s)
>> 1044 (19782: 9876 9893 9842) (1431.8 s)
>> 1044 (21307: 9538 9458 9442) (1838.14 s)
>> 1034 (7174: 10601 10607 10603) (1455.74 s)
>> 1030 (19494: 9999 10023 9934) (1665.57 s)
>> 1017 (12308: 9388 9350 9349) (1969.51 s)
>> 1015 (7508: 10328 10348 10318) (1631.69 s)
>> 1011 (21636: 9371 9415 9370) (1713.47 s)
>> 1009 (20154: 9816 9818 9814) (1534.55 s)
>> 1008 (1503: 10003 10010 9989) (1775.87 s)
>> 1006 (19034: 10111 10126 10118) (1656.38 s)
>> 1006 (26109: 10373 10409 10360) (1739.13 s)
>> 1006 (50626: 10800 10796 10792) (1795.06 s)
>> 1004 (8126: 9965 10035 9991) (1574.68 s)
>> 1000 (40467: 10925 10919 10897) (1769.78 s)
>> 999 (3130: 20553 9737 9710) (1687.75 s)
>> 996 (19210: 10054 10073 10048) (1582.73 s)
>> 994 (19031: 10128 10227 10101) (1744.76 s)
>> 992 (21250: 9513 9517 9508) (1652.62 s)
>> 990 (18816: 10194 10179 10178) (1566.93 s)
>> 972 (33516: 9717 9729 9699) (1704.17 s)
>> 970 (17519: 10573 10575 10574) (1608.44 s)
>> 968 (15311: 10970 11001 10998) (1488.08 s)
>> 968 (57146: 9715 9722 9649) (1608.05 s)
>> 963 (16515: 10852 10861 10856) (1543.28 s)
>> 961 (17040: 32966 10702 10699) (1592.09 s)
>> 960 (4278: 9677 9738 9692) (1830.71 s)
>> 957 (574: 10849 10898 10857) (1558.82 s)
>> 954 (11385: 10922 10918 10890) (1551.49 s)
>> 950 (20495: 9756 9763 9742) (1633.09 s)
>> 949 (27615: 10253 10245 10240) (1750.32 s)
>> 949 (53157: 9021 9022 9018) (1705.37 s)
>> 937 (8160: 9911 10001 9941) (1611.61 s)
>> 934 (17533: 10584 17421 10573) (1641.15 s)
>> 1101 (7171: 10584 10604 10599) (1444.94 s)
>> 934 (23135: 8992 8990 8988) (1508.89 s)
>> 927 (20763: 9686 9718 9677) (1780.46 s)
>> 923 (24214: 10961 10963 10956) (1621.19 s)
>> 914 (21927: 9287 9299 9267) (1658.28 s)
>> 911 (7235: 10500 10516 10530) (1469.45 s)
>> 911 (34031: 9542 9554 9543) (1569.4 s)
>> 908 (17899: 10455 10512 10460) (1559.28 s)
>> 898 (56165: 10337 10317 10301) (1664.16 s)
>> 897 (16336: 10917 10927 10889) (1447.17 s)
>> 889 (7095: 10653 10658 10584) (1635.13 s)
>> 881 (25552: 9525 9538 9534) (1546.8 s)
>> 878 (32996: 10014 10031 9965) (1666.25 s)
>> 877 (20654: 9724 9735 9731) (1596.23 s)
>> 876 (30352: 9788 9790 9768) (1390.27 s)
>> 875 (8046: 10008 10015 9764) (1670.43 s)
>> 874 (2954: 9252 9246 9239) (1675.44 s)
>> 869 (16451: 10917 10878 10875) (1674.95 s)
>> 844 (15949: 11020 11022 11021) (1453.23 s)
>> 843 (33437: 9634 20844 9644) (1438.53 s)
>> 842 (20564: 9740 9746 9711) (1695.94 s)
>> 841 (40116: 9558 9706 9698) (1455.24 s)
>> 834 (39107: 9896 9913 9886) (1579.25 s)
>> 822 (18862: 10167 10166 10170) (1553.01 s)
>> 820 (17931: 43917 10457 10456) (1617.71 s)
>> 815 (7519: 10346 10345 10315) (1545.36 s)
>> 808 (19173: 10052 10164 10013) (1503.76 s)
>> 795 (17356: 10648 10654 10646) (1576.32 s)
>> 791 (1282: 9259 9240 9264) (1620.11 s)
>> 791 (7936: 10068 32375 10064) (1442.82 s)
>> 789 (6271: 9202 9206 9179) (1530.2 s)
>> 769 (7525: 10312 10381 10340) (1823.7 s)
>> 769 (37552: 9556 21167 9550) (1597.32 s)
>> 765 (47729: 9388 9466 9393) (1503.39 s)
>> 764 (3771: 9648 9610 9590) (1396.35 s)
>> 753 (6905: 10805 10811 10802) (1446.33 s)
>> 749 (11720: 9951 40058 9950) (1579.78 s)
>> 748 (19574: 9969 9979 9971) (1717.85 s)
>> 744 (35883: 10700 10703 10690) (1510.99 s)
>> 743 (51244: 9021 9019 9014) (1372.42 s)
>> 733 (56472: 9785 9805 9788) (1579.28 s)
>> 732 (3620: 10461 10486 10468) (1449.26 s)
>> 730 (31869: 10230 31870 10236) (1373.71 s)
>> 727 (16057: 11002 11009 10970) (1358.42 s)
>> 724 (54191: 10455 10469 10356) (1524.96 s)
>> 723 (3578: 9201 9204 9197) (1567.69 s)
>> 723 (19518: 19526 9999 9958) (1540.98 s)
>> 717 (21676: 9367 21681 9388) (1354.74 s)
>> 713 (20864: 9686 9657 9653) (1452.12 s)
>> 710 (16037: 11014 11020 11011) (1668.53 s)
>> 706 (31817: 10625 17472 10601) (1072.05 s)
>> 1076 (17444: 10600 10625 10608) (1307.1 s)
>> 703 (7981: 10044 10036 10030) (1368.23 s)
>> 703 (17140: 10687 32966 10692) (1465.65 s)
>> 700 (32002: 10116 10122 10084) (1609.43 s)
>> 770 (19102: 10083 10116 10068) (1416.66 s)
>> 699 (8824: 9635 9612 9599) (1551.56 s)
>> 688 (53319: 9320 9327 9313) (1497.97 s)
>> 1196 (38517: 9344 9342 9320) (1282.35 s)
>> 659 (20706: 9719 9740 9701) (1440.89 s)
>> 652 (19098: 10096 10058 10085) (1225.4 s)
>> 646 (19237: 10047 19270 10052) (1453.32 s)
>> 646 (21855: 9282 9330 9308) (1573.59 s)
>> 641 (6082: 9346 9383 9381) (1391.31 s)
>> 636 (14093: 10709 10722 10669) (1315.53 s)
>> 633 (46160: 9340 9336 9328) (1607.47 s)
>> 629 (32277: 10177 10312 10191) (1447.63 s)
>> 627 (42871: 9273 9287 9265) (1102.72 s)
>> 618 (15355: 10805 10845 10827) (1276.25 s)
>> 617 (47728: 10876 10892 10873) (1214.44 s)
>> 613 (44161: 9207 9212 9201) (1155.17 s)
>> 593 (8409: 9823 9819 9751) (1267.98 s)
>> 581 (17414: 10616 10628 10600) (1770.67 s)
>> 581 (33430: 9969 9972 9922) (1543.03 s)
>> 577 (1647: 9345 21742 9352) (1188.03 s)
>> 577 (17694: 10534 10539 10514) (1810.6 s)
>> 567 (8236: 9902 9916 9896) (1579.65 s)
>> 558 (8659: 9708 9724 9686) (1497.76 s)
>> 556 (46775: 9347 9326 9282) (1277.65 s)
>> 549 (3317: 10003 9994 9911) (1579.66 s)
>> 544 (15499: 10239 10244 10232) (1596.48 s)
>> 538 (22503: 9149 9142 9141) (1760.27 s)
>> 533 (6046: 9368 9380 9366) (1782.02 s)
>> 524 (20355: 9806 8451 9804) (1765.93 s)
>> 522 (19180: 10061 10095 10043) (1689.83 s)
>> 519 (24856: 10595 10611 10597) (1508.38 s)
>> 517 (43592: 9202 9222 9216) (1303.27 s)
>> 514 (17803: 10493 43917 10504) (1464.11 s)
>> 513 (7393: 10421 10341 10326) (1528.04 s)
>> 513 (48356: 11014 11016 11015) (1439.41 s)
>> 506 (21161: 9540 9564 9516) (1457.42 s)
>> 503 (6294: 9171 9193 9166) (1450.71 s)
>> 496 (6477: 8993 9011 8974) (1692.3 s)
>> 494 (21542: 9416 9402 9371) (1549.21 s)
>> 493 (22456: 9171 6313 9140) (1299.74 s)
>> 489 (49419: 10096 10041 10014) (1200.78 s)
>> 474 (15589: 9843 9847 9838) (1331.15 s)
>> 460 (19745: 19754 10203 9889) (1397.13 s)
>> 457 (21073: 9583 9576 9542) (1630.35 s)
>> 450 (21898: 9290 9300 9292) (1320.82 s)
>> 449 (716: 10421 10323 10310) (1292.49 s)
>> 443 (26132: 9020 9021 9017) (1402.39 s)
>> 442 (18112: 10390 10395 10373) (1348.42 s)
>> 437 (57106: 10648 10665 10662) (1531.13 s)
>> 435 (35156: 19050 10102 10083) (1316.31 s)
>> 425 (21501: 9441 49874 9438) (1367.28 s)
>> 416 (21439: 9439 5841 9428) (1404.77 s)
>> 392 (19299: 19526 10025 10022) (1649.22 s)
>> 389 (19260: 10040 10056 10008) (1651 s)
>> 383 (28639: 10928 10953 10917) (1641.12 s)
>> 374 (21282: 9497 9523 9491) (1661.67 s)
>> 371 (15153: 9715 9540 9429) (1540.53 s)
>> 369 (6542: 8953 8952 8949) (1833.43 s)
>> 368 (3805: 8205 10047 9988) (1752.93 s)
>> 362 (5906: 9433 9715 9430) (1481.38 s)
>> 362 (7241: 10535 10534 10527) (1461.53 s)
>> 360 (19551: 9962 19526 9943) (1664.82 s)
>> 358 (17670: 10537 10569 10455) (1742.88 s)
>> 352 (20936: 9630 9650 9585) (1617.7 s)
>> 352 (57141: 9171 9155 9151) (1615.22 s)
>> 344 (41021: 9526 9539 9507) (1531.08 s)
>> 337 (2235: 9065 9060 9028) (1856.06 s)
>> 334 (15695: 21357 9454 9439) (1581.75 s)
>> 330 (8308: 9871 9880 9866) (1713.66 s)
>> 322 (37885: 10177 10290 10268) (1442.26 s)
>> 319 (9412: 9414 9424 9411) (1617.13 s)
>> 317 (19219: 10053 19153 9969) (1562.61 s)
>> 296 (5890: 9436 9417 9367) (1783.35 s)
>> 296 (43365: 9857 9858 9843) (1464.6 s)
>> 295 (20457: 9787 9780 9749) (1702.79 s)
>> 292 (23895: 9703 9716 9433) (1453.67 s)
>> 291 (7075: 10709 10673 10661) (1521.11 s)
>> 291 (55996: 10631 10663 10618) (1430.27 s)
>> 283 (9960: 9959 10128 9837) (1533.26 s)
>> 277 (29332: 10026 10044 10003) (1541.61 s)
>> 272 (19919: 9841 9840 9959) (1580.22 s)
>> 265 (20598: 8631 9736 9727) (1522.09 s)
>> 245 (21683: 9359 9373 9368) (1448.91 s)
>> 242 (7891: 10099 10127 10061) (1669.74 s)
>> 234 (7674: 31512 10258 10257) (1506.89 s)
>> 217 (20904: 9640 9634 9630) (1628.21 s)
>> 213 (19768: 9884 9892 9877) (1603.55 s)
>> 205 (17936: 10458 10452 10449) (1699.32 s)
>> 201 (7405: 10405 10413 10401) (1793.97 s)
>> 180 (17263: 7081 10668 10664) (1382.51 s)
>> 154 (8425: 9815 9816 9813) (1489.65 s)
>> 149 (5960: 9410 9703 9407) (1543.91 s)
>> 148 (53842: 9633 9617 9601) (1486.54 s)
>> 145 (23147: 8987 8992 8985) (1391.15 s)
>> 111 (34488: 9101 9100 9093) (1505.81 s)
>> 107 (45957: 10638 17353 10648) (1712.24 s)
>> 106 (5781: 9441 9560 9494) (1502.51 s)
>> 103 (18231: 10421 10378 10361) (1485.07 s)
>> 99 (7534: 10336 18331 10390) (1679.17 s)
>> 92 (6712: 10944 16269 10961) (1501.74 s)
>> 78 (7262: 10508 10537 10520) (1642.16 s)
>> 73 (32953: 9970 10096 9931) (1755.4 s)
>> 72 (25345: 10283 10233 10228) (1654.43 s)
>> 67 (8144: 10040 9946 9920) (1503 s)
>> 44 (7046: 10685 10688 10687) (1496.58 s)
>> 27 (21405: 9440 9468 9416) (1384.77 s)
>> 16 (11638: 8993 8995 8980) (1359.29 s)
>> 14 (1396: 21173 9544 9558) (1642.11 s)
>> 0 (-1: -1 -1 -1) (1407.72 s)
Zelikovsky- 1.06132e+06 s
>>> get_solution
  refine_solution: new weight 384316853 (was 384356075) in 0.047759 s
  refine_solution: new weight 384315459 (was 384316853) in 0.048103 s
  refine_solution: new weight 384315459 (was 384315459) in 0.048299 s
>>> get_solution
  refine_solution: new weight 384663343 (was 384977247) in 0.049635 s
  refine_solution: new weight 384636660 (was 384663343) in 0.05074 s
  refine_solution: new weight 384635244 (was 384636660) in 0.048216 s
  refine_solution: new weight 384635244 (was 384635244) in 0.048084 s
0,,57552,87638,1747,,0,0,,384977247,384635244,384536258,384356075,384315459,,0,0,@@

  delete_edges: deleted 120 edges in 0.047703 s and 2 rounds
  handle_small_Steiner_degrees: steiner 1, suppress 216 in 0.000434 s
Starting round 1
contract_till_the_bitter_end interrupted
contract_till_the_bitter_end: 1.06958e+06 s

Calling end_heu
>>> get_solution
Saved weight 255600832
end_heu: 0 loops with 0 unique solutions in 0.007551 s

Calling print_solution
>>> get_solution
  refine_solution: new weight 384672189 (was 384977247) in 0.067531 s
Oops orig weight was 384977247 but we got 384672189
## FINAL WEIGHT 384672189
print_solution: 0.13704 s
