Version: final-94-gfffc3aa rub_all.sh: remove longest prefix
Random seed: 1556525600
Start
>>> save_orig_graph
>> Saved weight 0
Graph loaded
|V| = 48834, |E| = 79987, |R| = 2493
First clearance of the input. Calling buy_zero and run_all_heuristics.
  buy_zero: 16 zero edges in 0.000282 s
  handle_small_terminal_degrees: terms 0 in 4e-05 s
  handle_small_Steiner_degrees: steiner 18, suppress 5 in 7.7e-05 s
  shortest_edge_between_terminals: 0 edges in 5.6e-05 s
  handle_small_terminal_degrees: terms 1 in 3.8e-05 s
  handle_small_Steiner_degrees: steiner 0, suppress 11 in 7.8e-05 s
  shortest_edge_between_terminals: 0 edges in 3.7e-05 s
  handle_small_terminal_degrees: terms 0 in 3.7e-05 s
  handle_small_Steiner_degrees: steiner 0, suppress 1 in 7.1e-05 s
  shortest_edge_between_terminals: 0 edges in 3.6e-05 s
  handle_small_terminal_degrees: terms 0 in 3.6e-05 s
  handle_small_Steiner_degrees: steiner 0, suppress 0 in 6.9e-05 s
  shortest_edge_between_terminals: 0 edges in 3.6e-05 s
Compressed graph 48834 -> 48781
  delete_edges: deleted 5416 edges in 0.015668 s and 3 rounds
  handle_small_terminal_degrees: terms 23 in 5.4e-05 s
  handle_small_Steiner_degrees: steiner 50, suppress 3341 in 0.001153 s
  shortest_edge_between_terminals: 0 edges in 6.1e-05 s
  handle_small_terminal_degrees: terms 0 in 3.7e-05 s
  handle_small_Steiner_degrees: steiner 0, suppress 45 in 8.8e-05 s
  shortest_edge_between_terminals: 0 edges in 4.3e-05 s
  handle_small_terminal_degrees: terms 1 in 3.8e-05 s
  handle_small_Steiner_degrees: steiner 0, suppress 2 in 7.2e-05 s
  shortest_edge_between_terminals: 0 edges in 4.2e-05 s
  handle_small_terminal_degrees: terms 0 in 3.6e-05 s
  handle_small_Steiner_degrees: steiner 0, suppress 0 in 7e-05 s
  shortest_edge_between_terminals: 0 edges in 4.1e-05 s
Compressed graph 48781 -> 45319
  delete_edges_shortest_path: deleted 7313 edges in 15.2382 s
  handle_small_terminal_degrees: terms 1380 in 0.000687 s
  handle_small_Steiner_degrees: steiner 913, suppress 6663 in 0.002114 s
  shortest_edge_between_terminals: 4 edges in 7.8e-05 s
  handle_small_terminal_degrees: terms 284 in 0.000172 s
  handle_small_Steiner_degrees: steiner 4, suppress 157 in 0.000122 s
  shortest_edge_between_terminals: 5 edges in 4.9e-05 s
  handle_small_terminal_degrees: terms 6 in 3.7e-05 s
  handle_small_Steiner_degrees: steiner 1, suppress 9 in 7.3e-05 s
  shortest_edge_between_terminals: 2 edges in 4.3e-05 s
  handle_small_terminal_degrees: terms 0 in 3.3e-05 s
  handle_small_Steiner_degrees: steiner 0, suppress 2 in 6.8e-05 s
  shortest_edge_between_terminals: 0 edges in 4.1e-05 s
  handle_small_terminal_degrees: terms 0 in 3.4e-05 s
  handle_small_Steiner_degrees: steiner 0, suppress 2 in 6.7e-05 s
  shortest_edge_between_terminals: 0 edges in 4.1e-05 s
  handle_small_terminal_degrees: terms 0 in 3.4e-05 s
  handle_small_Steiner_degrees: steiner 1, suppress 1 in 6.5e-05 s
  shortest_edge_between_terminals: 0 edges in 4.2e-05 s
  handle_small_terminal_degrees: terms 0 in 3.4e-05 s
  handle_small_Steiner_degrees: steiner 0, suppress 1 in 7.8e-05 s
  shortest_edge_between_terminals: 0 edges in 4.2e-05 s
  handle_small_terminal_degrees: terms 0 in 3.3e-05 s
  handle_small_Steiner_degrees: steiner 0, suppress 0 in 6.4e-05 s
  shortest_edge_between_terminals: 0 edges in 4.1e-05 s
Compressed graph 45319 -> 35887
  handle_small_terminal_degrees: terms 0 in 2.7e-05 s
  handle_small_Steiner_degrees: steiner 0, suppress 39 in 7.5e-05 s
  shortest_edge_between_terminals: 30 edges in 0.000145 s
  handle_small_terminal_degrees: terms 0 in 2.6e-05 s
  handle_small_Steiner_degrees: steiner 0, suppress 7 in 5.3e-05 s
  shortest_edge_between_terminals: 1 edges in 5e-05 s
  handle_small_terminal_degrees: terms 0 in 2.6e-05 s
  handle_small_Steiner_degrees: steiner 0, suppress 0 in 5e-05 s
  shortest_edge_between_terminals: 0 edges in 4.6e-05 s
Compressed graph 35887 -> 35473
  delete_edges_shortest_path: deleted 1773 edges in 3.59744 s
  handle_small_terminal_degrees: terms 108 in 9.7e-05 s
  handle_small_Steiner_degrees: steiner 44, suppress 2715 in 0.000881 s
  shortest_edge_between_terminals: 4 edges in 8e-05 s
  handle_small_terminal_degrees: terms 4 in 2.8e-05 s
  handle_small_Steiner_degrees: steiner 0, suppress 39 in 5.9e-05 s
  shortest_edge_between_terminals: 0 edges in 4.6e-05 s
  handle_small_terminal_degrees: terms 1 in 2.7e-05 s
  handle_small_Steiner_degrees: steiner 1, suppress 6 in 4.8e-05 s
  shortest_edge_between_terminals: 1 edges in 4.6e-05 s
  handle_small_terminal_degrees: terms 0 in 2.6e-05 s
  handle_small_Steiner_degrees: steiner 1, suppress 1 in 4.6e-05 s
  shortest_edge_between_terminals: 0 edges in 4.4e-05 s
  handle_small_terminal_degrees: terms 0 in 3.9e-05 s
  handle_small_Steiner_degrees: steiner 0, suppress 0 in 4.6e-05 s
  shortest_edge_between_terminals: 0 edges in 4.3e-05 s
Compressed graph 35473 -> 32549
Compressed graph 32549 -> 32549
>>> save_orig_graph
>> Saved weight 381996419
### ZEL_LVL=9 PRECISE_STARS=0

Calling `contract_till_the_bitter_end`
|V| = 32549, |E| = 48800, |R| = 2450
>> 36577 (11754: 10277 10285 10277) (60.5661 s)
>> 33893 (9170: 9169 9171 9169) (55.6573 s)
>> 27711 (14412: 9907 9910 9907) (55.8291 s)
>> 27393 (23681: 7427 7457 7427) (55.4666 s)
>> 23504 (19366: 7549 7586 7549) (55.5118 s)
>> 23121 (14136: 9473 10024 9473) (55.529 s)
>> 22748 (25267: 9963 10067 9963) (55.4589 s)
>> 22444 (16695: 8723 8760 8723) (55.3533 s)
>> 17903 (26229: 7759 25097 7759) (55.3612 s)
>> 16962 (21876: 7742 7788 7742) (55.3376 s)
>> 15379 (4056: 9127 9256 9127) (55.2536 s)
>> 14565 (31194: 10032 10220 10032) (55.4157 s)
>> 14318 (10216: 10092 10215 10092) (55.1795 s)
>> 13758 (10267: 10266 10279 10266) (54.9619 s)
>> 13464 (14105: 10039 10175 10039) (55.0556 s)
>> 13024 (571: 7423 7428 7423) (55.1535 s)
>> 12972 (1484: 7560 7611 7560) (55.3147 s)
>> 12737 (3528: 9453 9618 9453) (55.1723 s)
>> 12688 (10468: 9662 9923 9662) (55.021 s)
>> 11709 (26979: 9035 9199 9035) (54.9875 s)
>> 10988 (24352: 8400 8482 8400) (55.0135 s)
>> 10920 (6639: 7633 7647 7633) (54.9374 s)
>> 10852 (23339: 8265 18326 8265) (55.3296 s)
>> 10849 (20702: 9781 9881 9781) (55.055 s)
>> 10687 (13: 9863 10018 9863) (54.6337 s)
>> 10399 (1699: 10080 10111 10080) (54.7862 s)
>> 10269 (10191: 10143 10189 10143) (55.1904 s)
>> 10217 (17680: 8321 8342 8321) (55.2911 s)
>> 10182 (29503: 8498 8502 8498) (54.8518 s)
>> 10079 (6861: 7497 7504 7497) (54.8449 s)
>> 9848 (30527: 9944 10004 9944) (55.1624 s)
>> 9766 (475: 7724 7750 7724) (54.7769 s)
>> 9480 (14727: 9577 9754 9577) (55.2292 s)
>> 9118 (7782: 7767 7781 7767) (54.8585 s)
>> 9030 (30594: 7575 7619 7575) (55.0004 s)
>> 8621 (14074: 9982 10043 9982) (55.0739 s)
>> 8267 (21628: 7933 8000 7933) (55.1263 s)
>> 7890 (27410: 9340 9429 9340) (55.0671 s)
>> 7856 (25687: 8610 8746 8610) (55.3161 s)
>> 7637 (28472: 7681 7754 7681) (54.9814 s)
>> 7621 (6517: 7690 7729 7690) (55.2832 s)
>> 7419 (14157: 10003 10009 10003) (55.1096 s)
>> 7407 (10259: 10171 10257 10171) (55.0561 s)
>> 7264 (13623: 10237 10243 10237) (55.1002 s)
>> 7230 (24484: 8780 8799 8780) (54.9014 s)
>> 7185 (8485: 8436 8437 8436) (54.679 s)
>> 7064 (23608: 9470 9587 9470) (54.8313 s)
>> 6804 (18470: 7929 7956 7929) (54.9095 s)
>> 6695 (6968: 7439 7453 7439) (55.0106 s)
>> 6639 (8682: 8531 8624 8531) (55.4129 s)
>> 10778 (4978: 8501 8512 8501) (54.8942 s)
>> 6530 (30902: 7572 7612 7572) (55.0878 s)
>> 6322 (6011: 7895 7953 7895) (55.2217 s)
>> 6037 (8509: 8491 8506 8491) (55.0652 s)
>> 5973 (18653: 7766 7986 7766) (55.1692 s)
>> 5939 (1900: 8875 8894 8875) (55.0348 s)
>> 17501 (20817: 8809 9304 8809) (55.0799 s)
>> 5924 (5886: 8016 8040 8016) (54.9251 s)
>> 5922 (3947: 9303 9355 9303) (55.0421 s)
>> 5711 (2019: 9965 9981 9965) (55.23 s)
>> 5692 (16564: 8844 8864 8844) (55.3019 s)
>> 5673 (30405: 9213 9220 9213) (55.0594 s)
>> 5648 (4759: 8667 8676 8667) (54.7828 s)
>> 5448 (13901: 10110 10133 10110) (54.8735 s)
>> 5333 (11633: 8700 8751 8700) (54.7617 s)
>> 5307 (7230: 7338 7358 7338) (55.1997 s)
>> 5252 (29138: 9984 9986 9984) (55.1053 s)
>> 5224 (2072: 8892 8898 8892) (54.9443 s)
>> 5099 (7278: 7307 7309 7307) (55.2892 s)
>> 5095 (2709: 10054 10064 10054) (55.323 s)
>> 5045 (13910: 10114 10153 10114) (54.9288 s)
>> 5014 (14221: 9962 9979 9962) (55.2478 s)
>> 4896 (4626: 8860 8861 8860) (54.8404 s)
>> 4859 (9278: 9238 9276 9238) (55.048 s)
>> 4830 (5476: 8228 8271 8228) (54.9732 s)
>> 4711 (26061: 9376 9430 9376) (55.0313 s)
>> 4630 (27290: 10146 10165 10146) (55.1041 s)
>> 4594 (18192: 8064 8093 8064) (55.0802 s)
>> 4583 (7601: 7576 7600 7576) (55.1026 s)
>> 4546 (22718: 7480 7557 7480) (55.4527 s)
>> 4537 (14166: 10001 10011 10001) (55.3745 s)
>> 4508 (28047: 7709 7731 7709) (55.5422 s)
>> 4493 (2792: 9956 9975 9956) (55.4998 s)
>> 4463 (25689: 8439 8562 8439) (55.4201 s)
>> 4439 (6929: 7455 7464 7455) (55.2032 s)
>> 4437 (14566: 9788 9795 9788) (55.473 s)
>> 4419 (24943: 7452 7468 7452) (55.4402 s)
>> 4362 (7398: 7389 7396 7389) (55.7028 s)
>> 4359 (9766: 9749 9765 9749) (55.7267 s)
>> 4336 (19752: 7429 7431 7429) (55.6572 s)
>> 4314 (896: 7506 7508 7506) (55.6466 s)
>> 4297 (7319: 7317 7324 7317) (55.6719 s)
>> 4290 (17354: 8385 8447 8385) (55.9773 s)
>> 4198 (18078: 8168 8174 8168) (55.9508 s)
>> 4169 (3494: 9605 9631 9605) (55.8476 s)
>> 4157 (22879: 7643 7667 7643) (55.677 s)
>> 4395 (31347: 7631 6853 7631) (55.7447 s)
>> 4040 (32057: 7872 7894 7872) (55.745 s)
>> 4870 (203: 7964 7976 7964) (55.9995 s)
>> 4029 (21977: 7825 7842 7825) (55.6168 s)
>> 4025 (16411: 8865 8910 8865) (55.5085 s)
>> 4005 (19170: 7689 7699 7689) (55.5001 s)
>> 3995 (12127: 8712 24040 8712) (55.7139 s)
>> 3954 (893: 7476 7493 7476) (55.9531 s)
>> 3949 (21673: 8185 8242 8185) (55.7794 s)
>> 3924 (25739: 10193 10200 10193) (55.8781 s)
>> 3919 (30013: 7637 7668 7637) (55.8498 s)
>> 3906 (3253: 9763 9783 9763) (55.8095 s)
>> 3852 (6057: 7889 7923 7889) (55.88 s)
>> 3819 (18105: 8131 8137 8131) (55.842 s)
>> 3778 (8716: 8649 8714 8649) (55.7757 s)
>> 3777 (5316: 8304 8346 8304) (55.7182 s)
>> 3776 (2587: 10159 10170 10159) (55.9068 s)
>> 3759 (3147: 9794 9809 9794) (55.7398 s)
>> 3758 (22258: 8006 8019 8006) (55.8137 s)
>> 3754 (26199: 10294 10295 10294) (55.8561 s)
>> 3751 (31993: 9973 9990 9973) (55.7513 s)
>> 3749 (1727: 8487 8526 8487) (55.8228 s)
>> 3746 (894: 7520 7529 7520) (55.5296 s)
>> 3718 (32518: 8637 8705 8637) (56.0071 s)
>> 3706 (4804: 8642 8651 8642) (56.0127 s)
>> 3702 (8657: 8634 8655 8634) (55.9127 s)
>> 3701 (19554: 7485 7503 7485) (56.0671 s)
>> 3699 (27855: 7365 7381 7365) (55.9171 s)
>> 5443 (7127: 7362 7391 7362) (56.2042 s)
>> 3699 (18089: 8146 8156 8146) (56.1152 s)
>> 3637 (4998: 8490 8511 8490) (55.9103 s)
>> 3622 (5128: 8387 8422 8387) (55.9723 s)
>> 3603 (8867: 8858 8866 8858) (56.1472 s)
>> 3595 (22133: 8857 8916 8857) (55.8923 s)
>> 3594 (23770: 7678 7736 7678) (55.7629 s)
>> 3575 (21249: 7733 7760 7733) (55.7004 s)
>> 3559 (8730: 8704 8728 8704) (55.6437 s)
>> 3551 (8890: 8879 8889 8879) (55.9714 s)
>> 3536 (3009: 9865 9879 9865) (55.8491 s)
>> 3507 (2328: 9960 10017 9960) (56.0295 s)
>> 3499 (6618: 7636 7642 7636) (55.7136 s)
>> 3611 (24981: 7609 7620 7609) (55.8292 s)
>> 3486 (29865: 8078 8152 8078) (55.5829 s)
>> 3483 (22017: 8690 8775 8690) (55.5056 s)
>> 3476 (2954: 9898 9905 9898) (55.9542 s)
>> 3473 (19655: 7470 7473 7470) (56.1253 s)
>> 3462 (18040: 8182 8200 8182) (55.9782 s)
>> 3388 (6749: 7556 7562 7556) (55.9143 s)
>> 3386 (14090: 10025 10044 10025) (55.7243 s)
>> 3379 (3703: 9466 9497 9466) (55.6299 s)
>> 3377 (4294: 9009 9078 9009) (56.2013 s)
>> 3338 (29490: 9425 9444 9425) (55.8127 s)
>> 3332 (7054: 7419 7426 7419) (56.0071 s)
>> 3327 (2576: 10166 10177 10166) (56.0861 s)
>> 3326 (2880: 9937 9949 9937) (55.962 s)
>> 3310 (21985: 7815 7820 7815) (56.1189 s)
>> 3307 (25497: 7623 7669 7623) (56.146 s)
>> 3306 (3329: 9653 9711 9653) (55.9463 s)
>> 3304 (28935: 9292 9314 9292) (55.7799 s)
>> 3288 (1732: 10154 10188 10154) (55.7922 s)
>> 3239 (31123: 8881 8887 8881) (55.7672 s)
>> 3227 (20885: 7456 7460 7456) (55.7023 s)
>> 3192 (27356: 8278 8366 8278) (55.419 s)
>> 3183 (26627: 9699 9321 9699) (55.4755 s)
>> 3120 (18637: 7811 7885 7811) (55.1928 s)
>> 3107 (2423: 10252 10256 10252) (55.5735 s)
>> 3092 (8037: 8027 8035 8027) (55.945 s)
>> 3056 (5531: 8252 8314 8252) (55.8955 s)
>> 3053 (26289: 10278 10280 10278) (55.9767 s)
>> 3040 (3246: 9744 9764 9744) (55.6409 s)
>> 3034 (4239: 9054 9104 9054) (55.6242 s)
>> 3016 (19616: 7477 7486 7477) (55.3686 s)
>> 3000 (8758: 8745 8757 8745) (55.7044 s)
>> 2994 (5916: 8012 8031 8012) (55.5587 s)
>> 2973 (18562: 7802 7911 7802) (55.3523 s)
>> 2970 (28065: 8429 8474 8429) (55.6285 s)
>> 2964 (30335: 9945 9951 9945) (55.6784 s)
>> 2944 (4317: 9043 9072 9043) (56.0145 s)
>> 2942 (1479: 7746 7765 7746) (55.6806 s)
>> 2927 (16371: 8920 8924 8920) (55.7866 s)
>> 2891 (4548: 8937 8949 8937) (55.5538 s)
>> 2891 (25379: 8344 8383 8344) (55.6693 s)
>> 2880 (8749: 8748 8770 8748) (55.9868 s)
>> 2879 (6047: 7886 7928 7886) (55.4582 s)
>> 2871 (5803: 8044 8103 8044) (55.6396 s)
>> 2864 (3078: 9837 9848 9837) (55.7287 s)
>> 2864 (10378: 9980 9991 9980) (55.5659 s)
>> 2830 (4042: 9269 9289 9269) (55.5784 s)
>> 2795 (18586: 7904 7915 7904) (55.5934 s)
>> 2764 (1778: 7704 7741 7704) (55.4574 s)
>> 2754 (6255: 7814 7834 7814) (55.513 s)
>> 2744 (17364: 8435 8444 8435) (55.3825 s)
>> 2741 (26428: 9323 9352 9323) (55.5538 s)
>> 2738 (5226: 8348 8382 8348) (56.1238 s)
>> 2734 (2671: 10081 10100 10081) (55.8521 s)
>> 2719 (25665: 8896 8899 8896) (55.5536 s)
>> 2699 (15884: 9140 9154 9140) (55.7897 s)
>> 2691 (27772: 9645 9664 9645) (55.4639 s)
>> 2673 (17368: 8420 8451 8420) (55.6975 s)
>> 3127 (5220: 8386 8406 8386) (55.8948 s)
>> 4047 (10386: 8312 8408 8312) (55.3864 s)
>> 2658 (22953: 9103 9158 9103) (55.2427 s)
>> 2639 (4745: 8678 8641 8678) (55.3273 s)
>> 2630 (7564: 7551 7563 7551) (55.2697 s)
>> 2587 (26438: 9075 9089 9075) (55.6023 s)
>> 2583 (577: 7507 7510 7507) (55.5285 s)
>> 2571 (7763: 7761 7762 7761) (55.5949 s)
>> 2571 (17064: 8554 8584 8554) (56.1472 s)
>> 2567 (5430: 8294 8347 8294) (56.1467 s)
>> 2559 (18073: 8011 8143 8011) (56.2801 s)
>> 2557 (2940: 9889 9917 9889) (56.1889 s)
>> 2552 (11238: 8192 8204 8192) (56.1334 s)
>> 2533 (5171: 8395 8412 8395) (56.2007 s)
>> 2533 (8756: 8727 8754 8727) (56.2283 s)
>> 2517 (7262: 7313 7320 7313) (56.2584 s)
>> 2502 (2942: 9914 9916 9914) (56.1945 s)
>> 2499 (8686: 8666 8685 8666) (56.4103 s)
>> 2491 (15834: 9162 9167 9162) (56.193 s)
>> 2858 (146: 8936 8963 8936) (55.7817 s)
>> 3298 (16422: 8885 8906 8885) (54.8919 s)
>> 2754 (15793: 9147 9217 9147) (55.046 s)
>> 2577 (16334: 8939 9020 8939) (55.0495 s)
>> 2482 (18552: 7907 7925 7907) (55.4316 s)
>> 2479 (4005: 9297 9320 9297) (54.8771 s)
>> 2581 (12675: 9351 9373 9351) (54.6919 s)
>> 2460 (19493: 7519 7538 7519) (54.8649 s)
>> 2460 (10098: 10093 10097 10093) (54.8952 s)
>> 2449 (4280: 9021 9086 9021) (54.7408 s)
>> 2442 (5473: 8234 8272 8234) (54.5914 s)
>> 2438 (5254: 8373 8393 8373) (54.7613 s)
>> 2487 (5263: 8349 8362 8349) (54.7903 s)
>> 2431 (24009: 9822 9850 9822) (54.8314 s)
>> 2421 (26874: 9113 9257 9113) (54.7487 s)
>> 2417 (4285: 9038 9079 9038) (54.6052 s)
>> 2412 (12330: 10197 10205 10197) (54.8346 s)
>> 2402 (18533: 7935 7940 7935) (54.578 s)
>> 2382 (10878: 7798 7800 7798) (54.6125 s)
>> 2378 (4600: 8882 8893 8882) (54.6977 s)
>> 2368 (5249: 8340 8374 8340) (54.5519 s)
>> 2367 (15627: 9318 9328 9318) (54.5932 s)
>> 2358 (17162: 8551 8548 8551) (54.6737 s)
>> 2354 (4573: 8904 8918 8904) (54.8161 s)
>> 2347 (30592: 9727 9760 9727) (54.7758 s)
>> 2332 (6058: 7898 7922 7898) (54.7853 s)
>> 2302 (3432: 9669 9678 9669) (54.6021 s)
>> 2806 (3480: 9616 9646 9616) (54.6125 s)
>> 2291 (11984: 9010 9024 9010) (54.1998 s)
>> 2389 (16224: 8980 9008 8980) (54.6655 s)
>> 2289 (32333: 10090 10094 10090) (54.7013 s)
>> 2282 (4990: 8486 8510 8486) (54.6246 s)
>> 3049 (11968: 8397 8465 8397) (54.5857 s)
>> 2275 (27449: 8478 8481 8478) (54.6024 s)
>> 2275 (3500: 9576 9630 9576) (54.6201 s)
>> 2262 (4209: 9118 9131 9118) (54.5719 s)
>> 2260 (32547: 8087 8113 8087) (54.5674 s)
>> 2257 (18266: 8045 8066 8045) (54.5909 s)
>> 2252 (16632: 8805 8815 8805) (54.5966 s)
>> 2491 (1886: 8774 8781 8774) (54.5894 s)
>> 2357 (1856: 8747 8782 8747) (54.511 s)
>> 2249 (1620: 8071 8077 8071) (54.5479 s)
>> 2246 (24820: 10227 10232 10227) (54.4752 s)
>> 2231 (5204: 8372 8390 8372) (54.381 s)
>> 2230 (29493: 8357 8360 8357) (54.7828 s)
>> 2228 (4190: 9117 9128 9117) (54.8338 s)
>> 2228 (3569: 9593 9621 9593) (54.9753 s)
>> 2226 (4346: 9064 9070 9064) (54.9944 s)
>> 2223 (18218: 8043 8076 8043) (54.5629 s)
>> 2221 (18124: 8120 8124 8120) (54.3875 s)
>> 2218 (6542: 7675 7677 7675) (54.4363 s)
>> 2217 (1630: 9194 9365 9194) (54.3743 s)
>> 2212 (5640: 8207 8212 8207) (54.4505 s)
>> 2210 (1687: 10045 10048 10045) (54.3172 s)
>> 2207 (11876: 8636 8658 8636) (54.4442 s)
>> 2190 (4503: 8972 8976 8972) (54.8491 s)
>> 2186 (29224: 9510 9556 9510) (55.1897 s)
>> 2181 (26386: 8230 8254 8230) (54.8294 s)
>> 2176 (160: 8056 8380 8056) (54.8288 s)
>> 2174 (25838: 9543 9563 9543) (55.2082 s)
>> 2174 (29401: 10169 10179 10169) (55.1416 s)
>> 2173 (11462: 10086 10105 10086) (54.9986 s)
>> 2171 (23551: 7518 7539 7518) (54.8662 s)
>> 2899 (26556: 7490 7498 7490) (55.1238 s)
>> 2710 (6790: 7513 7534 7513) (55.1428 s)
>> 2171 (5675: 8163 8199 8163) (54.7786 s)
>> 2166 (3854: 9384 9420 9384) (54.5734 s)
>> 2160 (8559: 8544 8558 8544) (54.515 s)
>> 2140 (32428: 7566 7578 7566) (54.875 s)
>> 2132 (21176: 8609 8594 8609) (54.7516 s)
>> 2131 (30469: 9053 9084 9053) (54.6577 s)
>> 2287 (16035: 9097 9129 9097) (54.5928 s)
>> 2125 (11851: 9246 9273 9246) (54.2417 s)
>> 2116 (16275: 8969 8983 8969) (54.8853 s)
>> 2107 (4946: 8539 8545 8539) (54.8129 s)
>> 2175 (4879: 8586 8601 8586) (54.7681 s)
>> 2096 (3031: 9864 9869 9864) (54.7633 s)
>> 2095 (29412: 8733 8739 8733) (55.0893 s)
>> 2091 (25631: 9065 9082 9065) (54.7331 s)
>> 2090 (5764: 8090 8115 8090) (54.7721 s)
>> 2085 (4516: 8944 8974 8944) (54.6622 s)
>> 2085 (17953: 8141 8219 8141) (54.6395 s)
>> 2081 (23666: 8313 8332 8313) (54.7383 s)
>> 2351 (24317: 8205 8240 8205) (54.71 s)
>> 2072 (16109: 9040 9056 9040) (54.8216 s)
>> 2560 (9063: 9061 9081 9061) (54.8737 s)
>> 2210 (31280: 9058 9101 9058) (54.8714 s)
>> 2469 (31667: 8999 9036 8999) (54.7323 s)
>> 2153 (15734: 9187 9255 9187) (54.628 s)
>> 2070 (5353: 8338 8339 8338) (54.6458 s)
>> 2090 (5153: 8388 8416 8388) (54.7689 s)
>> 2063 (18919: 7773 7778 7773) (54.6504 s)
>> 2063 (24019: 8215 8239 8215) (54.6229 s)
>> 2062 (26171: 8471 8494 8471) (54.691 s)
>> 2060 (24213: 9133 9148 9133) (54.7249 s)
>> 2056 (13237: 7862 7874 7862) (54.8743 s)
>> 2047 (3834: 9327 9400 9327) (54.7737 s)
>> 2039 (6133: 7873 7890 7873) (54.5486 s)
>> 2144 (11479: 7850 7860 7850) (54.468 s)
>> 2037 (5721: 8111 8161 8111) (54.2221 s)
>> 2036 (1266: 8315 8317 8315) (54.5413 s)
>> 2032 (15611: 9313 9338 9313) (54.5749 s)
>> 2028 (2327: 10022 10035 10022) (54.5934 s)
>> 2024 (12265: 8761 8784 8761) (54.5548 s)
>> 2022 (5245: 8343 8375 8343) (54.5489 s)
>> 2012 (15801: 9221 9228 9221) (54.4832 s)
>> 2004 (17124: 8537 8576 8537) (54.573 s)
>> 2000 (949: 7698 7707 7698) (54.5872 s)
>> 1995 (5381: 8285 8300 8285) (54.5703 s)
>> 2553 (23632: 8421 8470 8421) (54.5942 s)
>> 1985 (32117: 8581 8623 8581) (54.5757 s)
>> 2483 (8542: 8535 8541 8535) (54.842 s)
>> 2871 (22613: 8517 8523 8517) (54.6754 s)
>> 1976 (21620: 8800 8824 8800) (54.5936 s)
>> 1974 (1675: 8909 8925 8909) (54.2999 s)
>> 1972 (11282: 9483 9536 9483) (54.549 s)
>> 2025 (32306: 9642 9684 9642) (54.3477 s)
>> 1971 (23847: 9017 9051 9017) (54.4528 s)
>> 1970 (2269: 9574 9737 9574) (54.4459 s)
>> 1965 (22281: 7711 7721 7711) (54.493 s)
>> 1965 (14040: 10053 10069 10053) (54.5173 s)
>> 1957 (17496: 8398 8431 8398) (54.2282 s)
>> 1990 (12185: 8473 8497 8473) (54.2647 s)
>> 2413 (25650: 8514 8555 8514) (54.1121 s)
>> 1955 (3051: 9849 9861 9849) (54.0696 s)
>> 1939 (16627: 8810 8835 8810) (54.037 s)
>> 1934 (16265: 8988 8989 8988) (54.0222 s)
>> 1930 (23494: 8599 8629 8599) (54.0138 s)
>> 1919 (17450: 8428 8430 8428) (54.1925 s)
>> 1918 (20871: 10007 10008 10007) (54.1931 s)
>> 1913 (3755: 9465 9472 9465) (54.1354 s)
>> 1907 (10753: 8308 8396 8308) (54.1933 s)
>> 1904 (2490: 10224 10228 10224) (54.0511 s)
>> 3171 (2514: 10202 10213 10202) (54.2852 s)
>> 1895 (24679: 9206 9229 9206) (50.8405 s)
>> 1895 (9333: 9301 9331 9301) (51.042 s)
>> 1888 (31538: 9247 9232 9247) (51.0644 s)
>> 1882 (3235: 9751 9772 9751) (50.9773 s)
>> 1870 (884: 8029 8041 8029) (50.9861 s)
>> 1869 (16385: 8919 8938 8919) (51.0132 s)
>> 1865 (16077: 9032 9071 9032) (50.8257 s)
>> 1864 (6535: 7658 7683 7658) (50.8443 s)
>> 1858 (9638: 9617 9637 9617) (50.919 s)
>> 1857 (1017: 8034 8072 8034) (50.7139 s)
>> 2063 (5664: 8073 8201 8073) (50.6527 s)
>> 1857 (15548: 9319 9362 9319) (51.0859 s)
>> 1852 (25085: 10145 10148 10145) (50.6029 s)
>> 1847 (13381: 7540 7545 7540) (50.713 s)
>> 1842 (30644: 9789 9813 9789) (50.6524 s)
>> 1841 (12944: 8413 8419 8413) (53.1193 s)
>> 1841 (12327: 9682 9729 9682) (53.5819 s)
>> 1835 (5098: 8414 8438 8414) (53.673 s)
>> 1818 (32508: 10074 10078 10074) (53.4313 s)
>> 1813 (28087: 9080 9112 9080) (53.4597 s)
>> 1812 (7140: 7379 7387 7379) (53.4296 s)
>> 1811 (21597: 10031 10040 10031) (53.7023 s)
>> 1805 (2116: 7797 7808 7797) (53.7978 s)
>> 1802 (17174: 8505 8570 8505) (53.5402 s)
>> 1800 (1534: 8589 8612 8589) (53.5041 s)
>> 1793 (7070: 7414 7421 7414) (53.4804 s)
>> 1793 (15334: 9440 9441 9440) (53.5209 s)
>> 1791 (4221: 9105 9116 9105) (53.5295 s)
>> 1788 (19994: 7336 7342 7336) (53.4464 s)
>> 1815 (7244: 7329 7335 7329) (53.5116 s)
>> 1739 (31718: 9159 9198 9159) (53.5706 s)
>> 1732 (6697: 7622 7627 7622) (53.5067 s)
>> 1725 (21002: 7963 7967 7963) (53.653 s)
>> 1724 (27535: 8171 8194 8171) (53.5118 s)
>> 1721 (30404: 8785 8787 8785) (53.7705 s)
>> 1719 (24091: 10219 10226 10219) (53.7897 s)
>> 1716 (18537: 7921 7945 7921) (53.5621 s)
>> 1711 (16659: 8797 8808 8797) (53.5392 s)
>> 1696 (27686: 7749 7751 7749) (53.851 s)
>> 1694 (31828: 10101 10119 10101) (53.8525 s)
>> 1689 (10319: 8876 8884 8876) (53.5751 s)
>> 1688 (3749: 9449 9475 9449) (53.5229 s)
>> 1683 (28695: 8164 8191 8164) (53.5849 s)
>> 1683 (12006: 9725 9731 9725) (53.4911 s)
>> 1683 (3063: 9828 9860 9828) (53.472 s)
>> 2104 (3127: 9815 9816 9815) (53.4939 s)
>> 1859 (12061: 9796 9799 9796) (53.4298 s)
>> 1682 (11364: 7846 7854 7846) (53.3344 s)
>> 1976 (18843: 7794 7801 7794) (53.6489 s)
>> 1791 (6130: 7882 7884 7882) (53.4554 s)
>> 1679 (15742: 9267 9233 9267) (50.8294 s)
>> 1678 (883: 8048 8058 8048) (50.4793 s)
>> 1678 (442: 9562 9604 9562) (50.5031 s)
>> 2318 (25686: 9507 9521 9507) (50.6742 s)
>> 1827 (28910: 9375 9498 9375) (50.3666 s)
>> 1674 (18104: 8127 8128 8127) (50.2956 s)
>> 1666 (2054: 9486 9505 9486) (50.6298 s)
>> 1662 (27635: 8142 8155 8142) (50.3096 s)
>> 1662 (15165: 9532 9544 9532) (50.5263 s)
>> 1659 (28143: 10076 10104 10076) (50.6549 s)
>> 1657 (863: 7488 7489 7488) (50.6813 s)
>> 1654 (12869: 8640 8654 8640) (50.4706 s)
>> 1647 (6732: 7584 7589 7584) (50.5736 s)
>> 1643 (27567: 9312 9335 9312) (50.5929 s)
>> 1632 (29133: 10126 10127 10126) (50.4376 s)
>> 3711 (13924: 10118 10147 10118) (50.4831 s)
>> 1629 (22817: 9700 9755 9700) (50.3012 s)
>> 1613 (25492: 9367 9385 9367) (50.3169 s)
>> 1608 (4650: 8827 8838 8827) (50.5902 s)
>> 1605 (7828: 7826 7839 7826) (50.3978 s)
>> 1603 (15153: 9490 9491 9490) (50.4167 s)
>> 1602 (25531: 9717 9719 9717) (50.4449 s)
>> 1589 (644: 8065 8144 8065) (50.3186 s)
>> 1582 (19790: 7413 7416 7413) (50.3596 s)
>> 1578 (26063: 10231 25344 10231) (50.4288 s)
>> 1575 (3287: 9747 9750 9747) (50.398 s)
>> 1571 (5385: 8299 8302 8299) (50.3067 s)
>> 1564 (21923: 7989 7993 7989) (50.3429 s)
>> 1562 (9478: 9476 9479 9476) (50.1307 s)
>> 1559 (16208: 8984 8990 8984) (50.3184 s)
>> 1547 (26127: 9793 9801 9793) (50.3056 s)
>> 1540 (17736: 8296 8301 8296) (50.2334 s)
>> 1538 (22852: 8833 8839 8833) (50.2565 s)
>> 1532 (19198: 7662 7672 7662) (50.2921 s)
>> 1528 (2539: 10194 10198 10194) (50.324 s)
>> 1525 (10699: 8358 8381 8358) (50.108 s)
>> 1522 (13617: 10241 10250 10241) (50.1109 s)
>> 1620 (2409: 10261 10264 10261) (50.2285 s)
>> 1521 (10706: 8914 8927 8914) (50.0101 s)
>> 1515 (1910: 7977 7991 7977) (50.015 s)
>> 2224 (30785: 7998 8003 7998) (50.006 s)
>> 1514 (12780: 9000 9022 9000) (50.0335 s)
>> 1505 (2223: 8059 8070 8059) (50.0666 s)
>> 1575 (28154: 8057 8062 8057) (49.9054 s)
>> 1503 (16250: 8996 9014 8996) (49.9218 s)
>> 1499 (12145: 9902 9915 9902) (49.8879 s)
>> 1495 (21268: 7606 7615 7606) (49.8315 s)
>> 1486 (18401: 7990 7999 7990) (49.8874 s)
>> 1483 (3887: 9370 9377 9370) (49.9731 s)
>> 1804 (814: 9381 9403 9381) (49.8841 s)
>> 1777 (11886: 9545 9550 9545) (49.879 s)
>> 1480 (1535: 7394 7395 7394) (49.8651 s)
>> 1478 (22778: 7434 7443 7434) (49.8852 s)
>> 1470 (20529: 7848 7857 7848) (50.1227 s)
>> 1469 (15534: 9371 9383 9371) (49.9458 s)
>> 1466 (23039: 8772 8779 8772) (49.9315 s)
>> 1465 (4612: 8877 8878 8877) (49.8239 s)
>> 1462 (2208: 9626 9651 9626) (49.8275 s)
>> 1455 (3079: 9832 9847 9832) (49.7857 s)
>> 1453 (4792: 8650 8674 8650) (49.8353 s)
>> 1447 (25155: 7356 7368 7356) (49.8626 s)
>> 1445 (25141: 8582 8633 8582) (49.7982 s)
>> 1443 (13450: 7360 7364 7360) (49.7671 s)
>> 1426 (11563: 9050 9073 9050) (49.9266 s)
>> 1408 (18508: 7893 7930 7893) (49.7833 s)
>> 1408 (15322: 9450 9517 9450) (49.8492 s)
>> 1407 (6163: 7864 7870 7864) (50.0408 s)
>> 1403 (4257: 9088 9096 9088) (49.7215 s)
>> 1395 (16857: 8648 8680 8648) (49.6947 s)
>> 1395 (3322: 9692 9726 9692) (49.6791 s)
>> 1394 (16818: 8672 8696 8672) (49.7099 s)
>> 1391 (15806: 9160 9196 9160) (49.6821 s)
>> 1388 (1692: 8546 8585 8546) (49.6757 s)
>> 1387 (27133: 9437 9445 9437) (49.8449 s)
>> 1384 (13863: 10113 10144 10113) (49.801 s)
>> 1384 (27903: 7618 7646 7618) (49.7422 s)
>> 1380 (25811: 9446 9481 9446) (49.799 s)
>> 1378 (3506: 9628 9629 9628) (49.5748 s)
>> 1553 (3544: 9558 9612 9558) (49.7522 s)
>> 1377 (25023: 7783 7786 7783) (49.6805 s)
>> 1371 (22557: 7537 7542 7537) (49.6562 s)
>> 1371 (18091: 8116 8145 8116) (49.5907 s)
>> 1371 (14422: 9893 9901 9893) (49.7743 s)
>> 1369 (7173: 7370 7377 7370) (49.7398 s)
>> 1366 (16382: 8869 8928 8869) (49.8073 s)
>> 1363 (15843: 9177 9205 9177) (49.4864 s)
>> 1354 (19983: 7337 7352 7337) (49.4853 s)
>> 1347 (15430: 9405 9433 9405) (49.4826 s)
>> 1455 (15327: 9443 9482 9443) (49.4692 s)
>> 1359 (24714: 9406 9436 9406) (49.436 s)
>> 1345 (26319: 9274 9280 9274) (49.4948 s)
>> 1343 (28601: 9873 31135 9873) (49.4026 s)
>> 1336 (29121: 7411 7466 7411) (49.3523 s)
>> 1334 (16020: 9092 9114 9092) (49.3471 s)
>> 1332 (26335: 8159 8195 8159) (49.3886 s)
>> 1330 (26023: 7312 7325 7312) (49.276 s)
>> 1329 (1587: 7687 7695 7687) (49.3938 s)
>> 1326 (23810: 9388 9504 9388) (49.4389 s)
>> 1322 (2992: 9876 9888 9876) (49.5013 s)
>> 1322 (26711: 9878 9885 9878) (49.3293 s)
>> 1317 (4767: 8663 8664 8663) (49.2724 s)
>> 1315 (15528: 9339 9350 9339) (49.2358 s)
>> 1313 (10655: 9541 9554 9541) (49.2057 s)
>> 1313 (16731: 8740 8764 8740) (49.1562 s)
>> 1305 (22960: 9675 9685 9675) (49.1664 s)
>> 1309 (14939: 9627 9668 9627) (49.1526 s)
>> 1301 (4079: 9211 9239 9211) (49.2007 s)
>> 1298 (4925: 8540 8563 8540) (49.1221 s)
>> 1292 (22158: 9120 9168 9120) (49.1341 s)
>> 1290 (2460: 10233 10238 10233) (49.1328 s)
>> 1281 (4436: 9004 9011 9004) (49.1687 s)
>> 1276 (4049: 9263 9288 9263) (49.085 s)
>> 1271 (6297: 7804 7807 7804) (49.1116 s)
>> 1268 (23926: 7997 8007 7997) (48.9837 s)
>> 1268 (17231: 8489 8518 8489) (49.0556 s)
>> 1267 (14019: 10072 10073 10072) (49.0304 s)
>> 1260 (6760: 7544 7546 7544) (48.8858 s)
>> 1260 (8288: 8276 8286 8276) (48.7897 s)
>> 1258 (17806: 8246 8307 8246) (48.7826 s)
>> 1257 (20600: 8626 8631 8626) (48.7347 s)
>> 1253 (9165: 9164 9179 9164) (48.7752 s)
>> 1252 (31428: 9966 9976 9966) (48.8127 s)
>> 1250 (15458: 9374 9399 9374) (48.7969 s)
>> 1246 (9519: 9501 9518 9501) (48.7236 s)
>> 1241 (12186: 9485 9502 9485) (48.7004 s)
>> 1232 (10730: 8423 8464 8423) (48.6792 s)
>> 1219 (5293: 8350 8354 8350) (48.6491 s)
>> 1217 (29128: 9844 9854 9844) (48.6077 s)
>> 1216 (16551: 8836 8845 8836) (48.5613 s)
>> 1214 (20601: 8224 8279 8224) (48.5031 s)
>> 1208 (9841: 9833 9838 9833) (48.517 s)
>> 1201 (24020: 8693 8713 8693) (48.568 s)
>> 1199 (32067: 9264 9268 9264) (48.466 s)
>> 1194 (25068: 7402 7406 7402) (48.3169 s)
>> 1192 (16403: 8902 8923 8902) (48.3125 s)
>> 1189 (14866: 9661 9673 9661) (48.2866 s)
>> 1188 (6171: 7865 7868 7865) (48.3382 s)
>> 1961 (31397: 7892 7899 7892) (48.319 s)
>> 1184 (6499: 7673 7691 7673) (48.3286 s)
>> 1181 (784: 8425 8460 8425) (48.4387 s)
>> 1179 (8097: 8086 8096 8086) (48.4383 s)
>> 1170 (12597: 9636 9648 9636) (48.1517 s)
>> 1168 (22384: 8320 8331 8320) (48.1791 s)
>> 1235 (5730: 8160 8203 8160) (48.0999 s)
>> 1157 (24101: 9800 9814 9800) (48.0808 s)
>> 1155 (17778: 8233 8282 8233) (48.1149 s)
>> 1947 (5230: 8330 8379 8330) (48.0081 s)
>> 1151 (12181: 9049 9069 9049) (47.9146 s)
>> 1143 (16024: 9106 9121 9106) (47.8481 s)
>> 1142 (15247: 9474 9492 9474) (47.7827 s)
>> 1141 (6677: 7626 7630 7626) (47.7476 s)
>> 2297 (6656: 7625 7640 7625) (47.7661 s)
>> 1141 (15270: 9451 9488 9451) (47.7412 s)
>> 1132 (3934: 9357 9363 9357) (47.6072 s)
>> 1132 (24181: 7454 7535 7454) (47.66 s)
>> 1130 (5765: 8091 8109 8091) (47.5256 s)
>> 1127 (16296: 4369 8978 4369) (47.5594 s)
>> 1124 (5497: 8261 8267 8261) (47.5911 s)
>> 1121 (17169: 8524 8569 8524) (47.6433 s)
>> 1115 (3988: 9298 9317 9298) (47.6266 s)
>> 1115 (19805: 7390 7405 7390) (47.4856 s)
>> 1109 (10396: 8181 8237 8181) (47.5817 s)
>> 1108 (2442: 10242 10251 10242) (47.7058 s)
>> 1939 (29609: 10239 10253 10239) (47.615 s)
>> 1107 (5547: 8243 8249 8243) (47.8164 s)
>> 1104 (6554: 7670 7680 7670) (47.6587 s)
>> 1103 (8534: 8533 8653 8533) (47.5943 s)
>> 1102 (6287: 7812 7818 7812) (47.5366 s)
>> 1097 (6004: 7947 7955 7947) (47.5058 s)
>> 1096 (14912: 9671 9695 9671) (47.5237 s)
>> 1086 (10283: 10281 10282 10281) (47.4981 s)
>> 1081 (28321: 7988 7994 7988) (47.5385 s)
>> 1070 (27758: 7567 7580 7567) (47.3934 s)
>> 1065 (6904: 7465 7469 7465) (47.4377 s)
>> 1059 (16134: 9023 9087 9023) (47.4276 s)
>> 1056 (21457: 9542 9582 9542) (47.2803 s)
>> 1053 (13982: 10077 10079 10077) (47.4314 s)
>> 1053 (17927: 8235 8258 8235) (47.3458 s)
>> 1043 (3525: 9575 9598 9575) (47.3165 s)
>> 1038 (16824: 8679 8706 8679) (47.4033 s)
>> 1033 (8820: 8818 8825 8818) (47.3032 s)
>> 1030 (6357: 7775 7776 7775) (47.203 s)
>> 1030 (31844: 8724 8765 8724) (47.3036 s)
>> 1029 (16163: 9012 9033 9012) (47.247 s)
>> 1027 (27193: 7415 7422 7415) (47.1562 s)
>> 1027 (6271: 7796 7819 7796) (47.2199 s)
>> 1027 (13673: 10214 10223 10214) (47.2192 s)
>> 1026 (27497: 7716 7720 7716) (47.2517 s)
>> 1582 (30371: 7671 7676 7671) (47.211 s)
>> 1025 (14328: 9941 9948 9941) (47.1012 s)
>> 1023 (21236: 9387 9393 9387) (47.4523 s)
>> 1023 (29832: 9732 9743 9732) (47.2329 s)
>> 1023 (16684: 8777 8783 8777) (47.1823 s)
>> 1021 (7197: 7367 7372 7367) (47.1565 s)
>> 1019 (11303: 9326 9361 9326) (47.1579 s)
>> 1015 (3298: 9694 9745 9694) (47.0085 s)
>> 1015 (19955: 7328 7351 7328) (47.0481 s)
>> 1014 (19058: 7725 7730 7725) (47.0111 s)
>> 1009 (16321: 8962 8964 8962) (46.8413 s)
>> 1534 (23652: 8922 8931 8922) (46.9365 s)
>> 1236 (28995: 8911 8917 8911) (46.8434 s)
>> 1006 (19127: 7694 7700 7694) (46.7961 s)
>> 999 (17081: 8577 8597 8577) (49.7163 s)
>> 998 (10820: 8083 8092 8083) (49.5207 s)
>> 997 (5566: 8229 8238 8229) (49.2765 s)
>> 996 (7591: 7579 7590 7579) (49.2083 s)
>> 996 (26352: 9144 9180 9144) (49.1731 s)
>> 992 (14544: 9827 9829 9827) (49.1164 s)
>> 985 (31799: 8014 8023 8014) (49.2179 s)
>> 972 (1176: 7386 7392 7386) (49.2298 s)
>> 967 (1286: 10068 10075 10068) (49.1067 s)
>> 965 (9919: 9866 9918 9866) (49.0798 s)
>> 963 (14741: 9693 9748 9693) (49.0695 s)
>> 941 (27995: 7484 7500 7484) (49.0619 s)
>> 913 (16099: 9026 9046 9026) (49.0037 s)
>> 910 (16523: 8870 8871 8870) (49.0535 s)
>> 898 (9461: 9442 9459 9442) (48.7832 s)
>> 896 (30868: 8068 8074 8068) (48.7519 s)
>> 1319 (31567: 8033 8047 8033) (48.7297 s)
>> 891 (10610: 8225 8264 8225) (48.6196 s)
>> 885 (119: 9428 9448 9428) (48.6744 s)
>> 878 (3825: 9394 9404 9394) (48.7696 s)
>> 858 (23360: 7401 7408 7401) (48.634 s)
>> 857 (28594: 8287 8306 8287) (48.6093 s)
>> 848 (4479: 8915 8987 8915) (45.9201 s)
>> 845 (4140: 9125 9138 9125) (45.6606 s)
>> 840 (19713: 7445 7447 7445) (45.6086 s)
>> 837 (18464: 7948 7959 7948) (45.7819 s)
>> 836 (14321: 9947 9957 9947) (45.661 s)
>> 831 (17620: 8361 8370 8361) (45.5986 s)
>> 1457 (8469: 8450 8467 8450) (45.5813 s)
>> 828 (17006: 8557 8603 8557) (45.4702 s)
>> 827 (27812: 8283 8303 8283) (45.3577 s)
>> 818 (19282: 7610 7628 7610) (45.3602 s)
>> 811 (3048: 9846 9862 9846) (45.395 s)
>> 809 (15814: 9214 9210 9214) (45.2686 s)
>> 807 (4524: 8900 8958 8900) (45.2459 s)
>> 807 (18985: 7738 7744 7738) (45.159 s)
>> 806 (18807: 7813 7830 7813) (45.1585 s)
>> 805 (6039: 7917 7943 7917) (45.0861 s)
>> 801 (17613: 8327 8369 8327) (45.1211 s)
>> 790 (15194: 9487 9514 9487) (45.0111 s)
>> 781 (28311: 7706 7710 7706) (44.9537 s)
>> 779 (21710: 9364 9390 9364) (45.0774 s)
>> 2170 (11866: 9227 9236 9227) (44.9014 s)
>> 755 (5087: 8407 8418 8407) (44.8145 s)
>> 752 (11507: 9659 9697 9659) (44.8263 s)
>> 746 (14334: 9932 9936 9932) (45.002 s)
>> 735 (16559: 8850 8853 8850) (44.7721 s)
>> 732 (27367: 8778 8790 8778) (44.7589 s)
>> 729 (32533: 9853 9855 9853) (44.8526 s)
>> 727 (14164: 10010 10019 10010) (44.6357 s)
>> 724 (19229: 7648 7654 7648) (44.6414 s)
>> 721 (15984: 9212 9226 9212) (44.5956 s)
>> 718 (15488: 9366 9379 9366) (44.7357 s)
>> 718 (18484: 7952 7962 7952) (44.5616 s)
>> 716 (21871: 8180 8222 8180) (44.5186 s)
>> 1641 (11225: 8250 8257 8250) (44.4724 s)
>> 708 (17929: 8223 8231 8223) (44.4002 s)
>> 706 (11044: 9522 9551 9522) (44.3316 s)
>> 704 (29693: 9611 9620 9611) (44.4502 s)
>> 989 (11718: 9609 9657 9609) (44.2842 s)
>> 700 (16785: 8707 8709 8707) (44.2103 s)
>> 699 (14803: 9702 9707 9702) (44.1622 s)
>> 697 (14715: 9773 9792 9773) (44.2245 s)
>> 695 (5558: 8247 8268 8247) (44.1382 s)
>> 689 (17037: 8598 8618 8598) (44.1395 s)
>> 2720 (32523: 8488 8519 8488) (44.1688 s)
>> 689 (25941: 10023 10033 10023) (44.05 s)
>> 676 (14194: 9972 9999 9972) (44.0072 s)
>> 663 (6421: 7735 7737 7735) (43.9774 s)
>> 661 (19634: 7478 7479 7478) (43.9394 s)
>> 659 (3613: 9535 9537 9535) (43.8434 s)
>> 852 (14961: 9607 9625 9607) (43.7337 s)
>> 658 (17194: 8521 8527 8521) (44.0414 s)
>> 1572 (4819: 8600 8627 8600) (43.7272 s)
>> 883 (23589: 8571 8596 8571) (43.629 s)
>> 657 (30837: 9679 9733 9679) (43.6005 s)
>> 656 (18758: 7845 7847 7845) (43.5416 s)
>> 655 (14847: 9681 9701 9681) (43.5964 s)
>> 645 (26579: 7852 7838 7852) (43.5782 s)
>> 636 (16575: 8842 8852 8842) (43.7566 s)
>> 636 (18449: 7901 7965 7901) (43.4742 s)
>> 634 (22090: 7833 7837 7833) (43.5257 s)
>> 628 (30736: 7512 7516 7512) (43.3433 s)
>> 628 (14782: 9686 9735 9686) (43.228 s)
>> 969 (31825: 9591 9649 9591) (43.1597 s)
>> 625 (114: 9356 9416 9356) (43.1459 s)
>> 620 (12274: 8513 8532 8513) (43.3627 s)
>> 611 (18990: 7713 7734 7713) (43.2616 s)
>> 610 (18863: 7792 7805 7792) (43.0607 s)
>> 606 (14975: 9555 9559 9555) (43.0302 s)
>> 603 (14828: 9687 9708 9687) (43.0295 s)
>> 600 (19544: 7509 7517 7509) (42.9371 s)
>> 597 (9714: 9713 9723 9713) (42.9487 s)
>> 591 (7148: 7378 7383 7378) (43.0385 s)
>> 591 (9581: 9579 9606 9579) (42.9102 s)
>> 589 (4463: 8991 8995 8991) (42.8892 s)
>> 577 (3440: 9667 9640 9667) (42.7777 s)
>> 569 (16426: 8895 8903 8895) (42.7778 s)
>> 565 (16240: 9005 10628 9005) (42.7347 s)
>> 562 (19335: 7574 7614 7574) (42.8223 s)
>> 560 (30711: 9696 9706 9696) (42.9041 s)
>> 559 (14152: 10020 10021 10020) (42.6536 s)
>> 545 (11772: 8752 22409 8752) (42.7738 s)
>> 541 (17632: 8359 8363 8359) (42.7808 s)
>> 1269 (17687: 8318 8336 8318) (42.6488 s)
>> 538 (24347: 9452 9467 9452) (42.5941 s)
>> 534 (4639: 8823 8841 8823) (42.5519 s)
>> 518 (24010: 8977 8981 8977) (42.6828 s)
>> 512 (23550: 7521 7536 7521) (42.5613 s)
>> 511 (2371: 10296 10297 10296) (42.4457 s)
>> 510 (11687: 9244 9245 9244) (42.3798 s)
>> 508 (16311: 8953 8959 8953) (42.3465 s)
>> 504 (6262: 7824 7831 7824) (42.3463 s)
>> 500 (16657: 8788 8794 8788) (42.2919 s)
>> 495 (15160: 9540 9561 9540) (42.4482 s)
>> 487 (15203: 9528 9565 9528) (42.2353 s)
>> 484 (15117: 9503 9571 9503) (42.2105 s)
>> 483 (25612: 8371 8376 8371) (42.237 s)
>> 482 (17087: 8574 8602 8574) (42.1559 s)
>> 481 (372: 8024 8030 8024) (42.1396 s)
>> 472 (14634: 9746 9790 9746) (42.1193 s)
>> 463 (29109: 8281 8325 8281) (42.1434 s)
>> 457 (14938: 9644 9647 9644) (42.047 s)
>> 456 (18447: 7969 7983 7969) (42.0285 s)
>> 452 (24796: 9401 9412 9401) (41.9611 s)
>> 439 (12418: 10161 10167 10161) (41.9044 s)
>> 426 (5935: 8008 8025 8008) (41.9428 s)
>> 422 (14333: 9894 9942 9894) (41.8499 s)
>> 420 (7221: 7343 7363 7343) (41.8645 s)
>> 659 (25370: 7366 7373 7366) (41.7264 s)
>> 410 (18093: 8140 8149 8140) (41.699 s)
>> 409 (19970: 7349 7371 7349) (41.6659 s)
>> 405 (29576: 9422 9462 9422) (41.5756 s)
>> 395 (12703: 9285 9291 9285) (41.5083 s)
>> 381 (17840: 8275 8384 8275) (41.4938 s)
>> 379 (14525: 9823 9845 9823) (41.4901 s)
>> 375 (21261: 9305 9341 9305) (41.484 s)
>> 370 (6524: 7653 7685 7653) (41.4852 s)
>> 370 (30662: 9077 9156 9077) (41.4508 s)
>> 363 (14289: 9959 9961 9959) (41.3391 s)
>> 363 (16642: 8732 8802 8732) (41.2956 s)
>> 358 (16315: 8965 8952 8965) (41.2511 s)
>> 357 (18887: 7777 7793 7777) (41.2166 s)
>> 357 (2516: 10203 10212 10203) (41.2958 s)
>> 350 (15692: 9296 9287 9296) (41.2404 s)
>> 349 (2976: 9877 9884 9877) (41.2465 s)
>> 348 (3951: 9325 9349 9325) (41.2132 s)
>> 339 (7223: 7359 7369 7359) (41.1406 s)
>> 334 (17000: 8632 16874 8632) (41.0599 s)
>> 323 (16952: 8614 8646 8614) (41.0402 s)
>> 322 (16294: 8948 8968 8948) (41.0673 s)
>> 317 (2161: 7432 7442 7432) (41.0099 s)
>> 316 (15200: 9529 9530 9529) (40.9479 s)
>> 926 (3302: 9722 9736 9722) (40.926 s)
>> 310 (13470: 7304 7305 7304) (40.7985 s)
>> 309 (6570: 7639 7674 7639) (40.8027 s)
>> 303 (4431: 9013 9039 9013) (40.7711 s)
>> 301 (5742: 8098 8126 8098) (40.8592 s)
>> 297 (6375: 7768 7771 7768) (40.7308 s)
>> 293 (7111: 7385 7404 7385) (40.638 s)
>> 285 (8458: 8356 8378 8356) (40.6362 s)
>> 282 (14665: 9785 9784 9785) (40.519 s)
>> 280 (15847: 9173 9189 9173) (40.5496 s)
>> 279 (6752: 7528 7550 7528) (40.4344 s)
>> 276 (2271: 9950 9929 9950) (40.4147 s)
>> 269 (15685: 9295 9322 9295) (40.4816 s)
>> 264 (5417: 8295 8297 8295) (40.4085 s)
>> 264 (23885: 9992 9998 9992) (40.38 s)
>> 262 (16597: 8813 4662 8813) (40.3955 s)
>> 262 (26307: 9421 9411 9421) (40.3275 s)
>> 239 (6025: 7946 7951 7946) (40.2486 s)
>> 225 (3208: 9761 9786 9761) (40.2258 s)
>> 224 (26270: 9977 9985 9977) (40.2525 s)
>> 212 (18613: 7881 7897 7881) (40.4005 s)
>> 208 (15261: 9489 9499 9489) (40.3126 s)
>> 205 (6627: 7644 7649 7644) (40.2967 s)
>> 190 (22582: 9557 9566 9557) (40.2013 s)
>> 176 (22967: 8480 8575 8480) (40.1008 s)
>> 172 (30114: 8767 28300 8767) (40.0845 s)
>> 166 (11297: 10289 10290 10289) (40.022 s)
>> 161 (18485: 7934 7949 7934) (40.19 s)
>> 156 (7345: 7344 7348 7344) (39.9279 s)
>> 154 (14057: 10052 10066 10052) (39.9013 s)
>> 139 (5147: 8410 8417 8410) (39.9278 s)
>> 138 (16337: 8954 8950 8954) (39.8143 s)
>> 136 (15076: 9590 9663 9590) (39.8072 s)
>> 135 (19040: 7727 7739 7727) (39.7459 s)
>> 129 (6233: 7835 7849 7835) (40.2004 s)
>> 127 (27750: 9348 9380 9348) (39.7432 s)
>> 121 (4261: 9095 9136 9095) (39.6558 s)
>> 594 (15949: 9134 16010 9134) (39.7685 s)
>> 105 (6412: 7719 7740 7719) (39.6981 s)
>> 63 (10851: 9423 9456 9423) (39.6243 s)
>> 59 (12019: 7692 7701 7692) (39.557 s)
>> 57 (23728: 9368 9378 9368) (39.561 s)
>> 54 (16436: 8886 8901 8886) (39.6566 s)
>> 53 (27184: 7652 7663 7652) (39.4156 s)
>> 50 (4250: 9098 9111 9098) (39.3185 s)
>> 3143 (12375: 9094 9123 9094) (39.3831 s)
>> 1221 (1466: 9149 9185 9149) (39.3192 s)
>> 49 (21681: 8110 8060 8110) (39.2683 s)
>> 31 (23637: 9293 9308 9293) (39.3409 s)
>> 22 (14725: 9724 9759 9724) (39.342 s)
>> 4 (24731: 8026 25931 8026) (39.2459 s)
>> 0 (-1: -1 -1 -1) (39.2613 s)
Zelikovsky 46383.3 s
>> 36577 (11754: 10285 10287 10277) (2115.93 s)
>> 33893 (9170: 9169 9179 9171) (2042.94 s)
>> 27711 (14412: 9937 9910 9907) (2105.88 s)
>> 27393 (23681: 7511 7457 7427) (2104.8 s)
>> 23504 (19366: 7549 7593 7586) (2102.85 s)
>> 23121 (14136: 10082 10024 9473) (2071.15 s)
>> 22748 (25267: 9963 10142 10067) (2114.19 s)
>> 22444 (16695: 8760 8773 8723) (2111.05 s)
>> 17903 (26229: 25097 32036 7759) (2109.7 s)
>> 17120 (9272: 9127 10082 9270) (2114.97 s)
>> 16962 (21876: 7742 7888 7788) (2101.02 s)
>> 14550 (10270: 10285 10269 10234) (2115.02 s)
>> 14318 (10216: 10255 10215 10092) (2108.92 s)
>> 13758 (10267: 27934 10279 10266) (2060.32 s)
>> 13024 (571: 7423 7430 7428) (2093.68 s)
>> 12972 (1484: 7611 23970 7560) (2091.42 s)
>> 12737 (3528: 25376 9618 9453) (2081.5 s)
>> 11709 (26979: 9382 9199 9035) (2005.19 s)
>> 10920 (6639: 7633 7717 7647) (2074.25 s)
>> 10852 (23339: 18326 7705 8265) (2071.73 s)
>> 10849 (20702: 9942 9881 9781) (2068.27 s)
>> 10687 (13: 10018 9929 9863) (2031.59 s)
>> 10399 (1699: 10111 10138 10080) (2062.28 s)
>> 10269 (10191: 10143 10278 10189) (2061.94 s)
>> 10217 (17680: 8387 8342 8321) (2056.61 s)
>> 10079 (6861: 28667 7504 7497) (2008.15 s)
>> 9918 (29502: 8387 8502 8498) (2051.91 s)
>> 9848 (30527: 10009 10004 9944) (2050.51 s)
>> 9766 (475: 7929 7750 7724) (2045.01 s)
>> 9480 (14727: 9754 9939 9577) (2010.95 s)
>> 9275 (24352: 8400 25097 8482) (2044.02 s)
>> 9030 (30594: 7619 7681 7575) (2046.43 s)
>> 8621 (14074: 10069 10043 9982) (2032.9 s)
>> 8267 (21628: 7933 7965 8000) (1971.13 s)
>> 7890 (27410: 9429 9761 9340) (2041.88 s)
>> 7856 (25687: 8610 8809 8746) (2026.95 s)
>> 7621 (6517: 7729 7511 7690) (2028.6 s)
>> 7419 (14157: 10009 10025 10003) (1984.7 s)
>> 7264 (13623: 10237 10247 10243) (2013.91 s)
>> 7230 (24484: 8799 8857 8780) (2012.37 s)
>> 7185 (8485: 8437 8483 8436) (2005.61 s)
>> 7064 (23608: 9470 9642 9587) (1986.14 s)
>> 6932 (7782: 7767 7781 7611) (2002.63 s)
>> 6804 (18470: 7975 7956 7929) (2000.25 s)
>> 6695 (6968: 7439 7467 7453) (1995.24 s)
>> 6639 (8682: 8624 8681 8531) (1959.67 s)
>> 6530 (30902: 7572 7616 7612) (1987.36 s)
>> 6479 (2608: 10175 10164 9127) (1989.13 s)
>> 6293 (14197: 10000 10111 9979) (1984.02 s)
>> 6161 (28246: 8400 7802 7619) (1908.49 s)
>> 6037 (8509: 8555 8506 8491) (1974.17 s)
>> 5939 (1900: 8894 9037 8875) (1976.52 s)
>> 5924 (5886: 8016 8144 8040) (1981.62 s)
>> 5922 (3947: 9303 9393 9355) (1938.7 s)
>> 5711 (2019: 9985 9981 9965) (1974.27 s)
>> 5692 (16564: 8844 8804 8864) (1977.92 s)
>> 5682 (18500: 7895 7957 7953) (1959.97 s)
>> 5673 (30405: 9220 9234 9213) (1911.13 s)
>> 5648 (4759: 8705 8676 8667) (1956.5 s)
>> 5552 (15541: 25376 9365 9194) (1951.98 s)
>> 5448 (13901: 10165 10133 10110) (1946.15 s)
>> 7416 (21696: 10022 10165 10035) (1908.04 s)
>> 5431 (3834: 9327 9470 9400) (1943.68 s)
>> 5333 (11633: 8751 17025 8700) (1940.34 s)
>> 5307 (7230: 7338 7373 7358) (1937.17 s)
>> 5252 (29138: 9984 10031 9986) (1861.58 s)
>> 5224 (2072: 9021 8898 8892) (1930.77 s)
>> 5207 (10449: 25376 9220 9130) (1932.24 s)
>> 5099 (7278: 7311 7309 7307) (1927.5 s)
>> 5095 (2709: 32181 10064 10054) (1888.64 s)
>> 5045 (13910: 10112 10153 10114) (1921.79 s)
>> 5014 (14221: 9962 10000 9983) (1919.6 s)
>> 4896 (4626: 8863 8861 8860) (1915.95 s)
>> 4859 (9278: 9288 9276 9238) (1925.75 s)
>> 4830 (5476: 8228 8316 8271) (1908.57 s)
>> 4740 (2394: 10285 10276 10272) (1922.05 s)
>> 4711 (26061: 9458 9430 9376) (1907.47 s)
>> 4671 (2792: 9956 9985 9975) (1868.67 s)
>> 4660 (4993: 8624 8512 8501) (1899.92 s)
>> 4594 (18192: 8064 8100 8093) (1896.68 s)
>> 4583 (7601: 7576 7625 7600) (1891.11 s)
>> 4537 (14166: 10001 10022 10011) (1820.17 s)
>> 4530 (7: 10018 9927 9900) (1883.82 s)
>> 4508 (28047: 7736 7731 7709) (1885.48 s)
>> 4463 (25689: 8562 8564 8439) (1878.47 s)
>> 4439 (6929: 7477 7464 7455) (2021.77 s)
>> 4437 (14566: 9788 9826 9795) (1980.04 s)
>> 4419 (24943: 7468 7476 7452) (1879.05 s)
>> 4362 (7398: 7411 7396 7389) (1876.7 s)
>> 4359 (9766: 9789 9765 9749) (1820.78 s)
>> 4297 (7319: 19993 7324 7317) (1870.1 s)
>> 4169 (3494: 9686 9631 9605) (1870.19 s)
>> 4104 (5073: 8452 8474 8447) (1868.84 s)
>> 4040 (32057: 7894 7841 7872) (1833.59 s)
>> 4029 (21977: 7867 7842 7825) (1857.93 s)
>> 4025 (16411: 8953 8910 8865) (1876.54 s)
>> 4005 (19170: 7699 124 7689) (1854.16 s)
>> 3949 (21673: 8107 8242 8185) (1788.17 s)
>> 3924 (25739: 10218 10200 10193) (1856.35 s)
>> 3919 (30013: 7637 7671 7668) (1848.69 s)
>> 3906 (3253: 9816 9783 9763) (1846.42 s)
>> 3781 (8874: 8887 8872 8844) (1808.9 s)
>> 3778 (8716: 8649 8719 8714) (1840.34 s)
>> 3777 (5316: 8304 8355 8346) (1836.04 s)
>> 3776 (2587: 10159 10176 10170) (1835.49 s)
>> 3759 (3147: 9828 9809 9794) (1801.4 s)
>> 3758 (22258: 8006 8027 8019) (1828.74 s)
>> 3754 (26199: 10294 23597 10295) (1824.49 s)
>> 3751 (31993: 9973 10120 9990) (1791.06 s)
>> 3749 (1727: 8554 8526 8487) (1744.26 s)
>> 3746 (894: 7529 7544 7520) (1768.96 s)
>> 3710 (812: 7411 7365 7338) (1765.38 s)
>> 3702 (8657: 8634 8666 8655) (1769.69 s)
>> 3701 (19554: 7503 7540 7485) (1699.14 s)
>> 3679 (18083: 8064 8174 8168) (1768.42 s)
>> 3622 (5128: 8449 8422 8387) (1754.8 s)
>> 3603 (8867: 8895 8866 8858) (1753.38 s)
>> 3595 (7055: 7419 7431 7426) (1721.56 s)
>> 3594 (23770: 7678 31717 7736) (1743.62 s)
>> 3575 (21249: 7760 7813 7733) (1739.86 s)
>> 3536 (3009: 9865 9880 9879) (1732.75 s)
>> 3499 (5686: 8164 8191 8064) (1691.93 s)
>> 3499 (6618: 7642 7652 7636) (1728.76 s)
>> 3483 (22017: 8775 8788 8690) (1725.22 s)
>> 3476 (2954: 9914 9905 9898) (1721.85 s)
>> 3462 (18040: 8207 8200 8182) (1692.62 s)
>> 3393 (8890: 8895 8889 8879) (1716.68 s)
>> 3388 (6749: 7556 7621 7562) (1716.63 s)
>> 3386 (14090: 10049 10044 10009) (1658.04 s)
>> 3379 (3703: 9466 9500 9497) (1552.21 s)
>> 3377 (4294: 9009 9120 9078) (1596.4 s)
>> 3344 (1798: 10286 24999 10285) (1592.18 s)
>> 3338 (29490: 9450 9444 9425) (1585.54 s)
>> 3327 (2576: 10166 2566 10177) (1574.87 s)
>> 3310 (21985: 7839 7820 7815) (1574.98 s)
>> 3306 (3329: 9653 9725 9711) (1579.54 s)
>> 3304 (28935: 9348 9314 9292) (1572.66 s)
>> 3239 (31123: 8900 8887 8881) (1616.82 s)
>> 3229 (19675: 7462 7468 7461) (1569.5 s)
>> 3211 (21412: 10146 10139 10104) (1567.21 s)
>> 3185 (29218: 8400 7975 7809) (1564.94 s)
>> 3183 (26627: 9321 9334 9699) (1539.81 s)
>> 3163 (7294: 7311 7306 7304) (1558.48 s)
>> 3160 (8829: 16586 24040 8828) (1556.12 s)
>> 3120 (18637: 7885 7903 7811) (1553.9 s)
>> 3092 (10259: 27934 10257 10171) (1508.66 s)
>> 3077 (12371: 8396 8366 8348) (1543.06 s)
>> 3075 (2813: 9960 9984 9967) (1539.32 s)
>> 3056 (5531: 8314 8457 8252) (1542.06 s)
>> 3053 (26289: 10280 10282 10143) (1517.72 s)
>> 3034 (4239: 9054 9124 9104) (1536.97 s)
>> 3016 (19616: 7491 7486 7477) (1536.39 s)
>> 3014 (28485: 20105 8760 8752) (1527.07 s)
>> 3000 (8758: 8745 28300 8757) (1506.48 s)
>> 2994 (5916: 8043 8031 8012) (1521.03 s)
>> 2985 (2423: 10264 10256 10252) (1517.18 s)
>> 2973 (18562: 7938 8400 7911) (1515.21 s)
>> 2967 (24552: 9942 9973 9955) (1490.58 s)
>> 2965 (11999: 7949 7923 7894) (1513.49 s)
>> 2944 (4317: 9113 9072 9043) (1508.09 s)
>> 2942 (1479: 7746 7771 7765) (1507.05 s)
>> 2927 (16371: 8924 8945 8920) (1466.05 s)
>> 2891 (25379: 8344 8392 8383) (1504.75 s)
>> 2880 (8749: 8770 8708 8748) (1497.96 s)
>> 2879 (6047: 7950 7928 7886) (1496.09 s)
>> 2871 (5803: 8123 8103 8044) (1473.99 s)
>> 2864 (3078: 9837 9854 9848) (1494.01 s)
>> 2864 (10378: 9991 9993 9980) (1485.25 s)
>> 2836 (32518: 8705 8709 8637) (1506.04 s)
>> 2830 (4042: 9235 9289 9269) (1487.62 s)
>> 2810 (2880: 9937 9968 9949) (1485.08 s)
>> 2795 (18586: 7915 7939 7904) (1475.68 s)
>> 2964 (1093: 7915 7883 7874) (1472.76 s)
>> 2764 (1778: 7704 6453 7741) (1447.3 s)
>> 2754 (6255: 7848 7834 7814) (1468 s)
>> 2734 (2671: 10081 10113 10100) (1493.68 s)
>> 2719 (25665: 8899 8948 8896) (2125.74 s)
>> 2699 (15884: 9180 9154 9140) (2033.11 s)
>> 2691 (27772: 9645 9706 9664) (1887.44 s)
>> 2671 (7527: 7529 7533 7525) (2131.47 s)
>> 2658 (22953: 9162 9158 9103) (1880.75 s)
>> 2639 (4745: 8641 8770 8678) (2324.18 s)
>> 2630 (7564: 7568 7563 7551) (2215.08 s)
>> 2625 (26428: 9323 9352 9303) (2192.31 s)
>> 2618 (5123: 8408 17348 8423) (2165.02 s)
>> 2596 (4711: 8649 8728 8704) (1723.24 s)
>> 3281 (8763: 8753 8761 8649) (1950.29 s)
>> 2587 (26438: 9075 9095 9089) (1948.91 s)
>> 2583 (577: 7514 7510 7507) (1969.62 s)
>> 2572 (19364: 7585 7742 7603) (1995.7 s)
>> 2571 (7763: 7761 7780 7762) (2072.58 s)
>> 2571 (17064: 8638 8584 8554) (1860.24 s)
>> 2567 (5430: 8248 8347 8294) (2016.41 s)
>> 2557 (2940: 9926 9917 9889) (1717.32 s)
>> 2554 (1171: 7400 7419 7409) (1709.34 s)
>> 2533 (8756: 8727 8777 8754) (1670.44 s)
>> 2517 (7262: 7326 7320 7313) (1696.73 s)
>> 2499 (8686: 8675 8685 8634) (1605.43 s)
>> 2491 (2949: 9901 10069 9913) (1691.1 s)
>> 2491 (15834: 9178 9167 9162) (1720.23 s)
>> 2482 (18552: 7948 7925 7907) (1631.91 s)
>> 2479 (4005: 9320 9346 9297) (1955.46 s)
>> 2460 (19493: 7519 7539 7538) (1195.21 s)
>> 2442 (5473: 8292 8272 8234) (1284.59 s)
>> 2438 (5254: 8393 8409 8373) (1387.09 s)
>> 2435 (10593: 7699 7767 7535) (1300.16 s)
>> 2430 (5171: 8395 8450 8412) (1361.96 s)
>> 2421 (26874: 9257 9312 9113) (1364.72 s)
>> 2417 (4285: 9038 9088 9079) (1739.71 s)
>> 2412 (12330: 10205 10209 10197) (1586.88 s)
>> 2383 (28984: 8899 8925 8909) (1341.01 s)
>> 2382 (10878: 7838 7800 7798) (1293.74 s)
>> 2378 (4600: 8914 8893 8882) (1254.64 s)
>> 2368 (5249: 8340 8376 8374) (1275.45 s)
>> 2368 (11485: 25376 9241 9161) (1357.3 s)
>> 2367 (15627: 9357 9328 9318) (1539.98 s)
>> 2347 (30592: 9760 9942 9727) (1658.37 s)
>> 2342 (21268: 7615 7606 7576) (1500.21 s)
>> 2333 (16420: 8936 8906 8885) (1762.02 s)
>> 2302 (3432: 9678 9684 9669) (1366.03 s)
>> 2301 (8037: 8006 8069 8035) (1505.59 s)
>> 2294 (27268: 7976 7989 7981) (1446.47 s)
>> 3093 (203: 7964 6005 7976) (1468.44 s)
>> 2289 (32333: 31761 10094 10090) (1359.69 s)
>> 2282 (4990: 8486 8563 8510) (1497.02 s)
>> 2275 (3500: 9576 9674 9630) (1311.12 s)
>> 2275 (27449: 8489 8481 8478) (1381.16 s)
>> 2264 (13753: 10183 10218 10144) (1349.71 s)
>> 2262 (4209: 9133 9131 9118) (1435.19 s)
>> 2260 (32547: 8113 8171 8087) (1413.89 s)
>> 2257 (18266: 8066 25931 8045) (1328.07 s)
>> 2252 (16632: 8815 8796 8805) (1351.81 s)
>> 3235 (8832: 8842 8815 8830) (1474.36 s)
>> 2248 (3936: 9323 9386 9362) (1302.63 s)
>> 2246 (24820: 10241 10232 10227) (1323.71 s)
>> 2231 (5204: 8413 8390 8372) (1322.56 s)
>> 2228 (3569: 9621 9640 9593) (1400.47 s)
>> 2228 (4190: 9148 9128 9117) (1430.91 s)
>> 2226 (4346: 9098 9070 9064) (1407.05 s)
>> 2224 (22006: 9020 9055 8936) (1159.81 s)
>> 2220 (18218: 8043 8106 8076) (1316.48 s)
>> 2218 (6542: 7675 7682 7677) (1266.38 s)
>> 2211 (6202: 7847 7950 7863) (1388 s)
>> 2210 (1687: 10052 10048 10045) (1272.91 s)
>> 2207 (11876: 8663 8658 8636) (1366.62 s)
>> 2190 (4503: 8972 8999 8976) (1307.03 s)
>> 2186 (29224: 28489 9556 9510) (1242.32 s)
>> 2181 (26386: 8230 8281 8254) (1280.84 s)
>> 2176 (160: 8380 21757 8056) (1358.77 s)
>> 2174 (29401: 10169 10187 10179) (1283.63 s)
>> 2173 (11462: 10106 10105 10086) (1547.79 s)
>> 2171 (5675: 8205 8199 8163) (1260.37 s)
>> 2166 (3854: 15546 9420 9384) (1304.42 s)
>> 2160 (8559: 8544 8594 8558) (1394.7 s)
>> 2148 (4573: 4593 8924 8918) (1290.09 s)
>> 2140 (32428: 7578 7613 7566) (1237.55 s)
>> 2135 (12312: 9010 9075 9046) (1325.11 s)
>> 2131 (2701: 10070 10255 10038) (1224.16 s)
>> 2125 (11851: 9291 9273 9246) (1259.67 s)
>> 2124 (4280: 9021 9086 9054) (1284.81 s)
>> 2123 (5220: 8413 8406 8386) (1263.8 s)
>> 2116 (16275: 8952 8983 8969) (1197.19 s)
>> 2108 (8310: 8396 8308 8278) (1271.6 s)
>> 2107 (4946: 8557 8545 8539) (1360.58 s)
>> 2096 (3031: 9864 9876 9869) (1215.71 s)
>> 2095 (29412: 8740 8739 8733) (1189.44 s)
>> 2090 (5764: 8181 8115 8090) (1240.6 s)
>> 2085 (4516: 8995 8974 8944) (1431.89 s)
>> 2085 (4540: 8977 4593 8957) (1501.39 s)
>> 2083 (1018: 8816 8842 8801) (1424.73 s)
>> 2072 (16109: 9056 9014 9040) (1570.9 s)
>> 2066 (15751: 9257 9236 9227) (1305.21 s)
>> 2064 (2919: 9931 9945 9915) (1190.94 s)
>> 2063 (18919: 7794 7778 7773) (1053.15 s)
>> 2045 (12326: 9686 9753 9729) (1051.9 s)
>> 2039 (6133: 7873 7897 7890) (1046.33 s)
>> 2037 (5721: 8111 8201 8161) (1228.18 s)
>> 2032 (15611: 9338 9345 9313) (1193.44 s)
>> 2027 (22952: 9178 9132 9121) (1242.38 s)
>> 2027 (24317: 8262 8240 8205) (1383.87 s)
>> 2316 (17870: 8262 8320 8246) (1333.81 s)
>> 2012 (15801: 9228 9250 9221) (1166.57 s)
>> 2009 (3248: 9828 9782 9764) (1203.13 s)
>> 2008 (6058: 7947 7922 7898) (1196.9 s)
>> 2004 (17124: 8576 8814 8537) (1495.3 s)
>> 2000 (949: 7698 7713 7707) (1404.89 s)
>> 1985 (32117: 8581 8677 8623) (1119.83 s)
>> 1983 (24758: 8679 8706 8581) (1229.37 s)
>> 1977 (21397: 8360 8424 8385) (1567.32 s)
>> 1976 (5765: 8262 8114 8091) (1394.35 s)
>> 1972 (11282: 9536 9530 9483) (1486.91 s)
>> 1971 (23847: 9087 9051 9017) (1733.77 s)
>> 1970 (2269: 9737 9776 9574) (1253.61 s)
>> 1965 (5783: 8078 8121 8110) (1165.82 s)
>> 1957 (17496: 8398 8473 8431) (1121.82 s)
>> 1943 (146: 8963 8941 9020) (1536.79 s)
>> 1940 (28161: 10107 10106 9962) (1303.3 s)
>> 1934 (3480: 9686 9646 9616) (1168.62 s)
>> 1934 (16265: 8988 9023 8989) (1282.94 s)
>> 1931 (18626: 7884 7938 7882) (1284.9 s)
>> 1920 (19299: 7633 7632 7556) (1412.82 s)
>> 1913 (3755: 9465 9484 9472) (1105.71 s)
>> 1908 (6790: 7541 7534 7513) (1177.63 s)
>> 2027 (19508: 7541 7521 7518) (1181.35 s)
>> 1904 (2490: 10224 10230 10228) (1173.84 s)
>> 1904 (19354: 7615 7590 7579) (1089.96 s)
>> 1900 (29393: 7490 7498 7484) (1296.04 s)
>> 2184 (27995: 7509 7500 7490) (1247.15 s)
>> 1895 (9333: 9369 9331 9301) (1099.42 s)
>> 1895 (24679: 9206 9244 9229) (1025 s)
>> 1888 (31538: 9247 9275 9232) (1037.82 s)
>> 1887 (1268: 8555 8514 8490) (1083.31 s)
>> 1884 (5353: 8339 8343 8338) (1192.99 s)
>> 1878 (8405: 8437 8403 8273) (1180.67 s)
>> 1870 (884: 8046 8041 8029) (1292.96 s)
>> 1864 (6535: 7657 7683 7678) (1234.09 s)
>> 1863 (17162: 8553 8548 8551) (1190.2 s)
>> 1858 (9638: 9617 9660 9637) (1104.72 s)
>> 1847 (1017: 8072 8073 8034) (1235.6 s)
>> 1847 (10790: 8555 8452 8494) (1104.2 s)
>> 1844 (17364: 8460 8444 8435) (1045.89 s)
>> 1835 (5098: 8414 8472 8438) (1065.36 s)
>> 1823 (10677: 9093 9148 9102) (1158.37 s)
>> 1822 (6297: 7807 7804 7760) (1407.4 s)
>> 1822 (7128: 7411 7391 7362) (1401.79 s)
>> 1813 (28087: 9119 9112 9080) (1351.64 s)
>> 1812 (7140: 7379 7390 7387) (1481.86 s)
>> 1805 (2116: 22979 7808 7797) (1453.83 s)
>> 1802 (17174: 8570 8587 8449) (1153.51 s)
>> 1800 (1534: 8625 8612 8589) (1037.3 s)
>> 1795 (5319: 8339 8345 8341) (1167.38 s)
>> 1793 (7070: 7414 7422 7421) (1272.25 s)
>> 1793 (15334: 9441 9462 9440) (1280.14 s)
>> 1792 (16784: 8738 8745 8679) (1271.11 s)
>> 1791 (4221: 9105 16010 9116) (1405.2 s)
>> 1791 (25155: 7347 7411 7356) (1468.51 s)
>> 1788 (5042: 8465 8486 8397) (1106.95 s)
>> 1788 (19994: 7336 19963 7342) (1092.63 s)
>> 1785 (5831: 8066 8077 8071) (1126 s)
>> 1779 (11920: 9450 9536 9327) (1095.59 s)
>> 1771 (19096: 7712 7710 7699) (1089.49 s)
>> 1762 (6414: 7657 7748 7740) (1104.82 s)
>> 1735 (15214: 9466 9523 9505) (992.032 s)
>> 2331 (11886: 9466 9578 9545) (991.449 s)
>> 1732 (5615: 8192 8248 8219) (1393.2 s)
>> 1732 (6697: 7622 7655 7627) (1440.34 s)
>> 1725 (21002: 7967 7988 7963) (1439.83 s)
>> 1722 (1267: 8315 8395 8317) (1377.06 s)
>> 1721 (30404: 28299 8787 8785) (1433.4 s)
>> 1716 (18537: 7921 13217 7945) (1295.9 s)
>> 1711 (16659: 8793 8808 8797) (1317.06 s)
>> 1699 (5573: 8107 8396 8244) (1287.13 s)
>> 1694 (31828: 10175 10119 10101) (1432.07 s)
>> 1693 (11700: 7405 7415 7414) (1114.24 s)
>> 1688 (3749: 9490 9475 9449) (1196.25 s)
>> 1687 (15190: 9543 9527 9515) (1087.51 s)
>> 2384 (25839: 9686 9601 9543) (1121.79 s)
>> 1679 (2790: 9991 10107 9978) (1018.39 s)
>> 1674 (18104: 8155 8128 8127) (1164.03 s)
>> 1670 (23887: 9992 10002 9991) (1076.03 s)
>> 1666 (20182: 8207 8104 8120) (1130.83 s)
>> 1663 (18116: 8164 8137 8131) (1173.01 s)
>> 1662 (15165: 9532 9555 9544) (1416.1 s)
>> 1661 (13024: 8312 8319 8300) (1458.71 s)
>> 1660 (13382: 7503 7550 7545) (1072.86 s)
>> 1654 (12869: 8668 8654 8640) (1051.84 s)
>> 1643 (15742: 9254 9233 9255) (1523.33 s)
>> 1633 (16131: 9053 9074 10628) (1351.11 s)
>> 1632 (29133: 10127 10147 10126) (1309.39 s)
>> 1630 (1247: 9267 9254 9283) (1217.05 s)
>> 1628 (18073: 8143 8180 8011) (1407.46 s)
>> 1627 (7941: 7949 7940 7935) (1332.59 s)
>> 1624 (12203: 7568 7553 7542) (1294.78 s)
>> 1613 (25492: 9390 9385 9367) (1254.95 s)
>> 1608 (4650: 8827 8841 8838) (1259.12 s)
>> 1617 (30649: 8827 9021 8799) (1327.37 s)
>> 1606 (784: 783 8460 8425) (1241.05 s)
>> 1600 (2439: 10264 10251 10242) (1116.01 s)
>> 1596 (29179: 9789 9769 9693) (1126.93 s)
>> 1592 (3295: 9757 9745 9653) (1449.47 s)
>> 1578 (26063: 25344 10225 10231) (1308.91 s)
>> 1575 (3287: 9747 9750 9686) (1234.4 s)
>> 1571 (5385: 8299 8305 8302) (1286.83 s)
>> 1570 (23365: 8290 20105 8220) (1167.26 s)
>> 1564 (21923: 8008 7993 7964) (1126.87 s)
>> 1562 (9478: 9479 9499 9476) (1006.98 s)
>> 1560 (19295: 7620 7642 7615) (1025.4 s)
>> 1559 (25531: 9724 9732 9717) (1099.87 s)
>> 1556 (22879: 7667 6853 7643) (1500.19 s)
>> 1551 (4915: 8557 8601 8572) (1229.96 s)
>> 1547 (26127: 9824 9801 9793) (1247.64 s)
>> 1542 (28745: 9868 9926 9890) (1296.76 s)
>> 1542 (31466: 9084 16262 9053) (1266.97 s)
>> 1534 (15625: 9257 9364 9338) (1137.36 s)
>> 1532 (19198: 7672 7676 7662) (1313.26 s)
>> 1531 (24648: 20030 7336 7329) (1203.53 s)
>> 1528 (2539: 10203 10198 10194) (1368.46 s)
>> 1521 (10706: 8927 8978 8914) (1129.08 s)
>> 1517 (16103: 9081 9058 9056) (1302.12 s)
>> 1514 (25679: 10154 10148 10145) (1229.62 s)
>> 2104 (2622: 10166 10160 10154) (1369.36 s)
>> 1503 (16250: 8986 9081 8996) (1160.35 s)
>> 1498 (22136: 7637 7614 7574) (1219.64 s)
>> 1492 (25042: 8984 9008 8992) (1172.89 s)
>> 1486 (18401: 7990 8043 7999) (1327.54 s)
>> 1485 (3534: 9656 9614 9562) (1170.72 s)
>> 1482 (28342: 8894 9382 8899) (1287.55 s)
>> 1480 (1535: 7394 7401 7395) (1190.24 s)
>> 1480 (15457: 9370 9406 9377) (1326.38 s)
>> 1479 (30644: 9789 9843 9813) (1047.41 s)
>> 1478 (22778: 7434 7440 7443) (1017.62 s)
>> 1475 (13980: 10089 10083 10074) (986.424 s)
>> 1473 (6666: 7620 7634 7626) (1026.49 s)
>> 1472 (17608: 8381 8349 8284) (983.409 s)
>> 1469 (15534: 9401 9383 9371) (1033.71 s)
>> 1465 (4612: 8883 8878 8877) (1001.92 s)
>> 1462 (2208: 9651 9679 9626) (1024.69 s)
>> 1454 (2223: 8109 8111 8059) (957.351 s)
>> 1453 (4792: 8673 8674 8650) (1025.18 s)
>> 1452 (3718: 28489 9503 9488) (995.366 s)
>> 1445 (25141: 8653 8641 8582) (1020.97 s)
>> 1445 (27755: 8599 8632 8629) (965.995 s)
>> 1443 (13450: 7366 7364 7360) (1016.16 s)
>> 1438 (19392: 7620 7568 7567) (988.872 s)
>> 1429 (20657: 7491 7506 7470) (1016.58 s)
>> 1428 (10098: 10093 10127 10097) (945.029 s)
>> 1426 (16516: 8862 8963 8870) (1008.31 s)
>> 1420 (24008: 9822 9850 9821) (981.915 s)
>> 1417 (15916: 9133 9185 9149) (1007.02 s)
>> 1407 (5700: 8204 8196 8188) (956.863 s)
>> 1407 (6163: 7870 7880 7864) (1004.03 s)
>> 1398 (31844: 8765 8753 8724) (974.341 s)
>> 1396 (29732: 8573 8625 8561) (1002.23 s)
>> 1395 (3322: 9692 9734 9726) (928.504 s)
>> 1395 (16857: 8688 8680 8648) (994.878 s)
>> 1393 (13679: 10224 10213 10201) (966.327 s)
>> 1391 (15806: 9235 9196 9160) (990.943 s)
>> 1388 (1692: 8546 8600 8585) (903.991 s)
>> 1387 (27133: 9445 9457 9437) (839.354 s)
>> 1384 (27903: 19243 7646 7618) (826.565 s)
>> 1380 (10630: 8973 8986 8862) (837.635 s)
>> 1380 (25811: 9481 9501 9446) (806 s)
>> 1377 (25023: 7786 7792 7783) (835.05 s)
>> 1375 (19450: 7549 7546 7529) (821.872 s)
>> 1371 (18091: 8145 8203 8116) (831.131 s)
>> 1369 (7173: 19875 7377 7370) (806.724 s)
>> 1363 (15843: 4138 9205 9177) (828.937 s)
>> 1359 (16576: 8839 8863 8847) (814.399 s)
>> 1359 (24714: 9410 9436 9370) (826.735 s)
>> 1355 (18256: 8049 8107 8057) (793.156 s)
>> 1354 (19983: 7337 7347 7352) (822.775 s)
>> 1353 (4126: 9178 9217 9181) (810.249 s)
>> 1650 (15734: 9267 9178 9259) (820.033 s)
>> 1352 (23181: 7337 7331 7349) (795.586 s)
>> 1342 (9067: 8973 9082 9065) (817.9 s)
>> 1340 (3707: 9490 9493 9491) (803.132 s)
>> 1336 (29121: 29120 7466 7337) (813.198 s)
>> 1334 (16020: 9092 16138 9114) (790.901 s)
>> 1332 (1356: 9866 9932 9914) (814.336 s)
>> 1332 (26335: 8195 8228 8159) (801.153 s)
>> 1330 (26023: 7315 7325 7312) (812.021 s)
>> 1329 (1587: 7687 7679 7695) (787.392 s)
>> 1328 (22817: 9755 9762 9700) (807.854 s)
>> 1322 (2992: 9864 9901 9888) (795.354 s)
>> 1322 (26711: 25376 9885 9878) (803.13 s)
>> 1321 (27369: 8781 8766 8778) (773.43 s)
>> 1313 (10655: 9541 9607 9554) (800.519 s)
>> 1312 (12051: 8827 9098 9050) (787.814 s)
>> 1307 (14847: 9681 9724 9701) (798.729 s)
>> 1302 (602: 10183 10192 10155) (774.51 s)
>> 1301 (4079: 9211 9239 9228) (794.888 s)
>> 1298 (4925: 8465 8571 8546) (782.205 s)
>> 1298 (15698: 9369 9279 9168) (792.348 s)
>> 1290 (2460: 10239 10238 10233) (761.996 s)
>> 1278 (5081: 8420 8451 8445) (788.956 s)
>> 1268 (17231: 8518 12880 8489) (776.481 s)
>> 1268 (23926: 8007 8014 7997) (784.708 s)
>> 1267 (14019: 10077 10073 10072) (763.816 s)
>> 1266 (11025: 7572 7667 7631) (782.763 s)
>> 1260 (8288: 8286 8287 8276) (770.123 s)
>> 1257 (15430: 9443 9433 9405) (779.076 s)
>> 1256 (3655: 9533 11490 9737) (749.09 s)
>> 1253 (9165: 9189 9169 9164) (776.911 s)
>> 1252 (31428: 9976 9966 9956) (764.061 s)
>> 1250 (4587: 8977 8905 8901) (773.902 s)
>> 1250 (15458: 9399 9408 9374) (751.041 s)
>> 1246 (24627: 9712 9747 9682) (772.087 s)
>> 1243 (6622: 7630 7650 7620) (758.429 s)
>> 1233 (9935: 9938 10018 9933) (768.564 s)
>> 1230 (29834: 9719 9698 9681) (739.595 s)
>> 1217 (3545: 9648 9636 9612) (765.15 s)
>> 1216 (16551: 8851 8845 8836) (752.431 s)
>> 1214 (2942: 9866 9921 9916) (763.09 s)
>> 1208 (6554: 7670 19243 7680) (739.944 s)
>> 1208 (9841: 9842 9838 9833) (760.418 s)
>> 1201 (10440: 9976 14190 9972) (747.448 s)
>> 1200 (882: 8058 8105 8075) (755.995 s)
>> 1197 (22227: 8535 8541 8525) (728.54 s)
>> 1192 (16403: 8923 8942 8902) (754.943 s)
>> 1236 (30758: 16460 8923 8903) (741.462 s)
>> 1189 (14866: 9687 9673 9661) (752.632 s)
>> 1186 (15528: 9339 9401 9350) (729.73 s)
>> 1184 (6499: 7696 7691 7673) (749.64 s)
>> 1181 (20600: 16925 8631 8626) (736.678 s)
>> 1470 (4800: 8705 16925 8642) (747.167 s)
>> 1180 (5150: 8441 8416 8413) (719.458 s)
>> 1177 (13958: 10087 10081 10078) (744.657 s)
>> 1171 (5094: 8420 8442 8441) (731.085 s)
>> 1168 (22384: 8331 8326 8262) (741.213 s)
>> 1165 (8608: 8544 8609 8605) (719.046 s)
>> 1164 (28029: 9799 9800 9746) (738.478 s)
>> 1163 (11210: 22979 7829 7793) (725.852 s)
>> 1155 (17778: 8282 8330 8233) (735.824 s)
>> 1144 (3056: 9864 9861 9849) (708.038 s)
>> 1143 (26319: 9320 9280 9274) (733.789 s)
>> 1132 (27846: 8155 8117 8112) (721.015 s)
>> 1129 (5157: 8393 8418 8415) (731.446 s)
>> 1127 (3600: 9576 9565 9528) (709.238 s)
>> 1127 (19137: 7692 7698 7694) (728.456 s)
>> 1123 (16661: 8793 8792 28299) (716.595 s)
>> 1122 (17989: 8194 8232 8225) (725.224 s)
>> 1121 (3645: 9506 9712 9534) (697.517 s)
>> 1120 (23865: 10088 10093 10077) (722.519 s)
>> 1119 (16731: 8781 8764 8740) (710.509 s)
>> 1115 (3988: 9357 9317 9298) (719.727 s)
>> 1113 (8469: 8555 8471 8467) (698.945 s)
>> 1110 (1939: 7480 7495 7462) (717.744 s)
>> 4015 (22718: 7585 7557 7480) (705.865 s)
>> 1110 (27979: 9694 9668 9757) (714.925 s)
>> 1107 (5547: 8243 8250 8249) (687.012 s)
>> 1107 (23116: 8193 8570 8016) (712.282 s)
>> 1107 (27704: 8738 8602 8577) (699.302 s)
>> 1106 (18098: 8164 8156 8146) (708.415 s)
>> 1105 (3615: 9535 9553 9490) (687.053 s)
>> 1103 (8534: 8522 8653 8533) (706.181 s)
>> 1103 (17006: 8603 8620 8586) (693.564 s)
>> 1102 (6287: 7840 7818 7812) (703.465 s)
>> 1101 (20871: 10010 10008 10007) (675.792 s)
>> 1099 (19427: 7552 7578 7561) (700.635 s)
>> 1097 (6004: 7960 7955 7947) (688.708 s)
>> 1096 (14912: 9695 9703 9671) (698.19 s)
>> 1094 (206: 8279 8267 8224) (677.42 s)
>> 1093 (15307: 9442 9471 9480) (696.245 s)
>> 1092 (2975: 9884 9931 9897) (684.409 s)
>> 1089 (16666: 8791 8790 8782) (693.12 s)
>> 1081 (28321: 7967 8002 7994) (665.861 s)
>> 1080 (25327: 8598 8705 8618) (691.521 s)
>> 1079 (6292: 7807 7824 7799) (678.701 s)
>> 1056 (21457: 9542 9619 9582) (689.504 s)
>> 1045 (11303: 12237 9339 9326) (667.422 s)
>> 1044 (12792: 8980 9004 8985) (685.604 s)
>> 1044 (16134: 8988 9092 9087) (673.716 s)
>> 1043 (3525: 9625 9598 9575) (683.209 s)
>> 1041 (15247: 9492 9508 9474) (657.769 s)
>> 1036 (26504: 7505 7541 7509) (681.395 s)
>> 1030 (3079: 9832 9859 9847) (669.039 s)
>> 1030 (6357: 7775 7787 7776) (678.963 s)
>> 1029 (16163: 9033 9119 9012) (658.625 s)
>> 1026 (27497: 7720 7739 7716) (676.185 s)
>> 1025 (14328: 9948 9954 9941) (664.351 s)
>> 1023 (17119: 8583 8565 8544) (674.046 s)
>> 1023 (29832: 9743 9759 9719) (647.448 s)
>> 1021 (7197: 7372 7374 7367) (672.367 s)
>> 1021 (28230: 9506 9591 9450) (660.646 s)
>> 1019 (25130: 8344 783 8398) (668.96 s)
>> 1018 (24148: 9409 9441 9390) (648.985 s)
>> 1017 (17771: 8297 8295 8285) (666.674 s)
>> 1014 (19058: 7725 7715 7730) (654.349 s)
>> 1012 (6594: 7644 7666 7637) (663.326 s)
>> 1009 (6918: 7439 7469 7465) (638.645 s)
>> 1009 (16321: 8964 8972 8962) (661.342 s)
>> 997 (5566: 8229 8245 8238) (649.698 s)
>> 997 (18227: 8109 8070 8061) (658.512 s)
>> 991 (5462: 8261 8279 8274) (639.522 s)
>> 984 (12784: 9015 4369 8998) (656.384 s)
>> 976 (4729: 8672 8696 8689) (644.682 s)
>> 971 (12026: 9822 9807 9796) (653.884 s)
>> 965 (5433: 8315 8303 8293) (627.568 s)
>> 965 (14341: 22645 9946 9754) (651.405 s)
>> 960 (17201: 8524 8557 8420) (639.851 s)
>> 959 (11849: 9558 9561 9540) (648.882 s)
>> 942 (18687: 7873 7869 7850) (629.004 s)
>> 918 (13673: 10214 10229 10223) (646.997 s)
>> 912 (15222: 9507 9409 9656) (635.636 s)
>> 910 (8434: 8414 8432 8049) (643.682 s)
>> 908 (19557: 7496 7572 7499) (616.567 s)
>> 906 (27743: 9245 9320 9258) (641.996 s)
>> 899 (16622: 8793 8817 8818) (630.195 s)
>> 897 (27563: 8712 8751 8718) (638.86 s)
>> 894 (16582: 8840 8848 8851) (619.31 s)
>> 893 (13280: 7794 7803 7791) (636.593 s)
>> 891 (16240: 9027 8973 9005) (625.964 s)
>> 891 (17620: 8361 8555 8370) (633.728 s)
>> 885 (119: 9398 9448 9428) (609.841 s)
>> 885 (28594: 8286 8336 8306) (631.699 s)
>> 884 (9418: 9481 9417 9369) (621.84 s)
>> 882 (5510: 8264 17894 8280) (629.784 s)
>> 881 (2054: 9466 9535 9486) (611.418 s)
>> 880 (14240: 9977 9976 9964) (628.199 s)
>> 880 (21871: 8222 8243 8143) (616.68 s)
>> 878 (3825: 9411 9404 9394) (625.455 s)
>> 877 (14634: 9790 9799 9798) (601.703 s)
>> 877 (28664: 7966 7983 7977) (622.404 s)
>> 932 (28663: 8006 7966 7991) (612.235 s)
>> 876 (16337: 8979 8950 8952) (620.556 s)
>> 874 (16708: 8772 8784 8779) (601.729 s)
>> 871 (3406: 9678 9755 9683) (618.096 s)
>> 869 (16409: 8917 8922 8911) (607.649 s)
>> 849 (5309: 8381 8393 8337) (615.703 s)
>> 846 (14544: 9829 9842 9827) (591.568 s)
>> 845 (4140: 9125 9157 9138) (614.024 s)
>> 840 (19713: 7447 7448 7445) (603.396 s)
>> 838 (12022: 7854 7865 7848) (611.746 s)
>> 838 (16612: 8824 8806 8835) (592.985 s)
>> 837 (18464: 7959 7987 7948) (609.182 s)
>> 827 (27812: 8315 8325 8283) (597.665 s)
>> 826 (420: 8297 8339 8299) (606.063 s)
>> 815 (29079: 10052 10040 9960) (583.318 s)
>> 811 (30042: 7860 7879 7873) (603.58 s)
>> 810 (5613: 8223 8229 8207) (592.244 s)
>> 810 (24967: 9155 9188 9129) (601.106 s)
>> 809 (10777: 7854 7868 7861) (583.219 s)
>> 809 (15814: 9210 9247 9214) (598.634 s)
>> 807 (18985: 7744 31264 7738) (588.241 s)
>> 1350 (22281: 7711 7744 7721) (596.987 s)
>> 806 (18807: 7830 18827 7807) (573.067 s)
>> 803 (16374: 8932 8964 8933) (594.213 s)
>> 801 (15183: 9521 9604 9498) (583.305 s)
>> 801 (17613: 8369 8394 8192) (591.909 s)
>> 791 (6346: 7779 7794 7774) (573.996 s)
>> 790 (15194: 9487 9538 9514) (589.727 s)
>> 789 (16529: 8869 8953 8859) (579.097 s)
>> 778 (5245: 8524 8375 8297) (587.809 s)
>> 771 (6683: 7628 7672 7610) (564.538 s)
>> 768 (3841: 9381 9410 9392) (585.619 s)
>> 767 (13669: 10237 25344 10222) (574.962 s)
>> 767 (14011: 10079 32181 31761) (583.059 s)
>> 757 (24796: 9423 12237 9412) (565.595 s)
>> 755 (5087: 8443 8407 8381) (580.55 s)
>> 754 (31287: 7385 7394 7381) (569.971 s)
>> 752 (11507: 9707 9697 9659) (578.596 s)
>> 747 (5229: 8443 8465 8379) (555.803 s)
>> 747 (25634: 10261 10264 10254) (575.956 s)
>> 744 (6612: 7653 7658 7496) (565.605 s)
>> 742 (11016: 9295 9302 9429) (573.376 s)
>> 738 (5499: 8414 8292 8266) (556.266 s)
>> 731 (2375: 10296 10297 10294) (570.737 s)
>> 731 (2851: 10052 9957 9947) (560.923 s)
>> 729 (32533: 9853 9868 9855) (568.6 s)
>> 728 (30813: 8086 8223 8096) (547.591 s)
>> 727 (14164: 10020 10019 10010) (566.482 s)
>> 726 (21874: 9361 9423 9366) (556.8 s)
>> 725 (3096: 9837 9844 9829) (563.854 s)
>> 719 (26120: 8659 8675 8599) (547.625 s)
>> 718 (23550: 7543 7536 7505) (561.971 s)
>> 717 (13329: 7692 7701 7700) (552.356 s)
>> 712 (20239: 8078 8152 8134) (559.935 s)
>> 711 (15464: 9424 9506 9402) (538.171 s)
>> 711 (17840: 32548 8275 8222) (557.769 s)
>> 708 (4363: 9010 9052 8984) (548.115 s)
>> 704 (29693: 9620 9650 9611) (555.116 s)
>> 703 (30785: 8015 8003 7998) (538.679 s)
>> 701 (7026: 7434 7432 7400) (553.597 s)
>> 696 (18972: 7746 7751 7749) (544.096 s)
>> 693 (6730: 7552 7589 7584) (551.078 s)
>> 689 (15833: 9187 9211 9182) (529.651 s)
>> 689 (25941: 10033 10034 10023) (548.916 s)
>> 687 (18668: 7854 7887 7878) (539.183 s)
>> 685 (6026: 7946 7951 7949) (547.007 s)
>> 678 (15128: 9560 9609 9551) (530.112 s)
>> 670 (14803: 9702 9728 9707) (544.76 s)
>> 667 (18109: 8142 8195 8155) (535.055 s)
>> 666 (29922: 9237 9235 9133) (541.984 s)
>> 663 (6421: 7711 7737 7735) (521.39 s)
>> 661 (19634: 7479 7489 7478) (540.088 s)
>> 648 (19287: 7629 7670 7644) (530.732 s)
>> 647 (15070: 15100 28489 9617) (538.127 s)
>> 646 (15035: 9621 9651 9622) (522.169 s)
>> 645 (19051: 7714 7719 7692) (535.495 s)
>> 643 (31799: 8023 18337 8007) (526.174 s)
>> 640 (9343: 9351 9341 9245) (533.62 s)
>> 638 (31567: 8060 8047 8033) (514.439 s)
>> 634 (22090: 7837 7840 7833) (531.827 s)
>> 634 (30523: 9792 9873 9533) (522.463 s)
>> 632 (19810: 7410 7413 7412) (529.183 s)
>> 626 (19823: 7434 19875 7392) (513.789 s)
>> 624 (19935: 7372 7366 7363) (527.857 s)
>> 613 (26267: 9606 9621 9579) (518.534 s)
>> 611 (18990: 7734 7743 7714) (525.559 s)
>> 611 (25979: 8181 8189 8149) (504.646 s)
>> 610 (748: 8378 22593 8314) (523.144 s)
>> 610 (29864: 8078 8177 8164) (514.075 s)
>> 606 (6573: 7696 7674 7648) (520.8 s)
>> 602 (13954: 10146 10088 10001) (506.247 s)
>> 602 (30241: 7990 8078 8053) (519.253 s)
>> 600 (19544: 30737 7543 7517) (509.897 s)
>> 597 (9714: 9723 9705 9713) (516.756 s)
>> 596 (19971: 7357 20030 7355) (497.808 s)
>> 595 (29827: 9541 9613 9594) (514.802 s)
>> 591 (7148: 7378 7388 7383) (505.978 s)
>> 589 (23810: 9424 9504 9388) (512.9 s)
>> 588 (4666: 8786 8522 8869) (498.122 s)
>> 586 (15059: 9560 9620 9592) (510.855 s)
>> 584 (5377: 8304 8312 8311) (502.098 s)
>> 584 (14044: 10066 10060 10146) (508.391 s)
>> 583 (16154: 9049 9038 9011) (489.212 s)
>> 578 (27663: 8125 8141 7990) (506.026 s)
>> 578 (28283: 8190 8145 8086) (497.987 s)
>> 577 (3440: 9655 9667 9606) (504.101 s)
>> 577 (9519: 9481 9542 9518) (489.863 s)
>> 574 (6216: 7846 7856 7854) (501.527 s)
>> 572 (6120: 7884 7899 7892) (493.555 s)
>> 569 (18797: 7823 7846 7819) (500.171 s)
>> 564 (4962: 8535 8553 8523) (555.424 s)
>> 559 (3517: 9627 9694 9570) (498.094 s)
>> 559 (14152: 10021 10033 10026) (489.622 s)
>> 558 (31249: 9284 9351 9296) (495.388 s)
>> 552 (16959: 8668 8619 8573) (481.659 s)
>> 547 (4357: 8827 8995 8991) (493.356 s)
>> 543 (23323: 9122 9109 8988) (485.405 s)
>> 541 (17632: 8359 8384 8363) (491.041 s)
>> 538 (24347: 9452 9467 9387) (473.706 s)
>> 532 (14747: 9733 9751 9741) (489.372 s)
>> 527 (15499: 9361 9284 9373) (481.453 s)
>> 524 (14485: 9870 9877 9862) (487.289 s)
>> 523 (26916: 7805 7838 22979) (473.202 s)
>> 515 (16684: 8775 8783 8727) (485.543 s)
>> 513 (21548: 8826 8833 8816) (477.456 s)
>> 511 (4385: 9034 9122 9015) (483.472 s)
>> 507 (8961: 8786 8982 8959) (465.434 s)
>> 507 (11495: 10239 10241 10214) (481.207 s)
>> 505 (18873: 7795 7805 7775) (473.428 s)
>> 503 (2503: 10220 10286 10032) (479.48 s)
>> 503 (17304: 8488 8480 8443) (465.527 s)
>> 499 (4548: 8977 8949 8937) (476.898 s)
>> 493 (17692: 8331 8344 8313) (468.977 s)
>> 488 (4819: 8627 8639 8488) (475.03 s)
>> 479 (14744: 9742 9792 9730) (457.195 s)
>> 475 (16035: 9097 9155 9084) (472.601 s)
>> 473 (7112: 7404 7406 7385) (464.569 s)
>> 848 (25068: 7402 7403 7404) (470.973 s)
>> 789 (27715: 7407 7410 7402) (457.148 s)
>> 470 (18497: 7952 7954 7946) (468.905 s)
>> 459 (23033: 9647 9629 9625) (461.221 s)
>> 457 (6246: 7845 7851 7831) (466.906 s)
>> 452 (30519: 9264 9361 9268) (451.592 s)
>> 451 (9204: 4138 9186 9202) (465.248 s)
>> 450 (27399: 27400 7372 7326) (457.702 s)
>> 449 (18342: 8025 8072 8008) (463.14 s)
>> 446 (14357: 9936 9930 9866) (450.665 s)
>> 446 (14950: 9657 9687 9560) (461.289 s)
>> 440 (2565: 10182 10195 10159) (453.934 s)
>> 439 (3099: 9788 9875 9831) (459.397 s)
>> 439 (12418: 10167 10184 10161) (443.456 s)
>> 434 (15919: 9125 9152 9137) (457.487 s)
>> 418 (19484: 7537 7630 7515) (450.298 s)
>> 417 (10659: 10089 10087 10021) (455.516 s)
>> 411 (4299: 9073 9125 9076) (442.826 s)
>> 408 (19784: 7405 7420 7416) (453.476 s)
>> 405 (11369: 9485 9479 9445) (446.309 s)
>> 401 (13514: 10290 10288 10280) (451.684 s)
>> 400 (8737: 8710 8736 8707) (436.227 s)
>> 399 (4511: 8827 8975 8915) (449.699 s)
>> 397 (9360: 9381 9358 9288) (442.745 s)
>> 393 (4415: 9000 9069 9022) (448.322 s)
>> 389 (25552: 8574 8597 8535) (435.496 s)
>> 388 (14909: 9662 9521 9507) (445.867 s)
>> 388 (14997: 9647 9652 9564) (438.746 s)
>> 922 (3512: 9558 9647 9628) (443.684 s)
>> 381 (3312: 9731 9718 9627) (428.536 s)
>> 372 (12527: 9858 9936 9837) (441.662 s)
>> 363 (14289: 22645 9961 9959) (434.926 s)
>> 361 (19563: 7491 7549 7492) (440.029 s)
>> 358 (26976: 9097 9216 9180) (428.192 s)
>> 357 (2516: 10212 10237 10203) (438.195 s)
>> 357 (14084: 10046 10052 10050) (431.619 s)
>> 355 (12798: 8968 8958 8894) (436.517 s)
>> 350 (25269: 9532 9608 9567) (424.461 s)
>> 348 (3951: 15546 9349 9325) (434.277 s)
>> 347 (4556: 8927 8931 8926) (427.66 s)
>> 343 (2467: 10236 10239 10235) (432.52 s)
>> 340 (4242: 9237 9099 9071) (772.78 s)
>> 339 (7223: 7359 7357 7369) (750.137 s)
>> 336 (9191: 9267 9207 9190) (688.963 s)
>> 334 (4149: 4138 9156 9153) (708.725 s)
>> 334 (18335: 8030 8066 8023) (688.282 s)
>> 330 (17120: 8193 8732 8562) (694.431 s)
>> 324 (18210: 8125 8088 8080) (688.462 s)
>> 312 (15195: 9531 9576 9558) (706.728 s)
>> 303 (4431: 9027 9039 9013) (659.264 s)
>> 289 (12231: 8772 8776 8765) (704.014 s)
>> 282 (14665: 9791 9784 9785) (809.393 s)
>> 281 (15106: 9559 9731 9552) (586.721 s)
>> 271 (16025: 9093 9096 9049) (478.916 s)
>> 267 (17189: 8532 8556 8538) (504.837 s)
>> 262 (16597: 4662 16626 8813) (492.727 s)
>> 248 (5714: 8162 8331 8109) (503.271 s)
>> 242 (5278: 8360 8361 8357) (481.192 s)
>> 242 (16575: 8826 8846 8852) (501.388 s)
>> 235 (5906: 8025 8032 8024) (488.791 s)
>> 234 (4198: 4208 9226 8827) (499.345 s)
>> 230 (18735: 7845 7870 7860) (471.058 s)
>> 225 (3208: 9786 9797 9295) (497.186 s)
>> 225 (3292: 9424 14721 9752) (485.249 s)
>> 224 (31676: 9294 9357 9291) (495.17 s)
>> 219 (6602: 7653 7657 7685) (473.566 s)
>> 219 (20950: 7386 7434 7380) (493.609 s)
>> 217 (16470: 8884 16442 8897) (481.391 s)
>> 217 (19894: 7376 7379 7378) (490.957 s)
>> 216 (18584: 7915 7912 7908) (465.821 s)
>> 203 (30001: 9285 9294 9290) (488.743 s)
>> 201 (7253: 7327 7315 19993) (477.242 s)
>> 194 (5423: 8296 8524 8301) (486.742 s)
>> 194 (6258: 7832 7885 7847) (465.921 s)
>> 193 (6188: 7862 7866 7823) (484.755 s)
>> 190 (22582: 9566 9586 9557) (473.415 s)
>> 185 (11732: 9424 9549 9563) (481.966 s)
>> 184 (18387: 8018 8022 8006) (456.475 s)
>> 180 (22929: 7747 7761 7734) (480.601 s)
>> 176 (15912: 9097 9144 9101) (469.768 s)
>> 171 (29422: 8230 8231 8190) (479.489 s)
>> 167 (17653: 8340 8388 8296) (458.99 s)
>> 167 (24325: 7967 8125 8013) (475.987 s)
>> 166 (11297: 10290 10296 10289) (464.987 s)
>> 157 (17499: 8411 8437 8369) (474.064 s)
>> 156 (7345: 7348 27400 7344) (449.005 s)
>> 139 (5147: 8417 8446 8410) (472.728 s)
>> 308 (17392: 8440 8417 8340) (463.959 s)
>> 129 (6233: 7849 7862 7835) (473.617 s)
>> 123 (5408: 8304 8440 8298) (454.121 s)
>> 119 (3663: 9522 9566 9487) (471.315 s)
>> 118 (14326: 9950 9943 9977) (459.419 s)
>> 118 (14668: 9816 9822 9559) (468.502 s)
>> 118 (27855: 29120 7407 7384) (444.314 s)
>> 117 (15401: 9323 15100 9451) (466.996 s)
>> 112 (27896: 9454 9492 9465) (456.274 s)
>> 197 (15400: 9416 9398 9454) (465.318 s)
>> 110 (5624: 8214 8215 8202) (446.54 s)
>> 106 (18869: 7779 7849 7801) (463.576 s)
>> 104 (4473: 9010 8990 8977) (452.916 s)
>> 102 (3159: 9816 9815 9806) (460.296 s)
>> 99 (20039: 7316 7314 7328) (442.787 s)
>> 98 (5539: 8268 8627 8251) (459.277 s)
>> 268 (10395: 8261 8268 8237) (448.99 s)
>> 95 (22938: 8979 9034 8927) (457.432 s)
>> 86 (17194: 8527 8521 8261) (439.332 s)
>> 81 (16605: 8825 8793 8826) (455.752 s)
>> 76 (29638: 8068 8074 7967) (445.665 s)
>> 73 (6660: 7696 7639 7622) (453.662 s)
>> 69 (12935: 8408 8464 8304) (430.925 s)
>> 68 (19204: 7669 7687 7623) (451.989 s)
>> 57 (23728: 9378 9424 9368) (441.858 s)
>> 48 (14329: 9884 10046 9951) (449.94 s)
>> 47 (14900: 9663 9743 9323) (432.472 s)
>> 47 (21730: 9817 9858 9812) (448.055 s)
>> 43 (5963: 8010 8025 8001) (437.817 s)
>> 42 (12550: 9788 9736 9678) (445.323 s)
>> 38 (4660: 8823 4208 4662) (424.718 s)
>> 38 (5558: 8247 8527 8264) (443.952 s)
>> 31 (23637: 9308 9321 9293) (435.135 s)
>> 25 (918: 7845 7960 7832) (442.503 s)
>> 1 (13170: 7992 8193 7959) (536.256 s)
>> 0 (-1: -1 -1 -1) (565.697 s)
Zelikovsky- 916247 s
>>> get_solution
  refine_solution: new weight 592566133 (was 592605110) in 0.02792 s
  refine_solution: new weight 592562940 (was 592566133) in 0.02875 s
  refine_solution: new weight 592562940 (was 592562940) in 0.02865 s
>>> get_solution
  refine_solution: new weight 593190683 (was 593535754) in 0.026721 s
  refine_solution: new weight 593142033 (was 593190683) in 0.027894 s
  refine_solution: new weight 593135287 (was 593142033) in 0.027427 s
  refine_solution: new weight 593133957 (was 593135287) in 0.027845 s
  refine_solution: new weight 593133957 (was 593133957) in 0.027929 s
0,,32549,48800,2450,,0,0,,593535754,593133957,592829642,592605110,592562940,,0,0,@@

  delete_edges: deleted 138 edges in 0.00919 s and 1 rounds
  handle_small_Steiner_degrees: steiner 0, suppress 230 in 0.000204 s
Starting round 1
contract_till_the_bitter_end interrupted
contract_till_the_bitter_end: 962630 s

Calling end_heu
>>> get_solution
Saved weight 381996419
end_heu: 0 loops with 0 unique solutions in 0.006662 s

Calling print_solution
>>> get_solution
  refine_solution: new weight 593209176 (was 593535754) in 0.046121 s
Oops orig weight was 593535754 but we got 593209176
## FINAL WEIGHT 593209176
print_solution: 0.087123 s
