Version: final-94-gfffc3aa rub_all.sh: remove longest prefix
Random seed: 1558622495
Start
>>> save_orig_graph
>> Saved weight 0
Graph loaded
|V| = 1201, |E| = 10002, |R| = 200
First clearance of the input. Calling buy_zero and run_all_heuristics.
  buy_zero: 0 zero edges in 2.7e-05 s
  handle_small_terminal_degrees: terms 0 in 2e-06 s
  handle_small_Steiner_degrees: steiner 0, suppress 1 in 5e-06 s
  shortest_edge_between_terminals: 0 edges in 4.1e-05 s
  handle_small_terminal_degrees: terms 0 in 2e-06 s
  handle_small_Steiner_degrees: steiner 0, suppress 0 in 2e-06 s
  shortest_edge_between_terminals: 0 edges in 3.9e-05 s
Compressed graph 1201 -> 1199
  delete_edges: deleted 0 edges in 0.002394 s and 1 rounds
  handle_small_terminal_degrees: terms 0 in 2e-06 s
  handle_small_Steiner_degrees: steiner 0, suppress 0 in 3e-06 s
  shortest_edge_between_terminals: 0 edges in 6e-05 s
Compressed graph 1199 -> 1199
  delete_edges_shortest_path: deleted 0 edges in 0.060346 s
  handle_small_terminal_degrees: terms 0 in 3e-06 s
  handle_small_Steiner_degrees: steiner 0, suppress 0 in 2e-06 s
  shortest_edge_between_terminals: 0 edges in 6.4e-05 s
Compressed graph 1199 -> 1199
  handle_small_terminal_degrees: terms 0 in 2e-06 s
  handle_small_Steiner_degrees: steiner 0, suppress 0 in 2e-06 s
  shortest_edge_between_terminals: 0 edges in 7.6e-05 s
Compressed graph 1199 -> 1199
  delete_edges_shortest_path: deleted 0 edges in 0.055604 s
  handle_small_terminal_degrees: terms 0 in 3e-06 s
  handle_small_Steiner_degrees: steiner 0, suppress 0 in 2e-06 s
  shortest_edge_between_terminals: 0 edges in 6.1e-05 s
Compressed graph 1199 -> 1199
Compressed graph 1199 -> 1199
>>> save_orig_graph
>> Saved weight 0
### ZEL_LVL=9 PRECISE_STARS=1

Calling `contract_till_the_bitter_end`
|V| = 1199, |E| = 10001, |R| = 200
>> 101 (632: 1021 1027 1021) (0.058675 s)
>> 101 (726: 1026 1036 1026) (0.056774 s)
>> 101 (320: 1017 1031 1017) (0.05727 s)
>> 101 (477: 1014 1051 1014) (0.056854 s)
>> 101 (850: 1013 1053 1013) (0.05713 s)
>> 101 (834: 1025 1038 1025) (0.056928 s)
>> 101 (605: 1012 1054 1012) (0.058445 s)
>> 101 (507: 1018 1043 1018) (0.059904 s)
>> 101 (865: 1062 1076 1062) (0.057302 s)
>> 101 (486: 1032 1041 1032) (0.057493 s)
>> 101 (559: 1033 1045 1033) (0.057589 s)
>> 101 (731: 1044 1058 1044) (0.056373 s)
>> 101 (727: 1008 1019 1008) (0.056741 s)
>> 101 (955: 1064 1101 1064) (0.05607 s)
>> 101 (66: 1066 1072 1066) (0.058937 s)
>> 101 (644: 1029 1107 1029) (0.056948 s)
>> 101 (805: 1074 1087 1074) (0.059661 s)
>> 101 (60: 1063 1094 1063) (0.056842 s)
>> 101 (956: 1028 1046 1028) (0.057073 s)
>> 101 (603: 1030 1092 1030) (0.057293 s)
>> 101 (42: 1089 1093 1089) (0.056188 s)
>> 101 (325: 1112 1113 1112) (0.054693 s)
>> 101 (754: 1023 1102 1023) (0.054884 s)
>> 101 (375: 1075 1096 1075) (0.055047 s)
>> 101 (147: 1035 1103 1035) (0.054475 s)
>> 101 (860: 1011 1059 1011) (0.055787 s)
>> 101 (920: 1002 1048 1002) (0.053827 s)
>> 101 (424: 1078 1097 1078) (0.054154 s)
>> 101 (883: 1073 1079 1073) (0.052965 s)
>> 101 (146: 1090 1136 1090) (0.053057 s)
>> 101 (247: 1022 1069 1022) (0.053407 s)
>> 101 (405: 1115 1152 1115) (0.052382 s)
>> 101 (730: 1095 1141 1095) (0.051871 s)
>> 101 (468: 1037 1111 1037) (0.05167 s)
>> 101 (401: 1098 1128 1098) (0.051176 s)
>> 101 (657: 1060 1080 1060) (0.050684 s)
>> 101 (271: 1049 1056 1049) (0.05034 s)
>> 101 (525: 1042 1070 1042) (0.051132 s)
>> 101 (246: 1122 1126 1122) (0.049832 s)
>> 101 (517: 1061 1108 1061) (0.04964 s)
>> 101 (191: 1130 1159 1130) (0.048244 s)
>> 101 (472: 1007 1077 1007) (0.047791 s)
>> 101 (995: 1118 1147 1118) (0.04676 s)
>> 101 (86: 1099 1105 1099) (0.046984 s)
>> 101 (324: 1039 1139 1039) (0.046695 s)
>> 101 (100: 1086 1160 1086) (0.045777 s)
>> 101 (259: 1009 1050 1009) (0.04699 s)
>> 101 (992: 1055 1084 1055) (0.047182 s)
>> 101 (893: 1088 1116 1088) (0.044592 s)
>> 101 (285: 1003 1119 1003) (0.045094 s)
>> 101 (647: 1068 1163 1068) (0.04514 s)
>> 101 (480: 1138 1148 1138) (0.044548 s)
>> 101 (167: 999 1150 999) (0.043176 s)
>> 0 (-1: -1 -1 -1) (0.029783 s)
Zelikovsky 4.33723 s
>> 101 (1: 1015 1161 1046) (0.695791 s)
>> 101 (6: 1054 1187 1074) (0.709203 s)
>> 101 (42: 1089 1129 1093) (0.702321 s)
>> 101 (60: 1063 1111 1094) (0.69921 s)
>> 101 (65: 1083 1184 1170) (0.714697 s)
>> 101 (66: 1066 1107 1072) (0.704676 s)
>> 101 (100: 1086 1179 1160) (0.704795 s)
>> 101 (146: 1090 1149 1136) (0.702175 s)
>> 101 (147: 1035 1103 1090) (0.708341 s)
>> 101 (153: 1007 1196 1182) (0.705877 s)
>> 101 (162: 1011 1130 1063) (0.719776 s)
>> 101 (217: 1048 1165 1064) (0.723044 s)
>> 101 (223: 1036 1060 1040) (0.715999 s)
>> 101 (287: 1035 1194 1158) (0.730368 s)
>> 101 (325: 1112 1131 1113) (0.70012 s)
>> 101 (361: 1119 1175 1035) (0.697309 s)
>> 101 (375: 1075 1135 1096) (0.706117 s)
>> 101 (401: 1098 1163 1128) (0.692584 s)
>> 101 (424: 1078 1143 1097) (0.687241 s)
>> 101 (588: 1053 1190 1070) (0.679022 s)
>> 101 (600: 1018 1105 1050) (0.663526 s)
>> 101 (603: 1030 1127 1092) (0.652936 s)
>> 101 (726: 1026 1044 1036) (0.646789 s)
>> 101 (727: 1008 1099 1019) (0.654991 s)
>> 101 (754: 1023 1132 1102) (0.623694 s)
>> 100 (21: 999 1186 1011) (0.621724 s)
>> 100 (792: 1164 1171 1080) (0.613047 s)
>> 100 (991: 1169 1195 1029) (0.607287 s)
>> 99 (243: 1172 1177 1119) (0.594521 s)
>> 99 (246: 1126 1139 1122) (0.589266 s)
>> 99 (627: 1025 1198 1045) (0.583638 s)
>> 96 (70: 1077 1142 1026) (0.577091 s)
>> 96 (920: 1002 1188 1062) (0.586352 s)
>> 93 (264: 1053 1147 1009) (0.566932 s)
>> 8 (449: 1066 1145 1085) (0.576994 s)
>> 0 (-1: -1 -1 -1) (0.575104 s)
Zelikovsky- 23.8541 s
>>> get_solution
  refine_solution: new weight 24054 (was 24054) in 0.007196 s
>>> get_solution
  refine_solution: new weight 29319 (was 38184) in 0.007192 s
  refine_solution: new weight 29022 (was 29319) in 0.007222 s
  refine_solution: new weight 29022 (was 29022) in 0.007203 s
0,,1199,10001,200,,0,0,,38184,29022,26209,24054,24054,,0,0,@@

  delete_edges: deleted 0 edges in 0.002517 s and 1 rounds
  handle_small_Steiner_degrees: steiner 0, suppress 0 in 2e-06 s
Starting round 1
Found 0 isolated vertices
Invalid ratios recomputed: 1199
Best ratio is 1649/15 (109.9), centered at 217
Finding the best star... Star with 16 terminals centered in 1048
round took: 0.194796 s
|V| = 1199, |E| = 9740, |R| = 185
>> 101 (632: 1021 1027 1021) (0.047529 s)
>> 101 (726: 1026 1036 1026) (0.048065 s)
>> 101 (320: 1017 1031 1017) (0.04745 s)
>> 101 (928: 1040 1044 1040) (0.047252 s)
>> 101 (850: 1013 1048 1013) (0.048819 s)
>> 101 (477: 1014 1051 1014) (0.048475 s)
>> 101 (834: 1025 1038 1025) (0.048135 s)
>> 101 (507: 1018 1043 1018) (0.048188 s)
>> 101 (865: 1062 1076 1062) (0.048424 s)
>> 101 (486: 1032 1041 1032) (0.047677 s)
>> 101 (559: 1033 1045 1033) (0.047688 s)
>> 101 (727: 1008 1019 1008) (0.046497 s)
>> 101 (805: 1074 1087 1074) (0.046381 s)
>> 101 (956: 1028 1046 1028) (0.046701 s)
>> 101 (603: 1030 1092 1030) (0.047719 s)
>> 101 (42: 1089 1093 1089) (0.047316 s)
>> 101 (959: 1066 1085 1066) (0.046846 s)
>> 101 (325: 1112 1113 1112) (0.046371 s)
>> 101 (754: 1023 1102 1023) (0.045525 s)
>> 101 (375: 1075 1096 1075) (0.045142 s)
>> 101 (147: 1035 1103 1035) (0.045331 s)
>> 101 (424: 1078 1097 1078) (0.044971 s)
>> 101 (730: 1095 1141 1095) (0.044526 s)
>> 101 (883: 1073 1079 1073) (0.046622 s)
>> 101 (146: 1090 1136 1090) (0.044487 s)
>> 101 (899: 1049 1058 1049) (0.044085 s)
>> 101 (657: 1060 1080 1060) (0.044492 s)
>> 101 (247: 1022 1069 1022) (0.044927 s)
>> 101 (384: 1114 1125 1114) (0.04317 s)
>> 101 (468: 1037 1111 1037) (0.042586 s)
>> 101 (401: 1098 1128 1098) (0.042083 s)
>> 101 (517: 1061 1108 1061) (0.042757 s)
>> 101 (191: 1130 1159 1130) (0.041764 s)
>> 101 (995: 1118 1147 1118) (0.040808 s)
>> 101 (86: 1099 1105 1099) (0.040816 s)
>> 101 (324: 1039 1139 1039) (0.040444 s)
>> 101 (100: 1086 1160 1086) (0.039837 s)
>> 101 (167: 999 1150 999) (0.039556 s)
>> 0 (-1: -1 -1 -1) (0.029127 s)
Zelikovsky 2.93028 s
>> 101 (1: 1015 1161 1046) (0.658651 s)
>> 101 (6: 1048 1187 1074) (0.648919 s)
>> 101 (42: 1089 1129 1093) (0.641059 s)
>> 101 (60: 1048 1111 1094) (0.643944 s)
>> 101 (65: 1083 1184 1170) (0.647331 s)
>> 101 (66: 1048 1072 1066) (0.63442 s)
>> 101 (100: 1086 1179 1160) (0.624646 s)
>> 101 (146: 1090 1149 1136) (0.632133 s)
>> 101 (147: 1035 1103 1090) (0.635844 s)
>> 101 (153: 1048 1196 1182) (0.662175 s)
>> 101 (162: 1011 1130 1048) (0.637026 s)
>> 101 (223: 1036 1060 1040) (0.648114 s)
>> 101 (287: 1035 1194 1158) (0.64723 s)
>> 101 (325: 1112 1131 1113) (0.64062 s)
>> 101 (361: 1119 1175 1035) (0.632204 s)
>> 101 (375: 1075 1135 1096) (0.632921 s)
>> 101 (401: 1098 1163 1128) (0.625661 s)
>> 101 (424: 1078 1143 1097) (0.618094 s)
>> 101 (588: 1053 1190 1070) (0.639427 s)
>> 101 (600: 1018 1105 1050) (0.618342 s)
>> 101 (603: 1030 1127 1092) (0.588926 s)
>> 101 (726: 1026 1044 1011) (0.590684 s)
>> 101 (727: 1008 1099 1019) (0.572557 s)
>> 101 (754: 1023 1132 1102) (0.588101 s)
>> 100 (21: 999 1186 1026) (0.565215 s)
>> 100 (792: 1164 1171 1080) (0.560795 s)
>> 100 (991: 1169 1029 999) (0.552793 s)
>> 99 (243: 1172 1177 1119) (0.555154 s)
>> 99 (246: 1126 1139 1122) (0.546756 s)
>> 99 (627: 1025 1198 1045) (0.528731 s)
>> 96 (70: 1077 1142 1036) (0.538225 s)
>> 96 (920: 1002 1188 1062) (0.526822 s)
>> 93 (264: 1053 1147 1009) (0.518764 s)
>> 8 (449: 1085 1169 1145) (0.513883 s)
>> 0 (-1: -1 -1 -1) (0.513832 s)
Zelikovsky- 21.0512 s
>>> get_solution
  refine_solution: new weight 24054 (was 24066) in 0.007156 s
  refine_solution: new weight 24054 (was 24054) in 0.007111 s
>>> get_solution
  refine_solution: new weight 29499 (was 36720) in 0.007199 s
  refine_solution: new weight 29499 (was 29499) in 0.007214 s
1,,1199,9740,185,,1199,0,,36720,29499,26174,24066,24054,,1649,16,@@

  handle_small_Steiner_degrees: steiner 0, suppress 0 in 3e-06 s
Starting round 2
Found 16 isolated vertices
Invalid ratios recomputed: 1183
Best ratio is 2090/19 (110.0), centered at 860
Finding the best star... Star with 20 terminals centered in 1048
round took: 0.256705 s
|V| = 1199, |E| = 8997, |R| = 166
>> 101 (632: 1021 1027 1021) (0.037717 s)
>> 101 (726: 1026 1036 1026) (0.037664 s)
>> 101 (320: 1017 1031 1017) (0.037255 s)
>> 101 (834: 1025 1038 1025) (0.037284 s)
>> 101 (717: 1030 1040 1030) (0.036528 s)
>> 101 (507: 1018 1043 1018) (0.036913 s)
>> 101 (850: 1013 1048 1013) (0.035794 s)
>> 101 (477: 1014 1051 1014) (0.037432 s)
>> 101 (657: 1060 1080 1060) (0.036592 s)
>> 101 (486: 1032 1041 1032) (0.036725 s)
>> 101 (559: 1033 1045 1033) (0.03631 s)
>> 101 (731: 1044 1058 1044) (0.035465 s)
>> 101 (42: 1034 1089 1034) (0.035813 s)
>> 101 (525: 1042 1070 1042) (0.035065 s)
>> 101 (982: 1001 1071 1001) (0.035015 s)
>> 101 (365: 1024 1094 1024) (0.036073 s)
>> 101 (727: 1008 1019 1008) (0.035547 s)
>> 101 (805: 1074 1087 1074) (0.03571 s)
>> 101 (876: 1106 1122 1106) (0.034704 s)
>> 101 (959: 1066 1085 1066) (0.034821 s)
>> 101 (86: 1098 1099 1098) (0.03371 s)
>> 101 (908: 1010 1103 1010) (0.033172 s)
>> 101 (259: 1009 1050 1009) (0.032766 s)
>> 101 (565: 1053 1096 1053) (0.03279 s)
>> 101 (956: 1046 1112 1046) (0.032393 s)
>> 101 (754: 1023 1102 1023) (0.032167 s)
>> 101 (730: 1095 1141 1095) (0.031604 s)
>> 101 (147: 1035 1136 1035) (0.031385 s)
>> 101 (883: 1073 1079 1073) (0.031236 s)
>> 101 (375: 1075 1135 1075) (0.031384 s)
>> 101 (901: 1056 1150 1056) (0.031191 s)
>> 101 (247: 1022 1069 1022) (0.030442 s)
>> 101 (21: 999 1130 999) (0.030491 s)
>> 0 (-1: -1 -1 -1) (0.022303 s)
Zelikovsky 2.18739 s
>> 101 (1: 1015 1161 1046) (0.556565 s)
>> 101 (6: 1048 1187 1074) (0.555179 s)
>> 101 (42: 1089 1129 1093) (0.560998 s)
>> 101 (60: 1048 1111 1094) (0.555814 s)
>> 101 (65: 1083 1184 1170) (0.554886 s)
>> 101 (66: 1048 1072 1066) (0.562552 s)
>> 101 (146: 1090 1149 1136) (0.554116 s)
>> 101 (147: 1035 1103 1090) (0.551082 s)
>> 101 (153: 1048 1196 1182) (0.544976 s)
>> 101 (162: 1048 1183 1130) (0.540951 s)
>> 101 (223: 1036 1060 1040) (0.546848 s)
>> 101 (287: 1035 1194 1158) (0.550623 s)
>> 101 (306: 1048 1179 1173) (0.54671 s)
>> 101 (325: 1112 1131 1113) (0.548512 s)
>> 101 (348: 1013 1095 1088) (0.545935 s)
>> 101 (361: 1119 1175 1035) (0.532271 s)
>> 101 (375: 1075 1135 1096) (0.530148 s)
>> 101 (401: 1098 1163 1128) (0.522396 s)
>> 101 (424: 1048 1143 1097) (0.515306 s)
>> 101 (600: 1018 1105 1050) (0.506464 s)
>> 101 (726: 1026 1044 1036) (0.5005 s)
>> 101 (727: 1008 1099 1019) (0.497635 s)
>> 101 (754: 1023 1132 1102) (0.496604 s)
>> 100 (21: 999 1186 1048) (0.479511 s)
>> 100 (255: 1123 1134 999) (0.481388 s)
>> 100 (540: 1001 1123 1017) (0.479242 s)
>> 100 (706: 1014 1084 1001) (0.475471 s)
>> 100 (991: 1169 1029 1014) (0.468318 s)
>> 99 (243: 1172 1177 1119) (0.462341 s)
>> 99 (246: 1126 1139 1122) (0.46149 s)
>> 99 (525: 1042 1070 1009) (0.454137 s)
>> 99 (636: 1021 1147 1058) (0.446945 s)
>> 97 (559: 1033 1188 1045) (0.443939 s)
>> 8 (449: 1085 1169 1145) (0.443175 s)
>> 0 (-1: -1 -1 -1) (0.434518 s)
Zelikovsky- 17.927 s
>>> get_solution
  refine_solution: new weight 24152 (was 24190) in 0.007067 s
  refine_solution: new weight 24152 (was 24152) in 0.007142 s
>>> get_solution
  refine_solution: new weight 29587 (was 35863) in 0.00714 s
  refine_solution: new weight 29292 (was 29587) in 0.007129 s
  refine_solution: new weight 29292 (was 29292) in 0.007162 s
2,,1183,8997,166,,1183,0,,35863,29292,25848,24190,24152,,2090,20,@@

  handle_small_Steiner_degrees: steiner 0, suppress 0 in 3e-06 s
Starting round 3
Found 36 isolated vertices
Invalid ratios recomputed: 1163
Best ratio is 1771/16 (110.7), centered at 730
Finding the best star... Star with 17 terminals centered in 1095
round took: 0.288784 s
|V| = 1199, |E| = 8310, |R| = 150
>> 101 (632: 1021 1027 1021) (0.030709 s)
>> 101 (726: 1026 1036 1026) (0.030941 s)
>> 101 (477: 1014 1051 1014) (0.030253 s)
>> 101 (486: 1032 1041 1032) (0.029604 s)
>> 101 (559: 1033 1045 1033) (0.03308 s)
>> 101 (731: 1044 1058 1044) (0.033322 s)
>> 101 (320: 1017 1031 1017) (0.032647 s)
>> 101 (717: 1030 1040 1030) (0.036943 s)
>> 101 (507: 1018 1043 1018) (0.028239 s)
>> 101 (66: 1066 1072 1066) (0.027607 s)
>> 101 (327: 1047 1075 1047) (0.027226 s)
>> 101 (348: 1013 1088 1013) (0.026794 s)
>> 101 (625: 1052 1090 1052) (0.026566 s)
>> 101 (364: 1093 1095 1093) (0.026577 s)
>> 101 (727: 1008 1019 1008) (0.027466 s)
>> 101 (908: 1010 1103 1010) (0.031253 s)
>> 101 (544: 1056 1076 1056) (0.031197 s)
>> 101 (805: 1074 1087 1074) (0.027236 s)
>> 101 (259: 1009 1050 1009) (0.026771 s)
>> 101 (42: 1034 1089 1034) (0.026481 s)
>> 101 (325: 1112 1113 1112) (0.026016 s)
>> 101 (147: 1035 1136 1035) (0.026171 s)
>> 101 (883: 1073 1079 1073) (0.026673 s)
>> 101 (247: 1022 1069 1022) (0.026027 s)
>> 101 (377: 1005 1038 1005) (0.025602 s)
>> 101 (1: 1015 1046 1015) (0.025818 s)
>> 101 (384: 1114 1125 1114) (0.024929 s)
>> 101 (401: 1098 1128 1098) (0.024678 s)
>> 101 (517: 1061 1108 1061) (0.024337 s)
>> 101 (992: 1055 1084 1055) (0.022792 s)
>> 101 (220: 1002 1105 1002) (0.022757 s)
>> 101 (480: 1117 1138 1117) (0.022721 s)
>> 101 (977: 1020 1145 1020) (0.022469 s)
>> 101 (585: 1100 1106 1100) (0.021955 s)
>> 101 (191: 1130 1159 1130) (0.021471 s)
>> 101 (825: 1070 1129 1070) (0.020951 s)
>> 101 (647: 1068 1163 1068) (0.020787 s)
>> 101 (995: 1118 1147 1118) (0.020312 s)
>> 101 (792: 1080 1164 1080) (0.020181 s)
>> 101 (167: 999 1150 999) (0.019865 s)
>> 0 (-1: -1 -1 -1) (0.01651 s)
Zelikovsky 1.91232 s
>> 101 (1: 1015 1161 1046) (0.503627 s)
>> 101 (6: 1074 1187 1095) (0.491907 s)
>> 101 (42: 1089 1129 1093) (0.4918 s)
>> 101 (60: 1094 1111 1074) (0.501821 s)
>> 101 (65: 1083 1184 1170) (0.49796 s)
>> 101 (66: 1066 1094 1072) (0.487403 s)
>> 101 (146: 1090 1149 1136) (0.484861 s)
>> 101 (147: 1035 1103 1090) (0.483594 s)
>> 101 (153: 1196 1182 1066) (0.481753 s)
>> 101 (162: 1130 1196 1183) (0.484278 s)
>> 101 (223: 1036 1130 1040) (0.478014 s)
>> 101 (287: 1035 1194 1158) (0.477314 s)
>> 101 (306: 1173 1179 1036) (0.470563 s)
>> 101 (325: 1112 1131 1113) (0.467276 s)
>> 101 (348: 1013 1173 1088) (0.478021 s)
>> 101 (361: 1119 1175 1035) (0.468447 s)
>> 101 (375: 1075 1135 1096) (0.457722 s)
>> 101 (401: 1098 1163 1128) (0.451825 s)
>> 101 (600: 1018 1105 1050) (0.456021 s)
>> 101 (726: 1026 1044 1013) (0.452465 s)
>> 101 (727: 1008 1099 1019) (0.437813 s)
>> 101 (754: 1132 1102 1026) (0.448294 s)
>> 100 (21: 999 1186 1119) (0.44843 s)
>> 100 (483: 1097 1198 1132) (0.42639 s)
>> 100 (525: 1042 1097 1070) (0.429388 s)
>> 100 (540: 1001 1042 1017) (0.409095 s)
>> 100 (706: 1014 1084 1001) (0.418896 s)
>> 100 (792: 1164 1171 1080) (0.412971 s)
>> 100 (945: 1117 1134 1045) (0.404575 s)
>> 99 (636: 1021 1147 1058) (0.400278 s)
>> 99 (920: 1002 1188 1139) (0.407055 s)
>> 97 (211: 1085 1177 1014) (0.397798 s)
>> 93 (580: 1029 1142 999) (0.393531 s)
>> 0 (-1: -1 -1 -1) (0.395101 s)
Zelikovsky- 15.4144 s
>>> get_solution
  refine_solution: new weight 24155 (was 24204) in 0.007091 s
  refine_solution: new weight 24155 (was 24155) in 0.007149 s
>>> get_solution
  refine_solution: new weight 30442 (was 34705) in 0.007239 s
  refine_solution: new weight 29554 (was 30442) in 0.007208 s
  refine_solution: new weight 29258 (was 29554) in 0.007164 s
  refine_solution: new weight 29258 (was 29258) in 0.007146 s
3,,1163,8310,150,,1163,0,,34705,29258,26034,24204,24155,,1771,17,@@

  handle_small_Steiner_degrees: steiner 0, suppress 2 in 2.3e-05 s
Starting round 4
Found 55 isolated vertices
Invalid ratios recomputed: 1144
Best ratio is 1563/14 (111.6), centered at 588
Finding the best star... Star with 15 terminals centered in 1095
round took: 0.298442 s
|V| = 1199, |E| = 7578, |R| = 136
>> 101 (477: 1014 1051 1014) (0.022987 s)
>> 101 (486: 1032 1041 1032) (0.022794 s)
>> 101 (559: 1033 1045 1033) (0.022612 s)
>> 101 (731: 1044 1058 1044) (0.023035 s)
>> 101 (478: 1010 1027 1010) (0.022427 s)
>> 101 (320: 1017 1031 1017) (0.022556 s)
>> 101 (507: 1018 1043 1018) (0.021801 s)
>> 101 (66: 1066 1072 1066) (0.022265 s)
>> 101 (327: 1047 1075 1047) (0.021741 s)
>> 101 (348: 1013 1088 1013) (0.021279 s)
>> 101 (625: 1052 1090 1052) (0.021054 s)
>> 101 (364: 1093 1095 1093) (0.021129 s)
>> 101 (727: 1008 1019 1008) (0.021986 s)
>> 101 (805: 1074 1087 1074) (0.021562 s)
>> 101 (223: 1005 1040 1005) (0.02132 s)
>> 101 (259: 1009 1050 1009) (0.021171 s)
>> 101 (42: 1034 1089 1034) (0.021422 s)
>> 101 (220: 1002 1105 1002) (0.020797 s)
>> 101 (325: 1112 1113 1112) (0.020642 s)
>> 101 (147: 1035 1103 1035) (0.021171 s)
>> 101 (247: 1022 1069 1022) (0.020721 s)
>> 101 (191: 1130 1159 1130) (0.020153 s)
>> 101 (1: 1015 1046 1015) (0.019873 s)
>> 101 (804: 1079 1096 1079) (0.019494 s)
>> 101 (585: 1100 1106 1100) (0.01931 s)
>> 101 (432: 1119 1135 1119) (0.019188 s)
>> 101 (741: 1042 1145 1042) (0.018938 s)
>> 101 (384: 1114 1125 1114) (0.018522 s)
>> 101 (422: 1006 1026 1006) (0.01786 s)
>> 101 (480: 1117 1138 1117) (0.017754 s)
>> 101 (647: 1038 1068 1038) (0.017473 s)
>> 101 (517: 1061 1108 1061) (0.017177 s)
>> 101 (995: 1118 1147 1118) (0.016972 s)
>> 101 (792: 1080 1164 1080) (0.016989 s)
>> 101 (167: 999 1150 999) (0.016349 s)
>> 0 (-1: -1 -1 -1) (0.013127 s)
Zelikovsky 1.40847 s
>> 101 (1: 1015 1161 1046) (0.444825 s)
>> 101 (42: 1089 1129 1093) (0.432231 s)
>> 101 (60: 1094 1111 1095) (0.433905 s)
>> 101 (65: 1083 1184 1170) (0.439379 s)
>> 101 (66: 1066 1094 1072) (0.425999 s)
>> 101 (146: 1090 1149 1136) (0.437101 s)
>> 101 (147: 1035 1103 1090) (0.428843 s)
>> 101 (153: 1196 1182 1066) (0.427075 s)
>> 101 (162: 1130 1196 1183) (0.422481 s)
>> 101 (287: 1035 1194 1158) (0.430744 s)
>> 101 (306: 1179 1173 1130) (0.422226 s)
>> 101 (325: 1112 1131 1113) (0.421732 s)
>> 101 (348: 1013 1179 1088) (0.413819 s)
>> 101 (361: 1119 1175 1035) (0.434595 s)
>> 101 (375: 1075 1135 1096) (0.414072 s)
>> 101 (401: 1163 1128 1013) (0.402064 s)
>> 101 (559: 1033 1197 1045) (0.399138 s)
>> 101 (600: 1018 1105 1050) (0.395695 s)
>> 101 (726: 1026 1163 1044) (0.392482 s)
>> 101 (727: 1008 1099 1019) (0.3926 s)
>> 101 (743: 1074 1134 1026) (0.391089 s)
>> 101 (754: 1132 1102 1074) (0.392604 s)
>> 100 (21: 999 1186 1119) (0.373428 s)
>> 100 (223: 1040 1132 1114) (0.363743 s)
>> 100 (404: 1085 1148 1040) (0.366865 s)
>> 100 (483: 1097 1198 1085) (0.36643 s)
>> 100 (706: 1014 1097 1084) (0.361692 s)
>> 99 (141: 1112 1120 1042) (0.367857 s)
>> 98 (580: 1029 1139 999) (0.356684 s)
>> 97 (273: 1017 1110 1077) (0.344935 s)
>> 8 (517: 1108 1164 1061) (0.350294 s)
>> 5 (627: 1057 1177 1014) (0.341837 s)
>> 0 (-1: -1 -1 -1) (0.340405 s)
Zelikovsky- 13.145 s
>>> get_solution
  refine_solution: new weight 24127 (was 24210) in 0.007101 s
  refine_solution: new weight 24127 (was 24127) in 0.007146 s
>>> get_solution
  refine_solution: new weight 29950 (was 33844) in 0.00718 s
  refine_solution: new weight 28573 (was 29950) in 0.007261 s
  refine_solution: new weight 28174 (was 28573) in 0.007286 s
  refine_solution: new weight 28174 (was 28174) in 0.007299 s
4,,1144,7578,136,,1144,0,,33844,28174,25460,24210,24127,,1563,15,@@

  handle_small_Steiner_degrees: steiner 0, suppress 5 in 4.9e-05 s
Starting round 5
Found 75 isolated vertices
Invalid ratios recomputed: 1124
Best ratio is 1567/14 (111.9), centered at 804
Finding the best star... Star with 15 terminals centered in 1079
round took: 0.280928 s
|V| = 1199, |E| = 6884, |R| = 122
>> 101 (477: 1014 1051 1014) (0.016564 s)
>> 101 (478: 1010 1027 1010) (0.016611 s)
>> 101 (320: 1017 1031 1017) (0.01619 s)
>> 101 (486: 1032 1041 1032) (0.015905 s)
>> 101 (507: 1018 1043 1018) (0.015902 s)
>> 101 (726: 1026 1044 1026) (0.015658 s)
>> 101 (559: 1045 1069 1045) (0.015898 s)
>> 101 (66: 1066 1072 1066) (0.015588 s)
>> 101 (327: 1047 1075 1047) (0.015485 s)
>> 101 (805: 1074 1079 1074) (0.015174 s)
>> 101 (321: 1013 1042 1013) (0.015919 s)
>> 101 (727: 1008 1019 1008) (0.015496 s)
>> 101 (223: 1005 1040 1005) (0.015513 s)
>> 101 (259: 1009 1050 1009) (0.015559 s)
>> 101 (147: 1035 1103 1035) (0.017614 s)
>> 101 (870: 1087 1093 1087) (0.016306 s)
>> 101 (85: 1099 1112 1099) (0.015832 s)
>> 101 (702: 1004 1016 1004) (0.015473 s)
>> 101 (220: 1002 1105 1002) (0.015054 s)
>> 101 (146: 1090 1136 1090) (0.014983 s)
>> 101 (443: 1022 1039 1022) (0.014331 s)
>> 101 (480: 1117 1138 1117) (0.01414 s)
>> 101 (585: 1100 1106 1100) (0.013861 s)
>> 101 (1: 1015 1046 1015) (0.013464 s)
>> 101 (647: 1038 1068 1038) (0.013413 s)
>> 101 (517: 1061 1108 1061) (0.012967 s)
>> 101 (995: 1118 1147 1118) (0.012714 s)
>> 101 (792: 1080 1164 1080) (0.012475 s)
>> 101 (167: 999 1150 999) (0.012761 s)
>> 0 (-1: -1 -1 -1) (0.010166 s)
Zelikovsky 1.00899 s
>> 101 (1: 1015 1161 1046) (0.386091 s)
>> 101 (42: 1079 1129 1093) (0.399003 s)
>> 101 (65: 1079 1170 1083) (0.378643 s)
>> 101 (66: 1066 1079 1072) (0.375006 s)
>> 101 (146: 1090 1149 1136) (0.374475 s)
>> 101 (147: 1035 1103 1090) (0.369166 s)
>> 101 (153: 1196 1182 1066) (0.368891 s)
>> 101 (287: 1035 1194 1158) (0.357462 s)
>> 101 (306: 1179 1196 1173) (0.359151 s)
>> 101 (348: 1013 1179 1088) (0.356646 s)
>> 101 (361: 1119 1175 1035) (0.365487 s)
>> 101 (367: 1183 1155 1013) (0.361327 s)
>> 101 (375: 1075 1183 1151) (0.36027 s)
>> 101 (478: 1010 1075 1027) (0.353903 s)
>> 101 (600: 1018 1105 1050) (0.347188 s)
>> 101 (644: 1029 1110 1010) (0.348147 s)
>> 101 (726: 1026 1044 1029) (0.350002 s)
>> 101 (727: 1008 1099 1019) (0.335832 s)
>> 101 (743: 1074 1134 1026) (0.377894 s)
>> 101 (754: 1132 1102 1074) (0.337168 s)
>> 100 (21: 999 1186 1119) (0.338075 s)
>> 100 (223: 1040 1132 1114) (0.342429 s)
>> 100 (337: 1017 1128 1040) (0.321149 s)
>> 100 (404: 1085 1148 1017) (0.330249 s)
>> 100 (483: 1097 1198 1085) (0.312326 s)
>> 100 (543: 1002 1097 1094) (0.313455 s)
>> 100 (706: 1014 1084 1002) (0.311097 s)
>> 100 (943: 1000 1014 1001) (0.310002 s)
>> 100 (945: 1117 1045 1000) (0.301389 s)
>> 99 (544: 1056 1106 1009) (0.30612 s)
>> 98 (920: 1117 1188 1138) (0.298946 s)
>> 94 (395: 1177 1117 1077) (0.297496 s)
>> 0 (-1: -1 -1 -1) (0.295273 s)
Zelikovsky- 11.3545 s
>>> get_solution
  refine_solution: new weight 24226 (was 24332) in 0.00708 s
  refine_solution: new weight 24226 (was 24226) in 0.007117 s
>>> get_solution
  refine_solution: new weight 28547 (was 32077) in 0.007155 s
  refine_solution: new weight 28547 (was 28547) in 0.007226 s
5,,1124,6884,122,,1124,0,,32077,28547,25407,24332,24226,,1567,15,@@

  handle_small_Steiner_degrees: steiner 0, suppress 10 in 7.4e-05 s
Starting round 6
Found 100 isolated vertices
Invalid ratios recomputed: 1099
Best ratio is 1357/12 (113.1), centered at 741
Finding the best star... Star with 13 terminals centered in 1042
round took: 0.258225 s
|V| = 1199, |E| = 6250, |R| = 110
>> 101 (320: 1017 1031 1017) (0.01241 s)
>> 101 (632: 1027 1035 1027) (0.012385 s)
>> 101 (486: 1032 1041 1032) (0.012254 s)
>> 101 (507: 1018 1042 1018) (0.011858 s)
>> 101 (731: 1044 1058 1044) (0.013191 s)
>> 101 (727: 1008 1019 1008) (0.013092 s)
>> 101 (253: 1034 1075 1034) (0.013182 s)
>> 101 (223: 1005 1040 1005) (0.013017 s)
>> 101 (259: 1009 1050 1009) (0.012765 s)
>> 101 (702: 1004 1043 1004) (0.012411 s)
>> 101 (85: 1099 1112 1099) (0.012347 s)
>> 101 (220: 1002 1105 1002) (0.01216 s)
>> 101 (146: 1090 1136 1090) (0.01203 s)
>> 101 (560: 1000 1013 1000) (0.011329 s)
>> 101 (443: 1022 1039 1022) (0.011276 s)
>> 101 (644: 1029 1093 1029) (0.011123 s)
>> 101 (148: 1020 1045 1020) (0.011101 s)
>> 101 (480: 1117 1138 1117) (0.010939 s)
>> 101 (585: 1100 1106 1100) (0.010852 s)
>> 101 (647: 1038 1068 1038) (0.010713 s)
>> 101 (517: 1061 1108 1061) (0.010397 s)
>> 101 (995: 1118 1147 1118) (0.010291 s)
>> 101 (278: 1046 1097 1046) (0.01026 s)
>> 101 (167: 999 1150 999) (0.010189 s)
>> 0 (-1: -1 -1 -1) (0.008106 s)
Zelikovsky 0.742426 s
>> 101 (42: 1042 1129 1093) (0.333004 s)
>> 101 (65: 1042 1170 1083) (0.326628 s)
>> 101 (100: 1042 1179 1160) (0.330516 s)
>> 101 (146: 1090 1149 1136) (0.330149 s)
>> 101 (147: 1035 1103 1090) (0.330472 s)
>> 101 (153: 1042 1196 1182) (0.32293 s)
>> 101 (287: 1035 1194 1158) (0.32549 s)
>> 101 (325: 1042 1131 1112) (0.317755 s)
>> 101 (361: 1119 1175 1035) (0.324407 s)
>> 101 (375: 1042 1151 1075) (0.32219 s)
>> 101 (401: 1042 1163 1128) (0.311128 s)
>> 101 (600: 1018 1105 1050) (0.314106 s)
>> 101 (644: 1029 1110 1042) (0.318295 s)
>> 101 (726: 1026 1044 1029) (0.315683 s)
>> 101 (727: 1008 1099 1019) (0.305494 s)
>> 101 (743: 1074 1134 1026) (0.304808 s)
>> 101 (754: 1132 1102 1074) (0.294888 s)
>> 101 (790: 1001 1174 1046) (0.291834 s)
>> 100 (21: 999 1186 1119) (0.293934 s)
>> 100 (60: 1094 1132 1027) (0.28655 s)
>> 100 (225: 1039 1142 1094) (0.290115 s)
>> 100 (404: 1085 1040 1039) (0.284863 s)
>> 100 (483: 1097 1198 1085) (0.288365 s)
>> 100 (559: 1045 1097 1069) (0.27411 s)
>> 98 (87: 1031 1120 1045) (0.278538 s)
>> 95 (956: 1031 1177 1118) (0.277268 s)
>> 92 (543: 1002 1183 1164) (0.267302 s)
>> 0 (-1: -1 -1 -1) (0.273915 s)
Zelikovsky- 8.54665 s
>>> get_solution
  refine_solution: new weight 23871 (was 23982) in 0.007229 s
  refine_solution: new weight 23871 (was 23871) in 0.007255 s
>>> get_solution
  refine_solution: new weight 29245 (was 31413) in 0.007334 s
  refine_solution: new weight 28369 (was 29245) in 0.007408 s
  refine_solution: new weight 28369 (was 28369) in 0.007318 s
6,,1099,6250,110,,1099,0,,31413,28369,25816,23982,23871,,1357,13,@@

  handle_small_Steiner_degrees: steiner 2, suppress 9 in 7.8e-05 s
Starting round 7
Found 124 isolated vertices
Invalid ratios recomputed: 1075
Best ratio is 1477/13 (113.6), centered at 627
Finding the best star... Star with 14 terminals centered in 1042
round took: 0.239442 s
|V| = 1199, |E| = 5642, |R| = 97
>> 101 (320: 1017 1031 1017) (0.009051 s)
>> 101 (632: 1027 1035 1027) (0.009112 s)
>> 101 (486: 1032 1041 1032) (0.009482 s)
>> 101 (507: 1018 1042 1018) (0.009164 s)
>> 101 (731: 1044 1058 1044) (0.009844 s)
>> 101 (560: 1000 1013 1000) (0.009593 s)
>> 101 (253: 1034 1075 1034) (0.009644 s)
>> 101 (223: 1005 1040 1005) (0.009518 s)
>> 101 (259: 1009 1050 1009) (0.009422 s)
>> 101 (702: 1004 1043 1004) (0.009224 s)
>> 101 (146: 1090 1136 1090) (0.009159 s)
>> 101 (197: 1001 1019 1001) (0.008836 s)
>> 101 (644: 1029 1093 1029) (0.008668 s)
>> 101 (220: 1002 1105 1002) (0.008685 s)
>> 101 (480: 1117 1138 1117) (0.008551 s)
>> 101 (141: 1016 1112 1016) (0.008231 s)
>> 101 (443: 1022 1039 1022) (0.007968 s)
>> 101 (585: 1100 1106 1100) (0.007856 s)
>> 101 (517: 1061 1108 1061) (0.007806 s)
>> 101 (647: 1068 1163 1068) (0.007613 s)
>> 101 (995: 1118 1147 1118) (0.007379 s)
>> 101 (278: 1046 1097 1046) (0.007321 s)
>> 101 (167: 999 1150 999) (0.00726 s)
>> 0 (-1: -1 -1 -1) (0.005898 s)
Zelikovsky 0.580333 s
>> 101 (42: 1042 1129 1093) (0.285752 s)
>> 101 (100: 1042 1179 1160) (0.2966 s)
>> 101 (146: 1090 1149 1136) (0.29258 s)
>> 101 (147: 1035 1103 1090) (0.286105 s)
>> 101 (153: 1042 1196 1182) (0.291539 s)
>> 101 (287: 1035 1194 1158) (0.287425 s)
>> 101 (325: 1042 1131 1112) (0.28704 s)
>> 101 (361: 1119 1175 1035) (0.291311 s)
>> 101 (375: 1042 1151 1075) (0.287704 s)
>> 101 (401: 1042 1163 1128) (0.275895 s)
>> 101 (507: 1018 1043 1042) (0.270052 s)
>> 101 (600: 1018 1105 1050) (0.273032 s)
>> 101 (644: 1029 1110 1018) (0.260039 s)
>> 101 (726: 1026 1044 1029) (0.268859 s)
>> 101 (743: 1074 1134 1026) (0.258216 s)
>> 101 (754: 1102 1132 1074) (0.263981 s)
>> 100 (21: 999 1186 1102) (0.256498 s)
>> 100 (60: 1094 1027 999) (0.261723 s)
>> 100 (225: 1039 1142 1094) (0.254476 s)
>> 100 (792: 1164 1171 1039) (0.246442 s)
>> 100 (995: 1147 1168 1118) (0.246445 s)
>> 99 (278: 1170 1097 1046) (0.243464 s)
>> 99 (404: 1085 1148 1040) (0.241976 s)
>> 98 (87: 1031 1120 1051) (0.242746 s)
>> 93 (542: 1157 1183 1019) (0.239791 s)
>> 6 (920: 1002 1188 1164) (0.233697 s)
>> 0 (-1: -1 -1 -1) (0.240005 s)
Zelikovsky- 7.19401 s
>>> get_solution
  refine_solution: new weight 23857 (was 23982) in 0.007076 s
  refine_solution: new weight 23857 (was 23857) in 0.007076 s
>>> get_solution
  refine_solution: new weight 27670 (was 30163) in 0.007066 s
  refine_solution: new weight 27383 (was 27670) in 0.007125 s
  refine_solution: new weight 27383 (was 27383) in 0.00714 s
7,,1075,5642,97,,1075,0,,30163,27383,25437,23982,23857,,1477,14,@@

  handle_small_Steiner_degrees: steiner 2, suppress 22 in 0.000174 s
Starting round 8
Found 162 isolated vertices
Invalid ratios recomputed: 1037
Best ratio is 1256/11 (114.2), centered at 576
Finding the best star... Star with 12 terminals centered in 1118
round took: 0.217382 s
|V| = 1199, |E| = 5115, |R| = 86
>> 101 (731: 1044 1058 1044) (0.007472 s)
>> 101 (600: 1018 1050 1018) (0.007284 s)
>> 101 (320: 1017 1031 1017) (0.007144 s)
>> 101 (632: 1027 1035 1027) (0.007177 s)
>> 101 (486: 1032 1041 1032) (0.006847 s)
>> 101 (477: 1051 1061 1051) (0.006695 s)
>> 101 (327: 1047 1075 1047) (0.006664 s)
>> 101 (805: 1074 1087 1074) (0.006371 s)
>> 101 (348: 1013 1088 1013) (0.00633 s)
>> 101 (625: 1052 1090 1052) (0.006428 s)
>> 101 (544: 1056 1106 1056) (0.005989 s)
>> 101 (956: 1046 1112 1046) (0.005847 s)
>> 101 (42: 1093 1118 1093) (0.005748 s)
>> 101 (702: 1004 1016 1004) (0.006628 s)
>> 101 (220: 1002 1105 1002) (0.006513 s)
>> 101 (404: 1040 1085 1040) (0.006271 s)
>> 101 (442: 1020 1117 1020) (0.006077 s)
>> 101 (647: 1068 1163 1068) (0.005992 s)
>> 101 (480: 1138 1148 1138) (0.005826 s)
>> 101 (167: 999 1150 999) (0.005683 s)
>> 0 (-1: -1 -1 -1) (0.00462 s)
Zelikovsky 0.442569 s
>> 101 (42: 1093 1129 1118) (0.246555 s)
>> 101 (100: 1179 1160 1093) (0.249679 s)
>> 101 (146: 1090 1149 1136) (0.242664 s)
>> 101 (147: 1035 1146 1090) (0.244695 s)
>> 101 (153: 1196 1182 1179) (0.245663 s)
>> 101 (287: 1035 1194 1158) (0.237946 s)
>> 101 (325: 1112 1196 1131) (0.240398 s)
>> 101 (375: 1075 1151 1112) (0.23964 s)
>> 101 (401: 1163 1128 1075) (0.233677 s)
>> 101 (507: 1018 1163 1043) (0.236465 s)
>> 101 (600: 1018 1105 1050) (0.232458 s)
>> 101 (726: 1026 1044 1018) (0.235066 s)
>> 101 (754: 1102 1132 1026) (0.234347 s)
>> 101 (805: 1074 1102 1087) (0.228426 s)
>> 100 (21: 999 1186 1035) (0.226349 s)
>> 100 (324: 1039 1175 1139) (0.226229 s)
>> 100 (351: 1147 1106 1074) (0.223926 s)
>> 99 (53: 1027 1147 1009) (0.218758 s)
>> 99 (278: 1170 1046 1027) (0.221224 s)
>> 99 (991: 1170 1031 1029) (0.21203 s)
>> 98 (405: 1157 1183 1170) (0.217951 s)
>> 96 (301: 1188 1157 1120) (0.210305 s)
>> 87 (775: 1188 1164 1020) (0.210141 s)
>> 0 (-1: -1 -1 -1) (0.209892 s)
Zelikovsky- 5.53398 s
>>> get_solution
  refine_solution: new weight 23700 (was 23837) in 0.007312 s
  refine_solution: new weight 23700 (was 23700) in 0.007295 s
>>> get_solution
  refine_solution: new weight 26637 (was 29197) in 0.007311 s
  refine_solution: new weight 26637 (was 26637) in 0.007341 s
8,,1037,5115,86,,1037,0,,29197,26637,25168,23837,23700,,1256,12,@@

  handle_small_Steiner_degrees: steiner 0, suppress 40 in 0.000245 s
Starting round 9
Found 214 isolated vertices
Invalid ratios recomputed: 985
Best ratio is 1037/9 (115.2), centered at 600
Finding the best star... Star with 10 terminals centered in 1018
round took: 0.193561 s
|V| = 1199, |E| = 4588, |R| = 77
>> 101 (320: 1017 1018 1017) (0.005591 s)
>> 101 (731: 1044 1058 1044) (0.00598 s)
>> 101 (560: 1000 1013 1000) (0.005881 s)
>> 101 (671: 1027 1085 1027) (0.005862 s)
>> 101 (146: 1090 1136 1090) (0.005755 s)
>> 101 (197: 1001 1019 1001) (0.005451 s)
>> 101 (443: 1022 1039 1022) (0.005379 s)
>> 101 (480: 1117 1138 1117) (0.005319 s)
>> 101 (585: 1100 1106 1100) (0.005197 s)
>> 101 (517: 1061 1108 1061) (0.005232 s)
>> 101 (278: 1046 1097 1046) (0.005065 s)
>> 101 (167: 999 1150 999) (0.005199 s)
>> 0 (-1: -1 -1 -1) (0.003921 s)
Zelikovsky 0.305272 s
>> 101 (42: 1018 1129 1093) (0.21476 s)
>> 101 (100: 1018 1179 1160) (0.214101 s)
>> 101 (146: 1090 1149 1136) (0.206809 s)
>> 101 (153: 1018 1196 1182) (0.204054 s)
>> 101 (287: 1018 1194 1158) (0.208308 s)
>> 101 (375: 1018 1151 1075) (0.201128 s)
>> 101 (401: 1018 1163 1128) (0.204992 s)
>> 101 (544: 1018 1106 1056) (0.205593 s)
>> 101 (754: 1018 1132 1102) (0.19855 s)
>> 101 (790: 1001 1046 1018) (0.222009 s)
>> 101 (805: 1074 1087 1001) (0.200531 s)
>> 101 (865: 1097 1088 1074) (0.197919 s)
>> 100 (21: 999 1186 1097) (0.192575 s)
>> 100 (324: 1039 1175 1139) (0.190845 s)
>> 100 (404: 1085 1040 999) (0.196721 s)
>> 100 (560: 1013 1020 1000) (0.193742 s)
>> 99 (477: 1051 1085 1027) (0.192631 s)
>> 99 (991: 1051 1031 1029) (0.18435 s)
>> 98 (578: 1051 1164 1026) (0.19347 s)
>> 97 (896: 1188 1090 1043) (0.182656 s)
>> 4 (798: 1183 1051 1047) (0.184553 s)
>> 0 (-1: -1 -1 -1) (0.177503 s)
Zelikovsky- 4.3757 s
>>> get_solution
  refine_solution: new weight 23572 (was 23707) in 0.007069 s
  refine_solution: new weight 23572 (was 23572) in 0.007075 s
>>> get_solution
  refine_solution: new weight 28016 (was 28820) in 0.007033 s
  refine_solution: new weight 28016 (was 28016) in 0.007106 s
9,,985,4588,77,,985,0,,28820,28016,25783,23707,23572,,1037,10,@@

  handle_small_Steiner_degrees: steiner 1, suppress 29 in 0.000194 s
Starting round 10
Found 254 isolated vertices
Invalid ratios recomputed: 945
Best ratio is 931/8 (116.4), centered at 477
Finding the best star... Star with 9 terminals centered in 1018
round took: 0.175509 s
|V| = 1199, |E| = 4158, |R| = 69
>> 101 (320: 1017 1018 1017) (0.004363 s)
>> 101 (731: 1044 1058 1044) (0.00486 s)
>> 101 (146: 1090 1136 1090) (0.004847 s)
>> 101 (197: 1001 1019 1001) (0.00461 s)
>> 101 (443: 1022 1039 1022) (0.004536 s)
>> 101 (585: 1100 1106 1100) (0.004421 s)
>> 101 (442: 1020 1117 1020) (0.004307 s)
>> 101 (278: 1046 1097 1046) (0.004384 s)
>> 101 (21: 999 1158 999) (0.004203 s)
>> 0 (-1: -1 -1 -1) (0.003129 s)
Zelikovsky 0.248905 s
>> 101 (42: 1018 1129 1093) (0.182836 s)
>> 101 (100: 1018 1179 1160) (0.188846 s)
>> 101 (146: 1090 1149 1136) (0.188501 s)
>> 101 (153: 1018 1196 1182) (0.184849 s)
>> 101 (287: 1018 1194 1158) (0.179889 s)
>> 101 (375: 1018 1151 1075) (0.182225 s)
>> 101 (544: 1018 1106 1056) (0.182538 s)
>> 101 (754: 1018 1132 1102) (0.174979 s)
>> 101 (790: 1001 1046 1018) (0.17357 s)
>> 101 (805: 1074 1087 1001) (0.17233 s)
>> 101 (865: 1097 1088 1074) (0.170133 s)
>> 100 (21: 999 1186 1097) (0.173195 s)
>> 100 (324: 1039 1175 1139) (0.165948 s)
>> 100 (404: 1085 1040 999) (0.170011 s)
>> 100 (560: 1020 1085 1000) (0.165143 s)
>> 99 (512: 1163 1029 1020) (0.162182 s)
>> 99 (945: 1117 1183 1163) (0.171132 s)
>> 99 (994: 1026 1117 1112) (0.159542 s)
>> 97 (853: 1031 1188 1026) (0.156961 s)
>> 92 (795: 1043 1164 1090) (0.162068 s)
>> 0 (-1: -1 -1 -1) (0.156018 s)
Zelikovsky- 3.63016 s
>>> get_solution
  refine_solution: new weight 23577 (was 23713) in 0.007114 s
  refine_solution: new weight 23577 (was 23577) in 0.007178 s
>>> get_solution
  refine_solution: new weight 27990 (was 28133) in 0.007187 s
  refine_solution: new weight 27990 (was 27990) in 0.007128 s
10,,945,4158,69,,945,0,,28133,27990,25700,23713,23577,,931,9,@@

  handle_small_Steiner_degrees: steiner 1, suppress 30 in 0.000191 s
Starting round 11
Found 294 isolated vertices
Invalid ratios recomputed: 905
Best ratio is 939/8 (117.4), centered at 361
Finding the best star... Star with 9 terminals centered in 1018
round took: 0.161342 s
|V| = 1199, |E| = 3725, |R| = 61
>> 101 (320: 1017 1018 1017) (0.003349 s)
>> 101 (731: 1044 1058 1044) (0.003721 s)
>> 101 (197: 1001 1019 1001) (0.003648 s)
>> 101 (443: 1022 1039 1022) (0.003587 s)
>> 101 (278: 1046 1097 1046) (0.003508 s)
>> 101 (585: 1100 1151 1100) (0.003444 s)
>> 101 (21: 999 1158 999) (0.003393 s)
>> 0 (-1: -1 -1 -1) (0.002391 s)
Zelikovsky 0.197258 s
>> 101 (42: 1018 1129 1093) (0.165196 s)
>> 101 (146: 1018 1149 1090) (0.161709 s)
>> 101 (153: 1018 1196 1182) (0.158024 s)
>> 101 (320: 1017 1031 1018) (0.155537 s)
>> 101 (375: 1151 1075 1017) (0.152762 s)
>> 101 (726: 1026 1151 1044) (0.151172 s)
>> 101 (754: 1102 1132 1026) (0.156565 s)
>> 101 (790: 1001 1102 1046) (0.148268 s)
>> 101 (805: 1074 1087 1001) (0.154778 s)
>> 100 (21: 999 1186 1074) (0.151378 s)
>> 100 (141: 1112 1120 999) (0.147968 s)
>> 100 (223: 1040 1114 1112) (0.152757 s)
>> 100 (234: 1041 1040 1009) (0.143303 s)
>> 100 (517: 1108 1164 1041) (0.139655 s)
>> 100 (920: 1002 1139 1108) (0.147409 s)
>> 99 (512: 1163 1029 1002) (0.142708 s)
>> 98 (414: 1146 1163 1000) (0.13736 s)
>> 97 (32: 1056 1146 1043) (0.147912 s)
>> 94 (945: 1117 1056 1019) (0.137812 s)
>> 3 (589: 1117 1097 1032) (0.135949 s)
>> 0 (-1: -1 -1 -1) (0.165154 s)
Zelikovsky- 3.15997 s
>>> get_solution
  refine_solution: new weight 23649 (was 23810) in 0.007138 s
  refine_solution: new weight 23649 (was 23649) in 0.007151 s
>>> get_solution
  refine_solution: new weight 27720 (was 27759) in 0.011221 s
  refine_solution: new weight 27720 (was 27720) in 0.007205 s
11,,905,3725,61,,905,0,,27759,27720,25988,23810,23649,,939,9,@@

  handle_small_Steiner_degrees: steiner 2, suppress 44 in 0.000295 s
Starting round 12
Found 349 isolated vertices
Invalid ratios recomputed: 850
Best ratio is 949/8 (118.6), centered at 549
Finding the best star... Star with 9 terminals centered in 1102
round took: 0.144251 s
|V| = 1199, |E| = 3246, |R| = 53
>> 101 (731: 1044 1058 1044) (0.002561 s)
>> 101 (320: 1017 1031 1017) (0.002476 s)
>> 101 (790: 1001 1046 1001) (0.002293 s)
>> 101 (805: 1074 1087 1074) (0.002204 s)
>> 101 (625: 1052 1090 1052) (0.00215 s)
>> 101 (472: 1000 1102 1000) (0.002181 s)
>> 101 (443: 1022 1039 1022) (0.002477 s)
>> 101 (585: 1100 1151 1100) (0.002376 s)
>> 101 (21: 999 1158 999) (0.002266 s)
>> 0 (-1: -1 -1 -1) (0.001736 s)
Zelikovsky 0.165047 s
>> 101 (42: 1093 1185 1102) (0.131858 s)
>> 101 (146: 1090 1149 1093) (0.129258 s)
>> 101 (153: 1196 1182 1090) (0.126786 s)
>> 101 (320: 1017 1196 1031) (0.125338 s)
>> 101 (375: 1075 1151 1017) (0.130978 s)
>> 101 (726: 1026 1075 1044) (0.125908 s)
>> 101 (790: 1001 1046 1026) (0.124295 s)
>> 101 (805: 1074 1087 1001) (0.127675 s)
>> 100 (21: 999 1186 1074) (0.126569 s)
>> 100 (141: 1112 1120 999) (0.123385 s)
>> 100 (223: 1040 1114 1112) (0.129179 s)
>> 100 (234: 1041 1040 1009) (0.125877 s)
>> 100 (388: 1188 1168 1041) (0.121004 s)
>> 100 (559: 1170 1188 1163) (0.118006 s)
>> 99 (753: 1100 1170 1000) (0.119346 s)
>> 98 (745: 1097 1132 1100) (0.119277 s)
>> 97 (32: 1056 1097 1043) (0.115895 s)
>> 96 (78: 1164 1166 1019) (0.114269 s)
>> 93 (771: 1056 1146 1002) (0.117039 s)
>> 0 (-1: -1 -1 -1) (0.120908 s)
Zelikovsky- 2.47864 s
>>> get_solution
  refine_solution: new weight 23689 (was 23847) in 0.007128 s
  refine_solution: new weight 23689 (was 23689) in 0.007113 s
>>> get_solution
  refine_solution: new weight 26753 (was 26990) in 0.007034 s
  refine_solution: new weight 26753 (was 26753) in 0.007094 s
12,,850,3246,53,,850,0,,26990,26753,25411,23847,23689,,949,9,@@

  handle_small_Steiner_degrees: steiner 3, suppress 71 in 0.000273 s
Starting round 13
Found 432 isolated vertices
Invalid ratios recomputed: 767
Best ratio is 835/7 (119.3), centered at 375
Finding the best star... Star with 8 terminals centered in 1151
round took: 0.103425 s
|V| = 1199, |E| = 2755, |R| = 46
>> 101 (320: 1017 1031 1017) (0.001948 s)
>> 101 (726: 1026 1044 1026) (0.001821 s)
>> 101 (790: 1001 1046 1001) (0.001705 s)
>> 101 (805: 1074 1087 1074) (0.001624 s)
>> 101 (699: 1090 1151 1090) (0.001578 s)
>> 101 (840: 999 1000 999) (0.001846 s)
>> 0 (-1: -1 -1 -1) (0.001303 s)
Zelikovsky 0.119086 s
>> 101 (153: 1151 1196 1182) (0.101554 s)
>> 101 (320: 1017 1151 1031) (0.099024 s)
>> 101 (699: 1090 1170 1017) (0.097816 s)
>> 101 (790: 1001 1090 1046) (0.096318 s)
>> 101 (805: 1074 1087 1001) (0.101051 s)
>> 100 (21: 999 1186 1074) (0.099648 s)
>> 100 (223: 1040 1114 999) (0.095502 s)
>> 100 (234: 1041 1040 1009) (0.094238 s)
>> 100 (388: 1188 1168 1041) (0.092309 s)
>> 100 (647: 1166 1188 1163) (0.10102 s)
>> 99 (360: 1026 1166 1132) (0.095499 s)
>> 99 (753: 1100 1026 1000) (0.09268 s)
>> 97 (32: 1056 1100 1043) (0.094398 s)
>> 97 (745: 1097 1185 1029) (0.097053 s)
>> 96 (78: 1164 1056 1019) (0.0922 s)
>> 93 (771: 1164 1146 1002) (0.09192 s)
>> 0 (-1: -1 -1 -1) (0.095202 s)
Zelikovsky- 1.64213 s
>>> get_solution
  refine_solution: new weight 23530 (was 23677) in 0.0072 s
  refine_solution: new weight 23530 (was 23530) in 0.007167 s
>>> get_solution
  refine_solution: new weight 26459 (was 26512) in 0.007128 s
  refine_solution: new weight 26459 (was 26459) in 0.007148 s
13,,767,2755,46,,767,0,,26512,26459,25335,23677,23530,,835,8,@@

  handle_small_Steiner_degrees: steiner 8, suppress 67 in 0.000237 s
Starting round 14
Found 515 isolated vertices
Invalid ratios recomputed: 684
Best ratio is 839/7 (119.9), centered at 234
Finding the best star... Star with 8 terminals centered in 1041
round took: 0.082003 s
|V| = 1199, |E| = 2313, |R| = 39
>> 101 (320: 1017 1031 1017) (0.001481 s)
>> 101 (726: 1026 1041 1026) (0.001341 s)
>> 101 (840: 999 1000 999) (0.001409 s)
>> 0 (-1: -1 -1 -1) (0.000972 s)
Zelikovsky 0.086594 s
>> 101 (153: 1041 1196 1182) (0.077241 s)
>> 101 (320: 1017 1041 1031) (0.075583 s)
>> 101 (699: 1170 1090 1017) (0.073945 s)
>> 101 (805: 1087 1170 1074) (0.073312 s)
>> 100 (21: 999 1186 1087) (0.071925 s)
>> 100 (223: 1040 1114 999) (0.073217 s)
>> 100 (388: 1188 1168 1040) (0.073133 s)
>> 100 (619: 1002 1188 1046) (0.072521 s)
>> 100 (647: 1166 1163 1002) (0.069625 s)
>> 99 (360: 1026 1166 1132) (0.069077 s)
>> 99 (753: 1100 1026 1000) (0.068022 s)
>> 97 (32: 1056 1100 1043) (0.067683 s)
>> 97 (745: 1097 1185 1029) (0.073113 s)
>> 96 (78: 1164 1056 1019) (0.072296 s)
>> 7 (671: 1164 1146 1085) (0.072338 s)
>> 1 (59: 1164 1150 1147) (0.07006 s)
>> 0 (-1: -1 -1 -1) (0.066672 s)
Zelikovsky- 1.22379 s
>>> get_solution
  refine_solution: new weight 23597 (was 23764) in 0.006969 s
  refine_solution: new weight 23597 (was 23597) in 0.006922 s
>>> get_solution
  refine_solution: new weight 25876 (was 25937) in 0.0069 s
  refine_solution: new weight 25876 (was 25876) in 0.006972 s
14,,684,2313,39,,684,0,,25937,25876,25262,23764,23597,,839,8,@@

  handle_small_Steiner_degrees: steiner 5, suppress 83 in 0.000256 s
Starting round 15
Found 611 isolated vertices
Invalid ratios recomputed: 588
Best ratio is 723/6 (120.5), centered at 443
Finding the best star... Star with 7 terminals centered in 1109
round took: 0.058012 s
|V| = 1199, |E| = 1885, |R| = 33
>> 101 (320: 1017 1031 1017) (0.001112 s)
>> 101 (726: 1026 1044 1026) (0.000985 s)
>> 101 (805: 1074 1087 1074) (0.00089 s)
>> 101 (699: 1090 1109 1090) (0.000828 s)
>> 101 (840: 999 1000 999) (0.00089 s)
>> 0 (-1: -1 -1 -1) (0.000617 s)
Zelikovsky 0.057796 s
>> 101 (153: 1109 1196 1182) (0.051559 s)
>> 101 (320: 1017 1109 1031) (0.051725 s)
>> 101 (699: 1090 1170 1017) (0.054328 s)
>> 101 (805: 1074 1090 1087) (0.054139 s)
>> 100 (21: 999 1186 1074) (0.052725 s)
>> 100 (223: 1040 1114 999) (0.050305 s)
>> 100 (388: 1188 1168 1040) (0.049583 s)
>> 100 (647: 1166 1188 1163) (0.048526 s)
>> 99 (360: 1026 1166 1132) (0.048363 s)
>> 99 (753: 1100 1026 1000) (0.051066 s)
>> 97 (32: 1056 1100 1043) (0.051125 s)
>> 97 (761: 1056 1147 1097) (0.049081 s)
>> 96 (78: 1164 1056 1019) (0.050284 s)
>> 93 (771: 1164 1146 1002) (0.048413 s)
>> 0 (-1: -1 -1 -1) (0.048223 s)
Zelikovsky- 0.762759 s
>>> get_solution
  refine_solution: new weight 23532 (was 23685) in 0.007168 s
  refine_solution: new weight 23532 (was 23532) in 0.00718 s
>>> get_solution
  refine_solution: new weight 25279 (was 25347) in 0.007084 s
  refine_solution: new weight 25279 (was 25279) in 0.007116 s
15,,588,1885,33,,588,0,,25347,25279,24571,23685,23532,,723,7,@@

  handle_small_Steiner_degrees: steiner 10, suppress 78 in 0.000217 s
Starting round 16
Found 706 isolated vertices
Invalid ratios recomputed: 493
Best ratio is 734/6 (122.3), centered at 713
Finding the best star... Star with 7 terminals centered in 1188
round took: 0.04004 s
|V| = 1199, |E| = 1469, |R| = 27
>> 101 (320: 1017 1031 1017) (0.000688 s)
>> 101 (726: 1026 1044 1026) (0.000588 s)
>> 101 (153: 1182 1188 1182) (0.000544 s)
>> 100 (589: 1097 1114 1097) (0.000605 s)
>> 100 (414: 1000 1146 1000) (0.000552 s)
>> 99 (266: 1147 1163 1147) (0.000519 s)
>> 97 (709: 1043 1090 1043) (0.000465 s)
>> 98 (515: 1074 1100 1074) (0.000442 s)
>> 97 (410: 999 1164 999) (0.000398 s)
>> 0 (-1: -1 -1 -1) (0.000304 s)
Zelikovsky 0.040075 s
>> 101 (153: 1182 1196 1188) (0.033259 s)
>> 101 (320: 1017 1182 1031) (0.03315 s)
>> 101 (726: 1026 1044 1017) (0.03275 s)
>> 100 (21: 999 1158 1026) (0.032238 s)
>> 100 (223: 1040 1114 999) (0.031914 s)
>> 100 (414: 1146 1168 1040) (0.031426 s)
>> 100 (444: 1002 1146 1090) (0.033054 s)
>> 100 (647: 1166 1163 1002) (0.034772 s)
>> 98 (77: 1166 1132 1074) (0.03373 s)
>> 97 (32: 1056 1166 1043) (0.032128 s)
>> 97 (761: 1056 1147 1097) (0.031798 s)
>> 85 (968: 1056 1164 1100) (0.031374 s)
>> 0 (-1: -1 -1 -1) (0.031317 s)
Zelikovsky- 0.42524 s
>>> get_solution
  refine_solution: new weight 23451 (was 23600) in 0.007089 s
  refine_solution: new weight 23451 (was 23451) in 0.007112 s
>>> get_solution
  refine_solution: new weight 24903 (was 24970) in 0.007072 s
  refine_solution: new weight 24903 (was 24903) in 0.007076 s
16,,493,1469,27,,493,0,,24970,24903,23613,23600,23451,,734,7,@@

  delete_edges: deleted 25 edges in 0.031669 s and 25 rounds
  handle_small_Steiner_degrees: steiner 8, suppress 86 in 0.000176 s
Starting round 17
Found 807 isolated vertices
Invalid ratios recomputed: 392
Best ratio is 620/5 (124.0), centered at 77
Finding the best star... Star with 6 terminals centered in 1188
round took: 0.025159 s
|V| = 1199, |E| = 1107, |R| = 22
>> 101 (320: 1017 1031 1017) (0.00051 s)
>> 101 (726: 1026 1044 1026) (0.000432 s)
>> 100 (404: 1040 1085 1040) (0.000374 s)
>> 100 (444: 1002 1090 1002) (0.000336 s)
>> 100 (21: 999 1158 999) (0.0003 s)
>> 0 (-1: -1 -1 -1) (0.000212 s)
Zelikovsky 0.023178 s
>> 101 (320: 1017 1188 1031) (0.020066 s)
>> 101 (726: 1026 1044 1017) (0.020092 s)
>> 100 (21: 999 1158 1026) (0.020971 s)
>> 100 (414: 1146 1168 999) (0.022699 s)
>> 100 (444: 1002 1146 1090) (0.020409 s)
>> 100 (647: 1166 1163 1002) (0.020334 s)
>> 97 (32: 1056 1166 1043) (0.019702 s)
>> 97 (761: 1056 1147 1097) (0.019582 s)
>> 95 (410: 1164 1196 1056) (0.019466 s)
>> 88 (345: 1164 1100 1040) (0.020402 s)
Zelikovsky- 0.205443 s
>>> get_solution
  refine_solution: new weight 23356 (was 23509) in 0.007463 s
  refine_solution: new weight 23356 (was 23356) in 0.007357 s
>>> get_solution
  refine_solution: new weight 24307 (was 24479) in 0.007342 s
  refine_solution: new weight 24307 (was 24307) in 0.007309 s
17,,392,1107,22,,392,0,,24479,24307,23985,23509,23356,,620,6,@@

  handle_small_Steiner_degrees: steiner 6, suppress 84 in 0.000143 s
Starting round 18
Found 903 isolated vertices
Invalid ratios recomputed: 296
Best ratio is 621/5 (124.2), centered at 761
Finding the best star... Star with 6 terminals centered in 1188
round took: 0.015604 s
|V| = 1199, |E| = 783, |R| = 17
>> 101 (320: 1017 1031 1017) (0.000333 s)
>> 101 (928: 1040 1044 1040) (0.000269 s)
>> 100 (444: 1002 1090 1002) (0.000234 s)
>> 0 (-1: -1 -1 -1) (0.000152 s)
Zelikovsky 0.01267 s
>> 101 (320: 1017 1188 1031) (0.011196 s)
>> 101 (731: 1044 1090 1017) (0.011192 s)
>> 100 (647: 1166 1163 1044) (0.010721 s)
>> 97 (32: 1056 1166 1043) (0.010596 s)
>> 97 (992: 1196 1146 1056) (0.010924 s)
>> 94 (700: 1196 1158 1100) (0.011277 s)
>> 8 (404: 1085 1196 1040) (0.011081 s)
>> 0 (-1: -1 -1 -1) (0.010679 s)
Zelikovsky- 0.088836 s
>>> get_solution
  refine_solution: new weight 23251 (was 23402) in 0.007187 s
  refine_solution: new weight 23251 (was 23251) in 0.007273 s
>>> get_solution
  refine_solution: new weight 23914 (was 24090) in 0.007151 s
  refine_solution: new weight 23914 (was 23914) in 0.007211 s
18,,296,783,17,,296,0,,24090,23914,23797,23402,23251,,621,6,@@

  handle_small_Steiner_degrees: steiner 7, suppress 82 in 9.9e-05 s
Starting round 19
Found 998 isolated vertices
Invalid ratios recomputed: 201
Best ratio is 522/4 (130.5), centered at 578
Finding the best star... Star with 5 terminals centered in 1188
round took: 0.00721 s
|V| = 1199, |E| = 495, |R| = 13
>> 100 (404: 1040 1085 1040) (0.000205 s)
>> 100 (444: 1002 1090 1002) (0.000152 s)
>> 0 (-1: -1 -1 -1) (9.1e-05 s)
Zelikovsky 0.00564 s
>> 100 (404: 1085 1188 1040) (0.004996 s)
>> 100 (444: 1002 1090 1085) (0.004897 s)
>> 100 (647: 1166 1163 1002) (0.004867 s)
>> 98 (135: 1166 1196 1031) (0.004741 s)
>> 97 (32: 1056 1166 1043) (0.004755 s)
>> 94 (700: 1056 1158 1100) (0.004737 s)
Zelikovsky- 0.029762 s
>>> get_solution
  refine_solution: new weight 23178 (was 23316) in 0.007226 s
  refine_solution: new weight 23178 (was 23178) in 0.007168 s
>>> get_solution
  refine_solution: new weight 23823 (was 23905) in 0.007156 s
  refine_solution: new weight 23823 (was 23823) in 0.007202 s
19,,201,495,13,,201,0,,23905,23823,23705,23316,23178,,522,5,@@

  handle_small_Steiner_degrees: steiner 8, suppress 67 in 7.8e-05 s
Starting round 20
Found 1078 isolated vertices
Invalid ratios recomputed: 121
Best ratio is 412/3 (137.3), centered at 601
Finding the best star... Star with 4 terminals centered in 1188
round took: 0.002928 s
|V| = 1199, |E| = 287, |R| = 10
>> 100 (404: 1040 1085 1040) (0.000113 s)
>> 100 (444: 1002 1090 1002) (8.2e-05 s)
>> 0 (-1: -1 -1 -1) (4.9e-05 s)
Zelikovsky 0.002253 s
>> 100 (404: 1085 1188 1040) (0.001714 s)
>> 100 (444: 1002 1090 1085) (0.001686 s)
>> 97 (32: 1056 1043 1002) (0.001686 s)
>> 94 (266: 1056 1163 1158) (0.001637 s)
Zelikovsky- 0.007192 s
>>> get_solution
  refine_solution: new weight 23216 (was 23320) in 0.007619 s
  refine_solution: new weight 23216 (was 23216) in 0.007082 s
>>> get_solution
  refine_solution: new weight 23617 (was 23711) in 0.00709 s
  refine_solution: new weight 23617 (was 23617) in 0.007089 s
20,,121,287,10,,121,0,,23711,23617,23511,23320,23216,,412,4,@@

  handle_small_Steiner_degrees: steiner 2, suppress 43 in 3.7e-05 s
Starting round 21
Found 1127 isolated vertices
Invalid ratios recomputed: 72
Best ratio is 414/3 (138.0), centered at 449
Finding the best star... Star with 4 terminals centered in 1085
round took: 0.001272 s
|V| = 1199, |E| = 144, |R| = 7
>> 100 (444: 1002 1085 1002) (7.1e-05 s)
>> 0 (-1: -1 -1 -1) (3.5e-05 s)
Zelikovsky 0.000945 s
>> 100 (444: 1002 1090 1085) (0.000561 s)
>> 97 (32: 1056 1043 1002) (0.000537 s)
>> 0 (-1: -1 -1 -1) (0.000547 s)
Zelikovsky- 0.001943 s
>>> get_solution
  refine_solution: new weight 23216 (was 23322) in 0.007021 s
  refine_solution: new weight 23216 (was 23216) in 0.007034 s
>>> get_solution
  refine_solution: new weight 23416 (was 23519) in 0.00702 s
  refine_solution: new weight 23416 (was 23416) in 0.007042 s
21,,72,144,7,,72,0,,23519,23416,23419,23322,23216,,414,4,@@

  handle_small_Steiner_degrees: steiner 7, suppress 31 in 2.8e-05 s
Starting round 22
Found 1169 isolated vertices
Invalid ratios recomputed: 30
Best ratio is 304/2 (152.0), centered at 444
Finding the best star... Star with 3 terminals centered in 1090
round took: 0.000435 s
|V| = 1199, |E| = 54, |R| = 5
>> 97 (32: 1043 1056 1043) (4.4e-05 s)
>> 0 (-1: -1 -1 -1) (2.2e-05 s)
Zelikovsky 0.000415 s
>> 97 (32: 1056 1090 1043) (0.000115 s)
>> 0 (-1: -1 -1 -1) (9.7e-05 s)
Zelikovsky- 0.000407 s
>>> get_solution
  refine_solution: new weight 23216 (was 23322) in 0.006995 s
  refine_solution: new weight 23216 (was 23216) in 0.007056 s
>>> get_solution
  refine_solution: new weight 23313 (was 23419) in 0.007013 s
  refine_solution: new weight 23313 (was 23313) in 0.007071 s
22,,30,54,5,,30,0,,23419,23313,23322,23322,23216,,304,3,@@

  handle_small_Steiner_degrees: steiner 2, suppress 12 in 1.4e-05 s
Starting round 23
Found 1186 isolated vertices
Invalid ratios recomputed: 13
Best ratio is 308/2 (154.0), centered at 32
Finding the best star... Star with 3 terminals centered in 1090
round took: 0.000228 s
|V| = 1199, |E| = 13, |R| = 3
>> 0 (-1: -1 -1 -1) (2.3e-05 s)
Zelikovsky 0.000272 s
>> 0 (-1: -1 -1 -1) (3.3e-05 s)
Zelikovsky- 0.000192 s
>>> get_solution
  refine_solution: new weight 23216 (was 23322) in 0.006991 s
  refine_solution: new weight 23216 (was 23216) in 0.007055 s
>>> get_solution
  refine_solution: new weight 23216 (was 23322) in 0.00699 s
  refine_solution: new weight 23216 (was 23216) in 0.007064 s
23,,13,13,3,,13,0,,23322,23216,23322,23322,23216,,308,3,@@

  handle_small_Steiner_degrees: steiner 3, suppress 4 in 8e-06 s
Starting round 24
Found 1196 isolated vertices
Invalid ratios recomputed: 3
Best ratio is 404/2 (202.0), centered at 1031
Finding the best star... Star with 3 terminals centered in 1090
round took: 0.000102 s
|V| = 1199, |E| = 0, |R| = 1
Zelikovsky 0.000205 s
Zelikovsky- 0.000142 s
>>> get_solution
  refine_solution: new weight 23216 (was 23322) in 0.006985 s
  refine_solution: new weight 23216 (was 23216) in 0.006925 s
>>> get_solution
  refine_solution: new weight 23216 (was 23322) in 0.006949 s
  refine_solution: new weight 23216 (was 23216) in 0.007003 s
24,,3,0,1,,3,0,,23322,23216,23322,23322,23216,,404,3,@@

  handle_small_Steiner_degrees: steiner 0, suppress 0 in 3e-06 s
contract_till_the_bitter_end: 162.871 s

Calling end_heu
>>> get_solution
Saved weight 0
end_heu: 0 loops with 0 unique solutions in 8.3e-05 s

Calling print_solution
>>> get_solution
  refine_solution: new weight 23216 (was 23322) in 0.006924 s
Oops orig weight was 23322 but we got 23216
## FINAL WEIGHT 23216
print_solution: 0.009113 s
