Version: final-94-gfffc3aa rub_all.sh: remove longest prefix
Random seed: 1557118166
Start
>>> save_orig_graph
>> Saved weight 0
Graph loaded
|V| = 68465, |E| = 108732, |R| = 3001
First clearance of the input. Calling buy_zero and run_all_heuristics.
  buy_zero: 11 zero edges in 0.000513 s
  handle_small_terminal_degrees: terms 3 in 6e-05 s
  handle_small_Steiner_degrees: steiner 21, suppress 3 in 0.000102 s
  shortest_edge_between_terminals: 0 edges in 8e-05 s
  handle_small_terminal_degrees: terms 0 in 5.1e-05 s
  handle_small_Steiner_degrees: steiner 0, suppress 17 in 0.000103 s
  shortest_edge_between_terminals: 0 edges in 4.4e-05 s
  handle_small_terminal_degrees: terms 0 in 5.1e-05 s
  handle_small_Steiner_degrees: steiner 0, suppress 4 in 9.4e-05 s
  shortest_edge_between_terminals: 0 edges in 4.3e-05 s
  handle_small_terminal_degrees: terms 0 in 5.1e-05 s
  handle_small_Steiner_degrees: steiner 0, suppress 0 in 9.2e-05 s
  shortest_edge_between_terminals: 0 edges in 4.3e-05 s
Compressed graph 68465 -> 68405
  delete_edges: deleted 4588 edges in 0.036992 s and 4 rounds
  handle_small_terminal_degrees: terms 23 in 7.6e-05 s
  handle_small_Steiner_degrees: steiner 54, suppress 3704 in 0.001947 s
  shortest_edge_between_terminals: 0 edges in 9.9e-05 s
  handle_small_terminal_degrees: terms 1 in 5.3e-05 s
  handle_small_Steiner_degrees: steiner 0, suppress 62 in 0.00012 s
  shortest_edge_between_terminals: 0 edges in 4.7e-05 s
  handle_small_terminal_degrees: terms 0 in 5.1e-05 s
  handle_small_Steiner_degrees: steiner 0, suppress 0 in 9.3e-05 s
  shortest_edge_between_terminals: 0 edges in 4.6e-05 s
Compressed graph 68405 -> 64561
  delete_edges_shortest_path: deleted 8822 edges in 37.3351 s
  handle_small_terminal_degrees: terms 1326 in 0.001187 s
  handle_small_Steiner_degrees: steiner 1110, suppress 9401 in 0.004958 s
  shortest_edge_between_terminals: 2 edges in 0.000172 s
  handle_small_terminal_degrees: terms 239 in 0.000231 s
  handle_small_Steiner_degrees: steiner 5, suppress 232 in 0.000215 s
  shortest_edge_between_terminals: 13 edges in 8.8e-05 s
  handle_small_terminal_degrees: terms 7 in 5.6e-05 s
  handle_small_Steiner_degrees: steiner 1, suppress 12 in 0.000105 s
  shortest_edge_between_terminals: 1 edges in 5.8e-05 s
  handle_small_terminal_degrees: terms 2 in 5.2e-05 s
  handle_small_Steiner_degrees: steiner 2, suppress 0 in 9.6e-05 s
  shortest_edge_between_terminals: 0 edges in 5.6e-05 s
  handle_small_terminal_degrees: terms 0 in 5e-05 s
  handle_small_Steiner_degrees: steiner 0, suppress 1 in 9.6e-05 s
  shortest_edge_between_terminals: 0 edges in 5.6e-05 s
  handle_small_terminal_degrees: terms 0 in 5.1e-05 s
  handle_small_Steiner_degrees: steiner 0, suppress 0 in 9.5e-05 s
  shortest_edge_between_terminals: 0 edges in 5.6e-05 s
Compressed graph 64561 -> 52212
  handle_small_terminal_degrees: terms 0 in 4.1e-05 s
  handle_small_Steiner_degrees: steiner 0, suppress 106 in 0.000189 s
  shortest_edge_between_terminals: 46 edges in 0.000287 s
  handle_small_terminal_degrees: terms 0 in 4.1e-05 s
  handle_small_Steiner_degrees: steiner 0, suppress 5 in 9.2e-05 s
  shortest_edge_between_terminals: 0 edges in 9.2e-05 s
  handle_small_terminal_degrees: terms 0 in 4.1e-05 s
  handle_small_Steiner_degrees: steiner 0, suppress 0 in 8.6e-05 s
  shortest_edge_between_terminals: 0 edges in 7.6e-05 s
Compressed graph 52212 -> 51186
  delete_edges_shortest_path: deleted 2436 edges in 13.2753 s
  handle_small_terminal_degrees: terms 130 in 0.000207 s
  handle_small_Steiner_degrees: steiner 162, suppress 3316 in 0.002255 s
  shortest_edge_between_terminals: 16 edges in 0.000225 s
  handle_small_terminal_degrees: terms 10 in 4.9e-05 s
  handle_small_Steiner_degrees: steiner 1, suppress 58 in 0.00011 s
  shortest_edge_between_terminals: 5 edges in 7.6e-05 s
  handle_small_terminal_degrees: terms 0 in 4.1e-05 s
  handle_small_Steiner_degrees: steiner 0, suppress 0 in 8e-05 s
  shortest_edge_between_terminals: 0 edges in 7.9e-05 s
Compressed graph 51186 -> 47494
Compressed graph 47494 -> 47494
>>> save_orig_graph
>> Saved weight 499121587
### ZEL_LVL=9 PRECISE_STARS=0

Calling `contract_till_the_bitter_end`
|V| = 47494, |E| = 71383, |R| = 2925
>> 124729 (9221: 9219 9249 9219) (99.2072 s)
>> 109380 (19941: 9244 9257 9244) (100.067 s)
>> 53041 (13722: 7038 7062 7038) (92.7999 s)
>> 23219 (6100: 7567 8141 7567) (95.4304 s)
>> 21885 (13643: 9905 9956 9905) (119.049 s)
>> 17366 (3923: 10975 10999 10975) (122.646 s)
>> 12785 (1393: 9215 9538 9215) (114.975 s)
>> 10647 (23815: 7094 7099 7094) (92.0264 s)
>> 10200 (36779: 10795 11000 10795) (95.4446 s)
>> 9364 (32903: 11129 11130 11129) (95.0754 s)
>> 9277 (26715: 7875 7932 7875) (95.1988 s)
>> 9276 (9095: 9066 9094 9066) (105.363 s)
>> 8908 (4769: 9900 9908 9900) (110.419 s)
>> 8147 (4712: 10242 10245 10242) (99.4282 s)
>> 7732 (10028: 10013 10025 10013) (111.818 s)
>> 7697 (7503: 7502 7520 7502) (118.979 s)
>> 7541 (4257: 10818 10858 10818) (120.685 s)
>> 7533 (187: 10359 10384 10359) (112.179 s)
>> 7131 (18171: 10517 10589 10517) (112.169 s)
>> 6845 (10969: 10913 10926 10913) (113.447 s)
>> 6804 (10901: 10892 10899 10892) (114.372 s)
>> 6696 (43252: 9874 9883 9874) (114.2 s)
>> 6682 (10484: 10427 10482 10427) (113.65 s)
>> 6465 (10051: 10041 10050 10041) (113.178 s)
>> 6293 (25717: 10662 10704 10662) (111.65 s)
>> 6192 (44093: 7581 7590 7581) (104.951 s)
>> 6161 (36711: 9749 9772 9749) (109.348 s)
>> 6045 (7029: 7075 7076 7075) (108.55 s)
>> 6006 (22822: 7535 7558 7535) (102.217 s)
>> 5811 (10940: 10922 10938 10922) (102.031 s)
>> 5706 (12818: 9808 9830 9808) (107.148 s)
>> 5524 (10890: 10851 10889 10851) (104.898 s)
>> 5519 (15971: 11307 11315 11307) (110.878 s)
>> 5298 (42580: 9730 9834 9730) (118.348 s)
>> 5234 (4723: 10053 10117 10053) (112.48 s)
>> 5138 (10372: 10347 10371 10347) (106.165 s)
>> 5413 (18409: 10295 10395 10295) (106.543 s)
>> 5087 (25408: 10303 10352 10303) (113.011 s)
>> 5066 (9790: 9782 9786 9782) (114.435 s)
>> 5054 (10773: 10771 10797 10771) (113.707 s)
>> 4990 (23185: 7344 7378 7344) (101.248 s)
>> 4985 (9666: 9664 9613 9664) (101.607 s)
>> 4966 (11217: 11205 11216 11205) (120.512 s)
>> 4961 (6828: 7283 7297 7283) (109.239 s)
>> 4939 (22749: 7587 22737 7587) (103.673 s)
>> 4908 (2300: 8997 9085 8997) (109.294 s)
>> 4896 (13013: 10615 10776 10615) (115.524 s)
>> 4834 (4808: 9828 9839 9828) (117.814 s)
>> 4752 (7106: 7105 7109 7105) (141.119 s)
>> 4691 (19475: 9607 9622 9607) (123.592 s)
>> 4604 (22733: 7593 7616 7593) (128.864 s)
>> 4598 (4152: 11054 11060 11054) (121.652 s)
>> 4591 (20552: 8493 8572 8493) (129.066 s)
>> 4579 (9183: 9178 9182 9178) (120.692 s)
>> 4572 (9687: 9645 9686 9645) (110.338 s)
>> 4570 (43416: 11280 11285 11280) (108.664 s)
>> 4961 (11294: 11275 11292 11275) (107.279 s)
>> 4550 (7242: 7219 7241 7219) (110.51 s)
>> 6064 (23419: 7220 7225 7220) (119.522 s)
>> 4422 (5035: 9108 9157 9108) (119.127 s)
>> 4393 (3099: 10428 10432 10428) (117.723 s)
>> 4336 (15327: 10548 10577 10548) (117.148 s)
>> 4331 (10714: 10713 10720 10713) (116.742 s)
>> 4328 (16053: 11253 11263 11253) (117.26 s)
>> 4301 (44696: 7086 28283 7086) (123.892 s)
>> 4286 (3982: 3189 11239 3189) (121.943 s)
>> 0 (-1: -1 -1 -1) (90.6067 s)
Zelikovsky 22927.4 s
>> 124729 (9221: 9219 9257 9249) (4295.65 s)
>> 109380 (19941: 9244 9283 9219) (4228.03 s)
>> 53041 (13722: 7079 7062 7038) (4822.37 s)
>> 21885 (13643: 9905 10246 9956) (5172.56 s)
>> 17366 (3923: 11007 10999 10975) (5844.76 s)
>> 12785 (1393: 9215 9857 9538) (5380.15 s)
>> 12067 (5666: 8141 8472 8273) (5355.47 s)
>> 10647 (23815: 7094 7133 7099) (5212.77 s)
>> 10200 (36779: 10795 11093 11000) (5615.06 s)
>> 9364 (32903: 11130 11134 11129) (5564.49 s)
>> 9277 (26715: 7932 8091 7875) (5362.29 s)
>> 9276 (9095: 9036 9094 9066) (5082.54 s)
>> 8908 (4769: 9908 9962 9900) (5562.42 s)
>> 8147 (4712: 10242 33901 10245) (4933.34 s)
>> 7732 (10028: 10129 10025 10013) (4920.36 s)
>> 7697 (7503: 7466 7520 7502) (4928.09 s)
>> 7541 (4257: 10818 10896 10858) (4911.39 s)
>> 7533 (187: 10359 10415 10384) (4897.51 s)
>> 7131 (18171: 10517 10421 10589) (4268.8 s)
>> 6845 (10969: 10913 10968 10926) (3996.32 s)
>> 6804 (10901: 10912 10899 10892) (4277.9 s)
>> 6682 (10484: 10427 10492 10482) (4882.82 s)
>> 6293 (25717: 10662 10571 10704) (4872.24 s)
>> 6161 (36711: 9807 9772 9749) (4876.29 s)
>> 6045 (7029: 7075 7080 7076) (4866.32 s)
>> 5686 (6100: 8141 8169 7567) (4863.04 s)
>> 5686 (32714: 10744 10859 10517) (4841.44 s)
>> 5524 (10890: 10851 10905 10889) (4848.98 s)
>> 5519 (15971: 11307 11318 11315) (4839.92 s)
>> 5298 (42580: 9834 10094 9730) (4830.53 s)
>> 5234 (4723: 10117 10243 10053) (4817.13 s)
>> 5054 (10773: 10755 10797 10771) (4823.96 s)
>> 5021 (38305: 10359 10392 10347) (4816.2 s)
>> 4990 (23185: 7378 7294 7344) (4810.42 s)
>> 4985 (9666: 9729 9613 9664) (4813.32 s)
>> 4966 (11217: 11205 11221 11216) (4801.49 s)
>> 4961 (6828: 7316 7297 7283) (4803.91 s)
>> 4939 (22749: 22737 7490 7587) (4810.3 s)
>> 4903 (36390: 7579 8141 7487) (4818.48 s)
>> 4834 (4808: 9877 9839 9828) (4780.69 s)
>> 4806 (25408: 10440 10352 10303) (4778.59 s)
>> 4752 (7106: 7103 7109 7105) (4772.47 s)
>> 4716 (46334: 7625 7593 7590) (4763.2 s)
>> 4691 (19475: 9568 9622 9607) (4751.98 s)
>> 4598 (4152: 11054 11071 11060) (4750.46 s)
>> 4579 (9183: 9207 9182 9178) (4737.6 s)
>> 4572 (9687: 9678 9686 9645) (4740.96 s)
>> 4570 (43416: 11285 11287 11280) (4733.83 s)
>> 4550 (7242: 7219 7264 7241) (4723.3 s)
>> 4422 (5035: 9232 9157 9108) (4726.46 s)
>> 4393 (3099: 10485 10432 10428) (4714.46 s)
>> 4336 (15327: 10594 10577 10548) (4432.06 s)
>> 4331 (10714: 10691 10720 10713) (4127.99 s)
>> 4328 (16053: 11253 11267 11263) (4127.06 s)
>> 4286 (3982: 11239 11240 3189) (4112.38 s)
>> 4284 (20162: 8935 9207 9063) (4110.16 s)
>> 4281 (22361: 7816 7771 7735) (4108.87 s)
>> 4199 (9329: 9351 9322 9328) (4163.63 s)
>> 4176 (19704: 9412 9483 9458) (4475.81 s)
>> 4159 (9343: 19925 9367 9342) (4452.8 s)
>> 4108 (10150: 10128 10216 10149) (4454.72 s)
>> 4108 (12162: 11139 11151 11157) (4448.9 s)
>> 4018 (7018: 7092 7087 7086) (4441.38 s)
>> 3996 (2650: 10447 10399 10275) (4445.75 s)
>> 3974 (4484: 10481 10515 10500) (6272.25 s)
>> 3963 (5096: 9214 9043 9029) (5643.74 s)
>> 3939 (9582: 9484 9598 9581) (4628.87 s)
>> 3925 (9298: 9338 9351 9296) (4623.29 s)
>> 3918 (13232: 16233 11191 11182) (4659.24 s)
>> 3886 (9938: 19073 9918 9935) (4645.17 s)
>> 3852 (27183: 7071 7075 7061) (4627.02 s)
>> 3842 (18729: 10081 18723 10213) (4629.25 s)
>> 3813 (11291: 11285 11292 11289) (4898.46 s)
>> 3784 (190: 10592 10634 10624) (4550.27 s)
>> 3669 (6933: 7170 7186 7184) (4497.34 s)
>> 3641 (28426: 9287 9222 9225) (4014.45 s)
>> 3637 (10252: 10265 10250 10231) (4008.06 s)
>> 3634 (20697: 8747 8751 8743) (4003.77 s)
>> 3625 (10951: 10937 10950 10944) (4002.24 s)
>> 3622 (9240: 9253 9338 9239) (4466.32 s)
>> 3621 (24330: 10272 10356 10336) (4811.86 s)
>> 3597 (34022: 11013 10902 10917) (4638.8 s)
>> 3553 (18433: 10342 10391 10388) (4601.16 s)
>> 3551 (18572: 10271 10304 10292) (4593.47 s)
>> 3534 (9531: 9552 9467 9530) (4585.24 s)
>> 3529 (18388: 10485 10430 10410) (4382.56 s)
>> 3520 (23419: 7207 7225 7220) (4325.1 s)
>> 3515 (11113: 11108 11117 11111) (4336.44 s)
>> 3501 (23387: 7265 7249 7233) (4328.36 s)
>> 3498 (17643: 10795 10791 10776) (4320.45 s)
>> 3467 (11612: 11253 11250 11238) (4427.97 s)
>> 3448 (3423: 11169 11189 11168) (4504.03 s)
>> 3442 (14901: 7478 7474 7449) (4508.18 s)
>> 3438 (42149: 10770 10751 10741) (4509.82 s)
>> 3432 (6395: 7787 7698 7780) (4503.39 s)
>> 3420 (43525: 10546 10610 10599) (4481.35 s)
>> 3370 (46908: 11139 11143 11140) (4483.5 s)
>> 3354 (9574: 9592 9571 9559) (4494 s)
>> 3344 (6597: 7571 7566 7551) (4485.54 s)
>> 3295 (9313: 9447 9310 9254) (4463.05 s)
>> 3271 (4957: 9248 9366 9352) (4470.49 s)
>> 3271 (7577: 39454 7576 7552) (4461.83 s)
>> 3264 (29892: 8777 8995 8830) (4453.61 s)
>> 3243 (27960: 11306 11288 11298) (4453.36 s)
>> 3179 (35687: 11150 11167 11166) (4441.79 s)
>> 3176 (18061: 10566 10586 10546) (4421.39 s)
>> 3144 (11004: 11020 11014 11003) (4432.13 s)
>> 3143 (10204: 10215 10203 10195) (4431.64 s)
>> 3126 (37243: 9537 9675 9564) (4420.08 s)
>> 3125 (20591: 8694 8810 8782) (4412.12 s)
>> 3116 (13280: 10724 10756 10728) (4411.46 s)
>> 3113 (14313: 7467 7420 7471) (4407.95 s)
>> 3107 (12106: 10895 11013 10922) (4394.69 s)
>> 3091 (2122: 10061 10081 10227) (4391.01 s)
>> 3078 (43213: 7131 7129 7127) (4388.37 s)
>> 3054 (10038: 10095 10036 10017) (3885.65 s)
>> 3051 (4133: 11090 11076 11054) (3828.23 s)
>> 3037 (19489: 9550 9547 9489) (3820.23 s)
>> 3035 (844: 11007 10934 10851) (3818.39 s)
>> 3023 (6778: 7337 7332 7321) (3729 s)
>> 3009 (33479: 7818 6362 7777) (3783.76 s)
>> 2968 (7140: 7134 7149 7138) (3888.57 s)
>> 2950 (22159: 7865 7916 7898) (3517.85 s)
>> 2936 (5622: 7579 8820 8493) (3507.89 s)
>> 2935 (4885: 9628 9593 9578) (3598.52 s)
>> 2930 (21218: 8521 8463 8459) (3538.11 s)
>> 2927 (41733: 9747 9643 9648) (3507.81 s)
>> 2998 (12287: 9747 9724 9537) (3493.84 s)
>> 2920 (31368: 8793 8826 8633) (3496.38 s)
>> 2917 (5263: 8918 8851 8822) (3732.07 s)
>> 2914 (9800: 9865 9804 9799) (4333.1 s)
>> 2911 (8567: 8647 8566 8546) (4320.04 s)
>> 2910 (22061: 7963 7944 8002) (4325.28 s)
>> 2903 (34983: 9124 9217 9135) (4312.79 s)
>> 2899 (35840: 9663 9634 9625) (4308.28 s)
>> 2899 (46309: 10933 10937 10876) (4307.45 s)
>> 2897 (46167: 10798 10827 10816) (4303.17 s)
>> 2891 (19466: 9526 9747 9603) (4302.05 s)
>> 2891 (39784: 7170 7213 7201) (4295.47 s)
>> 2891 (42640: 9476 19460 9445) (4283.1 s)
>> 2886 (19113: 9741 46207 8501) (4292.78 s)
>> 2882 (4269: 10844 17449 10850) (4275.34 s)
>> 2861 (17392: 10834 11007 10881) (4270.91 s)
>> 2861 (18167: 10662 10526 10511) (4257.93 s)
>> 2852 (4539: 10436 10420 10418) (4262.06 s)
>> 2843 (22973: 7470 7459 7447) (4264.88 s)
>> 2833 (6058: 8274 8229 8191) (4253.36 s)
>> 2830 (6271: 7971 8045 8014) (4245.38 s)
>> 2828 (18181: 18200 10566 10508) (4246.76 s)
>> 2809 (26188: 9887 131 9884) (4256.51 s)
>> 2807 (45603: 10140 10128 10120) (4231.03 s)
>> 2804 (11196: 11188 11200 11195) (4257.91 s)
>> 2802 (18266: 10467 18200 10486) (4264.94 s)
>> 2778 (189: 23413 7378 7237) (4225.06 s)
>> 2778 (3966: 11253 11284 11273) (4213.51 s)
>> 2774 (2054: 9877 9859 9827) (4228.53 s)
>> 2764 (40116: 8770 8610 8607) (4217.16 s)
>> 2759 (6924: 7232 7271 7231) (4200.99 s)
>> 2755 (38074: 11110 11118 11108) (4190.33 s)
>> 2742 (42259: 7631 7685 7645) (4176.4 s)
>> 2718 (7024: 7084 7085 7082) (4186.45 s)
>> 2710 (2977: 7980 7946 7915) (4186.03 s)
>> 2707 (29240: 7279 7328 7307) (4178.81 s)
>> 2702 (9590: 9533 9589 9526) (4177.61 s)
>> 2683 (35054: 34108 7856 7838) (4165.54 s)
>> 2670 (17429: 10886 10880 10869) (4163.19 s)
>> 2634 (8683: 8635 8708 8681) (4153.92 s)
>> 2621 (41474: 7097 35255 7095) (4157.14 s)
>> 2614 (42635: 8985 9153 20235) (4140.64 s)
>> 2599 (34880: 7126 23750 7128) (4133.88 s)
>> 2576 (319: 10085 10035 10140) (4135.89 s)
>> 2565 (23421: 7206 7223 7217) (4139.53 s)
>> 2564 (1933: 9683 9737 9641) (4132.84 s)
>> 2549 (8022: 8009 8037 8020) (4128.06 s)
>> 2549 (10160: 10171 10190 10158) (4122.93 s)
>> 2540 (21445: 8521 8333 8351) (4135.28 s)
>> 2531 (37123: 10547 10607 10529) (4121.16 s)
>> 2510 (9133: 9233 9112 9131) (4137.73 s)
>> 2481 (31326: 8904 8900 8997) (4128.8 s)
>> 2480 (26624: 10626 10581 10545) (4093.01 s)
>> 2463 (34842: 8894 9100 8914) (4102.95 s)
>> 2460 (11447: 11245 16108 11254) (4015.72 s)
>> 2445 (30482: 9968 10012 10029) (3526.81 s)
>> 2435 (16117: 11213 11224 11211) (3522.81 s)
>> 2423 (17026: 11061 11055 11047) (3519.58 s)
>> 2411 (9390: 9364 9391 9388) (3516.72 s)
>> 3579 (3784: 9364 9430 9260) (3512.71 s)
>> 2407 (9528: 9570 9527 9492) (3505.85 s)
>> 2403 (5996: 8200 8237 8230) (3500.35 s)
>> 2401 (44498: 9969 9913 9877) (3502.29 s)
>> 2378 (8407: 8479 21642 8406) (3497.88 s)
>> 2372 (35612: 7161 7166 7134) (3491.87 s)
>> 2369 (9706: 9689 9693 9705) (3480.33 s)
>> 2364 (10940: 10895 10912 10938) (3473.62 s)
>> 2361 (4645: 10330 10357 10343) (3471.66 s)
>> 2361 (10034: 10080 10031 10007) (3469.37 s)
>> 2351 (31317: 23413 7209 7224) (3464.68 s)
>> 2350 (16119: 11235 11229 11213) (3410.62 s)
>> 2346 (15974: 11311 11309 11301) (3157.78 s)
>> 2345 (10131: 10129 10153 10130) (3164.89 s)
>> 2343 (30085: 7428 7464 7430) (3158.38 s)
>> 2339 (10748: 10750 10746 10734) (3152.17 s)
>> 2315 (10178: 10229 10185 10176) (3178.44 s)
>> 2295 (8897: 8885 9026 8896) (3275.35 s)
>> 2291 (25064: 10732 10691 10743) (3775.46 s)
>> 2287 (18947: 10055 9998 9994) (3771.07 s)
>> 2286 (21205: 8540 8489 8419) (3865.45 s)
>> 2267 (33165: 10790 10798 10794) (3916.39 s)
>> 2266 (38400: 10616 10639 10620) (3727.56 s)
>> 2260 (9286: 9294 9301 9285) (3733.28 s)
>> 2260 (41610: 11029 17211 11028) (3727.69 s)
>> 2234 (11512: 7980 7874 7862) (3720.48 s)
>> 2218 (811: 7591 7586 7575) (3712.34 s)
>> 2217 (3170: 9684 9807 9708) (3713.49 s)
>> 2210 (8088: 8100 8009 8087) (3710.11 s)
>> 2209 (22353: 7816 7778 7759) (3707.79 s)
>> 2185 (753: 10872 10933 10916) (3697.09 s)
>> 2172 (16270: 11170 11158 11125) (3687.33 s)
>> 2172 (46784: 16067 11266 11261) (3693.86 s)
>> 2170 (23134: 7375 7347 7279) (3684.43 s)
>> 2170 (40502: 8898 8983 8827) (3687.76 s)
>> 2150 (10847: 10833 10857 10845) (3678.01 s)
>> 2144 (39437: 7933 8025 7985) (3675.21 s)
>> 2141 (4094: 11110 11127 11119) (3675.28 s)
>> 2137 (4049: 11186 11172 11175) (3660.14 s)
>> 2133 (10871: 10744 10910 10870) (3660.45 s)
>> 2133 (12342: 11279 11285 11268) (3601.87 s)
>> 2119 (21731: 8161 8151 8135) (3826.03 s)
>> 2111 (14589: 10301 10359 10297) (3839.74 s)
>> 2108 (44685: 8647 8777 8648) (3854.19 s)
>> 2097 (7939: 7964 7883 7935) (3839.04 s)
>> 2095 (4635: 10374 10345 10332) (3826.31 s)
>> 2094 (27665: 8519 8573 8555) (3820.58 s)
>> 2087 (25110: 10625 10635 10621) (3817.83 s)
>> 2086 (30541: 22954 7473 7438) (3821.02 s)
>> 2079 (8979: 8925 8996 8978) (3811.14 s)
>> 2079 (39536: 8925 9237 9040) (3806.28 s)
>> 2078 (31251: 7665 7657 7640) (3799.49 s)
>> 2076 (4194: 11022 11023 11021) (3796.13 s)
>> 2070 (18567: 10320 10317 10280) (3789.59 s)
>> 2068 (10765: 10724 10779 10764) (3790.1 s)
>> 2058 (22212: 7857 7853 7827) (3796.94 s)
>> 2055 (10480: 10485 10518 10479) (3784.18 s)
>> 2054 (9127: 8904 9125 9116) (3775.74 s)
>> 2054 (9411: 9401 9552 9409) (3775.05 s)
>> 2047 (37902: 7707 7703 7683) (3765.55 s)
>> 2046 (47141: 8688 8718 8667) (3779.35 s)
>> 2039 (18136: 10528 10578 10535) (3756.5 s)
>> 2028 (534: 9497 9493 9534) (3761.53 s)
>> 2211 (42210: 9383 9497 9453) (3788.04 s)
>> 2018 (18971: 9906 9910 9890) (3748.03 s)
>> 2010 (22346: 7814 7789 7783) (3751.31 s)
>> 2007 (35751: 10651 10467 10614) (3749.85 s)
>> 2004 (19749: 9413 9398 9378) (3733.96 s)
>> 2533 (19827: 19887 9413 9323) (3726.92 s)
>> 2002 (19280: 9676 9729 9728) (3713.56 s)
>> 1999 (8073: 8112 8077 8069) (3705.53 s)
>> 1988 (43339: 10693 41077 10706) (3711.68 s)
>> 1988 (45596: 7183 7179 7161) (3704.61 s)
>> 1986 (9711: 9696 9758 9710) (3703.83 s)
>> 1978 (29935: 7120 7125 7122) (3707.88 s)
>> 1974 (20347: 9001 8866 8915) (3698.67 s)
>> 1972 (29771: 7426 23055 7444) (3689.89 s)
>> 1966 (13163: 8409 8313 8300) (3691.01 s)
>> 1966 (18548: 10302 10342 10263) (3684.06 s)
>> 1963 (13417: 8977 9049 9018) (3677.31 s)
>> 1958 (17025: 11052 11064 11057) (3666.52 s)
>> 1957 (41393: 10719 17744 10697) (3664.44 s)
>> 1950 (6877: 7316 7270 7269) (3677.37 s)
>> 1946 (18082: 10606 10579 10563) (3660.67 s)
>> 1946 (23477: 7181 7207 7191) (3661.64 s)
>> 1943 (13150: 11307 11310 11279) (3688.39 s)
>> 1943 (29586: 7842 34108 7820) (3644.49 s)
>> 1942 (4039: 11174 11186 11177) (3657 s)
>> 1942 (10646: 10638 10653 10645) (3653.79 s)
>> 1941 (6041: 8174 8231 8216) (3629.84 s)
>> 1939 (14957: 7265 7278 7236) (3621.63 s)
>> 1934 (19616: 9490 9568 9446) (3623.07 s)
>> 1930 (11038: 11029 11044 11037) (3617.13 s)
>> 1923 (2816: 9681 9533 9736) (3609.96 s)
>> 1914 (21733: 8222 8156 8136) (3608.18 s)
>> 1902 (31756: 19925 9036 9290) (3591.01 s)
>> 1900 (20194: 9159 9114 9028) (3590.19 s)
>> 1899 (23974: 7056 7053 7044) (3589.59 s)
>> 1897 (9083: 9206 19925 9079) (3588.11 s)
>> 1864 (30794: 7636 7637 7613) (3582.73 s)
>> 1859 (3356: 7755 7788 7775) (3577.05 s)
>> 1857 (45240: 11274 11276 11253) (3565.52 s)
>> 1854 (14443: 10626 10596 10565) (3566.71 s)
>> 1852 (33193: 7204 7206 7182) (3577.25 s)
>> 1850 (30735: 10616 10660 10592) (3575.22 s)
>> 1840 (7509: 7518 7506 7498) (3623.77 s)
>> 1840 (26032: 9487 19645 9475) (3877.39 s)
>> 1839 (17723: 10733 10742 10719) (3805.01 s)
>> 1838 (43882: 7472 7469 7450) (3739.73 s)
>> 1833 (6721: 7383 7367 7337) (4215.68 s)
>> 1832 (5361: 8632 8849 8719) (4066.62 s)
>> 1832 (5977: 8339 8241 8214) (3950.86 s)
>> 1901 (15202: 8240 8339 8147) (4359.04 s)
>> 1912 (5872: 8417 8323 8240) (4037.19 s)
>> 1831 (16130: 11212 11226 11220) (3589.39 s)
>> 1830 (18960: 4776 9967 9906) (3686.34 s)
>> 1829 (8656: 8611 8793 8654) (3520.61 s)
>> 1829 (18580: 10329 10314 10262) (3158.32 s)
>> 1829 (29021: 7681 7664 7706) (3685.03 s)
>> 1824 (33427: 9307 9302 9273) (3735.67 s)
>> 1819 (4119: 11096 11095 11090) (4034.05 s)
>> 1818 (35424: 10763 39768 10758) (4053.66 s)
>> 1812 (20100: 9142 9295 9042) (4154.4 s)
>> 1806 (6519: 7641 7634 7626) (4032.68 s)
>> 1790 (13041: 10895 10945 10947) (4202.77 s)
>> 1788 (38184: 10681 10659 10707) (4214.59 s)
>> 1786 (44397: 7681 7723 7691) (4424.61 s)
>> 1782 (26885: 7563 7497 7526) (3817.27 s)
>> 1775 (19114: 9875 9886 9833) (3672.81 s)
>> 2024 (19258: 9683 9875 9738) (3685 s)
>> 1768 (17782: 10695 10715 10709) (3671.85 s)
>> 1768 (17876: 10679 10656 10672) (3229.02 s)
>> 1767 (13691: 9482 9681 9616) (2972.56 s)
>> 1763 (9349: 9229 9347 9228) (2972.52 s)
>> 1751 (21374: 8244 8391 8381) (2968.37 s)
>> 1747 (9319: 9303 9335 9318) (2964.04 s)
>> 1747 (18336: 10427 10463 10419) (2956.63 s)
>> 1735 (31944: 19461 9550 9539) (2937.42 s)
>> 1734 (24585: 9205 8899 9124) (2921.36 s)
>> 1731 (18: 9208 9151 9072) (2921.43 s)
>> 1727 (6774: 7326 7334 7324) (2921.42 s)
>> 1722 (20691: 8747 8757 8749) (2899.6 s)
>> 1717 (26943: 7268 7255 7219) (2942.11 s)
>> 1715 (6417: 7739 7755 7724) (2938.83 s)
>> 1711 (36246: 43123 10904 10886) (2930.01 s)
>> 1708 (46026: 7656 7677 7671) (2936.69 s)
>> 1704 (16042: 16067 11275 11270) (2936.11 s)
>> 1697 (32557: 11109 37569 11115) (2927.25 s)
>> 1691 (11370: 11092 11097 11094) (2901.81 s)
>> 1686 (11953: 9577 9554 9487) (2910.09 s)
>> 1683 (4670: 10269 10321 10287) (2891.21 s)
>> 1683 (44264: 7488 22887 7467) (2694.83 s)
>> 1681 (30626: 8183 8224 8192) (2591.68 s)
>> 1680 (32871: 7854 7895 7816) (2589.44 s)
>> 1677 (21848: 8032 8094 7579) (2592.74 s)
>> 1675 (5747: 8429 8540 8276) (2580.61 s)
>> 1673 (21757: 8149 8134 8118) (2576 s)
>> 1672 (32766: 10688 10674 10658) (2680.54 s)
>> 1668 (11377: 10398 10436 10404) (2701.63 s)
>> 1667 (13977: 10269 10363 10344) (2583.43 s)
>> 1664 (10800: 10792 10833 10799) (2662.76 s)
>> 1647 (40108: 10874 10866 10861) (2833.09 s)
>> 1644 (29095: 10903 17335 10909) (2845.61 s)
>> 1642 (23152: 7351 7372 7335) (2596.44 s)
>> 1642 (46869: 10789 10755 4344) (2589.93 s)
>> 1641 (8004: 7990 8003 7993) (2589.52 s)
>> 1641 (12654: 28283 7094 7091) (2599.71 s)
>> 1631 (38277: 10964 10990 10954) (2546.91 s)
>> 1629 (7893: 7880 7910 7890) (2575.47 s)
>> 1628 (5618: 8511 45187 8495) (2559.98 s)
>> 1625 (8587: 8627 8586 8522) (2555.16 s)
>> 1625 (28885: 10496 41053 10516) (2755.08 s)
>> 1622 (35202: 8090 8112 8011) (3233.44 s)
>> 1612 (8760: 8686 8758 8704) (3793.24 s)
>> 1610 (4305: 4301 10832 10831) (3974.5 s)
>> 1605 (35207: 7351 7299 7315) (4736.9 s)
>> 1603 (5057: 9232 9051 9115) (3972.9 s)
>> 1601 (10989: 10955 10996 10987) (3614.6 s)
>> 1600 (20868: 8601 8696 8657) (3702.74 s)
>> 1598 (1595: 8456 8492 8426) (3823.51 s)
>> 1598 (17945: 10641 10663 10633) (3870.37 s)
>> 1592 (1481: 10651 10539 10573) (3888.97 s)
>> 1592 (38702: 8817 8799 9001) (3740.92 s)
>> 1586 (22761: 7571 7597 7582) (3964.71 s)
>> 1584 (19237: 9696 9865 9754) (3672.18 s)
>> 1577 (17830: 32572 10694 10671) (3758.33 s)
>> 2124 (35386: 10733 32572 10718) (3564.04 s)
>> 1573 (37840: 9924 9888 9215) (3694.66 s)
>> 1571 (5986: 8521 8220 8239) (3701.2 s)
>> 1571 (44519: 8722 8747 8728) (3893.23 s)
>> 1570 (27270: 10615 10795 10572) (4051.04 s)
>> 1569 (8955: 8994 8885 8954) (3598.65 s)
>> 1569 (19758: 9384 9405 9365) (3847.25 s)
>> 1568 (22222: 7852 7882 7812) (3700.27 s)
>> 1564 (22025: 8035 7980 8015) (3607.21 s)
>> 1562 (22287: 7847 7828 7815) (3564.93 s)
>> 1558 (1081: 7799 7782 7817) (3982.79 s)
>> 1552 (30049: 7625 7601 7581) (4234.21 s)
>> 1550 (39200: 7045 7056 7039) (3698.68 s)
>> 1546 (6912: 7232 7277 7244) (3492.69 s)
>> 1541 (10813: 10815 10790 10812) (3626.62 s)
>> 1536 (14373: 11174 11187 11178) (3465.58 s)
>> 1536 (31662: 9986 10076 9981) (3575.81 s)
>> 1534 (41694: 9113 19887 9333) (3468.84 s)
>> 1529 (25540: 8161 8104 8098) (3890.92 s)
>> 1528 (3520: 8642 8786 8636) (3581.59 s)
>> 1524 (4815: 9841 9837 9676) (3972.25 s)
>> 1524 (5788: 8267 8449 8410) (3535.73 s)
>> 1522 (30784: 18756 10229 10172) (4172.26 s)
>> 1522 (36458: 9013 9015 8854) (3703.67 s)
>> 1513 (23532: 7164 7171 7165) (4152.98 s)
>> 1509 (31015: 8438 8302 8422) (3966.22 s)
>> 1506 (12875: 8867 8868 8720) (3817.42 s)
>> 1506 (19311: 9709 9717 9490) (4171.69 s)
>> 1500 (20325: 8982 8941 8964) (3926.34 s)
>> 1498 (3342: 7371 7412 7406) (4142.38 s)
>> 1498 (18393: 10403 10442 10417) (3973.2 s)
>> 1497 (26209: 9748 9844 9840) (3980.79 s)
>> 1496 (33615: 11192 11205 11198) (3738.6 s)
>> 1496 (39587: 7737 7716 7768) (4637.99 s)
>> 1495 (12469: 8506 8442 8541) (5183.25 s)
>> 1495 (20254: 8647 9233 8986) (5228.21 s)
>> 1494 (19228: 9696 9796 9791) (3115.29 s)
>> 1492 (803: 8987 8918 8980) (3786.65 s)
>> 1488 (9092: 8904 9090 9085) (3852.03 s)
>> 1484 (1340: 7715 7737 7688) (3839 s)
>> 1480 (13440: 9022 9099 8998) (3745.59 s)
>> 1480 (43749: 20465 8860 8742) (3555.05 s)
>> 1479 (19629: 9443 9488 9477) (2666.88 s)
>> 1477 (4006: 11225 11219 11215) (3757.45 s)
>> 1477 (23312: 7265 7287 7276) (3770.15 s)
>> 1475 (9435: 9396 9570 9433) (3751.1 s)
>> 1470 (9862: 9851 9743 9861) (3673.53 s)
>> 1469 (8366: 8374 8355 8365) (3958.89 s)
>> 1459 (19427: 9610 9677 9558) (3492.37 s)
>> 1459 (46288: 7563 7483 7491) (3971.14 s)
>> 1458 (20508: 8611 8898 8883) (3937.13 s)
>> 1454 (20861: 8620 21000 8671) (3363.97 s)
>> 1453 (30498: 8779 8722 8698) (4018.39 s)
>> 1446 (42068: 10118 10242 10107) (3934.39 s)
>> 1438 (42840: 9214 9479 9170) (3666.51 s)
>> 1429 (7190: 7197 7183 7188) (3902.93 s)
>> 1428 (9415: 9384 9414 9113) (3943.29 s)
>> 1428 (19434: 9617 9615 9614) (3787.6 s)
>> 1426 (46068: 8274 8417 8390) (2978.82 s)
>> 1424 (34469: 9442 9444 9486) (2978.53 s)
>> 1423 (21320: 8389 8433 8277) (2976.58 s)
>> 1422 (17399: 10882 10897 10888) (2976.25 s)
>> 1421 (5522: 8423 8523 8549) (2965.75 s)
>> 1421 (15190: 9723 9748 9689) (2952.84 s)
>> 1414 (15053: 8450 8770 8533) (2967.5 s)
>> 1410 (8053: 8063 8052 8028) (2963.53 s)
>> 1409 (22752: 22765 8032 7595) (2956.68 s)
>> 1408 (8614: 8625 8635 8613) (2604.46 s)
>> 1407 (2668: 8565 8605 8626) (2637.95 s)
>> 1407 (38639: 10879 10885 10862) (2623.61 s)
>> 1405 (6234: 8081 8101 8060) (2620.72 s)
>> 1404 (20923: 8521 8638 8631) (2626.78 s)
>> 1403 (17204: 10995 11022 10946) (2624.85 s)
>> 1397 (31851: 45833 7197 7194) (2619.65 s)
>> 1394 (8692: 8688 8723 8691) (2612.53 s)
>> 1391 (23579: 7148 7153 7150) (2609.33 s)
>> 1390 (12871: 11110 11124 11116) (2598.33 s)
>> 1387 (4896: 9569 9577 9540) (2583.3 s)
>> 1387 (17533: 10823 17564 10822) (2576.81 s)
>> 1386 (4730: 10100 10102 10082) (2575.42 s)
>> 1386 (13896: 8846 8798 8763) (2577.38 s)
>> 1383 (20209: 9101 9174 8894) (2568.54 s)
>> 1377 (32308: 11001 10981 10977) (2553.45 s)
>> 1375 (8336: 8370 8397 8334) (2576.14 s)
>> 1375 (21704: 8243 8148 8177) (2065.59 s)
>> 1374 (9873: 9887 9838 9872) (1875.74 s)
>> 1374 (17553: 10817 10805 10802) (1873.22 s)
>> 1367 (19689: 9709 9417 9469) (1997.92 s)
>> 1367 (21517: 8251 8303 8279) (2067.63 s)
>> 1366 (13367: 10932 10744 10966) (2089.47 s)
>> 1364 (19869: 9412 9277 9263) (2088.68 s)
>> 1359 (9964: 10080 9943 9963) (2249.33 s)
>> 1358 (3100: 10485 10519 10502) (2521.93 s)
>> 1358 (11795: 10856 10792 10843) (2523.73 s)
>> 1357 (20174: 8928 9214 8902) (2524.56 s)
>> 1601 (5210: 8856 8928 8903) (2524.02 s)
>> 1356 (31538: 11105 11120 11114) (2519.31 s)
>> 1352 (7074: 7064 7079 7072) (2505.55 s)
>> 1351 (7885: 7865 7884 7855) (2507.62 s)
>> 1346 (5492: 8551 8611 8600) (2508.59 s)
>> 1344 (11382: 8627 8678 8646) (2502.83 s)
>> 1343 (6539: 7615 7627 7620) (2497.98 s)
>> 1339 (40596: 7612 7618 7599) (2494.8 s)
>> 1333 (6442: 7694 7682 7680) (2492.1 s)
>> 1330 (27858: 10212 18756 10198) (2486.55 s)
>> 1326 (35480: 11144 11165 11139) (2489.19 s)
>> 1322 (38496: 10030 10093 10044) (2489.35 s)
>> 1319 (22708: 7608 7615 7605) (2475.34 s)
>> 1319 (44490: 9406 9472 9448) (2476.69 s)
>> 1314 (22984: 23033 7470 7441) (2470.35 s)
>> 1309 (21353: 8319 8441 8310) (2468.18 s)
>> 1309 (21551: 8196 8308 8248) (2461.85 s)
>> 1306 (31163: 7172 7168 7174) (2443.82 s)
>> 1305 (7546: 7534 7548 7545) (2455.05 s)
>> 1303 (40545: 10360 10327 10354) (2451.48 s)
>> 1290 (39202: 7097 7098 23805) (2448.03 s)
>> 1286 (32512: 8620 8797 8705) (2449.19 s)
>> 1285 (29773: 10651 10649 10642) (2440.59 s)
>> 1283 (23453: 7205 7208 7185) (2443.24 s)
>> 1280 (16256: 11153 11161 11144) (2434.11 s)
>> 1280 (35043: 11068 11078 11061) (2438.42 s)
>> 1276 (40486: 9232 9341 9275) (2427.76 s)
>> 1274 (9077: 9071 9098 9075) (2425.33 s)
>> 1270 (20565: 8994 8829 8779) (2425.72 s)
>> 1266 (20479: 8863 8904 8873) (2419.36 s)
>> 1263 (5682: 8470 8521 8469) (2408.77 s)
>> 1262 (22909: 7495 7488 7480) (2413.65 s)
>> 1261 (23624: 45833 7147 7136) (2398.49 s)
>> 1260 (18205: 10498 10495 10485) (2409.76 s)
>> 1259 (31725: 9454 9464 9423) (2403.23 s)
>> 1252 (4792: 9889 9852 9684) (2403.52 s)
>> 1249 (34189: 8450 8507 8350) (2396.76 s)
>> 1248 (17269: 10963 10993 10970) (2387.38 s)
>> 1243 (18934: 10054 10052 9911) (2392.07 s)
>> 1239 (31296: 7694 7739 7709) (2383.1 s)
>> 1236 (35113: 9650 9836 9671) (2377.81 s)
>> 1234 (42151: 7849 7799 7834) (2372.62 s)
>> 1233 (5298: 42367 8856 8823) (2360.07 s)
>> 1231 (30671: 11102 11104 11100) (1943.49 s)
>> 1231 (38740: 38741 10308 10274) (1937.41 s)
>> 1229 (12092: 7045 7057 7046) (1934.75 s)
>> 1223 (21344: 8421 8438 8377) (1929.31 s)
>> 1221 (19729: 9280 9387 8925) (1931.23 s)
>> 1218 (23360: 7253 7254 7248) (1929.33 s)
>> 1216 (31252: 7665 7684 7661) (1924.33 s)
>> 1215 (19051: 9909 9893 9891) (1921.53 s)
>> 1211 (1040: 7356 7404 7366) (1921.49 s)
>> 1209 (6126: 8168 8142 8126) (1915.56 s)
>> 1206 (10148: 10171 10129 10145) (1917.61 s)
>> 1202 (19369: 9659 9652 9617) (1915.6 s)
>> 1198 (9502: 9610 9548 9501) (2083.04 s)
>> 1197 (8342: 8470 8340 8328) (2290.33 s)
>> 1189 (8475: 8468 8483 8474) (2287.52 s)
>> 1182 (17947: 10679 10650 10637) (2281.26 s)
>> 1181 (17060: 11045 11053 11050) (2273.05 s)
>> 1173 (21071: 8512 8527 8514) (2274.57 s)
>> 1172 (11931: 10316 10281 10272) (2269.99 s)
>> 1172 (20301: 8953 8921 8940) (2270.64 s)
>> 1169 (16939: 11068 11091 11080) (2269.98 s)
>> 1166 (23616: 7141 28283 7137) (2265.56 s)
>> 1165 (26238: 8653 8853 8787) (2263.83 s)
>> 1164 (17863: 10682 10667 10662) (2261.54 s)
>> 1164 (36178: 8935 9074 9037) (2262.65 s)
>> 1160 (20486: 8886 20364 8836) (2260.24 s)
>> 1160 (21964: 7971 7933 8046) (2256 s)
>> 1160 (23211: 23221 45716 7320) (2025.12 s)
>> 1157 (20655: 8768 42367 8809) (1875.17 s)
>> 1155 (40281: 9334 9382 8935) (1872.53 s)
>> 1150 (45342: 11027 11041 10955) (1871.55 s)
>> 1150 (47259: 10533 10538 10582) (1862.72 s)
>> 1145 (23014: 7453 7439 7435) (1642.85 s)
>> 1132 (4605: 10407 10408 10370) (1643.67 s)
>> 1165 (4614: 10335 10407 10362) (1642.56 s)
>> 1126 (34087: 9022 8911 8895) (1639.81 s)
>> 1123 (6294: 7962 7969 7854) (1635.24 s)
>> 1123 (11934: 7274 23272 7309) (1634.62 s)
>> 1122 (12962: 8160 9741 8245) (1630.58 s)
>> 1111 (38375: 10394 10416 10398) (1629.42 s)
>> 1110 (38827: 11244 16067 11239) (1625.85 s)
>> 1103 (40741: 39653 7667 7663) (1623.01 s)
>> 1101 (21947: 8059 8027 7972) (1621.2 s)
>> 1094 (24984: 10796 10844 10801) (1618.48 s)
>> 1093 (42820: 7608 7656 7633) (1616.22 s)
>> 1091 (7536: 7466 7558 7535) (1613.65 s)
>> 1087 (31060: 39454 7610 7589) (1612.3 s)
>> 1080 (18469: 10394 10387 10366) (1607.34 s)
>> 1079 (9993: 9987 10055 9989) (1606.15 s)
>> 1078 (18623: 10270 10316 10255) (1603.2 s)
>> 1075 (6673: 7425 7456 7371) (1600.82 s)
>> 1073 (18831: 10115 10112 10111) (1597.95 s)
>> 1071 (29215: 9412 9208 9109) (1596.35 s)
>> 1061 (39076: 10468 10551 10403) (1594.27 s)
>> 1058 (3003: 8843 8994 8850) (1591.26 s)
>> 1057 (17846: 10687 10670 10664) (1589.65 s)
>> 1057 (24761: 9357 9485 9468) (1585.33 s)
>> 1057 (42013: 8592 8590 8583) (1581.02 s)
>> 1055 (21846: 8133 8090 8114) (1578.49 s)
>> 1055 (43463: 8735 8767 8450) (1576.82 s)
>> 1050 (1107: 10496 10606 10527) (1572.49 s)
>> 1046 (6107: 8200 8158 8149) (1569.61 s)
>> 1033 (9597: 9663 9401 9595) (1566.84 s)
>> 1033 (9960: 9969 9970 9957) (1566.44 s)
>> 1028 (8702: 8686 8688 8699) (1560.49 s)
>> 1028 (16122: 47405 11228 16129) (1562.41 s)
>> 1024 (8958: 8971 8913 8957) (1558.09 s)
>> 1024 (36698: 10249 10247 10270) (1558 s)
>> 1022 (40948: 8578 8649 8542) (1552.2 s)
>> 1021 (8403: 8244 8414 8401) (1550.73 s)
>> 1020 (32007: 7405 7424 7415) (1547.51 s)
>> 1017 (11471: 7178 7180 7164) (1545.52 s)
>> 1010 (6153: 8143 22765 8128) (1620.27 s)
>> 1139 (13296: 8157 8274 8143) (1732.5 s)
>> 1010 (6994: 7120 36233 7121) (1730.51 s)
>> 1008 (7408: 7413 7397 7407) (1724.62 s)
>> 1002 (39817: 7756 7766 7795) (1724.16 s)
>> 1001 (5451: 8519 8684 8619) (1853.75 s)
>> 1001 (10324: 10328 10322 10300) (2105.74 s)
>> 1000 (22198: 7881 7894 7852) (2055.93 s)
>> 997 (23144: 7362 7384 7374) (2019.17 s)
>> 996 (38164: 8431 5609 8311) (2053.12 s)
>> 994 (14116: 7416 7440 7425) (2056.13 s)
>> 993 (12232: 7455 7495 7426) (1967.02 s)
>> 992 (20612: 8771 9022 8801) (1700.56 s)
>> 984 (21359: 21476 8373 8371) (1700.7 s)
>> 984 (38777: 7813 7786 7781) (1697.47 s)
>> 982 (20646: 8789 8821 8733) (1693.28 s)
>> 978 (7844: 7818 7850 7843) (1693.43 s)
>> 975 (15005: 10627 10681 10657) (1690.73 s)
>> 972 (4915: 9525 9449 9500) (1687.38 s)
>> 972 (33976: 7383 7411 7396) (1685.66 s)
>> 971 (19497: 9495 9462 9482) (1681.33 s)
>> 970 (30853: 10612 10628 10632) (1677.24 s)
>> 968 (5507: 8565 8550 8513) (1675.51 s)
>> 967 (13344: 9912 18902 10080) (1673.04 s)
>> 965 (17114: 11019 11035 11030) (1670.73 s)
>> 964 (16963: 11069 11079 11074) (1671.22 s)
>> 1716 (3398: 11084 11077 11069) (1665.83 s)
>> 961 (4123: 11096 11089 11085) (1657.71 s)
>> 960 (10211: 10215 47463 10209) (1659.43 s)
>> 960 (36250: 9442 9612 9523) (1656.33 s)
>> 956 (23257: 7316 7331 7314) (1656.36 s)
>> 952 (23026: 7418 7423 7377) (1651.98 s)
>> 943 (12835: 7641 7639 7622) (1651.9 s)
>> 938 (19723: 9663 9381 9418) (1650.61 s)
>> 936 (8562: 8585 8559 8506) (2459.59 s)
>> 931 (12184: 8496 8443 8409) (2373.09 s)
>> 929 (39063: 11042 11039 11031) (2188.54 s)
>> 928 (5020: 9230 9232 9102) (2510.66 s)
>> 927 (19695: 9441 9274 9264) (2321.47 s)
>> 923 (15727: 7881 7861 7826) (2318.48 s)
>> 919 (9587: 9709 9620 9584) (2295.07 s)
>> 917 (35859: 10608 10651 10605) (2404.77 s)
>> 915 (41938: 8625 8530 8640) (2502.55 s)
>> 914 (8123: 8133 8127 8120) (2247.7 s)
>> 912 (23755: 7120 7117 7115) (2348.31 s)
>> 908 (20044: 9185 9224 9146) (2176.38 s)
>> 907 (6733: 7383 7369 7363) (2370.98 s)
>> 907 (21153: 8428 8565 8488) (2074.93 s)
>> 905 (13919: 7152 7156 7148) (2302.33 s)
>> 900 (30520: 9165 9181 9059) (2355.83 s)
>> 900 (31288: 10784 10763 10786) (2084.8 s)
>> 894 (22953: 7465 7479 7462) (2308.34 s)
>> 891 (4017: 11174 11225 11190) (2384.12 s)
>> 889 (7390: 7386 7405 7389) (2113.06 s)
>> 885 (29393: 7058 7064 7047) (2178.44 s)
>> 884 (9977: 9986 9974 9975) (2274.39 s)
>> 881 (4632: 10330 10360 10348) (2378.34 s)
>> 878 (40940: 9248 9158 9062) (2308.57 s)
>> 874 (4901: 9709 9553 9406) (2244.35 s)
>> 874 (17795: 10698 10682 10666) (2051.15 s)
>> 874 (21966: 8035 8010 8068) (2219.72 s)
>> 874 (23877: 7092 7088 7084) (2032.2 s)
>> 870 (22864: 7518 7531 7519) (2391.61 s)
>> 866 (22882: 7496 7518 7525) (2230.38 s)
>> 863 (12985: 10733 17738 10696) (2287.05 s)
>> 863 (34446: 8023 7964 7982) (2307.84 s)
>> 862 (46247: 11137 11138 11130) (2190.24 s)
>> 861 (19854: 9223 19687 9267) (2065.25 s)
>> 860 (8166: 8161 8215 8162) (2327.39 s)
>> 860 (37493: 8697 8713 8601) (2219.63 s)
>> 856 (29481: 10301 10295 10273) (2280.73 s)
>> 856 (34806: 8817 8982 8828) (2122.79 s)
>> 854 (20109: 8843 9121 9041) (2099.67 s)
>> 854 (46051: 9172 9241 9358) (2081.74 s)
>> 851 (20334: 8952 8951 8926) (2132.57 s)
>> 848 (5121: 9032 9023 8981) (2152.27 s)
>> 847 (6686: 7410 7416 7356) (2130.24 s)
>> 847 (29116: 7930 7934 7990) (2098.97 s)
>> 846 (41365: 7970 7995 7950) (2089.65 s)
>> 839 (4747: 9904 9988 9930) (2100.12 s)
>> 837 (11067: 11056 11068 11065) (2278.3 s)
>> 837 (30927: 8018 8096 8062) (2023.46 s)
>> 831 (38256: 9248 9494 9371) (2144.43 s)
>> 829 (6576: 7585 7607 7596) (2277.76 s)
>> 826 (40543: 10361 10364 10330) (2228.53 s)
>> 825 (8219: 8221 8223 8218) (2167 s)
>> 821 (5119: 20226 9014 8952) (2074.71 s)
>> 821 (14263: 10534 10552 10496) (2284.04 s)
>> 820 (18129: 10615 10555 10468) (2253.85 s)
>> 819 (17222: 10986 10965 10974) (2041.81 s)
>> 817 (18656: 10254 10267 10256) (2191.24 s)
>> 813 (41681: 8863 8653 8813) (2160.74 s)
>> 805 (17571: 10815 10824 10789) (2164 s)
>> 801 (10435: 10447 10469 10433) (2137.91 s)
>> 791 (39870: 7102 7114 7097) (2205.38 s)
>> 790 (38022: 7833 7813 7822) (2160.52 s)
>> 787 (2605: 7612 7629 7619) (2097.57 s)
>> 785 (20216: 20136 9142 9035) (2219.43 s)
>> 783 (8270: 8282 8243 8268) (2316.05 s)
>> 782 (17205: 11027 17251 10963) (2142.62 s)
>> 782 (19414: 9630 9644 9650) (2162.98 s)
>> 781 (1346: 10325 10440 10301) (2055.13 s)
>> 780 (28067: 8804 8660 8825) (2215.77 s)
>> 779 (20329: 8936 9334 8939) (2124.28 s)
>> 776 (39494: 7756 7769 7741) (2175.75 s)
>> 776 (43238: 10264 10320 10277) (2080.11 s)
>> 775 (8944: 8949 8948 8943) (2108.79 s)
>> 852 (20190: 9052 8949 9055) (1938.68 s)
>> 775 (23175: 7338 7323 7298) (2143.82 s)
>> 772 (19205: 9630 9851 9727) (2189.88 s)
>> 770 (1698: 10967 43123 11092) (2006.44 s)
>> 770 (23116: 7368 7413 7379) (1946.09 s)
>> 768 (7477: 7472 7563 7475) (2137.36 s)
>> 766 (33591: 10086 10049 10100) (2068.86 s)
>> 759 (14595: 8099 8133 8093) (2153.82 s)
>> 759 (36682: 7732 7745 7704) (2010.28 s)
>> 757 (6168: 8140 8125 8107) (2197.31 s)
>> 757 (32873: 7267 7316 7284) (2001.56 s)
>> 755 (17517: 10826 4301 10825) (2101.9 s)
>> 755 (20215: 20136 9034 8991) (2035.68 s)
>> 748 (10238: 10118 10237 10232) (2175.03 s)
>> 741 (8717: 8711 8785 8716) (2120.89 s)
>> 741 (12019: 7818 7715 7847) (2038.23 s)
>> 740 (40138: 8421 8319 37585) (1926.28 s)
>> 738 (27474: 9709 9889 9702) (2232.48 s)
>> 735 (47489: 8257 21526 8228) (2125.68 s)
>> 734 (21492: 8294 8283 8259) (2184.43 s)
>> 734 (22224: 7868 7818 7896) (2032.15 s)
>> 733 (19356: 9723 9688 9672) (2085.17 s)
>> 732 (12239: 7889 7864 7842) (2007.01 s)
>> 728 (18163: 10608 10530 10520) (1975.54 s)
>> 723 (29818: 9629 9678 9606) (2015.85 s)
>> 718 (13392: 8327 8735 8242) (2023.97 s)
>> 717 (9855: 9850 9858 9854) (1919.83 s)
>> 714 (1390: 7974 8099 7965) (2149.56 s)
>> 711 (17358: 10908 10967 10891) (2207.75 s)
>> 707 (15986: 11306 11308 11303) (2019.39 s)
>> 703 (23167: 23221 7362 7341) (2048.22 s)
>> 698 (22772: 7574 7580 7573) (1998.26 s)
>> 690 (36510: 9629 9969 9428) (1995.11 s)
>> 688 (543: 10609 10625 10595) (2063.61 s)
>> 687 (26450: 8591 8468 8616) (2063.79 s)
>> 685 (20651: 8695 8781 8428) (1862.91 s)
>> 684 (45720: 11245 47405 45719) (1849.55 s)
>> 675 (18068: 10601 10626 10609) (2024.78 s)
>> 672 (15755: 7653 7642 7641) (1969.99 s)
>> 670 (6030: 8225 8479 8181) (1905.79 s)
>> 669 (28226: 9454 9473 9461) (2029.69 s)
>> 668 (21360: 8386 8399 8327) (1949.93 s)
>> 665 (4432: 10600 10623 10593) (1939.64 s)
>> 664 (6707: 7376 7410 7395) (1911.1 s)
>> 660 (32984: 10732 10724 10698) (2012.42 s)
>> 657 (19002: 19073 9950 9931) (2035.75 s)
>> 654 (39767: 9630 9660 9592) (1972.84 s)
>> 653 (24389: 11102 11099 11096) (1887.45 s)
>> 653 (31286: 10784 10815 10793) (1931.59 s)
>> 652 (23374: 7247 7253 7246) (1872.63 s)
>> 651 (23559: 7160 7159 7152) (1842.24 s)
>> 651 (25146: 9385 9422 9331) (2100.87 s)
>> 651 (42957: 10761 10757 10732) (1887.45 s)
>> 650 (8153: 8167 8152 8138) (1974.25 s)
>> 648 (22394: 7749 7736 7707) (1804.4 s)
>> 647 (31650: 7738 7748 7681) (1914.53 s)
>> 680 (15741: 7758 7833 7738) (1757.64 s)
>> 646 (21454: 8251 8418 8324) (1799.12 s)
>> 642 (20755: 8689 8647 8736) (1817.74 s)
>> 638 (21902: 8097 7974 8075) (1724.21 s)
>> 637 (20042: 9160 9104 8953) (1870.37 s)
>> 635 (21107: 8499 8558 8451) (1650.07 s)
>> 632 (17654: 10768 10775 17678) (1751.47 s)
>> 629 (21294: 8318 8452 8389) (1984.6 s)
>> 623 (20507: 8861 9205 8867) (1813.88 s)
>> 622 (13354: 8124 8161 8167) (1699.07 s)
>> 621 (4474: 10932 10528 10503) (1871.17 s)
>> 649 (26081: 10491 10932 10447) (1754.06 s)
>> 620 (16160: 11214 11212 11193) (1955.28 s)
>> 620 (20470: 8878 8880 8879) (1833.88 s)
>> 619 (46516: 10533 10558 10302) (1842.84 s)
>> 616 (34099: 7733 7756 7722) (1698.76 s)
>> 610 (20962: 8577 8543 8551) (1683.3 s)
>> 606 (7004: 7103 7104 7101) (1723.17 s)
>> 606 (19760: 9442 9340 9402) (1868.33 s)
>> 604 (4085: 11126 11110 11170) (1665.24 s)
>> 601 (5713: 8440 5727 8157) (1865.99 s)
>> 601 (20541: 8818 8882 8642) (1761.71 s)
>> 601 (21836: 8108 8055 8440) (1818.99 s)
>> 594 (15641: 8184 8189 8226) (1821.29 s)
>> 593 (39011: 10458 10431 10424) (1598.77 s)
>> 589 (20265: 9004 9021 8987) (1549.63 s)
>> 587 (45912: 7660 7662 7655) (1655.17 s)
>> 586 (22105: 7963 7941 7909) (1632.84 s)
>> 582 (40701: 10358 10346 38741) (1595.92 s)
>> 581 (5861: 8236 8349 8267) (1797.53 s)
>> 581 (34251: 9287 9447 9200) (1572.13 s)
>> 578 (19736: 9407 9454 9384) (1573.8 s)
>> 577 (4471: 10532 15320 10443) (1569.48 s)
>> 573 (35536: 10328 10282 10298) (1568.34 s)
>> 573 (45959: 11106 11103 11102) (1566.72 s)
>> 568 (43459: 9213 9242 9189) (1561.07 s)
>> 845 (19913: 9299 9383 9213) (1559.59 s)
>> 567 (25062: 7317 7322 7310) (1557.4 s)
>> 561 (14970: 9498 9628 9474) (1556.85 s)
>> 558 (19947: 9307 9253 9190) (1551.06 s)
>> 558 (43503: 10849 10874 10853) (1545.07 s)
>> 556 (17714: 10737 10770 10722) (1546.58 s)
>> 553 (46633: 10466 10499 10429) (1543.83 s)
>> 551 (6431: 7694 7732 7693) (1538.75 s)
>> 551 (20938: 8386 8606 8602) (1535.74 s)
>> 549 (23072: 7387 7431 7385) (1534.19 s)
>> 546 (7393: 23078 7392 7351) (1533.79 s)
>> 545 (4893: 9576 9619 9498) (1527.62 s)
>> 545 (4980: 9268 9353 9280) (1526.62 s)
>> 543 (22543: 7670 7676 7672) (1523.81 s)
>> 542 (7873: 8023 7869 7858) (1519.14 s)
>> 542 (34532: 7267 7333 7311) (1517.91 s)
>> 541 (21868: 8102 8108 8061) (1515.06 s)
>> 538 (15723: 7848 8035 7857) (1512.26 s)
>> 538 (20595: 8835 8843 8837) (1509.45 s)
>> 538 (32648: 8628 8764 8630) (1507.11 s)
>> 537 (38271: 9495 9443 9287) (1503.52 s)
>> 536 (5140: 8768 9010 8988) (1496.14 s)
>> 533 (9656: 9495 9630 9655) (1493.03 s)
>> 531 (46599: 11173 11181 11169) (1491 s)
>> 528 (21161: 8486 8505 8370) (1490.39 s)
>> 526 (19015: 9908 9905 9874) (1488.95 s)
>> 522 (23128: 7353 7376 7325) (1486.58 s)
>> 521 (18369: 10405 10422 10269) (1485.19 s)
>> 517 (10022: 9908 9867 10021) (1480.16 s)
>> 517 (21759: 8131 8113 8102) (1477.84 s)
>> 516 (5355: 8641 8861 8721) (1472.83 s)
>> 516 (15393: 9904 9924 9901) (1473.26 s)
>> 516 (18051: 4446 10600 10491) (1469.16 s)
>> 512 (6069: 8172 8470 8188) (1467.42 s)
>> 506 (5964: 8496 8258 8184) (1465.31 s)
>> 506 (23544: 7178 7167 7160) (1461.93 s)
>> 505 (36461: 10103 10086 10056) (1456.83 s)
>> 503 (20802: 8659 8748 8697) (1457.93 s)
>> 502 (8774: 8686 8790 8772) (1453.77 s)
>> 496 (5556: 8525 8539 8482) (1452.47 s)
>> 493 (22037: 7930 8036 8026) (1450 s)
>> 490 (15101: 10852 10913 10842) (1448.52 s)
>> 925 (28813: 10852 10907 10834) (1444.66 s)
>> 490 (42247: 11056 11084 11075) (1443.13 s)
>> 489 (28793: 8589 8593 8592) (1440.75 s)
>> 486 (20899: 8629 8571 8515) (1439.36 s)
>> 486 (40060: 7059 7058 7045) (1436.49 s)
>> 482 (18315: 10439 10608 10459) (1435.78 s)
>> 481 (19579: 9610 9549 9522) (1433.23 s)
>> 479 (43277: 7472 7565 7554) (1432 s)
>> 474 (12397: 8446 8500 8429) (1428.72 s)
>> 473 (23140: 7355 7357 7338) (1427.49 s)
>> 463 (9144: 9141 8689 9143) (1316.06 s)
>> 463 (20547: 8847 8848 8835) (1302.88 s)
>> 461 (19263: 9685 9495 36029) (1469.55 s)
>> 461 (19416: 9651 9654 9576) (1321.16 s)
>> 460 (17477: 10852 10906 10818) (1320.17 s)
>> 454 (21496: 8294 8251 8396) (1318.5 s)
>> 450 (29028: 8832 8863 8804) (1334.74 s)
>> 445 (4798: 9885 9846 9845) (1407.94 s)
>> 441 (15769: 7621 7653 7609) (1404.79 s)
>> 947 (22626: 7624 7670 7621) (1402.02 s)
>> 437 (10138: 10101 10163 10135) (1397.47 s)
>> 433 (22430: 7731 7758 7749) (1396.51 s)
>> 432 (17829: 10688 10761 10695) (1359.73 s)
>> 430 (21778: 8183 8132 8144) (1085.5 s)
>> 429 (5544: 8531 8624 8508) (1157.47 s)
>> 427 (27450: 10852 10838 10749) (1139.39 s)
>> 427 (28767: 10085 10084 10030) (1137.94 s)
>> 426 (33028: 8819 8846 8831) (1135.81 s)
>> 424 (10071: 9986 10073 10069) (1133.5 s)
>> 424 (44278: 8553 8591 8622) (1133.1 s)
>> 420 (22395: 7757 7731 7750) (1130.21 s)
>> 420 (23782: 7103 7120 7112) (1127.55 s)
>> 418 (46180: 8510 8447 8432) (1125.42 s)
>> 416 (21115: 8524 8496 8421) (1122.6 s)
>> 413 (7927: 7971 7926 7866) (1120.73 s)
>> 408 (17888: 10665 10669 10654) (1119.35 s)
>> 407 (39182: 10690 10733 10705) (1115.88 s)
>> 405 (23226: 7317 7326 7306) (1113.86 s)
>> 402 (35812: 39454 7489 7455) (1111.11 s)
>> 401 (20393: 8950 9004 8886) (1111.31 s)
>> 400 (21310: 8375 8398 8378) (1109.46 s)
>> 399 (18634: 10276 10279 10271) (1108.25 s)
>> 396 (1868: 7181 7205 7178) (1110.6 s)
>> 396 (15791: 7422 7368 7386) (1210.29 s)
>> 394 (19029: 19073 9944 9939) (1142.21 s)
>> 391 (20949: 8599 8589 8386) (1195.8 s)
>> 384 (18745: 10118 10217 9968) (1098.65 s)
>> 383 (19840: 9332 9709 9305) (1098.06 s)
>> 381 (20377: 8923 8577 8834) (1096.86 s)
>> 380 (16180: 11192 11188 11174) (1093.98 s)
>> 377 (11999: 7418 7429 7453) (1092.11 s)
>> 374 (23950: 7060 7063 7071) (1090.27 s)
>> 371 (6445: 7686 7708 7678) (1088.03 s)
>> 469 (22482: 7696 7697 7686) (1086.65 s)
>> 371 (21135: 8532 8645 8131) (1083.26 s)
>> 369 (22332: 7811 7849 7800) (1082.22 s)
>> 364 (11904: 20226 9032 8864) (1081.18 s)
>> 362 (46940: 38453 45686 43928) (1079.26 s)
>> 361 (19555: 9499 9496 9299) (1077.6 s)
>> 360 (21692: 8201 8524 8198) (955.195 s)
>> 360 (30210: 7867 7889 7888) (946.122 s)
>> 358 (8858: 8847 8878 8857) (946.14 s)
>> 351 (11901: 8057 7930 8137) (944.184 s)
>> 349 (18948: 10011 10024 9629) (942.258 s)
>> 348 (15572: 8491 8473 8423) (940.167 s)
>> 344 (5834: 8172 8375 8364) (938.552 s)
>> 338 (5904: 8301 8532 8448) (936.698 s)
>> 338 (42775: 8977 8916 8917) (934.891 s)
>> 337 (44621: 8528 8620 8446) (933.019 s)
>> 336 (23141: 7354 23221 7375) (932.441 s)
>> 336 (42235: 11008 11020 11018) (1117.18 s)
>> 333 (6655: 7454 7463 7422) (1269.2 s)
>> 332 (19008: 9907 9332 4776) (1193.61 s)
>> 330 (18993: 9949 10118 9954) (1191.71 s)
>> 329 (31138: 7051 7060 7059) (1188.52 s)
>> 327 (20621: 8800 8819 8771) (1187.12 s)
>> 327 (35638: 19073 9917 9912) (1184.95 s)
>> 322 (17047: 11052 11046 11027) (1181.75 s)
>> 320 (20874: 8634 8612 8676) (1180.31 s)
>> 319 (26594: 7689 7757 7673) (1178.81 s)
>> 316 (40962: 10525 10547 10498) (1176.9 s)
>> 312 (20146: 9139 9159 9194) (1174.62 s)
>> 311 (19959: 9172 9281 9141) (1171.32 s)
>> 310 (40237: 8221 8599 6034) (1168.5 s)
>> 307 (21514: 8332 8196 8286) (1258.19 s)
>> 304 (11518: 10856 10908 10883) (1144.55 s)
>> 301 (19980: 9166 9268 9216) (1065.55 s)
>> 301 (21279: 8585 8420 8294) (1037.42 s)
>> 300 (11711: 11249 11259 11245) (1097.9 s)
>> 296 (26375: 9266 9304 9060) (1224.36 s)
>> 295 (8292: 8332 8282 8291) (1078.41 s)
>> 293 (21291: 8437 8387 8411) (1014.16 s)
>> 292 (44848: 10784 10837 10809) (1010.62 s)
>> 290 (20417: 8887 8942 8817) (1009.41 s)
>> 287 (15670: 6181 8103 8081) (1173.84 s)
>> 287 (27411: 10085 10228 10170) (1260.07 s)
>> 284 (13001: 10533 10406 10361) (1257 s)
>> 282 (20517: 8768 8862 8833) (1252.76 s)
>> 276 (10091: 10083 10090 10085) (1253.87 s)
>> 274 (40273: 11008 11043 10852) (1251.15 s)
>> 270 (19147: 9885 9907 9841) (1248.5 s)
>> 270 (20885: 8621 9172 8553) (1224.29 s)
>> 264 (6314: 8057 7908 7867) (1207.17 s)
>> 264 (36117: 8456 21085 8621) (1205.26 s)
>> 263 (15726: 7865 7841 7798) (1203.39 s)
>> 261 (40702: 10376 10394 10358) (1201.42 s)
>> 260 (20757: 8690 8800 8629) (1199.01 s)
>> 260 (35906: 18363 10444 10439) (1197.71 s)
>> 259 (20800: 8634 8221 8711) (1195.12 s)
>> 249 (6549: 7614 7636 7612) (1193.63 s)
>> 249 (27422: 9491 9499 19461) (1191.84 s)
>> 243 (36861: 8579 8576 8431) (1190.78 s)
>> 237 (31689: 8295 8222 8347) (1188.51 s)
>> 234 (8933: 8936 8934 8930) (1185.52 s)
>> 231 (5911: 8257 8296 8236) (1185.82 s)
>> 227 (27401: 7868 7725 7734) (1178.6 s)
>> 224 (27457: 7181 7146 7141) (1352.24 s)
>> 218 (40801: 8217 8174 8172) (1159.5 s)
>> 218 (45970: 7591 7624 7585) (1156.71 s)
>> 217 (5863: 8348 8634 8363) (1154.59 s)
>> 216 (20880: 8625 8832 8644) (1152.25 s)
>> 211 (15830: 7267 7275 7247) (1147.94 s)
>> 209 (35853: 8348 21696 8190) (1145.27 s)
>> 208 (2663: 9134 9307 8641) (1144.76 s)
>> 203 (25667: 10061 19073 10048) (1142.59 s)
>> 194 (21212: 8458 8201 27245) (1141.99 s)
>> 191 (36558: 8910 20465 8923) (1139.26 s)
>> 189 (27595: 11274 11243 11227) (1138.34 s)
>> 183 (19123: 9866 9850 10011) (1133.89 s)
>> 182 (7999: 8097 8012 7996) (1133.59 s)
>> 180 (5688: 8579 8480 8467) (1131.71 s)
>> 176 (6149: 8200 8348 8129) (1129.57 s)
>> 175 (18297: 10376 10534 10423) (1126.23 s)
>> 167 (5674: 8458 8578 8471) (1126.38 s)
>> 162 (6842: 7268 6825 7288) (1125.01 s)
>> 160 (26676: 10061 9949 9892) (1122.44 s)
>> 149 (4438: 18363 10601 10597) (1120.87 s)
>> 145 (4284: 10839 10865 10840) (1118.08 s)
>> 133 (37519: 10328 10533 10309) (1115.77 s)
>> 131 (32300: 7354 7300 7292) (1113.46 s)
>> 127 (4410: 18363 10648 10629) (1109.53 s)
>> 126 (5038: 9155 9491 9140) (1108.93 s)
>> 125 (8675: 8687 8690 8673) (1106.72 s)
>> 120 (21091: 8512 8497 8257) (1105.92 s)
>> 119 (11898: 23078 22954 7370) (1104.84 s)
>> 117 (41873: 7354 7398 7414) (1101.07 s)
>> 113 (24885: 7568 7591 7549) (1099.91 s)
>> 110 (5552: 8504 8526 8301) (1097.85 s)
>> 108 (18594: 10296 10254 10328) (1094.33 s)
>> 106 (32665: 8160 8233 8100) (1093.05 s)
>> 103 (20067: 9248 9199 9230) (1091.82 s)
>> 101 (5653: 8695 8478 8415) (1089.65 s)
>> 100 (11917: 10687 10726 10699) (1087.61 s)
>> 100 (20262: 9139 20136 8887) (1085.69 s)
>> 100 (40891: 10212 10215 10207) (1082.89 s)
>> 95 (6599: 7571 7572 7496) (1081.24 s)
>> 87 (46359: 7690 7694 7665) (1079.35 s)
>> 86 (18038: 10611 10616 10598) (1079.16 s)
>> 82 (31316: 10860 10875 10796) (1076.83 s)
>> 74 (15818: 7267 7295 7280) (1074.22 s)
>> 71 (24484: 8687 8906 8905) (1091.06 s)
>> 67 (9439: 9223 9450 9438) (1118.14 s)
>> 62 (5364: 8789 8712 8661) (1115.53 s)
>> 58 (16985: 11070 11056 11052) (1098.32 s)
>> 58 (21621: 8150 8208 8207) (1160.91 s)
>> 58 (31350: 9134 9685 9651) (1153.64 s)
>> 57 (21858: 8059 8109 8092) (1129.53 s)
>> 56 (4281: 10848 10854 10839) (1112.2 s)
>> 55 (22503: 7608 7868 7692) (1008.03 s)
>> 53 (45012: 17753 10723 10721) (1004.72 s)
>> 50 (10066: 9986 10064 10065) (1006.9 s)
>> 47 (10808: 10856 10784 10806) (914.002 s)
>> 46 (18014: 10622 10641 10525) (869.352 s)
>> 901 (2082: 10640 10630 10622) (868.977 s)
>> 46 (18157: 10481 10594 10523) (866.836 s)
>> 41 (19834: 9339 9289 8456) (865.246 s)
>> 40 (4600: 10383 4446 10353) (864.314 s)
>> 40 (21323: 8372 5794 8354) (862.25 s)
>> 34 (22335: 7804 7808 7787) (1012.69 s)
>> 30 (39877: 8847 8920 8840) (1099.05 s)
>> 29 (17879: 10611 10673 10683) (1026.53 s)
>> 26 (21390: 8331 5882 8361) (1187.35 s)
>> 21 (19462: 9626 9611 9866) (1131.19 s)
>> 16 (15491: 8845 9160 8824) (1034.38 s)
>> 16 (17123: 17158 11036 11008) (991.666 s)
>> 8 (22042: 7848 8064 7991) (861.574 s)
>> 1 (4704: 10253 10249 10405) (859.073 s)
>> 0 (-1: -1 -1 -1) (858.52 s)
Zelikovsky- 2.70189e+06 s
>>> get_solution
  refine_solution: new weight 758784738 (was 758810724) in 0.025042 s
  refine_solution: new weight 758783195 (was 758784738) in 0.026044 s
  refine_solution: new weight 758782185 (was 758783195) in 0.026102 s
  refine_solution: new weight 758782185 (was 758782185) in 0.02615 s
>>> get_solution
  refine_solution: new weight 759558098 (was 759901795) in 0.024953 s
  refine_solution: new weight 759519035 (was 759558098) in 0.026228 s
  refine_solution: new weight 759514359 (was 759519035) in 0.026279 s
  refine_solution: new weight 759514359 (was 759514359) in 0.026253 s
0,,47494,71383,2925,,0,0,,759901795,759514359,759443107,758810724,758782185,,0,0,@@

  delete_edges: deleted 208 edges in 0.017741 s and 2 rounds
  handle_small_Steiner_degrees: steiner 1, suppress 307 in 0.000267 s
Starting round 1
contract_till_the_bitter_end interrupted
contract_till_the_bitter_end: 2.72482e+06 s

Calling end_heu
>>> get_solution
Saved weight 499121587
end_heu: 0 loops with 0 unique solutions in 0.005121 s

Calling print_solution
>>> get_solution
  refine_solution: new weight 759565664 (was 759901454) in 0.041424 s
Oops orig weight was 759901454 but we got 759565664
## FINAL WEIGHT 759565664
print_solution: 0.078953 s
