Version: final-94-gfffc3aa rub_all.sh: remove longest prefix
Random seed: 1557948323
Start
>>> save_orig_graph
>> Saved weight 0
Graph loaded
|V| = 204622, |E| = 318136, |R| = 5556
First clearance of the input. Calling buy_zero and run_all_heuristics.
  buy_zero: 9355 zero edges in 0.013835 s
  handle_small_terminal_degrees: terms 0 in 0.000153 s
  handle_small_Steiner_degrees: steiner 2, suppress 64227 in 0.030792 s
  shortest_edge_between_terminals: 0 edges in 0.001121 s
  handle_small_terminal_degrees: terms 0 in 0.000162 s
  handle_small_Steiner_degrees: steiner 1, suppress 349 in 0.000666 s
  shortest_edge_between_terminals: 0 edges in 0.000866 s
  handle_small_terminal_degrees: terms 0 in 0.000152 s
  handle_small_Steiner_degrees: steiner 0, suppress 35 in 0.000304 s
  shortest_edge_between_terminals: 0 edges in 0.000662 s
  handle_small_terminal_degrees: terms 0 in 0.000153 s
  handle_small_Steiner_degrees: steiner 0, suppress 20 in 0.000294 s
  shortest_edge_between_terminals: 0 edges in 0.000597 s
  handle_small_terminal_degrees: terms 0 in 0.000154 s
  handle_small_Steiner_degrees: steiner 0, suppress 14 in 0.0003 s
  shortest_edge_between_terminals: 0 edges in 0.000583 s
  handle_small_terminal_degrees: terms 0 in 0.000154 s
  handle_small_Steiner_degrees: steiner 0, suppress 11 in 0.00029 s
  shortest_edge_between_terminals: 0 edges in 0.0006 s
  handle_small_terminal_degrees: terms 0 in 0.000154 s
  handle_small_Steiner_degrees: steiner 0, suppress 4 in 0.000286 s
  shortest_edge_between_terminals: 0 edges in 0.000579 s
  handle_small_terminal_degrees: terms 0 in 0.000153 s
  handle_small_Steiner_degrees: steiner 0, suppress 3 in 0.000284 s
  shortest_edge_between_terminals: 0 edges in 0.00057 s
  handle_small_terminal_degrees: terms 0 in 0.000153 s
  handle_small_Steiner_degrees: steiner 0, suppress 2 in 0.000284 s
  shortest_edge_between_terminals: 0 edges in 0.000567 s
  handle_small_terminal_degrees: terms 0 in 0.000154 s
  handle_small_Steiner_degrees: steiner 0, suppress 2 in 0.000332 s
  shortest_edge_between_terminals: 0 edges in 0.000591 s
  handle_small_terminal_degrees: terms 0 in 0.000155 s
  handle_small_Steiner_degrees: steiner 0, suppress 3 in 0.000285 s
  shortest_edge_between_terminals: 0 edges in 0.000595 s
  handle_small_terminal_degrees: terms 0 in 0.000152 s
  handle_small_Steiner_degrees: steiner 0, suppress 2 in 0.000284 s
  shortest_edge_between_terminals: 0 edges in 0.000579 s
  handle_small_terminal_degrees: terms 0 in 0.000154 s
  handle_small_Steiner_degrees: steiner 0, suppress 3 in 0.000285 s
  shortest_edge_between_terminals: 0 edges in 0.000572 s
  handle_small_terminal_degrees: terms 0 in 0.000154 s
  handle_small_Steiner_degrees: steiner 0, suppress 1 in 0.000283 s
  shortest_edge_between_terminals: 0 edges in 0.000581 s
  handle_small_terminal_degrees: terms 0 in 0.000154 s
  handle_small_Steiner_degrees: steiner 0, suppress 4 in 0.000285 s
  shortest_edge_between_terminals: 0 edges in 0.000584 s
  handle_small_terminal_degrees: terms 0 in 0.000154 s
  handle_small_Steiner_degrees: steiner 0, suppress 2 in 0.000284 s
  shortest_edge_between_terminals: 0 edges in 0.000569 s
  handle_small_terminal_degrees: terms 0 in 0.000154 s
  handle_small_Steiner_degrees: steiner 0, suppress 2 in 0.000284 s
  shortest_edge_between_terminals: 0 edges in 0.000561 s
  handle_small_terminal_degrees: terms 0 in 0.000175 s
  handle_small_Steiner_degrees: steiner 0, suppress 0 in 0.000282 s
  shortest_edge_between_terminals: 0 edges in 0.000583 s
Compressed graph 204622 -> 131059
  delete_edges: deleted 10490 edges in 0.25229 s and 6 rounds
  handle_small_terminal_degrees: terms 0 in 0.000104 s
  handle_small_Steiner_degrees: steiner 64, suppress 6121 in 0.005031 s
  shortest_edge_between_terminals: 0 edges in 0.00095 s
  handle_small_terminal_degrees: terms 4 in 0.000108 s
  handle_small_Steiner_degrees: steiner 0, suppress 78 in 0.000259 s
  shortest_edge_between_terminals: 0 edges in 0.000553 s
  handle_small_terminal_degrees: terms 0 in 9.8e-05 s
  handle_small_Steiner_degrees: steiner 0, suppress 8 in 0.000205 s
  shortest_edge_between_terminals: 0 edges in 0.000478 s
  handle_small_terminal_degrees: terms 0 in 9.9e-05 s
  handle_small_Steiner_degrees: steiner 0, suppress 1 in 0.0002 s
  shortest_edge_between_terminals: 0 edges in 0.000458 s
  handle_small_terminal_degrees: terms 0 in 9.7e-05 s
  handle_small_Steiner_degrees: steiner 0, suppress 0 in 0.000199 s
  shortest_edge_between_terminals: 0 edges in 0.000443 s
Compressed graph 131059 -> 124783
  delete_edges_shortest_path: deleted 17062 edges in 3.83885 s
  handle_small_terminal_degrees: terms 12 in 0.000142 s
  handle_small_Steiner_degrees: steiner 1736, suppress 13492 in 0.009762 s
  shortest_edge_between_terminals: 0 edges in 0.000831 s
  handle_small_terminal_degrees: terms 31 in 0.000204 s
  handle_small_Steiner_degrees: steiner 25, suppress 1602 in 0.001359 s
  shortest_edge_between_terminals: 0 edges in 0.000645 s
  handle_small_terminal_degrees: terms 16 in 0.000112 s
  handle_small_Steiner_degrees: steiner 2, suppress 135 in 0.000282 s
  shortest_edge_between_terminals: 0 edges in 0.000402 s
  handle_small_terminal_degrees: terms 3 in 9.6e-05 s
  handle_small_Steiner_degrees: steiner 1, suppress 8 in 0.000197 s
  shortest_edge_between_terminals: 0 edges in 0.000342 s
  handle_small_terminal_degrees: terms 0 in 9.3e-05 s
  handle_small_Steiner_degrees: steiner 0, suppress 2 in 0.000194 s
  shortest_edge_between_terminals: 0 edges in 0.000359 s
  handle_small_terminal_degrees: terms 0 in 9.3e-05 s
  handle_small_Steiner_degrees: steiner 0, suppress 0 in 0.000192 s
  shortest_edge_between_terminals: 0 edges in 0.000341 s
Compressed graph 124783 -> 107718
  handle_small_terminal_degrees: terms 0 in 8.1e-05 s
  handle_small_Steiner_degrees: steiner 0, suppress 26 in 0.000189 s
  shortest_edge_between_terminals: 14 edges in 0.001005 s
  handle_small_terminal_degrees: terms 0 in 8.1e-05 s
  handle_small_Steiner_degrees: steiner 1, suppress 20 in 0.000184 s
  shortest_edge_between_terminals: 0 edges in 0.000452 s
  handle_small_terminal_degrees: terms 1 in 8.2e-05 s
  handle_small_Steiner_degrees: steiner 0, suppress 7 in 0.000178 s
  shortest_edge_between_terminals: 0 edges in 0.000351 s
  handle_small_terminal_degrees: terms 0 in 8e-05 s
  handle_small_Steiner_degrees: steiner 0, suppress 1 in 0.000175 s
  shortest_edge_between_terminals: 0 edges in 0.000325 s
  handle_small_terminal_degrees: terms 0 in 8.1e-05 s
  handle_small_Steiner_degrees: steiner 0, suppress 0 in 0.000173 s
  shortest_edge_between_terminals: 0 edges in 0.00032 s
Compressed graph 107718 -> 107545
  delete_edges_shortest_path: deleted 2442 edges in 2.76026 s
  handle_small_terminal_degrees: terms 14 in 0.000112 s
  handle_small_Steiner_degrees: steiner 43, suppress 2393 in 0.002227 s
  shortest_edge_between_terminals: 4 edges in 0.000895 s
  handle_small_terminal_degrees: terms 5 in 9e-05 s
  handle_small_Steiner_degrees: steiner 4, suppress 129 in 0.000262 s
  shortest_edge_between_terminals: 0 edges in 0.000418 s
  handle_small_terminal_degrees: terms 6 in 9.1e-05 s
  handle_small_Steiner_degrees: steiner 1, suppress 7 in 0.000178 s
  shortest_edge_between_terminals: 0 edges in 0.000335 s
  handle_small_terminal_degrees: terms 1 in 8.2e-05 s
  handle_small_Steiner_degrees: steiner 0, suppress 0 in 0.000173 s
  shortest_edge_between_terminals: 0 edges in 0.000317 s
  handle_small_terminal_degrees: terms 0 in 8e-05 s
  handle_small_Steiner_degrees: steiner 0, suppress 0 in 0.000173 s
  shortest_edge_between_terminals: 0 edges in 0.000311 s
Compressed graph 107545 -> 104939
Compressed graph 104939 -> 104939
>>> save_orig_graph
>> Saved weight 810607
### ZEL_LVL=9 PRECISE_STARS=0

Calling `contract_till_the_bitter_end`
|V| = 104939, |E| = 179789, |R| = 5555
