Version: final-94-gfffc3aa rub_all.sh: remove longest prefix
Random seed: 1564364948
Start
>>> save_orig_graph
>> Saved weight 0
Graph loaded
|V| = 54352, |E| = 88211, |R| = 2182
First clearance of the input. Calling buy_zero and run_all_heuristics.
  buy_zero: 10 zero edges in 0.000612 s
  handle_small_terminal_degrees: terms 0 in 7.6e-05 s
  handle_small_Steiner_degrees: steiner 49, suppress 16 in 0.000126 s
  shortest_edge_between_terminals: 0 edges in 7.8e-05 s
  handle_small_terminal_degrees: terms 0 in 6.1e-05 s
  handle_small_Steiner_degrees: steiner 0, suppress 32 in 0.000116 s
  shortest_edge_between_terminals: 0 edges in 4.2e-05 s
  handle_small_terminal_degrees: terms 0 in 6.4e-05 s
  handle_small_Steiner_degrees: steiner 0, suppress 1 in 8.2e-05 s
  shortest_edge_between_terminals: 0 edges in 3.7e-05 s
  handle_small_terminal_degrees: terms 0 in 6.3e-05 s
  handle_small_Steiner_degrees: steiner 0, suppress 0 in 8.4e-05 s
  shortest_edge_between_terminals: 0 edges in 3.9e-05 s
Compressed graph 54352 -> 54243
  delete_edges: deleted 5194 edges in 0.02819 s and 4 rounds
  handle_small_terminal_degrees: terms 39 in 7.9e-05 s
  handle_small_Steiner_degrees: steiner 92, suppress 3370 in 0.00151 s
  shortest_edge_between_terminals: 0 edges in 6.7e-05 s
  handle_small_terminal_degrees: terms 1 in 4.2e-05 s
  handle_small_Steiner_degrees: steiner 0, suppress 89 in 0.00011 s
  shortest_edge_between_terminals: 0 edges in 3.6e-05 s
  handle_small_terminal_degrees: terms 1 in 4.1e-05 s
  handle_small_Steiner_degrees: steiner 1, suppress 8 in 8e-05 s
  shortest_edge_between_terminals: 0 edges in 3.5e-05 s
  handle_small_terminal_degrees: terms 1 in 4.2e-05 s
  handle_small_Steiner_degrees: steiner 0, suppress 2 in 7.6e-05 s
  shortest_edge_between_terminals: 0 edges in 3.4e-05 s
  handle_small_terminal_degrees: terms 0 in 4e-05 s
  handle_small_Steiner_degrees: steiner 0, suppress 0 in 7.4e-05 s
  shortest_edge_between_terminals: 0 edges in 3.5e-05 s
Compressed graph 54243 -> 50639
  delete_edges_shortest_path: deleted 7966 edges in 11.8684 s
  handle_small_terminal_degrees: terms 1385 in 0.001334 s
  handle_small_Steiner_degrees: steiner 1259, suppress 7452 in 0.004023 s
  shortest_edge_between_terminals: 5 edges in 0.000115 s
  handle_small_terminal_degrees: terms 400 in 0.000313 s
  handle_small_Steiner_degrees: steiner 2, suppress 194 in 0.000149 s
  shortest_edge_between_terminals: 14 edges in 5.2e-05 s
  handle_small_terminal_degrees: terms 22 in 5.7e-05 s
  handle_small_Steiner_degrees: steiner 0, suppress 17 in 7.7e-05 s
  shortest_edge_between_terminals: 0 edges in 3.9e-05 s
  handle_small_terminal_degrees: terms 1 in 3.9e-05 s
  handle_small_Steiner_degrees: steiner 0, suppress 6 in 7.1e-05 s
  shortest_edge_between_terminals: 0 edges in 3.8e-05 s
  handle_small_terminal_degrees: terms 0 in 3.7e-05 s
  handle_small_Steiner_degrees: steiner 0, suppress 2 in 6.9e-05 s
  shortest_edge_between_terminals: 0 edges in 3.7e-05 s
  handle_small_terminal_degrees: terms 0 in 3.8e-05 s
  handle_small_Steiner_degrees: steiner 1, suppress 2 in 6.8e-05 s
  shortest_edge_between_terminals: 0 edges in 3.7e-05 s
  handle_small_terminal_degrees: terms 0 in 3.8e-05 s
  handle_small_Steiner_degrees: steiner 0, suppress 0 in 6.6e-05 s
  shortest_edge_between_terminals: 0 edges in 3.8e-05 s
Compressed graph 50639 -> 39884
  handle_small_terminal_degrees: terms 0 in 4.6e-05 s
  handle_small_Steiner_degrees: steiner 0, suppress 28 in 0.000109 s
  shortest_edge_between_terminals: 55 edges in 0.000383 s
  handle_small_terminal_degrees: terms 0 in 4.8e-05 s
  handle_small_Steiner_degrees: steiner 0, suppress 9 in 7.4e-05 s
  shortest_edge_between_terminals: 0 edges in 6.7e-05 s
  handle_small_terminal_degrees: terms 0 in 4.4e-05 s
  handle_small_Steiner_degrees: steiner 0, suppress 0 in 6e-05 s
  shortest_edge_between_terminals: 0 edges in 6.1e-05 s
Compressed graph 39884 -> 39480
  delete_edges_shortest_path: deleted 1533 edges in 2.71643 s
  handle_small_terminal_degrees: terms 98 in 0.000181 s
  handle_small_Steiner_degrees: steiner 38, suppress 2445 in 0.00164 s
  shortest_edge_between_terminals: 8 edges in 0.000205 s
  handle_small_terminal_degrees: terms 8 in 5.7e-05 s
  handle_small_Steiner_degrees: steiner 1, suppress 44 in 0.000105 s
  shortest_edge_between_terminals: 0 edges in 6.2e-05 s
  handle_small_terminal_degrees: terms 0 in 6.2e-05 s
  handle_small_Steiner_degrees: steiner 0, suppress 4 in 6.4e-05 s
  shortest_edge_between_terminals: 0 edges in 6.4e-05 s
  handle_small_terminal_degrees: terms 0 in 4.7e-05 s
  handle_small_Steiner_degrees: steiner 0, suppress 0 in 5.6e-05 s
  shortest_edge_between_terminals: 0 edges in 5.5e-05 s
Compressed graph 39480 -> 36835
Compressed graph 36835 -> 36835
>>> save_orig_graph
>> Saved weight 393590221
### ZEL_LVL=9 PRECISE_STARS=1

Calling `contract_till_the_bitter_end`
|V| = 36835, |E| = 55440, |R| = 2132
>> 1296803 (6835: 8846 8871 8846) (43.2604 s)
>> 180354 (15828: 9270 9277 9270) (45.6441 s)
>> 39696 (18044: 8362 8453 8362) (33.5493 s)
>> 30094 (33704: 8854 9078 8854) (32.4425 s)
>> 28259 (14522: 9669 9727 9669) (36.0978 s)
>> 23217 (36399: 9796 9847 9796) (32.8337 s)
>> 22603 (5363: 9605 9640 9605) (33.5142 s)
>> 22592 (14302: 9827 9884 9827) (44.5722 s)
>> 21216 (18803: 8008 8205 8008) (31.2372 s)
>> 20037 (33298: 8257 8388 8257) (35.9252 s)
>> 19412 (27639: 10131 10137 10131) (35.8938 s)
>> 19259 (36365: 9945 9966 9945) (40.179 s)
>> 19184 (36492: 10061 10074 10061) (36.4362 s)
>> 20661 (4530: 10025 10030 10025) (39.3606 s)
>> 18982 (13940: 9930 9942 9930) (40.8401 s)
>> 18796 (11841: 9862 9876 9862) (39.7991 s)
>> 17031 (35225: 10008 10037 10008) (41.0426 s)
>> 16857 (3125: 7865 7945 7865) (41.3942 s)
>> 16138 (20074: 8782 8832 8782) (40.9177 s)
>> 15842 (29237: 9992 10046 9992) (41.4947 s)
>> 15785 (32332: 8481 8513 8481) (37.3886 s)
>> 15442 (11788: 9820 9874 9820) (37.015 s)
>> 15422 (12373: 10067 10086 10067) (39.8987 s)
>> 14371 (11955: 9826 9851 9826) (32.2024 s)
>> 14056 (4425: 10102 10104 10102) (37.1218 s)
>> 13398 (13921: 9970 10038 9970) (36.8006 s)
>> 12236 (20353: 8909 9287 8909) (39.6459 s)
>> 11728 (35091: 10134 10139 10134) (41.199 s)
>> 11396 (3835: 8082 8117 8082) (40.3645 s)
>> 11359 (14633: 9671 9685 9671) (39.6974 s)
>> 11212 (25394: 10042 10043 10042) (40.9738 s)
>> 10697 (4444: 10093 10097 10093) (40.9919 s)
>> 10593 (1342: 10053 10055 10053) (38.1534 s)
>> 10437 (21461: 10002 10006 10002) (40.8387 s)
>> 10416 (4486: 10049 10076 10049) (42.0523 s)
>> 10392 (25366: 8149 8264 8149) (42.8886 s)
>> 10302 (33413: 8214 8332 8214) (43.5854 s)
>> 10262 (11970: 9828 9837 9828) (43.5377 s)
>> 10111 (852: 8380 8385 8380) (43.1007 s)
>> 10019 (4503: 10060 10063 10060) (42.7753 s)
>> 13154 (13631: 10036 10090 10036) (41.9824 s)
>> 10005 (11610: 9790 9794 9790) (42.0912 s)
>> 10002 (9473: 9449 9472 9449) (42.6136 s)
>> 9985 (3603: 8194 8200 8194) (43.8276 s)
>> 9857 (35544: 9944 9961 9944) (42.3715 s)
>> 9842 (28778: 9693 9726 9693) (44.2103 s)
>> 9757 (16849: 8813 8823 8813) (42.6302 s)
>> 9532 (23308: 9373 9381 9373) (42.2464 s)
>> 9458 (12671: 9831 9852 9831) (42.4745 s)
>> 9433 (8947: 8945 8957 8945) (43.9692 s)
>> 9334 (6884: 8860 8900 8860) (42.7732 s)
>> 9308 (25106: 8680 8745 8680) (44.2124 s)
>> 9219 (26714: 9981 9985 9981) (43.7932 s)
>> 9149 (19337: 7973 7974 7973) (44.0979 s)
>> 8887 (27224: 9977 9987 9977) (43.5371 s)
>> 8721 (5146: 9691 9694 9691) (42.4725 s)
>> 8686 (3695: 8141 8146 8141) (42.6192 s)
>> 8571 (5282: 9611 9636 9611) (42.5138 s)
>> 8465 (10807: 8635 8692 8635) (43.1741 s)
>> 8201 (33364: 9805 9821 9805) (43.2446 s)
>> 8174 (28618: 9983 10044 9983) (42.2289 s)
>> 8084 (13521: 10118 10126 10118) (41.9409 s)
>> 15301 (13534: 10116 10129 10116) (43.2127 s)
>> 8049 (33514: 9493 9588 9493) (43.6475 s)
>> 7817 (28272: 10105 10113 10105) (43.6781 s)
>> 7805 (34132: 10020 10028 10020) (41.8679 s)
>> 7767 (24933: 9260 9419 9260) (43.6286 s)
>> 7744 (7147: 8730 8732 8730) (43.502 s)
>> 7630 (25533: 7940 7943 7940) (35.3367 s)
>> 7629 (2541: 9776 9843 9776) (40.3241 s)
>> 7625 (3250: 8392 8396 8392) (37.4897 s)
>> 7441 (6902: 8849 8853 8849) (35.2454 s)
>> 7313 (24071: 9077 9122 9077) (40.7049 s)
>> 7307 (11759: 8423 8452 8423) (43.075 s)
>> 7103 (11693: 10092 10106 10092) (32.2273 s)
>> 7060 (12324: 7964 8094 7964) (37.6115 s)
>> 6896 (27158: 10035 10039 10035) (38.2672 s)
>> 6861 (30809: 8254 8269 8254) (41.7458 s)
>> 6812 (9954: 9936 9952 9936) (41.2242 s)
>> 6812 (11069: 8400 8405 8400) (36.905 s)
>> 6532 (11146: 9894 9913 9894) (40.5819 s)
>> 6436 (10149: 9662 9678 9662) (35.4889 s)
>> 6379 (36460: 10108 10110 10108) (29.8222 s)
>> 6371 (18486: 8294 8300 8294) (30.5592 s)
>> 6364 (22650: 8800 8825 8800) (29.8653 s)
>> 8851 (30444: 8677 8681 8677) (33.0331 s)
>> 6330 (30525: 9891 9897 9891) (36.4564 s)
>> 6156 (3302: 8337 8358 8337) (37.1151 s)
>> 6124 (10740: 9946 9948 9946) (37.1654 s)
>> 6119 (12472: 7836 7838 7836) (41.1467 s)
>> 6068 (19144: 8040 8071 8040) (38.4672 s)
>> 6022 (21999: 9247 9455 9247) (33.1191 s)
>> 6005 (31104: 9996 10018 9996) (31.5863 s)
>> 5992 (693: 8792 8797 8792) (32.9732 s)
>> 5946 (18298: 8347 8359 8347) (40.576 s)
>> 5843 (25228: 8791 8794 8791) (39.2643 s)
>> 9528 (28361: 8747 8789 8747) (33.4177 s)
>> 6517 (2469: 8816 8840 8816) (37.9116 s)
>> 5830 (4946: 9775 9808 9775) (32.9185 s)
>> 5829 (2705: 7899 7903 7899) (37.8187 s)
>> 5819 (31464: 8510 8534 8510) (36.3315 s)
>> 5694 (11325: 10069 10075 10069) (41.178 s)
>> 5677 (274: 9400 9470 9400) (39.1741 s)
>> 5662 (35992: 7854 7855 7854) (42.7564 s)
>> 5653 (138: 8360 8427 8360) (43.5893 s)
>> 5644 (6566: 9005 9038 9005) (36.054 s)
>> 5556 (23060: 9919 9920 9919) (34.7613 s)
>> 10993 (24951: 9921 9923 9921) (32.4541 s)
>> 6531 (10993: 9875 9924 9875) (30.6573 s)
>> 5517 (955: 8818 8864 8818) (30.6235 s)
>> 5516 (12040: 8628 8636 8628) (30.9651 s)
>> 5507 (3536: 8218 8234 8218) (35.829 s)
>> 5499 (21422: 10047 10050 10047) (30.9062 s)
>> 5424 (23622: 9197 9320 9197) (30.9241 s)
>> 5408 (9028: 8994 9023 8994) (30.4349 s)
>> 5353 (9734: 9712 9732 9712) (35.4089 s)
>> 5296 (13724: 10045 10059 10045) (38.7769 s)
>> 5274 (11205: 8197 8215 8197) (35.0193 s)
>> 5223 (16096: 9062 9139 9062) (31.6799 s)
>> 6547 (35273: 8890 8933 8890) (32.0964 s)
>> 5083 (32746: 8578 8731 8578) (32.1161 s)
>> 5067 (10949: 8662 8710 8662) (34.3712 s)
>> 5027 (9578: 9566 9576 9566) (34.6781 s)
>> 4963 (12976: 9203 9216 9203) (36.1781 s)
>> 6532 (31801: 9082 9117 9082) (40.3291 s)
>> 4958 (2707: 7917 7928 7917) (37.2558 s)
>> 4950 (6983: 8812 8817 8812) (40.7215 s)
>> 4928 (14895: 2213 9565 2213) (43.5039 s)
>> 0 (-1: -1 -1 -1) (27.5536 s)
Zelikovsky 10578.8 s
>> 1296803 (6835: 8871 8878 8846) (2110.37 s)
>> 180354 (15828: 9270 9284 9277) (2002.75 s)
>> 39696 (18044: 8802 8453 8362) (2006.95 s)
>> 30094 (33704: 9654 9078 8854) (2017.97 s)
>> 28259 (14522: 9669 9820 9727) (2084.03 s)
>> 23217 (36399: 9796 9942 9847) (2051.8 s)
>> 22592 (14302: 14398 9884 9827) (2111.88 s)
>> 21216 (18803: 8263 8205 8008) (2521.92 s)
>> 20037 (33298: 8449 8388 8257) (2488.98 s)
>> 19412 (27639: 10131 35090 10137) (2651.67 s)
>> 19259 (36365: 9985 9966 9945) (2464.55 s)
>> 19184 (36492: 10074 10089 10061) (2459.93 s)
>> 18982 (13940: 9974 9930 9796) (2580.71 s)
>> 18796 (11841: 9862 14787 9876) (2678.57 s)
>> 17932 (24313: 9669 9610 9588) (2472.51 s)
>> 17572 (74: 8427 8802 8337) (2623.38 s)
>> 17031 (35225: 10008 10045 10037) (2711.32 s)
>> 16857 (3125: 7881 7945 7865) (2560.51 s)
>> 16138 (20074: 8782 8897 8832) (2489.47 s)
>> 15842 (29237: 10046 25112 9992) (2628.15 s)
>> 15785 (32332: 25352 8513 8481) (2673.82 s)
>> 15442 (11788: 9874 9907 9669) (2625.73 s)
>> 15422 (12373: 10088 10086 10067) (2747.34 s)
>> 14410 (13770: 10025 10030 9984) (2556.04 s)
>> 14371 (11955: 9904 9851 9826) (2573 s)
>> 14056 (4425: 10102 10114 10104) (2486.51 s)
>> 13295 (13081: 8823 16847 8871) (2587.92 s)
>> 12236 (20353: 9287 9373 8909) (2492.85 s)
>> 11396 (3835: 8117 8130 8082) (2555.88 s)
>> 11359 (14633: 9737 9685 9671) (2685.99 s)
>> 11212 (25394: 10042 10090 10043) (2603.55 s)
>> 10697 (4444: 10098 10097 10093) (2453.04 s)
>> 10593 (1342: 10053 10058 10055) (2369.96 s)
>> 10437 (21461: 10002 10044 10006) (2648.94 s)
>> 10416 (4486: 10083 10076 10049) (2543.86 s)
>> 10392 (25366: 8277 8264 8149) (2611.43 s)
>> 10353 (33520: 8427 8548 8445) (2467 s)
>> 10302 (33413: 8332 8470 8214) (2489.7 s)
>> 10262 (11970: 9828 9861 9837) (2581.31 s)
>> 10111 (852: 8385 8400 8380) (2533.53 s)
>> 10019 (4503: 10060 10078 10063) (2498.18 s)
>> 10005 (11610: 9790 9854 9794) (2555.39 s)
>> 10002 (9473: 9449 9493 9472) (4871.57 s)
>> 9985 (3603: 8208 8200 8194) (2035.76 s)
>> 9956 (30920: 9912 9974 9891) (2036.06 s)
>> 9857 (35544: 9961 10031 9944) (2071.2 s)
>> 9842 (28778: 9759 9726 9693) (1887.84 s)
>> 9458 (12671: 14286 9852 9831) (2019.13 s)
>> 9433 (8947: 8957 9002 8945) (2140.98 s)
>> 9334 (6884: 29242 8900 8860) (1919.31 s)
>> 9308 (25106: 8765 8745 8680) (2039.77 s)
>> 9149 (19337: 8019 7974 7973) (2118.4 s)
>> 9139 (27477: 10053 10071 10008) (1863.81 s)
>> 9000 (4450: 10042 10085 10060) (1919.67 s)
>> 8887 (27224: 10000 9987 9977) (1938.97 s)
>> 8686 (3695: 8146 8158 8141) (1916.84 s)
>> 8571 (5282: 9611 9653 9636) (1830.82 s)
>> 8465 (10807: 8692 8713 8635) (2060.92 s)
>> 8201 (33364: 9830 9821 9805) (1888.88 s)
>> 8084 (13521: 10126 10133 10118) (1958.8 s)
>> 7817 (28272: 10113 10115 10105) (1978.84 s)
>> 7805 (34132: 10028 10034 10020) (1931.25 s)
>> 7767 (24933: 9496 9419 9260) (1803.39 s)
>> 7744 (7147: 8730 8760 8732) (1955.92 s)
>> 7630 (25533: 7953 7943 7940) (1853.9 s)
>> 7629 (2541: 9843 9858 9776) (1850.88 s)
>> 7625 (3250: 8434 8396 8392) (1819.65 s)
>> 7564 (25526: 9662 9790 9680) (1952.39 s)
>> 7527 (27169: 10026 10032 10002) (1916.81 s)
>> 7441 (6902: 8855 8853 8849) (1897.83 s)
>> 7413 (2127: 9797 9904 9818) (1827.63 s)
>> 7313 (24071: 9215 9122 9077) (1892.46 s)
>> 7307 (11759: 8423 8469 8452) (1878.21 s)
>> 7263 (4548: 30722 10042 10022) (1966.21 s)
>> 7132 (26932: 9886 9874 9866) (1894.85 s)
>> 7060 (12324: 25224 8094 7964) (1799.62 s)
>> 6861 (30809: 8254 8279 8269) (1732.16 s)
>> 6812 (9954: 9958 9952 9936) (1926.87 s)
>> 6532 (11146: 9894 9928 9913) (1894.26 s)
>> 6378 (10351: 9935 10000 9920) (1967.89 s)
>> 6371 (18486: 8314 8300 8294) (1999.99 s)
>> 6364 (22650: 8861 8825 8800) (1843.41 s)
>> 6333 (18298: 8359 8410 8332) (1842.62 s)
>> 6124 (10740: 9946 9990 9948) (1910.88 s)
>> 6119 (12472: 7838 7846 7836) (1775.4 s)
>> 6068 (19144: 8040 8156 8071) (1946.32 s)
>> 6022 (21999: 9455 9507 9247) (1915.07 s)
>> 6005 (31104: 10018 10026 9996) (1956.29 s)
>> 5992 (693: 8797 8828 8792) (1774.39 s)
>> 5830 (4946: 9766 9808 9775) (1925.2 s)
>> 5829 (2705: 7899 7917 7903) (1829.6 s)
>> 5819 (31464: 8578 8534 8510) (1934.6 s)
>> 5809 (12136: 10092 10096 10087) (1761.28 s)
>> 5686 (11325: 10069 10083 10075) (1743.9 s)
>> 5677 (274: 9400 26447 9470) (1884.92 s)
>> 5662 (35992: 7859 7855 7854) (1898.12 s)
>> 5652 (4412: 10116 10126 10117) (1775.05 s)
>> 5644 (6566: 9051 9038 9005) (1807.26 s)
>> 5565 (31376: 10108 10103 10102) (1760.64 s)
>> 5517 (955: 8864 8823 8818) (1901.65 s)
>> 5516 (12040: 8661 8636 8628) (1833.62 s)
>> 5507 (3536: 8237 8234 8218) (1890.79 s)
>> 5499 (21422: 10050 10062 10047) (1752.12 s)
>> 5424 (23622: 9320 9346 9197) (1779.14 s)
>> 5408 (9028: 8994 9027 9023) (1713.51 s)
>> 5353 (9734: 9712 9738 9732) (1844.37 s)
>> 5223 (16096: 16075 9139 9062) (1703.39 s)
>> 5220 (35082: 8861 8681 8677) (1798.03 s)
>> 5168 (11205: 8237 8215 8197) (1672.61 s)
>> 5051 (19796: 7847 7859 7850) (1800.38 s)
>> 5027 (9578: 9586 9576 9566) (1764.47 s)
>> 4985 (28398: 8385 7770 8405) (1798.92 s)
>> 4963 (12976: 9246 9216 9203) (1820.63 s)
>> 4959 (20417: 10035 10029 9961) (1791.84 s)
>> 4958 (2707: 19581 7928 7899) (1516.12 s)
>> 4953 (11865: 8898 8840 8797) (1647.81 s)
>> 4950 (6983: 8817 8821 8812) (1577.59 s)
>> 4928 (14895: 2213 9580 9565) (1662.06 s)
>> 4834 (36134: 8238 8231 8207) (1619.04 s)
>> 4809 (31457: 10070 10088 10050) (1775.98 s)
>> 4803 (7632: 17815 8525 8427) (1574.23 s)
>> 4791 (29755: 8794 8789 8747) (1658.83 s)
>> 4790 (20663: 8074 8088 8045) (1498.19 s)
>> 4584 (13293: 8364 20556 8387) (1707.64 s)
>> 4582 (7289: 8664 8794 8682) (1666.23 s)
>> 4561 (9115: 9140 16236 9114) (1573.27 s)
>> 4509 (18241: 8394 17815 8360) (1622.51 s)
>> 4501 (30064: 8155 8182 8172) (1637.11 s)
>> 4487 (3203: 8422 8421 8420) (1651.33 s)
>> 4473 (6585: 9018 29242 9020) (1801.21 s)
>> 4471 (31573: 9431 9469 9400) (1682.5 s)
>> 4341 (2028: 9444 9509 9461) (1648.16 s)
>> 4318 (2788: 9955 9956 9947) (1643.67 s)
>> 4318 (3992: 8006 8022 8016) (1687.5 s)
>> 4312 (21803: 9540 9561 9523) (1793.02 s)
>> 4287 (1684: 19556 19581 19483) (1595.53 s)
>> 4271 (4460: 10079 10082 10081) (1588.26 s)
>> 4267 (17363: 8686 8691 8653) (1662.71 s)
>> 4257 (562: 9910 9906 9843) (1615.5 s)
>> 4252 (15604: 9298 9367 9341) (1651.27 s)
>> 4244 (29052: 9640 9618 9605) (1662.03 s)
>> 4195 (35692: 9488 9496 9426) (1656.17 s)
>> 4173 (3809: 8112 8105 8072) (1590.6 s)
>> 4169 (2226: 9095 9130 9091) (1551.01 s)
>> 4165 (4222: 7909 19531 7901) (1634.66 s)
>> 4155 (14964: 9522 9592 9549) (1571.06 s)
>> 4125 (7000: 8784 9654 8804) (1526.28 s)
>> 4104 (9237: 9283 9235 9217) (1621.46 s)
>> 4080 (5409: 9545 9558 2213) (1481.9 s)
>> 4076 (12188: 8139 8208 8168) (1596.2 s)
>> 4067 (26400: 9711 9912 9677) (1582.95 s)
>> 4057 (18585: 8258 8260 8254) (1590.82 s)
>> 4039 (13537: 10120 10122 10107) (1532.91 s)
>> 4032 (35922: 9883 9871 9864) (1701.16 s)
>> 4014 (29203: 8030 8273 8092) (1407.93 s)
>> 4007 (4663: 9940 9929 9894) (1686.63 s)
>> 3972 (7350: 8633 8654 8650) (1521.69 s)
>> 3971 (19869: 7828 7825 7820) (1732.38 s)
>> 3960 (7064: 8783 8774 8752) (1642.36 s)
>> 3927 (24028: 10101 10113 10091) (1572.94 s)
>> 3919 (10793: 9443 36833 9450) (1534.3 s)
>> 3870 (3742: 8123 8139 8131) (1735.04 s)
>> 3866 (11678: 7949 7980 7960) (1523.51 s)
>> 3857 (12492: 9982 9975 9973) (1687.88 s)
>> 3845 (25653: 8243 18555 8250) (1637.78 s)
>> 3811 (29511: 8570 8579 8498) (1671.83 s)
>> 3783 (2276: 9622 9637 9598) (1655.54 s)
>> 3755 (9106: 9123 9104 9087) (1645.99 s)
>> 3735 (5685: 9514 9467 9435) (1519.83 s)
>> 3698 (3799: 8101 8127 8107) (1710.3 s)
>> 3695 (12537: 9867 9869 9863) (1543.72 s)
>> 3694 (5016: 9750 9758 9711) (1659.37 s)
>> 3639 (14021: 9922 9941 9927) (1611.31 s)
>> 3620 (22308: 7975 8006 7985) (1566.62 s)
>> 3608 (2987: 7962 7997 7984) (1548.1 s)
>> 3584 (11003: 9441 9287 9144) (1547.47 s)
>> 3576 (512: 9485 15071 9529) (1470.65 s)
>> 3566 (23663: 17184 8750 8734) (1728.98 s)
>> 3563 (22612: 9892 9900 9882) (1570.4 s)
>> 3559 (23478: 7867 7873 7862) (1602.99 s)
>> 3548 (3352: 8307 8349 8334) (1557.48 s)
>> 3540 (19490: 7968 7948 7930) (1519.41 s)
>> 3538 (18335: 8364 8361 8356) (1575.7 s)
>> 3512 (4246: 7887 7882 7878) (1635.52 s)
>> 3507 (18907: 18917 8178 8169) (1591.73 s)
>> 3498 (5937: 9334 9376 9348) (1744.71 s)
>> 3486 (5932: 9326 9362 9352) (1613.32 s)
>> 3484 (19148: 8054 8112 8064) (1683.95 s)
>> 3470 (9675: 9687 9674 9666) (1589.68 s)
>> 3466 (25767: 9079 9048 8892) (1445.24 s)
>> 3450 (17860: 8496 8516 8503) (1504.41 s)
>> 3440 (5941: 9324 9442 9344) (1548.05 s)
>> 3429 (10362: 8652 8623 8616) (1532.03 s)
>> 3418 (28776: 8424 8460 8431) (1570.92 s)
>> 3408 (6124: 9246 9313 9280) (1491.1 s)
>> 3401 (34809: 8450 8419 8409) (1514.78 s)
>> 3400 (17721: 8570 8566 8543) (1502.62 s)
>> 3362 (16554: 8923 8937 8895) (1541.71 s)
>> 3361 (2668: 9935 9919 9875) (1488.17 s)
>> 3360 (26539: 8608 8638 8570) (1528.55 s)
>> 3356 (6316: 9228 9196 9186) (1664.23 s)
>> 3348 (12001: 8226 8241 8230) (1719.75 s)
>> 3340 (30291: 14398 12707 9778) (1468.33 s)
>> 3334 (6371: 9246 24846 9183) (1534.95 s)
>> 3282 (3411: 8299 8298 8297) (1477.39 s)
>> 3280 (5787: 9514 9456 9406) (1429.98 s)
>> 3263 (26219: 9270 9333 9272) (1390.49 s)
>> 3257 (6283: 9320 16075 9211) (1551.57 s)
>> 3242 (4053: 34626 7993 7978) (1425.98 s)
>> 3241 (11352: 9724 9746 9725) (1584.94 s)
>> 3223 (3779: 8097 8113 8040) (1462.16 s)
>> 3216 (34678: 9589 9604 9593) (1519.58 s)
>> 3144 (15079: 9524 9543 9513) (1349.79 s)
>> 3128 (4854: 9815 9828 9825) (1414.65 s)
>> 3085 (11485: 8869 8851 8394) (1265.71 s)
>> 3077 (18554: 8290 8280 8275) (1496.18 s)
>> 3062 (1988: 8637 8625 8591) (1401.18 s)
>> 3037 (3585: 8189 8258 8202) (1343.1 s)
>> 3008 (11414: 8311 21425 8304) (1445.53 s)
>> 2985 (25952: 8229 8238 8237) (1476.63 s)
>> 2971 (9069: 9099 9068 9047) (1488.61 s)
>> 2952 (4429: 10098 10108 10099) (1452.38 s)
>> 2918 (6289: 9267 9202 9142) (1381.47 s)
>> 2890 (18076: 8422 8446 8438) (1443.57 s)
>> 2882 (35911: 8341 8330 8314) (1499.21 s)
>> 2867 (19668: 7889 7887 7874) (1343.47 s)
>> 2839 (10737: 9765 9756 9744) (1345.23 s)
>> 2823 (15417: 9379 9319 9268) (1494.33 s)
>> 2796 (10273: 9355 9315 9298) (1253.38 s)
>> 2783 (17501: 17303 17641 8634) (1496.84 s)
>> 2770 (5848: 9355 9514 9385) (1398.35 s)
>> 2758 (14391: 9768 14398 9747) (1346.98 s)
>> 2744 (10204: 8444 8459 8455) (1386.51 s)
>> 2739 (1580: 9064 9101 9093) (1569.59 s)
>> 2729 (11259: 8644 21267 8648) (1366.09 s)
>> 2728 (36010: 9844 9853 9839) (1449.76 s)
>> 2724 (11411: 9267 9128 9063) (1553.71 s)
>> 2720 (27688: 9079 9092 9111) (1548.48 s)
>> 2687 (27386: 9624 9621 9545) (1261.57 s)
>> 2653 (26141: 8384 8395 8386) (1293.3 s)
>> 2645 (10413: 9611 9607 9562) (1347.55 s)
>> 2645 (17495: 8631 8649 8647) (1282.87 s)
>> 2642 (4026: 8009 7999 7988) (1186.32 s)
>> 2635 (20569: 8730 8692 8662) (1196.02 s)
>> 2625 (6599: 9022 9040 9015) (1218.11 s)
>> 2608 (10408: 9646 9658 9638) (1266.48 s)
>> 2582 (2458: 8633 8652 8587) (1240.19 s)
>> 2581 (12879: 9390 9379 9357) (1336.41 s)
>> 2577 (4879: 9813 9766 9812) (1352.22 s)
>> 2572 (7078: 8664 8775 8768) (1375.48 s)
>> 2560 (656: 8434 8341 8368) (1273.44 s)
>> 2554 (3275: 8393 8379 8363) (1391.81 s)
>> 2539 (31183: 9457 15046 9441) (1268.47 s)
>> 2519 (6804: 8908 8803 8885) (1248.68 s)
>> 2515 (22969: 7969 8263 7949) (1183.15 s)
>> 2510 (16683: 8886 9488 8855) (1438.28 s)
>> 2510 (24909: 7847 7845 7835) (1251.25 s)
>> 2507 (3466: 8272 8261 8228) (1314.52 s)
>> 2506 (31928: 9297 9360 9299) (1102.08 s)
>> 2495 (30619: 9329 9374 9269) (1315.97 s)
>> 2491 (33249: 8911 8994 8859) (1198.21 s)
>> 2484 (3932: 8039 8041 8027) (1246.55 s)
>> 2474 (32980: 9305 9355 9336) (1378.22 s)
>> 2460 (11389: 3564 8222 8217) (1107.77 s)
>> 2459 (6933: 8831 8864 8843) (1173.66 s)
>> 2452 (22130: 9159 9162 9116) (1288.19 s)
>> 2448 (30876: 9399 9395 9383) (1230.07 s)
>> 2443 (7774: 8448 8462 8461) (1413.33 s)
>> 2438 (20919: 9868 9870 9855) (1198.15 s)
>> 2429 (32222: 6464 9137 9072) (1247.33 s)
>> 2415 (2872: 9188 9320 9231) (1296.06 s)
>> 2407 (17684: 8549 8578 8542) (1474.24 s)
>> 2391 (11362: 8593 8643 8622) (1321.32 s)
>> 2377 (14369: 9803 9797 9765) (1232.34 s)
>> 2359 (14841: 9642 9628 9609) (1248.5 s)
>> 2355 (1555: 10124 10123 10121) (1362.92 s)
>> 2338 (16526: 8915 9003 8923) (1287.13 s)
>> 2336 (13941: 9962 9963 9960) (1368.52 s)
>> 2330 (7427: 8629 8626 8617) (1070.11 s)
>> 2326 (19659: 7889 7893 7890) (1209.83 s)
>> 2320 (15395: 9428 9584 9389) (1365.51 s)
>> 2320 (28123: 9292 9322 9215) (1244.36 s)
>> 2313 (10618: 8916 8957 8919) (1273.03 s)
>> 2309 (21596: 8236 8232 8224) (1407.05 s)
>> 2301 (2867: 9340 9375 9318) (1296.61 s)
>> 2298 (17880: 8486 8504 8488) (1391.49 s)
>> 2288 (5106: 9712 9705 9698) (1203.85 s)
>> 2285 (283: 8181 8180 8163) (1357.01 s)
>> 2279 (18396: 8355 8346 8318) (1137.01 s)
>> 2265 (3132: 8694 8668 8672) (1251.61 s)
>> 2253 (12109: 9892 14085 9909) (1252.1 s)
>> 2248 (6535: 9039 9123 9061) (1229.32 s)
>> 2247 (7658: 8520 8514 8505) (1141.57 s)
>> 2246 (10418: 9143 9120 9089) (1131.17 s)
>> 2241 (17770: 8528 8531 8509) (1156.54 s)
>> 2231 (16005: 9188 9213 9204) (1221.93 s)
>> 2226 (23335: 9398 6073 9425) (1129.95 s)
>> 2222 (31159: 8375 8385 8336) (1234.51 s)
>> 2216 (931: 9267 9188 9161) (1200.5 s)
>> 2216 (6242: 9239 9229 9212) (1110.22 s)
>> 2204 (35273: 9071 8933 8890) (1316.93 s)
>> 2203 (10630: 8403 8423 8398) (1259.16 s)
>> 2195 (1618: 8408 18334 8417) (1107.27 s)
>> 2194 (28996: 7888 7883 7877) (1379.61 s)
>> 2187 (12200: 9421 9448 9440) (1338.9 s)
>> 2183 (4999: 9749 9767 9762) (1287.3 s)
>> 2172 (4043: 7992 7996 7969) (1113.98 s)
>> 2163 (8755: 8756 8767 8753) (1150.2 s)
>> 2141 (17142: 8744 8748 8725) (1207.38 s)
>> 2137 (34710: 8646 8673 8629) (1222.66 s)
>> 2136 (27067: 9218 9267 9169) (1089.27 s)
>> 2135 (17925: 8474 8485 8454) (1056.4 s)
>> 2135 (22987: 7953 7924 7914) (1244.03 s)
>> 2128 (14941: 9570 9560 9557) (1101.71 s)
>> 2124 (17540: 8618 8613 8610) (1085.11 s)
>> 2122 (6032: 9356 9317 9307) (1333.26 s)
>> 2114 (36269: 9895 9958 9862) (1109.41 s)
>> 2102 (33621: 8028 19262 8035) (1150.85 s)
>> 2097 (5970: 9303 9339 9290) (1137.17 s)
>> 2263 (10506: 9331 9387 9303) (1087.83 s)
>> 2093 (7619: 8527 8532 8529) (1164.14 s)
>> 2078 (16145: 9118 9187 9181) (1247.35 s)
>> 2066 (4195: 7906 7923 7912) (1183.64 s)
>> 2065 (4685: 9935 9921 9917) (1218.44 s)
>> 2064 (1702: 8686 7243 8717) (1233.89 s)
>> 2063 (28169: 7975 8061 8024) (1217.62 s)
>> 2063 (35361: 8766 8739 8703) (1261.88 s)
>> 2058 (36585: 8014 8030 7962) (1144.34 s)
>> 2055 (26580: 9781 9786 9763) (1192.97 s)
>> 2053 (13064: 8868 8910 8882) (1353.7 s)
>> 2047 (1398: 32188 9751 9712) (1035.8 s)
>> 2045 (4002: 8020 8012 8004) (1112.75 s)
>> 2039 (30505: 9673 9695 9686) (1082.18 s)
>> 2031 (6202: 9230 9305 9249) (1147.6 s)
>> 2027 (16934: 8808 7012 9018) (957.8 s)
>> 2008 (32278: 9627 9623 9601) (961.27 s)
>> 1979 (3786: 25224 8120 8109) (941.584 s)
>> 1977 (11655: 8014 8287 8283) (1257.02 s)
>> 1961 (11522: 34397 8116 8115) (1133.66 s)
>> 1950 (6658: 8969 8982 8911) (1167.19 s)
>> 1948 (5260: 9642 9650 9644) (1186.57 s)
>> 1937 (12219: 9817 9803 9750) (1156.33 s)
>> 1937 (23300: 8114 25005 8129) (1085.22 s)
>> 1919 (25698: 8236 23565 8193) (1190.95 s)
>> 1914 (16637: 8916 8970 8912) (1110.77 s)
>> 1912 (33857: 8562 8554 8527) (1151.7 s)
>> 1911 (29838: 7929 7932 7918) (1493.9 s)
>> 1910 (34485: 9603 9591 9590) (1376.97 s)
>> 1906 (11273: 7946 7955 7950) (1151.28 s)
>> 1895 (4265: 7879 7876 7872) (1141.61 s)
>> 1889 (36330: 7819 7828 7818) (1125.11 s)
>> 1887 (3958: 8074 8034 8031) (1122.74 s)
>> 1887 (16612: 8908 9004 8969) (1092.18 s)
>> 1886 (14538: 9730 9719 9706) (988.328 s)
>> 1965 (5098: 9707 9730 9709) (1038.72 s)
>> 1884 (27988: 8576 8555 8547) (1077.12 s)
>> 1876 (14961: 9564 9554 9546) (994.991 s)
>> 1859 (18600: 8259 8262 8290) (1092.83 s)
>> 1855 (33419: 8918 9021 8989) (1022.97 s)
>> 1842 (16167: 9109 9138 9097) (972.937 s)
>> 1840 (2559: 9288 9296 9218) (1074.02 s)
>> 1832 (6812: 8876 8891 8883) (1093.13 s)
>> 1824 (1313: 5320 9627 9612) (950.036 s)
>> 1820 (6074: 9276 9301 9291) (1090.42 s)
>> 1818 (3479: 8248 8255 8243) (1096.62 s)
>> 1818 (23533: 8992 9041 8948) (1141.85 s)
>> 1808 (19284: 8020 8087 8017) (959.446 s)
>> 1801 (1368: 8303 8324 8305) (1081.18 s)
>> 1799 (18368: 8357 18370 8869) (1031.45 s)
>> 1796 (19214: 8048 3939 8063) (1031.53 s)
>> 1785 (6506: 9071 9074 9058) (975.589 s)
>> 1783 (8212: 8229 8223 8210) (918.722 s)
>> 1783 (11223: 7867 7868 7861) (947.43 s)
>> 1780 (408: 9640 9817 9651) (1008 s)
>> 1771 (28438: 8114 8081 8069) (952.261 s)
>> 2210 (3850: 8080 8114 8073) (995.274 s)
>> 1769 (12611: 10068 10069 10065) (928.245 s)
>> 1760 (35011: 9095 9086 9081) (1293.58 s)
>> 1754 (25630: 8125 8159 8132) (1249.61 s)
>> 1752 (10731: 10007 10015 9935) (1247.4 s)
>> 1751 (12317: 9608 9611 9600) (1085.78 s)
>> 1746 (16841: 8842 8867 8844) (995.034 s)
>> 1739 (537: 8582 17670 25352) (903.14 s)
>> 1737 (18288: 8367 8376 8384) (1143.7 s)
>> 1721 (16946: 8796 11482 8811) (945.383 s)
>> 1711 (6276: 21029 9390 9214) (991.005 s)
>> 1707 (5953: 9327 9358 9342) (942.986 s)
>> 1696 (5831: 9340 9388 9361) (1012.81 s)
>> 1694 (16688: 8887 16623 8893) (947.204 s)
>> 1690 (4005: 8009 8039 8007) (1047.45 s)
>> 1686 (17339: 8678 8675 8670) (1059.46 s)
>> 1685 (7122: 8749 8746 8729) (1136.29 s)
>> 1678 (5429: 9524 9608 9553) (1097.07 s)
>> 1674 (5546: 15164 9522 9516) (1244.53 s)
>> 1651 (19311: 8015 8029 7983) (985.015 s)
>> 1626 (16357: 9065 9099 9035) (975.278 s)
>> 1625 (6307: 9191 21029 9198) (1006.56 s)
>> 1617 (7356: 17303 8651 8641) (1149.57 s)
>> 1608 (1559: 9665 32188 9667) (1008.82 s)
>> 1607 (18421: 8327 8377 8311) (942.31 s)
>> 1907 (3278: 8327 8422 8371) (984.703 s)
>> 1602 (22764: 9991 10005 9997) (989.539 s)
>> 1600 (30762: 8744 8796 8766) (996.908 s)
>> 1597 (17555: 8606 8644 8607) (1155.63 s)
>> 1597 (19187: 8080 8056 8068) (973.864 s)
>> 1594 (6398: 9148 9172 9160) (1060.84 s)
>> 1875 (16062: 9147 9228 9148) (939.744 s)
>> 1588 (12696: 9784 9774 9771) (1006.77 s)
>> 1587 (31909: 9343 9311 9288) (949.86 s)
>> 1584 (15009: 9624 9550 9525) (1006.86 s)
>> 1576 (3897: 8038 8066 8058) (912.025 s)
>> 1568 (29783: 9253 9329 9245) (1014.05 s)
>> 1567 (18395: 8338 18198 8315) (980.358 s)
>> 1561 (26426: 8707 8685 8699) (1145.41 s)
>> 1557 (11360: 9201 9227 9179) (1127.34 s)
>> 1555 (427: 13657 30722 10077) (1115.7 s)
>> 1545 (4020: 8014 8009 8001) (1038 s)
>> 1544 (18913: 8173 8203 8143) (899.113 s)
>> 1541 (16837: 8845 8865 8786) (876.852 s)
>> 1537 (20832: 9117 9246 9065) (1070.57 s)
>> 1525 (1979: 9717 9735 9713) (955.539 s)
>> 1516 (17675: 8563 8604 8557) (1039.91 s)
>> 1512 (4565: 10014 10019 10013) (982.756 s)
>> 1509 (23691: 19911 9012 8936) (1038.74 s)
>> 1508 (3789: 25224 8108 8097) (808.037 s)
>> 1497 (18967: 8144 8162 8151) (882.257 s)
>> 1490 (12953: 6184 9289 9238) (863.466 s)
>> 1483 (33650: 8450 8456 8430) (853.094 s)
>> 1477 (4207: 7907 7915 7910) (779.011 s)
>> 1476 (6764: 8888 8903 8902) (805.276 s)
>> 1469 (33359: 9088 6464 9143) (837.355 s)
>> 1468 (7714: 8486 8495 8472) (920.95 s)
>> 1458 (33082: 8213 8209 8195) (872.085 s)
>> 1457 (14598: 9687 9704 9690) (863.317 s)
>> 1456 (15059: 9518 9570 9230) (802.007 s)
>> 1447 (1287: 8660 8765 8357) (1016.74 s)
>> 1444 (35487: 9430 9324 9459) (1009.7 s)
>> 1442 (1894: 9273 9321 9314) (885.225 s)
>> 1438 (24108: 9411 9427 9380) (816.103 s)
>> 1433 (19532: 7933 7946 7938) (914.981 s)
>> 1410 (21890: 9710 9830 9640) (1006.87 s)
>> 1410 (22399: 8451 8465 8448) (920.704 s)
>> 1405 (6200: 9274 9250 9147) (994.197 s)
>> 1405 (15226: 9466 9511 9476) (1027.85 s)
>> 1391 (12231: 9620 9710 9616) (1003.58 s)
>> 1384 (26796: 8842 8827 8815) (1027.78 s)
>> 1379 (4523: 10048 10074 10025) (900.004 s)
>> 1373 (3567: 8219 8272 8204) (983.772 s)
>> 1373 (16764: 8845 9079 8858) (1091.97 s)
>> 1373 (19506: 7944 7992 7951) (1055.28 s)
>> 1368 (15458: 9391 9384 9297) (939.045 s)
>> 1367 (15091: 9502 32158 9575) (893.057 s)
>> 1358 (20944: 8111 34397 8140) (855.472 s)
>> 1357 (24987: 9335 9372 9370) (1018.98 s)
>> 1353 (17276: 8693 8726 8695) (903.492 s)
>> 1715 (357: 8735 8693 8686) (932.414 s)
>> 1348 (13140: 8741 8735 8727) (955.809 s)
>> 1343 (15085: 9524 15255 9495) (972.223 s)
>> 1343 (18865: 8188 8185 8183) (791.195 s)
>> 1334 (13190: 8657 8645 8593) (882.53 s)
>> 1322 (6680: 16502 8950 8926) (821.525 s)
>> 1322 (14724: 9645 9641 9639) (887.391 s)
>> 1320 (7461: 17303 8611 8596) (856.088 s)
>> 1314 (19684: 7886 7881 7888) (754.155 s)
>> 1307 (36285: 9405 15407 9326) (771.744 s)
>> 1305 (12588: 9759 9810 9782) (751.384 s)
>> 1292 (23505: 9985 10046 9986) (745.5 s)
>> 1279 (7921: 7920 19556 7953) (868.762 s)
>> 1270 (7417: 8632 8639 8606) (1008.57 s)
>> 1265 (3245: 8399 17492 8660) (980.053 s)
>> 1265 (6121: 9270 9282 9207) (898.21 s)
>> 1260 (16672: 8876 8901 8887) (735.27 s)
>> 1602 (6723: 8930 8917 8876) (779.223 s)
>> 1254 (952: 16867 26914 8793) (824.789 s)
>> 1247 (19982: 8028 8125 8077) (758.407 s)
>> 1243 (31687: 9931 9985 9886) (927.873 s)
>> 1242 (4957: 9791 9783 9773) (1043.13 s)
>> 1241 (15836: 9331 9281 9264) (883.943 s)
>> 1240 (17988: 8480 8501 8444) (845.472 s)
>> 1240 (18937: 8155 8157 8145) (822.56 s)
>> 1239 (18901: 18917 8186 8146) (777.739 s)
>> 1236 (19033: 8133 8173 8101) (729.03 s)
>> 1235 (360: 9892 9877 9872) (792.344 s)
>> 1227 (28632: 9046 9034 8908) (794.431 s)
>> 1225 (6870: 8930 8862 8856) (752.14 s)
>> 1220 (5173: 9670 9683 9672) (771.508 s)
>> 1220 (23751: 8144 8174 8161) (863.959 s)
>> 1216 (23573: 7972 7986 7959) (817.205 s)
>> 1212 (32017: 9646 9679 9649) (893.113 s)
>> 1211 (12078: 9274 9270 9193) (908.719 s)
>> 1210 (5109: 9700 9707 9703) (680.616 s)
>> 1209 (11862: 7994 31088 8000) (740.723 s)
>> 1206 (17137: 17184 8736 8721) (853.319 s)
>> 1185 (13886: 9983 10018 9982) (660.201 s)
>> 1182 (12009: 9239 6352 9259) (826.978 s)
>> 1178 (15179: 8886 9502 9484) (794.588 s)
>> 1177 (16494: 9007 8991 8930) (853.836 s)
>> 1373 (6641: 9007 9008 8996) (846.036 s)
>> 1174 (32830: 9506 9505 9487) (739.572 s)
>> 1171 (17326: 17308 8730 8689) (827.174 s)
>> 1170 (5780: 9443 9416 9331) (835.595 s)
>> 1163 (15387: 9402 9411 9393) (790.339 s)
>> 1152 (11490: 8032 8036 8014) (764.718 s)
>> 1151 (15502: 9412 9359 9340) (756.318 s)
>> 1145 (13788: 10023 10035 10027) (766.101 s)
>> 1145 (16926: 8809 8841 8799) (764.156 s)
>> 1127 (15723: 9293 27029 9302) (777.349 s)
>> 1119 (3218: 8416 8418 8415) (795.314 s)
>> 1118 (14974: 9539 9624 9457) (690.849 s)
>> 1114 (17389: 8667 8665 8688) (751.839 s)
>> 1108 (7211: 8741 8712 8687) (709.852 s)
>> 1092 (19160: 8067 8075 8059) (651.419 s)
>> 1089 (11269: 8609 8581 8563) (682.433 s)
>> 1089 (19333: 8011 8010 8003) (813.209 s)
>> 1087 (2482: 8166 8171 8144) (664.007 s)
>> 1086 (21559: 8778 8784 8780) (764.219 s)
>> 1085 (3829: 8093 8138 8052) (783.682 s)
>> 1084 (24322: 8776 8778 8771) (716.611 s)
>> 1084 (28315: 8592 17308 8576) (654.669 s)
>> 1080 (24982: 3876 8076 8054) (659.823 s)
>> 1079 (28990: 8299 8434 8308) (805.244 s)
>> 1078 (17729: 8538 7545 8551) (804.059 s)
>> 1077 (24532: 10023 9976 9931) (901.836 s)
>> 1075 (8965: 8931 8990 8962) (917.462 s)
>> 1059 (7722: 8497 8487 8480) (800.155 s)
>> 1057 (11689: 9100 16284 9107) (818.059 s)
>> 1053 (18411: 8328 8344 8299) (820.096 s)
>> 1045 (24557: 9510 15136 9535) (901.161 s)
>> 1043 (34357: 8763 8772 8741) (942.753 s)
>> 1040 (14139: 9887 9890 9883) (964.121 s)
>> 1026 (33987: 7900 7907 7897) (765.494 s)
>> 1013 (16449: 9000 6591 9039) (946.319 s)
>> 1012 (15670: 9308 9251 9226) (879.533 s)
>> 1009 (6825: 8879 8888 8866) (875.364 s)
>> 1007 (10811: 9741 9737 9729) (793.003 s)
>> 1001 (3174: 8328 8433 8327) (836.847 s)
>> 995 (4019: 8002 8011 7982) (809.3 s)
>> 984 (13833: 10007 10017 10001) (833.244 s)
>> 984 (15736: 9398 9279 9243) (836.98 s)
>> 983 (24868: 9663 9688 9673) (948.237 s)
>> 971 (18195: 8413 8437 8328) (763.669 s)
>> 962 (5211: 9646 9687 9661) (930.573 s)
>> 955 (16024: 9239 9164 9152) (846.907 s)
>> 953 (16491: 8995 9022 8922) (911.04 s)
>> 950 (15148: 9520 9482 9443) (810.102 s)
>> 935 (3379: 8323 8413 8338) (944.19 s)
>> 920 (19163: 8070 8091 8048) (791.521 s)
>> 918 (5483: 9534 9564 9506) (784.176 s)
>> 917 (16426: 8916 9001 9000) (818.848 s)
>> 914 (17959: 8497 8489 8478) (885.307 s)
>> 903 (5904: 9365 9363 9273) (801.678 s)
>> 899 (14925: 9571 9585 9521) (888.166 s)
>> 898 (7547: 8558 8564 8538) (758.387 s)
>> 894 (4294: 7860 7869 7866) (795.623 s)
>> 885 (16576: 8992 6750 8880) (786.071 s)
>> 884 (5818: 9413 9412 9392) (841.476 s)
>> 884 (20397: 9032 16282 8916) (895.554 s)
>> 881 (34581: 8355 8323 8306) (878.596 s)
>> 878 (7778: 8442 8467 8458) (793.524 s)
>> 873 (7562: 8560 8571 8552) (880.334 s)
>> 871 (5343: 9615 9629 9614) (811.327 s)
>> 868 (4612: 9969 9962 9620) (764.611 s)
>> 867 (17984: 8475 8490 8442) (743.701 s)
>> 854 (32844: 10129 10132 10116) (814.785 s)
>> 844 (34305: 9431 9414 9364) (766.202 s)
>> 835 (1925: 7879 7889 7860) (859.187 s)
>> 833 (18391: 8342 8354 8353) (820.021 s)
>> 827 (18471: 8313 18418 8259) (727.528 s)
>> 823 (15540: 9347 9343 9312) (845.428 s)
>> 822 (589: 8150 8187 8118) (773.859 s)
>> 822 (13688: 10059 10054 10053) (761.541 s)
>> 807 (26840: 8032 8292 8278) (889.852 s)
>> 803 (4156: 7939 7886 7956) (732.321 s)
>> 801 (13834: 10012 10009 10024) (784.322 s)
>> 799 (18215: 8404 8408 8364) (777.388 s)
>> 795 (8590: 31003 8632 8588) (833.978 s)
>> 794 (16113: 9146 9174 9109) (806.113 s)
>> 794 (31058: 9382 15551 9396) (851.912 s)
>> 793 (17237: 8709 17184 8711) (695.17 s)
>> 792 (24430: 9867 9857 9856) (709.46 s)
>> 786 (3685: 8165 18943 8123) (724.796 s)
>> 778 (15421: 9422 9394 9365) (733.579 s)
>> 775 (18643: 8247 8449 8229) (703.12 s)
>> 769 (11737: 9764 9748 9745) (740.06 s)
>> 767 (7565: 8559 8569 8537) (751.8 s)
>> 748 (36144: 9602 9615 9599) (727.003 s)
>> 737 (19258: 8023 8028 8018) (720.671 s)
>> 727 (4867: 9819 9816 9813) (731.874 s)
>> 721 (14759: 9645 9635 9631) (740.099 s)
>> 709 (21441: 9292 9241 9232) (805.76 s)
>> 707 (24031: 9418 9449 9200) (730.326 s)
>> 702 (19824: 7844 7847 7842) (786.608 s)
>> 699 (18549: 8248 8286 8281) (803.904 s)
>> 697 (18030: 8424 8484 8473) (785.296 s)
>> 690 (36072: 8166 8135 8023) (795.076 s)
>> 689 (17040: 17045 8756 8787) (729.855 s)
>> 687 (3167: 8416 8435 8428) (773.519 s)
>> 687 (5605: 9494 9497 9489) (787.699 s)
>> 684 (14067: 9910 9916 9911) (748.488 s)
>> 677 (16144: 9113 9194 9129) (799.26 s)
>> 677 (35938: 8190 8216 8196) (715.357 s)
>> 676 (16201: 9102 9103 9071) (821.948 s)
>> 669 (3494: 8240 8246 8226) (678.309 s)
>> 649 (15893: 9252 9559 9066) (693.413 s)
>> 647 (19235: 8032 8080 8037) (683.926 s)
>> 646 (7038: 8783 8785 8716) (728.302 s)
>> 645 (2604: 10127 10128 10101) (705.123 s)
>> 638 (6020: 9356 9332 9323) (785.709 s)
>> 635 (8837: 8831 8822 8836) (736.924 s)
>> 635 (20403: 9100 16317 9059) (777.949 s)
>> 630 (17390: 8666 8667 8683) (703.608 s)
>> 629 (15629: 9356 9382 9325) (677.493 s)
>> 625 (7509: 8586 8583 8521) (650.026 s)
>> 622 (4839: 9832 9844 9829) (695.51 s)
>> 621 (4309: 7858 7844 7879) (669.436 s)
>> 608 (20980: 9819 9753 9717) (737.037 s)
>> 602 (31477: 9678 9689 9662) (812.406 s)
>> 600 (3499: 8245 8242 8240) (747.543 s)
>> 583 (19218: 27889 8062 8046) (746.553 s)
>> 573 (4907: 9781 9807 9801) (765.739 s)
>> 572 (3337: 8404 8348 8339) (715.42 s)
>> 568 (16791: 8870 9007 8842) (651.262 s)
>> 568 (24281: 10131 10130 10127) (743.44 s)
>> 562 (7175: 8709 8744 8724) (799.868 s)
>> 557 (7443: 8399 17490 8624) (715.166 s)
>> 554 (18469: 8317 8355 8316) (651.529 s)
>> 552 (2095: 9544 9540 9455) (648.721 s)
>> 552 (4339: 7831 7838 7830) (693.811 s)
>> 552 (15795: 9276 9242 9184) (654.482 s)
>> 551 (16771: 8863 8870 8850) (700.504 s)
>> 547 (19172: 27889 8117 8057) (678.417 s)
>> 544 (15346: 9437 9444 9430) (758.608 s)
>> 541 (19227: 8044 8067 8047) (676.499 s)
>> 540 (23828: 9155 9176 8845) (680.418 s)
>> 537 (10141: 10139 10131 10129) (668.539 s)
>> 537 (16165: 9121 9146 9094) (657.279 s)
>> 535 (11199: 17303 8992 8669) (639.168 s)
>> 534 (26998: 9335 9520 9366) (647.289 s)
>> 532 (26716: 7977 25224 19416) (739.24 s)
>> 527 (3157: 8439 8443 8426) (749.954 s)
>> 518 (3998: 8021 8032 8013) (766.846 s)
>> 514 (14681: 9660 9665 9657) (764.814 s)
>> 512 (1728: 7905 7920 7900) (657.072 s)
>> 511 (19867: 7824 7823 7819) (722.986 s)
>> 503 (15844: 9261 9274 9225) (662.231 s)
>> 500 (18071: 8441 8451 8416) (652.126 s)
>> 493 (4941: 9789 9969 9777) (646.102 s)
>> 491 (17548: 8657 31003 8574) (686.418 s)
>> 487 (12805: 9541 15164 9528) (628.808 s)
>> 487 (22346: 7832 7833 7824) (671.313 s)
>> 484 (10650: 8150 3876 8083) (670.651 s)
>> 484 (16304: 9117 9076 9030) (778.754 s)
>> 483 (12081: 9261 9150 9032) (726.702 s)
>> 479 (14359: 9804 9792 9785) (660.368 s)
>> 492 (14392: 9769 9781 9804) (642.158 s)
>> 470 (18257: 8367 18222 8401) (650.399 s)
>> 450 (19826: 7858 7837 7834) (656.751 s)
>> 444 (6364: 9185 9223 9121) (625.914 s)
>> 441 (18896: 8179 27440 8175) (626.356 s)
>> 441 (21348: 17045 8769 8742) (635.899 s)
>> 439 (15152: 9541 9504 9500) (716.043 s)
>> 433 (13804: 13803 10023 10007) (707.316 s)
>> 432 (5442: 9534 9552 9551) (707.787 s)
>> 432 (7049: 8779 34964 8904) (696.018 s)
>> 432 (16478: 8981 8949 8920) (634.496 s)
>> 418 (5695: 9464 9518 9490) (617.458 s)
>> 417 (35974: 7977 7976 7968) (625.328 s)
>> 406 (14709: 9524 9660 9652) (626.505 s)
>> 405 (6093: 9335 9295 9283) (664.953 s)
>> 402 (3187: 8439 8425 8404) (705.492 s)
>> 402 (7766: 8463 8403 8375) (687.413 s)
>> 400 (15617: 9353 9345 9117) (662.71 s)
>> 395 (15744: 9310 9413 9300) (639.219 s)
>> 390 (3359: 8333 32600 8399) (619.861 s)
>> 385 (5394: 9563 9587 9431) (700.95 s)
>> 384 (3824: 8133 8095 8070) (654.843 s)
>> 375 (4120: 7958 7963 7933) (560.424 s)
>> 374 (32651: 8227 8245 8220) (638.937 s)
>> 373 (15769: 9309 9485 9275) (641.064 s)
>> 370 (32602: 8333 8322 8277) (617.378 s)
>> 357 (16644: 8868 16502 8333) (658.579 s)
>> 351 (3691: 8164 8227 7977) (684.852 s)
>> 351 (29185: 9190 9398 9159) (641.212 s)
>> 350 (10867: 8664 8791 8788) (618.526 s)
>> 349 (4088: 7979 7995 7987) (668.815 s)
>> 345 (30259: 9141 9201 9191) (656.572 s)
>> 340 (17785: 8540 8559 8558) (608.528 s)
>> 329 (12691: 9788 9793 9791) (591.404 s)
>> 326 (32388: 8956 17303 8993) (576.898 s)
>> 313 (18381: 8343 8352 8303) (588.667 s)
>> 310 (5476: 9538 9548 9524) (568.584 s)
>> 305 (35133: 10070 10098 10084) (566.07 s)
>> 284 (18567: 8274 8313 8282) (579.06 s)
>> 281 (5089: 9700 9819 9718) (592.313 s)
>> 278 (14171: 9892 9867 9865) (569.936 s)
>> 273 (22192: 21124 8868 8267) (607.406 s)
>> 269 (7745: 8486 8317 8464) (680.721 s)
>> 267 (14935: 29065 9567 9464) (671.156 s)
>> 259 (5651: 9466 9498 9486) (619.795 s)
>> 248 (13437: 7905 8164 7931) (584.735 s)
>> 248 (15131: 8886 9526 9471) (626.372 s)
>> 242 (6405: 9151 9347 9141) (611.57 s)
>> 240 (17006: 8781 29528 8777) (660.052 s)
>> 225 (7747: 8471 8861 8439) (680.075 s)
>> 209 (14562: 9702 9700 9697) (710.077 s)
>> 204 (15471: 9377 9402 9356) (598.333 s)
>> 197 (5625: 9491 9541 9501) (562.644 s)
>> 194 (7568: 8556 8582 8540) (591.563 s)
>> 189 (16500: 8931 9261 8975) (652.631 s)
>> 187 (6941: 8835 6963 8809) (585.26 s)
>> 186 (14115: 9887 9940 9893) (569.633 s)
>> 183 (7814: 8497 8450 8447) (588.466 s)
>> 177 (17306: 8679 8763 8678) (565.482 s)
>> 176 (4914: 9784 9802 9787) (578.212 s)
>> 166 (14476: 9789 9742 9741) (550.6 s)
>> 163 (5679: 9468 9491 9478) (546.465 s)
>> 146 (5712: 9453 9466 9436) (576.779 s)
>> 142 (24930: 9397 9334 9190) (603.56 s)
>> 140 (7644: 8519 8518 8562) (609.484 s)
>> 128 (17920: 8491 8502 8496) (620.592 s)
>> 119 (24453: 8709 8723 8714) (584.138 s)
>> 98 (5176: 9682 9696 9538) (624.449 s)
>> 91 (7703: 8492 8497 8494) (572.967 s)
>> 86 (4137: 7905 7979 7952) (556.921 s)
>> 62 (1228: 8463 21124 8321) (553.956 s)
>> 60 (5500: 5499 9531 8886) (639.476 s)
>> 56 (3714: 8148 8166 8111) (584.781 s)
>> 52 (5239: 9645 9668 9648) (592.94 s)
>> 29 (23035: 8709 8715 8694) (640.271 s)
>> 25 (19054: 8148 8119 8098) (576.454 s)
>> 19 (22048: 9178 9151 9095) (581.848 s)
>> 15 (18849: 8189 8192 8179) (548.668 s)
>> 6 (16276: 9075 9108 8956) (566.154 s)
>> 6 (17211: 8719 8722 8702) (627.825 s)
>> 4 (16013: 23249 9224 9178) (625.717 s)
>> 0 (-1: -1 -1 -1) (584.934 s)
Zelikovsky- 883834 s
>>> get_solution
  refine_solution: new weight 578669053 (was 578703499) in 0.02707 s
  refine_solution: new weight 578668470 (was 578669053) in 0.02861 s
  refine_solution: new weight 578668470 (was 578668470) in 0.02842 s
>>> get_solution
  refine_solution: new weight 580583569 (was 580845553) in 0.027502 s
  refine_solution: new weight 580566513 (was 580583569) in 0.028974 s
  refine_solution: new weight 580564425 (was 580566513) in 0.028937 s
  refine_solution: new weight 580564425 (was 580564425) in 0.028841 s
0,,36835,55440,2132,,0,0,,580845553,580564425,579218770,578703499,578668470,,0,0,@@

  delete_edges: deleted 128 edges in 0.020213 s and 2 rounds
  handle_small_Steiner_degrees: steiner 1, suppress 229 in 0.000263 s
Starting round 1
contract_till_the_bitter_end interrupted
contract_till_the_bitter_end: 894413 s

Calling end_heu
>>> get_solution
Saved weight 393590221
end_heu: 0 loops with 0 unique solutions in 0.00662 s

Calling print_solution
>>> get_solution
  refine_solution: new weight 580587387 (was 580846683) in 0.046316 s
Oops orig weight was 580846683 but we got 580587387
## FINAL WEIGHT 580587387
print_solution: 0.095032 s
