Version: final-94-gfffc3aa rub_all.sh: remove longest prefix
Random seed: 1557948551
Start
>>> save_orig_graph
>> Saved weight 0
Graph loaded
|V| = 7999, |E| = 14734, |R| = 16
First clearance of the input. Calling buy_zero and run_all_heuristics.
  buy_zero: 0 zero edges in 1.9e-05 s
  handle_small_terminal_degrees: terms 0 in 6e-06 s
  handle_small_Steiner_degrees: steiner 0, suppress 4 in 1.1e-05 s
  shortest_edge_between_terminals: 0 edges in 1e-06 s
  handle_small_terminal_degrees: terms 0 in 6e-06 s
  handle_small_Steiner_degrees: steiner 0, suppress 0 in 9e-06 s
  shortest_edge_between_terminals: 0 edges in 0 s
Compressed graph 7999 -> 7994
  delete_edges: deleted 4 edges in 0.00096 s and 1 rounds
  handle_small_terminal_degrees: terms 0 in 6e-06 s
  handle_small_Steiner_degrees: steiner 0, suppress 8 in 1.3e-05 s
  shortest_edge_between_terminals: 0 edges in 0 s
  handle_small_terminal_degrees: terms 0 in 6e-06 s
  handle_small_Steiner_degrees: steiner 0, suppress 0 in 1e-05 s
  shortest_edge_between_terminals: 0 edges in 0 s
Compressed graph 7994 -> 7986
  delete_edges_shortest_path: deleted 7 edges in 0.038195 s
  handle_small_terminal_degrees: terms 0 in 7e-06 s
  handle_small_Steiner_degrees: steiner 0, suppress 11 in 1.5e-05 s
  shortest_edge_between_terminals: 0 edges in 0 s
  handle_small_terminal_degrees: terms 0 in 6e-06 s
  handle_small_Steiner_degrees: steiner 0, suppress 0 in 9e-06 s
  shortest_edge_between_terminals: 0 edges in 1e-06 s
Compressed graph 7986 -> 7975
  handle_small_terminal_degrees: terms 0 in 6e-06 s
  handle_small_Steiner_degrees: steiner 0, suppress 0 in 8e-06 s
  shortest_edge_between_terminals: 0 edges in 1e-06 s
Compressed graph 7975 -> 7975
  delete_edges_shortest_path: deleted 11 edges in 0.037219 s
  handle_small_terminal_degrees: terms 0 in 7e-06 s
  handle_small_Steiner_degrees: steiner 0, suppress 15 in 1.7e-05 s
  shortest_edge_between_terminals: 0 edges in 1e-06 s
  handle_small_terminal_degrees: terms 0 in 6e-06 s
  handle_small_Steiner_degrees: steiner 0, suppress 0 in 9e-06 s
  shortest_edge_between_terminals: 0 edges in 1e-06 s
Compressed graph 7975 -> 7960
Compressed graph 7960 -> 7960
>>> save_orig_graph
>> Saved weight 0
### ZEL_LVL=9 PRECISE_STARS=1

Calling `contract_till_the_bitter_end`
|V| = 7960, |E| = 14674, |R| = 16
>> 557 (83: 3168 6809 3168) (0.001399 s)
>> 242 (5930: 2032 1984 2032) (0.001313 s)
>> 99 (2732: 3879 6710 3879) (0.001299 s)
>> 0 (-1: -1 -1 -1) (0.001231 s)
Zelikovsky 7.85654 s
>> 557 (83: 5915 6809 3168) (7.85266 s)
>> 242 (5930: 1984 2928 2032) (7.992 s)
>> 125 (6111: 2402 1012 1984) (8.09692 s)
>> 100 (3005: 5915 21 5453) (8.29214 s)
>> 99 (2732: 3879 7655 6710) (8.34609 s)
>> 61 (343: 2402 4047 5915) (8.44228 s)
>> 0 (-1: -1 -1 -1) (8.45991 s)
Zelikovsky- 57.4923 s
>>> get_solution
  refine_solution: new weight 15517 (was 15517) in 0.001424 s
>>> get_solution
  refine_solution: new weight 16617 (was 16617) in 0.001435 s
0,,7960,14674,16,,0,0,,16617,16617,15696,15517,15517,,0,0,@@

  handle_small_Steiner_degrees: steiner 0, suppress 0 in 9e-06 s
Starting round 1
Found 0 isolated vertices
Invalid ratios recomputed: 7960
Best ratio is 469/2 (234.5), centered at 343
Finding the best star... Star with 3 terminals centered in 21
round took: 3.99279 s
|V| = 7960, |E| = 14658, |R| = 14
>> 557 (83: 3168 6809 3168) (0.001298 s)
>> 242 (5930: 2032 21 2032) (0.001265 s)
>> 99 (2732: 3879 6710 3879) (0.001236 s)
>> 0 (-1: -1 -1 -1) (0.001207 s)
Zelikovsky 7.62487 s
>> 557 (83: 5915 6809 3168) (7.89127 s)
>> 242 (5930: 21 2928 2032) (7.99681 s)
>> 125 (6111: 2402 1012 21) (8.10396 s)
>> 100 (3005: 5915 5453 2402) (8.27924 s)
>> 99 (2732: 3879 7655 6710) (8.33758 s)
>> 0 (-1: -1 -1 -1) (8.41737 s)
Zelikovsky- 49.0353 s
>>> get_solution
  refine_solution: new weight 15517 (was 15517) in 0.001382 s
>>> get_solution
  refine_solution: new weight 16617 (was 16617) in 0.001441 s
1,,7960,14658,14,,7960,0,,16617,16617,15696,15517,15517,,469,3,@@

  handle_small_Steiner_degrees: steiner 0, suppress 2 in 1.3e-05 s
Starting round 2
Found 15 isolated vertices
Invalid ratios recomputed: 7392
Best ratio is 450/1 (450.0), centered at 869
Finding the best star... Star with 2 terminals centered in 7655
round took: 4.80646 s
|V| = 7960, |E| = 14644, |R| = 13
>> 557 (83: 3168 6809 3168) (0.001296 s)
>> 242 (5930: 2032 21 2032) (0.001254 s)
>> 19 (4630: 5453 2928 5453) (0.00123 s)
>> 0 (-1: -1 -1 -1) (0.001211 s)
Zelikovsky 7.61868 s
>> 557 (83: 5915 6809 3168) (7.88887 s)
>> 242 (5930: 21 2928 2032) (7.99223 s)
>> 123 (6111: 2402 1012 21) (8.09356 s)
>> 100 (3005: 5915 5453 2402) (8.27168 s)
>> 0 (-1: -1 -1 -1) (8.32954 s)
Zelikovsky- 40.5837 s
>>> get_solution
  refine_solution: new weight 15609 (was 15609) in 0.001379 s
>>> get_solution
  refine_solution: new weight 16608 (was 16608) in 0.00144 s
2,,7945,14644,13,,7392,0,,16608,16608,15786,15609,15609,,450,2,@@

  handle_small_Steiner_degrees: steiner 0, suppress 1 in 1.2e-05 s
Starting round 3
Found 24 isolated vertices
Invalid ratios recomputed: 6802
Best ratio is 570/1 (570.0), centered at 2568
Finding the best star... Star with 2 terminals centered in 7655
round took: 5.03271 s
|V| = 7960, |E| = 14629, |R| = 12
>> 557 (83: 3168 6809 3168) (0.001275 s)
>> 242 (5930: 2032 21 2032) (0.001244 s)
>> 0 (-1: -1 -1 -1) (0.001225 s)
Zelikovsky 7.63674 s
>> 557 (83: 5915 6809 3168) (7.90676 s)
>> 242 (5930: 21 7655 2032) (7.99782 s)
>> 123 (6111: 2402 1012 21) (8.08121 s)
>> 100 (3005: 5915 5453 2402) (8.27493 s)
>> 0 (-1: -1 -1 -1) (8.35123 s)
Zelikovsky- 40.6197 s
>>> get_solution
  refine_solution: new weight 15609 (was 15609) in 0.001384 s
>>> get_solution
  refine_solution: new weight 16608 (was 16608) in 0.001435 s
3,,7936,14629,12,,6802,0,,16608,16608,15786,15609,15609,,570,2,@@

  handle_small_Steiner_degrees: steiner 0, suppress 1 in 1.4e-05 s
Starting round 4
Found 37 isolated vertices
Invalid ratios recomputed: 7095
Best ratio is 1491/2 (745.5), centered at 13
Finding the best star... Star with 3 terminals centered in 2032
round took: 5.45201 s
|V| = 7960, |E| = 14583, |R| = 10
>> 557 (83: 3168 6809 3168) (0.001242 s)
>> 123 (6111: 2402 2032 2402) (0.001209 s)
>> 0 (-1: -1 -1 -1) (0.00116 s)
Zelikovsky 7.90693 s
>> 557 (83: 5915 6809 3168) (7.92395 s)
>> 123 (6111: 2402 1012 2032) (7.99757 s)
>> 100 (3005: 5915 5453 2402) (8.18736 s)
>> 0 (-1: -1 -1 -1) (8.26615 s)
Zelikovsky- 32.3818 s
>>> get_solution
  refine_solution: new weight 15609 (was 15609) in 0.001377 s
>>> get_solution
  refine_solution: new weight 16366 (was 16366) in 0.001438 s
4,,7923,14583,10,,7095,0,,16366,16366,15663,15609,15609,,1491,3,@@

  handle_small_Steiner_degrees: steiner 0, suppress 7 in 1.9e-05 s
Starting round 5
Found 79 isolated vertices
Invalid ratios recomputed: 7477
Best ratio is 817/1 (817.0), centered at 40
Finding the best star... Star with 2 terminals centered in 5453
round took: 5.56356 s
|V| = 7960, |E| = 14551, |R| = 9
>> 416 (83: 3168 5453 3168) (0.001223 s)
>> 123 (6111: 2402 2032 2402) (0.001191 s)
>> 0 (-1: -1 -1 -1) (0.001144 s)
Zelikovsky 7.61669 s
>> 416 (83: 5915 5453 3168) (7.87985 s)
>> 123 (6111: 2402 1012 2032) (7.94588 s)
>> 0 (-1: -1 -1 -1) (8.14012 s)
Zelikovsky- 23.9715 s
>>> get_solution
  refine_solution: new weight 15663 (was 15663) in 0.001378 s
>>> get_solution
  refine_solution: new weight 16242 (was 16260) in 0.001438 s
  refine_solution: new weight 16242 (was 16242) in 0.001346 s
5,,7881,14551,9,,7477,0,,16260,16242,15663,15663,15663,,817,2,@@

  handle_small_Steiner_degrees: steiner 0, suppress 2 in 1.5e-05 s
Starting round 6
Found 100 isolated vertices
Invalid ratios recomputed: 7215
Best ratio is 824/1 (824.0), centered at 31
Finding the best star... Star with 2 terminals centered in 3168
round took: 5.7253 s
|V| = 7960, |E| = 14525, |R| = 8
>> 474 (83: 3168 5453 3168) (0.001218 s)
>> 123 (6111: 2402 2032 2402) (0.00116 s)
>> 0 (-1: -1 -1 -1) (0.001131 s)
Zelikovsky 7.60554 s
>> 474 (83: 5915 5453 3168) (7.86991 s)
>> 123 (6111: 2402 1012 2032) (7.9337 s)
>> 0 (-1: -1 -1 -1) (8.12815 s)
Zelikovsky- 23.9374 s
>>> get_solution
  refine_solution: new weight 15663 (was 15663) in 0.001384 s
>>> get_solution
  refine_solution: new weight 16242 (was 16260) in 0.001449 s
  refine_solution: new weight 16242 (was 16242) in 0.001336 s
6,,7860,14525,8,,7215,0,,16260,16242,15663,15663,15663,,824,2,@@

  handle_small_Steiner_degrees: steiner 0, suppress 1 in 1.3e-05 s
Starting round 7
Found 120 isolated vertices
Invalid ratios recomputed: 7319
Best ratio is 892/1 (892.0), centered at 148
Finding the best star... Star with 2 terminals centered in 2402
round took: 6.5985 s
|V| = 7960, |E| = 14496, |R| = 7
>> 474 (83: 3168 5453 3168) (0.001202 s)
>> 103 (1477: 2402 1012 2402) (0.001146 s)
>> 0 (-1: -1 -1 -1) (0.001146 s)
Zelikovsky 7.61704 s
>> 474 (83: 5915 5453 3168) (7.87983 s)
>> 103 (1477: 1921 1012 2402) (7.92857 s)
>> 0 (-1: -1 -1 -1) (8.12664 s)
Zelikovsky- 23.941 s
>>> get_solution
  refine_solution: new weight 15683 (was 15683) in 0.00139 s
>>> get_solution
  refine_solution: new weight 16242 (was 16260) in 0.001437 s
  refine_solution: new weight 16242 (was 16242) in 0.001347 s
7,,7840,14496,7,,7319,0,,16260,16242,15683,15683,15683,,892,2,@@

  handle_small_Steiner_degrees: steiner 0, suppress 3 in 1.6e-05 s
Starting round 8
Found 145 isolated vertices
Invalid ratios recomputed: 7815
Best ratio is 974/1 (974.0), centered at 33
Finding the best star... Star with 2 terminals centered in 2402
round took: 7.63972 s
|V| = 7960, |E| = 14466, |R| = 6
>> 464 (83: 2402 3168 2402) (0.001186 s)
>> 0 (-1: -1 -1 -1) (0.001139 s)
Zelikovsky 7.57672 s
>> 464 (83: 5915 3168 2402) (7.84834 s)
>> 103 (1477: 1921 1012 5915) (7.92965 s)
Zelikovsky- 15.7836 s
>>> get_solution
  refine_solution: new weight 15683 (was 15683) in 0.001386 s
>>> get_solution
  refine_solution: new weight 16182 (was 16250) in 0.001456 s
  refine_solution: new weight 16020 (was 16182) in 0.001333 s
  refine_solution: new weight 16020 (was 16020) in 0.001337 s
8,,7815,14466,6,,7815,0,,16250,16020,15786,15683,15683,,974,2,@@

  handle_small_Steiner_degrees: steiner 0, suppress 4 in 1.7e-05 s
Starting round 9
Found 169 isolated vertices
Invalid ratios recomputed: 7791
Best ratio is 1617/1 (1617.0), centered at 78
Finding the best star... Star with 2 terminals centered in 1921
round took: 10.6228 s
|V| = 7960, |E| = 14410, |R| = 5
>> 567 (3532: 2402 3168 2402) (0.001165 s)
>> 0 (-1: -1 -1 -1) (0.001135 s)
Zelikovsky 7.53169 s
>> 567 (3532: 1921 3168 2402) (7.80371 s)
>> 0 (-1: -1 -1 -1) (8.0481 s)
Zelikovsky- 15.8563 s
>>> get_solution
  refine_solution: new weight 15595 (was 15683) in 0.001388 s
  refine_solution: new weight 15595 (was 15595) in 0.001349 s
>>> get_solution
  refine_solution: new weight 16182 (was 16250) in 0.001436 s
  refine_solution: new weight 16020 (was 16182) in 0.001337 s
  refine_solution: new weight 16020 (was 16020) in 0.001332 s
9,,7791,14410,5,,7791,0,,16250,16020,15683,15683,15595,,1617,2,@@

  handle_small_Steiner_degrees: steiner 0, suppress 9 in 2.7e-05 s
Starting round 10
Found 216 isolated vertices
Invalid ratios recomputed: 7732
Best ratio is 1766/1 (1766.0), centered at 179
Finding the best star... Star with 2 terminals centered in 6710
round took: 10.2207 s
|V| = 7960, |E| = 14344, |R| = 4
>> 567 (3532: 3168 1921 3168) (0.001148 s)
>> 0 (-1: -1 -1 -1) (0.001103 s)
Zelikovsky 7.45426 s
>> 567 (3532: 1921 6710 3168) (7.72554 s)
Zelikovsky- 7.72992 s
>>> get_solution
  refine_solution: new weight 15595 (was 15683) in 0.001365 s
  refine_solution: new weight 15595 (was 15595) in 0.001354 s
>>> get_solution
  refine_solution: new weight 16182 (was 16250) in 0.001434 s
  refine_solution: new weight 16020 (was 16182) in 0.001339 s
  refine_solution: new weight 16020 (was 16020) in 0.001337 s
10,,7744,14344,4,,7732,0,,16250,16020,15683,15683,15595,,1766,2,@@

  handle_small_Steiner_degrees: steiner 0, suppress 2 in 1.3e-05 s
Starting round 11
Found 263 isolated vertices
Invalid ratios recomputed: 7697
Best ratio is 1875/1 (1875.0), centered at 217
Finding the best star... Star with 2 terminals centered in 5915
round took: 9.96672 s
|V| = 7960, |E| = 14306, |R| = 3
>> 389 (3532: 3168 5915 3168) (0.001133 s)
>> 0 (-1: -1 -1 -1) (0.001103 s)
Zelikovsky 7.38479 s
>> 389 (3532: 1921 5915 3168) (7.65314 s)
Zelikovsky- 7.65758 s
>>> get_solution
  refine_solution: new weight 15595 (was 15683) in 0.001363 s
  refine_solution: new weight 15595 (was 15595) in 0.001357 s
>>> get_solution
  refine_solution: new weight 16054 (was 16072) in 0.001439 s
  refine_solution: new weight 16054 (was 16054) in 0.001342 s
11,,7697,14306,3,,7697,0,,16072,16054,15683,15683,15595,,1875,2,@@

  handle_small_Steiner_degrees: steiner 0, suppress 1 in 1.1e-05 s
Starting round 12
Found 296 isolated vertices
Invalid ratios recomputed: 7664
Best ratio is 1901/1 (1901.0), centered at 113
Finding the best star... Star with 2 terminals centered in 5915
round took: 9.73777 s
|V| = 7960, |E| = 14265, |R| = 2
Zelikovsky 7.49599 s
Zelikovsky- 0.003112 s
>>> get_solution
  refine_solution: new weight 16054 (was 16072) in 0.001359 s
  refine_solution: new weight 16054 (was 16054) in 0.001348 s
>>> get_solution
  refine_solution: new weight 16054 (was 16072) in 0.001432 s
  refine_solution: new weight 16054 (was 16054) in 0.001343 s
12,,7664,14265,2,,7664,0,,16072,16054,16072,16072,16054,,1901,2,@@

  handle_small_Steiner_degrees: steiner 0, suppress 3 in 1.5e-05 s
Starting round 13
Found 334 isolated vertices
Invalid ratios recomputed: 7626
Best ratio is 2426/1 (2426.0), centered at 7
Finding the best star... Star with 2 terminals centered in 3168
round took: 9.35513 s
|V| = 7960, |E| = 14218, |R| = 1
Zelikovsky 7.58135 s
Zelikovsky- 0.003155 s
>>> get_solution
  refine_solution: new weight 16054 (was 16072) in 0.001362 s
  refine_solution: new weight 16054 (was 16054) in 0.001345 s
>>> get_solution
  refine_solution: new weight 16054 (was 16072) in 0.001425 s
  refine_solution: new weight 16054 (was 16054) in 0.001346 s
13,,7626,14218,1,,7626,0,,16072,16054,16072,16072,16054,,2426,2,@@

  handle_small_Steiner_degrees: steiner 0, suppress 0 in 9e-06 s
contract_till_the_bitter_end: 540.356 s

Calling end_heu
>>> get_solution
Saved weight 0
end_heu: 0 loops with 0 unique solutions in 0.00011 s

Calling print_solution
>>> get_solution
  refine_solution: new weight 16054 (was 16072) in 0.00135 s
Oops orig weight was 16072 but we got 16054
## FINAL WEIGHT 16054
print_solution: 0.003493 s
