Version: final-94-gfffc3aa rub_all.sh: remove longest prefix
Random seed: 1558064935
Start
>>> save_orig_graph
>> Saved weight 0
Graph loaded
|V| = 988, |E| = 1923, |R| = 67
First clearance of the input. Calling buy_zero and run_all_heuristics.
  buy_zero: 0 zero edges in 3e-06 s
  handle_small_terminal_degrees: terms 41 in 4e-05 s
  handle_small_Steiner_degrees: steiner 0, suppress 7 in 7e-06 s
  shortest_edge_between_terminals: 25 edges in 2.7e-05 s
  handle_small_terminal_degrees: terms 0 in 1e-06 s
  handle_small_Steiner_degrees: steiner 0, suppress 0 in 3e-06 s
  shortest_edge_between_terminals: 0 edges in 2e-06 s
Compressed graph 988 -> 920
  delete_edges: deleted 2 edges in 0.00016 s and 1 rounds
  handle_small_terminal_degrees: terms 1 in 3e-06 s
  handle_small_Steiner_degrees: steiner 0, suppress 1 in 3e-06 s
  shortest_edge_between_terminals: 0 edges in 2e-06 s
  handle_small_terminal_degrees: terms 0 in 1e-06 s
  handle_small_Steiner_degrees: steiner 0, suppress 0 in 2e-06 s
  shortest_edge_between_terminals: 0 edges in 2e-06 s
Compressed graph 920 -> 918
  delete_edges_shortest_path: deleted 1 edges in 0.024433 s
  handle_small_terminal_degrees: terms 0 in 0 s
  handle_small_Steiner_degrees: steiner 0, suppress 1 in 1e-06 s
  shortest_edge_between_terminals: 0 edges in 1e-06 s
  handle_small_terminal_degrees: terms 0 in 1e-06 s
  handle_small_Steiner_degrees: steiner 0, suppress 0 in 1e-06 s
  shortest_edge_between_terminals: 0 edges in 1e-06 s
Compressed graph 918 -> 917
  handle_small_terminal_degrees: terms 0 in 1e-06 s
  handle_small_Steiner_degrees: steiner 0, suppress 0 in 2e-06 s
  shortest_edge_between_terminals: 0 edges in 1e-06 s
Compressed graph 917 -> 908
  delete_edges_shortest_path: deleted 1 edges in 0.01968 s
  handle_small_terminal_degrees: terms 0 in 0 s
  handle_small_Steiner_degrees: steiner 0, suppress 1 in 2e-06 s
  shortest_edge_between_terminals: 0 edges in 1e-06 s
  handle_small_terminal_degrees: terms 0 in 1e-06 s
  handle_small_Steiner_degrees: steiner 0, suppress 0 in 1e-06 s
  shortest_edge_between_terminals: 0 edges in 1e-06 s
Compressed graph 908 -> 907
Compressed graph 907 -> 907
>>> save_orig_graph
>> Saved weight 4200046
### ZEL_LVL=9 PRECISE_STARS=1

Calling `contract_till_the_bitter_end`
|V| = 907, |E| = 1836, |R| = 42
>> 47 (34: 868 873 868) (0.000891 s)
>> 34 (173: 883 903 883) (0.000807 s)
>> 17 (272: 867 882 867) (0.00077 s)
>> 16 (680: 891 892 891) (0.000744 s)
>> 15 (46: 877 878 877) (0.000707 s)
>> 9 (323: 897 900 897) (0.000669 s)
>> 14 (756: 887 894 887) (0.00064 s)
>> 11 (735: 879 880 879) (0.000614 s)
>> 7 (501: 895 901 895) (0.000581 s)
>> 5 (644: 872 876 872) (0.000552 s)
>> 3 (727: 874 881 874) (0.000528 s)
>> 1 (848: 890 893 890) (0.000493 s)
>> 1 (861: 884 899 884) (0.000461 s)
>> 0 (-1: -1 -1 -1) (0.000433 s)
Zelikovsky 0.097919 s
>> 47 (34: 881 873 868) (0.08466 s)
>> 20 (192: 883 881 870) (0.085317 s)
>> 14 (573: 900 905 895) (0.084967 s)
>> 11 (70: 891 899 887) (0.084749 s)
>> 9 (323: 901 900 897) (0.084204 s)
>> 8 (0: 880 869 866) (0.084076 s)
>> 8 (65: 901 891 886) (0.083966 s)
>> 4 (184: 903 889 883) (0.083665 s)
>> 3 (176: 875 906 903) (0.083241 s)
>> 2 (41: 875 877 876) (0.082914 s)
>> 2 (58: 879 884 880) (0.083651 s)
>> 2 (63: 875 885 882) (0.083428 s)
>> 1 (25: 879 874 871) (0.083676 s)
>> 1 (848: 890 901 893) (0.083454 s)
>> 0 (-1: -1 -1 -1) (0.083082 s)
Zelikovsky- 1.26092 s
>>> get_solution
  refine_solution: new weight 6700806 (was 6700810) in 0.000246 s
  refine_solution: new weight 6700806 (was 6700806) in 0.000239 s
>>> get_solution
  refine_solution: new weight 6700840 (was 6700951) in 0.000266 s
  refine_solution: new weight 6700830 (was 6700840) in 0.00024 s
  refine_solution: new weight 6700828 (was 6700830) in 0.000238 s
  refine_solution: new weight 6700828 (was 6700828) in 0.000228 s
0,,907,1836,42,,0,0,,6700951,6700828,6700839,6700810,6700806,,0,0,@@

  delete_edges: deleted 1 edges in 0.000106 s and 1 rounds
  handle_small_Steiner_degrees: steiner 0, suppress 1 in 2e-06 s
Starting round 1
Found 1 isolated vertices
Invalid ratios recomputed: 906
Best ratio is 5/1 (5.0), centered at 469
Finding the best star... Star with 2 terminals centered in 900
round took: 0.05991 s
|V| = 907, |E| = 1827, |R| = 41
>> 47 (34: 868 873 868) (0.000848 s)
>> 34 (173: 883 903 883) (0.000776 s)
>> 17 (272: 867 882 867) (0.000744 s)
>> 16 (680: 891 895 891) (0.000711 s)
>> 15 (46: 877 878 877) (0.000669 s)
>> 14 (756: 887 894 887) (0.000642 s)
>> 12 (735: 879 880 879) (0.000604 s)
>> 10 (629: 886 900 886) (0.000582 s)
>> 9 (100: 881 897 881) (0.000558 s)
>> 3 (91: 896 898 896) (0.000525 s)
>> 2 (106: 901 902 901) (0.000493 s)
>> 6 (716: 872 874 872) (0.000474 s)
>> 1 (848: 890 893 890) (0.000441 s)
>> 1 (861: 884 899 884) (0.000416 s)
>> 0 (-1: -1 -1 -1) (0.000393 s)
Zelikovsky 0.096711 s
>> 47 (34: 881 873 868) (0.083539 s)
>> 20 (192: 883 881 870) (0.084181 s)
>> 14 (573: 900 905 895) (0.083798 s)
>> 11 (70: 891 899 887) (0.083672 s)
>> 9 (323: 901 900 897) (0.083277 s)
>> 8 (0: 880 869 866) (0.083303 s)
>> 8 (65: 901 891 886) (0.083162 s)
>> 4 (184: 903 889 883) (0.08302 s)
>> 3 (176: 875 906 903) (0.082582 s)
>> 2 (41: 875 877 876) (0.082279 s)
>> 2 (58: 879 884 880) (0.082917 s)
>> 2 (63: 875 885 882) (0.082776 s)
>> 1 (25: 879 874 871) (0.082999 s)
>> 1 (848: 890 901 893) (0.082635 s)
>> 0 (-1: -1 -1 -1) (0.082468 s)
Zelikovsky- 1.24847 s
>>> get_solution
  refine_solution: new weight 6700810 (was 6700811) in 0.000246 s
  refine_solution: new weight 6700806 (was 6700810) in 0.000237 s
  refine_solution: new weight 6700806 (was 6700806) in 0.00023 s
>>> get_solution
  refine_solution: new weight 6700856 (was 6700974) in 0.000238 s
  refine_solution: new weight 6700829 (was 6700856) in 0.000242 s
  refine_solution: new weight 6700824 (was 6700829) in 0.000235 s
  refine_solution: new weight 6700822 (was 6700824) in 0.000238 s
  refine_solution: new weight 6700822 (was 6700822) in 0.000238 s
1,,906,1827,41,,906,0,,6700974,6700822,6700842,6700811,6700806,,5,2,@@

  handle_small_Steiner_degrees: steiner 0, suppress 0 in 1e-06 s
Starting round 2
Found 5 isolated vertices
Invalid ratios recomputed: 803
Best ratio is 9/1 (9.0), centered at 179
Finding the best star... Star with 2 terminals centered in 883
round took: 0.068555 s
|V| = 907, |E| = 1823, |R| = 40
>> 47 (34: 868 873 868) (0.000814 s)
>> 31 (173: 883 903 883) (0.000727 s)
>> 45 (6: 867 870 867) (0.000702 s)
>> 21 (80: 882 889 882) (0.00067 s)
>> 16 (680: 891 895 891) (0.000636 s)
>> 15 (46: 877 878 877) (0.000601 s)
>> 14 (756: 887 894 887) (0.000568 s)
>> 12 (735: 879 880 879) (0.000535 s)
>> 10 (629: 886 900 886) (0.000525 s)
>> 9 (100: 881 897 881) (0.000495 s)
>> 3 (91: 896 898 896) (0.000469 s)
>> 2 (106: 901 902 901) (0.000436 s)
>> 6 (716: 872 874 872) (0.000421 s)
>> 1 (848: 890 893 890) (0.000392 s)
>> 1 (861: 884 899 884) (0.000366 s)
>> 0 (-1: -1 -1 -1) (0.000344 s)
Zelikovsky 0.095499 s
>> 47 (34: 881 873 868) (0.082652 s)
>> 20 (192: 883 881 870) (0.083142 s)
>> 14 (573: 900 905 895) (0.082926 s)
>> 11 (70: 891 899 887) (0.082869 s)
>> 9 (323: 901 900 897) (0.082355 s)
>> 8 (0: 880 869 866) (0.082367 s)
>> 8 (65: 901 891 886) (0.082347 s)
>> 4 (184: 903 889 883) (0.0823 s)
>> 2 (41: 903 877 876) (0.081844 s)
>> 2 (58: 879 884 880) (0.082478 s)
>> 2 (63: 903 885 882) (0.082348 s)
>> 1 (25: 879 874 871) (0.082498 s)
>> 1 (848: 890 901 893) (0.082085 s)
>> 0 (-1: -1 -1 -1) (0.081877 s)
Zelikovsky- 1.15584 s
>>> get_solution
  refine_solution: new weight 6700806 (was 6700811) in 0.000245 s
  refine_solution: new weight 6700806 (was 6700806) in 0.000238 s
>>> get_solution
  refine_solution: new weight 6700848 (was 6700975) in 0.000249 s
  refine_solution: new weight 6700826 (was 6700848) in 0.000244 s
  refine_solution: new weight 6700824 (was 6700826) in 0.000237 s
  refine_solution: new weight 6700824 (was 6700824) in 0.000237 s
2,,902,1823,40,,803,0,,6700975,6700824,6700842,6700811,6700806,,9,2,@@

  handle_small_Steiner_degrees: steiner 0, suppress 4 in 3e-06 s
Starting round 3
Found 11 isolated vertices
Invalid ratios recomputed: 465
Best ratio is 15/1 (15.0), centered at 806
Finding the best star... Star with 2 terminals centered in 899
round took: 0.05725 s
|V| = 907, |E| = 1810, |R| = 39
>> 47 (34: 868 873 868) (0.00077 s)
>> 31 (173: 883 903 883) (0.0007 s)
>> 45 (6: 867 870 867) (0.000677 s)
>> 21 (80: 882 889 882) (0.000638 s)
>> 16 (680: 891 895 891) (0.000601 s)
>> 15 (46: 877 878 877) (0.000581 s)
>> 14 (756: 887 894 887) (0.000549 s)
>> 12 (735: 879 880 879) (0.000516 s)
>> 10 (629: 886 900 886) (0.000494 s)
>> 9 (100: 881 897 881) (0.000476 s)
>> 3 (91: 896 898 896) (0.000429 s)
>> 2 (106: 901 902 901) (0.000406 s)
>> 6 (716: 872 874 872) (0.000394 s)
>> 0 (-1: -1 -1 -1) (0.000369 s)
Zelikovsky 0.092207 s
>> 47 (34: 881 873 868) (0.081052 s)
>> 20 (192: 883 881 870) (0.081619 s)
>> 14 (573: 900 905 895) (0.081317 s)
>> 11 (70: 891 899 887) (0.081109 s)
>> 9 (323: 901 900 897) (0.08082 s)
>> 8 (0: 880 869 866) (0.080752 s)
>> 8 (65: 901 891 886) (0.080869 s)
>> 4 (184: 903 889 883) (0.080778 s)
>> 2 (41: 903 877 876) (0.080415 s)
>> 2 (58: 879 884 880) (0.081109 s)
>> 2 (63: 903 885 882) (0.080817 s)
>> 1 (25: 879 874 871) (0.081196 s)
>> 0 (-1: -1 -1 -1) (0.080804 s)
Zelikovsky- 1.0543 s
>>> get_solution
  refine_solution: new weight 6700810 (was 6700810) in 0.000248 s
>>> get_solution
  refine_solution: new weight 6700857 (was 6700937) in 0.000242 s
  refine_solution: new weight 6700837 (was 6700857) in 0.000241 s
  refine_solution: new weight 6700833 (was 6700837) in 0.000235 s
  refine_solution: new weight 6700833 (was 6700833) in 0.000232 s
3,,896,1810,39,,465,0,,6700937,6700833,6700838,6700810,6700810,,15,2,@@

  handle_small_Steiner_degrees: steiner 0, suppress 3 in 3e-06 s
Starting round 4
Found 17 isolated vertices
Invalid ratios recomputed: 550
Best ratio is 16/1 (16.0), centered at 753
Finding the best star... Star with 2 terminals centered in 891
round took: 0.059756 s
|V| = 907, |E| = 1801, |R| = 38
>> 47 (34: 868 873 868) (0.000752 s)
>> 31 (173: 883 903 883) (0.000687 s)
>> 45 (6: 867 870 867) (0.000644 s)
>> 21 (80: 882 889 882) (0.000606 s)
>> 16 (680: 891 895 891) (0.000584 s)
>> 15 (46: 877 878 877) (0.000541 s)
>> 14 (756: 887 894 887) (0.000529 s)
>> 14 (843: 880 884 880) (0.000498 s)
>> 11 (629: 886 900 886) (0.000471 s)
>> 7 (100: 881 897 881) (0.000435 s)
>> 3 (91: 896 898 896) (0.000403 s)
>> 2 (106: 901 902 901) (0.000381 s)
>> 6 (716: 872 874 872) (0.000366 s)
>> 0 (-1: -1 -1 -1) (0.000341 s)
Zelikovsky 0.089853 s
>> 47 (34: 881 873 868) (0.079686 s)
>> 20 (192: 883 881 870) (0.080258 s)
>> 14 (573: 900 905 895) (0.079956 s)
>> 10 (70: 891 899 887) (0.0799 s)
>> 9 (323: 901 900 897) (0.079216 s)
>> 8 (0: 880 869 866) (0.079322 s)
>> 8 (65: 901 891 886) (0.079344 s)
>> 4 (184: 903 889 883) (0.079568 s)
>> 2 (41: 903 877 876) (0.079231 s)
>> 2 (58: 901 884 880) (0.079834 s)
>> 2 (63: 903 885 882) (0.08028 s)
>> 1 (25: 901 874 871) (0.080412 s)
>> 0 (-1: -1 -1 -1) (0.08061 s)
Zelikovsky- 1.03925 s
>>> get_solution
  refine_solution: new weight 6700806 (was 6700806) in 0.000246 s
>>> get_solution
  refine_solution: new weight 6700870 (was 6700960) in 0.000242 s
  refine_solution: new weight 6700848 (was 6700870) in 0.00024 s
  refine_solution: new weight 6700848 (was 6700848) in 0.000235 s
4,,890,1801,38,,550,0,,6700960,6700848,6700823,6700806,6700806,,16,2,@@

  handle_small_Steiner_degrees: steiner 0, suppress 0 in 1e-06 s
Starting round 5
Found 20 isolated vertices
Invalid ratios recomputed: 846
Best ratio is 39/2 (19.5), centered at 727
Finding the best star... Star with 3 terminals centered in 874
round took: 0.081881 s
|V| = 907, |E| = 1789, |R| = 36
>> 47 (34: 868 873 868) (0.000668 s)
>> 31 (173: 883 903 883) (0.000604 s)
>> 45 (6: 867 870 867) (0.000566 s)
>> 21 (80: 882 889 882) (0.000529 s)
>> 16 (680: 891 895 891) (0.000517 s)
>> 15 (46: 874 877 874) (0.000483 s)
>> 14 (756: 887 894 887) (0.000446 s)
>> 14 (613: 871 885 871) (0.000412 s)
>> 11 (629: 886 900 886) (0.000401 s)
>> 6 (105: 897 898 897) (0.000381 s)
>> 2 (106: 901 902 901) (0.000358 s)
>> 0 (-1: -1 -1 -1) (0.000343 s)
Zelikovsky 0.085199 s
>> 47 (34: 874 873 868) (0.077569 s)
>> 20 (192: 883 874 870) (0.078758 s)
>> 14 (573: 900 905 895) (0.078486 s)
>> 10 (70: 891 899 887) (0.078386 s)
>> 9 (323: 901 900 897) (0.078118 s)
>> 8 (0: 883 869 866) (0.07815 s)
>> 8 (65: 901 891 886) (0.07848 s)
>> 4 (184: 903 889 883) (0.079061 s)
>> 2 (41: 903 877 876) (0.07844 s)
>> 2 (58: 901 903 884) (0.079165 s)
>> 2 (63: 901 885 882) (0.081401 s)
>> 0 (-1: -1 -1 -1) (0.081431 s)
Zelikovsky- 0.948981 s
>>> get_solution
  refine_solution: new weight 6700807 (was 6700807) in 0.00025 s
>>> get_solution
  refine_solution: new weight 6700857 (was 6700986) in 0.000239 s
  refine_solution: new weight 6700836 (was 6700857) in 0.000247 s
  refine_solution: new weight 6700831 (was 6700836) in 0.000243 s
  refine_solution: new weight 6700831 (was 6700831) in 0.00024 s
5,,887,1789,36,,846,0,,6700986,6700831,6700832,6700807,6700807,,39,3,@@

  handle_small_Steiner_degrees: steiner 0, suppress 0 in 1e-06 s
Starting round 6
Found 28 isolated vertices
Invalid ratios recomputed: 863
Best ratio is 24/1 (24.0), centered at 60
Finding the best star... Star with 2 terminals centered in 882
round took: 0.089252 s
|V| = 907, |E| = 1766, |R| = 35
>> 44 (34: 868 873 868) (0.000627 s)
>> 31 (173: 883 903 883) (0.000581 s)
>> 42 (6: 867 870 867) (0.000545 s)
>> 20 (80: 882 889 882) (0.000515 s)
>> 16 (680: 891 895 891) (0.000481 s)
>> 14 (756: 887 894 887) (0.000453 s)
>> 11 (629: 886 900 886) (0.000425 s)
>> 6 (100: 885 897 885) (0.000399 s)
>> 3 (91: 896 898 896) (0.000368 s)
>> 2 (106: 901 902 901) (0.000343 s)
>> 0 (-1: -1 -1 -1) (0.000327 s)
Zelikovsky 0.082731 s
>> 44 (34: 882 873 868) (0.075686 s)
>> 20 (192: 883 882 870) (0.077393 s)
>> 14 (573: 900 905 895) (0.077124 s)
>> 10 (70: 891 899 887) (0.077241 s)
>> 9 (323: 901 900 897) (0.077101 s)
>> 8 (0: 883 869 866) (0.07702 s)
>> 8 (65: 901 891 886) (0.077461 s)
>> 4 (184: 903 889 883) (0.077208 s)
>> 2 (41: 903 877 876) (0.076778 s)
>> 2 (58: 901 903 884) (0.077371 s)
>> 0 (-1: -1 -1 -1) (0.079494 s)
Zelikovsky- 0.851293 s
>>> get_solution
  refine_solution: new weight 6700808 (was 6700809) in 0.000253 s
  refine_solution: new weight 6700805 (was 6700808) in 0.000247 s
  refine_solution: new weight 6700805 (was 6700805) in 0.000236 s
>>> get_solution
  refine_solution: new weight 6700864 (was 6700952) in 0.000244 s
  refine_solution: new weight 6700838 (was 6700864) in 0.00025 s
  refine_solution: new weight 6700836 (was 6700838) in 0.000243 s
  refine_solution: new weight 6700835 (was 6700836) in 0.000237 s
  refine_solution: new weight 6700834 (was 6700835) in 0.000234 s
  refine_solution: new weight 6700834 (was 6700834) in 0.000233 s
6,,879,1766,35,,863,0,,6700952,6700834,6700821,6700809,6700805,,24,2,@@

  handle_small_Steiner_degrees: steiner 0, suppress 1 in 3e-06 s
Starting round 7
Found 42 isolated vertices
Invalid ratios recomputed: 858
Best ratio is 24/1 (24.0), centered at 106
Finding the best star... Star with 2 terminals centered in 901
round took: 0.085938 s
|V| = 907, |E| = 1751, |R| = 34
>> 44 (34: 868 873 868) (0.000608 s)
>> 31 (173: 883 903 883) (0.000548 s)
>> 42 (6: 867 870 867) (0.00051 s)
>> 17 (80: 882 889 882) (0.000493 s)
>> 16 (680: 891 895 891) (0.000449 s)
>> 14 (756: 887 894 887) (0.00042 s)
>> 9 (629: 886 901 886) (0.000398 s)
>> 0 (-1: -1 -1 -1) (0.000369 s)
Zelikovsky 0.079431 s
>> 44 (34: 882 873 868) (0.074049 s)
>> 20 (192: 883 882 870) (0.07587 s)
>> 15 (573: 901 905 895) (0.075608 s)
>> 12 (65: 901 891 886) (0.075414 s)
>> 10 (70: 901 899 887) (0.074892 s)
>> 8 (0: 883 869 866) (0.074824 s)
>> 4 (184: 903 889 883) (0.075326 s)
>> 2 (41: 903 877 876) (0.074777 s)
>> 2 (58: 901 903 884) (0.075292 s)
>> 2 (96: 901 897 896) (0.077253 s)
>> 0 (-1: -1 -1 -1) (0.077509 s)
Zelikovsky- 0.832223 s
>>> get_solution
  refine_solution: new weight 6700807 (was 6700810) in 0.000258 s
  refine_solution: new weight 6700807 (was 6700807) in 0.000249 s
>>> get_solution
  refine_solution: new weight 6700839 (was 6700949) in 0.000248 s
  refine_solution: new weight 6700823 (was 6700839) in 0.000249 s
  refine_solution: new weight 6700822 (was 6700823) in 0.000244 s
  refine_solution: new weight 6700822 (was 6700822) in 0.000238 s
7,,865,1751,34,,858,0,,6700949,6700822,6700825,6700810,6700807,,24,2,@@

  handle_small_Steiner_degrees: steiner 0, suppress 0 in 1e-06 s
Starting round 8
Found 52 isolated vertices
Invalid ratios recomputed: 848
Best ratio is 27/1 (27.0), centered at 58
Finding the best star... Star with 2 terminals centered in 882
round took: 0.086712 s
|V| = 907, |E| = 1739, |R| = 33
>> 44 (34: 868 873 868) (0.000554 s)
>> 31 (173: 883 903 883) (0.000503 s)
>> 42 (6: 867 870 867) (0.000469 s)
>> 17 (80: 882 889 882) (0.000446 s)
>> 19 (640: 888 895 888) (0.000424 s)
>> 14 (756: 887 894 887) (0.000396 s)
>> 10 (629: 886 901 886) (0.000382 s)
>> 4 (756: 866 869 866) (0.000347 s)
>> 0 (-1: -1 -1 -1) (0.000241 s)
Zelikovsky 0.077377 s
>> 44 (34: 882 873 868) (0.072726 s)
>> 20 (192: 883 882 870) (0.074779 s)
>> 15 (573: 901 905 895) (0.074639 s)
>> 12 (65: 901 886 883) (0.074299 s)
>> 10 (70: 901 899 887) (0.074663 s)
>> 4 (184: 903 901 889) (0.074941 s)
>> 2 (1: 903 869 866) (0.074841 s)
>> 2 (41: 903 877 876) (0.075118 s)
>> 2 (96: 903 897 896) (0.075498 s)
>> 0 (-1: -1 -1 -1) (0.075988 s)
Zelikovsky- 0.748819 s
>>> get_solution
  refine_solution: new weight 6700803 (was 6700804) in 0.000261 s
  refine_solution: new weight 6700803 (was 6700803) in 0.000252 s
>>> get_solution
  refine_solution: new weight 6700857 (was 6700933) in 0.000248 s
  refine_solution: new weight 6700826 (was 6700857) in 0.000247 s
  refine_solution: new weight 6700825 (was 6700826) in 0.000244 s
  refine_solution: new weight 6700825 (was 6700825) in 0.00024 s
8,,855,1739,33,,848,0,,6700933,6700825,6700826,6700804,6700803,,27,2,@@

  handle_small_Steiner_degrees: steiner 0, suppress 0 in 1e-06 s
Starting round 9
Found 63 isolated vertices
Invalid ratios recomputed: 842
Best ratio is 27/1 (27.0), centered at 893
Finding the best star... Star with 2 terminals centered in 899
round took: 0.082082 s
|V| = 907, |E| = 1738, |R| = 32
>> 44 (34: 868 873 868) (0.000528 s)
>> 31 (173: 883 903 883) (0.000478 s)
>> 42 (6: 867 870 867) (0.000438 s)
>> 17 (80: 882 889 882) (0.000422 s)
>> 19 (640: 888 895 888) (0.000397 s)
>> 14 (756: 887 894 887) (0.000373 s)
>> 10 (629: 886 901 886) (0.000352 s)
>> 4 (756: 866 869 866) (0.000327 s)
>> 0 (-1: -1 -1 -1) (0.000228 s)
Zelikovsky 0.076332 s
>> 44 (34: 882 873 868) (0.071975 s)
>> 20 (192: 883 882 870) (0.074259 s)
>> 15 (573: 901 905 895) (0.07398 s)
>> 12 (65: 901 886 883) (0.073763 s)
>> 10 (70: 901 899 887) (0.074422 s)
>> 4 (184: 903 901 889) (0.074267 s)
>> 2 (1: 903 869 866) (0.074513 s)
>> 2 (41: 903 877 876) (0.074843 s)
>> 2 (96: 903 897 896) (0.075262 s)
>> 0 (-1: -1 -1 -1) (0.075461 s)
Zelikovsky- 0.744051 s
>>> get_solution
  refine_solution: new weight 6700802 (was 6700802) in 0.000258 s
>>> get_solution
  refine_solution: new weight 6700835 (was 6700943) in 0.000247 s
  refine_solution: new weight 6700819 (was 6700835) in 0.000253 s
  refine_solution: new weight 6700818 (was 6700819) in 0.000254 s
  refine_solution: new weight 6700818 (was 6700818) in 0.000244 s
9,,844,1738,32,,842,0,,6700943,6700818,6700827,6700802,6700802,,27,2,@@

  handle_small_Steiner_degrees: steiner 0, suppress 0 in 1e-06 s
Starting round 10
Found 64 isolated vertices
Invalid ratios recomputed: 843
Best ratio is 29/1 (29.0), centered at 837
Finding the best star... Star with 2 terminals centered in 865
round took: 0.084844 s
|V| = 907, |E| = 1732, |R| = 31
>> 44 (34: 868 873 868) (0.000508 s)
>> 31 (173: 883 903 883) (0.000463 s)
>> 42 (6: 867 870 867) (0.000434 s)
>> 17 (80: 889 904 889) (0.000394 s)
>> 15 (573: 895 901 895) (0.000372 s)
>> 18 (315: 897 898 897) (0.000345 s)
>> 12 (65: 886 905 886) (0.000318 s)
>> 10 (70: 887 899 887) (0.000295 s)
>> 2 (1: 866 869 866) (0.000279 s)
>> 0 (-1: -1 -1 -1) (0.000213 s)
Zelikovsky 0.076924 s
>> 44 (34: 865 873 868) (0.071361 s)
>> 20 (192: 883 865 870) (0.073258 s)
>> 15 (573: 901 905 895) (0.073031 s)
>> 12 (65: 901 886 883) (0.072989 s)
>> 10 (70: 901 899 887) (0.073255 s)
>> 4 (184: 903 901 889) (0.073391 s)
>> 2 (1: 903 869 866) (0.073655 s)
>> 2 (41: 903 877 876) (0.073879 s)
>> 2 (96: 903 897 896) (0.07457 s)
>> 0 (-1: -1 -1 -1) (0.074728 s)
Zelikovsky- 0.735428 s
>>> get_solution
  refine_solution: new weight 6700803 (was 6700804) in 0.000262 s
  refine_solution: new weight 6700802 (was 6700803) in 0.000251 s
  refine_solution: new weight 6700802 (was 6700802) in 0.000241 s
>>> get_solution
  refine_solution: new weight 6700850 (was 6700913) in 0.000248 s
  refine_solution: new weight 6700831 (was 6700850) in 0.000247 s
  refine_solution: new weight 6700828 (was 6700831) in 0.000245 s
  refine_solution: new weight 6700826 (was 6700828) in 0.000242 s
  refine_solution: new weight 6700824 (was 6700826) in 0.000248 s
  refine_solution: new weight 6700824 (was 6700824) in 0.00024 s
10,,843,1732,31,,843,0,,6700913,6700824,6700829,6700804,6700802,,29,2,@@

  handle_small_Steiner_degrees: steiner 0, suppress 0 in 1e-06 s
Starting round 11
Found 69 isolated vertices
Invalid ratios recomputed: 838
Best ratio is 30/1 (30.0), centered at 70
Finding the best star... Star with 2 terminals centered in 899
round took: 0.085856 s
|V| = 907, |E| = 1713, |R| = 30
>> 44 (34: 868 873 868) (0.00046 s)
>> 31 (173: 883 903 883) (0.000425 s)
>> 42 (6: 867 870 867) (0.000375 s)
>> 17 (80: 889 899 889) (0.000355 s)
>> 19 (640: 888 895 888) (0.000336 s)
>> 10 (629: 886 901 886) (0.000308 s)
>> 0 (-1: -1 -1 -1) (0.000295 s)
Zelikovsky 0.073132 s
>> 44 (34: 899 873 868) (0.069417 s)
>> 20 (192: 883 899 870) (0.070882 s)
>> 15 (573: 901 905 895) (0.070705 s)
>> 12 (65: 901 886 883) (0.070675 s)
>> 4 (184: 903 901 889) (0.071197 s)
>> 2 (1: 903 869 866) (0.071601 s)
>> 2 (41: 903 877 876) (0.071493 s)
>> 2 (96: 903 897 896) (0.071999 s)
>> 0 (-1: -1 -1 -1) (0.072357 s)
Zelikovsky- 0.64151 s
>>> get_solution
  refine_solution: new weight 6700800 (was 6700801) in 0.000263 s
  refine_solution: new weight 6700799 (was 6700800) in 0.000251 s
  refine_solution: new weight 6700799 (was 6700799) in 0.000242 s
>>> get_solution
  refine_solution: new weight 6700816 (was 6700941) in 0.000244 s
  refine_solution: new weight 6700802 (was 6700816) in 0.000245 s
  refine_solution: new weight 6700801 (was 6700802) in 0.000244 s
  refine_solution: new weight 6700801 (was 6700801) in 0.000239 s
11,,838,1713,30,,838,0,,6700941,6700801,6700823,6700801,6700799,,30,2,@@

  handle_small_Steiner_degrees: steiner 1, suppress 4 in 6e-06 s
Starting round 12
Found 85 isolated vertices
Invalid ratios recomputed: 822
Best ratio is 32/1 (32.0), centered at 61
Finding the best star... Star with 2 terminals centered in 901
round took: 0.082855 s
|V| = 907, |E| = 1687, |R| = 29
>> 44 (34: 868 873 868) (0.000442 s)
>> 31 (173: 883 903 883) (0.000391 s)
>> 42 (6: 867 870 867) (0.00035 s)
>> 17 (80: 889 901 889) (0.000343 s)
>> 0 (-1: -1 -1 -1) (0.000312 s)
Zelikovsky 0.070472 s
>> 44 (34: 901 873 868) (0.067873 s)
>> 20 (192: 883 901 870) (0.069386 s)
>> 15 (573: 883 905 895) (0.069247 s)
>> 5 (75: 883 888 886) (0.06885 s)
>> 4 (184: 903 889 883) (0.068666 s)
>> 2 (1: 903 869 866) (0.068779 s)
>> 2 (41: 903 877 876) (0.069014 s)
>> 2 (96: 903 897 896) (0.069535 s)
>> 0 (-1: -1 -1 -1) (0.069718 s)
Zelikovsky- 0.62224 s
>>> get_solution
  refine_solution: new weight 6700800 (was 6700809) in 0.000261 s
  refine_solution: new weight 6700799 (was 6700800) in 0.000252 s
  refine_solution: new weight 6700798 (was 6700799) in 0.000242 s
  refine_solution: new weight 6700798 (was 6700798) in 0.00025 s
>>> get_solution
  refine_solution: new weight 6700823 (was 6700922) in 0.000247 s
  refine_solution: new weight 6700802 (was 6700823) in 0.000241 s
  refine_solution: new weight 6700800 (was 6700802) in 0.000244 s
  refine_solution: new weight 6700800 (was 6700800) in 0.000241 s
12,,822,1687,29,,822,0,,6700922,6700800,6700847,6700809,6700798,,32,2,@@

  handle_small_Steiner_degrees: steiner 0, suppress 1 in 3e-06 s
Starting round 13
Found 96 isolated vertices
Invalid ratios recomputed: 811
Best ratio is 66/1 (66.0), centered at 95
Finding the best star... Star with 2 terminals centered in 903
round took: 0.086709 s
|V| = 907, |E| = 1663, |R| = 28
>> 44 (34: 868 873 868) (0.000392 s)
>> 31 (173: 883 903 883) (0.000358 s)
>> 0 (-1: -1 -1 -1) (0.000331 s)
Zelikovsky 0.067043 s
>> 44 (34: 903 873 868) (0.06548 s)
>> 20 (192: 883 903 870) (0.066965 s)
>> 15 (573: 883 905 895) (0.066517 s)
>> 5 (75: 883 888 886) (0.066548 s)
>> 2 (1: 883 869 866) (0.066439 s)
>> 2 (41: 883 877 876) (0.066689 s)
>> 1 (99: 883 898 897) (0.067124 s)
>> 0 (-1: -1 -1 -1) (0.067225 s)
Zelikovsky- 0.534053 s
>>> get_solution
  refine_solution: new weight 6700802 (was 6700810) in 0.000263 s
  refine_solution: new weight 6700799 (was 6700802) in 0.000253 s
  refine_solution: new weight 6700798 (was 6700799) in 0.000243 s
  refine_solution: new weight 6700798 (was 6700798) in 0.000239 s
>>> get_solution
  refine_solution: new weight 6700828 (was 6700873) in 0.000253 s
  refine_solution: new weight 6700811 (was 6700828) in 0.000249 s
  refine_solution: new weight 6700809 (was 6700811) in 0.000244 s
  refine_solution: new weight 6700809 (was 6700809) in 0.000249 s
13,,811,1663,28,,811,0,,6700873,6700809,6700843,6700810,6700798,,66,2,@@

  handle_small_Steiner_degrees: steiner 0, suppress 0 in 1e-06 s
Starting round 14
Found 111 isolated vertices
Invalid ratios recomputed: 796
Best ratio is 79/1 (79.0), centered at 113
Finding the best star... Star with 2 terminals centered in 903
round took: 0.07521 s
|V| = 907, |E| = 1655, |R| = 27
>> 25 (33: 867 873 867) (0.000364 s)
>> 15 (573: 895 903 895) (0.00033 s)
>> 0 (-1: -1 -1 -1) (0.000308 s)
Zelikovsky 0.065789 s
>> 25 (33: 903 873 867) (0.06417 s)
>> 15 (573: 903 905 895) (0.065621 s)
>> 5 (75: 903 888 886) (0.065434 s)
>> 2 (1: 903 869 866) (0.06499 s)
>> 2 (48: 903 877 876) (0.065472 s)
>> 1 (99: 903 898 897) (0.065447 s)
>> 0 (-1: -1 -1 -1) (0.065307 s)
Zelikovsky- 0.457398 s
>>> get_solution
  refine_solution: new weight 6700800 (was 6700809) in 0.000576 s
  refine_solution: new weight 6700800 (was 6700800) in 0.000563 s
>>> get_solution
  refine_solution: new weight 6700820 (was 6700866) in 0.000553 s
  refine_solution: new weight 6700809 (was 6700820) in 0.000535 s
  refine_solution: new weight 6700804 (was 6700809) in 0.000532 s
  refine_solution: new weight 6700804 (was 6700804) in 0.000523 s
14,,796,1655,27,,796,0,,6700866,6700804,6700825,6700809,6700800,,79,2,@@

  handle_small_Steiner_degrees: steiner 0, suppress 0 in 3e-06 s
Starting round 15
Found 118 isolated vertices
Invalid ratios recomputed: 789
Best ratio is 239/1 (239.0), centered at 903
Finding the best star... Star with 2 terminals centered in 906
round took: 0.074452 s
|V| = 907, |E| = 1654, |R| = 26
>> 25 (33: 867 873 867) (0.000348 s)
>> 15 (573: 895 905 895) (0.000313 s)
>> 6 (75: 886 888 886) (0.000288 s)
>> 2 (1: 866 869 866) (0.000269 s)
>> 0 (-1: -1 -1 -1) (0.000177 s)
Zelikovsky 0.065746 s
>> 25 (33: 906 873 867) (0.063934 s)
>> 15 (573: 906 905 895) (0.065241 s)
>> 5 (75: 906 888 886) (0.065199 s)
>> 2 (1: 906 869 866) (0.065028 s)
>> 2 (48: 906 877 876) (0.06526 s)
>> 1 (99: 906 898 897) (0.065223 s)
>> 0 (-1: -1 -1 -1) (0.065165 s)
Zelikovsky- 0.456015 s
>>> get_solution
  refine_solution: new weight 6700800 (was 6700809) in 0.000252 s
  refine_solution: new weight 6700800 (was 6700800) in 0.000245 s
>>> get_solution
  refine_solution: new weight 6700824 (was 6700863) in 0.000245 s
  refine_solution: new weight 6700807 (was 6700824) in 0.000236 s
  refine_solution: new weight 6700804 (was 6700807) in 0.000235 s
  refine_solution: new weight 6700804 (was 6700804) in 0.000234 s
15,,789,1654,26,,789,0,,6700863,6700804,6700814,6700809,6700800,,239,2,@@

  handle_small_Steiner_degrees: steiner 0, suppress 0 in 1e-06 s
Starting round 16
Found 119 isolated vertices
Invalid ratios recomputed: 788
Best ratio is 600000/6 (100000.0), centered at 884
Finding the best star... Star with 7 terminals centered in 904
round took: 0.072902 s
|V| = 907, |E| = 1639, |R| = 20
>> 25 (33: 867 873 867) (0.000256 s)
>> 15 (573: 895 904 895) (0.000229 s)
>> 0 (-1: -1 -1 -1) (0.000232 s)
Zelikovsky 0.063346 s
>> 25 (33: 904 873 867) (0.062243 s)
>> 15 (573: 904 905 895) (0.063638 s)
>> 5 (75: 904 888 886) (0.063717 s)
>> 2 (1: 904 869 866) (0.063617 s)
>> 2 (48: 904 877 876) (0.064003 s)
>> 1 (99: 904 898 897) (0.064056 s)
>> 0 (-1: -1 -1 -1) (0.063911 s)
Zelikovsky- 0.446144 s
>>> get_solution
  refine_solution: new weight 6700800 (was 6700809) in 0.000252 s
  refine_solution: new weight 6700800 (was 6700800) in 0.000243 s
>>> get_solution
  refine_solution: new weight 6700824 (was 6700864) in 0.00025 s
  refine_solution: new weight 6700808 (was 6700824) in 0.000242 s
  refine_solution: new weight 6700804 (was 6700808) in 0.000237 s
  refine_solution: new weight 6700804 (was 6700804) in 0.000235 s
16,,788,1639,20,,788,0,,6700864,6700804,6700825,6700809,6700800,,600000,7,@@

  handle_small_Steiner_degrees: steiner 0, suppress 0 in 2e-06 s
Starting round 17
Found 125 isolated vertices
Invalid ratios recomputed: 782
Best ratio is 300003/3 (100001.0), centered at 82
Finding the best star... Star with 4 terminals centered in 898
round took: 0.079652 s
|V| = 907, |E| = 1621, |R| = 17
>> 25 (33: 867 873 867) (0.000209 s)
>> 15 (573: 895 898 895) (0.000187 s)
>> 0 (-1: -1 -1 -1) (0.00019 s)
Zelikovsky 0.060651 s
>> 25 (33: 898 873 867) (0.061292 s)
>> 15 (573: 898 905 895) (0.06261 s)
>> 5 (75: 898 888 886) (0.062692 s)
>> 2 (1: 898 869 866) (0.062662 s)
>> 2 (48: 898 877 876) (0.06314 s)
>> 0 (-1: -1 -1 -1) (0.063227 s)
Zelikovsky- 0.376468 s
>>> get_solution
  refine_solution: new weight 6700804 (was 6700809) in 0.000254 s
  refine_solution: new weight 6700799 (was 6700804) in 0.000251 s
  refine_solution: new weight 6700799 (was 6700799) in 0.000234 s
>>> get_solution
  refine_solution: new weight 6700824 (was 6700838) in 0.000246 s
  refine_solution: new weight 6700806 (was 6700824) in 0.000236 s
  refine_solution: new weight 6700804 (was 6700806) in 0.000233 s
  refine_solution: new weight 6700804 (was 6700804) in 0.00023 s
17,,782,1621,17,,782,0,,6700838,6700804,6700823,6700809,6700799,,300003,4,@@

  handle_small_Steiner_degrees: steiner 0, suppress 4 in 5e-06 s
Starting round 18
Found 135 isolated vertices
Invalid ratios recomputed: 772
Best ratio is 300005/3 (100001.7), centered at 48
Finding the best star... Star with 4 terminals centered in 878
round took: 0.086084 s
|V| = 907, |E| = 1598, |R| = 14
>> 25 (33: 867 873 867) (0.000169 s)
>> 15 (573: 878 895 878) (0.000151 s)
>> 0 (-1: -1 -1 -1) (0.000154 s)
Zelikovsky 0.058506 s
>> 25 (33: 878 873 867) (0.059362 s)
>> 15 (573: 878 905 895) (0.060719 s)
>> 5 (75: 878 888 886) (0.060854 s)
>> 2 (1: 878 869 866) (0.060997 s)
>> 0 (-1: -1 -1 -1) (0.061186 s)
Zelikovsky- 0.303856 s
>>> get_solution
  refine_solution: new weight 6700804 (was 6700809) in 0.000254 s
  refine_solution: new weight 6700799 (was 6700804) in 0.000242 s
  refine_solution: new weight 6700799 (was 6700799) in 0.000233 s
>>> get_solution
  refine_solution: new weight 6700821 (was 6700861) in 0.000245 s
  refine_solution: new weight 6700806 (was 6700821) in 0.000235 s
  refine_solution: new weight 6700800 (was 6700806) in 0.000238 s
  refine_solution: new weight 6700800 (was 6700800) in 0.000234 s
18,,772,1598,14,,772,0,,6700861,6700800,6700820,6700809,6700799,,300005,4,@@

  handle_small_Steiner_degrees: steiner 1, suppress 1 in 3e-06 s
Starting round 19
Found 145 isolated vertices
Invalid ratios recomputed: 762
Best ratio is 100003/1 (100003.0), centered at 25
Finding the best star... Star with 2 terminals centered in 871
round took: 0.079811 s
|V| = 907, |E| = 1591, |R| = 13
>> 25 (33: 867 871 867) (0.000163 s)
>> 0 (-1: -1 -1 -1) (0.000156 s)
Zelikovsky 0.057262 s
>> 25 (33: 871 873 867) (0.058483 s)
>> 15 (573: 871 905 895) (0.060132 s)
>> 5 (75: 871 888 886) (0.060327 s)
>> 2 (1: 871 869 866) (0.060367 s)
>> 0 (-1: -1 -1 -1) (0.060609 s)
Zelikovsky- 0.300651 s
>>> get_solution
  refine_solution: new weight 6700804 (was 6700809) in 0.000253 s
  refine_solution: new weight 6700799 (was 6700804) in 0.000243 s
  refine_solution: new weight 6700799 (was 6700799) in 0.000233 s
>>> get_solution
  refine_solution: new weight 6700820 (was 6700859) in 0.000237 s
  refine_solution: new weight 6700801 (was 6700820) in 0.000235 s
  refine_solution: new weight 6700800 (was 6700801) in 0.000238 s
  refine_solution: new weight 6700800 (was 6700800) in 0.000229 s
19,,762,1591,13,,762,0,,6700859,6700800,6700834,6700809,6700799,,100003,2,@@

  handle_small_Steiner_degrees: steiner 0, suppress 0 in 1e-06 s
Starting round 20
Found 147 isolated vertices
Invalid ratios recomputed: 760
Best ratio is 200008/2 (100004.0), centered at 29
Finding the best star... Star with 3 terminals centered in 889
round took: 0.080047 s
|V| = 907, |E| = 1581, |R| = 11
>> 25 (33: 867 873 867) (0.000147 s)
>> 15 (573: 889 895 889) (0.000129 s)
>> 0 (-1: -1 -1 -1) (0.000123 s)
Zelikovsky 0.056583 s
>> 25 (33: 889 873 867) (0.057804 s)
>> 15 (573: 889 905 895) (0.058948 s)
>> 5 (75: 889 888 886) (0.059159 s)
>> 2 (1: 889 869 866) (0.059409 s)
>> 0 (-1: -1 -1 -1) (0.059567 s)
Zelikovsky- 0.295618 s
>>> get_solution
  refine_solution: new weight 6700804 (was 6700809) in 0.000252 s
  refine_solution: new weight 6700799 (was 6700804) in 0.000242 s
  refine_solution: new weight 6700799 (was 6700799) in 0.000235 s
>>> get_solution
  refine_solution: new weight 6700820 (was 6700834) in 0.00024 s
  refine_solution: new weight 6700801 (was 6700820) in 0.000234 s
  refine_solution: new weight 6700800 (was 6700801) in 0.000233 s
  refine_solution: new weight 6700800 (was 6700800) in 0.000228 s
20,,760,1581,11,,760,0,,6700834,6700800,6700819,6700809,6700799,,200008,3,@@

  handle_small_Steiner_degrees: steiner 0, suppress 0 in 1e-06 s
Starting round 21
Found 154 isolated vertices
Invalid ratios recomputed: 753
Best ratio is 200009/2 (100004.5), centered at 1
Finding the best star... Star with 3 terminals centered in 869
round took: 0.074038 s
|V| = 907, |E| = 1569, |R| = 9
>> 25 (33: 867 869 867) (0.00013 s)
>> 0 (-1: -1 -1 -1) (0.000108 s)
Zelikovsky 0.054882 s
>> 25 (33: 869 873 867) (0.056725 s)
>> 15 (573: 869 905 895) (0.057847 s)
>> 5 (75: 869 888 886) (0.058052 s)
>> 0 (-1: -1 -1 -1) (0.058283 s)
Zelikovsky- 0.231545 s
>>> get_solution
  refine_solution: new weight 6700804 (was 6700809) in 0.000252 s
  refine_solution: new weight 6700799 (was 6700804) in 0.000245 s
  refine_solution: new weight 6700799 (was 6700799) in 0.000232 s
>>> get_solution
  refine_solution: new weight 6700817 (was 6700857) in 0.000239 s
  refine_solution: new weight 6700801 (was 6700817) in 0.000237 s
  refine_solution: new weight 6700797 (was 6700801) in 0.000234 s
  refine_solution: new weight 6700795 (was 6700797) in 0.000227 s
  refine_solution: new weight 6700795 (was 6700795) in 0.000227 s
21,,753,1569,9,,753,0,,6700857,6700795,6700833,6700809,6700799,,200009,3,@@

  handle_small_Steiner_degrees: steiner 0, suppress 5 in 1.1e-05 s
Starting round 22
Found 166 isolated vertices
Invalid ratios recomputed: 741
Best ratio is 200012/2 (100006.0), centered at 23
Finding the best star... Star with 3 terminals centered in 870
round took: 0.071169 s
|V| = 907, |E| = 1548, |R| = 7
>> 25 (33: 867 870 867) (0.00012 s)
>> 0 (-1: -1 -1 -1) (0.000103 s)
Zelikovsky 0.053733 s
>> 25 (33: 870 873 867) (0.055081 s)
>> 11 (85: 870 905 895) (0.056182 s)
>> 0 (-1: -1 -1 -1) (0.056811 s)
Zelikovsky- 0.16861 s
>>> get_solution
  refine_solution: new weight 6700798 (was 6700811) in 0.000253 s
  refine_solution: new weight 6700798 (was 6700798) in 0.000246 s
>>> get_solution
  refine_solution: new weight 6700804 (was 6700819) in 0.00024 s
  refine_solution: new weight 6700798 (was 6700804) in 0.000236 s
  refine_solution: new weight 6700798 (was 6700798) in 0.000232 s
22,,741,1548,7,,741,0,,6700819,6700798,6700820,6700811,6700798,,200012,3,@@

  handle_small_Steiner_degrees: steiner 0, suppress 5 in 6e-06 s
Starting round 23
Found 177 isolated vertices
Invalid ratios recomputed: 730
Best ratio is 200013/2 (100006.5), centered at 65
Finding the best star... Star with 3 terminals centered in 895
round took: 0.06706 s
|V| = 907, |E| = 1524, |R| = 5
>> 25 (33: 867 873 867) (0.000107 s)
>> 0 (-1: -1 -1 -1) (9.2e-05 s)
Zelikovsky 0.051411 s
>> 25 (33: 895 873 867) (0.053032 s)
>> 0 (-1: -1 -1 -1) (0.054484 s)
Zelikovsky- 0.10797 s
>>> get_solution
  refine_solution: new weight 6700798 (was 6700808) in 0.000262 s
  refine_solution: new weight 6700798 (was 6700798) in 0.000242 s
>>> get_solution
  refine_solution: new weight 6700802 (was 6700833) in 0.00024 s
  refine_solution: new weight 6700798 (was 6700802) in 0.000254 s
  refine_solution: new weight 6700798 (was 6700798) in 0.000233 s
23,,730,1524,5,,730,0,,6700833,6700798,6700808,6700808,6700798,,200013,3,@@

  handle_small_Steiner_degrees: steiner 0, suppress 0 in 1e-06 s
Starting round 24
Found 186 isolated vertices
Invalid ratios recomputed: 721
Best ratio is 300026/3 (100008.7), centered at 14
Finding the best star... Star with 4 terminals centered in 873
round took: 0.068999 s
|V| = 907, |E| = 1511, |R| = 2
Zelikovsky 0.05147 s
Zelikovsky- 0.00034 s
>>> get_solution
  refine_solution: new weight 6700798 (was 6700808) in 0.000255 s
  refine_solution: new weight 6700798 (was 6700798) in 0.000242 s
>>> get_solution
  refine_solution: new weight 6700798 (was 6700808) in 0.000236 s
  refine_solution: new weight 6700798 (was 6700798) in 0.000233 s
24,,721,1511,2,,721,0,,6700808,6700798,6700808,6700808,6700798,,300026,4,@@

  handle_small_Steiner_degrees: steiner 0, suppress 0 in 1e-06 s
Starting round 25
Found 196 isolated vertices
Invalid ratios recomputed: 711
Best ratio is 100022/1 (100022.0), centered at 87
Finding the best star... Star with 2 terminals centered in 905
round took: 0.058274 s
|V| = 907, |E| = 1499, |R| = 1
Zelikovsky 0.050229 s
Zelikovsky- 0.000341 s
>>> get_solution
  refine_solution: new weight 6700798 (was 6700808) in 0.000254 s
  refine_solution: new weight 6700798 (was 6700798) in 0.000241 s
>>> get_solution
  refine_solution: new weight 6700798 (was 6700808) in 0.000235 s
  refine_solution: new weight 6700798 (was 6700798) in 0.000232 s
25,,711,1499,1,,711,0,,6700808,6700798,6700808,6700808,6700798,,100022,2,@@

  handle_small_Steiner_degrees: steiner 0, suppress 1 in 3e-06 s
contract_till_the_bitter_end: 19.3723 s

Calling end_heu
>>> get_solution
Saved weight 4200046
end_heu: 0 loops with 0 unique solutions in 4.7e-05 s

Calling print_solution
>>> get_solution
  refine_solution: new weight 6700803 (was 6700808) in 0.000293 s
Oops orig weight was 6700808 but we got 6700803
## FINAL WEIGHT 6700803
print_solution: 0.000633 s
