Version: final-94-gfffc3aa rub_all.sh: remove longest prefix
Random seed: 1566439052
Start
>>> save_orig_graph
>> Saved weight 0
Graph loaded
|V| = 158213, |E| = 240022, |R| = 3914
First clearance of the input. Calling buy_zero and run_all_heuristics.
  buy_zero: 7248 zero edges in 0.010572 s
  handle_small_terminal_degrees: terms 0 in 0.000119 s
  handle_small_Steiner_degrees: steiner 11, suppress 54822 in 0.026316 s
  shortest_edge_between_terminals: 0 edges in 0.001036 s
  handle_small_terminal_degrees: terms 0 in 0.00012 s
  handle_small_Steiner_degrees: steiner 2, suppress 610 in 0.000736 s
  shortest_edge_between_terminals: 0 edges in 0.000534 s
  handle_small_terminal_degrees: terms 0 in 0.000118 s
  handle_small_Steiner_degrees: steiner 0, suppress 69 in 0.000256 s
  shortest_edge_between_terminals: 0 edges in 0.000279 s
  handle_small_terminal_degrees: terms 0 in 0.000118 s
  handle_small_Steiner_degrees: steiner 0, suppress 23 in 0.000227 s
  shortest_edge_between_terminals: 0 edges in 0.000255 s
  handle_small_terminal_degrees: terms 0 in 0.000119 s
  handle_small_Steiner_degrees: steiner 0, suppress 14 in 0.000221 s
  shortest_edge_between_terminals: 0 edges in 0.000246 s
  handle_small_terminal_degrees: terms 0 in 0.000118 s
  handle_small_Steiner_degrees: steiner 0, suppress 9 in 0.000219 s
  shortest_edge_between_terminals: 0 edges in 0.000258 s
  handle_small_terminal_degrees: terms 0 in 0.000119 s
  handle_small_Steiner_degrees: steiner 0, suppress 6 in 0.000218 s
  shortest_edge_between_terminals: 0 edges in 0.000248 s
  handle_small_terminal_degrees: terms 0 in 0.000118 s
  handle_small_Steiner_degrees: steiner 0, suppress 3 in 0.000216 s
  shortest_edge_between_terminals: 0 edges in 0.000244 s
  handle_small_terminal_degrees: terms 0 in 0.000118 s
  handle_small_Steiner_degrees: steiner 0, suppress 2 in 0.000215 s
  shortest_edge_between_terminals: 0 edges in 0.000239 s
  handle_small_terminal_degrees: terms 0 in 0.000117 s
  handle_small_Steiner_degrees: steiner 0, suppress 2 in 0.000215 s
  shortest_edge_between_terminals: 0 edges in 0.000239 s
  handle_small_terminal_degrees: terms 0 in 0.000118 s
  handle_small_Steiner_degrees: steiner 0, suppress 3 in 0.000215 s
  shortest_edge_between_terminals: 0 edges in 0.000238 s
  handle_small_terminal_degrees: terms 0 in 0.000118 s
  handle_small_Steiner_degrees: steiner 0, suppress 2 in 0.000216 s
  shortest_edge_between_terminals: 0 edges in 0.000236 s
  handle_small_terminal_degrees: terms 0 in 0.000118 s
  handle_small_Steiner_degrees: steiner 0, suppress 3 in 0.000255 s
  shortest_edge_between_terminals: 0 edges in 0.000247 s
  handle_small_terminal_degrees: terms 0 in 0.000118 s
  handle_small_Steiner_degrees: steiner 0, suppress 1 in 0.000215 s
  shortest_edge_between_terminals: 0 edges in 0.000245 s
  handle_small_terminal_degrees: terms 0 in 0.000119 s
  handle_small_Steiner_degrees: steiner 0, suppress 4 in 0.000217 s
  shortest_edge_between_terminals: 0 edges in 0.000242 s
  handle_small_terminal_degrees: terms 0 in 0.000118 s
  handle_small_Steiner_degrees: steiner 0, suppress 2 in 0.000216 s
  shortest_edge_between_terminals: 0 edges in 0.000241 s
  handle_small_terminal_degrees: terms 0 in 0.000118 s
  handle_small_Steiner_degrees: steiner 0, suppress 2 in 0.000216 s
  shortest_edge_between_terminals: 0 edges in 0.000239 s
  handle_small_terminal_degrees: terms 0 in 0.000118 s
  handle_small_Steiner_degrees: steiner 0, suppress 0 in 0.000214 s
  shortest_edge_between_terminals: 0 edges in 0.000235 s
Compressed graph 158213 -> 95752
  delete_edges: deleted 7808 edges in 0.197226 s and 6 rounds
  handle_small_terminal_degrees: terms 0 in 8.9e-05 s
  handle_small_Steiner_degrees: steiner 49, suppress 4790 in 0.00452 s
  shortest_edge_between_terminals: 0 edges in 0.000869 s
  handle_small_terminal_degrees: terms 2 in 7.8e-05 s
  handle_small_Steiner_degrees: steiner 1, suppress 48 in 0.000188 s
  shortest_edge_between_terminals: 0 edges in 0.000263 s
  handle_small_terminal_degrees: terms 0 in 7.2e-05 s
  handle_small_Steiner_degrees: steiner 0, suppress 2 in 0.000146 s
  shortest_edge_between_terminals: 0 edges in 0.000206 s
  handle_small_terminal_degrees: terms 0 in 7.1e-05 s
  handle_small_Steiner_degrees: steiner 0, suppress 0 in 0.000144 s
  shortest_edge_between_terminals: 0 edges in 0.0002 s
Compressed graph 95752 -> 90860
  delete_edges_shortest_path: deleted 12082 edges in 2.13617 s
  handle_small_terminal_degrees: terms 4 in 9.9e-05 s
  handle_small_Steiner_degrees: steiner 1180, suppress 9950 in 0.008309 s
  shortest_edge_between_terminals: 0 edges in 0.000697 s
  handle_small_terminal_degrees: terms 37 in 0.000123 s
  handle_small_Steiner_degrees: steiner 26, suppress 1227 in 0.001048 s
  shortest_edge_between_terminals: 0 edges in 0.000356 s
  handle_small_terminal_degrees: terms 10 in 9.3e-05 s
  handle_small_Steiner_degrees: steiner 4, suppress 129 in 0.00022 s
  shortest_edge_between_terminals: 1 edges in 0.000203 s
  handle_small_terminal_degrees: terms 3 in 7e-05 s
  handle_small_Steiner_degrees: steiner 1, suppress 4 in 0.000142 s
  shortest_edge_between_terminals: 0 edges in 0.000175 s
  handle_small_terminal_degrees: terms 0 in 6.8e-05 s
  handle_small_Steiner_degrees: steiner 0, suppress 2 in 0.00014 s
  shortest_edge_between_terminals: 0 edges in 0.000172 s
  handle_small_terminal_degrees: terms 0 in 6.8e-05 s
  handle_small_Steiner_degrees: steiner 0, suppress 0 in 0.000139 s
  shortest_edge_between_terminals: 0 edges in 0.000171 s
Compressed graph 90860 -> 78282
  handle_small_terminal_degrees: terms 0 in 5.9e-05 s
  handle_small_Steiner_degrees: steiner 0, suppress 16 in 0.000133 s
  shortest_edge_between_terminals: 5 edges in 0.000869 s
  handle_small_terminal_degrees: terms 1 in 6.2e-05 s
  handle_small_Steiner_degrees: steiner 1, suppress 13 in 0.000133 s
  shortest_edge_between_terminals: 0 edges in 0.000286 s
  handle_small_terminal_degrees: terms 2 in 6.1e-05 s
  handle_small_Steiner_degrees: steiner 0, suppress 4 in 0.000139 s
  shortest_edge_between_terminals: 0 edges in 0.000169 s
  handle_small_terminal_degrees: terms 0 in 5.9e-05 s
  handle_small_Steiner_degrees: steiner 0, suppress 0 in 0.000125 s
  shortest_edge_between_terminals: 0 edges in 0.000165 s
Compressed graph 78282 -> 78184
  delete_edges_shortest_path: deleted 1780 edges in 1.57343 s
  handle_small_terminal_degrees: terms 14 in 9.1e-05 s
  handle_small_Steiner_degrees: steiner 36, suppress 1775 in 0.001805 s
  shortest_edge_between_terminals: 1 edges in 0.000685 s
  handle_small_terminal_degrees: terms 6 in 6.7e-05 s
  handle_small_Steiner_degrees: steiner 3, suppress 81 in 0.000179 s
  shortest_edge_between_terminals: 0 edges in 0.000186 s
  handle_small_terminal_degrees: terms 4 in 6.5e-05 s
  handle_small_Steiner_degrees: steiner 0, suppress 4 in 0.000127 s
  shortest_edge_between_terminals: 0 edges in 0.00016 s
  handle_small_terminal_degrees: terms 1 in 5.9e-05 s
  handle_small_Steiner_degrees: steiner 0, suppress 0 in 0.000124 s
  shortest_edge_between_terminals: 0 edges in 0.000159 s
  handle_small_terminal_degrees: terms 0 in 5.8e-05 s
  handle_small_Steiner_degrees: steiner 0, suppress 0 in 0.000124 s
  shortest_edge_between_terminals: 0 edges in 0.000159 s
Compressed graph 78184 -> 76259
Compressed graph 76259 -> 76259
>>> save_orig_graph
>> Saved weight 344669
### ZEL_LVL=9 PRECISE_STARS=1

Calling `contract_till_the_bitter_end`
|V| = 76259, |E| = 129728, |R| = 3917
