Version: final-94-gfffc3aa rub_all.sh: remove longest prefix
Random seed: 1566439322
Start
>>> save_orig_graph
>> Saved weight 0
Graph loaded
|V| = 17128, |E| = 27352, |R| = 4461
First clearance of the input. Calling buy_zero and run_all_heuristics.
  buy_zero: 0 zero edges in 4.1e-05 s
  handle_small_terminal_degrees: terms 375 in 0.000284 s
  handle_small_Steiner_degrees: steiner 0, suppress 0 in 1.6e-05 s
  shortest_edge_between_terminals: 347 edges in 0.000512 s
  handle_small_terminal_degrees: terms 38 in 3.8e-05 s
  handle_small_Steiner_degrees: steiner 0, suppress 0 in 2.2e-05 s
  shortest_edge_between_terminals: 63 edges in 0.000171 s
  handle_small_terminal_degrees: terms 5 in 1.7e-05 s
  handle_small_Steiner_degrees: steiner 0, suppress 2 in 2.3e-05 s
  shortest_edge_between_terminals: 9 edges in 0.000104 s
  handle_small_terminal_degrees: terms 0 in 1.3e-05 s
  handle_small_Steiner_degrees: steiner 0, suppress 0 in 2.2e-05 s
  shortest_edge_between_terminals: 0 edges in 8.8e-05 s
Compressed graph 17128 -> 16409
  delete_edges: deleted 699 edges in 0.002445 s and 2 rounds
  handle_small_terminal_degrees: terms 76 in 4.6e-05 s
  handle_small_Steiner_degrees: steiner 0, suppress 469 in 0.000157 s
  shortest_edge_between_terminals: 78 edges in 0.000165 s
  handle_small_terminal_degrees: terms 0 in 1.3e-05 s
  handle_small_Steiner_degrees: steiner 0, suppress 0 in 1.7e-05 s
  shortest_edge_between_terminals: 7 edges in 9.7e-05 s
  handle_small_terminal_degrees: terms 1 in 1.3e-05 s
  handle_small_Steiner_degrees: steiner 0, suppress 3 in 1.9e-05 s
  shortest_edge_between_terminals: 0 edges in 8.6e-05 s
  handle_small_terminal_degrees: terms 1 in 1.3e-05 s
  handle_small_Steiner_degrees: steiner 0, suppress 0 in 1.8e-05 s
  shortest_edge_between_terminals: 0 edges in 8.4e-05 s
  handle_small_terminal_degrees: terms 0 in 1.3e-05 s
  handle_small_Steiner_degrees: steiner 0, suppress 0 in 1.7e-05 s
  shortest_edge_between_terminals: 0 edges in 8.4e-05 s
Compressed graph 16409 -> 15806
  delete_edges_shortest_path: deleted 210 edges in 0.077292 s
  handle_small_terminal_degrees: terms 18 in 2.4e-05 s
  handle_small_Steiner_degrees: steiner 0, suppress 68 in 4.5e-05 s
  shortest_edge_between_terminals: 0 edges in 0.000108 s
  handle_small_terminal_degrees: terms 0 in 1.2e-05 s
  handle_small_Steiner_degrees: steiner 0, suppress 0 in 2.2e-05 s
  shortest_edge_between_terminals: 0 edges in 8.5e-05 s
Compressed graph 15806 -> 15720
  handle_small_terminal_degrees: terms 0 in 1.2e-05 s
  handle_small_Steiner_degrees: steiner 0, suppress 12 in 4.1e-05 s
  shortest_edge_between_terminals: 330 edges in 0.000497 s
  handle_small_terminal_degrees: terms 0 in 1.2e-05 s
  handle_small_Steiner_degrees: steiner 0, suppress 5 in 3.8e-05 s
  shortest_edge_between_terminals: 16 edges in 0.000115 s
  handle_small_terminal_degrees: terms 0 in 1.1e-05 s
  handle_small_Steiner_degrees: steiner 0, suppress 10 in 3.9e-05 s
  shortest_edge_between_terminals: 0 edges in 8.2e-05 s
  handle_small_terminal_degrees: terms 0 in 1.2e-05 s
  handle_small_Steiner_degrees: steiner 0, suppress 0 in 3.4e-05 s
  shortest_edge_between_terminals: 0 edges in 8.1e-05 s
Compressed graph 15720 -> 14426
  delete_edges_shortest_path: deleted 49 edges in 0.068919 s
  handle_small_terminal_degrees: terms 3 in 1.4e-05 s
  handle_small_Steiner_degrees: steiner 0, suppress 16 in 2.8e-05 s
  shortest_edge_between_terminals: 0 edges in 9.9e-05 s
  handle_small_terminal_degrees: terms 0 in 1e-05 s
  handle_small_Steiner_degrees: steiner 0, suppress 0 in 1.9e-05 s
  shortest_edge_between_terminals: 0 edges in 8.1e-05 s
Compressed graph 14426 -> 14407
Compressed graph 14407 -> 14407
>>> save_orig_graph
>> Saved weight 39437
### ZEL_LVL=9 PRECISE_STARS=1

Calling `contract_till_the_bitter_end`
|V| = 14407, |E| = 23630, |R| = 3455
