Version: final-94-gfffc3aa rub_all.sh: remove longest prefix
Random seed: 1556121465
Start
>>> save_orig_graph
>> Saved weight 0
Graph loaded
|V| = 51897, |E| = 85550, |R| = 2171
First clearance of the input. Calling buy_zero and run_all_heuristics.
  buy_zero: 7 zero edges in 0.000284 s
  handle_small_terminal_degrees: terms 2 in 4.6e-05 s
  handle_small_Steiner_degrees: steiner 22, suppress 4 in 8.5e-05 s
  shortest_edge_between_terminals: 0 edges in 5.2e-05 s
  handle_small_terminal_degrees: terms 1 in 3.9e-05 s
  handle_small_Steiner_degrees: steiner 0, suppress 12 in 8e-05 s
  shortest_edge_between_terminals: 0 edges in 3.1e-05 s
  handle_small_terminal_degrees: terms 0 in 3.8e-05 s
  handle_small_Steiner_degrees: steiner 0, suppress 4 in 8.3e-05 s
  shortest_edge_between_terminals: 0 edges in 3.6e-05 s
  handle_small_terminal_degrees: terms 0 in 3.9e-05 s
  handle_small_Steiner_degrees: steiner 0, suppress 3 in 7.2e-05 s
  shortest_edge_between_terminals: 0 edges in 3.1e-05 s
  handle_small_terminal_degrees: terms 0 in 3.8e-05 s
  handle_small_Steiner_degrees: steiner 0, suppress 0 in 6.9e-05 s
  shortest_edge_between_terminals: 0 edges in 3.2e-05 s
Compressed graph 51897 -> 51841
  delete_edges: deleted 5691 edges in 0.017942 s and 3 rounds
  handle_small_terminal_degrees: terms 17 in 5.6e-05 s
  handle_small_Steiner_degrees: steiner 89, suppress 3159 in 0.001433 s
  shortest_edge_between_terminals: 0 edges in 5.9e-05 s
  handle_small_terminal_degrees: terms 2 in 4.1e-05 s
  handle_small_Steiner_degrees: steiner 0, suppress 79 in 0.000102 s
  shortest_edge_between_terminals: 0 edges in 3.5e-05 s
  handle_small_terminal_degrees: terms 0 in 3.9e-05 s
  handle_small_Steiner_degrees: steiner 0, suppress 9 in 7.5e-05 s
  shortest_edge_between_terminals: 0 edges in 3.5e-05 s
  handle_small_terminal_degrees: terms 0 in 3.8e-05 s
  handle_small_Steiner_degrees: steiner 0, suppress 0 in 7.1e-05 s
  shortest_edge_between_terminals: 0 edges in 3.4e-05 s
Compressed graph 51841 -> 48486
  delete_edges_shortest_path: deleted 7773 edges in 40.9387 s
  handle_small_terminal_degrees: terms 1254 in 0.001779 s
  handle_small_Steiner_degrees: steiner 1235, suppress 6645 in 0.005674 s
  shortest_edge_between_terminals: 2 edges in 0.000218 s
  handle_small_terminal_degrees: terms 336 in 0.000555 s
  handle_small_Steiner_degrees: steiner 13, suppress 195 in 0.000328 s
  shortest_edge_between_terminals: 8 edges in 0.000101 s
  handle_small_terminal_degrees: terms 14 in 0.000131 s
  handle_small_Steiner_degrees: steiner 1, suppress 11 in 0.000161 s
  shortest_edge_between_terminals: 0 edges in 8.1e-05 s
  handle_small_terminal_degrees: terms 2 in 0.00012 s
  handle_small_Steiner_degrees: steiner 0, suppress 5 in 0.000161 s
  shortest_edge_between_terminals: 0 edges in 8.5e-05 s
  handle_small_terminal_degrees: terms 0 in 0.000114 s
  handle_small_Steiner_degrees: steiner 0, suppress 5 in 0.000162 s
  shortest_edge_between_terminals: 0 edges in 7.9e-05 s
  handle_small_terminal_degrees: terms 0 in 0.000109 s
  handle_small_Steiner_degrees: steiner 0, suppress 1 in 0.000145 s
  shortest_edge_between_terminals: 0 edges in 7.4e-05 s
  handle_small_terminal_degrees: terms 0 in 8.8e-05 s
  handle_small_Steiner_degrees: steiner 0, suppress 2 in 0.000319 s
  shortest_edge_between_terminals: 0 edges in 0.000189 s
  handle_small_terminal_degrees: terms 0 in 7.4e-05 s
  handle_small_Steiner_degrees: steiner 0, suppress 1 in 0.000655 s
  shortest_edge_between_terminals: 0 edges in 0.000176 s
  handle_small_terminal_degrees: terms 0 in 6.7e-05 s
  handle_small_Steiner_degrees: steiner 0, suppress 0 in 0.000233 s
  shortest_edge_between_terminals: 0 edges in 0.000141 s
Compressed graph 48486 -> 38759
  handle_small_terminal_degrees: terms 0 in 6.8e-05 s
  handle_small_Steiner_degrees: steiner 0, suppress 18 in 0.000108 s
  shortest_edge_between_terminals: 28 edges in 0.00025 s
  handle_small_terminal_degrees: terms 0 in 6.3e-05 s
  handle_small_Steiner_degrees: steiner 1, suppress 4 in 8.9e-05 s
  shortest_edge_between_terminals: 1 edges in 6.5e-05 s
  handle_small_terminal_degrees: terms 0 in 6.3e-05 s
  handle_small_Steiner_degrees: steiner 0, suppress 0 in 8.8e-05 s
  shortest_edge_between_terminals: 0 edges in 6e-05 s
Compressed graph 38759 -> 38484
  delete_edges_shortest_path: deleted 1557 edges in 7.70844 s
  handle_small_terminal_degrees: terms 51 in 0.000161 s
  handle_small_Steiner_degrees: steiner 29, suppress 2494 in 0.002536 s
  shortest_edge_between_terminals: 6 edges in 0.000292 s
  handle_small_terminal_degrees: terms 1 in 0.000144 s
  handle_small_Steiner_degrees: steiner 3, suppress 36 in 0.000244 s
  shortest_edge_between_terminals: 0 edges in 0.000176 s
  handle_small_terminal_degrees: terms 0 in 0.000135 s
  handle_small_Steiner_degrees: steiner 1, suppress 5 in 0.000249 s
  shortest_edge_between_terminals: 0 edges in 0.00017 s
  handle_small_terminal_degrees: terms 0 in 0.000116 s
  handle_small_Steiner_degrees: steiner 0, suppress 0 in 0.000193 s
  shortest_edge_between_terminals: 0 edges in 0.000162 s
Compressed graph 38484 -> 35859
Compressed graph 35859 -> 35859
>>> save_orig_graph
>> Saved weight 332777632
### ZEL_LVL=9 PRECISE_STARS=0

Calling `contract_till_the_bitter_end`
|V| = 35859, |E| = 54029, |R| = 2136
>> 136424 (1815: 10800 10833 10800) (67.2568 s)
>> 72402 (8928: 8923 8927 8923) (56.6988 s)
>> 40245 (27946: 8515 8535 8515) (53.7537 s)
>> 22613 (916: 9061 9065 9061) (47.6877 s)
>> 22209 (2227: 10470 10472 10470) (47.0045 s)
>> 19027 (16745: 9902 10016 9902) (54.1897 s)
>> 17990 (2705: 8965 8969 8965) (50.2124 s)
>> 16567 (18920: 9217 9223 9217) (60.1719 s)
>> 13452 (21900: 9143 9210 9143) (58.0522 s)
>> 12320 (16535: 9751 10083 9751) (63.9098 s)
>> 11052 (3233: 8702 8728 8702) (58.4092 s)
>> 9981 (6053: 9939 9981 9939) (43.7552 s)
>> 9726 (21124: 8461 8462 8461) (58.9869 s)
>> 9719 (25182: 9887 9930 9887) (55.5397 s)
>> 9540 (2861: 8885 8894 8885) (51.7412 s)
>> 9109 (24224: 9180 9187 9180) (70.863 s)
>> 12288 (35380: 9118 9173 9118) (51.6826 s)
>> 10298 (12897: 9176 9216 9176) (60.3483 s)
>> 8714 (18534: 9282 9342 9282) (59.4878 s)
>> 8553 (12081: 8953 8956 8953) (55.7554 s)
>> 8410 (17625: 9671 9704 9671) (48.9663 s)
>> 8299 (8170: 9070 9117 9070) (63.5153 s)
>> 8148 (3756: 8526 8540 8526) (58.5428 s)
>> 7899 (3782: 8527 8534 8527) (58.5786 s)
>> 7865 (21613: 9737 9813 9737) (59.0146 s)
>> 7770 (7672: 9327 9341 9327) (56.1769 s)
>> 8165 (9359: 9335 9345 9335) (63.6446 s)
>> 7501 (20447: 8677 8698 8677) (59.7305 s)
>> 7386 (3118: 8756 8791 8756) (56.8627 s)
>> 7273 (19481: 9010 9055 9010) (66.6474 s)
>> 7266 (7056: 9557 9561 9557) (62.8285 s)
>> 7259 (2778: 8934 8943 8934) (68.4174 s)
>> 7144 (3419: 8650 8665 8650) (59.9825 s)
>> 7136 (8045: 2413 9165 2413) (66.697 s)
>> 8665 (8030: 9161 9182 9161) (74.7646 s)
>> 7110 (3791: 8524 8531 8524) (64.3937 s)
>> 7037 (7925: 9226 9233 9226) (59.3539 s)
>> 6884 (30918: 10468 10478 10468) (78.8237 s)
>> 6731 (6069: 9913 9934 9913) (70.0601 s)
>> 6718 (8781: 8778 8779 8778) (67.2904 s)
>> 6709 (28737: 8935 9080 8935) (53.553 s)
>> 6669 (3673: 8568 8572 8568) (62.1859 s)
>> 6508 (8098: 9126 9144 9126) (57.2981 s)
>> 6413 (3164: 8763 8774 8763) (74.4498 s)
>> 6317 (3708: 8548 8550 8548) (74.2958 s)
>> 6269 (19868: 8881 8886 8881) (74.7513 s)
>> 6233 (16309: 10119 10264 10119) (62.6181 s)
>> 6189 (34445: 8722 8732 8722) (60.3781 s)
>> 6111 (5368: 10232 10241 10232) (60.0014 s)
>> 6069 (10183: 10162 10181 10162) (63.0756 s)
>> 6009 (2368: 10209 10236 10209) (70.4183 s)
>> 5853 (25640: 9656 9666 9656) (63.7019 s)
>> 5840 (17723: 9664 9668 9664) (67.772 s)
>> 5823 (1471: 9085 9133 9085) (69.4775 s)
>> 6018 (25615: 9141 9172 9141) (71.478 s)
>> 5819 (3824: 8512 8518 8512) (52.7186 s)
>> 5811 (8932: 8921 8931 8921) (58.9796 s)
>> 7358 (2468: 8884 8913 8884) (52.2401 s)
>> 5787 (3240: 8726 8727 8726) (52.3972 s)
>> 5722 (22962: 10186 10210 10186) (59.7627 s)
>> 5649 (20500: 8679 8689 8679) (44.4871 s)
>> 5614 (1922: 9040 9058 9040) (61.0272 s)
>> 5598 (4743: 10519 10527 10519) (51.8787 s)
>> 5587 (16728: 10005 10011 10005) (53.6448 s)
>> 5558 (8076: 9128 9156 9128) (61.3515 s)
>> 5520 (3539: 8622 32721 8622) (56.787 s)
>> 5494 (25412: 9454 9685 9454) (45.0676 s)
>> 5401 (6396: 9805 9809 9805) (64.5653 s)
>> 5390 (12557: 9739 9844 9739) (35.8618 s)
>> 5380 (13498: 10244 10250 10244) (33.6415 s)
>> 5374 (11111: 9499 9537 9499) (33.6158 s)
>> 5357 (12132: 9923 10099 9923) (33.6 s)
>> 5323 (19643: 8949 8960 8949) (33.5965 s)
>> 5280 (4237: 10755 10762 10755) (33.6948 s)
>> 5274 (6814: 9618 9660 9618) (33.6581 s)
>> 5186 (29775: 8982 8997 8982) (33.5823 s)
>> 5085 (12397: 9000 2690 9000) (33.5304 s)
>> 5066 (5205: 10293 10297 10293) (33.5684 s)
>> 5058 (21633: 9196 9213 9196) (33.5118 s)
>> 5005 (3754: 8541 8542 8541) (33.4918 s)
>> 4999 (4935: 10434 10446 10434) (33.6166 s)
>> 4966 (18965: 9197 9198 9197) (33.5446 s)
>> 4933 (14945: 10632 10642 10632) (33.5675 s)
>> 4925 (16107: 10217 10243 10217) (33.5341 s)
>> 4896 (26279: 9530 9630 9530) (33.507 s)
>> 6711 (34126: 9471 9490 9471) (33.4833 s)
>> 4865 (6431: 9761 9795 9761) (33.4895 s)
>> 4784 (7187: 9482 9492 9482) (33.4922 s)
>> 4777 (28560: 9679 9692 9679) (33.5368 s)
>> 4736 (15762: 10326 10365 10326) (33.47 s)
>> 4713 (7108: 9497 9536 9497) (33.596 s)
>> 4629 (7574: 9338 9373 9338) (33.619 s)
>> 4607 (784: 782 9007 782) (33.6734 s)
>> 4592 (3286: 8700 8704 8700) (33.5503 s)
>> 4577 (26196: 10459 10464 10459) (33.528 s)
>> 4565 (1503: 8907 8908 8907) (33.4169 s)
>> 4524 (19924: 8863 8867 8863) (33.541 s)
>> 4489 (8476: 8469 8475 8469) (33.4717 s)
>> 4474 (4297: 10616 10724 10616) (33.4888 s)
>> 4471 (15891: 10300 10328 10300) (33.5686 s)
>> 4469 (3895: 8479 8482 8479) (33.4405 s)
>> 4444 (3212: 8733 8738 8733) (33.5108 s)
>> 4420 (23575: 10655 10661 10655) (33.62 s)
>> 4411 (6639: 9719 9724 9719) (33.5577 s)
>> 4401 (5734: 10073 10088 10073) (33.5578 s)
>> 4389 (23245: 9139 26260 9139) (33.7262 s)
>> 4377 (5245: 10249 10282 10249) (33.6364 s)
>> 4375 (8804: 8796 8803 8796) (33.6645 s)
>> 4253 (3095: 8793 8806 8793) (33.683 s)
>> 4230 (28422: 8955 8968 8955) (33.6779 s)
>> 4220 (31603: 9997 10055 9997) (33.6702 s)
>> 4218 (12044: 8604 8615 8604) (33.6648 s)
>> 4194 (5707: 10095 10098 10095) (33.7182 s)
>> 4186 (25943: 10596 10599 10596) (33.6592 s)
>> 4157 (5192: 10279 10304 10279) (33.6117 s)
>> 4155 (3762: 8529 8538 8529) (33.6221 s)
>> 4108 (7654: 9204 9351 9204) (33.7437 s)
>> 4097 (26217: 9677 9686 9677) (33.7296 s)
>> 4058 (5833: 10027 10043 10027) (33.6855 s)
>> 4018 (24275: 10513 10521 10513) (33.7209 s)
>> 4015 (3851: 8507 8508 8507) (33.7215 s)
>> 4014 (15203: 10488 10545 10488) (33.7026 s)
>> 4010 (20457: 8678 8693 8678) (33.6729 s)
>> 3971 (11224: 9986 9995 9986) (33.678 s)
>> 3968 (2182: 10606 10635 10606) (33.715 s)
>> 3959 (6141: 9897 9900 9897) (33.7192 s)
>> 3956 (8278: 9060 9072 9060) (33.644 s)
>> 3896 (5950: 9963 9979 9963) (33.696 s)
>> 3860 (29766: 8703 8710 8703) (33.6806 s)
>> 4152 (2244: 8681 8692 8681) (33.7369 s)
>> 3838 (21631: 9798 9835 9798) (33.72 s)
>> 3819 (18328: 9405 9457 9405) (33.7589 s)
>> 3812 (22369: 8810 8845 8810) (33.7975 s)
>> 3799 (32976: 8606 8617 8606) (33.7859 s)
>> 3753 (19892: 8873 8878 8873) (33.9179 s)
>> 3686 (11892: 9757 9811 9757) (33.8027 s)
>> 3683 (21067: 8481 8486 8481) (33.7665 s)
>> 3674 (13196: 10791 10794 10791) (33.8908 s)
>> 3655 (20996: 8502 8509 8502) (33.7871 s)
>> 3617 (18261: 9439 9467 9439) (33.8744 s)
>> 3600 (9912: 9879 9910 9879) (33.8574 s)
>> 3577 (15804: 10341 10378 10341) (33.8841 s)
>> 3612 (5041: 10383 10395 10383) (33.8833 s)
>> 3569 (20563: 8655 8659 8655) (33.8202 s)
>> 3566 (33390: 8905 8922 8905) (33.8415 s)
>> 3513 (1239: 10581 10592 10581) (33.8245 s)
>> 3491 (12875: 9620 9626 9620) (33.7641 s)
>> 3485 (34557: 8674 8694 8674) (33.8256 s)
>> 3471 (27163: 10229 10246 10229) (33.8612 s)
>> 3410 (1638: 9303 9318 9303) (33.8108 s)
>> 3403 (2351: 10089 10109 10089) (33.8144 s)
>> 3398 (15837: 10314 10333 10314) (33.8843 s)
>> 3387 (3446: 8656 8661 8656) (33.8599 s)
>> 3381 (8371: 8995 9024 8995) (33.8074 s)
>> 3369 (20720: 8607 8611 8607) (33.8682 s)
>> 3343 (8338: 9032 9037 9032) (33.8357 s)
>> 3340 (14803: 10697 10722 10697) (34.0528 s)
>> 3337 (6270: 9853 9854 9853) (33.9205 s)
>> 3320 (23574: 9116 9119 9116) (33.8134 s)
>> 3310 (26528: 9517 9569 9517) (33.8703 s)
>> 3305 (9231: 9194 9229 9194) (33.8391 s)
>> 3297 (27400: 9189 9336 9189) (33.8268 s)
>> 3285 (1024: 10428 10465 10428) (33.7941 s)
>> 3282 (10337: 10330 10335 10330) (33.8777 s)
>> 3279 (26458: 9386 9406 9386) (33.7998 s)
>> 3278 (7497: 9370 9393 9370) (33.8194 s)
>> 3263 (7755: 9308 9310 9308) (33.7479 s)
>> 3230 (12616: 10640 10654 10640) (33.8236 s)
>> 3228 (5675: 10112 10134 10112) (33.7977 s)
>> 3215 (2048: 9324 9452 9324) (33.7635 s)
>> 3204 (8364: 9015 9025 9015) (33.7611 s)
>> 3202 (31588: 8854 8856 8854) (33.8155 s)
>> 3193 (30791: 8926 8936 8926) (33.7584 s)
>> 3192 (6819: 9652 9657 9652) (33.788 s)
>> 3182 (2840: 8895 8899 8895) (33.7678 s)
>> 3170 (4754: 10520 10522 10520) (33.806 s)
>> 3159 (18782: 9273 9278 9273) (34.0164 s)
>> 3157 (6548: 9730 9755 9730) (33.7805 s)
>> 3146 (11329: 9584 9604 9584) (33.7923 s)
>> 3116 (4850: 10482 10490 10482) (33.8065 s)
>> 3115 (2184: 10226 10238 10226) (33.921 s)
>> 3098 (4990: 10394 10417 10394) (33.7432 s)
>> 3085 (26533: 8585 8599 8585) (33.755 s)
>> 3048 (11850: 8561 8582 8561) (33.7608 s)
>> 3036 (9113: 9099 9111 9099) (33.777 s)
>> 3034 (26788: 9242 9266 9242) (33.856 s)
>> 3034 (10757: 10745 10747 10745) (33.7566 s)
>> 3018 (13985: 9421 9426 9421) (33.7365 s)
>> 3011 (17529: 9712 9726 9712) (33.7522 s)
>> 2994 (13865: 9625 9633 9625) (33.7625 s)
>> 2992 (4389: 10629 10648 10629) (33.7575 s)
>> 3073 (10711: 10636 10710 10636) (33.7266 s)
>> 2984 (7532: 9376 9381 9376) (33.7019 s)
>> 2997 (7480: 9394 9398 9394) (33.7318 s)
>> 2974 (30699: 9320 9322 9320) (33.7117 s)
>> 2962 (1107: 10802 10822 10802) (33.7178 s)
>> 2961 (1777: 10379 10415 10379) (33.803 s)
>> 3556 (4977: 10423 10427 10423) (33.7871 s)
>> 2959 (34551: 9459 9465 9459) (33.6687 s)
>> 2955 (31846: 10170 10171 10170) (33.651 s)
>> 2949 (23802: 8686 8705 8686) (33.7542 s)
>> 2944 (7613: 9337 9365 9337) (33.617 s)
>> 2927 (26026: 10556 10566 10556) (33.6468 s)
>> 2922 (6734: 9681 9691 9681) (33.6418 s)
>> 2917 (31648: 9039 9046 9039) (33.6076 s)
>> 10733 (29737: 9104 9110 9104) (33.6109 s)
>> 2916 (17775: 9646 9655 9646) (33.5984 s)
>> 2909 (33857: 10195 10237 10195) (33.5992 s)
>> 2883 (28891: 9627 9641 9627) (33.6639 s)
>> 2871 (17095: 9816 9889 9816) (33.6219 s)
>> 2866 (11275: 8979 8983 8979) (33.5753 s)
>> 2843 (19949: 8850 8865 8850) (33.6063 s)
>> 2838 (20103: 8825 8827 8825) (33.7255 s)
>> 2837 (2749: 8947 8951 8947) (33.7659 s)
>> 2812 (1478: 8996 9003 8996) (33.7871 s)
>> 2792 (14635: 10761 10772 10761) (33.6598 s)
>> 2775 (35474: 9288 12025 9288) (33.7279 s)
>> 2773 (16419: 10097 10130 10097) (33.7185 s)
>> 2768 (7511: 9372 9385 9372) (33.8678 s)
>> 2762 (35815: 9145 9155 9145) (33.7538 s)
>> 5023 (25396: 9122 9135 9122) (33.7251 s)
>> 4214 (2102: 9102 9123 9102) (33.8015 s)
>> 2755 (18381: 9435 9447 9435) (33.7988 s)
>> 2748 (7244: 9451 9507 9451) (33.8058 s)
>> 2745 (22337: 9597 9579 9597) (33.7625 s)
>> 2738 (3124: 8769 8787 8769) (33.8254 s)
>> 2871 (3129: 8777 8784 8777) (33.7507 s)
>> 2737 (2552: 8961 8962 8961) (33.724 s)
>> 2730 (17225: 9830 9838 9830) (33.787 s)
>> 7241 (21982: 9728 9763 9728) (33.7812 s)
>> 2741 (13794: 9762 9778 9762) (33.7597 s)
>> 2724 (14257: 8822 8824 8822) (33.748 s)
>> 2722 (2873: 8879 8883 8879) (33.7769 s)
>> 2715 (17194: 9822 9843 9822) (33.8097 s)
>> 2698 (3616: 8589 8598 8589) (33.7997 s)
>> 2690 (15331: 10483 10484 10483) (33.8855 s)
>> 2689 (5978: 9951 9969 9951) (33.8143 s)
>> 2689 (10876: 9960 9992 9960) (33.7616 s)
>> 2677 (31891: 10224 10255 10224) (33.7741 s)
>> 3439 (5344: 10203 10239 10203) (33.7502 s)
>> 2668 (14419: 8544 8545 8544) (33.6891 s)
>> 2649 (4663: 10553 10554 10553) (33.7466 s)
>> 2648 (29060: 8772 8789 8772) (33.7146 s)
>> 2629 (4899: 10447 10458 10447) (33.739 s)
>> 2629 (13548: 10137 10153 10137) (33.7006 s)
>> 3187 (5642: 10111 10124 10111) (33.7722 s)
>> 2774 (23642: 10160 10190 10160) (33.6724 s)
>> 2608 (4425: 10619 10621 10619) (33.7111 s)
>> 2598 (5753: 10057 10079 10057) (33.6902 s)
>> 2584 (3819: 8514 8519 8514) (33.6514 s)
>> 2579 (4433: 10602 10631 10602) (33.6452 s)
>> 2576 (7958: 9219 9221 9219) (33.6131 s)
>> 2574 (12318: 8590 8595 8590) (33.6799 s)
>> 2570 (3498: 8627 8637 8627) (33.6794 s)
>> 2561 (18735: 9295 9297 9295) (33.8627 s)
>> 2548 (10918: 9678 9682 9678) (33.7924 s)
>> 2538 (13010: 9115 9146 9115) (33.7368 s)
>> 2531 (2159: 10425 10429 10425) (33.7618 s)
>> 2523 (171: 10398 10416 10398) (33.7848 s)
>> 2521 (18708: 9304 9307 9304) (33.7033 s)
>> 2489 (8416: 9005 9012 9005) (33.6725 s)
>> 2488 (8207: 9087 9089 9087) (33.7172 s)
>> 2477 (28921: 10092 10100 10092) (33.7361 s)
>> 2477 (31212: 10267 10280 10267) (33.7181 s)
>> 2445 (29076: 10692 10739 10692) (33.7301 s)
>> 4007 (11723: 10698 10732 10698) (33.6951 s)
>> 2439 (6155: 9895 9906 9895) (33.6832 s)
>> 2437 (6953: 9603 9611 9603) (33.643 s)
>> 2435 (29905: 9693 9696 9693) (33.6332 s)
>> 2419 (20303: 8743 8751 8743) (33.6475 s)
>> 2415 (1660: 9220 9247 9220) (33.6073 s)
>> 2412 (15539: 10438 10442 10438) (33.6131 s)
>> 2410 (2979: 8844 8847 8844) (33.6314 s)
>> 2407 (5666: 10113 10114 10113) (33.6701 s)
>> 2400 (2119: 8562 8565 8562) (33.6082 s)
>> 2377 (17737: 9649 9669 9649) (33.5984 s)
>> 2365 (2005: 8489 8494 8489) (33.669 s)
>> 2364 (6114: 9904 9916 9904) (33.7331 s)
>> 2422 (13687: 9937 9940 9937) (33.7226 s)
>> 2339 (10029: 10024 10028 10024) (33.678 s)
>> 2337 (4244: 10727 10752 10727) (33.6412 s)
>> 2335 (1745: 9865 9896 9865) (33.6087 s)
>> 2820 (23401: 9783 9803 9783) (33.6272 s)
>> 2332 (4688: 10540 10546 10540) (33.6519 s)
>> 2287 (18167: 9506 9510 9506) (33.5892 s)
>> 2286 (4032: 10821 10826 10821) (33.6168 s)
>> 2277 (29189: 9647 9653 9647) (33.5837 s)
>> 2272 (1161: 10749 10764 10749) (33.5758 s)
>> 2268 (19498: 9013 9016 9013) (33.5254 s)
>> 2268 (7860: 9262 9274 9262) (33.5476 s)
>> 2264 (31553: 10146 10180 10146) (33.5982 s)
>> 2261 (34210: 9004 9018 9004) (33.4859 s)
>> 2247 (24545: 10370 10374 10370) (33.5216 s)
>> 2693 (33778: 10320 10346 10320) (33.4836 s)
>> 2241 (17906: 9598 9609 9598) (33.496 s)
>> 2216 (11631: 9765 9770 9765) (33.4553 s)
>> 2198 (5533: 10164 10169 10164) (33.4444 s)
>> 2386 (5584: 10136 10149 10136) (33.4366 s)
>> 2198 (5396: 10199 10218 10199) (33.4038 s)
>> 2196 (7064: 9558 9577 9558) (33.3915 s)
>> 2196 (5861: 10020 10023 10020) (33.403 s)
>> 2193 (1164: 8811 8837 8811) (33.4224 s)
>> 2185 (16214: 10177 10202 10177) (33.4032 s)
>> 2178 (20568: 8551 8657 8551) (33.3813 s)
>> 2141 (3644: 8584 8591 8584) (33.3979 s)
>> 2136 (4307: 10713 10719 10713) (33.4763 s)
>> 2134 (7474: 9388 9402 9388) (33.4509 s)
>> 2106 (25450: 10035 10050 10035) (33.4272 s)
>> 2092 (25362: 9251 9271 9251) (33.4407 s)
>> 2086 (7190: 9480 9491 9480) (33.4769 s)
>> 2081 (938: 9993 10009 9993) (33.5005 s)
>> 2080 (11340: 9731 9742 9731) (33.3541 s)
>> 2075 (35453: 10116 10155 10116) (33.395 s)
>> 2072 (34006: 9942 9949 9942) (33.4023 s)
>> 2070 (17663: 9684 9694 9684) (33.377 s)
>> 2059 (17873: 9605 9628 9605) (33.3432 s)
>> 2054 (31024: 10220 10231 10220) (33.407 s)
>> 2044 (4469: 10601 10613 10601) (33.288 s)
>> 2034 (18255: 9472 9485 9472) (33.23 s)
>> 2026 (5138: 10305 10334 10305) (33.2492 s)
>> 2015 (15918: 10301 10309 10301) (33.243 s)
>> 2005 (1709: 8815 8821 8815) (33.1856 s)
>> 1997 (6228: 9856 9867 9856) (33.2128 s)
>> 1993 (5470: 10175 10194 10175) (33.1985 s)
>> 1990 (12118: 10221 16174 10221) (33.1885 s)
>> 1985 (5688: 10041 10105 10041) (33.1464 s)
>> 2075 (5620: 10118 10132 10118) (33.17 s)
>> 1971 (30266: 8500 8501 8500) (33.1749 s)
>> 1969 (2320: 8862 8870 8862) (33.1641 s)
>> 1963 (18078: 9532 9539 9532) (33.1324 s)
>> 1960 (11924: 9635 9654 9635) (33.1499 s)
>> 1959 (20603: 8644 8646 8644) (33.168 s)
>> 1958 (7013: 9555 9575 9555) (33.2552 s)
>> 1931 (17000: 9886 9927 9886) (33.2277 s)
>> 3996 (12294: 9894 9936 9894) (33.2197 s)
>> 2178 (32350: 9954 9989 9954) (33.201 s)
>> 2018 (6324: 9821 9831 9821) (33.2007 s)
>> 1927 (4879: 10284 10466 10284) (33.139 s)
>> 1920 (29858: 9379 9399 9379) (33.1325 s)
>> 1920 (12539: 8488 8491 8488) (33.1069 s)
>> 1905 (29810: 10675 10709 10675) (33.152 s)
>> 1889 (6510: 9747 9766 9747) (41.133 s)
>> 1887 (17501: 9736 9749 9736) (47.9948 s)
>> 1886 (11744: 10227 10240 10227) (47.1733 s)
>> 1882 (12639: 9302 9312 9302) (57.6569 s)
>> 1878 (14923: 10617 10620 10617) (57.2473 s)
>> 1872 (15192: 10529 10537 10529) (50.802 s)
>> 1871 (3859: 8480 8503 8480) (45.8748 s)
>> 1869 (16966: 9928 9931 9928) (40.4538 s)
>> 1869 (4070: 10803 10813 10803) (33.5152 s)
>> 1866 (35849: 10665 10708 10665) (33.4487 s)
>> 1865 (6311: 9825 9834 9825) (33.4133 s)
>> 1952 (6535: 9740 9758 9740) (33.4891 s)
>> 1861 (1607: 9462 9473 9462) (33.4094 s)
>> 1854 (6911: 9615 9624 9615) (33.4902 s)
>> 1848 (7070: 9533 9556 9533) (33.4692 s)
>> 1846 (7934: 9222 9228 9222) (33.513 s)
>> 1840 (25178: 10788 10799 10788) (33.362 s)
>> 1837 (34307: 9028 9030 9028) (33.3832 s)
>> 2455 (32821: 9027 9034 9027) (33.5368 s)
>> 1836 (4731: 10530 10534 10530) (33.3532 s)
>> 1828 (30169: 9568 9570 9568) (33.335 s)
>> 1822 (29159: 10571 10582 10571) (33.2908 s)
>> 1818 (19007: 9179 9185 9179) (33.291 s)
>> 1816 (2033: 10342 10406 10342) (33.2784 s)
>> 1812 (20794: 8555 8583 8555) (33.3481 s)
>> 1809 (6336: 9812 9828 9812) (33.2731 s)
>> 1801 (4323: 10607 10699 10607) (33.2521 s)
>> 1793 (13665: 9978 9983 9978) (33.2389 s)
>> 1781 (2607: 9045 9056 9045) (33.3195 s)
>> 1780 (5784: 10060 10065 10060) (33.3324 s)
>> 1777 (5607: 10120 10143 10120) (33.2548 s)
>> 1775 (14299: 8745 8747 8745) (33.2298 s)
>> 1775 (14957: 10610 10611 10610) (33.4096 s)
>> 1757 (22112: 9468 9576 9468) (33.1828 s)
>> 1754 (17202: 9826 9845 9826) (33.2213 s)
>> 1751 (11305: 8989 9001 8989) (33.2729 s)
>> 1748 (6239: 9860 9864 9860) (33.1102 s)
>> 1730 (17868: 9571 9599 9571) (33.0715 s)
>> 1720 (18344: 9417 9479 9417) (33.243 s)
>> 1718 (7429: 9409 9413 9409) (33.1905 s)
>> 1713 (20389: 8714 8716 8714) (33.0457 s)
>> 1709 (5213: 2085 10289 2085) (33.281 s)
>> 1704 (14703: 10733 10759 10733) (32.8553 s)
>> 1702 (15687: 10391 10403 10391) (32.8335 s)
>> 1701 (12091: 10637 10681 10637) (32.9261 s)
>> 1685 (18595: 9339 9368 9339) (32.8054 s)
>> 1678 (9524: 9518 9523 9518) (32.797 s)
>> 1675 (4214: 10765 10775 10765) (32.7847 s)
>> 1658 (3335: 8684 8691 8684) (33.4102 s)
>> 1653 (29222: 9357 9419 9357) (32.7968 s)
>> 1650 (6477: 9760 9774 9760) (32.5894 s)
>> 1646 (21605: 9914 9921 9914) (32.7143 s)
>> 1641 (16679: 10014 10026 10014) (32.694 s)
>> 1636 (8305: 9049 9059 9049) (32.7118 s)
>> 1624 (13610: 10052 10063 10052) (32.6346 s)
>> 1606 (26591: 10081 10090 10081) (32.6503 s)
>> 1604 (20803: 8569 8577 8569) (32.6279 s)
>> 1595 (28839: 9996 9999 9996) (32.4414 s)
>> 1578 (12338: 10201 10219 10201) (32.5387 s)
>> 1571 (22127: 8916 8918 8916) (32.5195 s)
>> 1570 (4277: 10728 10735 10728) (32.4928 s)
>> 1555 (18870: 9227 9238 9227) (32.4408 s)
>> 1550 (5596: 10131 10145 10131) (32.4424 s)
>> 1543 (11507: 8635 8636 8635) (32.4298 s)
>> 1524 (18802: 9279 9296 9279) (32.5562 s)
>> 1513 (12842: 10003 10004 10003) (32.4593 s)
>> 1508 (31772: 10549 10565 10549) (32.4919 s)
>> 1507 (24697: 10695 10704 10695) (32.4984 s)
>> 1505 (19847: 8892 8903 8892) (32.5353 s)
>> 1498 (17099: 9868 9876 9868) (32.4341 s)
>> 1490 (3483: 8639 8640 8639) (32.451 s)
>> 1485 (15272: 10504 10505 10504) (32.3938 s)
>> 1484 (3988: 10820 10832 10820) (32.4358 s)
>> 1471 (32593: 9612 9642 9612) (32.3418 s)
>> 1466 (15638: 10411 5009 10411) (31.9684 s)
>> 1461 (272: 9299 7831 9299) (31.9491 s)
>> 1453 (290: 8492 8493 8492) (31.9087 s)
>> 1451 (20819: 8557 8564 8557) (31.8602 s)
>> 1446 (827: 9905 9938 9905) (31.8781 s)
>> 1435 (28272: 8553 8556 8553) (31.911 s)
>> 1432 (27739: 10544 10548 10544) (31.7999 s)
>> 1425 (20690: 8614 8621 8614) (31.8007 s)
>> 1934 (20661: 8616 8626 8616) (31.846 s)
>> 1840 (20721: 8601 8605 8601) (31.9154 s)
>> 1422 (6691: 9706 9711 9706) (31.8642 s)
>> 1419 (31100: 10214 10263 10214) (31.8993 s)
>> 1417 (33855: 9804 9817 9804) (31.8141 s)
>> 1410 (11443: 9702 9707 9702) (31.8003 s)
>> 1918 (34705: 9714 9716 9714) (31.8041 s)
>> 1403 (20149: 8788 8799 8788) (31.7507 s)
>> 1395 (27201: 8848 8860 8848) (31.7301 s)
>> 1385 (32979: 8708 8715 8708) (31.7899 s)
>> 1348 (17075: 9776 9885 9776) (31.7487 s)
>> 1345 (10421: 10410 10419 10410) (31.6636 s)
>> 1344 (6552: 9735 9754 9735) (31.708 s)
>> 1344 (16027: 10252 10256 10252) (31.699 s)
>> 1344 (14940: 10622 10627 10622) (31.7426 s)
>> 1340 (4786: 10507 10518 10507) (31.6442 s)
>> 1333 (6467: 9768 9775 9768) (31.665 s)
>> 1329 (30257: 8915 8917 8915) (31.6026 s)
>> 1326 (18030: 9534 9550 9534) (31.5858 s)
>> 1325 (21205: 10568 10580 10568) (31.5287 s)
>> 1323 (6352: 9810 9823 9810) (31.5579 s)
>> 1410 (11938: 9832 9841 9832) (31.5132 s)
>> 1317 (2885: 8875 8877 8875) (31.5169 s)
>> 1701 (19874: 8882 8896 8882) (31.4148 s)
>> 1315 (17515: 9743 9756 9743) (31.5308 s)
>> 1312 (2176: 8457 8458 8457) (31.5018 s)
>> 1309 (28865: 10626 10666 10626) (31.4543 s)
>> 1301 (8013: 9186 9188 9186) (31.4088 s)
>> 1300 (1636: 9248 9265 9248) (31.4797 s)
>> 1299 (7742: 9319 9331 9319) (31.4672 s)
>> 1297 (14892: 10658 10706 10658) (31.3839 s)
>> 1291 (11083: 10702 10707 10702) (31.386 s)
>> 1288 (5557: 10144 10152 10144) (31.3692 s)
>> 1282 (12055: 10260 10317 10260) (31.3581 s)
>> 1829 (2251: 10367 10405 10367) (31.3137 s)
>> 1277 (1545: 10674 10694 10674) (31.3068 s)
>> 1272 (18844: 9252 9268 9252) (31.2867 s)
>> 1268 (15684: 10387 10397 10387) (31.3325 s)
>> 1266 (273: 9277 9286 9277) (31.2753 s)
>> 1263 (7353: 9418 9445 9418) (31.2551 s)
>> 1259 (7257: 9461 9476 9461) (31.2361 s)
>> 1253 (20648: 8629 8632 8629) (31.292 s)
>> 1242 (4375: 10657 10671 10657) (31.1781 s)
>> 1709 (1104: 10680 10690 10680) (31.1608 s)
>> 1234 (15894: 10274 10313 10274) (31.1285 s)
>> 1225 (5014: 10404 10409 10404) (31.1189 s)
>> 1220 (15673: 10388 10402 10388) (31.143 s)
>> 1218 (13971: 9442 9460 9442) (31.1217 s)
>> 1214 (22221: 8876 8891 8876) (31.063 s)
>> 1212 (16318: 10161 10168 10161) (31.0597 s)
>> 1210 (14597: 10795 10798 10795) (30.9963 s)
>> 1204 (13658: 9987 9988 9987) (31.0493 s)
>> 1204 (4123: 10796 10801 10796) (31.0111 s)
>> 1219 (14573: 10797 10804 10797) (31.0627 s)
>> 2014 (4075: 10806 10810 10806) (31.0134 s)
>> 1199 (19146: 9109 9127 9109) (30.9656 s)
>> 1186 (14552: 10809 10814 10809) (30.9143 s)
>> 1183 (1233: 9861 9933 9861) (30.9727 s)
>> 1180 (19099: 9134 9140 9134) (30.9401 s)
>> 2777 (19119: 9125 9130 9125) (30.8617 s)
>> 1179 (29255: 9794 9806 9794) (30.8639 s)
>> 1173 (34634: 10450 10460 10450) (30.8158 s)
>> 1166 (795: 10768 10773 10768) (30.8366 s)
>> 1165 (20979: 8511 8513 8511) (30.7414 s)
>> 1165 (7171: 9500 9514 9500) (30.7289 s)
>> 1164 (18952: 9200 9207 9200) (30.7337 s)
>> 1163 (16631: 10015 10036 10015) (30.701 s)
>> 1157 (15807: 10340 10396 10340) (30.6446 s)
>> 1149 (10989: 8857 8866 8857) (30.6235 s)
>> 1149 (28445: 8901 8904 8901) (30.62 s)
>> 1148 (26816: 9703 9709 9703) (30.5734 s)
>> 1121 (19589: 8964 8974 8964) (30.5088 s)
>> 1115 (20079: 8831 8834 8831) (30.491 s)
>> 1113 (5759: 10058 10075 10058) (30.523 s)
>> 1099 (6249: 9791 9827 9791) (30.5316 s)
>> 1092 (23761: 10373 10375 10373) (30.4559 s)
>> 1104 (23200: 10303 10306 10303) (30.4288 s)
>> 1087 (28558: 10552 10560 10552) (30.495 s)
>> 1075 (31139: 9573 9595 9573) (30.4685 s)
>> 1075 (5331: 10233 10235 10233) (30.404 s)
>> 1073 (16391: 10093 10128 10093) (30.3813 s)
>> 1069 (20291: 8754 8760 8754) (30.3703 s)
>> 1747 (32019: 8741 8755 8741) (30.3892 s)
>> 1513 (23164: 8695 8748 8695) (30.3337 s)
>> 1064 (20525: 8667 8672 8667) (30.3712 s)
>> 1059 (6279: 9833 9850 9833) (30.3435 s)
>> 1053 (7867: 9250 9260 9250) (30.3371 s)
>> 1930 (7915: 9235 9236 9235) (30.3104 s)
>> 2079 (7930: 9232 9237 9232) (30.2733 s)
>> 1052 (7467: 9382 9404 9382) (30.1691 s)
>> 1050 (3029: 8830 8833 8830) (30.1844 s)
>> 1046 (16640: 10031 10053 10031) (30.1279 s)
>> 1042 (7590: 9362 9366 9362) (30.1662 s)
>> 1037 (7123: 9503 9526 9503) (30.0992 s)
>> 1824 (6957: 9562 9602 9562) (30.0531 s)
>> 1030 (5239: 10248 10285 10248) (30.0898 s)
>> 1029 (1946: 10436 10449 10436) (30.0221 s)
>> 1014 (3638: 8592 8593 8592) (30.0532 s)
>> 1008 (32219: 9077 9081 9077) (29.9951 s)
>> 1004 (20522: 8673 8676 8673) (30.0496 s)
>> 1000 (16240: 10178 10192 10178) (29.9688 s)
>> 990 (30549: 10345 10369 10345) (29.9736 s)
>> 986 (22296: 9574 9578 9574) (29.9742 s)
>> 1693 (32303: 9493 9505 9493) (29.9567 s)
>> 976 (496: 9842 9851 9842) (29.9518 s)
>> 1271 (23057: 9846 9866 9846) (29.8953 s)
>> 975 (13108: 8465 8468 8465) (29.8739 s)
>> 3150 (3922: 8470 8471 8470) (29.8968 s)
>> 3514 (12390: 8466 8473 8466) (29.8962 s)
>> 964 (7703: 9328 9333 9328) (29.7885 s)
>> 956 (7325: 9434 9456 9434) (29.7121 s)
>> 955 (1798: 10625 10641 10625) (29.7634 s)
>> 944 (2133: 9857 9880 9857) (29.7042 s)
>> 933 (35702: 9052 9054 9052) (29.6741 s)
>> 931 (17028: 9899 9909 9899) (29.6615 s)
>> 931 (31192: 9964 10002 9964) (29.654 s)
>> 919 (24828: 9241 9249 9241) (29.5946 s)
>> 919 (21682: 9253 9281 9253) (29.5732 s)
>> 917 (16821: 9973 9984 9973) (29.5439 s)
>> 1545 (33019: 10010 10022 10010) (29.4663 s)
>> 909 (12560: 8472 8474 8472) (29.4174 s)
>> 908 (11455: 9246 18720 9246) (29.3439 s)
>> 901 (13565: 10101 10103 10101) (29.3713 s)
>> 901 (35041: 8651 8652 8651) (29.3681 s)
>> 888 (5957: 9950 9975 9950) (29.3469 s)
>> 878 (12919: 10165 10166 10165) (29.2105 s)
>> 858 (14670: 10769 10786 10769) (29.2139 s)
>> 841 (2930: 8858 8861 8858) (29.213 s)
>> 840 (23844: 9294 9317 9294) (29.1936 s)
>> 834 (14770: 10785 10725 10785) (29.1266 s)
>> 831 (13844: 9648 9659 9648) (29.1386 s)
>> 813 (17155: 9847 9873 9847) (29.068 s)
>> 1328 (6171: 9877 9892 9877) (29.0433 s)
>> 805 (4018: 10825 10827 10825) (29.0526 s)
>> 792 (4372: 10639 10672 10639) (29.0051 s)
>> 785 (19239: 9106 32139 9106) (29.062 s)
>> 784 (12005: 10595 10614 10595) (29.0643 s)
>> 767 (13960: 9469 9488 9469) (29.0414 s)
>> 764 (16838: 9932 9957 9932) (29.0029 s)
>> 764 (11721: 9553 27199 9553) (28.9383 s)
>> 1501 (18025: 9545 9559 9545) (29.0981 s)
>> 2720 (27811: 9552 9581 9552) (28.9519 s)
>> 756 (25409: 10094 10125 10094) (28.9377 s)
>> 754 (15256: 10506 10510 10506) (28.8815 s)
>> 748 (18624: 9348 9364 9348) (28.8692 s)
>> 739 (7756: 9306 9309 9306) (28.8723 s)
>> 737 (7152: 9483 9495 9483) (28.8821 s)
>> 721 (6634: 9718 9725 9718) (28.8408 s)
>> 713 (17229: 9824 9848 9824) (28.7638 s)
>> 708 (14818: 10678 10696 10678) (28.7393 s)
>> 705 (4050: 10815 10816 10815) (28.724 s)
>> 696 (19590: 8975 8984 8975) (28.7437 s)
>> 690 (16886: 9945 9958 9945) (28.7986 s)
>> 1155 (16947: 9941 9946 9941) (28.6642 s)
>> 684 (4043: 10818 10819 10818) (28.6083 s)
>> 670 (10884: 10163 10191 10163) (28.6 s)
>> 669 (18850: 9256 9263 9256) (28.5992 s)
>> 2110 (11395: 9267 9272 9267) (28.4815 s)
>> 669 (5227: 10276 10292 10276) (28.511 s)
>> 668 (13311: 10569 10578 10569) (28.503 s)
>> 667 (11587: 9321 9323 9321) (28.4988 s)
>> 660 (6212: 9855 9872 9855) (28.4376 s)
>> 1693 (32063: 9771 9787 9771) (28.3807 s)
>> 658 (18168: 9504 9535 9504) (28.3297 s)
>> 642 (5513: 10179 10184 10179) (28.3242 s)
>> 640 (17815: 9634 9650 9634) (28.2813 s)
>> 637 (15082: 10570 10572 10570) (28.2646 s)
>> 631 (5519: 10167 10176 10167) (28.2521 s)
>> 620 (17697: 9665 9676 9665) (28.233 s)
>> 616 (3889: 8483 8484 8483) (28.2021 s)
>> 615 (6695: 9699 9710 9699) (28.2006 s)
>> 614 (13329: 10558 10562 10558) (28.1564 s)
>> 1181 (15101: 10557 10574 10557) (28.1347 s)
>> 612 (15320: 10487 10489 10487) (28.1303 s)
>> 612 (6719: 9683 9700 9683) (28.1109 s)
>> 608 (2231: 10331 10344 10331) (28.0798 s)
>> 598 (7598: 9355 9369 9355) (28.0395 s)
>> 590 (14720: 10743 10746 10743) (28.0388 s)
>> 590 (15152: 10555 10563 10555) (28.0235 s)
>> 580 (3115: 8786 8790 8786) (28.0043 s)
>> 575 (15714: 10384 10392 10384) (28.016 s)
>> 583 (15741: 10273 10332 10273) (28.0051 s)
>> 574 (14699: 10753 10756 10753) (27.976 s)
>> 572 (4901: 10448 10451 10448) (27.939 s)
>> 564 (4192: 10780 10787 10780) (27.9599 s)
>> 562 (11376: 9041 9043 9041) (27.9376 s)
>> 559 (7452: 9411 9412 9411) (27.905 s)
>> 559 (5746: 10013 10080 10013) (27.8818 s)
>> 558 (28926: 9121 9129 9121) (27.8358 s)
>> 551 (16913: 9919 9929 9919) (27.878 s)
>> 548 (13515: 10198 10204 10198) (27.8088 s)
>> 541 (5997: 9948 9959 9948) (27.7754 s)
>> 541 (14674: 10763 10767 10763) (27.7698 s)
>> 540 (16194: 10189 10211 10189) (27.7665 s)
>> 529 (6682: 9622 9713 9622) (27.7833 s)
>> 528 (3032: 8823 8829 8823) (27.7153 s)
>> 525 (19456: 9017 9029 9017) (27.7028 s)
>> 513 (18738: 9293 9311 9293) (27.7293 s)
>> 512 (1862: 9829 9858 9829) (27.632 s)
>> 507 (6916: 9608 9621 9608) (27.618 s)
>> 503 (16476: 10072 10102 10072) (27.5924 s)
>> 502 (20537: 8666 8669 8666) (27.5851 s)
>> 501 (18487: 9387 9403 9387) (27.5849 s)
>> 486 (4782: 10499 10508 10499) (27.5376 s)
>> 585 (15244: 10516 10517 10516) (27.5138 s)
>> 482 (18607: 9354 9361 9354) (27.5356 s)
>> 480 (7382: 9415 9429 9415) (27.4965 s)
>> 479 (19021: 9174 9181 9174) (27.4771 s)
>> 479 (307: 8880 8893 8880) (27.4349 s)
>> 472 (13494: 10253 10257 10253) (27.4143 s)
>> 462 (26832: 8554 8563 8554) (27.4136 s)
>> 451 (15031: 10579 10593 10579) (27.3921 s)
>> 444 (22542: 9572 9623 9572) (27.3829 s)
>> 441 (6627: 9727 9738 9727) (27.3092 s)
>> 440 (32213: 9786 9890 9786) (27.3664 s)
>> 434 (18743: 9314 9300 9314) (27.3094 s)
>> 432 (20637: 8634 8641 8634) (27.3027 s)
>> 423 (18956: 9193 9195 9193) (27.2202 s)
>> 423 (21271: 9269 9292 9269) (27.2804 s)
>> 422 (6923: 9619 9629 9619) (27.1641 s)
>> 714 (17869: 9601 9617 9601) (27.1535 s)
>> 411 (20009: 8843 8849 8843) (27.0764 s)
>> 408 (13500: 10230 10242 10230) (27.0987 s)
>> 385 (8347: 9023 9033 9023) (27.0387 s)
>> 384 (2488: 9257 9259 9257) (27.005 s)
>> 383 (12571: 8610 8620 8610) (26.9748 s)
>> 375 (7663: 9343 9344 9343) (26.9525 s)
>> 365 (34673: 10480 671 10480) (26.8991 s)
>> 357 (35636: 10407 10441 10407) (26.9587 s)
>> 346 (15117: 10551 10561 10551) (26.8914 s)
>> 334 (4319: 10693 10703 10693) (26.8077 s)
>> 332 (4947: 10432 10437 10432) (26.8367 s)
>> 327 (15239: 10526 10536 10526) (26.8438 s)
>> 320 (10474: 10473 10475 10473) (26.8194 s)
>> 315 (19369: 9048 9050 9048) (26.8022 s)
>> 529 (19299: 9047 9071 9047) (26.7843 s)
>> 308 (5177: 10281 10321 10281) (26.7635 s)
>> 272 (15006: 10591 10605 10591) (26.7475 s)
>> 239 (19282: 9074 9079 9074) (26.7553 s)
>> 228 (3207: 8739 8742 8739) (26.7318 s)
>> 228 (16758: 10012 10034 10012) (26.704 s)
>> 221 (4357: 10667 10682 10667) (26.6522 s)
>> 336 (14860: 10659 10689 10659) (26.6469 s)
>> 841 (10652: 10589 10651 10589) (26.6716 s)
>> 185 (12957: 10585 10586 10585) (26.6408 s)
>> 179 (30522: 9498 9501 9498) (26.6372 s)
>> 168 (5801: 10056 10067 10056) (26.6456 s)
>> 154 (5766: 10061 10062 10061) (26.6384 s)
>> 150 (8759: 8757 8764 8757) (26.5637 s)
>> 146 (4400: 10628 10656 10628) (26.5262 s)
>> 892 (26517: 10726 10734 10726) (26.5364 s)
>> 144 (12894: 8944 8946 8944) (26.4822 s)
>> 144 (18395: 9396 9422 9396) (26.3849 s)
>> 530 (18586: 9367 9377 9367) (26.3648 s)
>> 134 (7976: 9199 9206 9199) (26.3542 s)
>> 133 (25939: 10213 10216 10213) (26.3319 s)
>> 132 (7562: 9360 9375 9360) (26.303 s)
>> 102 (27297: 9977 9982 9977) (26.2837 s)
>> 99 (14709: 10760 10779 10760) (26.2271 s)
>> 85 (14867: 10677 10685 10677) (26.2379 s)
>> 84 (16933: 9917 9947 9917) (26.1908 s)
>> 78 (7261: 9474 9478 9474) (26.1613 s)
>> 75 (2712: 8959 8963 8959) (26.168 s)
>> 65 (20975: 8510 8525 8510) (26.1126 s)
>> 39 (14512: 10823 10828 10823) (26.087 s)
>> 36 (13770: 9790 9800 9790) (26.0766 s)
>> 32 (6979: 9560 9594 9560) (26.0601 s)
>> 23 (13274: 10600 10609 10600) (26.0702 s)
>> 9 (21369: 8499 8504 8499) (26.0135 s)
>> 6 (4815: 10498 10501 10498) (26.0263 s)
>> 0 (-1: -1 -1 -1) (25.9773 s)
Zelikovsky 29949.8 s
>> 136424 (1815: 10833 10834 10800) (2158.46 s)
>> 72402 (8928: 20109 8927 8923) (2287.54 s)
>> 40245 (27946: 8535 8558 8515) (2085.8 s)
>> 22613 (916: 9143 9065 9061) (1690.01 s)
>> 22209 (2227: 10426 10472 10470) (1623.98 s)
>> 19027 (16745: 9902 10142 10016) (1677.22 s)
>> 17990 (2705: 9000 8969 8965) (1659.09 s)
>> 16567 (18920: 9223 9225 9217) (1670.64 s)
>> 14359 (26221: 27889 9321 9223) (1632.98 s)
>> 13452 (21900: 9227 9210 9143) (1670.03 s)
>> 12320 (16535: 10100 10083 9751) (1652.22 s)
>> 11052 (3233: 8702 20109 8728) (1718.5 s)
>> 9981 (6053: 9981 35858 9939) (1627.47 s)
>> 9726 (21124: 8461 8465 8462) (1658.54 s)
>> 9719 (25182: 9887 10100 9930) (1639.82 s)
>> 9540 (2861: 8885 8900 8894) (1648.84 s)
>> 9109 (24224: 9180 9190 9187) (1606.98 s)
>> 8553 (12081: 8953 8976 8956) (1636.8 s)
>> 8410 (17625: 28092 9704 9671) (1634.49 s)
>> 8299 (8170: 9070 9181 9117) (1622.57 s)
>> 8148 (3756: 8546 8540 8526) (1571.98 s)
>> 7899 (3782: 8527 8521 8534) (2586.59 s)
>> 7770 (7672: 9327 9358 9341) (2212.85 s)
>> 7501 (20447: 8677 8713 8698) (1843.29 s)
>> 7386 (3118: 8823 8791 8756) (1827.19 s)
>> 7273 (19481: 19638 9055 9010) (1861.48 s)
>> 7266 (7056: 9557 9563 9561) (1864.6 s)
>> 7259 (2778: 8934 8945 8943) (1852.71 s)
>> 7144 (3419: 8678 8665 8650) (1771.2 s)
>> 7136 (8045: 9165 9178 2413) (1832.3 s)
>> 7110 (3791: 8524 8537 8531) (1765.8 s)
>> 6884 (30918: 671 10478 10468) (1613.96 s)
>> 6731 (6069: 9957 9934 9913) (1663.79 s)
>> 6669 (3673: 8584 8572 8568) (1844.56 s)
>> 6520 (12897: 9176 9269 9216) (1829.93 s)
>> 6497 (2163: 9887 9813 9737) (1824.67 s)
>> 6317 (3708: 8555 8550 8548) (1723.91 s)
>> 6269 (19868: 8903 8886 8881) (1818.37 s)
>> 6233 (16309: 10119 10284 10264) (1810.29 s)
>> 6189 (34445: 8732 8738 8722) (1809.99 s)
>> 6111 (5368: 10241 10250 10232) (1763.9 s)
>> 6069 (10183: 10162 10207 10181) (1807.79 s)
>> 6009 (2368: 10236 10259 10209) (1818.38 s)
>> 5971 (3164: 8763 8779 8774) (1793.75 s)
>> 5853 (25640: 9666 9693 9656) (3098.58 s)
>> 5840 (17723: 9679 9668 9664) (1575.06 s)
>> 5823 (1471: 9133 9141 9085) (1509.29 s)
>> 5811 (8932: 8921 8944 8931) (1556.8 s)
>> 5649 (20500: 8679 8701 8689) (1469.68 s)
>> 5614 (1922: 9058 19266 9040) (1548.44 s)
>> 5598 (4743: 10519 194 10527) (1506.86 s)
>> 5587 (16728: 10021 10011 10005) (1544.78 s)
>> 5558 (8076: 9128 9158 9156) (1368.24 s)
>> 5520 (3539: 32721 20686 8622) (1460.52 s)
>> 5494 (25412: 9759 9685 9454) (1416.22 s)
>> 5401 (6396: 9821 9809 9805) (1395.44 s)
>> 5390 (12557: 9849 9844 9739) (1379.74 s)
>> 5374 (11111: 9499 9567 9537) (1454.99 s)
>> 5323 (19643: 8964 8960 8949) (1362.29 s)
>> 5280 (4237: 10775 10762 10755) (1448.09 s)
>> 5186 (29775: 9005 8997 8982) (1348.64 s)
>> 5097 (12099: 9630 9887 9642) (1448.96 s)
>> 5066 (5205: 10293 10300 10297) (1372.1 s)
>> 5005 (3754: 20905 8542 8541) (1356.8 s)
>> 4999 (4935: 10451 10446 10434) (1263.93 s)
>> 4933 (14945: 10646 10642 10632) (1294.03 s)
>> 4925 (16107: 10243 10260 10217) (1276.4 s)
>> 4917 (7935: 9227 9233 9226) (1283.9 s)
>> 4896 (26279: 9530 9580 9630) (1686.86 s)
>> 4804 (7334: 9471 9452 9324) (1697.79 s)
>> 4793 (689: 9058 9180 9172) (1455.61 s)
>> 4784 (7187: 9522 9492 9482) (1488.27 s)
>> 4736 (15762: 10326 10367 10365) (1342.03 s)
>> 4713 (7108: 9497 9607 9536) (1447.6 s)
>> 4656 (20369: 8732 8730 8727) (1458.96 s)
>> 4646 (7716: 9327 9329 9318) (1407.26 s)
>> 4629 (7574: 9338 9405 9373) (1406.33 s)
>> 4607 (784: 9007 27889 782) (1494.63 s)
>> 4577 (26196: 10459 10471 10464) (1461.94 s)
>> 4566 (22962: 10162 10212 10210) (1506.4 s)
>> 4565 (1503: 8907 8915 8908) (1420.58 s)
>> 4524 (19924: 8863 8875 8867) (1390.01 s)
>> 4519 (2419: 9209 9258 9213) (1464.21 s)
>> 4489 (8476: 8469 8481 8475) (1499.65 s)
>> 4469 (3895: 8484 8482 8479) (1710.41 s)
>> 4445 (13498: 10241 10258 10244) (2215.46 s)
>> 4401 (5734: 10073 10096 10088) (2319.6 s)
>> 4394 (33528: 8914 9000 8935) (2313.9 s)
>> 4389 (23245: 9139 34955 26260) (2253.49 s)
>> 4288 (28452: 2690 8914 8996) (2198.27 s)
>> 4259 (3797: 8524 8528 8518) (1391.47 s)
>> 4250 (7996: 9196 9198 9197) (1251.56 s)
>> 4220 (31603: 10055 10056 9997) (1222.79 s)
>> 4218 (12044: 8615 8672 8604) (1262.65 s)
>> 4194 (5707: 10095 10126 10098) (1238.08 s)
>> 4186 (25943: 10596 10617 10599) (1213.79 s)
>> 4157 (5192: 10279 10341 10304) (1180.38 s)
>> 4155 (3762: 20905 8538 8529) (1202.35 s)
>> 4108 (7654: 9351 9455 9204) (1189.5 s)
>> 4058 (5833: 10027 10044 10043) (1199.17 s)
>> 4018 (24275: 10521 10528 10513) (1160.22 s)
>> 3971 (11224: 9986 10051 9995) (1194.79 s)
>> 3965 (2351: 10114 10109 10073) (1179.1 s)
>> 3959 (6141: 9900 9952 9897) (1570.11 s)
>> 3956 (8278: 9060 9087 9072) (1487.17 s)
>> 3896 (5950: 9963 9992 9979) (1772.1 s)
>> 3838 (21631: 9835 9861 9798) (1734.51 s)
>> 3831 (27086: 9530 9490 9471) (1942.28 s)
>> 3812 (22369: 8859 8845 8810) (1717.3 s)
>> 3787 (3327: 8703 8692 8681) (2553.55 s)
>> 3753 (19892: 8880 8878 8873) (2624.27 s)
>> 4057 (14211: 8901 8893 8880) (2494.9 s)
>> 3743 (3286: 8704 8708 8700) (1717.21 s)
>> 3704 (20573: 8659 8655 8615) (1873.88 s)
>> 3674 (13196: 10791 10795 10794) (1777.17 s)
>> 3634 (10869: 9165 9196 9182) (1815.85 s)
>> 3625 (15312: 10489 10519 10493) (1690.56 s)
>> 3617 (18261: 9467 9477 9439) (1823.96 s)
>> 3600 (9912: 9879 9918 9910) (1747.95 s)
>> 3513 (1239: 10581 10683 10592) (1637.24 s)
>> 3507 (1026: 8863 8901 8877) (1673.22 s)
>> 3491 (12875: 9647 9626 9620) (1754.9 s)
>> 3479 (3322: 8704 8693 8678) (1697.51 s)
>> 3471 (27163: 10229 10286 10246) (1888.92 s)
>> 3446 (2182: 10635 10733 10606) (1510.33 s)
>> 3446 (26213: 9709 9723 9679) (1392.65 s)
>> 3398 (15837: 10314 10335 10333) (1255.07 s)
>> 3387 (3446: 8654 8661 8656) (1735.22 s)
>> 3381 (8371: 9039 9024 8995) (1358.26 s)
>> 3369 (20720: 32721 8611 8607) (1445.09 s)
>> 3355 (5465: 10186 16294 10195) (1339.69 s)
>> 3346 (3851: 8514 8508 8507) (1433.85 s)
>> 3343 (8338: 9032 9043 9037) (1264 s)
>> 3340 (14803: 10697 10723 10722) (1433.41 s)
>> 3337 (6270: 9860 9854 9853) (1365.38 s)
>> 3320 (23574: 9119 9129 9116) (1425.82 s)
>> 3310 (26528: 9576 9569 9517) (1313.62 s)
>> 3305 (9231: 9234 9229 9194) (1733.77 s)
>> 3285 (1024: 10465 27961 10428) (1675.89 s)
>> 3279 (26458: 9415 9406 9386) (1784.9 s)
>> 3263 (7755: 18720 9310 9308) (1741.86 s)
>> 3230 (12616: 10688 10654 10640) (1882.21 s)
>> 3202 (31588: 22235 8856 8854) (1837.89 s)
>> 3193 (30791: 8939 8936 8926) (1809.51 s)
>> 3192 (6819: 9652 9663 9657) (1656.29 s)
>> 3170 (4754: 10520 10536 10522) (1726.03 s)
>> 3165 (7783: 9303 9284 9297) (1801.2 s)
>> 3157 (6548: 9730 9770 9755) (1670.54 s)
>> 3146 (11329: 9610 9604 9584) (1737.07 s)
>> 3128 (2676: 8968 8977 8953) (1661.77 s)
>> 3122 (6862: 9618 9709 9636) (1843.81 s)
>> 3115 (2184: 10226 10275 10238) (1820.9 s)
>> 3102 (23963: 8778 8859 8770) (1592.04 s)
>> 3098 (10364: 10378 10362 10279) (1826.6 s)
>> 3085 (26533: 8578 8599 8585) (1893.58 s)
>> 3062 (23749: 10027 10078 10062) (1694.84 s)
>> 3048 (11850: 8582 8590 8561) (1668.25 s)
>> 3036 (9113: 9123 9111 9099) (1701.6 s)
>> 3034 (10757: 10745 10756 10747) (1689.82 s)
>> 3018 (13985: 9421 9433 9426) (1842.51 s)
>> 3013 (33422: 8885 8921 8913) (1693.97 s)
>> 3011 (17529: 9712 9729 9726) (1826.93 s)
>> 3069 (6691: 9706 9712 9711) (1623.93 s)
>> 2994 (13865: 9625 9639 9633) (1650.1 s)
>> 2992 (4389: 10629 10665 10648) (1498.53 s)
>> 2984 (7532: 9376 9394 9381) (1715.82 s)
>> 2962 (1107: 10802 10827 10822) (1728.43 s)
>> 2961 (1777: 10418 10415 10379) (1439.88 s)
>> 2955 (8328: 9046 9042 9039) (1617 s)
>> 2927 (18328: 9338 9480 9457) (1658.45 s)
>> 2927 (26026: 10579 10566 10556) (1656.64 s)
>> 2925 (21067: 8469 8487 8486) (1539.48 s)
>> 2922 (6734: 9681 9694 9691) (1500.23 s)
>> 2916 (17775: 9655 9669 9646) (1482.63 s)
>> 2906 (231: 10314 10322 10226) (1724.79 s)
>> 2895 (8291: 9070 9064 9046) (1604.85 s)
>> 2871 (17095: 9889 9950 9816) (1473.96 s)
>> 2868 (26559: 9161 9148 9126) (1809.41 s)
>> 2866 (11275: 8979 9001 8983) (1570.54 s)
>> 2838 (20103: 8827 8831 8825) (1530.88 s)
>> 2837 (2749: 8959 8951 8947) (1388.62 s)
>> 2837 (19547: 9005 9002 8989) (1558.55 s)
>> 2812 (1478: 2690 9006 9003) (1527.51 s)
>> 2802 (28151: 8823 8763 8755) (1633.74 s)
>> 2795 (3841: 8512 8509 8502) (1356.1 s)
>> 2792 (14635: 10792 10772 10761) (1382.14 s)
>> 2773 (16419: 10097 10131 10130) (1687.36 s)
>> 2755 (18381: 18302 9447 9435) (1651.88 s)
>> 2755 (35474: 9291 12025 9288) (1388.85 s)
>> 2748 (7244: 9451 9540 9507) (1416.4 s)
>> 2745 (22337: 9597 9651 9579) (1454.05 s)
>> 2745 (32248: 9167 9168 9165) (1641.79 s)
>> 2738 (3124: 8801 8787 8769) (1346.51 s)
>> 2737 (2552: 8962 34795 8961) (1431.61 s)
>> 2732 (4990: 10426 10417 10394) (1538.12 s)
>> 2730 (17225: 9830 9881 9838) (1479.26 s)
>> 2724 (14257: 8824 8828 8822) (1512.45 s)
>> 2722 (2873: 8879 8903 8883) (1427.98 s)
>> 2720 (33633: 9145 9167 9135) (1585.28 s)
>> 2715 (6304: 9776 9836 9762) (1410.8 s)
>> 2715 (17194: 9858 9843 9822) (1389.1 s)
>> 2709 (7498: 9370 9393 9338) (1297.83 s)
>> 2705 (31192: 31240 9986 9964) (1476.4 s)
>> 2698 (3616: 8603 8598 8589) (1660.07 s)
>> 2689 (5978: 9951 9978 9969) (1360.55 s)
>> 2688 (6791: 9677 9672 9666) (1526.02 s)
>> 2677 (31891: 10255 10263 10224) (1426.29 s)
>> 3106 (5341: 10255 10239 10203) (1500.91 s)
>> 2653 (7613: 9337 9372 9365) (1366.84 s)
>> 2650 (11660: 10249 10243 10234) (1510.02 s)
>> 2650 (11749: 9089 9119 9098) (1427.49 s)
>> 2649 (4663: 10560 10554 10553) (1498.04 s)
>> 2648 (29060: 8772 8813 8789) (1312.28 s)
>> 2640 (15331: 15322 10484 10483) (1497.57 s)
>> 2629 (4899: 10447 34625 10458) (1406.29 s)
>> 2629 (13548: 10153 10186 10137) (1500.06 s)
>> 2626 (24019: 10289 10293 10151) (1344.33 s)
>> 2608 (4425: 10619 10638 10621) (1481.82 s)
>> 2607 (18796: 9273 9278 9275) (1401.18 s)
>> 2598 (5753: 10057 10074 10079) (1488.56 s)
>> 2589 (5082: 10378 10396 10383) (1297.67 s)
>> 2576 (7958: 34054 9221 9219) (1475.16 s)
>> 2548 (10918: 9682 9690 9678) (1396.73 s)
>> 2540 (22870: 10697 10719 10696) (1471.94 s)
>> 2538 (13010: 19217 9146 9115) (1329.21 s)
>> 2532 (25689: 10764 10739 10710) (1478.23 s)
>> 2525 (35636: 10422 10429 10411) (1388.53 s)
>> 2715 (2159: 10425 10422 5009) (1447.26 s)
>> 2523 (171: 10461 10416 10398) (1278.86 s)
>> 2521 (18708: 9300 9307 9304) (1455.64 s)
>> 2517 (16801: 9963 10013 9960) (1382.71 s)
>> 2510 (33943: 9155 9161 9145) (1464.83 s)
>> 2498 (10977: 8934 30076 8905) (1310.77 s)
>> 2489 (4231: 10749 10759 10635) (1436.58 s)
>> 2587 (25228: 10749 10776 10771) (1368.04 s)
>> 2489 (8416: 9021 9012 9005) (1439.85 s)
>> 2475 (7201: 9488 9489 9459) (1232.29 s)
>> 2473 (21982: 9794 9763 9728) (1424.26 s)
>> 2463 (25450: 10050 10055 10035) (1352.68 s)
>> 2439 (6155: 9895 9915 9906) (1428.24 s)
>> 2432 (3397: 8677 8654 8671) (1286.41 s)
>> 2419 (20303: 8823 8751 8743) (1427.9 s)
>> 2415 (1660: 9220 9251 9247) (1358.17 s)
>> 2410 (2979: 8848 8847 8844) (1417.67 s)
>> 2379 (6391: 9821 9817 9811) (1238.19 s)
>> 2365 (2005: 8494 8496 8489) (1422.12 s)
>> 2364 (6114: 9904 9935 9916) (1340.99 s)
>> 2347 (4277: 10735 10745 10728) (1416.75 s)
>> 2343 (1655: 10692 10736 10708) (1272.42 s)
>> 2342 (7509: 9421 9385 9337) (1227.12 s)
>> 2339 (10029: 10024 10046 10028) (1328.16 s)
>> 2337 (4244: 10767 10752 10727) (1401.19 s)
>> 2332 (4688: 10559 10546 10540) (1227.11 s)
>> 2326 (6968: 9571 9647 9596) (1416.74 s)
>> 3102 (7002: 9571 9577 9558) (1320.02 s)
>> 2287 (18167: 9506 9518 9510) (1391.9 s)
>> 2276 (18810: 9282 9268 9252) (1258.97 s)
>> 2272 (4978: 10418 10437 10427) (1406.29 s)
>> 2268 (7860: 9274 9277 9262) (1312.06 s)
>> 2268 (19498: 9016 9022 9013) (1373.71 s)
>> 2264 (31553: 12302 10180 10146) (1210.94 s)
>> 2251 (14972: 10636 10629 10623) (1390.51 s)
>> 2241 (17906: 9609 9641 9598) (1302.29 s)
>> 2744 (17910: 9594 9609 9560) (1313.77 s)
>> 2239 (23576: 10646 10691 10661) (1251.24 s)
>> 2225 (15939: 10298 10318 10282) (1365.89 s)
>> 2224 (6459: 9835 9788 9767) (1266.52 s)
>> 2217 (14105: 9134 9125 9089) (1349.05 s)
>> 2198 (5533: 10164 10191 10169) (1198.25 s)
>> 2196 (5861: 10020 10031 10023) (1362.8 s)
>> 2193 (1164: 8837 8857 8811) (1286.04 s)
>> 2188 (2699: 8962 8979 8971) (1366.29 s)
>> 2185 (16214: 10215 10202 10177) (1229.85 s)
>> 2183 (31212: 10280 10291 10267) (1341.96 s)
>> 2178 (20568: 8657 8663 8551) (1284.29 s)
>> 2139 (14804: 10698 10732 10692) (1351.85 s)
>> 2134 (7474: 9418 9402 9388) (1180.34 s)
>> 2123 (33726: 9339 9291 9335) (1341.88 s)
>> 2104 (28927: 9134 9121 9108) (1272.71 s)
>> 2081 (938: 10015 10009 9993) (1348.08 s)
>> 2080 (11340: 9742 9782 9731) (1215.63 s)
>> 2067 (1426: 10488 10496 10492) (1319.8 s)
>> 2059 (17873: 9631 9628 9605) (1264.47 s)
>> 2044 (4469: 10601 10618 10613) (1336.4 s)
>> 2041 (19734: 8942 8964 8939) (1167.13 s)
>> 2037 (285: 9610 9599 9587) (1346.38 s)
>> 2034 (18255: 9472 9488 9485) (1261.2 s)
>> 2026 (5138: 10369 10334 10305) (1337.97 s)
>> 2202 (31146: 10332 10369 10301) (1192.64 s)
>> 2019 (1548: 9676 9682 9665) (1309.73 s)
>> 2014 (3279: 8732 8710 8703) (1234.3 s)
>> 2008 (8403: 9029 9025 9017) (1322.88 s)
>> 1997 (6228: 9856 9873 9867) (1154.94 s)
>> 1996 (5983: 9967 33775 9949) (1318.12 s)
>> 1993 (5470: 10175 10197 10194) (1246.34 s)
>> 1985 (5688: 10041 10118 10105) (1318.4 s)
>> 1976 (16325: 10144 10155 10152) (1184.41 s)
>> 1976 (29905: 9706 9696 9677) (1172.03 s)
>> 1969 (2320: 8870 8871 8862) (1232.15 s)
>> 1963 (18078: 9532 9572 9539) (1309.57 s)
>> 1960 (3104: 8815 8802 8801) (1104.53 s)
>> 1959 (20603: 8648 8646 8644) (1303.1 s)
>> 1958 (7013: 9575 9610 9555) (1230.47 s)
>> 1948 (28891: 9594 9655 9627) (1288.77 s)
>> 1935 (6411: 9889 9801 9706) (1170.51 s)
>> 1934 (3010: 8842 8834 8827) (1277.88 s)
>> 1931 (17000: 9927 9936 9886) (1151.74 s)
>> 1927 (4879: 10467 10466 10119) (1259.17 s)
>> 1925 (33292: 8530 8517 8512) (1128.11 s)
>> 1920 (12539: 8491 8527 8488) (1276.15 s)
>> 1905 (29810: 10709 10737 10675) (1217.95 s)
>> 1889 (6510: 9747 9790 9766) (1281.96 s)
>> 1888 (1534: 9176 9266 9242) (1160.58 s)
>> 1887 (17501: 9756 9749 9736) (1276.56 s)
>> 1886 (11744: 10251 10240 10227) (1202.87 s)
>> 1882 (12639: 9312 9370 9302) (1271.42 s)
>> 1878 (14923: 10626 10620 10596) (1112.45 s)
>> 1877 (23401: 9803 9810 9783) (1269.21 s)
>> 1872 (15192: 10529 10560 10539) (1190.1 s)
>> 1869 (4070: 10817 10813 10803) (1241.67 s)
>> 1869 (12293: 9946 9927 9903) (1142.15 s)
>> 1869 (16966: 9928 9947 9931) (1256.42 s)
>> 1867 (33356: 9058 9026 9018) (1192.11 s)
>> 1865 (6311: 17187 9834 9825) (1169.57 s)
>> 1861 (1607: 9473 9502 9462) (1099.2 s)
>> 1854 (6911: 9615 9640 9624) (1249.95 s)
>> 1852 (27981: 8906 8907 8879) (1188.19 s)
>> 1848 (7070: 9573 9556 9533) (1234.14 s)
>> 1846 (7934: 9222 9236 9228) (1130.02 s)
>> 1840 (25178: 14649 10799 10788) (1243.59 s)
>> 1837 (34307: 9028 9045 9030) (1143.32 s)
>> 1835 (33019: 10022 10033 10024) (1228.79 s)
>> 1831 (12738: 10749 10597 10595) (1088.19 s)
>> 1828 (30169: 9570 9586 9568) (1236.15 s)
>> 1826 (10907: 12302 10188 10176) (1167.58 s)
>> 1822 (29159: 10582 10604 10571) (1232.67 s)
>> 1818 (19007: 9188 9185 9179) (1116.18 s)
>> 1818 (21369: 8499 8501 8500) (1227.26 s)
>> 1817 (13004: 8778 8823 8748) (1126.35 s)
>> 1816 (2033: 10406 10430 10342) (1220.73 s)
>> 1809 (5562: 10164 10150 10149) (1073.49 s)
>> 1796 (32903: 10208 16174 10189) (1216.19 s)
>> 1793 (13665: 9951 9999 9983) (1159.29 s)
>> 1788 (2118: 20842 8582 8563) (1214.43 s)
>> 1780 (5784: 10057 10065 10060) (1102 s)
>> 1775 (14299: 8745 8762 8747) (1213.35 s)
>> 1775 (14957: 10610 10625 10611) (1141.48 s)
>> 1761 (4493: 10598 10603 10602) (1213.95 s)
>> 1757 (22112: 9516 9576 9468) (1062.7 s)
>> 1754 (17202: 9826 9846 9845) (1197.89 s)
>> 1742 (17097: 9876 9904 9868) (1138.94 s)
>> 1736 (12485: 9029 9032 9015) (1200.22 s)
>> 1725 (5607: 10120 10161 10143) (1091.03 s)
>> 1721 (8804: 8778 8803 8796) (1194.09 s)
>> 1713 (20389: 8714 8741 8716) (1125.28 s)
>> 1710 (26550: 9860 9957 9883) (1190.8 s)
>> 1709 (5213: 10289 10296 2085) (1043.41 s)
>> 1709 (35453: 10144 10165 10116) (1180.05 s)
>> 1702 (15687: 10391 10413 10403) (1119.96 s)
>> 1701 (12091: 10681 10702 10637) (1184.41 s)
>> 1696 (15894: 10319 10313 10289) (1079.33 s)
>> 1685 (18595: 9382 9368 9339) (1184.1 s)
>> 1676 (6424: 9777 17187 9796) (1122.37 s)
>> 1676 (14853: 10698 10685 10677) (1175.58 s)
>> 1668 (1799: 10641 10698 10610) (1030.92 s)
>> 1665 (1709: 8824 8821 8815) (1174.35 s)
>> 1665 (17408: 9794 9778 9776) (1115.56 s)
>> 1659 (28148: 8499 8514 8504) (1170.81 s)
>> 1658 (3335: 8697 8691 8684) (1063.76 s)
>> 1641 (16679: 10014 10034 10026) (1166.81 s)
>> 1629 (6953: 21152 9611 9603) (1102.3 s)
>> 1624 (13610: 10076 10063 10052) (1164.25 s)
>> 1606 (20211: 8788 8809 8784) (1020.15 s)
>> 1606 (26591: 10094 10090 10081) (1157.19 s)
>> 1595 (7429: 9434 9413 9409) (1100.53 s)
>> 1578 (12338: 10225 10219 10201) (1150.85 s)
>> 1575 (13821: 28092 9724 9719) (1049.82 s)
>> 1571 (22127: 8919 8918 8916) (1151.82 s)
>> 1555 (18870: 9227 9257 9238) (1090.82 s)
>> 1546 (9589: 9600 9588 9557) (1143.69 s)
>> 1543 (11507: 8635 8643 8636) (1008.09 s)
>> 1543 (16736: 10008 10014 9951) (1148.17 s)
>> 1542 (33771: 9038 9034 9028) (1081.82 s)
>> 1541 (18815: 9382 9272 9263) (1141.02 s)
>> 1540 (8150: 9128 9120 9124) (1033.27 s)
>> 1524 (18802: 18819 9296 9279) (1105.1 s)
>> 1522 (14664: 10775 10783 10684) (1085.15 s)
>> 1508 (31772: 10567 10565 10549) (1129.12 s)
>> 1507 (24697: 10704 10726 10695) (997.689 s)
>> 1485 (15272: 10504 10509 10505) (1127.97 s)
>> 1484 (3988: 10833 10832 10820) (1069.95 s)
>> 1484 (22924: 9007 9139 8988) (1103.42 s)
>> 1484 (33152: 9451 9794 9551) (1020.27 s)
>> 1482 (32436: 10791 10804 10802) (1113.17 s)
>> 1453 (290: 8495 8493 8492) (1057.63 s)
>> 1446 (827: 9905 10032 9938) (1114.84 s)
>> 1432 (27739: 35511 10548 10544) (984.679 s)
>> 1425 (20690: 8621 8626 8614) (1112.93 s)
>> 1638 (3519: 8631 8630 8621) (1053.33 s)
>> 1410 (11443: 9707 9710 9702) (1112.57 s)
>> 1404 (3498: 8639 8637 8627) (1005.74 s)
>> 1397 (10107: 10099 10138 10106) (1106.16 s)
>> 1390 (24940: 9945 9946 9928) (1027.91 s)
>> 1386 (5384: 10237 10228 10153) (1105.68 s)
>> 1382 (7792: 9312 18819 9292) (975.874 s)
>> 1367 (13484: 10266 10272 10255) (1099.5 s)
>> 1360 (26345: 10338 10382 10319) (1013.23 s)
>> 1357 (17238: 9852 9866 9831) (1097.83 s)
>> 1353 (6431: 9821 9795 9761) (992.612 s)
>> 1352 (29255: 9451 9830 9806) (1095.22 s)
>> 1350 (27201: 8848 12224 8860) (1026.24 s)
>> 1344 (6552: 9768 9754 9735) (1087.07 s)
>> 1344 (14940: 10627 10667 10622) (960.284 s)
>> 1340 (4786: 10507 10525 10518) (1062.51 s)
>> 1333 (6467: 9799 9775 9768) (942.389 s)
>> 1326 (18030: 9594 9550 9534) (800.034 s)
>> 1325 (21205: 10580 10585 10568) (671.159 s)
>> 1325 (23200: 10314 10306 10303) (693.011 s)
>> 1323 (6352: 9803 9841 9823) (679.92 s)
>> 1320 (22225: 8884 8902 8885) (692.626 s)
>> 1306 (5668: 10114 10338 10113) (657.564 s)
>> 1304 (29858: 9416 9399 9379) (688.438 s)
>> 1301 (8013: 9186 9192 9188) (673.83 s)
>> 1300 (1636: 9265 9303 9248) (685.07 s)
>> 1299 (7742: 9311 9331 9319) (663.369 s)
>> 1299 (32207: 10374 10375 10314) (686.668 s)
>> 1417 (23761: 10373 10393 10374) (673.6 s)
>> 1295 (18162: 9451 9573 9515) (685.912 s)
>> 1277 (1545: 10674 10705 10694) (659.15 s)
>> 1271 (13719: 9894 9945 9878) (682.244 s)
>> 1263 (7353: 7318 9445 9418) (665.537 s)
>> 1248 (18176: 9503 9526 9506) (677.43 s)
>> 1242 (4375: 10689 10671 10657) (651.711 s)
>> 1230 (5437: 10214 10206 10187) (674.115 s)
>> 1226 (15539: 10451 10442 10438) (656.444 s)
>> 1225 (5014: 10404 10412 10409) (666.013 s)
>> 1223 (1745: 9865 31240 9896) (634.734 s)
>> 1220 (15673: 10402 10408 10388) (664.323 s)
>> 1218 (13971: 9463 9460 9442) (640.618 s)
>> 1204 (4123: 10796 10801 10791) (662.356 s)
>> 1204 (13658: 10000 9988 9987) (636.823 s)
>> 1202 (12395: 10709 10707 10681) (657.327 s)
>> 1197 (16318: 10120 10184 10168) (644.457 s)
>> 1189 (4049: 10817 10833 10816) (655.839 s)
>> 1189 (9524: 9503 9594 9523) (621.321 s)
>> 1183 (1233: 9944 9933 9835) (647.762 s)
>> 1181 (22067: 10511 10521 10490) (633.897 s)
>> 1180 (19099: 9140 9177 9134) (643.768 s)
>> 1173 (34634: 10452 10460 10450) (622.167 s)
>> 1165 (7171: 9514 9500 9351) (640.976 s)
>> 1165 (20979: 8511 8516 8513) (630.559 s)
>> 1164 (18952: 9200 9208 9207) (637.558 s)
>> 1157 (20544: 8674 8667 8659) (608.346 s)
>> 1152 (33654: 10402 10406 10359) (634.756 s)
>> 1150 (34993: 9020 9023 9004) (622.278 s)
>> 1143 (16034: 10257 10280 10253) (630.084 s)
>> 1142 (7190: 9312 9503 9491) (609.426 s)
>> 1135 (27712: 10378 10405 10326) (628.391 s)
>> 1134 (24828: 9274 9249 9241) (616.218 s)
>> 1132 (8213: 9058 9097 9080) (624.794 s)
>> 1131 (7622: 9356 9421 9364) (600.622 s)
>> 1484 (7701: 9356 9333 9328) (620.966 s)
>> 1128 (10844: 10768 10750 10724) (609.533 s)
>> 1128 (11631: 9765 17462 9730) (618.984 s)
>> 1125 (21661: 9879 9914 9891) (598.203 s)
>> 1124 (14966: 10619 10612 10580) (616.216 s)
>> 1115 (16726: 10002 10025 9865) (604.329 s)
>> 1113 (5759: 10086 10075 10058) (612.277 s)
>> 1109 (7149: 9508 9495 9467) (586.551 s)
>> 1108 (14377: 8616 8613 8609) (611.788 s)
>> 1102 (29222: 9356 9419 9357) (597.723 s)
>> 1095 (2607: 9038 9050 9056) (606.366 s)
>> 1090 (10421: 10426 10419 10410) (587.766 s)
>> 1087 (28558: 10563 10552 10529) (604.951 s)
>> 1083 (2792: 8922 8934 8930) (592.669 s)
>> 1077 (3320: 8732 8694 8690) (600.64 s)
>> 1076 (20537: 8679 8669 8666) (577.196 s)
>> 1075 (31139: 9595 9606 9451) (598.307 s)
>> 1074 (15333: 10486 10488 10485) (586.588 s)
>> 1062 (3169: 8824 8777 8771) (595.289 s)
>> 1061 (11636: 9894 9919 9872) (577.497 s)
>> 1059 (6279: 9833 9859 9850) (592.948 s)
>> 1055 (19130: 9155 9128 9123) (582.339 s)
>> 1053 (7867: 9250 9261 9260) (579.182 s)
>> 1052 (7467: 9404 18302 9382) (565.393 s)
>> 1046 (7930: 9237 9232 9222) (590.301 s)
>> 1042 (7590: 9366 9371 9362) (583.369 s)
>> 1036 (16082: 10252 10247 10242) (591.962 s)
>> 1035 (26039: 10302 10317 10283) (573.965 s)
>> 1033 (7981: 9195 34054 9201) (594.122 s)
>> 1030 (4332: 10706 10693 10674) (578.104 s)
>> 1030 (16476: 10110 10111 10072) (585.317 s)
>> 1024 (19589: 8974 19612 9021) (564.732 s)
>> 1011 (6993: 9597 9578 9574) (584.12 s)
>> 1004 (20522: 8676 8683 8673) (572.942 s)
>> 1000 (15785: 10373 10355 10352) (579.307 s)
>> 999 (5500: 10266 10185 10175) (563.039 s)
>> 986 (6347: 9824 9826 9804) (580.49 s)
>> 983 (1104: 10680 14752 10690) (569.229 s)
>> 982 (18788: 9285 9259 9227) (575.97 s)
>> 980 (4557: 10581 33465 10576) (548.269 s)
>> 973 (19192: 9122 9155 9114) (560.765 s)
>> 964 (18813: 9281 18777 9271) (552.862 s)
>> 961 (14630: 14649 10817 10784) (552.982 s)
>> 958 (20819: 8578 8564 8557) (546.396 s)
>> 952 (18080: 9535 9544 9514) (558.68 s)
>> 947 (10670: 10636 10764 10668) (549.71 s)
>> 944 (2133: 9880 9884 9857) (557.412 s)
>> 943 (16640: 10053 10057 10020) (536.551 s)
>> 934 (19640: 8959 8968 8963) (554.618 s)
>> 933 (35702: 9052 9054 9038) (545.499 s)
>> 931 (17028: 9899 9920 9909) (551.534 s)
>> 931 (26832: 31198 8554 8553) (535.542 s)
>> 925 (5622: 10041 10132 10120) (553.866 s)
>> 925 (18355: 9446 9472 9456) (539.534 s)
>> 921 (3365: 8677 8686 8682) (515.822 s)
>> 917 (16821: 9973 9991 9984) (496.856 s)
>> 911 (31790: 8849 8906 8843) (504.356 s)
>> 909 (12560: 8474 8467 8472) (501.223 s)
>> 906 (2936: 8858 22235 8861) (502.918 s)
>> 957 (31988: 8858 8872 8837) (495.562 s)
>> 901 (13565: 10115 10103 10101) (500.443 s)
>> 899 (18061: 9538 9562 9312) (498.562 s)
>> 897 (2654: 10345 10332 10327) (497.586 s)
>> 891 (7480: 9434 9398 9376) (489.863 s)
>> 890 (2100: 10053 10080 9963) (503.686 s)
>> 888 (5957: 9975 9977 9889) (523.507 s)
>> 886 (35050: 9265 9327 9295) (528.791 s)
>> 875 (11225: 10281 10467 10321) (516.152 s)
>> 873 (6108: 9894 9917 9876) (525.86 s)
>> 868 (5331: 10233 10245 10235) (517.842 s)
>> 859 (15387: 10475 15322 10473) (527.474 s)
>> 858 (14670: 10786 10767 10769) (507.064 s)
>> 858 (20929: 8524 8546 8533) (521.401 s)
>> 843 (10652: 10676 10651 10626) (514.055 s)
>> 842 (5289: 10268 10266 10257) (520.135 s)
>> 840 (6336: 9777 9828 9812) (506.441 s)
>> 840 (7912: 9237 9250 9235) (517.022 s)
>> 840 (23844: 9294 21291 9317) (507.972 s)
>> 837 (3029: 8824 8835 8830) (513.873 s)
>> 835 (4276: 10753 10781 10735) (500.316 s)
>> 831 (13844: 9667 9659 9648) (510.737 s)
>> 827 (16420: 10128 10136 10125) (504.515 s)
>> 823 (6049: 9894 9940 9937) (528.872 s)
>> 821 (2840: 8863 8899 8895) (595.759 s)
>> 821 (3189: 8760 8778 8745) (620.563 s)
>> 816 (14773: 10786 10718 10646) (603.19 s)
>> 815 (11038: 10697 10751 10744) (618.125 s)
>> 812 (1451: 9996 10012 10008) (579.617 s)
>> 811 (15150: 10551 35511 10561) (614.884 s)
>> 810 (4952: 10436 15538 10451) (596.491 s)
>> 808 (6170: 9900 9892 9856) (611.911 s)
>> 807 (17130: 9871 9852 9894) (583.285 s)
>> 798 (6216: 9870 9921 9879) (609.155 s)
>> 796 (18152: 9521 9532 9473) (591.253 s)
>> 796 (20467: 8732 8697 8674) (606.815 s)
>> 795 (22911: 18720 9300 9314) (579.37 s)
>> 792 (7390: 9463 9427 9408) (603.622 s)
>> 791 (32067: 9847 9900 9837) (586.051 s)
>> 787 (2120: 8562 8577 8565) (601.634 s)
>> 784 (15031: 10593 10641 10579) (572.595 s)
>> 783 (5075: 10387 10397 10389) (596.875 s)
>> 1003 (23810: 10425 10407 10387) (581.004 s)
>> 775 (5302: 10256 10268 10252) (591.691 s)
>> 773 (271: 18720 7831 9273) (560.62 s)
>> 773 (15711: 5077 10425 10401) (587.811 s)
>> 768 (6798: 9670 9975 9652) (583.582 s)
>> 764 (4770: 10508 10516 10507) (603.057 s)
>> 753 (16837: 9968 9976 9989) (575.671 s)
>> 749 (3999: 10831 10830 10821) (586.879 s)
>> 740 (14552: 14649 10814 10809) (570.643 s)
>> 721 (6634: 9725 9765 9718) (585.024 s)
>> 713 (17229: 9848 17221 9824) (550.607 s)
>> 710 (15822: 10344 10418 10328) (582.132 s)
>> 704 (19453: 9027 9052 9016) (565.586 s)
>> 702 (19987: 8863 8865 8846) (580.735 s)
>> 696 (19590: 8984 8990 8942) (553.575 s)
>> 696 (30167: 8739 8737 8704) (577.394 s)
>> 688 (913: 10706 10734 10704) (562.718 s)
>> 688 (14607: 10793 14649 24978) (575.232 s)
>> 686 (17583: 9707 9717 9716) (542.589 s)
>> 685 (23327: 10241 10249 10248) (572.839 s)
>> 677 (8202: 9070 9110 9104) (556.081 s)
>> 669 (5227: 10276 10294 10292) (570.558 s)
>> 668 (13311: 10583 10578 10569) (544.397 s)
>> 658 (6962: 9601 9617 9575) (568.329 s)
>> 652 (12894: 8959 8946 8884) (538.709 s)
>> 651 (13433: 10392 10384 10345) (564.782 s)
>> 648 (14563: 10812 10811 10796) (534.548 s)
>> 646 (22921: 10002 9880 9832) (564.459 s)
>> 640 (17815: 9645 9650 9634) (548.719 s)
>> 637 (15082: 10570 10594 10572) (560.204 s)
>> 637 (18068: 9545 9553 9493) (536.11 s)
>> 630 (30550: 9320 9404 9322) (557.432 s)
>> 624 (757: 9996 9961 9948) (543.105 s)
>> 618 (20617: 8641 8651 8634) (555.887 s)
>> 616 (17773: 9654 9645 9676) (525.451 s)
>> 614 (7303: 9446 9450 9429) (553.829 s)
>> 614 (13329: 10558 10630 10562) (538.828 s)
>> 612 (15320: 10487 10489 10475) (551.297 s)
>> 607 (4805: 10503 10508 10506) (527.155 s)
>> 602 (5359: 10220 10373 10236) (548.812 s)
>> 602 (18258: 9320 9497 9478) (535.682 s)
>> 590 (14720: 10746 10779 10743) (547.768 s)
>> 590 (15152: 15169 10563 10555) (517.51 s)
>> 590 (15232: 10526 10559 10520) (544.784 s)
>> 586 (3613: 8600 8605 8594) (531.178 s)
>> 585 (8348: 9020 9058 9033) (542.312 s)
>> 581 (13402: 10439 10447 10344) (519.065 s)
>> 580 (3115: 8795 8790 8786) (541.029 s)
>> 574 (24259: 24258 9091 9077) (527.126 s)
>> 839 (35005: 9140 24258 9081) (539.419 s)
>> 573 (3076: 8788 8824 8812) (511.352 s)
>> 564 (12361: 8469 8473 8470) (516.97 s)
>> 564 (34319: 9356 9443 9416) (522.599 s)
>> 551 (16913: 9929 6051 9871) (533.234 s)
>> 550 (16397: 10128 10154 10093) (512.118 s)
>> 550 (16409: 10129 10128 10121) (531.893 s)
>> 548 (13515: 10198 10216 10204) (518.566 s)
>> 545 (17442: 9747 6649 9760) (529.387 s)
>> 542 (15989: 10273 5077 10270) (501.928 s)
>> 541 (13236: 10700 10680 10672) (527.005 s)
>> 539 (24607: 8863 31654 8904) (514.282 s)
>> 534 (5463: 16236 10196 10041) (525.059 s)
>> 528 (3032: 8829 8836 8760) (503.486 s)
>> 523 (5183: 10331 10439 10114) (522.187 s)
>> 521 (3108: 8800 8795 8785) (508.893 s)
>> 521 (15130: 10545 10619 10487) (519.789 s)
>> 519 (19357: 9063 9060 9059) (494.387 s)
>> 518 (19695: 8950 8959 8948) (517.82 s)
>> 513 (18738: 9305 9311 9293) (504.703 s)
>> 507 (6916: 9621 9629 9608) (515.268 s)
>> 507 (7978: 9122 9209 9202) (494.591 s)
>> 501 (18487: 9387 9415 9403) (511.163 s)
>> 497 (3869: 8499 8498 8495) (500.58 s)
>> 491 (20757: 8732 8602 8595) (511.927 s)
>> 489 (20975: 8510 20905 8525) (485.833 s)
>> 486 (16629: 10050 5776 10059) (502.31 s)
>> 484 (3135: 8788 8783 8746) (496.378 s)
>> 483 (17636: 9699 9707 9695) (505.943 s)
>> 482 (18607: 9361 9363 9354) (485.94 s)
>> 474 (7257: 9461 9476 9446) (504.536 s)
>> 470 (15244: 10517 10526 10503) (491.477 s)
>> 469 (18032: 9545 9597 9559) (502.501 s)
>> 464 (4014: 10826 10831 10819) (477.968 s)
>> 816 (4006: 10818 10828 10826) (499.713 s)
>> 462 (21602: 10004 10021 9990) (488.648 s)
>> 978 (13650: 10003 10053 10004) (498.158 s)
>> 458 (20615: 8648 8642 8639) (478.617 s)
>> 449 (17357: 9747 9800 9777) (495.033 s)
>> 446 (14576: 10812 10810 10806) (482.682 s)
>> 444 (18329: 9461 7318 9469) (491.684 s)
>> 443 (21491: 21557 9725 9700) (469.578 s)
>> 442 (890: 9344 9355 9336) (490.663 s)
>> 441 (6627: 9738 21557 9727) (478.978 s)
>> 440 (17418: 9757 9821 9741) (488.14 s)
>> 434 (31391: 10215 10241 10211) (468.077 s)
>> 434 (34316: 8524 8511 8499) (484.796 s)
>> 422 (6923: 9619 9632 9621) (475.644 s)
>> 417 (6715: 9701 9849 9681) (491.953 s)
>> 410 (3865: 3866 8510 8494) (469.334 s)
>> 407 (13599: 10082 10331 10027) (489.202 s)
>> 395 (15507: 10463 10452 10462) (471.041 s)
>> 392 (13530: 10166 10178 10144) (479.999 s)
>> 391 (2920: 8864 8889 8870) (462.586 s)
>> 384 (4401: 10656 10706 10658) (478.269 s)
>> 375 (12899: 8732 8829 8740) (468.168 s)
>> 374 (6788: 9674 9680 9538) (475.586 s)
>> 365 (13555: 10117 10141 10097) (454.209 s)
>> 365 (34673: 10480 15354 671) (475.269 s)
>> 356 (3474: 8645 8649 8648) (463.556 s)
>> 347 (35664: 10697 10775 10581) (472.561 s)
>> 345 (4216: 10773 10786 10763) (456.628 s)
>> 342 (5591: 10148 10215 10095) (470.512 s)
>> 337 (5737: 10003 10117 10087) (460.554 s)
>> 330 (14107: 9140 9109 9107) (468.172 s)
>> 324 (20271: 8761 8767 8732) (446.382 s)
>> 308 (2846: 8950 8896 8863) (465.206 s)
>> 305 (4850: 10480 10511 10482) (448.986 s)
>> 302 (273: 9274 18720 9286) (462.703 s)
>> 301 (14975: 4511 10615 10582) (481.37 s)
>> 1068 (14854: 4420 4511 10656) (558.812 s)
>> 300 (18669: 9356 9323 9007) (519.385 s)
>> 272 (15006: 10591 13291 10605) (507.019 s)
>> 264 (13245: 10666 10676 10627) (518.54 s)
>> 250 (16207: 10213 16236 10229) (579.571 s)
>> 248 (19998: 8858 8950 8850) (533.309 s)
>> 243 (6099: 9944 9922 9899) (586.324 s)
>> 242 (35041: 8677 8652 8641) (542.782 s)
>> 239 (13893: 9602 21152 9570) (444.854 s)
>> 232 (15288: 10517 10504 10501) (475.786 s)
>> 330 (4823: 10498 10517 10497) (1308.85 s)
>> 229 (32288: 8761 8578 20842) (1429.3 s)
>> 226 (20501: 8679 8695 8670) (690.496 s)
>> 206 (5596: 10003 10167 10145) (726.899 s)
>> 203 (2905: 8864 8876 8869) (615.11 s)
>> 202 (4160: 10790 10798 10773) (1338.3 s)
>> 202 (5645: 10237 10124 10110) (2182.4 s)
>> 198 (3207: 8788 8742 8739) (624.765 s)
>> 193 (20291: 8754 8761 8714) (646.051 s)
>> 190 (7554: 9377 9356 9367) (641.627 s)
>> 180 (8245: 9063 9093 9079) (1410.14 s)
>> 177 (14827: 10697 10709 10678) (1412.24 s)
>> 175 (8090: 9140 9152 9147) (782.986 s)
>> 165 (4751: 10480 10530 10523) (510.134 s)
>> 160 (4581: 10574 10697 10558) (562.32 s)
>> 159 (7834: 9267 9320 9276) (527.353 s)
>> 158 (5519: 12302 10205 10003) (1095.4 s)
>> 151 (18774: 9282 9287 9280) (1746.38 s)
>> 148 (6191: 9875 10002 9895) (856.861 s)
>> 142 (15205: 10480 10535 10534) (451.251 s)
>> 138 (17180: 9842 9929 9851) (665.806 s)
>> 134 (7976: 9206 9199 9195) (583.688 s)
>> 133 (13108: 8461 8471 8468) (584.136 s)
>> 132 (7562: 9375 18519 9360) (1532.04 s)
>> 132 (17386: 9773 9759 9595) (1629.52 s)
>> 130 (5523: 10171 10213 10162) (472.059 s)
>> 116 (16867: 9996 9955 9901) (537.118 s)
>> 112 (3450: 8653 8788 8658) (515.837 s)
>> 98 (815: 10436 10545 10465) (671.342 s)
>> 98 (18729: 9306 9309 9267) (1569.34 s)
>> 93 (7550: 9378 9380 9366) (1735.16 s)
>> 87 (19356: 9027 9063 9053) (457.532 s)
>> 84 (16444: 10127 10166 10115) (464.348 s)
>> 65 (4775: 15261 10510 10498) (477.062 s)
>> 65 (16886: 9958 9968 9842) (620.84 s)
>> 50 (3546: 8631 8629 8620) (886.639 s)
>> 50 (4193: 10770 10790 10780) (1584.42 s)
>> 50 (17534: 9747 9714 9699) (849.484 s)
>> 32 (8203: 9102 9103 9062) (425.204 s)
>> 25 (18219: 9498 9508 9461) (526.349 s)
>> 23 (4269: 10700 10792 10738) (495.011 s)
>> 21 (13544: 10156 10220 9902) (570.209 s)
>> 20 (7675: 9306 9305 9350) (2067.45 s)
>> 19 (32213: 9890 10156 9786) (1390.24 s)
>> 10 (11871: 10148 10134 10112) (481.163 s)
>> 0 (-1: -1 -1 -1) (595.008 s)
Zelikovsky- 788232 s
>>> get_solution
  refine_solution: new weight 532465396 (was 532503271) in 0.02978 s
  refine_solution: new weight 532461612 (was 532465396) in 0.030454 s
  refine_solution: new weight 532461612 (was 532461612) in 0.029865 s
>>> get_solution
  refine_solution: new weight 533117213 (was 533441451) in 0.029535 s
  refine_solution: new weight 533073165 (was 533117213) in 0.02996 s
  refine_solution: new weight 533072904 (was 533073165) in 0.029909 s
  refine_solution: new weight 533072904 (was 533072904) in 0.031133 s
0,,35859,54029,2136,,0,0,,533441451,533072904,532703363,532503271,532461612,,0,0,@@

  delete_edges: deleted 110 edges in 0.02032 s and 2 rounds
  handle_small_Steiner_degrees: steiner 2, suppress 190 in 0.000231 s
Starting round 1
contract_till_the_bitter_end interrupted
contract_till_the_bitter_end: 818182 s

Calling end_heu
>>> get_solution
Saved weight 332777632
end_heu: 0 loops with 0 unique solutions in 0.006081 s

Calling print_solution
>>> get_solution
  refine_solution: new weight 533129805 (was 533441451) in 0.048346 s
Oops orig weight was 533441451 but we got 533129805
## FINAL WEIGHT 533129805
print_solution: 0.092035 s
