Version: final-94-gfffc3aa rub_all.sh: remove longest prefix
Random seed: 1558031145
Start
>>> save_orig_graph
>> Saved weight 0
Graph loaded
|V| = 38308, |E| = 71546, |R| = 58
First clearance of the input. Calling buy_zero and run_all_heuristics.
  buy_zero: 0 zero edges in 0.000216 s
  handle_small_terminal_degrees: terms 0 in 2.9e-05 s
  handle_small_Steiner_degrees: steiner 0, suppress 4 in 4.7e-05 s
  shortest_edge_between_terminals: 0 edges in 4e-06 s
  handle_small_terminal_degrees: terms 0 in 2.8e-05 s
  handle_small_Steiner_degrees: steiner 0, suppress 0 in 4.4e-05 s
  shortest_edge_between_terminals: 0 edges in 1e-06 s
Compressed graph 38308 -> 38303
  delete_edges: deleted 3 edges in 0.005322 s and 1 rounds
  handle_small_terminal_degrees: terms 0 in 3e-05 s
  handle_small_Steiner_degrees: steiner 0, suppress 6 in 4.7e-05 s
  shortest_edge_between_terminals: 0 edges in 1e-06 s
  handle_small_terminal_degrees: terms 0 in 2.8e-05 s
  handle_small_Steiner_degrees: steiner 0, suppress 0 in 4.4e-05 s
  shortest_edge_between_terminals: 0 edges in 1e-06 s
Compressed graph 38303 -> 38297
  delete_edges_shortest_path: deleted 7 edges in 0.302782 s
  handle_small_terminal_degrees: terms 0 in 2.9e-05 s
  handle_small_Steiner_degrees: steiner 0, suppress 11 in 5.2e-05 s
  shortest_edge_between_terminals: 0 edges in 2e-06 s
  handle_small_terminal_degrees: terms 0 in 2.9e-05 s
  handle_small_Steiner_degrees: steiner 0, suppress 0 in 4.4e-05 s
  shortest_edge_between_terminals: 0 edges in 1e-06 s
Compressed graph 38297 -> 38286
  handle_small_terminal_degrees: terms 0 in 2.9e-05 s
  handle_small_Steiner_degrees: steiner 0, suppress 0 in 3.6e-05 s
  shortest_edge_between_terminals: 0 edges in 5e-06 s
Compressed graph 38286 -> 38286
  delete_edges_shortest_path: deleted 11 edges in 0.302513 s
  handle_small_terminal_degrees: terms 0 in 2.9e-05 s
  handle_small_Steiner_degrees: steiner 0, suppress 15 in 5.4e-05 s
  shortest_edge_between_terminals: 0 edges in 2e-06 s
  handle_small_terminal_degrees: terms 0 in 2.8e-05 s
  handle_small_Steiner_degrees: steiner 0, suppress 0 in 4.3e-05 s
  shortest_edge_between_terminals: 0 edges in 1e-06 s
Compressed graph 38286 -> 38271
Compressed graph 38271 -> 38271
>>> save_orig_graph
>> Saved weight 0
### ZEL_LVL=9 PRECISE_STARS=1

Calling `contract_till_the_bitter_end`
|V| = 38271, |E| = 71489, |R| = 58
>> 491 (29508: 26359 16962 26359) (0.009398 s)
>> 490 (12784: 30563 4565 30563) (0.008784 s)
>> 465 (29139: 1625 31453 1625) (0.008723 s)
>> 442 (34650: 8567 36586 8567) (0.008728 s)
>> 418 (27758: 26606 8617 26606) (0.008703 s)
>> 347 (28124: 30735 30989 30735) (0.008626 s)
>> 346 (14272: 24375 33364 24375) (0.008616 s)
>> 340 (3007: 31336 27374 31336) (0.008594 s)
>> 321 (11444: 5602 27931 5602) (0.008565 s)
>> 310 (31585: 8132 61 8132) (0.008562 s)
>> 252 (26948: 37976 13838 37976) (0.008496 s)
>> 0 (-1: -1 -1 -1) (0.008196 s)
Zelikovsky 220.603 s
>> 491 (29508: 28733 16962 26359) (224.561 s)
>> 490 (12784: 37216 4565 30563) (226.816 s)
>> 465 (29139: 31453 26470 1625) (227.336 s)
>> 442 (34650: 36586 30235 8567) (228.908 s)
>> 418 (27758: 8617 12 26606) (229.553 s)
>> 347 (28124: 30735 25242 30989) (230.699 s)
>> 346 (14272: 24375 8617 33364) (230.869 s)
>> 340 (3007: 31336 32062 27374) (232.369 s)
>> 311 (15683: 9793 4724 5602) (232.683 s)
>> 306 (31585: 8132 897 61) (234.135 s)
>> 252 (26948: 13838 11479 37976) (234.764 s)
>> 203 (18697: 30751 27931 36586) (234.969 s)
>> 200 (18854: 9793 28733 3197) (236.409 s)
>> 189 (30439: 13698 23995 37214) (239.044 s)
>> 173 (390: 9793 26844 27979) (239.536 s)
>> 127 (6555: 9793 24101 13088) (240.128 s)
>> 104 (7587: 31453 15575 8132) (240.705 s)
>> 63 (38118: 1560 9793 14266) (241.019 s)
>> 18 (1082: 24853 31453 1560) (242.324 s)
>> 5 (4677: 24853 27086 34269) (248.793 s)
>> 0 (-1: -1 -1 -1) (249.096 s)
Zelikovsky- 4944.86 s
>>> get_solution
  refine_solution: new weight 56710 (was 56710) in 0.009042 s
>>> get_solution
  refine_solution: new weight 61161 (was 61383) in 0.009438 s
  refine_solution: new weight 60779 (was 61161) in 0.009312 s
  refine_solution: new weight 60779 (was 60779) in 0.00914 s
0,,38271,71489,58,,0,0,,61383,60779,57666,56710,56710,,0,0,@@

  delete_edges: deleted 14 edges in 0.016721 s and 3 rounds
  handle_small_Steiner_degrees: steiner 0, suppress 18 in 6.9e-05 s
Starting round 1
Found 18 isolated vertices
Invalid ratios recomputed: 38253
Best ratio is 119/1 (119.0), centered at 4607
Finding the best star... Star with 2 terminals centered in 12403
round took: 33.0475 s
|V| = 38271, |E| = 71454, |R| = 57
>> 491 (29508: 26359 16962 26359) (0.009056 s)
>> 490 (12784: 30563 4565 30563) (0.008813 s)
>> 465 (29139: 1625 31453 1625) (0.008713 s)
>> 442 (34650: 8567 36586 8567) (0.008737 s)
>> 418 (27758: 26606 8617 26606) (0.008712 s)
>> 347 (28124: 30735 30989 30735) (0.008669 s)
>> 346 (14272: 24375 33364 24375) (0.008604 s)
>> 340 (3007: 12403 27374 12403) (0.008542 s)
>> 321 (11444: 5602 27931 5602) (0.008526 s)
>> 310 (31585: 8132 61 8132) (0.008549 s)
>> 252 (26948: 37976 13838 37976) (0.008465 s)
>> 0 (-1: -1 -1 -1) (0.008199 s)
Zelikovsky 220.798 s
>> 491 (29508: 28733 16962 26359) (224.972 s)
>> 490 (12784: 37216 4565 30563) (227.338 s)
>> 465 (29139: 31453 26470 1625) (227.802 s)
>> 442 (34650: 36586 30235 8567) (229.442 s)
>> 418 (27758: 8617 12 26606) (229.793 s)
>> 347 (28124: 30735 25242 30989) (231.17 s)
>> 346 (14272: 24375 8617 33364) (231.219 s)
>> 340 (3007: 12403 32062 27374) (232.787 s)
>> 311 (15683: 9793 4724 5602) (232.971 s)
>> 306 (31585: 8132 897 61) (234.454 s)
>> 252 (26948: 13838 11479 37976) (235.12 s)
>> 203 (18697: 30751 27931 36586) (235.377 s)
>> 200 (18854: 9793 28733 3197) (236.767 s)
>> 189 (30439: 13698 23995 37214) (239.334 s)
>> 173 (390: 9793 26844 27979) (254.585 s)
>> 127 (6555: 9793 24101 13088) (306.997 s)
>> 104 (7587: 31453 15575 8132) (364.246 s)
>> 63 (38118: 1560 9793 14266) (355.03 s)
>> 18 (1082: 24853 31453 1560) (389.858 s)
>> 5 (4677: 24853 27086 34269) (421.479 s)
>> 0 (-1: -1 -1 -1) (284.668 s)
Zelikovsky- 5625.59 s
>>> get_solution
  refine_solution: new weight 56710 (was 56710) in 0.011301 s
>>> get_solution
  refine_solution: new weight 61161 (was 61383) in 0.011563 s
  refine_solution: new weight 60779 (was 61161) in 0.011463 s
  refine_solution: new weight 60779 (was 60779) in 0.011368 s
1,,38253,71454,57,,38253,0,,61383,60779,57666,56710,56710,,119,2,@@

  handle_small_Steiner_degrees: steiner 0, suppress 0 in 4.4e-05 s
Starting round 2
Found 21 isolated vertices
Invalid ratios recomputed: 14057
Best ratio is 304/1 (304.0), centered at 1459
Finding the best star... Star with 2 terminals centered in 9793
round took: 18.3189 s
|V| = 38271, |E| = 71441, |R| = 56
>> 491 (29508: 26359 16962 26359) (0.010394 s)
>> 490 (12784: 30563 4565 30563) (0.009787 s)
>> 465 (29139: 1625 31453 1625) (0.009743 s)
>> 442 (34650: 8567 36586 8567) (0.009809 s)
>> 418 (27758: 26606 8617 26606) (0.009702 s)
>> 351 (15683: 5602 4724 5602) (0.009599 s)
>> 347 (28124: 30735 30989 30735) (0.00959 s)
>> 346 (14272: 24375 33364 24375) (0.00962 s)
>> 340 (3007: 12403 27374 12403) (0.009584 s)
>> 336 (2838: 3197 1560 3197) (0.009524 s)
>> 310 (31585: 8132 61 8132) (0.009525 s)
>> 252 (26948: 37976 13838 37976) (0.009462 s)
>> 0 (-1: -1 -1 -1) (0.009214 s)
Zelikovsky 239.611 s
>> 491 (29508: 28733 16962 26359) (242.803 s)
>> 490 (12784: 37216 4565 30563) (244.7 s)
>> 465 (29139: 31453 26470 1625) (245.688 s)
>> 442 (34650: 36586 30235 8567) (247.165 s)
>> 418 (27758: 8617 12 26606) (247.424 s)
>> 351 (15683: 9793 4724 5602) (248.879 s)
>> 347 (28124: 30735 25242 30989) (250.347 s)
>> 346 (14272: 24375 8617 33364) (250.266 s)
>> 340 (3007: 12403 32062 27374) (252.121 s)
>> 306 (31585: 8132 897 61) (252.8 s)
>> 252 (26948: 13838 11479 37976) (253.324 s)
>> 203 (18697: 30751 27931 36586) (253.289 s)
>> 200 (18854: 9793 28733 3197) (254.906 s)
>> 189 (30439: 13698 23995 37214) (257.963 s)
>> 173 (390: 9793 26844 27979) (258.043 s)
>> 127 (6555: 9793 24101 13088) (258.591 s)
>> 104 (7587: 31453 15575 8132) (259.235 s)
>> 63 (38118: 1560 9793 14266) (259.149 s)
>> 18 (1082: 24853 31453 1560) (260.451 s)
>> 5 (4677: 24853 27086 34269) (268.261 s)
>> 0 (-1: -1 -1 -1) (268.658 s)
Zelikovsky- 5334.24 s
>>> get_solution
  refine_solution: new weight 56658 (was 56658) in 0.011349 s
>>> get_solution
  refine_solution: new weight 61149 (was 61371) in 0.011625 s
  refine_solution: new weight 60925 (was 61149) in 0.011463 s
  refine_solution: new weight 60925 (was 60925) in 0.011483 s
2,,38250,71441,56,,14057,0,,61371,60925,57598,56658,56658,,304,2,@@

  handle_small_Steiner_degrees: steiner 0, suppress 2 in 6.9e-05 s
Starting round 3
Found 32 isolated vertices
Invalid ratios recomputed: 21752
Best ratio is 360/1 (360.0), centered at 6159
Finding the best star... Star with 2 terminals centered in 24101
round took: 27.5522 s
|V| = 38271, |E| = 71426, |R| = 55
>> 491 (29508: 26359 16962 26359) (0.010415 s)
>> 490 (12784: 30563 4565 30563) (0.009883 s)
>> 465 (29139: 1625 31453 1625) (0.009903 s)
>> 442 (34650: 8567 36586 8567) (0.009851 s)
>> 418 (27758: 26606 8617 26606) (0.009912 s)
>> 351 (15683: 5602 4724 5602) (0.009769 s)
>> 347 (28124: 30735 30989 30735) (0.009737 s)
>> 346 (14272: 24375 33364 24375) (0.009644 s)
>> 340 (3007: 12403 27374 12403) (0.009688 s)
>> 336 (2838: 3197 1560 3197) (0.009633 s)
>> 310 (31585: 8132 61 8132) (0.00964 s)
>> 252 (26948: 37976 13838 37976) (0.00963 s)
>> 0 (-1: -1 -1 -1) (0.009265 s)
Zelikovsky 242.526 s
>> 491 (29508: 28733 16962 26359) (245.712 s)
>> 490 (12784: 37216 4565 30563) (247.148 s)
>> 465 (29139: 31453 26470 1625) (247.528 s)
>> 442 (34650: 36586 30235 8567) (249.651 s)
>> 418 (27758: 8617 12 26606) (249.939 s)
>> 351 (15683: 9793 4724 5602) (251.202 s)
>> 347 (28124: 30735 25242 30989) (252.356 s)
>> 346 (14272: 24375 8617 33364) (252.55 s)
>> 340 (3007: 12403 32062 27374) (254.067 s)
>> 306 (31585: 8132 897 61) (254.673 s)
>> 252 (26948: 13838 11479 37976) (255.248 s)
>> 203 (18697: 30751 27931 36586) (255.293 s)
>> 200 (18854: 9793 28733 3197) (256.571 s)
>> 189 (30439: 13698 23995 37214) (259.373 s)
>> 173 (390: 9793 26844 27979) (260.002 s)
>> 144 (6555: 9793 24101 13088) (260.36 s)
>> 104 (7587: 31453 15575 8132) (261.742 s)
>> 63 (38118: 1560 9793 14266) (262.666 s)
>> 18 (1082: 24853 31453 1560) (263.948 s)
>> 5 (4677: 24853 27086 34269) (271.006 s)
>> 0 (-1: -1 -1 -1) (271.498 s)
Zelikovsky- 5382.71 s
>>> get_solution
  refine_solution: new weight 56658 (was 56658) in 0.011627 s
>>> get_solution
  refine_solution: new weight 61007 (was 61229) in 0.011525 s
  refine_solution: new weight 60783 (was 61007) in 0.01136 s
  refine_solution: new weight 60783 (was 60783) in 0.011327 s
3,,38239,71426,55,,21752,0,,61229,60783,57614,56658,56658,,360,2,@@

  handle_small_Steiner_degrees: steiner 0, suppress 1 in 6.3e-05 s
Starting round 4
Found 41 isolated vertices
Invalid ratios recomputed: 18937
Best ratio is 373/1 (373.0), centered at 12
Finding the best star... Star with 2 terminals centered in 37976
round took: 25.7759 s
|V| = 38271, |E| = 71413, |R| = 54
>> 493 (6188: 37976 26606 37976) (0.010201 s)
>> 0 (-1: -1 -1 -1) (0.009271 s)
Zelikovsky 240.164 s
>> 493 (6188: 8617 26606 37976) (243.313 s)
>> 491 (29508: 28733 16962 26359) (243.805 s)
>> 490 (12784: 37216 4565 30563) (246.062 s)
>> 465 (29139: 31453 26470 1625) (246.378 s)
>> 442 (34650: 36586 30235 8567) (248.278 s)
>> 351 (15683: 9793 4724 5602) (248.997 s)
>> 347 (28124: 30735 25242 30989) (250.172 s)
>> 346 (14272: 24375 8617 33364) (249.985 s)
>> 340 (3007: 12403 32062 27374) (252.158 s)
>> 306 (31585: 8132 897 61) (252.332 s)
>> 252 (26948: 13838 11479 24375) (253.152 s)
>> 203 (18697: 30751 27931 36586) (253.451 s)
>> 200 (18854: 9793 28733 3197) (254.792 s)
>> 189 (30439: 13698 23995 37214) (257.538 s)
>> 173 (390: 9793 26844 27979) (258.145 s)
>> 144 (6555: 9793 24101 13088) (258.605 s)
>> 104 (7587: 31453 15575 8132) (259.168 s)
>> 63 (38118: 1560 9793 14266) (259.656 s)
>> 18 (1082: 24853 31453 1560) (260.905 s)
>> 5 (4677: 24853 27086 34269) (268.253 s)
>> 0 (-1: -1 -1 -1) (263.836 s)
Zelikovsky- 5329.15 s
>>> get_solution
  refine_solution: new weight 56618 (was 56618) in 0.010674 s
>>> get_solution
  refine_solution: new weight 61007 (was 61229) in 0.011088 s
  refine_solution: new weight 60783 (was 61007) in 0.01082 s
  refine_solution: new weight 60783 (was 60783) in 0.011166 s
4,,38230,71413,54,,18937,0,,61229,60783,60813,56618,56618,,373,2,@@

  handle_small_Steiner_degrees: steiner 0, suppress 2 in 6.1e-05 s
Starting round 5
Found 52 isolated vertices
Invalid ratios recomputed: 18932
Best ratio is 433/1 (433.0), centered at 166
Finding the best star... Star with 2 terminals centered in 9013
round took: 27.6169 s
|V| = 38271, |E| = 71400, |R| = 53
>> 493 (6188: 37976 26606 37976) (0.009861 s)
>> 0 (-1: -1 -1 -1) (0.008967 s)
Zelikovsky 233.964 s
>> 493 (6188: 8617 26606 37976) (237.213 s)
>> 491 (29508: 28733 16962 26359) (237.991 s)
>> 490 (12784: 37216 4565 30563) (239.569 s)
>> 465 (29139: 31453 26470 1625) (240.018 s)
>> 442 (34650: 36586 30235 8567) (241.605 s)
>> 351 (15683: 9793 4724 5602) (242.2 s)
>> 347 (28124: 30735 25242 30989) (243.381 s)
>> 346 (14272: 24375 8617 33364) (243.601 s)
>> 340 (3007: 12403 32062 27374) (245.615 s)
>> 306 (31585: 8132 897 61) (245.814 s)
>> 252 (26948: 13838 11479 24375) (246.654 s)
>> 203 (18697: 30751 27931 36586) (246.862 s)
>> 200 (18854: 9793 28733 3197) (248.259 s)
>> 189 (30439: 13698 23995 37214) (251.157 s)
>> 173 (390: 9793 26844 27979) (251.618 s)
>> 144 (6555: 9793 24101 13088) (251.794 s)
>> 104 (7587: 31453 15575 8132) (252.37 s)
>> 63 (38118: 1560 9793 9013) (252.823 s)
>> 18 (1082: 24853 31453 1560) (254.267 s)
>> 5 (4677: 24853 27086 34269) (261.401 s)
>> 0 (-1: -1 -1 -1) (261.86 s)
Zelikovsky- 5196.24 s
>>> get_solution
  refine_solution: new weight 56618 (was 56618) in 0.010612 s
>>> get_solution
  refine_solution: new weight 61007 (was 61229) in 0.010956 s
  refine_solution: new weight 60783 (was 61007) in 0.010708 s
  refine_solution: new weight 60783 (was 60783) in 0.010575 s
5,,38219,71400,53,,18932,0,,61229,60783,60813,56618,56618,,433,2,@@

  handle_small_Steiner_degrees: steiner 0, suppress 3 in 9.2e-05 s
Starting round 6
Found 64 isolated vertices
Invalid ratios recomputed: 16665
Best ratio is 528/1 (528.0), centered at 1061
Finding the best star... Star with 2 terminals centered in 26844
round took: 28.8311 s
|V| = 38271, |E| = 71381, |R| = 52
>> 493 (6188: 37976 26606 37976) (0.010039 s)
>> 0 (-1: -1 -1 -1) (0.009239 s)
Zelikovsky 243.405 s
>> 493 (6188: 8617 26606 37976) (241.856 s)
>> 491 (29508: 28733 16962 26359) (242.927 s)
>> 490 (12784: 37216 4565 30563) (244.596 s)
>> 465 (29139: 31453 26470 1625) (244.856 s)
>> 442 (34650: 36586 30235 8567) (246.555 s)
>> 351 (15683: 9793 4724 5602) (247.085 s)
>> 347 (28124: 30735 25242 30989) (248.507 s)
>> 346 (14272: 24375 8617 33364) (248.672 s)
>> 340 (3007: 12403 32062 27374) (250.717 s)
>> 306 (31585: 8132 897 61) (250.891 s)
>> 252 (26948: 13838 11479 24375) (251.585 s)
>> 203 (18697: 30751 27931 36586) (251.751 s)
>> 200 (18854: 9793 28733 3197) (253.361 s)
>> 189 (30439: 13698 23995 37214) (256.309 s)
>> 173 (390: 9793 26844 27979) (256.929 s)
>> 104 (7587: 31453 15575 8132) (257.546 s)
>> 63 (38118: 1560 9793 9013) (257.821 s)
>> 18 (1082: 24853 31453 1560) (259.357 s)
>> 5 (4677: 24853 27086 34269) (266.48 s)
>> 0 (-1: -1 -1 -1) (266.951 s)
Zelikovsky- 5044.91 s
>>> get_solution
  refine_solution: new weight 56685 (was 56685) in 0.010677 s
>>> get_solution
  refine_solution: new weight 61007 (was 61373) in 0.011058 s
  refine_solution: new weight 60783 (was 61007) in 0.010824 s
  refine_solution: new weight 60783 (was 60783) in 0.010712 s
6,,38207,71381,52,,16665,0,,61373,60783,60957,56685,56685,,528,2,@@

  handle_small_Steiner_degrees: steiner 0, suppress 1 in 6.6e-05 s
Starting round 7
Found 76 isolated vertices
Invalid ratios recomputed: 23099
Best ratio is 1075/2 (537.5), centered at 10034
Finding the best star... Star with 3 terminals centered in 27086
round took: 34.0114 s
|V| = 38271, |E| = 71356, |R| = 50
>> 493 (6188: 37976 26606 37976) (0.009987 s)
>> 0 (-1: -1 -1 -1) (0.009188 s)
Zelikovsky 243.973 s
>> 493 (6188: 8617 26606 37976) (242.223 s)
>> 491 (29508: 28733 16962 26359) (243.084 s)
>> 490 (12784: 37216 4565 30563) (244.738 s)
>> 465 (29139: 31453 26470 27086) (245.119 s)
>> 442 (34650: 36586 30235 8567) (246.599 s)
>> 351 (15683: 9793 4724 5602) (247.437 s)
>> 347 (28124: 30735 25242 30989) (248.691 s)
>> 346 (14272: 24375 8617 33364) (248.919 s)
>> 340 (3007: 12403 32062 27374) (251.176 s)
>> 306 (31585: 8132 897 61) (251.494 s)
>> 252 (26948: 13838 11479 24375) (252.536 s)
>> 203 (18697: 30751 27931 36586) (252.795 s)
>> 200 (18854: 9793 28733 3197) (254.177 s)
>> 189 (30439: 13698 23995 37214) (256.701 s)
>> 173 (390: 9793 26844 27979) (257.243 s)
>> 104 (7587: 31453 15575 8132) (258.309 s)
>> 63 (38118: 1560 9793 9013) (259.15 s)
>> 18 (1082: 24853 31453 1560) (260.446 s)
>> 0 (-1: -1 -1 -1) (267.719 s)
Zelikovsky- 4788.71 s
>>> get_solution
  refine_solution: new weight 56685 (was 56685) in 0.010673 s
>>> get_solution
  refine_solution: new weight 61042 (was 61250) in 0.011182 s
  refine_solution: new weight 60818 (was 61042) in 0.010928 s
  refine_solution: new weight 60660 (was 60818) in 0.010858 s
  refine_solution: new weight 60660 (was 60660) in 0.01137 s
7,,38195,71356,50,,23099,0,,61250,60660,60834,56685,56685,,1075,3,@@

  handle_small_Steiner_degrees: steiner 0, suppress 0 in 4.5e-05 s
Starting round 8
Found 98 isolated vertices
Invalid ratios recomputed: 27399
Best ratio is 541/1 (541.0), centered at 2200
Finding the best star... Star with 2 terminals centered in 30235
round took: 39.8411 s
|V| = 38271, |E| = 71339, |R| = 49
>> 493 (6188: 37976 26606 37976) (0.009957 s)
>> 0 (-1: -1 -1 -1) (0.009141 s)
Zelikovsky 243.681 s
>> 493 (6188: 8617 26606 37976) (242.946 s)
>> 491 (29508: 28733 16962 26359) (243.927 s)
>> 490 (12784: 37216 4565 30563) (245.598 s)
>> 465 (29139: 31453 26470 27086) (245.761 s)
>> 442 (34650: 36586 30235 8567) (247.299 s)
>> 351 (15683: 9793 4724 5602) (248.231 s)
>> 347 (28124: 30735 25242 30989) (249.606 s)
>> 346 (14272: 24375 8617 33364) (249.726 s)
>> 306 (31585: 8132 897 61) (251.96 s)
>> 278 (3007: 12403 32062 27374) (252.914 s)
>> 252 (26948: 13838 11479 24375) (252.943 s)
>> 203 (18697: 30751 27931 36586) (253.249 s)
>> 200 (18854: 9793 28733 3197) (254.73 s)
>> 173 (390: 9793 26844 27979) (257.254 s)
>> 116 (30439: 30751 23995 37214) (258.099 s)
>> 104 (7587: 31453 15575 8132) (258.723 s)
>> 63 (38118: 1560 9793 9013) (259.349 s)
>> 18 (1082: 24853 31453 1560) (260.844 s)
>> 0 (-1: -1 -1 -1) (267.765 s)
Zelikovsky- 4801.08 s
>>> get_solution
  refine_solution: new weight 56685 (was 56685) in 0.010692 s
>>> get_solution
  refine_solution: new weight 61141 (was 61391) in 0.01132 s
  refine_solution: new weight 60759 (was 61141) in 0.010812 s
  refine_solution: new weight 60759 (was 60759) in 0.010525 s
8,,38173,71339,49,,27399,0,,61391,60759,60817,56685,56685,,541,2,@@

  handle_small_Steiner_degrees: steiner 0, suppress 1 in 5e-05 s
Starting round 9
Found 112 isolated vertices
Invalid ratios recomputed: 21609
Best ratio is 543/1 (543.0), centered at 427
Finding the best star... Star with 2 terminals centered in 26470
round took: 33.3913 s
|V| = 38271, |E| = 71319, |R| = 48
>> 512 (29139: 27086 31453 27086) (0.009896 s)
>> 493 (6188: 37976 26606 37976) (0.009461 s)
>> 0 (-1: -1 -1 -1) (0.009012 s)
Zelikovsky 246.344 s
>> 512 (29139: 31453 26470 27086) (243.155 s)
>> 493 (6188: 8617 26606 37976) (244.825 s)
>> 491 (29508: 28733 16962 26359) (245.913 s)
>> 490 (12784: 37216 4565 30563) (247.463 s)
>> 442 (34650: 36586 30235 8567) (247.96 s)
>> 351 (15683: 9793 4724 5602) (248.849 s)
>> 347 (28124: 30735 25242 30989) (250.244 s)
>> 346 (14272: 24375 8617 33364) (250.385 s)
>> 306 (31585: 8132 897 61) (252.763 s)
>> 278 (3007: 12403 32062 27374) (253.202 s)
>> 252 (26948: 13838 11479 24375) (253.517 s)
>> 203 (18697: 30751 27931 36586) (253.741 s)
>> 200 (18854: 9793 28733 3197) (254.804 s)
>> 173 (390: 9793 26844 27979) (257.376 s)
>> 116 (30439: 30751 23995 37214) (257.799 s)
>> 63 (38118: 1560 9793 9013) (258.503 s)
>> 18 (1082: 24853 31453 1560) (260.244 s)
>> 0 (-1: -1 -1 -1) (265.928 s)
Zelikovsky- 4546.82 s
>>> get_solution
  refine_solution: new weight 56727 (was 56727) in 0.010699 s
>>> get_solution
  refine_solution: new weight 61169 (was 61357) in 0.011231 s
  refine_solution: new weight 61011 (was 61169) in 0.010654 s
  refine_solution: new weight 61011 (was 61011) in 0.010431 s
9,,38159,71319,48,,21609,0,,61357,61011,60353,56727,56727,,543,2,@@

  handle_small_Steiner_degrees: steiner 0, suppress 2 in 8.7e-05 s
Starting round 10
Found 128 isolated vertices
Invalid ratios recomputed: 25668
Best ratio is 580/1 (580.0), centered at 4216
Finding the best star... Star with 2 terminals centered in 5602
round took: 40.4094 s
|V| = 38271, |E| = 71307, |R| = 47
>> 512 (29139: 27086 31453 27086) (0.009565 s)
>> 493 (6188: 37976 26606 37976) (0.009108 s)
>> 0 (-1: -1 -1 -1) (0.008739 s)
Zelikovsky 232.095 s
>> 512 (29139: 31453 26470 27086) (242.934 s)
>> 493 (6188: 8617 26606 37976) (242.149 s)
>> 491 (29508: 28733 16962 26359) (242.505 s)
>> 490 (12784: 37216 4565 30563) (243.025 s)
>> 442 (34650: 36586 30235 8567) (243.119 s)
>> 378 (27008: 9793 4724 5602) (244.57 s)
>> 347 (28124: 30735 25242 30989) (250.181 s)
>> 346 (14272: 24375 8617 33364) (250.308 s)
>> 306 (31585: 8132 897 61) (252.379 s)
>> 278 (3007: 12403 32062 27374) (253.298 s)
>> 252 (26948: 13838 11479 24375) (253.471 s)
>> 203 (18697: 30751 27931 36586) (253.609 s)
>> 200 (18854: 9793 28733 3197) (254.785 s)
>> 116 (30439: 30751 23995 37214) (258.482 s)
>> 63 (38118: 1560 9793 9013) (259.223 s)
>> 18 (1082: 24853 31453 1560) (260.991 s)
>> 0 (-1: -1 -1 -1) (266.482 s)
Zelikovsky- 4271.65 s
>>> get_solution
  refine_solution: new weight 56733 (was 56733) in 0.010607 s
>>> get_solution
  refine_solution: new weight 60855 (was 61043) in 0.011134 s
  refine_solution: new weight 60855 (was 60855) in 0.01078 s
10,,38143,71307,47,,25668,0,,61043,60855,60197,56733,56733,,580,2,@@

  handle_small_Steiner_degrees: steiner 0, suppress 1 in 7.1e-05 s
Starting round 11
Found 138 isolated vertices
Invalid ratios recomputed: 25182
Best ratio is 1215/2 (607.5), centered at 7662
Finding the best star... Star with 3 terminals centered in 30235
round took: 40.1567 s
|V| = 38271, |E| = 71274, |R| = 45
>> 512 (29139: 27086 31453 27086) (0.009494 s)
>> 493 (6188: 37976 26606 37976) (0.009048 s)
>> 0 (-1: -1 -1 -1) (0.008682 s)
Zelikovsky 231.565 s
>> 512 (29139: 31453 26470 27086) (241.721 s)
>> 493 (6188: 8617 26606 37976) (239.653 s)
>> 491 (29508: 28733 16962 26359) (240.276 s)
>> 490 (12784: 37216 4565 30563) (241.72 s)
>> 442 (34650: 36586 30235 8567) (241.759 s)
>> 378 (27008: 9793 4724 5602) (243.158 s)
>> 347 (28124: 30735 25242 30989) (244.172 s)
>> 346 (14272: 24375 8617 33364) (244.277 s)
>> 306 (31585: 8132 897 61) (246.893 s)
>> 278 (3007: 12403 32062 27374) (247.511 s)
>> 252 (26948: 13838 11479 24375) (247.67 s)
>> 203 (18697: 30751 27931 36586) (248.027 s)
>> 200 (18854: 9793 28733 3197) (249.188 s)
>> 63 (38118: 1560 9793 9013) (252.058 s)
>> 18 (1082: 24853 31453 1560) (253.581 s)
>> 0 (-1: -1 -1 -1) (260.072 s)
Zelikovsky- 3941.87 s
>>> get_solution
  refine_solution: new weight 56733 (was 56733) in 0.010642 s
>>> get_solution
  refine_solution: new weight 60739 (was 61085) in 0.011203 s
  refine_solution: new weight 60739 (was 60739) in 0.010837 s
11,,38133,71274,45,,25182,0,,61085,60739,60081,56733,56733,,1215,3,@@

  handle_small_Steiner_degrees: steiner 0, suppress 0 in 4.4e-05 s
Starting round 12
Found 166 isolated vertices
Invalid ratios recomputed: 23129
Best ratio is 628/1 (628.0), centered at 61
Finding the best star... Star with 2 terminals centered in 24375
round took: 39.0022 s
|V| = 38271, |E| = 71258, |R| = 44
>> 512 (29139: 27086 31453 27086) (0.009398 s)
>> 493 (6188: 37976 26606 37976) (0.008972 s)
>> 0 (-1: -1 -1 -1) (0.008626 s)
Zelikovsky 231.735 s
>> 512 (29139: 31453 26470 27086) (243.821 s)
>> 493 (6188: 8617 26606 37976) (242.122 s)
>> 491 (29508: 28733 16962 26359) (242.704 s)
>> 490 (12784: 37216 4565 30563) (242.223 s)
>> 442 (34650: 36586 30235 8567) (242.178 s)
>> 378 (27008: 9793 4724 5602) (243.972 s)
>> 347 (28124: 30735 25242 30989) (246.957 s)
>> 278 (3007: 12403 32062 27374) (247.215 s)
>> 274 (16713: 31453 33364 24853) (247.269 s)
>> 252 (26948: 13838 8617 11479) (247.638 s)
>> 220 (31585: 8132 897 24375) (247.79 s)
>> 203 (18697: 30751 27931 36586) (247.661 s)
>> 200 (18854: 9793 28733 3197) (247.837 s)
>> 63 (38118: 1560 9793 9013) (251.834 s)
>> 0 (-1: -1 -1 -1) (253.612 s)
Zelikovsky- 3694.96 s
>>> get_solution
  refine_solution: new weight 56682 (was 56682) in 0.010533 s
>>> get_solution
  refine_solution: new weight 60598 (was 60944) in 0.011187 s
  refine_solution: new weight 60598 (was 60598) in 0.010808 s
12,,38105,71258,44,,23129,0,,60944,60598,60098,56682,56682,,628,2,@@

  handle_small_Steiner_degrees: steiner 0, suppress 0 in 4.5e-05 s
Starting round 13
Found 182 isolated vertices
Invalid ratios recomputed: 24580
Best ratio is 639/1 (639.0), centered at 618
Finding the best star... Star with 2 terminals centered in 27931
round took: 45.1293 s
|V| = 38271, |E| = 71240, |R| = 43
>> 512 (29139: 27086 31453 27086) (0.009418 s)
>> 493 (6188: 37976 26606 37976) (0.008978 s)
>> 0 (-1: -1 -1 -1) (0.008586 s)
Zelikovsky 231.561 s
>> 512 (29139: 31453 26470 27086) (243.773 s)
>> 493 (6188: 8617 26606 37976) (244.574 s)
>> 491 (29508: 28733 16962 26359) (241.704 s)
>> 490 (12784: 37216 4565 30563) (242.468 s)
>> 442 (34650: 36586 30235 8567) (242.997 s)
>> 387 (11444: 27931 16162 5602) (243.935 s)
>> 347 (28124: 30735 25242 30989) (244.288 s)
>> 278 (3007: 12403 32062 27374) (244.355 s)
>> 274 (16713: 31453 33364 24853) (244.729 s)
>> 252 (26948: 13838 8617 11479) (246.709 s)
>> 239 (18854: 4724 28733 3197) (247.974 s)
>> 220 (31585: 8132 897 24375) (248.931 s)
>> 63 (38118: 1560 4724 9013) (249.26 s)
>> 0 (-1: -1 -1 -1) (251.106 s)
Zelikovsky- 3436.92 s
>>> get_solution
  refine_solution: new weight 56808 (was 56824) in 0.010563 s
  refine_solution: new weight 56808 (was 56808) in 0.01067 s
>>> get_solution
  refine_solution: new weight 60530 (was 60892) in 0.011107 s
  refine_solution: new weight 60530 (was 60530) in 0.010772 s
13,,38089,71240,43,,24580,0,,60892,60530,60046,56824,56808,,639,2,@@

  handle_small_Steiner_degrees: steiner 0, suppress 2 in 6.1e-05 s
Starting round 14
Found 198 isolated vertices
Invalid ratios recomputed: 29135
Best ratio is 649/1 (649.0), centered at 390
Finding the best star... Star with 2 terminals centered in 27979
round took: 51.7188 s
|V| = 38271, |E| = 71224, |R| = 42
>> 512 (29139: 27086 31453 27086) (0.009366 s)
>> 493 (6188: 37976 26606 37976) (0.008874 s)
>> 0 (-1: -1 -1 -1) (0.00856 s)
Zelikovsky 233.44 s
>> 512 (29139: 31453 26470 27086) (243.661 s)
>> 493 (6188: 8617 26606 37976) (243.761 s)
>> 491 (29508: 28733 16962 26359) (244.055 s)
>> 490 (12784: 37216 4565 30563) (245.094 s)
>> 442 (34650: 36586 30235 8567) (246.025 s)
>> 392 (19861: 4724 27931 27979) (246.556 s)
>> 347 (28124: 30735 25242 30989) (248.534 s)
>> 278 (3007: 12403 32062 27374) (248.501 s)
>> 274 (16713: 31453 33364 24853) (248.505 s)
>> 252 (26948: 13838 8617 11479) (250.372 s)
>> 239 (18854: 4724 28733 3197) (250.44 s)
>> 220 (31585: 8132 897 24375) (251.584 s)
>> 203 (18697: 30751 4724 36586) (251.912 s)
>> 63 (38118: 1560 30751 9013) (253.007 s)
>> 0 (-1: -1 -1 -1) (253.633 s)
Zelikovsky- 3725.76 s
>>> get_solution
  refine_solution: new weight 56600 (was 56616) in 0.010587 s
  refine_solution: new weight 56600 (was 56600) in 0.010667 s
>>> get_solution
  refine_solution: new weight 60530 (was 60734) in 0.011083 s
  refine_solution: new weight 60530 (was 60530) in 0.010691 s
14,,38073,71224,42,,29135,0,,60734,60530,59888,56616,56600,,649,2,@@

  handle_small_Steiner_degrees: steiner 0, suppress 0 in 4.4e-05 s
Starting round 15
Found 209 isolated vertices
Invalid ratios recomputed: 27878
Best ratio is 707/1 (707.0), centered at 900
Finding the best star... Star with 2 terminals centered in 32335
round took: 52.6012 s
|V| = 38271, |E| = 71207, |R| = 41
>> 512 (29139: 27086 31453 27086) (0.009222 s)
>> 493 (6188: 37976 26606 37976) (0.008918 s)
>> 0 (-1: -1 -1 -1) (0.008572 s)
Zelikovsky 231.151 s
>> 512 (29139: 31453 26470 27086) (242.319 s)
>> 493 (6188: 8617 26606 37976) (240.365 s)
>> 491 (29508: 28733 16962 26359) (241.1 s)
>> 490 (12784: 37216 4565 30563) (242.653 s)
>> 442 (34650: 36586 30235 8567) (242.989 s)
>> 392 (19861: 4724 27931 27979) (243.71 s)
>> 347 (28124: 30735 25242 30989) (245.896 s)
>> 278 (3007: 12403 32062 27374) (246.078 s)
>> 274 (16713: 31453 33364 24853) (246.121 s)
>> 252 (26948: 13838 8617 11479) (247.187 s)
>> 239 (18854: 4724 28733 3197) (247.507 s)
>> 220 (31585: 8132 897 24375) (249.471 s)
>> 203 (18697: 30751 4724 36586) (248.624 s)
>> 63 (38118: 1560 30751 9013) (250.046 s)
>> 0 (-1: -1 -1 -1) (252.559 s)
Zelikovsky- 3686.75 s
>>> get_solution
  refine_solution: new weight 56600 (was 56616) in 0.010616 s
  refine_solution: new weight 56600 (was 56600) in 0.010692 s
>>> get_solution
  refine_solution: new weight 60530 (was 60734) in 0.011174 s
  refine_solution: new weight 60530 (was 60530) in 0.010709 s
15,,38062,71207,41,,27878,0,,60734,60530,60046,56616,56600,,707,2,@@

  handle_small_Steiner_degrees: steiner 0, suppress 0 in 5.6e-05 s
Starting round 16
Found 224 isolated vertices
Invalid ratios recomputed: 27597
Best ratio is 770/1 (770.0), centered at 234
Finding the best star... Star with 2 terminals centered in 30235
round took: 54.7829 s
|V| = 38271, |E| = 71183, |R| = 40
>> 512 (29139: 27086 31453 27086) (0.009247 s)
>> 493 (6188: 37976 26606 37976) (0.008902 s)
>> 0 (-1: -1 -1 -1) (0.008508 s)
Zelikovsky 231.339 s
>> 512 (29139: 31453 26470 27086) (247.897 s)
>> 493 (6188: 8617 26606 37976) (247.126 s)
>> 491 (29508: 28733 16962 26359) (245.57 s)
>> 490 (12784: 37216 4565 30563) (246.52 s)
>> 442 (34650: 36586 30235 8567) (243.205 s)
>> 392 (19861: 4724 27931 27979) (237.479 s)
>> 347 (28124: 30735 25242 30989) (238.992 s)
>> 318 (8591: 12403 27374 36586) (238.964 s)
>> 274 (16713: 31453 33364 24853) (243.219 s)
>> 252 (26948: 13838 8617 11479) (273.839 s)
>> 239 (18854: 4724 28733 3197) (261.12 s)
>> 220 (31585: 8132 897 24375) (281.01 s)
>> 203 (18697: 30751 4724 12403) (254.284 s)
>> 63 (38118: 1560 30751 9013) (255.777 s)
>> 0 (-1: -1 -1 -1) (258.107 s)
Zelikovsky- 3773.24 s
>>> get_solution
  refine_solution: new weight 56560 (was 56576) in 0.011327 s
  refine_solution: new weight 56560 (was 56560) in 0.011429 s
>>> get_solution
  refine_solution: new weight 60530 (was 60892) in 0.01217 s
  refine_solution: new weight 60530 (was 60530) in 0.011415 s
16,,38047,71183,40,,27597,0,,60892,60530,59888,56576,56560,,770,2,@@

  delete_edges: deleted 69 edges in 0.02177 s and 3 rounds
  handle_small_Steiner_degrees: steiner 5, suppress 46 in 0.000103 s
Starting round 17
Found 293 isolated vertices
Invalid ratios recomputed: 26796
Best ratio is 2356/3 (785.3), centered at 298
Finding the best star... Star with 4 terminals centered in 12403
round took: 54.4867 s
|V| = 38271, |E| = 70998, |R| = 37
>> 512 (29139: 27086 31453 27086) (0.009582 s)
>> 493 (6188: 37976 26606 37976) (0.008944 s)
>> 0 (-1: -1 -1 -1) (0.008711 s)
Zelikovsky 227.288 s
>> 512 (29139: 31453 26470 27086) (232.74 s)
>> 493 (6188: 8617 26606 37976) (234.074 s)
>> 491 (29508: 28733 16962 26359) (234.9 s)
>> 490 (12784: 37216 4565 30563) (236.437 s)
>> 442 (34650: 36586 8567 12403) (236.895 s)
>> 392 (19861: 4724 27931 27979) (238.197 s)
>> 347 (28124: 30735 25242 30989) (240.575 s)
>> 274 (16713: 31453 33364 24853) (240.848 s)
>> 252 (26948: 13838 8617 11479) (243.105 s)
>> 239 (18854: 4724 28733 3197) (243.613 s)
>> 220 (31585: 8132 897 24375) (245.265 s)
>> 203 (18697: 30751 4724 36586) (245.416 s)
>> 63 (38118: 1560 30751 9013) (247.358 s)
>> 0 (-1: -1 -1 -1) (249.512 s)
Zelikovsky- 3369.06 s
>>> get_solution
  refine_solution: new weight 56472 (was 56488) in 0.011256 s
  refine_solution: new weight 56472 (was 56472) in 0.011631 s
>>> get_solution
  refine_solution: new weight 60159 (was 60321) in 0.012719 s
  refine_solution: new weight 60159 (was 60159) in 0.011573 s
17,,37978,70998,37,,26796,0,,60321,60159,59633,56488,56472,,2356,4,@@

  handle_small_Steiner_degrees: steiner 0, suppress 3 in 0.000106 s
Starting round 18
Found 347 isolated vertices
Invalid ratios recomputed: 28600
Best ratio is 815/1 (815.0), centered at 125
Finding the best star... Star with 2 terminals centered in 27086
round took: 61.7257 s
|V| = 38271, |E| = 70967, |R| = 36
>> 512 (29139: 27086 31453 27086) (0.009518 s)
>> 493 (6188: 37976 26606 37976) (0.008998 s)
>> 0 (-1: -1 -1 -1) (0.00869 s)
Zelikovsky 239.32 s
>> 512 (29139: 31453 26470 27086) (244.236 s)
>> 493 (6188: 8617 26606 37976) (245.303 s)
>> 491 (29508: 28733 16962 26359) (246.065 s)
>> 490 (12784: 37216 4565 30563) (247.473 s)
>> 442 (34650: 36586 8567 12403) (247.964 s)
>> 392 (19861: 4724 27931 27979) (249.736 s)
>> 347 (28124: 30735 25242 30989) (250.581 s)
>> 274 (16713: 31453 33364 24853) (250.654 s)
>> 252 (26948: 13838 8617 11479) (253.742 s)
>> 239 (18854: 4724 28733 3197) (254.375 s)
>> 220 (31585: 8132 897 24375) (255.746 s)
>> 203 (18697: 30751 4724 36586) (255.752 s)
>> 63 (38118: 1560 30751 9013) (256.877 s)
>> 0 (-1: -1 -1 -1) (258.815 s)
Zelikovsky- 3517.44 s
>>> get_solution
  refine_solution: new weight 56472 (was 56488) in 0.011269 s
  refine_solution: new weight 56472 (was 56472) in 0.011573 s
>>> get_solution
  refine_solution: new weight 60317 (was 60521) in 0.012161 s
  refine_solution: new weight 60317 (was 60317) in 0.0119 s
18,,37924,70967,36,,28600,0,,60521,60317,59517,56488,56472,,815,2,@@

  handle_small_Steiner_degrees: steiner 0, suppress 1 in 8.4e-05 s
Starting round 19
Found 371 isolated vertices
Invalid ratios recomputed: 33125
Best ratio is 1654/2 (827.0), centered at 18248
Finding the best star... Star with 3 terminals centered in 28733
round took: 71.0778 s
|V| = 38271, |E| = 70926, |R| = 34
>> 512 (29139: 27086 31453 27086) (0.009137 s)
>> 493 (6188: 37976 26606 37976) (0.008735 s)
>> 0 (-1: -1 -1 -1) (0.008509 s)
Zelikovsky 231.735 s
>> 512 (29139: 31453 26470 27086) (238.786 s)
>> 493 (6188: 8617 26606 37976) (240.477 s)
>> 490 (12784: 37216 4565 30563) (241.615 s)
>> 456 (29508: 28733 16962 26359) (241.982 s)
>> 442 (34650: 36586 8567 12403) (244.099 s)
>> 392 (19861: 28733 27931 27979) (245.439 s)
>> 347 (28124: 30735 25242 30989) (247.29 s)
>> 274 (16713: 31453 33364 24853) (247.426 s)
>> 252 (26948: 13838 8617 11479) (249.869 s)
>> 220 (31585: 8132 897 24375) (249.317 s)
>> 203 (18697: 30751 28733 36586) (249.551 s)
>> 97 (38118: 1560 30751 9013) (250.545 s)
>> 0 (-1: -1 -1 -1) (252.746 s)
Zelikovsky- 3199.25 s
>>> get_solution
  refine_solution: new weight 56472 (was 56488) in 0.011228 s
  refine_solution: new weight 56472 (was 56472) in 0.011366 s
>>> get_solution
  refine_solution: new weight 59939 (was 60143) in 0.012009 s
  refine_solution: new weight 59939 (was 59939) in 0.011613 s
19,,37900,70926,34,,33125,0,,60143,59939,59297,56488,56472,,1654,3,@@

  handle_small_Steiner_degrees: steiner 0, suppress 2 in 6.7e-05 s
Starting round 20
Found 406 isolated vertices
Invalid ratios recomputed: 33134
Best ratio is 879/1 (879.0), centered at 213
Finding the best star... Star with 2 terminals centered in 27931
round took: 79.22 s
|V| = 38271, |E| = 70900, |R| = 33
>> 512 (29139: 27086 31453 27086) (0.009044 s)
>> 493 (6188: 37976 26606 37976) (0.008657 s)
>> 0 (-1: -1 -1 -1) (0.008467 s)
Zelikovsky 231.931 s
>> 512 (29139: 31453 26470 27086) (238.412 s)
>> 493 (6188: 8617 26606 37976) (239.917 s)
>> 490 (12784: 37216 4565 30563) (241.008 s)
>> 456 (29508: 28733 16962 26359) (241.441 s)
>> 442 (34650: 36586 8567 12403) (243.404 s)
>> 392 (19861: 28733 27931 27979) (244.607 s)
>> 347 (28124: 30735 25242 30989) (234.816 s)
>> 274 (16713: 31453 33364 24853) (232.298 s)
>> 252 (26948: 13838 8617 11479) (234.74 s)
>> 220 (31585: 8132 897 24375) (235.111 s)
>> 97 (38118: 1560 28733 9013) (235.24 s)
>> 0 (-1: -1 -1 -1) (236.967 s)
Zelikovsky- 2858.06 s
>>> get_solution
  refine_solution: new weight 56610 (was 56626) in 0.008975 s
  refine_solution: new weight 56610 (was 56610) in 0.00902 s
>>> get_solution
  refine_solution: new weight 59939 (was 60143) in 0.009769 s
  refine_solution: new weight 59939 (was 59939) in 0.00941 s
20,,37865,70900,33,,33134,0,,60143,59939,59297,56626,56610,,879,2,@@

  handle_small_Steiner_degrees: steiner 0, suppress 3 in 8.5e-05 s
Starting round 21
Found 428 isolated vertices
Invalid ratios recomputed: 33613
Best ratio is 1914/2 (957.0), centered at 2548
Finding the best star... Star with 3 terminals centered in 24375
round took: 82.2056 s
|V| = 38271, |E| = 70854, |R| = 31
>> 512 (29139: 24375 27086 24375) (0.008011 s)
>> 507 (23844: 24853 16962 24853) (0.007817 s)
>> 493 (6188: 37976 26606 37976) (0.00801 s)
>> 0 (-1: -1 -1 -1) (0.007604 s)
Zelikovsky 219.74 s
>> 512 (29139: 31453 27086 24375) (225.415 s)
>> 493 (6188: 8617 26606 37976) (227.129 s)
>> 490 (12784: 37216 4565 30563) (229.284 s)
>> 456 (29508: 28733 16962 26359) (229.549 s)
>> 442 (34650: 36586 8567 12403) (231.156 s)
>> 392 (19861: 28733 27931 27979) (232.649 s)
>> 347 (28124: 30735 25242 30989) (233.941 s)
>> 272 (16713: 31453 33364 24853) (234.035 s)
>> 252 (26948: 13838 8617 11479) (235.38 s)
>> 97 (38118: 1560 28733 9013) (235.726 s)
>> 0 (-1: -1 -1 -1) (237.502 s)
Zelikovsky- 2551.85 s
>>> get_solution
  refine_solution: new weight 56724 (was 56802) in 0.008987 s
  refine_solution: new weight 56724 (was 56724) in 0.009177 s
>>> get_solution
  refine_solution: new weight 59945 (was 60149) in 0.009777 s
  refine_solution: new weight 59945 (was 59945) in 0.009403 s
21,,37843,70854,31,,33613,0,,60149,59945,59253,56802,56724,,1914,3,@@

  handle_small_Steiner_degrees: steiner 0, suppress 5 in 8.8e-05 s
Starting round 22
Found 467 isolated vertices
Invalid ratios recomputed: 31053
Best ratio is 1914/2 (957.0), centered at 9611
Finding the best star... Star with 3 terminals centered in 36586
round took: 82.7154 s
|V| = 38271, |E| = 70805, |R| = 29
>> 512 (29139: 24375 27086 24375) (0.008024 s)
>> 507 (23844: 24853 16962 24853) (0.00785 s)
>> 493 (6188: 37976 26606 37976) (0.007797 s)
>> 0 (-1: -1 -1 -1) (0.007628 s)
Zelikovsky 220.321 s
>> 512 (29139: 31453 27086 24375) (226.502 s)
>> 493 (6188: 8617 26606 37976) (228.753 s)
>> 490 (12784: 37216 4565 30563) (231.053 s)
>> 456 (29508: 28733 16962 26359) (231.503 s)
>> 392 (19861: 28733 27931 27979) (232.509 s)
>> 347 (28124: 30735 25242 30989) (234.569 s)
>> 272 (16713: 31453 33364 24853) (234.755 s)
>> 252 (26948: 13838 8617 11479) (236.261 s)
>> 97 (38118: 1560 28733 9013) (236.64 s)
>> 0 (-1: -1 -1 -1) (238.18 s)
Zelikovsky- 2330.8 s
>>> get_solution
  refine_solution: new weight 56724 (was 56802) in 0.008974 s
  refine_solution: new weight 56724 (was 56724) in 0.009001 s
>>> get_solution
  refine_solution: new weight 59637 (was 59799) in 0.009855 s
  refine_solution: new weight 59637 (was 59637) in 0.009441 s
22,,37804,70805,29,,31053,0,,59799,59637,58903,56802,56724,,1914,3,@@

  handle_small_Steiner_degrees: steiner 0, suppress 2 in 8.6e-05 s
Starting round 23
Found 507 isolated vertices
Invalid ratios recomputed: 33272
Best ratio is 959/1 (959.0), centered at 1049
Finding the best star... Star with 2 terminals centered in 23311
round took: 96.3548 s
|V| = 38271, |E| = 70777, |R| = 28
>> 512 (29139: 24375 27086 24375) (0.007956 s)
>> 507 (23844: 24853 16962 24853) (0.007779 s)
>> 490 (12784: 30563 4565 30563) (0.007736 s)
>> 458 (6188: 37976 26606 37976) (0.007695 s)
>> 0 (-1: -1 -1 -1) (0.00755 s)
Zelikovsky 220.378 s
>> 512 (29139: 31453 27086 24375) (226.623 s)
>> 490 (12784: 37216 4565 30563) (229.061 s)
>> 458 (6188: 23311 26606 37976) (229.439 s)
>> 456 (29508: 28733 16962 26359) (231.807 s)
>> 392 (19861: 28733 27931 27979) (232.951 s)
>> 347 (28124: 30735 25242 30989) (234.77 s)
>> 272 (16713: 31453 33364 24853) (235.04 s)
>> 252 (26948: 13838 11479 23311) (236.496 s)
>> 97 (38118: 1560 28733 9013) (236.658 s)
>> 0 (-1: -1 -1 -1) (238.387 s)
Zelikovsky- 2331.31 s
>>> get_solution
  refine_solution: new weight 56724 (was 56802) in 0.009257 s
  refine_solution: new weight 56724 (was 56724) in 0.009161 s
>>> get_solution
  refine_solution: new weight 59795 (was 59811) in 0.009899 s
  refine_solution: new weight 59795 (was 59795) in 0.009487 s
23,,37764,70777,28,,33272,0,,59811,59795,58269,56802,56724,,959,2,@@

  handle_small_Steiner_degrees: steiner 0, suppress 1 in 4.6e-05 s
Starting round 24
Found 530 isolated vertices
Invalid ratios recomputed: 30882
Best ratio is 1011/1 (1011.0), centered at 838
Finding the best star... Star with 2 terminals centered in 28733
round took: 98.4401 s
|V| = 38271, |E| = 70744, |R| = 27
>> 512 (29139: 24375 27086 24375) (0.007894 s)
>> 507 (23844: 24853 16962 24853) (0.007773 s)
>> 490 (12784: 30563 4565 30563) (0.007701 s)
>> 458 (6188: 37976 26606 37976) (0.0077 s)
>> 0 (-1: -1 -1 -1) (0.007543 s)
Zelikovsky 220.72 s
>> 512 (29139: 31453 27086 24375) (226.63 s)
>> 490 (12784: 37216 4565 30563) (229.209 s)
>> 458 (6188: 23311 26606 37976) (229.65 s)
>> 456 (29508: 28733 16962 26359) (231.904 s)
>> 392 (19861: 28733 27931 27979) (232.935 s)
>> 347 (28124: 30735 25242 30989) (234.833 s)
>> 272 (16713: 31453 33364 24853) (235 s)
>> 252 (26948: 13838 11479 23311) (236.653 s)
>> 0 (-1: -1 -1 -1) (236.801 s)
Zelikovsky- 2093.69 s
>>> get_solution
  refine_solution: new weight 56821 (was 56899) in 0.009017 s
  refine_solution: new weight 56821 (was 56821) in 0.009171 s
>>> get_solution
  refine_solution: new weight 59637 (was 59653) in 0.009804 s
  refine_solution: new weight 59637 (was 59637) in 0.009428 s
24,,37741,70744,27,,30882,0,,59653,59637,58269,56899,56821,,1011,2,@@

  handle_small_Steiner_degrees: steiner 0, suppress 2 in 5e-05 s
Starting round 25
Found 559 isolated vertices
Invalid ratios recomputed: 34784
Best ratio is 2155/2 (1077.5), centered at 1101
Finding the best star... Star with 3 terminals centered in 33364
round took: 110.446 s
|V| = 38271, |E| = 70692, |R| = 25
>> 512 (29139: 27086 31453 27086) (0.00782 s)
>> 490 (12784: 30563 4565 30563) (0.007663 s)
>> 458 (6188: 37976 26606 37976) (0.007623 s)
>> 0 (-1: -1 -1 -1) (0.007494 s)
Zelikovsky 221.015 s
>> 512 (29139: 31453 33364 27086) (227.261 s)
>> 490 (12784: 37216 4565 30563) (230.601 s)
>> 458 (6188: 23311 26606 37976) (231.031 s)
>> 456 (29508: 28733 16962 26359) (232.427 s)
>> 392 (19861: 28733 27931 27979) (234.173 s)
>> 347 (28124: 30735 25242 30989) (235.639 s)
>> 252 (26948: 13838 11479 23311) (235.841 s)
>> 0 (-1: -1 -1 -1) (236.114 s)
Zelikovsky- 1863.15 s
>>> get_solution
  refine_solution: new weight 56821 (was 56899) in 0.009031 s
  refine_solution: new weight 56821 (was 56821) in 0.009154 s
>>> get_solution
  refine_solution: new weight 59541 (was 59557) in 0.009743 s
  refine_solution: new weight 59541 (was 59541) in 0.009486 s
25,,37712,70692,25,,34784,0,,59557,59541,58155,56899,56821,,2155,3,@@

  handle_small_Steiner_degrees: steiner 0, suppress 3 in 8.6e-05 s
Starting round 26
Found 604 isolated vertices
Invalid ratios recomputed: 35717
Best ratio is 1098/1 (1098.0), centered at 2077
Finding the best star... Star with 2 terminals centered in 33364
round took: 118.993 s
|V| = 38271, |E| = 70662, |R| = 24
>> 512 (29139: 27086 31453 27086) (0.007844 s)
>> 490 (12784: 30563 4565 30563) (0.007692 s)
>> 0 (-1: -1 -1 -1) (0.007579 s)
Zelikovsky 220.905 s
>> 512 (29139: 31453 33364 27086) (227.318 s)
>> 490 (12784: 37216 4565 30563) (230.794 s)
>> 458 (6188: 23311 31453 26606) (231.111 s)
>> 456 (29508: 28733 16962 26359) (233.856 s)
>> 392 (19861: 28733 27931 27979) (235.582 s)
>> 347 (28124: 30735 25242 30989) (237.569 s)
>> 252 (26948: 13838 11479 23311) (237.81 s)
>> 0 (-1: -1 -1 -1) (237.74 s)
Zelikovsky- 1871.85 s
>>> get_solution
  refine_solution: new weight 56821 (was 56899) in 0.00905 s
  refine_solution: new weight 56821 (was 56821) in 0.009141 s
>>> get_solution
  refine_solution: new weight 59383 (was 59399) in 0.009762 s
  refine_solution: new weight 59383 (was 59383) in 0.009435 s
26,,37667,70662,24,,35717,0,,59399,59383,58425,56899,56821,,1098,2,@@

  handle_small_Steiner_degrees: steiner 0, suppress 1 in 4.8e-05 s
Starting round 27
Found 628 isolated vertices
Invalid ratios recomputed: 35693
Best ratio is 2209/2 (1104.5), centered at 3000
Finding the best star... Star with 3 terminals centered in 4565
round took: 126.779 s
|V| = 38271, |E| = 70603, |R| = 22
>> 512 (29139: 27086 31453 27086) (0.007826 s)
>> 458 (6188: 26606 23311 26606) (0.00767 s)
>> 456 (29508: 26359 16962 26359) (0.007549 s)
>> 392 (19861: 27979 27931 27979) (0.007501 s)
>> 347 (28124: 30735 30989 30735) (0.007464 s)
>> 0 (-1: -1 -1 -1) (0.0074 s)
Zelikovsky 220.501 s
>> 512 (29139: 31453 33364 27086) (227.184 s)
>> 458 (6188: 23311 31453 26606) (230.833 s)
>> 456 (29508: 28733 16962 26359) (233.642 s)
>> 392 (19861: 28733 27931 27979) (235.299 s)
>> 347 (28124: 30735 25242 30989) (236.811 s)
>> 252 (26948: 13838 11479 23311) (237.312 s)
>> 0 (-1: -1 -1 -1) (237.136 s)
Zelikovsky- 1638.28 s
>>> get_solution
  refine_solution: new weight 56771 (was 56849) in 0.009043 s
  refine_solution: new weight 56771 (was 56771) in 0.009119 s
>>> get_solution
  refine_solution: new weight 58857 (was 59031) in 0.009765 s
  refine_solution: new weight 58857 (was 58857) in 0.009272 s
27,,37643,70603,22,,35693,0,,59031,58857,57093,56849,56771,,2209,3,@@

  handle_small_Steiner_degrees: steiner 0, suppress 1 in 4.8e-05 s
Starting round 28
Found 680 isolated vertices
Invalid ratios recomputed: 34073
Best ratio is 1150/1 (1150.0), centered at 712
Finding the best star... Star with 2 terminals centered in 27979
round took: 127.571 s
|V| = 38271, |E| = 70578, |R| = 21
>> 512 (29139: 27086 31453 27086) (0.007793 s)
>> 458 (6188: 26606 23311 26606) (0.007609 s)
>> 456 (29508: 26359 16962 26359) (0.007503 s)
>> 392 (19861: 27979 27931 27979) (0.007481 s)
>> 347 (28124: 30735 30989 30735) (0.007411 s)
>> 0 (-1: -1 -1 -1) (0.007379 s)
Zelikovsky 220.584 s
>> 512 (29139: 31453 33364 27086) (226.687 s)
>> 458 (6188: 23311 31453 26606) (230.157 s)
>> 456 (29508: 28733 16962 26359) (232.58 s)
>> 392 (19861: 28733 27931 27979) (234.324 s)
>> 347 (28124: 30735 25242 30989) (236.275 s)
>> 252 (26948: 13838 11479 23311) (236.58 s)
>> 0 (-1: -1 -1 -1) (236.703 s)
Zelikovsky- 1633.37 s
>>> get_solution
  refine_solution: new weight 56771 (was 56849) in 0.008999 s
  refine_solution: new weight 56771 (was 56771) in 0.009113 s
>>> get_solution
  refine_solution: new weight 58857 (was 58873) in 0.009683 s
  refine_solution: new weight 58857 (was 58857) in 0.009386 s
28,,37591,70578,21,,34073,0,,58873,58857,57093,56849,56771,,1150,2,@@

  handle_small_Steiner_degrees: steiner 0, suppress 1 in 5.5e-05 s
Starting round 29
Found 700 isolated vertices
Invalid ratios recomputed: 34144
Best ratio is 2443/2 (1221.5), centered at 9357
Finding the best star... Star with 3 terminals centered in 16962
round took: 138.032 s
|V| = 38271, |E| = 70521, |R| = 19
>> 512 (29139: 27086 31453 27086) (0.007743 s)
>> 458 (6188: 26606 23311 26606) (0.007552 s)
>> 392 (19861: 27979 27931 27979) (0.007419 s)
>> 347 (28124: 30735 30989 30735) (0.007409 s)
>> 0 (-1: -1 -1 -1) (0.007355 s)
Zelikovsky 220.586 s
>> 512 (29139: 31453 33364 27086) (227.744 s)
>> 458 (6188: 23311 31453 26606) (231.018 s)
>> 392 (19861: 16962 27931 27979) (233.405 s)
>> 347 (28124: 30735 25242 30989) (235.464 s)
>> 252 (26948: 13838 11479 23311) (235.436 s)
>> 0 (-1: -1 -1 -1) (235.511 s)
Zelikovsky- 1398.63 s
>>> get_solution
  refine_solution: new weight 56756 (was 56834) in 0.009062 s
  refine_solution: new weight 56756 (was 56756) in 0.009082 s
>>> get_solution
  refine_solution: new weight 58386 (was 58402) in 0.009699 s
  refine_solution: new weight 58386 (was 58386) in 0.009374 s
29,,37571,70521,19,,34144,0,,58402,58386,57078,56834,56756,,2443,3,@@

  handle_small_Steiner_degrees: steiner 0, suppress 4 in 5.8e-05 s
Starting round 30
Found 755 isolated vertices
Invalid ratios recomputed: 35866
Best ratio is 3833/3 (1277.7), centered at 7787
Finding the best star... Star with 4 terminals centered in 23311
round took: 146.077 s
|V| = 38271, |E| = 70430, |R| = 16
>> 512 (29139: 23311 27086 23311) (0.00765 s)
>> 392 (19861: 27979 27931 27979) (0.007483 s)
>> 347 (28124: 30735 30989 30735) (0.007408 s)
>> 0 (-1: -1 -1 -1) (0.007343 s)
Zelikovsky 220.608 s
>> 512 (29139: 31453 27086 23311) (227.16 s)
>> 392 (19861: 16962 27931 27979) (231.507 s)
>> 347 (28124: 30735 25242 30989) (233.334 s)
>> 0 (-1: -1 -1 -1) (233.608 s)
Zelikovsky- 925.65 s
>>> get_solution
  refine_solution: new weight 56862 (was 56940) in 0.008978 s
  refine_solution: new weight 56862 (was 56862) in 0.009145 s
>>> get_solution
  refine_solution: new weight 57978 (was 57994) in 0.009705 s
  refine_solution: new weight 57978 (was 57978) in 0.009372 s
30,,37516,70430,16,,35866,0,,57994,57978,56940,56940,56862,,3833,4,@@

  handle_small_Steiner_degrees: steiner 0, suppress 3 in 6.2e-05 s
Starting round 31
Found 834 isolated vertices
Invalid ratios recomputed: 36801
Best ratio is 2617/2 (1308.5), centered at 613
Finding the best star... Star with 3 terminals centered in 27979
round took: 160.596 s
|V| = 38271, |E| = 70361, |R| = 14
>> 512 (29139: 23311 27086 23311) (0.007571 s)
>> 347 (28124: 30735 30989 30735) (0.007412 s)
>> 0 (-1: -1 -1 -1) (0.007337 s)
Zelikovsky 223.251 s
>> 512 (29139: 31453 27086 23311) (229.546 s)
>> 347 (28124: 30735 25242 30989) (232.719 s)
>> 0 (-1: -1 -1 -1) (233.067 s)
Zelikovsky- 695.366 s
>>> get_solution
  refine_solution: new weight 56862 (was 56940) in 0.00904 s
  refine_solution: new weight 56862 (was 56862) in 0.009103 s
>>> get_solution
  refine_solution: new weight 57586 (was 57602) in 0.010083 s
  refine_solution: new weight 57586 (was 57586) in 0.009377 s
31,,37437,70361,14,,36801,0,,57602,57586,56940,56940,56862,,2617,3,@@

  handle_small_Steiner_degrees: steiner 0, suppress 1 in 5.2e-05 s
Starting round 32
Found 893 isolated vertices
Invalid ratios recomputed: 35743
Best ratio is 3941/3 (1313.7), centered at 391
Finding the best star... Star with 4 terminals centered in 23311
round took: 167.936 s
|V| = 38271, |E| = 70259, |R| = 11
>> 347 (28124: 30735 30989 30735) (0.007494 s)
>> 0 (-1: -1 -1 -1) (0.007296 s)
Zelikovsky 224.346 s
>> 347 (28124: 30735 25242 30989) (230.927 s)
>> 163 (13813: 27086 23311 32335) (231.272 s)
>> 0 (-1: -1 -1 -1) (234.646 s)
Zelikovsky- 696.878 s
>>> get_solution
  refine_solution: new weight 56913 (was 56929) in 0.009014 s
  refine_solution: new weight 56913 (was 56913) in 0.009084 s
>>> get_solution
  refine_solution: new weight 57240 (was 57256) in 0.0097 s
  refine_solution: new weight 57240 (was 57240) in 0.009341 s
32,,37378,70259,11,,35743,0,,57256,57240,57092,56929,56913,,3941,4,@@

  handle_small_Steiner_degrees: steiner 0, suppress 3 in 8e-05 s
Starting round 33
Found 982 isolated vertices
Invalid ratios recomputed: 37184
Best ratio is 2841/2 (1420.5), centered at 2441
Finding the best star... Star with 3 terminals centered in 30735
round took: 198.678 s
|V| = 38271, |E| = 70190, |R| = 9
>> 163 (13813: 32335 23311 32335) (0.007414 s)
>> 0 (-1: -1 -1 -1) (0.007299 s)
Zelikovsky 225.295 s
>> 163 (13813: 27086 23311 32335) (231.884 s)
>> 0 (-1: -1 -1 -1) (235.095 s)
Zelikovsky- 467.007 s
>>> get_solution
  refine_solution: new weight 56913 (was 56929) in 0.009024 s
  refine_solution: new weight 56913 (was 56913) in 0.009154 s
>>> get_solution
  refine_solution: new weight 57076 (was 57092) in 0.009672 s
  refine_solution: new weight 57076 (was 57076) in 0.009416 s
33,,37289,70190,9,,37184,0,,57092,57076,56929,56929,56913,,2841,3,@@

  handle_small_Steiner_degrees: steiner 0, suppress 3 in 6.1e-05 s
Starting round 34
Found 1041 isolated vertices
Invalid ratios recomputed: 37133
Best ratio is 1459/1 (1459.0), centered at 534
Finding the best star... Star with 2 terminals centered in 26606
round took: 204.182 s
|V| = 38271, |E| = 70146, |R| = 8
>> 163 (13813: 32335 26606 32335) (0.007428 s)
>> 0 (-1: -1 -1 -1) (0.007242 s)
Zelikovsky 225.213 s
>> 163 (13813: 27086 26606 32335) (232.47 s)
>> 0 (-1: -1 -1 -1) (235.767 s)
Zelikovsky- 468.264 s
>>> get_solution
  refine_solution: new weight 56913 (was 56929) in 0.009044 s
  refine_solution: new weight 56913 (was 56913) in 0.009185 s
>>> get_solution
  refine_solution: new weight 57076 (was 57092) in 0.009756 s
  refine_solution: new weight 57076 (was 57076) in 0.009384 s
34,,37230,70146,8,,37133,0,,57092,57076,56929,56929,56913,,1459,2,@@

  handle_small_Steiner_degrees: steiner 0, suppress 2 in 8.1e-05 s
Starting round 35
Found 1077 isolated vertices
Invalid ratios recomputed: 37194
Best ratio is 1484/1 (1484.0), centered at 188
Finding the best star... Star with 2 terminals centered in 27979
round took: 217.211 s
|V| = 38271, |E| = 70112, |R| = 7
>> 163 (13813: 27979 32335 27979) (0.00786 s)
>> 0 (-1: -1 -1 -1) (0.0076 s)
Zelikovsky 233.02 s
>> 163 (13813: 27086 32335 27979) (239.852 s)
>> 0 (-1: -1 -1 -1) (241.052 s)
Zelikovsky- 480.934 s
>>> get_solution
  refine_solution: new weight 56913 (was 56929) in 0.009884 s
  refine_solution: new weight 56913 (was 56913) in 0.009973 s
>>> get_solution
  refine_solution: new weight 57076 (was 57092) in 0.010537 s
  refine_solution: new weight 57076 (was 57076) in 0.010153 s
35,,37194,70112,7,,37194,0,,57092,57076,56929,56929,56913,,1484,2,@@

  handle_small_Steiner_degrees: steiner 0, suppress 2 in 6.3e-05 s
Starting round 36
Found 1106 isolated vertices
Invalid ratios recomputed: 37165
Best ratio is 3193/2 (1596.5), centered at 13813
Finding the best star... Star with 3 terminals centered in 32335
round took: 241.495 s
|V| = 38271, |E| = 70021, |R| = 5
>> 0 (-1: -1 -1 -1) (0.007742 s)
Zelikovsky 233.913 s
>> 0 (-1: -1 -1 -1) (240.584 s)
Zelikovsky- 240.608 s
>>> get_solution
  refine_solution: new weight 56913 (was 56929) in 0.009862 s
  refine_solution: new weight 56913 (was 56913) in 0.009946 s
>>> get_solution
  refine_solution: new weight 56913 (was 56929) in 0.010475 s
  refine_solution: new weight 56913 (was 56913) in 0.010149 s
36,,37165,70021,5,,37165,0,,56929,56913,56929,56929,56913,,3193,3,@@

  handle_small_Steiner_degrees: steiner 0, suppress 4 in 0.000103 s
Starting round 37
Found 1186 isolated vertices
Invalid ratios recomputed: 37085
Best ratio is 1613/1 (1613.0), centered at 3222
Finding the best star... Star with 2 terminals centered in 30735
round took: 246.609 s
|V| = 38271, |E| = 69985, |R| = 4
>> 0 (-1: -1 -1 -1) (0.007675 s)
Zelikovsky 234.849 s
>> 0 (-1: -1 -1 -1) (240.958 s)
Zelikovsky- 240.982 s
>>> get_solution
  refine_solution: new weight 56913 (was 56929) in 0.009786 s
  refine_solution: new weight 56913 (was 56913) in 0.010091 s
>>> get_solution
  refine_solution: new weight 56913 (was 56929) in 0.010725 s
  refine_solution: new weight 56913 (was 56913) in 0.010424 s
37,,37085,69985,4,,37085,0,,56929,56913,56929,56929,56913,,1613,2,@@

  handle_small_Steiner_degrees: steiner 0, suppress 1 in 5.1e-05 s
Starting round 38
Found 1212 isolated vertices
Invalid ratios recomputed: 36828
Best ratio is 1748/1 (1748.0), centered at 2133
Finding the best star... Star with 2 terminals centered in 36586
round took: 252.139 s
|V| = 38271, |E| = 69945, |R| = 3
>> 0 (-1: -1 -1 -1) (0.007658 s)
Zelikovsky 236.69 s
>> 0 (-1: -1 -1 -1) (243.342 s)
Zelikovsky- 243.366 s
>>> get_solution
  refine_solution: new weight 56913 (was 56929) in 0.009766 s
  refine_solution: new weight 56913 (was 56913) in 0.01015 s
>>> get_solution
  refine_solution: new weight 56913 (was 56929) in 0.010756 s
  refine_solution: new weight 56913 (was 56913) in 0.010388 s
38,,37059,69945,3,,36828,0,,56929,56913,56929,56929,56913,,1748,2,@@

  handle_small_Steiner_degrees: steiner 0, suppress 3 in 9.7e-05 s
Starting round 39
Found 1245 isolated vertices
Invalid ratios recomputed: 37026
Best ratio is 1823/1 (1823.0), centered at 77
Finding the best star... Star with 2 terminals centered in 30735
round took: 257.583 s
|V| = 38271, |E| = 69882, |R| = 2
Zelikovsky 243.371 s
Zelikovsky- 0.024455 s
>>> get_solution
  refine_solution: new weight 56913 (was 56929) in 0.009897 s
  refine_solution: new weight 56913 (was 56913) in 0.010064 s
>>> get_solution
  refine_solution: new weight 56913 (was 56929) in 0.010436 s
  refine_solution: new weight 56913 (was 56913) in 0.010076 s
39,,37026,69882,2,,37026,0,,56929,56913,56929,56929,56913,,1823,2,@@

  handle_small_Steiner_degrees: steiner 0, suppress 3 in 7.8e-05 s
Starting round 40
Found 1293 isolated vertices
Invalid ratios recomputed: 36978
Best ratio is 2356/1 (2356.0), centered at 129
Finding the best star... Star with 2 terminals centered in 9013
round took: 267.999 s
|V| = 38271, |E| = 69815, |R| = 1
Zelikovsky 244.159 s
Zelikovsky- 0.024534 s
>>> get_solution
  refine_solution: new weight 56913 (was 56929) in 0.009774 s
  refine_solution: new weight 56913 (was 56913) in 0.010133 s
>>> get_solution
  refine_solution: new weight 56913 (was 56929) in 0.010548 s
  refine_solution: new weight 56913 (was 56913) in 0.010211 s
40,,36978,69815,1,,36978,0,,56929,56913,56929,56929,56913,,2356,2,@@

  handle_small_Steiner_degrees: steiner 0, suppress 6 in 0.000153 s
contract_till_the_bitter_end: 126303 s

Calling end_heu
>>> get_solution
Saved weight 0
end_heu: 0 loops with 0 unique solutions in 0.000606 s

Calling print_solution
>>> get_solution
  refine_solution: new weight 56913 (was 56929) in 0.010431 s
Oops orig weight was 56929 but we got 56913
## FINAL WEIGHT 56913
print_solution: 0.024379 s
