Version: final-94-gfffc3aa rub_all.sh: remove longest prefix
Random seed: 1557544930
Start
>>> save_orig_graph
>> Saved weight 0
Graph loaded
|V| = 68906, |E| = 113889, |R| = 3358
First clearance of the input. Calling buy_zero and run_all_heuristics.
  buy_zero: 24 zero edges in 0.000471 s
  handle_small_terminal_degrees: terms 2 in 5.8e-05 s
  handle_small_Steiner_degrees: steiner 24, suppress 6 in 0.000106 s
  shortest_edge_between_terminals: 0 edges in 9.4e-05 s
  handle_small_terminal_degrees: terms 0 in 6.7e-05 s
  handle_small_Steiner_degrees: steiner 0, suppress 15 in 0.000107 s
  shortest_edge_between_terminals: 0 edges in 5e-05 s
  handle_small_terminal_degrees: terms 0 in 5.1e-05 s
  handle_small_Steiner_degrees: steiner 0, suppress 0 in 9.6e-05 s
  shortest_edge_between_terminals: 0 edges in 4.8e-05 s
Compressed graph 68906 -> 68834
  delete_edges: deleted 7957 edges in 0.034555 s and 4 rounds
  handle_small_terminal_degrees: terms 14 in 6.7e-05 s
  handle_small_Steiner_degrees: steiner 108, suppress 4169 in 0.001846 s
  shortest_edge_between_terminals: 0 edges in 9.5e-05 s
  handle_small_terminal_degrees: terms 2 in 5.4e-05 s
  handle_small_Steiner_degrees: steiner 1, suppress 82 in 0.000131 s
  shortest_edge_between_terminals: 0 edges in 5.7e-05 s
  handle_small_terminal_degrees: terms 1 in 5.2e-05 s
  handle_small_Steiner_degrees: steiner 0, suppress 3 in 9.9e-05 s
  shortest_edge_between_terminals: 0 edges in 5.5e-05 s
  handle_small_terminal_degrees: terms 1 in 5.2e-05 s
  handle_small_Steiner_degrees: steiner 0, suppress 0 in 9.7e-05 s
  shortest_edge_between_terminals: 0 edges in 5.4e-05 s
  handle_small_terminal_degrees: terms 0 in 5.1e-05 s
  handle_small_Steiner_degrees: steiner 0, suppress 0 in 9.6e-05 s
  shortest_edge_between_terminals: 0 edges in 5.4e-05 s
Compressed graph 68834 -> 64453
  delete_edges_shortest_path: deleted 10869 edges in 23.0727 s
  handle_small_terminal_degrees: terms 1824 in 0.001161 s
  handle_small_Steiner_degrees: steiner 1566, suppress 9160 in 0.003537 s
  shortest_edge_between_terminals: 4 edges in 0.000149 s
  handle_small_terminal_degrees: terms 424 in 0.000374 s
  handle_small_Steiner_degrees: steiner 8, suppress 174 in 0.000162 s
  shortest_edge_between_terminals: 17 edges in 8.5e-05 s
  handle_small_terminal_degrees: terms 8 in 5.3e-05 s
  handle_small_Steiner_degrees: steiner 2, suppress 17 in 0.0001 s
  shortest_edge_between_terminals: 0 edges in 6e-05 s
  handle_small_terminal_degrees: terms 2 in 5e-05 s
  handle_small_Steiner_degrees: steiner 2, suppress 8 in 9.4e-05 s
  shortest_edge_between_terminals: 0 edges in 6.1e-05 s
  handle_small_terminal_degrees: terms 0 in 4.8e-05 s
  handle_small_Steiner_degrees: steiner 0, suppress 0 in 9e-05 s
  shortest_edge_between_terminals: 0 edges in 6.1e-05 s
Compressed graph 64453 -> 51243
  handle_small_terminal_degrees: terms 0 in 3.8e-05 s
  handle_small_Steiner_degrees: steiner 0, suppress 29 in 9e-05 s
  shortest_edge_between_terminals: 39 edges in 0.000255 s
  handle_small_terminal_degrees: terms 0 in 3.8e-05 s
  handle_small_Steiner_degrees: steiner 0, suppress 9 in 7.6e-05 s
  shortest_edge_between_terminals: 0 edges in 6.9e-05 s
  handle_small_terminal_degrees: terms 0 in 3.8e-05 s
  handle_small_Steiner_degrees: steiner 0, suppress 0 in 7e-05 s
  shortest_edge_between_terminals: 0 edges in 6.6e-05 s
Compressed graph 51243 -> 50761
  delete_edges_shortest_path: deleted 2392 edges in 5.61718 s
  handle_small_terminal_degrees: terms 110 in 0.000124 s
  handle_small_Steiner_degrees: steiner 43, suppress 3790 in 0.001566 s
  shortest_edge_between_terminals: 12 edges in 0.000171 s
  handle_small_terminal_degrees: terms 5 in 4.1e-05 s
  handle_small_Steiner_degrees: steiner 7, suppress 49 in 8.6e-05 s
  shortest_edge_between_terminals: 2 edges in 6.9e-05 s
  handle_small_terminal_degrees: terms 0 in 3.8e-05 s
  handle_small_Steiner_degrees: steiner 2, suppress 8 in 7e-05 s
  shortest_edge_between_terminals: 0 edges in 6.5e-05 s
  handle_small_terminal_degrees: terms 0 in 3.7e-05 s
  handle_small_Steiner_degrees: steiner 0, suppress 2 in 6.7e-05 s
  shortest_edge_between_terminals: 0 edges in 6.4e-05 s
  handle_small_terminal_degrees: terms 0 in 3.8e-05 s
  handle_small_Steiner_degrees: steiner 0, suppress 0 in 6.5e-05 s
  shortest_edge_between_terminals: 0 edges in 6.5e-05 s
Compressed graph 50761 -> 46734
Compressed graph 46734 -> 46734
>>> save_orig_graph
>> Saved weight 508592997
### ZEL_LVL=9 PRECISE_STARS=0

Calling `contract_till_the_bitter_end`
|V| = 46734, |E| = 69919, |R| = 3292
