Version: final-94-gfffc3aa rub_all.sh: remove longest prefix
Random seed: 1558071444
Start
>>> save_orig_graph
>> Saved weight 0
Graph loaded
|V| = 1492, |E| = 2831, |R| = 80
First clearance of the input. Calling buy_zero and run_all_heuristics.
  buy_zero: 0 zero edges in 6e-06 s
  handle_small_terminal_degrees: terms 5 in 1.3e-05 s
  handle_small_Steiner_degrees: steiner 0, suppress 37 in 2.6e-05 s
  shortest_edge_between_terminals: 3 edges in 9e-06 s
  handle_small_terminal_degrees: terms 0 in 3e-06 s
  handle_small_Steiner_degrees: steiner 0, suppress 0 in 4e-06 s
  shortest_edge_between_terminals: 0 edges in 3e-06 s
Compressed graph 1492 -> 1447
  delete_edges: deleted 2 edges in 0.000283 s and 1 rounds
  handle_small_terminal_degrees: terms 0 in 2e-06 s
  handle_small_Steiner_degrees: steiner 0, suppress 1 in 5e-06 s
  shortest_edge_between_terminals: 0 edges in 3e-06 s
  handle_small_terminal_degrees: terms 0 in 3e-06 s
  handle_small_Steiner_degrees: steiner 0, suppress 0 in 4e-06 s
  shortest_edge_between_terminals: 0 edges in 2e-06 s
Compressed graph 1447 -> 1446
  delete_edges_shortest_path: deleted 2 edges in 0.045044 s
  handle_small_terminal_degrees: terms 1 in 3e-06 s
  handle_small_Steiner_degrees: steiner 0, suppress 1 in 2e-06 s
  shortest_edge_between_terminals: 0 edges in 1e-06 s
  handle_small_terminal_degrees: terms 0 in 1e-06 s
  handle_small_Steiner_degrees: steiner 0, suppress 0 in 2e-06 s
  shortest_edge_between_terminals: 0 edges in 1e-06 s
Compressed graph 1446 -> 1444
  handle_small_terminal_degrees: terms 0 in 1e-06 s
  handle_small_Steiner_degrees: steiner 0, suppress 2 in 4e-06 s
  shortest_edge_between_terminals: 0 edges in 1e-06 s
  handle_small_terminal_degrees: terms 0 in 1e-06 s
  handle_small_Steiner_degrees: steiner 0, suppress 0 in 2e-06 s
  shortest_edge_between_terminals: 0 edges in 1e-06 s
Compressed graph 1444 -> 1438
  delete_edges_shortest_path: deleted 2 edges in 0.037606 s
  handle_small_terminal_degrees: terms 0 in 1e-06 s
  handle_small_Steiner_degrees: steiner 0, suppress 2 in 2e-06 s
  shortest_edge_between_terminals: 0 edges in 2e-06 s
  handle_small_terminal_degrees: terms 0 in 1e-06 s
  handle_small_Steiner_degrees: steiner 0, suppress 0 in 2e-06 s
  shortest_edge_between_terminals: 0 edges in 1e-06 s
Compressed graph 1438 -> 1436
Compressed graph 1436 -> 1436
>>> save_orig_graph
>> Saved weight 600017
### ZEL_LVL=9 PRECISE_STARS=1

Calling `contract_till_the_bitter_end`
|V| = 1436, |E| = 2766, |R| = 76
>> 255 (188: 1427 1430 1427) (0.002948 s)
>> 248 (166: 1421 1422 1421) (0.002883 s)
>> 239 (48: 1374 1375 1374) (0.002802 s)
>> 227 (1220: 1396 1418 1396) (0.00271 s)
>> 219 (23: 1360 1366 1360) (0.002622 s)
>> 0 (-1: -1 -1 -1) (0.001339 s)
Zelikovsky 0.288407 s
>> 255 (188: 1434 1430 1427) (0.238082 s)
>> 116 (23: 1434 1366 1360) (0.239684 s)
>> 82 (10: 1435 1363 1361) (0.242168 s)
>> 55 (35: 1434 1371 1367) (0.240697 s)
>> 45 (141: 1434 1414 1413) (0.239293 s)
>> 37 (48: 1434 1375 1374) (0.240303 s)
>> 28 (173: 1434 1426 1420) (0.239846 s)
>> 27 (594: 1435 1389 1380) (0.23801 s)
>> 23 (165: 1434 1422 1418) (0.236997 s)
>> 22 (110: 1434 1408 1399) (0.23566 s)
>> 20 (63: 1435 1383 1382) (0.234942 s)
>> 17 (1179: 1434 1402 1401) (0.233091 s)
>> 16 (135: 1434 1411 1410) (0.232349 s)
>> 14 (74: 1434 1435 1387) (0.231733 s)
>> 10 (94: 1434 1394 1393) (0.2388 s)
>> 8 (91: 1434 1392 1391) (0.238293 s)
>> 5 (57: 1434 1379 1373) (0.237594 s)
>> 3 (113: 1434 1412 1400) (0.23605 s)
>> 3 (122: 1434 1403 1397) (0.235501 s)
>> 2 (129: 1434 1407 1406) (0.23529 s)
>> 1 (448: 1434 1381 1377) (0.234458 s)
>> 0 (-1: -1 -1 -1) (0.234235 s)
Zelikovsky- 5.2172 s
>>> get_solution
  refine_solution: new weight 8001020 (was 8001076) in 0.000386 s
  refine_solution: new weight 8001016 (was 8001020) in 0.000392 s
  refine_solution: new weight 8001016 (was 8001016) in 0.000381 s
>>> get_solution
  refine_solution: new weight 8001065 (was 8001815) in 0.0004 s
  refine_solution: new weight 8000999 (was 8001065) in 0.000394 s
  refine_solution: new weight 8000977 (was 8000999) in 0.000385 s
  refine_solution: new weight 8000977 (was 8000977) in 0.000382 s
0,,1436,2766,76,,0,0,,8001815,8000977,8001567,8001076,8001016,,0,0,@@

  delete_edges: deleted 2 edges in 0.000247 s and 2 rounds
  handle_small_Steiner_degrees: steiner 0, suppress 2 in 3e-06 s
Starting round 1
Found 2 isolated vertices
Invalid ratios recomputed: 1434
Best ratio is 79/1 (79.0), centered at 99
Finding the best star... Star with 2 terminals centered in 1434
round took: 0.282062 s
|V| = 1436, |E| = 2753, |R| = 75
>> 248 (166: 1421 1422 1421) (0.002906 s)
>> 239 (48: 1374 1375 1374) (0.002761 s)
>> 238 (188: 1427 1430 1427) (0.00266 s)
>> 227 (1220: 1396 1418 1396) (0.002588 s)
>> 219 (23: 1360 1366 1360) (0.002473 s)
>> 0 (-1: -1 -1 -1) (0.001289 s)
Zelikovsky 0.282625 s
>> 248 (166: 1434 1422 1421) (0.234319 s)
>> 61 (27: 1434 1371 1367) (0.226975 s)
>> 55 (23: 1434 1366 1360) (0.230325 s)
>> 39 (49: 1434 1375 1374) (0.232249 s)
>> 37 (14: 1434 1363 1361) (0.230742 s)
>> 19 (74: 1434 1388 1387) (0.233194 s)
>> 18 (178: 1434 1430 1427) (0.233382 s)
>> 14 (185: 1434 1432 1429) (0.233317 s)
>> 9 (56: 1434 1379 1378) (0.232873 s)
>> 9 (83: 1434 1390 1389) (0.232337 s)
>> 8 (135: 1434 1411 1410) (0.229578 s)
>> 8 (141: 1434 1414 1413) (0.229412 s)
>> 3 (117: 1434 1401 1396) (0.229222 s)
>> 3 (151: 1434 1428 1417) (0.229395 s)
>> 2 (114: 1434 1412 1400) (0.229566 s)
>> 2 (127: 1434 1407 1406) (0.229257 s)
>> 0 (-1: -1 -1 -1) (0.228874 s)
Zelikovsky- 3.92821 s
>>> get_solution
  refine_solution: new weight 8000953 (was 8001104) in 0.000389 s
  refine_solution: new weight 8000949 (was 8000953) in 0.000396 s
  refine_solution: new weight 8000949 (was 8000949) in 0.000374 s
>>> get_solution
  refine_solution: new weight 8001066 (was 8001842) in 0.000401 s
  refine_solution: new weight 8000977 (was 8001066) in 0.000388 s
  refine_solution: new weight 8000964 (was 8000977) in 0.000382 s
  refine_solution: new weight 8000964 (was 8000964) in 0.000376 s
1,,1434,2753,75,,1434,0,,8001842,8000964,8001580,8001104,8000949,,79,2,@@

  handle_small_Steiner_degrees: steiner 0, suppress 1 in 3e-06 s
Starting round 2
Found 10 isolated vertices
Invalid ratios recomputed: 1426
Best ratio is 100000/1 (100000.0), centered at 1395
Finding the best star... Star with 2 terminals centered in 1395
round took: 0.570858 s
|V| = 1436, |E| = 2750, |R| = 74
>> 248 (166: 1395 1421 1395) (0.002757 s)
>> 0 (-1: -1 -1 -1) (0.002277 s)
Zelikovsky 0.261409 s
>> 248 (166: 1395 1422 1421) (0.232462 s)
>> 61 (27: 1395 1371 1367) (0.225209 s)
>> 55 (23: 1395 1366 1360) (0.228359 s)
>> 39 (49: 1395 1375 1374) (0.230324 s)
>> 37 (14: 1395 1363 1361) (0.22824 s)
>> 19 (74: 1395 1388 1387) (0.23077 s)
>> 18 (178: 1395 1430 1427) (0.231054 s)
>> 14 (185: 1395 1432 1429) (0.230962 s)
>> 9 (56: 1395 1379 1378) (0.230409 s)
>> 9 (83: 1395 1390 1389) (0.229858 s)
>> 8 (135: 1395 1411 1410) (0.22761 s)
>> 8 (141: 1395 1414 1413) (0.227748 s)
>> 3 (117: 1395 1401 1396) (0.22739 s)
>> 3 (151: 1395 1428 1417) (0.227929 s)
>> 2 (114: 1395 1412 1400) (0.228154 s)
>> 2 (127: 1395 1407 1406) (0.227911 s)
>> 0 (-1: -1 -1 -1) (0.227475 s)
Zelikovsky- 3.89506 s
>>> get_solution
  refine_solution: new weight 8000981 (was 8001085) in 0.000389 s
  refine_solution: new weight 8000963 (was 8000981) in 0.000383 s
  refine_solution: new weight 8000958 (was 8000963) in 0.000371 s
  refine_solution: new weight 8000958 (was 8000958) in 0.00037 s
>>> get_solution
  refine_solution: new weight 8001169 (was 8001873) in 0.000397 s
  refine_solution: new weight 8001092 (was 8001169) in 0.000394 s
  refine_solution: new weight 8001049 (was 8001092) in 0.000383 s
  refine_solution: new weight 8001046 (was 8001049) in 0.000386 s
  refine_solution: new weight 8001030 (was 8001046) in 0.000376 s
  refine_solution: new weight 8001008 (was 8001030) in 0.00038 s
  refine_solution: new weight 8001008 (was 8001008) in 0.000376 s
2,,1426,2750,74,,1426,0,,8001873,8001008,8002043,8001085,8000958,,100000,2,@@

  handle_small_Steiner_degrees: steiner 0, suppress 0 in 2e-06 s
Starting round 3
Found 11 isolated vertices
Invalid ratios recomputed: 1425
Best ratio is 100002/1 (100002.0), centered at 202
Finding the best star... Star with 2 terminals centered in 1433
round took: 0.626163 s
|V| = 1436, |E| = 2744, |R| = 73
>> 248 (166: 1421 1422 1421) (0.002581 s)
>> 239 (48: 1374 1375 1374) (0.002569 s)
>> 238 (188: 1427 1430 1427) (0.002457 s)
>> 227 (1220: 1396 1418 1396) (0.002384 s)
>> 219 (23: 1360 1366 1360) (0.002357 s)
>> 0 (-1: -1 -1 -1) (0.001212 s)
Zelikovsky 0.275552 s
>> 248 (166: 1433 1422 1421) (0.231202 s)
>> 61 (27: 1433 1371 1367) (0.223465 s)
>> 55 (23: 1433 1366 1360) (0.226655 s)
>> 39 (49: 1433 1375 1374) (0.228413 s)
>> 37 (14: 1433 1363 1361) (0.226936 s)
>> 19 (74: 1433 1388 1387) (0.229633 s)
>> 18 (178: 1433 1430 1427) (0.229632 s)
>> 14 (185: 1433 1432 1429) (0.229664 s)
>> 9 (56: 1433 1379 1378) (0.229128 s)
>> 9 (83: 1433 1390 1389) (0.22868 s)
>> 8 (135: 1433 1411 1410) (0.22677 s)
>> 8 (141: 1433 1414 1413) (0.226824 s)
>> 3 (117: 1433 1401 1396) (0.226368 s)
>> 3 (151: 1433 1428 1417) (0.22684 s)
>> 2 (114: 1433 1412 1400) (0.22717 s)
>> 2 (127: 1433 1407 1406) (0.226884 s)
>> 0 (-1: -1 -1 -1) (0.226511 s)
Zelikovsky- 3.87398 s
>>> get_solution
  refine_solution: new weight 8000963 (was 8001093) in 0.000387 s
  refine_solution: new weight 8000954 (was 8000963) in 0.000382 s
  refine_solution: new weight 8000954 (was 8000954) in 0.000382 s
>>> get_solution
  refine_solution: new weight 8001083 (was 8001854) in 0.0004 s
  refine_solution: new weight 8001009 (was 8001083) in 0.000387 s
  refine_solution: new weight 8000993 (was 8001009) in 0.00038 s
  refine_solution: new weight 8000985 (was 8000993) in 0.000377 s
  refine_solution: new weight 8000980 (was 8000985) in 0.000367 s
  refine_solution: new weight 8000980 (was 8000980) in 0.000374 s
3,,1425,2744,73,,1425,0,,8001854,8000980,8001593,8001093,8000954,,100002,2,@@

  handle_small_Steiner_degrees: steiner 0, suppress 0 in 2e-06 s
Starting round 4
Found 14 isolated vertices
Invalid ratios recomputed: 1422
Best ratio is 100005/1 (100005.0), centered at 72
Finding the best star... Star with 2 terminals centered in 1386
round took: 0.667152 s
|V| = 1436, |E| = 2742, |R| = 72
>> 243 (166: 1386 1421 1386) (0.002585 s)
>> 0 (-1: -1 -1 -1) (0.002083 s)
Zelikovsky 0.253173 s
>> 243 (166: 1386 1422 1421) (0.229228 s)
>> 61 (27: 1386 1371 1367) (0.222324 s)
>> 55 (23: 1386 1366 1360) (0.224617 s)
>> 39 (49: 1386 1375 1374) (0.227339 s)
>> 37 (14: 1386 1363 1361) (0.22605 s)
>> 19 (74: 1386 1388 1387) (0.228235 s)
>> 18 (178: 1386 1430 1427) (0.22823 s)
>> 14 (185: 1386 1432 1429) (0.227912 s)
>> 9 (56: 1386 1379 1378) (0.227612 s)
>> 9 (83: 1386 1390 1389) (0.226882 s)
>> 8 (135: 1386 1411 1410) (0.225586 s)
>> 8 (141: 1386 1414 1413) (0.225299 s)
>> 3 (117: 1386 1401 1396) (0.22494 s)
>> 3 (151: 1386 1428 1417) (0.225312 s)
>> 2 (114: 1386 1412 1400) (0.225727 s)
>> 2 (127: 1386 1407 1406) (0.225611 s)
>> 0 (-1: -1 -1 -1) (0.225317 s)
Zelikovsky- 3.84941 s
>>> get_solution
  refine_solution: new weight 8000993 (was 8001048) in 0.000394 s
  refine_solution: new weight 8000982 (was 8000993) in 0.000383 s
  refine_solution: new weight 8000978 (was 8000982) in 0.000372 s
  refine_solution: new weight 8000978 (was 8000978) in 0.000371 s
>>> get_solution
  refine_solution: new weight 8001189 (was 8001812) in 0.000399 s
  refine_solution: new weight 8001095 (was 8001189) in 0.000401 s
  refine_solution: new weight 8001051 (was 8001095) in 0.00038 s
  refine_solution: new weight 8001035 (was 8001051) in 0.000383 s
  refine_solution: new weight 8001011 (was 8001035) in 0.000375 s
  refine_solution: new weight 8001003 (was 8001011) in 0.000376 s
  refine_solution: new weight 8000990 (was 8001003) in 0.000368 s
  refine_solution: new weight 8000990 (was 8000990) in 0.000371 s
4,,1422,2742,72,,1422,0,,8001812,8000990,8001824,8001048,8000978,,100005,2,@@

  handle_small_Steiner_degrees: steiner 0, suppress 0 in 2e-06 s
Starting round 5
Found 16 isolated vertices
Invalid ratios recomputed: 1420
Best ratio is 2100141/21 (100006.7), centered at 795
Finding the best star... Star with 22 terminals centered in 1412
round took: 0.699387 s
|V| = 1436, |E| = 2641, |R| = 51
>> 136 (178: 1412 1427 1412) (0.001224 s)
>> 0 (-1: -1 -1 -1) (0.001007 s)
Zelikovsky 0.197237 s
>> 136 (178: 1412 1430 1427) (0.186067 s)
>> 58 (1327: 1412 1366 1360) (0.191291 s)
>> 50 (35: 1412 1371 1370) (0.19656 s)
>> 31 (49: 1412 1375 1374) (0.196104 s)
>> 23 (14: 1412 1363 1361) (0.195206 s)
>> 23 (172: 1412 1426 1425) (0.19854 s)
>> 18 (152: 1412 1428 1417) (0.199374 s)
>> 15 (198: 1412 1432 1429) (0.19915 s)
>> 12 (15: 1412 1365 1364) (0.19846 s)
>> 9 (56: 1412 1379 1378) (0.198148 s)
>> 5 (31: 1412 1369 1368) (0.198021 s)
>> 5 (117: 1412 1401 1396) (0.197592 s)
>> 5 (170: 1412 1424 1423) (0.198282 s)
>> 1 (124: 1412 1404 1398) (0.197567 s)
>> 1 (129: 1412 1407 1406) (0.197495 s)
>> 0 (-1: -1 -1 -1) (0.197132 s)
Zelikovsky- 3.14792 s
>>> get_solution
  refine_solution: new weight 8000988 (was 8001028) in 0.000389 s
  refine_solution: new weight 8000976 (was 8000988) in 0.000405 s
  refine_solution: new weight 8000976 (was 8000976) in 0.000384 s
>>> get_solution
  refine_solution: new weight 8001185 (was 8001590) in 0.000388 s
  refine_solution: new weight 8001087 (was 8001185) in 0.000385 s
  refine_solution: new weight 8001066 (was 8001087) in 0.000378 s
  refine_solution: new weight 8001063 (was 8001066) in 0.000375 s
  refine_solution: new weight 8001063 (was 8001063) in 0.000366 s
5,,1420,2641,51,,1420,0,,8001590,8001063,8001516,8001028,8000976,,2100141,22,@@

  handle_small_Steiner_degrees: steiner 0, suppress 3 in 6e-06 s
Starting round 6
Found 94 isolated vertices
Invalid ratios recomputed: 1342
Best ratio is 500037/5 (100007.4), centered at 162
Finding the best star... Star with 6 terminals centered in 1423
round took: 0.384512 s
|V| = 1436, |E| = 2612, |R| = 46
>> 136 (178: 1423 1427 1423) (0.001021 s)
>> 0 (-1: -1 -1 -1) (0.000848 s)
Zelikovsky 0.186625 s
>> 136 (178: 1423 1430 1427) (0.177396 s)
>> 58 (1327: 1423 1366 1360) (0.182634 s)
>> 50 (35: 1423 1371 1370) (0.188813 s)
>> 31 (49: 1423 1375 1374) (0.188805 s)
>> 23 (14: 1423 1363 1361) (0.188206 s)
>> 16 (151: 1423 1428 1417) (0.191715 s)
>> 15 (198: 1423 1432 1429) (0.191928 s)
>> 12 (15: 1423 1365 1364) (0.191912 s)
>> 9 (56: 1423 1379 1378) (0.191638 s)
>> 5 (31: 1423 1369 1368) (0.191319 s)
>> 5 (117: 1423 1401 1396) (0.190921 s)
>> 1 (124: 1423 1404 1398) (0.191766 s)
>> 1 (129: 1423 1407 1406) (0.191773 s)
>> 0 (-1: -1 -1 -1) (0.191561 s)
Zelikovsky- 2.65295 s
>>> get_solution
  refine_solution: new weight 8000971 (was 8001007) in 0.000388 s
  refine_solution: new weight 8000970 (was 8000971) in 0.000393 s
  refine_solution: new weight 8000970 (was 8000970) in 0.000375 s
>>> get_solution
  refine_solution: new weight 8001030 (was 8001447) in 0.000385 s
  refine_solution: new weight 8000989 (was 8001030) in 0.000386 s
  refine_solution: new weight 8000972 (was 8000989) in 0.000373 s
  refine_solution: new weight 8000972 (was 8000972) in 0.000373 s
6,,1342,2612,46,,1342,0,,8001447,8000972,8001535,8001007,8000970,,500037,6,@@

  handle_small_Steiner_degrees: steiner 0, suppress 1 in 3e-06 s
Starting round 7
Found 111 isolated vertices
Invalid ratios recomputed: 1325
Best ratio is 1300107/13 (100008.2), centered at 102
Finding the best star... Star with 14 terminals centered in 1385
round took: 0.385722 s
|V| = 1436, |E| = 2541, |R| = 33
>> 42 (27: 1367 1371 1367) (0.000545 s)
>> 38 (29: 1368 1369 1368) (0.000514 s)
>> 37 (1327: 1360 1366 1360) (0.00048 s)
>> 0 (-1: -1 -1 -1) (0.00028 s)
Zelikovsky 0.16212 s
>> 42 (27: 1385 1371 1367) (0.159407 s)
>> 37 (1327: 1385 1366 1360) (0.161702 s)
>> 36 (178: 1385 1430 1427) (0.164349 s)
>> 25 (46: 1385 1375 1374) (0.166503 s)
>> 23 (14: 1385 1363 1361) (0.166024 s)
>> 16 (151: 1385 1428 1417) (0.169298 s)
>> 15 (198: 1385 1432 1429) (0.169256 s)
>> 13 (15: 1385 1365 1364) (0.169021 s)
>> 9 (56: 1385 1379 1378) (0.170111 s)
>> 6 (31: 1385 1369 1368) (0.170217 s)
>> 4 (693: 1385 1419 1416) (0.170036 s)
>> 2 (165: 1385 1422 1418) (0.171754 s)
>> 0 (-1: -1 -1 -1) (0.171434 s)
Zelikovsky- 2.18142 s
>>> get_solution
  refine_solution: new weight 8000909 (was 8000914) in 0.000389 s
  refine_solution: new weight 8000909 (was 8000909) in 0.000381 s
>>> get_solution
  refine_solution: new weight 8001320 (was 8001407) in 0.000378 s
  refine_solution: new weight 8001316 (was 8001320) in 0.000385 s
  refine_solution: new weight 8001293 (was 8001316) in 0.000373 s
  refine_solution: new weight 8001181 (was 8001293) in 0.000378 s
  refine_solution: new weight 8001105 (was 8001181) in 0.00037 s
  refine_solution: new weight 8001075 (was 8001105) in 0.000386 s
  refine_solution: new weight 8001042 (was 8001075) in 0.000372 s
  refine_solution: new weight 8001042 (was 8001042) in 0.000371 s
7,,1325,2541,33,,1325,0,,8001407,8001042,8001135,8000914,8000909,,1300107,14,@@

  handle_small_Steiner_degrees: steiner 0, suppress 0 in 3e-06 s
Starting round 8
Found 167 isolated vertices
Invalid ratios recomputed: 1269
Best ratio is 300022/3 (100007.3), centered at 156
Finding the best star... Star with 4 terminals centered in 1422
round took: 0.194872 s
|V| = 1436, |E| = 2522, |R| = 30
>> 42 (27: 1367 1371 1367) (0.000456 s)
>> 38 (29: 1368 1369 1368) (0.000424 s)
>> 37 (1327: 1360 1366 1360) (0.000399 s)
>> 0 (-1: -1 -1 -1) (0.000251 s)
Zelikovsky 0.157858 s
>> 42 (27: 1422 1371 1367) (0.156302 s)
>> 37 (1327: 1422 1366 1360) (0.158382 s)
>> 25 (46: 1422 1375 1374) (0.161675 s)
>> 23 (14: 1422 1363 1361) (0.161439 s)
>> 18 (178: 1422 1430 1427) (0.165015 s)
>> 16 (151: 1422 1428 1417) (0.165467 s)
>> 15 (198: 1422 1432 1429) (0.165315 s)
>> 13 (15: 1422 1365 1364) (0.165168 s)
>> 9 (56: 1422 1379 1378) (0.166381 s)
>> 6 (31: 1422 1369 1368) (0.16674 s)
>> 4 (693: 1422 1419 1416) (0.166633 s)
>> 0 (-1: -1 -1 -1) (0.168418 s)
Zelikovsky- 1.96907 s
>>> get_solution
  refine_solution: new weight 8000910 (was 8000915) in 0.000392 s
  refine_solution: new weight 8000910 (was 8000910) in 0.000386 s
>>> get_solution
  refine_solution: new weight 8001309 (was 8001364) in 0.000377 s
  refine_solution: new weight 8001211 (was 8001309) in 0.000382 s
  refine_solution: new weight 8001113 (was 8001211) in 0.000376 s
  refine_solution: new weight 8001078 (was 8001113) in 0.000376 s
  refine_solution: new weight 8001052 (was 8001078) in 0.00038 s
  refine_solution: new weight 8001047 (was 8001052) in 0.000372 s
  refine_solution: new weight 8001029 (was 8001047) in 0.000369 s
  refine_solution: new weight 8001029 (was 8001029) in 0.000372 s
8,,1269,2522,30,,1269,0,,8001364,8001029,8001083,8000915,8000910,,300022,4,@@

  handle_small_Steiner_degrees: steiner 0, suppress 0 in 2e-06 s
Starting round 9
Found 179 isolated vertices
Invalid ratios recomputed: 1257
Best ratio is 200018/2 (100009.0), centered at 43
Finding the best star... Star with 3 terminals centered in 1373
round took: 0.189714 s
|V| = 1436, |E| = 2511, |R| = 28
>> 42 (27: 1367 1371 1367) (0.000415 s)
>> 38 (29: 1368 1369 1368) (0.000386 s)
>> 37 (1327: 1360 1366 1360) (0.000361 s)
>> 0 (-1: -1 -1 -1) (0.000235 s)
Zelikovsky 0.153832 s
>> 42 (27: 1373 1371 1367) (0.15342 s)
>> 37 (1327: 1373 1366 1360) (0.155735 s)
>> 25 (46: 1373 1375 1374) (0.158965 s)
>> 23 (14: 1373 1363 1361) (0.158762 s)
>> 18 (178: 1373 1430 1427) (0.162498 s)
>> 16 (151: 1373 1428 1417) (0.16291 s)
>> 15 (198: 1373 1432 1429) (0.162932 s)
>> 13 (15: 1373 1365 1364) (0.162859 s)
>> 6 (31: 1373 1369 1368) (0.164574 s)
>> 4 (693: 1373 1419 1416) (0.164145 s)
>> 0 (-1: -1 -1 -1) (0.165938 s)
Zelikovsky- 1.77472 s
>>> get_solution
  refine_solution: new weight 8000904 (was 8000910) in 0.000392 s
  refine_solution: new weight 8000904 (was 8000904) in 0.000387 s
>>> get_solution
  refine_solution: new weight 8001296 (was 8001347) in 0.000378 s
  refine_solution: new weight 8001179 (was 8001296) in 0.000386 s
  refine_solution: new weight 8001102 (was 8001179) in 0.000374 s
  refine_solution: new weight 8001085 (was 8001102) in 0.000375 s
  refine_solution: new weight 8001057 (was 8001085) in 0.000369 s
  refine_solution: new weight 8001039 (was 8001057) in 0.000372 s
  refine_solution: new weight 8001039 (was 8001039) in 0.000369 s
9,,1257,2511,28,,1257,0,,8001347,8001039,8001075,8000910,8000904,,200018,3,@@

  handle_small_Steiner_degrees: steiner 0, suppress 1 in 3e-06 s
Starting round 10
Found 188 isolated vertices
Invalid ratios recomputed: 1248
Best ratio is 600055/6 (100009.2), centered at 29
Finding the best star... Star with 7 terminals centered in 1372
round took: 0.205605 s
|V| = 1436, |E| = 2482, |R| = 22
>> 37 (1327: 1360 1366 1360) (0.000322 s)
>> 0 (-1: -1 -1 -1) (0.0002 s)
Zelikovsky 0.147344 s
>> 37 (1327: 1372 1366 1360) (0.150277 s)
>> 25 (46: 1372 1375 1374) (0.15295 s)
>> 23 (14: 1372 1363 1361) (0.152422 s)
>> 18 (178: 1372 1430 1427) (0.156561 s)
>> 16 (151: 1372 1428 1417) (0.157373 s)
>> 15 (198: 1372 1432 1429) (0.158513 s)
>> 4 (693: 1372 1419 1416) (0.158587 s)
>> 1 (15: 1372 1365 1364) (0.159891 s)
>> 0 (-1: -1 -1 -1) (0.161298 s)
Zelikovsky- 1.40954 s
>>> get_solution
  refine_solution: new weight 8000900 (was 8000905) in 0.000391 s
  refine_solution: new weight 8000900 (was 8000900) in 0.000382 s
>>> get_solution
  refine_solution: new weight 8001053 (was 8001112) in 0.000371 s
  refine_solution: new weight 8001052 (was 8001053) in 0.000377 s
  refine_solution: new weight 8001051 (was 8001052) in 0.000367 s
  refine_solution: new weight 8001032 (was 8001051) in 0.000367 s
  refine_solution: new weight 8001028 (was 8001032) in 0.000367 s
  refine_solution: new weight 8001028 (was 8001028) in 0.00038 s
10,,1248,2482,22,,1248,0,,8001112,8001028,8001072,8000905,8000900,,600055,7,@@

  handle_small_Steiner_degrees: steiner 0, suppress 0 in 2e-06 s
Starting round 11
Found 206 isolated vertices
Invalid ratios recomputed: 1230
Best ratio is 300028/3 (100009.3), centered at 48
Finding the best star... Star with 4 terminals centered in 1375
round took: 0.206999 s
|V| = 1436, |E| = 2464, |R| = 19
>> 37 (1327: 1360 1366 1360) (0.000278 s)
>> 0 (-1: -1 -1 -1) (0.000184 s)
Zelikovsky 0.143678 s
>> 37 (1327: 1375 1366 1360) (0.147037 s)
>> 23 (14: 1375 1363 1361) (0.149184 s)
>> 18 (178: 1375 1430 1427) (0.152973 s)
>> 16 (151: 1375 1428 1417) (0.153921 s)
>> 15 (198: 1375 1432 1429) (0.155469 s)
>> 4 (693: 1375 1419 1416) (0.155767 s)
>> 1 (15: 1375 1365 1364) (0.157156 s)
>> 0 (-1: -1 -1 -1) (0.158522 s)
Zelikovsky- 1.23156 s
>>> get_solution
  refine_solution: new weight 8000899 (was 8000904) in 0.000394 s
  refine_solution: new weight 8000899 (was 8000899) in 0.000383 s
>>> get_solution
  refine_solution: new weight 8001008 (was 8001070) in 0.000371 s
  refine_solution: new weight 8000990 (was 8001008) in 0.00037 s
  refine_solution: new weight 8000987 (was 8000990) in 0.000363 s
  refine_solution: new weight 8000968 (was 8000987) in 0.000367 s
  refine_solution: new weight 8000961 (was 8000968) in 0.000366 s
  refine_solution: new weight 8000961 (was 8000961) in 0.000368 s
11,,1230,2464,19,,1230,0,,8001070,8000961,8001024,8000904,8000899,,300028,4,@@

  handle_small_Steiner_degrees: steiner 0, suppress 3 in 6e-06 s
Starting round 12
Found 220 isolated vertices
Invalid ratios recomputed: 1216
Best ratio is 100010/1 (100010.0), centered at 54
Finding the best star... Star with 2 terminals centered in 1378
round took: 0.202425 s
|V| = 1436, |E| = 2451, |R| = 18
>> 37 (1327: 1360 1366 1360) (0.000268 s)
>> 0 (-1: -1 -1 -1) (0.00018 s)
Zelikovsky 0.141997 s
>> 37 (1327: 1378 1366 1360) (0.145369 s)
>> 23 (14: 1378 1363 1361) (0.147328 s)
>> 18 (178: 1378 1430 1427) (0.151129 s)
>> 16 (151: 1378 1428 1417) (0.152359 s)
>> 15 (198: 1378 1432 1429) (0.153827 s)
>> 4 (693: 1378 1419 1416) (0.154295 s)
>> 1 (15: 1378 1365 1364) (0.155636 s)
>> 0 (-1: -1 -1 -1) (0.15729 s)
Zelikovsky- 1.21876 s
>>> get_solution
  refine_solution: new weight 8000899 (was 8000904) in 0.000394 s
  refine_solution: new weight 8000899 (was 8000899) in 0.000384 s
>>> get_solution
  refine_solution: new weight 8000986 (was 8001067) in 0.000373 s
  refine_solution: new weight 8000962 (was 8000986) in 0.000377 s
  refine_solution: new weight 8000962 (was 8000962) in 0.000368 s
12,,1216,2451,18,,1216,0,,8001067,8000962,8001020,8000904,8000899,,100010,2,@@

  handle_small_Steiner_degrees: steiner 0, suppress 1 in 4e-06 s
Starting round 13
Found 225 isolated vertices
Invalid ratios recomputed: 1211
Best ratio is 200028/2 (100014.0), centered at 159
Finding the best star... Star with 3 terminals centered in 1419
round took: 0.219255 s
|V| = 1436, |E| = 2432, |R| = 16
>> 37 (1327: 1360 1366 1360) (0.00026 s)
>> 0 (-1: -1 -1 -1) (0.000172 s)
Zelikovsky 0.14685 s
>> 37 (1327: 1419 1366 1360) (0.14297 s)
>> 23 (14: 1419 1363 1361) (0.145317 s)
>> 18 (178: 1419 1430 1427) (0.149253 s)
>> 15 (198: 1419 1432 1429) (0.150875 s)
>> 14 (151: 1419 1428 1417) (0.151653 s)
>> 1 (15: 1419 1365 1364) (0.152667 s)
>> 0 (-1: -1 -1 -1) (0.15417 s)
Zelikovsky- 1.04828 s
>>> get_solution
  refine_solution: new weight 8000899 (was 8000904) in 0.000426 s
  refine_solution: new weight 8000899 (was 8000899) in 0.000392 s
>>> get_solution
  refine_solution: new weight 8000992 (was 8001060) in 0.000389 s
  refine_solution: new weight 8000992 (was 8000992) in 0.000377 s
13,,1211,2432,16,,1211,0,,8001060,8000992,8001022,8000904,8000899,,200028,3,@@

  handle_small_Steiner_degrees: steiner 0, suppress 1 in 5e-06 s
Starting round 14
Found 238 isolated vertices
Invalid ratios recomputed: 1198
Best ratio is 400060/4 (100015.0), centered at 15
Finding the best star... Star with 5 terminals centered in 1417
round took: 0.212999 s
|V| = 1436, |E| = 2388, |R| = 12
>> 23 (14: 1361 1363 1361) (0.000196 s)
>> 18 (178: 1417 1427 1417) (0.00018 s)
>> 0 (-1: -1 -1 -1) (0.000184 s)
Zelikovsky 0.132772 s
>> 23 (14: 1417 1363 1361) (0.136392 s)
>> 18 (178: 1417 1430 1427) (0.140996 s)
>> 15 (198: 1417 1432 1429) (0.141893 s)
>> 0 (-1: -1 -1 -1) (0.143342 s)
Zelikovsky- 0.563569 s
>>> get_solution
  refine_solution: new weight 8000902 (was 8000907) in 0.00039 s
  refine_solution: new weight 8000902 (was 8000902) in 0.000385 s
>>> get_solution
  refine_solution: new weight 8000981 (was 8000986) in 0.000382 s
  refine_solution: new weight 8000981 (was 8000981) in 0.000371 s
14,,1198,2388,12,,1198,0,,8000986,8000981,8000922,8000907,8000902,,400060,5,@@

  handle_small_Steiner_degrees: steiner 0, suppress 1 in 5e-06 s
Starting round 15
Found 270 isolated vertices
Invalid ratios recomputed: 1166
Best ratio is 200034/2 (100017.0), centered at 178
Finding the best star... Star with 3 terminals centered in 1430
round took: 0.18625 s
|V| = 1436, |E| = 2373, |R| = 10
>> 23 (14: 1361 1363 1361) (0.000183 s)
>> 15 (198: 1429 1430 1429) (0.000166 s)
>> 0 (-1: -1 -1 -1) (0.000168 s)
Zelikovsky 0.131748 s
>> 23 (14: 1430 1363 1361) (0.135208 s)
>> 15 (198: 1430 1432 1429) (0.139583 s)
>> 0 (-1: -1 -1 -1) (0.140465 s)
Zelikovsky- 0.416071 s
>>> get_solution
  refine_solution: new weight 8000902 (was 8000907) in 0.000398 s
  refine_solution: new weight 8000902 (was 8000902) in 0.000387 s
>>> get_solution
  refine_solution: new weight 8000945 (was 8000969) in 0.000377 s
  refine_solution: new weight 8000941 (was 8000945) in 0.000377 s
  refine_solution: new weight 8000941 (was 8000941) in 0.000365 s
15,,1166,2373,10,,1166,0,,8000969,8000941,8000907,8000907,8000902,,200034,3,@@

  handle_small_Steiner_degrees: steiner 0, suppress 0 in 1e-06 s
Starting round 16
Found 279 isolated vertices
Invalid ratios recomputed: 1157
Best ratio is 200037/2 (100018.5), centered at 11
Finding the best star... Star with 3 terminals centered in 1363
round took: 0.177275 s
|V| = 1436, |E| = 2360, |R| = 8
>> 16 (737: 1361 1362 1361) (0.000173 s)
>> 15 (198: 1363 1429 1363) (0.000157 s)
>> 0 (-1: -1 -1 -1) (0.000154 s)
Zelikovsky 0.131919 s
>> 16 (737: 1363 1362 1361) (0.135856 s)
>> 15 (198: 1363 1432 1429) (0.136953 s)
>> 0 (-1: -1 -1 -1) (0.138616 s)
Zelikovsky- 0.412242 s
>>> get_solution
  refine_solution: new weight 8000892 (was 8000897) in 0.000399 s
  refine_solution: new weight 8000892 (was 8000892) in 0.000383 s
>>> get_solution
  refine_solution: new weight 8000923 (was 8000928) in 0.000378 s
  refine_solution: new weight 8000923 (was 8000923) in 0.000375 s
16,,1157,2360,8,,1157,0,,8000928,8000923,8000897,8000897,8000892,,200037,3,@@

  handle_small_Steiner_degrees: steiner 0, suppress 1 in 3e-06 s
Starting round 17
Found 288 isolated vertices
Invalid ratios recomputed: 1148
Best ratio is 100019/1 (100019.0), centered at 152
Finding the best star... Star with 2 terminals centered in 1428
round took: 0.157085 s
|V| = 1436, |E| = 2349, |R| = 7
>> 16 (737: 1361 1362 1361) (0.000165 s)
>> 15 (198: 1428 1429 1428) (0.000151 s)
>> 0 (-1: -1 -1 -1) (0.000144 s)
Zelikovsky 0.130443 s
>> 16 (737: 1428 1362 1361) (0.134608 s)
>> 15 (198: 1428 1432 1429) (0.135628 s)
>> 0 (-1: -1 -1 -1) (0.137193 s)
Zelikovsky- 0.408242 s
>>> get_solution
  refine_solution: new weight 8000892 (was 8000897) in 0.000394 s
  refine_solution: new weight 8000892 (was 8000892) in 0.000383 s
>>> get_solution
  refine_solution: new weight 8000923 (was 8000928) in 0.000372 s
  refine_solution: new weight 8000923 (was 8000923) in 0.000378 s
17,,1148,2349,7,,1148,0,,8000928,8000923,8000897,8000897,8000892,,100019,2,@@

  handle_small_Steiner_degrees: steiner 0, suppress 0 in 2e-06 s
Starting round 18
Found 294 isolated vertices
Invalid ratios recomputed: 1142
Best ratio is 100020/1 (100020.0), centered at 0
Finding the best star... Star with 2 terminals centered in 1360
round took: 0.153378 s
|V| = 1436, |E| = 2339, |R| = 6
>> 16 (737: 1360 1361 1360) (0.000161 s)
>> 0 (-1: -1 -1 -1) (0.000145 s)
Zelikovsky 0.128814 s
>> 16 (737: 1360 1362 1361) (0.133305 s)
>> 15 (198: 1360 1432 1429) (0.135248 s)
Zelikovsky- 0.269364 s
>>> get_solution
  refine_solution: new weight 8000892 (was 8000897) in 0.000393 s
  refine_solution: new weight 8000892 (was 8000892) in 0.000383 s
>>> get_solution
  refine_solution: new weight 8000923 (was 8000928) in 0.00037 s
  refine_solution: new weight 8000923 (was 8000923) in 0.000374 s
18,,1142,2339,6,,1142,0,,8000928,8000923,8000912,8000897,8000892,,100020,2,@@

  handle_small_Steiner_degrees: steiner 0, suppress 0 in 2e-06 s
Starting round 19
Found 300 isolated vertices
Invalid ratios recomputed: 1136
Best ratio is 100031/1 (100031.0), centered at 4
Finding the best star... Star with 2 terminals centered in 1361
round took: 0.156259 s
|V| = 1436, |E| = 2330, |R| = 5
>> 15 (198: 1361 1429 1361) (0.000156 s)
>> 0 (-1: -1 -1 -1) (0.000143 s)
Zelikovsky 0.127549 s
>> 15 (198: 1361 1432 1429) (0.137922 s)
>> 0 (-1: -1 -1 -1) (0.133395 s)
Zelikovsky- 0.272465 s
>>> get_solution
  refine_solution: new weight 8000907 (was 8000912) in 0.000392 s
  refine_solution: new weight 8000907 (was 8000907) in 0.000383 s
>>> get_solution
  refine_solution: new weight 8000922 (was 8000927) in 0.000386 s
  refine_solution: new weight 8000922 (was 8000922) in 0.000374 s
19,,1136,2330,5,,1136,0,,8000927,8000922,8000912,8000912,8000907,,100031,2,@@

  handle_small_Steiner_degrees: steiner 0, suppress 0 in 2e-06 s
Starting round 20
Found 306 isolated vertices
Invalid ratios recomputed: 1130
Best ratio is 200063/2 (100031.5), centered at 198
Finding the best star... Star with 3 terminals centered in 1429
round took: 0.150094 s
|V| = 1436, |E| = 2311, |R| = 3
>> 0 (-1: -1 -1 -1) (0.000148 s)
Zelikovsky 0.126488 s
>> 0 (-1: -1 -1 -1) (0.131271 s)
Zelikovsky- 0.131821 s
>>> get_solution
  refine_solution: new weight 8000907 (was 8000912) in 0.000394 s
  refine_solution: new weight 8000907 (was 8000907) in 0.000376 s
>>> get_solution
  refine_solution: new weight 8000907 (was 8000912) in 0.000373 s
  refine_solution: new weight 8000907 (was 8000907) in 0.000369 s
20,,1130,2311,3,,1130,0,,8000912,8000907,8000912,8000912,8000907,,200063,3,@@

  handle_small_Steiner_degrees: steiner 0, suppress 1 in 4e-06 s
Starting round 21
Found 318 isolated vertices
Invalid ratios recomputed: 1118
Best ratio is 100048/1 (100048.0), centered at 8
Finding the best star... Star with 2 terminals centered in 1362
round took: 0.143295 s
|V| = 1436, |E| = 2296, |R| = 2
Zelikovsky 0.124278 s
Zelikovsky- 0.000539 s
>>> get_solution
  refine_solution: new weight 8000907 (was 8000912) in 0.000395 s
  refine_solution: new weight 8000907 (was 8000907) in 0.000382 s
>>> get_solution
  refine_solution: new weight 8000907 (was 8000912) in 0.000369 s
  refine_solution: new weight 8000907 (was 8000907) in 0.000369 s
21,,1118,2296,2,,1118,0,,8000912,8000907,8000912,8000912,8000907,,100048,2,@@

  handle_small_Steiner_degrees: steiner 0, suppress 1 in 4e-06 s
Starting round 22
Found 329 isolated vertices
Invalid ratios recomputed: 1107
Best ratio is 100051/1 (100051.0), centered at 125
Finding the best star... Star with 2 terminals centered in 1431
round took: 0.136595 s
|V| = 1436, |E| = 2284, |R| = 1
Zelikovsky 0.123701 s
Zelikovsky- 0.000543 s
>>> get_solution
  refine_solution: new weight 8000907 (was 8000912) in 0.000394 s
  refine_solution: new weight 8000907 (was 8000907) in 0.000385 s
>>> get_solution
  refine_solution: new weight 8000907 (was 8000912) in 0.000369 s
  refine_solution: new weight 8000907 (was 8000907) in 0.000369 s
22,,1107,2284,1,,1107,0,,8000912,8000907,8000912,8000912,8000907,,100051,2,@@

  handle_small_Steiner_degrees: steiner 0, suppress 0 in 2e-06 s
contract_till_the_bitter_end: 50.2168 s

Calling end_heu
>>> get_solution
Saved weight 600017
end_heu: 0 loops with 0 unique solutions in 7.6e-05 s

Calling print_solution
>>> get_solution
  refine_solution: new weight 8000907 (was 8000912) in 0.000386 s
Oops orig weight was 8000912 but we got 8000907
## FINAL WEIGHT 8000907
print_solution: 0.000865 s
