Version: final-94-gfffc3aa rub_all.sh: remove longest prefix
Random seed: 1557947937
Start
>>> save_orig_graph
>> Saved weight 0
Graph loaded
|V| = 158213, |E| = 240022, |R| = 3914
First clearance of the input. Calling buy_zero and run_all_heuristics.
  buy_zero: 7248 zero edges in 0.009184 s
  handle_small_terminal_degrees: terms 0 in 0.000119 s
  handle_small_Steiner_degrees: steiner 11, suppress 54822 in 0.021962 s
  shortest_edge_between_terminals: 0 edges in 0.000709 s
  handle_small_terminal_degrees: terms 0 in 0.000119 s
  handle_small_Steiner_degrees: steiner 2, suppress 610 in 0.000612 s
  shortest_edge_between_terminals: 0 edges in 0.000404 s
  handle_small_terminal_degrees: terms 0 in 0.000118 s
  handle_small_Steiner_degrees: steiner 0, suppress 69 in 0.000252 s
  shortest_edge_between_terminals: 0 edges in 0.000258 s
  handle_small_terminal_degrees: terms 0 in 0.000117 s
  handle_small_Steiner_degrees: steiner 0, suppress 23 in 0.000225 s
  shortest_edge_between_terminals: 0 edges in 0.000241 s
  handle_small_terminal_degrees: terms 0 in 0.000118 s
  handle_small_Steiner_degrees: steiner 0, suppress 14 in 0.000221 s
  shortest_edge_between_terminals: 0 edges in 0.000237 s
  handle_small_terminal_degrees: terms 0 in 0.000118 s
  handle_small_Steiner_degrees: steiner 0, suppress 9 in 0.00022 s
  shortest_edge_between_terminals: 0 edges in 0.000235 s
  handle_small_terminal_degrees: terms 0 in 0.000118 s
  handle_small_Steiner_degrees: steiner 0, suppress 6 in 0.000218 s
  shortest_edge_between_terminals: 0 edges in 0.000235 s
  handle_small_terminal_degrees: terms 0 in 0.000117 s
  handle_small_Steiner_degrees: steiner 0, suppress 3 in 0.000215 s
  shortest_edge_between_terminals: 0 edges in 0.000234 s
  handle_small_terminal_degrees: terms 0 in 0.000118 s
  handle_small_Steiner_degrees: steiner 0, suppress 2 in 0.000242 s
  shortest_edge_between_terminals: 0 edges in 0.000241 s
  handle_small_terminal_degrees: terms 0 in 0.000118 s
  handle_small_Steiner_degrees: steiner 0, suppress 2 in 0.000215 s
  shortest_edge_between_terminals: 0 edges in 0.000236 s
  handle_small_terminal_degrees: terms 0 in 0.000118 s
  handle_small_Steiner_degrees: steiner 0, suppress 3 in 0.000215 s
  shortest_edge_between_terminals: 0 edges in 0.000236 s
  handle_small_terminal_degrees: terms 0 in 0.000118 s
  handle_small_Steiner_degrees: steiner 0, suppress 2 in 0.000215 s
  shortest_edge_between_terminals: 0 edges in 0.000234 s
  handle_small_terminal_degrees: terms 0 in 0.000118 s
  handle_small_Steiner_degrees: steiner 0, suppress 3 in 0.000215 s
  shortest_edge_between_terminals: 0 edges in 0.000233 s
  handle_small_terminal_degrees: terms 0 in 0.000118 s
  handle_small_Steiner_degrees: steiner 0, suppress 1 in 0.000214 s
  shortest_edge_between_terminals: 0 edges in 0.000234 s
  handle_small_terminal_degrees: terms 0 in 0.000118 s
  handle_small_Steiner_degrees: steiner 0, suppress 4 in 0.000216 s
  shortest_edge_between_terminals: 0 edges in 0.000234 s
  handle_small_terminal_degrees: terms 0 in 0.000118 s
  handle_small_Steiner_degrees: steiner 0, suppress 2 in 0.000225 s
  shortest_edge_between_terminals: 0 edges in 0.000235 s
  handle_small_terminal_degrees: terms 0 in 0.000118 s
  handle_small_Steiner_degrees: steiner 0, suppress 2 in 0.000216 s
  shortest_edge_between_terminals: 0 edges in 0.000235 s
  handle_small_terminal_degrees: terms 0 in 0.000118 s
  handle_small_Steiner_degrees: steiner 0, suppress 0 in 0.000214 s
  shortest_edge_between_terminals: 0 edges in 0.000233 s
Compressed graph 158213 -> 95752
  delete_edges: deleted 7808 edges in 0.169776 s and 6 rounds
  handle_small_terminal_degrees: terms 0 in 7.6e-05 s
  handle_small_Steiner_degrees: steiner 49, suppress 4790 in 0.003587 s
  shortest_edge_between_terminals: 0 edges in 0.000585 s
  handle_small_terminal_degrees: terms 2 in 7.7e-05 s
  handle_small_Steiner_degrees: steiner 1, suppress 48 in 0.00018 s
  shortest_edge_between_terminals: 0 edges in 0.000222 s
  handle_small_terminal_degrees: terms 0 in 7.1e-05 s
  handle_small_Steiner_degrees: steiner 0, suppress 2 in 0.000146 s
  shortest_edge_between_terminals: 0 edges in 0.000197 s
  handle_small_terminal_degrees: terms 0 in 7.1e-05 s
  handle_small_Steiner_degrees: steiner 0, suppress 0 in 0.000144 s
  shortest_edge_between_terminals: 0 edges in 0.000194 s
Compressed graph 95752 -> 90860
  delete_edges_shortest_path: deleted 12082 edges in 2.0571 s
  handle_small_terminal_degrees: terms 4 in 9.6e-05 s
  handle_small_Steiner_degrees: steiner 1180, suppress 9950 in 0.007208 s
  shortest_edge_between_terminals: 0 edges in 0.000561 s
  handle_small_terminal_degrees: terms 37 in 0.000144 s
  handle_small_Steiner_degrees: steiner 26, suppress 1227 in 0.000959 s
  shortest_edge_between_terminals: 0 edges in 0.000314 s
  handle_small_terminal_degrees: terms 10 in 7.9e-05 s
  handle_small_Steiner_degrees: steiner 4, suppress 129 in 0.000218 s
  shortest_edge_between_terminals: 1 edges in 0.000194 s
  handle_small_terminal_degrees: terms 3 in 7.2e-05 s
  handle_small_Steiner_degrees: steiner 1, suppress 4 in 0.000141 s
  shortest_edge_between_terminals: 0 edges in 0.000172 s
  handle_small_terminal_degrees: terms 0 in 6.8e-05 s
  handle_small_Steiner_degrees: steiner 0, suppress 2 in 0.000154 s
  shortest_edge_between_terminals: 0 edges in 0.000168 s
  handle_small_terminal_degrees: terms 0 in 6.8e-05 s
  handle_small_Steiner_degrees: steiner 0, suppress 0 in 0.000139 s
  shortest_edge_between_terminals: 0 edges in 0.000168 s
Compressed graph 90860 -> 78282
  handle_small_terminal_degrees: terms 0 in 5.9e-05 s
  handle_small_Steiner_degrees: steiner 0, suppress 16 in 0.000133 s
  shortest_edge_between_terminals: 5 edges in 0.000617 s
  handle_small_terminal_degrees: terms 1 in 6.1e-05 s
  handle_small_Steiner_degrees: steiner 1, suppress 13 in 0.000133 s
  shortest_edge_between_terminals: 0 edges in 0.000267 s
  handle_small_terminal_degrees: terms 2 in 6.1e-05 s
  handle_small_Steiner_degrees: steiner 0, suppress 4 in 0.000127 s
  shortest_edge_between_terminals: 0 edges in 0.000168 s
  handle_small_terminal_degrees: terms 0 in 5.9e-05 s
  handle_small_Steiner_degrees: steiner 0, suppress 0 in 0.000124 s
  shortest_edge_between_terminals: 0 edges in 0.000164 s
Compressed graph 78282 -> 78184
  delete_edges_shortest_path: deleted 1780 edges in 1.49667 s
  handle_small_terminal_degrees: terms 14 in 8.2e-05 s
  handle_small_Steiner_degrees: steiner 36, suppress 1775 in 0.001401 s
  shortest_edge_between_terminals: 1 edges in 0.000483 s
  handle_small_terminal_degrees: terms 6 in 6.5e-05 s
  handle_small_Steiner_degrees: steiner 3, suppress 81 in 0.00017 s
  shortest_edge_between_terminals: 0 edges in 0.000174 s
  handle_small_terminal_degrees: terms 4 in 6.5e-05 s
  handle_small_Steiner_degrees: steiner 0, suppress 4 in 0.000127 s
  shortest_edge_between_terminals: 0 edges in 0.000159 s
  handle_small_terminal_degrees: terms 1 in 6e-05 s
  handle_small_Steiner_degrees: steiner 0, suppress 0 in 0.000124 s
  shortest_edge_between_terminals: 0 edges in 0.000157 s
  handle_small_terminal_degrees: terms 0 in 5.8e-05 s
  handle_small_Steiner_degrees: steiner 0, suppress 0 in 0.000125 s
  shortest_edge_between_terminals: 0 edges in 0.000157 s
Compressed graph 78184 -> 76259
Compressed graph 76259 -> 76259
>>> save_orig_graph
>> Saved weight 344669
### ZEL_LVL=9 PRECISE_STARS=0

Calling `contract_till_the_bitter_end`
|V| = 76259, |E| = 129728, |R| = 3917
