Version: final-94-gfffc3aa rub_all.sh: remove longest prefix
Random seed: 1565836680
Start
>>> save_orig_graph
>> Saved weight 0
Graph loaded
|V| = 120867, |E| = 187312, |R| = 3224
First clearance of the input. Calling buy_zero and run_all_heuristics.
  buy_zero: 5523 zero edges in 0.008364 s
  handle_small_terminal_degrees: terms 1 in 0.000107 s
  handle_small_Steiner_degrees: steiner 1, suppress 37887 in 0.020961 s
  shortest_edge_between_terminals: 0 edges in 0.000862 s
  handle_small_terminal_degrees: terms 0 in 0.000105 s
  handle_small_Steiner_degrees: steiner 0, suppress 218 in 0.000389 s
  shortest_edge_between_terminals: 0 edges in 0.000321 s
  handle_small_terminal_degrees: terms 0 in 9.4e-05 s
  handle_small_Steiner_degrees: steiner 0, suppress 34 in 0.000193 s
  shortest_edge_between_terminals: 0 edges in 0.00019 s
  handle_small_terminal_degrees: terms 0 in 9.4e-05 s
  handle_small_Steiner_degrees: steiner 0, suppress 16 in 0.000185 s
  shortest_edge_between_terminals: 0 edges in 0.000184 s
  handle_small_terminal_degrees: terms 0 in 9.4e-05 s
  handle_small_Steiner_degrees: steiner 0, suppress 12 in 0.000182 s
  shortest_edge_between_terminals: 0 edges in 0.000194 s
  handle_small_terminal_degrees: terms 0 in 9.4e-05 s
  handle_small_Steiner_degrees: steiner 0, suppress 10 in 0.000179 s
  shortest_edge_between_terminals: 0 edges in 0.000181 s
  handle_small_terminal_degrees: terms 0 in 9.4e-05 s
  handle_small_Steiner_degrees: steiner 0, suppress 14 in 0.000181 s
  shortest_edge_between_terminals: 0 edges in 0.000181 s
  handle_small_terminal_degrees: terms 0 in 9.5e-05 s
  handle_small_Steiner_degrees: steiner 0, suppress 10 in 0.000181 s
  shortest_edge_between_terminals: 0 edges in 0.000178 s
  handle_small_terminal_degrees: terms 0 in 9.4e-05 s
  handle_small_Steiner_degrees: steiner 0, suppress 6 in 0.000177 s
  shortest_edge_between_terminals: 0 edges in 0.000182 s
  handle_small_terminal_degrees: terms 0 in 9.4e-05 s
  handle_small_Steiner_degrees: steiner 0, suppress 4 in 0.000176 s
  shortest_edge_between_terminals: 0 edges in 0.000182 s
  handle_small_terminal_degrees: terms 0 in 9.4e-05 s
  handle_small_Steiner_degrees: steiner 0, suppress 4 in 0.000176 s
  shortest_edge_between_terminals: 0 edges in 0.000181 s
  handle_small_terminal_degrees: terms 0 in 9.4e-05 s
  handle_small_Steiner_degrees: steiner 0, suppress 2 in 0.000175 s
  shortest_edge_between_terminals: 0 edges in 0.000181 s
  handle_small_terminal_degrees: terms 0 in 9.5e-05 s
  handle_small_Steiner_degrees: steiner 0, suppress 2 in 0.000175 s
  shortest_edge_between_terminals: 0 edges in 0.000179 s
  handle_small_terminal_degrees: terms 0 in 9.5e-05 s
  handle_small_Steiner_degrees: steiner 0, suppress 4 in 0.000176 s
  shortest_edge_between_terminals: 0 edges in 0.000188 s
  handle_small_terminal_degrees: terms 0 in 9.4e-05 s
  handle_small_Steiner_degrees: steiner 0, suppress 3 in 0.000175 s
  shortest_edge_between_terminals: 0 edges in 0.000181 s
  handle_small_terminal_degrees: terms 0 in 9.4e-05 s
  handle_small_Steiner_degrees: steiner 0, suppress 1 in 0.000176 s
  shortest_edge_between_terminals: 0 edges in 0.000179 s
  handle_small_terminal_degrees: terms 0 in 9.5e-05 s
  handle_small_Steiner_degrees: steiner 0, suppress 0 in 0.000174 s
  shortest_edge_between_terminals: 0 edges in 0.000179 s
Compressed graph 120867 -> 77427
  delete_edges: deleted 5996 edges in 0.137889 s and 5 rounds
  handle_small_terminal_degrees: terms 0 in 7.6e-05 s
  handle_small_Steiner_degrees: steiner 36, suppress 3517 in 0.003334 s
  shortest_edge_between_terminals: 0 edges in 0.000656 s
  handle_small_terminal_degrees: terms 1 in 6.6e-05 s
  handle_small_Steiner_degrees: steiner 2, suppress 50 in 0.000162 s
  shortest_edge_between_terminals: 0 edges in 0.000199 s
  handle_small_terminal_degrees: terms 1 in 6.3e-05 s
  handle_small_Steiner_degrees: steiner 0, suppress 8 in 0.00013 s
  shortest_edge_between_terminals: 0 edges in 0.000163 s
  handle_small_terminal_degrees: terms 0 in 6e-05 s
  handle_small_Steiner_degrees: steiner 0, suppress 1 in 0.000125 s
  shortest_edge_between_terminals: 0 edges in 0.000161 s
  handle_small_terminal_degrees: terms 0 in 6.1e-05 s
  handle_small_Steiner_degrees: steiner 0, suppress 0 in 0.000124 s
  shortest_edge_between_terminals: 0 edges in 0.00016 s
Compressed graph 77427 -> 73811
  delete_edges_shortest_path: deleted 9620 edges in 1.94893 s
  handle_small_terminal_degrees: terms 7 in 9.5e-05 s
  handle_small_Steiner_degrees: steiner 915, suppress 7786 in 0.006669 s
  shortest_edge_between_terminals: 0 edges in 0.000575 s
  handle_small_terminal_degrees: terms 15 in 8.7e-05 s
  handle_small_Steiner_degrees: steiner 21, suppress 852 in 0.000733 s
  shortest_edge_between_terminals: 0 edges in 0.000221 s
  handle_small_terminal_degrees: terms 6 in 6.7e-05 s
  handle_small_Steiner_degrees: steiner 1, suppress 74 in 0.000168 s
  shortest_edge_between_terminals: 0 edges in 0.000148 s
  handle_small_terminal_degrees: terms 4 in 6.5e-05 s
  handle_small_Steiner_degrees: steiner 0, suppress 1 in 0.00012 s
  shortest_edge_between_terminals: 0 edges in 0.000145 s
  handle_small_terminal_degrees: terms 0 in 5.8e-05 s
  handle_small_Steiner_degrees: steiner 0, suppress 1 in 0.000121 s
  shortest_edge_between_terminals: 0 edges in 0.000144 s
  handle_small_terminal_degrees: terms 0 in 5.8e-05 s
  handle_small_Steiner_degrees: steiner 0, suppress 0 in 0.000119 s
  shortest_edge_between_terminals: 0 edges in 0.000142 s
Compressed graph 73811 -> 64128
  handle_small_terminal_degrees: terms 0 in 5.1e-05 s
  handle_small_Steiner_degrees: steiner 0, suppress 8 in 0.000116 s
  shortest_edge_between_terminals: 5 edges in 0.000744 s
  handle_small_terminal_degrees: terms 0 in 5e-05 s
  handle_small_Steiner_degrees: steiner 0, suppress 7 in 0.000112 s
  shortest_edge_between_terminals: 0 edges in 0.000227 s
  handle_small_terminal_degrees: terms 0 in 5e-05 s
  handle_small_Steiner_degrees: steiner 0, suppress 1 in 0.000108 s
  shortest_edge_between_terminals: 0 edges in 0.00014 s
  handle_small_terminal_degrees: terms 0 in 4.9e-05 s
  handle_small_Steiner_degrees: steiner 0, suppress 0 in 0.000106 s
  shortest_edge_between_terminals: 0 edges in 0.000138 s
Compressed graph 64128 -> 64064
  delete_edges_shortest_path: deleted 1512 edges in 1.33549 s
  handle_small_terminal_degrees: terms 4 in 6.5e-05 s
  handle_small_Steiner_degrees: steiner 30, suppress 1377 in 0.001429 s
  shortest_edge_between_terminals: 3 edges in 0.00058 s
  handle_small_terminal_degrees: terms 4 in 5.5e-05 s
  handle_small_Steiner_degrees: steiner 1, suppress 68 in 0.000152 s
  shortest_edge_between_terminals: 0 edges in 0.000159 s
  handle_small_terminal_degrees: terms 2 in 5.2e-05 s
  handle_small_Steiner_degrees: steiner 0, suppress 3 in 0.000108 s
  shortest_edge_between_terminals: 0 edges in 0.000133 s
  handle_small_terminal_degrees: terms 0 in 4.9e-05 s
  handle_small_Steiner_degrees: steiner 0, suppress 0 in 0.000106 s
  shortest_edge_between_terminals: 0 edges in 0.000134 s
Compressed graph 64064 -> 62573
Compressed graph 62573 -> 62573
>>> save_orig_graph
>> Saved weight 686935
### ZEL_LVL=9 PRECISE_STARS=1

Calling `contract_till_the_bitter_end`
|V| = 62573, |E| = 106962, |R| = 3225
>> 32048 (32782: 44000 55336 44000) (134.686 s)
>> 10893 (12623: 41265 41275 41265) (129.329 s)
>> 10804 (1039: 33570 33586 33570) (132.699 s)
>> 10280 (22887: 40720 40736 40720) (132.38 s)
>> 10230 (13792: 7688 41935 7688) (129.728 s)
>> 9696 (9520: 39172 39205 39172) (130.527 s)
>> 9570 (20862: 8142 41320 8142) (134.071 s)
>> 9567 (42017: 41992 42001 41992) (131.699 s)
>> 9429 (36104: 52763 52768 52763) (131.074 s)
>> 10422 (52722: 6560 52708 6560) (128.099 s)
>> 9315 (41191: 21621 41185 21621) (129.522 s)
>> 9089 (54773: 8573 38333 8573) (128.382 s)
>> 9058 (54954: 39320 54948 39320) (124.121 s)
>> 8578 (22434: 48973 49196 48973) (122.07 s)
>> 8384 (11589: 40652 40656 40652) (124.824 s)
>> 8331 (21988: 7315 17581 7315) (124.43 s)
>> 8031 (55979: 49013 49042 49013) (123.037 s)
>> 7962 (40670: 40645 40662 40645) (123.569 s)
>> 7956 (54947: 53043 54943 53043) (122.489 s)
>> 7902 (8348: 15686 18518 15686) (122.869 s)
>> 7837 (27882: 52270 52282 52270) (121.41 s)
>> 7791 (22844: 49228 49230 49228) (120.294 s)
>> 7711 (11878: 97 38500 97) (128.85 s)
>> 7689 (22311: 48881 48911 48881) (125.226 s)
>> 7660 (6913: 6015 52733 6015) (117.86 s)
>> 7627 (20698: 15773 20762 15773) (117.273 s)
>> 7519 (10126: 833 9763 833) (116.155 s)
>> 7432 (27949: 52303 54774 52303) (117.298 s)
>> 8486 (28100: 20439 52376 20439) (115.733 s)
>> 7395 (768: 33446 33476 33446) (118.297 s)
>> 7363 (41899: 41877 41888 41877) (133.502 s)
>> 7544 (41195: 19358 41194 19358) (130.542 s)
>> 7294 (29513: 42367 42382 42367) (122.914 s)
>> 7232 (15423: 42770 42784 42770) (119.819 s)
>> 7231 (8355: 38092 38109 38092) (117.675 s)
>> 7185 (27569: 52144 52156 52144) (117.399 s)
>> 7116 (48437: 54814 54818 54814) (120.495 s)
>> 7096 (54972: 39325 39335 39325) (116.629 s)
>> 7006 (46847: 46838 46863 46838) (118.665 s)
>> 6871 (40450: 34214 40438 34214) (118.773 s)
>> 6826 (40202: 40200 40283 40200) (117.298 s)
>> 6820 (52047: 19049 52044 19049) (120.136 s)
>> 6789 (55605: 37791 37799 37791) (123.151 s)
>> 6740 (12999: 41429 42079 41429) (123.679 s)
>> 6670 (8540: 21788 54652 21788) (122.944 s)
>> 6643 (14303: 28736 42270 28736) (120.889 s)
>> 6643 (48142: 48061 48134 48061) (121.061 s)
>> 6625 (27755: 52248 52267 52248) (121.41 s)
>> 6579 (41219: 41198 41215 41198) (121.805 s)
>> 6554 (48928: 48841 48921 48841) (122.156 s)
>> 6550 (49076: 49067 49080 49067) (123.175 s)
>> 6546 (47065: 47053 47056 47053) (122.298 s)
>> 6521 (52279: 52276 52287 52276) (122.207 s)
>> 6512 (31362: 54366 54627 54366) (122.141 s)
>> 6441 (11923: 16055 55271 16055) (122.149 s)
>> 6431 (37950: 22554 35382 22554) (122.279 s)
>> 6427 (42440: 3935 42408 3935) (122.213 s)
>> 6405 (18468: 45020 45247 45020) (122.194 s)
>> 6404 (37817: 37476 37814 37476) (123.608 s)
>> 6388 (11991: 40750 40853 40750) (123.956 s)
>> 6355 (45054: 19700 40602 19700) (124.088 s)
>> 6353 (19246: 6026 55277 6026) (124.756 s)
>> 6318 (35601: 35596 36313 35596) (123.649 s)
>> 6278 (55382: 33152 33374 33152) (123.228 s)
>> 6271 (548: 41870 41951 41870) (123.107 s)
>> 6265 (43723: 43705 43718 43705) (122.88 s)
>> 6228 (4881: 12374 35396 12374) (122.927 s)
>> 6173 (55559: 42878 42890 42878) (122.619 s)
>> 6170 (33592: 26279 33590 26279) (122.806 s)
>> 6159 (22355: 48649 48893 48649) (122.994 s)
>> 6155 (11761: 40773 40799 40773) (123.248 s)
>> 6944 (11575: 40673 40756 40673) (123.604 s)
>> 7998 (11523: 37383 40625 37383) (122.91 s)
>> 6134 (19933: 53971 53982 53971) (122.97 s)
>> 6120 (54710: 9080 48971 9080) (122.856 s)
>> 6092 (54980: 38594 54955 38594) (123.38 s)
>> 6021 (19225: 52586 52624 52586) (123.451 s)
>> 5977 (917: 38026 40889 38026) (122.854 s)
>> 5952 (39555: 39193 39554 39193) (123.819 s)
>> 5952 (51926: 51916 51924 51916) (123.553 s)
>> 5934 (18959: 18016 45566 18016) (123.602 s)
>> 6190 (52442: 52425 52440 52425) (123.574 s)
>> 5930 (42073: 8629 8843 8629) (123.563 s)
>> 5908 (60389: 43679 43711 43679) (123.412 s)
>> 5898 (2815: 28479 52532 28479) (123.495 s)
>> 5888 (43699: 43661 43693 43661) (123.53 s)
>> 5885 (33394: 33262 33389 33262) (123.479 s)
>> 5890 (448: 33305 33405 33305) (123.448 s)
>> 5849 (38604: 42350 42459 42350) (123.383 s)
>> 5848 (22561: 49053 49063 49053) (123.535 s)
>> 5838 (21257: 53998 54022 53998) (123.655 s)
>> 5821 (40507: 18107 40469 18107) (123.464 s)
>> 5809 (22712: 32229 49184 32229) (123.666 s)
>> 5804 (42182: 42177 42191 42177) (123.629 s)
>> 5799 (57309: 50059 50070 50059) (123.575 s)
>> 5778 (8352: 38086 38100 38086) (123.436 s)
>> 5771 (3645: 34767 53326 34767) (123.702 s)
>> 5769 (7420: 37411 38112 37411) (124.739 s)
>> 5754 (41799: 42406 50459 42406) (124.818 s)
>> 5753 (108: 17416 41368 17416) (124.941 s)
>> 5737 (27815: 52348 52353 52348) (125.094 s)
>> 5727 (19026: 45701 45739 45701) (125.015 s)
>> 5713 (41466: 41451 41463 41451) (125.015 s)
>> 5698 (55070: 28281 28415 28281) (125.261 s)
>> 5698 (55238: 5170 55037 5170) (125.552 s)
>> 5690 (13973: 42035 42053 42035) (125.859 s)
>> 5686 (48717: 47979 48618 47979) (125.722 s)
>> 5679 (16345: 41302 41326 41302) (125.519 s)
>> 5665 (40124: 40119 40123 40119) (125.617 s)
>> 5656 (54783: 8039 17452 8039) (125.662 s)
>> 5655 (55860: 43896 43938 43896) (125.849 s)
>> 5629 (40808: 40791 40802 40791) (125.877 s)
>> 6974 (11806: 40807 40814 40807) (125.785 s)
>> 5622 (16403: 43585 43639 43585) (126.093 s)
>> 5600 (3456: 27869 39899 27869) (125.976 s)
>> 5589 (37161: 37120 37160 37120) (125.826 s)
>> 5583 (46248: 52263 52306 52263) (126.113 s)
>> 5581 (1547: 4885 33941 4885) (125.934 s)
>> 5559 (52412: 7057 52410 7057) (126.068 s)
>> 5515 (1370: 50351 50366 50351) (126.178 s)
>> 5509 (37128: 36990 37125 36990) (125.456 s)
>> 5498 (45670: 45642 45668 45642) (125.48 s)
>> 5496 (16968: 52325 52558 52325) (125.573 s)
>> 5493 (22398: 48942 48945 48942) (125.61 s)
>> 5491 (57268: 39299 39309 39299) (125.599 s)
>> 5487 (48834: 48795 48830 48795) (125.85 s)
>> 5436 (57788: 33519 33526 33519) (126.535 s)
>> 5431 (26950: 33905 33919 33905) (126.145 s)
>> 5412 (21786: 54873 54880 54873) (126.975 s)
>> 5391 (52480: 46273 52298 46273) (127.888 s)
>> 5384 (4932: 35423 40492 35423) (126.607 s)
>> 5378 (5970: 55049 55053 55049) (126.544 s)
>> 5376 (62041: 36745 36842 36745) (125.37 s)
>> 5367 (46885: 46879 46913 46879) (127.555 s)
>> 5360 (4515: 35172 35203 35172) (125.819 s)
>> 5457 (35169: 35167 35233 35167) (126.681 s)
>> 5358 (19568: 46242 46275 46242) (123.537 s)
>> 5343 (34407: 34343 34402 34343) (124.171 s)
>> 5330 (55862: 43952 43958 43952) (121.196 s)
>> 5330 (55964: 48012 48049 48012) (127.972 s)
>> 5330 (58587: 48213 48225 48213) (124.197 s)
>> 5325 (19524: 46172 46204 46172) (126.378 s)
>> 5293 (6402: 36527 52244 36527) (133.098 s)
>> 5267 (47198: 47113 47185 47113) (134.693 s)
>> 5353 (20175: 45349 46790 45349) (132.47 s)
>> 5262 (43635: 43610 43655 43610) (131.358 s)
>> 6245 (16132: 43437 43476 43437) (132.236 s)
>> 6825 (16089: 43471 44338 43471) (130.477 s)
>> 5262 (25015: 50584 50592 50584) (130.019 s)
>> 5254 (55865: 44126 44921 44126) (130.381 s)
>> 5248 (10757: 40076 40127 40076) (129.645 s)
>> 5297 (40105: 40083 40090 40083) (129.26 s)
>> 5228 (51730: 51725 51732 51725) (133.955 s)
>> 5216 (40309: 40305 40320 40305) (143.015 s)
>> 5199 (38839: 38816 38831 38816) (140.596 s)
>> 5199 (22379: 48757 49189 48757) (138.681 s)
>> 5193 (43692: 43683 43686 43683) (137.489 s)
>> 5184 (40900: 21611 40899 21611) (128.186 s)
>> 5174 (25006: 50562 50578 50562) (135.558 s)
>> 5173 (26957: 51867 51872 51867) (129.992 s)
>> 5165 (47142: 47136 47591 47136) (129.173 s)
>> 5256 (48160: 48122 48154 48122) (130.313 s)
>> 5159 (17552: 44563 44624 44563) (132.76 s)
>> 5510 (16674: 44556 44637 44556) (131.784 s)
>> 5158 (49839: 42486 49882 42486) (131.01 s)
>> 5142 (27965: 52315 52332 52315) (132.165 s)
>> 5132 (6891: 37051 52716 37051) (150.875 s)
>> 5127 (44042: 44041 44046 44041) (160.64 s)
>> 5107 (1825: 1811 49796 1811) (169.329 s)
>> 5097 (60635: 45624 46137 45624) (165.133 s)
>> 5221 (45621: 45510 45603 45510) (156.83 s)
>> 5083 (3203: 34421 34429 34421) (167.934 s)
>> 5355 (2985: 34776 34789 34776) (160.858 s)
>> 5052 (21518: 47763 48233 47763) (150.178 s)
>> 5033 (45310: 52106 52124 52106) (166.702 s)
>> 5032 (2446: 7312 34218 7312) (159.678 s)
>> 5026 (23320: 42482 49573 42482) (156.923 s)
>> 5016 (54928: 53053 54923 53053) (153.632 s)
>> 5015 (40134: 35753 40133 35753) (160.042 s)
>> 5013 (35190: 35186 35277 35186) (168.285 s)
>> 5011 (47636: 46496 47599 46496) (158.934 s)
>> 5256 (47726: 47697 47719 47697) (155.172 s)
>> 4996 (48932: 48929 50561 48929) (150.672 s)
>> 4994 (13030: 20905 41423 20905) (149.444 s)
>> 4988 (29464: 53307 53568 53307) (149.608 s)
>> 4978 (56115: 52504 52554 52504) (157.543 s)
>> 4977 (60427: 43671 43700 43671) (153.554 s)
>> 5277 (6215: 43602 43646 43602) (149.823 s)
>> 5185 (17626: 44661 44669 44661) (149.557 s)
>> 4975 (59081: 46336 46440 46336) (154.432 s)
>> 4972 (38701: 38672 38697 38672) (153.316 s)
>> 4953 (29779: 53494 53536 53494) (160.956 s)
>> 4950 (38217: 38134 38216 38134) (152.7 s)
>> 4945 (36759: 36744 36752 36744) (156.522 s)
>> 4944 (27703: 52168 52193 52168) (157.647 s)
>> 4941 (55876: 44632 44677 44632) (153.871 s)
>> 4939 (55958: 48446 48507 48446) (155.353 s)
>> 4933 (61214: 37012 37068 37012) (144.725 s)
>> 4927 (42931: 40533 40569 40533) (150.303 s)
>> 5273 (11397: 40466 40548 40466) (152.693 s)
>> 5240 (40529: 15648 40553 15648) (154.635 s)
>> 4922 (28536: 52669 52672 52669) (152.837 s)
>> 4921 (18143: 44509 45058 44509) (157.556 s)
>> 4916 (11273: 52010 52017 52010) (153.777 s)
>> 4913 (34985: 34967 34983 34967) (146.315 s)
>> 6397 (4184: 34917 34924 34917) (148.319 s)
>> 4905 (23784: 2456 49829 2456) (148.572 s)
>> 4902 (5077: 35483 35503 35483) (152.922 s)
>> 4900 (1243: 53369 53414 53369) (153.179 s)
>> 4895 (50852: 50444 51296 50444) (159.626 s)
>> 4889 (29833: 24754 34692 24754) (150.385 s)
>> 4878 (37922: 37898 37910 37898) (151.696 s)
>> 6432 (36390: 36383 37961 36383) (149.709 s)
>> 4878 (12645: 20298 21475 20298) (157.792 s)
>> 4877 (16605: 43826 43882 43826) (154.356 s)
>> 4877 (55873: 44705 44794 44705) (153.927 s)
>> 4877 (17294: 17177 44177 17177) (155.503 s)
>> 4868 (33759: 12611 27440 12611) (155.157 s)
>> 4864 (40406: 40337 40353 40337) (154.327 s)
>> 4860 (2801: 34339 55078 34339) (157.946 s)
>> 4855 (9125: 38789 38808 38789) (157.662 s)
>> 5109 (9280: 38714 38979 38714) (154.489 s)
>> 4851 (45213: 45209 45228 45209) (148.755 s)
>> 5140 (60306: 44685 45165 44685) (162.393 s)
>> 4825 (38484: 38415 38479 38415) (155.501 s)
>> 4825 (49517: 54246 54251 54246) (159.943 s)
>> 4922 (4585: 35158 35250 35158) (161.088 s)
>> 5063 (35220: 13264 35193 13264) (168.085 s)
>> 4823 (50125: 47828 50117 47828) (166.35 s)
>> 4808 (40345: 40343 40385 40343) (158.031 s)
>> 4851 (11233: 40407 40426 40407) (160.163 s)
>> 4802 (46912: 45353 46900 45353) (149.217 s)
>> 4802 (59890: 48527 48544 48527) (161.042 s)
>> 4797 (54507: 9292 54494 9292) (162.774 s)
>> 4796 (33608: 33603 33878 33603) (162.249 s)
>> 4789 (18867: 45527 45558 45527) (156.214 s)
>> 5018 (46935: 46156 46929 46156) (162.307 s)
>> 4786 (3331: 34510 34518 34510) (156.43 s)
>> 4786 (19929: 46542 46577 46542) (155.28 s)
>> 4783 (18558: 45099 45365 45099) (158.901 s)
>> 4772 (55773: 42218 42252 42218) (161.332 s)
>> 4747 (35518: 35462 35515 35462) (164.477 s)
>> 4746 (7091: 37211 37605 37211) (165.202 s)
>> 4738 (28825: 53746 53787 53746) (166.589 s)
>> 4748 (54306: 54296 54305 54296) (155.647 s)
>> 4738 (55644: 39859 39890 39859) (154.157 s)
>> 4735 (19816: 46462 46487 46462) (147.347 s)
>> 4729 (13226: 54009 54085 54009) (151.887 s)
>> 4725 (36177: 36136 36164 36136) (154.575 s)
>> 4724 (17109: 44101 44151 44101) (152.353 s)
>> 4710 (8174: 37970 38027 37970) (160.383 s)
>> 4709 (26144: 34569 34759 34569) (157.715 s)
>> 4705 (55785: 42601 42639 42601) (158.509 s)
>> 4703 (24083: 50035 50045 50035) (162.064 s)
>> 4743 (20744: 47396 50091 47396) (158.883 s)
>> 4694 (22479: 49032 49039 49032) (157.909 s)
>> 4691 (43835: 43778 43833 43778) (163.908 s)
>> 4690 (17074: 6368 52385 6368) (157.423 s)
>> 4887 (27290: 19493 20613 19493) (152.991 s)
>> 4686 (4911: 35433 35544 35433) (156.001 s)
>> 5492 (27244: 37860 51929 37860) (166.192 s)
>> 4683 (16999: 17914 19093 17914) (158.204 s)
>> 4679 (61082: 36010 36060 36010) (161.068 s)
>> 4671 (52512: 6509 52490 6509) (158.636 s)
>> 4670 (558: 33255 33810 33255) (164.66 s)
>> 4669 (39694: 39672 39683 39672) (161.516 s)
>> 5816 (52627: 39677 39927 39677) (170.762 s)
>> 4667 (36615: 36514 36611 36514) (157.495 s)
>> 4661 (42667: 42654 42660 42654) (159.419 s)
>> 4653 (44945: 44930 44938 44930) (153.268 s)
>> 4645 (50529: 25708 50499 25708) (154.462 s)
>> 4638 (47589: 47534 47580 47534) (166.948 s)
>> 4624 (16200: 44387 44408 44387) (161.141 s)
>> 4610 (19127: 45875 52681 45875) (162.472 s)
>> 4609 (860: 54308 54313 54308) (153.451 s)
>> 4608 (2635: 55062 55084 55062) (153.187 s)
>> 4597 (38496: 37236 38460 37236) (157.263 s)
>> 4594 (41498: 39346 41488 39346) (158.172 s)
>> 4590 (36811: 36691 36768 36691) (162.123 s)
>> 4589 (18571: 45422 46092 45422) (157.466 s)
>> 4582 (51250: 51246 51249 51246) (160.395 s)
>> 4580 (40680: 20164 40679 20164) (163.914 s)
>> 4569 (44463: 44425 44460 44425) (156.912 s)
>> 4565 (6012: 36243 36269 36243) (154.763 s)
>> 4771 (61024: 36232 36864 36232) (158.139 s)
>> 4556 (12136: 40869 40910 40869) (160.358 s)
>> 4553 (51814: 51801 51804 51801) (159.546 s)
>> 4549 (9026: 38745 38756 38745) (163.705 s)
>> 4544 (41749: 41642 41748 41642) (162.45 s)
>> 5873 (13509: 41717 41768 41717) (161.532 s)
>> 4542 (8896: 39210 39228 39210) (160.499 s)
>> 4542 (2941: 52956 52968 52956) (152.619 s)
>> 5121 (53189: 12934 52900 12934) (156.157 s)
>> 5258 (52865: 2661 28514 2661) (163.269 s)
>> 4537 (55151: 55129 55150 55129) (167.793 s)
>> 4729 (55186: 40022 55182 40022) (153.914 s)
>> 4534 (52868: 33363 33977 33363) (149.817 s)
>> 4528 (44695: 44693 44723 44693) (152.212 s)
>> 4524 (55558: 41095 41128 41095) (147.415 s)
>> 4519 (36285: 36248 36281 36248) (145.165 s)
>> 4511 (29942: 53618 53629 53618) (146.593 s)
>> 4685 (29216: 53361 53636 53361) (146.507 s)
>> 4506 (12281: 40996 41011 40996) (150.026 s)
>> 4506 (58491: 46063 46098 46063) (146.715 s)
>> 4563 (46077: 46085 47424 46085) (149.916 s)
>> 4503 (7401: 37399 37404 37399) (144.704 s)
>> 4497 (53441: 53437 53439 53437) (151.755 s)
>> 4497 (30470: 21297 53965 21297) (147.122 s)
>> 4495 (50688: 50665 50681 50665) (149.257 s)
>> 4493 (497: 33346 33352 33346) (151.291 s)
>> 4490 (37050: 35578 37002 35578) (149.437 s)
>> 4488 (41234: 41231 41238 41231) (150.205 s)
>> 4487 (28335: 17013 52582 17013) (146.513 s)
>> 4478 (19564: 47001 47009 47001) (155.592 s)
>> 4477 (55235: 35974 55231 35974) (154.42 s)
>> 4469 (22265: 48813 48859 48813) (147.474 s)
>> 4468 (19863: 8518 54834 8518) (145.214 s)
>> 4467 (38429: 38194 38428 38194) (146.234 s)
>> 4467 (24413: 9950 50259 9950) (155.916 s)
>> 4465 (50494: 3867 50488 3867) (149.767 s)
>> 4461 (56768: 33932 42758 33932) (144.592 s)
>> 4919 (518: 42736 42743 42736) (146.537 s)
>> 4456 (55555: 42940 43727 42940) (152.851 s)
>> 4452 (43295: 43255 43293 43255) (157.104 s)
>> 4451 (37191: 37185 37580 37185) (159.722 s)
>> 5358 (8534: 38269 38352 38269) (158.196 s)
>> 4451 (45811: 45753 45771 45753) (161.388 s)
>> 4445 (25037: 50598 50610 50598) (153.216 s)
>> 4443 (16231: 43462 43487 43462) (153.425 s)
>> 4441 (19474: 7278 52039 7278) (155.994 s)
>> 4435 (16930: 44698 44715 44698) (156.182 s)
>> 4431 (60469: 45302 45534 45302) (154.269 s)
>> 4564 (18897: 45504 45550 45504) (154.352 s)
>> 4427 (10128: 32607 39612 32607) (161.707 s)
>> 4417 (45856: 45854 45872 45854) (157.209 s)
>> 4412 (44536: 44533 44551 44533) (156.828 s)
>> 4412 (45143: 45084 45132 45084) (154.337 s)
>> 4411 (12298: 40985 41034 40985) (145.516 s)
>> 4402 (13343: 41601 41625 41601) (155.16 s)
>> 4394 (19483: 46144 46163 46144) (158.009 s)
>> 4379 (50643: 47816 50624 47816) (146.544 s)
>> 4375 (29849: 53839 53848 53839) (155.897 s)
>> 4374 (8911: 38619 38633 38619) (151.933 s)
>> 4410 (58119: 54966 54977 54966) (156.393 s)
>> 4372 (55909: 46416 46476 46416) (154.817 s)
>> 4363 (43052: 41845 43042 41845) (155.926 s)
>> 4528 (13394: 41138 41731 41138) (151.53 s)
>> 4363 (14175: 53661 53699 53661) (151.447 s)
>> 4359 (26210: 42361 42375 42361) (146.138 s)
>> 4351 (27756: 7119 52247 7119) (150.184 s)
>> 4348 (44878: 44773 44869 44773) (161.361 s)
>> 4866 (44229: 44209 44221 44209) (156.384 s)
>> 5248 (61885: 44199 44230 44199) (159.784 s)
>> 4341 (12453: 49818 50239 49818) (160.178 s)
>> 4335 (43391: 43338 43390 43338) (164.369 s)
>> 4324 (46748: 46732 46741 46732) (155.471 s)
>> 4316 (6833: 36695 37287 36695) (158.201 s)
>> 4312 (39062: 39009 39058 39009) (153.925 s)
>> 5328 (9470: 39027 39096 39027) (147.155 s)
>> 5235 (37940: 37937 37954 37937) (153.739 s)
>> 4312 (11: 33046 33079 33046) (151.36 s)
>> 4365 (27: 33023 33033 33023) (148.793 s)
>> 4306 (32323: 15983 55029 15983) (159.896 s)
>> 4299 (17365: 35558 35563 35558) (148.566 s)
>> 4297 (19809: 46406 46424 46406) (151.478 s)
>> 4291 (3076: 11648 12480 11648) (148.962 s)
>> 4290 (21485: 34333 55069 34333) (162.443 s)
>> 4277 (33178: 33165 33195 33165) (157.985 s)
>> 4266 (51973: 18484 51970 18484) (147.259 s)
>> 4260 (24172: 50133 50458 50133) (158.158 s)
>> 4472 (50160: 3073 26768 3073) (160.026 s)
>> 4259 (60972: 45681 45745 45681) (158.178 s)
>> 4774 (60719: 45570 45654 45570) (155.86 s)
>> 4686 (45814: 44950 45764 44950) (157.179 s)
>> 4249 (20902: 7828 17450 7828) (144.253 s)
>> 4248 (48488: 48369 48481 48369) (139.39 s)
>> 4247 (3516: 34578 34589 34578) (147.095 s)
>> 4245 (49846: 49679 49837 49679) (152.323 s)
>> 4238 (34290: 34269 34287 34269) (157.144 s)
>> 4236 (38853: 38847 38859 38847) (158.439 s)
>> 4232 (48119: 48056 48111 48056) (154.079 s)
>> 4229 (8314: 38060 42779 38060) (143.642 s)
>> 4215 (33223: 33156 33216 33156) (152.171 s)
>> 4210 (35005: 34997 35033 34997) (156.669 s)
>> 4208 (38548: 38515 38543 38515) (143.796 s)
>> 4207 (17983: 44643 44913 44643) (157.278 s)
>> 4205 (58684: 33409 33426 33409) (159.331 s)
>> 4202 (52693: 45871 52689 45871) (158.727 s)
>> 4199 (23854: 10188 14889 10188) (153.27 s)
>> 4198 (36598: 36592 36625 36592) (150.05 s)
>> 4801 (43873: 43816 43845 43816) (146.912 s)
>> 4365 (6196: 36450 36528 36450) (158.653 s)
>> 4198 (46370: 45145 45160 45145) (153.488 s)
>> 4193 (50218: 50191 50215 50191) (155.401 s)
>> 4192 (50029: 42562 42566 42562) (158.604 s)
>> 4192 (5283: 5436 35618 5436) (157.352 s)
>> 4187 (32444: 5543 35685 5543) (149.065 s)
>> 4173 (34450: 34447 34460 34447) (154.113 s)
>> 4173 (9305: 38953 38967 38953) (151.8 s)
>> 4173 (49822: 53545 53552 53545) (149.887 s)
>> 4160 (41996: 26474 29383 26474) (152.144 s)
>> 4155 (19161: 46288 47043 46288) (143.436 s)
>> 4149 (51230: 54563 54577 54563) (145.616 s)
>> 4146 (34255: 34232 34252 34232) (152.81 s)
>> 4138 (24661: 29161 50394 29161) (155.605 s)
>> 4137 (14690: 42443 49295 42443) (157.004 s)
>> 4132 (17516: 34314 35445 34314) (157.939 s)
>> 4706 (40498: 35357 40475 35357) (154.662 s)
>> 4127 (40060: 40010 40058 40010) (149.536 s)
>> 4121 (51848: 42097 51843 42097) (155.873 s)
>> 4118 (11041: 10621 10920 10621) (159.046 s)
>> 4112 (15238: 42732 49911 42732) (156.716 s)
>> 4098 (28946: 11924 28845 11924) (155.517 s)
>> 4098 (23516: 14783 34497 14783) (158.348 s)
>> 4094 (15052: 42542 42587 42542) (156.924 s)
>> 4093 (10189: 50403 50411 50403) (153.818 s)
>> 4087 (42683: 42680 42688 42680) (152.803 s)
>> 4083 (22758: 49212 49249 49212) (149.947 s)
>> 4073 (2015: 34008 34037 34008) (160.784 s)
>> 4073 (41080: 41004 41039 41004) (153.742 s)
>> 4068 (26452: 50739 50753 50739) (153.624 s)
>> 4067 (21673: 48273 48332 48273) (156.263 s)
>> 4059 (41865: 618 41857 618) (153.102 s)
>> 4052 (21814: 48420 48509 48420) (152.696 s)
>> 4052 (15312: 3055 23769 3055) (146.038 s)
>> 4046 (23958: 49953 50360 49953) (157.438 s)
>> 4046 (7800: 37642 37725 37642) (159.31 s)
>> 4033 (9156: 38799 38917 38799) (153.721 s)
>> 4030 (53580: 53579 53593 53579) (143.689 s)
>> 4025 (27424: 6324 52034 6324) (155.246 s)
>> 4020 (2955: 31300 31439 31300) (158.174 s)
>> 4003 (54530: 15671 54527 15671) (165.364 s)
>> 4002 (18563: 8037 40559 8037) (158.753 s)
>> 3987 (25461: 51539 53449 51539) (150.559 s)
>> 3980 (47488: 47483 50106 47483) (149.797 s)
>> 3976 (20642: 47261 47281 47261) (160.57 s)
>> 3967 (23789: 50196 50201 50196) (152.33 s)
>> 3950 (17080: 19078 52578 19078) (150.654 s)
>> 3946 (11931: 46963 55200 46963) (157.987 s)
>> 3945 (49159: 54167 54424 54167) (158.246 s)
>> 3944 (18098: 45042 45692 45042) (156.835 s)
>> 4777 (18063: 44982 45031 44982) (159.748 s)
>> 3935 (709: 33418 33496 33418) (161.39 s)
>> 3928 (15639: 43511 43518 43511) (158.897 s)
>> 4592 (60676: 43668 43729 43668) (160.921 s)
>> 3926 (48662: 48625 48657 48625) (154.432 s)
>> 3923 (58346: 45907 46032 45907) (158.058 s)
>> 4321 (46642: 46615 46636 46615) (153.017 s)
>> 3922 (10449: 39530 39870 39530) (150.771 s)
>> 3922 (5378: 55161 55167 55161) (156.575 s)
>> 4500 (55179: 55154 55171 55154) (157.325 s)
>> 3918 (47961: 47481 47951 47481) (155.208 s)
>> 3911 (20758: 47359 47402 47359) (160.334 s)
>> 4424 (46041: 45997 46040 45997) (155.384 s)
>> 4423 (47436: 47429 47442 47429) (154.808 s)
>> 3908 (16206: 44375 44415 44375) (142.892 s)
>> 4348 (44499: 44441 44495 44441) (155.859 s)
>> 3895 (56052: 49086 49104 49086) (159.158 s)
>> 3881 (6839: 37322 37352 37322) (165.335 s)
>> 3881 (42430: 26450 42394 26450) (152.137 s)
>> 3879 (29818: 3067 53547 3067) (156.437 s)
>> 3879 (9146: 54830 54837 54830) (153.739 s)
>> 3876 (41809: 53900 53910 53900) (152.167 s)
>> 4191 (49227: 53968 53977 53968) (155.283 s)
>> 3874 (7505: 37415 37453 37415) (150.085 s)
>> 4074 (7387: 37365 38120 37365) (154.72 s)
>> 3871 (24845: 41335 50913 41335) (156.25 s)
>> 3870 (4610: 2726 49809 2726) (153.335 s)
>> 3866 (45198: 44476 45187 44476) (154.031 s)
>> 3865 (14445: 42328 42335 42328) (155.071 s)
>> 3862 (29846: 53562 53573 53562) (155.391 s)
>> 3856 (5594: 35918 40026 35918) (157.952 s)
>> 4042 (35930: 35865 35889 35865) (155.669 s)
>> 3852 (39638: 39558 39621 39558) (154.719 s)
>> 4240 (10097: 34544 39581 34544) (152.084 s)
>> 3841 (3224: 53520 53820 53520) (159.01 s)
>> 4058 (29734: 1490 53474 1490) (157.735 s)
>> 4052 (29927: 33748 50280 33748) (156.853 s)
>> 3833 (1293: 27382 33655 27382) (157.767 s)
>> 3831 (13060: 53600 53612 53600) (152.594 s)
>> 3829 (11588: 50928 50948 50928) (142.427 s)
>> 3823 (49391: 49388 49405 49388) (151.445 s)
>> 3814 (45389: 45355 45387 45355) (141.952 s)
>> 3825 (18246: 45392 45396 45392) (146.279 s)
>> 3814 (48271: 48244 48269 48244) (158.492 s)
>> 3811 (21504: 47924 48195 47924) (157.832 s)
>> 3798 (32406: 28101 32380 28101) (151.214 s)
>> 3796 (50210: 50169 50209 50169) (154.828 s)
>> 3779 (17067: 35493 35522 35493) (147.891 s)
>> 3777 (44585: 44571 44574 44571) (153.303 s)
>> 3773 (42033: 41912 42029 41912) (148.133 s)
>> 3770 (26021: 30825 49584 30825) (149.956 s)
>> 3763 (49937: 49934 49944 49934) (143.665 s)
>> 3762 (9387: 38988 39034 38988) (150.161 s)
>> 3762 (13308: 41652 41694 41652) (155.33 s)
>> 3757 (33438: 33433 33460 33433) (148.477 s)
>> 6242 (968: 33548 33558 33548) (150.266 s)
>> 10428 (718: 33507 33541 33507) (148.305 s)
>> 3756 (41509: 41482 41506 41482) (145.67 s)
>> 3749 (61250: 36112 36942 36112) (150.811 s)
>> 3748 (42005: 49325 49331 49325) (150.492 s)
>> 3744 (62387: 44731 44744 44731) (144.554 s)
>> 3736 (61025: 36051 43735 36051) (149.921 s)
>> 3733 (41468: 39365 41456 39365) (149.843 s)
>> 3732 (37233: 37192 37219 37192) (147.454 s)
>> 3731 (44863: 44316 44764 44316) (151.509 s)
>> 3728 (5896: 52800 52828 52800) (142.965 s)
>> 3727 (54734: 35537 54725 35537) (150.359 s)
>> 3725 (4764: 35314 35337 35314) (160.502 s)
>> 3724 (17655: 11737 31350 11737) (165.566 s)
>> 3724 (3911: 53311 53319 53311) (152.795 s)
>> 3723 (32657: 42550 42608 42550) (156.409 s)
>> 3710 (33798: 4770 49525 4770) (153.174 s)
>> 4196 (13034: 42509 49538 42509) (162.897 s)
>> 3708 (9001: 54398 54403 54398) (161.093 s)
>> 3705 (49132: 49122 49143 49122) (161.612 s)
>> 3701 (16418: 43807 43922 43807) (159.686 s)
>> 3695 (18652: 45897 45954 45897) (161.348 s)
>> 3692 (30018: 30707 33867 30707) (151.689 s)
>> 3689 (16762: 52779 52787 52779) (148.404 s)
>> 3684 (5118: 53756 53766 53756) (150.053 s)
>> 3683 (45806: 45795 47242 45795) (154.942 s)
>> 3681 (33318: 33283 33289 33283) (154.469 s)
>> 3677 (3643: 34638 34650 34638) (141.258 s)
>> 3676 (17020: 43969 44065 43969) (146.641 s)
>> 3670 (59986: 48016 48664 48016) (156.959 s)
>> 3659 (39914: 39905 39910 39905) (148.92 s)
>> 3659 (20047: 54173 54391 54173) (157.538 s)
>> 4150 (31347: 41850 54130 41850) (158.409 s)
>> 3770 (12261: 9620 10594 9620) (158.8 s)
>> 3657 (35763: 35688 35720 35688) (156.914 s)
>> 3655 (9128: 33412 54498 33412) (154.612 s)
>> 3652 (35482: 35458 35471 35458) (154.723 s)
>> 3649 (23499: 49716 49760 49716) (156.056 s)
>> 3648 (52534: 52516 52533 52516) (157.44 s)
>> 3647 (47636: 46513 47629 46513) (149.458 s)
>> 3861 (46756: 46432 46750 46432) (152.275 s)
>> 3642 (55565: 36649 36727 36649) (149.126 s)
>> 3973 (6808: 36881 36886 36881) (145.238 s)
>> 3640 (52620: 52609 52616 52609) (151.607 s)
>> 3639 (59963: 45313 45322 45313) (153.596 s)
>> 3639 (20929: 47616 47642 47616) (156.095 s)
>> 3639 (53673: 53671 53682 53671) (153.31 s)
>> 3638 (15669: 43013 43540 43013) (150.478 s)
>> 3636 (43298: 3986 49706 3986) (149.61 s)
>> 3633 (44123: 44095 44119 44095) (139.932 s)
>> 3632 (27510: 66 52098 66) (153.976 s)
>> 0 (-1: -1 -1 -1) (117.327 s)
Zelikovsky 108039 s
>> 32048 (32782: 55339 55336 44000) (7607.52 s)
>> 10893 (12623: 41275 41941 41265) (7619.62 s)
>> 10804 (1039: 1049 33586 33570) (7562.26 s)
>> 10280 (22887: 40720 41254 40736) (7520.2 s)
>> 9696 (9520: 39205 39206 39172) (7507.87 s)
>> 9567 (42017: 42015 42001 41992) (7298.12 s)
>> 9429 (36104: 52768 52774 52763) (7492.48 s)
>> 9315 (41191: 41194 41185 21621) (7150.1 s)
>> 9058 (54954: 54955 54948 39320) (7085.56 s)
>> 8578 (22434: 48973 49199 49196) (6762.59 s)
>> 8384 (11589: 40656 40756 40652) (7081.31 s)
>> 8331 (21988: 7315 34269 17581) (7076.61 s)
>> 8289 (28607: 52768 52721 52708) (7107.56 s)
>> 8031 (55979: 49013 49230 49042) (7130.26 s)
>> 7870 (40670: 40645 40668 40662) (6609.44 s)
>> 7837 (27882: 52282 54814 52270) (6691.31 s)
>> 7823 (41896: 41194 41895 41888) (6561.92 s)
>> 7627 (20698: 20762 46329 15773) (6527.35 s)
>> 7294 (29513: 42367 42420 42382) (6570.63 s)
>> 7232 (15423: 42770 42832 42784) (6531.76 s)
>> 7231 (8355: 38109 38134 38092) (6526.97 s)
>> 7223 (41380: 41275 8573 97) (6698.45 s)
>> 7185 (27569: 52144 52176 52156) (7452.22 s)
>> 7096 (54972: 39335 54966 39325) (7352.11 s)
>> 7006 (46847: 46838 47534 46863) (7342.21 s)
>> 6921 (27949: 52303 54778 54774) (7213.94 s)
>> 6863 (28160: 52733 52410 6560) (6512.68 s)
>> 6861 (12473: 41877 19358 9763) (6495.65 s)
>> 6826 (40202: 40283 40298 40200) (6198.13 s)
>> 6820 (52047: 19049 52016 52044) (6286.99 s)
>> 6789 (55605: 37898 37799 37791) (7259.88 s)
>> 6670 (8540: 54686 54652 21788) (6880.56 s)
>> 6643 (14303: 28736 42335 42270) (6605.21 s)
>> 6643 (48142: 48134 48169 48061) (6142.85 s)
>> 6554 (48928: 48921 48942 48841) (5986.34 s)
>> 6546 (47065: 47591 47056 47053) (5991.67 s)
>> 6512 (31362: 54627 54857 54366) (6071.13 s)
>> 6441 (11923: 44192 55271 16055) (6466.01 s)
>> 6431 (37950: 22554 35408 35382) (6486.38 s)
>> 6405 (18468: 45247 45504 45020) (6573.83 s)
>> 6404 (37817: 37476 37761 37814) (6565.5 s)
>> 6278 (55382: 33374 33389 33152) (6528.39 s)
>> 6265 (43723: 43718 43922 43705) (6539.1 s)
>> 6232 (40921: 18518 40920 15686) (6552.28 s)
>> 6170 (33592: 51334 33590 26279) (6503.91 s)
>> 6159 (22355: 48893 48903 48649) (6473.6 s)
>> 6137 (27289: 20439 51987 20613) (6410.6 s)
>> 6134 (19933: 53982 54085 53971) (6522.15 s)
>> 6021 (19225: 52635 52624 52586) (6474.37 s)
>> 5975 (27759: 52248 52267 52247) (6481.2 s)
>> 5952 (51926: 51916 51929 51924) (6525.73 s)
>> 5934 (18959: 18016 46273 45566) (6543.51 s)
>> 5925 (12493: 41194 41215 41198) (7480.67 s)
>> 5913 (54773: 41275 41387 38333) (7245.99 s)
>> 5908 (60389: 43711 43727 43679) (7465.12 s)
>> 5903 (41256: 41302 41275 21475) (7481.26 s)
>> 5898 (2815: 28479 55005 52532) (7640.17 s)
>> 5849 (38604: 42459 42494 42350) (6320.39 s)
>> 5838 (21257: 53982 54029 53998) (6345.52 s)
>> 5827 (35601: 40283 36313 35596) (6940.56 s)
>> 6053 (5313: 35688 40283 35720) (6760.44 s)
>> 5804 (42182: 42177 42199 42191) (6652.04 s)
>> 5799 (57309: 50106 50070 50059) (6723.33 s)
>> 5778 (8352: 38112 38100 38086) (7224.11 s)
>> 5772 (43699: 43661 43697 43686) (7259.34 s)
>> 5771 (3645: 34767 3762 53326) (6912.55 s)
>> 5754 (41799: 50459 51361 42406) (6315.23 s)
>> 5737 (27815: 52348 52356 52353) (6347.56 s)
>> 5727 (19026: 45739 45795 45701) (6374.14 s)
>> 5718 (36759: 36752 36744 35688) (6201.17 s)
>> 5713 (41466: 41482 41463 41451) (6208.17 s)
>> 5701 (7512: 20439 52303 52001) (7062.95 s)
>> 5698 (55238: 5170 55236 55037) (7682.85 s)
>> 5690 (13973: 42057 42053 42035) (7108.46 s)
>> 5686 (48717: 48706 48618 47979) (7116.35 s)
>> 5665 (40124: 40123 40127 40119) (7174.65 s)
>> 5606 (40817: 40802 40821 40814) (7218.11 s)
>> 5602 (39303: 54955 39648 39299) (7067.12 s)
>> 5581 (1547: 4885 33956 33941) (7071.89 s)
>> 5515 (1370: 50351 50379 50366) (7082.33 s)
>> 5509 (37128: 37125 37170 36990) (7081.7 s)
>> 5496 (16968: 52325 52564 52558) (7067.35 s)
>> 5447 (917: 40720 41231 38026) (7072.39 s)
>> 5436 (57788: 33548 33526 33519) (6829.91 s)
>> 5431 (26950: 33934 33919 33905) (6331.73 s)
>> 5412 (21786: 54873 54894 54880) (6267.55 s)
>> 5373 (11614: 40720 40656 20164) (6313.31 s)
>> 5367 (22710: 48973 49189 49184) (6264.69 s)
>> 5360 (4515: 35172 35233 35203) (6296.35 s)
>> 5358 (19568: 47591 46275 46242) (5726.81 s)
>> 5343 (34407: 34421 34402 34343) (6438.71 s)
>> 5330 (58587: 48963 48225 48213) (6618.96 s)
>> 5301 (11335: 40533 18107 15648) (5871.65 s)
>> 5299 (54933: 54929 54955 54923) (5677.48 s)
>> 5293 (6402: 36527 52616 52244) (5658.12 s)
>> 5262 (25015: 50584 50598 50592) (5649.33 s)
>> 5247 (46827: 46826 46815 45349) (5636.62 s)
>> 5228 (51730: 51725 51778 51732) (5641.33 s)
>> 5199 (38839: 38816 38885 38831) (5632.24 s)
>> 5189 (8953: 35396 40466 35423) (5627.08 s)
>> 5188 (55862: 43958 44046 43952) (5611.53 s)
>> 5173 (26957: 51867 51876 51872) (5595.16 s)
>> 5159 (17552: 44624 44632 44563) (5595.23 s)
>> 5158 (49839: 49882 51269 42486) (5600.82 s)
>> 5107 (1825: 1811 49800 49796) (5597.64 s)
>> 5067 (33407: 33446 33409 33405) (5755.54 s)
>> 5026 (23320: 49580 49573 42482) (6094.33 s)
>> 5011 (47636: 47629 47599 46496) (6096.24 s)
>> 4999 (42011: 42015 42103 42010) (5621.47 s)
>> 4990 (18853: 45353 45558 45527) (5607.1 s)
>> 4988 (29464: 29212 53568 53307) (5609.79 s)
>> 4975 (59081: 46440 46452 46336) (5670.84 s)
>> 4972 (38701: 38672 38714 38697) (6168.42 s)
>> 5157 (8966: 38672 39905 38660) (6551.16 s)
>> 4957 (44341: 43610 44338 43437) (6852.86 s)
>> 4953 (29779: 53494 53820 53536) (6935.13 s)
>> 4939 (55958: 48507 48918 48446) (6918.92 s)
>> 4933 (61214: 37068 37082 37012) (6856.05 s)
>> 4921 (18143: 45058 45084 44509) (7030.59 s)
>> 4917 (42393: 42367 29383 3935) (6870.57 s)
>> 4916 (11273: 52039 52017 52010) (6846.62 s)
>> 4913 (34985: 34983 35250 34967) (6859.09 s)
>> 4905 (23784: 2456 50019 49829) (6863.5 s)
>> 4904 (13016: 41302 42092 41429) (6961.5 s)
>> 4902 (5077: 35551 35503 35483) (6804.34 s)
>> 4900 (1243: 53737 53414 53369) (7013.49 s)
>> 4889 (29833: 24754 34734 34692) (6857.17 s)
>> 4877 (6340: 36470 36395 36383) (6904.92 s)
>> 4868 (33759: 27440 27596 12611) (6816.44 s)
>> 4864 (40406: 40400 40353 40337) (6799.9 s)
>> 4825 (38484: 38487 38479 38415) (6597.95 s)
>> 4825 (49517: 54251 54253 54246) (6735.62 s)
>> 4823 (50125: 50117 50689 47828) (6702.42 s)
>> 4818 (18558: 45058 45409 45365) (6831.2 s)
>> 4798 (9125: 38789 38821 38808) (6869.55 s)
>> 4797 (54507: 54494 54501 9292) (6818.88 s)
>> 4772 (55773: 42218 42258 42252) (6739.53 s)
>> 4782 (19977: 46615 46636 42218) (6909.15 s)
>> 4764 (44111: 43958 44126 44101) (6813.72 s)
>> 4753 (48099: 48706 48103 48087) (6721.42 s)
>> 4752 (155: 33216 33374 33156) (6648.36 s)
>> 4746 (7091: 37211 37628 37605) (6367.81 s)
>> 4738 (28825: 53746 53807 53787) (6503 s)
>> 4738 (55644: 39431 39890 39859) (6340.79 s)
>> 4725 (36177: 36164 36171 36136) (6300.26 s)
>> 4721 (22220: 48813 48859 48795) (6300.44 s)
>> 4710 (8174: 38027 38060 37970) (6296.87 s)
>> 4704 (27703: 52193 52201 52168) (6308.53 s)
>> 4701 (12002: 34510 34524 34518) (6536.99 s)
>> 4700 (62415: 36752 36768 36691) (6625.67 s)
>> 4691 (43835: 43833 43859 43778) (6647.56 s)
>> 4683 (16999: 19093 52538 17914) (6648.82 s)
>> 4669 (39694: 39683 39700 39672) (6653.08 s)
>> 4646 (408: 33268 33446 33262) (6629.54 s)
>> 4637 (22756: 49013 49249 49228) (6643.63 s)
>> 4636 (9280: 38672 38988 38979) (6651.54 s)
>> 4609 (860: 54331 54313 54308) (6486.19 s)
>> 4579 (35543: 22554 35537 35519) (6195.53 s)
>> 4565 (6012: 36243 36362 36269) (5779.58 s)
>> 4564 (14986: 50106 42620 42550) (5357.88 s)
>> 4553 (51814: 51809 51804 51801) (5333.24 s)
>> 4550 (11966: 44192 55294 55277) (5504.34 s)
>> 4544 (41749: 41642 41768 41748) (5520.3 s)
>> 4542 (2941: 52968 52978 52956) (5795.8 s)
>> 4537 (55151: 55129 55167 55150) (5725.88 s)
>> 4534 (44761: 43958 44760 44731) (5789.58 s)
>> 5042 (44229: 44209 44221 43958) (5700.02 s)
>> 4534 (52868: 33363 34008 33977) (5626.08 s)
>> 4524 (55558: 41128 41138 41095) (5700.38 s)
>> 4512 (51250: 49882 51249 51246) (5709.81 s)
>> 4511 (29942: 53629 53652 53618) (5758.92 s)
>> 4503 (7401: 37404 37415 37399) (5794.68 s)
>> 4497 (30470: 53968 53965 21297) (6139.08 s)
>> 4497 (53441: 53449 53439 53437) (6630.46 s)
>> 4485 (10449: 39870 39431 39883) (6640.93 s)
>> 4480 (17294: 17177 55256 5170) (6570.15 s)
>> 4468 (19863: 54834 54843 52282) (5924.3 s)
>> 4465 (50494: 50488 50523 3867) (5644.54 s)
>> 4461 (56768: 33932 42763 42758) (5981.86 s)
>> 4452 (43295: 43255 43277 43293) (7413.2 s)
>> 4451 (45811: 45753 45809 45771) (6773.29 s)
>> 4443 (16231: 43487 43495 43462) (6662.87 s)
>> 4973 (43096: 43042 43487 43088) (6646.43 s)
>> 4418 (40933: 17416 40930 40720) (6558.12 s)
>> 4412 (28486: 52603 52669 52633) (6541.13 s)
>> 4402 (8534: 38269 38280 38352) (6511.42 s)
>> 4399 (54750: 54686 51916 38421) (6522.26 s)
>> 4384 (19468: 45739 46163 46137) (6548.15 s)
>> 4378 (49391: 49388 49580 49405) (6552.25 s)
>> 4375 (29849: 53839 53854 53848) (6489.58 s)
>> 4370 (49510: 1490 53511 53494) (6496.87 s)
>> 4351 (22572: 49013 49067 49063) (6489.38 s)
>> 4329 (10128: 54929 39612 32607) (6482.27 s)
>> 4329 (45147: 45058 45160 45145) (6471.22 s)
>> 4328 (8911: 38619 38654 38633) (6487.39 s)
>> 4312 (39062: 39096 39058 39009) (6463.86 s)
>> 4304 (28293: 42562 42517 42601) (6475.22 s)
>> 4292 (38496: 38492 38460 37211) (6443.09 s)
>> 4284 (22610: 49104 49086 49080) (6412.94 s)
>> 4281 (62307: 47697 47719 47709) (6393.1 s)
>> 4260 (44877: 44723 44869 44773) (6393.09 s)
>> 4247 (3516: 34578 29395 34589) (6440.62 s)
>> 4245 (49846: 49837 49845 49679) (6423.31 s)
>> 4239 (16109: 43042 44347 43455) (6425.15 s)
>> 4236 (38853: 38847 38906 38859) (6442.97 s)
>> 4219 (534: 50133 26768 3073) (6443.09 s)
>> 4201 (48488: 48369 48493 48481) (6435.33 s)
>> 4187 (32444: 55315 35685 5543) (6438.9 s)
>> 4170 (50529: 50527 50459 25708) (6430.53 s)
>> 4155 (55081: 55078 55088 40452) (6411.35 s)
>> 4153 (6158: 55342 55346 55339) (6401.11 s)
>> 4149 (16634: 44624 44669 44637) (6374.57 s)
>> 4148 (20741: 50106 50091 47396) (6371.14 s)
>> 4141 (37146: 37120 37141 37125) (6355.58 s)
>> 4121 (51848: 42097 51847 51843) (6379.79 s)
>> 4121 (55235: 55234 35974 17177) (6373.97 s)
>> 4118 (36598: 43711 36625 36592) (6357.9 s)
>> 4224 (36543: 36477 43711 36538) (6383.14 s)
>> 4112 (15238: 42732 50360 49911) (6422.46 s)
>> 4107 (26975: 51867 50706 49882) (6383.61 s)
>> 4097 (6092: 52768 52750 37051) (6354.34 s)
>> 4093 (10189: 50416 50411 50403) (6339.98 s)
>> 4073 (41080: 41063 41039 41004) (6349.82 s)
>> 4051 (58967: 44415 44408 43042) (6310.62 s)
>> 4036 (32185: 10920 55123 55105) (6332.4 s)
>> 4029 (44042: 44209 44091 44041) (6334.36 s)
>> 4015 (40106: 40076 40102 40090) (6314.02 s)
>> 4013 (19398: 46098 46126 46092) (6294.57 s)
>> 4009 (40842: 40847 40836 17416) (6291.69 s)
>> 4008 (49138: 49104 49171 49134) (6293.56 s)
>> 4001 (52896: 52892 55021 52900) (6279.27 s)
>> 3996 (49346: 54068 53968 53961) (6286.89 s)
>> 3979 (44142: 44913 44209 44138) (6264.55 s)
>> 3970 (53393: 53392 53449 53391) (6283.08 s)
>> 3968 (46509: 46750 46505 46476) (6272.7 s)
>> 3960 (55953: 48963 47841 47763) (6254.27 s)
>> 3955 (5594: 35918 40182 40010) (6247.5 s)
>> 3955 (53696: 53678 53699 53691) (6153.51 s)
>> 4103 (4698: 50259 53713 53678) (5923.2 s)
>> 3953 (28166: 52733 52415 7057) (5932.43 s)
>> 3944 (18098: 45692 45713 45042) (5928.83 s)
>> 3934 (40766: 40802 40645 37317) (5902.91 s)
>> 3934 (55993: 32229 51725 48973) (5905.86 s)
>> 3958 (51647: 32229 51657 51641) (5028.69 s)
>> 3929 (50218: 50191 50220 50215) (4902.48 s)
>> 3928 (15639: 43511 43540 43518) (4880.09 s)
>> 3921 (27424: 19049 52034 6324) (5251.96 s)
>> 3900 (44579: 44556 44574 43610) (5876.35 s)
>> 3891 (23615: 49792 26295 23769) (5882 s)
>> 3890 (31564: 54728 54725 20762) (5873.36 s)
>> 3876 (41809: 53910 53917 53900) (5865.14 s)
>> 3873 (59501: 42770 43131 42825) (6066.78 s)
>> 3871 (24845: 50913 50971 41335) (5370.35 s)
>> 3853 (34378: 34421 34372 34362) (5196.77 s)
>> 3844 (20436: 20439 51955 36448) (5009.07 s)
>> 3829 (11588: 50954 50948 50928) (4965.69 s)
>> 3812 (16605: 44913 43882 43833) (4958.45 s)
>> 3807 (52627: 39964 39927 39677) (4948.95 s)
>> 3800 (885: 33496 33489 33268) (4926.51 s)
>> 3780 (48524: 48507 48514 48509) (4873.7 s)
>> 3775 (39007: 38953 39027 38998) (4867.02 s)
>> 3773 (42033: 41912 42529 42029) (4881.09 s)
>> 4308 (41928: 41912 41925 7688) (4872.65 s)
>> 3768 (16288: 8039 54786 20439) (4807.25 s)
>> 3762 (13308: 41707 41694 41652) (4798.69 s)
>> 3756 (2189: 34075 34061 33363) (4797.28 s)
>> 4404 (510: 33346 34075 33367) (4791.61 s)
>> 3752 (14163: 35277 35239 35221) (4777.58 s)
>> 3728 (5896: 28823 52828 52800) (4767.36 s)
>> 3724 (3911: 53319 53311 34767) (4768.49 s)
>> 3716 (21680: 40533 22554 18271) (4765.43 s)
>> 3710 (33798: 49525 49538 4770) (4777.92 s)
>> 3708 (9001: 54398 54646 54403) (6033.06 s)
>> 3698 (5940: 55129 55133 40022) (6257.55 s)
>> 3692 (30018: 4885 33893 33867) (5970.34 s)
>> 3690 (37135: 37068 37133 35578) (6185.5 s)
>> 3689 (16762: 52779 52792 52787) (5409.56 s)
>> 3679 (38773: 54532 54527 33412) (5138.81 s)
>> 3670 (49931: 42732 25452 23962) (5136.78 s)
>> 3667 (24661: 29161 50394 3170) (5133.39 s)
>> 3660 (40735: 40602 40559 8037) (5108.79 s)
>> 3659 (6432: 37120 36582 36571) (5096.27 s)
>> 3657 (11324: 5131 34421 27869) (5086.86 s)
>> 3642 (8209: 35544 35567 35551) (5082.01 s)
>> 3637 (6808: 36881 37287 36886) (5076.65 s)
>> 3634 (7904: 37856 38027 37898) (5063.59 s)
>> 3632 (27917: 8039 54834 52276) (5101.09 s)
>> 3631 (19791: 54494 54806 17452) (5079.45 s)
>> 3621 (60513: 45247 45570 45534) (5089.05 s)
>> 3610 (55274: 33831 33810 33346) (5077.18 s)
>> 3600 (35340: 35357 35337 35314) (5084.37 s)
>> 3592 (31598: 12934 53106 53100) (5074.38 s)
>> 3741 (29242: 12934 53156 40868) (5068.36 s)
>> 3592 (51509: 4676 50872 31405) (5060.64 s)
>> 3585 (26489: 25945 50527 50417) (5053.91 s)
>> 3578 (40529: 40533 40579 40553) (5052.88 s)
>> 3576 (1145: 33599 33680 33595) (5030.18 s)
>> 3540 (35201: 34983 35193 13264) (5042.16 s)
>> 3539 (39248: 39241 38428 38109) (5040.4 s)
>> 3959 (7439: 39241 38466 38457) (5045.12 s)
>> 3532 (46077: 46098 47523 46085) (5026.1 s)
>> 3523 (3590: 53068 53287 53215) (5030.91 s)
>> 3514 (33687: 33599 33699 11626) (5050.71 s)
>> 3507 (20289: 46838 47629 47553) (5004 s)
>> 3506 (16479: 36477 43671 43646) (4990.87 s)
>> 3504 (3077: 50351 49944 49934) (5007.12 s)
>> 3497 (50607: 50584 50606 50566) (4985.63 s)
>> 3496 (39466: 39468 39870 39454) (5057.87 s)
>> 3492 (42594: 42542 42587 42575) (5513.69 s)
>> 3490 (36047: 36022 36477 36041) (5510.46 s)
>> 3488 (46910: 46838 46929 46900) (5505.49 s)
>> 3487 (6981: 52348 52504 19093) (5509.27 s)
>> 3471 (47367: 47424 47374 47359) (5500.11 s)
>> 3469 (46748: 46838 46773 46741) (5489.17 s)
>> 3465 (4971: 35544 35458 35445) (5479.09 s)
>> 3451 (39826: 39137 39828 39823) (5475.55 s)
>> 3446 (13139: 41482 41494 41488) (5472.18 s)
>> 3446 (29182: 52897 53119 52887) (5434.28 s)
>> 3442 (62146: 40329 40299 40288) (5425.93 s)
>> 3433 (25597: 24730 51590 51032) (5381.11 s)
>> 3431 (5340: 35753 35918 35747) (5398.64 s)
>> 3430 (20511: 47591 47122 47113) (5443.54 s)
>> 3427 (55564: 36649 36727 36695) (5437.2 s)
>> 3424 (21856: 48507 48706 48527) (5410.86 s)
>> 3419 (53349: 34898 53346 53339) (5438.96 s)
>> 3418 (6885: 37068 37002 36942) (5432.49 s)
>> 3416 (23521: 23045 50194 1713) (5415.46 s)
>> 3416 (42400: 42394 42375 42367) (5425.5 s)
>> 3405 (55895: 45753 45879 44950) (5402.32 s)
>> 3389 (47961: 47881 47951 47481) (5386.69 s)
>> 3382 (34261: 54686 34252 7312) (5412.46 s)
>> 3376 (43242: 43314 43255 43240) (5394.2 s)
>> 3373 (47747: 47739 48369 47730) (5337.59 s)
>> 3361 (24107: 50290 50674 50329) (4829.59 s)
>> 3356 (50837: 34938 50816 31350) (4807.28 s)
>> 3353 (50140: 29836 50813 24282) (4787.4 s)
>> 3353 (50747: 51039 51421 42416) (4801.06 s)
>> 3325 (13296: 41672 41642 41608) (4790.03 s)
>> 3323 (57742: 46560 46626 46618) (4778.24 s)
>> 3307 (27: 49177 33033 33023) (4769.42 s)
>> 3293 (8946: 39228 39252 38533) (4779.66 s)
>> 3689 (7433: 39205 39241 39228) (4882.04 s)
>> 3289 (34836: 34830 34811 24754) (4847.04 s)
>> 3272 (14367: 54341 54305 53746) (4849.59 s)
>> 3272 (34384: 51502 13642 4676) (4765.54 s)
>> 3269 (14139: 42141 42186 42170) (4752.41 s)
>> 3268 (60183: 47976 48685 48012) (4888.23 s)
>> 3263 (15299: 49754 49792 33932) (5373.01 s)
>> 3263 (28746: 42562 42688 42648) (5550.99 s)
>> 3255 (3493: 53232 34898 53237) (5595.02 s)
>> 3249 (49757: 53923 53905 53890) (5581.61 s)
>> 3244 (21135: 54130 54118 10594) (5568.23 s)
>> 3233 (36031: 36060 36027 36010) (5604.74 s)
>> 3230 (52141: 52193 54887 52137) (5574.49 s)
>> 3229 (52834: 52847 28823 52832) (5346.46 s)
>> 3227 (8971: 38707 38672 38664) (5284.05 s)
>> 3227 (53673: 54341 53682 53671) (5380.95 s)
>> 3226 (6999: 52449 52733 8039) (5575.49 s)
>> 3221 (15902: 40034 44333 43207) (5583.27 s)
>> 3217 (37949: 37954 37946 37856) (5596.31 s)
>> 3211 (5438: 43397 35777 35753) (5610.79 s)
>> 3205 (49041: 49013 49039 49032) (5542.62 s)
>> 3204 (41243: 41238 41194 40847) (5584.48 s)
>> 3197 (46710: 45897 46709 46688) (5562.3 s)
>> 3188 (16315: 43585 43602 43597) (5521.08 s)
>> 3189 (60006: 43639 43661 43585) (5499.68 s)
>> 3186 (39848: 39844 39857 39137) (5474.17 s)
>> 3183 (41002: 40996 41063 39096) (5476.69 s)
>> 3182 (30818: 54438 54462 54424) (5514.87 s)
>> 3181 (37741: 37711 37736 37642) (5499.83 s)
>> 3178 (52390: 52449 52385 36632) (5457.77 s)
>> 3174 (44262: 44271 44913 44253) (5452.61 s)
>> 3172 (54914: 54911 54902 52968) (5438.09 s)
>> 3167 (30894: 54192 54258 54217) (5450.22 s)
>> 3166 (29613: 53424 53431 53418) (5423.43 s)
>> 3158 (50550: 50977 50543 48872) (5426.36 s)
>> 3145 (39655: 39581 54929 39654) (5481.89 s)
>> 3144 (42296: 46615 42307 42291) (5490.16 s)
>> 3138 (37880: 37884 37954 37874) (5461.02 s)
>> 3138 (41371: 56495 41368 41302) (5447.47 s)
>> 3136 (54696: 54728 48971 9080) (5415.44 s)
>> 3130 (53676: 53675 53664 10511) (5427.58 s)
>> 3128 (57721: 41119 41052 41034) (5398.59 s)
>> 3127 (34565: 39581 34561 2498) (5399.93 s)
>> 3126 (8015: 40791 40802 37383) (5382.65 s)
>> 3126 (11000: 36752 40422 40123) (5390.27 s)
>> 3124 (51408: 51409 51039 25796) (5372.46 s)
>> 3122 (29964: 53629 10405 1261) (5353.46 s)
>> 3117 (34507: 34510 34495 31439) (4738.08 s)
>> 3116 (40223: 40217 40236 36752) (4556.12 s)
>> 3113 (45290: 45280 45313 45286) (5099.45 s)
>> 3105 (56344: 53756 53766 35109) (5149.61 s)
>> 3104 (41515: 42177 41528 41514) (5140.11 s)
>> 3097 (47855: 47881 47849 47808) (5130.71 s)
>> 3095 (39385: 41482 39436 39383) (5127.87 s)
>> 3090 (52071: 52068 52074 44603) (5115.55 s)
>> 3081 (3711: 34702 34830 34715) (5145.97 s)
>> 3076 (11955: 46963 55234 20360) (5123.79 s)
>> 3076 (50985: 49392 49354 25289) (5122.44 s)
>> 3067 (62261: 41601 41683 41128) (5127.92 s)
>> 3062 (35622: 43397 35613 35587) (5041.5 s)
>> 3061 (30056: 30245 41946 4283) (5047.73 s)
>> 3054 (39724: 39760 39717 39683) (5036.8 s)
>> 3044 (43987: 44271 44016 43981) (5013.63 s)
>> 3040 (33212: 54331 54311 35158) (5008.26 s)
>> 3040 (48932: 50584 50561 48929) (4999.46 s)
>> 3038 (49010: 48997 49020 48507) (5001.16 s)
>> 3033 (32406: 48763 50977 32380) (5197.95 s)
>> 3026 (17084: 44930 44938 44271) (5239.4 s)
>> 3024 (36493: 36022 36487 36450) (5231.03 s)
>> 3017 (33608: 33599 33878 33603) (5249.6 s)
>> 3012 (24303: 50191 50351 50133) (5250.03 s)
>> 3012 (57747: 33216 33204 33195) (5213.76 s)
>> 2993 (50604: 54035 54020 54009) (5221.38 s)
>> 2987 (33672: 33599 33666 27440) (5226.74 s)
>> 2978 (47197: 48134 47208 47185) (5214.76 s)
>> 2970 (25461: 53392 53459 51539) (5202.05 s)
>> 2967 (15939: 55129 55178 55154) (5222.32 s)
>> 2966 (14817: 49388 49549 49525) (5240.38 s)
>> 2959 (26770: 31326 51759 33611) (5220.2 s)
>> 2947 (49952: 23817 49896 23887) (5218.22 s)
>> 2939 (48152: 48188 48154 48145) (5255.57 s)
>> 2928 (4609: 49837 50239 49809) (5203.5 s)
>> 2921 (42282: 42281 46615 45416) (5212.69 s)
>> 2918 (34319: 34314 35544 7315) (5199.85 s)
>> 2911 (50464: 25945 50461 29161) (5194.74 s)
>> 2884 (19715: 45058 46373 46356) (5166.83 s)
>> 2874 (43910: 43887 44705 43903) (5174.24 s)
>> 2864 (37569: 37565 37567 37549) (5172.54 s)
>> 2855 (37968: 37884 38009 37964) (5164.78 s)
>> 2854 (6003: 40217 36248 36243) (5144.92 s)
>> 2853 (39087: 49388 49616 30825) (5096.87 s)
>> 2848 (30900: 22780 54192 39120) (5146.92 s)
>> 2841 (6081: 49518 49497 49440) (5133.4 s)
>> 2837 (22346: 41293 56495 21332) (5123.67 s)
>> 2836 (45244: 45219 45239 44624) (5149.56 s)
>> 2825 (18532: 45353 46923 46838) (5167.42 s)
>> 2824 (20653: 45739 47279 47270) (5135.01 s)
>> 2820 (45395: 45392 45396 45387) (5117.43 s)
>> 2819 (29818: 29212 53547 3067) (5125.04 s)
>> 2816 (16665: 44415 45058 44441) (4875.81 s)
>> 2804 (53128: 53742 53725 53361) (4849.97 s)
>> 2798 (3024: 34355 34789 5131) (4876.23 s)
>> 2798 (45855: 45739 45872 45854) (4997 s)
>> 2790 (23959: 41948 51234 29836) (5098.73 s)
>> 2786 (47495: 47697 47493 46098) (5075.97 s)
>> 2785 (34119: 34114 34109 34127) (5138.86 s)
>> 2776 (43103: 43097 43037 43024) (5099.57 s)
>> 2770 (14452: 42342 42328 28736) (5069.89 s)
>> 2764 (58339: 38707 38763 38733) (5065.49 s)
>> 2762 (16426: 52248 52348 52317) (5057.75 s)
>> 2750 (31253: 35074 53756 35137) (4907.35 s)
>> 2728 (49116: 49177 49150 49114) (4741.43 s)
>> 2727 (23156: 49518 49865 2456) (4916.12 s)
>> 2727 (53722: 53740 53720 35074) (5064.07 s)
>> 2712 (40450: 55078 40438 34314) (5050.29 s)
>> 2709 (61581: 46956 46939 44882) (4877.06 s)
>> 2704 (9604: 54199 54189 22780) (4753.55 s)
>> 2704 (47464: 47462 47510 47424) (4758.67 s)
>> 2700 (33762: 34442 34355 13570) (4722.92 s)
>> 2695 (39873: 54438 54377 54167) (4734.52 s)
>> 3065 (29147: 54438 54134 54108) (4740.85 s)
>> 2693 (47692: 47679 47739 47689) (4753.05 s)
>> 2692 (52209: 52144 52234 52207) (5073.06 s)
>> 2690 (40408: 40217 40430 40407) (5016.62 s)
>> 2687 (16590: 52635 52248 17013) (5067.5 s)
>> 2685 (19086: 52681 52656 52635) (4931.04 s)
>> 2678 (17990: 45247 45692 45025) (4978.7 s)
>> 2676 (35190: 35277 54361 35186) (4847.99 s)
>> 2668 (37358: 37352 37404 37365) (4712.39 s)
>> 2667 (43395: 36164 43414 43390) (4647.57 s)
>> 2649 (501: 42015 22207 833) (4674.36 s)
>> 2649 (35028: 53740 35026 35019) (4674.16 s)
>> 2648 (9361: 54567 54627 54610) (4711.04 s)
>> 2641 (43951: 43718 44930 43947) (5007.15 s)
>> 2640 (26925: 51832 51861 42097) (5013.47 s)
>> 2639 (2868: 38269 38346 37580) (4944.15 s)
>> 2688 (8653: 38487 38390 38269) (4948.71 s)
>> 2633 (42541: 42542 50106 42534) (4961.92 s)
>> 2628 (22592: 42079 42057 7828) (4556.59 s)
>> 2623 (41546: 42177 42141 41631) (4197.3 s)
>> 2623 (59602: 33095 33090 33076) (4185.83 s)
>> 2606 (54632: 54539 54631 54398) (4025.14 s)
>> 2605 (5888: 43397 36185 36112) (4073.5 s)
>> 2601 (59757: 48572 48558 48000) (4107.72 s)
>> 2597 (32323: 46963 55194 15983) (4096.57 s)
>> 2595 (53052: 53043 54911 53117) (4149.61 s)
>> 2593 (28650: 28849 53043 52897) (3742.65 s)
>> 2593 (43856: 52583 52603 52578) (3867.23 s)
>> 2589 (21931: 48997 48883 48600) (4081.47 s)
>> 2588 (42659: 42542 42660 42654) (4116.21 s)
>> 2583 (60637: 45739 45616 45603) (3903.04 s)
>> 2582 (51904: 19049 51902 45522) (3690.45 s)
>> 2571 (39125: 39107 40966 39117) (3678.28 s)
>> 2570 (16005: 36164 43338 43330) (3684.03 s)
>> 2558 (22881: 49277 49013 33079) (4113.37 s)
>> 2550 (45831: 45739 45824 45816) (4103.35 s)
>> 2549 (52092: 52106 52087 52068) (4081.61 s)
>> 2548 (26855: 51809 51835 33625) (4076.53 s)
>> 2546 (15681: 43511 43013 42770) (4098.11 s)
>> 2540 (40834: 12374 40829 35357) (4095.82 s)
>> 2532 (20470: 47591 47199 47043) (4117.02 s)
>> 2525 (3076: 34442 12480 11648) (3748.1 s)
>> 2524 (38474: 38472 39205 38507) (3638.99 s)
>> 2514 (33560: 33558 1049 33541) (4077.36 s)
>> 2512 (55311: 55315 44192 15955) (4067.73 s)
>> 2508 (8465: 38202 38224 38151) (4066.25 s)
>> 2507 (48271: 48963 48309 48269) (4052.63 s)
>> 2499 (350: 33095 49277 33066) (4039.37 s)
>> 2498 (7910: 37745 37884 37865) (4030.49 s)
>> 2495 (11746: 49980 31492 12847) (3772.4 s)
>> 2494 (18538: 44415 45369 45355) (3600.64 s)
>> 2493 (42248: 42281 42243 42213) (3884.2 s)
>> 2492 (38387: 40685 41238 40602) (3794.58 s)
>> 2482 (43853: 43845 43874 43718) (3960.54 s)
>> 2481 (2361: 51832 51887 33599) (4029.94 s)
>> 2479 (30629: 56697 54043 53629) (3972.16 s)
>> 2477 (37233: 37225 38492 37192) (3949.45 s)
>> 2474 (60626: 46305 46261 46253) (3966.43 s)
>> 2466 (9539: 39143 39760 39190) (3940.05 s)
>> 2464 (49744: 49772 49739 49724) (3973 s)
>> 2455 (8587: 38487 38300 38284) (3938.47 s)
>> 2452 (2446: 55078 54686 34218) (3935.45 s)
>> 2448 (16174: 43476 44556 43471) (3923.37 s)
>> 2446 (36966: 37068 43397 36952) (3904.34 s)
>> 2433 (1097: 1792 51308 3986) (3901.42 s)
>> 2428 (3956: 50507 50141 25945) (3906.26 s)
>> 2420 (50777: 50778 50767 50507) (3898.14 s)
>> 2417 (6275: 41601 41520 41482) (3887.03 s)
>> 2409 (1273: 27253 51832 27501) (3882.79 s)
>> 2397 (9070: 38707 38789 38723) (3884.59 s)
>> 2396 (45276: 45280 45270 45247) (3877.1 s)
>> 2396 (46248: 52325 52306 52263) (3870.44 s)
>> 2392 (52025: 19049 45627 37447) (3866.57 s)
>> 2386 (27118: 55078 52039 37844) (3861.75 s)
>> 2385 (45920: 45978 46714 45914) (3855.28 s)
>> 2375 (45663: 45681 45739 45656) (3874.79 s)
>> 2374 (10788: 40217 40242 40108) (3845.25 s)
>> 2371 (53135: 53145 53131 53068) (3889.4 s)
>> 2360 (38588: 41293 41857 8843) (3837.22 s)
>> 2359 (58119: 39335 54983 39581) (3846.48 s)
>> 2358 (36360: 40217 36353 36339) (3828.59 s)
>> 2358 (51709: 51705 51702 32229) (3817.6 s)
>> 2353 (30675: 54130 54079 9620) (3820.8 s)
>> 2351 (9864: 39468 39426 39406) (3807.02 s)
>> 2350 (50730: 9644 20077 2322) (3884.83 s)
>> 2346 (12349: 54539 54488 54476) (3806.96 s)
>> 2340 (46435: 46432 46465 46440) (3795.24 s)
>> 2337 (6903: 37120 37107 37090) (3779.92 s)
>> 2317 (54998: 12934 54996 39335) (3625.88 s)
>> 2313 (53607: 53593 53608 53602) (3722.61 s)
>> 2304 (20992: 47679 47669 45353) (3754.76 s)
>> 2302 (33257: 33255 33249 33243) (3814.94 s)
>> 2302 (34991: 53740 34987 34975) (3792.49 s)
>> 2292 (21709: 48431 48420 48381) (3780.94 s)
>> 2287 (41630: 41672 41707 41625) (3823.76 s)
>> 2283 (46799: 47679 46826 46790) (3529.6 s)
>> 2282 (14690: 42394 49388 42443) (3505.17 s)
>> 2281 (16912: 46963 55065 6108) (3941.32 s)
>> 2280 (7524: 21887 52179 7460) (4233.44 s)
>> 2279 (37167: 37136 37162 37068) (4223.17 s)
>> 2278 (35816: 35817 35840 35799) (4218.83 s)
>> 2278 (40925: 2549 50311 50282) (4229.54 s)
>> 2275 (44597: 44594 44612 43476) (4225.87 s)
>> 2269 (32986: 39143 39968 39964) (4312.28 s)
>> 2264 (21886: 48893 48696 48572) (4458.64 s)
>> 2262 (12310: 40996 42904 41112) (4457.21 s)
>> 2256 (45789: 42732 49892 49888) (4455.03 s)
>> 2249 (4516: 54331 35260 35226) (4450.29 s)
>> 2240 (24986: 51101 49320 23530) (4452.85 s)
>> 2238 (5194: 35965 37136 35987) (4459.7 s)
>> 2238 (15848: 40034 43196 43188) (4451.98 s)
>> 2236 (33293: 33289 33831 33322) (4480.3 s)
>> 2229 (55304: 55315 55301 35618) (4409.05 s)
>> 2228 (32275: 50553 50534 48763) (4408.5 s)
>> 2227 (22126: 48813 48771 48757) (4391.01 s)
>> 2225 (24077: 53833 53845 53839) (4390.95 s)
>> 2225 (43638: 44594 43639 43632) (4410.17 s)
>> 2222 (51230: 54567 54577 54563) (4380.85 s)
>> 2221 (23499: 42394 49780 49760) (4363.74 s)
>> 2218 (22398: 48963 48945 48921) (4430.24 s)
>> 2210 (54771: 47637 54759 54728) (4408.95 s)
>> 2203 (53509: 1490 53504 53392) (4400.65 s)
>> 2202 (3245: 34510 34605 34477) (4348.58 s)
>> 2200 (23731: 49837 12437 11378) (4368.62 s)
>> 2200 (24049: 49518 50244 50040) (4176.9 s)
>> 2194 (20176: 55078 35527 35515) (4060.87 s)
>> 2189 (28095: 52449 52392 19493) (4062.93 s)
>> 2180 (38200: 38194 38157 38141) (4012.29 s)
>> 2174 (3727: 34702 34638 34510) (3543.02 s)
>> 2171 (36554: 36022 36558 36550) (3263.17 s)
>> 2166 (3799: 34759 34763 34702) (3454.25 s)
>> 2166 (27965: 52325 52339 52332) (3676.89 s)
>> 2163 (41439: 41293 41880 20905) (3685.14 s)
>> 2156 (18765: 45422 45443 44415) (3680.22 s)
>> 2242 (18573: 47697 46116 45422) (3679.56 s)
>> 2228 (46354: 46341 47697 46105) (3663.2 s)
>> 2212 (18668: 46341 46057 45478) (3664.7 s)
>> 2139 (14508: 42394 42371 42352) (3669.47 s)
>> 2128 (42391: 51867 49706 3598) (3661.86 s)
>> 2124 (13201: 54484 54478 10328) (3664.06 s)
>> 2119 (38590: 38585 38556 38543) (3659.45 s)
>> 2106 (45841: 45681 45833 45753) (3646.3 s)
>> 2099 (45310: 52106 52150 52144) (3640.4 s)
>> 2099 (61990: 40217 36735 36716) (3637.05 s)
>> 2093 (36091: 36083 36164 36072) (3637.87 s)
>> 2089 (6542: 40217 36686 36649) (3641.31 s)
>> 2085 (768: 33496 33558 33476) (3613.66 s)
>> 2081 (19949: 53884 53910 53894) (3619.66 s)
>> 2080 (13213: 54177 54385 54382) (3606.92 s)
>> 2068 (55944: 47679 47591 47570) (3613.89 s)
>> 2068 (58702: 49221 49212 33095) (3617.4 s)
>> 2063 (37590: 53216 53193 53175) (3605.31 s)
>> 2063 (50615: 54438 54444 54433) (3589.16 s)
>> 2061 (50326: 50290 50321 50314) (3585.15 s)
>> 2058 (20848: 46560 47418 47516) (3582.32 s)
>> 2050 (48741: 48813 51705 48738) (3584.11 s)
>> 2042 (7518: 37476 37745 37725) (3579.87 s)
>> 2038 (8671: 38487 38409 38368) (3570.42 s)
>> 2036 (24102: 50290 50954 50646) (3566.47 s)
>> 2328 (50669: 50117 50665 50290) (3570.74 s)
>> 2035 (44181: 46956 44184 44172) (3565.65 s)
>> 2032 (1329: 50439 50778 50428) (3552.92 s)
>> 2032 (54102: 54100 54092 54068) (3550.39 s)
>> 2031 (4406: 13860 34867 34862) (3542.88 s)
>> 2020 (13192: 34983 54341 35115) (3545.08 s)
>> 2019 (44834: 43845 44839 44832) (3546.4 s)
>> 2015 (47344: 47462 47937 47332) (3535.01 s)
>> 2009 (21295: 48963 48195 47924) (3531.21 s)
>> 2005 (7507: 37352 37476 37464) (3529.9 s)
>> 2005 (8133: 43511 42779 37352) (3527.62 s)
>> 2002 (11424: 40533 40685 40548) (3537.75 s)
>> 2238 (40495: 35396 40533 40492) (3535.25 s)
>> 2002 (40075: 40047 40068 40034) (3506.48 s)
>> 2000 (18437: 49455 49699 49436) (3523.25 s)
>> 1997 (20537: 47679 48179 47169) (3519 s)
>> 1996 (19030: 55078 55084 55062) (3521.33 s)
>> 1992 (53389: 50259 53424 9950) (3530.77 s)
>> 1990 (39184: 38472 39844 39180) (3520.59 s)
>> 1981 (49568: 42394 49561 49557) (3516.34 s)
>> 1981 (51483: 53464 53462 1490) (3516.03 s)
>> 2066 (23230: 29212 53469 53464) (3518.11 s)
>> 1980 (25569: 24730 50987 3752) (3517.68 s)
>> 1973 (44980: 44975 45681 44992) (3591.29 s)
>> 1970 (6238: 43149 43511 42915) (3707.16 s)
>> 1970 (40903: 18518 40899 35396) (3701 s)
>> 1962 (5498: 36208 36083 35853) (3699.88 s)
>> 1959 (13835: 42015 41967 41877) (3694.88 s)
>> 1959 (33738: 50913 12986 12154) (3689.35 s)
>> 1959 (42712: 42725 42714 42708) (3693.05 s)
>> 1944 (5820: 17740 52847 52822) (3708.93 s)
>> 1942 (50474: 54251 54240 54199) (3719.81 s)
>> 1938 (51441: 30463 51502 30245) (3714.86 s)
>> 1933 (48340: 47679 48431 48332) (3723.17 s)
>> 1932 (14175: 50259 54251 53661) (3700.88 s)
>> 1927 (47839: 47836 47816 47799) (3669.23 s)
>> 1922 (2288: 34205 34168 34114) (3674.55 s)
>> 1920 (57348: 39523 39524 39468) (3667.34 s)
>> 1916 (45331: 45330 47679 45495) (3658.4 s)
>> 1911 (18257: 54130 54173 54158) (3654.58 s)
>> 1903 (60034: 45280 45228 45199) (3644.02 s)
>> 2210 (59875: 45219 45280 45209) (3651.89 s)
>> 1885 (50856: 34938 31161 30463) (3641.41 s)
>> 1885 (62294: 38619 38643 38472) (3638.69 s)
>> 1878 (22928: 42394 49349 24232) (3640.09 s)
>> 1877 (48046: 48134 48997 48039) (3631.42 s)
>> 1866 (23043: 51101 41948 26161) (3637.13 s)
>> 1861 (11288: 27689 28849 27294) (3621.52 s)
>> 1850 (1744: 51008 51069 22941) (3621.15 s)
>> 1850 (55625: 12934 39210 39193) (3617.15 s)
>> 1848 (24635: 50416 50439 50381) (3636.99 s)
>> 1844 (26517: 28101 51669 50553) (3636.31 s)
>> 1844 (30860: 54193 54184 50259) (3629.63 s)
>> 1843 (35937: 35935 35965 35889) (3615.46 s)
>> 1839 (59318: 48134 48472 48422) (3614.46 s)
>> 1834 (7628: 37565 37557 37523) (3616.26 s)
>> 1920 (60271: 37565 37534 37506) (3610.1 s)
>> 1828 (50174: 24316 49799 24932) (3615.87 s)
>> 1935 (50786: 24316 26196 24380) (3604.68 s)
>> 1822 (36111: 43763 43845 36109) (3607.87 s)
>> 1820 (4403: 35132 53740 35033) (3637.46 s)
>> 1820 (21236: 54562 54573 54567) (3651.65 s)
>> 1818 (53686: 34983 53711 53685) (3665.71 s)
>> 1814 (46764: 46757 46782 46750) (3652.4 s)
>> 1810 (46230: 56697 53742 53716) (3653.05 s)
>> 1801 (19524: 45330 46204 44975) (3654.55 s)
>> 1799 (59368: 43149 37695 37673) (3564.18 s)
>> 1786 (3995: 50416 50450 34875) (3649.36 s)
>> 1786 (34843: 13860 34842 34817) (3635.7 s)
>> 1786 (38179: 37341 38202 38173) (3365.49 s)
>> 1785 (43382: 35935 43376 36208) (3341.1 s)
>> 1775 (39356: 39365 41467 39354) (3337.29 s)
>> 1772 (36428: 36424 36439 36402) (3657.48 s)
>> 1766 (51374: 51409 51347 3997) (3568.58 s)
>> 1765 (53038: 53053 53033 53009) (2901.04 s)
>> 1742 (46302: 46305 46315 46298) (2912.39 s)
>> 1899 (46193: 46234 46305 46191) (2916.29 s)
>> 1741 (42294: 56697 54056 53864) (2615.23 s)
>> 1739 (37481: 43149 37833 37487) (2867.79 s)
>> 1734 (29319: 49368 49364 34735) (2895.92 s)
>> 2251 (22973: 42394 49368 49331) (2897.43 s)
>> 1734 (34826: 34442 34822 34803) (2893.97 s)
>> 1731 (21652: 41293 42015 41870) (2896.2 s)
>> 1731 (52839: 17740 52838 52689) (2860.93 s)
>> 2089 (19235: 17740 52681 45871) (2874.33 s)
>> 1730 (42047: 42079 42043 41912) (2856.2 s)
>> 1723 (48395: 45330 48387 48349) (2877.42 s)
>> 1715 (19082: 45723 45729 45708) (2853.59 s)
>> 1710 (39568: 39558 39572 12934) (2853.27 s)
>> 1705 (53949: 53960 53946 53923) (2842.87 s)
>> 1704 (52442: 52449 52440 52425) (2852.56 s)
>> 1701 (29381: 51334 34624 14745) (2847.25 s)
>> 1696 (12422: 41845 43165 41601) (2804.59 s)
>> 1689 (41790: 41795 42177 41782) (2487.2 s)
>> 1683 (49942: 42732 50191 10188) (2666.22 s)
>> 1680 (34655: 3665 51334 25857) (2841.28 s)
>> 1677 (39046: 39523 39034 38707) (2837.07 s)
>> 1673 (26552: 26579 35132 24945) (2834.68 s)
>> 1670 (27084: 3665 51305 25372) (2820.38 s)
>> 1669 (18600: 53248 53232 34578) (2806.98 s)
>> 1826 (26144: 34759 53248 34569) (2793.53 s)
>> 1666 (4172: 26579 34961 34948) (2792.43 s)
>> 1666 (45472: 45466 46341 45907) (2791.82 s)
>> 1663 (57069: 39767 57146 39143) (2798.51 s)
>> 1657 (46074: 45466 46048 46027) (2796.37 s)
>> 1655 (13061: 56697 53612 53593) (2773.26 s)
>> 1655 (30356: 30617 51101 30052) (3056.3 s)
>> 1650 (31288: 54532 54517 54494) (3196.12 s)
>> 1638 (17655: 34938 50913 11737) (3185.64 s)
>> 1625 (42886: 42882 42855 40996) (3180.39 s)
>> 1616 (44791: 43763 44785 44723) (3173.33 s)
>> 1615 (51699: 54557 54562 52449) (3169.82 s)
>> 1613 (46687: 46682 46643 45897) (3170.06 s)
>> 1723 (19999: 46682 47504 46560) (3171.71 s)
>> 1603 (17352: 44450 44420 43420) (3193.45 s)
>> 1601 (24866: 50416 51326 51316) (3187.87 s)
>> 1600 (61267: 35935 36148 36121) (3171.81 s)
>> 1599 (4750: 34983 35325 35167) (3151.04 s)
>> 1598 (37717: 37716 37751 37711) (3148.46 s)
>> 1598 (46575: 46577 46682 46573) (3149.25 s)
>> 1593 (43402: 42732 50520 50136) (3143.62 s)
>> 1592 (25441: 29212 53552 53545) (3160.9 s)
>> 1586 (40324: 40400 40320 40317) (3125.96 s)
>> 1583 (10576: 54100 53980 53587) (3128.26 s)
>> 1786 (53580: 54100 56697 53579) (3127.67 s)
>> 1575 (46920: 45330 46983 46913) (3121.59 s)
>> 1574 (39980: 39977 40063 35935) (3075.84 s)
>> 1573 (38902: 38816 38897 37716) (3106.78 s)
>> 1572 (35734: 39977 35728 35697) (3111.94 s)
>> 1570 (27413: 19049 52376 52027) (3109.75 s)
>> 1547 (7579: 54557 51976 51970) (3112.62 s)
>> 1546 (18051: 45219 44966 44677) (3103.49 s)
>> 1530 (52730: 54557 36367 6015) (3098.32 s)
>> 1526 (7179: 43149 37322 36881) (3090.21 s)
>> 1518 (55487: 55078 52056 34339) (3093.89 s)
>> 1516 (51131: 23045 51133 51128) (3089.82 s)
>> 1512 (48631: 48893 48625 48608) (3078.21 s)
>> 1509 (50627: 50584 50634 50624) (3086.41 s)
>> 1503 (8374: 52193 52098 52080) (3070.43 s)
>> 1498 (38117: 42394 49636 49609) (3060.56 s)
>> 1494 (38356: 23817 30617 29736) (3069.23 s)
>> 1482 (8693: 52193 54883 54876) (3072 s)
>> 1482 (37187: 37225 37617 37185) (3066.89 s)
>> 1481 (7911: 55078 35563 20185) (3057.29 s)
>> 1481 (15679: 43149 43054 43031) (3049.76 s)
>> 1480 (10775: 40076 40217 40083) (3056.08 s)
>> 1463 (17008: 43763 44119 44095) (3049.91 s)
>> 1463 (59919: 48893 48134 48016) (3040.21 s)
>> 1454 (50887: 42052 50886 34938) (3034.94 s)
>> 1453 (41091: 41119 41845 41081) (3024.62 s)
>> 1453 (52219: 52213 52210 36527) (3026.05 s)
>> 1438 (9026: 39523 38917 38745) (3035.23 s)
>> 1435 (30497: 34759 31038 30602) (3032.57 s)
>> 1434 (39666: 39558 53053 39663) (3033.12 s)
>> 1431 (48546: 48544 48893 48590) (3013.62 s)
>> 1412 (59174: 45330 48325 48283) (3005.22 s)
>> 1405 (52991: 27689 52980 52952) (3010.2 s)
>> 1403 (762: 54193 22397 19267) (3005.01 s)
>> 1402 (46320: 46234 47018 46992) (3004.04 s)
>> 1400 (26208: 3665 51389 3963) (3003.84 s)
>> 1399 (60145: 37225 37254 37243) (2994.6 s)
>> 1394 (52187: 54557 54853 54850) (3003.87 s)
>> 1387 (18314: 45219 45187 45176) (3000.69 s)
>> 1387 (55191: 46963 55187 55182) (3006.57 s)
>> 2070 (2116: 46963 55171 55129) (2997.42 s)
>> 1387 (58524: 38619 38606 38594) (2986.81 s)
>> 1495 (2885: 39558 54977 38619) (2981.47 s)
>> 1376 (35997: 30375 51474 4173) (3002.07 s)
>> 1370 (19171: 45330 47254 47229) (2992.98 s)
>> 1369 (31392: 54532 54603 54589) (2985.59 s)
>> 1364 (17546: 44594 45219 44586) (2986.31 s)
>> 1359 (54601: 54557 54598 54594) (2975.31 s)
>> 1347 (7708: 38487 37594 37225) (2987.07 s)
>> 1343 (47145: 48188 47143 45330) (2984.94 s)
>> 1337 (15492: 55078 40469 35433) (2981.99 s)
>> 1316 (60057: 47976 48677 48657) (2959.46 s)
>> 1315 (43538: 43149 43523 42994) (2963.98 s)
>> 1307 (47488: 46577 47483 42542) (2963.67 s)
>> 1304 (33637: 27253 33661 33632) (2960.95 s)
>> 1294 (26021: 42394 49600 49584) (2952.52 s)
>> 1283 (24903: 50416 50513 50478) (2958.13 s)
>> 1276 (39845: 54458 54459 54438) (2943.95 s)
>> 1274 (29770: 29212 53520 1906) (2945.71 s)
>> 1270 (32021: 46963 55078 55053) (2942.81 s)
>> 1269 (22794: 9301 54548 53884) (2935.22 s)
>> 1263 (23128: 49837 49656 49455) (2936.12 s)
>> 1258 (34007: 4885 34026 11475) (2936.64 s)
>> 1256 (34801: 34759 34795 34776) (2933.05 s)
>> 1256 (50466: 54458 54539 54407) (2925.49 s)
>> 1255 (1557: 4885 33934 27253) (2927.04 s)
>> 1255 (40345: 40076 40400 40343) (2920.01 s)
>> 1255 (52951: 27689 28699 2661) (2910.76 s)
>> 1252 (47324: 47392 47901 47319) (2914.8 s)
>> 1245 (14883: 49518 49501 49490) (2918.95 s)
>> 1242 (25996: 24238 26026 23817) (2901.45 s)
>> 1240 (11928: 46963 55315 55248) (2906.76 s)
>> 1239 (37922: 43149 37961 37910) (2850.59 s)
>> 1234 (24040: 53833 29212 53825) (2894.46 s)
>> 1232 (36459: 36457 36979 36470) (2888.43 s)
>> 1232 (45143: 45466 45150 45132) (2889 s)
>> 1231 (40389: 40076 40385 40362) (2889.94 s)
>> 1220 (40215: 39977 40227 40207) (2892.53 s)
>> 1217 (357: 33216 33496 33398) (2884.04 s)
>> 1217 (6058: 40076 36326 36252) (2886.87 s)
>> 1215 (46044: 54100 29194 24444) (2880.22 s)
>> 1213 (62460: 39558 34544 34533) (2867.51 s)
>> 1212 (37855: 38953 37924 37847) (2877.5 s)
>> 1200 (29409: 4220 53269 53260) (2862.17 s)
>> 1200 (35790: 35817 39977 35788) (2863.36 s)
>> 1188 (53646: 54100 53833 1254) (2864.92 s)
>> 1184 (47387: 47392 47462 47383) (2863.92 s)
>> 1166 (21141: 54035 54458 54100) (2856.87 s)
>> 1164 (30618: 54035 54026 9301) (2860.77 s)
>> 1161 (7649: 46963 40636 40625) (2866.68 s)
>> 1157 (12288: 54532 54537 15671) (2854.35 s)
>> 1142 (24936: 34983 53796 53703) (2849.79 s)
>> 1142 (60038: 37312 38487 37276) (2854.29 s)
>> 1139 (26698: 49518 49508 26699) (3130.85 s)
>> 1139 (52191: 52106 52188 16374) (3115.95 s)
>> 1131 (25666: 51008 51065 24238) (3087.75 s)
>> 1128 (22996: 42394 49325 49317) (3084.83 s)
>> 1125 (1584: 54035 53636 53474) (3103.16 s)
>> 1120 (4722: 54193 54331 54303) (3112.87 s)
>> 1120 (20752: 47392 47442 47429) (3105.86 s)
>> 1120 (59768: 49177 49143 49104) (3097.83 s)
>> 1118 (21507: 45466 48963 48203) (3111.35 s)
>> 1117 (46000: 45997 45990 45466) (3112.41 s)
>> 1117 (53222: 53145 53220 53216) (3114.04 s)
>> 1116 (12654: 41293 41326 8142) (3138.97 s)
>> 1101 (51198: 51008 42052 29605) (3117.02 s)
>> 1098 (3402: 34553 39558 34759) (3077.48 s)
>> 1097 (28253: 17740 52490 6509) (3074.52 s)
>> 1091 (22309: 49177 49053 48881) (3085.51 s)
>> 1089 (11521: 50917 51008 50899) (3087.73 s)
>> 1089 (43087: 43149 43097 43075) (3061.86 s)
>> 1088 (49270: 49177 49265 33046) (3093.87 s)
>> 1086 (17911: 43763 44897 44888) (3093.26 s)
>> 1075 (12265: 40985 39523 39107) (3130.47 s)
>> 1073 (61048: 43763 43744 36051) (3054.21 s)
>> 1067 (31584: 46963 37860 7826) (3072.86 s)
>> 1058 (48790: 48813 48782 28101) (3071.62 s)
>> 1054 (62278: 46577 46009 45954) (3076.37 s)
>> 1052 (44303: 43763 44316 44301) (3075.65 s)
>> 1052 (44991: 43763 44982 44594) (3045.71 s)
>> 1047 (19820: 45997 48188 46424) (3038.91 s)
>> 1044 (47772: 47785 48936 47771) (3039.93 s)
>> 1041 (55332: 55342 6859 6026) (3034.36 s)
>> 1039 (16601: 43763 43826 43792) (3031.88 s)
>> 1037 (55698: 38953 38967 38948) (3025.15 s)
>> 1032 (51529: 51519 50917 12446) (3031.15 s)
>> 1026 (21409: 48544 48111 48056) (3019.86 s)
>> 1025 (4498: 4680 34442 34349) (3000.76 s)
>> 1024 (43449: 43443 45997 43430) (3017.36 s)
>> 1022 (17851: 44826 46956 43763) (3011.34 s)
>> 1017 (22950: 24730 51561 51519) (3000.78 s)
>> 1013 (43147: 43149 43140 42977) (3043.31 s)
>> 1008 (62356: 48544 48162 43443) (3002.33 s)
>> 1005 (35675: 40076 35667 35633) (2990.74 s)
>> 1001 (13018: 4680 34460 34415) (2983.64 s)
>> 990 (38924: 38953 38932 38922) (2980.43 s)
>> 981 (53990: 54035 53989 10147) (2980.66 s)
>> 975 (34644: 31228 49837 4672) (2920.85 s)
>> 947 (28694: 33289 28401 28296) (2977.1 s)
>> 941 (5278: 35646 35817 35654) (2979.68 s)
>> 940 (62367: 36022 36462 36457) (2976.58 s)
>> 939 (41955: 41293 41976 41951) (2973.19 s)
>> 937 (21059: 35277 35297 35289) (2969.14 s)
>> 935 (42872: 46963 47637 7196) (2965.13 s)
>> 933 (25006: 50584 50578 50562) (2965.7 s)
>> 928 (16207: 48544 44450 44433) (2962.55 s)
>> 926 (16647: 48544 44460 44425) (2958.6 s)
>> 913 (14764: 51867 42472 1792) (2955.31 s)
>> 905 (25911: 42732 50198 34688) (2949.53 s)
>> 899 (23348: 24730 51608 50782) (2945.41 s)
>> 898 (42440: 42394 42433 42408) (2943.04 s)
>> 894 (8634: 37312 38397 38376) (2934.88 s)
>> 891 (6848: 19049 52051 20574) (2935.49 s)
>> 887 (41281: 51409 49403 26454) (2926.96 s)
>> 917 (41406: 49392 51409 29518) (2927.13 s)
>> 880 (33137: 33373 33216 33122) (2924.27 s)
>> 1674 (33119: 49221 33373 33107) (2925.95 s)
>> 871 (22643: 21887 54557 52106) (2923.16 s)
>> 867 (40004: 35646 40000 39991) (2922.75 s)
>> 1362 (10906: 35646 40159 40154) (2915.02 s)
>> 864 (11068: 10920 55112 46963) (2917.01 s)
>> 862 (24914: 24730 51122 23045) (2919.89 s)
>> 860 (40893: 40889 21611 18518) (2917.41 s)
>> 859 (27864: 4680 39971 39933) (2905.87 s)
>> 858 (48854: 48813 48852 48809) (2904.86 s)
>> 855 (60131: 44826 44685 44649) (2907.22 s)
>> 854 (41408: 41293 41935 38271) (2901.05 s)
>> 844 (10033: 40985 39543 39530) (2892.01 s)
>> 829 (44499: 48544 44495 44487) (2892.34 s)
>> 823 (19551: 48544 47046 47031) (2892.1 s)
>> 822 (23082: 42394 49772 49378) (2884.74 s)
>> 821 (4976: 53143 53139 34553) (2879.88 s)
>> 815 (30843: 54035 54130 22748) (2875.25 s)
>> 814 (57106: 53143 53027 52998) (2874.95 s)
>> 811 (13331: 54193 54178 53960) (2875.16 s)
>> 798 (35303: 30307 31228 30370) (2876.05 s)
>> 798 (37455: 43149 38112 37453) (2867.53 s)
>> 787 (38525: 53143 38585 38522) (2866.43 s)
>> 785 (41724: 41672 41735 41722) (2869.94 s)
>> 779 (7334: 24730 51469 30435) (2865.36 s)
>> 769 (52601: 52583 52597 17740) (2866.13 s)
>> 766 (1823: 4885 33884 33871) (2863.43 s)
>> 762 (34200: 34196 34205 34180) (2857.26 s)
>> 761 (7481: 40773 40791 40779) (2860.17 s)
>> 759 (9470: 42882 40947 38953) (2853.42 s)
>> 758 (26381: 51867 51255 51251) (2850.69 s)
>> 758 (31052: 42459 42495 42394) (2789.38 s)
>> 758 (55976: 49221 48986 48813) (2841.98 s)
>> 753 (16734: 52583 52548 5721) (2836.05 s)
>> 753 (45462: 42281 45458 45450) (2832.58 s)
>> 749 (43570: 43149 43564 43017) (2835.17 s)
>> 744 (35042: 53143 34656 31028) (2830.7 s)
>> 741 (1423: 4885 27835 27382) (2827.79 s)
>> 741 (6288: 42882 41119 41105) (2824.85 s)
>> 740 (38846: 38847 40985 38841) (2822.99 s)
>> 738 (14855: 42562 49518 42459) (2817.68 s)
>> 733 (6793: 52583 52554 19078) (2820.69 s)
>> 724 (20817: 24730 30101 30083) (2817.33 s)
>> 723 (44899: 53143 53086 53080) (2807.76 s)
>> 719 (44635: 44826 44643 44606) (2804.97 s)
>> 717 (25697: 49392 51012 24730) (2802.71 s)
>> 716 (34088: 49392 51514 40479) (2801.32 s)
>> 701 (35953: 35646 35947 35896) (2797.46 s)
>> 694 (36976: 37120 36967 35646) (2796.26 s)
>> 693 (30767: 54151 54177 54145) (2793 s)
>> 691 (3651: 53143 34661 34650) (2795.99 s)
>> 690 (16702: 52213 52672 52622) (2787.22 s)
>> 686 (61030: 40076 36910 36673) (2786.61 s)
>> 672 (50025: 42562 27358 2549) (2780.88 s)
>> 662 (26288: 49392 51499 30375) (2778.49 s)
>> 661 (60892: 48544 47223 46234) (2775.04 s)
>> 660 (15841: 40047 44864 43182) (2769.7 s)
>> 655 (61447: 40076 36299 36289) (2767.88 s)
>> 647 (7536: 41293 41336 17507) (2766.59 s)
>> 647 (15105: 49392 51581 23610) (2764.11 s)
>> 644 (30637: 49392 51459 30931) (2756.12 s)
>> 639 (27545: 52193 21887 66) (2758.51 s)
>> 636 (23903: 49392 51187 23947) (2752.21 s)
>> 635 (29701: 49392 49906 4715) (2750.96 s)
>> 633 (20952: 48544 47661 47654) (2747.76 s)
>> 629 (51370: 3665 26441 25862) (2745.39 s)
>> 638 (51416: 49392 25833 3665) (2746.81 s)
>> 619 (49132: 49177 49160 49122) (2740.6 s)
>> 617 (42508: 42562 42507 42501) (2735.65 s)
>> 615 (1967: 4885 33984 4916) (2735.04 s)
>> 606 (11268: 19049 21381 10920) (2733.1 s)
>> 605 (1581: 1583 33964 33289) (2730.59 s)
>> 603 (36615: 36022 36633 36611) (2723.42 s)
>> 599 (18276: 40889 40496 40475) (2719.52 s)
>> 597 (9753: 45908 54193 395) (2721.79 s)
>> 594 (45104: 48544 45099 45091) (2721.57 s)
>> 586 (1674: 24316 49392 24244) (2717.56 s)
>> 586 (58952: 48544 48260 48248) (2714.52 s)
>> 582 (41823: 13531 13514 41795) (2710.9 s)
>> 568 (9917: 54484 54480 54035) (2707.59 s)
>> 563 (58684: 49221 33507 33426) (2709.82 s)
>> 552 (38642: 54532 54811 54498) (2706.78 s)
>> 551 (30022: 13860 34629 30037) (2702.16 s)
>> 549 (52360: 52358 52583 52363) (2698.82 s)
>> 537 (7964: 54873 52193 21042) (2695.09 s)
>> 537 (51777: 49221 51809 51791) (2691.56 s)
>> 524 (34946: 24316 50847 4128) (2690.11 s)
>> 524 (40544: 40889 40569 40540) (2689.4 s)
>> 522 (43117: 43149 43113 43104) (2685.24 s)
>> 518 (42592: 46577 42629 42612) (2679.24 s)
>> 502 (26870: 31326 51839 4885) (2681.47 s)
>> 494 (47094: 48544 47098 47082) (2676.02 s)
>> 493 (13261: 54138 54151 54147) (2671.61 s)
>> 490 (34742: 34739 53143 53319) (2671.64 s)
>> 485 (3594: 53145 53077 34485) (2675.44 s)
>> 484 (24045: 42562 50285 2565) (2670.2 s)
>> 480 (15163: 42281 46542 42668) (2665.65 s)
>> 469 (33931: 31326 33927 30845) (2665.62 s)
>> 465 (45435: 42281 45433 42314) (2661.9 s)
>> 463 (47287: 48544 47308 47281) (2607.71 s)
>> 444 (754: 49221 33433 33418) (2658.73 s)
>> 438 (34925: 34983 34924 34917) (2656.32 s)
>> 1246 (4251: 26579 34997 34983) (2651.92 s)
>> 437 (58757: 38047 43149 38037) (2647.1 s)
>> 428 (42600: 42562 46577 42597) (2639.04 s)
>> 423 (7441: 34739 38444 38194) (2639.19 s)
>> 423 (25806: 24316 51382 25310) (2639.31 s)
>> 421 (25501: 54484 53827 53813) (2632.38 s)
>> 419 (47888: 47881 47885 47857) (2634.48 s)
>> 417 (8757: 40889 40740 19700) (2629.19 s)
>> 410 (23848: 24316 49943 29748) (2628.24 s)
>> 409 (45944: 45943 48544 45978) (2624.09 s)
>> 400 (62474: 45943 45971 42562) (2624.85 s)
>> 399 (41560: 42882 41570 41547) (2630.56 s)
>> 395 (22223: 35006 35013 26579) (2631.7 s)
>> 394 (51722: 49221 51743 51720) (2626.46 s)
>> 393 (21762: 19049 40889 134) (2622.67 s)
>> 393 (57095: 42882 39475 38847) (2624.27 s)
>> 384 (7660: 37312 37565 37517) (2641.62 s)
>> 381 (33386: 24316 50920 50907) (2640.97 s)
>> 375 (34944: 35006 34941 34928) (2629.91 s)
>> 370 (3873: 34739 34781 1698) (2614.54 s)
>> 367 (5552: 37120 35865 35829) (2615.91 s)
>> 367 (21110: 47785 47781 45943) (2617.66 s)
>> 367 (31053: 35277 54351 45908) (2606.59 s)
>> 360 (28611: 47785 50027 42566) (2608.11 s)
>> 353 (27066: 54484 33748 33665) (2607.94 s)
>> 347 (36985: 37120 36997 36984) (2620.42 s)
>> 338 (47999: 47785 48731 47987) (2615.42 s)
>> 337 (37686: 38816 37704 37683) (2613.64 s)
>> 336 (23242: 42732 34473 23786) (2601.9 s)
>> 335 (37299: 37312 37341 37298) (2600.52 s)
>> 324 (21248: 9644 51867 2311) (2615.03 s)
>> 322 (60255: 37312 37541 37495) (2616.51 s)
>> 318 (56780: 1811 47785 49805) (2610.73 s)
>> 315 (13903: 4220 53262 53256) (2607.82 s)
>> 308 (8512: 54873 54818 8518) (2606 s)
>> 305 (30107: 1811 49643 49628) (2605.81 s)
>> 304 (43575: 38047 44826 43573) (2606.09 s)
>> 299 (12893: 19049 41397 40938) (2614.5 s)
>> 283 (50799: 35277 54355 54344) (2609.86 s)
>> 278 (50844: 24316 50839 50826) (2606.47 s)
>> 276 (6409: 54873 52405 6368) (2605.57 s)
>> 272 (13600: 42079 41293 17450) (2601.16 s)
>> 269 (40992: 34739 53332 34880) (2614.16 s)
>> 269 (43908: 52835 52842 52358) (2594.69 s)
>> 268 (49787: 24316 51163 51145) (2593.04 s)
>> 267 (45653: 1811 45668 45642) (2594.21 s)
>> 563 (18973: 38047 45585 1811) (2598.42 s)
>> 266 (49860: 30307 49648 35040) (2605.73 s)
>> 265 (5573: 52768 52716 6640) (2605.17 s)
>> 264 (16586: 38047 43807 43797) (2601.3 s)
>> 259 (1221: 31326 1583 27944) (2589.4 s)
>> 249 (34755: 38047 49401 49399) (2593.5 s)
>> 244 (3619: 42732 50416 34635) (2593.49 s)
>> 244 (42388: 24316 51328 3572) (2564.24 s)
>> 238 (51221: 24316 30295 29561) (2590.57 s)
>> 236 (15945: 43314 43215 38047) (2588.76 s)
>> 233 (42024: 42079 42108 13046) (2580.84 s)
>> 229 (35103: 35097 35124 35058) (2585.86 s)
>> 411 (2515: 35006 35153 35097) (2576.31 s)
>> 229 (56981: 50117 50697 50681) (2575.21 s)
>> 222 (24157: 54484 54418 54415) (2574.57 s)
>> 219 (38373: 37312 38372 38334) (2570.95 s)
>> 218 (42702: 42725 43314 42701) (2568.71 s)
>> 214 (56338: 54873 51950 18016) (2568.45 s)
>> 200 (44720: 42725 44715 44698) (2564.15 s)
>> 198 (36765: 49709 49686 30307) (2562.85 s)
>> 198 (43743: 36022 43735 36494) (2561.54 s)
>> 194 (7381: 40076 37437 37394) (2556.37 s)
>> 190 (36305: 4512 49709 49705) (2554.93 s)
>> 187 (38261: 37312 38296 38250) (2550.28 s)
>> 185 (13243: 42882 41701 41672) (2550 s)
>> 180 (47269: 42725 47291 47261) (2548.17 s)
>> 179 (43411: 43407 43383 37120) (2545.43 s)
>> 178 (42873: 42725 42878 42871) (2545.26 s)
>> 178 (44290: 42725 44289 44278) (2543.43 s)
>> 176 (8219: 24316 30579 30467) (2539.31 s)
>> 174 (4531: 49674 49665 4512) (2535.9 s)
>> 173 (55770: 42882 13531 41563) (2531.37 s)
>> 171 (4658: 12374 35277 20723) (2529.19 s)
>> 170 (26064: 42725 42451 42361) (2517.43 s)
>> 169 (761: 42725 49674 14004) (2523.49 s)
>> 168 (49432: 42725 49431 25175) (2552.52 s)
>> 150 (59035: 46416 46398 42725) (2576.89 s)
>> 137 (10324: 39767 39788 39747) (2512.95 s)
>> 287 (62512: 34739 39798 39767) (2512.09 s)
>> 133 (52862: 27689 28514 28479) (2513.74 s)
>> 127 (21517: 46416 48254 48233) (2511.12 s)
>> 125 (59973: 46416 43729 43693) (2510.85 s)
>> 124 (57330: 42882 39512 39500) (2510.07 s)
>> 116 (34858: 34739 34874 24171) (2508.27 s)
>> 97 (5471: 43407 35858 35769) (2504.38 s)
>> 96 (56565: 54532 54873 54799) (2501.78 s)
>> 94 (50096: 46416 50126 50063) (2517.29 s)
>> 92 (28986: 27689 52917 52908) (2516.57 s)
>> 86 (546: 31326 33971 33352) (2513.48 s)
>> 83 (33805: 35006 35143 26783) (2510.1 s)
>> 72 (1530: 31326 33778 27612) (2506.49 s)
>> 57 (41258: 46416 50232 49980) (2504.91 s)
>> 56 (36486: 52835 52516 52501) (2503.16 s)
>> 55 (23118: 46416 49873 30397) (2496.12 s)
>> 966 (31785: 30438 49881 46416) (2493.36 s)
>> 55 (29359: 4220 53242 53228) (2498.47 s)
>> 51 (40033: 43407 40058 40026) (2496.18 s)
>> 50 (55321: 19049 55328 16039) (2493.57 s)
>> 46 (43232: 30438 43229 40047) (2488.66 s)
>> 44 (41618: 54484 54052 12374) (2491.23 s)
>> 43 (21330: 47976 47965 30438) (2496.98 s)
>> 42 (39853: 34739 39849 39816) (2490.66 s)
>> 37 (53518: 19049 54676 8221) (2487 s)
>> 31 (43272: 47976 43305 43265) (2487.08 s)
>> 22 (1084: 24316 50757 23504) (2485.13 s)
>> 20 (53991: 4220 53145 30068) (2482.54 s)
>> 16 (30521: 54484 53977 6274) (2480.27 s)
>> 16 (45762: 47976 45745 45723) (2479.75 s)
>> 16 (57039: 27689 52962 34739) (2476.18 s)
>> 12 (9945: 4680 39899 12660) (2469.46 s)
>> 12 (26071: 24316 24347 24247) (2468.15 s)
>> 8 (18815: 47976 46032 45929) (2469.15 s)
>> 0 (-1: -1 -1 -1) (2466.35 s)
Zelikovsky- 4.82167e+06 s
>>> get_solution
  refine_solution: new weight 25431802 (was 25671348) in 0.065892 s
  refine_solution: new weight 25409956 (was 25431802) in 0.066204 s
  refine_solution: new weight 25409003 (was 25409956) in 0.065604 s
  refine_solution: new weight 25409003 (was 25409003) in 0.066325 s
>>> get_solution
  refine_solution: new weight 26153967 (was 28319823) in 0.064291 s
  refine_solution: new weight 25907251 (was 26153967) in 0.06631 s
  refine_solution: new weight 25852683 (was 25907251) in 0.065765 s
  refine_solution: new weight 25840261 (was 25852683) in 0.066247 s
  refine_solution: new weight 25834609 (was 25840261) in 0.065765 s
  refine_solution: new weight 25834571 (was 25834609) in 0.066112 s
  refine_solution: new weight 25834571 (was 25834571) in 0.065703 s
0,,62573,106962,3225,,0,0,,28319823,25834571,26627383,25671348,25409003,,0,0,@@

  delete_edges: deleted 183 edges in 0.062258 s and 2 rounds
  handle_small_Steiner_degrees: steiner 2, suppress 219 in 0.000419 s
Starting round 1
contract_till_the_bitter_end interrupted
contract_till_the_bitter_end: 4.92971e+06 s

Calling end_heu
>>> get_solution
Saved weight 686935
end_heu: 0 loops with 0 unique solutions in 0.013958 s

Calling print_solution
>>> get_solution
  refine_solution: new weight 26152789 (was 28318349) in 0.128738 s
Oops orig weight was 28318349 but we got 26152789
## FINAL WEIGHT 26152789
print_solution: 0.24046 s
