Version: final-94-gfffc3aa rub_all.sh: remove longest prefix
Random seed: 1566438931
Start
>>> save_orig_graph
>> Saved weight 0
Graph loaded
|V| = 70844, |E| = 117209, |R| = 3598
First clearance of the input. Calling buy_zero and run_all_heuristics.
  buy_zero: 17 zero edges in 0.000499 s
  handle_small_terminal_degrees: terms 4 in 6.1e-05 s
  handle_small_Steiner_degrees: steiner 4, suppress 0 in 0.000102 s
  shortest_edge_between_terminals: 0 edges in 0.000102 s
  handle_small_terminal_degrees: terms 0 in 7.9e-05 s
  handle_small_Steiner_degrees: steiner 0, suppress 1 in 0.000105 s
  shortest_edge_between_terminals: 0 edges in 5.3e-05 s
  handle_small_terminal_degrees: terms 0 in 5.3e-05 s
  handle_small_Steiner_degrees: steiner 0, suppress 0 in 0.000102 s
  shortest_edge_between_terminals: 0 edges in 5.2e-05 s
Compressed graph 70844 -> 70817
  delete_edges: deleted 8140 edges in 0.028481 s and 3 rounds
  handle_small_terminal_degrees: terms 21 in 7.3e-05 s
  handle_small_Steiner_degrees: steiner 109, suppress 4255 in 0.001985 s
  shortest_edge_between_terminals: 0 edges in 0.000101 s
  handle_small_terminal_degrees: terms 0 in 5.3e-05 s
  handle_small_Steiner_degrees: steiner 0, suppress 66 in 0.000133 s
  shortest_edge_between_terminals: 0 edges in 5.9e-05 s
  handle_small_terminal_degrees: terms 1 in 5.3e-05 s
  handle_small_Steiner_degrees: steiner 0, suppress 1 in 0.000104 s
  shortest_edge_between_terminals: 0 edges in 5.6e-05 s
  handle_small_terminal_degrees: terms 1 in 5.4e-05 s
  handle_small_Steiner_degrees: steiner 0, suppress 0 in 0.000102 s
  shortest_edge_between_terminals: 0 edges in 5.6e-05 s
  handle_small_terminal_degrees: terms 0 in 5.2e-05 s
  handle_small_Steiner_degrees: steiner 0, suppress 0 in 0.000135 s
  shortest_edge_between_terminals: 0 edges in 5.7e-05 s
Compressed graph 70817 -> 66363
  delete_edges_shortest_path: deleted 11831 edges in 26.2333 s
  handle_small_terminal_degrees: terms 2016 in 0.001877 s
  handle_small_Steiner_degrees: steiner 1792, suppress 10111 in 0.00552 s
  shortest_edge_between_terminals: 9 edges in 0.00024 s
  handle_small_terminal_degrees: terms 510 in 0.000438 s
  handle_small_Steiner_degrees: steiner 3, suppress 207 in 0.000199 s
  shortest_edge_between_terminals: 11 edges in 8.9e-05 s
  handle_small_terminal_degrees: terms 21 in 6.5e-05 s
  handle_small_Steiner_degrees: steiner 1, suppress 10 in 0.000103 s
  shortest_edge_between_terminals: 0 edges in 6.4e-05 s
  handle_small_terminal_degrees: terms 3 in 5.1e-05 s
  handle_small_Steiner_degrees: steiner 0, suppress 1 in 9.7e-05 s
  shortest_edge_between_terminals: 0 edges in 6.4e-05 s
  handle_small_terminal_degrees: terms 1 in 5.1e-05 s
  handle_small_Steiner_degrees: steiner 0, suppress 0 in 0.000109 s
  shortest_edge_between_terminals: 0 edges in 6.3e-05 s
  handle_small_terminal_degrees: terms 0 in 4.9e-05 s
  handle_small_Steiner_degrees: steiner 0, suppress 0 in 9.3e-05 s
  shortest_edge_between_terminals: 0 edges in 6.3e-05 s
Compressed graph 66363 -> 51672
  handle_small_terminal_degrees: terms 0 in 4e-05 s
  handle_small_Steiner_degrees: steiner 0, suppress 34 in 0.000103 s
  shortest_edge_between_terminals: 56 edges in 0.000867 s
  handle_small_terminal_degrees: terms 0 in 8.6e-05 s
  handle_small_Steiner_degrees: steiner 1, suppress 9 in 0.000174 s
  shortest_edge_between_terminals: 0 edges in 0.000173 s
  handle_small_terminal_degrees: terms 0 in 8.6e-05 s
  handle_small_Steiner_degrees: steiner 0, suppress 0 in 0.000162 s
  shortest_edge_between_terminals: 0 edges in 0.00014 s
Compressed graph 51672 -> 51069
  delete_edges_shortest_path: deleted 2685 edges in 5.89337 s
  handle_small_terminal_degrees: terms 107 in 0.000152 s
  handle_small_Steiner_degrees: steiner 64, suppress 4136 in 0.002367 s
  shortest_edge_between_terminals: 13 edges in 0.000264 s
  handle_small_terminal_degrees: terms 5 in 4.2e-05 s
  handle_small_Steiner_degrees: steiner 4, suppress 41 in 8.7e-05 s
  shortest_edge_between_terminals: 2 edges in 7.3e-05 s
  handle_small_terminal_degrees: terms 1 in 3.9e-05 s
  handle_small_Steiner_degrees: steiner 0, suppress 2 in 6.8e-05 s
  shortest_edge_between_terminals: 0 edges in 6.8e-05 s
  handle_small_terminal_degrees: terms 1 in 3.9e-05 s
  handle_small_Steiner_degrees: steiner 0, suppress 0 in 6.7e-05 s
  shortest_edge_between_terminals: 0 edges in 6.8e-05 s
  handle_small_terminal_degrees: terms 0 in 3.8e-05 s
  handle_small_Steiner_degrees: steiner 0, suppress 0 in 6.6e-05 s
  shortest_edge_between_terminals: 0 edges in 6.7e-05 s
Compressed graph 51069 -> 46697
Compressed graph 46697 -> 46697
>>> save_orig_graph
>> Saved weight 610130963
### ZEL_LVL=9 PRECISE_STARS=1

Calling `contract_till_the_bitter_end`
|V| = 46697, |E| = 69846, |R| = 3522
