Version: final-94-gfffc3aa rub_all.sh: remove longest prefix
Random seed: 1558071267
Start
>>> save_orig_graph
>> Saved weight 0
Graph loaded
|V| = 2347, |E| = 4656, |R| = 78
First clearance of the input. Calling buy_zero and run_all_heuristics.
  buy_zero: 0 zero edges in 1.1e-05 s
  handle_small_terminal_degrees: terms 5 in 1.6e-05 s
  handle_small_Steiner_degrees: steiner 4, suppress 39 in 3e-05 s
  shortest_edge_between_terminals: 3 edges in 1e-05 s
  handle_small_terminal_degrees: terms 0 in 4e-06 s
  handle_small_Steiner_degrees: steiner 0, suppress 0 in 7e-06 s
  shortest_edge_between_terminals: 0 edges in 3e-06 s
Compressed graph 2347 -> 2296
  delete_edges: deleted 2 edges in 0.000458 s and 1 rounds
  handle_small_terminal_degrees: terms 0 in 4e-06 s
  handle_small_Steiner_degrees: steiner 0, suppress 3 in 9e-06 s
  shortest_edge_between_terminals: 0 edges in 3e-06 s
  handle_small_terminal_degrees: terms 0 in 4e-06 s
  handle_small_Steiner_degrees: steiner 0, suppress 0 in 6e-06 s
  shortest_edge_between_terminals: 0 edges in 3e-06 s
Compressed graph 2296 -> 2293
  delete_edges_shortest_path: deleted 3 edges in 0.096293 s
  handle_small_terminal_degrees: terms 0 in 2e-06 s
  handle_small_Steiner_degrees: steiner 0, suppress 3 in 4e-06 s
  shortest_edge_between_terminals: 0 edges in 2e-06 s
  handle_small_terminal_degrees: terms 0 in 2e-06 s
  handle_small_Steiner_degrees: steiner 0, suppress 0 in 3e-06 s
  shortest_edge_between_terminals: 0 edges in 1e-06 s
Compressed graph 2293 -> 2290
  handle_small_terminal_degrees: terms 0 in 1e-06 s
  handle_small_Steiner_degrees: steiner 0, suppress 0 in 3e-06 s
  shortest_edge_between_terminals: 0 edges in 2e-06 s
Compressed graph 2290 -> 2288
  delete_edges_shortest_path: deleted 3 edges in 0.092482 s
  handle_small_terminal_degrees: terms 0 in 2e-06 s
  handle_small_Steiner_degrees: steiner 0, suppress 3 in 5e-06 s
  shortest_edge_between_terminals: 0 edges in 2e-06 s
  handle_small_terminal_degrees: terms 0 in 1e-06 s
  handle_small_Steiner_degrees: steiner 0, suppress 0 in 2e-06 s
  shortest_edge_between_terminals: 0 edges in 2e-06 s
Compressed graph 2288 -> 2285
Compressed graph 2285 -> 2285
>>> save_orig_graph
>> Saved weight 500007
### ZEL_LVL=9 PRECISE_STARS=1

Calling `contract_till_the_bitter_end`
|V| = 2285, |E| = 4587, |R| = 75
>> 273 (228: 2276 2282 2276) (0.003046 s)
>> 210 (245: 2280 2281 2280) (0.002922 s)
>> 208 (232: 2277 2283 2277) (0.002766 s)
>> 196 (214: 2272 2278 2272) (0.002678 s)
>> 176 (615: 2273 2279 2273) (0.002607 s)
>> 172 (212: 2271 2274 2271) (0.002542 s)
>> 141 (206: 2270 2275 2270) (0.002455 s)
>> 137 (891: 2267 2268 2267) (0.002387 s)
>> 136 (196: 2266 2269 2266) (0.002324 s)
>> 103 (1395: 2249 2253 2249) (0.002257 s)
>> 102 (180: 2262 2263 2262) (0.002219 s)
>> 100 (167: 2259 2264 2259) (0.002153 s)
>> 99 (1421: 2212 2284 2212) (0.002093 s)
>> 108 (1200: 2251 2252 2251) (0.002048 s)
>> 91 (26: 2213 2216 2213) (0.002006 s)
>> 90 (1321: 2224 2228 2224) (0.001975 s)
>> 84 (77: 2229 2230 2229) (0.001956 s)
>> 83 (1060: 2211 2214 2211) (0.001915 s)
>> 0 (-1: -1 -1 -1) (0.001359 s)
Zelikovsky 0.648716 s
>> 273 (228: 426 2282 2276) (0.54895 s)
>> 210 (245: 2284 2281 2280) (0.547657 s)
>> 74 (71: 2284 2228 2224) (0.562568 s)
>> 56 (26: 426 2216 2213) (0.573426 s)
>> 34 (1125: 2284 426 2230) (0.578894 s)
>> 25 (140: 2284 2253 2252) (0.595017 s)
>> 24 (199: 2284 2267 2260) (0.596057 s)
>> 18 (41: 2284 2219 2215) (0.599041 s)
>> 17 (214: 2284 2278 2272) (0.599397 s)
>> 8 (121: 2284 2247 2246) (0.600631 s)
>> 5 (80: 2284 2232 2231) (0.601651 s)
>> 5 (138: 2284 2251 2250) (0.600153 s)
>> 3 (151: 2284 2256 2255) (0.59864 s)
>> 2 (232: 2284 2283 2277) (0.599196 s)
>> 1 (85: 2284 2239 2233) (0.596803 s)
>> 0 (-1: -1 -1 -1) (0.597129 s)
Zelikovsky- 9.40006 s
>>> get_solution
  refine_solution: new weight 7801343 (was 7801542) in 0.000537 s
  refine_solution: new weight 7801301 (was 7801343) in 0.000531 s
  refine_solution: new weight 7801298 (was 7801301) in 0.000526 s
  refine_solution: new weight 7801296 (was 7801298) in 0.000526 s
  refine_solution: new weight 7801292 (was 7801296) in 0.000523 s
  refine_solution: new weight 7801286 (was 7801292) in 0.000521 s
  refine_solution: new weight 7801284 (was 7801286) in 0.000526 s
  refine_solution: new weight 7801284 (was 7801284) in 0.000516 s
>>> get_solution
  refine_solution: new weight 7801473 (was 7802342) in 0.000602 s
  refine_solution: new weight 7801433 (was 7801473) in 0.000555 s
  refine_solution: new weight 7801363 (was 7801433) in 0.000533 s
  refine_solution: new weight 7801363 (was 7801363) in 0.000529 s
0,,2285,4587,75,,0,0,,7802342,7801363,7801607,7801542,7801284,,0,0,@@

  delete_edges: deleted 2 edges in 0.000411 s and 2 rounds
  handle_small_Steiner_degrees: steiner 0, suppress 1 in 3e-06 s
Starting round 1
Found 1 isolated vertices
Invalid ratios recomputed: 2284
Best ratio is 219/1 (219.0), centered at 46
Finding the best star... Star with 2 terminals centered in 426
round took: 0.861861 s
|V| = 2285, |E| = 4490, |R| = 74
>> 233 (228: 2276 2282 2276) (0.00272 s)
>> 192 (240: 2279 2280 2279) (0.002668 s)
>> 168 (232: 2277 2283 2277) (0.002592 s)
>> 157 (507: 2275 2281 2275) (0.002573 s)
>> 136 (409: 2273 2278 2273) (0.002484 s)
>> 132 (212: 2271 2274 2271) (0.002395 s)
>> 105 (190: 2265 2270 2265) (0.002331 s)
>> 100 (533: 2268 2272 2268) (0.00227 s)
>> 96 (196: 2266 2269 2266) (0.002204 s)
>> 84 (175: 2261 2262 2261) (0.002161 s)
>> 63 (169: 2260 2267 2260) (0.002095 s)
>> 60 (167: 2259 2264 2259) (0.002045 s)
>> 49 (285: 2254 2263 2254) (0.001991 s)
>> 48 (151: 2255 2256 2255) (0.001965 s)
>> 34 (9: 2213 2216 2213) (0.001916 s)
>> 30 (17: 2211 2214 2211) (0.001852 s)
>> 0 (-1: -1 -1 -1) (0.001301 s)
Zelikovsky 0.598276 s
>> 233 (228: 426 2282 2276) (0.508279 s)
>> 192 (240: 426 2280 2279) (0.508886 s)
>> 34 (9: 426 2216 2213) (0.529538 s)
>> 30 (140: 426 2253 2252) (0.544272 s)
>> 20 (45: 426 2219 2215) (0.546895 s)
>> 18 (169: 426 2267 2260) (0.546154 s)
>> 17 (214: 426 2278 2272) (0.549534 s)
>> 6 (121: 426 2247 2246) (0.550999 s)
>> 5 (138: 426 2251 2250) (0.552185 s)
>> 4 (63: 426 2228 2224) (0.550881 s)
>> 4 (68: 426 2226 2218) (0.5498 s)
>> 2 (106: 426 2241 2240) (0.550008 s)
>> 2 (232: 426 2283 2277) (0.548812 s)
>> 1 (17: 426 2214 2211) (0.546612 s)
>> 1 (162: 426 2265 2258) (0.549625 s)
>> 1 (206: 426 2275 2270) (0.555378 s)
>> 0 (-1: -1 -1 -1) (0.560252 s)
Zelikovsky- 9.25309 s
>>> get_solution
  refine_solution: new weight 7801239 (was 7801397) in 0.000561 s
  refine_solution: new weight 7801223 (was 7801239) in 0.000544 s
  refine_solution: new weight 7801223 (was 7801223) in 0.00054 s
>>> get_solution
  refine_solution: new weight 7801533 (was 7802414) in 0.000577 s
  refine_solution: new weight 7801437 (was 7801533) in 0.00054 s
  refine_solution: new weight 7801431 (was 7801437) in 0.000531 s
  refine_solution: new weight 7801429 (was 7801431) in 0.000529 s
  refine_solution: new weight 7801429 (was 7801429) in 0.000525 s
1,,2284,4490,74,,2284,0,,7802414,7801429,7801414,7801397,7801223,,219,2,@@

  handle_small_Steiner_degrees: steiner 0, suppress 0 in 2e-06 s
Starting round 2
Found 88 isolated vertices
Invalid ratios recomputed: 2197
Best ratio is 400000/4 (100000.0), centered at 426
Finding the best star... Star with 5 terminals centered in 2243
round took: 0.609561 s
|V| = 2285, |E| = 4483, |R| = 70
>> 233 (228: 2243 2276 2243) (0.002474 s)
>> 0 (-1: -1 -1 -1) (0.00205 s)
Zelikovsky 0.541612 s
>> 233 (228: 2243 2282 2276) (0.501234 s)
>> 192 (240: 2243 2280 2279) (0.500559 s)
>> 34 (9: 2243 2216 2213) (0.523015 s)
>> 30 (140: 2243 2253 2252) (0.537962 s)
>> 20 (45: 2243 2219 2215) (0.541329 s)
>> 18 (169: 2243 2267 2260) (0.540885 s)
>> 17 (214: 2243 2278 2272) (0.544742 s)
>> 6 (121: 2243 2247 2246) (0.544566 s)
>> 5 (138: 2243 2251 2250) (0.546154 s)
>> 4 (63: 2243 2228 2224) (0.544939 s)
>> 4 (68: 2243 2226 2218) (0.543398 s)
>> 2 (106: 2243 2241 2240) (0.543911 s)
>> 2 (232: 2243 2283 2277) (0.542979 s)
>> 1 (17: 2243 2214 2211) (0.541003 s)
>> 1 (162: 2243 2265 2258) (0.543935 s)
>> 1 (206: 2243 2275 2270) (0.550083 s)
>> 0 (-1: -1 -1 -1) (0.555314 s)
Zelikovsky- 9.15098 s
>>> get_solution
  refine_solution: new weight 7801244 (was 7801399) in 0.000557 s
  refine_solution: new weight 7801230 (was 7801244) in 0.000539 s
  refine_solution: new weight 7801224 (was 7801230) in 0.000531 s
  refine_solution: new weight 7801224 (was 7801224) in 0.000534 s
>>> get_solution
  refine_solution: new weight 7801533 (was 7802414) in 0.000577 s
  refine_solution: new weight 7801437 (was 7801533) in 0.00054 s
  refine_solution: new weight 7801431 (was 7801437) in 0.000524 s
  refine_solution: new weight 7801429 (was 7801431) in 0.000529 s
  refine_solution: new weight 7801429 (was 7801429) in 0.00052 s
2,,2197,4483,70,,2197,0,,7802414,7801429,7802454,7801399,7801224,,400000,5,@@

  handle_small_Steiner_degrees: steiner 0, suppress 0 in 3e-06 s
Starting round 3
Found 92 isolated vertices
Invalid ratios recomputed: 2193
Best ratio is 100002/1 (100002.0), centered at 95
Finding the best star... Star with 2 terminals centered in 2236
round took: 0.637554 s
|V| = 2285, |E| = 4477, |R| = 69
>> 233 (228: 2236 2276 2236) (0.002373 s)
>> 0 (-1: -1 -1 -1) (0.001994 s)
Zelikovsky 0.534979 s
>> 233 (228: 2236 2282 2276) (0.498763 s)
>> 192 (240: 2236 2280 2279) (0.499038 s)
>> 34 (9: 2236 2216 2213) (0.520875 s)
>> 30 (140: 2236 2253 2252) (0.535716 s)
>> 20 (45: 2236 2219 2215) (0.538648 s)
>> 18 (169: 2236 2267 2260) (0.538327 s)
>> 17 (214: 2236 2278 2272) (0.54136 s)
>> 6 (121: 2236 2247 2246) (0.542278 s)
>> 5 (138: 2236 2251 2250) (0.544434 s)
>> 4 (63: 2236 2228 2224) (0.54341 s)
>> 4 (68: 2236 2226 2218) (0.542108 s)
>> 2 (106: 2236 2241 2240) (0.542861 s)
>> 2 (232: 2236 2283 2277) (0.542061 s)
>> 1 (17: 2236 2214 2211) (0.539845 s)
>> 1 (162: 2236 2265 2258) (0.543217 s)
>> 1 (206: 2236 2275 2270) (0.549074 s)
>> 0 (-1: -1 -1 -1) (0.554567 s)
Zelikovsky- 9.12156 s
>>> get_solution
  refine_solution: new weight 7801255 (was 7801435) in 0.000553 s
  refine_solution: new weight 7801249 (was 7801255) in 0.000544 s
  refine_solution: new weight 7801249 (was 7801249) in 0.000577 s
>>> get_solution
  refine_solution: new weight 7801558 (was 7802413) in 0.000585 s
  refine_solution: new weight 7801414 (was 7801558) in 0.000534 s
  refine_solution: new weight 7801407 (was 7801414) in 0.000528 s
  refine_solution: new weight 7801406 (was 7801407) in 0.000521 s
  refine_solution: new weight 7801406 (was 7801406) in 0.000515 s
3,,2193,4477,69,,2193,0,,7802413,7801406,7802450,7801435,7801249,,100002,2,@@

  handle_small_Steiner_degrees: steiner 0, suppress 0 in 3e-06 s
Starting round 4
Found 94 isolated vertices
Invalid ratios recomputed: 2191
Best ratio is 300007/3 (100002.3), centered at 63
Finding the best star... Star with 4 terminals centered in 2228
round took: 0.641109 s
|V| = 2285, |E| = 4465, |R| = 66
>> 233 (228: 2228 2276 2228) (0.002167 s)
>> 0 (-1: -1 -1 -1) (0.001824 s)
Zelikovsky 0.521959 s
>> 233 (228: 2228 2282 2276) (0.491902 s)
>> 192 (240: 2228 2280 2279) (0.49332 s)
>> 34 (9: 2228 2216 2213) (0.516584 s)
>> 30 (140: 2228 2253 2252) (0.531141 s)
>> 20 (45: 2228 2219 2215) (0.534004 s)
>> 18 (169: 2228 2267 2260) (0.533995 s)
>> 17 (214: 2228 2278 2272) (0.536884 s)
>> 6 (121: 2228 2247 2246) (0.537315 s)
>> 5 (138: 2228 2251 2250) (0.538847 s)
>> 4 (68: 2228 2226 2218) (0.537913 s)
>> 2 (106: 2228 2241 2240) (0.538865 s)
>> 2 (232: 2228 2283 2277) (0.538176 s)
>> 1 (17: 2228 2214 2211) (0.535644 s)
>> 1 (162: 2228 2265 2258) (0.537492 s)
>> 1 (206: 2228 2275 2270) (0.543403 s)
>> 0 (-1: -1 -1 -1) (0.548586 s)
Zelikovsky- 8.4988 s
>>> get_solution
  refine_solution: new weight 7801232 (was 7801396) in 0.000562 s
  refine_solution: new weight 7801226 (was 7801232) in 0.000561 s
  refine_solution: new weight 7801226 (was 7801226) in 0.000549 s
>>> get_solution
  refine_solution: new weight 7801608 (was 7802491) in 0.000595 s
  refine_solution: new weight 7801481 (was 7801608) in 0.000536 s
  refine_solution: new weight 7801407 (was 7801481) in 0.00053 s
  refine_solution: new weight 7801402 (was 7801407) in 0.000519 s
  refine_solution: new weight 7801401 (was 7801402) in 0.000524 s
  refine_solution: new weight 7801401 (was 7801401) in 0.000523 s
4,,2191,4465,66,,2191,0,,7802491,7801401,7802563,7801396,7801226,,300007,4,@@

  handle_small_Steiner_degrees: steiner 0, suppress 0 in 3e-06 s
Starting round 5
Found 100 isolated vertices
Invalid ratios recomputed: 2185
Best ratio is 700028/7 (100004.0), centered at 61
Finding the best star... Star with 8 terminals centered in 2241
round took: 0.63332 s
|V| = 2285, |E| = 4427, |R| = 59
>> 231 (228: 2241 2276 2241) (0.001797 s)
>> 0 (-1: -1 -1 -1) (0.00149 s)
Zelikovsky 0.49389 s
>> 231 (228: 2241 2282 2276) (0.474882 s)
>> 192 (240: 2241 2280 2279) (0.475945 s)
>> 34 (9: 2241 2216 2213) (0.499667 s)
>> 30 (140: 2241 2253 2252) (0.514484 s)
>> 20 (45: 2241 2219 2215) (0.518038 s)
>> 18 (169: 2241 2267 2260) (0.51842 s)
>> 17 (214: 2241 2278 2272) (0.521418 s)
>> 6 (121: 2241 2247 2246) (0.522947 s)
>> 5 (138: 2241 2251 2250) (0.524491 s)
>> 4 (68: 2241 2226 2218) (0.523715 s)
>> 2 (232: 2241 2283 2277) (0.524533 s)
>> 1 (17: 2241 2214 2211) (0.522197 s)
>> 1 (162: 2241 2265 2258) (0.526181 s)
>> 1 (206: 2241 2275 2270) (0.532702 s)
>> 0 (-1: -1 -1 -1) (0.538086 s)
Zelikovsky- 7.74218 s
>>> get_solution
  refine_solution: new weight 7801234 (was 7801388) in 0.000554 s
  refine_solution: new weight 7801219 (was 7801234) in 0.000568 s
  refine_solution: new weight 7801218 (was 7801219) in 0.000548 s
  refine_solution: new weight 7801218 (was 7801218) in 0.000537 s
>>> get_solution
  refine_solution: new weight 7801505 (was 7802514) in 0.000591 s
  refine_solution: new weight 7801418 (was 7801505) in 0.000541 s
  refine_solution: new weight 7801418 (was 7801418) in 0.000531 s
5,,2185,4427,59,,2185,0,,7802514,7801418,7802514,7801388,7801218,,700028,8,@@

  handle_small_Steiner_degrees: steiner 0, suppress 1 in 5e-06 s
Starting round 6
Found 119 isolated vertices
Invalid ratios recomputed: 2166
Best ratio is 600030/6 (100005.0), centered at 53
Finding the best star... Star with 7 terminals centered in 2222
round took: 0.604119 s
|V| = 2285, |E| = 4389, |R| = 53
>> 231 (228: 2222 2276 2222) (0.001452 s)
>> 0 (-1: -1 -1 -1) (0.001223 s)
Zelikovsky 0.468689 s
>> 231 (228: 2222 2282 2276) (0.462378 s)
>> 192 (240: 2222 2280 2279) (0.463383 s)
>> 34 (9: 2222 2216 2213) (0.488001 s)
>> 30 (140: 2222 2253 2252) (0.50317 s)
>> 20 (45: 2222 2219 2215) (0.505078 s)
>> 18 (169: 2222 2267 2260) (0.505351 s)
>> 17 (214: 2222 2278 2272) (0.509542 s)
>> 6 (121: 2222 2247 2246) (0.511018 s)
>> 5 (138: 2222 2251 2250) (0.513754 s)
>> 2 (232: 2222 2283 2277) (0.512936 s)
>> 1 (17: 2222 2214 2211) (0.51098 s)
>> 1 (162: 2222 2265 2258) (0.515246 s)
>> 1 (206: 2222 2275 2270) (0.521731 s)
>> 0 (-1: -1 -1 -1) (0.526889 s)
Zelikovsky- 7.05358 s
>>> get_solution
  refine_solution: new weight 7801239 (was 7801378) in 0.000559 s
  refine_solution: new weight 7801231 (was 7801239) in 0.000563 s
  refine_solution: new weight 7801222 (was 7801231) in 0.000532 s
  refine_solution: new weight 7801222 (was 7801222) in 0.000555 s
>>> get_solution
  refine_solution: new weight 7801608 (was 7802512) in 0.000585 s
  refine_solution: new weight 7801393 (was 7801608) in 0.00054 s
  refine_solution: new weight 7801386 (was 7801393) in 0.000535 s
  refine_solution: new weight 7801385 (was 7801386) in 0.000528 s
  refine_solution: new weight 7801385 (was 7801385) in 0.000535 s
6,,2166,4389,53,,2166,0,,7802512,7801385,7802512,7801378,7801222,,600030,7,@@

  handle_small_Steiner_degrees: steiner 0, suppress 7 in 1.2e-05 s
Starting round 7
Found 144 isolated vertices
Invalid ratios recomputed: 2141
Best ratio is 300018/3 (100006.0), centered at 36
Finding the best star... Star with 4 terminals centered in 2218
round took: 0.601487 s
|V| = 2285, |E| = 4357, |R| = 50
>> 231 (228: 2218 2276 2218) (0.001292 s)
>> 0 (-1: -1 -1 -1) (0.001091 s)
Zelikovsky 0.451459 s
>> 231 (228: 2218 2282 2276) (0.450556 s)
>> 192 (240: 2218 2280 2279) (0.452743 s)
>> 34 (9: 2218 2216 2213) (0.477791 s)
>> 30 (140: 2218 2253 2252) (0.492138 s)
>> 20 (45: 2218 2219 2215) (0.494434 s)
>> 18 (169: 2218 2267 2260) (0.494601 s)
>> 17 (214: 2218 2278 2272) (0.498786 s)
>> 6 (121: 2218 2247 2246) (0.500068 s)
>> 5 (138: 2218 2251 2250) (0.502558 s)
>> 2 (232: 2218 2283 2277) (0.502273 s)
>> 1 (17: 2218 2214 2211) (0.500446 s)
>> 1 (162: 2218 2265 2258) (0.504952 s)
>> 1 (206: 2218 2275 2270) (0.512139 s)
>> 0 (-1: -1 -1 -1) (0.517232 s)
Zelikovsky- 6.90483 s
>>> get_solution
  refine_solution: new weight 7801238 (was 7801377) in 0.000563 s
  refine_solution: new weight 7801231 (was 7801238) in 0.00056 s
  refine_solution: new weight 7801230 (was 7801231) in 0.000543 s
  refine_solution: new weight 7801222 (was 7801230) in 0.000547 s
  refine_solution: new weight 7801222 (was 7801222) in 0.00053 s
>>> get_solution
  refine_solution: new weight 7801595 (was 7802522) in 0.000583 s
  refine_solution: new weight 7801474 (was 7801595) in 0.000537 s
  refine_solution: new weight 7801474 (was 7801474) in 0.000526 s
7,,2141,4357,50,,2141,0,,7802522,7801474,7802506,7801377,7801222,,300018,4,@@

  handle_small_Steiner_degrees: steiner 0, suppress 4 in 8e-06 s
Starting round 8
Found 160 isolated vertices
Invalid ratios recomputed: 2125
Best ratio is 100007/1 (100007.0), centered at 30
Finding the best star... Star with 2 terminals centered in 2217
round took: 0.625634 s
|V| = 2285, |E| = 4341, |R| = 49
>> 231 (228: 2217 2276 2217) (0.001253 s)
>> 0 (-1: -1 -1 -1) (0.001046 s)
Zelikovsky 0.446011 s
>> 231 (228: 2217 2282 2276) (0.446749 s)
>> 192 (240: 2217 2280 2279) (0.449415 s)
>> 34 (9: 2217 2216 2213) (0.475195 s)
>> 30 (140: 2217 2253 2252) (0.490123 s)
>> 20 (45: 2217 2219 2215) (0.491917 s)
>> 18 (169: 2217 2267 2260) (0.49254 s)
>> 17 (214: 2217 2278 2272) (0.497097 s)
>> 6 (121: 2217 2247 2246) (0.498029 s)
>> 5 (138: 2217 2251 2250) (0.500161 s)
>> 2 (232: 2217 2283 2277) (0.500196 s)
>> 1 (17: 2217 2214 2211) (0.498777 s)
>> 1 (162: 2217 2265 2258) (0.50222 s)
>> 1 (206: 2217 2275 2270) (0.509623 s)
>> 0 (-1: -1 -1 -1) (0.514783 s)
Zelikovsky- 6.87092 s
>>> get_solution
  refine_solution: new weight 7801235 (was 7801386) in 0.000563 s
  refine_solution: new weight 7801227 (was 7801235) in 0.000563 s
  refine_solution: new weight 7801226 (was 7801227) in 0.000535 s
  refine_solution: new weight 7801226 (was 7801226) in 0.000538 s
>>> get_solution
  refine_solution: new weight 7801580 (was 7802542) in 0.000585 s
  refine_solution: new weight 7801479 (was 7801580) in 0.000543 s
  refine_solution: new weight 7801412 (was 7801479) in 0.000532 s
  refine_solution: new weight 7801412 (was 7801412) in 0.000537 s
8,,2125,4341,49,,2125,0,,7802542,7801412,7802558,7801386,7801226,,100007,2,@@

  handle_small_Steiner_degrees: steiner 0, suppress 0 in 3e-06 s
Starting round 9
Found 165 isolated vertices
Invalid ratios recomputed: 2120
Best ratio is 100008/1 (100008.0), centered at 114
Finding the best star... Star with 2 terminals centered in 2244
round took: 0.657142 s
|V| = 2285, |E| = 4338, |R| = 48
>> 231 (228: 2244 2276 2244) (0.001212 s)
>> 0 (-1: -1 -1 -1) (0.00102 s)
Zelikovsky 0.446036 s
>> 231 (228: 2244 2282 2276) (0.44503 s)
>> 192 (240: 2244 2280 2279) (0.446722 s)
>> 34 (9: 2244 2216 2213) (0.473989 s)
>> 30 (140: 2244 2253 2252) (0.488861 s)
>> 20 (45: 2244 2219 2215) (0.490832 s)
>> 18 (169: 2244 2267 2260) (0.490557 s)
>> 17 (214: 2244 2278 2272) (0.494619 s)
>> 6 (121: 2244 2247 2246) (0.495946 s)
>> 5 (138: 2244 2251 2250) (0.497909 s)
>> 2 (232: 2244 2283 2277) (0.497754 s)
>> 1 (17: 2244 2214 2211) (0.496133 s)
>> 1 (162: 2244 2265 2258) (0.50058 s)
>> 1 (206: 2244 2275 2270) (0.508311 s)
>> 0 (-1: -1 -1 -1) (0.513166 s)
Zelikovsky- 6.8445 s
>>> get_solution
  refine_solution: new weight 7801235 (was 7801386) in 0.000564 s
  refine_solution: new weight 7801227 (was 7801235) in 0.000546 s
  refine_solution: new weight 7801226 (was 7801227) in 0.000539 s
  refine_solution: new weight 7801226 (was 7801226) in 0.000528 s
>>> get_solution
  refine_solution: new weight 7801649 (was 7802543) in 0.000597 s
  refine_solution: new weight 7801553 (was 7801649) in 0.000548 s
  refine_solution: new weight 7801499 (was 7801553) in 0.000538 s
  refine_solution: new weight 7801499 (was 7801499) in 0.000538 s
9,,2120,4338,48,,2120,0,,7802543,7801499,7802543,7801386,7801226,,100008,2,@@

  handle_small_Steiner_degrees: steiner 0, suppress 5 in 5e-06 s
Starting round 10
Found 172 isolated vertices
Invalid ratios recomputed: 2113
Best ratio is 500044/5 (100008.8), centered at 134
Finding the best star... Star with 6 terminals centered in 2250
round took: 0.753594 s
|V| = 2285, |E| = 4299, |R| = 43
>> 231 (228: 2250 2276 2250) (0.001005 s)
>> 0 (-1: -1 -1 -1) (0.000863 s)
Zelikovsky 0.432788 s
>> 231 (228: 2250 2282 2276) (0.431213 s)
>> 192 (240: 2250 2280 2279) (0.434655 s)
>> 34 (9: 2250 2216 2213) (0.460436 s)
>> 20 (45: 2250 2219 2215) (0.475287 s)
>> 18 (198: 2250 2272 2267) (0.475845 s)
>> 10 (216: 2250 2278 2273) (0.479161 s)
>> 2 (121: 2250 2247 2246) (0.479347 s)
>> 2 (232: 2250 2283 2277) (0.481564 s)
>> 1 (17: 2250 2214 2211) (0.479946 s)
>> 1 (162: 2250 2265 2258) (0.484805 s)
>> 1 (206: 2250 2275 2270) (0.490842 s)
>> 0 (-1: -1 -1 -1) (0.495752 s)
Zelikovsky- 5.6724 s
>>> get_solution
  refine_solution: new weight 7801256 (was 7801388) in 0.000573 s
  refine_solution: new weight 7801255 (was 7801256) in 0.000544 s
  refine_solution: new weight 7801255 (was 7801255) in 0.000532 s
>>> get_solution
  refine_solution: new weight 7801576 (was 7802413) in 0.000581 s
  refine_solution: new weight 7801498 (was 7801576) in 0.000541 s
  refine_solution: new weight 7801498 (was 7801498) in 0.000539 s
10,,2113,4299,43,,2113,0,,7802413,7801498,7802395,7801388,7801255,,500044,6,@@

  handle_small_Steiner_degrees: steiner 0, suppress 1 in 6e-06 s
Starting round 11
Found 193 isolated vertices
Invalid ratios recomputed: 2092
Best ratio is 600061/6 (100010.2), centered at 1676
Finding the best star... Star with 7 terminals centered in 2248
round took: 0.869395 s
|V| = 2285, |E| = 4250, |R| = 37
>> 231 (228: 2248 2276 2248) (0.000803 s)
>> 0 (-1: -1 -1 -1) (0.000691 s)
Zelikovsky 0.417457 s
>> 231 (228: 2248 2282 2276) (0.422007 s)
>> 143 (240: 2248 2280 2279) (0.427659 s)
>> 34 (9: 2248 2216 2213) (0.448094 s)
>> 20 (45: 2248 2219 2215) (0.46163 s)
>> 18 (198: 2248 2272 2267) (0.462232 s)
>> 10 (216: 2248 2278 2273) (0.465519 s)
>> 2 (232: 2248 2283 2277) (0.465338 s)
>> 1 (17: 2248 2214 2211) (0.464405 s)
>> 1 (162: 2248 2265 2258) (0.46787 s)
>> 1 (206: 2248 2275 2270) (0.474087 s)
>> 0 (-1: -1 -1 -1) (0.478762 s)
Zelikovsky- 5.0409 s
>>> get_solution
  refine_solution: new weight 7801242 (was 7801373) in 0.00057 s
  refine_solution: new weight 7801241 (was 7801242) in 0.000535 s
  refine_solution: new weight 7801241 (was 7801241) in 0.000525 s
>>> get_solution
  refine_solution: new weight 7801569 (was 7802108) in 0.000583 s
  refine_solution: new weight 7801468 (was 7801569) in 0.000529 s
  refine_solution: new weight 7801466 (was 7801468) in 0.000527 s
  refine_solution: new weight 7801453 (was 7801466) in 0.000525 s
  refine_solution: new weight 7801386 (was 7801453) in 0.000524 s
  refine_solution: new weight 7801386 (was 7801386) in 0.000524 s
11,,2092,4250,37,,2092,0,,7802108,7801386,7802123,7801373,7801241,,600061,7,@@

  handle_small_Steiner_degrees: steiner 0, suppress 4 in 7e-06 s
Starting round 12
Found 231 isolated vertices
Invalid ratios recomputed: 2054
Best ratio is 300037/3 (100012.3), centered at 9
Finding the best star... Star with 4 terminals centered in 2216
round took: 0.540587 s
|V| = 2285, |E| = 4229, |R| = 34
>> 231 (228: 2216 2276 2216) (0.000723 s)
>> 0 (-1: -1 -1 -1) (0.000639 s)
Zelikovsky 0.41647 s
>> 231 (228: 2216 2282 2276) (0.426623 s)
>> 143 (240: 2216 2280 2279) (0.432804 s)
>> 20 (45: 2216 2219 2215) (0.454161 s)
>> 18 (198: 2216 2272 2267) (0.454537 s)
>> 10 (216: 2216 2278 2273) (0.457556 s)
>> 2 (232: 2216 2283 2277) (0.457759 s)
>> 1 (162: 2216 2265 2258) (0.456085 s)
>> 1 (206: 2216 2275 2270) (0.463079 s)
>> 0 (-1: -1 -1 -1) (0.468086 s)
Zelikovsky- 4.0735 s
>>> get_solution
  refine_solution: new weight 7801241 (was 7801375) in 0.000571 s
  refine_solution: new weight 7801240 (was 7801241) in 0.000539 s
  refine_solution: new weight 7801239 (was 7801240) in 0.000527 s
  refine_solution: new weight 7801239 (was 7801239) in 0.000525 s
>>> get_solution
  refine_solution: new weight 7801405 (was 7802046) in 0.00057 s
  refine_solution: new weight 7801342 (was 7801405) in 0.000538 s
  refine_solution: new weight 7801341 (was 7801342) in 0.000521 s
  refine_solution: new weight 7801341 (was 7801341) in 0.000532 s
12,,2054,4229,34,,2054,0,,7802046,7801341,7802054,7801375,7801239,,300037,4,@@

  handle_small_Steiner_degrees: steiner 0, suppress 2 in 6e-06 s
Starting round 13
Found 243 isolated vertices
Invalid ratios recomputed: 2042
Best ratio is 300038/3 (100012.7), centered at 175
Finding the best star... Star with 4 terminals centered in 2263
round took: 0.553341 s
|V| = 2285, |E| = 4197, |R| = 31
>> 231 (228: 2263 2276 2263) (0.000651 s)
>> 0 (-1: -1 -1 -1) (0.000566 s)
Zelikovsky 0.417339 s
>> 231 (228: 2263 2282 2276) (0.42566 s)
>> 107 (240: 2263 2280 2279) (0.432048 s)
>> 20 (45: 2263 2219 2215) (0.446898 s)
>> 18 (198: 2263 2272 2267) (0.447013 s)
>> 10 (216: 2263 2278 2273) (0.450475 s)
>> 2 (232: 2263 2283 2277) (0.451089 s)
>> 1 (162: 2263 2265 2258) (0.450038 s)
>> 1 (206: 2263 2275 2270) (0.456693 s)
>> 0 (-1: -1 -1 -1) (0.461253 s)
Zelikovsky- 4.024 s
>>> get_solution
  refine_solution: new weight 7801250 (was 7801360) in 0.000575 s
  refine_solution: new weight 7801248 (was 7801250) in 0.000549 s
  refine_solution: new weight 7801248 (was 7801248) in 0.000532 s
>>> get_solution
  refine_solution: new weight 7801384 (was 7801799) in 0.000562 s
  refine_solution: new weight 7801382 (was 7801384) in 0.00052 s
  refine_solution: new weight 7801382 (was 7801382) in 0.000518 s
13,,2042,4197,31,,2042,0,,7801799,7801382,7801825,7801360,7801248,,300038,4,@@

  handle_small_Steiner_degrees: steiner 0, suppress 1 in 4e-06 s
Starting round 14
Found 260 isolated vertices
Invalid ratios recomputed: 2025
Best ratio is 100015/1 (100015.0), centered at 98
Finding the best star... Star with 2 terminals centered in 2237
round took: 0.535662 s
|V| = 2285, |E| = 4187, |R| = 30
>> 231 (228: 2237 2276 2237) (0.000613 s)
>> 0 (-1: -1 -1 -1) (0.000531 s)
Zelikovsky 0.410677 s
>> 231 (228: 2237 2282 2276) (0.422718 s)
>> 107 (240: 2237 2280 2279) (0.428261 s)
>> 20 (45: 2237 2219 2215) (0.443127 s)
>> 18 (198: 2237 2272 2267) (0.444391 s)
>> 10 (216: 2237 2278 2273) (0.447305 s)
>> 2 (232: 2237 2283 2277) (0.448318 s)
>> 1 (162: 2237 2265 2258) (0.447177 s)
>> 1 (206: 2237 2275 2270) (0.454089 s)
>> 0 (-1: -1 -1 -1) (0.458737 s)
Zelikovsky- 3.99694 s
>>> get_solution
  refine_solution: new weight 7801263 (was 7801373) in 0.000578 s
  refine_solution: new weight 7801261 (was 7801263) in 0.000552 s
  refine_solution: new weight 7801261 (was 7801261) in 0.000533 s
>>> get_solution
  refine_solution: new weight 7801383 (was 7801777) in 0.000567 s
  refine_solution: new weight 7801367 (was 7801383) in 0.000529 s
  refine_solution: new weight 7801364 (was 7801367) in 0.000526 s
  refine_solution: new weight 7801364 (was 7801364) in 0.000529 s
14,,2025,4187,30,,2025,0,,7801777,7801364,7801818,7801373,7801261,,100015,2,@@

  handle_small_Steiner_degrees: steiner 0, suppress 2 in 8e-06 s
Starting round 15
Found 268 isolated vertices
Invalid ratios recomputed: 2017
Best ratio is 100017/1 (100017.0), centered at 103
Finding the best star... Star with 2 terminals centered in 2245
round took: 0.54365 s
|V| = 2285, |E| = 4172, |R| = 29
>> 219 (228: 2245 2276 2245) (0.000607 s)
>> 0 (-1: -1 -1 -1) (0.000514 s)
Zelikovsky 0.417416 s
>> 219 (228: 2245 2282 2276) (0.418113 s)
>> 107 (240: 2245 2280 2279) (0.423685 s)
>> 20 (45: 2245 2219 2215) (0.438284 s)
>> 18 (198: 2245 2272 2267) (0.43932 s)
>> 10 (216: 2245 2278 2273) (0.442433 s)
>> 1 (162: 2245 2265 2258) (0.443272 s)
>> 1 (206: 2245 2275 2270) (0.44912 s)
>> 0 (-1: -1 -1 -1) (0.453516 s)
Zelikovsky- 3.51032 s
>>> get_solution
  refine_solution: new weight 7801261 (was 7801490) in 0.000572 s
  refine_solution: new weight 7801247 (was 7801261) in 0.00054 s
  refine_solution: new weight 7801247 (was 7801247) in 0.000529 s
>>> get_solution
  refine_solution: new weight 7801387 (was 7801778) in 0.000581 s
  refine_solution: new weight 7801372 (was 7801387) in 0.000533 s
  refine_solution: new weight 7801372 (was 7801372) in 0.000534 s
15,,2017,4172,29,,2017,0,,7801778,7801372,7801862,7801490,7801247,,100017,2,@@

  handle_small_Steiner_degrees: steiner 0, suppress 2 in 7e-06 s
Starting round 16
Found 277 isolated vertices
Invalid ratios recomputed: 2008
Best ratio is 900172/9 (100019.1), centered at 232
Finding the best star... Star with 10 terminals centered in 2283
round took: 0.540587 s
|V| = 2285, |E| = 4117, |R| = 20
>> 107 (240: 2279 2280 2279) (0.000419 s)
>> 90 (507: 2275 2281 2275) (0.000371 s)
>> 88 (214: 2272 2278 2272) (0.000348 s)
>> 61 (228: 2276 2282 2276) (0.000331 s)
>> 52 (746: 2270 2273 2270) (0.000315 s)
>> 30 (981: 2260 2267 2260) (0.000306 s)
>> 20 (45: 2215 2219 2215) (0.000295 s)
>> 19 (162: 2258 2265 2258) (0.000297 s)
>> 0 (-1: -1 -1 -1) (0.000283 s)
Zelikovsky 0.396003 s
>> 107 (240: 2283 2280 2279) (0.402755 s)
>> 61 (228: 2283 2282 2276) (0.416992 s)
>> 20 (45: 2283 2219 2215) (0.417715 s)
>> 18 (198: 2283 2272 2267) (0.418424 s)
>> 10 (216: 2283 2278 2273) (0.421704 s)
>> 1 (162: 2283 2265 2258) (0.422276 s)
>> 1 (206: 2283 2275 2270) (0.430049 s)
>> 0 (-1: -1 -1 -1) (0.434821 s)
Zelikovsky- 3.36729 s
>>> get_solution
  refine_solution: new weight 7801258 (was 7801265) in 0.000574 s
  refine_solution: new weight 7801257 (was 7801258) in 0.000531 s
  refine_solution: new weight 7801257 (was 7801257) in 0.000529 s
>>> get_solution
  refine_solution: new weight 7801373 (was 7801665) in 0.000567 s
  refine_solution: new weight 7801341 (was 7801373) in 0.000548 s
  refine_solution: new weight 7801341 (was 7801341) in 0.000529 s
16,,2008,4117,20,,2008,0,,7801665,7801341,7801241,7801265,7801257,,900172,10,@@

  handle_small_Steiner_degrees: steiner 0, suppress 1 in 4e-06 s
Starting round 17
Found 317 isolated vertices
Invalid ratios recomputed: 1968
Best ratio is 200044/2 (100022.0), centered at 1
Finding the best star... Star with 3 terminals centered in 2219
round took: 0.512299 s
|V| = 2285, |E| = 4089, |R| = 18
>> 107 (240: 2219 2279 2219) (0.000385 s)
>> 0 (-1: -1 -1 -1) (0.000354 s)
Zelikovsky 0.385921 s
>> 107 (240: 2219 2280 2279) (0.39923 s)
>> 61 (228: 2219 2282 2276) (0.413407 s)
>> 18 (198: 2219 2272 2267) (0.413697 s)
>> 10 (216: 2219 2278 2273) (0.417304 s)
>> 1 (162: 2219 2265 2258) (0.417788 s)
>> 1 (206: 2219 2275 2270) (0.425244 s)
>> 0 (-1: -1 -1 -1) (0.430486 s)
Zelikovsky- 2.91947 s
>>> get_solution
  refine_solution: new weight 7801246 (was 7801253) in 0.000574 s
  refine_solution: new weight 7801245 (was 7801246) in 0.000546 s
  refine_solution: new weight 7801245 (was 7801245) in 0.000528 s
>>> get_solution
  refine_solution: new weight 7801403 (was 7801639) in 0.000569 s
  refine_solution: new weight 7801376 (was 7801403) in 0.000535 s
  refine_solution: new weight 7801322 (was 7801376) in 0.000536 s
  refine_solution: new weight 7801307 (was 7801322) in 0.000536 s
  refine_solution: new weight 7801307 (was 7801307) in 0.000532 s
17,,1968,4089,18,,1968,0,,7801639,7801307,7801447,7801253,7801245,,200044,3,@@

  handle_small_Steiner_degrees: steiner 0, suppress 4 in 1e-05 s
Starting round 18
Found 333 isolated vertices
Invalid ratios recomputed: 1952
Best ratio is 200045/2 (100022.5), centered at 162
Finding the best star... Star with 3 terminals centered in 2265
round took: 0.492794 s
|V| = 2285, |E| = 4061, |R| = 16
>> 107 (240: 2265 2279 2265) (0.000363 s)
>> 0 (-1: -1 -1 -1) (0.000339 s)
Zelikovsky 0.378927 s
>> 107 (240: 2265 2280 2279) (0.391792 s)
>> 61 (228: 2265 2282 2276) (0.40892 s)
>> 18 (198: 2265 2272 2267) (0.409278 s)
>> 10 (216: 2265 2278 2273) (0.413058 s)
>> 1 (206: 2265 2275 2270) (0.414221 s)
>> 0 (-1: -1 -1 -1) (0.41989 s)
Zelikovsky- 2.45923 s
>>> get_solution
  refine_solution: new weight 7801259 (was 7801266) in 0.000577 s
  refine_solution: new weight 7801258 (was 7801259) in 0.000533 s
  refine_solution: new weight 7801258 (was 7801258) in 0.000524 s
>>> get_solution
  refine_solution: new weight 7801353 (was 7801579) in 0.000567 s
  refine_solution: new weight 7801302 (was 7801353) in 0.000532 s
  refine_solution: new weight 7801302 (was 7801302) in 0.000541 s
18,,1952,4061,16,,1952,0,,7801579,7801302,7801373,7801266,7801258,,200045,3,@@

  handle_small_Steiner_degrees: steiner 0, suppress 2 in 9e-06 s
Starting round 19
Found 352 isolated vertices
Invalid ratios recomputed: 1933
Best ratio is 600133/6 (100022.2), centered at 567
Finding the best star... Star with 7 terminals centered in 2281
round took: 0.467263 s
|V| = 2285, |E| = 3995, |R| = 10
>> 61 (228: 2276 2281 2276) (0.000287 s)
>> 0 (-1: -1 -1 -1) (0.000278 s)
Zelikovsky 0.379538 s
>> 61 (228: 2281 2282 2276) (0.39142 s)
>> 30 (981: 2281 2267 2260) (0.392747 s)
>> 18 (409: 2281 2278 2272) (0.398908 s)
>> 0 (-1: -1 -1 -1) (0.400431 s)
Zelikovsky- 1.58515 s
>>> get_solution
  refine_solution: new weight 7801191 (was 7801195) in 0.00055 s
  refine_solution: new weight 7801188 (was 7801191) in 0.000539 s
  refine_solution: new weight 7801188 (was 7801188) in 0.000529 s
>>> get_solution
  refine_solution: new weight 7801284 (was 7801308) in 0.000568 s
  refine_solution: new weight 7801283 (was 7801284) in 0.00054 s
  refine_solution: new weight 7801283 (was 7801283) in 0.000527 s
19,,1933,3995,10,,1933,0,,7801308,7801283,7801247,7801195,7801188,,600133,7,@@

  handle_small_Steiner_degrees: steiner 0, suppress 1 in 7e-06 s
Starting round 20
Found 394 isolated vertices
Invalid ratios recomputed: 1891
Best ratio is 200042/2 (100021.0), centered at 409
Finding the best star... Star with 3 terminals centered in 2272
round took: 0.444229 s
|V| = 2285, |E| = 3980, |R| = 8
>> 61 (228: 2272 2276 2272) (0.000273 s)
>> 0 (-1: -1 -1 -1) (0.000265 s)
Zelikovsky 0.376483 s
>> 61 (228: 2272 2282 2276) (0.389496 s)
>> 14 (533: 2272 2268 2267) (0.390499 s)
>> 0 (-1: -1 -1 -1) (0.393675 s)
Zelikovsky- 1.17508 s
>>> get_solution
  refine_solution: new weight 7801189 (was 7801195) in 0.000548 s
  refine_solution: new weight 7801188 (was 7801189) in 0.000535 s
  refine_solution: new weight 7801188 (was 7801188) in 0.000524 s
>>> get_solution
  refine_solution: new weight 7801264 (was 7801270) in 0.000579 s
  refine_solution: new weight 7801262 (was 7801264) in 0.000529 s
  refine_solution: new weight 7801262 (was 7801262) in 0.000534 s
20,,1891,3980,8,,1891,0,,7801270,7801262,7801209,7801195,7801188,,200042,3,@@

  handle_small_Steiner_degrees: steiner 0, suppress 0 in 3e-06 s
Starting round 21
Found 402 isolated vertices
Invalid ratios recomputed: 1883
Best ratio is 100024/1 (100024.0), centered at 22
Finding the best star... Star with 2 terminals centered in 2215
round took: 0.44132 s
|V| = 2285, |E| = 3967, |R| = 7
>> 61 (228: 2215 2276 2215) (0.000267 s)
>> 0 (-1: -1 -1 -1) (0.000258 s)
Zelikovsky 0.372837 s
>> 61 (228: 2215 2282 2276) (0.385361 s)
>> 14 (533: 2215 2268 2267) (0.386955 s)
>> 0 (-1: -1 -1 -1) (0.389953 s)
Zelikovsky- 1.16369 s
>>> get_solution
  refine_solution: new weight 7801189 (was 7801195) in 0.00056 s
  refine_solution: new weight 7801188 (was 7801189) in 0.000532 s
  refine_solution: new weight 7801188 (was 7801188) in 0.000526 s
>>> get_solution
  refine_solution: new weight 7801264 (was 7801270) in 0.000559 s
  refine_solution: new weight 7801262 (was 7801264) in 0.000528 s
  refine_solution: new weight 7801262 (was 7801262) in 0.000536 s
21,,1883,3967,7,,1883,0,,7801270,7801262,7801209,7801195,7801188,,100024,2,@@

  handle_small_Steiner_degrees: steiner 0, suppress 2 in 8e-06 s
Starting round 22
Found 412 isolated vertices
Invalid ratios recomputed: 1873
Best ratio is 200054/2 (100027.0), centered at 981
Finding the best star... Star with 3 terminals centered in 2215
round took: 0.444339 s
|V| = 2285, |E| = 3947, |R| = 5
>> 61 (228: 2215 2276 2215) (0.000256 s)
>> 0 (-1: -1 -1 -1) (0.000247 s)
Zelikovsky 0.370383 s
>> 61 (228: 2215 2282 2276) (0.383694 s)
>> 0 (-1: -1 -1 -1) (0.384674 s)
Zelikovsky- 0.769555 s
>>> get_solution
  refine_solution: new weight 7801188 (was 7801195) in 0.000552 s
  refine_solution: new weight 7801187 (was 7801188) in 0.00054 s
  refine_solution: new weight 7801187 (was 7801187) in 0.00053 s
>>> get_solution
  refine_solution: new weight 7801250 (was 7801256) in 0.000558 s
  refine_solution: new weight 7801248 (was 7801250) in 0.000534 s
  refine_solution: new weight 7801248 (was 7801248) in 0.000528 s
22,,1873,3947,5,,1873,0,,7801256,7801248,7801195,7801195,7801187,,200054,3,@@

  handle_small_Steiner_degrees: steiner 0, suppress 0 in 3e-06 s
Starting round 23
Found 426 isolated vertices
Invalid ratios recomputed: 1859
Best ratio is 100032/1 (100032.0), centered at 5
Finding the best star... Star with 2 terminals centered in 2212
round took: 0.438625 s
|V| = 2285, |E| = 3932, |R| = 4
>> 61 (228: 2212 2276 2212) (0.000251 s)
>> 0 (-1: -1 -1 -1) (0.000239 s)
Zelikovsky 0.368025 s
>> 61 (228: 2212 2282 2276) (0.38187 s)
Zelikovsky- 0.383071 s
>>> get_solution
  refine_solution: new weight 7801188 (was 7801195) in 0.000552 s
  refine_solution: new weight 7801187 (was 7801188) in 0.000551 s
  refine_solution: new weight 7801187 (was 7801187) in 0.000533 s
>>> get_solution
  refine_solution: new weight 7801250 (was 7801256) in 0.000558 s
  refine_solution: new weight 7801248 (was 7801250) in 0.00053 s
  refine_solution: new weight 7801248 (was 7801248) in 0.00053 s
23,,1859,3932,4,,1859,0,,7801256,7801248,7801195,7801195,7801187,,100032,2,@@

  handle_small_Steiner_degrees: steiner 0, suppress 1 in 1e-05 s
Starting round 24
Found 437 isolated vertices
Invalid ratios recomputed: 1848
Best ratio is 100036/1 (100036.0), centered at 200
Finding the best star... Star with 2 terminals centered in 2268
round took: 0.429911 s
|V| = 2285, |E| = 3911, |R| = 3
>> 61 (228: 2268 2276 2268) (0.000247 s)
>> 0 (-1: -1 -1 -1) (0.000233 s)
Zelikovsky 0.363864 s
>> 61 (228: 2268 2282 2276) (0.378609 s)
Zelikovsky- 0.379805 s
>>> get_solution
  refine_solution: new weight 7801188 (was 7801195) in 0.00055 s
  refine_solution: new weight 7801187 (was 7801188) in 0.000534 s
  refine_solution: new weight 7801187 (was 7801187) in 0.000526 s
>>> get_solution
  refine_solution: new weight 7801250 (was 7801256) in 0.000563 s
  refine_solution: new weight 7801248 (was 7801250) in 0.00053 s
  refine_solution: new weight 7801248 (was 7801248) in 0.000526 s
24,,1848,3911,3,,1848,0,,7801256,7801248,7801195,7801195,7801187,,100036,2,@@

  handle_small_Steiner_degrees: steiner 0, suppress 4 in 1.2e-05 s
Starting round 25
Found 451 isolated vertices
Invalid ratios recomputed: 1834
Best ratio is 200075/2 (100037.5), centered at 228
Finding the best star... Star with 3 terminals centered in 2282
round took: 0.404246 s
|V| = 2285, |E| = 3892, |R| = 1
Zelikovsky 0.360738 s
Zelikovsky- 0.000962 s
>>> get_solution
  refine_solution: new weight 7801188 (was 7801195) in 0.000548 s
  refine_solution: new weight 7801187 (was 7801188) in 0.000545 s
  refine_solution: new weight 7801187 (was 7801187) in 0.00053 s
>>> get_solution
  refine_solution: new weight 7801188 (was 7801195) in 0.000557 s
  refine_solution: new weight 7801187 (was 7801188) in 0.000527 s
  refine_solution: new weight 7801187 (was 7801187) in 0.00053 s
25,,1834,3892,1,,1834,0,,7801195,7801187,7801195,7801195,7801187,,200075,3,@@

  handle_small_Steiner_degrees: steiner 0, suppress 2 in 1e-05 s
contract_till_the_bitter_end: 147.205 s

Calling end_heu
>>> get_solution
Saved weight 500007
end_heu: 0 loops with 0 unique solutions in 0.000101 s

Calling print_solution
>>> get_solution
  refine_solution: new weight 7801190 (was 7801195) in 0.000546 s
Oops orig weight was 7801195 but we got 7801190
## FINAL WEIGHT 7801190
print_solution: 0.001267 s
