Version: final-94-gfffc3aa rub_all.sh: remove longest prefix
Random seed: 1565259379
Start
>>> save_orig_graph
>> Saved weight 0
Graph loaded
|V| = 57552, |E| = 95381, |R| = 2973
First clearance of the input. Calling buy_zero and run_all_heuristics.
  buy_zero: 23 zero edges in 0.000712 s
  handle_small_terminal_degrees: terms 1 in 9.6e-05 s
  handle_small_Steiner_degrees: steiner 44, suppress 3 in 0.000158 s
  shortest_edge_between_terminals: 0 edges in 0.000106 s
  handle_small_terminal_degrees: terms 0 in 8.8e-05 s
  handle_small_Steiner_degrees: steiner 0, suppress 35 in 0.000157 s
  shortest_edge_between_terminals: 0 edges in 6.3e-05 s
  handle_small_terminal_degrees: terms 0 in 8.8e-05 s
  handle_small_Steiner_degrees: steiner 0, suppress 1 in 0.000128 s
  shortest_edge_between_terminals: 0 edges in 6.2e-05 s
  handle_small_terminal_degrees: terms 0 in 8.8e-05 s
  handle_small_Steiner_degrees: steiner 0, suppress 0 in 0.000129 s
  shortest_edge_between_terminals: 0 edges in 6.1e-05 s
Compressed graph 57552 -> 57444
  delete_edges: deleted 6835 edges in 0.050282 s and 5 rounds
  handle_small_terminal_degrees: terms 36 in 0.000133 s
  handle_small_Steiner_degrees: steiner 119, suppress 3654 in 0.002299 s
  shortest_edge_between_terminals: 0 edges in 0.000134 s
  handle_small_terminal_degrees: terms 4 in 9.2e-05 s
  handle_small_Steiner_degrees: steiner 0, suppress 95 in 0.000182 s
  shortest_edge_between_terminals: 0 edges in 6.8e-05 s
  handle_small_terminal_degrees: terms 0 in 8.9e-05 s
  handle_small_Steiner_degrees: steiner 0, suppress 3 in 0.000132 s
  shortest_edge_between_terminals: 0 edges in 6.5e-05 s
  handle_small_terminal_degrees: terms 0 in 8.8e-05 s
  handle_small_Steiner_degrees: steiner 0, suppress 4 in 0.000129 s
  shortest_edge_between_terminals: 0 edges in 6.5e-05 s
  handle_small_terminal_degrees: terms 0 in 8.9e-05 s
  handle_small_Steiner_degrees: steiner 0, suppress 0 in 0.000128 s
  shortest_edge_between_terminals: 0 edges in 6.5e-05 s
Compressed graph 57444 -> 53529
  delete_edges_shortest_path: deleted 9935 edges in 23.6014 s
  handle_small_terminal_degrees: terms 1733 in 0.00216 s
  handle_small_Steiner_degrees: steiner 1510, suppress 8445 in 0.005529 s
  shortest_edge_between_terminals: 5 edges in 0.000262 s
  handle_small_terminal_degrees: terms 484 in 0.000637 s
  handle_small_Steiner_degrees: steiner 8, suppress 182 in 0.000211 s
  shortest_edge_between_terminals: 11 edges in 0.000114 s
  handle_small_terminal_degrees: terms 21 in 8.5e-05 s
  handle_small_Steiner_degrees: steiner 0, suppress 10 in 9.8e-05 s
  shortest_edge_between_terminals: 0 edges in 8.1e-05 s
  handle_small_terminal_degrees: terms 0 in 7.9e-05 s
  handle_small_Steiner_degrees: steiner 0, suppress 0 in 8.9e-05 s
  shortest_edge_between_terminals: 0 edges in 8.1e-05 s
Compressed graph 53529 -> 41125
  handle_small_terminal_degrees: terms 0 in 6.3e-05 s
  handle_small_Steiner_degrees: steiner 0, suppress 55 in 0.000151 s
  shortest_edge_between_terminals: 66 edges in 0.000481 s
  handle_small_terminal_degrees: terms 1 in 6.5e-05 s
  handle_small_Steiner_degrees: steiner 0, suppress 15 in 0.000106 s
  shortest_edge_between_terminals: 0 edges in 9.1e-05 s
  handle_small_terminal_degrees: terms 0 in 6.4e-05 s
  handle_small_Steiner_degrees: steiner 0, suppress 0 in 9.2e-05 s
  shortest_edge_between_terminals: 0 edges in 8.1e-05 s
Compressed graph 41125 -> 40481
  delete_edges_shortest_path: deleted 2222 edges in 4.68786 s
  handle_small_terminal_degrees: terms 120 in 0.000219 s
  handle_small_Steiner_degrees: steiner 59, suppress 3451 in 0.002272 s
  shortest_edge_between_terminals: 26 edges in 0.000322 s
  handle_small_terminal_degrees: terms 2 in 4.8e-05 s
  handle_small_Steiner_degrees: steiner 0, suppress 36 in 8.2e-05 s
  shortest_edge_between_terminals: 0 edges in 8.5e-05 s
  handle_small_terminal_degrees: terms 1 in 4.7e-05 s
  handle_small_Steiner_degrees: steiner 0, suppress 4 in 7e-05 s
  shortest_edge_between_terminals: 0 edges in 8.3e-05 s
  handle_small_terminal_degrees: terms 0 in 4.7e-05 s
  handle_small_Steiner_degrees: steiner 0, suppress 0 in 6.5e-05 s
  shortest_edge_between_terminals: 0 edges in 8.1e-05 s
Compressed graph 40481 -> 36786
Compressed graph 36786 -> 36786
>>> save_orig_graph
>> Saved weight 574491833
### ZEL_LVL=9 PRECISE_STARS=1

Calling `contract_till_the_bitter_end`
|V| = 36786, |E| = 54995, |R| = 2894
>> 39025 (18030: 13227 13316 13227) (142.933 s)
>> 38164 (11495: 11482 11489 11482) (128.504 s)
>> 35948 (3590: 10240 25297 10240) (130.093 s)
>> 33876 (9577: 10630 10733 10630) (126.048 s)
>> 28380 (3799: 13379 13380 13379) (127.118 s)
>> 21962 (4430: 12976 13086 12976) (132.325 s)
>> 21261 (20122: 12375 12486 12375) (144.771 s)
>> 20958 (29601: 13191 13229 13191) (133.324 s)
>> 19705 (36179: 12345 12574 12345) (120.543 s)
>> 19270 (28375: 10584 10737 10584) (129.701 s)
>> 18648 (9925: 10559 10611 10559) (130.665 s)
>> 18552 (35925: 13138 13148 13138) (127.309 s)
>> 20991 (30014: 13331 13359 13331) (131.606 s)
>> 18269 (30567: 12914 12963 12914) (128.49 s)
>> 18205 (15407: 11466 11558 11466) (135.16 s)
>> 17810 (25646: 13079 13164 13079) (137.869 s)
>> 17788 (14563: 10565 10593 10565) (135.109 s)
>> 17034 (27644: 13152 13160 13152) (137.897 s)
>> 16394 (2755: 11880 11902 11880) (131.159 s)
>> 16109 (29890: 13344 13354 13344) (130.672 s)
>> 15882 (3630: 10223 10232 10223) (127.978 s)
>> 15750 (2554: 10355 10406 10355) (134.242 s)
>> 15691 (28618: 10281 10311 10281) (135.89 s)
>> 13774 (32452: 10233 30636 10233) (135.477 s)
>> 13742 (4222: 13172 13183 13172) (135.319 s)
>> 13720 (15526: 13177 13185 13177) (133.761 s)
>> 13690 (14442: 12275 12379 12275) (128.545 s)
>> 13463 (838: 10952 10954 10952) (132.925 s)
>> 13238 (27320: 10186 10207 10186) (134.176 s)
>> 12760 (41: 10994 11047 10994) (130.091 s)
>> 15009 (28621: 11246 11437 11246) (131.546 s)
>> 12731 (15491: 10742 10821 10742) (134.735 s)
>> 12567 (24930: 10322 10412 10322) (123.767 s)
>> 14888 (25166: 10266 10300 10266) (129.302 s)
>> 12470 (29375: 11208 11247 11208) (134.377 s)
>> 12262 (29560: 10729 10813 10729) (130.574 s)
>> 12141 (3438: 10277 10282 10277) (127.19 s)
>> 11672 (3752: 10163 10174 10163) (133.559 s)
>> 11119 (12161: 12043 12159 12043) (133.404 s)
>> 11006 (36742: 10817 10835 10817) (138.026 s)
>> 10784 (9327: 10780 10805 10780) (132.759 s)
>> 10780 (9047: 10899 10915 10899) (122.822 s)
>> 10507 (27962: 10201 10205 10201) (134.78 s)
>> 11266 (28720: 10216 10229 10216) (135.386 s)
>> 10355 (24790: 10466 10471 10466) (138.497 s)
>> 10090 (27700: 10695 10724 10695) (137.886 s)
>> 9901 (4736: 12950 12958 12950) (134.212 s)
>> 9842 (8555: 11116 11149 11116) (133.772 s)
>> 9834 (31825: 11027 11175 11027) (136.599 s)
>> 9735 (15030: 10304 10308 10304) (134.592 s)
>> 9741 (14959: 10297 10314 10297) (130.137 s)
>> 9486 (11569: 11555 11565 11555) (128.428 s)
>> 9451 (14167: 12312 12973 12312) (134.383 s)
>> 9278 (17585: 10802 10836 10802) (137.224 s)
>> 8870 (18298: 13219 13258 13219) (128.735 s)
>> 8832 (3851: 13320 13334 13320) (133.841 s)
>> 8745 (22334: 11580 11596 11580) (133.97 s)
>> 8656 (32492: 12089 12171 12089) (132.842 s)
>> 8604 (4840: 12890 12911 12890) (134.502 s)
>> 8514 (33732: 10289 10291 10289) (131.518 s)
>> 8486 (4029: 13251 13264 13251) (140.6 s)
>> 11171 (18571: 12946 13142 12946) (145.43 s)
>> 8406 (36709: 10536 10587 10536) (142.33 s)
>> 8392 (17545: 10914 10917 10914) (137.485 s)
>> 8365 (32791: 13055 13088 13055) (135.793 s)
>> 8316 (29644: 13269 13296 13269) (132.4 s)
>> 8227 (28006: 11944 11959 11944) (129.565 s)
>> 8195 (32649: 13096 13115 13096) (130.159 s)
>> 7991 (719: 13215 13223 13215) (135.117 s)
>> 7848 (4891: 12874 12894 12874) (131.424 s)
>> 7755 (34878: 10411 10473 10411) (131.275 s)
>> 7672 (23469: 10965 10979 10965) (131.802 s)
>> 7458 (3831: 13333 13336 13333) (135.249 s)
>> 7422 (27261: 11303 11622 11303) (128.673 s)
>> 7327 (707: 10198 10237 10198) (131.332 s)
>> 7037 (27302: 13277 13287 13277) (132.08 s)
>> 6987 (23300: 11019 11033 11019) (132.145 s)
>> 6967 (33799: 12562 12678 12562) (118.22 s)
>> 6889 (28090: 10161 10162 10161) (131.728 s)
>> 6826 (29348: 12253 12348 12253) (131.763 s)
>> 6654 (15177: 10616 10804 10616) (132.656 s)
>> 6632 (4076: 13233 13240 13233) (133.383 s)
>> 6584 (9745: 10684 10686 10684) (134.818 s)
>> 6550 (8312: 11162 11255 11162) (139.291 s)
>> 6467 (2540: 10827 10845 10827) (135.729 s)
>> 6449 (14178: 10428 10465 10428) (137.454 s)
>> 6324 (28873: 10831 10844 10831) (137.957 s)
>> 6318 (875: 13122 13127 13122) (132.782 s)
>> 6255 (32891: 13178 13192 13178) (133.664 s)
>> 6083 (25687: 13290 13302 13290) (131.486 s)
>> 6078 (18437: 13163 13166 13163) (136.441 s)
>> 6011 (32203: 11106 11176 11106) (132.463 s)
>> 6008 (32248: 11615 11784 11615) (139.696 s)
>> 6002 (28767: 10269 10299 10269) (142.303 s)
>> 6001 (28099: 10541 10552 10541) (140.384 s)
>> 6831 (30600: 10316 10543 10316) (128.825 s)
>> 5850 (6754: 12134 12163 12134) (133.785 s)
>> 5753 (5248: 12771 12783 12771) (126.03 s)
>> 5693 (2005: 10165 10166 10165) (130.812 s)
>> 5515 (18815: 12992 13011 12992) (138.814 s)
>> 6344 (4571: 12960 13029 12960) (135.778 s)
>> 5496 (3991: 13275 13282 13275) (125.559 s)
>> 5477 (25284: 10251 10267 10251) (132.274 s)
>> 5206 (28138: 12102 12143 12102) (131.833 s)
>> 5185 (9809: 10654 10672 10654) (131.42 s)
>> 5176 (6668: 12158 12209 12158) (130.425 s)
>> 5171 (1531: 10936 10939 10936) (133.243 s)
>> 5138 (34351: 12918 12952 12918) (128.036 s)
>> 5098 (26603: 10986 11021 10986) (124.425 s)
>> 5005 (3414: 10296 10301 10296) (135.887 s)
>> 5002 (34896: 10286 10305 10286) (132.321 s)
>> 4968 (6506: 12225 12263 12225) (134.345 s)
>> 4964 (16305: 13139 13189 13139) (131.164 s)
>> 4887 (16171: 11150 11313 11150) (132.807 s)
>> 4822 (7424: 11842 11888 11842) (132.547 s)
>> 4820 (23467: 10959 10973 10959) (133.248 s)
>> 4814 (4118: 13181 13218 13181) (136.09 s)
>> 4805 (19096: 12867 12905 12867) (128.015 s)
>> 4792 (3017: 10520 10525 10520) (123.139 s)
>> 4769 (16085: 11084 11156 11084) (129.636 s)
>> 4768 (24438: 10561 10597 10561) (137.021 s)
>> 4680 (2264: 13114 13128 13114) (135.988 s)
>> 4678 (4900: 12822 12892 12822) (133.531 s)
>> 4644 (23699: 10877 10888 10877) (135.787 s)
>> 4636 (6697: 12200 12205 12200) (132.89 s)
>> 4607 (35573: 12640 12650 12640) (133.828 s)
>> 4599 (34541: 13130 13133 13130) (131.704 s)
>> 4586 (10861: 10857 10860 10857) (129.715 s)
>> 5732 (23650: 10873 10906 10873) (129.121 s)
>> 4572 (26760: 10651 9967 10651) (131.928 s)
>> 4560 (5296: 12734 12751 12734) (137.436 s)
>> 4542 (36446: 11969 12114 11969) (137.03 s)
>> 4532 (27375: 11098 11115 11098) (128.387 s)
>> 4471 (285: 13047 13060 13047) (128.716 s)
>> 4427 (8641: 11052 11074 11052) (136.204 s)
>> 4424 (24418: 10599 10605 10599) (131.011 s)
>> 4373 (9217: 10829 10840 10829) (131.468 s)
>> 4363 (29557: 12079 12283 12079) (132.82 s)
>> 4362 (799: 13065 13078 13065) (131.439 s)
>> 4327 (1095: 10843 10883 10843) (146.59 s)
>> 4297 (23586: 10910 10920 10910) (134.485 s)
>> 4274 (28106: 12274 12295 12274) (135.071 s)
>> 4263 (10399: 10349 10397 10349) (130.462 s)
>> 4258 (16325: 10927 10947 10927) (135.632 s)
>> 4255 (34719: 10190 10210 10190) (127.918 s)
>> 4253 (27348: 10164 10177 10164) (129.438 s)
>> 4226 (4820: 12906 12917 12906) (131.57 s)
>> 4191 (4684: 12965 12977 12965) (130.002 s)
>> 4174 (3000: 10510 10529 10510) (130.605 s)
>> 4171 (24632: 10539 10548 10539) (137.039 s)
>> 4146 (9421: 10730 10773 10730) (126.887 s)
>> 4142 (4125: 13206 13216 13206) (136.592 s)
>> 4067 (3958: 13295 13298 13295) (132.821 s)
>> 4062 (11505: 11460 11504 11460) (132.362 s)
>> 4050 (813: 10479 10518 10479) (129.273 s)
>> 3956 (9101: 10876 10890 10876) (126.731 s)
>> 3902 (31748: 10869 10951 10869) (139.979 s)
>> 3859 (26828: 11595 11617 11595) (132.896 s)
>> 3814 (3477: 10270 10276 10270) (137.069 s)
>> 3804 (24109: 10709 10719 10709) (135.097 s)
>> 3753 (3094: 10461 10469 10461) (128.662 s)
>> 3728 (3553: 10248 10254 10248) (134.494 s)
>> 3712 (15944: 11878 11909 11878) (131.197 s)
>> 3686 (3139: 10409 10413 10409) (133.431 s)
>> 3704 (24802: 10445 10464 10445) (133.648 s)
>> 3665 (1615: 11158 11189 11158) (131.644 s)
>> 3650 (33127: 11468 11498 11468) (131.492 s)
>> 3644 (36772: 13343 13358 13343) (129.602 s)
>> 3630 (29537: 12298 12324 12298) (136.61 s)
>> 3621 (12809: 12728 12807 12728) (115.297 s)
>> 3613 (7295: 11901 11930 11901) (136.064 s)
>> 3599 (4989: 12831 12856 12831) (136.82 s)
>> 3594 (8835: 10989 10992 10989) (131.028 s)
>> 3555 (8275: 11268 11269 11268) (136.631 s)
>> 3539 (18980: 12937 12942 12937) (123.135 s)
>> 3538 (2174: 12443 12513 12443) (131.669 s)
>> 3524 (662: 11402 11586 11402) (132.371 s)
>> 7903 (32801: 11370 11410 11370) (130.544 s)
>> 3502 (26316: 10665 10736 10665) (121.115 s)
>> 3488 (15823: 13276 13283 13276) (127.718 s)
>> 3484 (951: 10396 10402 10396) (126.304 s)
>> 3473 (36373: 11325 11378 11325) (133.224 s)
>> 4831 (31827: 12420 12434 12420) (128.112 s)
>> 3470 (6006: 12480 12492 12480) (135.435 s)
>> 3431 (11486: 11485 11451 11485) (130.481 s)
>> 3409 (22068: 11692 11745 11692) (131.93 s)
>> 3401 (6369: 12292 12305 12292) (135.929 s)
>> 3398 (13389: 11102 11121 11102) (127.933 s)
>> 3392 (10439: 10437 10442 10437) (132.764 s)
>> 3366 (10148: 10560 10567 10560) (138.76 s)
>> 3347 (15143: 10935 10948 10935) (135.142 s)
>> 3346 (11429: 11418 11425 11418) (131.081 s)
>> 3334 (18216: 13242 13247 13242) (131.152 s)
>> 3330 (1265: 11832 11889 11832) (134.706 s)
>> 3286 (3474: 10271 10278 10271) (139.44 s)
>> 3279 (8141: 11386 11401 11386) (129.253 s)
>> 3277 (6425: 12269 12285 12269) (135.98 s)
>> 3271 (8352: 11190 11216 11190) (134.451 s)
>> 3257 (7529: 11764 11824 11764) (132.406 s)
>> 3480 (32978: 11694 11872 11694) (135.698 s)
>> 3254 (16456: 13367 13376 13367) (129.194 s)
>> 3226 (28522: 12898 12916 12898) (129.767 s)
>> 3222 (8480: 11148 11151 11148) (130.823 s)
>> 3188 (11338: 11337 11350 11337) (126.437 s)
>> 3130 (9169: 10842 10858 10842) (131.425 s)
>> 3128 (8572: 11080 11107 11080) (130.662 s)
>> 3113 (5386: 12691 12712 12691) (124.052 s)
>> 3098 (24975: 10347 10361 10347) (127.24 s)
>> 3095 (23518: 10945 10953 10945) (129.212 s)
>> 3076 (26557: 10385 10512 10385) (129.175 s)
>> 3060 (26922: 11415 11491 11415) (122.602 s)
>> 3038 (4106: 13225 13226 13225) (128.941 s)
>> 8851 (29433: 13136 13170 13136) (136.995 s)
>> 3025 (6008: 12462 12478 12462) (129.461 s)
>> 3019 (5236: 12731 12778 12731) (129.948 s)
>> 2997 (13941: 10531 10582 10531) (132.614 s)
>> 2979 (3900: 13312 13318 13312) (132.827 s)
>> 2977 (13350: 13345 13348 13345) (131.095 s)
>> 2972 (9213: 10830 10841 10830) (129.87 s)
>> 2928 (1997: 12847 12860 12847) (131.011 s)
>> 2914 (3078: 10470 10474 10470) (132.406 s)
>> 2913 (9384: 10766 10785 10766) (135.335 s)
>> 2911 (5627: 12628 12633 12628) (130.789 s)
>> 2877 (35760: 12411 12430 12411) (130.045 s)
>> 2875 (20590: 12286 12325 12286) (131.071 s)
>> 2869 (1789: 11056 11060 11056) (133.33 s)
>> 2863 (30858: 10976 11202 10976) (136.056 s)
>> 2838 (5459: 12676 12682 12676) (135.879 s)
>> 2836 (23419: 10975 10983 10975) (130.187 s)
>> 2834 (5809: 12494 12555 12494) (132.724 s)
>> 2834 (2507: 12675 12733 12675) (131.533 s)
>> 2822 (33374: 12211 12241 12211) (131.869 s)
>> 2814 (806: 13109 13113 13109) (131.232 s)
>> 2809 (18196: 13250 13254 13250) (138.776 s)
>> 2794 (33192: 10243 10253 10243) (137.098 s)
>> 2792 (8718: 11014 11029 11014) (124.641 s)
>> 2786 (21442: 12000 12026 12000) (127.812 s)
>> 2782 (24861: 10425 10432 10425) (121.913 s)
>> 2771 (34173: 10815 10882 10815) (132.114 s)
>> 2770 (4412: 13077 13092 13077) (129.906 s)
>> 4699 (33146: 13004 13058 13004) (121.362 s)
>> 2769 (29373: 10966 11001 10966) (126.966 s)
>> 2833 (15996: 10955 10990 10955) (130.847 s)
>> 2765 (9563: 10706 10738 10706) (121.243 s)
>> 2765 (30756: 13257 13293 13257) (159.428 s)
>> 2759 (35058: 11646 11767 11646) (132.342 s)
>> 2739 (23625: 10894 10909 10894) (134.613 s)
>> 2727 (8214: 11305 11314 11305) (138.298 s)
>> 2726 (24201: 10687 10704 10687) (138.709 s)
>> 2725 (33247: 12945 12954 12945) (128.369 s)
>> 2724 (7208: 11975 11976 11975) (132.042 s)
>> 2722 (31938: 13285 13289 13285) (134.15 s)
>> 2718 (17770: 10394 10408 10394) (131.004 s)
>> 2717 (16417: 11273 11384 11273) (130.17 s)
>> 2715 (3229: 10350 10368 10350) (126.929 s)
>> 2712 (6639: 12204 12217 12204) (130.209 s)
>> 2710 (22941: 11182 11199 11182) (132.156 s)
>> 2695 (22447: 11516 11532 11516) (133.603 s)
>> 2692 (6086: 12405 12439 12405) (127.512 s)
>> 2690 (23036: 11132 11140 11132) (125.835 s)
>> 2686 (23128: 11085 11092 11085) (121.24 s)
>> 2684 (28444: 11774 21869 11774) (129.828 s)
>> 2682 (35550: 12955 12974 12955) (134.633 s)
>> 2682 (3895: 13311 13321 13311) (130.612 s)
>> 2675 (7504: 11854 11879 11854) (122.505 s)
>> 2671 (36412: 11619 11638 11619) (125.648 s)
>> 2655 (9904: 10647 10649 10647) (125.532 s)
>> 2655 (4862: 12873 12896 12873) (129.121 s)
>> 2646 (9193: 10848 10851 10848) (132.448 s)
>> 2634 (3672: 10206 10211 10206) (134.167 s)
>> 2623 (3651: 10215 10217 10215) (128.951 s)
>> 3002 (25431: 10204 10212 10204) (136.395 s)
>> 2601 (350: 10247 10250 10247) (140.246 s)
>> 2591 (9885: 10652 10656 10652) (127.908 s)
>> 2589 (33045: 10764 10778 10764) (131.16 s)
>> 2569 (11073: 11055 11071 11055) (132.036 s)
>> 2559 (3029: 10498 10511 10498) (126.161 s)
>> 2559 (20757: 12229 12256 12229) (132.06 s)
>> 2554 (23195: 11050 11063 11050) (132.865 s)
>> 2543 (5070: 12774 12833 12774) (130.463 s)
>> 2519 (92: 11391 11408 11391) (129.298 s)
>> 2518 (2060: 10669 10688 10669) (132.089 s)
>> 2509 (32504: 11051 11066 11051) (125.049 s)
>> 2508 (14913: 12458 12505 12458) (130.031 s)
>> 2499 (14227: 12897 12913 12897) (134.021 s)
>> 2490 (27521: 12267 12273 12267) (135.143 s)
>> 2489 (16247: 10968 10970 10968) (134.164 s)
>> 2481 (6287: 12317 12341 12317) (131.008 s)
>> 2472 (32449: 11598 11609 11598) (134.261 s)
>> 2470 (30985: 11906 12154 11906) (132.263 s)
>> 2462 (25905: 11000 11044 11000) (135.275 s)
>> 2442 (6723: 12131 12175 12131) (133.944 s)
>> 2436 (26045: 11312 11323 11312) (131.716 s)
>> 2779 (22639: 11371 11375 11371) (130.746 s)
>> 2426 (35303: 10403 30092 10403) (127.723 s)
>> 2422 (9771: 10680 10681 10680) (130.851 s)
>> 2421 (5065: 12804 12839 12804) (128.916 s)
>> 2413 (24522: 10577 10580 10577) (128.86 s)
>> 2407 (3048: 10475 10487 10475) (140.19 s)
>> 2407 (9332: 10798 10803 10798) (137.656 s)
>> 2406 (19303: 12775 12819 12775) (129.014 s)
>> 2400 (6109: 12380 12413 12380) (128.81 s)
>> 2395 (27354: 12879 12909 12879) (129.96 s)
>> 2393 (9812: 10646 10661 10646) (140.02 s)
>> 2694 (2267: 10608 10645 10608) (132.695 s)
>> 2390 (6240: 12358 12395 12358) (138.575 s)
>> 2380 (2105: 10175 10182 10175) (126.777 s)
>> 2370 (15255: 10833 10834 10833) (135.225 s)
>> 2366 (20230: 12465 12512 12465) (134.345 s)
>> 2352 (4095: 13232 13234 13232) (136.834 s)
>> 2325 (9175: 10846 10856 10846) (134.692 s)
>> 2325 (2526: 11236 11261 11236) (140.59 s)
>> 2318 (13978: 12959 12980 12959) (130.506 s)
>> 2312 (10069: 10586 10592 10586) (129.422 s)
>> 2723 (10090: 10578 10581 10578) (132.134 s)
>> 2304 (32502: 12782 12795 12782) (132.889 s)
>> 2304 (34355: 11383 29068 11383) (134.939 s)
>> 2299 (6513: 12248 12254 12248) (133.781 s)
>> 2298 (24977: 10362 10370 10362) (132.247 s)
>> 2295 (10059: 10588 10594 10588) (133.329 s)
>> 2295 (8738: 11022 11031 11022) (135.133 s)
>> 2285 (15312: 12353 12401 12353) (133.903 s)
>> 2276 (5886: 12514 12528 12514) (135.396 s)
>> 2272 (8584: 11078 11099 11078) (120.942 s)
>> 2924 (8548: 11110 11123 11110) (126.582 s)
>> 2268 (16024: 10978 10993 10978) (126.868 s)
>> 2253 (6038: 12457 12464 12457) (129.06 s)
>> 2241 (5182: 12719 12794 12719) (127.705 s)
>> 2239 (16270: 12491 12504 12491) (127.173 s)
>> 2237 (24427: 10612 10614 10612) (131.169 s)
>> 2236 (6574: 12238 12239 12238) (128.588 s)
>> 2229 (16871: 12564 12594 12564) (131.67 s)
>> 2222 (7008: 12032 12061 12032) (135.062 s)
>> 2498 (15144: 11920 12046 11920) (134.318 s)
>> 3085 (6941: 12087 12108 12087) (130.346 s)
>> 2213 (5403: 12692 12704 12692) (129.452 s)
>> 2207 (33620: 10864 10891 10864) (126.453 s)
>> 2205 (27006: 11239 11259 11239) (136.909 s)
>> 2205 (2608: 11124 11282 11124) (133.698 s)
>> 2201 (20924: 12153 12208 12153) (134.498 s)
>> 2198 (1374: 12647 12686 12647) (134.732 s)
>> 2312 (5363: 12671 12718 12671) (131.351 s)
>> 2193 (9543: 10713 10744 10713) (134.057 s)
>> 2186 (32432: 10357 10366 10357) (127.598 s)
>> 2181 (6795: 12107 12144 12107) (127.659 s)
>> 2168 (3338: 10320 10324 10320) (123.298 s)
>> 2165 (1695: 10934 10958 10934) (139.695 s)
>> 2163 (6494: 12233 12265 12233) (140.512 s)
>> 2162 (1884: 10627 10734 10627) (137.334 s)
>> 2160 (4409: 13093 13094 13093) (137.491 s)
>> 2155 (9564: 10739 10740 10739) (135.133 s)
>> 2146 (3446: 10290 10293 10290) (136.064 s)
>> 2128 (28156: 11180 11209 11180) (132.746 s)
>> 2124 (11590: 11587 11605 11587) (133.501 s)
>> 2117 (5179: 12789 12798 12789) (136.179 s)
>> 2113 (26663: 11211 11232 11211) (132.947 s)
>> 2089 (30273: 12538 20149 12538) (138.981 s)
>> 3294 (30669: 12495 12506 12495) (140.612 s)
>> 2087 (11197: 11196 28559 11196) (131.63 s)
>> 2081 (5770: 12569 12573 12569) (131.524 s)
>> 2080 (34829: 10790 10795 10790) (128.985 s)
>> 2078 (9715: 10679 10696 10679) (128.153 s)
>> 2077 (18244: 13238 13239 13238) (124.633 s)
>> 2067 (20564: 12323 12335 12323) (127.071 s)
>> 2067 (8573: 11083 11105 11083) (135.201 s)
>> 2164 (478: 11077 11122 11077) (131.89 s)
>> 2055 (35300: 10806 10819 10806) (124.667 s)
>> 2053 (6291: 12321 12332 12321) (127.843 s)
>> 2048 (35951: 13270 13286 13270) (129.337 s)
>> 2040 (11207: 11206 11226 11206) (125.657 s)
>> 2039 (6765: 12116 12166 12116) (129.907 s)
>> 2023 (6057: 12429 12436 12429) (133.486 s)
>> 2023 (8080: 11442 11475 11442) (137.985 s)
>> 2018 (16106: 11665 22274 11665) (138.1 s)
>> 2013 (23270: 10987 10997 10987) (129.42 s)
>> 2009 (9437: 10767 10769 10767) (135.109 s)
>> 2203 (9533: 10745 10759 10745) (131.89 s)
>> 1999 (15105: 12625 12656 12625) (134.339 s)
>> 1995 (15554: 10542 10549 10542) (128.629 s)
>> 2553 (1905: 10545 10550 10545) (131.182 s)
>> 1995 (35336: 10900 10907 10900) (129.038 s)
>> 1985 (7189: 11981 12001 11981) (130.895 s)
>> 1979 (5194: 12699 12791 12699) (126.705 s)
>> 1969 (6811: 12135 12141 12135) (128.346 s)
>> 2016 (6726: 12168 12191 12168) (125.801 s)
>> 1961 (11481: 11478 11433 11478) (135.45 s)
>> 1950 (10390: 10389 10392 10389) (135.625 s)
>> 1950 (19732: 12654 12658 12654) (132.44 s)
>> 1943 (27030: 11645 11676 11645) (129.646 s)
>> 1928 (8081: 11441 11484 11441) (124.858 s)
>> 1920 (17952: 13340 13346 13340) (135.376 s)
>> 1916 (7791: 11647 11686 11647) (134.7 s)
>> 1913 (4022: 13261 13265 13261) (135.924 s)
>> 1897 (22916: 11185 11215 11185) (137.257 s)
>> 1880 (11964: 11931 11963 11931) (130.937 s)
>> 1997 (34621: 11918 11933 11918) (124.529 s)
>> 1878 (1125: 12496 12531 12496) (125.82 s)
>> 1874 (1608: 10417 10495 10417) (128.949 s)
>> 4231 (16273: 10591 10644 10591) (133.027 s)
>> 1868 (13688: 11540 11548 11540) (134.984 s)
>> 1865 (728: 12756 12761 12756) (125.392 s)
>> 1860 (625: 11862 11873 11862) (134.775 s)
>> 1856 (11626: 11625 11630 11625) (134.403 s)
>> 1852 (13808: 10657 10658 10657) (135.552 s)
>> 1851 (31003: 10683 10699 10683) (133.909 s)
>> 1833 (8209: 11307 11316 11307) (135.05 s)
>> 1832 (9979: 10622 10625 10622) (135.368 s)
>> 1986 (10045: 10604 10610 10604) (135.856 s)
>> 1825 (6251: 12355 12367 12355) (130.331 s)
>> 1825 (20366: 12385 12406 12385) (127.843 s)
>> 1824 (4136: 13213 13214 13213) (130.39 s)
>> 1821 (18204: 13243 13249 13243) (134.956 s)
>> 1817 (29395: 11573 11545 11573) (130.708 s)
>> 1815 (3393: 10310 10319 10310) (128.344 s)
>> 1798 (11579: 11575 11585 11575) (130.153 s)
>> 1789 (381: 11928 12251 11928) (127.611 s)
>> 1787 (31912: 12290 12307 12290) (130.494 s)
>> 1784 (1664: 11937 12038 11937) (138.803 s)
>> 1779 (13742: 12753 26391 12753) (131.96 s)
>> 1776 (10896: 10895 10901 10895) (128.17 s)
>> 1759 (3549: 10258 10259 10258) (124.955 s)
>> 1750 (9617: 10707 10720 10707) (133.487 s)
>> 1750 (13755: 11734 11750 11734) (130.571 s)
>> 1741 (7512: 11835 11852 11835) (118.341 s)
>> 1740 (18489: 13140 13145 13140) (124.667 s)
>> 1736 (8759: 11010 11039 11010) (121.418 s)
>> 1733 (5823: 12536 12545 12536) (127.299 s)
>> 1731 (7586: 11772 11813 11772) (120.932 s)
>> 1729 (28905: 13274 13279 13274) (133.507 s)
>> 1724 (15071: 10476 10482 10476) (124.838 s)
>> 1724 (4614: 12988 13008 12988) (122.822 s)
>> 1722 (7687: 11727 11760 11727) (131.631 s)
>> 1715 (32515: 11389 11318 11389) (124.293 s)
>> 1711 (4752: 12961 12964 12961) (120.549 s)
>> 1707 (6213: 12340 12374 12340) (134.849 s)
>> 1705 (9830: 10660 10666 10660) (131.844 s)
>> 1705 (8490: 11144 11160 11144) (131.497 s)
>> 1696 (26428: 10923 10924 10923) (128.228 s)
>> 1688 (20101: 12487 12548 12487) (126.962 s)
>> 1687 (18910: 12953 12968 12953) (120.848 s)
>> 1683 (29752: 12250 12280 12250) (124.722 s)
>> 1680 (22056: 11693 11723 11693) (126.093 s)
>> 1680 (4365: 13107 13119 13107) (124.913 s)
>> 1671 (12369: 12368 20430 12368) (122.744 s)
>> 1665 (16402: 11663 11773 11663) (129.907 s)
>> 1664 (14467: 10369 10401 10369) (119.541 s)
>> 1662 (31344: 13314 13319 13314) (124.966 s)
>> 1660 (24691: 10490 10519 10490) (133.281 s)
>> 1660 (13854: 12002 12063 12002) (125.941 s)
>> 1659 (19501: 12726 12740 12726) (128.882 s)
>> 1657 (15395: 12849 12852 12849) (123.389 s)
>> 1656 (31987: 12642 12665 12642) (123.048 s)
>> 1655 (19470: 12739 12752 12739) (118.926 s)
>> 1654 (28290: 10705 10728 10705) (126.948 s)
>> 1646 (24650: 10527 10534 10527) (119.266 s)
>> 1643 (5143: 12785 12811 12785) (127.403 s)
>> 1641 (33193: 12926 12929 12926) (121.005 s)
>> 1639 (36317: 10497 10506 10497) (118.219 s)
>> 1637 (20057: 12534 12539 12534) (121.845 s)
>> 1631 (7347: 11907 11912 11907) (132.434 s)
>> 1625 (7822: 11661 11746 11661) (122.031 s)
>> 1623 (3767: 10343 10563 10343) (121.87 s)
>> 1623 (9220: 10832 10839 10832) (120.632 s)
>> 1622 (27253: 11183 11204 11183) (133.192 s)
>> 1621 (19003: 12908 12936 12908) (115.171 s)
>> 1616 (24690: 10494 10502 10494) (123.161 s)
>> 1613 (24670: 10507 10523 10507) (120.123 s)
>> 1609 (18717: 13054 13067 13054) (106.674 s)
>> 1608 (22188: 11629 11650 11629) (117.914 s)
>> 1604 (2033: 12227 12259 12227) (121.926 s)
>> 1604 (32823: 12416 12440 12416) (133.405 s)
>> 1598 (32935: 11212 11242 11212) (129.741 s)
>> 1591 (33283: 12508 12515 12508) (111.484 s)
>> 1660 (14001: 12470 12489 12470) (117.436 s)
>> 1589 (6368: 12297 12306 12297) (121.539 s)
>> 1579 (3607: 10228 10234 10228) (116.449 s)
>> 1579 (7389: 11893 11898 11893) (122.291 s)
>> 1577 (14874: 10377 10393 10377) (116.844 s)
>> 1572 (18877: 12981 12983 12981) (115.837 s)
>> 1565 (16422: 10692 10703 10692) (113.54 s)
>> 1563 (18640: 13091 13095 13091) (122.564 s)
>> 1562 (17512: 10996 10999 10996) (126.678 s)
>> 1763 (30101: 10972 11008 10972) (123.887 s)
>> 1562 (29800: 13198 13199 13198) (114.757 s)
>> 1562 (23565: 10929 10931 10929) (130.512 s)
>> 1556 (20269: 12453 12474 12453) (124.892 s)
>> 1549 (5655: 12606 12624 12606) (120.254 s)
>> 1791 (33649: 12533 12575 12533) (124.716 s)
>> 1548 (27607: 10405 10414 10405) (121.874 s)
>> 1544 (31704: 10218 10275 10218) (128.593 s)
>> 1541 (2689: 10335 10367 10335) (123.893 s)
>> 1533 (7583: 11780 11809 11780) (129.758 s)
>> 1532 (25467: 10192 10203 10192) (126.196 s)
>> 1976 (3723: 10176 10191 10176) (126.393 s)
>> 1527 (9014: 10918 10921 10918) (119.342 s)
>> 1526 (33082: 13263 13284 13263) (117.012 s)
>> 1524 (5257: 12759 12770 12759) (126.31 s)
>> 1524 (35222: 10262 10287 10262) (116.138 s)
>> 1517 (6026: 12472 12530 12472) (122.601 s)
>> 1514 (11065: 11064 11067 11064) (124.699 s)
>> 1495 (25056: 10330 10352 10330) (116.188 s)
>> 1493 (13435: 12070 12128 12070) (127.539 s)
>> 1488 (9956: 10634 10637 10634) (117.503 s)
>> 1485 (27201: 5682 12589 5682) (120.16 s)
>> 1481 (8785: 11017 11034 11017) (122.274 s)
>> 1478 (6453: 12276 12277 12276) (124.113 s)
>> 1476 (27276: 13019 13020 13019) (124.091 s)
>> 1475 (5430: 12683 12696 12683) (121.762 s)
>> 1475 (35007: 11544 11572 11544) (113.799 s)
>> 1474 (5787: 12554 12565 12554) (120.437 s)
>> 1469 (32710: 21243 12028 21243) (122.037 s)
>> 1864 (28382: 11993 12039 11993) (123.041 s)
>> 1466 (9453: 10760 10763 10760) (133.71 s)
>> 1599 (13827: 10710 10750 10710) (129.688 s)
>> 1451 (35560: 11522 11533 11522) (116.251 s)
>> 1449 (33800: 12454 12488 12454) (118.874 s)
>> 1447 (908: 10183 10188 10183) (114.036 s)
>> 1445 (11448: 11447 11457 11447) (125.841 s)
>> 1424 (21846: 11807 11932 11807) (118.708 s)
>> 1422 (13486: 11214 11227 11214) (109.559 s)
>> 1419 (17523: 10928 10957 10928) (122.893 s)
>> 1416 (9693: 10691 10700 10691) (118.698 s)
>> 1402 (32402: 11951 11987 11951) (124.654 s)
>> 1401 (34202: 12336 12352 12336) (112.674 s)
>> 1399 (15274: 11740 11722 11740) (121.835 s)
>> 1389 (19914: 12588 12611 12588) (120.934 s)
>> 1379 (2094: 10908 10912 10908) (117.829 s)
>> 1376 (26278: 11431 11467 11431) (116.921 s)
>> 1369 (17694: 10606 10615 10606) (112.474 s)
>> 1367 (34711: 12362 12535 12362) (124.566 s)
>> 1366 (7788: 11687 11695 11687) (120.39 s)
>> 1356 (21109: 12115 12137 12115) (122.635 s)
>> 1338 (18664: 13063 13073 13063) (116.016 s)
>> 2527 (30807: 13012 13068 13012) (92.4559 s)
>> 1332 (6421: 12279 12287 12279) (93.6261 s)
>> 1327 (5471: 12641 12679 12641) (111.199 s)
>> 1324 (12098: 12065 12092 12065) (117.7 s)
>> 1321 (19387: 12769 12776 12769) (120.474 s)
>> 1319 (19601: 12700 12705 12700) (117.79 s)
>> 1316 (19335: 12799 12816 12799) (111.963 s)
>> 1311 (7568: 11783 11797 11783) (120.598 s)
>> 1311 (21695: 11891 11895 11891) (119.826 s)
>> 1306 (16458: 10544 10556 10544) (120.306 s)
>> 1304 (7017: 12034 12059 12034) (127.794 s)
>> 1304 (5030: 12826 12850 12826) (124.006 s)
>> 1303 (579: 12997 12999 12997) (114.417 s)
>> 1300 (21493: 11972 11989 11972) (124.673 s)
>> 1298 (5305: 12735 12750 12735) (122.521 s)
>> 1292 (34067: 11725 11732 11725) (117.952 s)
>> 1285 (1215: 11184 11263 11184) (110.385 s)
>> 1280 (7721: 11733 11795 11733) (121.819 s)
>> 1279 (11866: 11863 11887 11863) (111.118 s)
>> 1483 (22113: 11708 11756 11708) (113.831 s)
>> 1265 (21954: 11720 11754 11720) (107.058 s)
>> 1257 (13781: 10674 10677 10674) (118.709 s)
>> 1256 (22262: 11641 11644 11641) (114.567 s)
>> 2378 (31800: 11656 11794 11656) (122.533 s)
>> 1610 (22272: 11563 11610 11563) (121.838 s)
>> 1254 (24723: 1319 10477 1319) (113.547 s)
>> 0 (-1: -1 -1 -1) (91.7062 s)
Zelikovsky 82672.8 s
>> 39025 (18030: 13332 13316 13227) (4466.92 s)
>> 38164 (11495: 11494 11489 11482) (4498.16 s)
>> 35948 (3590: 25297 10226 10240) (4557.65 s)
>> 33876 (9577: 10630 10737 10733) (4307.75 s)
>> 28380 (3799: 13380 13381 13379) (4369.71 s)
>> 21962 (4430: 12976 13116 13086) (4488.06 s)
>> 21261 (20122: 12486 12519 12375) (4431.65 s)
>> 20958 (29601: 13191 13251 13229) (4504.96 s)
>> 18552 (35925: 13138 13172 13148) (4303.87 s)
>> 18276 (30014: 13370 13359 13331) (4283.55 s)
>> 18269 (30567: 12914 13084 12963) (4587.4 s)
>> 18205 (15407: 11910 11558 11466) (4389.92 s)
>> 17810 (25646: 13164 13169 12976) (4507.54 s)
>> 17788 (14563: 10565 10664 10593) (4569.21 s)
>> 17034 (27644: 13198 13160 13152) (4293.66 s)
>> 16394 (2755: 7332 11902 11880) (4059.01 s)
>> 16318 (36179: 12574 12599 12486) (4358.75 s)
>> 16109 (29890: 13354 13355 13344) (4371.22 s)
>> 15882 (3630: 10232 10243 10223) (4350.76 s)
>> 15750 (2554: 10406 10484 10355) (4411.32 s)
>> 14742 (4426: 12914 13088 13055) (4280.37 s)
>> 14665 (6430: 12574 12283 12079) (4427.59 s)
>> 13774 (32452: 10233 25385 30636) (4209.7 s)
>> 13720 (15526: 13177 13219 13185) (4397.54 s)
>> 13690 (14442: 12485 12379 12275) (4308.78 s)
>> 13493 (29606: 10565 10531 10311) (4298.74 s)
>> 13463 (838: 10952 11027 10954) (4309.46 s)
>> 13238 (27320: 10207 10249 10186) (4391.3 s)
>> 12760 (41: 10994 11125 11047) (4336.85 s)
>> 12731 (15491: 10742 10823 10821) (4401.58 s)
>> 12567 (24930: 10465 10412 10322) (4280.33 s)
>> 12470 (29375: 11208 11402 11247) (4188.17 s)
>> 12380 (9925: 10611 10640 10559) (4402.18 s)
>> 12141 (3438: 10277 10292 10282) (4239.5 s)
>> 11672 (3752: 10187 10174 10163) (4341.67 s)
>> 11265 (28375: 10630 24180 10584) (4361.77 s)
>> 11094 (29560: 10827 10813 10729) (4193.45 s)
>> 11006 (36742: 10835 10874 10817) (4247.95 s)
>> 10829 (4222: 13138 13195 13183) (4171.48 s)
>> 10784 (9327: 10831 10805 10780) (4395.93 s)
>> 10780 (9047: 10928 10915 10899) (3186.99 s)
>> 10507 (27962: 10246 10205 10201) (3179.64 s)
>> 10468 (25166: 10327 10300 10266) (3180.02 s)
>> 10391 (21029: 12043 12171 12159) (3134.39 s)
>> 10355 (24790: 10481 10471 10466) (3194.7 s)
>> 10154 (31979: 25297 10281 10218) (3183.65 s)
>> 10090 (27700: 10695 10836 10724) (3144.67 s)
>> 9901 (4736: 12950 12969 12958) (3051.81 s)
>> 9842 (8555: 11149 11046 11116) (3152.92 s)
>> 9834 (31825: 8399 11175 10952) (3173.05 s)
>> 9735 (15030: 10304 10360 10308) (3162.73 s)
>> 9486 (11569: 11647 11565 11555) (3112.93 s)
>> 9451 (14167: 12312 26391 12973) (2962.43 s)
>> 9219 (27068: 10695 10802 10630) (2993.93 s)
>> 9099 (23768: 10835 10845 10827) (2976.47 s)
>> 9026 (788: 13336 13370 13341) (3081.8 s)
>> 8974 (26264: 10539 10695 10548) (3352.56 s)
>> 8832 (3851: 13340 13334 13320) (3590.53 s)
>> 8635 (13158: 13135 13177 13156) (3575.47 s)
>> 8604 (4840: 12890 12925 12911) (3493.76 s)
>> 8514 (33732: 10291 10343 10289) (3540.65 s)
>> 8493 (36562: 10927 10994 10969) (3546.76 s)
>> 8486 (4029: 13191 13277 13264) (3542.43 s)
>> 8406 (36709: 10587 9967 10536) (3376.23 s)
>> 8392 (17545: 23596 10917 10914) (3533.02 s)
>> 8316 (29644: 29641 13296 13269) (3538.3 s)
>> 8227 (28006: 11982 11959 11944) (3396.26 s)
>> 8195 (32649: 13115 13118 13096) (3121.87 s)
>> 7991 (719: 13225 13223 13215) (3052.99 s)
>> 7930 (25164: 25187 10465 10305) (3074.38 s)
>> 7848 (4891: 12874 12906 12894) (3073.11 s)
>> 7672 (23469: 10979 10981 10965) (3185.16 s)
>> 7587 (31184: 11202 7332 11222) (3141.2 s)
>> 7422 (27261: 26743 11622 11303) (3022.6 s)
>> 7327 (707: 10199 10237 10198) (3134.67 s)
>> 7037 (27302: 13294 13287 13191) (3055.54 s)
>> 6967 (33799: 12678 12728 12562) (3099.15 s)
>> 6889 (28090: 10193 10162 10161) (3002.74 s)
>> 6798 (34878: 10473 17776 10411) (3069.49 s)
>> 6632 (4076: 13233 13246 13240) (3006.64 s)
>> 6608 (28458: 11246 11929 11313) (3055.85 s)
>> 6584 (9745: 10684 10690 10686) (3122.6 s)
>> 6550 (8312: 11299 11255 11162) (3108.52 s)
>> 6324 (28873: 10844 10847 10831) (3018.98 s)
>> 6083 (25687: 13310 13302 13290) (3031.12 s)
>> 6080 (14033: 13129 13147 12914) (3085.1 s)
>> 6078 (18437: 13163 13176 13166) (3019.02 s)
>> 6011 (32203: 11320 11176 11106) (3086.63 s)
>> 6008 (32248: 11615 11668 11784) (3071.57 s)
>> 6002 (28767: 10269 10307 10299) (3133.07 s)
>> 6001 (28099: 10541 10638 10552) (2974.38 s)
>> 5850 (6754: 12134 12175 12163) (3017.53 s)
>> 5753 (5248: 12783 12790 12771) (3025.41 s)
>> 5747 (14545: 13142 13181 13141) (2993.93 s)
>> 5693 (2005: 10166 10200 10165) (3038.52 s)
>> 5612 (9257: 10539 10824 10822) (2951.64 s)
>> 5515 (18815: 12992 13052 13011) (3004.7 s)
>> 5496 (3991: 13286 13282 13275) (2989.44 s)
>> 5477 (25284: 10251 10268 10267) (2923.77 s)
>> 5206 (28138: 12143 1747 12102) (2849.04 s)
>> 5185 (9809: 10697 10672 10654) (2779.53 s)
>> 5176 (6668: 12242 12209 12158) (2758.77 s)
>> 5171 (1531: 10939 23596 10936) (2737.72 s)
>> 5138 (34351: 4922 12952 12918) (2996.28 s)
>> 5098 (26603: 11003 11021 10986) (2976.55 s)
>> 5005 (3414: 10296 10367 10301) (2963.07 s)
>> 4968 (6506: 12289 12263 12225) (2958.29 s)
>> 4891 (31114: 12246 12289 12221) (2925.42 s)
>> 4857 (23300: 11019 11202 11033) (2787.06 s)
>> 4814 (4118: 13222 13218 13142) (2934.32 s)
>> 4797 (35738: 13258 13310 13135) (2896.21 s)
>> 4792 (3017: 10525 10573 10520) (2818.2 s)
>> 4770 (428: 10245 10277 10233) (2960.4 s)
>> 4769 (16085: 11156 11386 11084) (2964.29 s)
>> 4768 (24438: 10597 10688 10561) (2830.46 s)
>> 4719 (875: 13122 18488 13127) (2842.46 s)
>> 4680 (2264: 13128 13131 13114) (2898.95 s)
>> 4678 (4900: 12904 12892 12822) (2870.11 s)
>> 4644 (23699: 10888 10850 10877) (2874.93 s)
>> 4638 (1044: 12505 31245 12485) (2850.52 s)
>> 4636 (6697: 12230 12205 12200) (2898.11 s)
>> 4635 (8339: 11246 11221 11155) (2912.55 s)
>> 4607 (35573: 12688 12650 12640) (2911.1 s)
>> 4599 (34541: 13136 13133 13130) (3025.28 s)
>> 4586 (10861: 10857 10894 10860) (3122.42 s)
>> 4743 (23726: 10857 10906 10873) (3362.14 s)
>> 4572 (26760: 10651 10587 10539) (2978.96 s)
>> 4560 (5296: 12734 12780 12751) (2785.64 s)
>> 4542 (36446: 12114 30478 11969) (2891.64 s)
>> 4532 (27375: 11098 11186 11115) (2859.01 s)
>> 4512 (34304: 10939 10922 10859) (2736.85 s)
>> 4471 (285: 13060 13110 13047) (2791.02 s)
>> 4427 (8641: 11086 11074 11052) (2742.49 s)
>> 4424 (19012: 12946 12917 12874) (2748.36 s)
>> 4424 (24418: 10626 10605 10599) (2858.57 s)
>> 4407 (1623: 11200 8399 11158) (2863.72 s)
>> 4404 (24060: 10799 10777 10684) (2743.49 s)
>> 4373 (9217: 10829 10846 10840) (2791.4 s)
>> 4362 (799: 13078 13109 13065) (2761.92 s)
>> 4323 (31325: 13333 13337 13336) (2721.04 s)
>> 4321 (36469: 10611 10569 10495) (2758.03 s)
>> 4297 (23586: 10941 10920 10910) (2793.1 s)
>> 4274 (28106: 12295 12352 12274) (2811.49 s)
>> 4269 (32184: 13090 13115 13081) (2718.79 s)
>> 4263 (10399: 10416 10397 10349) (2706.5 s)
>> 4255 (34719: 10213 10210 10190) (2730.67 s)
>> 4205 (4976: 12838 12890 12859) (2798 s)
>> 4174 (3000: 10510 10551 10529) (2752.04 s)
>> 4146 (9421: 10730 10791 10773) (3050.2 s)
>> 4142 (4125: 13206 13232 13216) (2759.89 s)
>> 4067 (3958: 3960 13298 13295) (2837.8 s)
>> 4062 (11505: 11522 11504 11460) (2758.46 s)
>> 4050 (813: 10518 10532 10479) (2779.27 s)
>> 3995 (28720: 10246 10229 10216) (2723.72 s)
>> 3956 (9101: 10876 10951 10890) (2762.01 s)
>> 3894 (16089: 10543 10541 10316) (2728.89 s)
>> 3859 (26828: 11617 11634 11595) (2771.52 s)
>> 3834 (5036: 12847 12867 12860) (2735.24 s)
>> 3814 (3477: 10270 10279 10276) (2766.21 s)
>> 3804 (24109: 10730 10719 10709) (2576.35 s)
>> 3774 (475: 10843 10825 10811) (2759.22 s)
>> 3770 (31883: 12667 12960 12592) (2749.12 s)
>> 3753 (3094: 10461 10475 10469) (2572.46 s)
>> 3728 (3553: 10271 10254 10248) (2972.31 s)
>> 3718 (4473: 13063 13079 13068) (3228.59 s)
>> 3712 (15944: 11909 11928 11878) (3321.12 s)
>> 3686 (3139: 10409 10419 10413) (3222.31 s)
>> 3644 (36772: 3807 13358 13343) (3466.48 s)
>> 3630 (29537: 12324 12337 12298) (3219.9 s)
>> 3613 (7295: 11901 11949 11930) (3203.82 s)
>> 3601 (3459: 10245 10280 10255) (3070.87 s)
>> 3599 (4989: 12831 12863 12856) (3077.72 s)
>> 3596 (26349: 10242 10199 10327) (3061.48 s)
>> 3594 (8835: 11004 10992 10989) (3066.03 s)
>> 3580 (14493: 12253 12241 12211) (3112.54 s)
>> 3556 (18949: 12950 12993 12977) (2937.37 s)
>> 3555 (8275: 11285 11269 11268) (3046.06 s)
>> 3553 (17947: 13351 13354 13345) (3029.3 s)
>> 3502 (26316: 10746 10736 10665) (3022.44 s)
>> 3488 (15823: 13283 13292 13276) (2916.62 s)
>> 3484 (951: 10396 10446 10402) (2975.16 s)
>> 3473 (36373: 11378 11439 11325) (2995.79 s)
>> 3470 (6006: 12492 12494 12480) (2929.37 s)
>> 3462 (8126: 11910 11407 11203) (2860.94 s)
>> 3449 (9125: 10883 10880 10843) (2928.81 s)
>> 3431 (11486: 11451 11529 11485) (2946.75 s)
>> 3409 (22068: 11745 11764 11692) (2988.96 s)
>> 3401 (6369: 12292 12322 12305) (2963.59 s)
>> 3398 (13389: 11102 11910 11121) (2866.21 s)
>> 3392 (10439: 10420 10442 10437) (2948.32 s)
>> 3366 (10148: 10578 10567 10560) (2865.82 s)
>> 3364 (13533: 11040 11156 11008) (2847.08 s)
>> 3347 (15143: 10935 10961 10948) (2904.77 s)
>> 3346 (11429: 11436 11425 11418) (2910.71 s)
>> 3334 (18216: 13242 13248 13247) (2911.04 s)
>> 3330 (1265: 11836 11889 11832) (2895.52 s)
>> 3299 (2504: 10742 10704 10687) (2998.21 s)
>> 3286 (3474: 10271 10291 10278) (2924.95 s)
>> 3271 (8352: 11190 11299 11216) (2849.29 s)
>> 3257 (7529: 11824 11839 11745) (2655.27 s)
>> 3254 (16456: 3807 13376 13367) (2623.46 s)
>> 3222 (8480: 11166 11151 11148) (2795.8 s)
>> 3188 (11338: 11322 11350 11337) (2780.6 s)
>> 3130 (9169: 10858 10862 10842) (2695.96 s)
>> 3128 (8572: 11080 11126 11107) (2743.84 s)
>> 3113 (5386: 12691 12764 12712) (2624.83 s)
>> 3102 (2072: 10808 10858 10765) (2896 s)
>> 3100 (18113: 13294 18164 13293) (2545.28 s)
>> 3098 (24975: 10347 36038 10361) (2754.42 s)
>> 3095 (23518: 10953 10955 10945) (2959.79 s)
>> 3076 (26557: 10527 10512 10385) (2752.27 s)
>> 3060 (26922: 11415 11405 11491) (2927.9 s)
>> 3058 (28846: 12981 13060 12995) (2808.3 s)
>> 3051 (8659: 11049 11080 11056) (2649.6 s)
>> 3025 (6008: 12491 12478 12462) (2853.44 s)
>> 3022 (33550: 12981 13136 13126) (2629.77 s)
>> 3019 (5236: 12803 12778 12731) (2553.73 s)
>> 2979 (3900: 13312 13324 13318) (2811.45 s)
>> 2972 (9213: 10830 10841 10829) (2458.56 s)
>> 2930 (4390: 13077 13128 13099) (2245.98 s)
>> 2913 (9384: 10766 10786 10785) (2271 s)
>> 2912 (13476: 11872 11770 11851) (2272.7 s)
>> 2911 (5627: 12633 12644 12628) (2316.21 s)
>> 2877 (35760: 12430 12481 12411) (2243.81 s)
>> 2875 (20590: 12353 12325 12286) (2296.42 s)
>> 2848 (772: 10607 10627 10543) (2271.03 s)
>> 2842 (15086: 10646 10661 10651) (2250.42 s)
>> 2838 (5459: 12699 12682 12676) (2216.92 s)
>> 2797 (9981: 10697 10628 10589) (2242.91 s)
>> 2793 (20691: 12324 20693 12285) (2238.57 s)
>> 2792 (8718: 11014 11036 11029) (2245.28 s)
>> 2786 (21442: 12026 12032 12000) (2341.46 s)
>> 2769 (29373: 11001 11020 10966) (2237.37 s)
>> 2727 (28489: 13058 13044 13004) (2243.78 s)
>> 2724 (7208: 11983 11976 11975) (2241.24 s)
>> 2717 (16417: 11387 11384 11273) (2193.46 s)
>> 2715 (3229: 10350 10404 10368) (2231.88 s)
>> 2711 (19034: 12838 12946 12926) (2217.57 s)
>> 2710 (22941: 11199 28477 11182) (2226.59 s)
>> 2707 (25624: 10940 10962 10857) (2166.46 s)
>> 2704 (29671: 11085 11086 11059) (2218.64 s)
>> 2695 (22447: 11493 11532 11516) (2466.39 s)
>> 2692 (6086: 12456 12439 12405) (2518.67 s)
>> 2690 (23036: 11132 11165 11140) (2381.15 s)
>> 2689 (4106: 13225 27674 13226) (2377.94 s)
>> 2684 (28444: 21869 11713 11774) (2380.94 s)
>> 2682 (35550: 12974 13012 12955) (2371.62 s)
>> 2675 (7504: 11879 11885 11854) (2314.76 s)
>> 2671 (36412: 7809 11638 11619) (2365.66 s)
>> 2665 (25621: 11547 11646 11604) (2362.42 s)
>> 2655 (9904: 10649 10652 10647) (2355.1 s)
>> 2646 (2864: 11793 11879 11781) (2316.06 s)
>> 2646 (9193: 10868 10851 10848) (2354.91 s)
>> 2634 (3672: 10206 10215 10211) (2364.4 s)
>> 2623 (3651: 10221 10217 10206) (2370.04 s)
>> 2609 (22563: 11208 11586 11417) (2304.3 s)
>> 2601 (350: 10247 10264 10250) (2382.96 s)
>> 2589 (33045: 10764 10790 10778) (2371.33 s)
>> 2569 (11073: 11082 11071 11055) (2367.71 s)
>> 2559 (3029: 10498 10522 10511) (2316.82 s)
>> 2559 (20757: 12261 12256 12229) (2354.76 s)
>> 2519 (92: 11435 11408 11391) (2366.27 s)
>> 2519 (6941: 12108 12087 12026) (2373.68 s)
>> 2503 (27077: 13179 13189 13182) (2373.18 s)
>> 2499 (14227: 12913 12927 12897) (2393.97 s)
>> 2490 (27521: 12267 12280 12273) (2349.8 s)
>> 2481 (6287: 12317 12358 12341) (2355.21 s)
>> 2472 (32449: 11609 11585 11598) (2286 s)
>> 2470 (30985: 12154 12199 11906) (2315.7 s)
>> 2462 (25905: 11015 11044 11000) (2263.85 s)
>> 2460 (508: 12035 12043 11995) (2341.04 s)
>> 2457 (33192: 10232 31610 10253) (2199.15 s)
>> 2454 (14273: 10241 10269 10261) (2170.66 s)
>> 2450 (25097: 10325 10338 10241) (2297.03 s)
>> 2450 (27393: 10947 10930 10927) (2337.32 s)
>> 2443 (14467: 10369 10420 10401) (2278.2 s)
>> 2436 (26045: 11356 11323 11312) (2333.45 s)
>> 2429 (16247: 10968 10995 10970) (2330.15 s)
>> 2426 (13969: 35645 11387 11178) (2284.49 s)
>> 2422 (9771: 10682 10681 10680) (2233.34 s)
>> 2421 (5065: 12861 12839 12804) (2298.64 s)
>> 2418 (4338: 13090 13122 13121) (2303.72 s)
>> 2413 (24522: 10585 10580 10577) (2297.03 s)
>> 2407 (8141: 11040 11547 11401) (2269.06 s)
>> 2407 (9332: 10798 9296 10803) (2270.83 s)
>> 2406 (19303: 27062 12819 12775) (2288.93 s)
>> 2400 (6109: 12413 12423 12380) (2287.22 s)
>> 2395 (27354: 12909 12924 12879) (2168.33 s)
>> 2393 (806: 13078 13117 13113) (2262.8 s)
>> 2393 (13939: 11285 11314 11305) (2515.96 s)
>> 2380 (2105: 10182 10192 10175) (2648.37 s)
>> 2379 (15803: 10207 10270 10263) (2613.94 s)
>> 2371 (9563: 10738 10740 10706) (2614.39 s)
>> 2366 (20230: 12512 12523 12465) (2615.89 s)
>> 2354 (28693: 12304 12348 12253) (2318.6 s)
>> 2327 (10169: 10167 10182 10168) (2293.57 s)
>> 2325 (9175: 10864 10856 10830) (2259.21 s)
>> 2318 (13978: 12994 12980 12959) (2267.32 s)
>> 2312 (10069: 10595 10592 10586) (2257.7 s)
>> 2305 (3407: 10304 10303 10245) (2208.02 s)
>> 2305 (30061: 12866 12909 12869) (2253.19 s)
>> 2304 (32502: 12782 12821 12795) (2240.88 s)
>> 2298 (24977: 10377 10370 10362) (2143.14 s)
>> 2295 (8738: 11043 11031 11022) (1981.76 s)
>> 2285 (15312: 6300 12401 12353) (2035.09 s)
>> 2276 (5886: 12528 12533 12514) (2028.22 s)
>> 2253 (6038: 29746 12464 12457) (2020.24 s)
>> 2241 (5182: 12806 12794 12719) (1987.65 s)
>> 2239 (16270: 12491 12526 12504) (2018.03 s)
>> 2237 (24427: 10614 10622 10612) (2014.63 s)
>> 2236 (6574: 12238 12267 12243) (1991.65 s)
>> 2235 (4871: 13129 12907 12847) (1950.35 s)
>> 2232 (23610: 10947 10916 10883) (1982.85 s)
>> 2213 (5403: 12692 5375 12704) (1976.37 s)
>> 2212 (4148: 13211 13225 13212) (1985.5 s)
>> 2207 (33620: 10918 10891 10864) (1980.93 s)
>> 2205 (27006: 11279 11259 11239) (2000.62 s)
>> 2193 (9543: 10713 10748 10744) (2024.14 s)
>> 2188 (2174: 12513 20019 12443) (1976.86 s)
>> 2186 (18244: 13242 13238 13211) (1913.68 s)
>> 2181 (6795: 12107 12196 12144) (1976.62 s)
>> 2168 (3338: 10333 10324 10320) (1973.63 s)
>> 2160 (4409: 13094 13107 13093) (1997.28 s)
>> 2157 (24596: 10611 10535 10518) (2133.18 s)
>> 2153 (13778: 10918 10806 10742) (2321.87 s)
>> 2153 (23419: 10996 10983 10975) (2358.49 s)
>> 2127 (9598: 10730 10732 10723) (2420.84 s)
>> 2124 (22520: 11433 11493 11453) (2408.93 s)
>> 2121 (18947: 12962 12954 12941) (2522.35 s)
>> 2117 (5179: 12812 12798 12789) (2528.73 s)
>> 2113 (26663: 11211 22883 11232) (2359.67 s)
>> 2089 (30273: 12538 12546 20149) (2083.48 s)
>> 2087 (11197: 11194 28559 11196) (2120.11 s)
>> 2081 (5770: 12569 19930 12573) (2096.25 s)
>> 2081 (24555: 10566 10585 10571) (2104.23 s)
>> 2080 (34829: 10795 10807 10798) (2386.59 s)
>> 2078 (9715: 10705 10696 10679) (2594.71 s)
>> 2185 (27516: 10691 10728 10705) (2592.4 s)
>> 2067 (3048: 10461 10507 10487) (2559.47 s)
>> 2107 (3078: 10461 10474 10470) (2455.3 s)
>> 2067 (8573: 11083 11093 11105) (2486.38 s)
>> 2067 (20564: 12343 12335 12323) (2483.72 s)
>> 2053 (6291: 12344 12332 12321) (2511.43 s)
>> 2049 (25197: 10295 10290 10244) (2350.75 s)
>> 2049 (28764: 13252 29641 13259) (2735.99 s)
>> 2047 (4259: 13163 13171 13165) (2134.86 s)
>> 2039 (6765: 12170 12166 12116) (2013.15 s)
>> 2023 (8080: 11475 11441 11442) (1897.24 s)
>> 2019 (27432: 12671 12783 12732) (1933.93 s)
>> 2433 (5363: 12736 12718 12671) (2095.43 s)
>> 2018 (16106: 11659 22274 11665) (2080.33 s)
>> 2013 (23270: 11045 10997 10987) (1976 s)
>> 2011 (4095: 13206 13237 13234) (2378.67 s)
>> 2009 (9437: 10767 10770 10769) (2429.35 s)
>> 2000 (9757: 10685 10691 10646) (2111.26 s)
>> 1999 (15105: 12668 12656 12625) (1993.85 s)
>> 1995 (15554: 10542 10556 10549) (2222.7 s)
>> 1995 (35336: 10907 10902 10900) (2091.08 s)
>> 1985 (7189: 21518 12001 11981) (2071.48 s)
>> 1984 (6512: 12505 12262 12254) (2309.24 s)
>> 1982 (13806: 10658 13809 10746) (2429.49 s)
>> 1981 (33127: 11102 11615 11498) (2437.2 s)
>> 1979 (5194: 12828 12791 12699) (2314.86 s)
>> 1977 (18910: 12968 4922 12987) (2334.47 s)
>> 1954 (11363: 11345 11371 11360) (2436.97 s)
>> 1954 (18196: 13250 13270 13254) (2470.05 s)
>> 1943 (27030: 11645 11731 11676) (2381.56 s)
>> 1924 (14303: 10594 10604 10596) (2218.44 s)
>> 1922 (13374: 3807 13378 13373) (2323.33 s)
>> 1920 (17952: 13346 13347 13340) (2360.93 s)
>> 1919 (23646: 10940 10941 10909) (2284.55 s)
>> 1913 (4022: 13261 13274 13265) (2298.22 s)
>> 1899 (18204: 13249 13250 13243) (1830.58 s)
>> 1890 (30669: 12525 12506 12495) (2008.96 s)
>> 1882 (22500: 11483 11437 11410) (2023.49 s)
>> 1880 (11964: 11986 11963 11931) (1953.74 s)
>> 1878 (1125: 12578 12531 12496) (2044.18 s)
>> 1868 (13688: 11538 11548 11540) (1838.15 s)
>> 1865 (728: 12756 28341 12761) (1949.5 s)
>> 1860 (625: 11914 11873 11862) (1963.39 s)
>> 1855 (19931: 12574 12639 12594) (2078.98 s)
>> 1841 (23427: 10978 10993 10968) (2294.83 s)
>> 1825 (6251: 12367 12393 12355) (2310.97 s)
>> 1825 (20366: 12385 12442 12406) (1974.55 s)
>> 1824 (4136: 26035 13214 13213) (1987.06 s)
>> 1817 (29395: 11545 11543 11573) (1971.63 s)
>> 1815 (3393: 34764 10319 10310) (1954.32 s)
>> 1813 (28522: 12934 12916 12898) (1949.98 s)
>> 1789 (20500: 12395 12359 12317) (2120.52 s)
>> 1788 (34355: 11416 29068 11383) (2079.74 s)
>> 1787 (31912: 12290 12313 12307) (2013.41 s)
>> 1784 (5439: 12658 12693 12654) (1936.65 s)
>> 1784 (36473: 10734 10799 10796) (1900.45 s)
>> 1776 (10896: 10893 10901 10895) (1948.74 s)
>> 1759 (3549: 10259 10258 10207) (2539.75 s)
>> 1750 (7532: 11813 11914 11838) (1692.06 s)
>> 1750 (13755: 11750 11722 11734) (1707.5 s)
>> 1742 (23008: 11154 11194 11170) (1903.12 s)
>> 1741 (7512: 11835 11825 11852) (2258.06 s)
>> 1740 (18489: 13090 13145 13140) (2115.19 s)
>> 1736 (8759: 11010 11149 11039) (2263.68 s)
>> 1729 (3281: 10406 10350 10346) (2244.52 s)
>> 1729 (21583: 12154 11927 11875) (2199.91 s)
>> 1726 (7008: 12108 12105 12061) (2137.74 s)
>> 1779 (33754: 11920 7176 12108) (2195.58 s)
>> 1725 (28770: 12706 12793 12678) (2202.84 s)
>> 1724 (4614: 13008 13010 12988) (2187.18 s)
>> 1724 (15071: 10482 10490 10473) (2074.19 s)
>> 1722 (7687: 11783 11760 11727) (2188.61 s)
>> 1721 (7790: 11716 11686 11647) (2192.52 s)
>> 1717 (5131: 12799 12861 12816) (2176.1 s)
>> 1711 (4752: 12961 12967 12964) (2107.2 s)
>> 1705 (8490: 11160 11139 11144) (2173.61 s)
>> 1705 (9830: 10660 10677 10666) (2162.6 s)
>> 1704 (16286: 12134 12137 12115) (2145.72 s)
>> 1697 (30230: 12436 20211 12530) (1993.14 s)
>> 1696 (26428: 10924 8975 10923) (2145.32 s)
>> 1693 (8244: 11356 11287 11272) (2154.35 s)
>> 1691 (2094: 23632 10912 10907) (2152.12 s)
>> 1688 (20101: 12537 12548 12487) (2071.35 s)
>> 1859 (1769: 12534 12537 12477) (2138.18 s)
>> 1681 (26105: 12130 12135 12077) (2140.96 s)
>> 1680 (22056: 11693 11796 11723) (2121.39 s)
>> 1669 (31589: 10876 10976 10972) (4905.16 s)
>> 1665 (28669: 10958 15959 10934) (1859.13 s)
>> 1662 (31344: 13319 13329 13314) (1720.66 s)
>> 1660 (24691: 10519 10528 10482) (1549.58 s)
>> 1659 (19501: 12726 12777 12740) (1488.33 s)
>> 1657 (15395: 12877 12852 12849) (1528.08 s)
>> 1656 (31987: 12642 12673 12665) (1524.6 s)
>> 1655 (19470: 12787 12752 12739) (1553.78 s)
>> 1646 (18589: 13119 13123 13111) (1448.96 s)
>> 1644 (5529: 12828 12666 12664) (1575.08 s)
>> 1640 (22408: 11536 11538 11539) (1527.63 s)
>> 1639 (36317: 10497 10515 10506) (1561.43 s)
>> 1632 (15957: 13138 13078 12951) (1473.36 s)
>> 1631 (7347: 11907 11925 11912) (1545.56 s)
>> 1623 (9220: 10832 23737 10839) (1497.77 s)
>> 1621 (19003: 12947 12936 12908) (1531.61 s)
>> 1616 (24690: 10513 10502 10494) (1442.91 s)
>> 1613 (24670: 10461 10530 10523) (1527 s)
>> 1609 (18717: 13054 13071 13067) (1454.79 s)
>> 1608 (22188: 11652 11650 11629) (1521.58 s)
>> 1604 (32823: 12440 12427 12416) (1468.97 s)
>> 1598 (32935: 22885 11242 11212) (1535.66 s)
>> 1595 (15931: 10971 10959 10928) (1473.02 s)
>> 1593 (3972: 13285 13288 13286) (1504.54 s)
>> 1589 (6368: 12310 12306 12297) (1423.8 s)
>> 1582 (17926: 13353 18002 13351) (1477.35 s)
>> 1579 (3607: 10228 10246 10234) (1430.49 s)
>> 1579 (7389: 11900 11898 11893) (1466.88 s)
>> 1578 (26375: 10274 10286 10242) (1394.69 s)
>> 1576 (9979: 10614 10629 10625) (1461.67 s)
>> 1573 (29038: 12818 12828 12779) (1419.51 s)
>> 1565 (16422: 10703 10712 10692) (1559.05 s)
>> 1563 (18640: 13091 13105 13095) (1372.09 s)
>> 1562 (23565: 10931 10929 10924) (1445.97 s)
>> 1562 (29800: 13199 13203 13198) (1408.46 s)
>> 1556 (20269: 12474 12461 12453) (1447.88 s)
>> 1549 (5655: 12606 12631 12624) (1515.57 s)
>> 1548 (27607: 10405 10454 10414) (1488.24 s)
>> 1544 (31704: 25209 25297 10275) (1442.69 s)
>> 1541 (8584: 11049 11110 11099) (1601.23 s)
>> 1533 (7583: 11780 11815 11809) (1611.03 s)
>> 1533 (26419: 10297 25175 10304) (1592.1 s)
>> 1533 (28156: 11209 22885 11180) (1428.91 s)
>> 1532 (25467: 27126 10167 10203) (1467.61 s)
>> 1527 (9014: 10918 10971 10921) (1317.11 s)
>> 1525 (1374: 12686 33083 12647) (1277.23 s)
>> 1524 (5257: 12759 12784 12770) (1260.88 s)
>> 1516 (9537: 10658 10745 10738) (1271.98 s)
>> 1514 (11065: 11067 11076 11064) (1232.37 s)
>> 1511 (14874: 10393 10377 10366) (1266.79 s)
>> 1502 (35303: 30092 3110 10403) (1249.57 s)
>> 1501 (20831: 12216 12250 12239) (1265.48 s)
>> 1499 (7781: 11695 11752 11693) (1232.47 s)
>> 1493 (13435: 35174 12128 12070) (1261.76 s)
>> 1489 (8985: 10926 10958 10932) (1244.5 s)
>> 1484 (15921: 13206 13207 13204) (1256.86 s)
>> 1478 (6453: 12279 12277 12276) (1213.86 s)
>> 1475 (5430: 12703 12696 12683) (1253.04 s)
>> 1469 (32710: 12094 12028 21243) (1235.95 s)
>> 1467 (29447: 11356 11416 11345) (1249.25 s)
>> 1447 (2046: 12715 12806 12760) (1216.62 s)
>> 1445 (11637: 11664 11635 11617) (1246.68 s)
>> 1438 (21541: 11937 11943 11962) (1226.08 s)
>> 1436 (28220: 13054 13039 13037) (1240.31 s)
>> 1431 (30873: 12554 32197 12569) (1218.16 s)
>> 1429 (9150: 10876 10870 10868) (1237.65 s)
>> 1429 (25047: 10271 3299 10352) (1220.56 s)
>> 1425 (3728: 3729 10274 10184) (1256.72 s)
>> 1422 (13486: 11227 11228 11214) (1228.12 s)
>> 1409 (5143: 12841 12811 12785) (1256.32 s)
>> 1392 (20044: 12554 12567 12536) (1237.85 s)
>> 1389 (18200: 13245 13261 13249) (1249.79 s)
>> 1389 (19914: 12588 12623 12611) (1211.14 s)
>> 1388 (29550: 12385 12367 12347) (1246.14 s)
>> 1377 (16171: 11246 11355 11150) (1229.06 s)
>> 1376 (26278: 11474 11467 11431) (1242.49 s)
>> 1369 (8209: 11332 11316 11307) (1211.38 s)
>> 1369 (10391: 10392 10393 10389) (1240.08 s)
>> 1368 (2526: 11285 11263 11236) (1222.64 s)
>> 1367 (34711: 35829 12535 12362) (1235.16 s)
>> 1362 (6057: 12429 12449 12436) (1197.57 s)
>> 1357 (6518: 12272 12260 12227) (1231.05 s)
>> 1346 (5837: 12528 12575 12540) (1214.48 s)
>> 1327 (5471: 12680 12679 12641) (1227 s)
>> 1324 (12098: 12065 12096 12092) (1196.69 s)
>> 1311 (7568: 11783 11818 11797) (1225.09 s)
>> 1311 (21695: 11895 11926 11891) (1205.2 s)
>> 1308 (19516: 12733 12755 12675) (1218.12 s)
>> 1307 (13901: 11640 11625 11609) (1181.2 s)
>> 1303 (579: 12997 13016 12999) (1216.12 s)
>> 1300 (21493: 11989 12045 11972) (1198.2 s)
>> 1298 (5305: 12735 12757 12750) (1209.76 s)
>> 1297 (36775: 13285 13280 13279) (1182.27 s)
>> 1292 (34067: 11725 11769 11732) (1216.81 s)
>> 1280 (1698: 10656 10668 10649) (1201.3 s)
>> 1279 (11866: 11870 11887 11863) (1216.39 s)
>> 1267 (4862: 12910 12896 12873) (1182.27 s)
>> 1265 (21954: 11754 11806 11720) (1212.41 s)
>> 1263 (29824: 10251 10236 10252) (1195.44 s)
>> 1261 (20889: 12222 12248 12236) (1207.33 s)
>> 1259 (7891: 11102 11631 11624) (1178.42 s)
>> 1259 (32497: 12942 12934 12937) (1208.67 s)
>> 1256 (22262: 11644 11675 11641) (1187.75 s)
>> 1254 (24723: 10509 10510 10477) (1201.25 s)
>> 1253 (29225: 11819 11841 11802) (1162.49 s)
>> 1249 (479: 11209 11195 11213) (1193.93 s)
>> 1247 (19707: 12658 12648 12703) (1137.47 s)
>> 1246 (8785: 11015 11034 11017) (1276.42 s)
>> 1244 (7096: 12017 12027 12024) (1279.4 s)
>> 1238 (20675: 12291 12310 12238) (1272.17 s)
>> 1229 (14001: 12500 12489 12470) (1317.83 s)
>> 1225 (15262: 11185 11215 11184) (1256.3 s)
>> 1224 (17441: 11138 11049 11160) (1295.3 s)
>> 1219 (766: 11378 11465 11102) (1356.85 s)
>> 1219 (35001: 11694 11705 11664) (1277.84 s)
>> 1218 (11709: 11682 11750 11708) (1178.85 s)
>> 1214 (13746: 12589 12605 12577) (1254.22 s)
>> 1214 (29471: 11122 11134 11083) (1319.29 s)
>> 1212 (20907: 12210 12218 12156) (1234.49 s)
>> 1210 (19408: 19447 5227 12825) (1240.06 s)
>> 1206 (29134: 12765 27062 12817) (1127.32 s)
>> 1200 (8115: 11423 11409 11397) (1164.52 s)
>> 1199 (10025: 10620 10613 10594) (1140.11 s)
>> 1199 (23461: 11001 23412 10953) (1154.06 s)
>> 1197 (21187: 12095 12136 12081) (1131.15 s)
>> 1194 (20201: 12578 12482 12385) (1154.52 s)
>> 1192 (34245: 12479 12525 12483) (1141.7 s)
>> 1181 (28979: 13057 13066 13053) (1151.12 s)
>> 1178 (21876: 11799 11836 11861) (1132.68 s)
>> 1178 (32467: 11932 11934 11835) (1148.14 s)
>> 1169 (3990: 13283 13285 13284) (1132.88 s)
>> 1168 (23917: 10794 10888 10730) (1144.5 s)
>> 1167 (23848: 10795 10832 10820) (1116.68 s)
>> 1166 (20299: 12458 12505 12429) (1140.34 s)
>> 1166 (28382: 11993 11992 12039) (1125.26 s)
>> 1161 (19776: 12660 19839 12663) (1203.1 s)
>> 1160 (20856: 12228 12244 12219) (1165.4 s)
>> 1159 (1713: 12391 12402 12371) (1380.81 s)
>> 1150 (17081: 12177 12192 12151) (1461 s)
>> 1150 (22884: 11205 26743 11200) (1493.5 s)
>> 1149 (8744: 11030 10967 23303) (1428.96 s)
>> 1146 (4799: 12974 12943 12866) (1538.61 s)
>> 1144 (21462: 11979 12010 11922) (1446.13 s)
>> 1142 (7199: 12002 11987 11978) (1432.1 s)
>> 1142 (22618: 22609 11380 11377) (1278.47 s)
>> 1138 (6089: 12438 12450 12437) (1502.67 s)
>> 1136 (31543: 12343 12331 12292) (1415.02 s)
>> 1133 (7822: 11378 11746 11661) (1517.57 s)
>> 1128 (23459: 23448 10963 10876) (1362.41 s)
>> 1127 (975: 11135 11138 11130) (1353.95 s)
>> 1127 (5702: 12602 12637 12622) (1124.09 s)
>> 1127 (19601: 12715 12705 12700) (1197.32 s)
>> 1124 (27029: 11807 11932 11645) (1126.29 s)
>> 1121 (6593: 12245 12237 12224) (1248.97 s)
>> 1118 (7946: 11601 11621 11606) (1243.39 s)
>> 1113 (31800: 11794 11826 11656) (1223.99 s)
>> 1112 (8866: 10977 10982 10980) (1139.92 s)
>> 1112 (19266: 12834 12782 12759) (1198.62 s)
>> 1111 (8093: 11436 11475 11432) (1159.57 s)
>> 1108 (18694: 13074 13138 12992) (1196.69 s)
>> 1107 (13742: 12753 35226 12312) (1122.31 s)
>> 1102 (14784: 10641 10639 10635) (1080.09 s)
>> 1101 (3906: 13315 18028 16217) (1051.42 s)
>> 1101 (18664: 13063 13100 13073) (1057.64 s)
>> 1101 (26290: 12394 12412 12386) (1036.8 s)
>> 1098 (7657: 11754 11777 11753) (1100.5 s)
>> 1097 (22758: 11286 11295 11260) (1159.35 s)
>> 1093 (8287: 11253 11265 11252) (1179.51 s)
>> 1090 (34110: 10483 10497 10463) (1062.53 s)
>> 1089 (1212: 12212 12231 12189) (1182.45 s)
>> 1084 (9350: 10795 10793 10764) (1125.92 s)
>> 1082 (29865: 11823 11810 11768) (1225.09 s)
>> 1080 (22726: 11310 22749 11300) (1199.55 s)
>> 1076 (19163: 12857 12865 12862) (1303.57 s)
>> 1073 (5455: 12677 12697 12684) (1329.36 s)
>> 1073 (11579: 11640 11571 11575) (1236.94 s)
>> 1070 (19144: 12868 12888 12885) (1075.92 s)
>> 1067 (8364: 35645 11210 11190) (1141.09 s)
>> 1066 (1376: 11666 11642 11630) (1111.02 s)
>> 1066 (18171: 13262 13294 13221) (1130.16 s)
>> 1065 (8418: 11181 11185 11166) (1073.21 s)
>> 1065 (16210: 3960 13297 13283) (1125.68 s)
>> 1065 (21181: 12100 12134 12078) (1094.02 s)
>> 1054 (6392: 12288 12315 12299) (1122.95 s)
>> 1049 (19932: 12588 12574 12564) (1049.27 s)
>> 1047 (27316: 10499 10480 10461) (1115.61 s)
>> 1045 (21117: 12131 12106 12100) (1086.12 s)
>> 1043 (8145: 11414 11400 11399) (1115.02 s)
>> 1040 (11762: 11747 11776 11761) (1055.93 s)
>> 1038 (36456: 10698 10703 10678) (1107.81 s)
>> 1035 (24126: 10707 10720 10713) (1077.96 s)
>> 1034 (7711: 11773 11739 11737) (1103.54 s)
>> 1032 (31968: 11605 11666 11587) (1043.55 s)
>> 1028 (4511: 13043 13062 13056) (1096.84 s)
>> 1026 (4586: 13058 13020 13019) (1069.08 s)
>> 1025 (598: 12139 12148 12095) (1097.13 s)
>> 1024 (5030: 12850 12910 12826) (1040.07 s)
>> 1022 (24696: 10514 10526 10499) (1090.26 s)
>> 1015 (7073: 12031 12107 12064) (1026.4 s)
>> 1014 (18373: 13190 26317 13188) (1048.38 s)
>> 1010 (2986: 10527 10534 10533) (991.485 s)
>> 1009 (8254: 11282 35645 11280) (985.835 s)
>> 1009 (11393: 11403 22653 11392) (1025.75 s)
>> 1008 (19379: 12765 12831 12774) (1036.17 s)
>> 1007 (19935: 12596 12613 12576) (1078.89 s)
>> 1007 (21666: 11909 11899 11793) (1287.69 s)
>> 999 (23254: 11135 11015 11041) (1258.77 s)
>> 993 (23352: 11002 11014 10996) (1100.83 s)
>> 992 (5614: 12606 12617 12608) (1019.68 s)
>> 989 (20512: 35829 12346 12295) (1082.4 s)
>> 985 (17033: 12216 12257 12255) (1046.8 s)
>> 982 (26252: 13235 13228 13222) (1089.04 s)
>> 981 (21482: 11973 11980 11901) (1041.99 s)
>> 976 (22022: 11771 11798 11751) (1089.53 s)
>> 975 (18016: 13312 13325 13321) (1058.99 s)
>> 973 (17429: 11205 11147 11142) (1084.21 s)
>> 968 (19543: 12729 12727 12724) (1016.71 s)
>> 967 (11509: 11494 11503 11506) (1081.32 s)
>> 962 (19879: 12606 12566 12618) (1050.63 s)
>> 961 (4594: 13009 13027 13021) (1079.23 s)
>> 961 (21444: 11984 12035 11983) (1023.19 s)
>> 956 (7126: 12011 12037 11985) (1062.78 s)
>> 953 (6604: 12232 12264 12208) (1031.36 s)
>> 1859 (6768: 12131 12232 12162) (1061.85 s)
>> 948 (2961: 10540 10547 10514) (1011.13 s)
>> 948 (30957: 12460 12534 12463) (1066.81 s)
>> 947 (18824: 13003 13013 12994) (1037.14 s)
>> 946 (19922: 12612 12635 12581) (1299.89 s)
>> 945 (24511: 10566 10595 10581) (1184.37 s)
>> 942 (21761: 28124 11895 11894) (1242.66 s)
>> 936 (19609: 12713 12734 12701) (1183.59 s)
>> 932 (22551: 11406 11452 11423) (1325.68 s)
>> 930 (9492: 10755 10756 10721) (1124.2 s)
>> 925 (14726: 13025 13034 13008) (1249.33 s)
>> 925 (24815: 24814 24846 10456) (1184.73 s)
>> 920 (15757: 11375 11356 22648) (1249.45 s)
>> 912 (32135: 11977 11968 11937) (1164.28 s)
>> 909 (20342: 12433 12454 12428) (1257.54 s)
>> 908 (22863: 11217 11220 11199) (1145.2 s)
>> 906 (20476: 6300 12365 20430) (1293.39 s)
>> 905 (20457: 12396 12394 12366) (1217.91 s)
>> 1150 (35454: 6300 12396 12389) (1375.28 s)
>> 902 (26336: 11038 11010 11001) (1309.4 s)
>> 898 (19808: 19843 12686 12633) (1332.54 s)
>> 896 (5309: 12692 12748 12716) (1153.08 s)
>> 896 (19113: 12868 12893 12899) (933.651 s)
>> 894 (1683: 11620 11652 11649) (918.505 s)
>> 891 (16344: 13201 36050 13194) (928.466 s)
>> 889 (22267: 11612 7809 11644) (897.733 s)
>> 889 (28901: 10500 10525 10481) (924.919 s)
>> 885 (26874: 12620 12630 12606) (911.376 s)
>> 882 (6734: 12177 12201 12187) (924.319 s)
>> 881 (8030: 11521 11534 11519) (867.627 s)
>> 879 (14873: 10376 10392 10374) (885.065 s)
>> 877 (21810: 11856 11823 11799) (872.84 s)
>> 876 (9465: 10762 10741 10658) (879.367 s)
>> 872 (13965: 11767 12154 11040) (872.652 s)
>> 869 (15913: 11855 11870 11819) (878.027 s)
>> 868 (17099: 12170 12141 12130) (866.207 s)
>> 867 (29589: 25158 10607 10298) (873.312 s)
>> 863 (23208: 11054 11082 11057) (852.213 s)
>> 858 (20611: 12316 34707 12314) (870.481 s)
>> 857 (24967: 10376 10375 10356) (856.704 s)
>> 855 (7017: 12090 12059 12034) (867.159 s)
>> 855 (18621: 13106 13101 13074) (842.506 s)
>> 853 (19106: 12895 13003 12875) (863.603 s)
>> 852 (19533: 12730 12769 12747) (845.506 s)
>> 845 (27913: 11859 11876 11816) (850.306 s)
>> 843 (3909: 13313 13346 13315) (827.328 s)
>> 842 (24843: 10415 10453 10448) (843.829 s)
>> 842 (32368: 12904 12933 12921) (832.271 s)
>> 840 (8977: 10933 10935 10931) (841.681 s)
>> 839 (30448: 12753 13025 12979) (816.047 s)
>> 838 (23149: 11077 11122 11091) (837.747 s)
>> 837 (8380: 11188 11219 11201) (826.46 s)
>> 836 (3282: 10342 10353 10345) (833.32 s)
>> 836 (22045: 11758 11759 11712) (813.634 s)
>> 834 (14146: 10204 10221 10193) (829.542 s)
>> 832 (24339: 10637 10641 10614) (820.239 s)
>> 928 (9956: 9936 10637 10634) (836.044 s)
>> 828 (7080: 12029 21397 11984) (825.006 s)
>> 823 (25870: 12541 12549 12547) (846.977 s)
>> 820 (5794: 12559 12612 12539) (820.085 s)
>> 820 (23996: 10768 10783 10776) (822.983 s)
>> 819 (5899: 12508 12554 12515) (803.605 s)
>> 816 (983: 12709 12735 12722) (819.95 s)
>> 815 (15465: 11696 11711 11655) (808.311 s)
>> 811 (8173: 11358 11406 11379) (816.449 s)
>> 811 (12112: 12104 12127 12110) (797.903 s)
>> 810 (22223: 11657 11633 11651) (812.879 s)
>> 803 (20168: 12501 12529 12497) (800.679 s)
>> 802 (26211: 11258 11294 11285) (808.694 s)
>> 800 (28081: 13087 13112 13033) (790.631 s)
>> 788 (19557: 12737 12714 12680) (805.399 s)
>> 785 (13522: 12626 12615 12508) (793.501 s)
>> 783 (372: 10673 10659 10656) (801.942 s)
>> 783 (5704: 12568 12602 12578) (778.324 s)
>> 781 (25117: 10317 10318 10312) (798.701 s)
>> 781 (34621: 11918 11950 11933) (787.293 s)
>> 780 (29913: 13063 13129 12974) (795.378 s)
>> 778 (4934: 12881 13063 12880) (776.183 s)
>> 777 (31330: 12038 12153 12057) (791.92 s)
>> 774 (5494: 12674 12695 12677) (780.859 s)
>> 774 (24175: 10762 10708 10597) (789.131 s)
>> 771 (28654: 11358 11438 11319) (767.88 s)
>> 768 (11703: 11794 11701 11663) (786.335 s)
>> 764 (34561: 10685 25187 10537) (774.346 s)
>> 758 (34500: 11227 11250 11237) (787.847 s)
>> 757 (23714: 10882 10942 10865) (770.888 s)
>> 756 (6410: 12293 12294 12246) (784.743 s)
>> 753 (22001: 22063 11754 11691) (774.77 s)
>> 753 (27556: 12543 12596 12570) (782.32 s)
>> 745 (5549: 12657 12661 12588) (760.937 s)
>> 744 (5015: 12853 12876 12850) (779.408 s)
>> 738 (15635: 11114 11135 11094) (769.483 s)
>> 738 (30882: 12094 12067 12011) (776.055 s)
>> 736 (18998: 12945 34421 12913) (761.121 s)
>> 735 (21340: 12029 12181 12047) (773.529 s)
>> 734 (8235: 11302 8259 11324) (763.629 s)
>> 734 (24403: 10615 9936 10623) (774.546 s)
>> 730 (25154: 10309 25701 10317) (777.212 s)
>> 1396 (34017: 10309 27977 10287) (783.205 s)
>> 723 (22409: 11533 11520 11536) (775.033 s)
>> 717 (5829: 12542 12657 12501) (781.886 s)
>> 713 (1915: 10881 10918 10855) (768.229 s)
>> 713 (7588: 11859 11833 11811) (779.195 s)
>> 711 (33781: 10590 34446 10697) (769.325 s)
>> 705 (7557: 11834 11897 11827) (778.392 s)
>> 705 (26009: 12424 12431 12407) (823.744 s)
>> 704 (7795: 11687 11684 11677) (1011.06 s)
>> 704 (13885: 12830 12844 12818) (972.21 s)
>> 703 (21101: 12118 12210 12066) (1013.63 s)
>> 701 (21750: 11858 11900 11884) (937.337 s)
>> 698 (18013: 13327 13326 13312) (1020.56 s)
>> 697 (3303: 10335 10341 10330) (1055.52 s)
>> 697 (33833: 12009 12033 11966) (1008.29 s)
>> 693 (33150: 11946 11924 11903) (794.571 s)
>> 691 (7917: 11618 11648 11614) (1000.68 s)
>> 688 (21529: 11958 28124 21518) (953.378 s)
>> 687 (21306: 12058 12048 12029) (996.285 s)
>> 682 (3796: 10542 10555 10540) (1034.49 s)
>> 680 (34612: 10988 10978 10977) (986.537 s)
>> 675 (5698: 12614 12603 12571) (947.567 s)
>> 675 (21615: 11917 11919 11916) (987.136 s)
>> 667 (13788: 12183 12212 12197) (886.386 s)
>> 829 (29885: 12176 12183 12133) (984.132 s)
>> 667 (33819: 27242 22063 11812) (937.116 s)
>> 665 (15871: 11883 11896 11856) (972.378 s)
>> 664 (18961: 12962 12948 12945) (900.024 s)
>> 660 (6653: 12226 12214 12206) (968.977 s)
>> 804 (26001: 12207 12226 12191) (925.563 s)
>> 658 (26401: 11550 11594 11570) (964.534 s)
>> 655 (22501: 11484 11494 11444) (871.974 s)
>> 653 (21522: 11967 12094 11971) (960.652 s)
>> 652 (19775: 12659 12830 12643) (917.623 s)
>> 646 (33796: 11474 22453 11499) (953.482 s)
>> 644 (19833: 12638 12668 12542) (883.83 s)
>> 643 (30608: 11238 11253 11226) (949.234 s)
>> 641 (8726: 11002 11035 11028) (909.24 s)
>> 638 (19652: 12694 12689 12708) (944.242 s)
>> 636 (27968: 12149 12157 12132) (850.72 s)
>> 634 (20714: 12279 12293 12287) (940.697 s)
>> 629 (6688: 12188 12304 12204) (901.316 s)
>> 622 (10035: 10620 10615 10610) (935.312 s)
>> 620 (9059: 10913 10933 10889) (866.913 s)
>> 616 (2945: 10578 10545 10542) (929.203 s)
>> 616 (33047: 10795 10757 10749) (891.836 s)
>> 602 (35103: 11868 11855 11918) (923.939 s)
>> 599 (22793: 11264 11302 11227) (835.749 s)
>> 598 (25526: 10164 10188 10177) (919.834 s)
>> 596 (24821: 10458 10457 10396) (883.091 s)
>> 592 (14701: 18805 13035 13028) (916.816 s)
>> 586 (15036: 12846 12829 12803) (849.758 s)
>> 585 (26158: 11266 11279 11251) (912.351 s)
>> 583 (9453: 10760 10795 10763) (877.943 s)
>> 582 (9466: 10761 10767 10762) (908.443 s)
>> 577 (9394: 10766 10784 10779) (821.326 s)
>> 576 (6181: 12390 12568 12413) (902.995 s)
>> 575 (24368: 10636 10621 10620) (869.33 s)
>> 573 (9997: 10624 24456 10608) (892.488 s)
>> 572 (13851: 12653 12670 12649) (830.427 s)
>> 570 (22239: 11601 11696 11620) (889.418 s)
>> 562 (25007: 25018 10325 10406) (858.502 s)
>> 561 (22778: 11254 11258 11267) (886.732 s)
>> 560 (19673: 12653 12753 12690) (845.931 s)
>> 545 (17643: 10715 10743 10707) (931.816 s)
>> 539 (5667: 12636 12619 12593) (854.278 s)
>> 538 (8048: 11477 11443 11430) (879.671 s)
>> 538 (24581: 10566 10578 10558) (819.946 s)
>> 537 (1917: 10204 10219 10213) (874.317 s)
>> 533 (22826: 11209 11266 11257) (845.378 s)
>> 530 (21686: 11886 11872 11824) (873.308 s)
>> 528 (3871: 13327 13330 13328) (829.082 s)
>> 528 (9898: 10648 10670 10645) (866.114 s)
>> 528 (21506: 11951 11942 11953) (832.235 s)
>> 525 (5799: 12558 12579 12512) (857.78 s)
>> 525 (8220: 11309 11328 11331) (801.806 s)
>> 525 (8518: 11114 11145 11141) (858.01 s)
>> 524 (22903: 11204 11211 11206) (831.636 s)
>> 522 (22153: 22154 11682 11688) (850.995 s)
>> 517 (7579: 11779 11840 11807) (776.152 s)
>> 512 (24944: 10527 10416 10384) (848.939 s)
>> 509 (2723: 12749 12765 12741) (815.19 s)
>> 505 (17793: 10323 34764 10326) (843.859 s)
>> 503 (4548: 13042 13054 13031) (786.646 s)
>> 503 (20559: 12340 12374 12354) (838.262 s)
>> 498 (6646: 12207 12245 12215) (805.685 s)
>> 497 (5317: 12745 12758 12736) (835.239 s)
>> 497 (22704: 11309 11254 11332) (760.544 s)
>> 492 (19237: 12841 12881 12846) (828.599 s)
>> 487 (17042: 12291 12301 12233) (799.67 s)
>> 484 (32790: 11657 11623 11613) (844.614 s)
>> 480 (19593: 12674 12726 12711) (772.421 s)
>> 479 (31808: 11795 11747 21869) (820.616 s)
>> 477 (7026: 12054 12060 12002) (786.169 s)
>> 476 (9796: 10674 10698 10663) (810.156 s)
>> 472 (19880: 5682 12589 12658) (746.605 s)
>> 470 (28212: 11673 11697 11704) (893.15 s)
>> 469 (20025: 12561 5682 12538) (861.788 s)
>> 468 (6323: 12270 12458 12319) (894.814 s)
>> 464 (24029: 10760 10753 10750) (827.473 s)
>> 463 (24161: 10715 10702 10674) (890.655 s)
>> 462 (3687: 10204 10212 10208) (851.301 s)
>> 460 (29131: 20285 29746 12476) (887.811 s)
>> 457 (18802: 13007 13009 13000) (801.08 s)
>> 457 (22641: 11359 11375 11365) (883.606 s)
>> 457 (30235: 12049 12058 12012) (846.095 s)
>> 456 (6947: 12080 12131 12063) (880.937 s)
>> 449 (22052: 11724 11883 11755) (816.059 s)
>> 448 (9845: 10715 10673 10655) (876.602 s)
>> 448 (15255: 10881 10834 10833) (839.54 s)
>> 445 (16514: 13236 13244 13206) (873.933 s)
>> 440 (2217: 11098 11066 11051) (789.552 s)
>> 440 (8327: 11264 11240 11188) (866.482 s)
>> 438 (22067: 27242 22074 11601) (763.613 s)
>> 437 (22451: 11511 11527 11502) (774.198 s)
>> 430 (18740: 13045 13090 12653) (728.633 s)
>> 430 (21815: 11808 11869 11780) (770.097 s)
>> 429 (19376: 12792 12786 12766) (742.781 s)
>> 429 (22163: 11685 11659 11669) (763.354 s)
>> 429 (28819: 12342 12357 12333) (704.648 s)
>> 427 (7970: 11574 27242 11603) (761.521 s)
>> 424 (21387: 12005 12019 11920) (737.468 s)
>> 424 (24711: 10504 10503 36430) (759.413 s)
>> 420 (31651: 11284 11310 11283) (714.788 s)
>> 412 (21935: 11790 11791 11758) (751.625 s)
>> 412 (32601: 12377 12361 12384) (729.018 s)
>> 411 (3939: 13252 13311 13301) (747.544 s)
>> 403 (4590: 13015 13042 13002) (700.358 s)
>> 389 (16885: 12590 12626 12587) (745.239 s)
>> 388 (22728: 11286 11318 11311) (724.208 s)
>> 1029 (31409: 11341 11322 11286) (741.974 s)
>> 388 (27643: 12343 12326 12279) (703.566 s)
>> 384 (24104: 10755 10794 10590) (747.466 s)
>> 382 (27157: 10262 10259 10251) (729.172 s)
>> 381 (18741: 13043 13058 13036) (748.63 s)
>> 380 (15649: 11169 11262 11168) (688.48 s)
>> 380 (16623: 12998 13015 12989) (746.153 s)
>> 375 (12008: 11993 12014 12006) (721.846 s)
>> 372 (21299: 12056 35174 12023) (742.111 s)
>> 370 (4220: 13184 13190 13163) (699.89 s)
>> 364 (7516: 11909 11843 11817) (736.727 s)
>> 354 (6230: 12364 12391 12372) (710.185 s)
>> 351 (24636: 10761 10546 10527) (728.464 s)
>> 350 (6272: 6300 12377 12351) (674.885 s)
>> 345 (27661: 26840 13309 13262) (724.09 s)
>> 344 (33151: 12013 12036 11988) (702.034 s)
>> 341 (17049: 12272 12223 12177) (719.937 s)
>> 339 (8525: 11114 11133 11123) (680.34 s)
>> 336 (8594: 11067 11378 11087) (713.228 s)
>> 334 (9312: 10812 10818 10760) (691.607 s)
>> 332 (6913: 12101 12005 12126) (712.904 s)
>> 321 (24535: 10566 10574 10572) (661.248 s)
>> 315 (21832: 11828 11868 11820) (710.246 s)
>> 311 (21936: 11766 11828 11787) (690.695 s)
>> 309 (7094: 12025 12055 12044) (730.525 s)
>> 375 (21335: 12025 7050 12056) (692.151 s)
>> 308 (26687: 12475 12435 12390) (698.858 s)
>> 299 (12469: 20285 12468 12440) (678.802 s)
>> 299 (32820: 29491 12340 12288) (697.626 s)
>> 297 (12041: 11967 12050 12040) (650.212 s)
>> 295 (18357: 13184 13224 13193) (692.71 s)
>> 294 (20828: 12207 12261 12252) (672.902 s)
>> 293 (25064: 10342 25050 10331) (729.779 s)
>> 292 (25070: 10333 10328 10321) (656.193 s)
>> 291 (22680: 11329 11330 22684) (682.603 s)
>> 291 (31658: 12738 12841 12721) (662.963 s)
>> 286 (1062: 12799 12800 12776) (678.881 s)
>> 286 (14935: 13327 13307 13252) (632.166 s)
>> 285 (7366: 11905 11917 11858) (671.806 s)
>> 281 (22386: 11521 11546 11542) (653.995 s)
>> 381 (22337: 11551 11574 11521) (668.388 s)
>> 280 (18647: 13094 13089 13080) (637.367 s)
>> 492 (18665: 13094 13085 13057) (677.817 s)
>> 279 (21539: 11946 12013 11970) (708.629 s)
>> 278 (5869: 12527 12706 12513) (664.263 s)
>> 278 (10061: 10566 10636 10600) (622.311 s)
>> 276 (3225: 10378 10458 10329) (659.774 s)
>> 273 (21862: 11766 11821 11756) (643.736 s)
>> 272 (11334: 11329 11341 11333) (657.09 s)
>> 264 (17622: 10775 10808 10761) (627.584 s)
>> 263 (24984: 10376 10340 10379) (653.205 s)
>> 255 (19851: 12616 12620 12590) (637.173 s)
>> 250 (21999: 11775 11766 11757) (651.306 s)
>> 250 (33829: 11476 11551 11456) (609.805 s)
>> 245 (5805: 12556 12614 12558) (646.892 s)
>> 238 (23480: 10960 23448 11002) (630.695 s)
>> 236 (4050: 13253 13263 13260) (644.708 s)
>> 236 (9185: 10853 10852 10775) (616.807 s)
>> 228 (3042: 10519 10500 10493) (639.989 s)
>> 227 (4564: 18805 13032 13030) (627.434 s)
>> 223 (16694: 12749 12848 12833) (642.222 s)
>> 221 (6830: 12117 12176 12139) (624.684 s)
>> 215 (7132: 12004 12025 11994) (635.903 s)
>> 215 (23221: 11061 11098 11053) (618.246 s)
>> 211 (13759: 11114 11163 11159) (630.511 s)
>> 210 (16959: 12446 12460 12395) (600.3 s)
>> 205 (5827: 12544 12616 12528) (622.696 s)
>> 202 (4186: 13199 13197 13196) (607.741 s)
>> 202 (7495: 11857 11882 11829) (618.613 s)
>> 202 (15150: 6300 12433 12415) (583.628 s)
>> 199 (21012: 12185 12198 12167) (620.145 s)
>> 199 (24136: 10715 10716 10685) (608.009 s)
>> 198 (22383: 11533 11545 11549) (619.28 s)
>> 197 (6818: 12138 12149 12031) (593.453 s)
>> 195 (6035: 12500 12455 12471) (610.314 s)
>> 191 (21194: 12090 12170 12143) (598.182 s)
>> 190 (7683: 11763 11792 11715) (608.21 s)
>> 178 (23761: 10960 10869 10854) (573.455 s)
>> 177 (4689: 13164 12997 12962) (604.14 s)
>> 177 (5261: 12768 19447 12709) (589.902 s)
>> 175 (35006: 11544 11533 11433) (600.877 s)
>> 174 (8333: 11218 11264 11235) (578.951 s)
>> 172 (22194: 11658 11886 11694) (598.129 s)
>> 171 (11584: 11716 11596 11580) (585.04 s)
>> 171 (22956: 11209 11173 11132) (594.886 s)
>> 171 (27852: 10893 23632 10887) (563.593 s)
>> 170 (19279: 12805 12887 12745) (590.49 s)
>> 166 (6152: 12404 20337 12430) (575.881 s)
>> 154 (4743: 12957 12961 12950) (583.925 s)
>> 153 (5106: 12823 12877 12527) (567.43 s)
>> 152 (22371: 11640 11559 11544) (586.644 s)
>> 148 (2918: 10566 10562 10550) (574.667 s)
>> 148 (6548: 12251 12281 12114) (583.424 s)
>> 140 (9472: 10759 10853 10758) (554.146 s)
>> 139 (19693: 12733 12688 12672) (579.671 s)
>> 138 (31697: 10875 10881 10872) (566.693 s)
>> 133 (9498: 10754 30755 10812) (573.481 s)
>> 127 (2606: 10913 10946 10944) (555.15 s)
>> 126 (20323: 12424 12432 20285) (570.939 s)
>> 119 (5105: 12815 12834 12824) (559.315 s)
>> 117 (7638: 11782 11909 11773) (567.951 s)
>> 115 (8562: 11114 11120 11088) (537.055 s)
>> 108 (23128: 11085 11131 11092) (556.974 s)
>> 103 (6555: 12249 12271 12117) (546.216 s)
>> 100 (5263: 12767 12772 12733) (554.373 s)
>> 99 (5513: 12669 12707 12660) (537.281 s)
>> 95 (23050: 11137 11114 11077) (555.358 s)
>> 94 (22472: 11477 11476 11358) (542.443 s)
>> 78 (23499: 10875 10979 10957) (549.508 s)
>> 76 (25141: 10315 10323 10313) (523.467 s)
>> 73 (5856: 12559 12532 12446) (545.964 s)
>> 73 (23262: 11043 11137 11050) (537.389 s)
>> 64 (6223: 12364 12404 12356) (544.198 s)
>> 63 (20179: 20150 12544 12500) (527.705 s)
>> 54 (7161: 11991 12138 11979) (541.593 s)
>> 53 (20999: 12182 12186 12169) (531.191 s)
>> 36 (23681: 10892 10940 10755) (537.208 s)
>> 29 (6756: 12174 12178 12065) (514.234 s)
>> 28 (22465: 11477 11511 11497) (534.862 s)
>> 18 (4849: 4863 12928 12915) (525.306 s)
>> 230 (19018: 4863 12944 12942) (531.545 s)
>> 16 (18520: 13139 13258 13120) (514.389 s)
>> 11 (36671: 11967 12104 12082) (528.319 s)
>> 0 (-1: -1 -1 -1) (518.584 s)
Zelikovsky- 1.71855e+06 s
>>> get_solution
  refine_solution: new weight 815881811 (was 815915761) in 0.024081 s
  refine_solution: new weight 815881804 (was 815881811) in 0.025669 s
  refine_solution: new weight 815881804 (was 815881804) in 0.025601 s
>>> get_solution
  refine_solution: new weight 816796836 (was 817124716) in 0.024455 s
  refine_solution: new weight 816765211 (was 816796836) in 0.025747 s
  refine_solution: new weight 816756702 (was 816765211) in 0.025483 s
  refine_solution: new weight 816754400 (was 816756702) in 0.025668 s
  refine_solution: new weight 816754400 (was 816754400) in 0.025434 s
0,,36786,54995,2894,,0,0,,817124716,816754400,816207829,815915761,815881804,,0,0,@@

  delete_edges: deleted 168 edges in 0.015484 s and 2 rounds
  handle_small_Steiner_degrees: steiner 0, suppress 285 in 0.000218 s
Starting round 1
contract_till_the_bitter_end interrupted
contract_till_the_bitter_end: 1.80123e+06 s

Calling end_heu
>>> get_solution
Saved weight 574491833
end_heu: 0 loops with 0 unique solutions in 0.005442 s

Calling print_solution
>>> get_solution
  refine_solution: new weight 816811788 (was 817124716) in 0.044937 s
Oops orig weight was 817124716 but we got 816811788
## FINAL WEIGHT 816811788
print_solution: 0.085499 s
