Version: final-94-gfffc3aa rub_all.sh: remove longest prefix
Random seed: 1558071502
Start
>>> save_orig_graph
>> Saved weight 0
Graph loaded
|V| = 321, |E| = 51040, |R| = 80
First clearance of the input. Calling buy_zero and run_all_heuristics.
  buy_zero: 0 zero edges in 6.2e-05 s
  handle_small_terminal_degrees: terms 0 in 0 s
  handle_small_Steiner_degrees: steiner 0, suppress 0 in 1e-06 s
  shortest_edge_between_terminals: 0 edges in 5.5e-05 s
Compressed graph 321 -> 320
  delete_edges: deleted 0 edges in 0.051748 s and 1 rounds
  handle_small_terminal_degrees: terms 0 in 0 s
  handle_small_Steiner_degrees: steiner 0, suppress 0 in 0 s
  shortest_edge_between_terminals: 0 edges in 5.6e-05 s
Compressed graph 320 -> 320
  delete_edges_shortest_path: deleted 0 edges in 0.117228 s
  handle_small_terminal_degrees: terms 0 in 0 s
  handle_small_Steiner_degrees: steiner 0, suppress 0 in 1e-06 s
  shortest_edge_between_terminals: 0 edges in 5.5e-05 s
Compressed graph 320 -> 320
  handle_small_terminal_degrees: terms 0 in 0 s
  handle_small_Steiner_degrees: steiner 0, suppress 0 in 1e-06 s
  shortest_edge_between_terminals: 0 edges in 6.1e-05 s
Compressed graph 320 -> 320
  delete_edges_shortest_path: deleted 0 edges in 0.117163 s
  handle_small_terminal_degrees: terms 0 in 0 s
  handle_small_Steiner_degrees: steiner 0, suppress 0 in 0 s
  shortest_edge_between_terminals: 0 edges in 5.5e-05 s
Compressed graph 320 -> 320
Compressed graph 320 -> 320
>>> save_orig_graph
>> Saved weight 0
### ZEL_LVL=9 PRECISE_STARS=1

Calling `contract_till_the_bitter_end`
|V| = 320, |E| = 51040, |R| = 80
>> 25 (223: 0 13 0) (0.006942 s)
>> 0 (-1: -1 -1 -1) (0.005607 s)
Zelikovsky 0.15848 s
>> 25 (140: 43 74 64) (0.103428 s)
>> 0 (-1: -1 -1 -1) (0.101968 s)
Zelikovsky- 0.231355 s
>>> get_solution
  refine_solution: new weight 15881 (was 15881) in 0.003648 s
>>> get_solution
  refine_solution: new weight 22756 (was 22756) in 0.004109 s
0,,320,51040,80,,0,0,,22756,22756,15979,15881,15881,,0,0,@@

  delete_edges: deleted 0 edges in 0.05197 s and 1 rounds
  handle_small_Steiner_degrees: steiner 0, suppress 0 in 1e-06 s
Starting round 1
Found 0 isolated vertices
Invalid ratios recomputed: 320
Best ratio is 7349/37 (198.6), centered at 140
Finding the best star... Star with 38 terminals centered in 43
round took: 0.108097 s
|V| = 320, |E| = 39621, |R| = 43
>> 0 (-1: -1 -1 -1) (0.001693 s)
Zelikovsky 0.088169 s
>> 0 (-1: -1 -1 -1) (0.065006 s)
Zelikovsky- 0.080944 s
>>> get_solution
  refine_solution: new weight 15881 (was 15881) in 0.003664 s
>>> get_solution
  refine_solution: new weight 15881 (was 15881) in 0.003741 s
1,,320,39621,43,,320,0,,15881,15881,15881,15881,15881,,7349,38,@@

  handle_small_Steiner_degrees: steiner 0, suppress 0 in 1e-06 s
Starting round 2
Found 38 isolated vertices
Invalid ratios recomputed: 282
Best ratio is 3543/18 (196.8), centered at 197
Finding the best star... Star with 19 terminals centered in 43
round took: 0.082601 s
|V| = 320, |E| = 34453, |R| = 25
>> 0 (-1: -1 -1 -1) (0.000771 s)
Zelikovsky 0.068847 s
>> 0 (-1: -1 -1 -1) (0.051315 s)
Zelikovsky- 0.064278 s
>>> get_solution
  refine_solution: new weight 15720 (was 15728) in 0.005379 s
  refine_solution: new weight 15720 (was 15720) in 0.005364 s
>>> get_solution
  refine_solution: new weight 15720 (was 15728) in 0.00545 s
  refine_solution: new weight 15720 (was 15720) in 0.005344 s
2,,282,34453,25,,282,0,,15728,15720,15728,15728,15720,,3543,19,@@

  handle_small_Steiner_degrees: steiner 0, suppress 0 in 1e-06 s
Starting round 3
Found 57 isolated vertices
Invalid ratios recomputed: 263
Best ratio is 197/1 (197.0), centered at 43
Finding the best star... Star with 2 terminals centered in 43
round took: 0.065022 s
|V| = 320, |E| = 34191, |R| = 24
>> 0 (-1: -1 -1 -1) (0.00073 s)
Zelikovsky 0.068066 s
>> 0 (-1: -1 -1 -1) (0.050567 s)
Zelikovsky- 0.063374 s
>>> get_solution
  refine_solution: new weight 15720 (was 15728) in 0.005379 s
  refine_solution: new weight 15720 (was 15720) in 0.005371 s
>>> get_solution
  refine_solution: new weight 15720 (was 15728) in 0.00546 s
  refine_solution: new weight 15720 (was 15720) in 0.005301 s
3,,263,34191,24,,263,0,,15728,15720,15728,15728,15720,,197,2,@@

  handle_small_Steiner_degrees: steiner 0, suppress 0 in 1e-06 s
Starting round 4
Found 58 isolated vertices
Invalid ratios recomputed: 262
Best ratio is 396/2 (198.0), centered at 3
Finding the best star... Star with 3 terminals centered in 43
round took: 0.064419 s
|V| = 320, |E| = 33670, |R| = 22
>> 0 (-1: -1 -1 -1) (0.000669 s)
Zelikovsky 0.066405 s
>> 0 (-1: -1 -1 -1) (0.049326 s)
Zelikovsky- 0.061839 s
>>> get_solution
  refine_solution: new weight 15720 (was 15728) in 0.005386 s
  refine_solution: new weight 15720 (was 15720) in 0.005362 s
>>> get_solution
  refine_solution: new weight 15720 (was 15728) in 0.005477 s
  refine_solution: new weight 15720 (was 15720) in 0.005378 s
4,,262,33670,22,,262,0,,15728,15720,15728,15728,15720,,396,3,@@

  handle_small_Steiner_degrees: steiner 0, suppress 0 in 1e-06 s
Starting round 5
Found 60 isolated vertices
Invalid ratios recomputed: 260
Best ratio is 1393/7 (199.0), centered at 18
Finding the best star... Star with 8 terminals centered in 43
round took: 0.063122 s
|V| = 320, |E| = 31878, |R| = 15
>> 0 (-1: -1 -1 -1) (0.000478 s)
Zelikovsky 0.059801 s
>> 0 (-1: -1 -1 -1) (0.044829 s)
Zelikovsky- 0.056282 s
>>> get_solution
  refine_solution: new weight 15720 (was 15728) in 0.005366 s
  refine_solution: new weight 15720 (was 15720) in 0.005362 s
>>> get_solution
  refine_solution: new weight 15720 (was 15728) in 0.005443 s
  refine_solution: new weight 15720 (was 15720) in 0.005343 s
5,,260,31878,15,,260,0,,15728,15720,15728,15728,15720,,1393,8,@@

  handle_small_Steiner_degrees: steiner 0, suppress 0 in 1e-06 s
Starting round 6
Found 67 isolated vertices
Invalid ratios recomputed: 253
Best ratio is 200/1 (200.0), centered at 37
Finding the best star... Star with 2 terminals centered in 43
round took: 0.056697 s
|V| = 320, |E| = 31626, |R| = 14
>> 0 (-1: -1 -1 -1) (0.000449 s)
Zelikovsky 0.058886 s
>> 0 (-1: -1 -1 -1) (0.044207 s)
Zelikovsky- 0.05561 s
>>> get_solution
  refine_solution: new weight 15720 (was 15728) in 0.005391 s
  refine_solution: new weight 15720 (was 15720) in 0.005368 s
>>> get_solution
  refine_solution: new weight 15720 (was 15728) in 0.005455 s
  refine_solution: new weight 15720 (was 15720) in 0.005345 s
6,,253,31626,14,,253,0,,15728,15720,15728,15728,15720,,200,2,@@

  handle_small_Steiner_degrees: steiner 0, suppress 0 in 1e-06 s
Starting round 7
Found 68 isolated vertices
Invalid ratios recomputed: 252
Best ratio is 402/2 (201.0), centered at 28
Finding the best star... Star with 3 terminals centered in 43
round took: 0.055959 s
|V| = 320, |E| = 31125, |R| = 12
>> 0 (-1: -1 -1 -1) (0.000409 s)
Zelikovsky 0.057387 s
>> 0 (-1: -1 -1 -1) (0.043138 s)
Zelikovsky- 0.05422 s
>>> get_solution
  refine_solution: new weight 15720 (was 15728) in 0.005393 s
  refine_solution: new weight 15720 (was 15720) in 0.005369 s
>>> get_solution
  refine_solution: new weight 15720 (was 15728) in 0.005463 s
  refine_solution: new weight 15720 (was 15720) in 0.00538 s
7,,252,31125,12,,252,0,,15728,15720,15728,15728,15720,,402,3,@@

  handle_small_Steiner_degrees: steiner 0, suppress 0 in 1e-06 s
Starting round 8
Found 70 isolated vertices
Invalid ratios recomputed: 250
Best ratio is 808/4 (202.0), centered at 16
Finding the best star... Star with 5 terminals centered in 43
round took: 0.054345 s
|V| = 320, |E| = 30135, |R| = 8
>> 0 (-1: -1 -1 -1) (0.000351 s)
Zelikovsky 0.054513 s
>> 0 (-1: -1 -1 -1) (0.040944 s)
Zelikovsky- 0.051535 s
>>> get_solution
  refine_solution: new weight 15720 (was 15728) in 0.005404 s
  refine_solution: new weight 15720 (was 15720) in 0.005358 s
>>> get_solution
  refine_solution: new weight 15720 (was 15728) in 0.005455 s
  refine_solution: new weight 15720 (was 15720) in 0.005361 s
8,,250,30135,8,,250,0,,15728,15720,15728,15728,15720,,808,5,@@

  handle_small_Steiner_degrees: steiner 0, suppress 0 in 1e-06 s
Starting round 9
Found 74 isolated vertices
Invalid ratios recomputed: 246
Best ratio is 612/3 (204.0), centered at 43
Finding the best star... Star with 4 terminals centered in 43
round took: 0.05051 s
|V| = 320, |E| = 29403, |R| = 5
>> 0 (-1: -1 -1 -1) (0.000309 s)
Zelikovsky 0.052337 s
>> 0 (-1: -1 -1 -1) (0.039301 s)
Zelikovsky- 0.049469 s
>>> get_solution
  refine_solution: new weight 15720 (was 15728) in 0.005384 s
  refine_solution: new weight 15720 (was 15720) in 0.005353 s
>>> get_solution
  refine_solution: new weight 15720 (was 15728) in 0.005415 s
  refine_solution: new weight 15720 (was 15720) in 0.005341 s
9,,246,29403,5,,246,0,,15728,15720,15728,15728,15720,,612,4,@@

  handle_small_Steiner_degrees: steiner 0, suppress 0 in 0 s
Starting round 10
Found 77 isolated vertices
Invalid ratios recomputed: 243
Best ratio is 410/2 (205.0), centered at 38
Finding the best star... Star with 3 terminals centered in 43
round took: 0.047851 s
|V| = 320, |E| = 28920, |R| = 3
>> 0 (-1: -1 -1 -1) (0.000293 s)
Zelikovsky 0.050982 s
>> 0 (-1: -1 -1 -1) (0.038257 s)
Zelikovsky- 0.048003 s
>>> get_solution
  refine_solution: new weight 15720 (was 15728) in 0.005357 s
  refine_solution: new weight 15720 (was 15720) in 0.005354 s
>>> get_solution
  refine_solution: new weight 15720 (was 15728) in 0.005419 s
  refine_solution: new weight 15720 (was 15720) in 0.005338 s
10,,243,28920,3,,243,0,,15728,15720,15728,15728,15720,,410,3,@@

  handle_small_Steiner_degrees: steiner 0, suppress 0 in 0 s
Starting round 11
Found 79 isolated vertices
Invalid ratios recomputed: 241
Best ratio is 206/1 (206.0), centered at 33
Finding the best star... Star with 2 terminals centered in 43
round took: 0.046099 s
|V| = 320, |E| = 28680, |R| = 2
Zelikovsky 0.049767 s
Zelikovsky- 0.009798 s
>>> get_solution
  refine_solution: new weight 15720 (was 15728) in 0.005405 s
  refine_solution: new weight 15720 (was 15720) in 0.005349 s
>>> get_solution
  refine_solution: new weight 15720 (was 15728) in 0.005448 s
  refine_solution: new weight 15720 (was 15720) in 0.005335 s
11,,241,28680,2,,241,0,,15728,15720,15728,15728,15720,,206,2,@@

  handle_small_Steiner_degrees: steiner 0, suppress 0 in 1e-06 s
Starting round 12
Found 80 isolated vertices
Invalid ratios recomputed: 240
Best ratio is 212/1 (212.0), centered at 40
Finding the best star... Star with 2 terminals centered in 43
round took: 0.044911 s
|V| = 320, |E| = 28441, |R| = 1
Zelikovsky 0.049477 s
Zelikovsky- 0.009706 s
>>> get_solution
  refine_solution: new weight 15720 (was 15728) in 0.005397 s
  refine_solution: new weight 15720 (was 15720) in 0.005373 s
>>> get_solution
  refine_solution: new weight 15720 (was 15728) in 0.005425 s
  refine_solution: new weight 15720 (was 15720) in 0.005332 s
12,,240,28441,1,,240,0,,15728,15720,15728,15728,15720,,212,2,@@

  handle_small_Steiner_degrees: steiner 0, suppress 0 in 0 s
contract_till_the_bitter_end: 3.33612 s

Calling end_heu
>>> get_solution
Saved weight 0
end_heu: 0 loops with 0 unique solutions in 2.8e-05 s

Calling print_solution
>>> get_solution
  refine_solution: new weight 15720 (was 15728) in 0.005408 s
Oops orig weight was 15728 but we got 15720
## FINAL WEIGHT 15720
print_solution: 0.024905 s
