Version: final-94-gfffc3aa rub_all.sh: remove longest prefix
Random seed: 1558071440
Start
>>> save_orig_graph
>> Saved weight 0
Graph loaded
|V| = 321, |E| = 1845, |R| = 80
First clearance of the input. Calling buy_zero and run_all_heuristics.
  buy_zero: 0 zero edges in 4e-06 s
  handle_small_terminal_degrees: terms 0 in 0 s
  handle_small_Steiner_degrees: steiner 0, suppress 0 in 1e-06 s
  shortest_edge_between_terminals: 0 edges in 7e-06 s
Compressed graph 321 -> 320
  delete_edges: deleted 0 edges in 0.000821 s and 1 rounds
  handle_small_terminal_degrees: terms 0 in 1e-06 s
  handle_small_Steiner_degrees: steiner 0, suppress 0 in 1e-06 s
  shortest_edge_between_terminals: 0 edges in 6e-06 s
Compressed graph 320 -> 320
  delete_edges_shortest_path: deleted 0 edges in 0.012661 s
  handle_small_terminal_degrees: terms 0 in 0 s
  handle_small_Steiner_degrees: steiner 0, suppress 0 in 0 s
  shortest_edge_between_terminals: 0 edges in 3e-06 s
Compressed graph 320 -> 320
  handle_small_terminal_degrees: terms 0 in 0 s
  handle_small_Steiner_degrees: steiner 0, suppress 0 in 0 s
  shortest_edge_between_terminals: 0 edges in 3e-06 s
Compressed graph 320 -> 320
  delete_edges_shortest_path: deleted 0 edges in 0.007763 s
  handle_small_terminal_degrees: terms 0 in 1e-06 s
  handle_small_Steiner_degrees: steiner 0, suppress 0 in 1e-06 s
  shortest_edge_between_terminals: 0 edges in 2e-06 s
Compressed graph 320 -> 320
Compressed graph 320 -> 320
>>> save_orig_graph
>> Saved weight 0
### ZEL_LVL=9 PRECISE_STARS=1

Calling `contract_till_the_bitter_end`
|V| = 320, |E| = 1845, |R| = 80
>> 107 (183: 32 34 32) (0.003005 s)
>> 108 (202: 19 36 19) (0.002954 s)
>> 102 (282: 41 59 41) (0.002892 s)
>> 101 (181: 4 45 4) (0.002873 s)
>> 103 (235: 39 51 39) (0.00287 s)
>> 100 (318: 58 77 58) (0.00278 s)
>> 30 (114: 11 26 11) (0.002766 s)
>> 31 (163: 0 27 0) (0.002757 s)
>> 0 (-1: -1 -1 -1) (0.001922 s)
Zelikovsky 0.062384 s
>> 107 (183: 34 36 32) (0.02535 s)
>> 100 (282: 41 77 3) (0.025096 s)
>> 101 (214: 41 16 2) (0.024785 s)
>> 98 (160: 34 42 24) (0.024301 s)
>> 101 (309: 34 64 28) (0.023743 s)
>> 99 (142: 34 6 1) (0.023179 s)
>> 98 (114: 34 79 26) (0.022687 s)
>> 97 (171: 34 76 15) (0.022246 s)
>> 98 (90: 34 50 10) (0.021697 s)
>> 98 (261: 34 60 51) (0.021245 s)
>> 97 (319: 34 47 4) (0.020722 s)
>> 96 (270: 34 65 37) (0.020271 s)
>> 94 (110: 41 21 17) (0.019961 s)
>> 94 (189: 34 71 23) (0.019528 s)
>> 93 (98: 41 45 0) (0.019221 s)
>> 92 (179: 34 67 18) (0.018848 s)
>> 92 (245: 41 63 7) (0.018464 s)
>> 92 (225: 41 43 34) (0.018114 s)
>> 97 (128: 41 69 46) (0.017811 s)
>> 91 (175: 41 52 44) (0.017568 s)
>> 91 (226: 41 72 66) (0.017279 s)
>> 90 (200: 41 58 35) (0.016994 s)
>> 87 (316: 41 78 30) (0.016722 s)
>> 86 (289: 41 57 33) (0.01648 s)
>> 86 (310: 41 12 8) (0.016312 s)
>> 13 (202: 41 70 53) (0.016124 s)
>> 10 (317: 41 68 25) (0.015946 s)
>> 1 (268: 41 14 13) (0.015791 s)
>> 0 (-1: -1 -1 -1) (0.015584 s)
Zelikovsky- 0.574259 s
>>> get_solution
  refine_solution: new weight 18644 (was 18644) in 0.000542 s
>>> get_solution
  refine_solution: new weight 23721 (was 23721) in 0.000572 s
0,,320,1845,80,,0,0,,23721,23721,21113,18644,18644,,0,0,@@

  delete_edges: deleted 0 edges in 0.000362 s and 1 rounds
  handle_small_Steiner_degrees: steiner 0, suppress 0 in 1e-06 s
Starting round 1
Found 0 isolated vertices
Invalid ratios recomputed: 320
Best ratio is 2472/11 (224.7), centered at 154
Finding the best star... Star with 12 terminals centered in 41
round took: 0.014762 s
|V| = 320, |E| = 1800, |R| = 69
>> 103 (202: 19 36 19) (0.002469 s)
>> 102 (132: 34 41 34) (0.002309 s)
>> 186 (308: 35 71 35) (0.002232 s)
>> 184 (285: 3 50 3) (0.002192 s)
>> 191 (305: 13 21 13) (0.002196 s)
>> 182 (102: 40 47 40) (0.002168 s)
>> 113 (304: 46 48 46) (0.002181 s)
>> 111 (114: 11 26 11) (0.002119 s)
>> 189 (163: 0 27 0) (0.002044 s)
>> 0 (-1: -1 -1 -1) (0.001424 s)
Zelikovsky 0.049933 s
>> 103 (183: 34 74 36) (0.021313 s)
>> 100 (80: 41 72 13) (0.020937 s)
>> 100 (141: 34 43 41) (0.020428 s)
>> 103 (272: 34 77 39) (0.020003 s)
>> 102 (102: 34 16 10) (0.019606 s)
>> 100 (114: 34 26 11) (0.019103 s)
>> 98 (119: 34 21 6) (0.018738 s)
>> 97 (178: 34 69 7) (0.018315 s)
>> 102 (304: 34 48 46) (0.017995 s)
>> 96 (147: 34 42 25) (0.017622 s)
>> 95 (136: 34 23 22) (0.0172 s)
>> 95 (174: 34 45 2) (0.016943 s)
>> 95 (280: 34 59 27) (0.016695 s)
>> 93 (188: 34 65 50) (0.016383 s)
>> 92 (240: 34 76 20) (0.016187 s)
>> 89 (279: 34 61 37) (0.0161 s)
>> 86 (149: 34 35 0) (0.015682 s)
>> 85 (256: 34 71 52) (0.015345 s)
>> 67 (181: 34 67 4) (0.015067 s)
>> 13 (200: 34 75 58) (0.014911 s)
>> 12 (150: 34 17 3) (0.014721 s)
>> 6 (236: 34 70 9) (0.014552 s)
>> 5 (261: 34 60 51) (0.01442 s)
>> 3 (190: 34 49 5) (0.014273 s)
>> 0 (-1: -1 -1 -1) (0.01413 s)
Zelikovsky- 0.428621 s
>>> get_solution
  refine_solution: new weight 18577 (was 18836) in 0.000532 s
  refine_solution: new weight 18577 (was 18577) in 0.00051 s
>>> get_solution
  refine_solution: new weight 20477 (was 21929) in 0.000479 s
  refine_solution: new weight 20025 (was 20477) in 0.000484 s
  refine_solution: new weight 19769 (was 20025) in 0.000491 s
  refine_solution: new weight 19678 (was 19769) in 0.000496 s
  refine_solution: new weight 19678 (was 19678) in 0.000488 s
1,,320,1800,69,,320,0,,21929,19678,19988,18836,18577,,2472,12,@@

  handle_small_Steiner_degrees: steiner 0, suppress 0 in 1e-06 s
Starting round 2
Found 13 isolated vertices
Invalid ratios recomputed: 307
Best ratio is 1080/5 (216.0), centered at 7
Finding the best star... Star with 6 terminals centered in 41
round took: 0.015396 s
|V| = 320, |E| = 1769, |R| = 64
>> 109 (304: 41 48 41) (0.001993 s)
>> 189 (285: 3 50 3) (0.001976 s)
>> 191 (242: 19 63 19) (0.002005 s)
>> 191 (305: 13 21 13) (0.001982 s)
>> 186 (308: 35 71 35) (0.001906 s)
>> 182 (102: 40 47 40) (0.001872 s)
>> 109 (114: 11 26 11) (0.001825 s)
>> 189 (163: 0 27 0) (0.001788 s)
>> 0 (-1: -1 -1 -1) (0.001235 s)
Zelikovsky 0.041784 s
>> 109 (304: 41 79 48) (0.019385 s)
>> 101 (132: 41 73 34) (0.019035 s)
>> 100 (282: 41 77 59) (0.018623 s)
>> 101 (214: 41 19 16) (0.018319 s)
>> 99 (295: 41 50 11) (0.017991 s)
>> 98 (200: 41 75 58) (0.017636 s)
>> 95 (256: 41 52 6) (0.017249 s)
>> 95 (296: 41 68 23) (0.016817 s)
>> 94 (80: 41 54 13) (0.016453 s)
>> 94 (110: 41 21 17) (0.016159 s)
>> 92 (240: 41 78 20) (0.015949 s)
>> 85 (186: 41 32 27) (0.01556 s)
>> 84 (316: 41 38 30) (0.015304 s)
>> 89 (223: 41 40 10) (0.015029 s)
>> 83 (147: 41 42 25) (0.014811 s)
>> 80 (236: 41 70 51) (0.014597 s)
>> 78 (188: 41 65 31) (0.014342 s)
>> 16 (108: 41 63 43) (0.014164 s)
>> 10 (244: 41 62 49) (0.01393 s)
>> 9 (279: 41 61 37) (0.013799 s)
>> 5 (238: 41 60 35) (0.01368 s)
>> 0 (-1: -1 -1 -1) (0.013588 s)
Zelikovsky- 0.354163 s
>>> get_solution
  refine_solution: new weight 18492 (was 18504) in 0.000524 s
  refine_solution: new weight 18492 (was 18492) in 0.000516 s
>>> get_solution
  refine_solution: new weight 20296 (was 21309) in 0.000494 s
  refine_solution: new weight 20025 (was 20296) in 0.000514 s
  refine_solution: new weight 20025 (was 20025) in 0.000503 s
2,,307,1769,64,,307,0,,21309,20025,19659,18504,18492,,1080,6,@@

  handle_small_Steiner_degrees: steiner 0, suppress 0 in 1e-06 s
Starting round 3
Found 19 isolated vertices
Invalid ratios recomputed: 301
Best ratio is 1295/6 (215.8), centered at 304
Finding the best star... Star with 7 terminals centered in 41
round took: 0.014335 s
|V| = 320, |E| = 1738, |R| = 58
>> 101 (132: 34 41 34) (0.001651 s)
>> 188 (242: 19 63 19) (0.001694 s)
>> 187 (102: 32 40 32) (0.001641 s)
>> 187 (258: 36 50 36) (0.001623 s)
>> 191 (305: 13 21 13) (0.001606 s)
>> 186 (308: 35 71 35) (0.001562 s)
>> 185 (102: 16 47 16) (0.001494 s)
>> 104 (181: 4 45 4) (0.001454 s)
>> 104 (318: 58 77 58) (0.00143 s)
>> 98 (162: 23 72 23) (0.00137 s)
>> 97 (157: 5 68 5) (0.001344 s)
>> 31 (114: 11 26 11) (0.001334 s)
>> 190 (163: 0 27 0) (0.001277 s)
>> 0 (-1: -1 -1 -1) (0.000956 s)
Zelikovsky 0.042607 s
>> 101 (132: 41 73 34) (0.017429 s)
>> 100 (282: 41 77 59) (0.017006 s)
>> 101 (214: 41 19 16) (0.016829 s)
>> 99 (295: 41 50 11) (0.01659 s)
>> 98 (200: 41 75 58) (0.016127 s)
>> 95 (256: 41 52 6) (0.015819 s)
>> 95 (296: 41 68 23) (0.015422 s)
>> 94 (80: 41 54 13) (0.015242 s)
>> 94 (110: 41 21 17) (0.014914 s)
>> 92 (240: 41 78 20) (0.014665 s)
>> 85 (186: 41 32 27) (0.014349 s)
>> 84 (316: 41 38 30) (0.014176 s)
>> 89 (223: 41 40 10) (0.013885 s)
>> 83 (147: 41 42 25) (0.01371 s)
>> 80 (236: 41 70 51) (0.013545 s)
>> 78 (188: 41 65 31) (0.013332 s)
>> 16 (108: 41 63 43) (0.01317 s)
>> 10 (244: 41 62 49) (0.013022 s)
>> 9 (279: 41 61 37) (0.01287 s)
>> 5 (238: 41 60 35) (0.012793 s)
>> 0 (-1: -1 -1 -1) (0.012724 s)
Zelikovsky- 0.309268 s
>>> get_solution
  refine_solution: new weight 18492 (was 18514) in 0.000524 s
  refine_solution: new weight 18492 (was 18492) in 0.00051 s
>>> get_solution
  refine_solution: new weight 20514 (was 20994) in 0.000511 s
  refine_solution: new weight 19945 (was 20514) in 0.000502 s
  refine_solution: new weight 19937 (was 19945) in 0.000499 s
  refine_solution: new weight 19937 (was 19937) in 0.000496 s
3,,301,1738,58,,301,0,,20994,19937,19795,18514,18492,,1295,7,@@

  handle_small_Steiner_degrees: steiner 0, suppress 0 in 1e-06 s
Starting round 4
Found 26 isolated vertices
Invalid ratios recomputed: 294
Best ratio is 1301/6 (216.8), centered at 256
Finding the best star... Star with 7 terminals centered in 41
round took: 0.013945 s
|V| = 320, |E| = 1682, |R| = 52
>> 100 (132: 34 41 34) (0.001335 s)
>> 191 (308: 35 67 35) (0.001386 s)
>> 188 (242: 19 63 19) (0.001362 s)
>> 187 (102: 32 40 32) (0.001328 s)
>> 185 (102: 16 47 16) (0.001282 s)
>> 183 (222: 3 27 3) (0.001247 s)
>> 188 (114: 11 26 11) (0.001242 s)
>> 190 (118: 30 38 30) (0.001219 s)
>> 188 (110: 17 21 17) (0.001166 s)
>> 188 (136: 22 23 22) (0.001115 s)
>> 191 (318: 58 77 58) (0.001062 s)
>> 190 (208: 37 49 37) (0.001009 s)
>> 192 (147: 25 42 25) (0.000986 s)
>> 187 (184: 10 13 10) (0.000946 s)
>> 190 (106: 2 59 2) (0.000921 s)
>> 0 (-1: -1 -1 -1) (0.000719 s)
Zelikovsky 0.037632 s
>> 100 (132: 41 73 34) (0.016389 s)
>> 99 (295: 41 50 11) (0.016039 s)
>> 106 (202: 41 36 19) (0.015646 s)
>> 97 (150: 41 59 3) (0.015329 s)
>> 97 (223: 41 40 10) (0.01511 s)
>> 101 (102: 41 47 16) (0.014799 s)
>> 95 (296: 41 23 22) (0.01454 s)
>> 94 (200: 41 75 58) (0.014393 s)
>> 92 (80: 41 54 13) (0.014133 s)
>> 92 (240: 41 78 20) (0.013926 s)
>> 90 (308: 41 77 67) (0.013688 s)
>> 95 (179: 41 65 62) (0.013547 s)
>> 87 (190: 41 49 25) (0.01333 s)
>> 91 (222: 41 31 27) (0.013152 s)
>> 84 (316: 41 38 30) (0.013008 s)
>> 92 (110: 41 64 21) (0.012921 s)
>> 19 (261: 41 60 51) (0.012776 s)
>> 6 (174: 41 45 2) (0.012725 s)
>> 3 (147: 41 42 26) (0.012623 s)
>> 6 (182: 41 43 5) (0.012588 s)
>> 0 (-1: -1 -1 -1) (0.012503 s)
Zelikovsky- 0.294751 s
>>> get_solution
  refine_solution: new weight 18426 (was 18452) in 0.000527 s
  refine_solution: new weight 18426 (was 18426) in 0.000519 s
>>> get_solution
  refine_solution: new weight 20249 (was 20510) in 0.000483 s
  refine_solution: new weight 19927 (was 20249) in 0.000487 s
  refine_solution: new weight 19683 (was 19927) in 0.00048 s
  refine_solution: new weight 19683 (was 19683) in 0.000473 s
4,,294,1682,52,,294,0,,20510,19683,19240,18452,18426,,1301,7,@@

  handle_small_Steiner_degrees: steiner 0, suppress 0 in 1e-06 s
Starting round 5
Found 33 isolated vertices
Invalid ratios recomputed: 287
Best ratio is 897/4 (224.2), centered at 80
Finding the best star... Star with 5 terminals centered in 41
round took: 0.013429 s
|V| = 320, |E| = 1649, |R| = 48
>> 100 (132: 34 41 34) (0.00111 s)
>> 191 (308: 35 67 35) (0.001202 s)
>> 188 (242: 19 63 19) (0.001176 s)
>> 188 (136: 22 23 22) (0.00114 s)
>> 190 (318: 58 77 58) (0.001076 s)
>> 186 (222: 3 27 3) (0.001019 s)
>> 189 (171: 11 31 11) (0.001043 s)
>> 184 (110: 17 21 17) (0.001003 s)
>> 184 (106: 2 59 2) (0.00097 s)
>> 0 (-1: -1 -1 -1) (0.000665 s)
Zelikovsky 0.02764 s
>> 100 (132: 41 73 34) (0.014457 s)
>> 99 (295: 41 50 11) (0.014142 s)
>> 100 (202: 41 36 19) (0.013861 s)
>> 97 (150: 41 59 3) (0.013613 s)
>> 97 (223: 41 40 10) (0.013407 s)
>> 96 (268: 41 62 37) (0.013084 s)
>> 95 (296: 41 22 16) (0.012897 s)
>> 94 (200: 41 75 58) (0.012732 s)
>> 92 (240: 41 78 20) (0.012549 s)
>> 87 (190: 41 49 25) (0.012317 s)
>> 86 (114: 41 64 26) (0.012104 s)
>> 86 (222: 41 31 27) (0.012016 s)
>> 84 (316: 41 38 30) (0.011858 s)
>> 81 (308: 41 77 67) (0.011741 s)
>> 11 (261: 60 51 41) (0.011603 s)
>> 81 (106: 60 65 2) (0.011593 s)
>> 3 (157: 60 76 5) (0.01149 s)
>> 3 (245: 60 63 21) (0.011399 s)
>> 1 (186: 60 45 32) (0.011359 s)
>> 0 (-1: -1 -1 -1) (0.01135 s)
Zelikovsky- 0.251048 s
>>> get_solution
  refine_solution: new weight 18565 (was 18590) in 0.000518 s
  refine_solution: new weight 18565 (was 18565) in 0.000507 s
>>> get_solution
  refine_solution: new weight 19984 (was 20312) in 0.000477 s
  refine_solution: new weight 19738 (was 19984) in 0.000469 s
  refine_solution: new weight 19561 (was 19738) in 0.000471 s
  refine_solution: new weight 19561 (was 19561) in 0.000466 s
5,,287,1649,48,,287,0,,20312,19561,19263,18590,18565,,897,5,@@

  handle_small_Steiner_degrees: steiner 0, suppress 0 in 1e-06 s
Starting round 6
Found 38 isolated vertices
Invalid ratios recomputed: 282
Best ratio is 901/4 (225.2), centered at 58
Finding the best star... Star with 5 terminals centered in 41
round took: 0.013158 s
|V| = 320, |E| = 1608, |R| = 44
>> 100 (132: 34 41 34) (0.000915 s)
>> 188 (214: 2 16 2) (0.001063 s)
>> 0 (-1: -1 -1 -1) (0.000661 s)
Zelikovsky 0.017844 s
>> 100 (132: 41 73 34) (0.013325 s)
>> 99 (295: 41 50 11) (0.013098 s)
>> 100 (202: 41 36 19) (0.012893 s)
>> 97 (150: 41 59 3) (0.012586 s)
>> 97 (223: 41 40 10) (0.012427 s)
>> 96 (268: 41 62 37) (0.012195 s)
>> 95 (296: 41 22 16) (0.012011 s)
>> 92 (240: 41 78 20) (0.011871 s)
>> 87 (190: 41 49 25) (0.011676 s)
>> 86 (114: 41 64 26) (0.011495 s)
>> 86 (222: 41 31 27) (0.011398 s)
>> 84 (316: 41 38 30) (0.011242 s)
>> 81 (308: 41 77 67) (0.01113 s)
>> 11 (261: 60 51 41) (0.011017 s)
>> 81 (106: 60 65 2) (0.011063 s)
>> 3 (157: 60 76 5) (0.010945 s)
>> 3 (245: 60 63 21) (0.010884 s)
>> 1 (186: 60 45 32) (0.01083 s)
>> 0 (-1: -1 -1 -1) (0.01086 s)
Zelikovsky- 0.224319 s
>>> get_solution
  refine_solution: new weight 18565 (was 18597) in 0.000519 s
  refine_solution: new weight 18565 (was 18565) in 0.000507 s
>>> get_solution
  refine_solution: new weight 19483 (was 20042) in 0.000489 s
  refine_solution: new weight 19377 (was 19483) in 0.00049 s
  refine_solution: new weight 19377 (was 19377) in 0.000475 s
6,,282,1608,44,,282,0,,20042,19377,19825,18597,18565,,901,5,@@

  handle_small_Steiner_degrees: steiner 0, suppress 0 in 1e-06 s
Starting round 7
Found 43 isolated vertices
Invalid ratios recomputed: 277
Best ratio is 680/3 (226.7), centered at 20
Finding the best star... Star with 4 terminals centered in 41
round took: 0.013343 s
|V| = 320, |E| = 1568, |R| = 41
>> 100 (132: 34 41 34) (0.000796 s)
>> 188 (214: 2 16 2) (0.00093 s)
>> 0 (-1: -1 -1 -1) (0.000587 s)
Zelikovsky 0.016552 s
>> 100 (132: 41 73 34) (0.012572 s)
>> 99 (295: 41 50 11) (0.012295 s)
>> 100 (202: 41 36 19) (0.012101 s)
>> 97 (150: 41 59 3) (0.011876 s)
>> 97 (223: 41 40 10) (0.011741 s)
>> 96 (268: 41 62 37) (0.011516 s)
>> 95 (296: 41 22 16) (0.011354 s)
>> 87 (190: 41 49 25) (0.011223 s)
>> 86 (114: 41 64 26) (0.011064 s)
>> 86 (222: 41 31 27) (0.010963 s)
>> 84 (316: 41 38 30) (0.010844 s)
>> 81 (308: 41 77 67) (0.010729 s)
>> 11 (261: 60 51 41) (0.010655 s)
>> 81 (106: 60 65 2) (0.010647 s)
>> 3 (245: 60 63 21) (0.01056 s)
>> 1 (186: 60 45 32) (0.010504 s)
>> 0 (-1: -1 -1 -1) (0.010498 s)
Zelikovsky- 0.19238 s
>>> get_solution
  refine_solution: new weight 18568 (was 18600) in 0.000515 s
  refine_solution: new weight 18568 (was 18568) in 0.000511 s
>>> get_solution
  refine_solution: new weight 19367 (was 20023) in 0.000506 s
  refine_solution: new weight 19340 (was 19367) in 0.000499 s
  refine_solution: new weight 19340 (was 19340) in 0.000488 s
7,,277,1568,41,,277,0,,20023,19340,19717,18600,18568,,680,4,@@

  handle_small_Steiner_degrees: steiner 0, suppress 0 in 1e-06 s
Starting round 8
Found 47 isolated vertices
Invalid ratios recomputed: 273
Best ratio is 1588/7 (226.9), centered at 136
Finding the best star... Star with 8 terminals centered in 41
round took: 0.01317 s
|V| = 320, |E| = 1476, |R| = 34
>> 100 (114: 11 26 11) (0.000537 s)
>> 96 (102: 10 41 10) (0.000502 s)
>> 188 (147: 25 42 25) (0.00062 s)
>> 187 (158: 32 49 32) (0.000589 s)
>> 186 (222: 3 27 3) (0.000582 s)
>> 187 (230: 21 30 21) (0.000555 s)
>> 187 (106: 2 59 2) (0.00051 s)
>> 0 (-1: -1 -1 -1) (0.00036 s)
Zelikovsky 0.016206 s
>> 100 (114: 41 26 11) (0.010879 s)
>> 96 (102: 41 68 10) (0.010655 s)
>> 95 (174: 41 45 2) (0.010443 s)
>> 95 (280: 41 59 27) (0.010304 s)
>> 93 (188: 41 65 50) (0.010182 s)
>> 90 (244: 41 62 49) (0.010049 s)
>> 87 (104: 41 37 17) (0.00991 s)
>> 85 (282: 41 77 3) (0.009782 s)
>> 83 (147: 41 42 25) (0.009654 s)
>> 82 (245: 41 63 21) (0.009563 s)
>> 80 (236: 41 70 51) (0.009499 s)
>> 69 (181: 41 67 4) (0.009473 s)
>> 3 (83: 41 64 30) (0.009464 s)
>> 0 (-1: -1 -1 -1) (0.009404 s)
Zelikovsky- 0.140277 s
>>> get_solution
  refine_solution: new weight 18349 (was 18414) in 0.000515 s
  refine_solution: new weight 18349 (was 18349) in 0.000493 s
>>> get_solution
  refine_solution: new weight 19275 (was 19531) in 0.000461 s
  refine_solution: new weight 19259 (was 19275) in 0.000453 s
  refine_solution: new weight 19259 (was 19259) in 0.000445 s
8,,273,1476,34,,273,0,,19531,19259,18960,18414,18349,,1588,8,@@

  handle_small_Steiner_degrees: steiner 0, suppress 0 in 1e-06 s
Starting round 9
Found 56 isolated vertices
Invalid ratios recomputed: 264
Best ratio is 901/4 (225.2), centered at 102
Finding the best star... Star with 5 terminals centered in 41
round took: 0.012112 s
|V| = 320, |E| = 1427, |R| = 30
>> 100 (114: 11 26 11) (0.000423 s)
>> 95 (174: 2 41 2) (0.000382 s)
>> 0 (-1: -1 -1 -1) (0.00036 s)
Zelikovsky 0.011692 s
>> 100 (114: 41 26 11) (0.009947 s)
>> 95 (174: 41 45 2) (0.009781 s)
>> 95 (280: 41 59 27) (0.00966 s)
>> 93 (188: 41 65 50) (0.009552 s)
>> 90 (244: 41 62 49) (0.009409 s)
>> 87 (104: 41 37 17) (0.009296 s)
>> 85 (282: 41 77 3) (0.009215 s)
>> 83 (147: 41 42 25) (0.00915 s)
>> 82 (245: 41 63 21) (0.009055 s)
>> 80 (236: 41 70 51) (0.009007 s)
>> 69 (181: 41 67 4) (0.008987 s)
>> 3 (83: 41 64 30) (0.008969 s)
>> 0 (-1: -1 -1 -1) (0.008946 s)
Zelikovsky- 0.121903 s
>>> get_solution
  refine_solution: new weight 18349 (was 18415) in 0.000508 s
  refine_solution: new weight 18349 (was 18349) in 0.000493 s
>>> get_solution
  refine_solution: new weight 19074 (was 19144) in 0.000463 s
  refine_solution: new weight 19074 (was 19074) in 0.00045 s
9,,264,1427,30,,264,0,,19144,19074,19133,18415,18349,,901,5,@@

  handle_small_Steiner_degrees: steiner 0, suppress 0 in 1e-06 s
Starting round 10
Found 61 isolated vertices
Invalid ratios recomputed: 259
Best ratio is 682/3 (227.3), centered at 11
Finding the best star... Star with 4 terminals centered in 41
round took: 0.011758 s
|V| = 320, |E| = 1393, |R| = 27
>> 95 (174: 2 41 2) (0.000338 s)
>> 0 (-1: -1 -1 -1) (0.000318 s)
Zelikovsky 0.010356 s
>> 95 (174: 41 45 2) (0.009348 s)
>> 95 (280: 41 59 27) (0.009206 s)
>> 93 (188: 41 65 50) (0.009121 s)
>> 90 (244: 41 62 49) (0.008966 s)
>> 87 (104: 41 37 17) (0.008853 s)
>> 85 (282: 41 77 3) (0.008788 s)
>> 83 (147: 41 42 25) (0.008725 s)
>> 82 (245: 41 63 21) (0.008637 s)
>> 80 (236: 41 70 51) (0.00861 s)
>> 69 (181: 41 67 4) (0.008576 s)
>> 2 (83: 41 60 30) (0.008541 s)
>> 0 (-1: -1 -1 -1) (0.008548 s)
Zelikovsky- 0.106767 s
>>> get_solution
  refine_solution: new weight 18349 (was 18419) in 0.00052 s
  refine_solution: new weight 18349 (was 18349) in 0.000492 s
>>> get_solution
  refine_solution: new weight 19090 (was 19133) in 0.000457 s
  refine_solution: new weight 19090 (was 19090) in 0.000445 s
10,,259,1393,27,,259,0,,19133,19090,19133,18419,18349,,682,4,@@

  handle_small_Steiner_degrees: steiner 0, suppress 0 in 1e-06 s
Starting round 11
Found 65 isolated vertices
Invalid ratios recomputed: 255
Best ratio is 708/3 (236.0), centered at 181
Finding the best star... Star with 4 terminals centered in 41
round took: 0.011303 s
|V| = 320, |E| = 1353, |R| = 24
>> 95 (280: 27 41 27) (0.00027 s)
>> 190 (106: 2 59 2) (0.000384 s)
>> 0 (-1: -1 -1 -1) (0.000265 s)
Zelikovsky 0.009968 s
>> 95 (280: 41 59 27) (0.008729 s)
>> 93 (188: 41 65 50) (0.008622 s)
>> 90 (244: 41 62 49) (0.008533 s)
>> 87 (104: 41 37 17) (0.008414 s)
>> 85 (282: 41 77 3) (0.008379 s)
>> 83 (147: 41 42 25) (0.008322 s)
>> 82 (245: 41 63 21) (0.008257 s)
>> 80 (236: 41 70 51) (0.008214 s)
>> 2 (83: 41 60 30) (0.008195 s)
>> 0 (-1: -1 -1 -1) (0.008172 s)
Zelikovsky- 0.084566 s
>>> get_solution
  refine_solution: new weight 18363 (was 18420) in 0.000494 s
  refine_solution: new weight 18363 (was 18363) in 0.00048 s
>>> get_solution
  refine_solution: new weight 19005 (was 19056) in 0.000459 s
  refine_solution: new weight 19005 (was 19005) in 0.000448 s
11,,255,1353,24,,255,0,,19056,19005,18971,18420,18363,,708,4,@@

  handle_small_Steiner_degrees: steiner 0, suppress 0 in 1e-06 s
Starting round 12
Found 69 isolated vertices
Invalid ratios recomputed: 251
Best ratio is 710/3 (236.7), centered at 36
Finding the best star... Star with 4 terminals centered in 41
round took: 0.011071 s
|V| = 320, |E| = 1324, |R| = 21
>> 95 (280: 27 41 27) (0.000218 s)
>> 190 (106: 2 59 2) (0.000304 s)
>> 0 (-1: -1 -1 -1) (0.00022 s)
Zelikovsky 0.009136 s
>> 95 (280: 41 59 27) (0.008189 s)
>> 93 (188: 41 65 50) (0.008082 s)
>> 90 (244: 41 62 49) (0.008023 s)
>> 87 (104: 41 37 17) (0.007968 s)
>> 85 (282: 41 77 3) (0.007936 s)
>> 82 (245: 41 63 21) (0.007894 s)
>> 80 (236: 41 70 51) (0.007857 s)
>> 2 (83: 41 60 30) (0.007854 s)
>> 0 (-1: -1 -1 -1) (0.007819 s)
Zelikovsky- 0.072274 s
>>> get_solution
  refine_solution: new weight 18362 (was 18432) in 0.0005 s
  refine_solution: new weight 18362 (was 18362) in 0.000492 s
>>> get_solution
  refine_solution: new weight 18933 (was 18982) in 0.000463 s
  refine_solution: new weight 18933 (was 18933) in 0.000451 s
12,,251,1324,21,,251,0,,18982,18933,18900,18432,18362,,710,4,@@

  handle_small_Steiner_degrees: steiner 0, suppress 0 in 1e-06 s
Starting round 13
Found 73 isolated vertices
Invalid ratios recomputed: 247
Best ratio is 703/3 (234.3), centered at 101
Finding the best star... Star with 4 terminals centered in 41
round took: 0.011366 s
|V| = 320, |E| = 1293, |R| = 18
>> 90 (244: 41 49 41) (0.00017 s)
>> 196 (230: 21 30 21) (0.000248 s)
>> 108 (261: 37 51 37) (0.000219 s)
>> 108 (261: 42 60 42) (0.000197 s)
>> 101 (85: 2 27 2) (0.000165 s)
>> 0 (-1: -1 -1 -1) (0.000134 s)
Zelikovsky 0.009089 s
>> 90 (244: 41 62 49) (0.007687 s)
>> 87 (104: 41 37 17) (0.007631 s)
>> 80 (236: 41 70 51) (0.007574 s)
>> 74 (189: 41 27 5) (0.007561 s)
>> 94 (285: 41 50 3) (0.007516 s)
>> 3 (242: 41 63 60) (0.007467 s)
>> 3 (316: 41 30 21) (0.007488 s)
>> 0 (-1: -1 -1 -1) (0.007498 s)
Zelikovsky- 0.061002 s
>>> get_solution
  refine_solution: new weight 18346 (was 18434) in 0.000498 s
  refine_solution: new weight 18346 (was 18346) in 0.000482 s
>>> get_solution
  refine_solution: new weight 18751 (was 18800) in 0.000464 s
  refine_solution: new weight 18751 (was 18751) in 0.000454 s
13,,247,1293,18,,247,0,,18800,18751,18720,18434,18346,,703,4,@@

  handle_small_Steiner_degrees: steiner 0, suppress 0 in 1e-06 s
Starting round 14
Found 77 isolated vertices
Invalid ratios recomputed: 243
Best ratio is 491/2 (245.5), centered at 17
Finding the best star... Star with 3 terminals centered in 41
round took: 0.011142 s
|V| = 320, |E| = 1264, |R| = 16
>> 90 (244: 41 49 41) (0.000143 s)
>> 110 (85: 2 27 2) (0.000221 s)
>> 0 (-1: -1 -1 -1) (0.000157 s)
Zelikovsky 0.007967 s
>> 90 (244: 41 62 49) (0.007434 s)
>> 80 (236: 41 70 51) (0.007358 s)
>> 74 (189: 41 27 5) (0.007317 s)
>> 94 (285: 41 50 3) (0.007293 s)
>> 3 (242: 41 63 60) (0.007252 s)
>> 3 (316: 41 30 21) (0.007253 s)
>> 0 (-1: -1 -1 -1) (0.007263 s)
Zelikovsky- 0.05169 s
>>> get_solution
  refine_solution: new weight 18346 (was 18434) in 0.000497 s
  refine_solution: new weight 18346 (was 18346) in 0.000481 s
>>> get_solution
  refine_solution: new weight 18751 (was 18800) in 0.000465 s
  refine_solution: new weight 18751 (was 18751) in 0.000455 s
14,,243,1264,16,,243,0,,18800,18751,18719,18434,18346,,491,3,@@

  handle_small_Steiner_degrees: steiner 0, suppress 0 in 1e-06 s
Starting round 15
Found 80 isolated vertices
Invalid ratios recomputed: 240
Best ratio is 495/2 (247.5), centered at 244
Finding the best star... Star with 3 terminals centered in 41
round took: 0.011343 s
|V| = 320, |E| = 1244, |R| = 14
>> 80 (236: 41 51 41) (0.000118 s)
>> 110 (85: 2 27 2) (0.000178 s)
>> 0 (-1: -1 -1 -1) (0.000127 s)
Zelikovsky 0.007588 s
>> 80 (236: 41 70 51) (0.007123 s)
>> 74 (189: 41 27 5) (0.007096 s)
>> 94 (285: 41 50 3) (0.007085 s)
>> 3 (242: 41 63 60) (0.007045 s)
>> 3 (316: 41 30 21) (0.007039 s)
>> 0 (-1: -1 -1 -1) (0.007056 s)
Zelikovsky- 0.042916 s
>>> get_solution
  refine_solution: new weight 18346 (was 18441) in 0.000499 s
  refine_solution: new weight 18346 (was 18346) in 0.000481 s
>>> get_solution
  refine_solution: new weight 18652 (was 18710) in 0.000467 s
  refine_solution: new weight 18652 (was 18652) in 0.000457 s
15,,240,1244,14,,240,0,,18710,18652,18637,18441,18346,,495,3,@@

  handle_small_Steiner_degrees: steiner 0, suppress 0 in 1e-06 s
Starting round 16
Found 83 isolated vertices
Invalid ratios recomputed: 237
Best ratio is 501/2 (250.5), centered at 236
Finding the best star... Star with 3 terminals centered in 41
round took: 0.010589 s
|V| = 320, |E| = 1217, |R| = 12
>> 74 (189: 5 27 5) (0.00011 s)
>> 9 (285: 3 41 3) (8.6e-05 s)
>> 169 (261: 2 60 2) (0.000125 s)
>> 0 (-1: -1 -1 -1) (9.1e-05 s)
Zelikovsky 0.00732 s
>> 74 (189: 41 27 5) (0.006874 s)
>> 94 (285: 41 50 3) (0.00684 s)
>> 3 (242: 41 63 60) (0.006816 s)
>> 3 (316: 41 30 21) (0.006812 s)
>> 0 (-1: -1 -1 -1) (0.006804 s)
Zelikovsky- 0.034562 s
>>> get_solution
  refine_solution: new weight 18346 (was 18441) in 0.000497 s
  refine_solution: new weight 18346 (was 18346) in 0.000491 s
>>> get_solution
  refine_solution: new weight 18570 (was 18628) in 0.000457 s
  refine_solution: new weight 18570 (was 18570) in 0.000447 s
16,,237,1217,12,,237,0,,18628,18570,18529,18441,18346,,501,3,@@

  handle_small_Steiner_degrees: steiner 0, suppress 0 in 1e-06 s
Starting round 17
Found 86 isolated vertices
Invalid ratios recomputed: 234
Best ratio is 512/2 (256.0), centered at 189
Finding the best star... Star with 3 terminals centered in 41
round took: 0.009978 s
|V| = 320, |E| = 1197, |R| = 10
>> 94 (285: 3 41 3) (8.7e-05 s)
>> 181 (261: 60 63 60) (0.000122 s)
>> 62 (259: 2 42 2) (9.7e-05 s)
>> 0 (-1: -1 -1 -1) (7.1e-05 s)
Zelikovsky 0.007004 s
>> 94 (285: 41 50 3) (0.006609 s)
>> 3 (242: 41 63 60) (0.006577 s)
>> 3 (316: 41 30 21) (0.006581 s)
>> 0 (-1: -1 -1 -1) (0.006589 s)
Zelikovsky- 0.026727 s
>>> get_solution
  refine_solution: new weight 18346 (was 18441) in 0.000497 s
  refine_solution: new weight 18346 (was 18346) in 0.000482 s
>>> get_solution
  refine_solution: new weight 18384 (was 18447) in 0.000471 s
  refine_solution: new weight 18384 (was 18384) in 0.000462 s
17,,234,1197,10,,234,0,,18447,18384,18543,18441,18346,,512,3,@@

  handle_small_Steiner_degrees: steiner 0, suppress 0 in 0 s
Starting round 18
Found 89 isolated vertices
Invalid ratios recomputed: 231
Best ratio is 486/2 (243.0), centered at 3
Finding the best star... Star with 3 terminals centered in 41
round took: 0.009244 s
|V| = 320, |E| = 1174, |R| = 8
>> 3 (316: 21 30 21) (7e-05 s)
>> 3 (242: 41 60 41) (6e-05 s)
>> 91 (259: 2 42 2) (8e-05 s)
>> 0 (-1: -1 -1 -1) (5e-05 s)
Zelikovsky 0.006625 s
>> 3 (242: 41 63 60) (0.006357 s)
>> 3 (316: 41 30 21) (0.006357 s)
>> 0 (-1: -1 -1 -1) (0.006376 s)
Zelikovsky- 0.019411 s
>>> get_solution
  refine_solution: new weight 18346 (was 18441) in 0.000496 s
  refine_solution: new weight 18346 (was 18346) in 0.000491 s
>>> get_solution
  refine_solution: new weight 18384 (was 18447) in 0.000471 s
  refine_solution: new weight 18384 (was 18384) in 0.000462 s
18,,231,1174,8,,231,0,,18447,18384,18543,18441,18346,,486,3,@@

  handle_small_Steiner_degrees: steiner 0, suppress 0 in 1e-06 s
Starting round 19
Found 92 isolated vertices
Invalid ratios recomputed: 228
Best ratio is 785/3 (261.7), centered at 245
Finding the best star... Star with 4 terminals centered in 41
round took: 0.008772 s
|V| = 320, |E| = 1131, |R| = 5
>> 0 (-1: -1 -1 -1) (5.6e-05 s)
Zelikovsky 0.005959 s
>> 0 (-1: -1 -1 -1) (0.005971 s)
Zelikovsky- 0.006196 s
>>> get_solution
  refine_solution: new weight 18288 (was 18355) in 0.000484 s
  refine_solution: new weight 18288 (was 18288) in 0.000466 s
>>> get_solution
  refine_solution: new weight 18288 (was 18355) in 0.000475 s
  refine_solution: new weight 18288 (was 18288) in 0.000461 s
19,,228,1131,5,,228,0,,18355,18288,18355,18355,18288,,785,4,@@

  handle_small_Steiner_degrees: steiner 0, suppress 0 in 0 s
Starting round 20
Found 97 isolated vertices
Invalid ratios recomputed: 223
Best ratio is 286/1 (286.0), centered at 2
Finding the best star... Star with 2 terminals centered in 2
round took: 0.00756 s
|V| = 320, |E| = 1110, |R| = 4
>> 0 (-1: -1 -1 -1) (4.8e-05 s)
Zelikovsky 0.005761 s
>> 0 (-1: -1 -1 -1) (0.005844 s)
Zelikovsky- 0.006065 s
>>> get_solution
  refine_solution: new weight 18288 (was 18355) in 0.000483 s
  refine_solution: new weight 18288 (was 18288) in 0.000467 s
>>> get_solution
  refine_solution: new weight 18288 (was 18355) in 0.000465 s
  refine_solution: new weight 18288 (was 18288) in 0.000459 s
20,,223,1110,4,,223,0,,18355,18288,18355,18355,18288,,286,2,@@

  handle_small_Steiner_degrees: steiner 0, suppress 0 in 1e-06 s
Starting round 21
Found 99 isolated vertices
Invalid ratios recomputed: 221
Best ratio is 289/1 (289.0), centered at 2
Finding the best star... Star with 2 terminals centered in 42
round took: 0.007359 s
|V| = 320, |E| = 1092, |R| = 3
>> 0 (-1: -1 -1 -1) (4.4e-05 s)
Zelikovsky 0.005621 s
>> 0 (-1: -1 -1 -1) (0.005705 s)
Zelikovsky- 0.005922 s
>>> get_solution
  refine_solution: new weight 18288 (was 18355) in 0.000482 s
  refine_solution: new weight 18288 (was 18288) in 0.000466 s
>>> get_solution
  refine_solution: new weight 18288 (was 18355) in 0.000464 s
  refine_solution: new weight 18288 (was 18288) in 0.00046 s
21,,221,1092,3,,221,0,,18355,18288,18355,18355,18288,,289,2,@@

  handle_small_Steiner_degrees: steiner 0, suppress 0 in 1e-06 s
Starting round 22
Found 101 isolated vertices
Invalid ratios recomputed: 219
Best ratio is 295/1 (295.0), centered at 42
Finding the best star... Star with 2 terminals centered in 77
round took: 0.007009 s
|V| = 320, |E| = 1079, |R| = 2
Zelikovsky 0.005466 s
Zelikovsky- 0.000208 s
>>> get_solution
  refine_solution: new weight 18288 (was 18355) in 0.000482 s
  refine_solution: new weight 18288 (was 18288) in 0.000466 s
>>> get_solution
  refine_solution: new weight 18288 (was 18355) in 0.000463 s
  refine_solution: new weight 18288 (was 18288) in 0.000459 s
22,,219,1079,2,,219,0,,18355,18288,18355,18355,18288,,295,2,@@

  handle_small_Steiner_degrees: steiner 0, suppress 1 in 2e-06 s
Starting round 23
Found 104 isolated vertices
Invalid ratios recomputed: 216
Best ratio is 297/1 (297.0), centered at 60
Finding the best star... Star with 2 terminals centered in 60
round took: 0.006633 s
|V| = 320, |E| = 1059, |R| = 1
Zelikovsky 0.0053 s
Zelikovsky- 0.000203 s
>>> get_solution
  refine_solution: new weight 18288 (was 18355) in 0.00048 s
  refine_solution: new weight 18288 (was 18288) in 0.000476 s
>>> get_solution
  refine_solution: new weight 18288 (was 18355) in 0.000464 s
  refine_solution: new weight 18288 (was 18288) in 0.000459 s
23,,216,1059,1,,216,0,,18355,18288,18355,18355,18288,,297,2,@@

  handle_small_Steiner_degrees: steiner 0, suppress 0 in 1e-06 s
contract_till_the_bitter_end: 4.16216 s

Calling end_heu
>>> get_solution
Saved weight 0
end_heu: 0 loops with 0 unique solutions in 2.7e-05 s

Calling print_solution
>>> get_solution
  refine_solution: new weight 18288 (was 18355) in 0.000463 s
Oops orig weight was 18355 but we got 18288
## FINAL WEIGHT 18288
print_solution: 0.000723 s
