Version: final-94-gfffc3aa rub_all.sh: remove longest prefix
Random seed: 1558080056
Start
>>> save_orig_graph
>> Saved weight 0
Graph loaded
|V| = 78835, |E| = 95732, |R| = 88
First clearance of the input. Calling buy_zero and run_all_heuristics.
  buy_zero: 156 zero edges in 0.000566 s
  handle_small_terminal_degrees: terms 0 in 6.3e-05 s
  handle_small_Steiner_degrees: steiner 60, suppress 49485 in 0.012037 s
  shortest_edge_between_terminals: 0 edges in 1e-05 s
  handle_small_terminal_degrees: terms 0 in 5.9e-05 s
  handle_small_Steiner_degrees: steiner 3, suppress 2694 in 0.001087 s
  shortest_edge_between_terminals: 0 edges in 6e-06 s
  handle_small_terminal_degrees: terms 0 in 5.9e-05 s
  handle_small_Steiner_degrees: steiner 0, suppress 224 in 0.00016 s
  shortest_edge_between_terminals: 0 edges in 3e-06 s
  handle_small_terminal_degrees: terms 0 in 5.8e-05 s
  handle_small_Steiner_degrees: steiner 1, suppress 47 in 0.000102 s
  shortest_edge_between_terminals: 0 edges in 3e-06 s
  handle_small_terminal_degrees: terms 0 in 5.9e-05 s
  handle_small_Steiner_degrees: steiner 0, suppress 34 in 9.9e-05 s
  shortest_edge_between_terminals: 0 edges in 4e-06 s
  handle_small_terminal_degrees: terms 0 in 5.9e-05 s
  handle_small_Steiner_degrees: steiner 0, suppress 19 in 9.3e-05 s
  shortest_edge_between_terminals: 0 edges in 3e-06 s
  handle_small_terminal_degrees: terms 0 in 5.8e-05 s
  handle_small_Steiner_degrees: steiner 0, suppress 14 in 9.2e-05 s
  shortest_edge_between_terminals: 0 edges in 3e-06 s
  handle_small_terminal_degrees: terms 0 in 5.9e-05 s
  handle_small_Steiner_degrees: steiner 0, suppress 10 in 9.2e-05 s
  shortest_edge_between_terminals: 0 edges in 3e-06 s
  handle_small_terminal_degrees: terms 0 in 5.9e-05 s
  handle_small_Steiner_degrees: steiner 0, suppress 7 in 9e-05 s
  shortest_edge_between_terminals: 0 edges in 3e-06 s
  handle_small_terminal_degrees: terms 0 in 5.9e-05 s
  handle_small_Steiner_degrees: steiner 0, suppress 7 in 9.1e-05 s
  shortest_edge_between_terminals: 0 edges in 3e-06 s
  handle_small_terminal_degrees: terms 0 in 5.9e-05 s
  handle_small_Steiner_degrees: steiner 0, suppress 4 in 8.9e-05 s
  shortest_edge_between_terminals: 0 edges in 3e-06 s
  handle_small_terminal_degrees: terms 0 in 5.8e-05 s
  handle_small_Steiner_degrees: steiner 0, suppress 5 in 9e-05 s
  shortest_edge_between_terminals: 0 edges in 4e-06 s
  handle_small_terminal_degrees: terms 0 in 5.8e-05 s
  handle_small_Steiner_degrees: steiner 0, suppress 6 in 9e-05 s
  shortest_edge_between_terminals: 0 edges in 3e-06 s
  handle_small_terminal_degrees: terms 0 in 5.9e-05 s
  handle_small_Steiner_degrees: steiner 0, suppress 5 in 8.9e-05 s
  shortest_edge_between_terminals: 0 edges in 3e-06 s
  handle_small_terminal_degrees: terms 0 in 5.8e-05 s
  handle_small_Steiner_degrees: steiner 0, suppress 4 in 9e-05 s
  shortest_edge_between_terminals: 0 edges in 3e-06 s
  handle_small_terminal_degrees: terms 0 in 5.9e-05 s
  handle_small_Steiner_degrees: steiner 0, suppress 1 in 8.8e-05 s
  shortest_edge_between_terminals: 0 edges in 4e-06 s
  handle_small_terminal_degrees: terms 0 in 5.8e-05 s
  handle_small_Steiner_degrees: steiner 0, suppress 4 in 9e-05 s
  shortest_edge_between_terminals: 0 edges in 3e-06 s
  handle_small_terminal_degrees: terms 0 in 5.8e-05 s
  handle_small_Steiner_degrees: steiner 0, suppress 2 in 9.8e-05 s
  shortest_edge_between_terminals: 0 edges in 4e-06 s
  handle_small_terminal_degrees: terms 0 in 5.8e-05 s
  handle_small_Steiner_degrees: steiner 0, suppress 2 in 8.9e-05 s
  shortest_edge_between_terminals: 0 edges in 3e-06 s
  handle_small_terminal_degrees: terms 0 in 5.8e-05 s
  handle_small_Steiner_degrees: steiner 0, suppress 0 in 8.9e-05 s
  shortest_edge_between_terminals: 0 edges in 3e-06 s
Compressed graph 78835 -> 26040
  delete_edges: deleted 1354 edges in 0.013929 s and 4 rounds
  handle_small_terminal_degrees: terms 0 in 2.2e-05 s
  handle_small_Steiner_degrees: steiner 16, suppress 1993 in 0.000615 s
  shortest_edge_between_terminals: 0 edges in 6e-06 s
  handle_small_terminal_degrees: terms 0 in 3e-05 s
  handle_small_Steiner_degrees: steiner 0, suppress 61 in 4.7e-05 s
  shortest_edge_between_terminals: 0 edges in 2e-06 s
  handle_small_terminal_degrees: terms 0 in 1.9e-05 s
  handle_small_Steiner_degrees: steiner 0, suppress 0 in 3e-05 s
  shortest_edge_between_terminals: 0 edges in 2e-06 s
Compressed graph 26040 -> 23970
  delete_edges_shortest_path: deleted 2065 edges in 0.274848 s
  handle_small_terminal_degrees: terms 3 in 2.7e-05 s
  handle_small_Steiner_degrees: steiner 199, suppress 3198 in 0.00101 s
  shortest_edge_between_terminals: 0 edges in 4e-06 s
  handle_small_terminal_degrees: terms 0 in 1.8e-05 s
  handle_small_Steiner_degrees: steiner 3, suppress 193 in 8.5e-05 s
  shortest_edge_between_terminals: 0 edges in 2e-06 s
  handle_small_terminal_degrees: terms 0 in 1.8e-05 s
  handle_small_Steiner_degrees: steiner 2, suppress 17 in 3.2e-05 s
  shortest_edge_between_terminals: 0 edges in 2e-06 s
  handle_small_terminal_degrees: terms 0 in 1.8e-05 s
  handle_small_Steiner_degrees: steiner 0, suppress 5 in 2.9e-05 s
  shortest_edge_between_terminals: 0 edges in 2e-06 s
  handle_small_terminal_degrees: terms 0 in 1.8e-05 s
  handle_small_Steiner_degrees: steiner 0, suppress 1 in 2.8e-05 s
  shortest_edge_between_terminals: 0 edges in 1e-06 s
  handle_small_terminal_degrees: terms 0 in 1.8e-05 s
  handle_small_Steiner_degrees: steiner 0, suppress 0 in 2.8e-05 s
  shortest_edge_between_terminals: 0 edges in 1e-06 s
Compressed graph 23970 -> 20349
  handle_small_terminal_degrees: terms 0 in 1.5e-05 s
  handle_small_Steiner_degrees: steiner 0, suppress 0 in 2.1e-05 s
  shortest_edge_between_terminals: 0 edges in 5e-06 s
Compressed graph 20349 -> 20348
  delete_edges_shortest_path: deleted 349 edges in 0.190278 s
  handle_small_terminal_degrees: terms 0 in 1.7e-05 s
  handle_small_Steiner_degrees: steiner 12, suppress 620 in 0.000255 s
  shortest_edge_between_terminals: 0 edges in 3e-06 s
  handle_small_terminal_degrees: terms 0 in 1.5e-05 s
  handle_small_Steiner_degrees: steiner 0, suppress 32 in 3.5e-05 s
  shortest_edge_between_terminals: 0 edges in 2e-06 s
  handle_small_terminal_degrees: terms 0 in 1.6e-05 s
  handle_small_Steiner_degrees: steiner 0, suppress 4 in 2.5e-05 s
  shortest_edge_between_terminals: 0 edges in 2e-06 s
  handle_small_terminal_degrees: terms 0 in 1.5e-05 s
  handle_small_Steiner_degrees: steiner 0, suppress 0 in 2.3e-05 s
  shortest_edge_between_terminals: 0 edges in 2e-06 s
Compressed graph 20348 -> 19680
Compressed graph 19680 -> 19680
>>> save_orig_graph
>> Saved weight 97457
### ZEL_LVL=9 PRECISE_STARS=1

Calling `contract_till_the_bitter_end`
|V| = 19680, |E| = 30266, |R| = 88
>> 33397 (10056: 17452 17494 17452) (0.007203 s)
>> 33057 (6298: 17338 17342 17338) (0.006693 s)
>> 31976 (6896: 17373 17388 17373) (0.006663 s)
>> 31669 (13211: 17318 17509 17318) (0.006625 s)
>> 30954 (185: 17097 17100 17097) (0.006618 s)
>> 30084 (9556: 17460 17475 17460) (0.006755 s)
>> 29651 (4239: 17251 17319 17251) (0.006679 s)
>> 29225 (1408: 17135 17145 17135) (0.006614 s)
>> 28900 (18164: 16959 17297 16959) (0.006604 s)
>> 28594 (4469: 17197 17256 17197) (0.00656 s)
>> 27944 (8536: 17544 17546 17544) (0.006748 s)
>> 27128 (545: 17111 17115 17111) (0.006636 s)
>> 26407 (6083: 17357 17361 17357) (0.006512 s)
>> 25593 (10065: 17379 17380 17379) (0.006482 s)
>> 25426 (10108: 17409 17456 17409) (0.006444 s)
>> 24750 (2254: 17108 17153 17108) (0.006678 s)
>> 23852 (5976: 17323 17350 17323) (0.006415 s)
>> 23379 (2384: 17148 17165 17148) (0.006424 s)
>> 28863 (2978: 17171 17210 17171) (0.006491 s)
>> 23313 (5831: 17354 17404 17354) (0.00648 s)
>> 23071 (399: 17479 17484 17479) (0.006259 s)
>> 21810 (17473: 17467 17471 17467) (0.006194 s)
>> 20646 (6777: 17370 17394 17370) (0.006141 s)
>> 19983 (15538: 17533 17538 17533) (0.006083 s)
>> 22609 (15511: 17525 17529 17525) (0.006154 s)
>> 19376 (12309: 17497 17498 17497) (0.005962 s)
>> 17385 (4223: 17240 17246 17240) (0.005949 s)
>> 15744 (980: 17138 17141 17138) (0.006016 s)
>> 13706 (8545: 17542 17550 17542) (0.00595 s)
>> 11940 (17308: 17291 17302 17291) (0.005924 s)
>> 11063 (12783: 17503 17515 17503) (0.005837 s)
>> 9359 (2819: 17202 17218 17202) (0.005739 s)
>> 6130 (17191: 17178 17186 17178) (0.005779 s)
>> 11274 (4505: 17225 17275 17225) (0.005724 s)
>> 10241 (17273: 17268 17286 17268) (0.005632 s)
>> 8967 (18153: 17313 17382 17313) (0.00563 s)
>> 15893 (2047: 17159 17161 17159) (0.005584 s)
>> 0 (-1: -1 -1 -1) (0.00561 s)
Zelikovsky 57.0218 s
>> 33397 (10056: 17494 17498 17452) (57.3342 s)
>> 33057 (6298: 17338 17382 17342) (57.3042 s)
>> 31976 (6896: 17388 17394 17373) (57.353 s)
>> 30954 (185: 17097 17108 17100) (57.2572 s)
>> 29914 (17449: 17409 17494 17448) (57.1891 s)
>> 29225 (1408: 17145 17153 17135) (57.2306 s)
>> 28594 (4469: 17256 17268 17197) (57.3084 s)
>> 36752 (13221: 17256 17518 17509) (57.3699 s)
>> 27944 (8536: 17544 17556 17546) (58.1544 s)
>> 27128 (545: 17130 17115 17111) (58.1589 s)
>> 26785 (11489: 17475 17487 17409) (58.1389 s)
>> 24892 (17173: 17165 17256 17171) (59.2829 s)
>> 22510 (5815: 17354 17318 17313) (59.6057 s)
>> 21722 (10752: 17467 17544 17471) (59.6571 s)
>> 20118 (3057: 17165 17251 17225) (59.8756 s)
>> 19500 (15538: 17533 17542 17538) (60.1369 s)
>> 18841 (2841: 17145 17218 17210) (60.1318 s)
>> 18426 (5504: 17379 17380 17354) (60.2315 s)
>> 15246 (15511: 17467 17533 17529) (60.4649 s)
>> 15153 (10240: 17475 17463 17460) (60.6599 s)
>> 14451 (17294: 17291 17302 17165) (60.7491 s)
>> 14243 (17247: 17350 17338 17246) (60.7821 s)
>> 13906 (6083: 17388 17357 17291) (60.7419 s)
>> 13282 (12277: 17475 17503 17388) (60.9646 s)
>> 12791 (2254: 17145 17164 17097) (63.075 s)
>> 11053 (399: 17475 17484 17479) (63.2495 s)
>> 10647 (952: 17145 17141 17138) (63.2312 s)
>> 9893 (16452: 17522 17515 17379) (63.2254 s)
>> 8925 (5639: 17297 17475 17286) (63.2598 s)
>> 8825 (17368: 17522 17297 16959) (63.3158 s)
>> 7963 (17149: 17148 17161 17145) (64.2084 s)
>> 7573 (333: 17148 17130 17113) (64.2846 s)
>> 5164 (6777: 17522 17397 17370) (64.3727 s)
>> 2402 (17209: 17148 17522 17202) (64.3918 s)
>> 0 (-1: -1 -1 -1) (65.1207 s)
Zelikovsky- 2117.94 s
>>> get_solution
  refine_solution: new weight 4844451 (was 4873731) in 0.005014 s
  refine_solution: new weight 4842880 (was 4844451) in 0.004825 s
  refine_solution: new weight 4842880 (was 4842880) in 0.004818 s
>>> get_solution
  refine_solution: new weight 4963156 (was 5463234) in 0.004884 s
  refine_solution: new weight 4926089 (was 4963156) in 0.0046 s
  refine_solution: new weight 4926089 (was 4926089) in 0.004558 s
0,,19680,30266,88,,0,0,,5463234,4926089,5015178,4873731,4842880,,0,0,@@

  delete_edges: deleted 78 edges in 0.005942 s and 2 rounds
  handle_small_Steiner_degrees: steiner 0, suppress 132 in 7.2e-05 s
Starting round 1
Found 132 isolated vertices
Invalid ratios recomputed: 19548
Best ratio is 23309/1 (23309.0), centered at 17153
Finding the best star... Star with 2 terminals centered in 17153
round took: 17.9666 s
|V| = 19680, |E| = 30050, |R| = 87
>> 33397 (10056: 17452 17494 17452) (0.006723 s)
>> 33057 (6298: 17338 17342 17338) (0.006638 s)
>> 31976 (6896: 17373 17388 17373) (0.00659 s)
>> 31669 (13211: 17318 17509 17318) (0.00655 s)
>> 30954 (185: 17097 17100 17097) (0.00657 s)
>> 30084 (9556: 17460 17475 17460) (0.006477 s)
>> 29651 (4239: 17251 17319 17251) (0.006548 s)
>> 29225 (1408: 17135 17145 17135) (0.006592 s)
>> 28900 (18164: 16959 17297 16959) (0.006565 s)
>> 28594 (4469: 17197 17256 17197) (0.006535 s)
>> 27944 (8536: 17544 17546 17544) (0.006554 s)
>> 27128 (545: 17111 17115 17111) (0.006464 s)
>> 26407 (6083: 17357 17361 17357) (0.006398 s)
>> 25593 (10065: 17379 17380 17379) (0.006422 s)
>> 25426 (10108: 17409 17456 17409) (0.006329 s)
>> 23852 (5976: 17323 17350 17323) (0.006307 s)
>> 23379 (2384: 17148 17165 17148) (0.006322 s)
>> 28863 (2978: 17171 17210 17171) (0.00643 s)
>> 23314 (2254: 17108 17153 17108) (0.006417 s)
>> 23313 (5831: 17354 17404 17354) (0.006398 s)
>> 23071 (399: 17479 17484 17479) (0.006198 s)
>> 21810 (17473: 17467 17471 17467) (0.006171 s)
>> 20646 (6777: 17370 17394 17370) (0.006073 s)
>> 19983 (15538: 17533 17538 17533) (0.006048 s)
>> 22609 (15511: 17525 17529 17525) (0.005997 s)
>> 19376 (12309: 17497 17498 17497) (0.005922 s)
>> 17385 (4223: 17240 17246 17240) (0.005928 s)
>> 15163 (854: 17138 17141 17138) (0.005931 s)
>> 13706 (8545: 17542 17550 17542) (0.005916 s)
>> 11940 (17308: 17291 17302 17291) (0.005862 s)
>> 11063 (12783: 17503 17515 17503) (0.005795 s)
>> 9359 (2819: 17202 17218 17202) (0.005713 s)
>> 6130 (17191: 17178 17186 17178) (0.005692 s)
>> 11274 (4505: 17225 17275 17225) (0.005712 s)
>> 10241 (17273: 17268 17286 17268) (0.005675 s)
>> 8967 (18153: 17313 17382 17313) (0.005613 s)
>> 9925 (2047: 17161 17164 17161) (0.005592 s)
>> 0 (-1: -1 -1 -1) (0.005579 s)
Zelikovsky 55.6874 s
>> 33397 (10056: 17494 17498 17452) (55.8379 s)
>> 33057 (6298: 17338 17382 17342) (55.7847 s)
>> 31976 (6896: 17388 17394 17373) (55.8072 s)
>> 30954 (185: 17097 17108 17100) (55.7626 s)
>> 29914 (17449: 17409 17494 17448) (55.7619 s)
>> 29225 (1408: 17145 17153 17135) (55.8129 s)
>> 28594 (4469: 17256 17268 17197) (55.8751 s)
>> 36752 (13221: 17256 17518 17509) (55.9611 s)
>> 27944 (8536: 17544 17556 17546) (56.6933 s)
>> 27128 (545: 17130 17115 17111) (56.7007 s)
>> 26785 (11489: 17475 17487 17409) (56.6474 s)
>> 24892 (17173: 17165 17256 17171) (57.8104 s)
>> 22510 (5815: 17354 17318 17313) (58.1569 s)
>> 21722 (10752: 17467 17544 17471) (58.1663 s)
>> 20118 (3057: 17165 17251 17225) (58.3879 s)
>> 19500 (15538: 17533 17542 17538) (58.6219 s)
>> 18841 (2841: 17145 17218 17210) (58.5903 s)
>> 18426 (5504: 17379 17380 17354) (58.7311 s)
>> 15246 (15511: 17467 17533 17529) (58.9894 s)
>> 15153 (10240: 17475 17463 17460) (59.1221 s)
>> 14451 (17294: 17291 17302 17165) (59.1754 s)
>> 14243 (17247: 17350 17338 17246) (59.2886 s)
>> 13906 (6083: 17388 17357 17291) (59.2529 s)
>> 13282 (12277: 17475 17503 17388) (59.4764 s)
>> 12791 (2254: 17145 17164 17097) (61.6141 s)
>> 11053 (399: 17475 17484 17479) (61.8447 s)
>> 10647 (952: 17145 17141 17138) (61.7836 s)
>> 9893 (16452: 17522 17515 17379) (61.7913 s)
>> 8925 (5639: 17297 17475 17286) (61.7877 s)
>> 8825 (17368: 17522 17297 16959) (61.8293 s)
>> 7963 (17149: 17148 17161 17145) (62.678 s)
>> 7573 (333: 17148 17130 17113) (62.7175 s)
>> 5164 (6777: 17522 17397 17370) (62.8331 s)
>> 2402 (17209: 17148 17522 17202) (62.8027 s)
>> 0 (-1: -1 -1 -1) (63.4717 s)
Zelikovsky- 2065.69 s
>>> get_solution
  refine_solution: new weight 4845401 (was 4874681) in 0.005026 s
  refine_solution: new weight 4843830 (was 4845401) in 0.00486 s
  refine_solution: new weight 4843830 (was 4843830) in 0.004813 s
>>> get_solution
  refine_solution: new weight 4970291 (was 5473162) in 0.005075 s
  refine_solution: new weight 4924877 (was 4970291) in 0.004575 s
  refine_solution: new weight 4924877 (was 4924877) in 0.004545 s
1,,19548,30050,87,,19548,0,,5473162,4924877,5009065,4874681,4843830,,23309,2,@@

  handle_small_Steiner_degrees: steiner 0, suppress 6 in 3.5e-05 s
Starting round 2
Found 141 isolated vertices
Invalid ratios recomputed: 15027
Best ratio is 26041/1 (26041.0), centered at 2652
Finding the best star... Star with 2 terminals centered in 17197
round took: 16.0519 s
|V| = 19680, |E| = 30031, |R| = 86
>> 34861 (13221: 17197 17509 17197) (0.006673 s)
>> 39328 (3098: 17210 17225 17210) (0.006512 s)
>> 33397 (10056: 17452 17494 17452) (0.006535 s)
>> 33057 (6298: 17338 17342 17338) (0.006486 s)
>> 31976 (6896: 17373 17388 17373) (0.006525 s)
>> 30954 (185: 17097 17100 17097) (0.0065 s)
>> 30084 (9556: 17460 17475 17460) (0.006473 s)
>> 29651 (4239: 17251 17319 17251) (0.006504 s)
>> 29225 (1408: 17135 17145 17135) (0.006485 s)
>> 28900 (18164: 16959 17297 16959) (0.006496 s)
>> 27944 (8536: 17544 17546 17544) (0.006469 s)
>> 27128 (545: 17111 17115 17111) (0.006405 s)
>> 26407 (6083: 17357 17361 17357) (0.006344 s)
>> 25426 (10108: 17409 17456 17409) (0.006357 s)
>> 23852 (5976: 17323 17350 17323) (0.006267 s)
>> 23314 (2254: 17108 17153 17108) (0.006249 s)
>> 23071 (399: 17479 17484 17479) (0.006321 s)
>> 22528 (17265: 17256 17268 17256) (0.006249 s)
>> 22510 (5815: 17313 17318 17313) (0.006166 s)
>> 21810 (17473: 17467 17471 17467) (0.006153 s)
>> 21752 (2384: 17148 17165 17148) (0.006118 s)
>> 23044 (962: 17138 17141 17138) (0.006057 s)
>> 21513 (12301: 17497 17503 17497) (0.006116 s)
>> 21134 (2819: 17171 17202 17171) (0.00608 s)
>> 20646 (6777: 17370 17394 17370) (0.005986 s)
>> 19983 (15538: 17533 17538 17533) (0.005958 s)
>> 22609 (15511: 17525 17529 17525) (0.005909 s)
>> 17385 (4223: 17240 17246 17240) (0.005824 s)
>> 17211 (10065: 17379 17380 17379) (0.005741 s)
>> 16245 (17308: 17275 17291 17275) (0.005701 s)
>> 14704 (12783: 17498 17515 17498) (0.005637 s)
>> 13706 (8545: 17542 17550 17542) (0.005576 s)
>> 7616 (6420: 17354 17397 17354) (0.005575 s)
>> 4203 (6038: 17286 17302 17286) (0.005547 s)
>> 0 (-1: -1 -1 -1) (0.005485 s)
Zelikovsky 55.4303 s
>> 34861 (13221: 17509 17518 17197) (55.656 s)
>> 33397 (10056: 17494 17498 17452) (56.2736 s)
>> 31976 (6896: 17388 17394 17373) (56.2554 s)
>> 30954 (185: 17097 17108 17100) (56.2507 s)
>> 29914 (17449: 17409 17494 17448) (56.2064 s)
>> 29746 (6298: 17338 17382 17342) (56.2702 s)
>> 29225 (1408: 17145 17153 17135) (56.3877 s)
>> 27944 (8536: 17544 17556 17546) (56.4842 s)
>> 27128 (545: 17130 17115 17111) (56.4821 s)
>> 26785 (11489: 17475 17487 17409) (56.4758 s)
>> 25684 (2408: 17165 17509 17148) (57.4811 s)
>> 23999 (5764: 17313 17354 16959) (57.9174 s)
>> 21722 (10752: 17467 17544 17471) (58.014 s)
>> 19500 (15538: 17533 17542 17538) (58.212 s)
>> 18841 (2841: 17145 17218 17210) (58.1723 s)
>> 20283 (3098: 17145 17251 17225) (58.2016 s)
>> 18426 (5504: 17379 17380 17318) (58.4025 s)
>> 15246 (15511: 17467 17533 17529) (58.6003 s)
>> 15153 (10240: 17475 17463 17460) (58.7158 s)
>> 14709 (4469: 17165 17268 17256) (58.7384 s)
>> 14451 (17294: 17291 17302 17165) (59.0985 s)
>> 14243 (17247: 17350 17338 17246) (59.2423 s)
>> 13906 (6083: 17388 17357 17291) (59.2717 s)
>> 13282 (12277: 17475 17503 17388) (59.6051 s)
>> 12791 (2254: 17145 17164 17097) (61.8672 s)
>> 11053 (399: 17475 17484 17479) (61.88 s)
>> 9893 (16452: 17522 17515 17379) (61.8449 s)
>> 8925 (5639: 17297 17475 17286) (62.0624 s)
>> 7573 (333: 17145 17130 17113) (62.0298 s)
>> 6920 (949: 17145 17297 17141) (62.0342 s)
>> 5164 (6777: 17145 17397 17370) (62.3125 s)
>> 0 (-1: -1 -1 -1) (62.3322 s)
Zelikovsky- 1878.89 s
>>> get_solution
  refine_solution: new weight 4857744 (was 4888670) in 0.005025 s
  refine_solution: new weight 4856173 (was 4857744) in 0.004826 s
  refine_solution: new weight 4856173 (was 4856173) in 0.004815 s
>>> get_solution
  refine_solution: new weight 4968677 (was 5438493) in 0.00505 s
  refine_solution: new weight 4923263 (was 4968677) in 0.004604 s
  refine_solution: new weight 4923263 (was 4923263) in 0.004503 s
2,,19539,30031,86,,15027,0,,5438493,4923263,4985582,4888670,4856173,,26041,2,@@

  handle_small_Steiner_degrees: steiner 0, suppress 3 in 2.8e-05 s
Starting round 3
Found 153 isolated vertices
Invalid ratios recomputed: 17877
Best ratio is 88414/3 (29471.3), centered at 5639
Finding the best star... Star with 4 terminals centered in 17302
round took: 17.5162 s
|V| = 19680, |E| = 30001, |R| = 83
>> 34861 (13221: 17197 17509 17197) (0.006494 s)
>> 39328 (3098: 17210 17225 17210) (0.00628 s)
>> 33397 (10056: 17452 17494 17452) (0.006386 s)
>> 31976 (6896: 17373 17388 17373) (0.006293 s)
>> 31501 (5423: 17251 17302 17251) (0.006258 s)
>> 33057 (6298: 17338 17342 17338) (0.006215 s)
>> 30954 (185: 17097 17100 17097) (0.006241 s)
>> 30084 (9556: 17460 17475 17460) (0.006234 s)
>> 29225 (1408: 17135 17145 17135) (0.006258 s)
>> 28121 (5976: 17319 17323 17319) (0.006264 s)
>> 27944 (8536: 17544 17546 17544) (0.006219 s)
>> 27128 (545: 17111 17115 17111) (0.006154 s)
>> 26076 (5727: 16959 17256 16959) (0.006216 s)
>> 25426 (10108: 17409 17456 17409) (0.00607 s)
>> 24867 (6084: 17357 17361 17357) (0.006097 s)
>> 23511 (2384: 17148 17165 17148) (0.006028 s)
>> 23314 (2254: 17108 17153 17108) (0.006023 s)
>> 23084 (6661: 17313 17354 17313) (0.006018 s)
>> 23071 (399: 17479 17484 17479) (0.006053 s)
>> 23044 (962: 17138 17141 17138) (0.005913 s)
>> 21810 (17473: 17467 17471 17467) (0.006013 s)
>> 21513 (12301: 17497 17503 17497) (0.005888 s)
>> 21134 (2819: 17171 17202 17171) (0.005804 s)
>> 20646 (6777: 17370 17394 17370) (0.005785 s)
>> 19983 (15538: 17533 17538 17533) (0.005726 s)
>> 22609 (15511: 17525 17529 17525) (0.005682 s)
>> 19643 (17895: 17240 17350 17240) (0.005662 s)
>> 19279 (15071: 17318 17518 17318) (0.005554 s)
>> 25593 (10065: 17379 17380 17379) (0.005501 s)
>> 13706 (8545: 17542 17550 17542) (0.005501 s)
>> 10129 (12783: 17498 17515 17498) (0.005503 s)
>> 9937 (18115: 17246 17275 17246) (0.00542 s)
>> 0 (-1: -1 -1 -1) (0.005381 s)
Zelikovsky 55.116 s
>> 34861 (13221: 17509 17518 17197) (55.4345 s)
>> 33397 (10056: 17494 17498 17452) (56.011 s)
>> 31976 (6896: 17388 17394 17373) (56.0168 s)
>> 30954 (185: 17097 17108 17100) (55.9973 s)
>> 29914 (17449: 17409 17494 17448) (55.9945 s)
>> 29746 (6298: 17338 17382 17342) (56.0152 s)
>> 29225 (1408: 17145 17153 17135) (56.1301 s)
>> 27944 (8536: 17544 17556 17546) (56.2118 s)
>> 27128 (545: 17130 17115 17111) (56.1814 s)
>> 26785 (11489: 17475 17487 17409) (56.1907 s)
>> 25684 (2408: 17165 17509 17148) (57.2582 s)
>> 22510 (5815: 17354 17318 17313) (57.6732 s)
>> 21722 (10752: 17467 17544 17471) (57.814 s)
>> 19500 (15538: 17533 17542 17538) (57.9906 s)
>> 18841 (2841: 17145 17218 17210) (57.9717 s)
>> 20283 (3098: 17145 17251 17225) (58.0153 s)
>> 18426 (5504: 17379 17380 17354) (58.1546 s)
>> 18226 (17265: 17165 17302 17256) (58.4386 s)
>> 15246 (15511: 17467 17533 17529) (59.0322 s)
>> 15153 (10240: 17475 17463 17460) (59.1798 s)
>> 14243 (17247: 17350 17338 17246) (59.1929 s)
>> 13906 (6083: 17388 17357 17165) (59.1506 s)
>> 13282 (12277: 17475 17503 17388) (59.6294 s)
>> 12791 (2254: 17145 17164 17097) (61.8717 s)
>> 11053 (399: 17475 17484 17479) (62.0922 s)
>> 9893 (16452: 17522 17515 17379) (62.0259 s)
>> 8825 (17368: 17522 17475 16959) (62.0733 s)
>> 7573 (333: 17145 17130 17113) (63.149 s)
>> 6920 (949: 17145 17522 17141) (63.1698 s)
>> 5164 (6777: 17145 17397 17370) (63.4702 s)
>> 1677 (17270: 17145 17275 17268) (63.4986 s)
>> 0 (-1: -1 -1 -1) (63.4404 s)
Zelikovsky- 1884.59 s
>>> get_solution
  refine_solution: new weight 4847264 (was 4876654) in 0.005008 s
  refine_solution: new weight 4845693 (was 4847264) in 0.004806 s
  refine_solution: new weight 4845693 (was 4845693) in 0.004792 s
>>> get_solution
  refine_solution: new weight 4966721 (was 5427076) in 0.00508 s
  refine_solution: new weight 4905658 (was 4966721) in 0.0046 s
  refine_solution: new weight 4905658 (was 4905658) in 0.004508 s
3,,19527,30001,83,,17877,0,,5427076,4905658,5022006,4876654,4845693,,88414,4,@@

  handle_small_Steiner_degrees: steiner 0, suppress 5 in 6e-05 s
Starting round 4
Found 176 isolated vertices
Invalid ratios recomputed: 17548
Best ratio is 146175/4 (36543.8), centered at 5645
Finding the best star... Star with 5 terminals centered in 17388
round took: 17.8016 s
|V| = 19680, |E| = 29925, |R| = 79
>> 34861 (13221: 17197 17509 17197) (0.006187 s)
>> 39328 (3098: 17210 17225 17210) (0.005976 s)
>> 33397 (10056: 17452 17494 17452) (0.005994 s)
>> 33057 (6298: 17338 17342 17338) (0.005925 s)
>> 31748 (5976: 17323 17350 17323) (0.005929 s)
>> 31501 (5423: 17251 17319 17251) (0.00601 s)
>> 30954 (185: 17097 17100 17097) (0.00586 s)
>> 30084 (9556: 17460 17475 17460) (0.005856 s)
>> 29225 (1408: 17135 17145 17135) (0.006061 s)
>> 27944 (8536: 17544 17546 17544) (0.005919 s)
>> 27128 (545: 17111 17115 17111) (0.00587 s)
>> 25426 (10108: 17409 17456 17409) (0.00589 s)
>> 24447 (5764: 17313 17354 17313) (0.005869 s)
>> 23314 (2254: 17108 17153 17108) (0.005869 s)
>> 23071 (399: 17479 17484 17479) (0.005847 s)
>> 21810 (17473: 17467 17471 17467) (0.00571 s)
>> 21754 (17265: 17256 17268 17256) (0.00572 s)
>> 19983 (15538: 17533 17538 17533) (0.005706 s)
>> 22609 (15511: 17525 17529 17525) (0.005604 s)
>> 19728 (17170: 17148 17165 17148) (0.005571 s)
>> 23044 (962: 17138 17141 17138) (0.005548 s)
>> 21134 (2819: 17171 17202 17171) (0.005521 s)
>> 19376 (12309: 17497 17498 17497) (0.00546 s)
>> 18426 (5504: 17318 17379 17318) (0.005428 s)
>> 20414 (12783: 17503 17515 17503) (0.00539 s)
>> 13706 (8545: 17542 17550 17542) (0.005302 s)
>> 12550 (5583: 17380 17404 17380) (0.005287 s)
>> 11584 (4222: 17240 17246 17240) (0.005231 s)
>> 9993 (6896: 17373 17388 17373) (0.00524 s)
>> 20646 (6777: 17370 17394 17370) (0.005236 s)
>> 23812 (5683: 16959 17275 16959) (0.00522 s)
>> 0 (-1: -1 -1 -1) (0.005141 s)
Zelikovsky 55.0504 s
>> 34861 (13221: 17509 17518 17197) (55.3457 s)
>> 33397 (10056: 17494 17498 17452) (56.0373 s)
>> 33057 (6298: 17338 17388 17342) (56.0191 s)
>> 30954 (185: 17097 17108 17100) (56.0931 s)
>> 29914 (17449: 17409 17494 17448) (56.0749 s)
>> 29225 (1408: 17145 17153 17135) (56.2917 s)
>> 27944 (8536: 17544 17556 17546) (56.2687 s)
>> 27128 (545: 17130 17115 17111) (56.3133 s)
>> 26785 (11489: 17475 17487 17409) (56.295 s)
>> 25684 (2408: 17165 17509 17148) (57.3579 s)
>> 21722 (10752: 17467 17544 17471) (58.0133 s)
>> 20854 (5815: 17354 17318 17313) (58.1947 s)
>> 19500 (15538: 17533 17542 17538) (58.3325 s)
>> 18841 (2841: 17145 17218 17210) (58.2684 s)
>> 20283 (3098: 17145 17251 17225) (58.3349 s)
>> 18426 (5504: 17379 17380 17354) (58.3898 s)
>> 18226 (17265: 17165 17338 17256) (58.6975 s)
>> 15246 (15511: 17467 17533 17529) (59.5194 s)
>> 15153 (10240: 17475 17463 17460) (59.6299 s)
>> 14243 (17247: 17350 17246 17165) (59.7062 s)
>> 13282 (12277: 17475 17503 17350) (59.6886 s)
>> 12791 (2254: 17145 17164 17097) (61.9816 s)
>> 11053 (399: 17475 17484 17479) (62.1236 s)
>> 9993 (6896: 17475 17394 17373) (62.1142 s)
>> 9893 (16452: 17522 17515 17379) (62.1328 s)
>> 8825 (17368: 17522 17475 16959) (62.1782 s)
>> 7573 (333: 17145 17130 17113) (63.3362 s)
>> 6920 (949: 17145 17522 17141) (63.3628 s)
>> 6573 (6777: 17145 17397 17370) (63.704 s)
>> 1677 (17270: 17145 17275 17268) (63.7231 s)
>> 0 (-1: -1 -1 -1) (63.6331 s)
Zelikovsky- 1837.27 s
>>> get_solution
  refine_solution: new weight 4841577 (was 4863451) in 0.00501 s
  refine_solution: new weight 4841577 (was 4841577) in 0.004743 s
>>> get_solution
  refine_solution: new weight 4958609 (was 5391564) in 0.004991 s
  refine_solution: new weight 4900660 (was 4958609) in 0.004573 s
  refine_solution: new weight 4900660 (was 4900660) in 0.004462 s
4,,19504,29925,79,,17548,0,,5391564,4900660,4992471,4863451,4841577,,146175,5,@@

  handle_small_Steiner_degrees: steiner 2, suppress 5 in 3.6e-05 s
Starting round 5
Found 242 isolated vertices
Invalid ratios recomputed: 17513
Best ratio is 150554/4 (37638.5), centered at 958
Finding the best star... Star with 5 terminals centered in 17544
round took: 18.255 s
|V| = 19680, |E| = 29861, |R| = 75
>> 34861 (13221: 17197 17509 17197) (0.005871 s)
>> 39328 (3098: 17210 17225 17210) (0.005767 s)
>> 34750 (10102: 17460 17463 17460) (0.005736 s)
>> 34149 (9880: 17409 17452 17409) (0.00575 s)
>> 33057 (6298: 17338 17342 17338) (0.005681 s)
>> 31748 (5976: 17323 17350 17323) (0.005717 s)
>> 31501 (5423: 17251 17319 17251) (0.005658 s)
>> 30954 (185: 17097 17100 17097) (0.005598 s)
>> 29225 (1408: 17135 17145 17135) (0.005608 s)
>> 27325 (9556: 17456 17475 17456) (0.005507 s)
>> 27128 (545: 17111 17115 17111) (0.005584 s)
>> 24447 (5764: 17313 17354 17313) (0.005533 s)
>> 24313 (1578: 17467 17471 17467) (0.005559 s)
>> 23314 (2254: 17108 17153 17108) (0.005457 s)
>> 23071 (399: 17479 17484 17479) (0.005499 s)
>> 21754 (17265: 17256 17268 17256) (0.005467 s)
>> 20794 (12309: 17494 17498 17494) (0.005355 s)
>> 19728 (17170: 17148 17165 17148) (0.005264 s)
>> 23044 (962: 17138 17141 17138) (0.005359 s)
>> 21134 (2819: 17171 17202 17171) (0.005342 s)
>> 18426 (5504: 17318 17379 17318) (0.005254 s)
>> 21513 (12301: 17497 17503 17497) (0.005218 s)
>> 14733 (17524: 17380 17515 17380) (0.005076 s)
>> 12801 (8536: 17544 17546 17544) (0.00508 s)
>> 13706 (8545: 17542 17550 17542) (0.005066 s)
>> 11584 (4222: 17240 17246 17240) (0.005033 s)
>> 9993 (6896: 17373 17388 17373) (0.00497 s)
>> 20646 (6777: 17370 17394 17370) (0.005016 s)
>> 23812 (5683: 16959 17275 16959) (0.00494 s)
>> 0 (-1: -1 -1 -1) (0.004868 s)
Zelikovsky 54.5947 s
>> 34861 (13221: 17509 17518 17197) (55.0347 s)
>> 34750 (10102: 17460 17544 17463) (55.7406 s)
>> 33057 (6298: 17338 17388 17342) (56.4655 s)
>> 31717 (10056: 17460 17498 17494) (56.6211 s)
>> 30954 (185: 17097 17108 17100) (57.3311 s)
>> 29822 (17449: 17409 17460 17448) (57.1992 s)
>> 29225 (1408: 17145 17153 17135) (57.525 s)
>> 27128 (545: 17130 17115 17111) (57.6157 s)
>> 25684 (2408: 17165 17509 17148) (57.6081 s)
>> 24313 (1578: 17467 17471 17409) (58.2929 s)
>> 21984 (399: 17484 17487 17479) (58.6146 s)
>> 20854 (5815: 17354 17318 17313) (58.6933 s)
>> 18841 (2841: 17145 17218 17210) (58.7993 s)
>> 20283 (3098: 17145 17251 17225) (58.8361 s)
>> 18426 (5504: 17379 17380 17354) (58.8623 s)
>> 18226 (17265: 17165 17338 17256) (59.161 s)
>> 14243 (17247: 17350 17246 17165) (59.904 s)
>> 13282 (12277: 17467 17503 17350) (59.9517 s)
>> 12791 (2254: 17145 17164 17097) (62.2937 s)
>> 12358 (8545: 17556 17550 17467) (62.4905 s)
>> 9993 (6896: 17556 17394 17373) (62.7849 s)
>> 9893 (16452: 17522 17515 17379) (62.7618 s)
>> 8825 (17368: 17522 17556 16959) (62.8654 s)
>> 7573 (333: 17145 17130 17113) (64.1105 s)
>> 6920 (949: 17145 17522 17141) (64.2334 s)
>> 6573 (6777: 17145 17397 17370) (64.5509 s)
>> 1677 (17270: 17145 17275 17268) (64.5872 s)
>> 0 (-1: -1 -1 -1) (64.5329 s)
Zelikovsky- 1677.57 s
>>> get_solution
  refine_solution: new weight 4838123 (was 4884604) in 0.005037 s
  refine_solution: new weight 4836457 (was 4838123) in 0.004839 s
  refine_solution: new weight 4836457 (was 4836457) in 0.004789 s
>>> get_solution
  refine_solution: new weight 4953798 (was 5336974) in 0.005045 s
  refine_solution: new weight 4904943 (was 4953798) in 0.004579 s
  refine_solution: new weight 4904943 (was 4904943) in 0.00449 s
5,,19438,29861,75,,17513,0,,5336974,4904943,4948842,4884604,4836457,,150554,5,@@

  handle_small_Steiner_degrees: steiner 0, suppress 8 in 7.2e-05 s
Starting round 6
Found 295 isolated vertices
Invalid ratios recomputed: 12968
Best ratio is 117274/3 (39091.3), centered at 4468
Finding the best star... Star with 4 terminals centered in 17268
round took: 15.48 s
|V| = 19680, |E| = 29795, |R| = 72
>> 41581 (13221: 17268 17509 17268) (0.005604 s)
>> 39328 (3098: 17210 17225 17210) (0.005468 s)
>> 34750 (10102: 17460 17463 17460) (0.005475 s)
>> 34149 (9880: 17409 17452 17409) (0.005448 s)
>> 30954 (185: 17097 17100 17097) (0.005457 s)
>> 29651 (4239: 17251 17319 17251) (0.00548 s)
>> 29225 (1408: 17135 17145 17135) (0.005418 s)
>> 27998 (4183: 17338 17342 17338) (0.005405 s)
>> 27325 (9556: 17456 17475 17456) (0.005466 s)
>> 27128 (545: 17111 17115 17111) (0.005448 s)
>> 25684 (2408: 17148 17165 17148) (0.005426 s)
>> 25504 (6899: 17370 17373 17370) (0.005434 s)
>> 30339 (6685: 17354 17394 17354) (0.005389 s)
>> 24447 (5764: 16959 17313 16959) (0.005317 s)
>> 24313 (1578: 17467 17471 17467) (0.005292 s)
>> 23314 (2254: 17108 17153 17108) (0.005257 s)
>> 23071 (399: 17479 17484 17479) (0.005227 s)
>> 23044 (962: 17138 17141 17138) (0.0052 s)
>> 21513 (12301: 17497 17503 17497) (0.00513 s)
>> 22585 (2403: 17171 17178 17171) (0.005113 s)
>> 29234 (5976: 17275 17323 17275) (0.005049 s)
>> 18426 (5504: 17318 17379 17318) (0.00503 s)
>> 14733 (17524: 17380 17515 17380) (0.005051 s)
>> 14243 (17247: 17240 17246 17240) (0.005014 s)
>> 12801 (8536: 17544 17546 17544) (0.004954 s)
>> 13706 (8545: 17542 17550 17542) (0.004901 s)
>> 2541 (10056: 17448 17494 17448) (0.004882 s)
>> 0 (-1: -1 -1 -1) (0.004841 s)
Zelikovsky 53.9915 s
>> 41581 (13221: 17268 17518 17509) (54.6248 s)
>> 34750 (10102: 17460 17544 17463) (55.2355 s)
>> 33057 (6298: 17338 17342 17268) (55.9748 s)
>> 31717 (10056: 17460 17498 17494) (56.1774 s)
>> 30954 (185: 17097 17108 17100) (56.9606 s)
>> 29822 (17449: 17409 17460 17448) (56.864 s)
>> 29225 (1408: 17145 17153 17135) (57.0724 s)
>> 27128 (545: 17130 17115 17111) (57.1631 s)
>> 24892 (17173: 17165 17338 17171) (57.1285 s)
>> 24313 (1578: 17467 17471 17409) (57.7081 s)
>> 21984 (399: 17484 17487 17479) (57.9413 s)
>> 20854 (5815: 17354 17318 17313) (58.0455 s)
>> 20118 (3057: 17165 17251 17225) (58.0801 s)
>> 18841 (2841: 17145 17218 17210) (58.238 s)
>> 18426 (5504: 17379 17380 17354) (58.3598 s)
>> 14243 (17247: 17350 17246 17165) (58.7036 s)
>> 13282 (12277: 17467 17503 17350) (58.7303 s)
>> 12791 (2254: 17145 17164 17097) (61.0145 s)
>> 12358 (8545: 17556 17550 17467) (61.2341 s)
>> 10647 (952: 17145 17141 17138) (61.4198 s)
>> 9993 (6896: 17556 17394 17373) (61.432 s)
>> 9893 (16452: 17522 17515 17379) (61.4776 s)
>> 8825 (17368: 17522 17556 16959) (61.5383 s)
>> 7963 (17149: 17148 17161 17145) (62.6018 s)
>> 7573 (333: 17148 17130 17113) (62.6461 s)
>> 6573 (6777: 17522 17397 17370) (62.779 s)
>> 2402 (17209: 17148 17522 17202) (62.763 s)
>> 0 (-1: -1 -1 -1) (63.8865 s)
Zelikovsky- 1655.9 s
>>> get_solution
  refine_solution: new weight 4831998 (was 4872504) in 0.005007 s
  refine_solution: new weight 4830332 (was 4831998) in 0.004794 s
  refine_solution: new weight 4830332 (was 4830332) in 0.004802 s
>>> get_solution
  refine_solution: new weight 4898184 (was 5287100) in 0.004999 s
  refine_solution: new weight 4849823 (was 4898184) in 0.00456 s
  refine_solution: new weight 4849648 (was 4849823) in 0.004459 s
  refine_solution: new weight 4849648 (was 4849648) in 0.004449 s
6,,19385,29795,72,,12968,0,,5287100,4849648,4921208,4872504,4830332,,117274,4,@@

  handle_small_Steiner_degrees: steiner 0, suppress 9 in 7.2e-05 s
Starting round 7
Found 351 isolated vertices
Invalid ratios recomputed: 18117
Best ratio is 235573/6 (39262.2), centered at 17648
Finding the best star... Star with 7 terminals centered in 17141
round took: 18.9885 s
|V| = 19680, |E| = 29692, |R| = 66
>> 41581 (13221: 17268 17509 17268) (0.005249 s)
>> 34750 (10102: 17460 17463 17460) (0.005178 s)
>> 34289 (3098: 17141 17225 17141) (0.005139 s)
>> 34149 (9880: 17409 17452 17409) (0.005193 s)
>> 30954 (185: 17097 17100 17097) (0.005172 s)
>> 29651 (4239: 17251 17319 17251) (0.00516 s)
>> 33057 (6298: 17338 17342 17338) (0.005075 s)
>> 31748 (5976: 17323 17350 17323) (0.00507 s)
>> 27325 (9556: 17456 17475 17456) (0.005043 s)
>> 27128 (545: 17111 17115 17111) (0.005017 s)
>> 25504 (6899: 17370 17373 17370) (0.005062 s)
>> 30339 (6685: 17354 17394 17354) (0.005071 s)
>> 24590 (2397: 17153 17165 17153) (0.00501 s)
>> 24447 (5764: 16959 17313 16959) (0.004971 s)
>> 24313 (1578: 17467 17471 17467) (0.004963 s)
>> 23071 (399: 17479 17484 17479) (0.004905 s)
>> 21513 (12301: 17497 17503 17497) (0.00483 s)
>> 21829 (5215: 17171 17178 17171) (0.004845 s)
>> 20966 (17110: 17108 17113 17108) (0.004813 s)
>> 18426 (5504: 17318 17379 17318) (0.00483 s)
>> 14733 (17524: 17380 17515 17380) (0.004774 s)
>> 12801 (8536: 17544 17546 17544) (0.004717 s)
>> 13706 (8545: 17542 17550 17542) (0.004687 s)
>> 2541 (10056: 17448 17494 17448) (0.004684 s)
>> 0 (-1: -1 -1 -1) (0.004673 s)
Zelikovsky 53.9099 s
>> 41581 (13221: 17268 17518 17509) (54.5295 s)
>> 34750 (10102: 17460 17544 17463) (55.0801 s)
>> 33057 (6298: 17338 17342 17268) (55.7993 s)
>> 31717 (10056: 17460 17498 17494) (55.9639 s)
>> 30954 (185: 17097 17108 17100) (56.7056 s)
>> 29822 (17449: 17409 17460 17448) (56.6798 s)
>> 27128 (545: 17130 17115 17111) (56.869 s)
>> 24892 (17173: 17165 17338 17171) (56.8665 s)
>> 24313 (1578: 17467 17471 17409) (57.3982 s)
>> 21984 (399: 17484 17487 17479) (57.6748 s)
>> 20854 (5815: 17354 17318 17313) (57.7326 s)
>> 18426 (5504: 17379 17380 17354) (57.8257 s)
>> 17379 (3098: 17141 17251 17225) (58.1705 s)
>> 17149 (2254: 17097 17164 17153) (58.1172 s)
>> 14243 (17247: 17350 17246 17165) (58.1228 s)
>> 13282 (12277: 17467 17503 17350) (58.1141 s)
>> 12358 (8545: 17556 17550 17467) (60.2675 s)
>> 9993 (6896: 17556 17394 17373) (60.5159 s)
>> 9893 (16452: 17522 17515 17379) (60.57 s)
>> 8902 (4239: 17141 17556 17319) (60.5579 s)
>> 8825 (17368: 17522 17141 16959) (61.6972 s)
>> 7573 (333: 17097 17130 17113) (63.011 s)
>> 6573 (6777: 17522 17397 17370) (63.0239 s)
>> 0 (-1: -1 -1 -1) (63.0987 s)
Zelikovsky- 1404.48 s
>>> get_solution
  refine_solution: new weight 4805853 (was 4846743) in 0.005077 s
  refine_solution: new weight 4804187 (was 4805853) in 0.004766 s
  refine_solution: new weight 4804187 (was 4804187) in 0.004799 s
>>> get_solution
  refine_solution: new weight 4906066 (was 5260217) in 0.004961 s
  refine_solution: new weight 4861322 (was 4906066) in 0.004567 s
  refine_solution: new weight 4861147 (was 4861322) in 0.004493 s
  refine_solution: new weight 4861147 (was 4861147) in 0.004461 s
7,,19329,29692,66,,18117,0,,5260217,4861147,4905500,4846743,4804187,,235573,7,@@

  handle_small_Steiner_degrees: steiner 1, suppress 14 in 4.9e-05 s
Starting round 8
Found 444 isolated vertices
Invalid ratios recomputed: 17701
Best ratio is 39472/1 (39472.0), centered at 6090
Finding the best star... Star with 2 terminals centered in 17268
round took: 19.6312 s
|V| = 19680, |E| = 29654, |R| = 65
>> 41581 (13221: 17268 17509 17268) (0.005218 s)
>> 34750 (10102: 17460 17463 17460) (0.005148 s)
>> 34289 (3098: 17141 17225 17141) (0.00508 s)
>> 34149 (9880: 17409 17452 17409) (0.005163 s)
>> 30954 (185: 17097 17100 17097) (0.005149 s)
>> 29651 (4239: 17251 17319 17251) (0.005126 s)
>> 27998 (4183: 17338 17342 17338) (0.005076 s)
>> 28405 (5976: 17323 17350 17323) (0.005075 s)
>> 27325 (9556: 17456 17475 17456) (0.005065 s)
>> 27128 (545: 17111 17115 17111) (0.005063 s)
>> 24590 (2397: 17153 17165 17153) (0.004993 s)
>> 24447 (5764: 16959 17313 16959) (0.005059 s)
>> 24313 (1578: 17467 17471 17467) (0.004954 s)
>> 23071 (399: 17479 17484 17479) (0.004878 s)
>> 21513 (12301: 17497 17503 17497) (0.004878 s)
>> 23349 (6672: 17171 17354 17171) (0.00486 s)
>> 20966 (17110: 17108 17113 17108) (0.004833 s)
>> 18426 (5504: 17318 17379 17318) (0.004815 s)
>> 14733 (17524: 17380 17515 17380) (0.004772 s)
>> 13600 (5215: 17178 17275 17178) (0.004728 s)
>> 12801 (8536: 17544 17546 17544) (0.00469 s)
>> 13706 (8545: 17542 17550 17542) (0.00467 s)
>> 2541 (10056: 17448 17494 17448) (0.004631 s)
>> 0 (-1: -1 -1 -1) (0.004631 s)
Zelikovsky 53.3899 s
>> 41581 (13221: 17268 17518 17509) (54.2199 s)
>> 34750 (10102: 17460 17544 17463) (54.7934 s)
>> 33057 (6298: 17338 17342 17268) (55.5164 s)
>> 31717 (10056: 17460 17498 17494) (55.685 s)
>> 30954 (185: 17097 17108 17100) (56.4374 s)
>> 29822 (17449: 17409 17460 17448) (56.4362 s)
>> 27128 (545: 17130 17115 17111) (56.5762 s)
>> 24892 (17173: 17165 17338 17171) (56.6091 s)
>> 24313 (1578: 17467 17471 17409) (57.0603 s)
>> 21984 (399: 17484 17487 17479) (57.3721 s)
>> 21428 (6661: 17165 17354 17313) (57.4147 s)
>> 18426 (5504: 17379 17380 17318) (57.6346 s)
>> 17379 (3098: 17141 17251 17225) (57.8363 s)
>> 17149 (2254: 17097 17164 17153) (57.7927 s)
>> 14243 (17247: 17350 17246 17165) (57.8123 s)
>> 13282 (12277: 17467 17503 17350) (57.7697 s)
>> 12358 (8545: 17556 17550 17467) (59.9734 s)
>> 9893 (16452: 17522 17515 17379) (60.2309 s)
>> 8902 (4239: 17141 17556 17319) (60.2591 s)
>> 7573 (333: 17097 17130 17113) (61.3737 s)
>> 7406 (6896: 17141 17394 17373) (61.3628 s)
>> 0 (-1: -1 -1 -1) (61.3605 s)
Zelikovsky- 1271.61 s
>>> get_solution
  refine_solution: new weight 4826472 (was 4867362) in 0.004977 s
  refine_solution: new weight 4824806 (was 4826472) in 0.004773 s
  refine_solution: new weight 4824806 (was 4824806) in 0.00479 s
>>> get_solution
  refine_solution: new weight 4920899 (was 5276606) in 0.004959 s
  refine_solution: new weight 4876155 (was 4920899) in 0.00452 s
  refine_solution: new weight 4875980 (was 4876155) in 0.004426 s
  refine_solution: new weight 4875980 (was 4875980) in 0.004418 s
8,,19236,29654,65,,17701,0,,5276606,4875980,4902197,4867362,4824806,,39472,2,@@

  handle_small_Steiner_degrees: steiner 0, suppress 6 in 6.6e-05 s
Starting round 9
Found 464 isolated vertices
Invalid ratios recomputed: 18074
Best ratio is 40586/1 (40586.0), centered at 17246
Finding the best star... Star with 2 terminals centered in 17246
round took: 20.4965 s
|V| = 19680, |E| = 29640, |R| = 64
>> 41581 (13221: 17268 17509 17268) (0.005234 s)
>> 34750 (10102: 17460 17463 17460) (0.005093 s)
>> 34289 (3098: 17141 17225 17141) (0.005036 s)
>> 34149 (9880: 17409 17452 17409) (0.005099 s)
>> 30954 (185: 17097 17100 17097) (0.005014 s)
>> 27325 (9556: 17456 17475 17456) (0.005024 s)
>> 27128 (545: 17111 17115 17111) (0.005062 s)
>> 25750 (4239: 17246 17251 17246) (0.005016 s)
>> 24447 (5764: 16959 17313 16959) (0.005036 s)
>> 24313 (1578: 17467 17471 17467) (0.004995 s)
>> 23314 (2254: 17108 17153 17108) (0.004893 s)
>> 23071 (399: 17479 17484 17479) (0.004862 s)
>> 22522 (2397: 17161 17165 17161) (0.004897 s)
>> 21513 (12301: 17497 17503 17497) (0.004849 s)
>> 23349 (6672: 17178 17354 17178) (0.004758 s)
>> 19566 (17339: 17240 17338 17240) (0.004732 s)
>> 18426 (5504: 17318 17379 17318) (0.004741 s)
>> 23811 (5215: 17275 17319 17275) (0.004686 s)
>> 14733 (17524: 17380 17515 17380) (0.004659 s)
>> 12801 (8536: 17544 17546 17544) (0.004621 s)
>> 13706 (8545: 17542 17550 17542) (0.004585 s)
>> 4937 (8254: 17171 17394 17171) (0.004544 s)
>> 8103 (5990: 17323 17342 17323) (0.004542 s)
>> 2541 (10056: 17448 17494 17448) (0.004477 s)
>> 0 (-1: -1 -1 -1) (0.004443 s)
Zelikovsky 53.0735 s
>> 41581 (13221: 17268 17518 17509) (53.8484 s)
>> 34750 (10102: 17460 17544 17463) (54.447 s)
>> 31717 (10056: 17460 17498 17494) (55.1482 s)
>> 30954 (185: 17097 17108 17100) (55.9723 s)
>> 29822 (17449: 17409 17460 17448) (55.9617 s)
>> 27128 (545: 17130 17115 17111) (56.1712 s)
>> 24892 (17173: 17165 17268 17171) (56.1751 s)
>> 24313 (1578: 17467 17471 17409) (56.5823 s)
>> 22116 (6298: 17246 17338 17165) (56.8429 s)
>> 21984 (399: 17484 17487 17479) (57.1122 s)
>> 21428 (6661: 17246 17354 17313) (57.172 s)
>> 20369 (4239: 17246 17319 17251) (57.3955 s)
>> 18426 (5504: 17379 17380 17318) (57.4685 s)
>> 17149 (2254: 17097 17164 17153) (57.6667 s)
>> 13282 (12277: 17467 17503 17246) (57.6194 s)
>> 12358 (8545: 17556 17550 17467) (59.8715 s)
>> 9893 (16452: 17522 17515 17379) (60.0519 s)
>> 7573 (333: 17097 17130 17113) (60.0753 s)
>> 7406 (6896: 17556 17394 17373) (60.0869 s)
>> 6589 (17343: 17556 17342 17323) (60.0965 s)
>> 500 (3098: 17556 17225 17141) (60.0519 s)
>> 0 (-1: -1 -1 -1) (61.1089 s)
Zelikovsky- 1267.01 s
>>> get_solution
  refine_solution: new weight 4822130 (was 4863020) in 0.005016 s
  refine_solution: new weight 4820464 (was 4822130) in 0.00478 s
  refine_solution: new weight 4820464 (was 4820464) in 0.004786 s
>>> get_solution
  refine_solution: new weight 4906299 (was 5219859) in 0.005019 s
  refine_solution: new weight 4883410 (was 4906299) in 0.004511 s
  refine_solution: new weight 4883235 (was 4883410) in 0.004456 s
  refine_solution: new weight 4883235 (was 4883235) in 0.004419 s
9,,19216,29640,64,,18074,0,,5219859,4883235,4888804,4863020,4820464,,40586,2,@@

  handle_small_Steiner_degrees: steiner 0, suppress 4 in 3.3e-05 s
Starting round 10
Found 472 isolated vertices
Invalid ratios recomputed: 17370
Best ratio is 122391/3 (40797.0), centered at 674
Finding the best star... Star with 4 terminals centered in 17141
round took: 20.0772 s
|V| = 19680, |E| = 29580, |R| = 61
>> 41581 (13221: 17141 17509 17141) (0.00504 s)
>> 34750 (10102: 17460 17463 17460) (0.004978 s)
>> 34149 (9880: 17409 17452 17409) (0.00492 s)
>> 30954 (185: 17097 17100 17097) (0.004905 s)
>> 27325 (9556: 17456 17475 17456) (0.004924 s)
>> 27128 (545: 17111 17115 17111) (0.004928 s)
>> 25750 (4239: 17246 17251 17246) (0.004907 s)
>> 24447 (5764: 16959 17313 16959) (0.004938 s)
>> 24313 (1578: 17467 17471 17467) (0.004852 s)
>> 23314 (2254: 17108 17153 17108) (0.004822 s)
>> 23071 (399: 17479 17484 17479) (0.004861 s)
>> 21513 (12301: 17497 17503 17497) (0.004807 s)
>> 23349 (6672: 17161 17354 17161) (0.004736 s)
>> 19566 (17339: 17240 17338 17240) (0.004707 s)
>> 19254 (4807: 17225 17275 17225) (0.004713 s)
>> 18426 (5504: 17318 17379 17318) (0.004667 s)
>> 14733 (17524: 17380 17515 17380) (0.004628 s)
>> 12801 (8536: 17544 17546 17544) (0.004634 s)
>> 13706 (8545: 17542 17550 17542) (0.004547 s)
>> 2541 (10056: 17448 17494 17448) (0.004537 s)
>> 750 (8254: 17178 17394 17178) (0.004522 s)
>> 475 (5990: 17319 17323 17319) (0.004481 s)
>> 0 (-1: -1 -1 -1) (0.004403 s)
Zelikovsky 53.5326 s
>> 41581 (13221: 17141 17518 17509) (54.2773 s)
>> 34750 (10102: 17460 17544 17463) (55.3566 s)
>> 31717 (10056: 17460 17498 17494) (55.9294 s)
>> 30954 (185: 17097 17108 17100) (56.733 s)
>> 29822 (17449: 17409 17460 17448) (56.7616 s)
>> 27128 (545: 17130 17115 17111) (56.7988 s)
>> 24313 (1578: 17467 17471 17409) (56.8105 s)
>> 22116 (6298: 17246 17338 17141) (57.1351 s)
>> 21984 (399: 17484 17487 17479) (57.6264 s)
>> 21428 (6661: 17246 17354 17313) (57.6492 s)
>> 20369 (4239: 17246 17319 17251) (57.876 s)
>> 18426 (5504: 17379 17380 17318) (57.9729 s)
>> 17149 (2254: 17097 17164 17153) (58.1424 s)
>> 13282 (12277: 17467 17503 17246) (58.1113 s)
>> 12358 (8545: 17556 17550 17467) (60.6051 s)
>> 9893 (16452: 17522 17515 17379) (60.937 s)
>> 7573 (333: 17097 17130 17113) (60.9744 s)
>> 7406 (6896: 17556 17394 17373) (60.9519 s)
>> 6589 (17343: 17556 17342 17323) (60.9278 s)
>> 0 (-1: -1 -1 -1) (60.9374 s)
Zelikovsky- 1162.59 s
>>> get_solution
  refine_solution: new weight 4822274 (was 4863164) in 0.004996 s
  refine_solution: new weight 4820608 (was 4822274) in 0.0048 s
  refine_solution: new weight 4820608 (was 4820608) in 0.004733 s
>>> get_solution
  refine_solution: new weight 4896785 (was 5189610) in 0.005047 s
  refine_solution: new weight 4877026 (was 4896785) in 0.004562 s
  refine_solution: new weight 4876851 (was 4877026) in 0.004445 s
  refine_solution: new weight 4876851 (was 4876851) in 0.004484 s
10,,19208,29580,61,,17370,0,,5189610,4876851,4889049,4863164,4820608,,122391,4,@@

  handle_small_Steiner_degrees: steiner 0, suppress 6 in 4.5e-05 s
Starting round 11
Found 527 isolated vertices
Invalid ratios recomputed: 18087
Best ratio is 122773/3 (40924.3), centered at 5714
Finding the best star... Star with 4 terminals centered in 17313
round took: 22.8542 s
|V| = 19680, |E| = 29516, |R| = 58
>> 41581 (13221: 17313 17509 17313) (0.004778 s)
>> 34750 (10102: 17460 17463 17460) (0.004748 s)
>> 34149 (9880: 17409 17452 17409) (0.00474 s)
>> 30954 (185: 17097 17100 17097) (0.004693 s)
>> 27325 (9556: 17456 17475 17456) (0.004714 s)
>> 27128 (545: 17111 17115 17111) (0.004715 s)
>> 25750 (4239: 17246 17251 17246) (0.004683 s)
>> 25593 (10065: 17379 17380 17379) (0.004699 s)
>> 24313 (1578: 17467 17471 17467) (0.004714 s)
>> 23811 (5215: 17275 17319 17275) (0.004632 s)
>> 30632 (6014: 17338 17342 17338) (0.004613 s)
>> 23314 (2254: 17108 17153 17108) (0.004593 s)
>> 23071 (399: 17479 17484 17479) (0.004551 s)
>> 21387 (13771: 16959 17161 16959) (0.004515 s)
>> 20794 (12309: 17494 17498 17494) (0.004488 s)
>> 12801 (8536: 17544 17546 17544) (0.004434 s)
>> 13706 (8545: 17542 17550 17542) (0.004375 s)
>> 552 (12301: 17497 17503 17497) (0.004373 s)
>> 0 (-1: -1 -1 -1) (0.004297 s)
Zelikovsky 53.6353 s
>> 41581 (13221: 17313 17518 17509) (54.5285 s)
>> 34750 (10102: 17460 17544 17463) (55.503 s)
>> 31717 (10056: 17460 17498 17494) (56.0895 s)
>> 30954 (185: 17097 17108 17100) (56.9724 s)
>> 29822 (17449: 17409 17460 17448) (56.9734 s)
>> 27128 (545: 17130 17115 17111) (57.0864 s)
>> 24313 (1578: 17467 17471 17409) (57.1203 s)
>> 22116 (6298: 17246 17338 17313) (57.4185 s)
>> 21984 (399: 17484 17487 17479) (57.9428 s)
>> 20369 (4239: 17246 17319 17251) (58.0267 s)
>> 18426 (5504: 17379 17380 17246) (58.0532 s)
>> 17149 (2254: 17097 17164 17153) (58.563 s)
>> 13282 (12277: 17467 17503 17379) (58.5727 s)
>> 12358 (8545: 17556 17550 17467) (61.1945 s)
>> 9893 (16452: 17522 17556 17515) (61.4657 s)
>> 7573 (333: 17097 17130 17113) (61.8885 s)
>> 7406 (6896: 17522 17394 17373) (61.8862 s)
>> 6589 (17343: 17522 17342 17323) (61.9143 s)
>> 0 (-1: -1 -1 -1) (61.9066 s)
Zelikovsky- 1113.18 s
>>> get_solution
  refine_solution: new weight 4812202 (was 4853092) in 0.005028 s
  refine_solution: new weight 4810536 (was 4812202) in 0.004811 s
  refine_solution: new weight 4810536 (was 4810536) in 0.004757 s
>>> get_solution
  refine_solution: new weight 4886267 (was 5170482) in 0.005049 s
  refine_solution: new weight 4866508 (was 4886267) in 0.004538 s
  refine_solution: new weight 4866333 (was 4866508) in 0.004454 s
  refine_solution: new weight 4866333 (was 4866333) in 0.004433 s
11,,19153,29516,58,,18087,0,,5170482,4866333,4904031,4853092,4810536,,122773,4,@@

  handle_small_Steiner_degrees: steiner 0, suppress 8 in 7.1e-05 s
Starting round 12
Found 587 isolated vertices
Invalid ratios recomputed: 18086
Best ratio is 125221/3 (41740.3), centered at 199
Finding the best star... Star with 4 terminals centered in 17550
round took: 25.0791 s
|V| = 19680, |E| = 29451, |R| = 55
>> 41581 (13221: 17313 17509 17313) (0.004613 s)
>> 34750 (10102: 17460 17463 17460) (0.004615 s)
>> 34149 (9880: 17409 17452 17409) (0.004545 s)
>> 30954 (185: 17097 17100 17097) (0.004525 s)
>> 27325 (9556: 17456 17475 17456) (0.004528 s)
>> 27128 (545: 17111 17115 17111) (0.00451 s)
>> 25750 (4239: 17246 17251 17246) (0.004511 s)
>> 25593 (10065: 17379 17380 17379) (0.004529 s)
>> 23811 (5215: 17275 17319 17275) (0.004503 s)
>> 30632 (6014: 17338 17342 17338) (0.0045 s)
>> 23314 (2254: 17108 17153 17108) (0.004416 s)
>> 23071 (399: 17479 17484 17479) (0.00439 s)
>> 21722 (10752: 17467 17471 17467) (0.004391 s)
>> 21387 (13771: 16959 17161 16959) (0.004347 s)
>> 20794 (12309: 17494 17498 17494) (0.004304 s)
>> 552 (12301: 17497 17503 17497) (0.004316 s)
>> 0 (-1: -1 -1 -1) (0.004266 s)
Zelikovsky 53.2126 s
>> 41581 (13221: 17313 17518 17509) (54.1606 s)
>> 34750 (10102: 17460 17550 17463) (55.0765 s)
>> 31717 (10056: 17460 17498 17494) (55.8272 s)
>> 30954 (185: 17097 17108 17100) (56.8342 s)
>> 29822 (17449: 17409 17460 17448) (56.8204 s)
>> 27128 (545: 17130 17115 17111) (56.926 s)
>> 22116 (6298: 17246 17338 17313) (56.9375 s)
>> 21984 (399: 17484 17487 17479) (57.4577 s)
>> 20369 (4239: 17246 17319 17251) (57.5311 s)
>> 18426 (5504: 17379 17380 17246) (57.6092 s)
>> 17149 (2254: 17097 17164 17153) (58.0493 s)
>> 14647 (10752: 17467 17471 17409) (58.0571 s)
>> 13282 (12277: 17467 17503 17379) (58.2385 s)
>> 9893 (16452: 17522 17515 17467) (60.8872 s)
>> 7573 (333: 17097 17130 17113) (61.3482 s)
>> 7406 (6896: 17522 17394 17373) (61.3161 s)
>> 6589 (17343: 17522 17342 17323) (61.3482 s)
>> 0 (-1: -1 -1 -1) (61.3394 s)
Zelikovsky- 1045.83 s
>>> get_solution
  refine_solution: new weight 4814278 (was 4859732) in 0.005015 s
  refine_solution: new weight 4814278 (was 4814278) in 0.004792 s
>>> get_solution
  refine_solution: new weight 4900318 (was 5171498) in 0.005028 s
  refine_solution: new weight 4883411 (was 4900318) in 0.004559 s
  refine_solution: new weight 4883236 (was 4883411) in 0.00446 s
  refine_solution: new weight 4883236 (was 4883236) in 0.004477 s
12,,19093,29451,55,,18086,0,,5171498,4883236,4922368,4859732,4814278,,125221,4,@@

  handle_small_Steiner_degrees: steiner 0, suppress 4 in 3.3e-05 s
Starting round 13
Found 641 isolated vertices
Invalid ratios recomputed: 15488
Best ratio is 212139/5 (42427.8), centered at 944
Finding the best star... Star with 6 terminals centered in 17467
round took: 21.7586 s
|V| = 19680, |E| = 29352, |R| = 50
>> 41581 (13221: 17313 17509 17313) (0.004459 s)
>> 33397 (10056: 17452 17494 17452) (0.004355 s)
>> 30954 (185: 17097 17100 17097) (0.004309 s)
>> 30084 (9556: 17460 17467 17460) (0.004306 s)
>> 27128 (545: 17111 17115 17111) (0.004324 s)
>> 25750 (4239: 17246 17251 17246) (0.004341 s)
>> 25593 (10065: 17379 17380 17379) (0.00433 s)
>> 25426 (10108: 17409 17456 17409) (0.004319 s)
>> 23811 (5215: 17275 17319 17275) (0.004297 s)
>> 30632 (6014: 17338 17342 17338) (0.004255 s)
>> 23314 (2254: 17108 17153 17108) (0.004209 s)
>> 21387 (13771: 16959 17161 16959) (0.00421 s)
>> 19376 (12309: 17497 17498 17497) (0.004115 s)
>> 0 (-1: -1 -1 -1) (0.004123 s)
Zelikovsky 52.9719 s
>> 41581 (13221: 17313 17518 17509) (54.0483 s)
>> 33397 (10056: 17494 17498 17452) (54.9765 s)
>> 30954 (185: 17097 17108 17100) (54.9854 s)
>> 29914 (17449: 17409 17494 17448) (54.9805 s)
>> 27128 (545: 17130 17115 17111) (55.0421 s)
>> 22116 (6298: 17246 17338 17313) (55.0361 s)
>> 20369 (4239: 17246 17319 17251) (55.6494 s)
>> 19355 (11308: 17467 17487 4511) (55.8507 s)
>> 18426 (5504: 17379 17380 17246) (55.9991 s)
>> 17149 (2254: 17097 17164 17153) (56.6671 s)
>> 15153 (10240: 17409 17463 17460) (56.6254 s)
>> 13282 (12277: 17409 17503 17379) (56.7277 s)
>> 9893 (16452: 17522 17515 17409) (58.0741 s)
>> 7573 (333: 17097 17130 17113) (58.4445 s)
>> 7406 (6896: 17522 17394 17373) (58.419 s)
>> 6589 (17343: 17522 17342 17323) (58.448 s)
>> 6183 (9546: 17522 17497 17467) (58.4109 s)
>> 0 (-1: -1 -1 -1) (60.8708 s)
Zelikovsky- 1019.32 s
>>> get_solution
  refine_solution: new weight 4818022 (was 4822425) in 0.004999 s
  refine_solution: new weight 4818022 (was 4818022) in 0.004774 s
>>> get_solution
  refine_solution: new weight 4884709 (was 5123690) in 0.00496 s
  refine_solution: new weight 4867802 (was 4884709) in 0.004616 s
  refine_solution: new weight 4867627 (was 4867802) in 0.004456 s
  refine_solution: new weight 4867627 (was 4867627) in 0.004446 s
13,,19039,29352,50,,15488,0,,5123690,4867627,4911102,4822425,4818022,,212139,6,@@

  handle_small_Steiner_degrees: steiner 0, suppress 4 in 3.4e-05 s
Starting round 14
Found 732 isolated vertices
Invalid ratios recomputed: 16043
Best ratio is 212771/5 (42554.2), centered at 17709
Finding the best star... Star with 6 terminals centered in 17108
round took: 23.1371 s
|V| = 19680, |E| = 29273, |R| = 45
>> 41581 (13221: 17313 17509 17313) (0.004261 s)
>> 33397 (10056: 17452 17494 17452) (0.004219 s)
>> 30084 (9556: 17460 17467 17460) (0.004185 s)
>> 27128 (545: 17108 17115 17108) (0.004164 s)
>> 25750 (4239: 17246 17251 17246) (0.004191 s)
>> 25593 (10065: 17379 17380 17379) (0.004176 s)
>> 25426 (10108: 17409 17456 17409) (0.004137 s)
>> 23811 (5215: 17275 17319 17275) (0.004136 s)
>> 30632 (6014: 17338 17342 17338) (0.004082 s)
>> 21387 (13771: 16959 17161 16959) (0.004082 s)
>> 19376 (12309: 17497 17498 17497) (0.004008 s)
>> 0 (-1: -1 -1 -1) (0.003969 s)
Zelikovsky 52.2733 s
>> 41581 (13221: 17313 17518 17509) (53.5382 s)
>> 33397 (10056: 17494 17498 17452) (54.4528 s)
>> 29914 (17449: 17409 17494 17448) (54.4914 s)
>> 27128 (545: 17130 17115 17108) (54.5304 s)
>> 22116 (6298: 17246 17338 17313) (54.5259 s)
>> 20369 (4239: 17246 17319 17251) (55.2278 s)
>> 19355 (11308: 17467 17487 4511) (55.3397 s)
>> 18426 (5504: 17379 17380 17246) (55.4326 s)
>> 15153 (10240: 17409 17463 17460) (56.0419 s)
>> 13282 (12277: 17409 17503 17379) (56.1091 s)
>> 9893 (16452: 17522 17515 17409) (57.5114 s)
>> 7406 (6896: 17522 17394 17373) (57.9075 s)
>> 6589 (17343: 17522 17342 17323) (57.8855 s)
>> 6183 (9546: 17522 17497 17467) (57.8602 s)
>> 0 (-1: -1 -1 -1) (60.3612 s)
Zelikovsky- 841.274 s
>>> get_solution
  refine_solution: new weight 4805701 (was 4810104) in 0.005066 s
  refine_solution: new weight 4805701 (was 4805701) in 0.004753 s
>>> get_solution
  refine_solution: new weight 4863290 (was 5076534) in 0.005006 s
  refine_solution: new weight 4862691 (was 4863290) in 0.004545 s
  refine_solution: new weight 4862516 (was 4862691) in 0.004438 s
  refine_solution: new weight 4862516 (was 4862516) in 0.004502 s
14,,18948,29273,45,,16043,0,,5076534,4862516,4897414,4810104,4805701,,212771,6,@@

  handle_small_Steiner_degrees: steiner 0, suppress 13 in 7.2e-05 s
Starting round 15
Found 809 isolated vertices
Invalid ratios recomputed: 17284
Best ratio is 130957/3 (43652.3), centered at 4173
Finding the best star... Star with 4 terminals centered in 17342
round took: 26.1717 s
|V| = 19680, |E| = 29191, |R| = 42
>> 41581 (13221: 17342 17509 17342) (0.004125 s)
>> 33397 (10056: 17452 17494 17452) (0.004091 s)
>> 30084 (9556: 17460 17467 17460) (0.004055 s)
>> 27128 (545: 17108 17115 17108) (0.00409 s)
>> 25593 (10065: 17379 17380 17379) (0.004055 s)
>> 25426 (10108: 17409 17456 17409) (0.004066 s)
>> 24449 (4434: 17251 17275 17251) (0.004019 s)
>> 21387 (13771: 16959 17161 16959) (0.004001 s)
>> 19376 (12309: 17497 17498 17497) (0.003974 s)
>> 0 (-1: -1 -1 -1) (0.003889 s)
Zelikovsky 52.2949 s
>> 41581 (13221: 17342 17518 17509) (53.383 s)
>> 33397 (10056: 17494 17498 17452) (54.3279 s)
>> 29914 (17449: 17409 17494 17448) (54.3839 s)
>> 27128 (545: 17130 17115 17108) (54.4116 s)
>> 20369 (4239: 17342 17319 17251) (54.4122 s)
>> 19355 (11308: 17467 17487 4511) (54.5922 s)
>> 18426 (5504: 17379 17380 17342) (54.6675 s)
>> 15153 (10240: 17409 17463 17460) (55.3469 s)
>> 13282 (12277: 17409 17503 17379) (55.3929 s)
>> 9893 (16452: 17522 17515 17409) (56.7977 s)
>> 7406 (6896: 17522 17394 17373) (57.1938 s)
>> 6183 (9546: 17522 17497 17467) (57.2003 s)
>> 0 (-1: -1 -1 -1) (59.678 s)
Zelikovsky- 721.84 s
>>> get_solution
  refine_solution: new weight 4797035 (was 4797419) in 0.005007 s
  refine_solution: new weight 4797035 (was 4797035) in 0.004775 s
>>> get_solution
  refine_solution: new weight 4849952 (was 5063930) in 0.005047 s
  refine_solution: new weight 4849353 (was 4849952) in 0.004517 s
  refine_solution: new weight 4849178 (was 4849353) in 0.004441 s
  refine_solution: new weight 4849178 (was 4849178) in 0.0044 s
15,,18871,29191,42,,17284,0,,5063930,4849178,4888592,4797419,4797035,,130957,4,@@

  handle_small_Steiner_degrees: steiner 1, suppress 14 in 9.4e-05 s
Starting round 16
Found 877 isolated vertices
Invalid ratios recomputed: 17419
Best ratio is 43748/1 (43748.0), centered at 5188
Finding the best star... Star with 2 terminals centered in 17522
round took: 26.6046 s
|V| = 19680, |E| = 29135, |R| = 41
>> 35965 (10822: 17509 17518 17509) (0.00403 s)
>> 33397 (10056: 17452 17494 17452) (0.003928 s)
>> 30084 (9556: 17460 17467 17460) (0.003919 s)
>> 27128 (545: 17108 17115 17108) (0.003859 s)
>> 25426 (10108: 17409 17456 17409) (0.003861 s)
>> 21513 (12301: 17497 17503 17497) (0.003781 s)
>> 20369 (4239: 17251 17319 17251) (0.003764 s)
>> 14152 (12783: 17498 17515 17498) (0.003731 s)
>> 10728 (5504: 17379 17380 17379) (0.003674 s)
>> 7406 (6896: 17373 17394 17373) (0.003649 s)
>> 0 (-1: -1 -1 -1) (0.003629 s)
Zelikovsky 52.2248 s
>> 35965 (10822: 17509 17522 17518) (53.4967 s)
>> 33397 (10056: 17494 17498 17452) (54.2151 s)
>> 29914 (17449: 17409 17494 17448) (54.2517 s)
>> 27128 (545: 17130 17115 17108) (54.3164 s)
>> 20369 (4239: 17509 17319 17251) (54.2992 s)
>> 19355 (11308: 17467 17487 4511) (54.4411 s)
>> 15153 (10240: 17409 17463 17460) (54.663 s)
>> 13282 (12277: 17409 17509 17503) (54.6916 s)
>> 10728 (5504: 17379 17409 17380) (56.1698 s)
>> 7406 (6896: 17379 17394 17373) (56.4934 s)
>> 6183 (9546: 17379 17497 17467) (56.4959 s)
>> 0 (-1: -1 -1 -1) (58.9023 s)
Zelikovsky- 662.485 s
>>> get_solution
  refine_solution: new weight 4815719 (was 4816103) in 0.005033 s
  refine_solution: new weight 4815719 (was 4815719) in 0.004732 s
>>> get_solution
  refine_solution: new weight 4850046 (was 5050739) in 0.004989 s
  refine_solution: new weight 4847121 (was 4850046) in 0.004523 s
  refine_solution: new weight 4847121 (was 4847121) in 0.004422 s
16,,18803,29135,41,,17419,0,,5050739,4847121,4900920,4816103,4815719,,43748,2,@@

  delete_edges: deleted 115 edges in 0.122357 s and 38 rounds
  handle_small_Steiner_degrees: steiner 6, suppress 157 in 0.000162 s
Starting round 17
Found 1065 isolated vertices
Invalid ratios recomputed: 17264
Best ratio is 45654/1 (45654.0), centered at 5990
Finding the best star... Star with 2 terminals centered in 17522
round took: 25.991 s
|V| = 19680, |E| = 28830, |R| = 40
>> 35965 (10822: 17509 17518 17509) (0.004005 s)
>> 33397 (10056: 17452 17494 17452) (0.003889 s)
>> 30084 (9556: 17460 17467 17460) (0.003877 s)
>> 27128 (545: 17108 17115 17108) (0.003815 s)
>> 25426 (10108: 17409 17456 17409) (0.003813 s)
>> 21513 (12301: 17497 17503 17497) (0.003758 s)
>> 20369 (4239: 17251 17319 17251) (0.003718 s)
>> 14152 (12783: 17498 17515 17498) (0.00369 s)
>> 10728 (5504: 17379 17380 17379) (0.003619 s)
>> 7406 (6896: 17373 17394 17373) (0.003619 s)
>> 0 (-1: -1 -1 -1) (0.003554 s)
Zelikovsky 51.1068 s
>> 35965 (10822: 17509 17522 17518) (52.4489 s)
>> 33397 (10056: 17494 17498 17452) (53.1647 s)
>> 29914 (17449: 17409 17494 17448) (53.1819 s)
>> 27128 (545: 17130 17115 17108) (53.2519 s)
>> 20369 (4239: 17509 17319 17251) (53.2721 s)
>> 19355 (11308: 17467 17487 4511) (53.3539 s)
>> 15153 (10240: 17409 17463 17460) (53.555 s)
>> 13282 (12277: 17409 17509 17503) (53.5702 s)
>> 10728 (5504: 17379 17409 17380) (55.0382 s)
>> 7406 (6896: 17379 17394 17373) (55.3737 s)
>> 6183 (9546: 17379 17497 17467) (55.3755 s)
>> 0 (-1: -1 -1 -1) (57.7224 s)
Zelikovsky- 649.356 s
>>> get_solution
  refine_solution: new weight 4815719 (was 4816103) in 0.005016 s
  refine_solution: new weight 4815719 (was 4815719) in 0.004832 s
>>> get_solution
  refine_solution: new weight 4850046 (was 5050739) in 0.004979 s
  refine_solution: new weight 4847121 (was 4850046) in 0.00451 s
  refine_solution: new weight 4847121 (was 4847121) in 0.004418 s
17,,18615,28830,40,,17264,0,,5050739,4847121,4900920,4816103,4815719,,45654,2,@@

  handle_small_Steiner_degrees: steiner 0, suppress 14 in 9e-05 s
Starting round 18
Found 1083 isolated vertices
Invalid ratios recomputed: 17248
Best ratio is 45826/1 (45826.0), centered at 5487
Finding the best star... Star with 2 terminals centered in 17379
round took: 26.6512 s
|V| = 19680, |E| = 28786, |R| = 39
>> 35965 (10822: 17379 17509 17379) (0.003949 s)
>> 33397 (10056: 17452 17494 17452) (0.003963 s)
>> 30084 (9556: 17460 17467 17460) (0.003937 s)
>> 27128 (545: 17108 17115 17108) (0.003939 s)
>> 25426 (10108: 17409 17456 17409) (0.003936 s)
>> 24449 (4434: 17251 17275 17251) (0.003915 s)
>> 21513 (12301: 17497 17503 17497) (0.003895 s)
>> 23936 (7243: 16959 17380 16959) (0.003897 s)
>> 23011 (5958: 17240 17319 17240) (0.003845 s)
>> 17526 (12779: 17498 17515 17498) (0.003823 s)
>> 16788 (2047: 17161 17394 17161) (0.003734 s)
>> 0 (-1: -1 -1 -1) (0.003744 s)
Zelikovsky 51.3595 s
>> 35965 (10822: 17509 17518 17379) (52.7651 s)
>> 33397 (10056: 17494 17498 17452) (53.4784 s)
>> 29914 (17449: 17409 17494 17448) (53.4418 s)
>> 27128 (545: 17130 17115 17108) (53.5127 s)
>> 20369 (4239: 17509 17319 17251) (53.5053 s)
>> 19355 (11308: 17467 17487 4511) (53.6419 s)
>> 15153 (10240: 17409 17463 17460) (53.8577 s)
>> 13282 (12277: 17409 17509 17503) (53.8996 s)
>> 7406 (6896: 17409 17394 17373) (55.3777 s)
>> 6183 (9546: 17409 17497 17467) (55.4031 s)
>> 0 (-1: -1 -1 -1) (57.7312 s)
Zelikovsky- 596.659 s
>>> get_solution
  refine_solution: new weight 4815788 (was 4816172) in 0.005003 s
  refine_solution: new weight 4815788 (was 4815788) in 0.004799 s
>>> get_solution
  refine_solution: new weight 4839387 (was 5040080) in 0.00496 s
  refine_solution: new weight 4836462 (was 4839387) in 0.004519 s
  refine_solution: new weight 4836462 (was 4836462) in 0.004466 s
18,,18597,28786,39,,17248,0,,5040080,4836462,4910123,4816172,4815788,,45826,2,@@

  handle_small_Steiner_degrees: steiner 0, suppress 3 in 3.6e-05 s
Starting round 19
Found 1110 isolated vertices
Invalid ratios recomputed: 17221
Best ratio is 280172/6 (46695.3), centered at 9565
Finding the best star... Star with 7 terminals centered in 17452
round took: 26.8534 s
|V| = 19680, |E| = 28686, |R| = 33
>> 29822 (17449: 17409 17448 17409) (0.003842 s)
>> 27128 (545: 17108 17115 17108) (0.003769 s)
>> 26705 (13662: 17379 17518 17379) (0.003718 s)
>> 24449 (4434: 17251 17275 17251) (0.003677 s)
>> 21208 (4803: 17225 17240 17225) (0.003649 s)
>> 19355 (11308: 4511 17467 4511) (0.003692 s)
>> 0 (-1: -1 -1 -1) (0.003498 s)
Zelikovsky 50.7126 s
>> 29822 (17449: 17409 17452 17448) (52.2076 s)
>> 27128 (545: 17130 17115 17108) (52.2339 s)
>> 26705 (13662: 17379 17520 17518) (52.2709 s)
>> 20369 (4239: 17379 17319 17251) (52.534 s)
>> 19684 (17510: 17509 17409 17379) (52.7248 s)
>> 19355 (11308: 17467 17487 4511) (54.7466 s)
>> 7406 (6896: 17509 17394 17373) (54.8092 s)
>> 0 (-1: -1 -1 -1) (54.8074 s)
Zelikovsky- 426.37 s
>>> get_solution
  refine_solution: new weight 4773211 (was 4777042) in 0.004992 s
  refine_solution: new weight 4773211 (was 4773211) in 0.004764 s
>>> get_solution
  refine_solution: new weight 4878902 (was 4924462) in 0.005064 s
  refine_solution: new weight 4878902 (was 4878902) in 0.004527 s
19,,18570,28686,33,,17221,0,,4924462,4878902,4792719,4777042,4773211,,280172,7,@@

  handle_small_Steiner_degrees: steiner 0, suppress 8 in 6.8e-05 s
Starting round 20
Found 1203 isolated vertices
Invalid ratios recomputed: 17866
Best ratio is 95504/2 (47752.0), centered at 3069
Finding the best star... Star with 3 terminals centered in 17379
round took: 30.5315 s
|V| = 19680, |E| = 28631, |R| = 31
>> 29822 (17449: 17409 17448 17409) (0.003814 s)
>> 27128 (545: 17108 17115 17108) (0.003703 s)
>> 26705 (13662: 17379 17518 17379) (0.003704 s)
>> 20734 (7243: 16959 17380 16959) (0.003629 s)
>> 20590 (5215: 17161 17275 17161) (0.003596 s)
>> 19355 (11308: 4511 17467 4511) (0.00353 s)
>> 0 (-1: -1 -1 -1) (0.003449 s)
Zelikovsky 50.6752 s
>> 29822 (17449: 17409 17452 17448) (52.0731 s)
>> 27128 (545: 17130 17115 17108) (52.1286 s)
>> 26705 (13662: 17379 17520 17518) (52.1528 s)
>> 19684 (17510: 17509 17409 17379) (52.385 s)
>> 19355 (11308: 17467 17487 4511) (54.3516 s)
>> 7406 (6896: 17509 17394 17373) (54.4292 s)
>> 0 (-1: -1 -1 -1) (54.472 s)
Zelikovsky- 372.025 s
>>> get_solution
  refine_solution: new weight 4766935 (was 4770766) in 0.005022 s
  refine_solution: new weight 4766935 (was 4766935) in 0.004788 s
>>> get_solution
  refine_solution: new weight 4858684 (was 4889643) in 0.004992 s
  refine_solution: new weight 4858684 (was 4858684) in 0.004526 s
20,,18477,28631,31,,17866,0,,4889643,4858684,4778712,4770766,4766935,,95504,3,@@

  handle_small_Steiner_degrees: steiner 1, suppress 9 in 5.2e-05 s
Starting round 21
Found 1249 isolated vertices
Invalid ratios recomputed: 17089
Best ratio is 48749/1 (48749.0), centered at 11561
Finding the best star... Star with 2 terminals centered in 17509
round took: 29.373 s
|V| = 19680, |E| = 28590, |R| = 30
>> 29822 (17449: 17409 17448 17409) (0.003797 s)
>> 27128 (545: 17108 17115 17108) (0.003687 s)
>> 19355 (11308: 4511 17467 4511) (0.003648 s)
>> 0 (-1: -1 -1 -1) (0.003401 s)
Zelikovsky 50.5018 s
>> 29822 (17449: 17409 17509 17448) (51.9026 s)
>> 27128 (545: 17130 17115 17108) (51.9562 s)
>> 19355 (11308: 17467 17487 4511) (51.9317 s)
>> 17887 (10822: 17409 17518 17379) (52.1667 s)
>> 7406 (6896: 17409 17394 17373) (54.3386 s)
>> 0 (-1: -1 -1 -1) (54.3825 s)
Zelikovsky- 316.708 s
>>> get_solution
  refine_solution: new weight 4787873 (was 4791704) in 0.005061 s
  refine_solution: new weight 4787873 (was 4787873) in 0.004793 s
>>> get_solution
  refine_solution: new weight 4868817 (was 4899776) in 0.004967 s
  refine_solution: new weight 4868817 (was 4868817) in 0.004532 s
21,,18431,28590,30,,17089,0,,4899776,4868817,4812069,4791704,4787873,,48749,2,@@

  handle_small_Steiner_degrees: steiner 0, suppress 5 in 3.5e-05 s
Starting round 22
Found 1279 isolated vertices
Invalid ratios recomputed: 17792
Best ratio is 97740/2 (48870.0), centered at 6896
Finding the best star... Star with 3 terminals centered in 17394
round took: 30.6619 s
|V| = 19680, |E| = 28567, |R| = 28
>> 29822 (17449: 17409 17448 17409) (0.003748 s)
>> 27128 (545: 17108 17115 17108) (0.003622 s)
>> 19355 (11308: 4511 17467 4511) (0.003618 s)
>> 0 (-1: -1 -1 -1) (0.00337 s)
Zelikovsky 50.2861 s
>> 29822 (17449: 17409 17509 17448) (51.7466 s)
>> 27128 (545: 17130 17115 17108) (51.8035 s)
>> 19355 (11308: 17467 17487 4511) (51.8015 s)
>> 17887 (10822: 17409 17518 17394) (52.0227 s)
>> 0 (-1: -1 -1 -1) (54.1298 s)
Zelikovsky- 261.53 s
>>> get_solution
  refine_solution: new weight 4787873 (was 4791704) in 0.005005 s
  refine_solution: new weight 4787873 (was 4787873) in 0.004769 s
>>> get_solution
  refine_solution: new weight 4861411 (was 4892370) in 0.005013 s
  refine_solution: new weight 4861411 (was 4861411) in 0.004519 s
22,,18401,28567,28,,17792,0,,4892370,4861411,4804663,4791704,4787873,,97740,3,@@

  handle_small_Steiner_degrees: steiner 0, suppress 4 in 7.3e-05 s
Starting round 23
Found 1296 isolated vertices
Invalid ratios recomputed: 17041
Best ratio is 51239/1 (51239.0), centered at 5086
Finding the best star... Star with 2 terminals centered in 17275
round took: 31.6706 s
|V| = 19680, |E| = 28544, |R| = 27
>> 29822 (17449: 17409 17448 17409) (0.003723 s)
>> 27128 (545: 17108 17115 17108) (0.003601 s)
>> 19355 (11308: 4511 17467 4511) (0.0036 s)
>> 0 (-1: -1 -1 -1) (0.003332 s)
Zelikovsky 50.2922 s
>> 29822 (17449: 17409 17509 17448) (51.591 s)
>> 27128 (545: 17130 17115 17108) (51.6917 s)
>> 19355 (11308: 17467 17487 4511) (51.6803 s)
>> 17887 (10822: 17409 17518 17275) (51.8921 s)
>> 0 (-1: -1 -1 -1) (54.1167 s)
Zelikovsky- 260.998 s
>>> get_solution
  refine_solution: new weight 4787873 (was 4791704) in 0.005016 s
  refine_solution: new weight 4787873 (was 4787873) in 0.004779 s
>>> get_solution
  refine_solution: new weight 4861411 (was 4892370) in 0.005003 s
  refine_solution: new weight 4861411 (was 4861411) in 0.004541 s
23,,18384,28544,27,,17041,0,,4892370,4861411,4804663,4791704,4787873,,51239,2,@@

  handle_small_Steiner_degrees: steiner 0, suppress 6 in 5.9e-05 s
Starting round 24
Found 1315 isolated vertices
Invalid ratios recomputed: 17022
Best ratio is 51809/1 (51809.0), centered at 5504
Finding the best star... Star with 2 terminals centered in 17380
round took: 33.0521 s
|V| = 19680, |E| = 28505, |R| = 26
>> 29822 (17449: 17409 17448 17409) (0.003685 s)
>> 27128 (545: 17108 17115 17108) (0.003585 s)
>> 19355 (11308: 4511 17467 4511) (0.003538 s)
>> 0 (-1: -1 -1 -1) (0.003327 s)
Zelikovsky 50.0168 s
>> 29822 (17449: 17409 17509 17448) (51.5088 s)
>> 27128 (545: 17130 17115 17108) (51.5745 s)
>> 19355 (11308: 17467 17487 4511) (51.576 s)
>> 17887 (10822: 17409 17518 17380) (51.8379 s)
>> 0 (-1: -1 -1 -1) (53.8525 s)
Zelikovsky- 260.376 s
>>> get_solution
  refine_solution: new weight 4787873 (was 4791704) in 0.004994 s
  refine_solution: new weight 4787873 (was 4787873) in 0.004754 s
>>> get_solution
  refine_solution: new weight 4861411 (was 4892370) in 0.00495 s
  refine_solution: new weight 4861411 (was 4861411) in 0.004525 s
24,,18365,28505,26,,17022,0,,4892370,4861411,4804663,4791704,4787873,,51809,2,@@

  handle_small_Steiner_degrees: steiner 0, suppress 11 in 5.7e-05 s
Starting round 25
Found 1348 isolated vertices
Invalid ratios recomputed: 16989
Best ratio is 53229/1 (53229.0), centered at 2635
Finding the best star... Star with 2 terminals centered in 17178
round took: 34.295 s
|V| = 19680, |E| = 28482, |R| = 25
>> 29822 (17449: 17409 17448 17409) (0.003702 s)
>> 27128 (545: 17108 17115 17108) (0.003588 s)
>> 19355 (11308: 4511 17467 4511) (0.003564 s)
>> 0 (-1: -1 -1 -1) (0.003316 s)
Zelikovsky 50.3041 s
>> 29822 (17449: 17409 17509 17448) (51.7786 s)
>> 27128 (545: 17130 17115 17108) (51.8431 s)
>> 19355 (11308: 17467 17487 4511) (51.8383 s)
>> 17887 (10822: 17409 17518 17178) (52.1207 s)
>> 0 (-1: -1 -1 -1) (54.1375 s)
Zelikovsky- 261.744 s
>>> get_solution
  refine_solution: new weight 4787873 (was 4791704) in 0.00504 s
  refine_solution: new weight 4787873 (was 4787873) in 0.004745 s
>>> get_solution
  refine_solution: new weight 4861411 (was 4892370) in 0.00502 s
  refine_solution: new weight 4861411 (was 4861411) in 0.004554 s
25,,18332,28482,25,,16989,0,,4892370,4861411,4804663,4791704,4787873,,53229,2,@@

  handle_small_Steiner_degrees: steiner 0, suppress 3 in 7e-05 s
Starting round 26
Found 1358 isolated vertices
Invalid ratios recomputed: 16979
Best ratio is 107766/2 (53883.0), centered at 7123
Finding the best star... Star with 3 terminals centered in 17515
round took: 36.0094 s
|V| = 19680, |E| = 28414, |R| = 23
>> 29822 (17449: 17409 17448 17409) (0.003643 s)
>> 27128 (545: 17108 17115 17108) (0.003541 s)
>> 19355 (11308: 4511 17467 4511) (0.00353 s)
>> 0 (-1: -1 -1 -1) (0.003287 s)
Zelikovsky 51.8943 s
>> 29822 (17449: 17409 17515 17448) (53.3421 s)
>> 27128 (545: 17130 17115 17108) (53.7282 s)
>> 19355 (11308: 17467 17487 4511) (53.7365 s)
>> 5397 (13221: 17409 17520 17518) (53.7963 s)
>> 0 (-1: -1 -1 -1) (53.8339 s)
Zelikovsky- 268.464 s
>>> get_solution
  refine_solution: new weight 4781526 (was 4785357) in 0.005014 s
  refine_solution: new weight 4781526 (was 4781526) in 0.004759 s
>>> get_solution
  refine_solution: new weight 4847502 (was 4878461) in 0.005035 s
  refine_solution: new weight 4847502 (was 4847502) in 0.004438 s
26,,18322,28414,23,,16979,0,,4878461,4847502,4790754,4785357,4781526,,107766,3,@@

  handle_small_Steiner_degrees: steiner 0, suppress 10 in 5.9e-05 s
Starting round 27
Found 1425 isolated vertices
Invalid ratios recomputed: 17658
Best ratio is 53951/1 (53951.0), centered at 5501
Finding the best star... Star with 2 terminals centered in 17463
round took: 37.0496 s
|V| = 19680, |E| = 28389, |R| = 22
>> 29822 (17449: 17409 17448 17409) (0.003642 s)
>> 27128 (545: 17108 17115 17108) (0.003536 s)
>> 19355 (11308: 4511 17467 4511) (0.003483 s)
>> 0 (-1: -1 -1 -1) (0.003268 s)
Zelikovsky 51.8602 s
>> 29822 (17449: 17409 17463 17448) (53.4349 s)
>> 27128 (545: 17130 17115 17108) (53.8139 s)
>> 19355 (11308: 17467 17487 4511) (53.8589 s)
>> 5397 (13221: 17409 17520 17518) (53.9081 s)
>> 0 (-1: -1 -1 -1) (54.1928 s)
Zelikovsky- 269.235 s
>>> get_solution
  refine_solution: new weight 4781526 (was 4785357) in 0.005005 s
  refine_solution: new weight 4781526 (was 4781526) in 0.004774 s
>>> get_solution
  refine_solution: new weight 4847502 (was 4878461) in 0.005003 s
  refine_solution: new weight 4847502 (was 4847502) in 0.004504 s
27,,18255,28389,22,,17658,0,,4878461,4847502,4790754,4785357,4781526,,53951,2,@@

  handle_small_Steiner_degrees: steiner 0, suppress 5 in 4.7e-05 s
Starting round 28
Found 1438 isolated vertices
Invalid ratios recomputed: 17646
Best ratio is 55360/1 (55360.0), centered at 74
Finding the best star... Star with 2 terminals centered in 17542
round took: 37.8541 s
|V| = 19680, |E| = 28358, |R| = 21
>> 29822 (17449: 17409 17448 17409) (0.003597 s)
>> 27128 (545: 17108 17115 17108) (0.003525 s)
>> 19355 (11308: 4511 17487 4511) (0.003481 s)
>> 0 (-1: -1 -1 -1) (0.003409 s)
Zelikovsky 51.9729 s
>> 29822 (17449: 17409 17463 17448) (53.4734 s)
>> 27128 (545: 17130 17115 17108) (53.8614 s)
>> 19355 (11308: 17542 17487 4511) (55.1209 s)
>> 5397 (13221: 17409 17520 17518) (55.861 s)
>> 0 (-1: -1 -1 -1) (56.0062 s)
Zelikovsky- 274.357 s
>>> get_solution
  refine_solution: new weight 4781526 (was 4785357) in 0.006899 s
  refine_solution: new weight 4781526 (was 4781526) in 0.006073 s
>>> get_solution
  refine_solution: new weight 4847502 (was 4878461) in 0.006538 s
  refine_solution: new weight 4847502 (was 4847502) in 0.005577 s
28,,18242,28358,21,,17646,0,,4878461,4847502,4790754,4785357,4781526,,55360,2,@@

  handle_small_Steiner_degrees: steiner 1, suppress 5 in 7.2e-05 s
Starting round 29
Found 1462 isolated vertices
Invalid ratios recomputed: 16736
Best ratio is 55442/1 (55442.0), centered at 2727
Finding the best star... Star with 2 terminals centered in 17218
round took: 38.3343 s
|V| = 19680, |E| = 28343, |R| = 20
>> 29822 (17449: 17218 17409 17218) (0.004142 s)
>> 27128 (545: 17108 17115 17108) (0.003865 s)
>> 19355 (11308: 4511 17487 4511) (0.003782 s)
>> 0 (-1: -1 -1 -1) (0.003727 s)
Zelikovsky 54.8273 s
>> 29822 (17449: 17409 17448 17218) (55.5298 s)
>> 27128 (545: 17130 17115 17108) (56.4044 s)
>> 19355 (11308: 17542 17487 4511) (55.9736 s)
>> 5397 (13221: 17409 17520 17518) (56.096 s)
>> 0 (-1: -1 -1 -1) (56.0792 s)
Zelikovsky- 280.119 s
>>> get_solution
  refine_solution: new weight 4781526 (was 4785357) in 0.006858 s
  refine_solution: new weight 4781526 (was 4781526) in 0.006069 s
>>> get_solution
  refine_solution: new weight 4847502 (was 4878461) in 0.006424 s
  refine_solution: new weight 4847502 (was 4847502) in 0.005378 s
29,,18218,28343,20,,16736,0,,4878461,4847502,4790754,4785357,4781526,,55442,2,@@

  handle_small_Steiner_degrees: steiner 0, suppress 2 in 4.3e-05 s
Starting round 30
Found 1470 isolated vertices
Invalid ratios recomputed: 18142
Best ratio is 116374/2 (58187.0), centered at 9433
Finding the best star... Star with 3 terminals centered in 17218
round took: 42.4166 s
|V| = 19680, |E| = 28310, |R| = 18
>> 27128 (545: 17108 17115 17108) (0.004077 s)
>> 19355 (11308: 4511 17487 4511) (0.004033 s)
>> 0 (-1: -1 -1 -1) (0.003793 s)
Zelikovsky 55.4244 s
>> 27128 (545: 17130 17115 17108) (56.1604 s)
>> 19355 (11308: 17542 17487 4511) (53.879 s)
>> 5397 (13221: 17218 17520 17518) (55.4128 s)
>> 0 (-1: -1 -1 -1) (54.9808 s)
Zelikovsky- 220.467 s
>>> get_solution
  refine_solution: new weight 4781526 (was 4785357) in 0.00713 s
  refine_solution: new weight 4781526 (was 4781526) in 0.006144 s
>>> get_solution
  refine_solution: new weight 4817680 (was 4848639) in 0.006357 s
  refine_solution: new weight 4817680 (was 4817680) in 0.005451 s
30,,18210,28310,18,,18142,0,,4848639,4817680,4790754,4785357,4781526,,116374,3,@@

  handle_small_Steiner_degrees: steiner 0, suppress 7 in 0.000109 s
Starting round 31
Found 1503 isolated vertices
Invalid ratios recomputed: 18114
Best ratio is 58524/1 (58524.0), centered at 566
Finding the best star... Star with 2 terminals centered in 17130
round took: 41.4315 s
|V| = 19680, |E| = 28287, |R| = 17
>> 19355 (11308: 4511 17487 4511) (0.004077 s)
>> 0 (-1: -1 -1 -1) (0.00373 s)
Zelikovsky 53.7546 s
>> 19355 (11308: 17542 17487 4511) (54.4449 s)
>> 5397 (13221: 17218 17520 17518) (54.4451 s)
>> 753 (545: 17130 17115 17108) (53.621 s)
>> 0 (-1: -1 -1 -1) (53.3257 s)
Zelikovsky- 215.868 s
>>> get_solution
  refine_solution: new weight 4781526 (was 4785357) in 0.005692 s
  refine_solution: new weight 4781526 (was 4781526) in 0.005259 s
>>> get_solution
  refine_solution: new weight 4818433 (was 4822264) in 0.005511 s
  refine_solution: new weight 4818433 (was 4818433) in 0.004889 s
31,,18177,28287,17,,18114,0,,4822264,4818433,4791507,4785357,4781526,,58524,2,@@

  handle_small_Steiner_degrees: steiner 0, suppress 3 in 4.9e-05 s
Starting round 32
Found 1514 isolated vertices
Invalid ratios recomputed: 13709
Best ratio is 61386/1 (61386.0), centered at 1153
Finding the best star... Star with 2 terminals centered in 17161
round took: 34.1413 s
|V| = 19680, |E| = 28268, |R| = 16
>> 19355 (11308: 4511 17487 4511) (0.003742 s)
>> 0 (-1: -1 -1 -1) (0.003566 s)
Zelikovsky 52.8284 s
>> 19355 (11308: 17542 17487 4511) (56.1662 s)
>> 5397 (13221: 17161 17520 17518) (57.8421 s)
>> 753 (545: 17130 17115 17108) (53.5443 s)
>> 0 (-1: -1 -1 -1) (53.59 s)
Zelikovsky- 221.171 s
>>> get_solution
  refine_solution: new weight 4781526 (was 4785357) in 0.005627 s
  refine_solution: new weight 4781526 (was 4781526) in 0.005156 s
>>> get_solution
  refine_solution: new weight 4818433 (was 4822264) in 0.00547 s
  refine_solution: new weight 4818433 (was 4818433) in 0.00479 s
32,,18166,28268,16,,13709,0,,4822264,4818433,4791507,4785357,4781526,,61386,2,@@

  handle_small_Steiner_degrees: steiner 0, suppress 4 in 4.1e-05 s
Starting round 33
Found 1532 isolated vertices
Invalid ratios recomputed: 18084
Best ratio is 66376/1 (66376.0), centered at 17232
Finding the best star... Star with 2 terminals centered in 17240
round took: 41.9078 s
|V| = 19680, |E| = 28254, |R| = 15
>> 19355 (11308: 4511 17487 4511) (0.0037 s)
>> 0 (-1: -1 -1 -1) (0.003502 s)
Zelikovsky 52.7139 s
>> 19355 (11308: 17542 17487 4511) (54.0239 s)
>> 5397 (13221: 17161 17520 17518) (56.0962 s)
>> 753 (545: 17130 17115 17108) (56.5205 s)
>> 0 (-1: -1 -1 -1) (60.8097 s)
Zelikovsky- 227.481 s
>>> get_solution
  refine_solution: new weight 4781526 (was 4785357) in 0.006869 s
  refine_solution: new weight 4781526 (was 4781526) in 0.006029 s
>>> get_solution
  refine_solution: new weight 4818433 (was 4822264) in 0.006461 s
  refine_solution: new weight 4818433 (was 4818433) in 0.006043 s
33,,18148,28254,15,,18084,0,,4822264,4818433,4791507,4785357,4781526,,66376,2,@@

  handle_small_Steiner_degrees: steiner 0, suppress 4 in 4.9e-05 s
Starting round 34
Found 1540 isolated vertices
Invalid ratios recomputed: 18044
Best ratio is 68682/1 (68682.0), centered at 3061
Finding the best star... Star with 2 terminals centered in 17225
round took: 47.7099 s
|V| = 19680, |E| = 28224, |R| = 14
>> 19355 (11308: 4511 17487 4511) (0.003659 s)
>> 0 (-1: -1 -1 -1) (0.003527 s)
Zelikovsky 59.924 s
>> 19355 (11308: 17542 17487 4511) (57.4243 s)
>> 5397 (13221: 17225 17520 17518) (59.2596 s)
>> 753 (545: 17130 17115 17108) (60.8181 s)
>> 0 (-1: -1 -1 -1) (58.1433 s)
Zelikovsky- 235.674 s
>>> get_solution
  refine_solution: new weight 4781526 (was 4785357) in 0.00569 s
  refine_solution: new weight 4781526 (was 4781526) in 0.005234 s
>>> get_solution
  refine_solution: new weight 4818433 (was 4822264) in 0.005454 s
  refine_solution: new weight 4818433 (was 4818433) in 0.004823 s
34,,18140,28224,14,,18044,0,,4822264,4818433,4791507,4785357,4781526,,68682,2,@@

  handle_small_Steiner_degrees: steiner 0, suppress 3 in 5.2e-05 s
Starting round 35
Found 1562 isolated vertices
Invalid ratios recomputed: 18066
Best ratio is 71001/1 (71001.0), centered at 525
Finding the best star... Star with 2 terminals centered in 17115
round took: 44.7886 s
|V| = 19680, |E| = 28205, |R| = 13
>> 19355 (11308: 4511 17487 4511) (0.003492 s)
>> 0 (-1: -1 -1 -1) (0.003371 s)
Zelikovsky 53.3898 s
>> 19355 (11308: 17542 17487 4511) (58.3972 s)
>> 5397 (13221: 17225 17520 17518) (58.9334 s)
>> 0 (-1: -1 -1 -1) (59.8488 s)
Zelikovsky- 177.205 s
>>> get_solution
  refine_solution: new weight 4782279 (was 4786110) in 0.006972 s
  refine_solution: new weight 4782279 (was 4782279) in 0.006112 s
>>> get_solution
  refine_solution: new weight 4818433 (was 4822264) in 0.00666 s
  refine_solution: new weight 4818433 (was 4818433) in 0.005455 s
35,,18118,28205,13,,18066,0,,4822264,4818433,4791507,4786110,4782279,,71001,2,@@

  handle_small_Steiner_degrees: steiner 0, suppress 6 in 0.000117 s
Starting round 36
Found 1579 isolated vertices
Invalid ratios recomputed: 15495
Best ratio is 147753/2 (73876.5), centered at 245
Finding the best star... Star with 3 terminals centered in 4511
round took: 43.9642 s
|V| = 19680, |E| = 28158, |R| = 11
>> 5397 (13221: 17225 17518 17225) (0.003946 s)
>> 32317 (8189: 4511 17108 4511) (0.003612 s)
>> 0 (-1: -1 -1 -1) (0.003674 s)
Zelikovsky 55.438 s
>> 5397 (13221: 17225 17520 17518) (54.0292 s)
>> 0 (-1: -1 -1 -1) (54.0984 s)
Zelikovsky- 108.154 s
>>> get_solution
  refine_solution: new weight 4782279 (was 4786110) in 0.006933 s
  refine_solution: new weight 4782279 (was 4782279) in 0.006071 s
>>> get_solution
  refine_solution: new weight 4787676 (was 4791507) in 0.006394 s
  refine_solution: new weight 4787676 (was 4787676) in 0.005501 s
36,,18101,28158,11,,15495,0,,4791507,4787676,4786110,4786110,4782279,,147753,3,@@

  handle_small_Steiner_degrees: steiner 0, suppress 6 in 7.5e-05 s
Starting round 37
Found 1619 isolated vertices
Invalid ratios recomputed: 17993
Best ratio is 75528/1 (75528.0), centered at 1124
Finding the best star... Star with 2 terminals centered in 17108
round took: 49.9208 s
|V| = 19680, |E| = 28115, |R| = 10
>> 5397 (13221: 17108 17518 17108) (0.003981 s)
>> 36791 (8189: 4511 16959 4511) (0.003628 s)
>> 0 (-1: -1 -1 -1) (0.003677 s)
Zelikovsky 53.8325 s
>> 5397 (13221: 17108 17520 17518) (54.6161 s)
>> 0 (-1: -1 -1 -1) (54.6236 s)
Zelikovsky- 109.266 s
>>> get_solution
  refine_solution: new weight 4782279 (was 4786110) in 0.006955 s
  refine_solution: new weight 4782279 (was 4782279) in 0.005983 s
>>> get_solution
  refine_solution: new weight 4787676 (was 4791507) in 0.006555 s
  refine_solution: new weight 4787676 (was 4787676) in 0.005446 s
37,,18061,28115,10,,17993,0,,4791507,4787676,4786110,4786110,4782279,,75528,2,@@

  handle_small_Steiner_degrees: steiner 1, suppress 3 in 6.3e-05 s
Starting round 38
Found 1652 isolated vertices
Invalid ratios recomputed: 18028
Best ratio is 80002/1 (80002.0), centered at 5721
Finding the best star... Star with 2 terminals centered in 16959
round took: 50.1717 s
|V| = 19680, |E| = 28095, |R| = 9
>> 5397 (13221: 16959 17518 16959) (0.003963 s)
>> 38427 (8189: 4511 17397 4511) (0.00364 s)
>> 0 (-1: -1 -1 -1) (0.003654 s)
Zelikovsky 53.3897 s
>> 5397 (13221: 16959 17520 17518) (54.3615 s)
>> 0 (-1: -1 -1 -1) (54.4136 s)
Zelikovsky- 108.801 s
>>> get_solution
  refine_solution: new weight 4782279 (was 4786110) in 0.006788 s
  refine_solution: new weight 4782279 (was 4782279) in 0.006047 s
>>> get_solution
  refine_solution: new weight 4787676 (was 4791507) in 0.006427 s
  refine_solution: new weight 4787676 (was 4787676) in 0.005389 s
38,,18028,28095,9,,18028,0,,4791507,4787676,4786110,4786110,4782279,,80002,2,@@

  handle_small_Steiner_degrees: steiner 0, suppress 4 in 5e-05 s
Starting round 39
Found 1667 isolated vertices
Invalid ratios recomputed: 18013
Best ratio is 81638/1 (81638.0), centered at 6172
Finding the best star... Star with 2 terminals centered in 16959
round took: 50.8017 s
|V| = 19680, |E| = 28061, |R| = 8
>> 5397 (13221: 16959 17518 16959) (0.003923 s)
>> 42930 (8189: 4511 17113 4511) (0.00362 s)
>> 0 (-1: -1 -1 -1) (0.003634 s)
Zelikovsky 53.2061 s
>> 5397 (13221: 16959 17520 17518) (54.1773 s)
>> 0 (-1: -1 -1 -1) (54.2021 s)
Zelikovsky- 108.406 s
>>> get_solution
  refine_solution: new weight 4782279 (was 4786110) in 0.006859 s
  refine_solution: new weight 4782279 (was 4782279) in 0.006107 s
>>> get_solution
  refine_solution: new weight 4787676 (was 4791507) in 0.006255 s
  refine_solution: new weight 4787676 (was 4787676) in 0.005347 s
39,,18013,28061,8,,18013,0,,4791507,4787676,4786110,4786110,4782279,,81638,2,@@

  handle_small_Steiner_degrees: steiner 0, suppress 4 in 6.8e-05 s
Starting round 40
Found 1694 isolated vertices
Invalid ratios recomputed: 17986
Best ratio is 86141/1 (86141.0), centered at 6666
Finding the best star... Star with 2 terminals centered in 17397
round took: 52.4982 s
|V| = 19680, |E| = 28027, |R| = 7
>> 5397 (13221: 17397 17518 17397) (0.003884 s)
>> 38442 (18593: 4511 17113 4511) (0.00354 s)
>> 0 (-1: -1 -1 -1) (0.003619 s)
Zelikovsky 53.3611 s
>> 5397 (13221: 17397 17520 17518) (54.2394 s)
>> 0 (-1: -1 -1 -1) (54.2732 s)
Zelikovsky- 108.539 s
>>> get_solution
  refine_solution: new weight 4782279 (was 4786110) in 0.006774 s
  refine_solution: new weight 4782279 (was 4782279) in 0.00603 s
>>> get_solution
  refine_solution: new weight 4787676 (was 4791507) in 0.00635 s
  refine_solution: new weight 4787676 (was 4787676) in 0.005392 s
40,,17986,28027,7,,17986,0,,4791507,4787676,4786110,4786110,4782279,,86141,2,@@

  handle_small_Steiner_degrees: steiner 0, suppress 6 in 0.00011 s
Starting round 41
Found 1726 isolated vertices
Invalid ratios recomputed: 17954
Best ratio is 96838/1 (96838.0), centered at 3314
Finding the best star... Star with 2 terminals centered in 17240
round took: 57.1874 s
|V| = 19680, |E| = 27995, |R| = 6
>> 5397 (13221: 17240 17518 17240) (0.0038 s)
>> 43865 (18593: 4511 17113 4511) (0.003486 s)
>> 0 (-1: -1 -1 -1) (0.003544 s)
Zelikovsky 52.9553 s
>> 5397 (13221: 17240 17520 17518) (53.6799 s)
>> 0 (-1: -1 -1 -1) (53.8043 s)
Zelikovsky- 107.51 s
>>> get_solution
  refine_solution: new weight 4782279 (was 4786110) in 0.00685 s
  refine_solution: new weight 4782279 (was 4782279) in 0.006047 s
>>> get_solution
  refine_solution: new weight 4787676 (was 4791507) in 0.006389 s
  refine_solution: new weight 4787676 (was 4787676) in 0.005522 s
41,,17954,27995,6,,17954,0,,4791507,4787676,4786110,4786110,4782279,,96838,2,@@

  handle_small_Steiner_degrees: steiner 0, suppress 4 in 6.7e-05 s
Starting round 42
Found 1749 isolated vertices
Invalid ratios recomputed: 17931
Best ratio is 102261/1 (102261.0), centered at 124
Finding the best star... Star with 2 terminals centered in 17115
round took: 59.2391 s
|V| = 19680, |E| = 27960, |R| = 5
>> 5397 (13221: 17115 17518 17115) (0.003906 s)
>> 41241 (18593: 4511 17113 4511) (0.003475 s)
>> 0 (-1: -1 -1 -1) (0.003594 s)
Zelikovsky 53.1496 s
>> 5397 (13221: 17115 17520 17518) (54.0154 s)
>> 0 (-1: -1 -1 -1) (54.0904 s)
Zelikovsky- 108.132 s
>>> get_solution
  refine_solution: new weight 4782279 (was 4786110) in 0.006804 s
  refine_solution: new weight 4782279 (was 4782279) in 0.005989 s
>>> get_solution
  refine_solution: new weight 4787676 (was 4791507) in 0.006391 s
  refine_solution: new weight 4787676 (was 4787676) in 0.00557 s
42,,17931,27960,5,,17931,0,,4791507,4787676,4786110,4786110,4782279,,102261,2,@@

  handle_small_Steiner_degrees: steiner 0, suppress 6 in 7.1e-05 s
Starting round 43
Found 1778 isolated vertices
Invalid ratios recomputed: 17902
Best ratio is 105034/1 (105034.0), centered at 2654
Finding the best star... Star with 2 terminals centered in 17115
round took: 59.3733 s
|V| = 19680, |E| = 27882, |R| = 4
>> 5397 (13221: 17115 17518 17115) (0.003741 s)
>> 0 (-1: -1 -1 -1) (0.003483 s)
Zelikovsky 53.8693 s
>> 5397 (13221: 17115 17520 17518) (55.0252 s)
Zelikovsky- 55.0515 s
>>> get_solution
  refine_solution: new weight 4782279 (was 4786110) in 0.006787 s
  refine_solution: new weight 4782279 (was 4782279) in 0.006053 s
>>> get_solution
  refine_solution: new weight 4787676 (was 4791507) in 0.006419 s
  refine_solution: new weight 4787676 (was 4787676) in 0.005485 s
43,,17902,27882,4,,17902,0,,4791507,4787676,4786110,4786110,4782279,,105034,2,@@

  handle_small_Steiner_degrees: steiner 1, suppress 10 in 0.000135 s
Starting round 44
Found 1848 isolated vertices
Invalid ratios recomputed: 17832
Best ratio is 161449/1 (161449.0), centered at 4326
Finding the best star... Star with 2 terminals centered in 17115
round took: 58.7528 s
|V| = 19680, |E| = 27855, |R| = 3
>> 0 (-1: -1 -1 -1) (0.003649 s)
Zelikovsky 53.6293 s
>> 0 (-1: -1 -1 -1) (54.5731 s)
Zelikovsky- 54.5961 s
>>> get_solution
  refine_solution: new weight 4785742 (was 4789573) in 0.006818 s
  refine_solution: new weight 4785742 (was 4785742) in 0.006046 s
>>> get_solution
  refine_solution: new weight 4785742 (was 4789573) in 0.006395 s
  refine_solution: new weight 4785742 (was 4785742) in 0.005435 s
44,,17832,27855,3,,17832,0,,4789573,4785742,4789573,4789573,4785742,,161449,2,@@

  handle_small_Steiner_degrees: steiner 0, suppress 2 in 5.4e-05 s
Starting round 45
Found 1863 isolated vertices
Invalid ratios recomputed: 17817
Best ratio is 169068/1 (169068.0), centered at 13221
Finding the best star... Star with 2 terminals centered in 17518
round took: 58.4716 s
|V| = 19680, |E| = 27839, |R| = 2
Zelikovsky 53.879 s
Zelikovsky- 0.022507 s
>>> get_solution
  refine_solution: new weight 4785742 (was 4789573) in 0.006785 s
  refine_solution: new weight 4785742 (was 4785742) in 0.005965 s
>>> get_solution
  refine_solution: new weight 4785742 (was 4789573) in 0.006337 s
  refine_solution: new weight 4785742 (was 4785742) in 0.005455 s
45,,17817,27839,2,,17817,0,,4789573,4785742,4789573,4789573,4785742,,169068,2,@@

  handle_small_Steiner_degrees: steiner 1, suppress 2 in 5.8e-05 s
Starting round 46
Found 1876 isolated vertices
Invalid ratios recomputed: 17804
Best ratio is 264599/1 (264599.0), centered at 443
Finding the best star... Star with 2 terminals centered in 17113
round took: 58.3861 s
|V| = 19680, |E| = 27813, |R| = 1
Zelikovsky 54.1132 s
Zelikovsky- 0.022802 s
>>> get_solution
  refine_solution: new weight 4785742 (was 4789573) in 0.006877 s
  refine_solution: new weight 4785742 (was 4785742) in 0.006131 s
>>> get_solution
  refine_solution: new weight 4785742 (was 4789573) in 0.00633 s
  refine_solution: new weight 4785742 (was 4785742) in 0.005455 s
46,,17804,27813,1,,17804,0,,4789573,4785742,4789573,4789573,4785742,,264599,2,@@

  handle_small_Steiner_degrees: steiner 0, suppress 5 in 7e-05 s
contract_till_the_bitter_end: 34393.9 s

Calling end_heu
>>> get_solution
Saved weight 97457
end_heu: 0 loops with 0 unique solutions in 0.000606 s

Calling print_solution
>>> get_solution
  refine_solution: new weight 4785742 (was 4786126) in 0.02828 s
Oops orig weight was 4786126 but we got 4785742
## FINAL WEIGHT 4785742
print_solution: 0.053566 s
