Version: final-94-gfffc3aa rub_all.sh: remove longest prefix
Random seed: 1555487023
Start
>>> save_orig_graph
>> Saved weight 0
Graph loaded
|V| = 88729, |E| = 133625, |R| = 2041
First clearance of the input. Calling buy_zero and run_all_heuristics.
  buy_zero: 3861 zero edges in 0.004429 s
  handle_small_terminal_degrees: terms 0 in 6.6e-05 s
  handle_small_Steiner_degrees: steiner 15, suppress 31432 in 0.010672 s
  shortest_edge_between_terminals: 0 edges in 0.000308 s
  handle_small_terminal_degrees: terms 0 in 6.7e-05 s
  handle_small_Steiner_degrees: steiner 2, suppress 420 in 0.00034 s
  shortest_edge_between_terminals: 0 edges in 0.000106 s
  handle_small_terminal_degrees: terms 0 in 6.6e-05 s
  handle_small_Steiner_degrees: steiner 0, suppress 48 in 0.000138 s
  shortest_edge_between_terminals: 0 edges in 9.8e-05 s
  handle_small_terminal_degrees: terms 0 in 6.6e-05 s
  handle_small_Steiner_degrees: steiner 0, suppress 14 in 0.000124 s
  shortest_edge_between_terminals: 0 edges in 9.7e-05 s
  handle_small_terminal_degrees: terms 0 in 6.6e-05 s
  handle_small_Steiner_degrees: steiner 0, suppress 12 in 0.000122 s
  shortest_edge_between_terminals: 0 edges in 0.000109 s
  handle_small_terminal_degrees: terms 0 in 6.6e-05 s
  handle_small_Steiner_degrees: steiner 0, suppress 10 in 0.000122 s
  shortest_edge_between_terminals: 0 edges in 9.7e-05 s
  handle_small_terminal_degrees: terms 0 in 6.6e-05 s
  handle_small_Steiner_degrees: steiner 0, suppress 15 in 0.000123 s
  shortest_edge_between_terminals: 0 edges in 9.8e-05 s
  handle_small_terminal_degrees: terms 0 in 6.6e-05 s
  handle_small_Steiner_degrees: steiner 0, suppress 9 in 0.000122 s
  shortest_edge_between_terminals: 0 edges in 9.7e-05 s
  handle_small_terminal_degrees: terms 0 in 6.6e-05 s
  handle_small_Steiner_degrees: steiner 0, suppress 5 in 0.00012 s
  shortest_edge_between_terminals: 0 edges in 9.7e-05 s
  handle_small_terminal_degrees: terms 0 in 6.6e-05 s
  handle_small_Steiner_degrees: steiner 0, suppress 6 in 0.00012 s
  shortest_edge_between_terminals: 0 edges in 9.6e-05 s
  handle_small_terminal_degrees: terms 0 in 6.6e-05 s
  handle_small_Steiner_degrees: steiner 0, suppress 4 in 0.00012 s
  shortest_edge_between_terminals: 0 edges in 9.7e-05 s
  handle_small_terminal_degrees: terms 0 in 6.6e-05 s
  handle_small_Steiner_degrees: steiner 0, suppress 2 in 0.000119 s
  shortest_edge_between_terminals: 0 edges in 9.7e-05 s
  handle_small_terminal_degrees: terms 0 in 6.6e-05 s
  handle_small_Steiner_degrees: steiner 0, suppress 6 in 0.00012 s
  shortest_edge_between_terminals: 0 edges in 9.6e-05 s
  handle_small_terminal_degrees: terms 0 in 6.6e-05 s
  handle_small_Steiner_degrees: steiner 0, suppress 3 in 0.000119 s
  shortest_edge_between_terminals: 0 edges in 9.7e-05 s
  handle_small_terminal_degrees: terms 0 in 6.6e-05 s
  handle_small_Steiner_degrees: steiner 0, suppress 1 in 0.000119 s
  shortest_edge_between_terminals: 0 edges in 9.7e-05 s
  handle_small_terminal_degrees: terms 0 in 6.6e-05 s
  handle_small_Steiner_degrees: steiner 0, suppress 0 in 0.000118 s
  shortest_edge_between_terminals: 0 edges in 9.7e-05 s
Compressed graph 88729 -> 53087
  delete_edges: deleted 4148 edges in 0.063539 s and 5 rounds
  handle_small_terminal_degrees: terms 0 in 4.2e-05 s
  handle_small_Steiner_degrees: steiner 40, suppress 2632 in 0.001539 s
  shortest_edge_between_terminals: 0 edges in 0.000201 s
  handle_small_terminal_degrees: terms 2 in 4.2e-05 s
  handle_small_Steiner_degrees: steiner 1, suppress 37 in 9.7e-05 s
  shortest_edge_between_terminals: 0 edges in 9.2e-05 s
  handle_small_terminal_degrees: terms 1 in 4.1e-05 s
  handle_small_Steiner_degrees: steiner 0, suppress 2 in 8e-05 s
  shortest_edge_between_terminals: 0 edges in 9e-05 s
  handle_small_terminal_degrees: terms 0 in 3.9e-05 s
  handle_small_Steiner_degrees: steiner 0, suppress 0 in 7.8e-05 s
  shortest_edge_between_terminals: 0 edges in 9e-05 s
Compressed graph 53087 -> 50372
  delete_edges_shortest_path: deleted 6335 edges in 0.854948 s
  handle_small_terminal_degrees: terms 0 in 4.8e-05 s
  handle_small_Steiner_degrees: steiner 600, suppress 5411 in 0.002798 s
  shortest_edge_between_terminals: 0 edges in 0.000174 s
  handle_small_terminal_degrees: terms 24 in 6.2e-05 s
  handle_small_Steiner_degrees: steiner 14, suppress 615 in 0.000335 s
  shortest_edge_between_terminals: 0 edges in 8.6e-05 s
  handle_small_terminal_degrees: terms 12 in 4.9e-05 s
  handle_small_Steiner_degrees: steiner 1, suppress 71 in 0.000105 s
  shortest_edge_between_terminals: 0 edges in 8.2e-05 s
  handle_small_terminal_degrees: terms 2 in 4e-05 s
  handle_small_Steiner_degrees: steiner 0, suppress 0 in 7.6e-05 s
  shortest_edge_between_terminals: 0 edges in 8.1e-05 s
  handle_small_terminal_degrees: terms 0 in 3.8e-05 s
  handle_small_Steiner_degrees: steiner 0, suppress 0 in 7.6e-05 s
  shortest_edge_between_terminals: 0 edges in 8.1e-05 s
Compressed graph 50372 -> 43622
  handle_small_terminal_degrees: terms 0 in 3.3e-05 s
  handle_small_Steiner_degrees: steiner 0, suppress 7 in 7.4e-05 s
  shortest_edge_between_terminals: 5 edges in 0.000285 s
  handle_small_terminal_degrees: terms 0 in 3.2e-05 s
  handle_small_Steiner_degrees: steiner 0, suppress 7 in 7.2e-05 s
  shortest_edge_between_terminals: 0 edges in 8.6e-05 s
  handle_small_terminal_degrees: terms 0 in 3.2e-05 s
  handle_small_Steiner_degrees: steiner 0, suppress 1 in 6.8e-05 s
  shortest_edge_between_terminals: 0 edges in 8e-05 s
  handle_small_terminal_degrees: terms 0 in 4.4e-05 s
  handle_small_Steiner_degrees: steiner 0, suppress 0 in 6.8e-05 s
  shortest_edge_between_terminals: 0 edges in 7.9e-05 s
Compressed graph 43622 -> 43581
  delete_edges_shortest_path: deleted 950 edges in 0.609013 s
  handle_small_terminal_degrees: terms 3 in 3.9e-05 s
  handle_small_Steiner_degrees: steiner 14, suppress 926 in 0.000587 s
  shortest_edge_between_terminals: 0 edges in 0.000184 s
  handle_small_terminal_degrees: terms 5 in 3.9e-05 s
  handle_small_Steiner_degrees: steiner 1, suppress 34 in 8.4e-05 s
  shortest_edge_between_terminals: 0 edges in 7.9e-05 s
  handle_small_terminal_degrees: terms 2 in 3.5e-05 s
  handle_small_Steiner_degrees: steiner 0, suppress 2 in 6.9e-05 s
  shortest_edge_between_terminals: 0 edges in 7.6e-05 s
  handle_small_terminal_degrees: terms 0 in 3.2e-05 s
  handle_small_Steiner_degrees: steiner 0, suppress 0 in 6.8e-05 s
  shortest_edge_between_terminals: 0 edges in 7.5e-05 s
Compressed graph 43581 -> 42594
Compressed graph 42594 -> 42594
>>> save_orig_graph
>> Saved weight 81979
### ZEL_LVL=9 PRECISE_STARS=0

Calling `contract_till_the_bitter_end`
|V| = 42594, |E| = 72446, |R| = 2038
>> 34227 (25885: 4814 13318 4814) (22.2698 s)
>> 33393 (804: 26386 26695 26386) (20.549 s)
>> 9898 (10081: 6298 6411 6298) (20.5815 s)
>> 8455 (9830: 7773 16479 7773) (20.2419 s)
>> 7402 (6080: 29432 29462 29432) (20.7358 s)
>> 7242 (9227: 30291 30332 30291) (20.7002 s)
>> 7185 (15685: 36977 36982 36977) (20.7555 s)
>> 7104 (2814: 9142 29918 9142) (20.7688 s)
>> 7036 (21596: 36921 36925 36921) (20.5931 s)
>> 6314 (17223: 38200 38212 38200) (20.5337 s)
>> 6228 (4066: 12554 27498 12554) (20.7065 s)
>> 6187 (30245: 5971 30235 5971) (20.5833 s)
>> 6173 (39232: 31298 31309 31298) (20.5839 s)
>> 6109 (39532: 37014 37020 37014) (20.5936 s)
>> 6105 (8605: 30057 30061 30057) (20.5983 s)
>> 5932 (12785: 31699 31718 31699) (20.6537 s)
>> 5904 (39786: 38495 38678 38495) (20.601 s)
>> 5885 (30267: 30246 30262 30246) (20.6253 s)
>> 5866 (21818: 37017 37043 37017) (20.6798 s)
>> 5863 (39493: 31870 31875 31870) (20.6573 s)
>> 5861 (19330: 27544 30309 27544) (20.6487 s)
>> 5857 (21341: 33144 36874 33144) (20.6573 s)
>> 5849 (30696: 30977 31033 30977) (20.7162 s)
>> 5837 (30616: 30602 30612 30602) (20.7251 s)
>> 5753 (33645: 20717 35737 20717) (20.9413 s)
>> 5686 (34510: 33995 34417 33995) (20.8561 s)
>> 5663 (22348: 32964 37244 32964) (20.8785 s)
>> 5645 (8730: 30075 30091 30075) (20.8862 s)
>> 5620 (6073: 28545 28890 28545) (20.7717 s)
>> 5612 (10723: 26454 26466 26454) (20.8541 s)
>> 5913 (26527: 2103 26521 2103) (20.8849 s)
>> 5603 (19047: 37027 38807 37027) (20.9141 s)
>> 5496 (31975: 37057 37155 37057) (20.8851 s)
>> 5480 (39228: 31258 31711 31258) (20.8977 s)
>> 5424 (39711: 37127 37152 37127) (20.8755 s)
>> 5384 (4105: 27516 30252 27516) (20.9026 s)
>> 5301 (27143: 24306 27122 24306) (20.9183 s)
>> 5293 (15777: 12984 37196 12984) (20.9353 s)
>> 5270 (39713: 37050 37066 37050) (21.0796 s)
>> 5262 (19389: 35831 35839 35831) (20.9311 s)
>> 5174 (19381: 35813 35826 35813) (20.9316 s)
>> 5159 (39341: 4529 4838 4529) (20.9247 s)
>> 5152 (6801: 30368 30385 30368) (20.9673 s)
>> 5377 (10042: 30559 30568 30559) (21.0465 s)
>> 5112 (14397: 33070 33094 33070) (21.0257 s)
>> 5107 (18302: 1059 26429 1059) (21.042 s)
>> 5083 (2611: 9521 26875 9521) (21.087 s)
>> 5052 (16482: 34108 34119 34108) (21.1335 s)
>> 5042 (10631: 16684 30808 16684) (21.0879 s)
>> 5026 (18026: 31053 35109 31053) (21.1523 s)
>> 5011 (33818: 33311 33796 33311) (21.2114 s)
>> 4976 (2093: 6184 14626 6184) (21.2094 s)
>> 4931 (11193: 31145 31177 31145) (21.361 s)
>> 4925 (5651: 28395 28403 28395) (21.3849 s)
>> 4889 (409: 19277 27053 19277) (21.3501 s)
>> 4864 (30224: 30171 30182 30171) (21.3601 s)
>> 4856 (459: 26324 26650 26324) (21.3672 s)
>> 5404 (39143: 25251 26319 25251) (21.4116 s)
>> 6432 (1206: 4272 26609 4272) (21.3454 s)
>> 4856 (35529: 33357 33769 33357) (21.4369 s)
>> 4840 (31977: 31936 31966 31936) (21.4943 s)
>> 4839 (19725: 35728 36435 35728) (21.4351 s)
>> 4816 (19211: 19231 29960 19231) (21.4543 s)
>> 4812 (6371: 28661 28683 28661) (21.5003 s)
>> 4779 (26846: 26822 26890 26822) (21.5107 s)
>> 4772 (39415: 30894 30926 30894) (21.6481 s)
>> 4767 (8192: 27230 27257 27230) (21.6742 s)
>> 4745 (21245: 33616 36908 33616) (21.6691 s)
>> 4741 (39428: 31113 31139 31113) (21.6398 s)
>> 4737 (26550: 19744 22897 19744) (21.6235 s)
>> 4736 (16393: 38014 38049 38014) (21.6212 s)
>> 4729 (10532: 38233 38296 38233) (21.6427 s)
>> 4729 (38991: 13370 38989 13370) (21.6248 s)
>> 4714 (32282: 31721 32280 31721) (21.6504 s)
>> 4713 (1611: 26660 26688 26660) (21.6784 s)
>> 4709 (19991: 26985 27115 26985) (21.7393 s)
>> 4696 (32254: 32250 32263 32250) (21.7288 s)
>> 4677 (39536: 33301 33481 33301) (21.7211 s)
>> 4671 (28259: 28219 28238 28219) (21.7309 s)
>> 4669 (29771: 29751 29762 29751) (21.7611 s)
>> 4656 (39505: 32338 32353 32338) (21.8426 s)
>> 4625 (39566: 34288 34327 34288) (21.8808 s)
>> 4613 (19324: 34589 34605 34589) (21.8388 s)
>> 4609 (32761: 38459 38465 38459) (21.7988 s)
>> 4601 (289: 26273 26339 26273) (21.7522 s)
>> 5167 (295: 26299 26356 26299) (21.859 s)
>> 4596 (2676: 24009 26934 24009) (21.8472 s)
>> 4592 (39595: 36739 36745 36739) (21.8856 s)
>> 4590 (42549: 33766 33855 33766) (21.9141 s)
>> 4584 (12249: 31356 31368 31356) (21.8554 s)
>> 4566 (17688: 34887 34926 34887) (21.9413 s)
>> 4565 (4935: 27948 27955 27948) (21.9564 s)
>> 5284 (4927: 27938 27982 27938) (22.0911 s)
>> 4564 (7348: 29305 29324 29305) (22.0218 s)
>> 4559 (39237: 28669 29010 28669) (22.1393 s)
>> 4550 (32403: 32389 32402 32389) (22.0824 s)
>> 4550 (2160: 29102 36856 29102) (22.0713 s)
>> 4546 (35902: 35891 35903 35891) (22.0926 s)
>> 4535 (16948: 36958 37002 36958) (22.0747 s)
>> 4530 (37375: 25371 37368 25371) (22.0745 s)
>> 4524 (39231: 30486 30503 30486) (22.0607 s)
>> 4512 (14390: 32760 33118 32760) (22.0633 s)
>> 4511 (23641: 37907 37916 37907) (22.076 s)
>> 4496 (12942: 32291 32343 32291) (22.0971 s)
>> 4492 (32450: 32127 32426 32127) (22.1154 s)
>> 4476 (5578: 28223 28459 28223) (22.1136 s)
>> 4503 (6060: 28506 28537 28506) (22.0865 s)
>> 4471 (39188: 22258 37336 22258) (22.1307 s)
>> 4489 (6847: 4194 37326 4194) (22.3209 s)
>> 4461 (40081: 11559 31250 11559) (22.1546 s)
>> 4445 (19413: 35845 35852 35845) (22.2393 s)
>> 4438 (35421: 2739 35405 2739) (22.203 s)
>> 4435 (5661: 28386 28774 28386) (22.2392 s)
>> 4427 (8013: 29685 29698 29685) (22.2231 s)
>> 4423 (9745: 38136 38246 38136) (22.2481 s)
>> 4406 (30964: 25890 30954 25890) (22.2451 s)
>> 4394 (17588: 34702 34809 34702) (22.235 s)
>> 4378 (27223: 34965 34974 34965) (22.2356 s)
>> 4375 (23551: 38089 38098 38089) (22.2475 s)
>> 4359 (30982: 30979 30988 30979) (22.244 s)
>> 4341 (4049: 35317 35593 35317) (22.2444 s)
>> 4330 (26232: 27309 27407 27309) (22.2832 s)
>> 4329 (11947: 31237 31243 31237) (22.401 s)
>> 4325 (16243: 33909 33933 33909) (22.3061 s)
>> 4306 (25515: 13866 38885 13866) (22.2931 s)
>> 4292 (34074: 33615 33789 33615) (22.3414 s)
>> 4291 (2486: 3834 9866 3834) (22.3482 s)
>> 4286 (10523: 30765 30799 30765) (22.3643 s)
>> 4310 (7391: 29247 29335 29247) (22.378 s)
>> 4284 (32151: 32147 32191 32147) (22.4053 s)
>> 4280 (36789: 22622 36762 22622) (22.4035 s)
>> 4277 (26205: 26194 26219 26194) (22.4463 s)
>> 4277 (35526: 31094 33326 31094) (22.5138 s)
>> 4269 (28071: 28073 28175 28073) (22.4915 s)
>> 4266 (33479: 33464 33472 33464) (22.5717 s)
>> 4263 (16816: 34029 34452 34029) (22.6533 s)
>> 4260 (32484: 32382 32416 32382) (22.5531 s)
>> 4249 (9522: 30377 30551 30377) (22.5578 s)
>> 4231 (17886: 22108 35069 22108) (22.5826 s)
>> 4383 (18692: 35491 35496 35491) (22.5941 s)
>> 4229 (42571: 32835 32862 32835) (22.6741 s)
>> 4204 (4225: 27538 27562 27538) (22.5994 s)
>> 4197 (28849: 28798 28844 28798) (22.619 s)
>> 4196 (27886: 27880 27910 27880) (22.6374 s)
>> 4193 (12215: 31665 31671 31665) (22.6846 s)
>> 4181 (279: 26151 26164 26151) (22.698 s)
>> 4173 (2621: 35411 35426 35411) (22.7502 s)
>> 4168 (4802: 37175 37206 37175) (22.7266 s)
>> 4159 (545: 26364 26376 26364) (22.8738 s)
>> 4155 (21750: 37223 37228 37223) (22.7112 s)
>> 4151 (6795: 29004 29046 29004) (22.7686 s)
>> 4145 (18571: 8401 17892 8401) (22.7685 s)
>> 4141 (11434: 30996 31014 30996) (22.7801 s)
>> 4132 (27525: 26799 27522 26799) (22.8432 s)
>> 4120 (31981: 38913 38927 38913) (22.8241 s)
>> 4117 (16282: 33925 33958 33925) (22.7937 s)
>> 4107 (3830: 7076 26403 7076) (22.8863 s)
>> 4099 (18844: 35563 35574 35563) (22.9233 s)
>> 4098 (2545: 18359 20572 18359) (22.8605 s)
>> 4092 (18938: 37323 37822 37323) (22.9587 s)
>> 4083 (17543: 34816 34839 34816) (22.944 s)
>> 5957 (17606: 26133 34824 26133) (23.0186 s)
>> 4365 (24: 26113 26122 26113) (22.939 s)
>> 4074 (8896: 30192 30209 30192) (22.9832 s)
>> 4068 (18025: 35945 35956 35945) (22.9897 s)
>> 4054 (9662: 30426 30435 30426) (23.0524 s)
>> 4030 (37870: 37869 37882 37869) (22.9831 s)
>> 4027 (9070: 30268 30278 30268) (22.9708 s)
>> 3976 (15810: 33672 33681 33672) (23.0183 s)
>> 4053 (14869: 32952 33022 32952) (22.9914 s)
>> 3957 (18450: 18636 20793 18636) (22.9534 s)
>> 3956 (1443: 26473 26570 26473) (23.0423 s)
>> 3955 (3386: 37671 37676 37671) (23.1886 s)
>> 3955 (37973: 37959 37968 37959) (23.1097 s)
>> 3954 (4602: 27777 30007 27777) (23.2737 s)
>> 3945 (36776: 38365 38548 38365) (23.1585 s)
>> 3944 (14065: 32572 32893 32572) (23.1319 s)
>> 3941 (21755: 37104 37247 37104) (23.1723 s)
>> 3939 (14292: 32641 32679 32641) (23.1598 s)
>> 3932 (30638: 30618 30634 30618) (23.1386 s)
>> 3931 (34204: 34197 34227 34197) (23.1465 s)
>> 3925 (12986: 31767 31792 31767) (23.1416 s)
>> 3922 (8324: 29632 29891 29632) (23.2388 s)
>> 3914 (1088: 20515 36413 20515) (23.1966 s)
>> 3912 (18252: 2568 18003 2568) (23.1752 s)
>> 3900 (15605: 1775 37381 1775) (23.2416 s)
>> 3895 (39648: 34738 34754 34738) (23.324 s)
>> 4008 (34797: 34773 34791 34773) (23.3557 s)
>> 3893 (519: 34649 34671 34649) (23.2162 s)
>> 3885 (31196: 31193 31202 31193) (23.2833 s)
>> 3869 (7416: 29360 29390 29360) (23.2283 s)
>> 3864 (2503: 35539 35732 35539) (23.2919 s)
>> 3861 (42103: 32511 32991 32511) (23.2766 s)
>> 3861 (5369: 37178 37185 37178) (23.216 s)
>> 3856 (35286: 37769 37844 37769) (23.2322 s)
>> 3935 (23549: 37859 37862 37859) (23.2218 s)
>> 4072 (23702: 37698 37722 37698) (23.1977 s)
>> 3879 (2557: 36076 37839 36076) (23.1844 s)
>> 3853 (35863: 33919 35816 33919) (23.1713 s)
>> 3852 (5705: 22623 29654 22623) (23.1839 s)
>> 3850 (32974: 32965 32975 32965) (23.4071 s)
>> 3838 (30223: 30200 30218 30200) (23.2526 s)
>> 3831 (456: 37888 37901 37888) (23.3023 s)
>> 3829 (19033: 36112 36128 36112) (23.2669 s)
>> 3820 (11084: 37946 37955 37946) (23.2275 s)
>> 3819 (37195: 37176 37192 37176) (23.2337 s)
>> 3817 (33494: 32720 33488 32720) (23.319 s)
>> 3814 (14192: 32726 32732 32726) (23.2389 s)
>> 3825 (14164: 32735 32740 32735) (23.1693 s)
>> 3813 (34521: 33991 34001 33991) (23.2185 s)
>> 3803 (1451: 26566 26575 26566) (23.2759 s)
>> 3798 (34563: 25444 34556 25444) (23.1863 s)
>> 3793 (32004: 32000 32012 32000) (23.2875 s)
>> 3792 (25906: 34621 35677 34621) (23.3544 s)
>> 3785 (28338: 28295 28336 28295) (23.2865 s)
>> 3783 (39299: 29637 29907 29637) (23.3296 s)
>> 3779 (23184: 27553 27572 27553) (23.3963 s)
>> 3765 (2419: 24766 27021 24766) (23.3401 s)
>> 3758 (11794: 10353 38198 10353) (23.3876 s)
>> 3752 (35114: 35095 35110 35095) (23.3518 s)
>> 3743 (37566: 4172 21556 4172) (23.357 s)
>> 3737 (15015: 33110 33127 33110) (23.4158 s)
>> 3728 (14739: 37805 37829 37805) (23.4574 s)
>> 3724 (8274: 2200 36061 2200) (23.417 s)
>> 3716 (2145: 31902 36911 31902) (23.4249 s)
>> 3708 (7328: 38521 38528 38521) (23.4222 s)
>> 3701 (14348: 32693 32725 32693) (23.5562 s)
>> 3700 (6887: 28644 29073 28644) (23.4798 s)
>> 3697 (25381: 38916 38922 38916) (23.4486 s)
>> 3692 (33352: 31182 33344 31182) (23.4552 s)
>> 3691 (14156: 32594 32610 32594) (23.4749 s)
>> 3689 (3088: 27061 27076 27061) (23.4722 s)
>> 3689 (42027: 32880 32920 32880) (23.5002 s)
>> 3683 (37101: 31853 31862 31853) (23.5016 s)
>> 5371 (13287: 31993 32489 31993) (23.5439 s)
>> 3679 (6961: 16587 38632 16587) (23.596 s)
>> 3670 (26078: 28055 28080 28055) (23.5917 s)
>> 3667 (14786: 32928 32939 32928) (23.5883 s)
>> 3654 (38904: 38893 38903 38893) (23.8603 s)
>> 3653 (8932: 30158 30225 30158) (23.6558 s)
>> 3653 (6481: 31347 38811 31347) (23.5962 s)
>> 3651 (15584: 33785 33788 33785) (23.5994 s)
>> 3642 (28888: 27586 27592 27586) (23.624 s)
>> 3639 (37953: 37951 37962 37951) (23.6498 s)
>> 3637 (5562: 28282 28287 28282) (23.6046 s)
>> 3630 (5083: 27837 31740 27837) (23.6041 s)
>> 3627 (8090: 37987 38022 37987) (23.5753 s)
>> 3622 (30710: 30641 30705 30641) (23.6228 s)
>> 3621 (17913: 37750 37766 37750) (23.6218 s)
>> 3616 (32844: 36987 36990 36987) (23.6227 s)
>> 3613 (14453: 33040 33061 33040) (23.6714 s)
>> 4534 (33438: 33403 33427 33403) (23.7109 s)
>> 3609 (37138: 37072 37137 37072) (23.6611 s)
>> 3600 (27472: 27460 27470 27460) (23.6251 s)
>> 3596 (10615: 5111 30814 5111) (23.6685 s)
>> 3595 (15046: 33236 33249 33236) (23.6802 s)
>> 3570 (22212: 37276 37293 37276) (23.6586 s)
>> 3562 (35039: 35546 35558 35546) (23.6414 s)
>> 3559 (11356: 19166 35130 19166) (23.6768 s)
>> 3548 (2698: 26944 37493 26944) (23.6651 s)
>> 3543 (37709: 37705 37753 37705) (23.6848 s)
>> 3542 (22272: 31517 38992 31517) (23.6883 s)
>> 3539 (37118: 5649 15180 5649) (23.649 s)
>> 3538 (13054: 2971 36212 2971) (23.7129 s)
>> 3537 (13404: 32057 32066 32057) (23.8576 s)
>> 3528 (35387: 25193 31234 25193) (23.6999 s)
>> 3525 (33748: 33742 33762 33742) (23.7217 s)
>> 3523 (2919: 37481 37594 37481) (23.7823 s)
>> 3521 (18505: 37595 37624 37595) (23.7728 s)
>> 3515 (12961: 16571 38610 16571) (23.7257 s)
>> 3511 (20957: 26433 36799 26433) (23.7707 s)
>> 3491 (33340: 30907 32757 30907) (23.7319 s)
>> 3483 (15910: 38333 38357 38333) (23.7489 s)
>> 3482 (36206: 19646 35960 19646) (23.7379 s)
>> 3475 (39510: 32527 32905 32527) (23.7567 s)
>> 3470 (24601: 38607 38739 38607) (23.8239 s)
>> 3465 (42127: 31809 31838 31809) (23.8707 s)
>> 3571 (12495: 31566 31575 31566) (23.8022 s)
>> 3446 (22820: 37319 37334 37319) (23.7792 s)
>> 3440 (32827: 32819 32824 32819) (23.7736 s)
>> 3433 (19913: 20019 36208 20019) (23.7526 s)
>> 3419 (34105: 34094 34180 34094) (23.8072 s)
>> 3419 (37695: 37685 37692 37685) (23.7491 s)
>> 3416 (36190: 18185 19595 18185) (23.809 s)
>> 3407 (34693: 34219 34279 34219) (23.8823 s)
>> 3403 (6554: 28796 29299 28796) (23.8626 s)
>> 3391 (40236: 33139 33654 33139) (23.8631 s)
>> 3382 (7195: 29251 29262 29251) (23.8608 s)
>> 3378 (10405: 30662 30714 30662) (23.8462 s)
>> 3377 (36097: 10142 10148 10142) (23.9747 s)
>> 3370 (34766: 34764 34782 34764) (23.9138 s)
>> 3366 (27703: 10712 24409 10712) (23.9091 s)
>> 3796 (18333: 19513 35308 19513) (23.9471 s)
>> 3361 (18716: 35631 35671 35631) (23.9851 s)
>> 3811 (6433: 35597 35653 35597) (23.9689 s)
>> 3358 (13349: 27802 39022 27802) (23.9321 s)
>> 3356 (2369: 24221 24452 24221) (23.9569 s)
>> 3353 (20445: 17807 20359 17807) (23.9856 s)
>> 3346 (34402: 34354 34386 34354) (23.9468 s)
>> 3343 (19220: 35757 35763 35757) (23.9751 s)
>> 3332 (39321: 30105 30122 30105) (23.9485 s)
>> 3330 (2280: 37385 37406 37385) (23.9658 s)
>> 3324 (37922: 386 19315 386) (24.0017 s)
>> 3316 (4625: 27631 27641 27631) (23.9836 s)
>> 3315 (40337: 34600 34628 34600) (23.9857 s)
>> 3300 (31166: 31084 31116 31084) (24.0183 s)
>> 3297 (8227: 29842 29865 29842) (23.9808 s)
>> 3297 (38519: 38372 38517 38372) (24.04 s)
>> 3751 (16153: 5887 38329 5887) (24.0014 s)
>> 3289 (27158: 27144 27155 27144) (23.9898 s)
>> 3285 (2656: 3009 35771 3009) (23.984 s)
>> 3278 (15517: 33318 33503 33318) (24.0706 s)
>> 3274 (20759: 10204 26044 10204) (23.9931 s)
>> 3735 (8279: 36590 36601 36590) (24.1019 s)
>> 3272 (29194: 29151 29185 29151) (24.1128 s)
>> 3268 (2482: 26816 26848 26816) (24.0833 s)
>> 3266 (263: 26260 26267 26260) (24.1147 s)
>> 3514 (2067: 26227 26236 26227) (24.0691 s)
>> 3266 (20276: 36402 36406 36402) (24.1117 s)
>> 3266 (7282: 37513 37517 37513) (24.0861 s)
>> 3506 (39301: 29665 29709 29665) (24.1409 s)
>> 3266 (17286: 33096 38383 33096) (24.0935 s)
>> 3264 (28724: 28670 28696 28670) (24.0509 s)
>> 3263 (31106: 31100 31131 31100) (24.0772 s)
>> 3251 (6434: 51 27576 51) (24.1232 s)
>> 3251 (33011: 32983 33003 32983) (24.127 s)
>> 3231 (28232: 28230 28251 28230) (24.174 s)
>> 3230 (1553: 26670 37890 26670) (24.1239 s)
>> 3224 (36814: 38194 38206 38194) (24.1695 s)
>> 3221 (25765: 4387 32473 4387) (24.1416 s)
>> 3201 (6906: 29089 29095 29089) (24.15 s)
>> 3197 (26180: 26161 26176 26161) (24.1844 s)
>> 3195 (20015: 19191 19618 19191) (24.1434 s)
>> 3183 (7051: 29158 29176 29158) (24.2174 s)
>> 3183 (34484: 34026 34478 34026) (24.2065 s)
>> 3176 (33892: 33838 33886 33838) (24.268 s)
>> 3171 (11106: 30890 30918 30890) (24.2364 s)
>> 3169 (19327: 13665 36951 13665) (24.1654 s)
>> 3168 (32509: 31961 32503 31961) (24.2153 s)
>> 3341 (31952: 31918 31949 31918) (24.4451 s)
>> 3452 (13160: 31957 32367 31957) (24.1841 s)
>> 3164 (11994: 2697 31254 2697) (24.1689 s)
>> 3160 (5040: 27611 27992 27611) (24.177 s)
>> 3158 (36934: 36929 36933 36929) (24.2138 s)
>> 3155 (28150: 28106 28143 28106) (24.2213 s)
>> 3459 (39234: 28154 28184 28154) (24.2696 s)
>> 3210 (28123: 28090 28117 28090) (24.213 s)
>> 3150 (1014: 1985 26443 1985) (24.2166 s)
>> 3139 (22518: 38971 38976 38971) (24.2362 s)
>> 3136 (30789: 30782 30793 30782) (24.2403 s)
>> 3796 (10530: 30776 30879 30776) (24.2349 s)
>> 3135 (24305: 38319 38337 38319) (24.4181 s)
>> 3134 (12648: 32168 32198 32168) (24.2776 s)
>> 3107 (15736: 33636 34058 33636) (24.2384 s)
>> 3102 (29839: 29817 29821 29817) (24.23 s)
>> 3085 (29288: 28703 29280 28703) (24.2501 s)
>> 3082 (31420: 31373 31383 31373) (24.26 s)
>> 3076 (9443: 13353 15630 13353) (24.2818 s)
>> 3076 (35568: 2730 35566 2730) (24.3087 s)
>> 3076 (2869: 23033 35152 23033) (24.3301 s)
>> 3068 (12950: 32207 32215 32207) (24.3682 s)
>> 3067 (30409: 38377 38380 38377) (24.3739 s)
>> 3218 (24028: 38152 38184 38152) (24.2562 s)
>> 3167 (17166: 38155 38175 38155) (24.3505 s)
>> 3066 (40376: 29925 29937 29925) (24.3913 s)
>> 3186 (29864: 29757 29856 29757) (24.3196 s)
>> 3065 (6617: 38657 38697 38657) (24.3549 s)
>> 3248 (38727: 38709 38714 38709) (24.3413 s)
>> 3063 (38149: 32607 38141 32607) (24.3515 s)
>> 3061 (23430: 23282 23572 23282) (24.34 s)
>> 3054 (41832: 28010 28044 28010) (24.3726 s)
>> 3049 (39280: 29123 29166 29123) (24.3861 s)
>> 3049 (9659: 30401 30407 30401) (24.431 s)
>> 3045 (40770: 31124 33389 31124) (24.39 s)
>> 3041 (13649: 32287 32296 32287) (24.3652 s)
>> 3039 (29808: 37937 38111 37937) (24.4713 s)
>> 3036 (9708: 38271 38288 38271) (24.4715 s)
>> 3035 (23528: 18590 35119 18590) (24.3366 s)
>> 3381 (30214: 35137 35153 35137) (24.3389 s)
>> 3028 (27204: 27203 37679 27203) (24.3514 s)
>> 3026 (31507: 30043 31500 30043) (24.4018 s)
>> 3077 (39456: 30030 31475 30030) (24.3579 s)
>> 3013 (33444: 33417 33440 33417) (24.3856 s)
>> 3008 (3929: 38427 38457 38427) (24.3424 s)
>> 3002 (41194: 33867 34127 33867) (24.3041 s)
>> 2997 (12467: 31518 31561 31518) (24.341 s)
>> 2995 (8272: 3874 24751 3874) (24.3056 s)
>> 2995 (2196: 38413 38419 38413) (24.3589 s)
>> 2989 (21554: 25065 26904 25065) (24.4753 s)
>> 2989 (15059: 33243 33274 33243) (24.3647 s)
>> 2983 (81: 30831 30834 30831) (24.3674 s)
>> 2966 (20454: 18109 36506 18109) (24.404 s)
>> 2964 (23960: 38125 38129 38125) (24.4121 s)
>> 2960 (28632: 28629 28631 28629) (24.3477 s)
>> 3748 (6219: 28596 28622 28596) (24.4034 s)
>> 2959 (20902: 21030 24134 21030) (24.4406 s)
>> 3019 (20885: 36773 36778 36773) (24.4901 s)
>> 2949 (19964: 19974 36295 19974) (24.5151 s)
>> 2947 (35258: 18885 18893 18885) (24.4211 s)
>> 2936 (6358: 28749 28760 28749) (24.437 s)
>> 2927 (19088: 35692 35696 35692) (24.5361 s)
>> 2926 (14270: 32659 32683 32659) (24.3868 s)
>> 2922 (4057: 27485 27506 27485) (24.3559 s)
>> 2900 (5355: 29497 29529 29497) (24.3511 s)
>> 2900 (19249: 21372 36093 21372) (24.3642 s)
>> 2899 (15453: 1783 37791 1783) (24.325 s)
>> 2876 (21404: 15757 36887 15757) (24.3273 s)
>> 2919 (16408: 36882 36890 36882) (24.3245 s)
>> 2860 (10176: 35054 35065 35054) (24.3378 s)
>> 2840 (28589: 28574 28585 28574) (24.2791 s)
>> 2831 (34239: 33878 34234 33878) (24.2851 s)
>> 2814 (8793: 3881 24152 3881) (24.2767 s)
>> 2804 (34339: 34269 34323 34269) (24.4301 s)
>> 2803 (24711: 38615 38623 38615) (24.3513 s)
>> 3106 (17376: 38642 38689 38642) (24.3517 s)
>> 2802 (41083: 28835 28852 28835) (24.35 s)
>> 2789 (21959: 37235 37240 37235) (24.3346 s)
>> 2781 (36053: 36013 36046 36013) (24.3206 s)
>> 2772 (24097: 37876 38210 37876) (24.2678 s)
>> 2769 (3247: 34875 34900 34875) (24.2868 s)
>> 3748 (33966: 34904 34910 34904) (24.2981 s)
>> 2764 (2302: 29080 29220 29080) (24.2979 s)
>> 2754 (38962: 8630 29995 8630) (24.2362 s)
>> 2753 (7810: 38280 38304 38280) (24.2232 s)
>> 2741 (33272: 32586 32622 32586) (24.2151 s)
>> 2740 (6753: 30357 30363 30357) (24.2167 s)
>> 2736 (12856: 864 20122 864) (24.1722 s)
>> 2721 (29349: 29344 29352 29344) (24.1417 s)
>> 2720 (26072: 35506 35884 35506) (24.1546 s)
>> 2719 (26743: 26734 26747 26734) (24.1559 s)
>> 2706 (35049: 37782 37790 37782) (24.1841 s)
>> 2700 (39512: 32534 32850 32534) (24.1611 s)
>> 2691 (38318: 38311 38314 38311) (24.1331 s)
>> 2690 (5321: 28325 28356 28325) (24.1316 s)
>> 2688 (23309: 3542 23533 3542) (24.1654 s)
>> 2681 (12810: 19667 20024 19667) (24.1438 s)
>> 2676 (23350: 35393 36356 35393) (24.1778 s)
>> 2669 (20790: 1779 11580 1779) (24.1515 s)
>> 2669 (4779: 4780 37287 4780) (24.2421 s)
>> 2663 (11265: 19486 37992 19486) (24.1944 s)
>> 2658 (12308: 20384 20469 20384) (24.1687 s)
>> 2681 (19911: 11425 36320 11425) (24.1541 s)
>> 3252 (33046: 20124 27093 20124) (24.2148 s)
>> 2820 (32696: 20653 35992 20653) (24.1764 s)
>> 2656 (7487: 21199 21268 21199) (24.1492 s)
>> 2651 (6206: 28607 28613 28607) (24.1406 s)
>> 2645 (40116: 36252 36255 36252) (24.1162 s)
>> 3061 (13057: 2976 3313 2976) (24.1079 s)
>> 2643 (24304: 23847 24121 23847) (24.0708 s)
>> 2643 (5134: 38540 38542 38540) (24.0746 s)
>> 2640 (9128: 22161 36821 22161) (24.0921 s)
>> 2638 (7836: 29589 29622 29589) (24.0844 s)
>> 2629 (32670: 32232 32635 32232) (24.1123 s)
>> 2626 (31497: 31484 31492 31484) (24.0541 s)
>> 2621 (18662: 21320 35479 21320) (24.0527 s)
>> 2616 (34166: 34145 34155 34145) (24.0896 s)
>> 2615 (42006: 31814 31828 31814) (24.0737 s)
>> 2605 (1998: 26458 26476 26458) (24.049 s)
>> 2594 (8304: 27264 27269 27264) (24.0652 s)
>> 2593 (24349: 38561 38579 38561) (24.0662 s)
>> 2577 (5359: 37398 37425 37398) (24.0662 s)
>> 2571 (29429: 29410 29419 29410) (24.0376 s)
>> 2565 (23715: 37864 37925 37864) (24.0466 s)
>> 2558 (32750: 32747 32751 32747) (24.0609 s)
>> 2557 (28937: 28496 28895 28496) (24.0148 s)
>> 2542 (33721: 33718 33731 33718) (24.005 s)
>> 2539 (34472: 34424 34462 34424) (24.0314 s)
>> 2537 (14876: 13181 37139 13181) (23.9897 s)
>> 2535 (4547: 27755 27769 27755) (23.9968 s)
>> 2527 (17282: 38729 38741 38729) (24.0526 s)
>> 2507 (3046: 26998 27014 26998) (24.0506 s)
>> 2498 (42249: 32034 32439 32034) (24.0338 s)
>> 2493 (25108: 37436 37467 37436) (23.9801 s)
>> 2492 (41894: 33228 33581 33228) (23.9516 s)
>> 2486 (14984: 35917 36830 35917) (23.9622 s)
>> 4523 (7781: 29341 35721 29341) (24.037 s)
>> 2483 (30405: 18509 19154 18509) (23.9679 s)
>> 2474 (41842: 33182 33190 33182) (23.9568 s)
>> 2470 (29386: 28868 29382 28868) (23.9427 s)
>> 2468 (7792: 30495 30639 30495) (23.946 s)
>> 2464 (30329: 30256 30275 30256) (23.9919 s)
>> 2464 (35265: 35244 35260 35244) (23.8617 s)
>> 2459 (18769: 1367 35730 1367) (23.8508 s)
>> 2459 (6443: 38846 38850 38846) (23.9634 s)
>> 2452 (2372: 36416 36431 36416) (23.9049 s)
>> 2451 (15111: 33174 33218 33174) (23.8886 s)
>> 2444 (21257: 21894 35615 21894) (23.8658 s)
>> 2444 (28567: 28563 28883 28563) (23.8816 s)
>> 2437 (29483: 29230 29476 29230) (23.8596 s)
>> 2437 (36126: 37996 38002 37996) (23.9034 s)
>> 2425 (5251: 28127 28136 28127) (23.7901 s)
>> 2425 (7774: 29543 29560 29543) (23.7968 s)
>> 2414 (17145: 34617 35796 34617) (23.8171 s)
>> 2402 (36162: 19693 36171 19693) (23.8128 s)
>> 2397 (32811: 32803 32807 32803) (23.8022 s)
>> 2396 (6977: 28656 29141 28656) (23.7533 s)
>> 2379 (4796: 37297 37299 37297) (23.7027 s)
>> 2377 (30943: 30942 30953 30942) (23.6922 s)
>> 2377 (15678: 33210 33599 33210) (23.6604 s)
>> 2370 (20146: 35283 36339 35283) (23.6448 s)
>> 2641 (36043: 11923 36019 11923) (23.6967 s)
>> 2365 (2928: 22923 36442 22923) (23.7621 s)
>> 2359 (19901: 36279 36286 36279) (23.6928 s)
>> 2664 (36033: 36005 36018 36005) (23.6542 s)
>> 2351 (19265: 22848 35711 22848) (23.6127 s)
>> 2678 (18179: 35204 36468 35204) (23.6257 s)
>> 2337 (26316: 26278 26291 26278) (23.6329 s)
>> 2688 (26259: 26207 26251 26207) (23.7085 s)
>> 2337 (23492: 11964 31244 11964) (23.6508 s)
>> 2335 (26350: 38656 38663 38656) (23.6731 s)
>> 2871 (38674: 38650 38673 38650) (23.6118 s)
>> 2334 (2936: 19696 27177 19696) (23.6141 s)
>> 2327 (13640: 14275 32719 14275) (23.5449 s)
>> 2323 (28985: 28941 28976 28941) (23.5558 s)
>> 2322 (14459: 33089 33105 33089) (23.5474 s)
>> 2312 (17283: 10572 29367 10572) (23.5996 s)
>> 2308 (31749: 31742 31760 31742) (23.546 s)
>> 2302 (40136: 20317 31257 20317) (23.55 s)
>> 2293 (6867: 29034 29062 29034) (23.4643 s)
>> 2290 (27404: 13495 27403 13495) (23.4798 s)
>> 2288 (27197: 27025 27183 27025) (23.4125 s)
>> 2278 (27729: 27716 27732 27716) (23.4409 s)
>> 2271 (1826: 27322 27337 27322) (23.4514 s)
>> 2264 (16166: 38109 38257 38109) (23.4858 s)
>> 2258 (4252: 28192 28207 28192) (23.4733 s)
>> 2250 (19937: 3079 20436 3079) (23.4567 s)
>> 2243 (32083: 32047 32074 32047) (23.4569 s)
>> 2240 (14932: 38291 38556 38291) (23.3882 s)
>> 2236 (13678: 6068 26770 6068) (23.3924 s)
>> 2232 (20581: 37662 37779 37662) (23.3724 s)
>> 2220 (29273: 29271 29277 29271) (23.3311 s)
>> 2216 (32335: 32308 32316 32308) (23.3725 s)
>> 2207 (8076: 29728 29745 29728) (23.3063 s)
>> 2206 (2851: 37599 37609 37599) (23.349 s)
>> 2198 (26983: 22008 26980 22008) (23.3635 s)
>> 2196 (10424: 30723 30750 30723) (23.2435 s)
>> 2196 (12195: 31414 31435 31414) (23.2148 s)
>> 3557 (12180: 31377 31444 31377) (23.239 s)
>> 2180 (16455: 34050 34069 34050) (23.2711 s)
>> 2179 (42226: 32431 33537 32431) (23.222 s)
>> 2145 (10493: 30513 30543 30513) (23.2496 s)
>> 2140 (27427: 27417 27428 27417) (23.1627 s)
>> 2128 (17667: 11455 36310 11455) (23.1313 s)
>> 2118 (27623: 27615 27622 27615) (23.1504 s)
>> 2117 (12246: 31371 31659 31371) (23.1745 s)
>> 2115 (15116: 33572 33591 33572) (23.1221 s)
>> 2110 (18647: 37728 37740 37728) (23.0931 s)
>> 2105 (16617: 34169 34184 34169) (23.0575 s)
>> 2090 (33340: 32791 33337 32791) (23.0344 s)
>> 2086 (30677: 38600 38601 38600) (23.0077 s)
>> 2085 (36480: 23113 31044 23113) (23.0411 s)
>> 2085 (28447: 28415 28442 28415) (23.0449 s)
>> 2069 (8395: 29943 29948 29943) (23.078 s)
>> 2069 (38025: 35170 35173 35170) (23.0772 s)
>> 2066 (6702: 35626 35636 35626) (23.0164 s)
>> 2059 (10462: 35168 35176 35168) (23.0556 s)
>> 2047 (31147: 38582 38584 38582) (23.0257 s)
>> 2031 (23838: 23670 27187 23670) (22.982 s)
>> 2026 (1510: 3934 26583 3934) (22.9954 s)
>> 2019 (37934: 5891 11762 5891) (23.0263 s)
>> 2016 (33446: 33445 33456 33445) (23.0084 s)
>> 2014 (11584: 31158 31168 31158) (22.9951 s)
>> 2010 (33399: 32768 32774 32768) (22.9819 s)
>> 2008 (23601: 23249 23797 23249) (22.9613 s)
>> 1998 (31078: 31073 31076 31073) (22.9128 s)
>> 1988 (35909: 35530 35865 35530) (22.9071 s)
>> 1971 (23825: 23708 27327 23708) (22.8889 s)
>> 1969 (3713: 28365 28377 28365) (22.8511 s)
>> 1959 (2321: 27254 27275 27254) (22.8387 s)
>> 1959 (31217: 31213 31218 31213) (22.8673 s)
>> 1942 (29884: 29875 29879 29875) (22.8023 s)
>> 1933 (31345: 31331 31346 31331) (22.806 s)
>> 1933 (31614: 31595 31609 31595) (22.7774 s)
>> 1932 (20843: 10640 36078 10640) (22.7748 s)
>> 1930 (4990: 27964 27971 27964) (22.7373 s)
>> 2647 (28270: 28265 28267 28265) (22.7459 s)
>> 1924 (4350: 33562 39029 33562) (22.6992 s)
>> 2736 (25544: 12439 39008 12439) (22.729 s)
>> 1922 (24054: 38165 38189 38165) (22.7054 s)
>> 1914 (19245: 36098 36147 36098) (22.7016 s)
>> 1910 (20426: 2830 2944 2830) (22.6852 s)
>> 1901 (3459: 37552 37563 37552) (22.6578 s)
>> 1884 (19178: 34780 36937 34780) (22.6561 s)
>> 1850 (1150: 22287 22547 22287) (22.6223 s)
>> 1845 (14754: 5342 37086 5342) (22.5932 s)
>> 1842 (2911: 35150 36510 35150) (22.5787 s)
>> 1824 (7644: 17320 33260 17320) (22.5801 s)
>> 1797 (2933: 24273 26921 24273) (22.5622 s)
>> 1780 (4782: 27891 27904 27891) (22.5433 s)
>> 1778 (7887: 38044 38059 38044) (22.5309 s)
>> 1829 (3684: 27371 27388 27371) (22.5326 s)
>> 1775 (29505: 29504 29513 29504) (22.5243 s)
>> 1770 (17134: 11270 20830 11270) (22.5087 s)
>> 1761 (3656: 27365 27381 27365) (22.4492 s)
>> 2468 (11125: 367 27293 367) (22.4713 s)
>> 1761 (24441: 38391 38424 38391) (22.4623 s)
>> 1757 (24340: 38361 38363 38361) (22.447 s)
>> 1751 (11569: 27312 35076 27312) (22.4384 s)
>> 1744 (34648: 34362 34435 34362) (22.4504 s)
>> 1744 (38435: 38434 38439 38434) (22.4618 s)
>> 1734 (11490: 22962 34942 22962) (23.4525 s)
>> 1730 (39501: 5829 36944 5829) (28.4582 s)
>> 2174 (37026: 37010 37022 37010) (28.3067 s)
>> 1728 (12488: 29982 31553 29982) (28.389 s)
>> 1708 (33149: 33147 33158 33147) (28.7999 s)
>> 1697 (1789: 26335 26713 26335) (26.5452 s)
>> 1689 (37651: 23752 26994 23752) (26.5478 s)
>> 1683 (8510: 30022 30090 30022) (26.5439 s)
>> 1676 (36401: 24199 27364 24199) (26.523 s)
>> 1672 (7147: 26957 26965 26957) (26.4992 s)
>> 1632 (10378: 30650 30689 30650) (26.4788 s)
>> 1952 (30748: 30684 30733 30684) (26.4588 s)
>> 1625 (34504: 34040 34497 34040) (26.4289 s)
>> 2046 (34474: 33980 34469 33980) (26.4184 s)
>> 1621 (33757: 33711 33751 33711) (26.3909 s)
>> 1616 (4423: 29523 29533 29523) (26.3613 s)
>> 1604 (20093: 27042 34899 27042) (26.3172 s)
>> 1602 (30170: 30148 30165 30148) (26.3103 s)
>> 1601 (9735: 38376 38508 38376) (26.2883 s)
>> 1583 (37655: 37637 37653 37637) (26.2859 s)
>> 1580 (12561: 31643 31650 31643) (26.2891 s)
>> 1578 (37422: 37413 37415 37413) (26.2715 s)
>> 1568 (7798: 38254 38260 38254) (26.2645 s)
>> 1561 (31778: 31750 31776 31750) (26.2553 s)
>> 1543 (13872: 35579 35584 35579) (26.2298 s)
>> 1538 (27787: 27759 27785 27759) (26.2164 s)
>> 1533 (30878: 30760 30869 30760) (26.2116 s)
>> 1533 (41191: 32139 32159 32139) (26.1743 s)
>> 1529 (26143: 26140 34744 26140) (26.151 s)
>> 1526 (33571: 32024 33555 32024) (26.1411 s)
>> 1525 (7895: 8131 27302 8131) (26.0946 s)
>> 1523 (38432: 38410 38429 38410) (26.0998 s)
>> 1522 (1919: 27599 28920 27599) (26.0981 s)
>> 1514 (40853: 34014 34372 34014) (26.0713 s)
>> 1496 (34972: 34970 34971 34970) (26.0649 s)
>> 1489 (28968: 28948 28962 28948) (26.0614 s)
>> 1895 (6957: 29054 29137 29054) (26.0189 s)
>> 1466 (35003: 34999 35002 34999) (26.0009 s)
>> 2040 (18395: 35205 35331 35205) (26.0098 s)
>> 2552 (25050: 3824 35186 3824) (25.9841 s)
>> 1464 (30583: 35007 35013 35007) (25.9876 s)
>> 1453 (36052: 36012 36534 36012) (25.9766 s)
>> 1439 (2455: 35270 35277 35270) (25.943 s)
>> 1436 (36330: 19275 36315 19275) (25.9445 s)
>> 1436 (30399: 29370 30392 29370) (25.9196 s)
>> 1405 (20762: 18653 37714 18653) (25.9004 s)
>> 1398 (6721: 38843 38854 38843) (25.8992 s)
>> 1394 (38827: 38820 38828 38820) (25.8734 s)
>> 1387 (5306: 37075 37080 37075) (25.8551 s)
>> 1372 (11548: 891 35564 891) (25.8578 s)
>> 1361 (4736: 32982 37146 32982) (25.8149 s)
>> 1817 (37270: 13025 37264 13025) (25.8071 s)
>> 1605 (4802: 37167 37302 37167) (25.7832 s)
>> 1349 (11307: 31003 31010 31003) (25.7719 s)
>> 1344 (12720: 6400 14255 6400) (25.7515 s)
>> 1336 (3952: 14980 38463 14980) (25.7506 s)
>> 1317 (10014: 27008 27190 27008) (25.701 s)
>> 1308 (16652: 34240 34271 34240) (25.6621 s)
>> 1291 (23515: 17977 37824 17977) (25.6449 s)
>> 1284 (34573: 34550 34569 34550) (25.6415 s)
>> 1279 (32275: 32242 32270 32242) (25.6641 s)
>> 1274 (3315: 27168 27194 27168) (25.613 s)
>> 1249 (38221: 29894 38219 29894) (25.5557 s)
>> 1243 (30084: 29997 30083 29997) (25.546 s)
>> 1235 (27815: 27804 27810 27804) (25.5151 s)
>> 1228 (42157: 27867 27917 27867) (25.48 s)
>> 1212 (7831: 29567 29606 29567) (25.4773 s)
>> 1198 (28825: 28808 28817 28808) (25.4714 s)
>> 1196 (206: 38243 38250 38243) (25.4528 s)
>> 1193 (28526: 28484 28520 28484) (25.4674 s)
>> 1193 (33826: 33823 33829 33823) (25.4243 s)
>> 1179 (9027: 30830 37546 30830) (25.4048 s)
>> 1176 (8757: 37536 37543 37536) (25.4259 s)
>> 1167 (31276: 28872 30456 28872) (25.4094 s)
>> 1163 (29485: 29237 29482 29237) (25.3914 s)
>> 1162 (28314: 28307 28319 28307) (25.3756 s)
>> 1776 (5698: 28332 28340 28332) (25.349 s)
>> 1160 (41112: 31272 31282 31272) (25.3177 s)
>> 1159 (34881: 31020 34878 31020) (25.2884 s)
>> 1118 (13826: 32394 32406 32394) (25.2931 s)
>> 1118 (31542: 31511 31535 31511) (25.2857 s)
>> 1114 (41168: 31624 32182 31624) (25.2604 s)
>> 1098 (20440: 3207 36298 3207) (25.2125 s)
>> 1090 (1011: 26439 26482 26439) (25.1946 s)
>> 1237 (1897: 26420 30367 26420) (25.1667 s)
>> 1089 (9669: 30419 30449 30419) (25.1055 s)
>> 1232 (30632: 30625 40691 30625) (25.0891 s)
>> 1078 (30950: 36026 36328 36026) (25.1001 s)
>> 1078 (37435: 37434 37447 37434) (25.0988 s)
>> 1606 (2314: 29216 37458 29216) (25.0521 s)
>> 1071 (7503: 8350 38347 8350) (25.0626 s)
>> 1060 (5950: 28430 28470 28430) (24.9862 s)
>> 1038 (28735: 28729 28737 28729) (24.9896 s)
>> 1036 (19705: 37667 37675 37667) (24.9774 s)
>> 1035 (27708: 27707 27744 27707) (24.9644 s)
>> 1908 (24515: 27845 27854 27845) (24.9916 s)
>> 1032 (36625: 27475 36617 27475) (24.9432 s)
>> 1018 (36879: 11120 38116 11120) (24.9405 s)
>> 971 (19691: 3607 23802 3607) (24.9209 s)
>> 948 (16628: 34192 34211 34192) (24.9194 s)
>> 1469 (34698: 34688 34711 34688) (24.919 s)
>> 947 (18781: 35552 35578 35552) (24.9151 s)
>> 931 (737: 33058 33075 33058) (24.9194 s)
>> 922 (34920: 30983 34917 30983) (24.8718 s)
>> 902 (35469: 35462 35471 35462) (24.8446 s)
>> 877 (27102: 20152 20623 20152) (24.8174 s)
>> 874 (12739: 35966 35976 35966) (24.7738 s)
>> 873 (16469: 34076 34085 34076) (24.7585 s)
>> 872 (6060: 28530 28539 28530) (24.7555 s)
>> 866 (3525: 23735 24064 23735) (24.7129 s)
>> 866 (5191: 29777 29787 29777) (24.6662 s)
>> 864 (26765: 26754 26760 26754) (24.6514 s)
>> 847 (36639: 23910 36570 23910) (24.6166 s)
>> 843 (32108: 32085 32104 32085) (24.5961 s)
>> 836 (17530: 9641 38325 9641) (24.5773 s)
>> 835 (37566: 36963 37489 36963) (24.5607 s)
>> 827 (35224: 24589 34994 24589) (24.5657 s)
>> 822 (9294: 30304 30337 30304) (24.5425 s)
>> 819 (22653: 37348 37358 37348) (24.533 s)
>> 813 (37041: 2105 37522 2105) (24.5021 s)
>> 812 (4440: 27669 27690 27669) (24.4952 s)
>> 808 (990: 38079 38083 38079) (24.4486 s)
>> 798 (38942: 38937 38941 38937) (24.4389 s)
>> 790 (36089: 36086 36108 36086) (24.4471 s)
>> 788 (10643: 30841 30857 30841) (24.4153 s)
>> 753 (1557: 8409 27386 8409) (24.4104 s)
>> 751 (9054: 26868 26880 26868) (24.4122 s)
>> 750 (35668: 22490 35644 22490) (24.3465 s)
>> 720 (20556: 24569 36626 24569) (24.3048 s)
>> 709 (24672: 9551 26810 9551) (24.2488 s)
>> 692 (39510: 32546 32558 32546) (24.2319 s)
>> 682 (14338: 32625 32700 32625) (24.2011 s)
>> 665 (20620: 36640 36696 36640) (24.2039 s)
>> 559 (23692: 1223 19001 1223) (24.1926 s)
>> 523 (4419: 29578 29630 29578) (24.1931 s)
>> 465 (35998: 21148 35993 21148) (24.1225 s)
>> 1636 (20042: 35986 36268 35986) (24.1133 s)
>> 445 (9677: 38340 38345 38340) (24.1034 s)
>> 444 (27120: 1820 27119 1820) (24.1126 s)
>> 432 (15782: 33666 33691 33666) (24.0938 s)
>> 428 (24597: 27308 31065 27308) (24.049 s)
>> 1796 (10515: 35132 35164 35132) (24.0092 s)
>> 425 (13722: 36896 36901 36896) (24.0047 s)
>> 414 (4717: 27831 27875 27831) (24.0066 s)
>> 412 (12341: 31452 31458 31452) (23.9524 s)
>> 397 (17575: 13569 38393 13569) (23.9592 s)
>> 520 (38149: 38130 38148 38130) (23.9409 s)
>> 392 (35377: 18600 35370 18600) (23.9583 s)
>> 392 (13195: 5773 13003 5773) (23.9089 s)
>> 385 (3873: 12148 27434 12148) (23.916 s)
>> 319 (3065: 11509 36235 11509) (23.8999 s)
>> 314 (16231: 38066 38069 38066) (23.8695 s)
>> 297 (32554: 32517 32553 32517) (23.8466 s)
>> 437 (14644: 32916 32944 32916) (23.8605 s)
>> 286 (7525: 29438 29450 29438) (23.8423 s)
>> 205 (30952: 30930 30949 30930) (23.8169 s)
>> 201 (1532: 26529 26633 26529) (23.8177 s)
>> 139 (881: 36160 36666 36160) (23.8117 s)
>> 133 (26072: 25898 35500 25898) (23.7803 s)
>> 121 (15993: 33778 35511 33778) (23.7577 s)
>> 111 (36728: 25414 36727 25414) (23.7225 s)
>> 78 (35791: 35784 35803 35784) (23.7328 s)
>> 70 (18026: 31024 35103 31024) (23.7147 s)
>> 68 (29114: 28901 29106 28901) (23.7058 s)
>> 63 (6985: 29195 29209 29195) (23.7091 s)
>> 53 (3236: 33370 33375 33370) (23.6804 s)
>> 53 (20655: 19697 35210 19697) (23.6566 s)
>> 38 (20591: 9560 36770 9560) (23.6339 s)
>> 33 (27088: 20027 27224 20027) (23.6283 s)
>> 13 (16118: 27531 27534 27531) (23.6321 s)
>> 8 (21428: 31884 31907 31884) (23.5945 s)
>> 0 (-1: -1 -1 -1) (23.5697 s)
Zelikovsky 22617.4 s
>> 34227 (25885: 39052 13318 4814) (1968.78 s)
>> 33393 (804: 26386 26734 26695) (1902.99 s)
>> 9898 (10081: 6298 30573 6411) (1964.52 s)
>> 8455 (9830: 16479 30808 7773) (1792.29 s)
>> 7402 (6080: 29462 29468 29432) (1958.73 s)
>> 7242 (9227: 30332 30558 30291) (1889.47 s)
>> 7185 (15685: 36977 36990 36982) (1946.89 s)
>> 7104 (2814: 9142 29937 29918) (1829.38 s)
>> 7036 (21596: 36921 38922 36925) (1942.97 s)
>> 6314 (17223: 38212 38296 38200) (1878.16 s)
>> 6242 (723: 26396 26408 26386) (1937.63 s)
>> 6228 (4066: 27498 27516 12554) (1773.73 s)
>> 6173 (39232: 31331 31309 31298) (1936.18 s)
>> 6109 (39532: 37014 37022 36977) (1866.66 s)
>> 6105 (8605: 30061 30113 30057) (1927.37 s)
>> 5932 (12785: 31718 31731 31699) (1806.06 s)
>> 5904 (39786: 38725 38678 38495) (1921.87 s)
>> 5885 (30267: 30268 30262 30246) (1856.97 s)
>> 5866 (21818: 37057 37043 37017) (1913.68 s)
>> 5863 (39493: 31875 31918 31870) (1747.93 s)
>> 5857 (21341: 33144 36890 36874) (1913.03 s)
>> 5849 (30696: 31033 31065 30977) (1846.67 s)
>> 5837 (30616: 30618 30612 30602) (1901.06 s)
>> 5818 (19330: 30309 30337 30332) (1786.66 s)
>> 5753 (33645: 35737 36487 20717) (1902.7 s)
>> 5686 (34510: 34497 34417 33995) (1836.02 s)
>> 5663 (22348: 37244 37259 32964) (1902.21 s)
>> 5645 (8730: 30091 30122 30075) (1732.26 s)
>> 5612 (10723: 26466 36845 26454) (1887.91 s)
>> 5603 (19047: 38807 38811 37027) (1825.68 s)
>> 5480 (39228: 31740 31718 31258) (1891.41 s)
>> 5377 (10042: 30568 30559 6298) (1770.29 s)
>> 5301 (27143: 27136 27122 24306) (1886.93 s)
>> 5262 (19389: 35831 35845 35839) (1816.7 s)
>> 5159 (39341: 4529 39052 39029) (1880.43 s)
>> 5112 (14397: 33110 33094 33070) (1713.03 s)
>> 5107 (18302: 1059 35301 26429) (1878.33 s)
>> 5052 (16482: 594 34119 34108) (1809.61 s)
>> 5026 (18026: 35116 35109 31053) (1869.85 s)
>> 5011 (33818: 33811 33796 33311) (1758.33 s)
>> 4931 (11193: 31177 31227 31145) (1870.71 s)
>> 4925 (5651: 28395 28774 28403) (1809.51 s)
>> 4902 (4225: 27592 27562 27544) (1869.37 s)
>> 4889 (409: 19277 27091 27053) (1703.65 s)
>> 4864 (30224: 30218 30182 30171) (1857.21 s)
>> 4863 (26574: 26570 26591 26466) (1802.9 s)
>> 4856 (459: 26324 26660 26650) (1876.92 s)
>> 4856 (35529: 33357 35520 33769) (1778.54 s)
>> 4819 (295: 26396 26356 26299) (2060.94 s)
>> 4816 (19211: 19231 35917 29960) (1981.39 s)
>> 4812 (6371: 29277 28683 28661) (2035.52 s)
>> 4767 (8192: 27257 27302 27230) (1810.29 s)
>> 4764 (31977: 31875 31993 31966) (2023.75 s)
>> 4737 (26550: 19744 26539 22897) (1940.3 s)
>> 4736 (16393: 38014 38066 38049) (2017.64 s)
>> 4729 (38991: 38989 39000 13370) (1863.22 s)
>> 4709 (19991: 27215 27115 26985) (2011.12 s)
>> 4703 (21802: 37152 37139 37127) (1935.25 s)
>> 4696 (32254: 32250 32270 32263) (2007.2 s)
>> 4669 (29771: 29762 29777 29751) (1772.97 s)
>> 4642 (11605: 35069 31113 31090) (2004.35 s)
>> 4731 (17886: 35069 35347 22108) (1799.08 s)
>> 4625 (39566: 34288 34727 34327) (1629.64 s)
>> 4616 (1942: 36921 26770 5971) (1551.64 s)
>> 4609 (32761: 38480 38465 38459) (1700.06 s)
>> 5456 (27404: 27434 38480 27403) (1772.06 s)
>> 4593 (32509: 32503 32534 31875) (1894.19 s)
>> 4592 (39595: 36739 36762 36745) (1542.09 s)
>> 4584 (12249: 31371 31740 31368) (1654.3 s)
>> 4576 (4065: 31177 33344 31182) (1630.16 s)
>> 4565 (4935: 27948 27999 27955) (1667.54 s)
>> 4564 (7348: 29324 29344 29305) (1594.17 s)
>> 4559 (39237: 28669 29102 29010) (1663.79 s)
>> 4537 (35905: 35903 35876 35530) (1621.26 s)
>> 4534 (32403: 32503 32402 32389) (1645.09 s)
>> 4530 (37375: 25371 37406 37368) (1510.78 s)
>> 4524 (39231: 30503 30513 30486) (1631.83 s)
>> 4511 (23641: 37916 37937 37907) (1591.59 s)
>> 4506 (35902: 35891 35911 35903) (1644.32 s)
>> 4503 (6060: 28539 28545 28537) (1547.64 s)
>> 4461 (40081: 11559 31254 31250) (1820.15 s)
>> 4438 (35421: 35686 35405 2739) (1795.04 s)
>> 4427 (8013: 29685 29709 29698) (1849.99 s)
>> 4406 (30964: 25890 30970 30954) (1693.49 s)
>> 4398 (2155: 14626 36856 6184) (1848.43 s)
>> 4394 (17588: 34809 34839 34702) (1784.13 s)
>> 4694 (17323: 34720 34809 34288) (1844.04 s)
>> 4378 (27223: 34965 35116 34974) (1730.52 s)
>> 4375 (23551: 38089 38104 38098) (1841.13 s)
>> 4367 (13825: 32127 32503 32406) (1776.69 s)
>> 4349 (12918: 31809 32127 31767) (1841.95 s)
>> 4338 (15503: 30568 30385 30309) (1680.64 s)
>> 4304 (2611: 9142 26875 9521) (1834.35 s)
>> 4292 (34074: 34069 33789 33615) (1771.95 s)
>> 4291 (2486: 24766 9866 3834) (1833.9 s)
>> 4277 (26205: 26219 26260 26194) (1720.35 s)
>> 4265 (24112: 37916 38233 10353) (1833.76 s)
>> 4263 (16816: 34452 34488 34029) (1766.27 s)
>> 4260 (32484: 32382 32476 32416) (1827.34 s)
>> 4229 (42571: 32835 32916 32862) (1668.18 s)
>> 4918 (32356: 32338 32835 32353) (1824.77 s)
>> 4220 (27977: 27971 30091 27948) (1761.46 s)
>> 4218 (33222: 37010 37057 37014) (1818.49 s)
>> 4201 (21746: 37010 37160 37152) (1982.58 s)
>> 4181 (279: 26183 26164 26151) (2921.61 s)
>> 4168 (4802: 37305 37206 37175) (2592.13 s)
>> 4151 (6795: 29046 29013 29004) (3250.49 s)
>> 4141 (11434: 34875 31014 30996) (3095.49 s)
>> 4105 (13722: 33144 38807 36901) (2969.09 s)
>> 4056 (28849: 28798 28868 28844) (1686.89 s)
>> 4043 (37249: 37250 37247 37244) (1891.2 s)
>> 4021 (22901: 4172 37546 4194) (1607.79 s)
>> 4001 (37332: 37326 38877 37336) (1707.95 s)
>> 3997 (39536: 33512 33481 33318) (1684.27 s)
>> 3994 (13619: 31371 32316 32291) (1589.91 s)
>> 3992 (15299: 33512 33488 32720) (1376.85 s)
>> 3990 (30408: 27428 38014 27407) (1536.28 s)
>> 3987 (16948: 36958 38850 37002) (1706.57 s)
>> 3979 (32004: 32496 32000 31809) (1880.16 s)
>> 3976 (15810: 33701 33681 33672) (1960.9 s)
>> 3967 (15585: 34069 33811 33785) (1375.02 s)
>> 3955 (3386: 37779 37676 37671) (1411.96 s)
>> 3955 (37973: 37959 37976 37968) (2112.23 s)
>> 4103 (3910: 37381 37989 37959) (1809.5 s)
>> 3954 (4602: 27777 30090 30007) (1460.73 s)
>> 3938 (13726: 32360 32343 32338) (1670.65 s)
>> 3931 (34204: 34227 34269 34197) (1703.29 s)
>> 3922 (8324: 29891 29902 29632) (1986.23 s)
>> 3914 (1088: 20515 36425 36413) (1427.3 s)
>> 3910 (28259: 28251 28238 27971) (1289.48 s)
>> 3908 (12648: 32198 32224 32168) (1546.6 s)
>> 3901 (36919: 36921 31902 13003) (1467.25 s)
>> 3891 (18274: 18003 35292 2568) (1554.31 s)
>> 3876 (14464: 38141 38148 38136) (1523.61 s)
>> 3861 (5369: 37235 37185 37178) (1409.99 s)
>> 3850 (2176: 35317 35593 24685) (1266.83 s)
>> 3835 (11569: 35086 35069 34965) (1303.08 s)
>> 3829 (19033: 36133 36128 36112) (1283.03 s)
>> 3820 (11084: 37955 38009 37946) (1300.79 s)
>> 3814 (14192: 32732 32751 32726) (1258.39 s)
>> 3803 (1451: 26575 26583 26566) (2280.82 s)
>> 3799 (18979: 37916 37805 37323) (1965.59 s)
>> 3796 (35575: 35574 35579 35558) (1483.85 s)
>> 3789 (2370: 27021 24452 24009) (1453.24 s)
>> 3785 (28338: 28336 28365 28295) (1516.62 s)
>> 3772 (2107: 36921 38927 38913) (1496.88 s)
>> 3768 (2557: 37839 37859 36076) (1529.25 s)
>> 3756 (1789: 26725 26713 26324) (1405.11 s)
>> 3724 (8274: 36093 36061 2200) (1489.59 s)
>> 3851 (36043: 11923 36093 36019) (1857.85 s)
>> 3708 (7328: 38521 38741 38528) (1796.28 s)
>> 3703 (37726: 37722 37822 37724) (1653.77 s)
>> 3700 (6887: 29095 29073 28644) (1789.29 s)
>> 3699 (14124: 32610 32602 32250) (1715.16 s)
>> 3684 (14291: 33512 32679 32360) (1785.04 s)
>> 3679 (6961: 38638 38632 16587) (1606.9 s)
>> 3670 (26078: 28055 28090 28080) (1786.6 s)
>> 3667 (14786: 32944 32939 32928) (1713.48 s)
>> 3649 (26277: 26273 26396 26376) (1788.26 s)
>> 3643 (972: 2103 26570 25251) (1643.86 s)
>> 3637 (5562: 28282 28459 28287) (1777.12 s)
>> 3626 (26295: 26273 26319 26291) (1706.75 s)
>> 4136 (5633: 2103 26529 26273) (1777.43 s)
>> 3622 (30710: 30641 30879 30705) (1604.94 s)
>> 3609 (17642: 34738 34720 26133) (1786.39 s)
>> 3608 (25586: 32473 4529 4387) (1705.87 s)
>> 3600 (27472: 27485 27479 27470) (1779.58 s)
>> 3598 (7209: 29247 29324 29262) (1652.37 s)
>> 3594 (42103: 32991 33014 32944) (1777.49 s)
>> 3587 (34135: 594 34136 34127) (1696.62 s)
>> 3586 (5709: 36921 38906 38903) (1763.1 s)
>> 3585 (34694: 35728 35737 35711) (1582.62 s)
>> 3578 (17010: 34550 34589 34569) (1756.6 s)
>> 3575 (12681: 31665 31659 31371) (1683.4 s)
>> 3566 (17155: 34621 35803 34628) (1750.72 s)
>> 3565 (5139: 30639 30684 30618) (1619.39 s)
>> 3550 (6435: 27586 27576 51) (1744.03 s)
>> 3547 (28153: 28073 28143 28136) (1673.7 s)
>> 3540 (14297: 32693 33512 32710) (1742.86 s)
>> 3539 (37118: 5649 33144 15180) (1562.7 s)
>> 3526 (17494: 34754 34791 34738) (1736.85 s)
>> 3523 (2919: 37481 37653 37594) (1662.47 s)
>> 3521 (33438: 33454 33427 33403) (1730.25 s)
>> 3511 (20957: 26433 36813 36799) (1609.95 s)
>> 3510 (25891: 31168 35086 31202) (1733.72 s)
>> 3491 (33340: 33337 32757 31177) (1665.31 s)
>> 3446 (22820: 37334 37531 37319) (1729.32 s)
>> 3433 (19913: 20019 36666 36208) (1548.92 s)
>> 3429 (16116: 31347 38689 38610) (1727.77 s)
>> 3419 (37695: 27215 37692 37685) (1644.89 s)
>> 3417 (16294: 38280 38194 37916) (1710.61 s)
>> 3417 (16328: 594 34076 33958) (1578.98 s)
>> 3416 (36190: 19595 20436 18185) (1706.09 s)
>> 3409 (8981: 14626 36921 36911) (1616.74 s)
>> 3357 (10208: 16479 30857 30568) (1434.71 s)
>> 3353 (13054: 36212 36546 2971) (1347.18 s)
>> 3353 (20445: 20359 36013 17807) (1430.76 s)
>> 3348 (27618: 28336 27622 27615) (1392.07 s)
>> 3337 (19220: 35763 35771 35757) (1770.37 s)
>> 3326 (13404: 32057 32496 32066) (1654.9 s)
>> 3303 (34668: 594 34662 34649) (1784.03 s)
>> 3281 (37953: 27428 37962 37951) (1664.66 s)
>> 3273 (16343: 33991 34513 34478) (1700.1 s)
>> 3266 (17286: 38383 38393 33096) (1524.8 s)
>> 3263 (11977: 35270 18003 11559) (1697.42 s)
>> 3257 (34698: 34754 34711 34688) (1620.99 s)
>> 3238 (5455: 28265 28251 28219) (1688.71 s)
>> 3232 (6835: 28669 34781 14626) (1557.31 s)
>> 3231 (29407: 29247 29401 29390) (1688.51 s)
>> 3227 (2302: 29046 29237 29220) (2109.19 s)
>> 3227 (20795: 36739 36752 26044) (2300.85 s)
>> 3223 (35286: 37844 37839 37769) (2086.36 s)
>> 3213 (6433: 35597 35660 35653) (2282.68 s)
>> 3209 (10529: 30641 30884 30776) (2292.15 s)
>> 3205 (40236: 33654 33666 33139) (2295.8 s)
>> 3182 (24348: 38561 38584 38548) (1951.02 s)
>> 3176 (14443: 33417 33440 33357) (1961.34 s)
>> 3175 (4945: 29817 29787 29762) (1715.02 s)
>> 3157 (24: 34754 34802 26113) (1784.71 s)
>> 3157 (30924: 30894 30918 30890) (1605.58 s)
>> 3145 (29736: 29665 29733 29685) (1782.34 s)
>> 3143 (42057: 31776 31750 27837) (1719.53 s)
>> 3127 (26983: 29665 26980 22008) (1755.24 s)
>> 3124 (36531: 36534 36212 18109) (1610.57 s)
>> 3123 (14758: 12984 37228 37204) (1728.09 s)
>> 3122 (11924: 35686 35385 31234) (1649.65 s)
>> 3117 (5815: 28410 29141 29095) (1719.69 s)
>> 3117 (24432: 35317 35331 10712) (1543.97 s)
>> 3091 (17271: 38391 38383 38380) (1723.4 s)
>> 3256 (24441: 38391 38429 38424) (1652.61 s)
>> 3090 (36932: 36929 36933 5829) (1728.14 s)
>> 3089 (15677: 33599 34069 33603) (1599.34 s)
>> 3189 (15113: 33591 33599 33174) (1719.24 s)
>> 3086 (7498: 29817 29462 29450) (1645.19 s)
>> 3082 (31420: 31414 31383 31373) (1706.86 s)
>> 3076 (2869: 36012 35152 23033) (1536.89 s)
>> 3076 (9443: 33562 15630 13353) (1703.76 s)
>> 3061 (23430: 35393 23572 23282) (1576.5 s)
>> 3058 (33097: 5887 38333 38291) (1622.41 s)
>> 3033 (34563: 34556 34621 34561) (1500.53 s)
>> 3027 (32969: 32965 33701 32952) (1619.64 s)
>> 3026 (31507: 31553 31500 30043) (1542.03 s)
>> 2992 (22518: 38971 38983 38976) (1574.5 s)
>> 2991 (41938: 28154 28073 28061) (1404.6 s)
>> 3129 (5319: 28325 28356 28154) (1562.51 s)
>> 2976 (33894: 33886 34314 33878) (1542.07 s)
>> 2969 (8572: 26604 26575 2103) (1697.08 s)
>> 2959 (20902: 24134 36778 21030) (1588.31 s)
>> 2955 (16315: 33971 594 33718) (1713.5 s)
>> 2951 (30455: 30449 30503 30495) (1765.15 s)
>> 2947 (35258: 18885 35730 18893) (1413.75 s)
>> 2936 (6358: 28760 28771 28749) (1051.92 s)
>> 2919 (28630: 28629 28410 28596) (1051.97 s)
>> 2909 (14348: 32725 32800 32693) (1038.29 s)
>> 2906 (33946: 33939 33933 33919) (1049.71 s)
>> 2900 (5355: 29567 29529 29497) (1027.76 s)
>> 2890 (3656: 27365 38022 27257) (1188.63 s)
>> 2881 (4625: 28336 27827 27777) (1197.92 s)
>> 2881 (31852: 31838 32057 31846) (1221.31 s)
>> 2859 (15777: 12984 37223 37010) (1129.47 s)
>> 2855 (33048: 38189 38165 38155) (1201.68 s)
>> 2964 (23960: 38129 38189 38125) (1168.44 s)
>> 2853 (11356: 31168 35137 19166) (1273.54 s)
>> 2850 (9079: 30268 27498 16479) (1236.36 s)
>> 2848 (6377: 28703 28696 28690) (1248.33 s)
>> 2846 (12467: 31582 31553 31518) (1251.94 s)
>> 2836 (32656: 32635 32725 32651) (1219.03 s)
>> 2938 (12949: 32610 32635 32207) (1126.82 s)
>> 2813 (4139: 27592 27534 27522) (1191.48 s)
>> 2918 (20372: 26799 28669 27592) (1160.77 s)
>> 2812 (26815: 35778 35763 35574) (1630.86 s)
>> 2802 (41083: 28860 28852 28835) (1591.54 s)
>> 2790 (23309: 3542 36383 20359) (1707.7 s)
>> 2785 (8793: 35393 24199 3881) (1640.29 s)
>> 2783 (2621: 35686 35426 35411) (1703.76 s)
>> 2772 (24097: 38219 38210 37876) (1541.09 s)
>> 2771 (31641: 31631 32198 31624) (1699.13 s)
>> 2767 (5586: 28539 28506 28477) (1633.73 s)
>> 2757 (6073: 28539 28901 28890) (1696.71 s)
>> 2738 (34062: 34058 33636 33591) (1576.09 s)
>> 2727 (37994: 38006 37992 27365) (1698.65 s)
>> 2719 (26743: 26744 26747 26604) (1626.78 s)
>> 2700 (26895: 26885 9551 9142) (1693.46 s)
>> 2699 (24434: 37481 37489 4172) (1530.72 s)
>> 2695 (7825: 38561 38503 38365) (1690.8 s)
>> 2693 (33850: 33838 33886 33847) (1617.46 s)
>> 2691 (34598: 34556 36147 34596) (1683.46 s)
>> 2673 (12341: 31331 31458 31388) (1562.64 s)
>> 2669 (4779: 4780 37305 37287) (1680.6 s)
>> 2657 (31153: 31150 33337 31100) (1612.75 s)
>> 2654 (12348: 31631 31650 31643) (1679.03 s)
>> 2648 (16147: 38663 38725 38709) (1517.32 s)
>> 2640 (9128: 22161 36825 36821) (1672.63 s)
>> 2638 (7836: 29562 29622 29589) (1602.67 s)
>> 2630 (37296: 37293 37276 4780) (1667.09 s)
>> 2626 (35049: 37782 36612 37790) (1548.03 s)
>> 2622 (39455: 31484 31582 31475) (1697.94 s)
>> 2614 (21902: 12984 37066 37061) (1597.45 s)
>> 2612 (14429: 35891 36133 34556) (1660.76 s)
>> 2612 (29483: 29482 29817 29230) (1453.45 s)
>> 2609 (10388: 30714 30641 30639) (1570.57 s)
>> 2607 (31765: 31665 31776 31760) (1419.61 s)
>> 2606 (38730: 38642 38729 38521) (1462.89 s)
>> 2588 (30170: 30165 30218 30148) (1375.29 s)
>> 2581 (30939: 30949 31150 30930) (1458.82 s)
>> 2577 (31576: 31838 31595 31575) (1506.17 s)
>> 2572 (35477: 35479 35471 31168) (2053.65 s)
>> 2571 (29429: 29410 30401 29419) (2077.16 s)
>> 2559 (14391: 33110 33243 33118) (2215.23 s)
>> 2558 (17652: 34862 34754 26183) (1757.77 s)
>> 2552 (6554: 29247 29277 28796) (1862.14 s)
>> 2550 (32989: 32965 32991 32983) (2134.1 s)
>> 2539 (21560: 37481 37522 37517) (1586.52 s)
>> 2530 (15451: 27434 38463 26403) (1742.51 s)
>> 2524 (29125: 29123 29166 29151) (2294.58 s)
>> 2520 (30845: 30841 30849 30831) (2337.07 s)
>> 2513 (16020: 27264 38006 27254) (2208.73 s)
>> 2508 (6741: 28948 28962 28895) (2570.59 s)
>> 2506 (15285: 32610 33301 33287) (2441.15 s)
>> 2495 (2073: 35462 21268 21199) (2352.11 s)
>> 2493 (20276: 20515 36406 36402) (2468.52 s)
>> 2474 (41842: 33218 33190 33182) (2298.94 s)
>> 2473 (38355: 38376 38561 38353) (2289.02 s)
>> 2464 (35265: 35277 35260 35244) (1860.45 s)
>> 2453 (6903: 29058 29089 29046) (2295.01 s)
>> 2445 (35742: 19231 35739 35728) (2100.76 s)
>> 2420 (12739: 35976 35966 19231) (1998.24 s)
>> 2395 (27147: 27144 27155 27136) (1970.8 s)
>> 2390 (36122: 21372 36118 11923) (2218.34 s)
>> 2378 (40390: 29948 29966 29482) (2005.92 s)
>> 2361 (30629: 29567 30714 30625) (1650.68 s)
>> 2359 (26841: 26885 26835 24766) (1431.58 s)
>> 2351 (7774: 29562 29560 29543) (1566.75 s)
>> 2350 (17283: 29367 33134 29341) (1506.44 s)
>> 2346 (14974: 38642 38607 38598) (1565.93 s)
>> 2345 (39606: 35597 35891 35496) (1459.22 s)
>> 2344 (7931: 29891 29562 29907) (1560.89 s)
>> 2336 (11183: 30949 33417 31094) (1557.47 s)
>> 2329 (38942: 38941 38937 29995) (1571.45 s)
>> 2326 (13215: 5342 37086 5649) (1416.17 s)
>> 2321 (10419: 29567 30760 30750) (1548.69 s)
>> 2314 (888: 26744 26476 26473) (1495.82 s)
>> 2304 (16101: 33838 34058 33829) (1566.09 s)
>> 2299 (36071: 10148 21372 10142) (1377.85 s)
>> 2280 (13640: 32719 36995 14275) (2310.05 s)
>> 2278 (27729: 27732 27744 27716) (2074.61 s)
>> 2258 (4252: 28209 28207 28192) (2093.43 s)
>> 2256 (35372: 35686 35370 20793) (1669.94 s)
>> 2255 (32578: 32610 32905 32572) (1678.5 s)
>> 2249 (35701: 35696 35692 2758) (2178.4 s)
>> 2240 (3929: 38427 38457 27434) (1847.11 s)
>> 2240 (12810: 36279 20024 19667) (1812.35 s)
>> 2240 (29444: 38109 40050 38254) (1960.83 s)
>> 2225 (7732: 38083 38095 38089) (1713.44 s)
>> 2225 (29942: 37595 37576 37563) (1996.12 s)
>> 2209 (5432: 37299 37297 37293) (1498.47 s)
>> 2205 (27860: 27854 27910 27845) (1924.44 s)
>> 2193 (32185: 32147 32182 31631) (1833.22 s)
>> 2192 (2127: 38989 38885 26799) (1803.67 s)
>> 2183 (42110: 32527 32965 32558) (1482.74 s)
>> 2182 (9425: 33562 32473 27802) (1493.43 s)
>> 2181 (23655: 38280 26670 11762) (1497.3 s)
>> 2180 (21133: 26433 26744 22161) (1572.16 s)
>> 2169 (2206: 13495 38427 33260) (1431.24 s)
>> 2164 (19347: 35831 35816 34605) (1395.51 s)
>> 2162 (35515: 35511 35597 35506) (1323.29 s)
>> 2156 (37136: 37072 37131 12984) (1526.4 s)
>> 2149 (32875: 32880 32869 32610) (1419.96 s)
>> 2140 (2824: 37481 37552 37536) (1509.76 s)
>> 2139 (6847: 37481 37568 37326) (1451.81 s)
>> 2129 (34189: 34192 34184 34155) (1506.08 s)
>> 2120 (14450: 33040 33456 30949) (1374.11 s)
>> 2119 (32030: 33555 32034 32024) (1503.2 s)
>> 2096 (30217: 30165 30209 28265) (1449.22 s)
>> 2092 (30991: 34875 30988 30979) (1501.42 s)
>> 2084 (24035: 26848 26885 26810) (1402.14 s)
>> 2071 (5077: 31665 28117 28055) (1504.43 s)
>> 2064 (2358: 25371 37458 37413) (1552.28 s)
>> 2063 (15364: 38376 38567 38556) (1443.18 s)
>> 2058 (33757: 33756 33762 33711) (1304.26 s)
>> 2052 (3392: 37779 27215 37679) (1453.81 s)
>> 2051 (2931: 27021 27002 24221) (1276.84 s)
>> 2041 (14876: 37072 37299 37167) (1294.02 s)
>> 2041 (31799: 31792 31838 31665) (1210.16 s)
>> 2036 (34049: 34452 34497 34040) (1289.86 s)
>> 2029 (24700: 38638 38623 31347) (1244.09 s)
>> 2026 (1510: 26602 26609 26433) (1280.75 s)
>> 2025 (1148: 22547 26602 26499) (1295.59 s)
>> 2011 (5642: 35479 33040 31139) (1440.68 s)
>> 2002 (29212: 29209 29185 29176) (1387.13 s)
>> 1985 (13663: 20515 36444 22923) (1437.24 s)
>> 1981 (35102: 35479 35095 35090) (1359.64 s)
>> 1980 (19889: 20019 36160 19693) (1452.92 s)
>> 1968 (18539: 35479 35170 35153) (1378.83 s)
>> 1963 (35890: 35511 35884 25898) (1427.67 s)
>> 1962 (4541: 27924 27854 27755) (1306.77 s)
>> 1961 (23903: 27187 27175 23670) (1427.17 s)
>> 1942 (29884: 29886 29879 29875) (1373.52 s)
>> 1940 (14999: 37753 37759 37740) (1424.43 s)
>> 1938 (5126: 30799 31331 30449) (1408.98 s)
>> 1929 (37270: 37264 37273 37072) (1729.55 s)
>> 1922 (15927: 33756 33766 33110) (1300.26 s)
>> 1907 (9735: 38376 38511 38508) (1604.29 s)
>> 1900 (29288: 29247 29283 29280) (1343.38 s)
>> 1890 (30748: 30744 30733 29567) (1236.09 s)
>> 1878 (17691: 35479 34934 34926) (1197.59 s)
>> 1872 (4388: 33562 39008 38989) (1239.89 s)
>> 1866 (20066: 36279 19974 3542) (1174.24 s)
>> 1856 (21676: 35511 35649 35626) (1284.42 s)
>> 1853 (17700: 34900 34904 34875) (1230.78 s)
>> 2092 (17780: 34947 34900 22962) (1283.48 s)
>> 1850 (3065: 36235 36255 864) (1254.06 s)
>> 1844 (20728: 25444 36739 35511) (1464.86 s)
>> 1844 (31380: 31414 31792 31377) (1544.94 s)
>> 1843 (462: 33971 33742 33731) (1502.05 s)
>> 1837 (16819: 36958 36951 36937) (1372.77 s)
>> 1836 (21043: 36837 36830 35976) (1358.07 s)
>> 1832 (40685: 28629 28442 28430) (1214.7 s)
>> 1829 (1826: 27337 27386 27322) (1251.83 s)
>> 2107 (2256: 27275 27337 27283) (1138.34 s)
>> 1828 (248: 26267 26219 22547) (1217.25 s)
>> 1828 (17666: 11455 36310 35993) (1180.18 s)
>> 1935 (35987: 11455 35986 19618) (1253.31 s)
>> 1824 (29134: 29137 29129 28629) (1149.61 s)
>> 1823 (24305: 38376 38337 38319) (1245.96 s)
>> 1821 (1553: 37897 38280 37890) (1436.36 s)
>> 1821 (15015: 33756 33236 33127) (1484.39 s)
>> 1820 (26350: 38656 38673 38663) (1309.16 s)
>> 1818 (37965: 27428 37987 37964) (1464.83 s)
>> 1809 (11628: 35479 35065 35054) (1407.22 s)
>> 1793 (29809: 35176 35479 35205) (1451.37 s)
>> 1790 (38962: 33562 38961 38941) (1223.34 s)
>> 1786 (28924: 28496 28948 28915) (1216.96 s)
>> 1783 (27787: 27785 28336 27769) (1406.8 s)
>> 1781 (10394: 38600 38604 38376) (1453.33 s)
>> 1780 (4782: 27904 27917 27891) (1345.61 s)
>> 1779 (38798: 16645 38801 38638) (1451.98 s)
>> 1775 (7016: 13495 27485 27460) (1401.93 s)
>> 1765 (5179: 37467 37447 37434) (1449.96 s)
>> 1758 (19268: 35778 36837 35552) (1366.64 s)
>> 1757 (12183: 31414 31444 31435) (1382.54 s)
>> 1750 (42226: 33555 33537 32431) (1150.58 s)
>> 1746 (6214: 37264 37050 37020) (1178.76 s)
>> 1742 (33214: 33218 33228 33210) (1098.17 s)
>> 1731 (37303: 37264 37302 37240) (1173.53 s)
>> 1730 (12488: 31601 31484 29982) (1290.43 s)
>> 1722 (24247: 38600 38212 37897) (1357.12 s)
>> 1720 (30448: 30435 30799 29247) (1292.08 s)
>> 1710 (3564: 27021 27014 19277) (1441.16 s)
>> 1710 (5114: 30435 31452 31414) (1396.39 s)
>> 1706 (1024: 26267 26486 26482) (1441.8 s)
>> 1701 (27051: 19744 31044 23113) (1335.92 s)
>> 1696 (33170: 33201 33218 33164) (1443.64 s)
>> 1690 (27102: 37779 20623 20152) (1364.89 s)
>> 1750 (3088: 27021 37779 27082) (1327.45 s)
>> 1689 (42157: 27867 27904 27785) (1246.36 s)
>> 1687 (35379: 35686 35374 18600) (1323.92 s)
>> 1682 (14133: 32622 33283 33265) (1274.21 s)
>> 1682 (32630: 32880 32641 32625) (1316.44 s)
>> 1680 (4381: 27641 27867 27669) (1209.54 s)
>> 1680 (20478: 35204 19744 2944) (1311.27 s)
>> 1672 (8227: 29886 29948 29868) (1023.28 s)
>> 1669 (11203: 37609 27021 23752) (941.885 s)
>> 1667 (36024: 36534 36506 19697) (826.125 s)
>> 1665 (15910: 5887 38372 38357) (838.833 s)
>> 1663 (40438: 29821 40471 29886) (829.78 s)
>> 1661 (8279: 36626 36601 35393) (836.916 s)
>> 1655 (21049: 24121 36279 23797) (819.08 s)
>> 1638 (35568: 35778 35566 2730) (833.851 s)
>> 1631 (31620: 31617 30435 27732) (917.081 s)
>> 1630 (37101: 31617 31897 31853) (1021.1 s)
>> 1629 (28944: 28941 29106 28539) (988.451 s)
>> 1618 (6559: 28798 29360 28860) (1018.84 s)
>> 1617 (29541: 38311 38600 38314) (999.735 s)
>> 1615 (38652: 38650 38820 38656) (1017.26 s)
>> 1606 (4678: 28175 28167 27831) (975.559 s)
>> 1604 (5531: 37264 37176 37172) (1015.26 s)
>> 2308 (37195: 37264 37235 37192) (995.755 s)
>> 1590 (30691: 30744 40691 30689) (1013.65 s)
>> 1582 (33388: 33375 35176 33382) (980.796 s)
>> 1576 (16448: 38377 38391 38386) (1013.52 s)
>> 1573 (7856: 38311 37925 37791) (992.9 s)
>> 1567 (8729: 30165 30105 30061) (1301.28 s)
>> 1557 (27197: 37609 27194 27144) (1547.26 s)
>> 1550 (13673: 36442 35204 20515) (1528.4 s)
>> 1544 (8204: 37609 26948 26934) (1557.98 s)
>> 1544 (37720: 37381 37753 1775) (1435.94 s)
>> 1542 (17394: 38434 38377 13495) (1428.37 s)
>> 1532 (7212: 31617 29265 29271) (1552.85 s)
>> 1528 (15295: 37955 38311 37714) (1541.59 s)
>> 1516 (36301: 19595 36303 36298) (1421.53 s)
>> 1516 (39531: 33051 32780 32732) (1163.08 s)
>> 1509 (32739: 32735 33051 32740) (1252.41 s)
>> 1508 (41640: 33991 34469 34424) (1208.68 s)
>> 1507 (4088: 30268 33562 27586) (1250.2 s)
>> 1506 (13229: 31617 31987 31961) (1352.2 s)
>> 1498 (30352: 33375 35164 35132) (1240.89 s)
>> 1494 (30525: 18885 24121 11964) (973.165 s)
>> 1482 (2724: 26944 37481 29665) (943.56 s)
>> 1475 (41737: 29137 28607 28585) (901.458 s)
>> 1459 (27815: 27810 27804 27641) (941.062 s)
>> 1458 (32762: 32760 33756 33274) (921.148 s)
>> 1457 (28229: 28223 28941 28209) (937.844 s)
>> 1437 (8428: 37882 37955 37883) (906.177 s)
>> 1431 (34356: 34354 34452 34408) (935.207 s)
>> 1401 (33535: 33788 33838 33526) (1000.14 s)
>> 1400 (18165: 36442 36510 35210) (1175.39 s)
>> 1394 (38827: 38650 38831 38828) (1277.61 s)
>> 1382 (16590: 34227 34145 33971) (1177.31 s)
>> 1374 (38222: 38219 37882 29894) (1205.77 s)
>> 1369 (16652: 34227 34271 34240) (1336.95 s)
>> 1359 (38700: 38650 38697 38693) (1253.4 s)
>> 1338 (15779: 5342 37250 37104) (1179.38 s)
>> 1337 (24386: 32511 32553 32527) (1302.43 s)
>> 1335 (17140: 25444 36151 34617) (1779.3 s)
>> 1329 (26245: 26267 26236 26207) (1731.61 s)
>> 1323 (36789: 25444 26267 22622) (1786.35 s)
>> 1301 (37833: 37722 38083 37829) (1702.34 s)
>> 2115 (22951: 17977 37844 37722) (1308.6 s)
>> 1283 (10738: 35615 35317 25444) (1228.63 s)
>> 1283 (33233: 33201 33788 33581) (1218.33 s)
>> 1277 (36766: 19486 27264 820) (1243.66 s)
>> 1276 (37460: 38579 38582 38219) (1290.26 s)
>> 1271 (13857: 32426 32382 31617) (1160.91 s)
>> 1267 (30281: 30268 30287 30278) (1135.84 s)
>> 1261 (26693: 26688 26725 4272) (1124.88 s)
>> 1257 (33470: 33201 33464 32880) (1071.18 s)
>> 1256 (17231: 38579 38642 38533) (1209.56 s)
>> 1250 (23278: 37750 38579 18653) (1263.95 s)
>> 1246 (33938: 33939 33912 33909) (1335.84 s)
>> 1242 (18785: 1367 20384 18885) (1212.35 s)
>> 1237 (17859: 33375 35186 35002) (1112.41 s)
>> 1231 (29380: 29891 29370 29335) (1156.69 s)
>> 1231 (32083: 32426 32085 32074) (1102.52 s)
>> 1229 (11044: 1367 35778 10148) (1153.82 s)
>> 1229 (37446: 25371 38860 37436) (1072.77 s)
>> 1226 (17899: 33375 35355 35022) (1183.92 s)
>> 1225 (27263: 35615 24409 3824) (1071.77 s)
>> 1220 (20790: 37750 11580 1779) (958.979 s)
>> 1183 (37432: 37425 37467 25371) (926.293 s)
>> 1173 (40376: 29821 29925 26848) (1209.3 s)
>> 1165 (31224: 33375 31218 30894) (953.816 s)
>> 1162 (34181: 34180 34219 34192) (1035.88 s)
>> 1145 (2447: 29821 27124 26816) (965.336 s)
>> 1143 (9691: 38129 38109 11120) (781.245 s)
>> 1142 (8044: 27428 38059 37982) (768.77 s)
>> 1131 (3048: 36235 36249 1367) (777.926 s)
>> 1109 (19082: 37609 37630 37624) (826.31 s)
>> 1106 (5646: 28325 28395 28386) (880.203 s)
>> 1101 (11329: 36235 36626 31257) (865.734 s)
>> 1098 (56: 38857 38843 36958) (878.201 s)
>> 1097 (7431: 28798 32426 29382) (852.074 s)
>> 1097 (33876: 34227 33867 32760) (879.275 s)
>> 1309 (42550: 34227 33855 33201) (859.212 s)
>> 1080 (24174: 38129 38257 37750) (876.031 s)
>> 1075 (9672: 30419 29891 29410) (849.693 s)
>> 1074 (26232: 27428 27417 27309) (917.395 s)
>> 1073 (5254: 28325 28798 28127) (1175.47 s)
>> 1061 (14605: 34227 32813 32803) (1412.99 s)
>> 1059 (381: 26688 35615 26641) (1266.41 s)
>> 1058 (34585: 34550 34578 26688) (1272.51 s)
>> 1049 (21572: 28325 31828 31814) (1251.36 s)
>> 1046 (28052: 28044 28325 28031) (1234.38 s)
>> 1043 (39632: 10204 36235 36108) (1284.02 s)
>> 1038 (28735: 28728 28737 28729) (1274.42 s)
>> 1036 (19705: 37782 37675 37667) (1245.14 s)
>> 1032 (36625: 36617 27475 10204) (1373.03 s)
>> 1020 (14098: 32594 34227 32580) (1270.77 s)
>> 1017 (3113: 20019 36640 36617) (1257.33 s)
>> 1009 (40762: 33454 33409 33375) (1336.01 s)
>> 1008 (36948: 38857 36944 36929) (1127.71 s)
>> 1001 (7868: 29821 26898 26868) (1122.61 s)
>> 990 (35053: 33454 35223 24589) (1153.07 s)
>> 982 (6557: 28044 28817 28808) (1144.1 s)
>> 946 (14453: 33454 33061 32594) (1229.1 s)
>> 939 (10615: 30268 30841 5111) (1223.41 s)
>> 914 (5007: 30165 27992 27982) (1274.16 s)
>> 914 (15369: 38129 38250 38243) (1431.57 s)
>> 1043 (9745: 38129 38246 38141) (1136.62 s)
>> 905 (20204: 20019 35564 891) (1065.28 s)
>> 899 (20161: 20019 36680 36171) (1242.7 s)
>> 894 (6871: 29058 29080 29062) (1207.64 s)
>> 887 (32831: 33454 32824 32819) (1132.89 s)
>> 887 (33026: 36534 36229 2976) (1282.12 s)
>> 917 (33189: 36012 36534 3313) (1115.42 s)
>> 877 (3713: 27810 28399 28377) (1037.13 s)
>> 872 (13868: 32468 32454 28044) (1059.52 s)
>> 872 (30381: 30268 30377 28810) (1149.81 s)
>> 871 (5818: 32719 38857 38650) (1297.71 s)
>> 864 (26765: 26760 34550 26754) (1103.76 s)
>> 862 (19882: 20019 36295 19595) (1072.65 s)
>> 859 (32549: 32511 33454 32546) (1005.06 s)
>> 854 (24006: 38129 38178 32607) (1015.74 s)
>> 852 (3526: 20019 27327 24152) (1137.89 s)
>> 852 (23374: 17977 37766 37609) (1337.61 s)
>> 848 (7148: 21320 35462 22208) (985.095 s)
>> 834 (24489: 36078 36098 20019) (1197.55 s)
>> 824 (16362: 33991 34354 34026) (961.81 s)
>> 818 (27336: 19486 27352 367) (1260.33 s)
>> 815 (7200: 38129 12157 5887) (1143.94 s)
>> 812 (33966: 34947 34917 34910) (1130.15 s)
>> 799 (32111: 32468 32113 32104) (971.137 s)
>> 789 (31952: 32468 31957 31949) (1294.78 s)
>> 782 (34326: 34862 34329 34323) (1179.81 s)
>> 780 (30104: 27810 30098 30083) (966.613 s)
>> 780 (40441: 26944 37425 29745) (929.925 s)
>> 758 (17326: 34862 34677 34671) (1326.24 s)
>> 758 (24597: 31033 32511 31066) (939.644 s)
>> 753 (4687: 37264 37146 32982) (934.241 s)
>> 724 (10490: 36078 23249 18509) (1178.1 s)
>> 723 (16628: 34180 34211 31033) (1297.93 s)
>> 717 (33156: 36012 36078 11509) (1157.72 s)
>> 714 (31404: 11455 36012 19191) (1259.34 s)
>> 707 (41735: 29137 28613 28574) (1269 s)
>> 701 (19932: 34180 35103 34887) (961.193 s)
>> 694 (28316: 32468 28307 27810) (1044.44 s)
>> 693 (9678: 38352 38345 38129) (1156.55 s)
>> 651 (29200: 29123 29821 29195) (933.51 s)
>> 649 (16735: 34862 34180 33991) (900.296 s)
>> 647 (12724: 11455 36657 11425) (1002.4 s)
>> 636 (18798: 11455 20317 18765) (1302.47 s)
>> 635 (30405: 11455 23910 19154) (1183.4 s)
>> 629 (36495: 36442 35203 27177) (1206.1 s)
>> 638 (36542: 11455 36442 19696) (1023.44 s)
>> 619 (35648: 26760 35671 35644) (1276.04 s)
>> 617 (31078: 34862 31076 31073) (1204.81 s)
>> 609 (18571: 35686 17892 8401) (1023.49 s)
>> 599 (2766: 26944 26974 26965) (1132.75 s)
>> 587 (8784: 36773 36582 24134) (1186.68 s)
>> 583 (27447: 38434 27443 7076) (903.108 s)
>> 566 (19726: 11455 36453 36435) (975.52 s)
>> 553 (24783: 16645 16571 5342) (1172.79 s)
>> 551 (10013: 27187 37912 27008) (1074.77 s)
>> 550 (5789: 37334 37348 26944) (1158.76 s)
>> 535 (4440: 32468 27698 27690) (1197.4 s)
>> 535 (40244: 26760 22136 11455) (903.016 s)
>> 524 (23701: 26760 23802 3607) (1081.62 s)
>> 522 (39487: 34862 32215 32147) (978.883 s)
>> 520 (34444: 34862 34642 34435) (943.195 s)
>> 508 (2653: 17977 26994 26921) (1155.98 s)
>> 508 (40587: 29630 29614 29606) (1175.31 s)
>> 499 (87: 30268 14255 6400) (974.67 s)
>> 499 (23832: 38483 38434 27428) (916.281 s)
>> 498 (20997: 29123 27159 17977) (1064.42 s)
>> 493 (20533: 26760 27451 3874) (964.241 s)
>> 484 (18658: 21320 26760 21894) (1129.85 s)
>> 484 (41112: 32468 31300 31272) (895.178 s)
>> 477 (5705: 37334 29654 22623) (863.185 s)
>> 455 (8562: 21023 34862 3727) (1090.25 s)
>> 433 (27039: 34947 34878 21023) (1220.54 s)
>> 425 (456: 38352 37901 37888) (1212.85 s)
>> 425 (5830: 29137 28496 28425) (1142.65 s)
>> 410 (20535: 37782 37787 37662) (779.627 s)
>> 410 (23426: 21320 23533 11956) (767.246 s)
>> 375 (27250: 19486 27247 27236) (777.081 s)
>> 370 (36106: 21320 36101 36086) (758.421 s)
>> 353 (19367: 38352 19315 19001) (777.124 s)
>> 348 (30874: 38152 38352 38184) (764.86 s)
>> 347 (28320: 32468 28332 28319) (774.406 s)
>> 346 (10988: 21320 36367 35283) (749.112 s)
>> 338 (34013: 34947 34523 34001) (773.558 s)
>> 335 (7828: 30744 30419 29513) (761.046 s)
>> 324 (17577: 29367 21320 10544) (770.16 s)
>> 321 (14650: 37264 37080 37075) (750.491 s)
>> 315 (23069: 29123 37626 37616) (768.407 s)
>> 301 (33479: 34947 33503 33472) (757.035 s)
>> 299 (19413: 35831 35860 35852) (766.071 s)
>> 283 (38389: 38483 38490 38484) (742.846 s)
>> 276 (33138: 16645 37095 5773) (763.114 s)
>> 268 (11420: 29367 36328 36315) (752.49 s)
>> 252 (9979: 37595 37543 37334) (761.512 s)
>> 249 (11341: 34947 34971 34970) (742.377 s)
>> 244 (23104: 29367 36468 22848) (758.954 s)
>> 244 (34328: 29367 36459 17856) (748.604 s)
>> 243 (2372: 29367 36431 36416) (757.857 s)
>> 242 (524: 32468 30462 30456) (733.171 s)
>> 230 (31534: 31529 31601 31535) (751.797 s)
>> 229 (18734: 8206 27371 7889) (740.694 s)
>> 864 (3684: 38483 27388 8206) (749.239 s)
>> 222 (15970: 38152 38542 38540) (729.612 s)
>> 212 (15013: 38483 17595 17320) (745.569 s)
>> 200 (32379: 32468 32374 32367) (734.869 s)
>> 198 (3669: 35231 35214 34947) (744.028 s)
>> 190 (32776: 35231 32774 32768) (721.195 s)
>> 189 (35213: 23944 35231 35226) (741.765 s)
>> 179 (34407: 23944 34398 34386) (731.966 s)
>> 176 (8948: 29367 23847 12016) (739.784 s)
>> 173 (16668: 38152 38340 9641) (725.84 s)
>> 172 (9200: 35191 35200 23944) (741.255 s)
>> 152 (26180: 35191 26176 26161) (732.018 s)
>> 143 (9308: 30268 30349 30340) (739.401 s)
>> 138 (8181: 29123 29833 29804) (717.782 s)
>> 133 (29718: 37595 29728 29670) (737.035 s)
>> 116 (1337: 29123 27198 27183) (727.914 s)
>> 107 (10614: 29367 26675 10780) (734.732 s)
>> 102 (37820: 29123 38152 37814) (719.522 s)
>> 95 (6428: 32719 38854 38846) (737.781 s)
>> 83 (29706: 19486 27275 11270) (729.196 s)
>> 53 (34541: 29367 34536 34530) (736.134 s)
>> 51 (30029: 32468 30165 30022) (718.008 s)
>> 31 (32442: 32468 33555 32439) (734.879 s)
>> 22 (12852: 29367 35960 19646) (726.602 s)
>> 21 (30366: 30268 30551 30363) (733.742 s)
>> 20 (23877: 29123 37595 3702) (718.195 s)
>> 12 (11360: 29367 36502 20469) (730.949 s)
>> 12 (28414: 24427 35191 34985) (722.255 s)
>> 0 (-1: -1 -1 -1) (729.515 s)
Zelikovsky- 1.01595e+06 s
>>> get_solution
  refine_solution: new weight 13498979 (was 13653667) in 0.031093 s
  refine_solution: new weight 13485295 (was 13498979) in 0.032618 s
  refine_solution: new weight 13484006 (was 13485295) in 0.032797 s
  refine_solution: new weight 13483289 (was 13484006) in 0.032557 s
  refine_solution: new weight 13483289 (was 13483289) in 0.032331 s
>>> get_solution
  refine_solution: new weight 14024656 (was 15272379) in 0.03035 s
  refine_solution: new weight 13864416 (was 14024656) in 0.032317 s
  refine_solution: new weight 13838034 (was 13864416) in 0.032501 s
  refine_solution: new weight 13834517 (was 13838034) in 0.032377 s
  refine_solution: new weight 13834517 (was 13834517) in 0.032337 s
0,,42594,72446,2038,,0,0,,15272379,13834517,13973545,13653667,13483289,,0,0,@@

  delete_edges: deleted 112 edges in 0.029451 s and 2 rounds
  handle_small_Steiner_degrees: steiner 0, suppress 148 in 0.000235 s
Starting round 1
contract_till_the_bitter_end interrupted
contract_till_the_bitter_end: 1.03857e+06 s

Calling end_heu
>>> get_solution
Saved weight 81979
end_heu: 0 loops with 0 unique solutions in 0.006102 s

Calling print_solution
>>> get_solution
  refine_solution: new weight 14025235 (was 15271697) in 0.06426 s
Oops orig weight was 15271697 but we got 14025235
## FINAL WEIGHT 14025235
print_solution: 0.122619 s
