Version: final-94-gfffc3aa rub_all.sh: remove longest prefix
Random seed: 1566439716
Start
>>> save_orig_graph
>> Saved weight 0
Graph loaded
|V| = 27020, |E| = 39407, |R| = 10000
First clearance of the input. Calling buy_zero and run_all_heuristics.
  buy_zero: 0 zero edges in 0.000118 s
  handle_small_terminal_degrees: terms 1608 in 0.002309 s
  handle_small_Steiner_degrees: steiner 0, suppress 0 in 4.9e-05 s
  shortest_edge_between_terminals: 2106 edges in 0.005986 s
  handle_small_terminal_degrees: terms 181 in 0.000278 s
  handle_small_Steiner_degrees: steiner 0, suppress 0 in 7.3e-05 s
  shortest_edge_between_terminals: 412 edges in 0.001468 s
  handle_small_terminal_degrees: terms 25 in 7e-05 s
  handle_small_Steiner_degrees: steiner 0, suppress 5 in 8.1e-05 s
  shortest_edge_between_terminals: 68 edges in 0.000452 s
  handle_small_terminal_degrees: terms 4 in 4.3e-05 s
  handle_small_Steiner_degrees: steiner 0, suppress 1 in 7.8e-05 s
  shortest_edge_between_terminals: 3 edges in 0.000227 s
  handle_small_terminal_degrees: terms 0 in 4e-05 s
  handle_small_Steiner_degrees: steiner 0, suppress 1 in 7.7e-05 s
  shortest_edge_between_terminals: 0 edges in 0.000219 s
  handle_small_terminal_degrees: terms 0 in 4e-05 s
  handle_small_Steiner_degrees: steiner 0, suppress 0 in 7.7e-05 s
  shortest_edge_between_terminals: 0 edges in 0.000206 s
Compressed graph 27020 -> 23373
  delete_edges: deleted 1448 edges in 0.003641 s and 2 rounds
  handle_small_terminal_degrees: terms 276 in 0.000136 s
  handle_small_Steiner_degrees: steiner 0, suppress 875 in 0.000299 s
  shortest_edge_between_terminals: 358 edges in 0.000758 s
  handle_small_terminal_degrees: terms 1 in 1.8e-05 s
  handle_small_Steiner_degrees: steiner 0, suppress 0 in 2.7e-05 s
  shortest_edge_between_terminals: 29 edges in 0.00025 s
  handle_small_terminal_degrees: terms 1 in 5.2e-05 s
  handle_small_Steiner_degrees: steiner 0, suppress 13 in 3e-05 s
  shortest_edge_between_terminals: 2 edges in 0.000162 s
  handle_small_terminal_degrees: terms 2 in 2e-05 s
  handle_small_Steiner_degrees: steiner 0, suppress 0 in 2.7e-05 s
  shortest_edge_between_terminals: 2 edges in 0.000156 s
  handle_small_terminal_degrees: terms 1 in 1.8e-05 s
  handle_small_Steiner_degrees: steiner 0, suppress 0 in 2.6e-05 s
  shortest_edge_between_terminals: 2 edges in 0.000158 s
  handle_small_terminal_degrees: terms 0 in 1.7e-05 s
  handle_small_Steiner_degrees: steiner 0, suppress 0 in 2.7e-05 s
  shortest_edge_between_terminals: 0 edges in 0.00016 s
Compressed graph 23373 -> 21955
  delete_edges_shortest_path: deleted 325 edges in 0.127387 s
  handle_small_terminal_degrees: terms 37 in 4.5e-05 s
  handle_small_Steiner_degrees: steiner 0, suppress 92 in 6.7e-05 s
  shortest_edge_between_terminals: 4 edges in 0.000218 s
  handle_small_terminal_degrees: terms 0 in 1.7e-05 s
  handle_small_Steiner_degrees: steiner 0, suppress 0 in 2.2e-05 s
  shortest_edge_between_terminals: 1 edges in 0.000154 s
  handle_small_terminal_degrees: terms 0 in 1.6e-05 s
  handle_small_Steiner_degrees: steiner 0, suppress 1 in 2.2e-05 s
  shortest_edge_between_terminals: 0 edges in 0.000151 s
  handle_small_terminal_degrees: terms 0 in 1.6e-05 s
  handle_small_Steiner_degrees: steiner 0, suppress 0 in 2.2e-05 s
  shortest_edge_between_terminals: 0 edges in 0.000149 s
Compressed graph 21955 -> 21821
  handle_small_terminal_degrees: terms 1 in 1.9e-05 s
  handle_small_Steiner_degrees: steiner 0, suppress 30 in 9.3e-05 s
  shortest_edge_between_terminals: 919 edges in 0.001387 s
  handle_small_terminal_degrees: terms 0 in 1.7e-05 s
  handle_small_Steiner_degrees: steiner 0, suppress 17 in 8.6e-05 s
  shortest_edge_between_terminals: 98 edges in 0.000369 s
  handle_small_terminal_degrees: terms 0 in 1.6e-05 s
  handle_small_Steiner_degrees: steiner 0, suppress 65 in 0.000101 s
  shortest_edge_between_terminals: 11 edges in 0.000163 s
  handle_small_terminal_degrees: terms 0 in 2.3e-05 s
  handle_small_Steiner_degrees: steiner 0, suppress 10 in 7.5e-05 s
  shortest_edge_between_terminals: 2 edges in 0.00014 s
  handle_small_terminal_degrees: terms 0 in 1.6e-05 s
  handle_small_Steiner_degrees: steiner 0, suppress 1 in 7e-05 s
  shortest_edge_between_terminals: 0 edges in 0.000135 s
  handle_small_terminal_degrees: terms 0 in 1.6e-05 s
  handle_small_Steiner_degrees: steiner 0, suppress 0 in 6.8e-05 s
  shortest_edge_between_terminals: 0 edges in 0.000135 s
Compressed graph 21821 -> 17295
  delete_edges_shortest_path: deleted 95 edges in 0.086458 s
  handle_small_terminal_degrees: terms 7 in 1.8e-05 s
  handle_small_Steiner_degrees: steiner 0, suppress 41 in 4.7e-05 s
  shortest_edge_between_terminals: 11 edges in 0.000161 s
  handle_small_terminal_degrees: terms 1 in 1.9e-05 s
  handle_small_Steiner_degrees: steiner 0, suppress 0 in 3.2e-05 s
  shortest_edge_between_terminals: 1 edges in 0.000138 s
  handle_small_terminal_degrees: terms 0 in 1.3e-05 s
  handle_small_Steiner_degrees: steiner 0, suppress 0 in 3.7e-05 s
  shortest_edge_between_terminals: 0 edges in 0.000134 s
Compressed graph 17295 -> 17238
Compressed graph 17238 -> 17238
>>> save_orig_graph
>> Saved weight 290236085
### ZEL_LVL=9 PRECISE_STARS=1

Calling `contract_till_the_bitter_end`
|V| = 17238, |E| = 27570, |R| = 5386
