Version: final-94-gfffc3aa rub_all.sh: remove longest prefix
Random seed: 1563504907
Start
>>> save_orig_graph
>> Saved weight 0
Graph loaded
|V| = 117757, |E| = 165153, |R| = 1879
First clearance of the input. Calling buy_zero and run_all_heuristics.
  buy_zero: 4154 zero edges in 0.005414 s
  handle_small_terminal_degrees: terms 0 in 9e-05 s
  handle_small_Steiner_degrees: steiner 28, suppress 53528 in 0.016925 s
  shortest_edge_between_terminals: 0 edges in 0.000258 s
  handle_small_terminal_degrees: terms 0 in 9.1e-05 s
  handle_small_Steiner_degrees: steiner 2, suppress 1499 in 0.000954 s
  shortest_edge_between_terminals: 0 edges in 0.000127 s
  handle_small_terminal_degrees: terms 0 in 9.1e-05 s
  handle_small_Steiner_degrees: steiner 0, suppress 136 in 0.000212 s
  shortest_edge_between_terminals: 0 edges in 9.5e-05 s
  handle_small_terminal_degrees: terms 0 in 9.1e-05 s
  handle_small_Steiner_degrees: steiner 1, suppress 42 in 0.00017 s
  shortest_edge_between_terminals: 0 edges in 9.3e-05 s
  handle_small_terminal_degrees: terms 0 in 9e-05 s
  handle_small_Steiner_degrees: steiner 0, suppress 27 in 0.000164 s
  shortest_edge_between_terminals: 0 edges in 9.1e-05 s
  handle_small_terminal_degrees: terms 0 in 9e-05 s
  handle_small_Steiner_degrees: steiner 0, suppress 15 in 0.00016 s
  shortest_edge_between_terminals: 0 edges in 9e-05 s
  handle_small_terminal_degrees: terms 0 in 9e-05 s
  handle_small_Steiner_degrees: steiner 0, suppress 15 in 0.000158 s
  shortest_edge_between_terminals: 0 edges in 9e-05 s
  handle_small_terminal_degrees: terms 0 in 9e-05 s
  handle_small_Steiner_degrees: steiner 0, suppress 13 in 0.000167 s
  shortest_edge_between_terminals: 0 edges in 9.1e-05 s
  handle_small_terminal_degrees: terms 0 in 9e-05 s
  handle_small_Steiner_degrees: steiner 0, suppress 10 in 0.000157 s
  shortest_edge_between_terminals: 0 edges in 9.1e-05 s
  handle_small_terminal_degrees: terms 0 in 9e-05 s
  handle_small_Steiner_degrees: steiner 0, suppress 8 in 0.000157 s
  shortest_edge_between_terminals: 0 edges in 9.1e-05 s
  handle_small_terminal_degrees: terms 0 in 9e-05 s
  handle_small_Steiner_degrees: steiner 0, suppress 4 in 0.000155 s
  shortest_edge_between_terminals: 0 edges in 9.1e-05 s
  handle_small_terminal_degrees: terms 0 in 9e-05 s
  handle_small_Steiner_degrees: steiner 0, suppress 4 in 0.000155 s
  shortest_edge_between_terminals: 0 edges in 9e-05 s
  handle_small_terminal_degrees: terms 0 in 9e-05 s
  handle_small_Steiner_degrees: steiner 0, suppress 7 in 0.000156 s
  shortest_edge_between_terminals: 0 edges in 9.1e-05 s
  handle_small_terminal_degrees: terms 0 in 9e-05 s
  handle_small_Steiner_degrees: steiner 0, suppress 5 in 0.000155 s
  shortest_edge_between_terminals: 0 edges in 9e-05 s
  handle_small_terminal_degrees: terms 0 in 9e-05 s
  handle_small_Steiner_degrees: steiner 0, suppress 4 in 0.000155 s
  shortest_edge_between_terminals: 0 edges in 9.1e-05 s
  handle_small_terminal_degrees: terms 0 in 9e-05 s
  handle_small_Steiner_degrees: steiner 0, suppress 1 in 0.000153 s
  shortest_edge_between_terminals: 0 edges in 9e-05 s
  handle_small_terminal_degrees: terms 0 in 9e-05 s
  handle_small_Steiner_degrees: steiner 0, suppress 4 in 0.000154 s
  shortest_edge_between_terminals: 0 edges in 9e-05 s
  handle_small_terminal_degrees: terms 0 in 9e-05 s
  handle_small_Steiner_degrees: steiner 0, suppress 2 in 0.000154 s
  shortest_edge_between_terminals: 0 edges in 9e-05 s
  handle_small_terminal_degrees: terms 0 in 9e-05 s
  handle_small_Steiner_degrees: steiner 0, suppress 2 in 0.000155 s
  shortest_edge_between_terminals: 0 edges in 9e-05 s
  handle_small_terminal_degrees: terms 0 in 9.9e-05 s
  handle_small_Steiner_degrees: steiner 0, suppress 0 in 0.000154 s
  shortest_edge_between_terminals: 0 edges in 9.2e-05 s
Compressed graph 117757 -> 58489
  delete_edges: deleted 4811 edges in 0.070183 s and 5 rounds
  handle_small_terminal_degrees: terms 0 in 4.9e-05 s
  handle_small_Steiner_degrees: steiner 55, suppress 3430 in 0.002109 s
  shortest_edge_between_terminals: 0 edges in 0.000183 s
  handle_small_terminal_degrees: terms 2 in 4.9e-05 s
  handle_small_Steiner_degrees: steiner 0, suppress 64 in 0.000118 s
  shortest_edge_between_terminals: 0 edges in 8.5e-05 s
  handle_small_terminal_degrees: terms 0 in 4.5e-05 s
  handle_small_Steiner_degrees: steiner 0, suppress 5 in 8.9e-05 s
  shortest_edge_between_terminals: 0 edges in 0.000118 s
  handle_small_terminal_degrees: terms 0 in 4.5e-05 s
  handle_small_Steiner_degrees: steiner 0, suppress 0 in 8.7e-05 s
  shortest_edge_between_terminals: 0 edges in 8.2e-05 s
Compressed graph 58489 -> 54933
  delete_edges_shortest_path: deleted 7398 edges in 0.902757 s
  handle_small_terminal_degrees: terms 1 in 5.7e-05 s
  handle_small_Steiner_degrees: steiner 796, suppress 7034 in 0.003776 s
  shortest_edge_between_terminals: 0 edges in 0.000165 s
  handle_small_terminal_degrees: terms 55 in 9.7e-05 s
  handle_small_Steiner_degrees: steiner 13, suppress 792 in 0.000438 s
  shortest_edge_between_terminals: 0 edges in 7.9e-05 s
  handle_small_terminal_degrees: terms 16 in 5.7e-05 s
  handle_small_Steiner_degrees: steiner 2, suppress 89 in 0.000118 s
  shortest_edge_between_terminals: 1 edges in 7.6e-05 s
  handle_small_terminal_degrees: terms 0 in 6.3e-05 s
  handle_small_Steiner_degrees: steiner 1, suppress 4 in 8.3e-05 s
  shortest_edge_between_terminals: 0 edges in 7.2e-05 s
  handle_small_terminal_degrees: terms 0 in 4.2e-05 s
  handle_small_Steiner_degrees: steiner 0, suppress 2 in 8.2e-05 s
  shortest_edge_between_terminals: 0 edges in 7.1e-05 s
  handle_small_terminal_degrees: terms 0 in 4.2e-05 s
  handle_small_Steiner_degrees: steiner 0, suppress 0 in 8.1e-05 s
  shortest_edge_between_terminals: 0 edges in 7e-05 s
Compressed graph 54933 -> 46127
  handle_small_terminal_degrees: terms 0 in 3.8e-05 s
  handle_small_Steiner_degrees: steiner 0, suppress 3 in 7.5e-05 s
  shortest_edge_between_terminals: 1 edges in 0.000239 s
  handle_small_terminal_degrees: terms 1 in 3.7e-05 s
  handle_small_Steiner_degrees: steiner 0, suppress 3 in 7.3e-05 s
  shortest_edge_between_terminals: 0 edges in 7.5e-05 s
  handle_small_terminal_degrees: terms 1 in 3.7e-05 s
  handle_small_Steiner_degrees: steiner 0, suppress 1 in 7.2e-05 s
  shortest_edge_between_terminals: 0 edges in 6.9e-05 s
  handle_small_terminal_degrees: terms 0 in 3.5e-05 s
  handle_small_Steiner_degrees: steiner 0, suppress 0 in 7.2e-05 s
  shortest_edge_between_terminals: 0 edges in 6.9e-05 s
Compressed graph 46127 -> 46086
  delete_edges_shortest_path: deleted 1137 edges in 0.613911 s
  handle_small_terminal_degrees: terms 20 in 6.2e-05 s
  handle_small_Steiner_degrees: steiner 32, suppress 1334 in 0.000842 s
  shortest_edge_between_terminals: 4 edges in 0.000166 s
  handle_small_terminal_degrees: terms 14 in 4.6e-05 s
  handle_small_Steiner_degrees: steiner 6, suppress 56 in 9.9e-05 s
  shortest_edge_between_terminals: 0 edges in 7.1e-05 s
  handle_small_terminal_degrees: terms 10 in 4.7e-05 s
  handle_small_Steiner_degrees: steiner 0, suppress 10 in 7.6e-05 s
  shortest_edge_between_terminals: 0 edges in 6.8e-05 s
  handle_small_terminal_degrees: terms 1 in 3.6e-05 s
  handle_small_Steiner_degrees: steiner 0, suppress 0 in 7.1e-05 s
  shortest_edge_between_terminals: 0 edges in 6.6e-05 s
  handle_small_terminal_degrees: terms 0 in 3.6e-05 s
  handle_small_Steiner_degrees: steiner 0, suppress 0 in 7.1e-05 s
  shortest_edge_between_terminals: 0 edges in 6.6e-05 s
Compressed graph 46086 -> 44601
Compressed graph 44601 -> 44601
>>> save_orig_graph
>> Saved weight 194461
### ZEL_LVL=9 PRECISE_STARS=1

Calling `contract_till_the_bitter_end`
|V| = 44601, |E| = 73680, |R| = 1880
>> 10039 (5596: 40414 40423 40414) (18.3383 s)
>> 9986 (24150: 34183 39395 34183) (16.427 s)
>> 9896 (19198: 2370 38111 2370) (16.5759 s)
>> 8340 (102: 30690 31967 30690) (16.6654 s)
>> 8217 (807: 30846 31010 30846) (16.8084 s)
>> 8042 (14635: 9601 26006 9601) (16.7793 s)
>> 7854 (693: 30946 30953 30946) (16.8753 s)
>> 7650 (42205: 1887 3020 1887) (16.7711 s)
>> 7553 (4188: 32228 32236 32228) (16.8842 s)
>> 7499 (278: 30964 30987 30964) (16.8797 s)
>> 7469 (10043: 35061 35326 35061) (16.7599 s)
>> 7462 (16918: 17958 37699 17958) (16.9435 s)
>> 7211 (42460: 39775 39830 39775) (16.9647 s)
>> 7051 (6488: 41228 41236 41228) (16.9179 s)
>> 6957 (35112: 34789 34801 34789) (16.8632 s)
>> 6906 (1672: 31148 31267 31148) (16.8476 s)
>> 6900 (18243: 37872 37915 37872) (16.8605 s)
>> 6785 (41809: 35191 35209 35191) (16.7961 s)
>> 6602 (42824: 5032 40281 5032) (16.7997 s)
>> 6518 (2423: 31579 31587 31579) (16.8624 s)
>> 6431 (34182: 34168 34176 34168) (16.8364 s)
>> 6417 (18368: 37934 37946 37934) (16.9036 s)
>> 6405 (41973: 36410 36453 36410) (17.192 s)
>> 6340 (15658: 9040 36907 9040) (16.9385 s)
>> 6339 (8462: 15682 26698 15682) (16.9684 s)
>> 6258 (4772: 32284 32499 32284) (17.0072 s)
>> 6245 (4338: 32270 32280 32270) (17.197 s)
>> 6210 (41649: 33942 33954 33942) (17.1985 s)
>> 6173 (42125: 12523 25536 12523) (17.1129 s)
>> 6028 (4363: 32400 32433 32400) (17.1062 s)
>> 5952 (23267: 36540 39104 36540) (17.0739 s)
>> 5932 (20958: 38452 38464 38452) (17.0178 s)
>> 5884 (38025: 1463 38021 1463) (17.0684 s)
>> 5852 (11869: 35743 35763 35743) (17.0818 s)
>> 5847 (41740: 23696 35057 23696) (17.21 s)
>> 6432 (12525: 22593 35939 22593) (17.2593 s)
>> 5790 (7683: 33866 33874 33866) (17.3835 s)
>> 5748 (42318: 38248 38256 38248) (17.305 s)
>> 5678 (41466: 31347 32246 31347) (17.2197 s)
>> 5612 (11756: 35866 35872 35866) (17.2402 s)
>> 5602 (22030: 38761 38792 38761) (17.2288 s)
>> 5500 (473: 30870 30873 30870) (17.4022 s)
>> 5407 (5383: 32661 32671 32661) (17.4937 s)
>> 5388 (1591: 31232 31261 31232) (17.1537 s)
>> 5352 (20559: 38319 38445 38319) (17.219 s)
>> 5335 (5057: 32424 32441 32424) (17.1484 s)
>> 5311 (12242: 28126 35836 28126) (17.2346 s)
>> 5293 (27747: 6184 40318 6184) (17.2323 s)
>> 5181 (8278: 39563 39591 39563) (17.2489 s)
>> 5161 (15376: 11609 32156 11609) (17.2235 s)
>> 5158 (14836: 16383 36617 16383) (17.2502 s)
>> 5153 (29002: 40891 40918 40891) (17.2069 s)
>> 5152 (11099: 35397 35408 35397) (17.2185 s)
>> 5142 (4044: 32146 32170 32146) (17.1979 s)
>> 5140 (31508: 31506 31526 31506) (17.2605 s)
>> 5090 (2672: 31703 31857 31703) (17.2757 s)
>> 5089 (5511: 32721 36020 32721) (17.1156 s)
>> 5083 (9404: 34963 35167 34963) (17.1087 s)
>> 5033 (10027: 34760 34767 34760) (17.1693 s)
>> 5031 (9598: 18958 22696 18958) (17.2429 s)
>> 5029 (23014: 38911 39043 38911) (17.1218 s)
>> 4940 (29673: 2481 7447 2481) (17.1221 s)
>> 4931 (17644: 20835 38276 20835) (17.1309 s)
>> 4917 (14775: 8414 36577 8414) (17.2726 s)
>> 4910 (8135: 34494 34834 34494) (17.3231 s)
>> 4902 (39323: 39319 39324 39319) (17.2965 s)
>> 4898 (42124: 24093 37811 24093) (17.2823 s)
>> 4860 (3037: 31621 31725 31621) (17.2515 s)
>> 4851 (27555: 38725 38732 38725) (17.1533 s)
>> 5382 (21288: 38539 38720 38539) (17.3272 s)
>> 4818 (15664: 86 36899 86) (17.5045 s)
>> 0 (-1: -1 -1 -1) (13.8762 s)
Zelikovsky 6372.49 s
>> 10039 (5596: 40423 40428 40414) (1402.05 s)
>> 9986 (24150: 39395 39402 34183) (1447.97 s)
>> 9896 (19198: 2370 38180 38111) (1413.63 s)
>> 8340 (102: 30690 32136 31967) (1440.53 s)
>> 8217 (807: 31021 31010 30846) (1382.96 s)
>> 8042 (14635: 36529 26006 9601) (1439.31 s)
>> 7854 (693: 30946 31067 30953) (1417.53 s)
>> 7650 (42205: 1887 41246 3020) (1431.2 s)
>> 7553 (4188: 32228 32304 32236) (1531.95 s)
>> 7499 (278: 30987 31064 30964) (2110.41 s)
>> 7469 (10043: 35326 35836 35061) (2064.25 s)
>> 7462 (16918: 17958 37708 37699) (1892.72 s)
>> 7326 (6488: 41257 41228 1887) (1884.59 s)
>> 7211 (42460: 39842 39830 39775) (2105.56 s)
>> 6957 (35112: 34789 35101 34801) (1990.92 s)
>> 6906 (1672: 31267 31284 31148) (2061.71 s)
>> 6900 (18243: 37872 37959 37915) (1786.23 s)
>> 6785 (41809: 35340 35209 35191) (1865.03 s)
>> 6726 (459: 31021 30855 30835) (1945.77 s)
>> 6518 (2423: 31569 31587 31579) (1962.17 s)
>> 6431 (34182: 34168 34249 34176) (1865.78 s)
>> 6417 (18368: 37946 37968 37934) (1983.32 s)
>> 6405 (41973: 36470 36453 36410) (1987.53 s)
>> 6340 (15658: 36907 38026 9040) (1978.9 s)
>> 6258 (4772: 32284 32517 32499) (1762.9 s)
>> 6245 (4338: 32280 32295 32270) (2092.14 s)
>> 6210 (41649: 33961 33954 33942) (1969.58 s)
>> 6173 (42125: 12523 38301 25536) (2114 s)
>> 6028 (4363: 32433 23599 32400) (1852.72 s)
>> 5952 (23267: 39106 39104 36540) (2065.85 s)
>> 5932 (20958: 38464 38467 38452) (1860.63 s)
>> 5852 (11869: 35743 35788 35763) (2171.23 s)
>> 5790 (7683: 33866 33888 33874) (1864.82 s)
>> 5772 (27037: 1748 40352 40281) (1882.09 s)
>> 5748 (42318: 38256 39613 38248) (1811.33 s)
>> 5612 (11756: 35872 40272 35866) (2082.08 s)
>> 5602 (22030: 38794 38792 38761) (1823.03 s)
>> 5500 (473: 501 30873 30870) (2059.92 s)
>> 5462 (20369: 38294 39842 8968) (1961.74 s)
>> 5369 (27014: 7447 41257 7180) (2060.26 s)
>> 5335 (5057: 32542 32433 32424) (1859.84 s)
>> 5293 (27747: 6184 40407 40318) (2068.38 s)
>> 5290 (3960: 32029 32139 30690) (1948.58 s)
>> 5181 (8278: 39635 39591 39563) (2056.1 s)
>> 5161 (15376: 32156 40777 11609) (1767.67 s)
>> 5158 (14836: 36617 37803 16383) (2049.31 s)
>> 5153 (29002: 40934 40918 40891) (1927.4 s)
>> 5152 (11099: 35500 35408 35397) (2002.61 s)
>> 5141 (1588: 31470 31267 31261) (1837.49 s)
>> 5140 (31508: 31662 31526 31506) (2047.87 s)
>> 5113 (41798: 28126 35746 35326) (1852.47 s)
>> 5095 (41466: 32254 32246 31347) (2018.82 s)
>> 5090 (2672: 31857 31863 31703) (1763.15 s)
>> 5089 (5511: 36062 36020 32721) (2178.34 s)
>> 5083 (9404: 35167 35186 34963) (2083.44 s)
>> 5033 (10027: 34777 34767 34760) (2066.56 s)
>> 5031 (9598: 34860 22696 18958) (1845.44 s)
>> 4980 (20559: 38464 38445 38319) (2020.06 s)
>> 4917 (14775: 8414 36599 36577) (1877.62 s)
>> 4910 (8135: 34834 34855 34494) (1935.03 s)
>> 4902 (39323: 39319 39342 39324) (1741.76 s)
>> 4898 (42124: 38084 37811 24093) (1959.01 s)
>> 4851 (27555: 38732 38845 38725) (1882.11 s)
>> 4837 (23254: 32464 33961 32454) (2001.35 s)
>> 4787 (6952: 33492 33514 33479) (1810.58 s)
>> 4771 (42308: 38205 38778 38209) (1993.29 s)
>> 4767 (16648: 37314 37321 37309) (1864.82 s)
>> 4750 (41709: 33620 33698 33670) (1994.39 s)
>> 4734 (2547: 31738 31667 31606) (1726.54 s)
>> 4699 (42076: 40469 37375 34219) (1947.48 s)
>> 4674 (26482: 39075 40225 20561) (1853 s)
>> 4671 (22279: 31700 31767 31738) (1959.28 s)
>> 4668 (18853: 30782 38036 7170) (1765.37 s)
>> 4625 (42428: 39216 39478 36761) (1959.04 s)
>> 4602 (7280: 33708 33721 33620) (1842.51 s)
>> 4570 (8162: 34071 8648 34106) (1802.23 s)
>> 4557 (41550: 32651 33855 32635) (1709.13 s)
>> 4548 (15672: 38021 36940 315) (1953.01 s)
>> 4548 (22283: 38826 38806 36830) (1821.88 s)
>> 5154 (21813: 38684 38826 38723) (1937.7 s)
>> 4536 (30821: 40300 41223 40310) (1757.19 s)
>> 4490 (14609: 37582 37440 14970) (1937.57 s)
>> 4466 (29552: 41203 41205 40321) (1832.21 s)
>> 4456 (4477: 32370 32385 32362) (1924.78 s)
>> 4450 (3102: 31914 31921 31746) (1691.86 s)
>> 4441 (4822: 32550 32588 32481) (1925.95 s)
>> 4436 (37629: 37623 17958 17935) (1808.83 s)
>> 4433 (21632: 38732 38691 27754) (1937.91 s)
>> 4373 (10742: 35310 35297 35256) (1740.18 s)
>> 4359 (1436: 31211 31408 31206) (1912.49 s)
>> 4354 (12525: 22593 35959 35939) (1819.99 s)
>> 4349 (19173: 27625 38519 38479) (1915.24 s)
>> 4318 (9341: 34746 39506 34777) (1671.51 s)
>> 4312 (1823: 31342 31729 31350) (1909.25 s)
>> 4309 (17601: 37634 37658 20278) (1805.07 s)
>> 4309 (30722: 30716 30997 30740) (1895.73 s)
>> 4275 (8748: 34419 34398 30106) (1722.94 s)
>> 4257 (16209: 37147 37946 37139) (1908.6 s)
>> 4252 (8417: 34228 34472 28414) (1797.33 s)
>> 4243 (9002: 471 40105 4112) (1866.99 s)
>> 4237 (38990: 28214 38991 38950) (1639.01 s)
>> 4231 (29517: 39034 39049 38836) (1896.5 s)
>> 4197 (17136: 37447 37644 37472) (1785.52 s)
>> 4197 (36088: 36085 36294 36286) (1883.94 s)
>> 4193 (1937: 31470 31569 31380) (1698.82 s)
>> 4183 (23391: 34613 35128 34586) (1872.23 s)
>> 4177 (3822: 31838 32023 32017) (1779.14 s)
>> 4175 (41642: 33752 33787 33765) (1861.61 s)
>> 4146 (4177: 32280 32228 32222) (1620.95 s)
>> 4132 (20250: 39748 39756 38256) (1864.06 s)
>> 4127 (17552: 20835 38254 38205) (1770.36 s)
>> 4124 (25059: 38938 38941 12387) (1847.36 s)
>> 4097 (8353: 34166 34666 32464) (1690.1 s)
>> 4068 (3665: 32029 31956 31838) (1864.79 s)
>> 4066 (36356: 36355 36420 36360) (1764.71 s)
>> 4048 (41969: 35621 35628 35585) (1845.67 s)
>> 4038 (5289: 33881 32541 33829) (1614.15 s)
>> 4026 (4388: 32412 32324 32318) (1849.44 s)
>> 4006 (9842: 34972 35005 34968) (1745.22 s)
>> 3994 (21541: 38464 38678 38670) (1837.76 s)
>> 3992 (27367: 40359 40370 40326) (1665.42 s)
>> 3964 (3372: 31850 32029 31870) (1597.67 s)
>> 3927 (37573: 39304 39319 18731) (1740.07 s)
>> 3911 (37198: 37199 37196 37165) (1822.64 s)
>> 3903 (23170: 39086 39083 39078) (1600.28 s)
>> 3873 (92: 31850 30911 30697) (1843.69 s)
>> 3861 (33848: 40409 40388 40381) (1725.45 s)
>> 3844 (14696: 36727 36567 8414) (1806.95 s)
>> 3839 (20867: 38636 38644 38627) (1645.16 s)
>> 3835 (20127: 39631 39748 38234) (1831.02 s)
>> 3826 (11349: 35500 35644 35509) (1723.8 s)
>> 3817 (3412: 36922 38049 38021) (1786.59 s)
>> 3814 (6466: 33097 33130 33104) (1592.37 s)
>> 3800 (11407: 36227 36261 35500) (1820.47 s)
>> 3795 (15260: 40612 40609 34800) (1728.58 s)
>> 3789 (28302: 40607 40706 40686) (1731.4 s)
>> 3783 (37469: 39822 39867 39376) (1641.82 s)
>> 3768 (7057: 33557 33605 33582) (1784.59 s)
>> 3764 (17882: 39170 39159 39106) (1663.47 s)
>> 3754 (18777: 6740 7447 6731) (1751.73 s)
>> 3753 (20046: 39635 38217 2002) (1579.99 s)
>> 3750 (11096: 35421 33508 33412) (1778.8 s)
>> 3728 (8176: 40689 40815 40699) (1693.84 s)
>> 3722 (40715: 40712 40720 40719) (1779.61 s)
>> 3709 (4583: 35082 40184 39994) (1610.63 s)
>> 3708 (3442: 41038 41169 41045) (1729.02 s)
>> 3705 (29044: 3341 40901 31498) (1665.06 s)
>> 3702 (10601: 35340 35214 34972) (1744 s)
>> 3693 (11044: 35337 36227 35340) (1541.77 s)
>> 3691 (21906: 18096 38773 38743) (1740.73 s)
>> 3686 (21167: 33402 35677 33384) (1661.45 s)
>> 3677 (5519: 32722 36062 36045) (1735.69 s)
>> 3674 (15940: 37093 37032 37029) (1585.06 s)
>> 3643 (12399: 23350 35872 23696) (1701.83 s)
>> 3568 (7808: 40667 40677 40651) (1642.41 s)
>> 5078 (9895: 40765 40667 40640) (1732.97 s)
>> 3560 (12174: 36085 36317 36300) (1527.22 s)
>> 3539 (40350: 7559 1774 1748) (1743.64 s)
>> 3536 (20537: 32883 32920 32874) (1634.06 s)
>> 3532 (2777: 31755 31809 31700) (1741.51 s)
>> 3523 (14967: 40510 40595 40569) (1553.38 s)
>> 3517 (23275: 38160 38167 38153) (1719.26 s)
>> 3488 (9749: 35158 35173 29115) (1617.99 s)
>> 3474 (17269: 36655 37511 25548) (1721.63 s)
>> 3464 (1770: 31330 31342 31306) (1516.34 s)
>> 3461 (27719: 40441 40454 40409) (1721.31 s)
>> 3434 (13559: 41015 41017 35414) (1632.33 s)
>> 3433 (26056: 18291 40143 39999) (1724.18 s)
>> 3430 (31500: 31276 31495 31470) (1561.58 s)
>> 3424 (24394: 20491 39458 39450) (1527.22 s)
>> 3421 (15355: 10998 4861 3212) (1627.98 s)
>> 3419 (10100: 35077 35068 28126) (1715.64 s)
>> 3418 (22111: 38869 38938 38882) (1479.99 s)
>> 3413 (564: 13493 41203 41097) (1712.51 s)
>> 3400 (22976: 39150 39154 39021) (1613.58 s)
>> 3705 (42417: 39043 39150 39034) (1687.2 s)
>> 3398 (39370: 39368 39075 23524) (1550.21 s)
>> 3378 (19406: 21466 38160 38130) (1685.27 s)
>> 3375 (32081: 32611 32617 32596) (1534.88 s)
>> 3362 (25713: 2061 40140 38294) (1633.46 s)
>> 3358 (36677: 39096 39220 39086) (1490.54 s)
>> 3354 (8919: 39940 39982 24714) (1679.39 s)
>> 3354 (9267: 35086 34707 34671) (1598.22 s)
>> 3349 (21261: 36274 36268 36262) (1679.09 s)
>> 3343 (23356: 39122 39269 39043) (1527.73 s)
>> 3335 (18457: 38007 38011 38003) (1675.71 s)
>> 3330 (14593: 40484 40487 40469) (1586.93 s)
>> 3323 (12245: 38955 38971 36552) (1663.55 s)
>> 3318 (6730: 33330 33097 33358) (1475.61 s)
>> 3317 (21424: 36141 36377 36347) (1665.22 s)
>> 3289 (36739: 36736 36730 15965) (1572.81 s)
>> 3276 (26129: 39133 39134 39122) (1641.9 s)
>> 3263 (9453: 39631 38279 38273) (1524.19 s)
>> 3238 (16527: 37253 37245 37147) (1647.97 s)
>> 3230 (10657: 35230 35233 33741) (1568.13 s)
>> 3215 (17371: 37759 37774 37770) (1532.8 s)
>> 3209 (38025: 36922 36907 1463) (1451.08 s)
>> 3205 (2068: 40765 40760 40753) (1637.09 s)
>> 3199 (28193: 40484 40540 38916) (1581.22 s)
>> 3195 (34565: 34563 34567 34557) (1633.03 s)
>> 3195 (38656: 38651 38747 38657) (1490.34 s)
>> 3190 (2583: 31657 31725 31627) (1634.06 s)
>> 3183 (43249: 34662 34419 34403) (1500.23 s)
>> 3179 (20742: 38414 38412 38383) (1636.97 s)
>> 3147 (1280: 32280 32184 31191) (1401.29 s)
>> 3142 (24596: 39549 39502 15297) (1609.39 s)
>> 3139 (4044: 32146 32175 32170) (1538.67 s)
>> 3135 (15373: 31946 10998 1225) (1619 s)
>> 3135 (22825: 39096 39076 26142) (1481.59 s)
>> 3080 (22305: 34071 34318 34064) (1626.1 s)
>> 3072 (6266: 32993 33752 32758) (1496.51 s)
>> 3072 (17383: 37545 37582 37557) (1624.33 s)
>> 3067 (31382: 40985 40992 40988) (1447.72 s)
>> 3062 (37384: 37089 37291 37270) (1519.61 s)
>> 3060 (18042: 17218 37794 17493) (1589.36 s)
>> 3048 (18847: 38099 30782 574) (1524.07 s)
>> 3036 (9285: 34818 34834 34825) (1443.21 s)
>> 3024 (5010: 32284 33881 32531) (1584.79 s)
>> 2990 (39845: 8624 13901 2061) (1498.18 s)
>> 2987 (23916: 34952 34936 34932) (1549.12 s)
>> 2969 (8578: 34498 34521 34506) (1276.2 s)
>> 2961 (13211: 36085 36109 36093) (1414.36 s)
>> 2960 (5928: 32858 32846 32777) (1357.41 s)
>> 2959 (26584: 37244 40235 23179) (1421.46 s)
>> 2953 (36054: 32722 36049 36029) (1418.68 s)
>> 2946 (3059: 3072 31857 31733) (1602.72 s)
>> 2944 (9876: 34994 35337 34484) (1492.92 s)
>> 2939 (7710: 39929 39940 39907) (1563.73 s)
>> 2937 (1553: 31232 31242 31166) (1386.29 s)
>> 2922 (3787: 32011 31996 31850) (1547.37 s)
>> 2921 (2080: 31492 31483 31276) (1236.47 s)
>> 2919 (37433: 37430 37545 37422) (1202.04 s)
>> 2917 (38529: 27256 38536 27625) (1161.1 s)
>> 3061 (21644: 38688 38732 27256) (1219.51 s)
>> 3730 (36863: 38609 38716 38688) (1172.58 s)
>> 2902 (5814: 33008 40441 40359) (1201.42 s)
>> 2866 (12533: 22593 35935 23350) (1130.38 s)
>> 2866 (16963: 37392 37490 26429) (1199.42 s)
>> 2837 (29638: 2481 35536 6740) (1165.37 s)
>> 2835 (16626: 24858 37392 37357) (1194.99 s)
>> 2811 (2248: 40627 40765 40634) (1119.33 s)
>> 2809 (9330: 34228 34746 34209) (1177.19 s)
>> 2802 (7866: 33987 33991 33982) (1154.81 s)
>> 2800 (15995: 37093 37039 36954) (1188.6 s)
>> 2791 (10760: 35743 35310 34613) (1116.44 s)
>> 2779 (12154: 36085 36185 36168) (1184.58 s)
>> 2769 (41121: 41117 41108 31882) (1151.58 s)
>> 2761 (17456: 37430 26441 12706) (1179.31 s)
>> 2733 (44420: 32858 32883 32827) (1122.7 s)
>> 2732 (24039: 39461 26533 20491) (1177.82 s)
>> 2728 (36879: 34562 36873 32156) (1139.19 s)
>> 2707 (14825: 40484 36641 36628) (1170.48 s)
>> 2698 (26910: 40262 39880 32992) (1094.84 s)
>> 2694 (38082: 38084 38089 38080) (1164.44 s)
>> 2691 (40950: 40946 40970 40943) (1138.9 s)
>> 2682 (10537: 40985 41004 40627) (1168.62 s)
>> 2681 (29285: 41066 41081 41077) (1110.65 s)
>> 2681 (31131: 31125 31098 30844) (1143.92 s)
>> 2680 (8789: 39929 10718 9165) (1130.94 s)
>> 2677 (34087: 34079 34093 34071) (1164.94 s)
>> 2673 (17159: 37467 37462 37454) (1144.01 s)
>> 2669 (6523: 33147 33330 33162) (1236.48 s)
>> 2668 (38422: 38475 37217 29288) (1198.03 s)
>> 3453 (37193: 37190 38475 37205) (1166.34 s)
>> 2664 (37343: 39805 39791 16318) (1080.6 s)
>> 2662 (41586: 32975 32899 32858) (1146.62 s)
>> 2654 (20173: 32792 32811 32802) (1114.43 s)
>> 2652 (13058: 33316 33321 32722) (1145.88 s)
>> 2641 (24696: 16298 40257 40255) (1110.49 s)
>> 2635 (36619: 38362 38414 38354) (1212.08 s)
>> 2634 (39517: 34228 39509 26184) (1179.71 s)
>> 2620 (42427: 39190 39216 26619) (1214.04 s)
>> 2619 (26036: 39822 39807 39805) (1121.78 s)
>> 2602 (11708: 35621 35697 35683) (1130.94 s)
>> 2596 (25895: 40467 40531 40477) (1073.25 s)
>> 2590 (37718: 37623 37715 37610) (1123.54 s)
>> 2588 (44378: 33551 34046 33533) (1051.14 s)
>> 2571 (41147: 41149 41155 41145) (1119.83 s)
>> 2565 (9934: 35226 35054 35042) (1065.1 s)
>> 2558 (24838: 14786 39558 34228) (1116.66 s)
>> 2552 (17267: 37634 37501 37447) (1058.53 s)
>> 2538 (8033: 34027 34265 34262) (1111.04 s)
>> 2538 (11906: 35752 35757 35077) (1073.73 s)
>> 2524 (37603: 37601 37623 37607) (1102.87 s)
>> 2520 (5738: 33676 35230 33652) (1030.72 s)
>> 2520 (29137: 3341 40916 40736) (1089.7 s)
>> 2512 (27996: 40809 40812 34562) (1058.6 s)
>> 3062 (27803: 40751 40809 40798) (1073.43 s)
>> 2512 (37752: 37750 24493 17675) (1035.08 s)
>> 2731 (17860: 20632 37753 37750) (1076.2 s)
>> 2508 (17339: 37524 37534 26150) (1055.25 s)
>> 2508 (42112: 36899 40751 36892) (1171.46 s)
>> 2507 (5252: 32651 34270 32633) (1029.7 s)
>> 2503 (6625: 33425 33457 33258) (1100.32 s)
>> 2494 (1424: 31215 31220 31186) (1067.45 s)
>> 2484 (31116: 31134 31112 31102) (1098.45 s)
>> 2475 (5347: 32671 33987 32693) (1047.42 s)
>> 2468 (24278: 39461 39549 39440) (1099.26 s)
>> 2426 (24922: 38983 38937 28214) (1077.37 s)
>> 2424 (40959: 40956 41038 2987) (1097.5 s)
>> 2416 (39545: 39526 39541 12648) (1032.71 s)
>> 2401 (7879: 471 40099 40090) (1094.66 s)
>> 2389 (28703: 2481 41268 41263) (1058.94 s)
>> 2383 (19436: 38194 38172 21466) (925.57 s)
>> 2381 (33836: 34987 34994 34985) (886.934 s)
>> 2378 (38324: 37822 37841 37790) (909.628 s)
>> 2376 (9114: 35743 34952 34601) (891.124 s)
>> 2376 (14281: 38858 38976 38265) (906.178 s)
>> 2361 (39715: 39708 39718 39635) (881.097 s)
>> 2360 (38271: 39631 38266 20835) (905.901 s)
>> 2346 (10096: 35752 35971 22593) (878.424 s)
>> 2523 (9641: 34882 35752 34860) (903.592 s)
>> 2345 (28524: 4397 40704 40689) (879.383 s)
>> 2341 (41140: 41136 41149 41132) (957.348 s)
>> 2325 (6073: 32703 33316 32697) (1028.78 s)
>> 2325 (11052: 34987 35559 35369) (1071.51 s)
>> 2319 (1963: 31393 31492 31369) (997.417 s)
>> 2312 (2924: 31696 31682 31662) (1070.62 s)
>> 2300 (29634: 40612 18264 10725) (1039.22 s)
>> 2567 (15249: 9254 40612 40574) (1066.88 s)
>> 2293 (22924: 32085 22897 32104) (1013.87 s)
>> 2292 (15588: 39257 39267 39133) (1060.57 s)
>> 2292 (23684: 39230 39295 39190) (1020.17 s)
>> 2291 (31305: 35820 35814 34987) (1054.51 s)
>> 2285 (25172: 39476 39466 39230) (988.038 s)
>> 2271 (234: 30716 30742 30731) (1050.78 s)
>> 2258 (18870: 29669 37222 36937) (1021.66 s)
>> 2258 (22352: 38609 39257 27157) (1033.03 s)
>> 2250 (42535: 32412 32550 32542) (990.62 s)
>> 2242 (14190: 36521 36518 35743) (1044.58 s)
>> 2227 (8339: 39676 39660 12028) (1015.41 s)
>> 2225 (40566: 40571 40558 40555) (1165.61 s)
>> 2223 (33450: 33436 35421 33416) (1329.76 s)
>> 2211 (26303: 38794 38756 38684) (1349.53 s)
>> 2205 (37084: 37078 37111 37069) (1290.63 s)
>> 2196 (20547: 38342 38333 12523) (1351.82 s)
>> 2180 (26888: 34882 35860 16298) (1243.17 s)
>> 2178 (41700: 34818 34540 34498) (1376.79 s)
>> 2176 (3462: 41066 41072 41059) (1293.23 s)
>> 2173 (29162: 3139 31946 2348) (1409.99 s)
>> 2168 (4433: 32335 32343 32308) (1330.63 s)
>> 2168 (21038: 38486 38491 38489) (1394.59 s)
>> 2166 (7090: 33577 33557 33551) (1081.94 s)
>> 2163 (33184: 33179 33189 33061) (1001.71 s)
>> 2159 (7462: 32993 33746 33676) (956.956 s)
>> 2158 (16444: 37089 37314 37285) (1001.05 s)
>> 2346 (28846: 29356 37199 37089) (973.135 s)
>> 2157 (2416: 31393 31657 31592) (996.821 s)
>> 2154 (26334: 39631 39609 39601) (943.513 s)
>> 2150 (34732: 34729 35086 34789) (1022.59 s)
>> 2149 (26451: 38609 39298 39121) (988.548 s)
>> 2140 (11769: 40510 40548 40533) (998.214 s)
>> 2138 (23669: 34605 36521 34644) (951.857 s)
>> 2131 (19979: 32847 32854 32835) (1495.95 s)
>> 2129 (38380: 38362 38373 37888) (1289.03 s)
>> 2120 (38547: 39011 38551 38543) (1158.8 s)
>> 2119 (4124: 32213 32305 32280) (1351.72 s)
>> 2116 (892: 31032 31034 31021) (1476.5 s)
>> 2115 (11632: 35804 35641 35631) (1417.77 s)
>> 2110 (32666: 32661 32669 32412) (1433 s)
>> 2104 (24433: 39291 39304 39285) (1371.55 s)
>> 2102 (28200: 41008 40991 35435) (1468.5 s)
>> 2096 (4869: 32284 32661 32493) (1411.06 s)
>> 2088 (14980: 16696 36617 16518) (1465.03 s)
>> 2087 (25395: 39802 39822 39784) (1303.94 s)
>> 2069 (33383: 33376 33540 33147) (1293.94 s)
>> 2052 (16224: 37129 37253 37133) (1242.59 s)
>> 2049 (32774: 32768 32759 32754) (1295.62 s)
>> 2046 (36249: 36240 36219 36210) (1199.04 s)
>> 2038 (7760: 33953 34166 34017) (1294.36 s)
>> 2038 (31087: 31084 31125 31072) (1230.97 s)
>> 2035 (16584: 37260 37351 37262) (1286.81 s)
>> 2030 (36305: 36303 36138 36085) (1164.64 s)
>> 2025 (12490: 16886 34882 23389) (1282.6 s)
>> 2022 (28683: 41285 33066 2481) (1225.41 s)
>> 2014 (7313: 34579 34572 33708) (1158.78 s)
>> 2009 (26442: 8701 15833 15774) (1184.97 s)
>> 2001 (8608: 8624 39838 32383) (1274.18 s)
>> 1996 (40050: 40045 40052 8319) (1218.52 s)
>> 1995 (24142: 39395 39382 27122) (1269.49 s)
>> 1993 (39665: 39663 39676 39631) (1146.15 s)
>> 1987 (6697: 33296 33313 33283) (1267.81 s)
>> 1987 (16353: 38123 38143 38119) (1213.71 s)
>> 1982 (13560: 40853 40858 40857) (1263.93 s)
>> 2631 (40881: 40873 40883 40853) (1130.43 s)
>> 1972 (32469: 35555 35820 35363) (1256.36 s)
>> 1969 (23867: 37301 37317 29356) (1213.14 s)
>> 1967 (34010: 32671 34012 34004) (1264.96 s)
>> 1940 (13693: 36387 36372 36141) (1157.13 s)
>> 1940 (27701: 40653 40660 40643) (1262.93 s)
>> 1938 (20576: 38464 38331 38325) (1209.05 s)
>> 1925 (22813: 31258 2022 31462) (1262.25 s)
>> 1912 (36591: 16512 36727 36592) (1156.41 s)
>> 1911 (27997: 41087 41088 41066) (1247.12 s)
>> 1897 (27205: 20698 39929 39400) (1153.64 s)
>> 2943 (26508: 40176 40170 20698) (1248.65 s)
>> 1871 (38907: 28547 38911 28604) (1130.96 s)
>> 1870 (37577: 14730 37551 37430) (1237.66 s)
>> 1864 (11003: 3689 31018 5163) (1185.4 s)
>> 1862 (6581: 33179 33207 33199) (1198.75 s)
>> 1862 (31292: 31286 31308 31300) (1163.2 s)
>> 1861 (23689: 37117 37301 37106) (1244.12 s)
>> 1857 (36082: 32703 36077 36070) (1205.51 s)
>> 1855 (23359: 39740 39802 22973) (1219.2 s)
>> 1852 (15047: 36736 15981 9254) (1114.41 s)
>> 1852 (35016: 35014 35555 35018) (1213.73 s)
>> 1843 (41095: 40956 41160 41091) (1188.44 s)
>> 1836 (4038: 32254 32153 32146) (1226.53 s)
>> 1831 (24932: 16886 35475 35470) (1153.7 s)
>> 1823 (35093: 40029 40045 8352) (1236.12 s)
>> 1818 (34640: 34634 34648 34605) (1227.61 s)
>> 1812 (42965: 17531 37759 14375) (1265.91 s)
>> 1804 (2985: 31393 3072 31714) (1149.08 s)
>> 1800 (28541: 40825 40819 4397) (1228.01 s)
>> 1800 (36746: 36745 36740 36667) (1211.89 s)
>> 1799 (21229: 38609 38539 38530) (1261.17 s)
>> 1794 (16363: 38342 38084 10091) (1172.54 s)
>> 1792 (36515: 36512 36486 36478) (1130.81 s)
>> 1788 (40797: 40790 40782 3139) (1030.44 s)
>> 1765 (25729: 38934 40499 40497) (1057.87 s)
>> 1762 (32031: 32030 32046 32011) (977.758 s)
>> 2090 (41419: 31800 32030 31794) (1059 s)
>> 1761 (40009: 40006 40012 37976) (1020.72 s)
>> 1758 (5161: 32611 32608 32603) (1053.01 s)
>> 1752 (24227: 39291 39346 39339) (1080.21 s)
>> 1749 (38448: 28547 38905 38900) (1050.35 s)
>> 1745 (27215: 40304 40300 6184) (1240.72 s)
>> 1745 (36545: 37694 38065 37677) (1372.59 s)
>> 1742 (27138: 16696 36736 36675) (935.024 s)
>> 1737 (492: 30863 31139 31032) (1013.43 s)
>> 1737 (11636: 40984 41087 41030) (1067.85 s)
>> 1730 (20758: 38426 38362 37860) (1276.13 s)
>> 1729 (20045: 32975 32912 32889) (939.251 s)
>> 1721 (9664: 29641 34634 29676) (1248 s)
>> 1709 (36343: 36340 36364 36331) (1056.02 s)
>> 1709 (43469: 34965 35221 34818) (1306.21 s)
>> 1707 (6513: 33376 33157 33140) (1170.41 s)
>> 1707 (12420: 16886 35885 35880) (1182.79 s)
>> 1705 (6042: 32868 32863 32703) (990.399 s)
>> 1705 (7422: 35014 35456 35450) (1260.98 s)
>> 1689 (36019: 32868 36010 36000) (1102.47 s)
>> 1686 (40149: 35082 32116 471) (876.274 s)
>> 1685 (17025: 37434 37402 37255) (978.967 s)
>> 1681 (16925: 37520 37601 14707) (1025.43 s)
>> 1676 (25116: 39708 38298 4461) (1062.62 s)
>> 1671 (20411: 33790 32993 32792) (895.147 s)
>> 1667 (26899: 34753 34436 14786) (1266.85 s)
>> 1661 (11027: 36791 40790 36785) (976.898 s)
>> 1650 (33231: 33225 33234 32284) (844.296 s)
>> 1639 (17669: 37669 37687 37634) (965.672 s)
>> 1636 (33100: 6111 33008 7285) (1196.06 s)
>> 1634 (40496: 40493 40484 38934) (926.992 s)
>> 1622 (610: 40934 40969 40952) (895.937 s)
>> 1622 (31174: 31171 31393 31181) (907.602 s)
>> 1622 (38159: 38794 38821 38817) (906.906 s)
>> 1618 (28855: 38609 39328 39313) (1138.34 s)
>> 1613 (33442: 36458 36470 36466) (1277.91 s)
>> 1612 (30957: 30946 30981 30889) (1215.34 s)
>> 1590 (12599: 12607 39527 39493) (1127.01 s)
>> 1590 (17914: 17218 37520 16696) (968.808 s)
>> 1590 (38148: 38123 37632 22163) (1163.2 s)
>> 1586 (35519: 35517 35525 35014) (1100.8 s)
>> 1582 (25707: 40176 39969 39956) (1014.26 s)
>> 1562 (35484: 35482 35167 35158) (1125.97 s)
>> 1561 (35875: 39201 39198 39096) (1197.82 s)
>> 2010 (12730: 26574 39211 39201) (907.659 s)
>> 1548 (38290: 38291 39663 38287) (1044.07 s)
>> 1541 (39404: 28006 39453 39395) (1142.14 s)
>> 1530 (6327: 33033 33179 33040) (1067.33 s)
>> 1529 (22343: 31557 31696 31540) (1216.37 s)
>> 1518 (37025: 37020 37093 29877) (945.502 s)
>> 1516 (42397: 38863 38782 18096) (1000.64 s)
>> 1513 (21432: 39911 40176 21328) (1129.39 s)
>> 1513 (43863: 36303 36326 36313) (1067.55 s)
>> 1500 (29448: 13493 41102 5032) (1029.84 s)
>> 1495 (17844: 37741 37804 20632) (1043.32 s)
>> 1488 (22056: 38863 38767 38765) (1151.63 s)
>> 1487 (3438: 31886 31896 31171) (1216.78 s)
>> 1487 (12729: 35934 35925 16886) (1162.6 s)
>> 1485 (17443: 37617 17218 14730) (1056.34 s)
>> 1479 (33474: 33472 33425 32868) (1099.28 s)
>> 1479 (33643: 41226 40304 5730) (1074.62 s)
>> 1475 (43514: 34548 34965 34289) (1145.51 s)
>> 1463 (23694: 38609 39476 39232) (1079.32 s)
>> 1458 (36795: 37185 37190 28666) (1031.02 s)
>> 1457 (35270: 35265 35247 29641) (939.251 s)
>> 1451 (28435: 40607 40985 40681) (1051.77 s)
>> 1451 (30621: 35265 34656 34448) (1146.22 s)
>> 1434 (39578: 39576 39708 39585) (1094.83 s)
>> 1431 (17688: 37694 37741 37669) (1007.63 s)
>> 1431 (19321: 39226 39248 38609) (946.283 s)
>> 1426 (40179: 39226 39179 26574) (1074.32 s)
>> 1402 (1143: 31158 31886 31232) (917.612 s)
>> 1398 (37859: 37857 37921 37902) (1005.75 s)
>> 1378 (14338: 34753 39526 24901) (1098.8 s)
>> 1363 (38666: 38663 38863 38636) (1155.83 s)
>> 1352 (40199: 39911 18192 8701) (1072.53 s)
>> 1349 (597: 30903 30894 30716) (1042.85 s)
>> 1340 (1707: 3341 40836 40832) (1090.54 s)
>> 1338 (33716: 7559 40423 40342) (1226.77 s)
>> 1319 (31643: 31640 31650 31158) (1098.45 s)
>> 1307 (33526: 33525 33577 33376) (1035.57 s)
>> 1306 (38898: 38893 39226 38888) (1056.51 s)
>> 1305 (29806: 38794 38893 38830) (1084.18 s)
>> 1292 (37907: 37909 37872 37857) (1098.75 s)
>> 1267 (41478: 33225 32370 32335) (1213.18 s)
>> 1252 (15564: 36899 41015 41001) (1027.4 s)
>> 1250 (18496: 39576 39646 38291) (1157.93 s)
>> 1250 (21693: 35604 35621 35588) (1117.27 s)
>> 1249 (15912: 39684 39725 39576) (1090.21 s)
>> 1246 (19967: 33122 33244 33033) (1010.24 s)
>> 1243 (33000: 32999 33790 33017) (936.731 s)
>> 1243 (37941: 37940 37945 37866) (924.228 s)
>> 1241 (18319: 39911 40029 35082) (882.673 s)
>> 1232 (33952: 4588 39911 8288) (972.675 s)
>> 1229 (24622: 26119 37348 37339) (1098.86 s)
>> 1204 (40996: 5249 41008 40607) (900.653 s)
>> 1199 (28075: 37020 38433 37011) (1082 s)
>> 1189 (38588: 38583 38794 38577) (1096.38 s)
>> 1184 (36494: 36512 36490 35265) (1110.62 s)
>> 1183 (36122: 36303 36131 36117) (934.065 s)
>> 1181 (25646: 40262 13685 8624) (849.202 s)
>> 1179 (32739: 32735 33492 33472) (913.155 s)
>> 1175 (19389: 38123 38194 38134) (920.685 s)
>> 1175 (29087: 17062 40493 37617) (1064.69 s)
>> 1163 (17098: 37434 26119 17062) (1123.6 s)
>> 1161 (24338: 39437 39461 26264) (949.993 s)
>> 1154 (7579: 33809 33806 33225) (1076.78 s)
>> 1154 (20513: 32975 32968 32936) (935.498 s)
>> 1147 (44059: 33402 33390 32735) (947.952 s)
>> 1144 (23976: 39437 28006 26804) (955.709 s)
>> 1903 (27313: 39291 39437 39337) (866.82 s)
>> 1143 (4296: 40873 40841 11582) (845.323 s)
>> 1142 (31943: 31935 31947 31931) (1176.46 s)
>> 1136 (25535: 38955 38965 38958) (967.727 s)
>> 1118 (21730: 35517 35226 35029) (1184.14 s)
>> 1116 (5808: 32999 32788 32783) (949.712 s)
>> 1103 (8154: 34079 34548 34311) (887.402 s)
>> 1085 (39986: 37993 18291 4376) (951.496 s)
>> 1074 (36609: 38560 38583 38570) (1137.4 s)
>> 1061 (22428: 38869 38980 38858) (997.457 s)
>> 1058 (9417: 34753 34786 34766) (1047.37 s)
>> 1058 (40119: 4588 530 521) (928.335 s)
>> 1045 (39954: 4588 39949 16412) (893.958 s)
>> 1043 (30037: 38560 39011 38701) (942.368 s)
>> 1027 (3878: 32079 32085 32073) (1010.69 s)
>> 1011 (20423: 37331 37327 37260) (953.187 s)
>> 1009 (8199: 34079 34256 34098) (937.24 s)
>> 1008 (33686: 32986 34579 33683) (1045.6 s)
>> 1003 (39430: 12607 39427 39291) (1023.65 s)
>> 995 (30831: 30826 31800 30820) (1139.25 s)
>> 995 (42115: 37020 37940 37909) (1046.4 s)
>> 983 (35122: 35119 35142 35114) (845.295 s)
>> 981 (26571: 16217 40174 37244) (949.239 s)
>> 974 (40772: 5249 40769 36791) (817.839 s)
>> 970 (40977: 40946 40984 40972) (841.79 s)
>> 965 (6015: 30969 40287 30827) (893.092 s)
>> 956 (27771: 3172 5249 3594) (827.25 s)
>> 954 (25161: 38663 38632 38623) (977.918 s)
>> 947 (17134: 37694 37647 37467) (990.368 s)
>> 947 (25424: 39772 40262 39779) (1103.49 s)
>> 936 (8992: 34079 34531 34514) (1002.94 s)
>> 933 (6811: 35529 35547 33402) (876.57 s)
>> 922 (35448: 33436 35441 35437) (1217.4 s)
>> 907 (31046: 31045 31043 30987) (1154.94 s)
>> 907 (43559: 30705 501 30903) (1002.35 s)
>> 903 (11788: 15897 37123 4588) (1095.53 s)
>> 897 (16260: 37129 37161 27741) (1065.4 s)
>> 896 (40524: 37434 40525 40523) (990.774 s)
>> 888 (13450: 36240 36303 36274) (968.553 s)
>> 879 (28039: 37020 37117 37097) (1060.67 s)
>> 877 (31780: 31776 31821 31755) (1013.28 s)
>> 1489 (3289: 31829 31832 31776) (943.878 s)
>> 855 (36167: 36240 36387 36164) (831.718 s)
>> 836 (2688: 31640 32129 31881) (963.784 s)
>> 833 (27189: 37434 36763 34595) (813.989 s)
>> 826 (8870: 15897 40162 8479) (760.547 s)
>> 812 (15857: 36982 37005 36997) (815.899 s)
>> 806 (35427: 41136 41127 13493) (1041.38 s)
>> 800 (30609: 34662 36512 34354) (1099.94 s)
>> 797 (31209: 23009 37931 31211) (1038.64 s)
>> 783 (8501: 26698 34168 15682) (948.994 s)
>> 782 (20014: 33525 33122 33069) (773.499 s)
>> 802 (33935: 33525 33933 33923) (713.314 s)
>> 1375 (20186: 33525 33909 33809) (995.741 s)
>> 774 (17806: 37719 38123 37694) (986.927 s)
>> 764 (39102: 18115 39860 39170) (865.223 s)
>> 758 (33980: 33974 33970 32671) (791.895 s)
>> 755 (6092: 32975 32948 32906) (724.768 s)
>> 750 (1840: 32254 31640 31330) (802.346 s)
>> 745 (7595: 33525 33837 33812) (874.766 s)
>> 733 (32746: 32748 33525 32740) (736.823 s)
>> 732 (22898: 37932 37129 37020) (735.689 s)
>> 722 (4179: 40133 37993 15897) (756.127 s)
>> 717 (16483: 29669 37932 37247) (673.615 s)
>> 715 (40730: 40712 40724 3341) (631.314 s)
>> 706 (9679: 34937 40133 21747) (695.498 s)
>> 689 (23074: 39067 39062 39054) (871.213 s)
>> 689 (40890: 40712 40896 40888) (1092.44 s)
>> 685 (31928: 31927 31935 31914) (1151.41 s)
>> 682 (22238: 38560 38797 15441) (1043.53 s)
>> 674 (4896: 40934 40963 40946) (713.407 s)
>> 666 (20271: 32748 33735 32986) (849.068 s)
>> 651 (13573: 40712 40934 40911) (857.753 s)
>> 647 (31059: 31057 31045 30914) (809.648 s)
>> 638 (31945: 32611 32631 32622) (1053.49 s)
>> 633 (15933: 29669 37078 27942) (780.759 s)
>> 627 (7188: 32999 33640 32748) (1004.13 s)
>> 603 (35651: 35517 35667 35648) (861.125 s)
>> 576 (14664: 37434 21321 16512) (965.413 s)
>> 562 (29508: 41124 41117 40956) (1045.78 s)
>> 538 (1784: 31286 32254 31334) (861.616 s)
>> 510 (20960: 38464 38459 37185) (814.207 s)
>> 507 (21099: 38560 38504 38486) (1019.46 s)
>> 501 (24129: 39740 39850 39368) (914.207 s)
>> 489 (34298: 34295 34282 34079) (700.198 s)
>> 479 (7812: 34120 34295 33974) (898.213 s)
>> 476 (11698: 35604 35706 35517) (1017.67 s)
>> 461 (40583: 40586 40589 40582) (1097.16 s)
>> 456 (23698: 12607 39410 30206) (1033.58 s)
>> 429 (34218: 12607 34753 34215) (1124.42 s)
>> 427 (12104: 35804 35731 35604) (862.566 s)
>> 425 (16765: 37434 37524 12672) (986.009 s)
>> 416 (41185: 11325 36257 3172) (1159.38 s)
>> 410 (9486: 40006 34937 18122) (789.564 s)
>> 408 (30688: 31286 31571 31565) (1128.87 s)
>> 381 (12733: 36574 38342 14689) (1096.05 s)
>> 368 (21230: 36240 36196 36191) (788.227 s)
>> 367 (33344: 32999 33353 33339) (982.864 s)
>> 360 (1049: 40006 40020 13852) (1104.64 s)
>> 345 (44090: 32651 33857 32999) (898.762 s)
>> 336 (30084: 6320 41285 41254) (1153.47 s)
>> 323 (34467: 12607 34462 26698) (852.154 s)
>> 318 (34340: 34338 34333 34341) (723.03 s)
>> 311 (24369: 34235 29201 12607) (809.944 s)
>> 268 (27267: 40006 40062 40054) (770.651 s)
>> 262 (35774: 34662 35780 35772) (831.42 s)
>> 255 (20177: 32651 33092 33083) (1060.29 s)
>> 254 (28292: 21714 40586 37434) (1020.24 s)
>> 233 (36695: 29669 36959 36947) (1116.94 s)
>> 198 (39414: 39701 39690 39684) (951.22 s)
>> 136 (9534: 34120 35804 34849) (1044.77 s)
>> 134 (24599: 37412 37408 21714) (1055.43 s)
>> 124 (23002: 34120 34804 34729) (1079.56 s)
>> 123 (34063: 32651 34054 34038) (755.698 s)
>> 120 (34438: 35482 34453 34235) (1051.96 s)
>> 113 (31989: 31988 31977 30826) (949.961 s)
>> 113 (38193: 33271 3484 2370) (646.025 s)
>> 90 (7412: 34120 35490 33436) (959.263 s)
>> 89 (16031: 38464 38560 37065) (763.605 s)
>> 76 (24222: 34662 34943 34939) (846.694 s)
>> 71 (4938: 40712 41124 41056) (698.74 s)
>> 69 (31883: 34120 35614 35572) (733.126 s)
>> 66 (35091: 34120 35095 35080) (771.497 s)
>> 20 (11478: 37412 40510 21352) (691.068 s)
>> 7 (10983: 34120 35358 35349) (707.506 s)
>> 0 (-1: -1 -1 -1) (685.751 s)
Zelikovsky- 853664 s
>>> get_solution
  refine_solution: new weight 13698465 (was 13798449) in 0.022837 s
  refine_solution: new weight 13690933 (was 13698465) in 0.023363 s
  refine_solution: new weight 13690933 (was 13690933) in 0.023399 s
>>> get_solution
  refine_solution: new weight 14257746 (was 15040495) in 0.022811 s
  refine_solution: new weight 14172806 (was 14257746) in 0.02364 s
  refine_solution: new weight 14161257 (was 14172806) in 0.023615 s
  refine_solution: new weight 14161257 (was 14161257) in 0.023725 s
0,,44601,73680,1880,,0,0,,15040495,14161257,14781751,13798449,13690933,,0,0,@@

  delete_edges: deleted 149 edges in 0.021276 s and 2 rounds
  handle_small_Steiner_degrees: steiner 0, suppress 225 in 0.000215 s
Starting round 1
contract_till_the_bitter_end interrupted
contract_till_the_bitter_end: 860036 s

Calling end_heu
>>> get_solution
Saved weight 194461
end_heu: 0 loops with 0 unique solutions in 0.004867 s

Calling print_solution
>>> get_solution
  refine_solution: new weight 14257177 (was 15040495) in 0.056215 s
Oops orig weight was 15040495 but we got 14257177
## FINAL WEIGHT 14257177
print_solution: 0.105991 s
