Version: final-94-gfffc3aa rub_all.sh: remove longest prefix
Random seed: 1558622658
Start
>>> save_orig_graph
>> Saved weight 0
Graph loaded
|V| = 1201, |E| = 10002, |R| = 200
First clearance of the input. Calling buy_zero and run_all_heuristics.
  buy_zero: 0 zero edges in 2.5e-05 s
  handle_small_terminal_degrees: terms 0 in 2e-06 s
  handle_small_Steiner_degrees: steiner 0, suppress 1 in 4e-06 s
  shortest_edge_between_terminals: 0 edges in 3.8e-05 s
  handle_small_terminal_degrees: terms 0 in 2e-06 s
  handle_small_Steiner_degrees: steiner 0, suppress 0 in 3e-06 s
  shortest_edge_between_terminals: 0 edges in 4e-05 s
Compressed graph 1201 -> 1199
  delete_edges: deleted 1 edges in 0.002432 s and 1 rounds
  handle_small_terminal_degrees: terms 0 in 3e-06 s
  handle_small_Steiner_degrees: steiner 0, suppress 0 in 2e-06 s
  shortest_edge_between_terminals: 0 edges in 6.2e-05 s
Compressed graph 1199 -> 1199
  delete_edges_shortest_path: deleted 0 edges in 0.025403 s
  handle_small_terminal_degrees: terms 0 in 2e-06 s
  handle_small_Steiner_degrees: steiner 0, suppress 0 in 2e-06 s
  shortest_edge_between_terminals: 0 edges in 4.9e-05 s
Compressed graph 1199 -> 1199
  handle_small_terminal_degrees: terms 0 in 2e-06 s
  handle_small_Steiner_degrees: steiner 0, suppress 0 in 1e-06 s
  shortest_edge_between_terminals: 0 edges in 7.4e-05 s
Compressed graph 1199 -> 1199
  delete_edges_shortest_path: deleted 0 edges in 0.025503 s
  handle_small_terminal_degrees: terms 0 in 2e-06 s
  handle_small_Steiner_degrees: steiner 0, suppress 0 in 2e-06 s
  shortest_edge_between_terminals: 0 edges in 5.1e-05 s
Compressed graph 1199 -> 1199
Compressed graph 1199 -> 1199
>>> save_orig_graph
>> Saved weight 0
### ZEL_LVL=9 PRECISE_STARS=1

Calling `contract_till_the_bitter_end`
|V| = 1199, |E| = 10000, |R| = 200
>> 1 (779: 999 1000 999) (0.055686 s)
>> 0 (-1: -1 -1 -1) (0.033052 s)
Zelikovsky 1.48 s
>> 1 (0: 1002 1034 1010) (0.634916 s)
>> 1 (1: 1015 1046 1033) (0.640621 s)
>> 1 (2: 1026 1059 1052) (0.649839 s)
>> 1 (3: 1019 1037 1024) (0.649548 s)
>> 1 (4: 1019 1044 1028) (0.646714 s)
>> 1 (5: 1009 1054 1045) (0.640522 s)
>> 1 (6: 1187 1071 1009) (0.661927 s)
>> 1 (7: 1018 1088 1066) (0.650492 s)
>> 1 (8: 1029 1109 1043) (0.655572 s)
>> 1 (9: 1000 1041 1015) (0.64039 s)
>> 1 (10: 1002 1058 1004) (0.635911 s)
>> 1 (11: 1013 1134 1018) (0.624923 s)
>> 1 (12: 1005 1070 1063) (0.619036 s)
>> 1 (13: 1029 1135 1049) (0.62975 s)
>> 1 (14: 1007 1021 1019) (0.615854 s)
>> 1 (15: 1081 1162 1151) (0.597706 s)
>> 1 (16: 1001 1113 1002) (0.596649 s)
>> 1 (17: 1193 1039 1038) (0.588616 s)
>> 1 (18: 1000 1073 1003) (0.606178 s)
>> 1 (19: 1005 1014 1008) (0.58333 s)
>> 1 (20: 1007 1036 1020) (0.572999 s)
>> 1 (21: 999 1055 1005) (0.563763 s)
>> 1 (22: 1013 1061 1047) (0.550957 s)
>> 1 (23: 1198 1098 1007) (0.553605 s)
>> 1 (24: 1131 1067 1001) (0.543461 s)
>> 1 (25: 1031 1105 1032) (0.530458 s)
>> 1 (26: 1027 1124 1121) (0.532402 s)
>> 1 (28: 1175 1006 999) (0.517171 s)
>> 1 (29: 1027 1169 1125) (0.511978 s)
>> 1 (30: 1198 1035 1017) (0.507639 s)
>> 1 (32: 1011 1116 1026) (0.489229 s)
>> 1 (35: 1022 1069 1000) (0.482152 s)
>> 1 (37: 1030 1114 1081) (0.484017 s)
>> 1 (39: 1187 1138 1127) (0.469065 s)
>> 1 (43: 1190 1104 1025) (0.46546 s)
>> 1 (44: 1193 1080 1072) (0.445821 s)
>> 1 (51: 1164 1137 1094) (0.443056 s)
>> 1 (56: 1022 1152 1128) (0.442927 s)
>> 1 (59: 1011 1110 1060) (0.431432 s)
>> 1 (63: 1172 1117 1078) (0.417601 s)
>> 1 (77: 1190 1102 1016) (0.427548 s)
>> 1 (82: 1012 1075 1011) (0.402047 s)
>> 1 (83: 1194 1153 1012) (0.407494 s)
>> 1 (88: 1030 1173 1163) (0.41178 s)
>> 1 (230: 1031 1083 1057) (0.354381 s)
>> 0 (-1: -1 -1 -1) (0.273488 s)
Zelikovsky- 24.8205 s
>>> get_solution
  refine_solution: new weight 245 (was 246) in 0.004453 s
  refine_solution: new weight 245 (was 245) in 0.004434 s
>>> get_solution
  refine_solution: new weight 269 (was 330) in 0.004383 s
  refine_solution: new weight 265 (was 269) in 0.004428 s
  refine_solution: new weight 263 (was 265) in 0.004416 s
  refine_solution: new weight 263 (was 263) in 0.004389 s
0,,1199,10000,200,,0,0,,330,263,333,246,245,,0,0,@@

  delete_edges: deleted 0 edges in 0.001333 s and 1 rounds
  handle_small_Steiner_degrees: steiner 0, suppress 0 in 1e-06 s
Starting round 1
Found 0 isolated vertices
Invalid ratios recomputed: 1199
Best ratio is 19/18 (1.1), centered at 375
Finding the best star... Star with 19 terminals centered in 1125
round took: 0.120658 s
|V| = 1199, |E| = 9633, |R| = 182
>> 1 (779: 999 1000 999) (0.030922 s)
>> 0 (-1: -1 -1 -1) (0.018268 s)
Zelikovsky 0.974136 s
>> 1 (0: 1002 1034 1010) (0.375394 s)
>> 1 (1: 1015 1046 1033) (0.375944 s)
>> 1 (2: 1026 1063 1059) (0.395134 s)
>> 1 (3: 1019 1037 1024) (0.380562 s)
>> 1 (4: 1019 1044 1028) (0.38251 s)
>> 1 (5: 1009 1054 1045) (0.381864 s)
>> 1 (6: 1178 1074 1071) (0.391408 s)
>> 1 (7: 1018 1088 1066) (0.377845 s)
>> 1 (8: 1029 1043 1009) (0.378135 s)
>> 1 (9: 1000 1041 1015) (0.376716 s)
>> 1 (10: 1002 1142 1079) (0.406408 s)
>> 1 (11: 1013 1134 1018) (0.448075 s)
>> 1 (12: 1005 1070 1026) (0.521634 s)
>> 1 (13: 1029 1140 1049) (0.504371 s)
>> 1 (14: 1007 1021 1019) (0.511594 s)
>> 1 (16: 1001 1113 1002) (0.681073 s)
>> 1 (17: 1193 1039 1038) (0.676371 s)
>> 1 (18: 1000 1197 1073) (0.664475 s)
>> 1 (19: 1005 1014 1008) (0.668871 s)
>> 1 (20: 1007 1036 1020) (0.659593 s)
>> 1 (21: 999 1126 1005) (0.639603 s)
>> 1 (22: 1013 1085 1047) (0.630716 s)
>> 1 (23: 1198 1098 1007) (0.631279 s)
>> 1 (24: 1131 1067 1001) (0.616627 s)
>> 1 (25: 1031 1105 1032) (0.610573 s)
>> 1 (26: 1027 1124 1121) (0.403181 s)
>> 1 (28: 1006 1097 999) (0.405765 s)
>> 1 (29: 1027 1176 1169) (0.419666 s)
>> 1 (30: 1006 1035 1017) (0.416589 s)
>> 1 (35: 1022 1069 1000) (0.411004 s)
>> 1 (37: 1030 1114 1081) (0.407187 s)
>> 1 (39: 1178 1138 1127) (0.402202 s)
>> 1 (43: 1190 1104 1025) (0.393409 s)
>> 1 (44: 1193 1080 1072) (0.392168 s)
>> 1 (51: 1164 1137 1094) (0.381272 s)
>> 1 (56: 1022 1152 1128) (0.369583 s)
>> 1 (59: 1011 1060 1006) (0.371898 s)
>> 1 (63: 1172 1117 1078) (0.362355 s)
>> 1 (77: 1190 1102 1016) (0.354504 s)
>> 1 (82: 1012 1084 1011) (0.34056 s)
>> 1 (83: 1194 1153 1012) (0.327528 s)
>> 1 (88: 1030 1173 1163) (0.272355 s)
>> 1 (230: 1031 1083 1057) (0.277339 s)
>> 0 (-1: -1 -1 -1) (0.275372 s)
Zelikovsky- 19.6891 s
>>> get_solution
  refine_solution: new weight 245 (was 245) in 0.00432 s
>>> get_solution
  refine_solution: new weight 269 (was 325) in 0.005094 s
  refine_solution: new weight 268 (was 269) in 0.005991 s
  refine_solution: new weight 268 (was 268) in 0.005997 s
1,,1199,9633,182,,1199,0,,325,268,328,245,245,,19,19,@@

  handle_small_Steiner_degrees: steiner 0, suppress 0 in 3e-06 s
Starting round 2
Found 19 isolated vertices
Invalid ratios recomputed: 808
Best ratio is 19/18 (1.1), centered at 542
Finding the best star... Star with 19 terminals centered in 1086
round took: 0.130768 s
|V| = 1199, |E| = 9292, |R| = 164
>> 1 (779: 999 1000 999) (0.024237 s)
>> 0 (-1: -1 -1 -1) (0.014283 s)
Zelikovsky 0.733615 s
>> 1 (0: 1002 1034 1010) (0.318069 s)
>> 1 (1: 1015 1046 1033) (0.319814 s)
>> 1 (2: 1026 1063 1059) (0.319143 s)
>> 1 (3: 1024 1042 1037) (0.334073 s)
>> 1 (4: 1028 1044 1024) (0.378152 s)
>> 1 (5: 1009 1054 1045) (0.378118 s)
>> 1 (6: 1178 1074 1071) (0.381287 s)
>> 1 (7: 1018 1088 1066) (0.379848 s)
>> 1 (8: 1029 1111 1009) (0.37118 s)
>> 1 (9: 1000 1041 1015) (0.373158 s)
>> 1 (10: 1002 1142 1079) (0.318496 s)
>> 1 (11: 1013 1134 1018) (0.308839 s)
>> 1 (12: 1005 1166 1026) (0.304049 s)
>> 1 (13: 1029 1140 1049) (0.300365 s)
>> 1 (14: 1007 1028 1021) (0.296284 s)
>> 1 (16: 1001 1113 1002) (0.291241 s)
>> 1 (17: 1193 1039 1038) (0.287154 s)
>> 1 (19: 1005 1014 1008) (0.300687 s)
>> 1 (20: 1007 1050 1036) (0.338135 s)
>> 1 (21: 999 1126 1005) (0.325207 s)
>> 1 (22: 1013 1087 1085) (0.322282 s)
>> 1 (23: 1198 1098 1007) (0.321241 s)
>> 1 (24: 1131 1067 1001) (0.287828 s)
>> 1 (25: 1031 1105 1032) (0.265122 s)
>> 1 (26: 1027 1121 1086) (0.260037 s)
>> 1 (28: 1006 1097 1000) (0.255232 s)
>> 1 (29: 1027 1176 1169) (0.274293 s)
>> 1 (30: 1006 1035 1017) (0.283794 s)
>> 1 (35: 1022 1069 1006) (0.278466 s)
>> 1 (37: 1030 1114 1013) (0.277984 s)
>> 1 (39: 1178 1138 1127) (0.266665 s)
>> 1 (43: 1190 1104 1025) (0.227962 s)
>> 1 (44: 1193 1089 1072) (0.226954 s)
>> 1 (51: 1164 1137 1094) (0.26327 s)
>> 1 (56: 1022 1152 1128) (0.256402 s)
>> 1 (59: 1011 1060 1022) (0.250228 s)
>> 1 (63: 1172 1117 1078) (0.270633 s)
>> 1 (77: 1190 1102 1016) (0.290079 s)
>> 1 (83: 1194 1153 999) (0.289343 s)
>> 1 (88: 1030 1173 1163) (0.293658 s)
>> 1 (100: 1191 1084 1057) (0.285389 s)
>> 1 (590: 1195 1083 1077) (0.279262 s)
>> 0 (-1: -1 -1 -1) (0.279024 s)
Zelikovsky- 12.945 s
>>> get_solution
  refine_solution: new weight 242 (was 244) in 0.005904 s
  refine_solution: new weight 241 (was 242) in 0.005942 s
  refine_solution: new weight 239 (was 241) in 0.005966 s
  refine_solution: new weight 239 (was 239) in 0.005956 s
>>> get_solution
  refine_solution: new weight 267 (was 324) in 0.005826 s
  refine_solution: new weight 262 (was 267) in 0.005863 s
  refine_solution: new weight 258 (was 262) in 0.005885 s
  refine_solution: new weight 256 (was 258) in 0.005888 s
  refine_solution: new weight 254 (was 256) in 0.005795 s
  refine_solution: new weight 252 (was 254) in 0.005873 s
  refine_solution: new weight 252 (was 252) in 0.005836 s
2,,1180,9292,164,,808,0,,324,252,326,244,239,,19,19,@@

  handle_small_Steiner_degrees: steiner 0, suppress 0 in 3e-06 s
Starting round 3
Found 38 isolated vertices
Invalid ratios recomputed: 763
Best ratio is 18/17 (1.1), centered at 217
Finding the best star... Star with 18 terminals centered in 1193
round took: 0.143371 s
|V| = 1199, |E| = 8647, |R| = 147
>> 1 (779: 999 1000 999) (0.027398 s)
>> 0 (-1: -1 -1 -1) (0.016319 s)
Zelikovsky 0.674485 s
>> 1 (0: 1002 1034 1010) (0.377941 s)
>> 1 (1: 1015 1046 1033) (0.320703 s)
>> 1 (2: 1026 1122 1095) (0.308896 s)
>> 1 (3: 1024 1042 1037) (0.304029 s)
>> 1 (4: 1028 1044 1024) (0.297212 s)
>> 1 (5: 1009 1105 1045) (0.256168 s)
>> 1 (6: 1071 1120 1074) (0.289566 s)
>> 1 (7: 1018 1088 1066) (0.300676 s)
>> 1 (8: 1029 1111 1109) (0.300852 s)
>> 1 (9: 1000 1041 1015) (0.292561 s)
>> 1 (10: 1002 1142 1079) (0.339161 s)
>> 1 (11: 1013 1134 1018) (0.349613 s)
>> 1 (12: 1005 1180 1166) (0.355414 s)
>> 1 (16: 1001 1113 1002) (0.340606 s)
>> 1 (17: 1028 1039 1038) (0.333272 s)
>> 1 (18: 1000 1073 1021) (0.327953 s)
>> 1 (19: 1005 1014 1008) (0.273238 s)
>> 1 (20: 1193 1050 1036) (0.271085 s)
>> 1 (21: 999 1126 1005) (0.23961 s)
>> 1 (22: 1013 1087 1085) (0.263356 s)
>> 1 (23: 1198 1098 1028) (0.263007 s)
>> 1 (24: 1193 1082 1067) (0.253963 s)
>> 1 (25: 1031 1032 1009) (0.250648 s)
>> 1 (26: 1027 1129 1121) (0.245081 s)
>> 1 (28: 1006 1097 1000) (0.246437 s)
>> 1 (29: 1027 1176 1169) (0.242617 s)
>> 1 (30: 1006 1035 1017) (0.241174 s)
>> 1 (35: 1022 1069 1006) (0.233627 s)
>> 1 (37: 1030 1114 1013) (0.215384 s)
>> 1 (39: 1178 1138 1127) (0.191675 s)
>> 1 (42: 1193 1140 1089) (0.191132 s)
>> 1 (43: 1193 1104 1025) (0.187762 s)
>> 1 (44: 1072 1147 999) (0.184097 s)
>> 1 (51: 1164 1137 1094) (0.181903 s)
>> 1 (59: 1011 1072 1060) (0.179599 s)
>> 1 (61: 1193 1128 1084) (0.17692 s)
>> 1 (63: 1193 1117 1078) (0.172404 s)
>> 1 (77: 1190 1102 1016) (0.171695 s)
>> 1 (83: 1026 1194 1153) (0.168483 s)
>> 1 (88: 1030 1173 1163) (0.167064 s)
>> 1 (230: 1031 1083 1057) (0.165294 s)
>> 0 (-1: -1 -1 -1) (0.163561 s)
Zelikovsky- 10.6496 s
>>> get_solution
  refine_solution: new weight 244 (was 245) in 0.005951 s
  refine_solution: new weight 244 (was 244) in 0.005865 s
>>> get_solution
  refine_solution: new weight 257 (was 318) in 0.005765 s
  refine_solution: new weight 256 (was 257) in 0.004171 s
  refine_solution: new weight 256 (was 256) in 0.00414 s
3,,1161,8647,147,,763,0,,318,256,313,245,244,,18,18,@@

  handle_small_Steiner_degrees: steiner 0, suppress 2 in 1.9e-05 s
Starting round 4
Found 58 isolated vertices
Invalid ratios recomputed: 991
Best ratio is 17/16 (1.1), centered at 400
Finding the best star... Star with 17 terminals centered in 1120
round took: 0.14301 s
|V| = 1199, |E| = 7370, |R| = 131
>> 1 (779: 999 1000 999) (0.015155 s)
>> 0 (-1: -1 -1 -1) (0.010612 s)
Zelikovsky 0.43267 s
>> 1 (0: 1002 1034 1010) (0.260964 s)
>> 1 (1: 1033 1120 1046) (0.255971 s)
>> 1 (2: 1026 1095 1033) (0.246803 s)
>> 1 (3: 1024 1037 1026) (0.210243 s)
>> 1 (4: 1028 1044 1024) (0.207941 s)
>> 1 (5: 1009 1045 1028) (0.204607 s)
>> 1 (6: 1074 1148 1009) (0.230752 s)
>> 1 (7: 1018 1155 1066) (0.238463 s)
>> 1 (8: 1029 1111 1074) (0.230833 s)
>> 1 (9: 1000 1041 1029) (0.228504 s)
>> 1 (10: 1002 1142 1079) (0.223178 s)
>> 1 (11: 1013 1134 1000) (0.227323 s)
>> 1 (12: 1005 1166 1013) (0.221002 s)
>> 1 (16: 1001 1113 1002) (0.217115 s)
>> 1 (17: 1168 1038 1001) (0.214695 s)
>> 1 (18: 1190 1073 1021) (0.215431 s)
>> 1 (19: 1005 1014 1008) (0.196545 s)
>> 1 (20: 1143 1036 1005) (0.212827 s)
>> 1 (21: 999 1126 1050) (0.211069 s)
>> 1 (22: 1139 1087 1085) (0.194695 s)
>> 1 (23: 1198 1136 1098) (0.174352 s)
>> 1 (24: 1131 1082 1067) (0.170541 s)
>> 1 (26: 1164 1129 1121) (0.170723 s)
>> 1 (28: 1006 1108 1097) (0.166282 s)
>> 1 (29: 1042 1176 1169) (0.164397 s)
>> 1 (30: 1006 1035 1017) (0.162657 s)
>> 1 (35: 1022 1069 1042) (0.160065 s)
>> 1 (37: 1030 1139 1114) (0.158345 s)
>> 1 (39: 1105 1138 1127) (0.1557 s)
>> 1 (42: 1140 1143 1089) (0.154805 s)
>> 1 (43: 1190 1104 1025) (0.151982 s)
>> 1 (44: 1072 1147 1022) (0.149789 s)
>> 1 (51: 1164 1137 1094) (0.148075 s)
>> 1 (59: 1060 1110 1006) (0.147952 s)
>> 1 (61: 1128 1084 1030) (0.142989 s)
>> 1 (63: 1172 1117 1078) (0.14307 s)
>> 1 (77: 1190 1102 1016) (0.141192 s)
>> 1 (83: 1194 1153 1140) (0.139659 s)
>> 1 (88: 1179 1173 1163) (0.138783 s)
>> 1 (135: 1191 1077 1031) (0.136744 s)
>> 1 (230: 1130 1083 1057) (0.134774 s)
>> 0 (-1: -1 -1 -1) (0.133877 s)
Zelikovsky- 7.80732 s
>>> get_solution
  refine_solution: new weight 242 (was 245) in 0.004173 s
  refine_solution: new weight 242 (was 242) in 0.004182 s
>>> get_solution
  refine_solution: new weight 260 (was 315) in 0.004132 s
  refine_solution: new weight 257 (was 260) in 0.004163 s
  refine_solution: new weight 256 (was 257) in 0.004175 s
  refine_solution: new weight 256 (was 256) in 0.004146 s
4,,1141,7370,131,,991,0,,315,256,310,245,242,,17,17,@@

  handle_small_Steiner_degrees: steiner 0, suppress 7 in 3.5e-05 s
Starting round 5
Found 82 isolated vertices
Invalid ratios recomputed: 1096
Best ratio is 16/15 (1.1), centered at 991
Finding the best star... Star with 16 terminals centered in 1001
round took: 0.126858 s
|V| = 1199, |E| = 6630, |R| = 116
>> 1 (779: 999 1000 999) (0.009588 s)
>> 0 (-1: -1 -1 -1) (0.005045 s)
Zelikovsky 0.238213 s
>> 1 (0: 1001 1010 1002) (0.176321 s)
>> 1 (1: 1001 1046 1033) (0.176506 s)
>> 1 (2: 1001 1122 1026) (0.177379 s)
>> 1 (3: 1001 1037 1024) (0.172551 s)
>> 1 (4: 1001 1044 1028) (0.173465 s)
>> 1 (5: 1001 1045 1009) (0.169228 s)
>> 1 (6: 1001 1148 1074) (0.169085 s)
>> 1 (7: 1001 1155 1018) (0.166235 s)
>> 1 (8: 1001 1172 1111) (0.164467 s)
>> 1 (9: 1000 1041 1001) (0.161157 s)
>> 1 (10: 1191 1079 1000) (0.158332 s)
>> 1 (11: 1179 1139 1134) (0.155335 s)
>> 1 (12: 1166 1191 1005) (0.152849 s)
>> 1 (16: 1192 1113 1034) (0.150859 s)
>> 1 (17: 1168 1039 1038) (0.148227 s)
>> 1 (18: 1190 1073 1021) (0.147334 s)
>> 1 (19: 1162 1166 1014) (0.143856 s)
>> 1 (20: 1143 1050 1036) (0.144509 s)
>> 1 (21: 999 1130 1126) (0.141235 s)
>> 1 (23: 1198 1136 1098) (0.139381 s)
>> 1 (24: 1131 1082 1067) (0.138538 s)
>> 1 (26: 1164 1129 1121) (0.138041 s)
>> 1 (28: 1175 1097 999) (0.135551 s)
>> 1 (30: 1198 1035 1017) (0.133878 s)
>> 1 (35: 1150 1069 1022) (0.140728 s)
>> 1 (37: 1114 1162 1030) (0.156361 s)
>> 1 (42: 1140 1114 1089) (0.150623 s)
>> 1 (43: 1190 1085 1025) (0.149178 s)
>> 1 (44: 1176 1140 1072) (0.14646 s)
>> 1 (51: 1164 1137 1094) (0.133569 s)
>> 1 (59: 1198 1110 1060) (0.122051 s)
>> 1 (61: 1128 1084 1042) (0.121259 s)
>> 1 (63: 1117 1078 1051) (0.121187 s)
>> 1 (77: 1190 1102 1016) (0.118857 s)
>> 1 (83: 1194 1153 1117) (0.1182 s)
>> 1 (230: 1057 1175 1083) (0.116821 s)
>> 1 (322: 1182 1163 1077) (0.116279 s)
>> 0 (-1: -1 -1 -1) (0.113847 s)
Zelikovsky- 5.56877 s
>>> get_solution
  refine_solution: new weight 240 (was 242) in 0.004108 s
  refine_solution: new weight 240 (was 240) in 0.004114 s
>>> get_solution
  refine_solution: new weight 262 (was 302) in 0.004096 s
  refine_solution: new weight 257 (was 262) in 0.004108 s
  refine_solution: new weight 257 (was 257) in 0.004102 s
5,,1117,6630,116,,1096,0,,302,257,299,242,240,,16,16,@@

  handle_small_Steiner_degrees: steiner 1, suppress 6 in 3.5e-05 s
Starting round 6
Found 105 isolated vertices
Invalid ratios recomputed: 1079
Best ratio is 14/13 (1.1), centered at 414
Finding the best star... Star with 14 terminals centered in 1162
round took: 0.115611 s
|V| = 1199, |E| = 6005, |R| = 103
>> 1 (770: 999 1009 999) (0.007159 s)
>> 0 (-1: -1 -1 -1) (0.004771 s)
Zelikovsky 0.233748 s
>> 1 (0: 1002 1034 1010) (0.152651 s)
>> 1 (1: 1033 1145 1046) (0.153112 s)
>> 1 (2: 1026 1139 1122) (0.150372 s)
>> 1 (3: 1024 1042 1037) (0.149225 s)
>> 1 (4: 1028 1044 1024) (0.147818 s)
>> 1 (5: 1009 1105 1045) (0.145482 s)
>> 1 (6: 1074 1162 1148) (0.144315 s)
>> 1 (8: 1109 1172 1111) (0.142807 s)
>> 1 (9: 1188 1103 1026) (0.139805 s)
>> 1 (10: 1002 1142 1079) (0.140296 s)
>> 1 (11: 1018 1134 1074) (0.137971 s)
>> 1 (12: 1005 1166 1018) (0.136097 s)
>> 1 (16: 1192 1113 1002) (0.135608 s)
>> 1 (17: 1028 1040 1038) (0.132602 s)
>> 1 (18: 1190 1073 1021) (0.132947 s)
>> 1 (21: 999 1126 1005) (0.12855 s)
>> 1 (23: 1198 1098 999) (0.128208 s)
>> 1 (24: 1067 1090 1082) (0.126055 s)
>> 1 (26: 1129 1198 1164) (0.135188 s)
>> 1 (28: 1033 1108 1097) (0.144994 s)
>> 1 (30: 1017 1092 1035) (0.145016 s)
>> 1 (35: 1022 1069 1028) (0.143646 s)
>> 1 (37: 1030 1129 1114) (0.138635 s)
>> 1 (42: 1140 1089 1022) (0.133874 s)
>> 1 (43: 1025 1085 1017) (0.13802 s)
>> 1 (44: 1072 1147 1030) (0.135555 s)
>> 1 (48: 1036 1117 1009) (0.12351 s)
>> 1 (51: 1094 1137 1033) (0.11215 s)
>> 1 (59: 1060 1110 1072) (0.112409 s)
>> 1 (61: 1084 1127 1060) (0.11088 s)
>> 1 (63: 1014 1078 1036) (0.108518 s)
>> 1 (77: 1016 1102 1084) (0.107306 s)
>> 1 (83: 1194 1153 1014) (0.105474 s)
>> 1 (230: 1057 1083 1016) (0.104424 s)
>> 1 (322: 1077 1163 1057) (0.103742 s)
>> 0 (-1: -1 -1 -1) (0.102735 s)
Zelikovsky- 4.73792 s
>>> get_solution
  refine_solution: new weight 236 (was 241) in 0.004015 s
  refine_solution: new weight 236 (was 236) in 0.004013 s
>>> get_solution
  refine_solution: new weight 265 (was 291) in 0.004007 s
  refine_solution: new weight 264 (was 265) in 0.004019 s
  refine_solution: new weight 264 (was 264) in 0.004033 s
6,,1094,6005,103,,1079,0,,291,264,288,241,236,,14,14,@@

  handle_small_Steiner_degrees: steiner 2, suppress 15 in 6.3e-05 s
Starting round 7
Found 136 isolated vertices
Invalid ratios recomputed: 1056
Best ratio is 14/13 (1.1), centered at 627
Finding the best star... Star with 14 terminals centered in 1024
round took: 0.10404 s
|V| = 1199, |E| = 5355, |R| = 90
>> 1 (770: 999 1009 999) (0.005633 s)
>> 0 (-1: -1 -1 -1) (0.003442 s)
Zelikovsky 0.165063 s
>> 1 (0: 1002 1024 1010) (0.124909 s)
>> 1 (1: 1190 1046 1002) (0.123242 s)
>> 1 (2: 1190 1122 1026) (0.12257 s)
>> 1 (3: 1154 1042 1037) (0.119145 s)
>> 1 (4: 1181 1044 1028) (0.117735 s)
>> 1 (5: 1009 1119 1105) (0.117552 s)
>> 1 (6: 1148 1190 1074) (0.116255 s)
>> 1 (8: 1172 1111 1109) (0.114053 s)
>> 1 (9: 1188 1106 1103) (0.114456 s)
>> 1 (10: 1191 1142 1079) (0.112812 s)
>> 1 (11: 1018 1139 1134) (0.110427 s)
>> 1 (12: 1005 1166 1148) (0.111577 s)
>> 1 (16: 1192 1113 1005) (0.109795 s)
>> 1 (17: 1040 1181 1051) (0.108385 s)
>> 1 (18: 1021 1172 1073) (0.10625 s)
>> 1 (21: 999 1130 1126) (0.104941 s)
>> 1 (23: 1188 1136 1098) (0.102961 s)
>> 1 (24: 1090 1082 1067) (0.10324 s)
>> 1 (26: 1164 1192 1129) (0.101911 s)
>> 1 (28: 1175 1097 999) (0.100243 s)
>> 1 (30: 1017 1035 1021) (0.100336 s)
>> 1 (37: 1114 1164 1030) (0.100153 s)
>> 1 (42: 1034 1140 1089) (0.098248 s)
>> 1 (43: 1104 1085 1017) (0.097062 s)
>> 1 (44: 1176 1147 1018) (0.096113 s)
>> 1 (51: 1034 1137 1094) (0.096074 s)
>> 1 (56: 1022 1128 1114) (0.095613 s)
>> 1 (59: 1191 1110 1060) (0.09256 s)
>> 1 (61: 1084 1127 1022) (0.093617 s)
>> 1 (63: 1014 1078 1040) (0.091983 s)
>> 1 (77: 1016 1102 1034) (0.090741 s)
>> 1 (83: 1194 1153 1084) (0.089827 s)
>> 1 (322: 1182 1163 1077) (0.090434 s)
>> 0 (-1: -1 -1 -1) (0.088348 s)
Zelikovsky- 3.57072 s
>>> get_solution
  refine_solution: new weight 235 (was 240) in 0.004071 s
  refine_solution: new weight 235 (was 235) in 0.004054 s
>>> get_solution
  refine_solution: new weight 261 (was 289) in 0.004033 s
  refine_solution: new weight 254 (was 261) in 0.004021 s
  refine_solution: new weight 253 (was 254) in 0.004041 s
  refine_solution: new weight 253 (was 253) in 0.004044 s
7,,1063,5355,90,,1056,0,,289,253,281,240,235,,14,14,@@

  handle_small_Steiner_degrees: steiner 2, suppress 33 in 0.000143 s
Starting round 8
Found 185 isolated vertices
Invalid ratios recomputed: 1010
Best ratio is 12/11 (1.1), centered at 82
Finding the best star... Star with 12 terminals centered in 1145
round took: 0.092713 s
|V| = 1199, |E| = 4771, |R| = 79
>> 1 (770: 999 1009 999) (0.004519 s)
>> 0 (-1: -1 -1 -1) (0.00279 s)
Zelikovsky 0.139876 s
>> 1 (0: 1002 1034 1010) (0.10373 s)
>> 1 (2: 1026 1139 1122) (0.103483 s)
>> 1 (3: 1037 1145 1042) (0.10077 s)
>> 1 (4: 1028 1044 1037) (0.10007 s)
>> 1 (5: 1009 1105 1028) (0.098196 s)
>> 1 (6: 1074 1148 1009) (0.096502 s)
>> 1 (8: 1109 1172 1111) (0.096198 s)
>> 1 (9: 1103 1106 1026) (0.095195 s)
>> 1 (10: 1002 1142 1079) (0.093072 s)
>> 1 (11: 1179 1134 1074) (0.093124 s)
>> 1 (12: 1005 1179 1166) (0.092141 s)
>> 1 (16: 1192 1113 1002) (0.090476 s)
>> 1 (17: 1040 1051 1005) (0.090172 s)
>> 1 (18: 1190 1073 1021) (0.089347 s)
>> 1 (21: 999 1126 1040) (0.087797 s)
>> 1 (23: 1188 1136 1098) (0.087306 s)
>> 1 (24: 1067 1090 999) (0.086911 s)
>> 1 (26: 1129 1164 1067) (0.085595 s)
>> 1 (28: 1175 1129 1097) (0.085649 s)
>> 1 (30: 1017 1103 1035) (0.084047 s)
>> 1 (37: 1030 1175 1114) (0.083992 s)
>> 1 (42: 1089 1140 1030) (0.082668 s)
>> 1 (44: 1089 1176 1147) (0.080937 s)
>> 1 (51: 1094 1137 1017) (0.080054 s)
>> 1 (56: 1022 1128 1089) (0.079941 s)
>> 1 (63: 1014 1078 1022) (0.079137 s)
>> 1 (67: 1190 1132 1104) (0.077604 s)
>> 1 (77: 1016 1102 1014) (0.076807 s)
>> 1 (83: 1194 1153 1016) (0.076094 s)
>> 1 (115: 1181 1163 1127) (0.076703 s)
>> 0 (-1: -1 -1 -1) (0.075746 s)
Zelikovsky- 2.7358 s
>>> get_solution
  refine_solution: new weight 236 (was 239) in 0.00395 s
  refine_solution: new weight 236 (was 236) in 0.003923 s
>>> get_solution
  refine_solution: new weight 276 (was 284) in 0.003907 s
  refine_solution: new weight 268 (was 276) in 0.0039 s
  refine_solution: new weight 264 (was 268) in 0.003912 s
  refine_solution: new weight 261 (was 264) in 0.003894 s
  refine_solution: new weight 261 (was 261) in 0.003886 s
8,,1014,4771,79,,1010,0,,284,261,278,239,236,,12,12,@@

  handle_small_Steiner_degrees: steiner 2, suppress 30 in 0.000127 s
Starting round 9
Found 229 isolated vertices
Invalid ratios recomputed: 969
Best ratio is 12/11 (1.1), centered at 966
Finding the best star... Star with 12 terminals centered in 1106
round took: 0.078996 s
|V| = 1199, |E| = 4182, |R| = 68
>> 1 (616: 1002 1009 1002) (0.003046 s)
>> 0 (-1: -1 -1 -1) (0.001855 s)
Zelikovsky 0.105535 s
>> 1 (0: 1002 1034 1010) (0.084074 s)
>> 1 (2: 1026 1122 1106) (0.082709 s)
>> 1 (3: 1037 1042 1026) (0.081433 s)
>> 1 (4: 1028 1044 1037) (0.081181 s)
>> 1 (5: 1009 1105 1028) (0.080579 s)
>> 1 (6: 1074 1148 1009) (0.079373 s)
>> 1 (8: 1172 1111 1074) (0.07877 s)
>> 1 (9: 1103 1188 1139) (0.07848 s)
>> 1 (10: 1002 1191 1142) (0.077452 s)
>> 1 (11: 1179 1134 1103) (0.076361 s)
>> 1 (16: 1192 1113 1002) (0.075919 s)
>> 1 (17: 1040 1172 1051) (0.075218 s)
>> 1 (18: 1021 1073 1040) (0.073615 s)
>> 1 (21: 1158 1126 1021) (0.073283 s)
>> 1 (24: 1067 1158 1090) (0.072783 s)
>> 1 (26: 1164 1129 1067) (0.071625 s)
>> 1 (28: 1175 1130 1097) (0.069859 s)
>> 1 (33: 1014 1166 1164) (0.069612 s)
>> 1 (42: 1140 1089 1014) (0.070095 s)
>> 1 (43: 1035 1140 1104) (0.069798 s)
>> 1 (44: 1176 1147 1035) (0.068339 s)
>> 1 (51: 1094 1176 1137) (0.067346 s)
>> 1 (56: 1022 1128 1094) (0.067108 s)
>> 1 (63: 1078 1117 1022) (0.066776 s)
>> 1 (77: 1016 1102 1078) (0.066099 s)
>> 1 (79: 1030 1153 1016) (0.065241 s)
>> 1 (115: 1181 1163 1127) (0.064686 s)
>> 1 (135: 1077 1136 1030) (0.064389 s)
>> 1 (519: 1053 1194 1077) (0.063951 s)
>> 0 (-1: -1 -1 -1) (0.063497 s)
Zelikovsky- 2.18516 s
>>> get_solution
  refine_solution: new weight 234 (was 237) in 0.00395 s
  refine_solution: new weight 234 (was 234) in 0.003923 s
>>> get_solution
  refine_solution: new weight 257 (was 271) in 0.003927 s
  refine_solution: new weight 250 (was 257) in 0.003923 s
  refine_solution: new weight 250 (was 250) in 0.003922 s
9,,970,4182,68,,969,0,,271,250,268,237,234,,12,12,@@

  handle_small_Steiner_degrees: steiner 3, suppress 49 in 0.000209 s
Starting round 10
Found 293 isolated vertices
Invalid ratios recomputed: 906
Best ratio is 11/10 (1.1), centered at 908
Finding the best star... Star with 11 terminals centered in 1127
round took: 0.066417 s
|V| = 1199, |E| = 3577, |R| = 58
>> 1 (616: 1002 1009 1002) (0.002285 s)
>> 0 (-1: -1 -1 -1) (0.001375 s)
Zelikovsky 0.079743 s
>> 1 (0: 1002 1119 1034) (0.066476 s)
>> 1 (2: 1026 1127 1122) (0.066923 s)
>> 1 (3: 1037 1042 1026) (0.065387 s)
>> 1 (4: 1028 1044 1037) (0.064872 s)
>> 1 (6: 1074 1148 1028) (0.06403 s)
>> 1 (8: 1109 1172 1111) (0.063155 s)
>> 1 (11: 1179 1134 1074) (0.061808 s)
>> 1 (16: 1192 1113 1002) (0.062036 s)
>> 1 (17: 1040 1179 1051) (0.061117 s)
>> 1 (18: 1021 1073 1040) (0.06055 s)
>> 1 (21: 1126 1130 1021) (0.060175 s)
>> 1 (23: 1188 1136 1126) (0.059183 s)
>> 1 (26: 1164 1188 1129) (0.058316 s)
>> 1 (33: 1014 1166 1164) (0.057474 s)
>> 1 (44: 1089 1147 1014) (0.056658 s)
>> 1 (51: 1094 1137 1089) (0.057173 s)
>> 1 (53: 1009 1094 1053) (0.05664 s)
>> 1 (56: 1022 1128 1009) (0.056229 s)
>> 1 (63: 1078 1117 1022) (0.054961 s)
>> 1 (77: 1016 1102 1078) (0.05383 s)
>> 1 (79: 1030 1153 1016) (0.054441 s)
>> 1 (134: 1192 1175 1035) (0.055046 s)
>> 1 (137: 1030 1163 1090) (0.054415 s)
>> 0 (-1: -1 -1 -1) (0.053487 s)
Zelikovsky- 1.4287 s
>>> get_solution
  refine_solution: new weight 231 (was 233) in 0.003916 s
  refine_solution: new weight 231 (was 231) in 0.003919 s
>>> get_solution
  refine_solution: new weight 257 (was 263) in 0.003898 s
  refine_solution: new weight 253 (was 257) in 0.003894 s
  refine_solution: new weight 253 (was 253) in 0.003894 s
10,,906,3577,58,,906,0,,263,253,260,233,231,,11,11,@@

  handle_small_Steiner_degrees: steiner 3, suppress 70 in 0.000267 s
Starting round 11
Found 377 isolated vertices
Invalid ratios recomputed: 822
Best ratio is 9/8 (1.1), centered at 58
Finding the best star... Star with 9 terminals centered in 1021
round took: 0.052626 s
|V| = 1199, |E| = 3082, |R| = 50
>> 1 (616: 1002 1009 1002) (0.001838 s)
>> 0 (-1: -1 -1 -1) (0.001105 s)
Zelikovsky 0.056023 s
>> 1 (0: 1002 1034 1021) (0.050379 s)
>> 1 (2: 1150 1026 1002) (0.049976 s)
>> 1 (4: 1181 1037 1028) (0.049829 s)
>> 1 (6: 1148 1150 1074) (0.049122 s)
>> 1 (8: 1172 1111 1109) (0.048797 s)
>> 1 (11: 1179 1148 1134) (0.048404 s)
>> 1 (16: 1182 1113 1044) (0.047454 s)
>> 1 (17: 1051 1179 1040) (0.046532 s)
>> 1 (21: 1130 1126 1051) (0.046403 s)
>> 1 (23: 1188 1136 1130) (0.045875 s)
>> 1 (26: 1164 1188 1129) (0.04517 s)
>> 1 (42: 1073 1164 1089) (0.044602 s)
>> 1 (44: 1176 1147 1073) (0.045056 s)
>> 1 (51: 1094 1176 1137) (0.045075 s)
>> 1 (53: 1009 1094 1053) (0.044305 s)
>> 1 (63: 1014 1078 1009) (0.043539 s)
>> 1 (67: 1132 1128 1014) (0.042963 s)
>> 1 (77: 1016 1132 1102) (0.042311 s)
>> 1 (79: 1153 1030 1016) (0.041878 s)
>> 1 (137: 1163 1153 1090) (0.041406 s)
>> 1 (287: 1194 1163 1035) (0.041103 s)
>> 0 (-1: -1 -1 -1) (0.041076 s)
Zelikovsky- 1.00498 s
>>> get_solution
  refine_solution: new weight 231 (was 231) in 0.003993 s
>>> get_solution
  refine_solution: new weight 253 (was 257) in 0.004016 s
  refine_solution: new weight 249 (was 253) in 0.003992 s
  refine_solution: new weight 245 (was 249) in 0.003968 s
  refine_solution: new weight 245 (was 245) in 0.00396 s
11,,822,3082,50,,822,0,,257,245,254,231,231,,9,9,@@

  handle_small_Steiner_degrees: steiner 6, suppress 58 in 0.000241 s
Starting round 12
Found 450 isolated vertices
Invalid ratios recomputed: 749
Best ratio is 9/8 (1.1), centered at 358
Finding the best star... Star with 9 terminals centered in 1014
round took: 0.043831 s
|V| = 1199, |E| = 2618, |R| = 42
>> 1 (616: 1002 1009 1002) (0.001303 s)
>> 0 (-1: -1 -1 -1) (0.000516 s)
Zelikovsky 0.041363 s
>> 1 (0: 1002 1034 1014) (0.038135 s)
>> 1 (2: 1150 1026 1002) (0.037458 s)
>> 1 (4: 1181 1037 1028) (0.037152 s)
>> 1 (6: 1148 1150 1074) (0.03683 s)
>> 1 (8: 1172 1111 1109) (0.036747 s)
>> 1 (11: 1179 1148 1134) (0.036405 s)
>> 1 (23: 1188 1179 1136) (0.035932 s)
>> 1 (26: 1164 1188 1129) (0.035515 s)
>> 1 (44: 1176 1164 1147) (0.035214 s)
>> 1 (51: 1094 1176 1137) (0.034856 s)
>> 1 (53: 1009 1094 1053) (0.034638 s)
>> 1 (63: 1172 1117 1051) (0.034219 s)
>> 1 (67: 1009 1132 1128) (0.033979 s)
>> 1 (76: 1194 1126 1009) (0.033662 s)
>> 1 (77: 1182 1102 1016) (0.033272 s)
>> 1 (101: 1163 1181 1073) (0.033183 s)
>> 1 (123: 1153 1172 1035) (0.032928 s)
>> 0 (-1: -1 -1 -1) (0.032907 s)
Zelikovsky- 0.63591 s
>>> get_solution
  refine_solution: new weight 229 (was 229) in 0.003925 s
>>> get_solution
  refine_solution: new weight 249 (was 252) in 0.003909 s
  refine_solution: new weight 247 (was 249) in 0.003942 s
  refine_solution: new weight 245 (was 247) in 0.003924 s
  refine_solution: new weight 245 (was 245) in 0.003918 s
12,,749,2618,42,,749,0,,252,245,248,229,229,,9,9,@@

  handle_small_Steiner_degrees: steiner 8, suppress 73 in 0.000269 s
Starting round 13
Found 540 isolated vertices
Invalid ratios recomputed: 659
Best ratio is 9/8 (1.1), centered at 460
Finding the best star... Star with 9 terminals centered in 1074
round took: 0.032616 s
|V| = 1199, |E| = 2084, |R| = 34
>> 1 (616: 1002 1009 1002) (0.000899 s)
>> 0 (-1: -1 -1 -1) (0.000533 s)
Zelikovsky 0.029736 s
>> 1 (0: 1002 1119 1074) (0.027365 s)
>> 1 (2: 1026 1122 1002) (0.027085 s)
>> 1 (4: 1028 1044 1026) (0.026756 s)
>> 1 (11: 1179 1134 1028) (0.026643 s)
>> 1 (23: 1188 1179 1136) (0.026626 s)
>> 1 (30: 1035 1188 1111) (0.026263 s)
>> 1 (44: 1176 1147 1035) (0.025824 s)
>> 1 (51: 1094 1176 1137) (0.025434 s)
>> 1 (53: 1009 1094 1053) (0.025197 s)
>> 1 (63: 1051 1117 1009) (0.02501 s)
>> 1 (67: 1132 1128 1051) (0.024667 s)
>> 1 (76: 1194 1132 1126) (0.024512 s)
>> 1 (77: 1016 1182 1102) (0.024242 s)
>> 1 (146: 1090 1194 1129) (0.02415 s)
>> 0 (-1: -1 -1 -1) (0.023796 s)
Zelikovsky- 0.385805 s
>>> get_solution
  refine_solution: new weight 226 (was 227) in 0.003927 s
  refine_solution: new weight 226 (was 226) in 0.00392 s
>>> get_solution
  refine_solution: new weight 239 (was 244) in 0.00391 s
  refine_solution: new weight 236 (was 239) in 0.003909 s
  refine_solution: new weight 232 (was 236) in 0.003926 s
  refine_solution: new weight 232 (was 232) in 0.003913 s
13,,659,2084,34,,659,0,,244,232,241,227,226,,9,9,@@

  handle_small_Steiner_degrees: steiner 13, suppress 111 in 0.000328 s
Starting round 14
Found 673 isolated vertices
Invalid ratios recomputed: 526
Best ratio is 8/7 (1.1), centered at 968
Finding the best star... Star with 8 terminals centered in 1090
round took: 0.021097 s
|V| = 1199, |E| = 1560, |R| = 27
>> 1 (616: 1002 1009 1002) (0.000571 s)
>> 0 (-1: -1 -1 -1) (0.000338 s)
Zelikovsky 0.017691 s
>> 1 (2: 1026 1122 1090) (0.016609 s)
>> 1 (4: 1028 1044 1026) (0.01652 s)
>> 1 (11: 1179 1134 1028) (0.016243 s)
>> 1 (23: 1188 1179 1136) (0.015971 s)
>> 1 (30: 1035 1188 1111) (0.015727 s)
>> 1 (44: 1176 1147 1035) (0.015555 s)
>> 1 (53: 1009 1176 1053) (0.015436 s)
>> 1 (67: 1009 1128 1094) (0.01518 s)
>> 1 (77: 1016 1102 1009) (0.015069 s)
>> 1 (81: 1117 1129 1016) (0.014842 s)
>> 1 (401: 1002 1153 1117) (0.014578 s)
>> 0 (-1: -1 -1 -1) (0.014416 s)
Zelikovsky- 0.187603 s
>>> get_solution
  refine_solution: new weight 224 (was 224) in 0.00391 s
>>> get_solution
  refine_solution: new weight 239 (was 239) in 0.003904 s
14,,526,1560,27,,526,0,,239,239,235,224,224,,8,8,@@

  handle_small_Steiner_degrees: steiner 11, suppress 88 in 0.000215 s
Starting round 15
Found 780 isolated vertices
Invalid ratios recomputed: 419
Best ratio is 6/5 (1.2), centered at 208
Finding the best star... Star with 6 terminals centered in 1028
round took: 0.01338 s
|V| = 1199, |E| = 1183, |R| = 22
>> 1 (616: 1002 1009 1002) (0.000415 s)
>> 0 (-1: -1 -1 -1) (0.000232 s)
Zelikovsky 0.01104 s
>> 1 (2: 1026 1122 1028) (0.010352 s)
>> 1 (4: 1109 1044 1026) (0.010177 s)
>> 1 (11: 1179 1134 1109) (0.009932 s)
>> 1 (23: 1188 1179 1136) (0.009765 s)
>> 1 (30: 1035 1188 1111) (0.009636 s)
>> 1 (51: 1147 1094 1035) (0.009535 s)
>> 1 (67: 1009 1132 1128) (0.009388 s)
>> 1 (77: 1016 1102 1009) (0.009301 s)
>> 1 (83: 1153 1147 1117) (0.009263 s)
>> 0 (-1: -1 -1 -1) (0.00917 s)
Zelikovsky- 0.097558 s
>>> get_solution
  refine_solution: new weight 224 (was 224) in 0.003897 s
>>> get_solution
  refine_solution: new weight 235 (was 235) in 0.003882 s
15,,419,1183,22,,419,0,,235,235,232,224,224,,6,6,@@

  handle_small_Steiner_degrees: steiner 6, suppress 97 in 0.000193 s
Starting round 16
Found 889 isolated vertices
Invalid ratios recomputed: 310
Best ratio is 6/5 (1.2), centered at 488
Finding the best star... Star with 6 terminals centered in 1136
round took: 0.007484 s
|V| = 1199, |E| = 804, |R| = 17
>> 1 (898: 1002 1016 1002) (0.000278 s)
>> 0 (-1: -1 -1 -1) (0.000172 s)
Zelikovsky 0.005898 s
>> 1 (2: 1026 1136 1122) (0.005402 s)
>> 1 (4: 1044 1109 1026) (0.005278 s)
>> 1 (30: 1035 1111 1044) (0.00521 s)
>> 1 (51: 1094 1147 1035) (0.005158 s)
>> 1 (77: 1016 1102 1094) (0.005035 s)
>> 1 (126: 1002 1188 1016) (0.004949 s)
>> 1 (289: 1134 1153 1002) (0.004853 s)
>> 0 (-1: -1 -1 -1) (0.004807 s)
Zelikovsky- 0.041382 s
>>> get_solution
  refine_solution: new weight 222 (was 222) in 0.003912 s
>>> get_solution
  refine_solution: new weight 229 (was 230) in 0.003927 s
  refine_solution: new weight 229 (was 229) in 0.003928 s
16,,310,804,17,,310,0,,230,229,228,222,222,,6,6,@@

  handle_small_Steiner_degrees: steiner 13, suppress 88 in 0.000138 s
Starting round 17
Found 996 isolated vertices
Invalid ratios recomputed: 203
Best ratio is 5/4 (1.2), centered at 77
Finding the best star... Star with 5 terminals centered in 1136
round took: 0.003597 s
|V| = 1199, |E| = 510, |R| = 13
>> 1 (898: 1002 1026 1002) (0.000171 s)
>> 0 (-1: -1 -1 -1) (8.9e-05 s)
Zelikovsky 0.002797 s
>> 1 (2: 1026 1136 1122) (0.002364 s)
>> 1 (4: 1044 1109 1026) (0.002342 s)
>> 1 (30: 1035 1111 1044) (0.002277 s)
>> 1 (51: 1094 1147 1035) (0.002207 s)
>> 1 (126: 1002 1188 1094) (0.002595 s)
>> 1 (289: 1134 1153 1002) (0.002129 s)
Zelikovsky- 0.014382 s
>>> get_solution
  refine_solution: new weight 222 (was 222) in 0.003954 s
>>> get_solution
  refine_solution: new weight 228 (was 228) in 0.003941 s
17,,203,510,13,,203,0,,228,228,226,222,222,,5,5,@@

  handle_small_Steiner_degrees: steiner 6, suppress 59 in 7.3e-05 s
Starting round 18
Found 1066 isolated vertices
Invalid ratios recomputed: 133
Best ratio is 5/4 (1.2), centered at 578
Finding the best star... Star with 5 terminals centered in 1026
round took: 0.001805 s
|V| = 1199, |E| = 283, |R| = 9
>> 1 (180: 1002 1026 1002) (8e-05 s)
>> 0 (-1: -1 -1 -1) (4.5e-05 s)
Zelikovsky 0.001203 s
>> 1 (51: 1026 1147 1094) (0.000951 s)
>> 1 (52: 1002 1122 1026) (0.000909 s)
>> 1 (123: 1153 1035 1002) (0.000909 s)
>> 0 (-1: -1 -1 -1) (0.000864 s)
Zelikovsky- 0.003896 s
>>> get_solution
  refine_solution: new weight 222 (was 222) in 0.003923 s
>>> get_solution
  refine_solution: new weight 225 (was 225) in 0.003944 s
18,,133,283,9,,133,0,,225,225,223,222,222,,5,5,@@

  handle_small_Steiner_degrees: steiner 13, suppress 60 in 5.6e-05 s
Starting round 19
Found 1144 isolated vertices
Invalid ratios recomputed: 55
Best ratio is 4/3 (1.3), centered at 180
Finding the best star... Star with 4 terminals centered in 1134
round took: 0.000506 s
|V| = 1199, |E| = 112, |R| = 6
>> 1 (209: 1035 1122 1035) (4.2e-05 s)
>> 0 (-1: -1 -1 -1) (1.5e-05 s)
Zelikovsky 0.000383 s
>> 1 (123: 1035 1153 1134) (0.000179 s)
>> 1 (238: 1035 1188 1147) (0.000165 s)
Zelikovsky- 0.000505 s
>>> get_solution
  refine_solution: new weight 221 (was 221) in 0.003908 s
>>> get_solution
  refine_solution: new weight 223 (was 223) in 0.003914 s
19,,55,112,6,,55,0,,223,223,222,221,221,,4,4,@@

  handle_small_Steiner_degrees: steiner 4, suppress 21 in 2.1e-05 s
Starting round 20
Found 1173 isolated vertices
Invalid ratios recomputed: 26
Best ratio is 4/3 (1.3), centered at 238
Finding the best star... Star with 4 terminals centered in 1147
round took: 0.000268 s
|V| = 1199, |E| = 31, |R| = 3
>> 1 (246: 1122 1147 1122) (1.8e-05 s)
>> 0 (-1: -1 -1 -1) (6e-06 s)
Zelikovsky 0.000205 s
>> 1 (246: 1122 1153 1147) (3.9e-05 s)
Zelikovsky- 0.000155 s
>>> get_solution
  refine_solution: new weight 220 (was 220) in 0.003899 s
>>> get_solution
  refine_solution: new weight 221 (was 221) in 0.003918 s
20,,26,31,3,,26,0,,221,221,220,220,220,,4,4,@@

  handle_small_Steiner_degrees: steiner 10, suppress 8 in 1.1e-05 s
Starting round 21
Found 1195 isolated vertices
Invalid ratios recomputed: 4
Best ratio is 3/2 (1.5), centered at 246
Finding the best star... Star with 3 terminals centered in 1153
round took: 7.6e-05 s
|V| = 1199, |E| = 0, |R| = 1
Zelikovsky 0.000136 s
Zelikovsky- 9.5e-05 s
>>> get_solution
  refine_solution: new weight 220 (was 220) in 0.003903 s
>>> get_solution
  refine_solution: new weight 220 (was 220) in 0.00393 s
21,,4,0,1,,4,0,,220,220,220,220,220,,3,3,@@

  handle_small_Steiner_degrees: steiner 0, suppress 0 in 2e-06 s
contract_till_the_bitter_end: 105.759 s

Calling end_heu
>>> get_solution
Saved weight 0
end_heu: 0 loops with 0 unique solutions in 5.3e-05 s

Calling print_solution
>>> get_solution
  refine_solution: new weight 220 (was 220) in 0.003902 s
## FINAL WEIGHT 220
print_solution: 0.005273 s
