Version: final-94-gfffc3aa rub_all.sh: remove longest prefix
Random seed: 1558185546
Start
>>> save_orig_graph
>> Saved weight 0
Graph loaded
|V| = 641, |E| = 204480, |R| = 160
First clearance of the input. Calling buy_zero and run_all_heuristics.
  buy_zero: 0 zero edges in 0.000667 s
  handle_small_terminal_degrees: terms 0 in 1e-06 s
  handle_small_Steiner_degrees: steiner 0, suppress 0 in 1e-06 s
  shortest_edge_between_terminals: 0 edges in 0.000367 s
Compressed graph 641 -> 640
  delete_edges: deleted 0 edges in 0.567533 s and 1 rounds
  handle_small_terminal_degrees: terms 0 in 1e-06 s
  handle_small_Steiner_degrees: steiner 0, suppress 0 in 0 s
  shortest_edge_between_terminals: 0 edges in 0.000385 s
Compressed graph 640 -> 640
  delete_edges_shortest_path: deleted 0 edges in 1.75839 s
  handle_small_terminal_degrees: terms 0 in 1e-06 s
  handle_small_Steiner_degrees: steiner 0, suppress 0 in 1e-06 s
  shortest_edge_between_terminals: 0 edges in 0.000237 s
Compressed graph 640 -> 640
  handle_small_terminal_degrees: terms 0 in 0 s
  handle_small_Steiner_degrees: steiner 0, suppress 0 in 1e-06 s
  shortest_edge_between_terminals: 0 edges in 0.000243 s
Compressed graph 640 -> 640
  delete_edges_shortest_path: deleted 0 edges in 1.76003 s
  handle_small_terminal_degrees: terms 0 in 1e-06 s
  handle_small_Steiner_degrees: steiner 0, suppress 0 in 1e-06 s
  shortest_edge_between_terminals: 0 edges in 0.000235 s
Compressed graph 640 -> 640
Compressed graph 640 -> 640
>>> save_orig_graph
>> Saved weight 0
### ZEL_LVL=9 PRECISE_STARS=1

Calling `contract_till_the_bitter_end`
|V| = 640, |E| = 204480, |R| = 160
>> 29 (167: 6 32 6) (0.046955 s)
>> 29 (588: 49 105 49) (0.047297 s)
>> 26 (604: 45 68 45) (0.048093 s)
>> 25 (574: 55 80 55) (0.047696 s)
>> 24 (281: 15 19 15) (0.046876 s)
>> 24 (326: 4 46 4) (0.046349 s)
>> 24 (163: 40 84 40) (0.045961 s)
>> 24 (518: 31 95 31) (0.045497 s)
>> 24 (619: 8 104 8) (0.045108 s)
>> 23 (538: 27 63 27) (0.044978 s)
>> 23 (329: 12 33 12) (0.044552 s)
>> 23 (171: 93 97 93) (0.044596 s)
>> 23 (322: 30 58 30) (0.044046 s)
>> 23 (477: 53 83 53) (0.043613 s)
>> 23 (413: 2 3 2) (0.043292 s)
>> 22 (167: 37 57 37) (0.042762 s)
>> 22 (429: 64 126 64) (0.04255 s)
>> 22 (424: 13 67 13) (0.042024 s)
>> 22 (507: 10 20 10) (0.041569 s)
>> 22 (279: 76 103 76) (0.040827 s)
>> 22 (489: 21 88 21) (0.040612 s)
>> 22 (409: 73 86 73) (0.03913 s)
>> 22 (562: 36 38 36) (0.038958 s)
>> 22 (575: 111 116 111) (0.038076 s)
>> 22 (406: 48 78 48) (0.037708 s)
>> 22 (369: 85 121 85) (0.037267 s)
>> 21 (586: 51 77 51) (0.036795 s)
>> 21 (487: 94 117 94) (0.036514 s)
>> 21 (463: 28 100 28) (0.035793 s)
>> 21 (347: 7 81 7) (0.035374 s)
>> 21 (588: 22 122 22) (0.034878 s)
>> 21 (601: 52 110 52) (0.034293 s)
>> 20 (174: 43 56 43) (0.033472 s)
>> 20 (455: 1 65 1) (0.033279 s)
>> 21 (489: 14 35 14) (0.033096 s)
>> 21 (292: 75 141 75) (0.0323 s)
>> 21 (259: 47 96 47) (0.031806 s)
>> 20 (446: 82 102 82) (0.031552 s)
>> 20 (341: 25 34 25) (0.030972 s)
>> 20 (424: 61 109 61) (0.030394 s)
>> 21 (622: 42 129 42) (0.029949 s)
>> 20 (477: 99 115 99) (0.029751 s)
>> 20 (470: 114 137 114) (0.029144 s)
>> 19 (227: 87 89 87) (0.02877 s)
>> 19 (377: 5 79 5) (0.028152 s)
>> 21 (340: 72 135 72) (0.028095 s)
>> 20 (586: 71 101 71) (0.027497 s)
>> 20 (591: 70 90 70) (0.027008 s)
>> 20 (362: 23 44 23) (0.026503 s)
>> 21 (164: 29 113 29) (0.026481 s)
>> 21 (454: 112 133 112) (0.025915 s)
>> 20 (305: 125 127 125) (0.025554 s)
>> 20 (384: 66 98 66) (0.024965 s)
>> 20 (484: 17 108 17) (0.024591 s)
>> 19 (282: 50 91 50) (0.024169 s)
>> 19 (513: 9 92 9) (0.02377 s)
>> 19 (257: 106 143 106) (0.023536 s)
>> 19 (288: 132 146 132) (0.023068 s)
>> 19 (579: 41 123 41) (0.022636 s)
>> 19 (489: 26 145 26) (0.022058 s)
>> 20 (515: 54 153 54) (0.02173 s)
>> 19 (635: 18 144 18) (0.021344 s)
>> 18 (299: 119 130 119) (0.021063 s)
>> 18 (293: 11 69 11) (0.020622 s)
>> 18 (390: 39 134 39) (0.020347 s)
>> 18 (508: 24 124 24) (0.019956 s)
>> 20 (383: 151 157 151) (0.019598 s)
>> 19 (311: 120 155 120) (0.01918 s)
>> 21 (490: 118 136 118) (0.018869 s)
>> 18 (275: 60 147 60) (0.018417 s)
>> 19 (367: 107 139 107) (0.018139 s)
>> 19 (523: 74 140 74) (0.017806 s)
>> 16 (307: 16 59 16) (0.017462 s)
>> 16 (385: 131 138 131) (0.017019 s)
>> 16 (556: 142 149 142) (0.016721 s)
>> 17 (470: 128 150 128) (0.01622 s)
>> 20 (563: 62 152 62) (0.015553 s)
>> 16 (442: 148 156 148) (0.014659 s)
>> 12 (207: 154 158 154) (0.013752 s)
>> 0 (-1: -1 -1 -1) (0.013142 s)
Zelikovsky 4.69165 s
>> 29 (167: 57 32 6) (1.46235 s)
>> 0 (-1: -1 -1 -1) (1.46174 s)
Zelikovsky- 3.11182 s
>>> get_solution
  refine_solution: new weight 31839 (was 31839) in 0.024786 s
>>> get_solution
  refine_solution: new weight 45597 (was 45597) in 0.028916 s
0,,640,204480,160,,0,0,,45597,45597,35905,31839,31839,,0,0,@@

  delete_edges: deleted 0 edges in 0.569821 s and 1 rounds
  handle_small_Steiner_degrees: steiner 0, suppress 0 in 1e-06 s
Starting round 1
Found 0 isolated vertices
Invalid ratios recomputed: 640
Best ratio is 11378/58 (196.2), centered at 477
Finding the best star... Star with 59 terminals centered in 83
round took: 1.53492 s
|V| = 640, |E| = 168490, |R| = 102
>> 0 (-1: -1 -1 -1) (0.012616 s)
Zelikovsky 1.19593 s
>> 0 (-1: -1 -1 -1) (0.933247 s)
Zelikovsky- 1.06599 s
>>> get_solution
  refine_solution: new weight 31720 (was 31720) in 0.025202 s
>>> get_solution
  refine_solution: new weight 31720 (was 31720) in 0.025089 s
1,,640,168490,102,,640,0,,31720,31720,31720,31720,31720,,11378,59,@@

  handle_small_Steiner_degrees: steiner 0, suppress 0 in 2e-06 s
Starting round 2
Found 59 isolated vertices
Invalid ratios recomputed: 581
Best ratio is 5062/26 (194.7), centered at 489
Finding the best star... Star with 27 terminals centered in 83
round took: 1.06659 s
|V| = 640, |E| = 153181, |R| = 76
>> 0 (-1: -1 -1 -1) (0.007008 s)
Zelikovsky 0.929671 s
>> 0 (-1: -1 -1 -1) (0.726765 s)
Zelikovsky- 0.842877 s
>>> get_solution
  refine_solution: new weight 31335 (was 31349) in 0.0362 s
  refine_solution: new weight 31335 (was 31335) in 0.03607 s
>>> get_solution
  refine_solution: new weight 31335 (was 31349) in 0.036444 s
  refine_solution: new weight 31335 (was 31335) in 0.036341 s
2,,581,153181,76,,581,0,,31349,31335,31349,31349,31335,,5062,27,@@

  handle_small_Steiner_degrees: steiner 0, suppress 0 in 2e-06 s
Starting round 3
Found 86 isolated vertices
Invalid ratios recomputed: 554
Best ratio is 585/3 (195.0), centered at 81
Finding the best star... Star with 4 terminals centered in 83
round took: 0.856208 s
|V| = 640, |E| = 151525, |R| = 73
>> 0 (-1: -1 -1 -1) (0.006629 s)
Zelikovsky 0.902149 s
>> 0 (-1: -1 -1 -1) (0.702073 s)
Zelikovsky- 0.815874 s
>>> get_solution
  refine_solution: new weight 31335 (was 31349) in 0.036057 s
  refine_solution: new weight 31335 (was 31335) in 0.036293 s
>>> get_solution
  refine_solution: new weight 31335 (was 31349) in 0.036122 s
  refine_solution: new weight 31335 (was 31335) in 0.036189 s
3,,554,151525,73,,554,0,,31349,31335,31349,31349,31335,,585,4,@@

  handle_small_Steiner_degrees: steiner 0, suppress 0 in 2e-06 s
Starting round 4
Found 89 isolated vertices
Invalid ratios recomputed: 551
Best ratio is 4699/24 (195.8), centered at 617
Finding the best star... Star with 25 terminals centered in 83
round took: 0.845306 s
|V| = 640, |E| = 138075, |R| = 49
>> 0 (-1: -1 -1 -1) (0.003608 s)
Zelikovsky 0.6921 s
>> 0 (-1: -1 -1 -1) (0.540482 s)
Zelikovsky- 0.638266 s
>>> get_solution
  refine_solution: new weight 31218 (was 31250) in 0.040214 s
  refine_solution: new weight 31218 (was 31218) in 0.040032 s
>>> get_solution
  refine_solution: new weight 31218 (was 31250) in 0.040814 s
  refine_solution: new weight 31218 (was 31218) in 0.040206 s
4,,551,138075,49,,551,0,,31250,31218,31250,31250,31218,,4699,25,@@

  handle_small_Steiner_degrees: steiner 0, suppress 0 in 2e-06 s
Starting round 5
Found 114 isolated vertices
Invalid ratios recomputed: 526
Best ratio is 1176/6 (196.0), centered at 83
Finding the best star... Star with 7 terminals centered in 83
round took: 0.677492 s
|V| = 640, |E| = 134940, |R| = 43
>> 0 (-1: -1 -1 -1) (0.003118 s)
Zelikovsky 0.653566 s
>> 0 (-1: -1 -1 -1) (0.511269 s)
Zelikovsky- 0.605589 s
>>> get_solution
  refine_solution: new weight 31218 (was 31250) in 0.039805 s
  refine_solution: new weight 31218 (was 31218) in 0.040241 s
>>> get_solution
  refine_solution: new weight 31218 (was 31250) in 0.040834 s
  refine_solution: new weight 31218 (was 31218) in 0.040403 s
5,,526,134940,43,,526,0,,31250,31218,31250,31250,31218,,1176,7,@@

  handle_small_Steiner_degrees: steiner 0, suppress 0 in 2e-06 s
Starting round 6
Found 120 isolated vertices
Invalid ratios recomputed: 520
Best ratio is 2364/12 (197.0), centered at 16
Finding the best star... Star with 13 terminals centered in 83
round took: 0.644083 s
|V| = 640, |E| = 128778, |R| = 31
>> 0 (-1: -1 -1 -1) (0.002208 s)
Zelikovsky 0.5648 s
>> 0 (-1: -1 -1 -1) (0.434451 s)
Zelikovsky- 0.522277 s
>>> get_solution
  refine_solution: new weight 31218 (was 31250) in 0.039996 s
  refine_solution: new weight 31218 (was 31218) in 0.04033 s
>>> get_solution
  refine_solution: new weight 31218 (was 31250) in 0.040436 s
  refine_solution: new weight 31218 (was 31218) in 0.040407 s
6,,520,128778,31,,520,0,,31250,31218,31250,31250,31218,,2364,13,@@

  handle_small_Steiner_degrees: steiner 0, suppress 0 in 1e-06 s
Starting round 7
Found 132 isolated vertices
Invalid ratios recomputed: 508
Best ratio is 1782/9 (198.0), centered at 10
Finding the best star... Star with 10 terminals centered in 83
round took: 0.574212 s
|V| = 640, |E| = 124251, |R| = 22
>> 0 (-1: -1 -1 -1) (0.00176 s)
Zelikovsky 0.51151 s
>> 0 (-1: -1 -1 -1) (0.394937 s)
Zelikovsky- 0.478169 s
>>> get_solution
  refine_solution: new weight 31218 (was 31250) in 0.040114 s
  refine_solution: new weight 31218 (was 31218) in 0.040234 s
>>> get_solution
  refine_solution: new weight 31218 (was 31250) in 0.040421 s
  refine_solution: new weight 31218 (was 31218) in 0.040511 s
7,,508,124251,22,,508,0,,31250,31218,31250,31250,31218,,1782,10,@@

  handle_small_Steiner_degrees: steiner 0, suppress 0 in 1e-06 s
Starting round 8
Found 141 isolated vertices
Invalid ratios recomputed: 499
Best ratio is 1393/7 (199.0), centered at 9
Finding the best star... Star with 8 terminals centered in 83
round took: 0.522732 s
|V| = 640, |E| = 120786, |R| = 15
>> 0 (-1: -1 -1 -1) (0.001448 s)
Zelikovsky 0.47401 s
>> 0 (-1: -1 -1 -1) (0.36508 s)
Zelikovsky- 0.444502 s
>>> get_solution
  refine_solution: new weight 31218 (was 31250) in 0.039833 s
  refine_solution: new weight 31218 (was 31218) in 0.040245 s
>>> get_solution
  refine_solution: new weight 31218 (was 31250) in 0.040512 s
  refine_solution: new weight 31218 (was 31218) in 0.040228 s
8,,499,120786,15,,499,0,,31250,31218,31250,31250,31218,,1393,8,@@

  handle_small_Steiner_degrees: steiner 0, suppress 0 in 2e-06 s
Starting round 9
Found 148 isolated vertices
Invalid ratios recomputed: 492
Best ratio is 1200/6 (200.0), centered at 15
Finding the best star... Star with 7 terminals centered in 83
round took: 0.481554 s
|V| = 640, |E| = 117855, |R| = 9
>> 0 (-1: -1 -1 -1) (0.001285 s)
Zelikovsky 0.451005 s
>> 0 (-1: -1 -1 -1) (0.346327 s)
Zelikovsky- 0.42355 s
>>> get_solution
  refine_solution: new weight 31218 (was 31250) in 0.039924 s
  refine_solution: new weight 31218 (was 31218) in 0.040228 s
>>> get_solution
  refine_solution: new weight 31218 (was 31250) in 0.040554 s
  refine_solution: new weight 31218 (was 31218) in 0.040389 s
9,,492,117855,9,,492,0,,31250,31218,31250,31250,31218,,1200,7,@@

  handle_small_Steiner_degrees: steiner 0, suppress 0 in 1e-06 s
Starting round 10
Found 154 isolated vertices
Invalid ratios recomputed: 486
Best ratio is 1206/6 (201.0), centered at 38
Finding the best star... Star with 7 terminals centered in 83
round took: 0.453868 s
|V| = 640, |E| = 114960, |R| = 3
>> 0 (-1: -1 -1 -1) (0.001176 s)
Zelikovsky 0.433485 s
>> 0 (-1: -1 -1 -1) (0.329754 s)
Zelikovsky- 0.404114 s
>>> get_solution
  refine_solution: new weight 31218 (was 31250) in 0.040093 s
  refine_solution: new weight 31218 (was 31218) in 0.040381 s
>>> get_solution
  refine_solution: new weight 31218 (was 31250) in 0.04047 s
  refine_solution: new weight 31218 (was 31218) in 0.040373 s
10,,486,114960,3,,486,0,,31250,31218,31250,31250,31218,,1206,7,@@

  handle_small_Steiner_degrees: steiner 0, suppress 0 in 1e-06 s
Starting round 11
Found 160 isolated vertices
Invalid ratios recomputed: 480
Best ratio is 202/1 (202.0), centered at 80
Finding the best star... Star with 2 terminals centered in 83
round took: 0.426559 s
|V| = 640, |E| = 114481, |R| = 2
Zelikovsky 0.426612 s
Zelikovsky- 0.073788 s
>>> get_solution
  refine_solution: new weight 31218 (was 31250) in 0.039929 s
  refine_solution: new weight 31218 (was 31218) in 0.040551 s
>>> get_solution
  refine_solution: new weight 31218 (was 31250) in 0.040585 s
  refine_solution: new weight 31218 (was 31218) in 0.040304 s
11,,480,114481,2,,480,0,,31250,31218,31250,31250,31218,,202,2,@@

  handle_small_Steiner_degrees: steiner 0, suppress 0 in 1e-06 s
Starting round 12
Found 161 isolated vertices
Invalid ratios recomputed: 479
Best ratio is 203/1 (203.0), centered at 83
Finding the best star... Star with 2 terminals centered in 83
round took: 0.420701 s
|V| = 640, |E| = 114003, |R| = 1
Zelikovsky 0.424999 s
Zelikovsky- 0.073243 s
>>> get_solution
  refine_solution: new weight 31218 (was 31250) in 0.040022 s
  refine_solution: new weight 31218 (was 31218) in 0.040352 s
>>> get_solution
  refine_solution: new weight 31218 (was 31250) in 0.040444 s
  refine_solution: new weight 31218 (was 31218) in 0.040279 s
12,,479,114003,1,,479,0,,31250,31218,31250,31250,31218,,203,2,@@

  handle_small_Steiner_degrees: steiner 0, suppress 0 in 1e-06 s
contract_till_the_bitter_end: 37.1104 s

Calling end_heu
>>> get_solution
Saved weight 0
end_heu: 0 loops with 0 unique solutions in 5.9e-05 s

Calling print_solution
>>> get_solution
  refine_solution: new weight 31218 (was 31250) in 0.040603 s
Oops orig weight was 31250 but we got 31218
## FINAL WEIGHT 31218
print_solution: 0.213936 s
