Version: final-94-gfffc3aa rub_all.sh: remove longest prefix
Random seed: 1557095288
Start
>>> save_orig_graph
>> Saved weight 0
Graph loaded
|V| = 147719, |E| = 214176, |R| = 2992
First clearance of the input. Calling buy_zero and run_all_heuristics.
  buy_zero: 4508 zero edges in 0.009196 s
  handle_small_terminal_degrees: terms 0 in 0.000115 s
  handle_small_Steiner_degrees: steiner 26, suppress 59401 in 0.036439 s
  shortest_edge_between_terminals: 0 edges in 0.000966 s
  handle_small_terminal_degrees: terms 0 in 0.000143 s
  handle_small_Steiner_degrees: steiner 2, suppress 1261 in 0.001524 s
  shortest_edge_between_terminals: 0 edges in 0.000754 s
  handle_small_terminal_degrees: terms 0 in 0.000114 s
  handle_small_Steiner_degrees: steiner 0, suppress 98 in 0.000287 s
  shortest_edge_between_terminals: 0 edges in 0.000508 s
  handle_small_terminal_degrees: terms 0 in 0.000221 s
  handle_small_Steiner_degrees: steiner 0, suppress 34 in 0.000285 s
  shortest_edge_between_terminals: 0 edges in 0.00046 s
  handle_small_terminal_degrees: terms 0 in 0.000221 s
  handle_small_Steiner_degrees: steiner 0, suppress 29 in 0.000285 s
  shortest_edge_between_terminals: 0 edges in 0.000454 s
  handle_small_terminal_degrees: terms 0 in 0.00022 s
  handle_small_Steiner_degrees: steiner 0, suppress 16 in 0.000275 s
  shortest_edge_between_terminals: 0 edges in 0.000443 s
  handle_small_terminal_degrees: terms 0 in 0.000221 s
  handle_small_Steiner_degrees: steiner 0, suppress 12 in 0.00027 s
  shortest_edge_between_terminals: 0 edges in 0.00046 s
  handle_small_terminal_degrees: terms 0 in 0.000223 s
  handle_small_Steiner_degrees: steiner 0, suppress 12 in 0.000273 s
  shortest_edge_between_terminals: 0 edges in 0.000463 s
  handle_small_terminal_degrees: terms 0 in 0.000225 s
  handle_small_Steiner_degrees: steiner 0, suppress 7 in 0.000279 s
  shortest_edge_between_terminals: 0 edges in 0.00045 s
  handle_small_terminal_degrees: terms 0 in 0.000221 s
  handle_small_Steiner_degrees: steiner 0, suppress 10 in 0.000266 s
  shortest_edge_between_terminals: 0 edges in 0.000471 s
  handle_small_terminal_degrees: terms 0 in 0.00022 s
  handle_small_Steiner_degrees: steiner 0, suppress 7 in 0.000264 s
  shortest_edge_between_terminals: 0 edges in 0.000475 s
  handle_small_terminal_degrees: terms 0 in 0.000221 s
  handle_small_Steiner_degrees: steiner 0, suppress 4 in 0.000275 s
  shortest_edge_between_terminals: 0 edges in 0.000518 s
  handle_small_terminal_degrees: terms 0 in 0.000221 s
  handle_small_Steiner_degrees: steiner 0, suppress 5 in 0.000272 s
  shortest_edge_between_terminals: 0 edges in 0.000515 s
  handle_small_terminal_degrees: terms 0 in 0.000218 s
  handle_small_Steiner_degrees: steiner 0, suppress 6 in 0.000279 s
  shortest_edge_between_terminals: 0 edges in 0.000513 s
  handle_small_terminal_degrees: terms 0 in 0.000218 s
  handle_small_Steiner_degrees: steiner 0, suppress 6 in 0.000276 s
  shortest_edge_between_terminals: 0 edges in 0.000519 s
  handle_small_terminal_degrees: terms 0 in 0.000219 s
  handle_small_Steiner_degrees: steiner 0, suppress 2 in 0.000277 s
  shortest_edge_between_terminals: 0 edges in 0.000506 s
  handle_small_terminal_degrees: terms 0 in 0.000219 s
  handle_small_Steiner_degrees: steiner 0, suppress 4 in 0.000273 s
  shortest_edge_between_terminals: 0 edges in 0.000492 s
  handle_small_terminal_degrees: terms 0 in 0.000221 s
  handle_small_Steiner_degrees: steiner 0, suppress 2 in 0.000278 s
  shortest_edge_between_terminals: 0 edges in 0.000492 s
  handle_small_terminal_degrees: terms 0 in 0.00022 s
  handle_small_Steiner_degrees: steiner 0, suppress 2 in 0.000275 s
  shortest_edge_between_terminals: 0 edges in 0.000481 s
  handle_small_terminal_degrees: terms 0 in 0.000124 s
  handle_small_Steiner_degrees: steiner 0, suppress 0 in 0.000195 s
  shortest_edge_between_terminals: 0 edges in 0.00035 s
Compressed graph 147719 -> 82516
  delete_edges: deleted 6046 edges in 0.199028 s and 5 rounds
  handle_small_terminal_degrees: terms 0 in 0.000247 s
  handle_small_Steiner_degrees: steiner 34, suppress 4321 in 0.012483 s
  shortest_edge_between_terminals: 0 edges in 0.001241 s
  handle_small_terminal_degrees: terms 2 in 0.000149 s
  handle_small_Steiner_degrees: steiner 1, suppress 73 in 0.000216 s
  shortest_edge_between_terminals: 0 edges in 0.000386 s
  handle_small_terminal_degrees: terms 1 in 7e-05 s
  handle_small_Steiner_degrees: steiner 0, suppress 6 in 0.000127 s
  shortest_edge_between_terminals: 0 edges in 0.000267 s
  handle_small_terminal_degrees: terms 0 in 6.7e-05 s
  handle_small_Steiner_degrees: steiner 0, suppress 0 in 0.000123 s
  shortest_edge_between_terminals: 0 edges in 0.000248 s
Compressed graph 82516 -> 78078
  delete_edges_shortest_path: deleted 9411 edges in 2.64351 s
  handle_small_terminal_degrees: terms 6 in 0.000107 s
  handle_small_Steiner_degrees: steiner 893, suppress 8756 in 0.008123 s
  shortest_edge_between_terminals: 0 edges in 0.0006 s
  handle_small_terminal_degrees: terms 16 in 9.7e-05 s
  handle_small_Steiner_degrees: steiner 20, suppress 853 in 0.000844 s
  shortest_edge_between_terminals: 0 edges in 0.000346 s
  handle_small_terminal_degrees: terms 6 in 7.6e-05 s
  handle_small_Steiner_degrees: steiner 2, suppress 76 in 0.000172 s
  shortest_edge_between_terminals: 0 edges in 0.000242 s
  handle_small_terminal_degrees: terms 1 in 6.5e-05 s
  handle_small_Steiner_degrees: steiner 1, suppress 4 in 0.00012 s
  shortest_edge_between_terminals: 0 edges in 0.000226 s
  handle_small_terminal_degrees: terms 0 in 6.2e-05 s
  handle_small_Steiner_degrees: steiner 0, suppress 2 in 0.000118 s
  shortest_edge_between_terminals: 0 edges in 0.000237 s
  handle_small_terminal_degrees: terms 0 in 6.3e-05 s
  handle_small_Steiner_degrees: steiner 0, suppress 0 in 0.000116 s
  shortest_edge_between_terminals: 0 edges in 0.000217 s
Compressed graph 78078 -> 67442
  handle_small_terminal_degrees: terms 0 in 5.1e-05 s
  handle_small_Steiner_degrees: steiner 0, suppress 8 in 0.000112 s
  shortest_edge_between_terminals: 1 edges in 0.000781 s
  handle_small_terminal_degrees: terms 0 in 5.6e-05 s
  handle_small_Steiner_degrees: steiner 1, suppress 3 in 0.000107 s
  shortest_edge_between_terminals: 0 edges in 0.000284 s
  handle_small_terminal_degrees: terms 1 in 5.2e-05 s
  handle_small_Steiner_degrees: steiner 0, suppress 2 in 0.000107 s
  shortest_edge_between_terminals: 0 edges in 0.000202 s
  handle_small_terminal_degrees: terms 0 in 5.4e-05 s
  handle_small_Steiner_degrees: steiner 0, suppress 0 in 0.000106 s
  shortest_edge_between_terminals: 0 edges in 0.000199 s
Compressed graph 67442 -> 67400
  delete_edges_shortest_path: deleted 1558 edges in 1.3396 s
  handle_small_terminal_degrees: terms 7 in 8.1e-05 s
  handle_small_Steiner_degrees: steiner 34, suppress 1674 in 0.00188 s
  shortest_edge_between_terminals: 2 edges in 0.000615 s
  handle_small_terminal_degrees: terms 5 in 6.4e-05 s
  handle_small_Steiner_degrees: steiner 1, suppress 82 in 0.00017 s
  shortest_edge_between_terminals: 0 edges in 0.000256 s
  handle_small_terminal_degrees: terms 2 in 5.8e-05 s
  handle_small_Steiner_degrees: steiner 0, suppress 4 in 0.000108 s
  shortest_edge_between_terminals: 0 edges in 0.0002 s
  handle_small_terminal_degrees: terms 1 in 5.6e-05 s
  handle_small_Steiner_degrees: steiner 0, suppress 0 in 0.000105 s
  shortest_edge_between_terminals: 0 edges in 0.000194 s
  handle_small_terminal_degrees: terms 0 in 5.1e-05 s
  handle_small_Steiner_degrees: steiner 0, suppress 0 in 0.000105 s
  shortest_edge_between_terminals: 0 edges in 0.000195 s
Compressed graph 67400 -> 65589
Compressed graph 65589 -> 65589
>>> save_orig_graph
>> Saved weight 373724
### ZEL_LVL=9 PRECISE_STARS=0

Calling `contract_till_the_bitter_end`
|V| = 65589, |E| = 109592, |R| = 2995
>> 15979 (1382: 44355 44365 44355) (95.8031 s)
>> 17636 (60651: 44373 46800 44373) (93.5495 s)
>> 13633 (11: 43929 43960 43929) (93.0173 s)
>> 12118 (38435: 5242 58556 5242) (95.1372 s)
>> 11111 (18103: 27053 52783 27053) (94.0452 s)
>> 11040 (22671: 28284 53356 28284) (88.6542 s)
>> 10305 (534: 43916 46734 43916) (95.4068 s)
>> 10203 (11636: 59338 59442 59338) (92.9854 s)
>> 9911 (17806: 2621 4297 2621) (92.7673 s)
>> 9785 (30783: 55752 55781 55752) (93.1762 s)
>> 9693 (23715: 44702 53556 44702) (94.1093 s)
>> 9633 (61587: 10396 60547 10396) (92.9984 s)
>> 9619 (22718: 53337 53376 53337) (95.3192 s)
>> 9361 (51760: 51714 51756 51714) (111.39 s)
>> 9139 (50072: 49039 50063 49039) (116.219 s)
>> 9136 (46115: 55250 55258 55250) (112.286 s)
>> 8903 (45069: 45058 45088 45058) (115.242 s)
>> 8868 (63207: 47532 47538 47532) (121.241 s)
>> 8864 (3616: 53788 55455 53788) (110.154 s)
>> 8850 (38403: 55479 55484 55479) (121.463 s)
>> 8845 (25369: 55705 55721 55705) (116.59 s)
>> 8786 (15729: 54738 54740 54738) (111.844 s)
>> 8694 (18253: 51960 52227 51960) (120.441 s)
>> 8619 (54040: 54038 54062 54038) (162.927 s)
>> 8566 (2142: 44582 44727 44582) (106.784 s)
>> 8475 (17214: 33547 52753 33547) (108.918 s)
>> 8408 (41448: 59873 59884 59873) (120.256 s)
>> 8401 (16713: 51567 51596 51567) (111.224 s)
>> 8401 (19485: 52475 52487 52475) (124.706 s)
>> 8390 (53880: 53863 53873 53863) (106.708 s)
>> 8364 (14741: 47083 47109 47083) (108.895 s)
>> 8319 (17360: 16879 51803 16879) (98.8181 s)
>> 8312 (27897: 17394 54442 17394) (92.2843 s)
>> 8300 (39735: 7554 59082 7554) (92.3502 s)
>> 8293 (28682: 55131 55154 55131) (97.0495 s)
>> 8282 (44993: 44979 44986 44979) (98.9272 s)
>> 8247 (6206: 46995 47310 46995) (117 s)
>> 8241 (6173: 47392 47498 47392) (113.28 s)
>> 8521 (7409: 47376 47558 47376) (100.029 s)
>> 8216 (47253: 47243 47289 47243) (99.4041 s)
>> 8998 (47373: 47135 47358 47135) (99.7816 s)
>> 8106 (26864: 54518 56095 54518) (99.6421 s)
>> 8100 (24197: 5286 21555 5286) (100.074 s)
>> 8071 (10625: 49050 49065 49050) (100.692 s)
>> 8045 (16868: 51610 51621 51610) (100.702 s)
>> 8005 (23577: 7063 53527 7063) (101.976 s)
>> 8003 (10667: 47178 47198 47178) (101.58 s)
>> 7995 (26267: 27620 54581 27620) (101.951 s)
>> 8296 (23495: 55082 55088 55082) (102.316 s)
>> 7992 (24306: 60093 60105 60093) (98.1556 s)
>> 7980 (3461: 45110 45270 45110) (94.4929 s)
>> 7977 (44311: 44432 47072 44432) (97.3043 s)
>> 7940 (22920: 3602 12714 3602) (98.5908 s)
>> 7938 (43169: 29562 57642 29562) (98.8695 s)
>> 7919 (29387: 55464 55469 55464) (100.517 s)
>> 7912 (44325: 44060 44321 44060) (104.365 s)
>> 7886 (24161: 1731 5164 1731) (99.591 s)
>> 7883 (22170: 59747 59753 59747) (101.973 s)
>> 7864 (15293: 51024 51031 51024) (103.012 s)
>> 7856 (7587: 47625 47697 47625) (99.5558 s)
>> 7846 (19811: 53119 53131 53119) (108.076 s)
>> 7844 (2985: 45049 45136 45049) (103.278 s)
>> 7842 (13629: 50178 50467 50178) (103.891 s)
>> 7744 (5921: 46740 46751 46740) (101.302 s)
>> 7733 (3360: 45218 45223 45218) (98.6859 s)
>> 7731 (61859: 47269 47462 47269) (101.48 s)
>> 7725 (1634: 44466 44473 44466) (100.46 s)
>> 7724 (28818: 55125 55235 55125) (99.2579 s)
>> 7724 (61574: 8417 21320 8417) (98.4539 s)
>> 7714 (40657: 59423 59426 59423) (113.118 s)
>> 7660 (27841: 31931 36120 31931) (95.3087 s)
>> 7659 (41782: 59904 59917 59904) (106.272 s)
>> 7652 (4315: 53761 55420 53761) (147.791 s)
>> 7620 (61049: 30790 41260 30790) (123.957 s)
>> 7616 (45047: 52251 52268 52251) (164.03 s)
>> 7565 (6692: 5053 60295 5053) (120.234 s)
>> 7524 (4100: 45556 45571 45556) (118.489 s)
>> 7516 (64456: 51992 52042 51992) (141.27 s)
>> 7509 (57253: 57244 57249 57244) (123.934 s)
>> 7507 (62851: 50232 50257 50232) (124.319 s)
>> 7504 (24303: 59778 60057 59778) (125.318 s)
>> 7456 (24596: 53824 53881 53824) (124.083 s)
>> 7450 (19417: 52440 53316 52440) (114.214 s)
>> 7432 (40241: 59280 60306 59280) (95.469 s)
>> 7429 (34771: 39234 57062 39234) (95.9844 s)
>> 7414 (38318: 3445 60213 3445) (98.1644 s)
>> 7399 (61695: 55146 56482 55146) (97.3867 s)
>> 7352 (14046: 50609 50623 50609) (98.4893 s)
>> 7343 (13586: 50462 50470 50462) (98.2857 s)
>> 7318 (51475: 50911 51469 50911) (98.3065 s)
>> 7303 (16850: 46943 47408 46943) (97.6436 s)
>> 7294 (35907: 55917 55928 55917) (97.1679 s)
>> 7282 (32381: 20717 56285 20717) (97.988 s)
>> 7278 (13989: 24668 52766 24668) (97.8672 s)
>> 7277 (49715: 49695 49703 49695) (97.4198 s)
>> 7268 (61083: 51448 51452 51448) (97.3063 s)
>> 7265 (61714: 29266 56378 29266) (97.691 s)
>> 7259 (33964: 22636 56833 22636) (97.4691 s)
>> 7243 (46928: 44569 46924 44569) (97.418 s)
>> 7239 (55209: 55194 55206 55194) (97.349 s)
>> 7237 (15717: 51212 51220 51212) (97.4479 s)
>> 7236 (37500: 56329 56333 56329) (97.3667 s)
>> 7234 (4758: 46727 46889 46727) (97.6877 s)
>> 7223 (44806: 44796 44804 44796) (102.424 s)
>> 7215 (61344: 52548 53204 52548) (108.828 s)
>> 7210 (25843: 56762 56792 56762) (112.393 s)
>> 7189 (31102: 22486 55870 22486) (114.818 s)
>> 7185 (12304: 59188 59202 59188) (117.732 s)
>> 7161 (11124: 53418 59060 53418) (126.675 s)
>> 7154 (43827: 43793 43821 43793) (143.214 s)
>> 7115 (32627: 56516 56533 56516) (172.894 s)
>> 7111 (12123: 59396 59418 59396) (265.39 s)
>> 7094 (23394: 37583 57515 37583) (246.982 s)
>> 7092 (13744: 50501 50507 50501) (253.089 s)
>> 7084 (26606: 23471 39251 23471) (294.65 s)
>> 7083 (13983: 50821 50860 50821) (309.173 s)
>> 7081 (56186: 56183 56203 56183) (318.392 s)
>> 7075 (15545: 1327 13964 1327) (370.834 s)
>> 7071 (1324: 44339 44340 44339) (306.256 s)
>> 7064 (16655: 51575 51585 51575) (116.297 s)
>> 7064 (62014: 18886 60310 18886) (107.517 s)
>> 7448 (42692: 60262 60343 60262) (98.1319 s)
>> 7061 (8304: 55496 55500 55496) (95.269 s)
>> 7048 (52470: 28420 29287 28420) (95.4887 s)
>> 7047 (45500: 45495 45506 45495) (96.2865 s)
>> 7040 (3683: 45370 45406 45370) (97.6832 s)
>> 7040 (34066: 56694 56844 56694) (98.8096 s)
>> 7607 (51983: 56698 56704 56698) (96.8552 s)
>> 7089 (33738: 23656 56759 23656) (107.501 s)
>> 7273 (33241: 56536 56545 56536) (114.234 s)
>> 7037 (5123: 45803 46219 45803) (115.271 s)
>> 7016 (40237: 529 59331 529) (112.652 s)
>> 7000 (23699: 1875 2820 1875) (107.543 s)
>> 6986 (14471: 54620 54626 54620) (102.182 s)
>> 6980 (37991: 37308 38760 37308) (99.998 s)
>> 6976 (16615: 59927 59938 59927) (105.866 s)
>> 6961 (25350: 56140 56159 56140) (109.272 s)
>> 6959 (17818: 53837 53896 53837) (108.065 s)
>> 6950 (7794: 44865 47720 44865) (109.249 s)
>> 6948 (47758: 53908 56219 53908) (99.5132 s)
>> 6937 (19239: 55626 55631 55626) (99.0084 s)
>> 6936 (46992: 46985 47140 46985) (107.529 s)
>> 6936 (34561: 27887 37152 27887) (103.587 s)
>> 6934 (22247: 55955 57982 55955) (107.456 s)
>> 6917 (32602: 56492 56557 56492) (102.36 s)
>> 6916 (61442: 22787 54670 22787) (102.458 s)
>> 6916 (54723: 57384 57396 57384) (104.951 s)
>> 6915 (55689: 55685 55696 55685) (101.604 s)
>> 6906 (12484: 47755 50008 47755) (105.253 s)
>> 6901 (14284: 45168 45182 45168) (102.628 s)
>> 6896 (12200: 52143 52148 52143) (113.753 s)
>> 6896 (1356: 32784 53509 32784) (104.989 s)
>> 6891 (24420: 692 53766 692) (108.57 s)
>> 6891 (23094: 22484 32786 22484) (117.544 s)
>> 6887 (57348: 17987 54759 17987) (107.348 s)
>> 6878 (22603: 52518 53360 52518) (105.572 s)
>> 7243 (19561: 52499 52507 52499) (109.736 s)
>> 6863 (8749: 48330 50453 48330) (102.764 s)
>> 7237 (8639: 48315 48316 48315) (104.285 s)
>> 6841 (15345: 50943 50970 50943) (107.615 s)
>> 6840 (6499: 13876 55969 13876) (108.899 s)
>> 6838 (59206: 59205 59219 59205) (99.4102 s)
>> 6834 (46789: 51163 51623 51163) (107.521 s)
>> 6796 (6536: 47099 47125 47099) (141.221 s)
>> 6795 (33667: 54570 54577 54570) (176.377 s)
>> 6792 (33037: 52638 59001 52638) (125.225 s)
>> 6788 (56617: 43142 56467 43142) (133.679 s)
>> 6777 (57224: 18605 57140 18605) (135.636 s)
>> 6769 (22426: 31434 37883 31434) (122.087 s)
>> 6760 (1834: 44530 44541 44530) (104.699 s)
>> 6757 (27190: 35873 56244 35873) (104.568 s)
>> 6755 (32295: 52064 56489 52064) (109.349 s)
>> 6740 (2154: 6470 15199 6470) (113.511 s)
>> 6740 (30270: 55646 55810 55646) (114.587 s)
>> 6724 (59254: 54229 54243 54229) (119.248 s)
>> 6839 (61500: 54020 54213 54020) (123.482 s)
>> 6718 (213: 43767 43854 43767) (122.263 s)
>> 6717 (14579: 58188 58198 58188) (124.035 s)
>> 6715 (31884: 26963 57446 26963) (125.611 s)
>> 6698 (57258: 24134 24191 24134) (138.021 s)
>> 6697 (10973: 47183 47190 47183) (123.667 s)
>> 6691 (23507: 59539 59574 59539) (114.265 s)
>> 6682 (34819: 38635 39235 38635) (113.45 s)
>> 7464 (39005: 37356 57150 37356) (111.3 s)
>> 6671 (12340: 51058 51857 51058) (117.605 s)
>> 6666 (34373: 56825 56977 56825) (109.105 s)
>> 6666 (48677: 48469 48675 48469) (116.216 s)
>> 6663 (6235: 48600 49237 48600) (121.38 s)
>> 6658 (12148: 45287 45294 45287) (123.609 s)
>> 6653 (23452: 53597 56752 53597) (120.812 s)
>> 6643 (21989: 57518 57543 57518) (146.814 s)
>> 6637 (16983: 51633 51646 51633) (176.991 s)
>> 6927 (17104: 51628 51689 51628) (129.883 s)
>> 6636 (6934: 47328 47336 47328) (128.59 s)
>> 6626 (58932: 19312 57873 19312) (121.43 s)
>> 6625 (40080: 59252 59267 59252) (126.627 s)
>> 6621 (32887: 29404 42545 29404) (137.649 s)
>> 6618 (47225: 44938 47218 44938) (141.782 s)
>> 6609 (51019: 50716 51004 50716) (173.777 s)
>> 6602 (27082: 15736 33204 15736) (196.824 s)
>> 6591 (48149: 47746 48142 47746) (311.258 s)
>> 6589 (32803: 19305 59524 19305) (110.628 s)
>> 6585 (34995: 23725 38517 23725) (108.63 s)
>> 6617 (30082: 57204 57242 57204) (109.136 s)
>> 6574 (6267: 46954 47007 46954) (106.677 s)
>> 6569 (7573: 47592 47606 47592) (103.648 s)
>> 6563 (41912: 59944 59958 59944) (147.209 s)
>> 6556 (14728: 56008 58262 56008) (243.325 s)
>> 6551 (31559: 28240 51234 28240) (191.368 s)
>> 6540 (44554: 47090 47103 47090) (163.093 s)
>> 6538 (38197: 3814 58451 3814) (101.26 s)
>> 6530 (23006: 7756 60415 7756) (101.681 s)
>> 6528 (2185: 44766 44783 44766) (103.273 s)
>> 6527 (16376: 51822 51843 51822) (125.549 s)
>> 6524 (12509: 50016 50038 50016) (120.319 s)
>> 6520 (42216: 4466 59853 4466) (119.71 s)
>> 6625 (24206: 46963 47313 46963) (114.442 s)
>> 6519 (10781: 59138 59162 59138) (115.276 s)
>> 6518 (61938: 59282 59314 59282) (115.152 s)
>> 6515 (49801: 48948 49799 48948) (113.88 s)
>> 6514 (27746: 22644 54793 22644) (117.764 s)
>> 6512 (42416: 60158 60269 60158) (117.628 s)
>> 6507 (64477: 46148 46810 46148) (118.151 s)
>> 6507 (62458: 56387 56413 56387) (113.578 s)
>> 6620 (53442: 56321 56340 56321) (114.365 s)
>> 6506 (23942: 39309 57217 39309) (125.512 s)
>> 6503 (10532: 43693 43721 43693) (110.406 s)
>> 6493 (6594: 48616 48991 48616) (124.988 s)
>> 6490 (20640: 56438 56441 56438) (124.849 s)
>> 6488 (11262: 49815 49865 49815) (129.73 s)
>> 6484 (25598: 31377 54201 31377) (128.234 s)
>> 6474 (37873: 25955 58512 25955) (139.703 s)
>> 6473 (13706: 51296 51316 51296) (127.877 s)
>> 6467 (51120: 51095 51107 51095) (120.55 s)
>> 6465 (44879: 44848 44873 44848) (123.062 s)
>> 6457 (15461: 50812 51100 50812) (133.101 s)
>> 6447 (61793: 22118 58273 22118) (126.919 s)
>> 6442 (4717: 45944 45973 45944) (127.829 s)
>> 6441 (19662: 54233 54247 54233) (129.181 s)
>> 6440 (11543: 12793 60543 12793) (129.336 s)
>> 6436 (5524: 59947 59951 59947) (119.432 s)
>> 6435 (33928: 57905 58622 57905) (119.133 s)
>> 6902 (57884: 34529 57222 34529) (119.524 s)
>> 6432 (31390: 58283 58286 58283) (121.307 s)
>> 6428 (10815: 49102 49121 49102) (121.442 s)
>> 6406 (24079: 37540 56809 37540) (120.772 s)
>> 6401 (24723: 53853 53904 53853) (119.895 s)
>> 6400 (44762: 50280 50549 50280) (121.681 s)
>> 6397 (13062: 50382 50395 50382) (120.884 s)
>> 6392 (35165: 57326 58429 57326) (121.084 s)
>> 6485 (22477: 58446 58631 58446) (120.385 s)
>> 6390 (56683: 56682 56709 56682) (119.945 s)
>> 6380 (37838: 36513 58400 36513) (121.222 s)
>> 6379 (23973: 46074 53661 46074) (120.669 s)
>> 6378 (36683: 54932 58144 54932) (120.957 s)
>> 6375 (10024: 49321 49328 49321) (121.518 s)
>> 6373 (50933: 50917 50927 50917) (120.398 s)
>> 6372 (11405: 49436 49470 49436) (121.974 s)
>> 6372 (52580: 52578 52971 52578) (121.489 s)
>> 6982 (19921: 52437 52583 52437) (118.309 s)
>> 6366 (22001: 42188 57764 42188) (110.859 s)
>> 6361 (6381: 49179 49220 49179) (109.94 s)
>> 6608 (49526: 49500 49524 49500) (114.064 s)
>> 6359 (47285: 53919 53932 53919) (113.852 s)
>> 6354 (2085: 44676 44686 44676) (113.048 s)
>> 6343 (44199: 44195 44201 44195) (114.378 s)
>> 6340 (48671: 48639 48663 48639) (113.198 s)
>> 6339 (60984: 48630 48655 48630) (115.283 s)
>> 6332 (51555: 51529 51553 51529) (113.643 s)
>> 6332 (14102: 50644 50666 50644) (114.599 s)
>> 6330 (16728: 51571 51590 51571) (112.758 s)
>> 6324 (33355: 25037 25241 25037) (113.225 s)
>> 6319 (10555: 49043 50128 49043) (114.393 s)
>> 6463 (12654: 50089 50098 50089) (114.507 s)
>> 6414 (10278: 48342 48356 48342) (115.138 s)
>> 6317 (8986: 48388 48410 48388) (114.241 s)
>> 6314 (33152: 56511 56513 56511) (115.156 s)
>> 6312 (55598: 27843 28066 27843) (114.004 s)
>> 6293 (33661: 27608 56716 27608) (115.83 s)
>> 6288 (56932: 56900 56909 56900) (113.512 s)
>> 6286 (10752: 59180 59183 59180) (114.521 s)
>> 6275 (15902: 53571 53576 53571) (116.05 s)
>> 6274 (38169: 54359 54361 54359) (117.353 s)
>> 6273 (27959: 55649 55656 55649) (158.949 s)
>> 6271 (65375: 48738 48762 48738) (100.912 s)
>> 6271 (58462: 14583 58460 14583) (103.853 s)
>> 6270 (37174: 59897 59901 59897) (109.15 s)
>> 6266 (31978: 25511 55000 25511) (114.228 s)
>> 6265 (23270: 56338 56342 56338) (106.332 s)
>> 6262 (34108: 37604 41266 37604) (105.821 s)
>> 6261 (45215: 44860 44922 44860) (110.602 s)
>> 6260 (53705: 39314 57504 39314) (117.332 s)
>> 6253 (44553: 44547 44556 44547) (106.817 s)
>> 6251 (1670: 44478 44483 44478) (115.921 s)
>> 6248 (37695: 58218 58347 58218) (109.794 s)
>> 6242 (23477: 25909 59496 25909) (114.878 s)
>> 6239 (243: 43779 43830 43779) (110.698 s)
>> 6238 (53488: 20291 57499 20291) (102.441 s)
>> 6231 (20150: 54089 56104 54089) (104.45 s)
>> 6229 (44525: 45163 59697 45163) (111.116 s)
>> 6322 (59704: 59687 59699 59687) (110.59 s)
>> 6225 (25862: 52087 52110 52087) (106.922 s)
>> 6218 (53045: 53036 53040 53036) (123.18 s)
>> 6216 (40591: 59223 59400 59223) (130.68 s)
>> 6233 (61917: 59242 59265 59242) (135.413 s)
>> 6208 (48299: 48285 48291 48285) (110.605 s)
>> 6204 (64575: 45378 45634 45378) (98.9111 s)
>> 6202 (43924: 43683 43922 43683) (95.6593 s)
>> 6198 (47979: 47962 47970 47962) (95.5038 s)
>> 6196 (18630: 22690 26699 22690) (99.4181 s)
>> 6195 (34881: 39972 57290 39972) (102.007 s)
>> 6192 (3867: 45871 45875 45871) (102.25 s)
>> 6174 (21878: 56392 56401 56392) (102.293 s)
>> 7083 (42222: 56344 56370 56344) (102.442 s)
>> 6381 (29232: 56365 56372 56365) (102.729 s)
>> 6173 (4474: 45719 45811 45719) (105.617 s)
>> 6171 (47855: 47845 47854 47845) (110.554 s)
>> 6168 (52612: 52607 52615 52607) (110.328 s)
>> 6162 (26945: 31898 56154 31898) (111.023 s)
>> 6341 (25354: 35666 56168 35666) (109.695 s)
>> 6161 (36711: 41212 57713 41212) (114.745 s)
>> 6157 (5017: 55409 55415 55409) (111.206 s)
>> 6157 (27742: 57412 57416 57412) (115.04 s)
>> 6148 (14294: 45489 45520 45489) (114.929 s)
>> 6983 (4669: 45533 45930 45533) (100.412 s)
>> 6139 (17926: 51904 51918 51904) (104.62 s)
>> 6137 (31189: 56144 56145 56144) (107.797 s)
>> 6250 (25345: 56126 56171 56126) (106.535 s)
>> 6133 (10448: 48985 49002 48985) (109.998 s)
>> 6131 (16263: 51083 51402 51083) (134.817 s)
>> 6130 (34142: 56869 56886 56869) (112.83 s)
>> 6124 (14522: 50727 50731 50727) (114.166 s)
>> 6120 (41514: 41393 56855 41393) (108.241 s)
>> 6119 (36936: 59799 59837 59799) (108.458 s)
>> 7496 (24108: 3784 8084 3784) (111.17 s)
>> 6114 (37315: 58200 58206 58200) (113.37 s)
>> 6101 (32701: 56005 56024 56005) (126.592 s)
>> 6095 (7615: 47761 47770 47761) (119.329 s)
>> 6093 (59589: 59587 59607 59587) (106.893 s)
>> 6087 (63378: 53297 53305 53297) (117.123 s)
>> 6068 (8318: 49724 49728 49724) (107.327 s)
>> 6066 (12073: 49730 51033 49730) (116.866 s)
>> 7060 (12071: 49775 50474 49775) (115.499 s)
>> 6062 (33893: 56726 56810 56726) (113.263 s)
>> 6425 (32611: 56711 56731 56711) (107.111 s)
>> 6058 (52495: 20386 52494 20386) (115.337 s)
>> 6056 (49927: 49359 49885 49359) (120.383 s)
>> 6055 (16433: 59622 59627 59622) (110.174 s)
>> 6055 (24270: 1714 60111 1714) (123.266 s)
>> 6042 (21653: 24434 30203 24434) (127.396 s)
>> 6042 (35174: 55977 55997 55977) (110.537 s)
>> 6039 (14947: 24143 50663 24143) (145.935 s)
>> 6038 (9365: 48581 48591 48581) (127.386 s)
>> 6032 (3846: 46377 46396 46377) (102.611 s)
>> 6029 (60925: 48870 49429 48870) (99.9906 s)
>> 6018 (40584: 59399 59420 59399) (99.9316 s)
>> 6016 (31114: 32375 36980 32375) (105.186 s)
>> 6015 (57531: 37704 41118 37704) (112.397 s)
>> 6008 (10758: 53066 53089 53066) (112.342 s)
>> 6005 (12501: 50029 50044 50029) (111.568 s)
>> 6004 (57748: 41187 57744 41187) (115.229 s)
>> 6003 (25960: 54220 54255 54220) (132.264 s)
>> 6001 (3819: 58575 58588 58575) (128.84 s)
>> 6000 (20353: 56003 56524 56003) (125.573 s)
>> 5991 (16329: 54912 55006 54912) (109.969 s)
>> 6722 (59763: 34298 59551 34298) (111.546 s)
>> 5985 (34440: 37794 38315 37794) (126.66 s)
>> 5982 (28913: 33172 57442 33172) (126.639 s)
>> 6285 (29510: 33186 57479 33186) (119.889 s)
>> 5977 (9059: 47555 48424 47555) (104.639 s)
>> 5973 (10051: 48817 49151 48817) (109.299 s)
>> 5968 (42282: 60173 60195 60173) (106.948 s)
>> 5967 (4963: 46109 46260 46109) (105.95 s)
>> 5967 (2868: 44764 55940 44764) (106.449 s)
>> 5961 (17709: 55286 55290 55286) (105.818 s)
>> 6575 (29034: 55263 55277 55263) (104.989 s)
>> 5955 (50792: 58022 58024 58022) (104.446 s)
>> 5946 (14766: 50569 50830 50569) (104.993 s)
>> 5974 (18794: 50850 50857 50850) (116.335 s)
>> 5937 (26725: 31433 54463 31433) (106.14 s)
>> 5934 (769: 43840 44010 43840) (105.862 s)
>> 5930 (32595: 56538 56542 56538) (106.116 s)
>> 5926 (7111: 47446 47488 47446) (111.311 s)
>> 6966 (15499: 47512 47545 47512) (107.496 s)
>> 5925 (48308: 48270 48302 48270) (131.376 s)
>> 5922 (14401: 44709 44757 44709) (110.147 s)
>> 5918 (38555: 50409 51847 50409) (112.63 s)
>> 5915 (41808: 41679 57194 41679) (108.767 s)
>> 5912 (61033: 50734 50739 50734) (106.154 s)
>> 5912 (32303: 56263 56273 56263) (105.936 s)
>> 5905 (13883: 48217 48228 48217) (107.556 s)
>> 5903 (50982: 50951 50964 50951) (118.134 s)
>> 5903 (31019: 55832 55840 55832) (107.592 s)
>> 5901 (30462: 54929 54936 54929) (104.241 s)
>> 5899 (37039: 59781 59847 59781) (121.443 s)
>> 5897 (46562: 46439 46557 46439) (116.861 s)
>> 5895 (61173: 52208 52415 52208) (134.332 s)
>> 5894 (55386: 57632 58010 57632) (142.625 s)
>> 5888 (10935: 49158 49167 49158) (115.438 s)
>> 5886 (23567: 57245 57546 57245) (119.145 s)
>> 6003 (33966: 56734 56956 56734) (117.37 s)
>> 5885 (26784: 33940 51601 33940) (138.217 s)
>> 5885 (41201: 59362 59369 59362) (133.753 s)
>> 5883 (7564: 47585 47691 47585) (129.208 s)
>> 5880 (55674: 54933 55668 54933) (127.82 s)
>> 5879 (33799: 56757 56774 56757) (129.105 s)
>> 5877 (15551: 51149 51155 51149) (126.853 s)
>> 5867 (34434: 20877 38569 20877) (127.375 s)
>> 5865 (52466: 54762 54791 54762) (128.137 s)
>> 5862 (63997: 46269 46290 46269) (127.443 s)
>> 5862 (52865: 48542 52808 48542) (126.734 s)
>> 5862 (53639: 53624 53635 53624) (129.068 s)
>> 5858 (11907: 49606 49631 49606) (134.775 s)
>> 5856 (15710: 51223 58138 51223) (116.531 s)
>> 5854 (3221: 45177 45187 45177) (127.348 s)
>> 5843 (20347: 24968 51369 24968) (125.385 s)
>> 5841 (14346: 45527 45594 45527) (130.309 s)
>> 5840 (15898: 51259 51276 51259) (150.685 s)
>> 5837 (44497: 44492 44500 44492) (168.161 s)
>> 5837 (57407: 18132 57404 18132) (225.096 s)
>> 5832 (36180: 57750 57753 57750) (192.579 s)
>> 5827 (34942: 38557 57191 38557) (111.772 s)
>> 5825 (52899: 52887 52894 52887) (119.332 s)
>> 5827 (19912: 52910 53109 52910) (113.573 s)
>> 5823 (30362: 55659 55664 55659) (117.957 s)
>> 5822 (17449: 55106 55118 55106) (108.041 s)
>> 5821 (33321: 56586 56599 56586) (108.416 s)
>> 5818 (61337: 52343 52365 52343) (114.033 s)
>> 5818 (47082: 58827 58837 58827) (113.857 s)
>> 5816 (50329: 50298 50322 50298) (117.327 s)
>> 5814 (35267: 58203 58276 58203) (114.563 s)
>> 5813 (9966: 48778 49313 48778) (111.105 s)
>> 5811 (55571: 55566 55573 55566) (118.347 s)
>> 5809 (16572: 51513 51537 51513) (125.046 s)
>> 5809 (41983: 60005 60024 60005) (119.233 s)
>> 5808 (7346: 49509 49556 49509) (113.601 s)
>> 5808 (21581: 53099 53162 53099) (121.463 s)
>> 6094 (53146: 53123 53141 53123) (120.369 s)
>> 5799 (34417: 54390 58424 54390) (119.152 s)
>> 5798 (55933: 38954 56561 38954) (114.108 s)
>> 5797 (13364: 53619 59598 53619) (113.345 s)
>> 5796 (36727: 24284 58059 24284) (106.819 s)
>> 5782 (33758: 52643 52649 52643) (111.959 s)
>> 5781 (34090: 56836 56860 56836) (113.93 s)
>> 5779 (26056: 37489 54296 37489) (113.537 s)
>> 5776 (9799: 48694 48722 48694) (117.72 s)
>> 5775 (37970: 58477 58484 58477) (112.85 s)
>> 5773 (47571: 53459 53481 53459) (120.859 s)
>> 5772 (61013: 50389 50402 50389) (110.746 s)
>> 6197 (9091: 48463 50265 48463) (111.724 s)
>> 5792 (17641: 50451 51143 50451) (111.596 s)
>> 5766 (61220: 56084 56090 56084) (111.07 s)
>> 5760 (35515: 38252 57496 38252) (113.035 s)
>> 5759 (44001: 50271 50520 50271) (113.55 s)
>> 6194 (50497: 50495 50516 50495) (108.261 s)
>> 5756 (49614: 49610 49677 49610) (107.984 s)
>> 5753 (21028: 40734 43226 40734) (110.092 s)
>> 5751 (42030: 8145 47281 8145) (106.815 s)
>> 5750 (31348: 2125 55962 2125) (105.261 s)
>> 5737 (60998: 50292 50315 50292) (105.159 s)
>> 5736 (61621: 53427 55451 53427) (110.599 s)
>> 5734 (2336: 44822 60118 44822) (117.575 s)
>> 5734 (41165: 4783 59118 4783) (109.391 s)
>> 5731 (55167: 55156 55165 55156) (109.586 s)
>> 5811 (28665: 55170 55177 55170) (101.829 s)
>> 5726 (27545: 54767 54772 54767) (100.367 s)
>> 5725 (55441: 55426 55430 55426) (114.935 s)
>> 5724 (9677: 48103 48116 48103) (112.011 s)
>> 5711 (19806: 53217 53238 53217) (109.172 s)
>> 5711 (54344: 37830 54342 37830) (112.332 s)
>> 5710 (58498: 3002 58384 3002) (112.918 s)
>> 5709 (30264: 17804 55642 17804) (108.87 s)
>> 5703 (5215: 60125 60128 60125) (103.802 s)
>> 5701 (36016: 24546 57695 24546) (109.358 s)
>> 5693 (9951: 48905 48931 48905) (109.866 s)
>> 5692 (91: 4271 59064 4271) (131.562 s)
>> 5690 (61017: 50131 50143 50131) (133.829 s)
>> 5689 (52180: 52155 52161 52155) (126.425 s)
>> 5687 (3758: 53803 53815 53803) (137.212 s)
>> 6584 (24377: 52979 53739 52979) (126.697 s)
>> 5686 (38204: 57501 57721 57501) (132.207 s)
>> 5683 (61764: 28015 57591 28015) (130.996 s)
>> 5683 (28376: 57349 58077 57349) (129.961 s)
>> 5697 (35676: 57573 57583 57573) (128.744 s)
>> 5688 (35750: 57585 57599 57585) (120.156 s)
>> 5932 (30446: 28331 57604 28331) (123.738 s)
>> 5683 (38692: 7331 15952 7331) (139.073 s)
>> 5679 (6722: 48480 48497 48480) (142.5 s)
>> 5671 (53787: 18819 53777 18819) (142.208 s)
>> 5670 (16830: 36053 51938 36053) (144.37 s)
>> 5668 (18319: 51996 52003 51996) (138.835 s)
>> 6033 (12322: 49390 52011 49390) (136.213 s)
>> 5667 (47677: 51070 51076 51070) (136.413 s)
>> 5665 (14353: 48202 48206 48202) (136.067 s)
>> 5665 (37118: 359 60186 359) (131.107 s)
>> 0 (-1: -1 -1 -1) (86.8387 s)
Zelikovsky 83522.9 s
>> 15979 (1382: 44355 40753 44365) (6885.83 s)
>> 13633 (11: 43960 287 43929) (6594.18 s)
>> 12118 (38435: 5242 59015 58556) (6865.5 s)
>> 11111 (18103: 53372 52783 27053) (7050.35 s)
>> 10305 (534: 43916 64771 46734) (6598.88 s)
>> 10203 (11636: 59449 59442 59338) (6094.35 s)
>> 10114 (22670: 53372 53356 28284) (6106.09 s)
>> 9911 (17806: 4297 55631 2621) (6083.94 s)
>> 9814 (6025: 46800 46806 44355) (6035.56 s)
>> 9785 (30783: 55781 59019 55752) (6029.17 s)
>> 9693 (23715: 53556 59644 44702) (6013.48 s)
>> 9633 (61587: 60547 60567 10396) (5993.13 s)
>> 9361 (51760: 51762 51756 51714) (5998.74 s)
>> 9330 (22718: 53372 53389 53337) (5989.55 s)
>> 9139 (50072: 50063 50068 49039) (6005.65 s)
>> 9136 (46115: 55250 55346 55258) (6007.11 s)
>> 8903 (45069: 45058 45154 45088) (5987.54 s)
>> 8868 (63207: 47532 47545 47538) (5993.52 s)
>> 8864 (3616: 53788 55461 55455) (5998.5 s)
>> 8845 (25369: 55705 55725 55721) (6011.11 s)
>> 8786 (15729: 54746 54740 54738) (6001.54 s)
>> 8694 (18253: 52227 52295 51960) (5989.22 s)
>> 8619 (54040: 54177 54062 54038) (5970.37 s)
>> 8566 (2142: 44582 45007 44727) (6053.27 s)
>> 8475 (17214: 52753 52766 33547) (6899.15 s)
>> 8408 (41448: 59891 59884 59873) (6414.85 s)
>> 8401 (16713: 51830 51596 51567) (5946.98 s)
>> 8401 (19485: 52475 52499 52487) (5940.69 s)
>> 8390 (53880: 53863 53888 53873) (5929.22 s)
>> 8364 (14741: 47083 47131 47109) (5922.96 s)
>> 8319 (17360: 16879 51816 51803) (5933.3 s)
>> 8312 (27897: 54442 54912 17394) (5982.1 s)
>> 8293 (28682: 55226 55154 55131) (5957.97 s)
>> 8282 (44993: 44986 44994 44979) (5950.57 s)
>> 8241 (6173: 47498 57174 47392) (5938.11 s)
>> 8216 (47253: 47243 47469 47289) (5925.73 s)
>> 8106 (26864: 54518 56126 56095) (5928.97 s)
>> 8100 (24197: 46963 21555 5286) (5932.14 s)
>> 8071 (10625: 49050 50166 49065) (5925.21 s)
>> 8045 (16868: 51621 51938 51610) (5941.73 s)
>> 8036 (22920: 3602 53788 12714) (5928.26 s)
>> 8003 (10667: 47226 47198 47178) (5973.03 s)
>> 7995 (26267: 54681 54581 27620) (5940.17 s)
>> 7992 (24306: 60093 60111 60105) (6051.27 s)
>> 7938 (43169: 57660 57642 29562) (7957.36 s)
>> 7912 (44325: 44321 44060 43960) (5850.52 s)
>> 7883 (22170: 59747 59891 59753) (5842.79 s)
>> 7864 (15293: 51031 51040 51024) (5820.94 s)
>> 7856 (7587: 47625 47884 47697) (5824.34 s)
>> 7846 (19811: 53131 53264 53119) (5815.21 s)
>> 7786 (61022: 50467 50481 50470) (6041.27 s)
>> 7732 (23577: 53527 53559 7063) (5978.81 s)
>> 7714 (40657: 59426 59434 59423) (5961.27 s)
>> 7659 (41782: 59962 59917 59904) (5774.48 s)
>> 7652 (4315: 53761 55446 55420) (5780 s)
>> 7620 (61049: 41260 50863 30790) (6014.92 s)
>> 7565 (6692: 60295 60299 5053) (6485.49 s)
>> 7524 (4100: 45571 3778 45556) (6649.29 s)
>> 7516 (64456: 52143 52042 51992) (6634.22 s)
>> 7509 (57253: 57384 57249 57244) (6335.63 s)
>> 7507 (62851: 50232 50265 50257) (5770.92 s)
>> 7450 (19417: 53329 53316 52440) (5749.1 s)
>> 7446 (17104: 51762 51689 51628) (5688.96 s)
>> 7432 (40241: 59280 60310 60306) (5239.52 s)
>> 7429 (34771: 39234 57126 57062) (5230.52 s)
>> 7414 (38318: 3445 60330 60213) (5210.51 s)
>> 7399 (61695: 56485 56482 55146) (5224.73 s)
>> 7384 (13620: 55610 8417 4297) (5215.91 s)
>> 7352 (14046: 50623 50214 50609) (5210.69 s)
>> 7318 (51475: 51476 51469 50911) (5313.67 s)
>> 7294 (35907: 55917 55950 55928) (5292.89 s)
>> 7282 (32381: 56285 56313 20717) (5282.8 s)
>> 7277 (49715: 49711 49703 49695) (5297.54 s)
>> 7263 (25616: 54146 54177 54156) (5308.73 s)
>> 7259 (33964: 56956 56833 22636) (5272.43 s)
>> 7243 (46928: 46932 46924 44569) (5265.2 s)
>> 7242 (29421: 55496 55500 53761) (5267.65 s)
>> 7237 (15717: 51223 51220 51212) (5268.56 s)
>> 7210 (25843: 56762 56807 56792) (5241.5 s)
>> 7206 (37500: 56329 56335 56333) (5237.98 s)
>> 7189 (31102: 22486 55899 55870) (5235.75 s)
>> 7185 (12304: 59202 59205 59188) (5229.48 s)
>> 7092 (13744: 50501 50520 50507) (5225.15 s)
>> 7083 (13983: 50821 51155 50860) (5220.92 s)
>> 7076 (26606: 54424 39251 23471) (5211.23 s)
>> 7075 (15545: 53527 59539 13964) (5206.03 s)
>> 7064 (16655: 51585 51851 51575) (5201.3 s)
>> 7047 (45500: 45506 46085 45495) (5195.52 s)
>> 7179 (4372: 45506 45803 45270) (5199.27 s)
>> 7040 (3683: 45406 45698 45370) (5181.72 s)
>> 7697 (3360: 45406 45223 45218) (5178.3 s)
>> 7040 (34066: 56844 56860 56694) (5180.39 s)
>> 7036 (23327: 57384 57552 37583) (5614.55 s)
>> 6986 (14471: 54626 54642 54620) (5612.58 s)
>> 6961 (25350: 56140 56171 56159) (5600.04 s)
>> 6934 (22247: 55955 57995 57982) (5596.19 s)
>> 6920 (1316: 44339 44330 44321) (5582.09 s)
>> 6915 (55689: 55696 55705 55685) (5587.22 s)
>> 6909 (22017: 52548 53240 53217) (5582.22 s)
>> 6906 (12484: 47755 50029 50008) (5589.51 s)
>> 7359 (12501: 50063 50053 47755) (5581.81 s)
>> 6902 (276: 44339 43840 43821) (5565.33 s)
>> 6896 (1356: 53509 54997 32784) (5557.69 s)
>> 6864 (52265: 52251 52260 52227) (5597.84 s)
>> 6863 (8749: 48330 50711 50453) (5574.35 s)
>> 6853 (45170: 45168 45187 45158) (5526.94 s)
>> 6838 (40434: 59449 59344 529) (5529.87 s)
>> 7066 (39732: 59071 59449 59078) (5545.78 s)
>> 6831 (50464: 50462 51021 50467) (5519.88 s)
>> 6822 (27082: 55696 35893 33204) (5516.56 s)
>> 6792 (33037: 59004 59001 52638) (5499.45 s)
>> 6788 (56617: 56615 56467 43142) (5497.35 s)
>> 6777 (57224: 60400 57140 18605) (5504.24 s)
>> 6769 (22426: 31434 53372 53345) (5503.3 s)
>> 6755 (32295: 56489 56498 52064) (5484.83 s)
>> 6749 (4200: 45406 46187 45650) (5479.29 s)
>> 6725 (7020: 47376 47549 47498) (5471.83 s)
>> 6724 (59254: 54229 54259 54243) (5461.85 s)
>> 6717 (14579: 58200 58198 58188) (5460.86 s)
>> 6715 (31884: 57585 57446 26963) (5477.93 s)
>> 6666 (48677: 48675 48629 48469) (5463.95 s)
>> 6663 (6235: 48600 49493 49237) (5465.59 s)
>> 6658 (12148: 45294 45356 45287) (5452.39 s)
>> 6653 (57258: 24191 57554 24134) (5459.31 s)
>> 6651 (15345: 50994 50970 50943) (5484.06 s)
>> 6651 (24420: 3602 53766 692) (5457.5 s)
>> 6626 (58932: 19312 58931 57873) (5459.66 s)
>> 6625 (40080: 59291 59267 59252) (5451.42 s)
>> 6599 (44901: 44891 44986 44885) (5471.84 s)
>> 6579 (26908: 56254 56275 35873) (5456.54 s)
>> 6574 (6267: 47007 47021 46954) (5438.2 s)
>> 6556 (14728: 56008 58264 58262) (5113.77 s)
>> 6551 (31559: 28240 51804 51234) (4991.93 s)
>> 6530 (23006: 60415 60439 7756) (5221.43 s)
>> 6529 (39004: 57155 56809 37356) (6106.29 s)
>> 6518 (61938: 59314 59322 59282) (6310.76 s)
>> 6515 (49801: 49799 49815 48948) (6293.43 s)
>> 6512 (42416: 60269 60351 60158) (6270.9 s)
>> 6490 (20640: 56441 56569 56438) (6249.77 s)
>> 6489 (48141: 48135 48142 48099) (6254.73 s)
>> 6474 (37873: 58512 58522 25955) (6232.41 s)
>> 6467 (51120: 51137 51107 51095) (6225.81 s)
>> 6458 (20638: 56533 56526 56516) (6235.34 s)
>> 6442 (4717: 45973 46765 45944) (6238.75 s)
>> 6428 (10815: 49126 49121 49102) (6206.77 s)
>> 6397 (13062: 50395 50419 50382) (6217.26 s)
>> 6392 (35165: 58429 58433 57326) (5750.55 s)
>> 6383 (32483: 19312 57894 57222) (4871.29 s)
>> 6379 (23973: 53661 59828 46074) (4859.67 s)
>> 6378 (36683: 58151 58144 54932) (5230.17 s)
>> 6375 (10024: 49336 49328 49321) (4969.78 s)
>> 6373 (50933: 50927 50951 50917) (4839.84 s)
>> 6372 (11405: 49470 51986 49436) (4827.91 s)
>> 6343 (44199: 44339 44201 44195) (4812.63 s)
>> 6328 (33667: 54681 54577 54570) (4812.37 s)
>> 6317 (8986: 48412 48410 48388) (4786.41 s)
>> 6314 (29356: 3602 55522 55464) (4801.63 s)
>> 6314 (32803: 19305 59528 59524) (4812.62 s)
>> 6310 (49547: 49545 49570 49524) (4783.66 s)
>> 6300 (38754: 60339 60343 59280) (4781.64 s)
>> 6296 (14438: 51004 51585 50462) (4829.21 s)
>> 6292 (19875: 53076 53089 52578) (4785.15 s)
>> 6274 (38169: 54359 54366 54361) (4768.57 s)
>> 6273 (27959: 55659 55656 55649) (4772.38 s)
>> 6271 (58462: 58603 58460 14583) (5143.49 s)
>> 6271 (65375: 48738 48905 48762) (5237.04 s)
>> 6270 (64477: 46810 46816 46148) (5229.96 s)
>> 6266 (44521: 44513 44796 44520) (5223.96 s)
>> 6260 (53705: 39314 57535 57504) (5216.25 s)
>> 6238 (53488: 57499 57635 20291) (5207.29 s)
>> 6225 (25862: 52110 52113 52087) (5200.13 s)
>> 6218 (5484: 59705 53556 5465) (5201.61 s)
>> 6218 (53045: 53040 53043 53036) (4713.08 s)
>> 6208 (48299: 48285 48302 48291) (4952.01 s)
>> 6205 (40139: 59369 59396 59374) (5138.5 s)
>> 6203 (11754: 51058 49677 49652) (5126.12 s)
>> 6198 (47979: 47970 47984 47962) (5135.97 s)
>> 6193 (61158: 52251 51949 51822) (5136.96 s)
>> 6192 (3867: 45875 45921 45871) (5123.94 s)
>> 6184 (33661: 56716 56726 27608) (5203.17 s)
>> 6174 (21878: 56401 56419 56392) (5763.13 s)
>> 6171 (47855: 47854 47861 47845) (5706.11 s)
>> 6151 (14950: 50902 50890 41260) (5751.76 s)
>> 6140 (13312: 51163 51173 51169) (5753.65 s)
>> 6139 (18822: 55638 55610 55545) (5769.82 s)
>> 6133 (10448: 49002 48985 48675) (5749.08 s)
>> 6132 (44304: 44297 44339 44286) (5748.04 s)
>> 6130 (34142: 56886 57278 56869) (5754.91 s)
>> 6117 (38197: 5242 58576 58451) (5707.1 s)
>> 6095 (7615: 47761 47780 47770) (5708.85 s)
>> 6093 (59589: 59587 59613 59607) (5690.39 s)
>> 6070 (32974: 56485 56615 56473) (5650.53 s)
>> 6069 (43: 43916 43854 43721) (5646.02 s)
>> 6068 (45570: 55969 58200 55917) (5631.72 s)
>> 6056 (49927: 49799 49924 49359) (5616.29 s)
>> 6034 (31390: 58294 58283 56008) (5587.09 s)
>> 6028 (19911: 52910 53076 52918) (5582.5 s)
>> 6022 (16615: 59947 59938 59927) (5578.03 s)
>> 6004 (57748: 57760 57744 41187) (5576.03 s)
>> 5999 (44867: 44865 47720 44891) (5605.27 s)
>> 5985 (34440: 57002 38315 37794) (5593.4 s)
>> 5982 (28913: 33172 57444 57442) (5589.93 s)
>> 5968 (42282: 60195 60273 60173) (5587.85 s)
>> 5961 (17709: 55290 55326 55286) (5592.34 s)
>> 5955 (24818: 53971 53928 53908) (5543.64 s)
>> 5937 (26725: 31433 54780 54463) (5564.15 s)
>> 5931 (26921: 56956 26699 22690) (5564.87 s)
>> 5918 (38555: 51847 58858 50409) (5567.98 s)
>> 5918 (43163: 54252 54233 54229) (6053.58 s)
>> 5913 (12952: 50442 50428 50232) (6087.89 s)
>> 5910 (50751: 50731 50746 50727) (5543.72 s)
>> 5910 (55209: 55226 55206 55194) (5566.23 s)
>> 5905 (13883: 48217 48235 48228) (6957.93 s)
>> 5903 (31019: 55832 55843 55840) (5914.11 s)
>> 5901 (30462: 54945 54936 54929) (5736.4 s)
>> 5899 (22791: 53410 53405 31434) (5965.49 s)
>> 5897 (24124: 60093 60118 53676) (6591.84 s)
>> 5897 (46562: 46439 46567 46557) (6487.36 s)
>> 5894 (55386: 58010 58091 57632) (7001.64 s)
>> 5893 (29627: 60543 60547 12793) (6973.62 s)
>> 5887 (53592: 53585 53576 12900) (7087.65 s)
>> 5882 (61819: 15199 58842 50342) (6369.29 s)
>> 5869 (55081: 55077 55082 54976) (4784.76 s)
>> 5864 (44553: 46932 44547 44530) (4745 s)
>> 5862 (52865: 52857 52808 48542) (4814.95 s)
>> 5862 (63997: 46290 46299 46269) (4967.05 s)
>> 5840 (15898: 51286 51276 51259) (4914.31 s)
>> 5822 (17449: 55118 55182 55106) (4918.98 s)
>> 5815 (30281: 55638 55810 55646) (4909.54 s)
>> 5776 (60804: 47310 47366 47322) (4687.51 s)
>> 5768 (56418: 56401 56424 56413) (4649.31 s)
>> 5940 (56447: 42111 56449 56401) (4397.46 s)
>> 5766 (61220: 56084 58363 56090) (4396.85 s)
>> 5765 (44488: 44772 44740 44709) (4419.7 s)
>> 5751 (7454: 49002 49685 48961) (4903.24 s)
>> 5751 (21703: 53131 53270 53134) (4895.69 s)
>> 5745 (50896: 54201 54207 54146) (4875.1 s)
>> 5734 (41165: 4783 60415 59118) (4899.06 s)
>> 5731 (55167: 55165 55177 55156) (4827.85 s)
>> 5724 (9677: 48116 48126 48103) (4808.14 s)
>> 5717 (12140: 44473 47226 46995) (4808.88 s)
>> 5702 (54331: 37830 54424 31449) (4611.86 s)
>> 5695 (17354: 54887 54880 54681) (4352.93 s)
>> 5693 (19921: 52910 52583 52437) (4365.58 s)
>> 5690 (22028: 52548 53305 53297) (4377.48 s)
>> 5689 (52180: 52171 52161 52155) (4392.55 s)
>> 5685 (57733: 57730 57725 55955) (4816.99 s)
>> 5679 (6722: 48497 52852 48480) (4825.37 s)
>> 5670 (27523: 35237 54762 31433) (5136.34 s)
>> 5665 (5122: 45506 46246 46219) (6569.07 s)
>> 5665 (37118: 60186 60190 359) (7717.79 s)
>> 5663 (717: 59251 60353 59199) (5784.08 s)
>> 5662 (15955: 51311 51304 51292) (6661.67 s)
>> 5643 (55695: 57609 57611 28331) (6681.61 s)
>> 5634 (61805: 58677 14790 9056) (6726.21 s)
>> 5633 (60092: 8206 60090 60074) (6627.5 s)
>> 5895 (24270: 60093 60114 8206) (6753.31 s)
>> 5616 (59416: 59426 59415 59400) (7439.24 s)
>> 5605 (61000: 50331 50349 50335) (6837.53 s)
>> 5586 (11907: 51058 51052 49606) (7013.73 s)
>> 5582 (6383: 49179 49175 49050) (7256.08 s)
>> 5561 (50448: 50446 51185 50395) (7020.59 s)
>> 5553 (26470: 20924 52110 20045) (7965.09 s)
>> 5548 (7134: 47462 47455 47446) (7197.67 s)
>> 5547 (16782: 51935 51941 35032) (7193.81 s)
>> 5545 (37242: 56340 56344 56326) (7193.7 s)
>> 5846 (25555: 54144 56340 54004) (7122.35 s)
>> 5538 (14380: 51476 51481 51463) (6639.01 s)
>> 5521 (3071: 45058 45129 45110) (7293.42 s)
>> 5516 (16807: 57562 57585 57416) (5785.08 s)
>> 5506 (23307: 53481 53585 53475) (6628.6 s)
>> 5498 (50694: 39950 50199 39612) (7209.6 s)
>> 5489 (57430: 57429 58077 57562) (7151.27 s)
>> 5478 (18932: 59762 59705 59627) (6930.41 s)
>> 5449 (11437: 50720 50716 50457) (6393.58 s)
>> 5439 (33882: 56812 56819 56716) (8767.52 s)
>> 5433 (28362: 56154 56165 31898) (6201.02 s)
>> 5425 (31584: 58631 58642 58512) (7073.61 s)
>> 5450 (58626: 58631 58622 58618) (7460.48 s)
>> 5412 (51425: 51437 51422 51400) (6686.35 s)
>> 5410 (41809: 59914 59962 59923) (7047.76 s)
>> 5389 (35030: 57384 57550 57546) (7572.46 s)
>> 5379 (36066: 42601 57915 57801) (7127.44 s)
>> 5374 (14531: 50501 50331 50275) (6498.02 s)
>> 5367 (34684: 57108 56812 35329) (6288.39 s)
>> 5330 (40500: 59162 59202 59183) (7510.55 s)
>> 5329 (24266: 53739 55496 1731) (7368.36 s)
>> 5305 (5249: 46290 46260 45506) (7087.58 s)
>> 5304 (60874: 48315 50697 48330) (5698.38 s)
>> 5281 (48595: 48591 49799 48581) (5416.48 s)
>> 5264 (37838: 58631 58400 36513) (5402.89 s)
>> 5259 (15916: 58298 58315 58288) (5407.61 s)
>> 5240 (55050: 55046 55061 55035) (5404.11 s)
>> 5239 (57318: 57660 57319 57313) (4934.8 s)
>> 5236 (61788: 58384 58524 5242) (4522.67 s)
>> 5219 (21661: 24284 58059 57730) (4532.91 s)
>> 5214 (8811: 50128 50103 48368) (4523.25 s)
>> 5214 (27639: 52475 53410 52507) (4507.02 s)
>> 5212 (24087: 60093 53661 8084) (4626.24 s)
>> 5210 (52989: 60358 60366 59251) (5158.58 s)
>> 5206 (49086: 49336 53047 49079) (5160.01 s)
>> 5201 (25757: 54304 54185 54198) (5147.54 s)
>> 5200 (31088: 57384 57408 28066) (4557.83 s)
>> 5189 (59817: 60093 59815 59675) (4670.8 s)
>> 5186 (23151: 54734 60400 54729) (4805.6 s)
>> 5175 (19333: 52526 53329 51762) (4505.62 s)
>> 5167 (13905: 58871 58677 32060) (4538.48 s)
>> 5161 (55990: 55987 58294 55903) (4490.06 s)
>> 5159 (59099: 4783 59096 59056) (4495.44 s)
>> 5146 (47373: 47243 47370 47135) (4496.1 s)
>> 5144 (18117: 25037 51369 36053) (4475.69 s)
>> 5136 (45387: 50292 50446 50434) (4247.31 s)
>> 5128 (20002: 51437 50884 50883) (3986.5 s)
>> 5128 (52187: 52143 52200 52181) (3991.16 s)
>> 5127 (43067: 60462 60472 10512) (3982.32 s)
>> 5119 (59441: 59437 59467 59426) (3980.22 s)
>> 5117 (23931: 23778 58116 37308) (3981.01 s)
>> 5384 (36987: 58100 24284 23778) (3973.01 s)
>> 5726 (50655: 50645 58100 50666) (3958.34 s)
>> 5116 (4848: 46043 46073 46054) (3948.43 s)
>> 5109 (50961: 58813 58827 58575) (3951.91 s)
>> 5098 (32368: 53509 32786 22484) (3951.24 s)
>> 5077 (8042: 47937 47930 47920) (3935.66 s)
>> 5073 (20377: 20386 52475 20283) (3931.63 s)
>> 5064 (43775: 43779 46795 43774) (3937.82 s)
>> 5060 (47664: 47660 47645 44473) (3943.39 s)
>> 5055 (48198: 48192 48412 48178) (3927.78 s)
>> 5045 (62239: 59764 59947 59767) (3954.85 s)
>> 5036 (22201: 24191 57518 57501) (3926.97 s)
>> 5030 (31114: 36980 57091 32375) (4135.28 s)
>> 5017 (17195: 51740 52526 51772) (4344.24 s)
>> 4990 (34049: 57155 56841 37604) (4311.46 s)
>> 4984 (4564: 4565 58807 58792) (4299.1 s)
>> 4982 (25389: 55696 35666 33628) (4295.77 s)
>> 4975 (62389: 57050 39234 34718) (4295.59 s)
>> 4970 (53160: 53162 53154 52910) (4292.88 s)
>> 4955 (57985: 22486 55862 55859) (4280.61 s)
>> 4950 (17863: 51892 51886 51740) (4266.96 s)
>> 4948 (8844: 48351 50128 48315) (4270.49 s)
>> 4943 (42339: 44990 59914 3445) (4265.98 s)
>> 4936 (15618: 51286 51680 51311) (4265.96 s)
>> 4927 (36484: 57905 58738 57890) (4254.88 s)
>> 4912 (8942: 59087 60339 59071) (4253.94 s)
>> 4909 (12340: 51058 51867 51857) (4247.7 s)
>> 4903 (16572: 51830 51537 51513) (4242.06 s)
>> 4895 (25886: 28420 54518 23337) (4256.08 s)
>> 4894 (41101: 59297 59381 59314) (4235.71 s)
>> 4893 (27359: 38343 54697 54670) (4239.92 s)
>> 4892 (20201: 52662 52753 52621) (4283.12 s)
>> 4884 (56192: 56485 56203 56189) (4244.58 s)
>> 4878 (5409: 46439 46700 46542) (4257.76 s)
>> 4878 (52612: 59004 52726 52607) (4234.96 s)
>> 4865 (3896: 45446 45455 45434) (4240.77 s)
>> 4861 (393: 46963 60148 5224) (4202.36 s)
>> 4858 (8243: 48060 48088 48064) (4218.58 s)
>> 4855 (47414: 58890 55306 15952) (4217.16 s)
>> 4842 (1477: 44432 44695 44383) (4209.61 s)
>> 4839 (29342: 56900 56925 39787) (4202.98 s)
>> 4836 (23559: 53527 15911 617) (4201.35 s)
>> 4832 (42204: 42172 57701 39314) (4203.75 s)
>> 4820 (24580: 54252 53853 53831) (4209.48 s)
>> 4816 (56262: 56273 56270 56258) (4192.01 s)
>> 4812 (65204: 48870 49466 48827) (4184.29 s)
>> 4802 (43754: 43752 43998 43740) (4185.19 s)
>> 4801 (2672: 2690 60269 6112) (4184.78 s)
>> 4797 (53507: 58007 57760 20226) (4242.32 s)
>> 4785 (23188: 53527 59572 53974) (4831.14 s)
>> 4776 (39217: 25149 58998 58956) (4965.86 s)
>> 4764 (32178: 58711 58871 58731) (4857.87 s)
>> 4763 (38742: 3602 55438 55426) (4147.08 s)
>> 4754 (5119: 60057 60093 44990) (4142.07 s)
>> 4740 (12885: 59574 59562 53527) (4121.19 s)
>> 4728 (60240: 60237 59087 2690) (4125.97 s)
>> 4719 (36612: 58726 58719 58631) (4128.84 s)
>> 4703 (56020: 56017 58429 56041) (4131.9 s)
>> 4703 (56152: 32050 56731 56722) (4122.07 s)
>> 4691 (46631: 46650 46612 46584) (4108.3 s)
>> 4690 (48708: 49002 49986 48701) (4338.42 s)
>> 4663 (7484: 50442 47568 47561) (5912.88 s)
>> 4655 (48341: 55479 55475 53739) (6075.05 s)
>> 4654 (44108: 43916 44103 44082) (5946.23 s)
>> 4621 (41005: 60378 59535 54442) (5685.14 s)
>> 4598 (53194: 53162 53189 53123) (5819.68 s)
>> 4581 (40988: 56285 31591 28395) (5697.47 s)
>> 4573 (26249: 54887 54346 42808) (5790.25 s)
>> 4572 (52263: 58657 58813 58660) (5642.64 s)
>> 4563 (56962: 26966 57338 22632) (5767.7 s)
>> 4554 (23237: 1371 59574 24695) (6074.61 s)
>> 4554 (53284: 53287 53278 52548) (5244.23 s)
>> 4553 (58982: 33579 58978 25149) (5676.77 s)
>> 4535 (8110: 53646 60057 53658) (5599.32 s)
>> 4532 (1073: 44278 44282 44272) (5859.58 s)
>> 4529 (9742: 47660 44952 44938) (5968.34 s)
>> 4510 (35955: 57660 57649 30029) (5295.09 s)
>> 4509 (60576: 48908 60580 60543) (5590.49 s)
>> 4508 (9001: 48192 50442 47555) (5684.35 s)
>> 4499 (12050: 49545 49741 49711) (5690.39 s)
>> 4498 (30498: 55822 55815 55696) (5718.75 s)
>> 4479 (49196: 49201 49191 49179) (5647.3 s)
>> 4473 (7358: 59655 59662 59647) (5771.57 s)
>> 4471 (50571: 50569 51137 50593) (5949.27 s)
>> 4464 (28907: 32378 51362 51342) (5480.72 s)
>> 4462 (47787: 57176 56643 56619) (5558.74 s)
>> 4460 (27173: 54654 54734 54637) (6061.5 s)
>> 4454 (58368: 21790 58384 56084) (5658.52 s)
>> 4454 (59934: 53646 59990 59929) (5553.83 s)
>> 4453 (56240: 53971 56239 56233) (5585.85 s)
>> 4449 (214: 60358 60373 60369) (5436.68 s)
>> 4431 (1464: 44432 44513 44391) (5582.3 s)
>> 4422 (27650: 54793 54835 54824) (5996.27 s)
>> 4422 (47141: 47140 47660 47162) (5604.02 s)
>> 4421 (48612: 48608 49548 49517) (5546.65 s)
>> 4404 (53261: 53247 53257 53131) (5608.51 s)
>> 4397 (60157: 53646 60153 5164) (5628.26 s)
>> 4395 (4527: 45875 46355 45820) (5596.39 s)
>> 4430 (4519: 45875 46373 46349) (5303.77 s)
>> 4395 (8231: 48060 48324 48021) (5678.11 s)
>> 4389 (24164: 51786 51437 51383) (5465.45 s)
>> 4389 (55433: 3602 55479 55430) (5710.03 s)
>> 4363 (30375: 55678 55668 55659) (5606.59 s)
>> 4353 (4713: 45941 45966 45959) (5667.46 s)
>> 4337 (18246: 52022 52336 52251) (5426.11 s)
>> 4333 (37526: 55361 58298 17885) (5329.16 s)
>> 4333 (45411: 47488 47495 47489) (5432.4 s)
>> 4327 (34216: 56886 57290 57285) (5199.25 s)
>> 4316 (25807: 31377 54312 54201) (5489.54 s)
>> 4287 (50889: 50888 51223 50902) (5020.12 s)
>> 4271 (59701: 59762 59699 59697) (4991.63 s)
>> 4255 (1240: 44315 44297 44096) (5204.62 s)
>> 4247 (27879: 27030 51935 20924) (4927.27 s)
>> 4240 (26576: 21992 53566 37830) (5027.11 s)
>> 4222 (19122: 52354 53287 52365) (5011.06 s)
>> 4215 (54398: 54397 21992 37383) (5206.79 s)
>> 4208 (29097: 55250 55387 55379) (4896.42 s)
>> 4186 (45957: 47376 46932 46901) (4991.76 s)
>> 4175 (19076: 52022 52354 52343) (4895.67 s)
>> 4149 (51903: 51894 51910 51892) (5018.83 s)
>> 4142 (27679: 54793 54551 54517) (3865.9 s)
>> 4130 (56567: 53597 56844 56549) (3871.68 s)
>> 4129 (32753: 55678 54933 25482) (3850.91 s)
>> 4128 (50138: 50137 51004 50143) (3866.71 s)
>> 4265 (50133: 50131 50137 50121) (3860.86 s)
>> 4127 (30036: 56886 56889 31508) (3844.71 s)
>> 4126 (44246: 44315 44254 44243) (3843.73 s)
>> 4124 (9033: 49278 49302 49259) (3833.05 s)
>> 4121 (5320: 46342 46324 45875) (3815.36 s)
>> 4098 (60391: 54654 36120 15775) (3818.35 s)
>> 4096 (63836: 46290 46692 46637) (3810.46 s)
>> 4093 (6467: 47083 47103 47090) (3804.28 s)
>> 4093 (21925: 21790 58551 58545) (3784.69 s)
>> 4081 (25984: 57499 57629 28015) (3799.33 s)
>> 4077 (53841: 31377 53896 53837) (3796.7 s)
>> 6375 (24702: 53881 53863 31377) (3783.18 s)
>> 4065 (44448: 47243 47431 47235) (3766.52 s)
>> 4065 (50608: 56886 56881 56682) (3763.87 s)
>> 4060 (47641: 47761 47635 47625) (3773.86 s)
>> 4059 (31675: 55096 55088 55046) (3389.24 s)
>> 4052 (16100: 57108 55718 27711) (3344.72 s)
>> 4046 (58953: 33579 58951 36856) (3305.36 s)
>> 4032 (7826: 49002 49981 49969) (3308.89 s)
>> 4029 (14267: 39950 50634 50194) (3841.95 s)
>> 4021 (49490: 49336 49482 48778) (4613.69 s)
>> 4016 (2085: 44582 44686 44676) (4533.66 s)
>> 4011 (1005: 43916 46889 46883) (4521.25 s)
>> 3999 (26891: 54793 54546 28420) (4376.67 s)
>> 3992 (60210: 60186 60200 51956) (4583.36 s)
>> 3985 (45078: 45082 45094 45072) (3832.38 s)
>> 3985 (52927: 52923 53162 52959) (3647.42 s)
>> 3970 (29203: 60434 60442 2457) (3642.76 s)
>> 3966 (29329: 42545 56441 29749) (3658.79 s)
>> 3957 (58123: 58121 58135 50645) (4071.94 s)
>> 3956 (5546: 46439 46503 46490) (3685.75 s)
>> 3949 (65356: 49750 49754 49735) (3687.17 s)
>> 3944 (4625: 3228 59747 59731) (3650.4 s)
>> 3941 (53025: 53019 53004 52993) (3257.02 s)
>> 3940 (59688: 59762 59687 59685) (3305.42 s)
>> 3934 (45215: 44865 45212 44922) (3298.39 s)
>> 3926 (213: 43916 43971 43767) (3294.97 s)
>> 3926 (296: 44315 43803 43785) (3293.09 s)
>> 3926 (10120: 59391 59399 59369) (3293.98 s)
>> 3924 (9610: 49002 48655 48639) (3294.21 s)
>> 3921 (39822: 4783 59108 59106) (3278.81 s)
>> 3905 (17641: 50451 51143 50292) (3132.04 s)
>> 3903 (18533: 20386 52096 41012) (3631.75 s)
>> 3897 (4073: 45560 45571 45543) (3725.8 s)
>> 3891 (27663: 55822 54809 15712) (3278.75 s)
>> 3872 (57268: 57429 57466 57459) (3364.97 s)
>> 3869 (60508: 49446 60462 4783) (3348.84 s)
>> 4413 (60498: 60495 60484 49446) (3341.79 s)
>> 3835 (17318: 51787 50888 16879) (3336.62 s)
>> 3813 (48566: 48738 48568 48563) (3336 s)
>> 3807 (41930: 1371 59655 1875) (3338.33 s)
>> 3807 (48727: 49002 48722 48709) (3332.07 s)
>> 3797 (44299: 59060 59093 3602) (3331.49 s)
>> 3793 (50355: 50501 50358 50352) (3922.65 s)
>> 3785 (18621: 51787 52081 27030) (4027.74 s)
>> 3771 (12132: 45774 45765 45760) (4028.16 s)
>> 3770 (49147: 49126 52811 49143) (4024.34 s)
>> 3760 (2574: 47140 44998 44927) (4020.46 s)
>> 3758 (55758: 55755 55761 55638) (4000.38 s)
>> 3745 (57855: 57853 57870 42601) (4000.28 s)
>> 3743 (54018: 54144 54016 53971) (4004.62 s)
>> 3732 (37060: 58151 58138 51787) (3998.53 s)
>> 3699 (51201: 51286 51196 51163) (3984.5 s)
>> 3696 (12077: 49545 51047 50131) (3987.53 s)
>> 3694 (5595: 59825 59671 4685) (3997.34 s)
>> 3686 (61083: 51476 51843 51448) (3952.49 s)
>> 3679 (23942: 57384 56886 39309) (4185.4 s)
>> 3677 (52424: 52143 52415 52208) (4130.2 s)
>> 3675 (2034: 44652 44641 44625) (3938.23 s)
>> 3670 (7416: 47761 47854 47806) (3935.83 s)
>> 3663 (24154: 42118 42172 24379) (3503.76 s)
>> 3658 (46501: 46482 46496 46439) (3695.69 s)
>> 3645 (46171: 45719 46810 46170) (3177.57 s)
>> 3634 (20557: 52662 52719 52715) (3174.31 s)
>> 3619 (25453: 54144 54121 41922) (3140.48 s)
>> 3617 (10215: 48497 48896 48887) (3238.59 s)
>> 3595 (14510: 50927 50964 50731) (3638.56 s)
>> 3595 (61862: 47970 47937 47462) (3833.63 s)
>> 3592 (21071: 52816 52818 49126) (3862.24 s)
>> 3591 (49247: 49243 49278 49250) (3857.36 s)
>> 3587 (29497: 11241 59060 55517) (3858.48 s)
>> 3587 (46469: 46467 46482 46455) (3850.05 s)
>> 3585 (51526: 51518 51546 50927) (4100.61 s)
>> 3582 (11551: 60447 60495 60451) (4160.17 s)
>> 3570 (396: 60195 60005 8145) (3609.54 s)
>> 3569 (406: 44315 43989 43848) (3093.06 s)
>> 3569 (54834: 54793 54840 54828) (3092.3 s)
>> 3569 (57046: 57050 57401 54759) (3087.62 s)
>> 3558 (39238: 56801 56797 56762) (3085.61 s)
>> 3557 (42052: 60019 60186 59998) (3093.3 s)
>> 3550 (37919: 21790 58602 1530) (3100.47 s)
>> 3547 (19366: 19312 35550 34529) (3116.31 s)
>> 3541 (44844: 44865 45755 44840) (3106.61 s)
>> 3526 (24904: 53963 55226 54252) (3113.78 s)
>> 3505 (9953: 59455 59451 59437) (3208.55 s)
>> 3496 (11796: 59297 59391 59362) (3097.55 s)
>> 3493 (12978: 58206 58203 55969) (3093.83 s)
>> 3903 (58322: 58317 58324 58206) (3096.19 s)
>> 3488 (15456: 50569 51894 51100) (3085.07 s)
>> 3476 (41732: 57002 56855 41393) (2717.56 s)
>> 3471 (14636: 7380 58890 6504) (2682.11 s)
>> 3447 (56016: 56017 56011 36980) (2682.21 s)
>> 3442 (31708: 56329 56345 42111) (2677.18 s)
>> 3425 (43577: 39950 58054 23015) (2670.39 s)
>> 3422 (12417: 53247 53147 52923) (2671.56 s)
>> 3415 (17345: 57079 57100 56828) (2672.05 s)
>> 3794 (33854: 55885 57079 26534) (2666.35 s)
>> 3409 (16296: 55987 56024 56017) (2671.8 s)
>> 3405 (23078: 59113 60447 59130) (2666.72 s)
>> 3386 (9767: 60237 59446 5907) (2659.63 s)
>> 3380 (11380: 49398 49470 49384) (2651.97 s)
>> 3380 (19267: 52977 52984 52143) (2650.52 s)
>> 3379 (2723: 53646 60286 45777) (2649.77 s)
>> 3375 (4655: 21790 58531 58527) (2641.39 s)
>> 3370 (55240: 55239 55245 53963) (2640.5 s)
>> 3368 (34465: 57002 57201 38557) (2748.13 s)
>> 3366 (50629: 50215 50626 50451) (2996.29 s)
>> 3356 (14546: 50994 50752 50739) (2988.3 s)
>> 3353 (36788: 57853 58048 39950) (2970.57 s)
>> 3350 (9222: 48521 48513 48497) (2625.06 s)
>> 3347 (6000: 7017 58711 15937) (2624.52 s)
>> 3347 (16811: 32226 58151 51601) (2618.25 s)
>> 3338 (7365: 43916 46751 45973) (2616.91 s)
>> 3323 (48475: 48476 48521 48473) (2611.45 s)
>> 3317 (28902: 55987 57116 37075) (2609.41 s)
>> 3292 (33419: 58726 58335 22301) (2605.34 s)
>> 3251 (48344: 48342 48351 48334) (2602.97 s)
>> 3249 (64045: 47007 47033 44457) (2603.45 s)
>> 3248 (13666: 51529 51830 51491) (2601.3 s)
>> 3246 (27430: 54902 54904 54895) (2600.63 s)
>> 3237 (30650: 55787 55755 2800) (2584.16 s)
>> 3233 (54000: 29174 53994 23076) (2593.15 s)
>> 3216 (2719: 53646 60262 60258) (2592.45 s)
>> 3213 (18709: 24058 32226 24085) (2585.38 s)
>> 3211 (8181: 48060 48053 47970) (2595.93 s)
>> 3208 (6635: 48060 47310 47183) (2595.48 s)
>> 3203 (42775: 60378 60381 60376) (2585.66 s)
>> 3188 (47895: 47893 49022 47761) (2589.71 s)
>> 3187 (24591: 55239 54247 53824) (2697.6 s)
>> 3186 (17369: 33172 57479 57429) (2900.72 s)
>> 3184 (14: 15199 6470 4565) (2578.76 s)
>> 3170 (46080: 46290 46077 46062) (2573.71 s)
>> 3163 (33241: 53597 56545 56536) (2573.76 s)
>> 3211 (38283: 53597 56538 38954) (2566.62 s)
>> 3155 (64575: 45406 45673 45634) (2566.38 s)
>> 3146 (14185: 1371 57910 19305) (2564.96 s)
>> 3141 (59812: 59764 59825 59809) (2568.37 s)
>> 3133 (61826: 59291 60358 59248) (2559.74 s)
>> 3132 (11586: 49545 49528 49509) (2560.86 s)
>> 3128 (33002: 55987 58347 58218) (2548.68 s)
>> 3113 (46385: 46377 46378 46342) (2554.27 s)
>> 3110 (17063: 7380 58763 7017) (2545.41 s)
>> 3109 (25359: 55822 56180 56154) (2544.85 s)
>> 3101 (31871: 55822 56115 56111) (2533.75 s)
>> 3094 (54484: 54793 54507 54476) (2540.5 s)
>> 3093 (16348: 47399 47419 47376) (2538.89 s)
>> 3091 (25314: 54144 56104 54089) (2538.73 s)
>> 3080 (44819: 44432 44971 44812) (2847.44 s)
>> 3080 (49791: 48608 49783 49563) (2898.53 s)
>> 3066 (33309: 57176 56583 43109) (2909.21 s)
>> 3050 (49763: 49545 49759 49750) (2921.21 s)
>> 3044 (3286: 45168 46290 45422) (2915 s)
>> 3041 (45691: 45719 45688 45294) (2907.56 s)
>> 3019 (12397: 49002 49960 49953) (2907.55 s)
>> 3019 (20211: 52662 59004 24621) (2905.24 s)
>> 3006 (51445: 51846 51443 51286) (2900.77 s)
>> 3001 (37970: 21790 58487 58477) (2898.74 s)
>> 2979 (49076: 57853 58066 23018) (2893.54 s)
>> 2975 (18224: 50569 50584 50577) (2888.62 s)
>> 2971 (48821: 48817 48870 48835) (2870.42 s)
>> 2963 (14393: 46377 46365 45826) (2888.4 s)
>> 2961 (53639: 53646 53635 53624) (2897.95 s)
>> 2957 (39257: 57499 58007 57488) (2882.89 s)
>> 2956 (63397: 50501 50298 50271) (2879.61 s)
>> 2946 (61671: 22486 56080 56061) (2873.24 s)
>> 2936 (26701: 31572 31179 30443) (2869.95 s)
>> 2936 (34653: 57609 57604 57599) (2862.2 s)
>> 2936 (63450: 44772 44747 44734) (2862.46 s)
>> 2933 (6073: 46833 46828 45719) (2864.11 s)
>> 2917 (9855: 59113 60523 60521) (2854.54 s)
>> 2898 (48018: 48016 48060 47980) (2855.56 s)
>> 2886 (23962: 53646 59778 4862) (2860.43 s)
>> 2884 (34556: 32050 57035 57028) (2852.41 s)
>> 2873 (59229: 59223 59455 59219) (2856.07 s)
>> 2869 (8448: 48116 48163 50002) (2574.36 s)
>> 2855 (44603: 47140 44596 44586) (2451.86 s)
>> 2853 (33324: 56485 56574 56406) (2443.67 s)
>> 2847 (50097: 49545 50098 48342) (2443.15 s)
>> 2826 (34881: 57660 57384 39972) (2440.12 s)
>> 2821 (42345: 60237 53646 18886) (2437.18 s)
>> 2817 (27204: 54626 54651 38343) (2430.16 s)
>> 2804 (47006: 53881 54165 54157) (2434.11 s)
>> 2803 (14843: 48016 47509 47488) (2433.09 s)
>> 2802 (10311: 48931 48917 48591) (2434.56 s)
>> 2802 (63132: 47399 44580 44568) (2438.15 s)
>> 2793 (18486: 24058 52077 28007) (2784.04 s)
>> 2790 (4941: 45168 46116 46104) (2778.51 s)
>> 2786 (15794: 28240 51250 24058) (2771.04 s)
>> 2784 (57348: 26966 57050 17987) (2773.66 s)
>> 2783 (32303: 56273 56285 56263) (2773.42 s)
>> 2769 (48633: 49002 49017 48630) (2765.87 s)
>> 2765 (17387: 28240 51786 51801) (2768.06 s)
>> 2762 (38734: 7331 58747 15199) (2799 s)
>> 2733 (59146: 59291 59149 59142) (2791.54 s)
>> 2731 (53018: 52977 53028 53010) (2817.24 s)
>> 2730 (6491: 3002 58334 58317) (2826 s)
>> 2726 (25337: 54144 56273 37503) (2817.65 s)
>> 2723 (10863: 52816 52857 49130) (2814.58 s)
>> 2714 (12294: 49889 49900 49874) (2813.04 s)
>> 2695 (19384: 55239 54032 54020) (2809.45 s)
>> 2694 (10957: 47140 48016 47190) (2807.36 s)
>> 2686 (12193: 52977 52031 52003) (2808.72 s)
>> 2680 (47906: 47893 47910 47900) (2805.02 s)
>> 2643 (22310: 57868 58934 33579) (2797.97 s)
>> 2630 (34171: 53509 35967 34276) (2794.51 s)
>> 2620 (58392: 58726 58389 55987) (2794.44 s)
>> 2611 (38328: 54144 56337 23685) (2797.09 s)
>> 2605 (1483: 44432 44411 44401) (3016.04 s)
>> 2604 (11793: 51058 49666 49643) (3526.32 s)
>> 2597 (18527: 20386 52092 28240) (3482.84 s)
>> 2591 (25325: 54144 56347 54008) (3255.69 s)
>> 2588 (24748: 54397 54408 54393) (2963.34 s)
>> 2588 (48269: 48262 48259 48217) (3258.99 s)
>> 2582 (28444: 55100 55092 53481) (2883.19 s)
>> 2579 (3696: 46833 46174 45406) (2763.45 s)
>> 2572 (12463: 59223 59486 59297) (2761.3 s)
>> 2568 (54576: 56956 58726 57125) (2763.34 s)
>> 2563 (49940: 49889 49932 48931) (2767.65 s)
>> 2729 (12244: 49836 49889 49825) (2762.19 s)
>> 2549 (44832: 44865 44829 44804) (2754.4 s)
>> 2539 (23750: 53571 55100 6179) (2770.19 s)
>> 2535 (17074: 46784 46800 43779) (2765.85 s)
>> 2534 (13688: 50994 50778 50501) (2761.3 s)
>> 2520 (18264: 52977 52142 52137) (2755.77 s)
>> 2517 (4045: 45560 46377 45541) (2757.51 s)
>> 2510 (29361: 56329 56485 56387) (2754.11 s)
>> 2510 (32584: 53509 54986 36272) (2752.13 s)
>> 2492 (51923: 50569 51924 51918) (2750.16 s)
>> 2480 (45791: 45168 46833 45781) (2744.56 s)
>> 2477 (26599: 57108 56805 56066) (2742.45 s)
>> 2476 (26244: 54887 54342 53881) (2738.21 s)
>> 2463 (48671: 49002 48668 48663) (2737.65 s)
>> 2453 (42142: 60237 60062 60051) (2733.67 s)
>> 2444 (45074: 7331 58846 58839) (2732.33 s)
>> 2457 (38556: 7331 58657 51847) (2729.37 s)
>> 2439 (49448: 48817 49445 49423) (2725.32 s)
>> 2435 (8140: 47140 48034 48006) (2729.45 s)
>> 2435 (51393: 20386 51389 51376) (2719.92 s)
>> 2434 (10723: 53040 52816 49087) (2713.57 s)
>> 2432 (1601: 44432 47399 47066) (3007.94 s)
>> 2422 (34956: 57204 57660 57194) (2896.99 s)
>> 2434 (20448: 41679 57204 38206) (2351.36 s)
>> 2420 (10326: 49836 48939 48578) (2325.28 s)
>> 2407 (62986: 48192 48452 48444) (2323.09 s)
>> 2403 (10700: 53247 52894 52887) (2321.04 s)
>> 2399 (28267: 55096 54875 54868) (2316.52 s)
>> 2395 (36099: 58121 57721 57713) (2319.32 s)
>> 2390 (54387: 53698 54397 54385) (2312.97 s)
>> 2388 (33732: 53597 56801 56757) (2310.97 s)
>> 2385 (35267: 55361 58276 3002) (2307.01 s)
>> 2367 (36500: 57853 57924 43189) (2294.21 s)
>> 2361 (25353: 56140 56168 55822) (2303.15 s)
>> 2360 (1019: 59762 59631 59622) (2301.44 s)
>> 2351 (46979: 47007 47140 46964) (2294.5 s)
>> 2348 (8634: 48270 48285 48262) (2293.39 s)
>> 2343 (46863: 45168 46856 46448) (2296.83 s)
>> 2342 (33318: 7380 57905 34884) (2293.04 s)
>> 2332 (14332: 44652 44661 44432) (2310.9 s)
>> 2314 (20130: 52662 52643 52641) (2508.86 s)
>> 2313 (8971: 48192 48402 48392) (2689.19 s)
>> 2310 (14086: 58121 59035 38760) (2677.68 s)
>> 2299 (7564: 47893 47691 47585) (2645.48 s)
>> 2273 (48617: 49002 48997 48616) (2671.67 s)
>> 2272 (46555: 45168 46722 46548) (2660.83 s)
>> 2257 (18155: 59985 59972 59764) (2675.71 s)
>> 2243 (24079: 53597 56778 37540) (2671.47 s)
>> 2242 (28198: 60378 55006 53509) (2657.18 s)
>> 2237 (59763: 60378 60405 25909) (2649.19 s)
>> 2232 (16981: 51846 51665 51633) (2639.66 s)
>> 2226 (44779: 44777 44759 44582) (2630.9 s)
>> 2222 (60248: 60237 60244 60233) (2633.48 s)
>> 2213 (36350: 1371 59558 59493) (3071.53 s)
>> 2195 (4669: 46043 45930 45533) (2370.8 s)
>> 2189 (20353: 56533 56524 56003) (2242.08 s)
>> 2185 (29187: 11241 59113 59100) (2243.71 s)
>> 2184 (14944: 57853 50686 43254) (2240.03 s)
>> 2174 (51875: 42545 56654 56329) (2236.57 s)
>> 2172 (44966: 44652 44982 44961) (2231.91 s)
>> 2168 (6378: 48600 49227 49201) (2227.79 s)
>> 2269 (11513: 48600 49545 49500) (2228.54 s)
>> 2163 (2465: 44865 44860 44834) (2223.44 s)
>> 2155 (58033: 57853 58124 58029) (2221.64 s)
>> 2152 (59014: 59012 52662 25947) (2217.71 s)
>> 2139 (7066: 56956 55977 55913) (2215.15 s)
>> 2138 (6933: 47243 47349 47269) (2212.19 s)
>> 2123 (15522: 50994 51846 51327) (2207.32 s)
>> 2119 (2637: 55787 55743 8781) (2203.8 s)
>> 2118 (19749: 46963 60137 60128) (2201.46 s)
>> 2116 (37196: 46963 53719 5877) (2202.57 s)
>> 2115 (20007: 41679 56689 56664) (2199.63 s)
>> 2110 (5673: 46467 46513 46478) (2198.18 s)
>> 2107 (38921: 38252 57788 42118) (2192.57 s)
>> 2224 (35589: 38252 57511 41679) (2191.66 s)
>> 2098 (54311: 53698 54316 54307) (2201.43 s)
>> 2088 (49504: 38252 57695 40238) (2193.11 s)
>> 2087 (41489: 3228 59985 6819) (2185.96 s)
>> 2085 (46433: 46467 46431 46410) (2184.74 s)
>> 2075 (21040: 52826 53040 52835) (2183.89 s)
>> 2075 (52954: 53247 52951 52939) (2181.19 s)
>> 2071 (20920: 53395 53398 20386) (2176.53 s)
>> 2061 (19194: 42545 57176 56611) (2175.12 s)
>> 2058 (29041: 55290 55263 55250) (2175.79 s)
>> 2053 (61700: 60295 60279 4271) (2177.16 s)
>> 2042 (46000: 43916 45999 45168) (2174.22 s)
>> 2035 (27742: 33172 57583 57412) (2195.36 s)
>> 2032 (2752: 60237 60195 60024) (2204.14 s)
>> 2028 (10470: 49002 48690 48679) (2188.55 s)
>> 2023 (62553: 50569 51727 51695) (2195.27 s)
>> 2020 (7934: 50063 50083 50077) (2916.53 s)
>> 2018 (3078: 43916 45316 45058) (2300.58 s)
>> 2007 (34538: 58233 58216 55361) (2781.86 s)
>> 1984 (22581: 33172 57334 54604) (2512.59 s)
>> 1973 (57626: 57609 58010 57625) (3466.92 s)
>> 1967 (24625: 55239 54144 53947) (3835.05 s)
>> 1966 (53114: 53247 53167 53109) (3503.56 s)
>> 1951 (56369: 42545 56365 56360) (3943.34 s)
>> 1941 (27503: 35237 54750 54746) (3374.82 s)
>> 1926 (23270: 42545 56342 56338) (3203.46 s)
>> 1925 (32210: 56254 56489 56244) (2655.57 s)
>> 1920 (34819: 38252 39243 38635) (2843.35 s)
>> 1917 (51319: 50994 51332 51316) (2490.44 s)
>> 1916 (48216: 48270 48211 48206) (2760.4 s)
>> 1907 (28019: 55678 55077 54959) (2481.12 s)
>> 1894 (26005: 53698 54287 54273) (2480.81 s)
>> 1886 (19653: 57853 57961 57957) (2476.92 s)
>> 1882 (20801: 38252 38517 23725) (2475.62 s)
>> 1882 (56952: 56956 56951 18439) (2469.01 s)
>> 1881 (30449: 56140 55716 14088) (2468.46 s)
>> 1874 (23583: 57155 56803 53597) (2465.11 s)
>> 1850 (54975: 55678 55072 54971) (2459.22 s)
>> 1849 (33904: 56956 56977 56825) (2853.61 s)
>> 1831 (53026: 53019 52977 52826) (2837.98 s)
>> 1829 (29433: 56140 55837 33150) (2470.89 s)
>> 1825 (40600: 59242 59239 59162) (2471.36 s)
>> 1819 (45417: 43916 45415 45260) (2469.96 s)
>> 1816 (65565: 46305 46316 46280) (2484.53 s)
>> 1814 (15551: 50994 51149 50821) (2480.42 s)
>> 1802 (56059: 56956 56075 56052) (2447.2 s)
>> 1801 (51507: 51518 51529 51501) (2440.38 s)
>> 1786 (19009: 7331 58573 19043) (2424.69 s)
>> 1785 (28392: 26966 56956 56950) (2706.72 s)
>> 1782 (54900: 57155 56766 56747) (2449.61 s)
>> 1778 (29828: 54793 56140 55561) (2446.82 s)
>> 1774 (50786: 50783 50994 50809) (2505.99 s)
>> 1772 (6934: 47243 47336 47007) (2436.12 s)
>> 1756 (2078: 44777 44772 44652) (2417.02 s)
>> 1749 (36831: 57853 58044 40481) (2422.9 s)
>> 1747 (58378: 21790 58497 58374) (2430.62 s)
>> 1745 (56212: 42545 56211 56209) (2439 s)
>> 1734 (57531: 38252 57499 41118) (2437.5 s)
>> 1708 (27596: 33172 57609 27629) (2327.5 s)
>> 1700 (18235: 55239 56228 53919) (2544.41 s)
>> 1696 (30479: 26966 56037 35021) (2576.2 s)
>> 1691 (8126: 48817 49336 48787) (2403.23 s)
>> 1686 (45106: 43916 45101 45003) (2880.5 s)
>> 1678 (36429: 59762 59641 59633) (2806.14 s)
>> 1672 (2642: 59242 60237 59180) (2397.06 s)
>> 2025 (18286: 59291 59242 59193) (2390.06 s)
>> 1660 (26455: 55678 54965 54945) (2121.05 s)
>> 1655 (40252: 59223 59306 59301) (2413.84 s)
>> 1652 (36658: 26966 58615 58612) (2381.42 s)
>> 1634 (44051: 44315 44050 44038) (2313.54 s)
>> 1633 (65236: 43916 46895 46727) (2233.33 s)
>> 1630 (19655: 50569 51093 51083) (2051.64 s)
>> 1627 (47520: 47243 47532 47512) (2040.11 s)
>> 1616 (15084: 50783 50935 50906) (2179.67 s)
>> 1611 (24168: 55239 54105 53764) (2428.44 s)
>> 1609 (25702: 7380 57868 25918) (2705.04 s)
>> 1607 (37018: 58121 59032 58133) (2933.19 s)
>> 1605 (11410: 49398 49836 49408) (2979.02 s)
>> 1597 (22326: 7380 58708 58694) (2981.21 s)
>> 1596 (11357: 49398 49377 49367) (2973.45 s)
>> 1593 (18813: 53019 52405 52022) (2970.13 s)
>> 1584 (3819: 58603 58588 7331) (2965.92 s)
>> 2030 (37935: 21790 58603 58454) (2964.91 s)
>> 1582 (1698: 47243 44500 44492) (3858.17 s)
>> 1581 (14346: 45560 45912 45594) (4660.18 s)
>> 1581 (47301: 47243 64202 47297) (3460.04 s)
>> 1581 (52397: 53019 52398 52389) (2472.55 s)
>> 1579 (27509: 35237 54793 54787) (2215.55 s)
>> 1575 (43860: 43916 43893 43874) (3820.35 s)
>> 1566 (62708: 54887 55239 53904) (2267.55 s)
>> 1547 (2301: 59762 2820 1371) (2060.48 s)
>> 1526 (2290: 44777 45013 43916) (2122.3 s)
>> 1521 (21968: 38252 57753 57750) (2043.48 s)
>> 1521 (56916: 56900 56907 39819) (2817.4 s)
>> 1510 (3221: 44777 45193 45177) (3411.78 s)
>> 1472 (26358: 54359 54355 54348) (3015.48 s)
>> 1467 (51683: 38252 56709 56704) (3043.05 s)
>> 1446 (10062: 48817 49151 48793) (2956.08 s)
>> 1425 (14206: 44777 46013 46002) (2958.93 s)
>> 1415 (30550: 35237 55735 55732) (3152.37 s)
>> 1409 (45725: 45723 45742 44777) (2905.81 s)
>> 1407 (477: 59223 47597 7580) (2978.46 s)
>> 1405 (49732: 48600 51033 49730) (3029.62 s)
>> 1401 (19094: 59291 60177 60169) (2997.67 s)
>> 1399 (41860: 3228 59935 3018) (2910.18 s)
>> 1397 (46388: 46387 46390 45560) (3565.5 s)
>> 1392 (63407: 50783 50776 50495) (2416.16 s)
>> 1386 (7583: 47893 47616 47606) (2410.29 s)
>> 1351 (32370: 60378 59762 57665) (2290.96 s)
>> 1344 (362: 44315 43830 43809) (2320.93 s)
>> 1344 (8342: 47243 48116 48093) (2135.13 s)
>> 1332 (56624: 42545 56627 56622) (1984.54 s)
>> 1330 (35680: 33172 58088 58081) (1972.16 s)
>> 1326 (1618: 47083 45723 44439) (3102.49 s)
>> 1323 (49684: 51058 49683 48956) (2930.17 s)
>> 1314 (54337: 54887 54336 37516) (3084.48 s)
>> 1310 (49267: 49398 49285 49266) (3172.58 s)
>> 1305 (38741: 53286 21790 1818) (2736.28 s)
>> 1291 (10832: 59223 59312 59291) (2649.55 s)
>> 1287 (40911: 54887 54053 54044) (3002.51 s)
>> 1283 (53583: 53571 53606 53578) (2458.03 s)
>> 1275 (31296: 26966 55940 55920) (2729.69 s)
>> 1270 (44235: 44234 44315 44224) (3180.45 s)
>> 1262 (23956: 59223 59847 59837) (2474.45 s)
>> 1261 (49628: 51058 49625 49618) (3369.64 s)
>> 1254 (45669: 48192 48164 47243) (3210.93 s)
>> 1250 (9999: 48817 48846 48476) (3140.98 s)
>> 1237 (10484: 49002 49012 48621) (2948.67 s)
>> 1232 (38897: 53286 58809 58797) (3005.5 s)
>> 1231 (18837: 53019 52877 52869) (2894.54 s)
>> 1226 (13510: 11241 55787 55535) (2922.92 s)
>> 1225 (25343: 35237 56145 56144) (3079.51 s)
>> 1219 (43059: 11241 60480 60468) (2755.38 s)
>> 1207 (57124: 26966 28472 15873) (2500.94 s)
>> 1202 (9808: 49002 48901 48694) (3503.25 s)
>> 1200 (32592: 57155 56533 42545) (3699.98 s)
>> 1199 (51791: 57853 57832 57826) (3761.42 s)
>> 1265 (57850: 58121 57853 38454) (2896.11 s)
>> 1198 (28772: 54887 55221 55218) (2663.02 s)
>> 1192 (53530: 60378 53612 53593) (3131.13 s)
>> 1183 (57276: 38252 57269 53735) (2939.96 s)
>> 1174 (7655: 48192 47893 47672) (2885.61 s)
>> 1166 (51838: 50783 53019 51836) (2936.54 s)
>> 1160 (46259: 55290 55300 55293) (2873.34 s)
>> 1159 (46940: 7380 58770 15948) (2828.9 s)
>> 1154 (59544: 60378 59546 59542) (2893.9 s)
>> 1152 (8361: 47083 44188 44123) (2958.46 s)
>> 1144 (55828: 55832 55827 35237) (2912.85 s)
>> 1130 (6365: 48192 47055 47044) (2934.76 s)
>> 1123 (50158: 48600 50159 50156) (2927.1 s)
>> 1116 (10308: 49398 49002 48925) (2992.43 s)
>> 1114 (61729: 57002 38252 37980) (3549.33 s)
>> 1112 (50202: 50204 50623 50200) (3162.94 s)
>> 1110 (11022: 48600 49220 49211) (3303.9 s)
>> 1099 (9091: 48192 50366 48463) (3126.51 s)
>> 1097 (49319: 48817 49398 49313) (3021.84 s)
>> 1078 (2041: 60378 59710 59708) (2757.74 s)
>> 1078 (17266: 26966 58507 58504) (2911.01 s)
>> 1067 (7987: 51058 49691 48600) (2815.44 s)
>> 1066 (15008: 53395 50897 24143) (2365.62 s)
>> 1062 (44765: 48192 47521 47441) (2750.78 s)
>> 1060 (54195: 54304 53744 39377) (2920.64 s)
>> 1060 (60385: 60378 54654 51814) (2807.74 s)
>> 1055 (43719: 47083 43710 43704) (3239.3 s)
>> 2569 (87: 43728 47083 43735) (2909.03 s)
>> 1042 (54130: 60378 59522 16185) (2805.64 s)
>> 1041 (52433: 53247 52430 50783) (3046.19 s)
>> 1039 (65461: 48817 48756 48648) (2864.54 s)
>> 1037 (56986: 55832 54800 54791) (2402.23 s)
>> 1030 (27780: 54887 55096 55054) (2906.01 s)
>> 1001 (47958: 48192 48270 47953) (2838.52 s)
>> 977 (13965: 53247 50599 50589) (3020.08 s)
>> 974 (54140: 54139 54887 29174) (3288.93 s)
>> 972 (37670: 57155 38569 23892) (3402.15 s)
>> 966 (12869: 1432 58233 28563) (2895.53 s)
>> 966 (47389: 50569 51745 51719) (2854.21 s)
>> 962 (19729: 50569 52541 52537) (2797.07 s)
>> 961 (29637: 48908 60558 60553) (2399.68 s)
>> 957 (50291: 50215 50562 50284) (2357.73 s)
>> 954 (64747: 45242 45361 45230) (2769.96 s)
>> 945 (61045: 51518 50975 50956) (2201.86 s)
>> 932 (29064: 55290 55395 55342) (2709.28 s)
>> 926 (4415: 59223 60348 60252) (2377.04 s)
>> 923 (57345: 26966 57360 57340) (2159.59 s)
>> 921 (44150: 45026 45035 43728) (2245.06 s)
>> 900 (58466: 53286 44684 2890) (2150.54 s)
>> 898 (35864: 1432 55962 55945) (2148.12 s)
>> 886 (28099: 54139 55064 55056) (2139.66 s)
>> 878 (14059: 53247 53227 53211) (2149.52 s)
>> 865 (2092: 3228 59740 4567) (2158.1 s)
>> 850 (1829: 45026 44563 44556) (2153.59 s)
>> 844 (9434: 48817 52011 49390) (2151.41 s)
>> 843 (14615: 53247 50558 50215) (2149.06 s)
>> 838 (36: 45026 43922 43683) (2144.88 s)
>> 834 (58997: 7380 59012 58988) (2143.54 s)
>> 826 (12784: 45026 46526 46467) (2191.77 s)
>> 825 (37168: 19312 54188 7380) (2134.86 s)
>> 816 (56375: 57155 56372 56370) (2481.82 s)
>> 813 (10536: 53247 52219 52171) (2714.8 s)
>> 811 (11439: 45321 45331 45026) (2757.27 s)
>> 800 (20024: 53395 51402 50569) (2713.23 s)
>> 791 (13165: 53247 50344 50322) (2763.46 s)
>> 791 (34406: 57002 56995 56984) (2681.52 s)
>> 784 (13989: 19312 52769 24668) (2463.28 s)
>> 783 (59808: 59223 59799 59781) (1806.07 s)
>> 775 (46198: 45321 46210 46196) (1804.17 s)
>> 766 (59157: 59223 17808 3670) (1802.3 s)
>> 760 (4474: 45321 46152 45811) (1800.77 s)
>> 753 (12866: 50204 50238 50224) (1825.1 s)
>> 749 (36556: 58121 57946 57942) (1800.72 s)
>> 748 (13364: 60378 59603 59598) (1798.35 s)
>> 1360 (41179: 60378 59610 29100) (1854.95 s)
>> 747 (24317: 59223 44822 4466) (2207.83 s)
>> 743 (34688: 26966 57350 33146) (2275.29 s)
>> 737 (55339: 55290 55334 55319) (2159.18 s)
>> 735 (41451: 3228 59878 59865) (2363.52 s)
>> 733 (12495: 50063 50016 48192) (2703.32 s)
>> 731 (27307: 54691 54685 53698) (2794.48 s)
>> 725 (25515: 54139 54267 29287) (2739.59 s)
>> 721 (19156: 59223 59993 59944) (2077.4 s)
>> 716 (33371: 57155 56599 56586) (2142.16 s)
>> 712 (14377: 45321 50063 47072) (2120.56 s)
>> 701 (12928: 60378 51645 28681) (2758.82 s)
>> 695 (46137: 45321 46135 46132) (2026.96 s)
>> 686 (10193: 48817 49475 48878) (2130 s)
>> 677 (49795: 48817 49792 48951) (2398.22 s)
>> 673 (31336: 1432 55971 44764) (2229.44 s)
>> 671 (24941: 25037 52694 51621) (2146.09 s)
>> 667 (30649: 11241 55789 55776) (2225.89 s)
>> 662 (15527: 55378 1432 1293) (2071.68 s)
>> 656 (8677: 60019 60022 59223) (2070.32 s)
>> 649 (37174: 60019 59901 59897) (2068.61 s)
>> 640 (13869: 53247 50549 50544) (2065.06 s)
>> 636 (20379: 57002 57158 57150) (2099.68 s)
>> 632 (38997: 19312 58868 1374) (2063.83 s)
>> 630 (3800: 46387 45602 45446) (2063.65 s)
>> 625 (4812: 45321 45987 45941) (2091.49 s)
>> 620 (5674: 60019 53687 46963) (2065.83 s)
>> 612 (59729: 3228 60378 59724) (2053.42 s)
>> 609 (51210: 53247 51208 51203) (2058.04 s)
>> 606 (28290: 54139 55040 55024) (2055.24 s)
>> 600 (21028: 57155 56354 40734) (2053.9 s)
>> 629 (19998: 54139 57155 43226) (2049.7 s)
>> 597 (30437: 57108 56492 56254) (2388.18 s)
>> 590 (50532: 53247 50538 50528) (2169.73 s)
>> 585 (15454: 53395 51133 50814) (1761.92 s)
>> 583 (59592: 3228 59591 59551) (1760.91 s)
>> 573 (43870: 43861 9800 43867) (1758.68 s)
>> 569 (39837: 56900 57002 56909) (1757.92 s)
>> 547 (56032: 26966 56047 22486) (1755.62 s)
>> 541 (44856: 44852 44865 44848) (1753.86 s)
>> 535 (52335: 53247 52330 52305) (1751.07 s)
>> 528 (52974: 53247 52971 52966) (1749.6 s)
>> 495 (28736: 26966 58273 55378) (1747.15 s)
>> 494 (25285: 56900 38307 23356) (1745.36 s)
>> 484 (36782: 58121 58022 39757) (1744.35 s)
>> 473 (45024: 53286 58787 58783) (1742.75 s)
>> 460 (44480: 45321 44483 44478) (1740.81 s)
>> 450 (17932: 19312 58909 58894) (1739.69 s)
>> 446 (33533: 56900 56698 54139) (1738.44 s)
>> 441 (31109: 26966 57108 55885) (1742.19 s)
>> 435 (63160: 53247 50374 48435) (1738.55 s)
>> 407 (20131: 56900 56134 55832) (1800.72 s)
>> 395 (17699: 45321 59022 47572) (1758.78 s)
>> 393 (7809: 11241 48908 10206) (1812.04 s)
>> 382 (59365: 60019 59353 4705) (2106.82 s)
>> 357 (5948: 45321 46770 46757) (2067.42 s)
>> 354 (51985: 53247 51976 51968) (2040.28 s)
>> 341 (48737: 48817 48743 48734) (2044.93 s)
>> 340 (43759: 43752 44234 44010) (2039.49 s)
>> 336 (53445: 53571 53449 53443) (2136.13 s)
>> 332 (14294: 45321 45527 45520) (2176.63 s)
>> 330 (272: 53286 46323 2751) (1742.37 s)
>> 311 (22473: 56900 55599 15736) (1759.7 s)
>> 310 (45348: 53247 52286 52238) (1733.55 s)
>> 304 (29428: 55493 55484 11241) (1902.77 s)
>> 289 (9702: 48738 48817 48553) (2044.96 s)
>> 283 (42133: 54382 54691 31789) (1989.62 s)
>> 277 (29247: 55493 55415 55409) (1989.01 s)
>> 275 (6107: 45321 46875 46866) (1988.59 s)
>> 268 (54100: 56900 54110 54095) (1987.07 s)
>> 264 (11100: 53247 52192 49243) (2074.82 s)
>> 220 (25863: 53395 52511 52494) (2621.99 s)
>> 219 (62056: 55493 60536 9836) (2742.42 s)
>> 215 (30578: 56900 55603 27291) (2676.86 s)
>> 205 (51065: 51031 51062 51058) (2990.84 s)
>> 200 (23129: 3228 54626 22787) (2723.17 s)
>> 195 (57582: 33172 57591 57573) (2356.73 s)
>> 183 (64452: 45321 46819 46142) (2492.55 s)
>> 174 (60628: 3228 53571 1327) (2082.32 s)
>> 163 (57900: 19312 57898 57885) (2329.62 s)
>> 148 (29797: 26966 56711 31173) (2393.4 s)
>> 141 (9992: 48738 48865 48851) (2764.61 s)
>> 137 (41748: 3228 60019 59986) (2684.36 s)
>> 135 (44100: 43752 44307 44114) (2282.16 s)
>> 96 (33250: 56900 56557 56542) (2583.25 s)
>> 88 (4792: 45321 45993 45980) (2576.85 s)
>> 87 (27543: 56900 54772 54767) (2574.26 s)
>> 70 (7055: 59587 59593 3228) (2573.02 s)
>> 42 (53830: 56900 54067 53828) (2567.57 s)
>> 38 (2185: 45321 45043 44783) (2577.13 s)
>> 35 (6453: 26966 58329 53286) (2575.05 s)
>> 31 (50296: 58121 57845 57840) (2572.67 s)
>> 15 (45885: 45883 46043 45891) (2570.03 s)
>> 8 (22586: 22644 56900 26818) (2568.07 s)
>> 6 (58501: 26966 58516 34305) (2567.78 s)
>> 0 (-1: -1 -1 -1) (2564.78 s)
Zelikovsky- 4.05949e+06 s
>>> get_solution
  refine_solution: new weight 28610032 (was 28906200) in 0.068735 s
  refine_solution: new weight 28585658 (was 28610032) in 0.069486 s
  refine_solution: new weight 28585658 (was 28585658) in 0.069727 s
>>> get_solution
  refine_solution: new weight 29394578 (was 33295824) in 0.067825 s
  refine_solution: new weight 29107702 (was 29394578) in 0.070068 s
  refine_solution: new weight 29056404 (was 29107702) in 0.070083 s
  refine_solution: new weight 29042399 (was 29056404) in 0.069855 s
  refine_solution: new weight 29042034 (was 29042399) in 0.070673 s
  refine_solution: new weight 29042034 (was 29042034) in 0.070339 s
0,,65589,109592,2995,,0,0,,33295824,29042034,30200629,28906200,28585658,,0,0,@@

  delete_edges: deleted 200 edges in 0.063276 s and 2 rounds
  handle_small_Steiner_degrees: steiner 3, suppress 296 in 0.000517 s
Starting round 1
contract_till_the_bitter_end interrupted
contract_till_the_bitter_end: 4.14301e+06 s

Calling end_heu
>>> get_solution
Saved weight 373724
end_heu: 0 loops with 0 unique solutions in 0.015104 s

Calling print_solution
>>> get_solution
  refine_solution: new weight 29394799 (was 33295824) in 0.150541 s
Oops orig weight was 33295824 but we got 29394799
## FINAL WEIGHT 29394799
print_solution: 0.286982 s
