Version: final-94-gfffc3aa rub_all.sh: remove longest prefix
Random seed: 1558070447
Start
>>> save_orig_graph
>> Saved weight 0
Graph loaded
|V| = 1729, |E| = 28512, |R| = 74
First clearance of the input. Calling buy_zero and run_all_heuristics.
  buy_zero: 0 zero edges in 3.2e-05 s
  handle_small_terminal_degrees: terms 0 in 2e-06 s
  handle_small_Steiner_degrees: steiner 0, suppress 0 in 3e-06 s
  shortest_edge_between_terminals: 0 edges in 1.3e-05 s
Compressed graph 1729 -> 1728
  delete_edges: deleted 0 edges in 0.006503 s and 1 rounds
  handle_small_terminal_degrees: terms 0 in 1e-06 s
  handle_small_Steiner_degrees: steiner 0, suppress 0 in 3e-06 s
  shortest_edge_between_terminals: 0 edges in 9e-06 s
Compressed graph 1728 -> 1728
  delete_edges_shortest_path: deleted 0 edges in 0.029658 s
  handle_small_terminal_degrees: terms 0 in 2e-06 s
  handle_small_Steiner_degrees: steiner 0, suppress 0 in 2e-06 s
  shortest_edge_between_terminals: 0 edges in 1e-05 s
Compressed graph 1728 -> 1728
  handle_small_terminal_degrees: terms 0 in 2e-06 s
  handle_small_Steiner_degrees: steiner 0, suppress 0 in 3e-06 s
  shortest_edge_between_terminals: 0 edges in 1.2e-05 s
Compressed graph 1728 -> 1728
  delete_edges_shortest_path: deleted 0 edges in 0.029521 s
  handle_small_terminal_degrees: terms 0 in 1e-06 s
  handle_small_Steiner_degrees: steiner 0, suppress 0 in 2e-06 s
  shortest_edge_between_terminals: 0 edges in 1e-05 s
Compressed graph 1728 -> 1728
Compressed graph 1728 -> 1728
>>> save_orig_graph
>> Saved weight 0
### ZEL_LVL=9 PRECISE_STARS=1

Calling `contract_till_the_bitter_end`
|V| = 1728, |E| = 28512, |R| = 74
>> 1 (7: 5 43 5) (0.011706 s)
>> 0 (-1: -1 -1 -1) (0.010636 s)
Zelikovsky 0.547436 s
>> 1 (1: 865 109 5) (0.481502 s)
>> 1 (3: 1587 865 15) (0.480099 s)
>> 1 (7: 295 1587 43) (0.47923 s)
>> 1 (8: 1448 295 80) (0.478759 s)
>> 1 (9: 1017 1448 33) (0.478556 s)
>> 1 (10: 1306 1017 106) (0.478191 s)
>> 1 (192: 768 204 198) (0.478236 s)
>> 1 (194: 266 768 482) (0.476991 s)
>> 1 (196: 280 628 266) (0.476261 s)
>> 1 (203: 1211 280 239) (0.475974 s)
>> 1 (301: 1597 385 309) (0.476614 s)
>> 1 (303: 1597 1306 363) (0.475343 s)
>> 1 (305: 1457 1597 329) (0.477898 s)
>> 1 (308: 404 1457 884) (0.478714 s)
>> 1 (310: 1030 404 322) (0.47939 s)
>> 1 (492: 496 1211 516) (0.480418 s)
>> 1 (498: 570 1218 496) (0.480798 s)
>> 1 (503: 563 791 570) (0.481566 s)
>> 1 (636: 696 638 563) (0.48262 s)
>> 1 (662: 1238 696 666) (0.483554 s)
>> 1 (708: 719 1284 1238) (0.485097 s)
>> 1 (806: 854 808 719) (0.485885 s)
>> 1 (844: 1276 854 846) (0.487206 s)
>> 1 (883: 967 1315 1030) (0.488839 s)
>> 1 (889: 1033 967 891) (0.491314 s)
>> 1 (893: 1613 1033 941) (0.49346 s)
>> 1 (901: 1333 1613 910) (0.496231 s)
>> 1 (909: 1629 1333 981) (0.498371 s)
>> 1 (1039: 1087 1629 1471) (0.500046 s)
>> 1 (1040: 1328 1087 1052) (0.500594 s)
>> 1 (1047: 1107 1479 1328) (0.500835 s)
>> 1 (1109: 1121 1397 1107) (0.50111 s)
>> 1 (1369: 1377 1513 1121) (0.501349 s)
>> 1 (1411: 1699 1407 1377) (0.501251 s)
>> 1 (1522: 1666 1699 1558) (0.50155 s)
>> 1 (1544: 1688 1666 1545) (0.501315 s)
Zelikovsky- 17.5388 s
>>> get_solution
  refine_solution: new weight 111 (was 111) in 0.010217 s
>>> get_solution
  refine_solution: new weight 140 (was 142) in 0.009647 s
  refine_solution: new weight 140 (was 140) in 0.009522 s
0,,1728,28512,74,,0,0,,142,140,145,111,111,,0,0,@@

  delete_edges: deleted 0 edges in 0.006531 s and 1 rounds
  handle_small_Steiner_degrees: steiner 0, suppress 0 in 4e-06 s
Starting round 1
Found 0 isolated vertices
Invalid ratios recomputed: 1728
Best ratio is 3/2 (1.5), centered at 1
Finding the best star... Star with 3 terminals centered in 5
round took: 0.448355 s
|V| = 1728, |E| = 28476, |R| = 72
>> 1 (7: 5 43 5) (0.011103 s)
>> 0 (-1: -1 -1 -1) (0.010193 s)
Zelikovsky 0.540038 s
>> 1 (3: 1587 15 5) (0.478517 s)
>> 1 (7: 295 1587 43) (0.477587 s)
>> 1 (8: 1448 295 80) (0.4771 s)
>> 1 (9: 1017 1448 33) (0.476788 s)
>> 1 (10: 1306 1017 106) (0.476501 s)
>> 1 (192: 768 204 198) (0.476378 s)
>> 1 (194: 266 768 482) (0.47502 s)
>> 1 (196: 280 628 266) (0.47433 s)
>> 1 (203: 1211 280 239) (0.473978 s)
>> 1 (301: 1597 385 309) (0.474657 s)
>> 1 (303: 1597 1306 363) (0.473514 s)
>> 1 (305: 1457 1597 329) (0.475934 s)
>> 1 (308: 404 1457 884) (0.476839 s)
>> 1 (310: 1030 404 322) (0.477345 s)
>> 1 (492: 496 1211 516) (0.478488 s)
>> 1 (498: 570 1218 496) (0.478728 s)
>> 1 (503: 563 791 570) (0.479416 s)
>> 1 (636: 696 638 563) (0.480354 s)
>> 1 (662: 1238 696 666) (0.481357 s)
>> 1 (708: 719 1284 1238) (0.482876 s)
>> 1 (806: 854 808 719) (0.483551 s)
>> 1 (844: 1276 854 846) (0.485018 s)
>> 1 (883: 967 1315 1030) (0.486532 s)
>> 1 (889: 1033 967 891) (0.488796 s)
>> 1 (893: 1613 1033 941) (0.491003 s)
>> 1 (901: 1333 1613 910) (0.493673 s)
>> 1 (909: 1629 1333 981) (0.495921 s)
>> 1 (1039: 1087 1629 1471) (0.497569 s)
>> 1 (1040: 1328 1087 1052) (0.498057 s)
>> 1 (1047: 1107 1479 1328) (0.498349 s)
>> 1 (1109: 1121 1397 1107) (0.49857 s)
>> 1 (1369: 1377 1513 1121) (0.498705 s)
>> 1 (1411: 1699 1407 1377) (0.498569 s)
>> 1 (1522: 1666 1699 1558) (0.498691 s)
>> 1 (1544: 1688 1666 1545) (0.498627 s)
Zelikovsky- 16.9806 s
>>> get_solution
  refine_solution: new weight 111 (was 111) in 0.010216 s
>>> get_solution
  refine_solution: new weight 140 (was 142) in 0.00966 s
  refine_solution: new weight 139 (was 140) in 0.009542 s
  refine_solution: new weight 137 (was 139) in 0.009556 s
  refine_solution: new weight 137 (was 137) in 0.009544 s
1,,1728,28476,72,,1728,0,,142,137,142,111,111,,3,3,@@

  handle_small_Steiner_degrees: steiner 0, suppress 0 in 3e-06 s
Starting round 2
Found 3 isolated vertices
Invalid ratios recomputed: 1516
Best ratio is 3/2 (1.5), centered at 3
Finding the best star... Star with 3 terminals centered in 5
round took: 0.446095 s
|V| = 1728, |E| = 28437, |R| = 70
>> 1 (7: 5 43 5) (0.010726 s)
>> 0 (-1: -1 -1 -1) (0.009836 s)
Zelikovsky 0.535006 s
>> 1 (7: 295 43 5) (0.476907 s)
>> 1 (8: 295 1448 80) (0.476093 s)
>> 1 (9: 295 1017 33) (0.47602 s)
>> 1 (10: 295 1306 106) (0.47549 s)
>> 1 (192: 768 204 198) (0.475576 s)
>> 1 (194: 266 768 482) (0.474027 s)
>> 1 (196: 280 628 266) (0.473584 s)
>> 1 (203: 1211 280 239) (0.47311 s)
>> 1 (301: 1597 385 309) (0.473794 s)
>> 1 (303: 295 1597 363) (0.472467 s)
>> 1 (305: 1457 329 295) (0.475024 s)
>> 1 (308: 404 1457 884) (0.476306 s)
>> 1 (310: 1030 404 322) (0.476844 s)
>> 1 (492: 496 1211 516) (0.477906 s)
>> 1 (498: 570 1218 496) (0.478209 s)
>> 1 (503: 563 791 570) (0.479027 s)
>> 1 (636: 696 638 563) (0.479895 s)
>> 1 (662: 1238 696 666) (0.48093 s)
>> 1 (708: 719 1284 1238) (0.482312 s)
>> 1 (806: 854 808 719) (0.483184 s)
>> 1 (844: 1276 854 846) (0.484385 s)
>> 1 (883: 967 1315 1030) (0.486057 s)
>> 1 (889: 1033 967 891) (0.488198 s)
>> 1 (893: 1613 1033 941) (0.490997 s)
>> 1 (901: 1333 1613 910) (0.493361 s)
>> 1 (909: 1629 1333 981) (0.495443 s)
>> 1 (1039: 1087 1629 1471) (0.496915 s)
>> 1 (1040: 1328 1087 1052) (0.497616 s)
>> 1 (1047: 1107 1479 1328) (0.497751 s)
>> 1 (1109: 1121 1397 1107) (0.498056 s)
>> 1 (1369: 1377 1513 1121) (0.498024 s)
>> 1 (1411: 1699 1407 1377) (0.498146 s)
>> 1 (1522: 1666 1699 1558) (0.498124 s)
>> 1 (1544: 1688 1666 1545) (0.498096 s)
Zelikovsky- 16.4805 s
>>> get_solution
  refine_solution: new weight 111 (was 111) in 0.010224 s
>>> get_solution
  refine_solution: new weight 142 (was 144) in 0.009856 s
  refine_solution: new weight 139 (was 142) in 0.009662 s
  refine_solution: new weight 137 (was 139) in 0.009608 s
  refine_solution: new weight 137 (was 137) in 0.009674 s
2,,1725,28437,70,,1516,0,,144,137,143,111,111,,3,3,@@

  handle_small_Steiner_degrees: steiner 0, suppress 0 in 3e-06 s
Starting round 3
Found 6 isolated vertices
Invalid ratios recomputed: 1565
Best ratio is 3/2 (1.5), centered at 7
Finding the best star... Star with 3 terminals centered in 5
round took: 0.461309 s
|V| = 1728, |E| = 28395, |R| = 68
>> 1 (21: 5 33 5) (0.010345 s)
>> 0 (-1: -1 -1 -1) (0.009523 s)
Zelikovsky 0.527029 s
>> 1 (8: 1448 80 5) (0.474288 s)
>> 1 (9: 1448 1017 33) (0.474227 s)
>> 1 (10: 1448 1306 106) (0.473828 s)
>> 1 (192: 768 204 198) (0.474105 s)
>> 1 (194: 266 768 482) (0.472372 s)
>> 1 (196: 280 628 266) (0.471878 s)
>> 1 (203: 1211 280 239) (0.471324 s)
>> 1 (301: 1597 385 309) (0.472064 s)
>> 1 (303: 1448 1597 363) (0.470624 s)
>> 1 (305: 1457 1448 329) (0.473329 s)
>> 1 (308: 404 1457 884) (0.474329 s)
>> 1 (310: 1030 404 322) (0.474955 s)
>> 1 (492: 496 1211 516) (0.476045 s)
>> 1 (498: 570 1218 496) (0.476309 s)
>> 1 (503: 563 791 570) (0.477067 s)
>> 1 (636: 696 638 563) (0.477983 s)
>> 1 (662: 1238 696 666) (0.479332 s)
>> 1 (708: 719 1284 1238) (0.480354 s)
>> 1 (806: 854 808 719) (0.481185 s)
>> 1 (844: 1276 854 846) (0.482471 s)
>> 1 (883: 967 1315 1030) (0.484205 s)
>> 1 (889: 1033 967 891) (0.486335 s)
>> 1 (893: 1613 1033 941) (0.488675 s)
>> 1 (901: 1333 1613 910) (0.491219 s)
>> 1 (909: 1629 1333 981) (0.493546 s)
>> 1 (1039: 1087 1629 1471) (0.494921 s)
>> 1 (1040: 1328 1087 1052) (0.495573 s)
>> 1 (1047: 1107 1479 1328) (0.495735 s)
>> 1 (1109: 1121 1397 1107) (0.496073 s)
>> 1 (1369: 1377 1513 1121) (0.496003 s)
>> 1 (1411: 1699 1407 1377) (0.496138 s)
>> 1 (1522: 1666 1699 1558) (0.4961 s)
>> 1 (1544: 1688 1666 1545) (0.496092 s)
Zelikovsky- 15.9406 s
>>> get_solution
  refine_solution: new weight 111 (was 111) in 0.010217 s
>>> get_solution
  refine_solution: new weight 138 (was 140) in 0.009725 s
  refine_solution: new weight 135 (was 138) in 0.009565 s
  refine_solution: new weight 134 (was 135) in 0.009576 s
  refine_solution: new weight 134 (was 134) in 0.009662 s
3,,1722,28395,68,,1565,0,,140,134,142,111,111,,3,3,@@

  handle_small_Steiner_degrees: steiner 0, suppress 0 in 3e-06 s
Starting round 4
Found 9 isolated vertices
Invalid ratios recomputed: 1595
Best ratio is 3/2 (1.5), centered at 8
Finding the best star... Star with 3 terminals centered in 5
round took: 0.475927 s
|V| = 1728, |E| = 28350, |R| = 66
>> 1 (21: 5 33 5) (0.009882 s)
>> 0 (-1: -1 -1 -1) (0.009085 s)
Zelikovsky 0.521752 s
>> 1 (9: 1017 33 5) (0.472552 s)
>> 1 (10: 1306 1017 106) (0.472681 s)
>> 1 (192: 768 204 198) (0.472534 s)
>> 1 (194: 266 768 482) (0.471183 s)
>> 1 (196: 280 628 266) (0.470396 s)
>> 1 (203: 1211 280 239) (0.470119 s)
>> 1 (301: 1597 385 309) (0.470702 s)
>> 1 (303: 1306 1597 363) (0.469402 s)
>> 1 (305: 1457 1306 329) (0.471868 s)
>> 1 (308: 404 1457 884) (0.473046 s)
>> 1 (310: 1030 404 322) (0.473672 s)
>> 1 (492: 496 1211 516) (0.474742 s)
>> 1 (498: 570 1218 496) (0.474923 s)
>> 1 (503: 563 791 570) (0.47577 s)
>> 1 (636: 696 638 563) (0.476611 s)
>> 1 (662: 1238 696 666) (0.477524 s)
>> 1 (708: 719 1284 1238) (0.479102 s)
>> 1 (806: 854 808 719) (0.479835 s)
>> 1 (844: 1276 854 846) (0.481342 s)
>> 1 (883: 967 1315 1030) (0.482869 s)
>> 1 (889: 1033 967 891) (0.48514 s)
>> 1 (893: 1613 1033 941) (0.487349 s)
>> 1 (901: 1333 1613 910) (0.490071 s)
>> 1 (909: 1629 1333 981) (0.492088 s)
>> 1 (1039: 1087 1629 1471) (0.493621 s)
>> 1 (1040: 1328 1087 1052) (0.494248 s)
>> 1 (1047: 1107 1479 1328) (0.494509 s)
>> 1 (1109: 1121 1397 1107) (0.494856 s)
>> 1 (1369: 1377 1513 1121) (0.494935 s)
>> 1 (1411: 1699 1407 1377) (0.494756 s)
>> 1 (1522: 1666 1699 1558) (0.494925 s)
>> 1 (1544: 1688 1666 1545) (0.49475 s)
Zelikovsky- 15.4234 s
>>> get_solution
  refine_solution: new weight 111 (was 111) in 0.010211 s
>>> get_solution
  refine_solution: new weight 138 (was 140) in 0.009717 s
  refine_solution: new weight 137 (was 138) in 0.009571 s
  refine_solution: new weight 137 (was 137) in 0.009565 s
4,,1719,28350,66,,1595,0,,140,137,139,111,111,,3,3,@@

  handle_small_Steiner_degrees: steiner 0, suppress 0 in 3e-06 s
Starting round 5
Found 12 isolated vertices
Invalid ratios recomputed: 1608
Best ratio is 3/2 (1.5), centered at 9
Finding the best star... Star with 3 terminals centered in 5
round took: 0.501101 s
|V| = 1728, |E| = 28302, |R| = 64
>> 1 (34: 5 106 5) (0.009639 s)
>> 0 (-1: -1 -1 -1) (0.00868 s)
Zelikovsky 0.519601 s
>> 1 (10: 1306 106 5) (0.475061 s)
>> 1 (192: 768 204 198) (0.475286 s)
>> 1 (194: 266 768 482) (0.470447 s)
>> 1 (196: 280 628 266) (0.469847 s)
>> 1 (203: 1211 280 239) (0.469177 s)
>> 1 (301: 1597 385 309) (0.469868 s)
>> 1 (303: 1306 1597 363) (0.468491 s)
>> 1 (305: 1457 1306 329) (0.471009 s)
>> 1 (308: 404 1457 884) (0.472008 s)
>> 1 (310: 1030 404 322) (0.472752 s)
>> 1 (492: 496 1211 516) (0.473922 s)
>> 1 (498: 570 1218 496) (0.474005 s)
>> 1 (503: 563 791 570) (0.474934 s)
>> 1 (636: 696 638 563) (0.475855 s)
>> 1 (662: 1238 696 666) (0.476858 s)
>> 1 (708: 719 1284 1238) (0.478258 s)
>> 1 (806: 854 808 719) (0.479341 s)
>> 1 (844: 1276 854 846) (0.480577 s)
>> 1 (883: 967 1315 1030) (0.482322 s)
>> 1 (889: 1033 967 891) (0.484391 s)
>> 1 (893: 1613 1033 941) (0.486637 s)
>> 1 (901: 1333 1613 910) (0.489101 s)
>> 1 (909: 1629 1333 981) (0.491324 s)
>> 1 (1039: 1087 1629 1471) (0.492959 s)
>> 1 (1040: 1328 1087 1052) (0.493569 s)
>> 1 (1047: 1107 1479 1328) (0.494184 s)
>> 1 (1109: 1121 1397 1107) (0.494286 s)
>> 1 (1369: 1377 1513 1121) (0.494279 s)
>> 1 (1411: 1699 1407 1377) (0.494331 s)
>> 1 (1522: 1666 1699 1558) (0.494385 s)
>> 1 (1544: 1688 1666 1545) (0.494241 s)
Zelikovsky- 14.9347 s
>>> get_solution
  refine_solution: new weight 111 (was 111) in 0.010243 s
>>> get_solution
  refine_solution: new weight 136 (was 139) in 0.009755 s
  refine_solution: new weight 134 (was 136) in 0.009605 s
  refine_solution: new weight 134 (was 134) in 0.009634 s
5,,1716,28302,64,,1608,0,,139,134,137,111,111,,3,3,@@

  handle_small_Steiner_degrees: steiner 0, suppress 0 in 4e-06 s
Starting round 6
Found 15 isolated vertices
Invalid ratios recomputed: 1612
Best ratio is 3/2 (1.5), centered at 10
Finding the best star... Star with 3 terminals centered in 5
round took: 0.515706 s
|V| = 1728, |E| = 28251, |R| = 62
>> 1 (321: 5 309 5) (0.009033 s)
>> 0 (-1: -1 -1 -1) (0.00838 s)
Zelikovsky 0.515553 s
>> 1 (192: 768 204 198) (0.473795 s)
>> 1 (194: 266 768 482) (0.469383 s)
>> 1 (196: 280 628 266) (0.468586 s)
>> 1 (203: 1211 280 239) (0.468052 s)
>> 1 (301: 1597 385 309) (0.468637 s)
>> 1 (303: 5 1597 363) (0.467567 s)
>> 1 (305: 1457 329 5) (0.469773 s)
>> 1 (308: 404 1457 884) (0.471256 s)
>> 1 (310: 1030 404 322) (0.471949 s)
>> 1 (492: 496 1211 516) (0.472989 s)
>> 1 (498: 570 1218 496) (0.473368 s)
>> 1 (503: 563 791 570) (0.474026 s)
>> 1 (636: 696 638 563) (0.474931 s)
>> 1 (662: 1238 696 666) (0.475985 s)
>> 1 (708: 719 1284 1238) (0.477484 s)
>> 1 (806: 854 808 719) (0.478266 s)
>> 1 (844: 1276 854 846) (0.479596 s)
>> 1 (883: 967 1315 1030) (0.481318 s)
>> 1 (889: 1033 967 891) (0.483537 s)
>> 1 (893: 1613 1033 941) (0.48566 s)
>> 1 (901: 1333 1613 910) (0.488118 s)
>> 1 (909: 1629 1333 981) (0.490352 s)
>> 1 (1039: 1087 1629 1471) (0.491834 s)
>> 1 (1040: 1328 1087 1052) (0.492481 s)
>> 1 (1047: 1107 1479 1328) (0.492617 s)
>> 1 (1109: 1121 1397 1107) (0.49301 s)
>> 1 (1369: 1377 1513 1121) (0.493011 s)
>> 1 (1411: 1699 1407 1377) (0.49327 s)
>> 1 (1522: 1666 1699 1558) (0.493138 s)
>> 1 (1544: 1688 1666 1545) (0.493027 s)
Zelikovsky- 14.4273 s
>>> get_solution
  refine_solution: new weight 111 (was 111) in 0.010222 s
>>> get_solution
  refine_solution: new weight 137 (was 138) in 0.009794 s
  refine_solution: new weight 135 (was 137) in 0.009632 s
  refine_solution: new weight 134 (was 135) in 0.009624 s
  refine_solution: new weight 133 (was 134) in 0.009672 s
  refine_solution: new weight 133 (was 133) in 0.009726 s
6,,1713,28251,62,,1612,0,,138,133,138,111,111,,3,3,@@

  handle_small_Steiner_degrees: steiner 0, suppress 0 in 3e-06 s
Starting round 7
Found 18 isolated vertices
Invalid ratios recomputed: 1610
Best ratio is 3/2 (1.5), centered at 192
Finding the best star... Star with 3 terminals centered in 198
round took: 0.525709 s
|V| = 1728, |E| = 28215, |R| = 60
>> 1 (321: 5 309 5) (0.008737 s)
>> 0 (-1: -1 -1 -1) (0.007982 s)
Zelikovsky 0.50952 s
>> 1 (194: 482 266 198) (0.470163 s)
>> 1 (196: 280 628 482) (0.469368 s)
>> 1 (203: 1211 280 239) (0.469051 s)
>> 1 (301: 1597 385 309) (0.467256 s)
>> 1 (303: 5 1597 363) (0.465069 s)
>> 1 (305: 1457 329 5) (0.467308 s)
>> 1 (308: 404 1457 884) (0.468701 s)
>> 1 (310: 1030 404 322) (0.469458 s)
>> 1 (492: 496 1211 516) (0.47037 s)
>> 1 (498: 570 1218 496) (0.470598 s)
>> 1 (503: 563 791 570) (0.471449 s)
>> 1 (636: 696 638 563) (0.472579 s)
>> 1 (662: 1238 696 666) (0.473454 s)
>> 1 (708: 719 1284 1238) (0.474879 s)
>> 1 (806: 854 808 719) (0.475719 s)
>> 1 (844: 1276 854 846) (0.47702 s)
>> 1 (883: 967 1315 1030) (0.478803 s)
>> 1 (889: 1033 967 891) (0.480884 s)
>> 1 (893: 1613 1033 941) (0.483043 s)
>> 1 (901: 1333 1613 910) (0.485538 s)
>> 1 (909: 1629 1333 981) (0.487816 s)
>> 1 (1039: 1087 1629 1471) (0.48923 s)
>> 1 (1040: 1328 1087 1052) (0.489762 s)
>> 1 (1047: 1107 1479 1328) (0.490035 s)
>> 1 (1109: 1121 1397 1107) (0.490439 s)
>> 1 (1369: 1377 1513 1121) (0.490364 s)
>> 1 (1411: 1699 1407 1377) (0.490475 s)
>> 1 (1522: 1666 1699 1558) (0.490482 s)
>> 1 (1544: 1688 1666 1545) (0.490519 s)
Zelikovsky- 13.8894 s
>>> get_solution
  refine_solution: new weight 111 (was 111) in 0.010229 s
>>> get_solution
  refine_solution: new weight 135 (was 137) in 0.009843 s
  refine_solution: new weight 133 (was 135) in 0.00966 s
  refine_solution: new weight 133 (was 133) in 0.009732 s
7,,1710,28215,60,,1610,0,,137,133,135,111,111,,3,3,@@

  handle_small_Steiner_degrees: steiner 0, suppress 0 in 4e-06 s
Starting round 8
Found 21 isolated vertices
Invalid ratios recomputed: 1474
Best ratio is 3/2 (1.5), centered at 194
Finding the best star... Star with 3 terminals centered in 198
round took: 0.515119 s
|V| = 1728, |E| = 28176, |R| = 58
>> 1 (321: 5 309 5) (0.008302 s)
>> 0 (-1: -1 -1 -1) (0.007778 s)
Zelikovsky 0.502673 s
>> 1 (196: 628 280 198) (0.464636 s)
>> 1 (203: 1211 628 239) (0.464474 s)
>> 1 (301: 1597 385 309) (0.464577 s)
>> 1 (303: 5 1597 363) (0.463461 s)
>> 1 (305: 1457 329 5) (0.465675 s)
>> 1 (308: 404 1457 884) (0.467244 s)
>> 1 (310: 1030 404 322) (0.467829 s)
>> 1 (492: 496 1211 516) (0.468788 s)
>> 1 (498: 570 1218 496) (0.469098 s)
>> 1 (503: 563 791 570) (0.469902 s)
>> 1 (636: 696 638 563) (0.470802 s)
>> 1 (662: 1238 696 666) (0.47182 s)
>> 1 (708: 719 1284 1238) (0.473302 s)
>> 1 (806: 854 808 719) (0.474102 s)
>> 1 (844: 1276 854 846) (0.475479 s)
>> 1 (883: 967 1315 1030) (0.477118 s)
>> 1 (889: 1033 967 891) (0.479239 s)
>> 1 (893: 1613 1033 941) (0.481432 s)
>> 1 (901: 1333 1613 910) (0.484055 s)
>> 1 (909: 1629 1333 981) (0.486127 s)
>> 1 (1039: 1087 1629 1471) (0.487593 s)
>> 1 (1040: 1328 1087 1052) (0.4882 s)
>> 1 (1047: 1107 1479 1328) (0.488474 s)
>> 1 (1109: 1121 1397 1107) (0.488584 s)
>> 1 (1369: 1377 1513 1121) (0.488678 s)
>> 1 (1411: 1699 1407 1377) (0.488783 s)
>> 1 (1522: 1666 1699 1558) (0.488902 s)
>> 1 (1544: 1688 1666 1545) (0.488688 s)
Zelikovsky- 13.366 s
>>> get_solution
  refine_solution: new weight 111 (was 111) in 0.010222 s
>>> get_solution
  refine_solution: new weight 135 (was 136) in 0.00975 s
  refine_solution: new weight 133 (was 135) in 0.009637 s
  refine_solution: new weight 131 (was 133) in 0.009742 s
  refine_solution: new weight 130 (was 131) in 0.00988 s
  refine_solution: new weight 130 (was 130) in 0.00991 s
8,,1707,28176,58,,1474,0,,136,130,137,111,111,,3,3,@@

  handle_small_Steiner_degrees: steiner 0, suppress 0 in 3e-06 s
Starting round 9
Found 24 isolated vertices
Invalid ratios recomputed: 1487
Best ratio is 15/10 (1.5), centered at 280
Finding the best star... Star with 11 terminals centered in 808
round took: 0.534867 s
|V| = 1728, |E| = 27950, |R| = 48
>> 1 (321: 5 309 5) (0.006358 s)
>> 0 (-1: -1 -1 -1) (0.006158 s)
Zelikovsky 0.486813 s
>> 1 (301: 1597 385 309) (0.458381 s)
>> 1 (303: 5 1597 363) (0.457202 s)
>> 1 (305: 1457 329 5) (0.459539 s)
>> 1 (308: 404 1457 884) (0.461126 s)
>> 1 (310: 1030 404 322) (0.462054 s)
>> 1 (491: 563 1211 808) (0.463153 s)
>> 1 (518: 1238 563 516) (0.463823 s)
>> 1 (636: 696 1238 638) (0.465357 s)
>> 1 (642: 666 1218 696) (0.466106 s)
>> 1 (786: 846 791 666) (0.467082 s)
>> 1 (883: 967 1315 1030) (0.468474 s)
>> 1 (889: 1033 967 891) (0.470703 s)
>> 1 (893: 1613 1033 941) (0.472886 s)
>> 1 (901: 1333 1613 910) (0.475425 s)
>> 1 (909: 1629 1333 981) (0.47753 s)
>> 1 (1039: 1087 1629 1471) (0.479052 s)
>> 1 (1040: 1328 1087 1052) (0.479571 s)
>> 1 (1047: 1107 1479 1328) (0.479866 s)
>> 1 (1109: 1121 1397 1107) (0.47995 s)
>> 1 (1369: 1377 1513 1121) (0.47997 s)
>> 1 (1411: 1699 1407 1377) (0.480099 s)
>> 1 (1522: 1666 1699 1558) (0.479998 s)
>> 1 (1544: 1688 1666 1545) (0.479823 s)
Zelikovsky- 10.8434 s
>>> get_solution
  refine_solution: new weight 111 (was 111) in 0.010419 s
>>> get_solution
  refine_solution: new weight 131 (was 132) in 0.010076 s
  refine_solution: new weight 131 (was 131) in 0.009985 s
9,,1704,27950,48,,1487,0,,132,131,129,111,111,,15,11,@@

  handle_small_Steiner_degrees: steiner 0, suppress 0 in 3e-06 s
Starting round 10
Found 39 isolated vertices
Invalid ratios recomputed: 1479
Best ratio is 3/2 (1.5), centered at 301
Finding the best star... Star with 3 terminals centered in 1597
round took: 0.565595 s
|V| = 1728, |E| = 27914, |R| = 46
>> 1 (368: 5 363 5) (0.006232 s)
>> 0 (-1: -1 -1 -1) (0.005974 s)
Zelikovsky 0.492424 s
>> 1 (303: 5 1597 363) (0.457201 s)
>> 1 (305: 1457 329 5) (0.458731 s)
>> 1 (308: 884 1457 404) (0.460191 s)
>> 1 (310: 1030 884 322) (0.461392 s)
>> 1 (491: 563 1211 808) (0.462447 s)
>> 1 (518: 1238 563 516) (0.463125 s)
>> 1 (636: 696 1238 638) (0.464578 s)
>> 1 (642: 666 1218 696) (0.465167 s)
>> 1 (786: 846 791 666) (0.466414 s)
>> 1 (883: 967 1315 1030) (0.467918 s)
>> 1 (889: 1033 967 891) (0.46994 s)
>> 1 (893: 1613 1033 941) (0.472118 s)
>> 1 (901: 1333 1613 910) (0.474647 s)
>> 1 (909: 1629 1333 981) (0.476768 s)
>> 1 (1039: 1087 1629 1471) (0.478198 s)
>> 1 (1040: 1328 1087 1052) (0.478621 s)
>> 1 (1047: 1107 1479 1328) (0.478846 s)
>> 1 (1109: 1121 1397 1107) (0.479134 s)
>> 1 (1369: 1377 1513 1121) (0.479193 s)
>> 1 (1411: 1699 1407 1377) (0.479085 s)
>> 1 (1522: 1666 1699 1558) (0.479051 s)
>> 1 (1544: 1688 1666 1545) (0.4789 s)
Zelikovsky- 10.3675 s
>>> get_solution
  refine_solution: new weight 111 (was 111) in 0.010431 s
>>> get_solution
  refine_solution: new weight 132 (was 132) in 0.010104 s
10,,1689,27914,46,,1479,0,,132,132,131,111,111,,3,3,@@

  handle_small_Steiner_degrees: steiner 0, suppress 0 in 3e-06 s
Starting round 11
Found 42 isolated vertices
Invalid ratios recomputed: 1588
Best ratio is 3/2 (1.5), centered at 303
Finding the best star... Star with 3 terminals centered in 5
round took: 0.575296 s
|V| = 1728, |E| = 27858, |R| = 44
>> 1 (552: 516 563 516) (0.005725 s)
>> 1 (636: 638 696 638) (0.005387 s)
>> 1 (810: 666 808 666) (0.004964 s)
>> 1 (308: 5 404 5) (0.003582 s)
>> 0 (-1: -1 -1 -1) (0.004099 s)
Zelikovsky 0.494485 s
>> 1 (305: 5 1457 329) (0.457582 s)
>> 1 (308: 5 884 404) (0.458695 s)
>> 1 (310: 5 1030 322) (0.459727 s)
>> 1 (491: 563 1211 808) (0.460657 s)
>> 1 (518: 1238 563 516) (0.461275 s)
>> 1 (636: 696 1238 638) (0.463052 s)
>> 1 (642: 666 1218 696) (0.463477 s)
>> 1 (786: 846 791 666) (0.464655 s)
>> 1 (883: 967 1315 5) (0.466092 s)
>> 1 (889: 1033 967 891) (0.468581 s)
>> 1 (893: 1613 1033 941) (0.470745 s)
>> 1 (901: 1333 1613 910) (0.473342 s)
>> 1 (909: 1629 1333 981) (0.475268 s)
>> 1 (1039: 1087 1629 1471) (0.476598 s)
>> 1 (1040: 1328 1087 1052) (0.477177 s)
>> 1 (1047: 1107 1479 1328) (0.477187 s)
>> 1 (1109: 1121 1397 1107) (0.477359 s)
>> 1 (1369: 1377 1513 1121) (0.477529 s)
>> 1 (1411: 1699 1407 1377) (0.477732 s)
>> 1 (1522: 1666 1699 1558) (0.477571 s)
>> 1 (1544: 1688 1666 1545) (0.477416 s)
Zelikovsky- 9.87694 s
>>> get_solution
  refine_solution: new weight 111 (was 111) in 0.010426 s
>>> get_solution
  refine_solution: new weight 128 (was 129) in 0.010254 s
  refine_solution: new weight 128 (was 128) in 0.010136 s
11,,1686,27858,44,,1588,0,,129,128,127,111,111,,3,3,@@

  handle_small_Steiner_degrees: steiner 0, suppress 0 in 3e-06 s
Starting round 12
Found 45 isolated vertices
Invalid ratios recomputed: 1653
Best ratio is 3/2 (1.5), centered at 305
Finding the best star... Star with 3 terminals centered in 1457
round took: 0.587377 s
|V| = 1728, |E| = 27811, |R| = 42
>> 1 (552: 516 563 516) (0.005764 s)
>> 1 (636: 638 696 638) (0.005396 s)
>> 1 (810: 666 808 666) (0.004925 s)
>> 1 (898: 322 891 322) (0.003462 s)
>> 0 (-1: -1 -1 -1) (0.003146 s)
Zelikovsky 0.494243 s
>> 1 (308: 884 1457 404) (0.457133 s)
>> 1 (310: 1030 884 322) (0.458382 s)
>> 1 (491: 563 1211 808) (0.459173 s)
>> 1 (518: 1238 563 516) (0.459961 s)
>> 1 (636: 696 1238 638) (0.461091 s)
>> 1 (642: 666 1218 696) (0.4617 s)
>> 1 (786: 846 791 666) (0.462803 s)
>> 1 (883: 967 1315 1030) (0.464258 s)
>> 1 (889: 1033 967 891) (0.466495 s)
>> 1 (893: 1613 1033 941) (0.468449 s)
>> 1 (901: 1333 1613 910) (0.470919 s)
>> 1 (909: 1629 1333 981) (0.47316 s)
>> 1 (1039: 1087 1629 1471) (0.474645 s)
>> 1 (1040: 1328 1087 1052) (0.474879 s)
>> 1 (1047: 1107 1479 1328) (0.474974 s)
>> 1 (1109: 1121 1397 1107) (0.475222 s)
>> 1 (1369: 1377 1513 1121) (0.475174 s)
>> 1 (1411: 1699 1407 1377) (0.475222 s)
>> 1 (1522: 1666 1699 1558) (0.475535 s)
>> 1 (1544: 1688 1666 1545) (0.474971 s)
Zelikovsky- 9.37933 s
>>> get_solution
  refine_solution: new weight 111 (was 111) in 0.01042 s
>>> get_solution
  refine_solution: new weight 126 (was 127) in 0.0103 s
  refine_solution: new weight 126 (was 126) in 0.01018 s
12,,1683,27811,42,,1653,0,,127,126,127,111,111,,3,3,@@

  handle_small_Steiner_degrees: steiner 0, suppress 0 in 3e-06 s
Starting round 13
Found 48 isolated vertices
Invalid ratios recomputed: 1650
Best ratio is 3/2 (1.5), centered at 308
Finding the best star... Star with 3 terminals centered in 404
round took: 0.594926 s
|V| = 1728, |E| = 27760, |R| = 40
>> 1 (552: 516 563 516) (0.005013 s)
>> 1 (636: 638 696 638) (0.00467 s)
>> 1 (810: 666 808 666) (0.004266 s)
>> 1 (315: 322 404 322) (0.003098 s)
>> 0 (-1: -1 -1 -1) (0.003352 s)
Zelikovsky 0.485192 s
>> 1 (310: 1030 404 322) (0.454541 s)
>> 1 (491: 563 1211 808) (0.455871 s)
>> 1 (518: 1238 563 516) (0.456583 s)
>> 1 (636: 696 1238 638) (0.457726 s)
>> 1 (642: 666 1218 696) (0.458158 s)
>> 1 (786: 846 791 666) (0.459617 s)
>> 1 (883: 967 1315 1030) (0.46104 s)
>> 1 (889: 1033 967 891) (0.462966 s)
>> 1 (893: 1613 1033 941) (0.465068 s)
>> 1 (901: 1333 1613 910) (0.467629 s)
>> 1 (909: 1629 1333 981) (0.469603 s)
>> 1 (1039: 1087 1629 1471) (0.471087 s)
>> 1 (1040: 1328 1087 1052) (0.471487 s)
>> 1 (1047: 1107 1479 1328) (0.471603 s)
>> 1 (1109: 1121 1397 1107) (0.471733 s)
>> 1 (1369: 1377 1513 1121) (0.47198 s)
>> 1 (1411: 1699 1407 1377) (0.471858 s)
>> 1 (1522: 1666 1699 1558) (0.47176 s)
>> 1 (1544: 1688 1666 1545) (0.471488 s)
Zelikovsky- 8.856 s
>>> get_solution
  refine_solution: new weight 111 (was 111) in 0.010425 s
>>> get_solution
  refine_solution: new weight 126 (was 128) in 0.01032 s
  refine_solution: new weight 126 (was 126) in 0.010241 s
13,,1680,27760,40,,1650,0,,128,126,124,111,111,,3,3,@@

  handle_small_Steiner_degrees: steiner 0, suppress 0 in 3e-06 s
Starting round 14
Found 51 isolated vertices
Invalid ratios recomputed: 1647
Best ratio is 3/2 (1.5), centered at 310
Finding the best star... Star with 3 terminals centered in 404
round took: 0.599352 s
|V| = 1728, |E| = 27705, |R| = 38
>> 1 (552: 516 563 516) (0.004689 s)
>> 1 (636: 638 696 638) (0.004431 s)
>> 1 (810: 666 808 666) (0.004126 s)
>> 1 (898: 404 891 404) (0.002842 s)
>> 0 (-1: -1 -1 -1) (0.00336 s)
Zelikovsky 0.480734 s
>> 1 (491: 563 1211 808) (0.452737 s)
>> 1 (518: 1238 563 516) (0.453227 s)
>> 1 (636: 696 1238 638) (0.45484 s)
>> 1 (642: 666 1218 696) (0.455288 s)
>> 1 (786: 846 791 666) (0.456502 s)
>> 1 (883: 967 1315 404) (0.457917 s)
>> 1 (889: 1033 967 891) (0.460298 s)
>> 1 (893: 1613 1033 941) (0.462502 s)
>> 1 (901: 1333 1613 910) (0.464837 s)
>> 1 (909: 1629 1333 981) (0.46703 s)
>> 1 (1039: 1087 1629 1471) (0.468438 s)
>> 1 (1040: 1328 1087 1052) (0.469005 s)
>> 1 (1047: 1107 1479 1328) (0.468983 s)
>> 1 (1109: 1121 1397 1107) (0.469051 s)
>> 1 (1369: 1377 1513 1121) (0.469064 s)
>> 1 (1411: 1699 1407 1377) (0.46913 s)
>> 1 (1522: 1666 1699 1558) (0.468978 s)
>> 1 (1544: 1688 1666 1545) (0.468837 s)
Zelikovsky- 8.35011 s
>>> get_solution
  refine_solution: new weight 111 (was 111) in 0.010416 s
>>> get_solution
  refine_solution: new weight 126 (was 128) in 0.01023 s
  refine_solution: new weight 125 (was 126) in 0.010213 s
  refine_solution: new weight 124 (was 125) in 0.010216 s
  refine_solution: new weight 124 (was 124) in 0.010239 s
14,,1677,27705,38,,1647,0,,128,124,124,111,111,,3,3,@@

  handle_small_Steiner_degrees: steiner 0, suppress 0 in 3e-06 s
Starting round 15
Found 54 isolated vertices
Invalid ratios recomputed: 1644
Best ratio is 3/2 (1.5), centered at 491
Finding the best star... Star with 3 terminals centered in 808
round took: 0.604472 s
|V| = 1728, |E| = 27653, |R| = 36
>> 1 (660: 516 666 516) (0.004334 s)
>> 1 (636: 638 696 638) (0.004007 s)
>> 1 (851: 791 808 791) (0.003725 s)
>> 1 (898: 404 891 404) (0.002451 s)
>> 0 (-1: -1 -1 -1) (0.002775 s)
Zelikovsky 0.480259 s
>> 1 (518: 808 1238 516) (0.451544 s)
>> 1 (636: 696 808 638) (0.452493 s)
>> 1 (642: 666 1218 696) (0.453515 s)
>> 1 (786: 846 791 666) (0.454964 s)
>> 1 (883: 967 1315 404) (0.456192 s)
>> 1 (889: 1033 967 891) (0.458564 s)
>> 1 (893: 1613 1033 941) (0.460745 s)
>> 1 (901: 1333 1613 910) (0.46322 s)
>> 1 (909: 1629 1333 981) (0.46548 s)
>> 1 (1039: 1087 1629 1471) (0.4667 s)
>> 1 (1040: 1328 1087 1052) (0.467172 s)
>> 1 (1047: 1107 1479 1328) (0.467444 s)
>> 1 (1109: 1121 1397 1107) (0.472105 s)
>> 1 (1369: 1377 1513 1121) (0.467506 s)
>> 1 (1411: 1699 1407 1377) (0.46748 s)
>> 1 (1522: 1666 1699 1558) (0.467367 s)
>> 1 (1544: 1688 1666 1545) (0.467423 s)
Zelikovsky- 7.87298 s
>>> get_solution
  refine_solution: new weight 111 (was 111) in 0.010414 s
>>> get_solution
  refine_solution: new weight 127 (was 127) in 0.010309 s
15,,1674,27653,36,,1644,0,,127,127,123,111,111,,3,3,@@

  handle_small_Steiner_degrees: steiner 0, suppress 0 in 3e-06 s
Starting round 16
Found 57 isolated vertices
Invalid ratios recomputed: 1527
Best ratio is 3/2 (1.5), centered at 518
Finding the best star... Star with 3 terminals centered in 808
round took: 0.594324 s
|V| = 1728, |E| = 27602, |R| = 34
>> 1 (662: 638 666 638) (0.004077 s)
>> 1 (840: 696 808 696) (0.003762 s)
>> 1 (898: 404 891 404) (0.00246 s)
>> 0 (-1: -1 -1 -1) (0.002502 s)
Zelikovsky 0.469338 s
>> 1 (636: 696 808 638) (0.450581 s)
>> 1 (642: 666 1218 696) (0.451804 s)
>> 1 (786: 846 791 666) (0.452812 s)
>> 1 (883: 967 1315 404) (0.454229 s)
>> 1 (889: 1033 967 891) (0.456502 s)
>> 1 (893: 1613 1033 941) (0.458706 s)
>> 1 (901: 1333 1613 910) (0.461195 s)
>> 1 (909: 1629 1333 981) (0.463269 s)
>> 1 (1039: 1087 1629 1471) (0.464705 s)
>> 1 (1040: 1328 1087 1052) (0.465102 s)
>> 1 (1047: 1107 1479 1328) (0.465488 s)
>> 1 (1109: 1121 1397 1107) (0.465437 s)
>> 1 (1369: 1377 1513 1121) (0.46541 s)
>> 1 (1411: 1699 1407 1377) (0.465546 s)
>> 1 (1522: 1666 1699 1558) (0.46558 s)
>> 1 (1544: 1688 1666 1545) (0.465201 s)
Zelikovsky- 7.38407 s
>>> get_solution
  refine_solution: new weight 111 (was 111) in 0.010448 s
>>> get_solution
  refine_solution: new weight 125 (was 125) in 0.010496 s
16,,1671,27602,34,,1527,0,,125,125,121,111,111,,3,3,@@

  delete_edges: deleted 0 edges in 0.009782 s and 1 rounds
  handle_small_Steiner_degrees: steiner 0, suppress 0 in 3e-06 s
Starting round 17
Found 60 isolated vertices
Invalid ratios recomputed: 1524
Best ratio is 3/2 (1.5), centered at 636
Finding the best star... Star with 3 terminals centered in 808
round took: 0.591341 s
|V| = 1728, |E| = 27549, |R| = 32
>> 1 (702: 666 808 666) (0.003801 s)
>> 1 (898: 404 891 404) (0.002456 s)
>> 0 (-1: -1 -1 -1) (0.002414 s)
Zelikovsky 0.462973 s
>> 1 (642: 808 1218 666) (0.449588 s)
>> 1 (786: 846 808 791) (0.450674 s)
>> 1 (883: 967 1315 404) (0.452101 s)
>> 1 (889: 1033 967 891) (0.454404 s)
>> 1 (893: 1613 1033 941) (0.456587 s)
>> 1 (901: 1333 1613 910) (0.459156 s)
>> 1 (909: 1629 1333 981) (0.461179 s)
>> 1 (1039: 1087 1629 1471) (0.46253 s)
>> 1 (1040: 1328 1087 1052) (0.463054 s)
>> 1 (1047: 1107 1479 1328) (0.463307 s)
>> 1 (1109: 1121 1397 1107) (0.463219 s)
>> 1 (1369: 1377 1513 1121) (0.46323 s)
>> 1 (1411: 1699 1407 1377) (0.463308 s)
>> 1 (1522: 1666 1699 1558) (0.463476 s)
>> 1 (1544: 1688 1666 1545) (0.463152 s)
Zelikovsky- 6.90094 s
>>> get_solution
  refine_solution: new weight 111 (was 111) in 0.010417 s
>>> get_solution
  refine_solution: new weight 125 (was 125) in 0.01058 s
17,,1668,27549,32,,1524,0,,125,125,122,111,111,,3,3,@@

  handle_small_Steiner_degrees: steiner 0, suppress 0 in 3e-06 s
Starting round 18
Found 63 isolated vertices
Invalid ratios recomputed: 1521
Best ratio is 3/2 (1.5), centered at 642
Finding the best star... Star with 3 terminals centered in 808
round took: 0.589227 s
|V| = 1728, |E| = 27496, |R| = 30
>> 1 (786: 791 808 791) (0.003376 s)
>> 1 (898: 404 891 404) (0.002143 s)
>> 0 (-1: -1 -1 -1) (0.002444 s)
Zelikovsky 0.459953 s
>> 1 (786: 808 846 791) (0.448271 s)
>> 1 (883: 967 1315 404) (0.449669 s)
>> 1 (889: 1033 967 891) (0.451962 s)
>> 1 (893: 1613 1033 941) (0.45412 s)
>> 1 (901: 1333 1613 910) (0.456635 s)
>> 1 (909: 1629 1333 981) (0.45894 s)
>> 1 (1039: 1087 1629 1471) (0.460476 s)
>> 1 (1040: 1328 1087 1052) (0.469678 s)
>> 1 (1047: 1107 1479 1328) (0.460725 s)
>> 1 (1109: 1121 1397 1107) (0.461059 s)
>> 1 (1369: 1377 1513 1121) (0.460862 s)
>> 1 (1411: 1699 1407 1377) (0.460907 s)
>> 1 (1522: 1666 1699 1558) (0.460903 s)
>> 1 (1544: 1688 1666 1545) (0.460832 s)
Zelikovsky- 6.42656 s
>>> get_solution
  refine_solution: new weight 111 (was 111) in 0.010423 s
>>> get_solution
  refine_solution: new weight 122 (was 123) in 0.010654 s
  refine_solution: new weight 122 (was 122) in 0.010492 s
18,,1665,27496,30,,1521,0,,123,122,123,111,111,,3,3,@@

  handle_small_Steiner_degrees: steiner 0, suppress 0 in 3e-06 s
Starting round 19
Found 66 isolated vertices
Invalid ratios recomputed: 1518
Best ratio is 3/2 (1.5), centered at 786
Finding the best star... Star with 3 terminals centered in 791
round took: 0.58635 s
|V| = 1728, |E| = 27442, |R| = 28
>> 1 (898: 404 891 404) (0.002997 s)
>> 0 (-1: -1 -1 -1) (0.002578 s)
Zelikovsky 0.455726 s
>> 1 (883: 967 1315 404) (0.448188 s)
>> 1 (889: 1033 967 891) (0.450641 s)
>> 1 (893: 1613 1033 941) (0.452591 s)
>> 1 (901: 1333 1613 910) (0.455261 s)
>> 1 (909: 1629 1333 981) (0.457247 s)
>> 1 (1039: 1087 1629 1471) (0.45867 s)
>> 1 (1040: 1328 1087 1052) (0.459142 s)
>> 1 (1047: 1107 1479 1328) (0.459177 s)
>> 1 (1109: 1121 1397 1107) (0.459263 s)
>> 1 (1369: 1377 1513 1121) (0.459287 s)
>> 1 (1411: 1699 1407 1377) (0.459491 s)
>> 1 (1522: 1666 1699 1558) (0.4595 s)
>> 1 (1544: 1688 1666 1545) (0.459275 s)
Zelikovsky- 5.9485 s
>>> get_solution
  refine_solution: new weight 111 (was 111) in 0.010419 s
>>> get_solution
  refine_solution: new weight 123 (was 123) in 0.010596 s
19,,1662,27442,28,,1518,0,,123,123,121,111,111,,3,3,@@

  handle_small_Steiner_degrees: steiner 0, suppress 0 in 3e-06 s
Starting round 20
Found 69 isolated vertices
Invalid ratios recomputed: 1515
Best ratio is 3/2 (1.5), centered at 883
Finding the best star... Star with 3 terminals centered in 1315
round took: 0.585865 s
|V| = 1728, |E| = 27388, |R| = 26
>> 1 (1035: 891 1033 891) (0.002915 s)
>> 1 (977: 941 981 941) (0.002724 s)
>> 1 (908: 910 1052 910) (0.002566 s)
>> 1 (1083: 1087 1107 1087) (0.002257 s)
>> 1 (1329: 1315 1328 1315) (0.00213 s)
>> 1 (1409: 1121 1397 1121) (0.001619 s)
>> 1 (1335: 1333 1407 1333) (0.001408 s)
>> 1 (1521: 1377 1513 1377) (0.001162 s)
>> 1 (1485: 1479 1545 1479) (0.001072 s)
>> 1 (1555: 1471 1558 1471) (0.000912 s)
>> 0 (-1: -1 -1 -1) (0.000789 s)
Zelikovsky 0.484934 s
>> 1 (889: 1033 1315 891) (0.447272 s)
>> 1 (893: 1613 1033 941) (0.449364 s)
>> 1 (901: 1333 1613 910) (0.451906 s)
>> 1 (909: 1629 1333 981) (0.454211 s)
>> 1 (1039: 1087 1629 1471) (0.455516 s)
>> 1 (1040: 1328 1087 1052) (0.455944 s)
>> 1 (1047: 1107 1479 1328) (0.456107 s)
>> 1 (1109: 1121 1397 1107) (0.456155 s)
>> 1 (1369: 1377 1513 1121) (0.456469 s)
>> 1 (1411: 1699 1407 1377) (0.456417 s)
>> 1 (1522: 1666 1699 1558) (0.456339 s)
>> 1 (1544: 1688 1666 1545) (0.456173 s)
Zelikovsky- 5.46233 s
>>> get_solution
  refine_solution: new weight 111 (was 111) in 0.010432 s
>>> get_solution
  refine_solution: new weight 123 (was 123) in 0.010577 s
20,,1659,27388,26,,1515,0,,123,123,113,111,111,,3,3,@@

  handle_small_Steiner_degrees: steiner 0, suppress 0 in 3e-06 s
Starting round 21
Found 72 isolated vertices
Invalid ratios recomputed: 1656
Best ratio is 3/2 (1.5), centered at 889
Finding the best star... Star with 3 terminals centered in 1315
round took: 0.60522 s
|V| = 1728, |E| = 27334, |R| = 24
>> 1 (977: 941 981 941) (0.00269 s)
>> 1 (908: 910 1052 910) (0.00251 s)
>> 1 (1083: 1087 1107 1087) (0.00223 s)
>> 1 (1321: 1315 1328 1315) (0.002087 s)
>> 1 (1409: 1121 1397 1121) (0.001601 s)
>> 1 (1335: 1333 1407 1333) (0.001382 s)
>> 1 (1521: 1377 1513 1377) (0.001243 s)
>> 1 (1485: 1479 1545 1479) (0.001068 s)
>> 1 (1555: 1471 1558 1471) (0.000901 s)
>> 0 (-1: -1 -1 -1) (0.000777 s)
Zelikovsky 0.468691 s
>> 1 (893: 1613 1315 941) (0.447224 s)
>> 1 (901: 1333 1613 910) (0.44999 s)
>> 1 (909: 1629 1333 981) (0.452279 s)
>> 1 (1039: 1087 1629 1471) (0.453448 s)
>> 1 (1040: 1328 1087 1052) (0.453969 s)
>> 1 (1047: 1107 1479 1328) (0.454007 s)
>> 1 (1109: 1121 1397 1107) (0.454295 s)
>> 1 (1369: 1377 1513 1121) (0.454342 s)
>> 1 (1411: 1699 1407 1377) (0.454198 s)
>> 1 (1522: 1666 1699 1558) (0.454269 s)
>> 1 (1544: 1688 1666 1545) (0.454129 s)
Zelikovsky- 4.99231 s
>>> get_solution
  refine_solution: new weight 111 (was 111) in 0.010436 s
>>> get_solution
  refine_solution: new weight 119 (was 119) in 0.010844 s
21,,1656,27334,24,,1656,0,,119,119,113,111,111,,3,3,@@

  handle_small_Steiner_degrees: steiner 0, suppress 0 in 2e-06 s
Starting round 22
Found 75 isolated vertices
Invalid ratios recomputed: 1653
Best ratio is 3/2 (1.5), centered at 893
Finding the best star... Star with 3 terminals centered in 1315
round took: 0.607749 s
|V| = 1728, |E| = 27279, |R| = 22
>> 1 (908: 910 1052 910) (0.002498 s)
>> 1 (1083: 1087 1107 1087) (0.002255 s)
>> 1 (977: 981 1121 981) (0.002065 s)
>> 1 (1321: 1315 1328 1315) (0.001862 s)
>> 1 (1335: 1333 1407 1333) (0.001349 s)
>> 1 (1401: 1377 1397 1377) (0.001225 s)
>> 1 (1485: 1479 1545 1479) (0.001056 s)
>> 1 (1522: 1513 1558 1513) (0.000891 s)
>> 0 (-1: -1 -1 -1) (0.000754 s)
Zelikovsky 0.465678 s
>> 1 (901: 1315 1333 910) (0.446947 s)
>> 1 (909: 1629 1315 981) (0.449188 s)
>> 1 (1039: 1087 1629 1471) (0.450849 s)
>> 1 (1040: 1328 1087 1052) (0.451153 s)
>> 1 (1047: 1107 1479 1328) (0.451319 s)
>> 1 (1109: 1121 1397 1107) (0.451446 s)
>> 1 (1369: 1377 1513 1121) (0.451526 s)
>> 1 (1411: 1699 1407 1377) (0.451402 s)
>> 1 (1522: 1666 1699 1558) (0.451525 s)
>> 1 (1544: 1688 1666 1545) (0.451259 s)
Zelikovsky- 4.5162 s
>>> get_solution
  refine_solution: new weight 111 (was 111) in 0.01043 s
>>> get_solution
  refine_solution: new weight 118 (was 118) in 0.010702 s
22,,1653,27279,22,,1653,0,,118,118,113,111,111,,3,3,@@

  handle_small_Steiner_degrees: steiner 0, suppress 0 in 3e-06 s
Starting round 23
Found 78 isolated vertices
Invalid ratios recomputed: 1650
Best ratio is 3/2 (1.5), centered at 901
Finding the best star... Star with 3 terminals centered in 1315
round took: 0.609598 s
|V| = 1728, |E| = 27222, |R| = 20
>> 1 (1051: 1052 1087 1052) (0.002297 s)
>> 1 (977: 981 1121 981) (0.002042 s)
>> 1 (1329: 1315 1328 1315) (0.001859 s)
>> 1 (1395: 1107 1397 1107) (0.001382 s)
>> 1 (1521: 1377 1513 1377) (0.001101 s)
>> 1 (1551: 1407 1479 1407) (0.001047 s)
>> 1 (1689: 1545 1629 1545) (0.000909 s)
>> 1 (1555: 1471 1558 1471) (0.000747 s)
>> 0 (-1: -1 -1 -1) (0.000623 s)
Zelikovsky 0.462505 s
>> 1 (909: 1629 1315 981) (0.448091 s)
>> 1 (1039: 1087 1629 1471) (0.449589 s)
>> 1 (1040: 1328 1087 1052) (0.449868 s)
>> 1 (1047: 1107 1479 1328) (0.450078 s)
>> 1 (1109: 1121 1397 1107) (0.449965 s)
>> 1 (1369: 1377 1513 1121) (0.450369 s)
>> 1 (1411: 1699 1407 1377) (0.449975 s)
>> 1 (1522: 1666 1699 1558) (0.450002 s)
>> 1 (1544: 1688 1666 1545) (0.450654 s)
Zelikovsky- 4.05783 s
>>> get_solution
  refine_solution: new weight 111 (was 111) in 0.010433 s
>>> get_solution
  refine_solution: new weight 117 (was 117) in 0.010824 s
23,,1650,27222,20,,1650,0,,117,117,112,111,111,,3,3,@@

  handle_small_Steiner_degrees: steiner 0, suppress 0 in 2e-06 s
Starting round 24
Found 81 isolated vertices
Invalid ratios recomputed: 1647
Best ratio is 3/2 (1.5), centered at 909
Finding the best star... Star with 3 terminals centered in 981
round took: 0.61116 s
|V| = 1728, |E| = 27163, |R| = 18
>> 1 (1051: 981 1052 981) (0.001983 s)
>> 1 (1109: 1107 1121 1107) (0.001489 s)
>> 1 (1519: 1087 1471 1087) (0.001279 s)
>> 1 (1401: 1377 1397 1377) (0.001195 s)
>> 1 (1551: 1407 1479 1407) (0.001039 s)
>> 1 (1522: 1513 1558 1513) (0.000882 s)
>> 0 (-1: -1 -1 -1) (0.000749 s)
Zelikovsky 0.456206 s
>> 1 (1039: 1087 1471 981) (0.446476 s)
>> 1 (1040: 1328 1087 1052) (0.44677 s)
>> 1 (1047: 1107 1479 1328) (0.446923 s)
>> 1 (1109: 1121 1397 1107) (0.446877 s)
>> 1 (1369: 1377 1513 1121) (0.44688 s)
>> 1 (1411: 1699 1407 1377) (0.446883 s)
>> 1 (1522: 1666 1699 1558) (0.446875 s)
>> 1 (1544: 1688 1666 1545) (0.446639 s)
Zelikovsky- 3.58281 s
>>> get_solution
  refine_solution: new weight 111 (was 111) in 0.010433 s
>>> get_solution
  refine_solution: new weight 119 (was 119) in 0.010575 s
24,,1647,27163,18,,1647,0,,119,119,113,111,111,,3,3,@@

  handle_small_Steiner_degrees: steiner 0, suppress 0 in 3e-06 s
Starting round 25
Found 84 isolated vertices
Invalid ratios recomputed: 1644
Best ratio is 3/2 (1.5), centered at 1039
Finding the best star... Star with 3 terminals centered in 981
round took: 0.612821 s
|V| = 1728, |E| = 27100, |R| = 16
>> 1 (1049: 981 1052 981) (0.001808 s)
>> 1 (1109: 1107 1121 1107) (0.001379 s)
>> 1 (1401: 1377 1397 1377) (0.001188 s)
>> 1 (1551: 1407 1479 1407) (0.001025 s)
>> 1 (1522: 1513 1558 1513) (0.000874 s)
>> 0 (-1: -1 -1 -1) (0.000746 s)
Zelikovsky 0.453071 s
>> 1 (1040: 981 1328 1052) (0.444063 s)
>> 1 (1047: 1107 1479 981) (0.44419 s)
>> 1 (1109: 1121 1397 1107) (0.444501 s)
>> 1 (1369: 1377 1513 1121) (0.444355 s)
>> 1 (1411: 1699 1407 1377) (0.44445 s)
>> 1 (1522: 1666 1699 1558) (0.444297 s)
>> 1 (1544: 1688 1666 1545) (0.444248 s)
Zelikovsky- 3.11813 s
>>> get_solution
  refine_solution: new weight 111 (was 111) in 0.010427 s
>>> get_solution
  refine_solution: new weight 117 (was 117) in 0.010658 s
25,,1644,27100,16,,1644,0,,117,117,113,111,111,,3,3,@@

  handle_small_Steiner_degrees: steiner 0, suppress 0 in 3e-06 s
Starting round 26
Found 87 isolated vertices
Invalid ratios recomputed: 1641
Best ratio is 3/2 (1.5), centered at 1040
Finding the best star... Star with 3 terminals centered in 981
round took: 0.615947 s
|V| = 1728, |E| = 27037, |R| = 14
>> 1 (1109: 1107 1121 1107) (0.001749 s)
>> 1 (1373: 981 1377 981) (0.001502 s)
>> 1 (1551: 1407 1479 1407) (0.001007 s)
>> 1 (1522: 1513 1558 1513) (0.000859 s)
>> 0 (-1: -1 -1 -1) (0.000704 s)
Zelikovsky 0.45567 s
>> 1 (1047: 1107 1479 981) (0.443756 s)
>> 1 (1109: 1121 1397 1107) (0.441639 s)
>> 1 (1369: 1377 1513 1121) (0.441733 s)
>> 1 (1411: 1699 1407 1377) (0.441565 s)
>> 1 (1522: 1666 1699 1558) (0.441536 s)
>> 1 (1544: 1688 1666 1545) (0.441396 s)
Zelikovsky- 2.65909 s
>>> get_solution
  refine_solution: new weight 111 (was 111) in 0.010517 s
>>> get_solution
  refine_solution: new weight 114 (was 114) in 0.010748 s
26,,1641,27037,14,,1641,0,,114,114,112,111,111,,3,3,@@

  handle_small_Steiner_degrees: steiner 0, suppress 0 in 3e-06 s
Starting round 27
Found 90 isolated vertices
Invalid ratios recomputed: 1638
Best ratio is 3/2 (1.5), centered at 1047
Finding the best star... Star with 3 terminals centered in 1479
round took: 0.610973 s
|V| = 1728, |E| = 26975, |R| = 12
>> 1 (1409: 1121 1397 1121) (0.001565 s)
>> 1 (1371: 1377 1407 1377) (0.001285 s)
>> 1 (1537: 1479 1513 1479) (0.001171 s)
>> 1 (1702: 1558 1666 1558) (0.000675 s)
>> 0 (-1: -1 -1 -1) (0.000585 s)
Zelikovsky 0.455846 s
>> 1 (1109: 1121 1479 1397) (0.439461 s)
>> 1 (1369: 1377 1513 1121) (0.439169 s)
>> 1 (1411: 1699 1407 1377) (0.439444 s)
>> 1 (1522: 1666 1699 1558) (0.43901 s)
>> 1 (1544: 1688 1666 1545) (0.438861 s)
Zelikovsky- 2.20318 s
>>> get_solution
  refine_solution: new weight 111 (was 111) in 0.010437 s
>>> get_solution
  refine_solution: new weight 116 (was 116) in 0.010608 s
27,,1638,26975,12,,1638,0,,116,116,112,111,111,,3,3,@@

  handle_small_Steiner_degrees: steiner 0, suppress 0 in 3e-06 s
Starting round 28
Found 93 isolated vertices
Invalid ratios recomputed: 1635
Best ratio is 3/2 (1.5), centered at 1109
Finding the best star... Star with 3 terminals centered in 1479
round took: 0.606846 s
|V| = 1728, |E| = 26910, |R| = 10
>> 1 (1371: 1377 1407 1377) (0.001306 s)
>> 1 (1537: 1479 1513 1479) (0.001171 s)
>> 1 (1702: 1558 1666 1558) (0.000677 s)
>> 0 (-1: -1 -1 -1) (0.000582 s)
Zelikovsky 0.441404 s
>> 1 (1369: 1377 1513 1479) (0.436679 s)
>> 1 (1411: 1699 1407 1377) (0.436551 s)
>> 1 (1522: 1666 1699 1558) (0.437276 s)
>> 1 (1544: 1688 1666 1545) (0.436814 s)
Zelikovsky- 1.75416 s
>>> get_solution
  refine_solution: new weight 111 (was 111) in 0.010436 s
>>> get_solution
  refine_solution: new weight 115 (was 115) in 0.010662 s
28,,1635,26910,10,,1635,0,,115,115,112,111,111,,3,3,@@

  handle_small_Steiner_degrees: steiner 0, suppress 0 in 2e-06 s
Starting round 29
Found 96 isolated vertices
Invalid ratios recomputed: 1632
Best ratio is 3/2 (1.5), centered at 1369
Finding the best star... Star with 3 terminals centered in 1479
round took: 0.604266 s
|V| = 1728, |E| = 26845, |R| = 8
>> 1 (1414: 1407 1479 1407) (0.001183 s)
>> 1 (1702: 1558 1666 1558) (0.000705 s)
>> 0 (-1: -1 -1 -1) (0.000572 s)
Zelikovsky 0.436957 s
>> 1 (1411: 1699 1479 1407) (0.433875 s)
>> 1 (1522: 1666 1699 1558) (0.4338 s)
>> 1 (1544: 1688 1666 1545) (0.434073 s)
Zelikovsky- 1.30819 s
>>> get_solution
  refine_solution: new weight 111 (was 111) in 0.010445 s
>>> get_solution
  refine_solution: new weight 113 (was 113) in 0.010722 s
29,,1632,26845,8,,1632,0,,113,113,112,111,111,,3,3,@@

  handle_small_Steiner_degrees: steiner 0, suppress 0 in 2e-06 s
Starting round 30
Found 99 isolated vertices
Invalid ratios recomputed: 1629
Best ratio is 3/2 (1.5), centered at 1411
Finding the best star... Star with 3 terminals centered in 1479
round took: 0.600153 s
|V| = 1728, |E| = 26779, |R| = 6
>> 1 (1546: 1479 1545 1479) (0.001062 s)
>> 0 (-1: -1 -1 -1) (0.000577 s)
Zelikovsky 0.434708 s
>> 1 (1522: 1666 1558 1479) (0.433213 s)
>> 1 (1544: 1688 1666 1545) (0.433638 s)
Zelikovsky- 0.872837 s
>>> get_solution
  refine_solution: new weight 111 (was 111) in 0.01044 s
>>> get_solution
  refine_solution: new weight 112 (was 112) in 0.010738 s
30,,1629,26779,6,,1629,0,,112,112,112,111,111,,3,3,@@

  handle_small_Steiner_degrees: steiner 0, suppress 0 in 2e-06 s
Starting round 31
Found 102 isolated vertices
Invalid ratios recomputed: 1626
Best ratio is 3/2 (1.5), centered at 1522
Finding the best star... Star with 3 terminals centered in 1479
round took: 0.596161 s
|V| = 1728, |E| = 26712, |R| = 4
>> 1 (1544: 1479 1545 1479) (0.000934 s)
>> 0 (-1: -1 -1 -1) (0.000463 s)
Zelikovsky 0.430779 s
>> 1 (1544: 1688 1545 1479) (0.429241 s)
Zelikovsky- 0.434856 s
>>> get_solution
  refine_solution: new weight 111 (was 111) in 0.010448 s
>>> get_solution
  refine_solution: new weight 112 (was 112) in 0.010752 s
31,,1626,26712,4,,1626,0,,112,112,111,111,111,,3,3,@@

  handle_small_Steiner_degrees: steiner 0, suppress 0 in 2e-06 s
Starting round 32
Found 105 isolated vertices
Invalid ratios recomputed: 1623
Best ratio is 3/2 (1.5), centered at 1544
Finding the best star... Star with 3 terminals centered in 1479
round took: 0.592199 s
|V| = 1728, |E| = 26645, |R| = 2
Zelikovsky 0.436259 s
Zelikovsky- 0.005153 s
>>> get_solution
  refine_solution: new weight 111 (was 111) in 0.010459 s
>>> get_solution
  refine_solution: new weight 111 (was 111) in 0.010788 s
32,,1623,26645,2,,1623,0,,111,111,111,111,111,,3,3,@@

  handle_small_Steiner_degrees: steiner 0, suppress 0 in 2e-06 s
Starting round 33
Found 108 isolated vertices
Invalid ratios recomputed: 1620
Best ratio is 3/1 (3.0), centered at 0
Finding the best star... Star with 2 terminals centered in 1479
round took: 0.588652 s
|V| = 1728, |E| = 26586, |R| = 1
Zelikovsky 0.358045 s
Zelikovsky- 0.005774 s
>>> get_solution
  refine_solution: new weight 111 (was 111) in 0.010458 s
>>> get_solution
  refine_solution: new weight 111 (was 111) in 0.01077 s
33,,1620,26586,1,,1620,0,,111,111,111,111,111,,3,2,@@

  handle_small_Steiner_degrees: steiner 0, suppress 0 in 2e-06 s
contract_till_the_bitter_end: 302.554 s

Calling end_heu
>>> get_solution
Saved weight 0
end_heu: 0 loops with 0 unique solutions in 4.1e-05 s

Calling print_solution
>>> get_solution
  refine_solution: new weight 111 (was 111) in 0.010772 s
## FINAL WEIGHT 111
print_solution: 0.014353 s
