Version: final-94-gfffc3aa rub_all.sh: remove longest prefix
Random seed: 1558071017
Start
>>> save_orig_graph
>> Saved weight 0
Graph loaded
|V| = 1729, |E| = 28512, |R| = 74
First clearance of the input. Calling buy_zero and run_all_heuristics.
  buy_zero: 0 zero edges in 3.2e-05 s
  handle_small_terminal_degrees: terms 0 in 2e-06 s
  handle_small_Steiner_degrees: steiner 0, suppress 0 in 3e-06 s
  shortest_edge_between_terminals: 0 edges in 1.3e-05 s
Compressed graph 1729 -> 1728
  delete_edges: deleted 0 edges in 0.006524 s and 1 rounds
  handle_small_terminal_degrees: terms 0 in 1e-06 s
  handle_small_Steiner_degrees: steiner 0, suppress 0 in 3e-06 s
  shortest_edge_between_terminals: 0 edges in 9e-06 s
Compressed graph 1728 -> 1728
  delete_edges_shortest_path: deleted 0 edges in 0.148802 s
  handle_small_terminal_degrees: terms 0 in 2e-06 s
  handle_small_Steiner_degrees: steiner 0, suppress 0 in 3e-06 s
  shortest_edge_between_terminals: 0 edges in 9e-06 s
Compressed graph 1728 -> 1728
  handle_small_terminal_degrees: terms 0 in 1e-06 s
  handle_small_Steiner_degrees: steiner 0, suppress 0 in 3e-06 s
  shortest_edge_between_terminals: 0 edges in 1.1e-05 s
Compressed graph 1728 -> 1728
  delete_edges_shortest_path: deleted 0 edges in 0.148677 s
  handle_small_terminal_degrees: terms 0 in 1e-06 s
  handle_small_Steiner_degrees: steiner 0, suppress 0 in 2e-06 s
  shortest_edge_between_terminals: 0 edges in 1e-05 s
Compressed graph 1728 -> 1728
Compressed graph 1728 -> 1728
>>> save_orig_graph
>> Saved weight 0
### ZEL_LVL=9 PRECISE_STARS=1

Calling `contract_till_the_bitter_end`
|V| = 1728, |E| = 28512, |R| = 74
>> 2 (7: 5 43 5) (0.011747 s)
>> 0 (-1: -1 -1 -1) (0.010624 s)
Zelikovsky 0.568842 s
>> 2 (1: 865 109 5) (0.504552 s)
>> 2 (192: 768 204 198) (0.500262 s)
>> 2 (303: 15 363 309) (0.501113 s)
>> 2 (494: 638 496 482) (0.499342 s)
>> 2 (664: 808 666 628) (0.496818 s)
>> 2 (893: 1613 941 891) (0.493665 s)
>> 2 (1051: 43 1087 1052) (0.488658 s)
>> 2 (1378: 1666 1377 1306) (0.485287 s)
>> 2 (1544: 1688 1545 1448) (0.482696 s)
>> 1 (3: 865 1587 15) (0.480407 s)
>> 1 (7: 865 295 43) (0.47987 s)
>> 1 (8: 865 1688 80) (0.479581 s)
>> 1 (9: 865 1017 33) (0.480401 s)
>> 1 (25: 865 1613 1033) (0.479674 s)
>> 1 (34: 865 1666 322) (0.481084 s)
>> 1 (194: 768 638 266) (0.482646 s)
>> 1 (196: 768 808 280) (0.482101 s)
>> 1 (210: 768 1218 846) (0.482501 s)
>> 1 (301: 865 1597 385) (0.482739 s)
>> 1 (305: 865 1457 329) (0.482121 s)
>> 1 (308: 865 884 404) (0.481888 s)
>> 1 (503: 768 791 563) (0.481832 s)
>> 1 (518: 768 1238 516) (0.481689 s)
>> 1 (566: 768 854 570) (0.481221 s)
>> 1 (700: 768 1276 696) (0.481227 s)
>> 1 (895: 865 1471 967) (0.481024 s)
>> 1 (977: 865 1121 981) (0.481355 s)
>> 1 (982: 865 1558 910) (0.481543 s)
>> 1 (1023: 865 1107 1030) (0.481916 s)
>> 1 (1200: 768 1284 1211) (0.482417 s)
>> 1 (1309: 865 1333 1315) (0.482709 s)
>> 1 (1409: 865 1407 1397) (0.482997 s)
>> 1 (1627: 865 1699 1629) (0.483343 s)
>> 0 (-1: -1 -1 -1) (0.483752 s)
Zelikovsky- 16.5177 s
>>> get_solution
  refine_solution: new weight 195 (was 196) in 0.010581 s
  refine_solution: new weight 195 (was 195) in 0.010614 s
>>> get_solution
  refine_solution: new weight 229 (was 283) in 0.009965 s
  refine_solution: new weight 215 (was 229) in 0.010042 s
  refine_solution: new weight 209 (was 215) in 0.010113 s
  refine_solution: new weight 208 (was 209) in 0.010322 s
  refine_solution: new weight 207 (was 208) in 0.010365 s
  refine_solution: new weight 204 (was 207) in 0.010298 s
  refine_solution: new weight 203 (was 204) in 0.010512 s
  refine_solution: new weight 203 (was 203) in 0.010677 s
0,,1728,28512,74,,0,0,,283,203,269,196,195,,0,0,@@

  delete_edges: deleted 0 edges in 0.006535 s and 1 rounds
  handle_small_Steiner_degrees: steiner 0, suppress 0 in 4e-06 s
Starting round 1
Found 0 isolated vertices
Invalid ratios recomputed: 1728
Best ratio is 29/11 (2.6), centered at 194
Finding the best star... Star with 12 terminals centered in 482
round took: 0.940105 s
|V| = 1728, |E| = 28273, |R| = 63
>> 2 (7: 5 43 5) (0.008363 s)
>> 0 (-1: -1 -1 -1) (0.007362 s)
Zelikovsky 0.527488 s
>> 2 (1: 865 109 5) (0.487561 s)
>> 2 (303: 15 363 309) (0.488926 s)
>> 2 (503: 563 791 496) (0.485747 s)
>> 2 (893: 1613 941 891) (0.484955 s)
>> 2 (1051: 43 1087 1052) (0.479698 s)
>> 2 (1378: 1666 1377 1306) (0.475529 s)
>> 2 (1544: 1688 1545 1448) (0.475501 s)
>> 1 (3: 865 1587 15) (0.473466 s)
>> 1 (7: 865 295 43) (0.473397 s)
>> 1 (8: 865 1688 80) (0.473277 s)
>> 1 (9: 865 1017 33) (0.471226 s)
>> 1 (25: 865 1613 1033) (0.473285 s)
>> 1 (34: 865 1666 322) (0.474511 s)
>> 1 (234: 482 846 666) (0.476751 s)
>> 1 (210: 482 1218 563) (0.476297 s)
>> 1 (301: 865 1597 385) (0.476947 s)
>> 1 (305: 865 1457 329) (0.475346 s)
>> 1 (308: 865 884 404) (0.475556 s)
>> 1 (895: 865 1471 967) (0.475505 s)
>> 1 (977: 865 1121 981) (0.475588 s)
>> 1 (982: 865 1558 910) (0.476463 s)
>> 1 (1023: 865 1107 1030) (0.475995 s)
>> 1 (1309: 865 1333 1315) (0.476093 s)
>> 1 (1409: 865 1407 1397) (0.476322 s)
>> 1 (1627: 865 1699 1629) (0.476714 s)
>> 0 (-1: -1 -1 -1) (0.477933 s)
Zelikovsky- 12.4265 s
>>> get_solution
  refine_solution: new weight 196 (was 196) in 0.010467 s
>>> get_solution
  refine_solution: new weight 218 (was 260) in 0.010434 s
  refine_solution: new weight 210 (was 218) in 0.010529 s
  refine_solution: new weight 208 (was 210) in 0.010537 s
  refine_solution: new weight 207 (was 208) in 0.010524 s
  refine_solution: new weight 207 (was 207) in 0.010528 s
1,,1728,28273,63,,1728,0,,260,207,242,196,196,,29,12,@@

  handle_small_Steiner_degrees: steiner 0, suppress 0 in 3e-06 s
Starting round 2
Found 17 isolated vertices
Invalid ratios recomputed: 1711
Best ratio is 2/1 (2.0), centered at 482
Finding the best star... Star with 2 terminals centered in 482
round took: 0.86537 s
|V| = 1728, |E| = 28258, |R| = 62
>> 2 (7: 5 43 5) (0.008051 s)
>> 0 (-1: -1 -1 -1) (0.007114 s)
Zelikovsky 0.532683 s
>> 2 (1: 865 109 5) (0.481353 s)
>> 2 (303: 15 363 309) (0.484714 s)
>> 2 (503: 563 791 496) (0.482647 s)
>> 2 (893: 1613 941 891) (0.47958 s)
>> 2 (1051: 43 1087 1052) (0.476592 s)
>> 2 (1378: 1666 1377 1306) (0.474673 s)
>> 2 (1544: 1688 1545 1448) (0.472548 s)
>> 1 (3: 865 1587 15) (0.468225 s)
>> 1 (7: 865 295 43) (0.46759 s)
>> 1 (8: 865 1688 80) (0.468014 s)
>> 1 (9: 865 1017 33) (0.468903 s)
>> 1 (25: 865 1613 1033) (0.468336 s)
>> 1 (34: 865 1666 322) (0.472082 s)
>> 1 (234: 482 846 666) (0.471867 s)
>> 1 (210: 482 1218 563) (0.472498 s)
>> 1 (301: 865 1597 385) (0.473379 s)
>> 1 (305: 865 1457 329) (0.473097 s)
>> 1 (308: 865 884 404) (0.473093 s)
>> 1 (895: 865 1471 967) (0.474401 s)
>> 1 (977: 865 1121 981) (0.47313 s)
>> 1 (982: 865 1558 910) (0.473268 s)
>> 1 (1023: 865 1107 1030) (0.473847 s)
>> 1 (1309: 865 1333 1315) (0.474193 s)
>> 1 (1409: 865 1407 1397) (0.474561 s)
>> 1 (1627: 865 1699 1629) (0.474689 s)
>> 0 (-1: -1 -1 -1) (0.477205 s)
Zelikovsky- 12.3421 s
>>> get_solution
  refine_solution: new weight 195 (was 196) in 0.010504 s
  refine_solution: new weight 195 (was 195) in 0.010502 s
>>> get_solution
  refine_solution: new weight 225 (was 262) in 0.010315 s
  refine_solution: new weight 213 (was 225) in 0.010624 s
  refine_solution: new weight 213 (was 213) in 0.010613 s
2,,1711,28258,62,,1711,0,,262,213,240,196,195,,2,2,@@

  handle_small_Steiner_degrees: steiner 0, suppress 0 in 3e-06 s
Starting round 3
Found 18 isolated vertices
Invalid ratios recomputed: 1710
Best ratio is 5/2 (2.5), centered at 660
Finding the best star... Star with 3 terminals centered in 482
round took: 0.887391 s
|V| = 1728, |E| = 28210, |R| = 60
>> 2 (7: 5 43 5) (0.00746 s)
>> 0 (-1: -1 -1 -1) (0.006638 s)
Zelikovsky 0.518634 s
>> 2 (1: 865 109 5) (0.477703 s)
>> 2 (303: 15 363 309) (0.480773 s)
>> 2 (503: 563 791 496) (0.479176 s)
>> 2 (893: 1613 941 891) (0.476334 s)
>> 2 (1051: 43 1087 1052) (0.472262 s)
>> 2 (1378: 1666 1377 1306) (0.46953 s)
>> 2 (1544: 1688 1545 1448) (0.46729 s)
>> 1 (3: 865 1587 15) (0.465521 s)
>> 1 (7: 865 295 43) (0.464934 s)
>> 1 (8: 865 1688 80) (0.465691 s)
>> 1 (9: 865 1017 33) (0.466441 s)
>> 1 (25: 865 1613 1033) (0.465952 s)
>> 1 (34: 865 1666 322) (0.467313 s)
>> 1 (282: 482 846 570) (0.469364 s)
>> 1 (210: 482 1218 563) (0.469939 s)
>> 1 (301: 865 1597 385) (0.471347 s)
>> 1 (305: 865 1457 329) (0.471058 s)
>> 1 (308: 865 884 404) (0.471121 s)
>> 1 (708: 482 1284 719) (0.471177 s)
>> 1 (895: 865 1471 967) (0.470909 s)
>> 1 (977: 865 1121 981) (0.471058 s)
>> 1 (982: 865 1558 910) (0.471412 s)
>> 1 (1023: 865 1107 1030) (0.47195 s)
>> 1 (1309: 865 1333 1315) (0.472449 s)
>> 1 (1409: 865 1407 1397) (0.472601 s)
>> 1 (1627: 865 1699 1629) (0.473047 s)
>> 0 (-1: -1 -1 -1) (0.473682 s)
Zelikovsky- 12.7375 s
>>> get_solution
  refine_solution: new weight 194 (was 194) in 0.010623 s
>>> get_solution
  refine_solution: new weight 217 (was 259) in 0.010533 s
  refine_solution: new weight 205 (was 217) in 0.01082 s
  refine_solution: new weight 203 (was 205) in 0.010879 s
  refine_solution: new weight 203 (was 203) in 0.010876 s
3,,1710,28210,60,,1710,0,,259,203,243,194,194,,5,3,@@

  handle_small_Steiner_degrees: steiner 0, suppress 0 in 4e-06 s
Starting round 4
Found 21 isolated vertices
Invalid ratios recomputed: 1707
Best ratio is 5/2 (2.5), centered at 708
Finding the best star... Star with 3 terminals centered in 482
round took: 0.882331 s
|V| = 1728, |E| = 28158, |R| = 58
>> 2 (7: 5 43 5) (0.007 s)
>> 0 (-1: -1 -1 -1) (0.006185 s)
Zelikovsky 0.51449 s
>> 2 (1: 865 109 5) (0.475778 s)
>> 2 (303: 15 363 309) (0.477646 s)
>> 2 (503: 563 791 496) (0.476282 s)
>> 2 (893: 1613 941 891) (0.473467 s)
>> 2 (1051: 43 1087 1052) (0.470033 s)
>> 2 (1378: 1666 1377 1306) (0.46757 s)
>> 2 (1544: 1688 1545 1448) (0.465514 s)
>> 1 (3: 865 1587 15) (0.46365 s)
>> 1 (7: 865 295 43) (0.463146 s)
>> 1 (8: 865 1688 80) (0.463734 s)
>> 1 (9: 865 1017 33) (0.464623 s)
>> 1 (25: 865 1613 1033) (0.464194 s)
>> 1 (34: 865 1666 322) (0.465779 s)
>> 1 (282: 482 846 570) (0.468106 s)
>> 1 (210: 482 1218 563) (0.468745 s)
>> 1 (301: 865 1597 385) (0.470099 s)
>> 1 (305: 865 1457 329) (0.469962 s)
>> 1 (308: 865 884 404) (0.470095 s)
>> 1 (895: 865 1471 967) (0.470182 s)
>> 1 (977: 865 1121 981) (0.470422 s)
>> 1 (982: 865 1558 910) (0.47073 s)
>> 1 (1023: 865 1107 1030) (0.47126 s)
>> 1 (1309: 865 1333 1315) (0.471553 s)
>> 1 (1409: 865 1407 1397) (0.472006 s)
>> 1 (1627: 865 1699 1629) (0.472379 s)
>> 0 (-1: -1 -1 -1) (0.47342 s)
Zelikovsky- 12.2271 s
>>> get_solution
  refine_solution: new weight 194 (was 194) in 0.010628 s
>>> get_solution
  refine_solution: new weight 221 (was 259) in 0.010499 s
  refine_solution: new weight 205 (was 221) in 0.01092 s
  refine_solution: new weight 205 (was 205) in 0.010972 s
4,,1707,28158,58,,1707,0,,259,205,240,194,194,,5,3,@@

  handle_small_Steiner_degrees: steiner 0, suppress 0 in 3e-06 s
Starting round 5
Found 24 isolated vertices
Invalid ratios recomputed: 1704
Best ratio is 48/18 (2.7), centered at 77
Finding the best star... Star with 19 terminals centered in 43
round took: 0.88577 s
|V| = 1728, |E| = 27679, |R| = 40
>> 2 (503: 496 563 496) (0.00342 s)
>> 2 (898: 322 891 322) (0.003049 s)
>> 2 (786: 791 846 791) (0.002898 s)
>> 2 (1484: 1052 1448 1052) (0.002605 s)
>> 2 (982: 910 981 910) (0.002441 s)
>> 2 (1551: 1407 1479 1407) (0.00222 s)
>> 1 (961: 43 865 43) (0.002046 s)
>> 0 (-1: -1 -1 -1) (0.002575 s)
Zelikovsky 0.48961 s
>> 2 (503: 563 791 496) (0.461839 s)
>> 2 (898: 322 910 891) (0.460265 s)
>> 2 (1443: 1587 1479 1448) (0.458847 s)
>> 1 (1: 43 1587 865) (0.457481 s)
>> 1 (10: 43 1306 322) (0.459466 s)
>> 1 (282: 43 846 570) (0.461592 s)
>> 1 (210: 43 1218 563) (0.462392 s)
>> 1 (871: 43 967 295) (0.463959 s)
>> 1 (873: 43 1017 981) (0.463933 s)
>> 1 (883: 43 1315 884) (0.463734 s)
>> 1 (1042: 43 1033 1030) (0.463609 s)
>> 1 (1040: 43 1328 1052) (0.463801 s)
>> 1 (1112: 43 1688 1107) (0.464187 s)
>> 1 (1474: 43 1558 1471) (0.464491 s)
>> 1 (1603: 43 1699 1597) (0.464846 s)
>> 1 (1605: 43 1629 309) (0.465217 s)
>> 0 (-1: -1 -1 -1) (0.465443 s)
Zelikovsky- 7.87707 s
>>> get_solution
  refine_solution: new weight 194 (was 194) in 0.010872 s
>>> get_solution
  refine_solution: new weight 213 (was 214) in 0.010769 s
  refine_solution: new weight 213 (was 213) in 0.010595 s
5,,1704,27679,40,,1704,0,,214,213,201,194,194,,48,19,@@

  handle_small_Steiner_degrees: steiner 0, suppress 0 in 3e-06 s
Starting round 6
Found 54 isolated vertices
Invalid ratios recomputed: 1674
Best ratio is 2/1 (2.0), centered at 43
Finding the best star... Star with 2 terminals centered in 43
round took: 0.710714 s
|V| = 1728, |E| = 27662, |R| = 39
>> 2 (503: 496 563 496) (0.003275 s)
>> 2 (898: 322 891 322) (0.002925 s)
>> 2 (786: 791 846 791) (0.00281 s)
>> 2 (1484: 1052 1448 1052) (0.002501 s)
>> 2 (982: 910 981 910) (0.002363 s)
>> 2 (1551: 1407 1479 1407) (0.002157 s)
>> 1 (961: 43 865 43) (0.001979 s)
>> 0 (-1: -1 -1 -1) (0.002545 s)
Zelikovsky 0.487381 s
>> 2 (503: 563 791 496) (0.461062 s)
>> 2 (898: 322 910 891) (0.459183 s)
>> 2 (1443: 1587 1479 1448) (0.457613 s)
>> 1 (1: 43 1587 865) (0.456555 s)
>> 1 (10: 43 1306 322) (0.458727 s)
>> 1 (282: 43 846 570) (0.460545 s)
>> 1 (210: 43 1218 563) (0.461409 s)
>> 1 (871: 43 967 295) (0.462925 s)
>> 1 (873: 43 1017 981) (0.462966 s)
>> 1 (883: 43 1315 884) (0.462811 s)
>> 1 (1042: 43 1033 1030) (0.462507 s)
>> 1 (1040: 43 1328 1052) (0.462656 s)
>> 1 (1112: 43 1688 1107) (0.463391 s)
>> 1 (1474: 43 1558 1471) (0.463843 s)
>> 1 (1603: 43 1699 1597) (0.464023 s)
>> 1 (1605: 43 1629 309) (0.464347 s)
>> 0 (-1: -1 -1 -1) (0.464974 s)
Zelikovsky- 7.8615 s
>>> get_solution
  refine_solution: new weight 194 (was 194) in 0.010875 s
>>> get_solution
  refine_solution: new weight 208 (was 212) in 0.010838 s
  refine_solution: new weight 208 (was 208) in 0.010684 s
6,,1674,27662,39,,1674,0,,212,208,200,194,194,,2,2,@@

  handle_small_Steiner_degrees: steiner 0, suppress 0 in 3e-06 s
Starting round 7
Found 55 isolated vertices
Invalid ratios recomputed: 1673
Best ratio is 5/2 (2.5), centered at 961
Finding the best star... Star with 3 terminals centered in 865
round took: 0.73286 s
|V| = 1728, |E| = 27614, |R| = 37
>> 2 (503: 496 563 496) (0.003415 s)
>> 2 (786: 791 846 791) (0.003008 s)
>> 2 (1484: 1052 1448 1052) (0.002584 s)
>> 2 (1486: 910 1479 910) (0.002399 s)
>> 1 (889: 865 891 865) (0.002215 s)
>> 2 (308: 309 404 309) (0.002762 s)
>> 2 (1316: 884 1315 884) (0.002654 s)
>> 2 (1414: 1306 1407 1306) (0.002562 s)
>> 2 (1474: 322 1471 322) (0.002327 s)
>> 2 (1011: 1017 1107 1017) (0.002136 s)
>> 2 (1021: 1030 1033 1030) (0.001909 s)
>> 1 (438: 295 570 295) (0.001703 s)
>> 0 (-1: -1 -1 -1) (0.001435 s)
Zelikovsky 0.500205 s
>> 2 (503: 563 791 496) (0.459723 s)
>> 2 (1443: 1587 1479 1448) (0.458463 s)
>> 1 (7: 865 1587 295) (0.457219 s)
>> 1 (282: 865 846 570) (0.458735 s)
>> 1 (210: 865 1218 563) (0.45924 s)
>> 1 (877: 865 1597 884) (0.460573 s)
>> 1 (885: 865 981 309) (0.460466 s)
>> 1 (886: 865 1030 910) (0.46046 s)
>> 1 (889: 865 1033 891) (0.460275 s)
>> 1 (1011: 865 1107 1017) (0.460456 s)
>> 1 (1299: 865 1407 1306) (0.460489 s)
>> 1 (1309: 865 1333 1315) (0.460709 s)
>> 1 (1555: 865 1699 1558) (0.460632 s)
>> 0 (-1: -1 -1 -1) (0.461139 s)
Zelikovsky- 6.44976 s
>>> get_solution
  refine_solution: new weight 194 (was 194) in 0.010864 s
>>> get_solution
  refine_solution: new weight 209 (was 211) in 0.01085 s
  refine_solution: new weight 208 (was 209) in 0.010778 s
  refine_solution: new weight 208 (was 208) in 0.010795 s
7,,1673,27614,37,,1673,0,,211,208,197,194,194,,5,3,@@

  handle_small_Steiner_degrees: steiner 0, suppress 0 in 4e-06 s
Starting round 8
Found 58 isolated vertices
Invalid ratios recomputed: 1670
Best ratio is 10/4 (2.5), centered at 896
Finding the best star... Star with 5 terminals centered in 891
round took: 0.716715 s
|V| = 1728, |E| = 27513, |R| = 33
>> 2 (503: 496 563 496) (0.002897 s)
>> 2 (786: 791 846 791) (0.00252 s)
>> 2 (1486: 910 1479 910) (0.002072 s)
>> 1 (320: 322 404 322) (0.001903 s)
>> 1 (1040: 891 1033 891) (0.001917 s)
>> 2 (1414: 1306 1407 1306) (0.002472 s)
>> 2 (1011: 1017 1107 1017) (0.002216 s)
>> 2 (1309: 1315 1333 1315) (0.002077 s)
>> 2 (1555: 1471 1558 1471) (0.001845 s)
>> 1 (885: 309 570 309) (0.001635 s)
>> 1 (1096: 808 1030 808) (0.001392 s)
>> 1 (1446: 295 1218 295) (0.00124 s)
>> 0 (-1: -1 -1 -1) (0.001072 s)
Zelikovsky 0.489989 s
>> 2 (503: 563 791 496) (0.456271 s)
>> 2 (1486: 910 1558 1479) (0.455202 s)
>> 1 (22: 891 1030 910) (0.454311 s)
>> 1 (282: 891 846 570) (0.455823 s)
>> 1 (210: 891 1218 563) (0.456723 s)
>> 1 (310: 891 322 309) (0.45797 s)
>> 1 (298: 891 1306 295) (0.457928 s)
>> 1 (296: 891 1448 404) (0.457726 s)
>> 1 (969: 891 1545 981) (0.457668 s)
>> 1 (1016: 891 1052 1017) (0.457977 s)
>> 1 (1011: 891 1587 1107) (0.45836 s)
>> 1 (1459: 891 1471 1315) (0.459217 s)
>> 1 (1603: 891 1699 1597) (0.459501 s)
>> 0 (-1: -1 -1 -1) (0.459708 s)
Zelikovsky- 6.4153 s
>>> get_solution
  refine_solution: new weight 193 (was 193) in 0.010763 s
>>> get_solution
  refine_solution: new weight 203 (was 205) in 0.011083 s
  refine_solution: new weight 203 (was 203) in 0.010873 s
8,,1670,27513,33,,1670,0,,205,203,198,193,193,,10,5,@@

  handle_small_Steiner_degrees: steiner 0, suppress 0 in 3e-06 s
Starting round 9
Found 64 isolated vertices
Invalid ratios recomputed: 1664
Best ratio is 10/4 (2.5), centered at 982
Finding the best star... Star with 5 terminals centered in 404
round took: 0.694505 s
|V| = 1728, |E| = 27399, |R| = 29
>> 2 (503: 496 563 496) (0.002346 s)
>> 2 (786: 791 846 791) (0.00206 s)
>> 1 (1040: 404 1033 404) (0.001737 s)
>> 2 (1011: 1017 1107 1017) (0.002429 s)
>> 2 (1299: 1306 1407 1306) (0.002184 s)
>> 2 (1443: 1448 1479 1448) (0.001985 s)
>> 2 (1309: 1315 1333 1315) (0.001848 s)
>> 1 (321: 295 309 295) (0.001652 s)
>> 0 (-1: -1 -1 -1) (0.001317 s)
Zelikovsky 0.469588 s
>> 2 (503: 563 791 496) (0.447708 s)
>> 1 (37: 404 1479 1333) (0.446766 s)
>> 1 (282: 404 846 570) (0.447687 s)
>> 1 (210: 404 1218 563) (0.448962 s)
>> 1 (1040: 404 1052 1033) (0.450354 s)
>> 1 (1016: 404 1448 1017) (0.450432 s)
>> 1 (1011: 404 1587 1107) (0.450548 s)
>> 1 (1018: 404 1306 1030) (0.450905 s)
>> 1 (298: 404 322 295) (0.451208 s)
>> 1 (1621: 404 1629 1597) (0.451445 s)
>> 0 (-1: -1 -1 -1) (0.451788 s)
Zelikovsky- 4.95753 s
>>> get_solution
  refine_solution: new weight 193 (was 193) in 0.01089 s
>>> get_solution
  refine_solution: new weight 201 (was 202) in 0.011095 s
  refine_solution: new weight 201 (was 201) in 0.010853 s
9,,1664,27399,29,,1664,0,,202,201,195,193,193,,10,5,@@

  handle_small_Steiner_degrees: steiner 0, suppress 0 in 4e-06 s
Starting round 10
Found 70 isolated vertices
Invalid ratios recomputed: 1658
Best ratio is 5/2 (2.5), centered at 1040
Finding the best star... Star with 3 terminals centered in 1033
round took: 0.66231 s
|V| = 1728, |E| = 27339, |R| = 27
>> 2 (503: 496 563 496) (0.002223 s)
>> 2 (786: 791 846 791) (0.001861 s)
>> 1 (1042: 322 1030 322) (0.001533 s)
>> 1 (1414: 1033 1306 1033) (0.00139 s)
>> 2 (1011: 1017 1107 1017) (0.001992 s)
>> 2 (1443: 1448 1479 1448) (0.001771 s)
>> 2 (1309: 1315 1333 1315) (0.001567 s)
>> 1 (438: 295 570 295) (0.001301 s)
>> 0 (-1: -1 -1 -1) (0.001189 s)
Zelikovsky 0.476491 s
>> 2 (503: 563 791 496) (0.448057 s)
>> 1 (37: 1033 1479 1333) (0.447365 s)
>> 1 (282: 1033 846 570) (0.448309 s)
>> 1 (210: 1033 1218 563) (0.449346 s)
>> 1 (1016: 1033 1448 1017) (0.450437 s)
>> 1 (1011: 1033 1587 1107) (0.450832 s)
>> 1 (1018: 1033 1306 1030) (0.45113 s)
>> 1 (298: 1033 322 295) (0.451585 s)
>> 1 (1621: 1033 1629 1597) (0.451816 s)
>> 0 (-1: -1 -1 -1) (0.452435 s)
Zelikovsky- 4.51076 s
>>> get_solution
  refine_solution: new weight 193 (was 193) in 0.010861 s
>>> get_solution
  refine_solution: new weight 201 (was 202) in 0.011148 s
  refine_solution: new weight 200 (was 201) in 0.011007 s
  refine_solution: new weight 200 (was 200) in 0.011052 s
10,,1658,27339,27,,1658,0,,202,200,194,193,193,,5,3,@@

  handle_small_Steiner_degrees: steiner 0, suppress 0 in 3e-06 s
Starting round 11
Found 73 isolated vertices
Invalid ratios recomputed: 1655
Best ratio is 5/2 (2.5), centered at 1016
Finding the best star... Star with 3 terminals centered in 1033
round took: 0.656832 s
|V| = 1728, |E| = 27282, |R| = 25
>> 2 (503: 496 563 496) (0.001952 s)
>> 2 (786: 791 846 791) (0.001619 s)
>> 1 (1042: 322 1030 322) (0.001362 s)
>> 1 (1414: 1033 1306 1033) (0.001387 s)
>> 2 (1309: 1315 1333 1315) (0.001781 s)
>> 2 (1485: 1479 1545 1479) (0.00153 s)
>> 1 (498: 295 570 295) (0.001302 s)
>> 0 (-1: -1 -1 -1) (0.001125 s)
Zelikovsky 0.462987 s
>> 2 (503: 563 791 496) (0.44628 s)
>> 1 (37: 1033 1479 1333) (0.445365 s)
>> 1 (282: 1033 846 570) (0.4465 s)
>> 1 (210: 1033 1218 563) (0.447616 s)
>> 1 (1011: 1033 1587 1107) (0.449307 s)
>> 1 (1018: 1033 1306 1030) (0.449529 s)
>> 1 (298: 1033 322 295) (0.450155 s)
>> 1 (1621: 1033 1629 1597) (0.450723 s)
>> 0 (-1: -1 -1 -1) (0.450967 s)
Zelikovsky- 4.04532 s
>>> get_solution
  refine_solution: new weight 193 (was 193) in 0.01086 s
>>> get_solution
  refine_solution: new weight 202 (was 202) in 0.011093 s
11,,1655,27282,25,,1655,0,,202,202,193,193,193,,5,3,@@

  handle_small_Steiner_degrees: steiner 0, suppress 0 in 3e-06 s
Starting round 12
Found 76 isolated vertices
Invalid ratios recomputed: 1652
Best ratio is 5/2 (2.5), centered at 1011
Finding the best star... Star with 3 terminals centered in 1033
round took: 0.642622 s
|V| = 1728, |E| = 27221, |R| = 23
>> 2 (503: 496 563 496) (0.001734 s)
>> 2 (786: 791 846 791) (0.00143 s)
>> 1 (1042: 322 1030 322) (0.001196 s)
>> 1 (1299: 1033 1306 1033) (0.001239 s)
>> 2 (1309: 1315 1333 1315) (0.001527 s)
>> 2 (1485: 1479 1545 1479) (0.00127 s)
>> 1 (498: 295 570 295) (0.001147 s)
>> 0 (-1: -1 -1 -1) (0.001014 s)
Zelikovsky 0.458516 s
>> 2 (503: 563 791 496) (0.443267 s)
>> 1 (282: 1033 846 570) (0.442716 s)
>> 1 (210: 1033 1218 563) (0.443646 s)
>> 1 (1018: 1033 1306 1030) (0.444932 s)
>> 1 (298: 1033 322 295) (0.445748 s)
>> 0 (-1: -1 -1 -1) (0.44599 s)
Zelikovsky- 2.67401 s
>>> get_solution
  refine_solution: new weight 194 (was 194) in 0.010902 s
>>> get_solution
  refine_solution: new weight 197 (was 198) in 0.011141 s
  refine_solution: new weight 197 (was 197) in 0.010913 s
12,,1652,27221,23,,1652,0,,198,197,192,194,194,,5,3,@@

  handle_small_Steiner_degrees: steiner 0, suppress 0 in 3e-06 s
Starting round 13
Found 79 isolated vertices
Invalid ratios recomputed: 1649
Best ratio is 5/2 (2.5), centered at 1018
Finding the best star... Star with 3 terminals centered in 1033
round took: 0.631413 s
|V| = 1728, |E| = 27160, |R| = 21
>> 2 (503: 496 563 496) (0.001525 s)
>> 2 (786: 791 846 791) (0.001272 s)
>> 1 (298: 295 322 295) (0.00104 s)
>> 0 (-1: -1 -1 -1) (0.001005 s)
Zelikovsky 0.458107 s
>> 2 (503: 563 791 496) (0.441259 s)
>> 1 (282: 1033 846 570) (0.440435 s)
>> 1 (210: 1033 1218 563) (0.441732 s)
>> 1 (298: 1033 322 295) (0.443599 s)
>> 0 (-1: -1 -1 -1) (0.444166 s)
Zelikovsky- 2.21849 s
>>> get_solution
  refine_solution: new weight 194 (was 194) in 0.010908 s
>>> get_solution
  refine_solution: new weight 200 (was 200) in 0.011007 s
13,,1649,27160,21,,1649,0,,200,200,195,194,194,,5,3,@@

  handle_small_Steiner_degrees: steiner 0, suppress 0 in 3e-06 s
Starting round 14
Found 82 isolated vertices
Invalid ratios recomputed: 1646
Best ratio is 5/2 (2.5), centered at 298
Finding the best star... Star with 3 terminals centered in 295
round took: 0.622 s
|V| = 1728, |E| = 27096, |R| = 19
>> 2 (503: 496 563 496) (0.001239 s)
>> 2 (786: 791 846 791) (0.001046 s)
>> 0 (-1: -1 -1 -1) (0.000877 s)
Zelikovsky 0.439542 s
>> 2 (503: 563 791 496) (0.435116 s)
>> 1 (282: 295 846 570) (0.434564 s)
>> 1 (210: 295 1218 563) (0.436185 s)
>> 0 (-1: -1 -1 -1) (0.438212 s)
Zelikovsky- 1.75082 s
>>> get_solution
  refine_solution: new weight 194 (was 194) in 0.010915 s
>>> get_solution
  refine_solution: new weight 196 (was 197) in 0.011153 s
  refine_solution: new weight 196 (was 196) in 0.010967 s
14,,1646,27096,19,,1646,0,,197,196,195,194,194,,5,3,@@

  handle_small_Steiner_degrees: steiner 0, suppress 0 in 3e-06 s
Starting round 15
Found 85 isolated vertices
Invalid ratios recomputed: 1643
Best ratio is 8/3 (2.7), centered at 1216
Finding the best star... Star with 4 terminals centered in 496
round took: 0.612141 s
|V| = 1728, |E| = 27004, |R| = 16
>> 2 (558: 563 570 563) (0.001016 s)
>> 1 (784: 496 791 496) (0.000855 s)
>> 2 (1309: 1315 1333 1315) (0.001119 s)
>> 2 (1485: 1479 1545 1479) (0.001018 s)
>> 1 (810: 309 808 309) (0.000901 s)
>> 0 (-1: -1 -1 -1) (0.000742 s)
Zelikovsky 0.437398 s
>> 2 (558: 563 846 570) (0.429391 s)
>> 1 (784: 496 808 791) (0.429033 s)
>> 0 (-1: -1 -1 -1) (0.429675 s)
Zelikovsky- 1.29448 s
>>> get_solution
  refine_solution: new weight 193 (was 193) in 0.010844 s
>>> get_solution
  refine_solution: new weight 196 (was 196) in 0.011054 s
15,,1643,27004,16,,1643,0,,196,196,192,193,193,,8,4,@@

  handle_small_Steiner_degrees: steiner 0, suppress 0 in 3e-06 s
Starting round 16
Found 90 isolated vertices
Invalid ratios recomputed: 1638
Best ratio is 5/2 (2.5), centered at 784
Finding the best star... Star with 3 terminals centered in 496
round took: 0.584736 s
|V| = 1728, |E| = 26950, |R| = 14
>> 1 (564: 496 563 496) (0.000878 s)
>> 2 (1309: 1315 1333 1315) (0.001117 s)
>> 2 (1485: 1479 1545 1479) (0.000992 s)
>> 1 (1410: 570 846 570) (0.000854 s)
>> 1 (1411: 1407 1471 1407) (0.000755 s)
>> 1 (1701: 309 1629 309) (0.000676 s)
>> 0 (-1: -1 -1 -1) (0.000534 s)
Zelikovsky 0.436719 s
>> 1 (558: 563 846 570) (0.428645 s)
>> 0 (-1: -1 -1 -1) (0.428401 s)
Zelikovsky- 0.863029 s
>>> get_solution
  refine_solution: new weight 193 (was 193) in 0.010847 s
>>> get_solution
  refine_solution: new weight 194 (was 194) in 0.011066 s
16,,1638,26950,14,,1638,0,,194,194,194,193,193,,5,3,@@

  handle_small_Steiner_degrees: steiner 0, suppress 0 in 3e-06 s
Starting round 17
Found 93 isolated vertices
Invalid ratios recomputed: 1635
Best ratio is 8/3 (2.7), centered at 1309
Finding the best star... Star with 4 terminals centered in 1333
round took: 0.570749 s
|V| = 1728, |E| = 26841, |R| = 11
>> 1 (558: 563 570 563) (0.000819 s)
>> 0 (-1: -1 -1 -1) (0.000654 s)
Zelikovsky 0.43563 s
>> 1 (558: 563 846 570) (0.429024 s)
>> 0 (-1: -1 -1 -1) (0.428631 s)
Zelikovsky- 0.863804 s
>>> get_solution
  refine_solution: new weight 192 (was 192) in 0.010824 s
>>> get_solution
  refine_solution: new weight 193 (was 193) in 0.011055 s
17,,1635,26841,11,,1635,0,,193,193,192,192,192,,8,4,@@

  handle_small_Steiner_degrees: steiner 0, suppress 0 in 3e-06 s
Starting round 18
Found 98 isolated vertices
Invalid ratios recomputed: 1630
Best ratio is 8/3 (2.7), centered at 1485
Finding the best star... Star with 4 terminals centered in 1479
round took: 0.558631 s
|V| = 1728, |E| = 26728, |R| = 8
>> 1 (558: 563 570 563) (0.000632 s)
>> 0 (-1: -1 -1 -1) (0.000526 s)
Zelikovsky 0.425933 s
>> 1 (558: 563 846 570) (0.42471 s)
>> 0 (-1: -1 -1 -1) (0.424604 s)
Zelikovsky- 0.855392 s
>>> get_solution
  refine_solution: new weight 191 (was 191) in 0.010938 s
>>> get_solution
  refine_solution: new weight 192 (was 192) in 0.011108 s
18,,1630,26728,8,,1630,0,,192,192,191,191,191,,8,4,@@

  handle_small_Steiner_degrees: steiner 0, suppress 0 in 3e-06 s
Starting round 19
Found 103 isolated vertices
Invalid ratios recomputed: 1625
Best ratio is 21/7 (3.0), centered at 270
Finding the best star... Star with 8 terminals centered in 309
round took: 0.54284 s
|V| = 1728, |E| = 26413, |R| = 1
Zelikovsky 0.429095 s
Zelikovsky- 0.005777 s
>>> get_solution
  refine_solution: new weight 191 (was 191) in 0.010988 s
>>> get_solution
  refine_solution: new weight 191 (was 191) in 0.01128 s
19,,1625,26413,1,,1625,0,,191,191,191,191,191,,21,8,@@

  handle_small_Steiner_degrees: steiner 0, suppress 0 in 2e-06 s
contract_till_the_bitter_end: 142.809 s

Calling end_heu
>>> get_solution
Saved weight 0
end_heu: 0 loops with 0 unique solutions in 4.4e-05 s

Calling print_solution
>>> get_solution
  refine_solution: new weight 191 (was 191) in 0.011226 s
## FINAL WEIGHT 191
print_solution: 0.014923 s
