Version: final-94-gfffc3aa rub_all.sh: remove longest prefix
Random seed: 1558005273
Start
>>> save_orig_graph
>> Saved weight 0
Graph loaded
|V| = 1992, |E| = 3176, |R| = 51
First clearance of the input. Calling buy_zero and run_all_heuristics.
  buy_zero: 0 zero edges in 7e-06 s
  handle_small_terminal_degrees: terms 0 in 1.9e-05 s
  handle_small_Steiner_degrees: steiner 6, suppress 4 in 1.2e-05 s
  shortest_edge_between_terminals: 0 edges in 2e-06 s
  handle_small_terminal_degrees: terms 0 in 5e-06 s
  handle_small_Steiner_degrees: steiner 0, suppress 1 in 8e-06 s
  shortest_edge_between_terminals: 0 edges in 2e-06 s
  handle_small_terminal_degrees: terms 0 in 4e-06 s
  handle_small_Steiner_degrees: steiner 0, suppress 0 in 6e-06 s
  shortest_edge_between_terminals: 0 edges in 1e-06 s
Compressed graph 1992 -> 1980
  delete_edges: deleted 191 edges in 0.00086 s and 2 rounds
  handle_small_terminal_degrees: terms 0 in 4e-06 s
  handle_small_Steiner_degrees: steiner 4, suppress 189 in 0.000106 s
  shortest_edge_between_terminals: 0 edges in 2e-06 s
  handle_small_terminal_degrees: terms 0 in 4e-06 s
  handle_small_Steiner_degrees: steiner 0, suppress 11 in 1.3e-05 s
  shortest_edge_between_terminals: 0 edges in 2e-06 s
  handle_small_terminal_degrees: terms 0 in 4e-06 s
  handle_small_Steiner_degrees: steiner 0, suppress 1 in 7e-06 s
  shortest_edge_between_terminals: 0 edges in 2e-06 s
  handle_small_terminal_degrees: terms 0 in 4e-06 s
  handle_small_Steiner_degrees: steiner 0, suppress 0 in 6e-06 s
  shortest_edge_between_terminals: 0 edges in 2e-06 s
Compressed graph 1980 -> 1775
  delete_edges_shortest_path: deleted 318 edges in 0.027722 s
  handle_small_terminal_degrees: terms 22 in 1.3e-05 s
  handle_small_Steiner_degrees: steiner 20, suppress 460 in 9.1e-05 s
  shortest_edge_between_terminals: 0 edges in 0 s
  handle_small_terminal_degrees: terms 6 in 4e-06 s
  handle_small_Steiner_degrees: steiner 0, suppress 12 in 6e-06 s
  shortest_edge_between_terminals: 0 edges in 1e-06 s
  handle_small_terminal_degrees: terms 0 in 1e-06 s
  handle_small_Steiner_degrees: steiner 0, suppress 1 in 3e-06 s
  shortest_edge_between_terminals: 0 edges in 1e-06 s
  handle_small_terminal_degrees: terms 0 in 1e-06 s
  handle_small_Steiner_degrees: steiner 0, suppress 0 in 3e-06 s
  shortest_edge_between_terminals: 0 edges in 0 s
Compressed graph 1775 -> 1254
  handle_small_terminal_degrees: terms 0 in 1e-06 s
  handle_small_Steiner_degrees: steiner 0, suppress 0 in 1e-06 s
  shortest_edge_between_terminals: 2 edges in 3e-06 s
  handle_small_terminal_degrees: terms 0 in 1e-06 s
  handle_small_Steiner_degrees: steiner 0, suppress 1 in 2e-06 s
  shortest_edge_between_terminals: 0 edges in 1e-06 s
  handle_small_terminal_degrees: terms 0 in 1e-06 s
  handle_small_Steiner_degrees: steiner 0, suppress 0 in 2e-06 s
  shortest_edge_between_terminals: 0 edges in 0 s
Compressed graph 1254 -> 1243
  delete_edges_shortest_path: deleted 50 edges in 0.007394 s
  handle_small_terminal_degrees: terms 2 in 2e-06 s
  handle_small_Steiner_degrees: steiner 0, suppress 91 in 2.4e-05 s
  shortest_edge_between_terminals: 0 edges in 1e-06 s
  handle_small_terminal_degrees: terms 0 in 1e-06 s
  handle_small_Steiner_degrees: steiner 0, suppress 1 in 2e-06 s
  shortest_edge_between_terminals: 0 edges in 1e-06 s
  handle_small_terminal_degrees: terms 0 in 1e-06 s
  handle_small_Steiner_degrees: steiner 0, suppress 0 in 2e-06 s
  shortest_edge_between_terminals: 0 edges in 1e-06 s
Compressed graph 1243 -> 1149
Compressed graph 1149 -> 1149
>>> save_orig_graph
>> Saved weight 5920157
### ZEL_LVL=9 PRECISE_STARS=1

Calling `contract_till_the_bitter_end`
|V| = 1149, |E| = 1740, |R| = 49
>> 221721 (439: 245 256 245) (0.001087 s)
>> 69162 (37: 240 242 240) (0.000997 s)
>> 0 (-1: -1 -1 -1) (0.000527 s)
Zelikovsky 0.15784 s
>> 221721 (439: 245 437 256) (0.149859 s)
>> 67148 (193: 255 272 264) (0.148716 s)
>> 54525 (37: 242 243 240) (0.148615 s)
>> 37525 (1128: 249 251 247) (0.148934 s)
>> 12679 (202: 249 255 253) (0.147996 s)
>> 11660 (214: 249 246 245) (0.147054 s)
>> 3352 (220: 242 249 244) (0.146727 s)
>> 2533 (172: 291 292 283) (0.148162 s)
>> 1633 (270: 242 276 269) (0.147172 s)
>> 1478 (838: 284 288 289) (0.146133 s)
>> 1104 (875: 873 298 297) (0.145422 s)
>> 1030 (150: 873 295 294) (0.144987 s)
>> 588 (174: 290 284 291) (0.144078 s)
>> 569 (790: 279 290 277) (0.143402 s)
>> 462 (724: 737 273 242) (0.142271 s)
>> 434 (258: 259 737 257) (0.142132 s)
>> 0 (-1: -1 -1 -1) (0.141796 s)
Zelikovsky- 2.4863 s
>>> get_solution
  refine_solution: new weight 14250468 (was 14250468) in 0.000293 s
>>> get_solution
  refine_solution: new weight 14454359 (was 14454359) in 0.000325 s
0,,1149,1740,49,,0,0,,14454359,14454359,14254291,14250468,14250468,,0,0,@@

  delete_edges: deleted 8 edges in 0.000119 s and 1 rounds
  handle_small_Steiner_degrees: steiner 0, suppress 14 in 6e-06 s
Starting round 1
Found 14 isolated vertices
Invalid ratios recomputed: 1135
Best ratio is 1545/1 (1545.0), centered at 296
Finding the best star... Star with 2 terminals centered in 296
round took: 0.043297 s
|V| = 1149, |E| = 1712, |R| = 48
>> 221721 (439: 245 256 245) (0.00101 s)
>> 69162 (37: 240 242 240) (0.000966 s)
>> 0 (-1: -1 -1 -1) (0.000511 s)
Zelikovsky 0.152659 s
>> 221721 (439: 245 437 256) (0.145228 s)
>> 67148 (193: 255 272 264) (0.143867 s)
>> 54525 (37: 242 243 240) (0.143654 s)
>> 37525 (1128: 249 251 247) (0.143953 s)
>> 12679 (202: 249 255 253) (0.143088 s)
>> 11660 (214: 249 246 245) (0.142378 s)
>> 3352 (220: 242 249 244) (0.141975 s)
>> 2533 (172: 291 292 283) (0.143409 s)
>> 1633 (270: 242 276 269) (0.142673 s)
>> 1478 (838: 284 288 289) (0.141618 s)
>> 1104 (875: 873 298 297) (0.141007 s)
>> 1030 (150: 873 295 294) (0.140378 s)
>> 588 (174: 290 284 291) (0.139554 s)
>> 569 (790: 279 290 277) (0.138972 s)
>> 462 (724: 737 273 242) (0.137745 s)
>> 434 (258: 259 737 257) (0.137553 s)
>> 0 (-1: -1 -1 -1) (0.137197 s)
Zelikovsky- 2.40711 s
>>> get_solution
  refine_solution: new weight 14250468 (was 14250468) in 0.00029 s
>>> get_solution
  refine_solution: new weight 14454359 (was 14454359) in 0.000288 s
1,,1135,1712,48,,1135,0,,14454359,14454359,14254291,14250468,14250468,,1545,2,@@

  handle_small_Steiner_degrees: steiner 0, suppress 2 in 3e-06 s
Starting round 2
Found 20 isolated vertices
Invalid ratios recomputed: 491
Best ratio is 2165/1 (2165.0), centered at 174
Finding the best star... Star with 2 terminals centered in 290
round took: 0.03024 s
|V| = 1149, |E| = 1706, |R| = 47
>> 221721 (439: 245 256 245) (0.00097 s)
>> 69162 (37: 240 242 240) (0.000927 s)
>> 0 (-1: -1 -1 -1) (0.000489 s)
Zelikovsky 0.149675 s
>> 221721 (439: 245 437 256) (0.143226 s)
>> 67148 (193: 255 272 264) (0.142124 s)
>> 54525 (37: 242 243 240) (0.141823 s)
>> 37525 (1128: 249 251 247) (0.141999 s)
>> 12679 (202: 249 255 253) (0.141195 s)
>> 11660 (214: 249 246 245) (0.140384 s)
>> 3352 (220: 242 249 244) (0.139923 s)
>> 1819 (172: 290 292 291) (0.141267 s)
>> 1633 (270: 242 276 269) (0.140687 s)
>> 1478 (838: 284 288 289) (0.139548 s)
>> 1104 (875: 873 298 297) (0.138979 s)
>> 1030 (150: 873 295 294) (0.138487 s)
>> 569 (790: 279 284 277) (0.137731 s)
>> 462 (724: 737 273 242) (0.1369 s)
>> 434 (258: 259 737 257) (0.136842 s)
>> 0 (-1: -1 -1 -1) (0.136193 s)
Zelikovsky- 2.23997 s
>>> get_solution
  refine_solution: new weight 14250468 (was 14250468) in 0.000291 s
>>> get_solution
  refine_solution: new weight 14454359 (was 14454359) in 0.00029 s
2,,1129,1706,47,,491,0,,14454359,14454359,14254291,14250468,14250468,,2165,2,@@

  handle_small_Steiner_degrees: steiner 0, suppress 0 in 2e-06 s
Starting round 3
Found 24 isolated vertices
Invalid ratios recomputed: 512
Best ratio is 2233/1 (2233.0), centered at 289
Finding the best star... Star with 2 terminals centered in 289
round took: 0.030422 s
|V| = 1149, |E| = 1700, |R| = 46
>> 221721 (439: 245 256 245) (0.000922 s)
>> 69162 (37: 240 242 240) (0.000874 s)
>> 0 (-1: -1 -1 -1) (0.00047 s)
Zelikovsky 0.147881 s
>> 221721 (439: 245 437 256) (0.141574 s)
>> 67148 (193: 255 272 264) (0.140447 s)
>> 54525 (37: 242 243 240) (0.14002 s)
>> 37525 (1128: 249 251 247) (0.140299 s)
>> 12679 (202: 249 255 253) (0.139604 s)
>> 11660 (214: 249 246 245) (0.139146 s)
>> 3352 (220: 242 249 244) (0.138369 s)
>> 1819 (172: 289 292 291) (0.140365 s)
>> 1633 (270: 242 276 269) (0.138772 s)
>> 1373 (838: 289 284 288) (0.138047 s)
>> 1104 (875: 873 298 297) (0.137572 s)
>> 1030 (150: 873 295 294) (0.137103 s)
>> 569 (790: 279 289 277) (0.136288 s)
>> 462 (724: 737 273 242) (0.135074 s)
>> 434 (258: 259 737 257) (0.134992 s)
>> 0 (-1: -1 -1 -1) (0.134745 s)
Zelikovsky- 2.2151 s
>>> get_solution
  refine_solution: new weight 14250468 (was 14250468) in 0.000293 s
>>> get_solution
  refine_solution: new weight 14454359 (was 14454359) in 0.000284 s
3,,1125,1700,46,,512,0,,14454359,14454359,14254291,14250468,14250468,,2233,2,@@

  handle_small_Steiner_degrees: steiner 0, suppress 1 in 3e-06 s
Starting round 4
Found 30 isolated vertices
Invalid ratios recomputed: 510
Best ratio is 4508/2 (2254.0), centered at 284
Finding the best star... Star with 3 terminals centered in 284
round took: 0.03006 s
|V| = 1149, |E| = 1693, |R| = 44
>> 221721 (439: 245 256 245) (0.00086 s)
>> 69162 (37: 240 242 240) (0.000808 s)
>> 0 (-1: -1 -1 -1) (0.000433 s)
Zelikovsky 0.144484 s
>> 221721 (439: 245 437 256) (0.13921 s)
>> 67148 (193: 255 272 264) (0.13801 s)
>> 54525 (37: 242 243 240) (0.137806 s)
>> 37525 (1128: 249 251 247) (0.138111 s)
>> 12679 (202: 249 255 253) (0.137318 s)
>> 11660 (214: 249 246 245) (0.13659 s)
>> 3352 (220: 242 249 244) (0.136269 s)
>> 1819 (172: 284 292 291) (0.13783 s)
>> 1633 (270: 242 276 269) (0.136972 s)
>> 1104 (875: 873 298 297) (0.136333 s)
>> 1030 (150: 873 295 294) (0.135876 s)
>> 569 (790: 279 284 277) (0.135043 s)
>> 462 (724: 737 273 242) (0.13381 s)
>> 434 (258: 259 737 257) (0.133775 s)
>> 0 (-1: -1 -1 -1) (0.133429 s)
Zelikovsky- 2.04888 s
>>> get_solution
  refine_solution: new weight 14250468 (was 14250468) in 0.000291 s
>>> get_solution
  refine_solution: new weight 14454359 (was 14454359) in 0.000292 s
4,,1119,1693,44,,510,0,,14454359,14454359,14254291,14250468,14250468,,4508,3,@@

  handle_small_Steiner_degrees: steiner 0, suppress 1 in 3e-06 s
Starting round 5
Found 36 isolated vertices
Invalid ratios recomputed: 508
Best ratio is 9231/3 (3077.0), centered at 296
Finding the best star... Star with 4 terminals centered in 296
round took: 0.029953 s
|V| = 1149, |E| = 1672, |R| = 41
>> 221721 (439: 245 256 245) (0.000754 s)
>> 69162 (37: 240 242 240) (0.000716 s)
>> 0 (-1: -1 -1 -1) (0.00038 s)
Zelikovsky 0.138827 s
>> 221721 (439: 245 437 256) (0.134344 s)
>> 67148 (193: 255 272 264) (0.133496 s)
>> 54525 (37: 242 243 240) (0.13319 s)
>> 37525 (1128: 249 251 247) (0.133409 s)
>> 12679 (202: 249 255 253) (0.132606 s)
>> 11660 (214: 249 246 245) (0.132025 s)
>> 3352 (220: 242 249 244) (0.131546 s)
>> 1819 (172: 284 292 291) (0.133394 s)
>> 1633 (270: 242 276 269) (0.132827 s)
>> 1030 (150: 296 295 294) (0.132253 s)
>> 569 (790: 279 284 277) (0.131322 s)
>> 462 (724: 737 273 242) (0.130408 s)
>> 434 (258: 259 737 257) (0.130344 s)
>> 0 (-1: -1 -1 -1) (0.13007 s)
Zelikovsky- 1.85357 s
>>> get_solution
  refine_solution: new weight 14250468 (was 14250468) in 0.000296 s
>>> get_solution
  refine_solution: new weight 14454359 (was 14454359) in 0.000284 s
5,,1113,1672,41,,508,0,,14454359,14454359,14254291,14250468,14250468,,9231,4,@@

  handle_small_Steiner_degrees: steiner 1, suppress 4 in 5e-06 s
Starting round 6
Found 55 isolated vertices
Invalid ratios recomputed: 479
Best ratio is 7456/2 (3728.0), centered at 65
Finding the best star... Star with 3 terminals centered in 284
round took: 0.028387 s
|V| = 1149, |E| = 1654, |R| = 39
>> 221721 (439: 245 256 245) (0.000707 s)
>> 69162 (37: 240 242 240) (0.00066 s)
>> 0 (-1: -1 -1 -1) (0.000352 s)
Zelikovsky 0.133488 s
>> 221721 (439: 245 437 256) (0.129781 s)
>> 67148 (193: 255 272 264) (0.128936 s)
>> 54525 (37: 242 243 240) (0.128912 s)
>> 37525 (1128: 249 251 247) (0.129246 s)
>> 12679 (202: 249 255 253) (0.128524 s)
>> 11660 (214: 249 246 245) (0.127833 s)
>> 3352 (220: 242 249 244) (0.127381 s)
>> 1633 (270: 242 276 269) (0.129054 s)
>> 1030 (150: 284 295 294) (0.128553 s)
>> 569 (790: 279 284 277) (0.127558 s)
>> 462 (724: 737 273 242) (0.126657 s)
>> 434 (258: 259 737 257) (0.126451 s)
>> 0 (-1: -1 -1 -1) (0.126457 s)
Zelikovsky- 1.66752 s
>>> get_solution
  refine_solution: new weight 14250340 (was 14250340) in 0.000293 s
>>> get_solution
  refine_solution: new weight 14454231 (was 14454231) in 0.000285 s
6,,1094,1654,39,,479,0,,14454231,14454231,14254163,14250340,14250340,,7456,3,@@

  handle_small_Steiner_degrees: steiner 0, suppress 1 in 3e-06 s
Starting round 7
Found 66 isolated vertices
Invalid ratios recomputed: 478
Best ratio is 3962/1 (3962.0), centered at 162
Finding the best star... Star with 2 terminals centered in 284
round took: 0.027813 s
|V| = 1149, |E| = 1650, |R| = 38
>> 221721 (439: 245 256 245) (0.000667 s)
>> 69162 (37: 240 242 240) (0.000631 s)
>> 0 (-1: -1 -1 -1) (0.000339 s)
Zelikovsky 0.131249 s
>> 221721 (439: 245 437 256) (0.128072 s)
>> 67148 (193: 255 272 264) (0.127063 s)
>> 54525 (37: 242 243 240) (0.127295 s)
>> 37525 (1128: 249 251 247) (0.127796 s)
>> 12679 (202: 249 255 253) (0.127337 s)
>> 11660 (214: 249 246 245) (0.128845 s)
>> 3352 (220: 242 249 244) (0.127611 s)
>> 1633 (270: 242 276 269) (0.12772 s)
>> 866 (150: 284 295 294) (0.127071 s)
>> 569 (790: 279 284 277) (0.126519 s)
>> 462 (724: 737 273 242) (0.125711 s)
>> 434 (258: 259 737 257) (0.125469 s)
>> 0 (-1: -1 -1 -1) (0.12536 s)
Zelikovsky- 1.65409 s
>>> get_solution
  refine_solution: new weight 14250340 (was 14250340) in 0.000305 s
>>> get_solution
  refine_solution: new weight 14454067 (was 14454067) in 0.000288 s
7,,1083,1650,38,,478,0,,14454067,14454067,14253999,14250340,14250340,,3962,2,@@

  handle_small_Steiner_degrees: steiner 0, suppress 0 in 2e-06 s
Starting round 8
Found 69 isolated vertices
Invalid ratios recomputed: 475
Best ratio is 7134/1 (7134.0), centered at 272
Finding the best star... Star with 2 terminals centered in 276
round took: 0.027937 s
|V| = 1149, |E| = 1647, |R| = 37
>> 221721 (439: 245 256 245) (0.000632 s)
>> 69162 (37: 240 242 240) (0.000588 s)
>> 0 (-1: -1 -1 -1) (0.000325 s)
Zelikovsky 0.130055 s
>> 221721 (439: 245 437 256) (0.127196 s)
>> 67148 (193: 255 276 264) (0.126185 s)
>> 54525 (37: 242 243 240) (0.126173 s)
>> 37525 (1128: 249 251 247) (0.126683 s)
>> 12679 (202: 249 255 253) (0.126334 s)
>> 11660 (214: 249 246 245) (0.125432 s)
>> 3352 (220: 242 249 244) (0.125129 s)
>> 866 (150: 284 295 294) (0.126636 s)
>> 569 (790: 279 284 277) (0.126329 s)
>> 462 (724: 737 273 242) (0.125545 s)
>> 434 (258: 259 737 257) (0.125096 s)
>> 0 (-1: -1 -1 -1) (0.12496 s)
Zelikovsky- 1.51372 s
>>> get_solution
  refine_solution: new weight 14250436 (was 14250436) in 0.00029 s
>>> get_solution
  refine_solution: new weight 14452266 (was 14452266) in 0.000285 s
8,,1080,1647,37,,475,0,,14452266,14452266,14252198,14250436,14250436,,7134,2,@@

  handle_small_Steiner_degrees: steiner 0, suppress 0 in 2e-06 s
Starting round 9
Found 72 isolated vertices
Invalid ratios recomputed: 519
Best ratio is 9601/1 (9601.0), centered at 276
Finding the best star... Star with 2 terminals centered in 276
round took: 0.03084 s
|V| = 1149, |E| = 1640, |R| = 36
>> 221721 (439: 245 256 245) (0.000611 s)
>> 69162 (37: 240 242 240) (0.00057 s)
>> 0 (-1: -1 -1 -1) (0.000315 s)
Zelikovsky 0.12787 s
>> 221721 (439: 245 437 256) (0.125299 s)
>> 67148 (193: 255 276 264) (0.124356 s)
>> 54525 (37: 242 243 240) (0.124109 s)
>> 37525 (1128: 249 251 247) (0.124498 s)
>> 12679 (202: 249 255 253) (0.123887 s)
>> 11660 (214: 249 246 245) (0.123676 s)
>> 3352 (220: 242 249 244) (0.123828 s)
>> 866 (150: 284 295 294) (0.125201 s)
>> 569 (790: 279 284 277) (0.12474 s)
>> 434 (258: 259 257 242) (0.124188 s)
>> 0 (-1: -1 -1 -1) (0.1239 s)
Zelikovsky- 1.36956 s
>>> get_solution
  refine_solution: new weight 14250436 (was 14250436) in 0.000294 s
>>> get_solution
  refine_solution: new weight 14451804 (was 14451804) in 0.00029 s
9,,1077,1640,36,,519,0,,14451804,14451804,14251736,14250436,14250436,,9601,2,@@

  handle_small_Steiner_degrees: steiner 0, suppress 1 in 3e-06 s
Starting round 10
Found 79 isolated vertices
Invalid ratios recomputed: 526
Best ratio is 10308/1 (10308.0), centered at 277
Finding the best star... Star with 2 terminals centered in 277
round took: 0.031387 s
|V| = 1149, |E| = 1631, |R| = 35
>> 221721 (439: 245 256 245) (0.000576 s)
>> 69162 (37: 240 242 240) (0.000533 s)
>> 0 (-1: -1 -1 -1) (0.000303 s)
Zelikovsky 0.125315 s
>> 221721 (439: 245 437 256) (0.123037 s)
>> 67148 (193: 255 276 264) (0.122306 s)
>> 54525 (37: 242 243 240) (0.121923 s)
>> 37525 (1128: 249 251 247) (0.12241 s)
>> 12679 (202: 249 255 253) (0.121872 s)
>> 11660 (214: 249 246 245) (0.121454 s)
>> 3352 (220: 242 249 244) (0.121546 s)
>> 866 (150: 284 295 294) (0.1228 s)
>> 434 (258: 259 257 242) (0.122397 s)
>> 0 (-1: -1 -1 -1) (0.122163 s)
Zelikovsky- 1.22362 s
>>> get_solution
  refine_solution: new weight 14250436 (was 14250436) in 0.000294 s
>>> get_solution
  refine_solution: new weight 14451804 (was 14451804) in 0.00029 s
10,,1070,1631,35,,526,0,,14451804,14451804,14251736,14250436,14250436,,10308,2,@@

  handle_small_Steiner_degrees: steiner 0, suppress 0 in 2e-06 s
Starting round 11
Found 86 isolated vertices
Invalid ratios recomputed: 592
Best ratio is 10710/1 (10710.0), centered at 277
Finding the best star... Star with 2 terminals centered in 277
round took: 0.031392 s
|V| = 1149, |E| = 1626, |R| = 34
>> 221721 (439: 245 256 245) (0.000556 s)
>> 69162 (37: 240 242 240) (0.000516 s)
>> 0 (-1: -1 -1 -1) (0.00029 s)
Zelikovsky 0.123733 s
>> 221721 (439: 245 437 256) (0.121673 s)
>> 67148 (193: 255 276 264) (0.121042 s)
>> 54525 (37: 242 243 240) (0.120649 s)
>> 37525 (1128: 249 251 247) (0.121129 s)
>> 12679 (202: 249 255 253) (0.120584 s)
>> 11660 (214: 249 246 245) (0.120289 s)
>> 3352 (220: 242 249 244) (0.120285 s)
>> 866 (150: 277 295 294) (0.121563 s)
>> 434 (258: 259 257 242) (0.121196 s)
>> 0 (-1: -1 -1 -1) (0.121004 s)
Zelikovsky- 1.21113 s
>>> get_solution
  refine_solution: new weight 14250436 (was 14250436) in 0.000668 s
>>> get_solution
  refine_solution: new weight 14451804 (was 14451804) in 0.000648 s
11,,1063,1626,34,,592,0,,14451804,14451804,14251736,14250436,14250436,,10710,2,@@

  handle_small_Steiner_degrees: steiner 0, suppress 1 in 6e-06 s
Starting round 12
Found 91 isolated vertices
Invalid ratios recomputed: 587
Best ratio is 10791/1 (10791.0), centered at 256
Finding the best star... Star with 2 terminals centered in 256
round took: 0.038632 s
|V| = 1149, |E| = 1615, |R| = 33
>> 218764 (439: 245 256 245) (0.000534 s)
>> 96558 (37: 240 242 240) (0.000511 s)
>> 0 (-1: -1 -1 -1) (0.000276 s)
Zelikovsky 0.121261 s
>> 218764 (439: 245 437 256) (0.119247 s)
>> 67148 (193: 255 276 264) (0.11837 s)
>> 54525 (37: 242 243 240) (0.118083 s)
>> 37525 (1128: 249 251 247) (0.118553 s)
>> 12679 (202: 249 255 253) (0.118225 s)
>> 11660 (214: 249 246 245) (0.118115 s)
>> 3352 (220: 242 249 244) (0.118417 s)
>> 866 (150: 277 295 294) (0.119702 s)
>> 0 (-1: -1 -1 -1) (0.119184 s)
Zelikovsky- 1.06945 s
>>> get_solution
  refine_solution: new weight 14251370 (was 14251370) in 0.000292 s
>>> get_solution
  refine_solution: new weight 14452304 (was 14452304) in 0.000288 s
12,,1058,1615,33,,587,0,,14452304,14452304,14252236,14251370,14251370,,10791,2,@@

  handle_small_Steiner_degrees: steiner 0, suppress 2 in 4e-06 s
Starting round 13
Found 100 isolated vertices
Invalid ratios recomputed: 319
Best ratio is 11968/1 (11968.0), centered at 248
Finding the best star... Star with 2 terminals centered in 249
round took: 0.0208 s
|V| = 1149, |E| = 1606, |R| = 32
>> 218764 (439: 245 256 245) (0.000506 s)
>> 96558 (37: 240 242 240) (0.000475 s)
>> 0 (-1: -1 -1 -1) (0.00027 s)
Zelikovsky 0.118938 s
>> 218764 (439: 245 437 256) (0.117458 s)
>> 67148 (193: 255 276 264) (0.116601 s)
>> 54525 (37: 242 243 240) (0.116212 s)
>> 36855 (1128: 249 251 247) (0.116651 s)
>> 12679 (202: 249 255 253) (0.116452 s)
>> 8558 (214: 249 246 245) (0.115989 s)
>> 3352 (220: 242 249 244) (0.116569 s)
>> 866 (150: 277 295 294) (0.117656 s)
>> 0 (-1: -1 -1 -1) (0.117241 s)
Zelikovsky- 1.05237 s
>>> get_solution
  refine_solution: new weight 14251370 (was 14251370) in 0.000291 s
>>> get_solution
  refine_solution: new weight 14452304 (was 14452304) in 0.00029 s
13,,1049,1606,32,,319,0,,14452304,14452304,14252236,14251370,14251370,,11968,2,@@

  handle_small_Steiner_degrees: steiner 0, suppress 2 in 3e-06 s
Starting round 14
Found 108 isolated vertices
Invalid ratios recomputed: 564
Best ratio is 26629/1 (26629.0), centered at 276
Finding the best star... Star with 2 terminals centered in 276
round took: 0.033426 s
|V| = 1149, |E| = 1593, |R| = 31
>> 218764 (439: 245 256 245) (0.000487 s)
>> 96558 (37: 240 242 240) (0.000456 s)
>> 0 (-1: -1 -1 -1) (0.000255 s)
Zelikovsky 0.11577 s
>> 218764 (439: 245 437 256) (0.114613 s)
>> 67148 (193: 255 276 264) (0.113784 s)
>> 54525 (37: 242 243 240) (0.113874 s)
>> 36855 (1128: 249 251 247) (0.114408 s)
>> 12679 (202: 249 255 253) (0.114246 s)
>> 8558 (214: 249 246 245) (0.114638 s)
>> 3352 (220: 242 249 244) (0.11571 s)
>> 866 (150: 242 295 294) (0.117086 s)
>> 0 (-1: -1 -1 -1) (0.116584 s)
Zelikovsky- 1.03648 s
>>> get_solution
  refine_solution: new weight 14251370 (was 14251370) in 0.000292 s
>>> get_solution
  refine_solution: new weight 14452304 (was 14452304) in 0.000292 s
14,,1041,1593,31,,564,0,,14452304,14452304,14252236,14251370,14251370,,26629,2,@@

  handle_small_Steiner_degrees: steiner 0, suppress 2 in 4e-06 s
Starting round 15
Found 118 isolated vertices
Invalid ratios recomputed: 776
Best ratio is 29472/1 (29472.0), centered at 114
Finding the best star... Star with 2 terminals centered in 242
round took: 0.065125 s
|V| = 1149, |E| = 1574, |R| = 30
>> 218764 (439: 245 256 245) (0.000448 s)
>> 96558 (37: 240 242 240) (0.000429 s)
>> 0 (-1: -1 -1 -1) (0.000246 s)
Zelikovsky 0.112337 s
>> 218764 (439: 245 437 256) (0.111502 s)
>> 67148 (193: 255 276 264) (0.11066 s)
>> 54525 (37: 242 243 240) (0.110487 s)
>> 36855 (1128: 249 251 247) (0.110966 s)
>> 12679 (202: 249 255 253) (0.110916 s)
>> 8558 (214: 249 246 245) (0.110913 s)
>> 866 (150: 249 295 294) (0.112159 s)
>> 0 (-1: -1 -1 -1) (0.111606 s)
Zelikovsky- 0.890596 s
>>> get_solution
  refine_solution: new weight 14251370 (was 14251370) in 0.000292 s
>>> get_solution
  refine_solution: new weight 14452304 (was 14452304) in 0.000288 s
15,,1031,1574,30,,776,0,,14452304,14452304,14252236,14251370,14251370,,29472,2,@@

  handle_small_Steiner_degrees: steiner 0, suppress 4 in 5e-06 s
Starting round 16
Found 135 isolated vertices
Invalid ratios recomputed: 742
Best ratio is 117898/2 (58949.0), centered at 206
Finding the best star... Star with 3 terminals centered in 251
round took: 0.06131 s
|V| = 1149, |E| = 1549, |R| = 28
>> 218764 (439: 245 256 245) (0.000409 s)
>> 96558 (37: 240 242 240) (0.000391 s)
>> 0 (-1: -1 -1 -1) (0.000223 s)
Zelikovsky 0.107237 s
>> 218764 (439: 245 437 256) (0.106577 s)
>> 67148 (193: 255 276 264) (0.106022 s)
>> 54525 (37: 242 243 240) (0.10564 s)
>> 12679 (202: 251 255 253) (0.106406 s)
>> 8558 (214: 251 246 245) (0.106517 s)
>> 866 (150: 251 295 294) (0.107637 s)
>> 0 (-1: -1 -1 -1) (0.107101 s)
Zelikovsky- 0.747144 s
>>> get_solution
  refine_solution: new weight 14251370 (was 14251370) in 0.000297 s
>>> get_solution
  refine_solution: new weight 14452304 (was 14452304) in 0.000288 s
16,,1014,1549,28,,742,0,,14452304,14452304,14252236,14251370,14251370,,117898,3,@@

  delete_edges: deleted 14 edges in 0.000783 s and 8 rounds
  handle_small_Steiner_degrees: steiner 2, suppress 19 in 1.2e-05 s
Starting round 17
Found 173 isolated vertices
Invalid ratios recomputed: 957
Best ratio is 64924/1 (64924.0), centered at 74
Finding the best star... Star with 2 terminals centered in 255
round took: 0.070519 s
|V| = 1149, |E| = 1492, |R| = 27
>> 218764 (439: 245 256 245) (0.000378 s)
>> 96558 (37: 240 242 240) (0.000354 s)
>> 0 (-1: -1 -1 -1) (0.000223 s)
Zelikovsky 0.099216 s
>> 218764 (439: 245 437 256) (0.098574 s)
>> 65444 (193: 255 276 264) (0.097754 s)
>> 54525 (37: 242 243 240) (0.09821 s)
>> 8558 (214: 255 246 245) (0.098886 s)
>> 866 (150: 255 295 294) (0.099648 s)
>> 0 (-1: -1 -1 -1) (0.09918 s)
Zelikovsky- 0.593325 s
>>> get_solution
  refine_solution: new weight 14253127 (was 14253127) in 0.000295 s
>>> get_solution
  refine_solution: new weight 14454061 (was 14454061) in 0.000291 s
17,,976,1492,27,,957,0,,14454061,14454061,14253993,14253127,14253127,,64924,2,@@

  handle_small_Steiner_degrees: steiner 0, suppress 4 in 5e-06 s
Starting round 18
Found 193 isolated vertices
Invalid ratios recomputed: 950
Best ratio is 126480/1 (126480.0), centered at 214
Finding the best star... Star with 2 terminals centered in 437
round took: 0.072207 s
|V| = 1149, |E| = 1468, |R| = 26
>> 218764 (439: 245 256 245) (0.000358 s)
>> 96558 (37: 240 242 240) (0.000328 s)
>> 0 (-1: -1 -1 -1) (0.000202 s)
Zelikovsky 0.096809 s
>> 218764 (439: 245 437 256) (0.095044 s)
>> 65444 (193: 245 276 264) (0.093641 s)
>> 54525 (37: 242 243 240) (0.09533 s)
>> 866 (150: 245 295 294) (0.095893 s)
>> 0 (-1: -1 -1 -1) (0.095085 s)
Zelikovsky- 0.47593 s
>>> get_solution
  refine_solution: new weight 14253127 (was 14253127) in 0.000295 s
>>> get_solution
  refine_solution: new weight 14454061 (was 14454061) in 0.000296 s
18,,956,1468,26,,950,0,,14454061,14454061,14253993,14253127,14253127,,126480,2,@@

  handle_small_Steiner_degrees: steiner 0, suppress 2 in 4e-06 s
Starting round 19
Found 210 isolated vertices
Invalid ratios recomputed: 935
Best ratio is 130209/1 (130209.0), centered at 15
Finding the best star... Star with 2 terminals centered in 437
round took: 0.069581 s
|V| = 1149, |E| = 1448, |R| = 25
>> 241171 (439: 245 256 245) (0.000334 s)
>> 96558 (37: 240 243 240) (0.000312 s)
>> 0 (-1: -1 -1 -1) (0.000193 s)
Zelikovsky 0.09252 s
>> 241171 (439: 245 437 256) (0.092151 s)
>> 65444 (193: 245 276 264) (0.091068 s)
>> 54525 (37: 245 243 240) (0.092623 s)
>> 866 (150: 245 295 294) (0.09403 s)
>> 0 (-1: -1 -1 -1) (0.093766 s)
Zelikovsky- 0.464562 s
>>> get_solution
  refine_solution: new weight 14253127 (was 14253127) in 0.000294 s
>>> get_solution
  refine_solution: new weight 14454061 (was 14454061) in 0.000292 s
19,,939,1448,25,,935,0,,14454061,14454061,14253993,14253127,14253127,,130209,2,@@

  handle_small_Steiner_degrees: steiner 3, suppress 0 in 4e-06 s
Starting round 20
Found 225 isolated vertices
Invalid ratios recomputed: 920
Best ratio is 314084/2 (157042.0), centered at 3
Finding the best star... Star with 3 terminals centered in 276
round took: 0.077073 s
|V| = 1149, |E| = 1380, |R| = 23
>> 241171 (439: 245 256 245) (0.00031 s)
>> 96558 (37: 240 243 240) (0.00028 s)
>> 0 (-1: -1 -1 -1) (0.000177 s)
Zelikovsky 0.082614 s
>> 241171 (439: 245 276 256) (0.080713 s)
>> 54525 (37: 245 243 240) (0.081403 s)
>> 866 (150: 245 295 294) (0.083221 s)
>> 0 (-1: -1 -1 -1) (0.082987 s)
Zelikovsky- 0.329116 s
>>> get_solution
  refine_solution: new weight 14221324 (was 14221324) in 0.000305 s
>>> get_solution
  refine_solution: new weight 14422258 (was 14422258) in 0.000294 s
20,,924,1380,23,,920,0,,14422258,14422258,14222190,14221324,14221324,,314084,3,@@

  handle_small_Steiner_degrees: steiner 1, suppress 7 in 1.5e-05 s
Starting round 21
Found 286 isolated vertices
Invalid ratios recomputed: 859
Best ratio is 161421/1 (161421.0), centered at 192
Finding the best star... Star with 2 terminals centered in 264
round took: 0.052317 s
|V| = 1149, |E| = 1368, |R| = 22
>> 241171 (439: 245 256 245) (0.000282 s)
>> 96558 (37: 240 243 240) (0.000268 s)
>> 0 (-1: -1 -1 -1) (0.000167 s)
Zelikovsky 0.080725 s
>> 241171 (439: 245 264 256) (0.078652 s)
>> 54525 (37: 245 243 240) (0.079188 s)
>> 866 (150: 245 295 294) (0.081068 s)
>> 0 (-1: -1 -1 -1) (0.080702 s)
Zelikovsky- 0.320386 s
>>> get_solution
  refine_solution: new weight 14221324 (was 14221324) in 0.000304 s
>>> get_solution
  refine_solution: new weight 14422258 (was 14422258) in 0.000291 s
21,,863,1368,22,,859,0,,14422258,14422258,14222190,14221324,14221324,,161421,2,@@

  handle_small_Steiner_degrees: steiner 0, suppress 0 in 2e-06 s
Starting round 22
Found 288 isolated vertices
Invalid ratios recomputed: 857
Best ratio is 178147/1 (178147.0), centered at 143
Finding the best star... Star with 2 terminals centered in 273
round took: 0.053278 s
|V| = 1149, |E| = 1355, |R| = 21
>> 241171 (439: 245 256 245) (0.000272 s)
>> 96558 (37: 240 243 240) (0.000246 s)
>> 0 (-1: -1 -1 -1) (0.000161 s)
Zelikovsky 0.077219 s
>> 241171 (439: 245 273 256) (0.076832 s)
>> 54525 (37: 245 243 240) (0.077433 s)
>> 866 (150: 245 295 294) (0.079071 s)
>> 0 (-1: -1 -1 -1) (0.078872 s)
Zelikovsky- 0.312976 s
>>> get_solution
  refine_solution: new weight 14221324 (was 14221324) in 0.000304 s
>>> get_solution
  refine_solution: new weight 14422258 (was 14422258) in 0.000293 s
22,,861,1355,21,,857,0,,14422258,14422258,14222190,14221324,14221324,,178147,2,@@

  handle_small_Steiner_degrees: steiner 1, suppress 3 in 8e-06 s
Starting round 23
Found 301 isolated vertices
Invalid ratios recomputed: 844
Best ratio is 196375/1 (196375.0), centered at 20
Finding the best star... Star with 2 terminals centered in 240
round took: 0.052314 s
|V| = 1149, |E| = 1332, |R| = 20
>> 241171 (439: 240 245 240) (0.000256 s)
>> 0 (-1: -1 -1 -1) (0.00016 s)
Zelikovsky 0.072909 s
>> 241171 (439: 245 256 240) (0.073173 s)
>> 866 (150: 245 295 294) (0.074597 s)
>> 0 (-1: -1 -1 -1) (0.074436 s)
Zelikovsky- 0.222848 s
>>> get_solution
  refine_solution: new weight 14221324 (was 14221324) in 0.000309 s
>>> get_solution
  refine_solution: new weight 14422258 (was 14422258) in 0.000289 s
23,,848,1332,20,,844,0,,14422258,14422258,14222190,14221324,14221324,,196375,2,@@

  handle_small_Steiner_degrees: steiner 0, suppress 3 in 5e-06 s
Starting round 24
Found 319 isolated vertices
Invalid ratios recomputed: 826
Best ratio is 230297/1 (230297.0), centered at 240
Finding the best star... Star with 2 terminals centered in 250
round took: 0.048371 s
|V| = 1149, |E| = 1325, |R| = 19
>> 241171 (439: 245 250 245) (0.000236 s)
>> 52732 (681: 252 256 252) (0.00022 s)
>> 0 (-1: -1 -1 -1) (0.000198 s)
Zelikovsky 0.071604 s
>> 241171 (439: 245 256 250) (0.072271 s)
>> 866 (150: 245 295 294) (0.073886 s)
>> 0 (-1: -1 -1 -1) (0.073336 s)
Zelikovsky- 0.22013 s
>>> get_solution
  refine_solution: new weight 14221324 (was 14221324) in 0.000303 s
>>> get_solution
  refine_solution: new weight 14422258 (was 14422258) in 0.000294 s
24,,830,1325,19,,826,0,,14422258,14422258,14222190,14221324,14221324,,230297,2,@@

  handle_small_Steiner_degrees: steiner 1, suppress 2 in 6e-06 s
Starting round 25
Found 323 isolated vertices
Invalid ratios recomputed: 822
Best ratio is 242592/1 (242592.0), centered at 246
Finding the best star... Star with 2 terminals centered in 246
round took: 0.048223 s
|V| = 1149, |E| = 1319, |R| = 18
>> 241171 (439: 245 246 245) (0.000222 s)
>> 52732 (681: 252 256 252) (0.000214 s)
>> 0 (-1: -1 -1 -1) (0.00019 s)
Zelikovsky 0.070518 s
>> 241171 (439: 245 256 246) (0.071224 s)
>> 866 (150: 245 295 294) (0.072842 s)
>> 0 (-1: -1 -1 -1) (0.072527 s)
Zelikovsky- 0.217227 s
>>> get_solution
  refine_solution: new weight 14221324 (was 14221324) in 0.000303 s
>>> get_solution
  refine_solution: new weight 14422258 (was 14422258) in 0.000296 s
25,,826,1319,18,,822,0,,14422258,14422258,14222190,14221324,14221324,,242592,2,@@

  handle_small_Steiner_degrees: steiner 0, suppress 2 in 5e-06 s
Starting round 26
Found 326 isolated vertices
Invalid ratios recomputed: 819
Best ratio is 246164/1 (246164.0), centered at 246
Finding the best star... Star with 2 terminals centered in 253
round took: 0.048247 s
|V| = 1149, |E| = 1315, |R| = 17
>> 241171 (439: 245 253 245) (0.000211 s)
>> 52732 (681: 252 256 252) (0.000199 s)
>> 0 (-1: -1 -1 -1) (0.000419 s)
Zelikovsky 0.070738 s
>> 241171 (439: 245 256 253) (0.07623 s)
>> 866 (150: 245 295 294) (0.072104 s)
>> 0 (-1: -1 -1 -1) (0.072195 s)
Zelikovsky- 0.221491 s
>>> get_solution
  refine_solution: new weight 14221324 (was 14221324) in 0.000301 s
>>> get_solution
  refine_solution: new weight 14422258 (was 14422258) in 0.000296 s
26,,823,1315,17,,819,0,,14422258,14422258,14222190,14221324,14221324,,246164,2,@@

  handle_small_Steiner_degrees: steiner 0, suppress 0 in 2e-06 s
Starting round 27
Found 327 isolated vertices
Invalid ratios recomputed: 818
Best ratio is 257736/1 (257736.0), centered at 253
Finding the best star... Star with 2 terminals centered in 280
round took: 0.049277 s
|V| = 1149, |E| = 1307, |R| = 16
>> 200068 (439: 245 256 245) (0.000197 s)
>> 866 (150: 280 294 280) (0.000182 s)
>> 0 (-1: -1 -1 -1) (0.000163 s)
Zelikovsky 0.068836 s
>> 200068 (439: 245 280 256) (0.06937 s)
>> 866 (150: 245 295 294) (0.070836 s)
>> 0 (-1: -1 -1 -1) (0.070682 s)
Zelikovsky- 0.211525 s
>>> get_solution
  refine_solution: new weight 14221324 (was 14221324) in 0.000299 s
>>> get_solution
  refine_solution: new weight 14422258 (was 14422258) in 0.000292 s
27,,822,1307,16,,818,0,,14422258,14422258,14221324,14221324,14221324,,257736,2,@@

  handle_small_Steiner_degrees: steiner 1, suppress 1 in 3e-06 s
Starting round 28
Found 335 isolated vertices
Invalid ratios recomputed: 810
Best ratio is 548145/2 (274072.5), centered at 198
Finding the best star... Star with 3 terminals centered in 252
round took: 0.046812 s
|V| = 1149, |E| = 1287, |R| = 14
>> 200068 (439: 245 252 245) (0.000176 s)
>> 866 (150: 280 294 280) (0.000165 s)
>> 0 (-1: -1 -1 -1) (0.00015 s)
Zelikovsky 0.066074 s
>> 200068 (439: 252 280 245) (0.066813 s)
>> 866 (150: 252 295 294) (0.068026 s)
>> 0 (-1: -1 -1 -1) (0.067892 s)
Zelikovsky- 0.203353 s
>>> get_solution
  refine_solution: new weight 14206403 (was 14206403) in 0.000298 s
>>> get_solution
  refine_solution: new weight 14407337 (was 14407337) in 0.000293 s
28,,814,1287,14,,810,0,,14407337,14407337,14206403,14206403,14206403,,548145,3,@@

  handle_small_Steiner_degrees: steiner 0, suppress 6 in 5e-06 s
Starting round 29
Found 354 isolated vertices
Invalid ratios recomputed: 428
Best ratio is 280037/1 (280037.0), centered at 185
Finding the best star... Star with 2 terminals centered in 268
round took: 0.023937 s
|V| = 1149, |E| = 1269, |R| = 13
>> 200068 (439: 245 252 245) (0.000167 s)
>> 866 (150: 268 294 268) (0.000154 s)
>> 0 (-1: -1 -1 -1) (0.00014 s)
Zelikovsky 0.063628 s
>> 200068 (439: 252 268 245) (0.064251 s)
>> 866 (150: 252 295 294) (0.065419 s)
>> 0 (-1: -1 -1 -1) (0.065185 s)
Zelikovsky- 0.195471 s
>>> get_solution
  refine_solution: new weight 14206403 (was 14206403) in 0.000298 s
>>> get_solution
  refine_solution: new weight 14407337 (was 14407337) in 0.000289 s
29,,795,1269,13,,428,0,,14407337,14407337,14206403,14206403,14206403,,280037,2,@@

  handle_small_Steiner_degrees: steiner 1, suppress 2 in 9e-06 s
Starting round 30
Found 364 isolated vertices
Invalid ratios recomputed: 767
Best ratio is 299286/1 (299286.0), centered at 252
Finding the best star... Star with 2 terminals centered in 252
round took: 0.043863 s
|V| = 1149, |E| = 1262, |R| = 12
>> 200068 (439: 245 252 245) (0.00016 s)
>> 866 (150: 268 294 268) (0.00015 s)
>> 28815 (222: 243 265 243) (0.000135 s)
>> 0 (-1: -1 -1 -1) (0.000112 s)
Zelikovsky 0.062708 s
>> 200068 (439: 252 268 245) (0.063254 s)
>> 866 (150: 252 295 294) (0.064272 s)
>> 0 (-1: -1 -1 -1) (0.063961 s)
Zelikovsky- 0.192096 s
>>> get_solution
  refine_solution: new weight 14206403 (was 14206403) in 0.000298 s
>>> get_solution
  refine_solution: new weight 14407337 (was 14407337) in 0.00029 s
30,,785,1262,12,,767,0,,14407337,14407337,14206403,14206403,14206403,,299286,2,@@

  handle_small_Steiner_degrees: steiner 0, suppress 2 in 2e-06 s
Starting round 31
Found 368 isolated vertices
Invalid ratios recomputed: 712
Best ratio is 306770/1 (306770.0), centered at 268
Finding the best star... Star with 2 terminals centered in 268
round took: 0.054133 s
|V| = 1149, |E| = 1256, |R| = 11
>> 200068 (439: 245 252 245) (0.000154 s)
>> 866 (150: 268 294 268) (0.000142 s)
>> 27814 (222: 243 265 243) (0.000129 s)
>> 0 (-1: -1 -1 -1) (0.000109 s)
Zelikovsky 0.061965 s
>> 200068 (439: 252 268 245) (0.062506 s)
>> 866 (150: 252 295 294) (0.063527 s)
>> 0 (-1: -1 -1 -1) (0.063325 s)
Zelikovsky- 0.189967 s
>>> get_solution
  refine_solution: new weight 14206403 (was 14206403) in 0.000298 s
>>> get_solution
  refine_solution: new weight 14407337 (was 14407337) in 0.000289 s
31,,781,1256,11,,712,0,,14407337,14407337,14206403,14206403,14206403,,306770,2,@@

  handle_small_Steiner_degrees: steiner 0, suppress 2 in 6e-06 s
Starting round 32
Found 372 isolated vertices
Invalid ratios recomputed: 777
Best ratio is 308465/1 (308465.0), centered at 150
Finding the best star... Star with 2 terminals centered in 295
round took: 0.057335 s
|V| = 1149, |E| = 1246, |R| = 10
>> 200068 (439: 245 252 245) (0.000146 s)
>> 0 (-1: -1 -1 -1) (0.000134 s)
Zelikovsky 0.060232 s
>> 200068 (439: 252 295 245) (0.061419 s)
>> 0 (-1: -1 -1 -1) (0.062216 s)
Zelikovsky- 0.124144 s
>>> get_solution
  refine_solution: new weight 14206403 (was 14206403) in 0.000299 s
>>> get_solution
  refine_solution: new weight 14406471 (was 14406471) in 0.000293 s
32,,777,1246,10,,777,0,,14406471,14406471,14206403,14206403,14206403,,308465,2,@@

  handle_small_Steiner_degrees: steiner 0, suppress 2 in 5e-06 s
Starting round 33
Found 379 isolated vertices
Invalid ratios recomputed: 770
Best ratio is 326104/1 (326104.0), centered at 244
Finding the best star... Star with 2 terminals centered in 244
round took: 0.055769 s
|V| = 1149, |E| = 1242, |R| = 9
>> 200068 (439: 244 245 244) (0.00015 s)
>> 0 (-1: -1 -1 -1) (0.000127 s)
Zelikovsky 0.059364 s
>> 200068 (439: 252 245 244) (0.060715 s)
>> 0 (-1: -1 -1 -1) (0.061643 s)
Zelikovsky- 0.122856 s
>>> get_solution
  refine_solution: new weight 14206403 (was 14206403) in 0.000299 s
>>> get_solution
  refine_solution: new weight 14406471 (was 14406471) in 0.000289 s
33,,770,1242,9,,770,0,,14406471,14406471,14206403,14206403,14206403,,326104,2,@@

  handle_small_Steiner_degrees: steiner 0, suppress 1 in 4e-06 s
Starting round 34
Found 381 isolated vertices
Invalid ratios recomputed: 768
Best ratio is 326397/1 (326397.0), centered at 154
Finding the best star... Star with 2 terminals centered in 294
round took: 0.055587 s
|V| = 1149, |E| = 1234, |R| = 8
>> 200068 (439: 245 252 245) (0.000133 s)
>> 0 (-1: -1 -1 -1) (0.000122 s)
Zelikovsky 0.058284 s
>> 200068 (439: 252 294 245) (0.059372 s)
>> 0 (-1: -1 -1 -1) (0.060371 s)
Zelikovsky- 0.120234 s
>>> get_solution
  refine_solution: new weight 14206403 (was 14206403) in 0.000298 s
>>> get_solution
  refine_solution: new weight 14406471 (was 14406471) in 0.0003 s
34,,768,1234,8,,768,0,,14406471,14406471,14206403,14206403,14206403,,326397,2,@@

  handle_small_Steiner_degrees: steiner 0, suppress 2 in 4e-06 s
Starting round 35
Found 388 isolated vertices
Invalid ratios recomputed: 761
Best ratio is 357421/1 (357421.0), centered at 260
Finding the best star... Star with 2 terminals centered in 260
round took: 0.054548 s
|V| = 1149, |E| = 1223, |R| = 7
>> 200068 (439: 245 252 245) (0.000129 s)
>> 0 (-1: -1 -1 -1) (0.000118 s)
Zelikovsky 0.057084 s
>> 200068 (439: 252 260 245) (0.058089 s)
>> 0 (-1: -1 -1 -1) (0.059222 s)
Zelikovsky- 0.117804 s
>>> get_solution
  refine_solution: new weight 14206403 (was 14206403) in 0.000299 s
>>> get_solution
  refine_solution: new weight 14406471 (was 14406471) in 0.000291 s
35,,761,1223,7,,761,0,,14406471,14406471,14206403,14206403,14206403,,357421,2,@@

  handle_small_Steiner_degrees: steiner 0, suppress 5 in 8e-06 s
Starting round 36
Found 398 isolated vertices
Invalid ratios recomputed: 751
Best ratio is 391419/1 (391419.0), centered at 171
Finding the best star... Star with 2 terminals centered in 292
round took: 0.054203 s
|V| = 1149, |E| = 1213, |R| = 6
>> 200068 (439: 245 252 245) (0.000123 s)
>> 0 (-1: -1 -1 -1) (0.000112 s)
Zelikovsky 0.055875 s
>> 200068 (439: 252 292 245) (0.057017 s)
>> 0 (-1: -1 -1 -1) (0.057867 s)
Zelikovsky- 0.11537 s
>>> get_solution
  refine_solution: new weight 14206403 (was 14206403) in 0.000299 s
>>> get_solution
  refine_solution: new weight 14406471 (was 14406471) in 0.000291 s
36,,751,1213,6,,751,0,,14406471,14406471,14206403,14206403,14206403,,391419,2,@@

  handle_small_Steiner_degrees: steiner 0, suppress 2 in 6e-06 s
Starting round 37
Found 402 isolated vertices
Invalid ratios recomputed: 747
Best ratio is 437998/1 (437998.0), centered at 269
Finding the best star... Star with 2 terminals centered in 292
round took: 0.05637 s
|V| = 1149, |E| = 1206, |R| = 5
>> 200068 (439: 245 252 245) (0.000117 s)
>> 0 (-1: -1 -1 -1) (0.000108 s)
Zelikovsky 0.055118 s
>> 200068 (439: 252 292 245) (0.056194 s)
>> 0 (-1: -1 -1 -1) (0.056736 s)
Zelikovsky- 0.113412 s
>>> get_solution
  refine_solution: new weight 14206403 (was 14206403) in 0.000298 s
>>> get_solution
  refine_solution: new weight 14406471 (was 14406471) in 0.000297 s
37,,747,1206,5,,747,0,,14406471,14406471,14206403,14206403,14206403,,437998,2,@@

  handle_small_Steiner_degrees: steiner 0, suppress 2 in 4e-06 s
Starting round 38
Found 407 isolated vertices
Invalid ratios recomputed: 742
Best ratio is 1011197/2 (505598.5), centered at 439
Finding the best star... Star with 3 terminals centered in 292
round took: 0.083401 s
|V| = 1149, |E| = 1171, |R| = 3
>> 0 (-1: -1 -1 -1) (0.000106 s)
Zelikovsky 0.051301 s
>> 0 (-1: -1 -1 -1) (0.052546 s)
Zelikovsky- 0.052925 s
>>> get_solution
  refine_solution: new weight 14183889 (was 14183889) in 0.000306 s
>>> get_solution
  refine_solution: new weight 14183889 (was 14183889) in 0.000283 s
38,,742,1171,3,,742,0,,14183889,14183889,14183889,14183889,14183889,,1011197,3,@@

  handle_small_Steiner_degrees: steiner 1, suppress 7 in 1.2e-05 s
Starting round 39
Found 439 isolated vertices
Invalid ratios recomputed: 710
Best ratio is 510367/1 (510367.0), centered at 265
Finding the best star... Star with 2 terminals centered in 265
round took: 0.06165 s
|V| = 1149, |E| = 1139, |R| = 2
Zelikovsky 0.047056 s
Zelikovsky- 0.000356 s
>>> get_solution
  refine_solution: new weight 14183889 (was 14183889) in 0.000303 s
>>> get_solution
  refine_solution: new weight 14183889 (was 14183889) in 0.000284 s
39,,710,1139,2,,710,0,,14183889,14183889,14183889,14183889,14183889,,510367,2,@@

  handle_small_Steiner_degrees: steiner 0, suppress 3 in 7e-06 s
Starting round 40
Found 461 isolated vertices
Invalid ratios recomputed: 688
Best ratio is 746086/1 (746086.0), centered at 18
Finding the best star... Star with 2 terminals centered in 265
round took: 0.058895 s
|V| = 1149, |E| = 1128, |R| = 1
Zelikovsky 0.046691 s
Zelikovsky- 0.000354 s
>>> get_solution
  refine_solution: new weight 14183889 (was 14183889) in 0.000304 s
>>> get_solution
  refine_solution: new weight 14183889 (was 14183889) in 0.000284 s
40,,688,1128,1,,688,0,,14183889,14183889,14183889,14183889,14183889,,746086,2,@@

  handle_small_Steiner_degrees: steiner 0, suppress 1 in 3e-06 s
contract_till_the_bitter_end: 37.6621 s

Calling end_heu
>>> get_solution
Saved weight 5920157
end_heu: 0 loops with 0 unique solutions in 8.5e-05 s

Calling print_solution
>>> get_solution
  refine_solution: new weight 14183889 (was 14183889) in 0.000525 s
## FINAL WEIGHT 14183889
print_solution: 0.001352 s
