Version: final-94-gfffc3aa rub_all.sh: remove longest prefix
Random seed: 1566439363
Start
>>> save_orig_graph
>> Saved weight 0
Graph loaded
|V| = 196405, |E| = 300036, |R| = 4937
First clearance of the input. Calling buy_zero and run_all_heuristics.
  buy_zero: 9352 zero edges in 0.013748 s
  handle_small_terminal_degrees: terms 0 in 0.000155 s
  handle_small_Steiner_degrees: steiner 11, suppress 66126 in 0.028483 s
  shortest_edge_between_terminals: 0 edges in 0.000932 s
  handle_small_terminal_degrees: terms 0 in 0.000147 s
  handle_small_Steiner_degrees: steiner 2, suppress 608 in 0.000765 s
  shortest_edge_between_terminals: 0 edges in 0.000683 s
  handle_small_terminal_degrees: terms 0 in 0.000147 s
  handle_small_Steiner_degrees: steiner 0, suppress 71 in 0.000307 s
  shortest_edge_between_terminals: 0 edges in 0.000468 s
  handle_small_terminal_degrees: terms 0 in 0.000173 s
  handle_small_Steiner_degrees: steiner 0, suppress 33 in 0.000285 s
  shortest_edge_between_terminals: 0 edges in 0.000439 s
  handle_small_terminal_degrees: terms 0 in 0.000146 s
  handle_small_Steiner_degrees: steiner 0, suppress 26 in 0.00028 s
  shortest_edge_between_terminals: 0 edges in 0.000419 s
  handle_small_terminal_degrees: terms 0 in 0.000147 s
  handle_small_Steiner_degrees: steiner 0, suppress 19 in 0.000275 s
  shortest_edge_between_terminals: 0 edges in 0.000412 s
  handle_small_terminal_degrees: terms 0 in 0.000147 s
  handle_small_Steiner_degrees: steiner 0, suppress 11 in 0.000273 s
  shortest_edge_between_terminals: 0 edges in 0.000407 s
  handle_small_terminal_degrees: terms 0 in 0.000147 s
  handle_small_Steiner_degrees: steiner 0, suppress 11 in 0.000273 s
  shortest_edge_between_terminals: 0 edges in 0.000416 s
  handle_small_terminal_degrees: terms 0 in 0.000147 s
  handle_small_Steiner_degrees: steiner 0, suppress 10 in 0.000271 s
  shortest_edge_between_terminals: 0 edges in 0.000409 s
  handle_small_terminal_degrees: terms 0 in 0.000147 s
  handle_small_Steiner_degrees: steiner 0, suppress 8 in 0.00027 s
  shortest_edge_between_terminals: 0 edges in 0.000405 s
  handle_small_terminal_degrees: terms 0 in 0.000147 s
  handle_small_Steiner_degrees: steiner 0, suppress 4 in 0.000269 s
  shortest_edge_between_terminals: 0 edges in 0.000406 s
  handle_small_terminal_degrees: terms 0 in 0.000147 s
  handle_small_Steiner_degrees: steiner 0, suppress 5 in 0.00027 s
  shortest_edge_between_terminals: 0 edges in 0.000404 s
  handle_small_terminal_degrees: terms 0 in 0.000147 s
  handle_small_Steiner_degrees: steiner 0, suppress 6 in 0.000269 s
  shortest_edge_between_terminals: 0 edges in 0.000419 s
  handle_small_terminal_degrees: terms 0 in 0.000147 s
  handle_small_Steiner_degrees: steiner 0, suppress 5 in 0.00027 s
  shortest_edge_between_terminals: 0 edges in 0.000405 s
  handle_small_terminal_degrees: terms 0 in 0.000147 s
  handle_small_Steiner_degrees: steiner 0, suppress 4 in 0.00027 s
  shortest_edge_between_terminals: 0 edges in 0.000402 s
  handle_small_terminal_degrees: terms 0 in 0.000147 s
  handle_small_Steiner_degrees: steiner 0, suppress 1 in 0.000267 s
  shortest_edge_between_terminals: 0 edges in 0.000403 s
  handle_small_terminal_degrees: terms 0 in 0.000147 s
  handle_small_Steiner_degrees: steiner 0, suppress 4 in 0.000269 s
  shortest_edge_between_terminals: 0 edges in 0.000403 s
  handle_small_terminal_degrees: terms 0 in 0.000148 s
  handle_small_Steiner_degrees: steiner 0, suppress 2 in 0.000315 s
  shortest_edge_between_terminals: 0 edges in 0.000411 s
  handle_small_terminal_degrees: terms 0 in 0.000147 s
  handle_small_Steiner_degrees: steiner 0, suppress 2 in 0.000268 s
  shortest_edge_between_terminals: 0 edges in 0.000405 s
  handle_small_terminal_degrees: terms 0 in 0.000147 s
  handle_small_Steiner_degrees: steiner 0, suppress 0 in 0.000267 s
  shortest_edge_between_terminals: 0 edges in 0.000404 s
Compressed graph 196405 -> 120613
  delete_edges: deleted 9460 edges in 0.190467 s and 5 rounds
  handle_small_terminal_degrees: terms 0 in 9.4e-05 s
  handle_small_Steiner_degrees: steiner 50, suppress 5683 in 0.004579 s
  shortest_edge_between_terminals: 0 edges in 0.000794 s
  handle_small_terminal_degrees: terms 3 in 9.5e-05 s
  handle_small_Steiner_degrees: steiner 1, suppress 60 in 0.000228 s
  shortest_edge_between_terminals: 0 edges in 0.000372 s
  handle_small_terminal_degrees: terms 0 in 9e-05 s
  handle_small_Steiner_degrees: steiner 0, suppress 7 in 0.000187 s
  shortest_edge_between_terminals: 0 edges in 0.000312 s
  handle_small_terminal_degrees: terms 0 in 9e-05 s
  handle_small_Steiner_degrees: steiner 0, suppress 0 in 0.000181 s
  shortest_edge_between_terminals: 0 edges in 0.000304 s
Compressed graph 120613 -> 114809
  delete_edges_shortest_path: deleted 15056 edges in 3.09282 s
  handle_small_terminal_degrees: terms 6 in 0.000123 s
  handle_small_Steiner_degrees: steiner 1436, suppress 12439 in 0.009378 s
  shortest_edge_between_terminals: 0 edges in 0.000738 s
  handle_small_terminal_degrees: terms 34 in 0.000135 s
  handle_small_Steiner_degrees: steiner 34, suppress 1512 in 0.001328 s
  shortest_edge_between_terminals: 0 edges in 0.000627 s
  handle_small_terminal_degrees: terms 10 in 0.000101 s
  handle_small_Steiner_degrees: steiner 4, suppress 141 in 0.000284 s
  shortest_edge_between_terminals: 1 edges in 0.0004 s
  handle_small_terminal_degrees: terms 4 in 9.2e-05 s
  handle_small_Steiner_degrees: steiner 1, suppress 5 in 0.000181 s
  shortest_edge_between_terminals: 0 edges in 0.000325 s
  handle_small_terminal_degrees: terms 0 in 8.6e-05 s
  handle_small_Steiner_degrees: steiner 0, suppress 2 in 0.000178 s
  shortest_edge_between_terminals: 0 edges in 0.00031 s
  handle_small_terminal_degrees: terms 0 in 8.7e-05 s
  handle_small_Steiner_degrees: steiner 0, suppress 0 in 0.000177 s
  shortest_edge_between_terminals: 0 edges in 0.000303 s
Compressed graph 114809 -> 99180
  handle_small_terminal_degrees: terms 0 in 7.5e-05 s
  handle_small_Steiner_degrees: steiner 0, suppress 17 in 0.00017 s
  shortest_edge_between_terminals: 8 edges in 0.00083 s
  handle_small_terminal_degrees: terms 0 in 7.5e-05 s
  handle_small_Steiner_degrees: steiner 1, suppress 15 in 0.000168 s
  shortest_edge_between_terminals: 0 edges in 0.000355 s
  handle_small_terminal_degrees: terms 1 in 7.6e-05 s
  handle_small_Steiner_degrees: steiner 0, suppress 6 in 0.000162 s
  shortest_edge_between_terminals: 0 edges in 0.000258 s
  handle_small_terminal_degrees: terms 0 in 7.5e-05 s
  handle_small_Steiner_degrees: steiner 0, suppress 1 in 0.00016 s
  shortest_edge_between_terminals: 0 edges in 0.00025 s
  handle_small_terminal_degrees: terms 0 in 7.5e-05 s
  handle_small_Steiner_degrees: steiner 0, suppress 0 in 0.00016 s
  shortest_edge_between_terminals: 0 edges in 0.000249 s
Compressed graph 99180 -> 99054
  delete_edges_shortest_path: deleted 2312 edges in 2.31003 s
  handle_small_terminal_degrees: terms 16 in 0.000106 s
  handle_small_Steiner_degrees: steiner 44, suppress 2236 in 0.00412 s
  shortest_edge_between_terminals: 5 edges in 0.001279 s
  handle_small_terminal_degrees: terms 7 in 0.000166 s
  handle_small_Steiner_degrees: steiner 3, suppress 99 in 0.000378 s
  shortest_edge_between_terminals: 0 edges in 0.000549 s
  handle_small_terminal_degrees: terms 4 in 0.000159 s
  handle_small_Steiner_degrees: steiner 0, suppress 4 in 0.000277 s
  shortest_edge_between_terminals: 0 edges in 0.000428 s
  handle_small_terminal_degrees: terms 1 in 0.000149 s
  handle_small_Steiner_degrees: steiner 0, suppress 0 in 0.00027 s
  shortest_edge_between_terminals: 0 edges in 0.000401 s
  handle_small_terminal_degrees: terms 0 in 0.000148 s
  handle_small_Steiner_degrees: steiner 0, suppress 0 in 0.000293 s
  shortest_edge_between_terminals: 0 edges in 0.000419 s
Compressed graph 99054 -> 96637
Compressed graph 96637 -> 96637
>>> save_orig_graph
>> Saved weight 448975
### ZEL_LVL=9 PRECISE_STARS=1

Calling `contract_till_the_bitter_end`
|V| = 96637, |E| = 164928, |R| = 4942
