Version: final-94-gfffc3aa rub_all.sh: remove longest prefix
Random seed: 1566439215
Start
>>> save_orig_graph
>> Saved weight 0
Graph loaded
|V| = 72039, |E| = 115055, |R| = 4391
First clearance of the input. Calling buy_zero and run_all_heuristics.
  buy_zero: 16 zero edges in 0.000478 s
  handle_small_terminal_degrees: terms 7 in 6.7e-05 s
  handle_small_Steiner_degrees: steiner 23, suppress 0 in 0.000111 s
  shortest_edge_between_terminals: 0 edges in 0.00012 s
  handle_small_terminal_degrees: terms 1 in 5.4e-05 s
  handle_small_Steiner_degrees: steiner 0, suppress 21 in 0.000122 s
  shortest_edge_between_terminals: 0 edges in 6.5e-05 s
  handle_small_terminal_degrees: terms 0 in 5.4e-05 s
  handle_small_Steiner_degrees: steiner 0, suppress 3 in 0.00011 s
  shortest_edge_between_terminals: 0 edges in 6.3e-05 s
  handle_small_terminal_degrees: terms 0 in 5.3e-05 s
  handle_small_Steiner_degrees: steiner 0, suppress 0 in 0.000107 s
  shortest_edge_between_terminals: 0 edges in 6.3e-05 s
Compressed graph 72039 -> 71967
  delete_edges: deleted 6271 edges in 0.027235 s and 3 rounds
  handle_small_terminal_degrees: terms 57 in 9.4e-05 s
  handle_small_Steiner_degrees: steiner 81, suppress 4360 in 0.001799 s
  shortest_edge_between_terminals: 0 edges in 0.000114 s
  handle_small_terminal_degrees: terms 10 in 6e-05 s
  handle_small_Steiner_degrees: steiner 0, suppress 63 in 0.000135 s
  shortest_edge_between_terminals: 0 edges in 0.000106 s
  handle_small_terminal_degrees: terms 0 in 5.4e-05 s
  handle_small_Steiner_degrees: steiner 0, suppress 4 in 0.000111 s
  shortest_edge_between_terminals: 0 edges in 6.7e-05 s
  handle_small_terminal_degrees: terms 0 in 5.4e-05 s
  handle_small_Steiner_degrees: steiner 0, suppress 0 in 0.000108 s
  shortest_edge_between_terminals: 0 edges in 6.7e-05 s
Compressed graph 71967 -> 67392
  delete_edges_shortest_path: deleted 11929 edges in 60.708 s
  handle_small_terminal_degrees: terms 2485 in 0.001524 s
  handle_small_Steiner_degrees: steiner 1587, suppress 11813 in 0.004605 s
  shortest_edge_between_terminals: 20 edges in 0.00022 s
  handle_small_terminal_degrees: terms 588 in 0.000398 s
  handle_small_Steiner_degrees: steiner 6, suppress 302 in 0.000219 s
  shortest_edge_between_terminals: 19 edges in 0.000115 s
  handle_small_terminal_degrees: terms 10 in 5.6e-05 s
  handle_small_Steiner_degrees: steiner 0, suppress 27 in 0.000117 s
  shortest_edge_between_terminals: 0 edges in 8.1e-05 s
  handle_small_terminal_degrees: terms 0 in 5e-05 s
  handle_small_Steiner_degrees: steiner 0, suppress 10 in 0.000109 s
  shortest_edge_between_terminals: 0 edges in 7.9e-05 s
  handle_small_terminal_degrees: terms 0 in 5.1e-05 s
  handle_small_Steiner_degrees: steiner 0, suppress 1 in 0.000104 s
  shortest_edge_between_terminals: 0 edges in 7.9e-05 s
  handle_small_terminal_degrees: terms 0 in 5e-05 s
  handle_small_Steiner_degrees: steiner 0, suppress 0 in 0.000104 s
  shortest_edge_between_terminals: 0 edges in 8e-05 s
Compressed graph 67392 -> 50536
  handle_small_terminal_degrees: terms 0 in 4.7e-05 s
  handle_small_Steiner_degrees: steiner 0, suppress 144 in 0.000179 s
  shortest_edge_between_terminals: 124 edges in 0.000424 s
  handle_small_terminal_degrees: terms 0 in 3.8e-05 s
  handle_small_Steiner_degrees: steiner 0, suppress 18 in 9.9e-05 s
  shortest_edge_between_terminals: 1 edges in 0.000104 s
  handle_small_terminal_degrees: terms 0 in 3.7e-05 s
  handle_small_Steiner_degrees: steiner 0, suppress 0 in 8.4e-05 s
  shortest_edge_between_terminals: 0 edges in 9.4e-05 s
Compressed graph 50536 -> 49075
  delete_edges_shortest_path: deleted 2815 edges in 12.2543 s
  handle_small_terminal_degrees: terms 232 in 0.000215 s
  handle_small_Steiner_degrees: steiner 154, suppress 3932 in 0.001715 s
  shortest_edge_between_terminals: 40 edges in 0.00028 s
  handle_small_terminal_degrees: terms 6 in 4.1e-05 s
  handle_small_Steiner_degrees: steiner 2, suppress 107 in 0.000123 s
  shortest_edge_between_terminals: 4 edges in 9.8e-05 s
  handle_small_terminal_degrees: terms 2 in 3.8e-05 s
  handle_small_Steiner_degrees: steiner 0, suppress 13 in 7.9e-05 s
  shortest_edge_between_terminals: 1 edges in 9.1e-05 s
  handle_small_terminal_degrees: terms 0 in 3.7e-05 s
  handle_small_Steiner_degrees: steiner 0, suppress 4 in 7.4e-05 s
  shortest_edge_between_terminals: 0 edges in 8.7e-05 s
  handle_small_terminal_degrees: terms 0 in 3.7e-05 s
  handle_small_Steiner_degrees: steiner 0, suppress 6 in 7.3e-05 s
  shortest_edge_between_terminals: 0 edges in 8.7e-05 s
  handle_small_terminal_degrees: terms 0 in 3.6e-05 s
  handle_small_Steiner_degrees: steiner 0, suppress 7 in 7.3e-05 s
  shortest_edge_between_terminals: 0 edges in 8.7e-05 s
  handle_small_terminal_degrees: terms 0 in 3.6e-05 s
  handle_small_Steiner_degrees: steiner 0, suppress 5 in 7.2e-05 s
  shortest_edge_between_terminals: 0 edges in 9.6e-05 s
  handle_small_terminal_degrees: terms 0 in 3.7e-05 s
  handle_small_Steiner_degrees: steiner 0, suppress 4 in 7e-05 s
  shortest_edge_between_terminals: 0 edges in 8.6e-05 s
  handle_small_terminal_degrees: terms 0 in 3.6e-05 s
  handle_small_Steiner_degrees: steiner 0, suppress 2 in 7e-05 s
  shortest_edge_between_terminals: 0 edges in 8.7e-05 s
  handle_small_terminal_degrees: terms 0 in 3.7e-05 s
  handle_small_Steiner_degrees: steiner 0, suppress 0 in 6.9e-05 s
  shortest_edge_between_terminals: 0 edges in 8.6e-05 s
Compressed graph 49075 -> 44562
Compressed graph 44562 -> 44562
>>> save_orig_graph
>> Saved weight 817837186
### ZEL_LVL=9 PRECISE_STARS=1

Calling `contract_till_the_bitter_end`
|V| = 44562, |E| = 65848, |R| = 4196
