Version: final-94-gfffc3aa rub_all.sh: remove longest prefix
Random seed: 1558184930
Start
>>> save_orig_graph
>> Saved weight 0
Graph loaded
|V| = 1025, |E| = 5120, |R| = 135
First clearance of the input. Calling buy_zero and run_all_heuristics.
  buy_zero: 0 zero edges in 1.1e-05 s
  handle_small_terminal_degrees: terms 0 in 2e-06 s
  handle_small_Steiner_degrees: steiner 0, suppress 0 in 7e-06 s
  shortest_edge_between_terminals: 9 edges in 6.5e-05 s
  handle_small_terminal_degrees: terms 0 in 2e-06 s
  handle_small_Steiner_degrees: steiner 0, suppress 0 in 5e-06 s
  shortest_edge_between_terminals: 1 edges in 1.9e-05 s
  handle_small_terminal_degrees: terms 0 in 2e-06 s
  handle_small_Steiner_degrees: steiner 0, suppress 0 in 4e-06 s
  shortest_edge_between_terminals: 0 edges in 1e-05 s
Compressed graph 1025 -> 1014
  delete_edges: deleted 0 edges in 0.001183 s and 1 rounds
  handle_small_terminal_degrees: terms 0 in 2e-06 s
  handle_small_Steiner_degrees: steiner 0, suppress 0 in 5e-06 s
  shortest_edge_between_terminals: 0 edges in 1.3e-05 s
Compressed graph 1014 -> 1014
  delete_edges_shortest_path: deleted 0 edges in 0.008007 s
  handle_small_terminal_degrees: terms 0 in 1e-06 s
  handle_small_Steiner_degrees: steiner 0, suppress 0 in 4e-06 s
  shortest_edge_between_terminals: 0 edges in 9e-06 s
Compressed graph 1014 -> 1014
  handle_small_terminal_degrees: terms 0 in 1e-06 s
  handle_small_Steiner_degrees: steiner 0, suppress 0 in 2e-06 s
  shortest_edge_between_terminals: 0 edges in 5e-06 s
Compressed graph 1014 -> 977
  delete_edges_shortest_path: deleted 0 edges in 0.004921 s
  handle_small_terminal_degrees: terms 0 in 1e-06 s
  handle_small_Steiner_degrees: steiner 0, suppress 0 in 2e-06 s
  shortest_edge_between_terminals: 0 edges in 5e-06 s
Compressed graph 977 -> 977
Compressed graph 977 -> 977
>>> save_orig_graph
>> Saved weight 47
### ZEL_LVL=9 PRECISE_STARS=1

Calling `contract_till_the_bitter_end`
|V| = 977, |E| = 5049, |R| = 88
>> 1 (112: 51 82 51) (0.005421 s)
>> 1 (262: 246 261 246) (0.00527 s)
>> 1 (147: 155 206 155) (0.005252 s)
>> 1 (301: 270 364 270) (0.005159 s)
>> 1 (482: 359 419 359) (0.005138 s)
>> 1 (350: 106 352 106) (0.005154 s)
>> 1 (318: 314 334 314) (0.005047 s)
>> 1 (491: 167 453 167) (0.00494 s)
>> 1 (468: 406 467 406) (0.004975 s)
>> 1 (492: 0 493 0) (0.00484 s)
>> 0 (-1: -1 -1 -1) (0.003311 s)
Zelikovsky 0.229376 s
>> 1 (8: 0 500 24) (0.135459 s)
>> 1 (107: 597 122 106) (0.133774 s)
>> 1 (46: 38 597 167) (0.132857 s)
>> 1 (47: 15 532 38) (0.131493 s)
>> 1 (112: 51 98 82) (0.130511 s)
>> 1 (111: 601 229 51) (0.129308 s)
>> 1 (114: 359 601 15) (0.128587 s)
>> 1 (147: 155 392 206) (0.127406 s)
>> 1 (182: 60 675 359) (0.126216 s)
>> 1 (151: 143 155 60) (0.125109 s)
>> 1 (236: 591 484 143) (0.124023 s)
>> 1 (262: 246 270 261) (0.123451 s)
>> 1 (265: 22 273 246) (0.121864 s)
>> 1 (275: 769 399 337) (0.120861 s)
>> 1 (283: 285 769 255) (0.119898 s)
>> 1 (293: 291 591 22) (0.119209 s)
>> 1 (301: 364 426 291) (0.118165 s)
>> 1 (343: 467 743 364) (0.117043 s)
>> 1 (350: 352 474 467) (0.115709 s)
>> 1 (318: 334 352 314) (0.115187 s)
>> 1 (256: 248 334 285) (0.11436 s)
>> 1 (449: 935 480 453) (0.113695 s)
>> 1 (492: 0 494 493) (0.112929 s)
>> 1 (510: 757 571 540) (0.112325 s)
>> 1 (507: 631 757 0) (0.111519 s)
>> 1 (543: 760 669 248) (0.110633 s)
>> 1 (560: 562 760 631) (0.110107 s)
>> 1 (617: 648 618 562) (0.107047 s)
>> 1 (626: 867 648 642) (0.105671 s)
>> 1 (688: 73 867 828) (0.104205 s)
>> 1 (868: 930 899 73) (0.100839 s)
>> 1 (919: 432 935 918) (0.099694 s)
>> 0 (-1: -1 -1 -1) (0.099542 s)
Zelikovsky- 3.90473 s
>>> get_solution
  refine_solution: new weight 189 (was 189) in 0.0015 s
>>> get_solution
  refine_solution: new weight 221 (was 221) in 0.001552 s
0,,977,5049,88,,0,0,,221,221,212,189,189,,0,0,@@

  delete_edges: deleted 0 edges in 0.000641 s and 1 rounds
  handle_small_Steiner_degrees: steiner 0, suppress 0 in 3e-06 s
Starting round 1
Found 0 isolated vertices
Invalid ratios recomputed: 977
Best ratio is 4/3 (1.3), centered at 492
Finding the best star... Star with 4 terminals centered in 0
round took: 0.10366 s
|V| = 977, |E| = 5036, |R| = 85
>> 1 (112: 51 82 51) (0.004896 s)
>> 1 (262: 246 261 246) (0.004938 s)
>> 1 (147: 155 206 155) (0.004847 s)
>> 1 (301: 270 364 270) (0.00482 s)
>> 1 (482: 359 419 359) (0.004814 s)
>> 1 (350: 106 352 106) (0.004694 s)
>> 1 (318: 314 334 314) (0.004672 s)
>> 1 (491: 167 453 167) (0.004518 s)
>> 1 (468: 406 467 406) (0.004589 s)
>> 1 (531: 285 532 285) (0.004461 s)
>> 1 (6: 15 22 15) (0.004416 s)
>> 1 (4: 0 38 0) (0.004461 s)
>> 0 (-1: -1 -1 -1) (0.003021 s)
Zelikovsky 0.225859 s
>> 1 (107: 597 122 106) (0.132049 s)
>> 1 (46: 38 597 167) (0.130862 s)
>> 1 (47: 15 532 38) (0.129535 s)
>> 1 (112: 51 98 82) (0.12855 s)
>> 1 (111: 601 229 51) (0.127403 s)
>> 1 (114: 359 601 15) (0.126334 s)
>> 1 (147: 155 392 206) (0.125394 s)
>> 1 (182: 60 675 359) (0.124319 s)
>> 1 (151: 143 155 60) (0.123244 s)
>> 1 (236: 591 484 143) (0.121977 s)
>> 1 (262: 246 270 261) (0.121001 s)
>> 1 (265: 22 273 246) (0.120272 s)
>> 1 (275: 769 399 337) (0.119329 s)
>> 1 (283: 285 769 255) (0.118114 s)
>> 1 (293: 291 591 22) (0.117433 s)
>> 1 (301: 364 426 291) (0.116148 s)
>> 1 (343: 467 743 364) (0.115681 s)
>> 1 (350: 352 474 467) (0.114131 s)
>> 1 (318: 334 352 314) (0.113613 s)
>> 1 (256: 248 334 285) (0.112653 s)
>> 1 (449: 935 480 453) (0.112232 s)
>> 1 (510: 757 571 540) (0.111474 s)
>> 1 (507: 0 757 631) (0.111153 s)
>> 1 (543: 760 669 248) (0.110079 s)
>> 1 (560: 0 760 562) (0.109698 s)
>> 1 (617: 0 648 618) (0.106487 s)
>> 1 (626: 867 642 0) (0.105328 s)
>> 1 (688: 73 867 828) (0.104168 s)
>> 1 (868: 930 899 73) (0.100448 s)
>> 1 (919: 432 935 918) (0.099109 s)
>> 0 (-1: -1 -1 -1) (0.099266 s)
Zelikovsky- 3.61321 s
>>> get_solution
  refine_solution: new weight 189 (was 189) in 0.001522 s
>>> get_solution
  refine_solution: new weight 218 (was 218) in 0.001554 s
1,,977,5036,85,,977,0,,218,218,209,189,189,,4,4,@@

  handle_small_Steiner_degrees: steiner 0, suppress 0 in 2e-06 s
Starting round 2
Found 4 isolated vertices
Invalid ratios recomputed: 885
Best ratio is 3/2 (1.5), centered at 107
Finding the best star... Star with 3 terminals centered in 106
round took: 0.106793 s
|V| = 977, |E| = 5029, |R| = 83
>> 1 (112: 51 82 51) (0.004722 s)
>> 1 (46: 38 106 38) (0.00464 s)
>> 1 (262: 246 261 246) (0.004591 s)
>> 1 (147: 155 206 155) (0.004614 s)
>> 1 (301: 270 364 270) (0.0045 s)
>> 1 (288: 255 285 255) (0.004463 s)
>> 1 (16: 0 22 0) (0.004413 s)
>> 0 (-1: -1 -1 -1) (0.002948 s)
Zelikovsky 0.196853 s
>> 1 (46: 38 167 106) (0.130851 s)
>> 1 (47: 15 532 38) (0.129058 s)
>> 1 (112: 51 98 82) (0.127894 s)
>> 1 (111: 601 229 51) (0.126775 s)
>> 1 (114: 359 601 15) (0.125658 s)
>> 1 (147: 155 392 206) (0.124713 s)
>> 1 (182: 60 675 359) (0.123701 s)
>> 1 (151: 143 155 60) (0.122349 s)
>> 1 (236: 591 484 143) (0.121516 s)
>> 1 (262: 246 270 261) (0.120039 s)
>> 1 (265: 22 273 246) (0.119192 s)
>> 1 (275: 769 399 337) (0.118152 s)
>> 1 (283: 285 769 255) (0.117258 s)
>> 1 (293: 291 591 22) (0.116498 s)
>> 1 (301: 364 426 291) (0.115366 s)
>> 1 (343: 467 743 364) (0.114825 s)
>> 1 (350: 352 474 467) (0.113256 s)
>> 1 (318: 334 352 314) (0.112678 s)
>> 1 (256: 248 334 285) (0.111793 s)
>> 1 (449: 935 480 453) (0.111526 s)
>> 1 (510: 757 571 540) (0.110895 s)
>> 1 (507: 0 757 631) (0.109924 s)
>> 1 (543: 760 669 248) (0.109229 s)
>> 1 (560: 0 760 562) (0.108726 s)
>> 1 (617: 0 648 618) (0.105725 s)
>> 1 (626: 867 642 0) (0.104491 s)
>> 1 (688: 73 867 828) (0.103032 s)
>> 1 (868: 930 899 73) (0.099554 s)
>> 1 (919: 432 935 918) (0.098238 s)
>> 0 (-1: -1 -1 -1) (0.098044 s)
Zelikovsky- 3.45656 s
>>> get_solution
  refine_solution: new weight 189 (was 189) in 0.00152 s
>>> get_solution
  refine_solution: new weight 217 (was 217) in 0.001563 s
2,,973,5029,83,,885,0,,217,217,211,189,189,,3,3,@@

  handle_small_Steiner_degrees: steiner 0, suppress 0 in 2e-06 s
Starting round 3
Found 7 isolated vertices
Invalid ratios recomputed: 861
Best ratio is 3/2 (1.5), centered at 46
Finding the best star... Star with 3 terminals centered in 38
round took: 0.108222 s
|V| = 977, |E| = 5017, |R| = 81
>> 1 (112: 51 82 51) (0.004553 s)
>> 1 (262: 246 261 246) (0.004487 s)
>> 1 (288: 38 255 38) (0.004489 s)
>> 1 (147: 155 206 155) (0.004413 s)
>> 1 (301: 270 364 270) (0.004397 s)
>> 1 (16: 0 22 0) (0.004274 s)
>> 0 (-1: -1 -1 -1) (0.002861 s)
Zelikovsky 0.186731 s
>> 1 (47: 15 532 38) (0.128648 s)
>> 1 (112: 51 98 82) (0.127753 s)
>> 1 (111: 601 229 51) (0.126345 s)
>> 1 (114: 359 601 15) (0.124954 s)
>> 1 (147: 155 392 206) (0.124087 s)
>> 1 (182: 675 359 60) (0.123022 s)
>> 1 (151: 675 155 143) (0.121899 s)
>> 1 (236: 591 675 484) (0.121037 s)
>> 1 (262: 246 270 261) (0.119469 s)
>> 1 (265: 22 273 246) (0.118389 s)
>> 1 (275: 769 399 337) (0.117765 s)
>> 1 (283: 285 769 255) (0.116701 s)
>> 1 (293: 291 591 22) (0.115747 s)
>> 1 (301: 364 426 291) (0.11492 s)
>> 1 (343: 467 743 364) (0.114195 s)
>> 1 (350: 352 474 467) (0.11295 s)
>> 1 (318: 334 352 314) (0.112156 s)
>> 1 (256: 248 334 285) (0.111225 s)
>> 1 (449: 935 480 453) (0.110711 s)
>> 1 (510: 757 571 540) (0.109874 s)
>> 1 (507: 0 757 631) (0.10921 s)
>> 1 (543: 760 669 248) (0.108416 s)
>> 1 (560: 0 760 562) (0.108157 s)
>> 1 (617: 0 648 618) (0.105062 s)
>> 1 (626: 867 642 0) (0.10376 s)
>> 1 (688: 73 867 828) (0.102313 s)
>> 1 (868: 930 899 73) (0.09915 s)
>> 1 (919: 432 935 918) (0.097563 s)
>> 0 (-1: -1 -1 -1) (0.097608 s)
Zelikovsky- 3.30859 s
>>> get_solution
  refine_solution: new weight 189 (was 189) in 0.001522 s
>>> get_solution
  refine_solution: new weight 215 (was 215) in 0.00156 s
3,,970,5017,81,,861,0,,215,215,211,189,189,,3,3,@@

  handle_small_Steiner_degrees: steiner 0, suppress 0 in 3e-06 s
Starting round 4
Found 10 isolated vertices
Invalid ratios recomputed: 903
Best ratio is 3/2 (1.5), centered at 47
Finding the best star... Star with 3 terminals centered in 38
round took: 0.114841 s
|V| = 977, |E| = 5002, |R| = 79
>> 1 (112: 51 82 51) (0.004334 s)
>> 1 (262: 246 261 246) (0.004289 s)
>> 1 (288: 38 255 38) (0.004265 s)
>> 1 (147: 155 206 155) (0.004252 s)
>> 1 (301: 270 364 270) (0.004198 s)
>> 1 (16: 0 22 0) (0.004094 s)
>> 0 (-1: -1 -1 -1) (0.002846 s)
Zelikovsky 0.180638 s
>> 1 (112: 51 98 82) (0.126558 s)
>> 1 (111: 601 229 51) (0.125438 s)
>> 1 (114: 38 601 359) (0.124546 s)
>> 1 (147: 155 392 206) (0.123394 s)
>> 1 (182: 38 675 60) (0.122261 s)
>> 1 (151: 38 155 143) (0.121414 s)
>> 1 (236: 591 484 38) (0.119866 s)
>> 1 (262: 246 270 261) (0.118695 s)
>> 1 (265: 22 273 246) (0.117737 s)
>> 1 (275: 769 399 337) (0.117208 s)
>> 1 (283: 285 769 255) (0.116347 s)
>> 1 (293: 291 591 22) (0.114976 s)
>> 1 (301: 364 426 291) (0.114256 s)
>> 1 (343: 467 743 364) (0.113525 s)
>> 1 (350: 352 474 467) (0.111931 s)
>> 1 (318: 334 352 314) (0.111371 s)
>> 1 (256: 248 334 285) (0.110516 s)
>> 1 (449: 935 480 453) (0.110042 s)
>> 1 (510: 757 571 540) (0.109296 s)
>> 1 (507: 0 757 631) (0.108824 s)
>> 1 (543: 760 669 248) (0.108005 s)
>> 1 (560: 0 760 562) (0.107293 s)
>> 1 (617: 0 648 618) (0.104504 s)
>> 1 (626: 867 642 0) (0.103468 s)
>> 1 (688: 73 867 828) (0.10179 s)
>> 1 (868: 930 899 73) (0.09837 s)
>> 1 (919: 432 935 918) (0.097339 s)
>> 0 (-1: -1 -1 -1) (0.096796 s)
Zelikovsky- 3.16109 s
>>> get_solution
  refine_solution: new weight 189 (was 189) in 0.001526 s
>>> get_solution
  refine_solution: new weight 213 (was 213) in 0.001563 s
4,,967,5002,79,,903,0,,213,213,210,189,189,,3,3,@@

  handle_small_Steiner_degrees: steiner 0, suppress 0 in 2e-06 s
Starting round 5
Found 13 isolated vertices
Invalid ratios recomputed: 916
Best ratio is 3/2 (1.5), centered at 112
Finding the best star... Star with 3 terminals centered in 51
round took: 0.117691 s
|V| = 977, |E| = 4996, |R| = 77
>> 1 (262: 246 261 246) (0.00406 s)
>> 1 (288: 38 255 38) (0.004116 s)
>> 1 (147: 155 206 155) (0.004105 s)
>> 1 (301: 270 364 270) (0.004053 s)
>> 1 (16: 0 22 0) (0.003892 s)
>> 0 (-1: -1 -1 -1) (0.002684 s)
Zelikovsky 0.171416 s
>> 1 (111: 601 229 51) (0.124544 s)
>> 1 (114: 38 601 359) (0.123268 s)
>> 1 (147: 155 392 206) (0.122214 s)
>> 1 (182: 38 675 60) (0.121215 s)
>> 1 (151: 38 155 143) (0.120054 s)
>> 1 (236: 591 484 38) (0.118918 s)
>> 1 (262: 246 270 261) (0.117711 s)
>> 1 (265: 22 273 246) (0.117046 s)
>> 1 (275: 769 399 337) (0.116036 s)
>> 1 (283: 285 769 255) (0.114947 s)
>> 1 (293: 291 591 22) (0.114087 s)
>> 1 (301: 364 426 291) (0.113181 s)
>> 1 (343: 467 743 364) (0.112295 s)
>> 1 (350: 352 474 467) (0.110948 s)
>> 1 (318: 334 352 314) (0.110343 s)
>> 1 (256: 248 334 285) (0.109629 s)
>> 1 (449: 935 480 453) (0.109076 s)
>> 1 (510: 757 571 540) (0.108385 s)
>> 1 (507: 0 757 631) (0.107659 s)
>> 1 (543: 760 669 248) (0.107081 s)
>> 1 (560: 0 760 562) (0.106346 s)
>> 1 (617: 0 648 618) (0.10398 s)
>> 1 (626: 867 642 0) (0.10232 s)
>> 1 (688: 73 867 828) (0.100956 s)
>> 1 (868: 930 899 73) (0.097577 s)
>> 1 (919: 432 935 918) (0.096143 s)
>> 0 (-1: -1 -1 -1) (0.095657 s)
Zelikovsky- 3.00681 s
>>> get_solution
  refine_solution: new weight 189 (was 189) in 0.00152 s
>>> get_solution
  refine_solution: new weight 212 (was 213) in 0.001559 s
  refine_solution: new weight 212 (was 212) in 0.001539 s
5,,964,4996,77,,916,0,,213,212,210,189,189,,3,3,@@

  handle_small_Steiner_degrees: steiner 0, suppress 0 in 2e-06 s
Starting round 6
Found 16 isolated vertices
Invalid ratios recomputed: 821
Best ratio is 3/2 (1.5), centered at 111
Finding the best star... Star with 3 terminals centered in 51
round took: 0.111293 s
|V| = 977, |E| = 4986, |R| = 75
>> 1 (262: 246 261 246) (0.003967 s)
>> 1 (288: 38 255 38) (0.003875 s)
>> 1 (147: 155 206 155) (0.003905 s)
>> 1 (301: 270 364 270) (0.003895 s)
>> 1 (16: 0 22 0) (0.003776 s)
>> 0 (-1: -1 -1 -1) (0.002557 s)
Zelikovsky 0.166978 s
>> 1 (114: 38 359 51) (0.122823 s)
>> 1 (147: 155 392 206) (0.121704 s)
>> 1 (182: 38 675 60) (0.120637 s)
>> 1 (151: 38 155 143) (0.11955 s)
>> 1 (236: 591 484 38) (0.118238 s)
>> 1 (262: 246 270 261) (0.117296 s)
>> 1 (265: 22 273 246) (0.116316 s)
>> 1 (275: 769 399 337) (0.115382 s)
>> 1 (283: 285 769 255) (0.114476 s)
>> 1 (293: 291 591 22) (0.113578 s)
>> 1 (301: 364 426 291) (0.112657 s)
>> 1 (343: 467 743 364) (0.112158 s)
>> 1 (350: 352 474 467) (0.110678 s)
>> 1 (318: 334 352 314) (0.110099 s)
>> 1 (256: 248 334 285) (0.109066 s)
>> 1 (449: 935 480 453) (0.108601 s)
>> 1 (510: 757 571 540) (0.108127 s)
>> 1 (507: 0 757 631) (0.107234 s)
>> 1 (543: 760 669 248) (0.106501 s)
>> 1 (560: 0 760 562) (0.105913 s)
>> 1 (617: 0 648 618) (0.103083 s)
>> 1 (626: 867 642 0) (0.101766 s)
>> 1 (688: 73 867 828) (0.10039 s)
>> 1 (868: 930 899 73) (0.096889 s)
>> 1 (919: 432 935 918) (0.095526 s)
>> 0 (-1: -1 -1 -1) (0.095244 s)
Zelikovsky- 2.86897 s
>>> get_solution
  refine_solution: new weight 189 (was 189) in 0.001523 s
>>> get_solution
  refine_solution: new weight 212 (was 213) in 0.001565 s
  refine_solution: new weight 212 (was 212) in 0.001541 s
6,,961,4986,75,,821,0,,213,212,209,189,189,,3,3,@@

  handle_small_Steiner_degrees: steiner 0, suppress 0 in 3e-06 s
Starting round 7
Found 19 isolated vertices
Invalid ratios recomputed: 875
Best ratio is 3/2 (1.5), centered at 114
Finding the best star... Star with 3 terminals centered in 51
round took: 0.115738 s
|V| = 977, |E| = 4970, |R| = 73
>> 1 (262: 246 261 246) (0.003664 s)
>> 1 (288: 51 255 51) (0.003698 s)
>> 1 (147: 155 206 155) (0.003759 s)
>> 1 (301: 270 364 270) (0.003787 s)
>> 1 (16: 0 22 0) (0.003543 s)
>> 0 (-1: -1 -1 -1) (0.002614 s)
Zelikovsky 0.16145 s
>> 1 (147: 155 392 206) (0.120277 s)
>> 1 (182: 51 675 60) (0.11928 s)
>> 1 (151: 51 155 143) (0.117987 s)
>> 1 (236: 51 591 484) (0.116753 s)
>> 1 (262: 246 270 261) (0.115638 s)
>> 1 (265: 22 273 246) (0.114768 s)
>> 1 (275: 769 399 337) (0.114076 s)
>> 1 (283: 285 769 255) (0.112935 s)
>> 1 (293: 51 291 22) (0.112004 s)
>> 1 (301: 364 426 51) (0.110887 s)
>> 1 (343: 467 743 364) (0.110564 s)
>> 1 (350: 352 474 467) (0.10888 s)
>> 1 (318: 334 352 314) (0.108386 s)
>> 1 (256: 248 334 285) (0.10746 s)
>> 1 (449: 935 480 453) (0.107166 s)
>> 1 (510: 757 571 540) (0.106265 s)
>> 1 (507: 0 757 631) (0.105593 s)
>> 1 (543: 760 669 248) (0.104827 s)
>> 1 (560: 0 760 562) (0.104692 s)
>> 1 (617: 0 648 618) (0.101711 s)
>> 1 (626: 867 642 0) (0.100328 s)
>> 1 (688: 73 867 828) (0.098845 s)
>> 1 (868: 930 899 73) (0.095538 s)
>> 1 (919: 432 935 918) (0.094364 s)
>> 0 (-1: -1 -1 -1) (0.094099 s)
Zelikovsky- 2.70817 s
>>> get_solution
  refine_solution: new weight 189 (was 189) in 0.001522 s
>>> get_solution
  refine_solution: new weight 209 (was 210) in 0.001569 s
  refine_solution: new weight 209 (was 209) in 0.00154 s
7,,958,4970,73,,875,0,,210,209,209,189,189,,3,3,@@

  handle_small_Steiner_degrees: steiner 0, suppress 0 in 2e-06 s
Starting round 8
Found 22 isolated vertices
Invalid ratios recomputed: 930
Best ratio is 3/2 (1.5), centered at 147
Finding the best star... Star with 3 terminals centered in 155
round took: 0.12571 s
|V| = 977, |E| = 4963, |R| = 71
>> 1 (262: 246 261 246) (0.003517 s)
>> 1 (288: 51 255 51) (0.003463 s)
>> 1 (394: 155 270 155) (0.003519 s)
>> 1 (16: 0 22 0) (0.003484 s)
>> 0 (-1: -1 -1 -1) (0.002547 s)
Zelikovsky 0.15357 s
>> 1 (182: 51 675 60) (0.118756 s)
>> 1 (151: 155 143 51) (0.117628 s)
>> 1 (236: 591 484 155) (0.116147 s)
>> 1 (262: 246 270 261) (0.11524 s)
>> 1 (265: 22 273 246) (0.114339 s)
>> 1 (275: 769 399 337) (0.113356 s)
>> 1 (283: 285 769 255) (0.112504 s)
>> 1 (293: 591 291 22) (0.111533 s)
>> 1 (301: 364 591 426) (0.110371 s)
>> 1 (343: 467 743 364) (0.109791 s)
>> 1 (350: 352 474 467) (0.108403 s)
>> 1 (318: 334 352 314) (0.107768 s)
>> 1 (256: 248 334 285) (0.106937 s)
>> 1 (449: 935 480 453) (0.106467 s)
>> 1 (510: 757 571 540) (0.105702 s)
>> 1 (507: 0 757 631) (0.105427 s)
>> 1 (543: 760 669 248) (0.10429 s)
>> 1 (560: 0 760 562) (0.104139 s)
>> 1 (617: 0 648 618) (0.101198 s)
>> 1 (626: 867 642 0) (0.099902 s)
>> 1 (688: 73 867 828) (0.098364 s)
>> 1 (868: 930 899 73) (0.095048 s)
>> 1 (919: 432 935 918) (0.09417 s)
>> 0 (-1: -1 -1 -1) (0.093731 s)
Zelikovsky- 2.57593 s
>>> get_solution
  refine_solution: new weight 189 (was 189) in 0.00152 s
>>> get_solution
  refine_solution: new weight 211 (was 212) in 0.001558 s
  refine_solution: new weight 211 (was 211) in 0.001545 s
8,,955,4963,71,,930,0,,212,211,208,189,189,,3,3,@@

  handle_small_Steiner_degrees: steiner 0, suppress 0 in 2e-06 s
Starting round 9
Found 25 isolated vertices
Invalid ratios recomputed: 876
Best ratio is 3/2 (1.5), centered at 182
Finding the best star... Star with 3 terminals centered in 60
round took: 0.124363 s
|V| = 977, |E| = 4951, |R| = 69
>> 1 (151: 60 143 60) (0.003336 s)
>> 1 (262: 246 261 246) (0.003454 s)
>> 1 (394: 155 270 155) (0.003449 s)
>> 1 (487: 364 426 364) (0.003401 s)
>> 1 (318: 314 334 314) (0.003353 s)
>> 1 (468: 352 406 352) (0.003218 s)
>> 1 (465: 419 467 419) (0.003134 s)
>> 1 (617: 0 618 0) (0.00303 s)
>> 0 (-1: -1 -1 -1) (0.002344 s)
Zelikovsky 0.16276 s
>> 1 (151: 60 155 143) (0.117006 s)
>> 1 (236: 60 591 484) (0.11566 s)
>> 1 (262: 246 270 261) (0.11465 s)
>> 1 (265: 22 273 246) (0.113832 s)
>> 1 (275: 769 399 337) (0.113075 s)
>> 1 (283: 285 769 255) (0.112196 s)
>> 1 (293: 60 291 22) (0.11099 s)
>> 1 (301: 364 426 60) (0.110034 s)
>> 1 (343: 467 743 364) (0.109511 s)
>> 1 (350: 352 474 467) (0.108258 s)
>> 1 (318: 334 352 314) (0.107532 s)
>> 1 (256: 248 334 285) (0.106788 s)
>> 1 (449: 935 480 453) (0.105776 s)
>> 1 (510: 757 571 540) (0.105255 s)
>> 1 (507: 0 757 631) (0.10435 s)
>> 1 (543: 760 669 248) (0.103723 s)
>> 1 (560: 0 760 562) (0.103188 s)
>> 1 (617: 0 648 618) (0.100636 s)
>> 1 (626: 867 642 0) (0.099161 s)
>> 1 (688: 73 867 828) (0.097893 s)
>> 1 (868: 930 899 73) (0.094659 s)
>> 1 (919: 432 935 918) (0.093142 s)
>> 0 (-1: -1 -1 -1) (0.092955 s)
Zelikovsky- 2.44484 s
>>> get_solution
  refine_solution: new weight 189 (was 189) in 0.00152 s
>>> get_solution
  refine_solution: new weight 208 (was 209) in 0.001545 s
  refine_solution: new weight 208 (was 208) in 0.001523 s
9,,952,4951,69,,876,0,,209,208,206,189,189,,3,3,@@

  handle_small_Steiner_degrees: steiner 0, suppress 0 in 2e-06 s
Starting round 10
Found 28 isolated vertices
Invalid ratios recomputed: 931
Best ratio is 3/2 (1.5), centered at 151
Finding the best star... Star with 3 terminals centered in 143
round took: 0.129554 s
|V| = 977, |E| = 4938, |R| = 67
>> 1 (262: 246 261 246) (0.003125 s)
>> 1 (288: 143 255 143) (0.003097 s)
>> 1 (301: 270 364 270) (0.003056 s)
>> 1 (16: 0 22 0) (0.003194 s)
>> 0 (-1: -1 -1 -1) (0.002305 s)
Zelikovsky 0.144411 s
>> 1 (236: 591 484 143) (0.114708 s)
>> 1 (262: 246 270 261) (0.11404 s)
>> 1 (265: 22 273 246) (0.112811 s)
>> 1 (275: 769 399 337) (0.111884 s)
>> 1 (283: 285 769 255) (0.110972 s)
>> 1 (293: 291 591 22) (0.110036 s)
>> 1 (301: 364 426 291) (0.109026 s)
>> 1 (343: 467 743 364) (0.108605 s)
>> 1 (350: 352 474 467) (0.107152 s)
>> 1 (318: 334 352 314) (0.106598 s)
>> 1 (256: 248 334 285) (0.10591 s)
>> 1 (449: 935 480 453) (0.105099 s)
>> 1 (510: 757 571 540) (0.104356 s)
>> 1 (507: 0 757 631) (0.103724 s)
>> 1 (543: 760 669 248) (0.102964 s)
>> 1 (560: 0 760 562) (0.102521 s)
>> 1 (617: 0 648 618) (0.100036 s)
>> 1 (626: 867 642 0) (0.098505 s)
>> 1 (688: 73 867 828) (0.097571 s)
>> 1 (868: 930 899 73) (0.095437 s)
>> 1 (919: 432 935 918) (0.093378 s)
>> 0 (-1: -1 -1 -1) (0.092438 s)
Zelikovsky- 2.31213 s
>>> get_solution
  refine_solution: new weight 189 (was 189) in 0.001524 s
>>> get_solution
  refine_solution: new weight 209 (was 210) in 0.001558 s
  refine_solution: new weight 209 (was 209) in 0.001544 s
10,,949,4938,67,,931,0,,210,209,207,189,189,,3,3,@@

  handle_small_Steiner_degrees: steiner 0, suppress 0 in 2e-06 s
Starting round 11
Found 31 isolated vertices
Invalid ratios recomputed: 931
Best ratio is 3/2 (1.5), centered at 236
Finding the best star... Star with 3 terminals centered in 143
round took: 0.132603 s
|V| = 977, |E| = 4925, |R| = 65
>> 1 (262: 246 261 246) (0.00294 s)
>> 1 (288: 143 255 143) (0.002917 s)
>> 1 (301: 270 364 270) (0.002855 s)
>> 1 (16: 0 22 0) (0.003066 s)
>> 0 (-1: -1 -1 -1) (0.002223 s)
Zelikovsky 0.140633 s
>> 1 (262: 246 270 261) (0.113018 s)
>> 1 (265: 22 273 246) (0.112265 s)
>> 1 (275: 769 399 337) (0.11122 s)
>> 1 (283: 285 769 255) (0.110389 s)
>> 1 (293: 143 291 22) (0.10951 s)
>> 1 (301: 364 426 143) (0.108247 s)
>> 1 (343: 467 743 364) (0.107607 s)
>> 1 (350: 352 474 467) (0.10626 s)
>> 1 (318: 334 352 314) (0.105788 s)
>> 1 (256: 248 334 285) (0.104947 s)
>> 1 (449: 935 480 453) (0.104469 s)
>> 1 (510: 757 571 540) (0.103784 s)
>> 1 (507: 0 757 631) (0.10303 s)
>> 1 (543: 760 669 248) (0.102808 s)
>> 1 (560: 0 760 562) (0.101818 s)
>> 1 (617: 0 648 618) (0.099143 s)
>> 1 (626: 867 642 0) (0.097834 s)
>> 1 (688: 73 867 828) (0.096456 s)
>> 1 (868: 930 899 73) (0.093099 s)
>> 1 (919: 432 935 918) (0.09169 s)
>> 0 (-1: -1 -1 -1) (0.091447 s)
Zelikovsky- 2.17901 s
>>> get_solution
  refine_solution: new weight 189 (was 189) in 0.001521 s
>>> get_solution
  refine_solution: new weight 206 (was 208) in 0.001556 s
  refine_solution: new weight 206 (was 206) in 0.001534 s
11,,946,4925,65,,931,0,,208,206,206,189,189,,3,3,@@

  handle_small_Steiner_degrees: steiner 0, suppress 0 in 2e-06 s
Starting round 12
Found 34 isolated vertices
Invalid ratios recomputed: 930
Best ratio is 3/2 (1.5), centered at 262
Finding the best star... Star with 3 terminals centered in 261
round took: 0.135253 s
|V| = 977, |E| = 4918, |R| = 63
>> 1 (265: 22 261 22) (0.00279 s)
>> 1 (288: 143 255 143) (0.002767 s)
>> 1 (336: 273 334 273) (0.003053 s)
>> 1 (487: 364 426 364) (0.002983 s)
>> 1 (468: 352 406 352) (0.002895 s)
>> 1 (440: 314 432 314) (0.002826 s)
>> 1 (465: 419 467 419) (0.002706 s)
>> 1 (544: 24 546 24) (0.002649 s)
>> 1 (560: 0 562 0) (0.002551 s)
>> 0 (-1: -1 -1 -1) (0.001892 s)
Zelikovsky 0.151733 s
>> 1 (265: 22 273 261) (0.11138 s)
>> 1 (275: 769 399 337) (0.110433 s)
>> 1 (283: 285 769 255) (0.109278 s)
>> 1 (293: 143 291 22) (0.108501 s)
>> 1 (301: 364 426 143) (0.107182 s)
>> 1 (343: 467 743 364) (0.106614 s)
>> 1 (350: 352 474 467) (0.105308 s)
>> 1 (318: 334 352 314) (0.104685 s)
>> 1 (256: 248 334 285) (0.103915 s)
>> 1 (449: 935 480 453) (0.10359 s)
>> 1 (510: 757 571 540) (0.103055 s)
>> 1 (507: 0 757 631) (0.102189 s)
>> 1 (543: 760 669 248) (0.101405 s)
>> 1 (560: 0 760 562) (0.100913 s)
>> 1 (617: 0 648 618) (0.098486 s)
>> 1 (626: 867 642 0) (0.096907 s)
>> 1 (688: 73 867 828) (0.095514 s)
>> 1 (868: 930 899 73) (0.092118 s)
>> 1 (919: 432 935 918) (0.090896 s)
>> 0 (-1: -1 -1 -1) (0.090526 s)
Zelikovsky- 2.04698 s
>>> get_solution
  refine_solution: new weight 189 (was 189) in 0.001526 s
>>> get_solution
  refine_solution: new weight 206 (was 207) in 0.001553 s
  refine_solution: new weight 206 (was 206) in 0.00154 s
12,,943,4918,63,,930,0,,207,206,204,189,189,,3,3,@@

  handle_small_Steiner_degrees: steiner 0, suppress 0 in 2e-06 s
Starting round 13
Found 37 isolated vertices
Invalid ratios recomputed: 903
Best ratio is 3/2 (1.5), centered at 265
Finding the best star... Star with 3 terminals centered in 22
round took: 0.133763 s
|V| = 977, |E| = 4908, |R| = 61
>> 1 (288: 143 255 143) (0.002629 s)
>> 1 (301: 22 364 22) (0.00291 s)
>> 1 (318: 314 334 314) (0.002888 s)
>> 1 (468: 352 406 352) (0.002843 s)
>> 1 (465: 419 467 419) (0.002776 s)
>> 1 (544: 24 546 24) (0.00272 s)
>> 1 (560: 0 562 0) (0.002609 s)
>> 0 (-1: -1 -1 -1) (0.001882 s)
Zelikovsky 0.142205 s
>> 1 (275: 769 399 337) (0.109489 s)
>> 1 (283: 285 769 255) (0.108552 s)
>> 1 (293: 22 291 143) (0.107785 s)
>> 1 (301: 22 426 364) (0.106693 s)
>> 1 (343: 467 743 22) (0.106083 s)
>> 1 (350: 352 474 467) (0.104621 s)
>> 1 (318: 334 352 314) (0.104132 s)
>> 1 (256: 248 334 285) (0.103188 s)
>> 1 (449: 935 480 453) (0.102636 s)
>> 1 (510: 757 571 540) (0.101918 s)
>> 1 (507: 0 757 631) (0.101274 s)
>> 1 (543: 760 669 248) (0.100749 s)
>> 1 (560: 0 760 562) (0.100012 s)
>> 1 (617: 0 648 618) (0.097654 s)
>> 1 (626: 867 642 0) (0.0962 s)
>> 1 (688: 73 867 828) (0.09467 s)
>> 1 (868: 930 899 73) (0.091287 s)
>> 1 (919: 432 935 918) (0.090232 s)
>> 0 (-1: -1 -1 -1) (0.089544 s)
Zelikovsky- 1.9206 s
>>> get_solution
  refine_solution: new weight 189 (was 189) in 0.001525 s
>>> get_solution
  refine_solution: new weight 204 (was 204) in 0.001551 s
13,,940,4908,61,,903,0,,204,204,202,189,189,,3,3,@@

  handle_small_Steiner_degrees: steiner 0, suppress 0 in 2e-06 s
Starting round 14
Found 40 isolated vertices
Invalid ratios recomputed: 908
Best ratio is 4/3 (1.3), centered at 759
Finding the best star... Star with 4 terminals centered in 743
round took: 0.134128 s
|V| = 977, |E| = 4889, |R| = 58
>> 1 (288: 143 255 143) (0.002522 s)
>> 1 (487: 364 426 364) (0.002715 s)
>> 1 (318: 314 334 314) (0.002595 s)
>> 1 (468: 352 406 352) (0.002555 s)
>> 1 (465: 419 467 419) (0.002521 s)
>> 1 (544: 24 546 24) (0.002451 s)
>> 1 (560: 0 562 0) (0.002339 s)
>> 0 (-1: -1 -1 -1) (0.00169 s)
Zelikovsky 0.13675 s
>> 1 (275: 769 399 337) (0.107339 s)
>> 1 (283: 285 769 255) (0.106545 s)
>> 1 (293: 143 743 291) (0.105663 s)
>> 1 (301: 364 426 143) (0.104073 s)
>> 1 (350: 352 474 364) (0.103707 s)
>> 1 (318: 334 352 314) (0.103188 s)
>> 1 (256: 248 334 285) (0.102305 s)
>> 1 (449: 935 480 453) (0.101805 s)
>> 1 (482: 467 419 248) (0.100999 s)
>> 1 (510: 540 571 467) (0.100227 s)
>> 1 (507: 0 631 540) (0.099447 s)
>> 1 (594: 828 562 0) (0.096939 s)
>> 1 (617: 648 828 618) (0.095172 s)
>> 1 (626: 867 648 642) (0.093863 s)
>> 1 (868: 930 899 867) (0.09248 s)
>> 1 (919: 432 935 918) (0.091085 s)
>> 0 (-1: -1 -1 -1) (0.090856 s)
Zelikovsky- 1.69941 s
>>> get_solution
  refine_solution: new weight 189 (was 189) in 0.001525 s
>>> get_solution
  refine_solution: new weight 204 (was 204) in 0.001547 s
14,,937,4889,58,,908,0,,204,204,200,189,189,,4,4,@@

  handle_small_Steiner_degrees: steiner 0, suppress 0 in 2e-06 s
Starting round 15
Found 44 isolated vertices
Invalid ratios recomputed: 918
Best ratio is 3/2 (1.5), centered at 275
Finding the best star... Star with 3 terminals centered in 337
round took: 0.136773 s
|V| = 977, |E| = 4882, |R| = 56
>> 1 (288: 143 255 143) (0.002429 s)
>> 1 (487: 364 426 364) (0.00255 s)
>> 1 (318: 314 334 314) (0.002483 s)
>> 1 (468: 352 406 352) (0.0024 s)
>> 1 (465: 419 467 419) (0.002405 s)
>> 1 (544: 24 546 24) (0.00229 s)
>> 1 (560: 0 562 0) (0.00225 s)
>> 0 (-1: -1 -1 -1) (0.001644 s)
Zelikovsky 0.133298 s
>> 1 (283: 337 285 255) (0.106111 s)
>> 1 (293: 143 743 291) (0.105009 s)
>> 1 (301: 364 426 143) (0.103406 s)
>> 1 (350: 352 474 364) (0.103083 s)
>> 1 (318: 334 352 314) (0.102332 s)
>> 1 (256: 248 337 334) (0.101567 s)
>> 1 (449: 935 480 453) (0.101053 s)
>> 1 (482: 467 419 248) (0.100344 s)
>> 1 (510: 540 571 467) (0.099552 s)
>> 1 (507: 0 631 540) (0.098695 s)
>> 1 (594: 828 562 0) (0.096246 s)
>> 1 (617: 648 828 618) (0.09438 s)
>> 1 (626: 867 648 642) (0.093146 s)
>> 1 (868: 930 899 867) (0.091729 s)
>> 1 (919: 432 935 918) (0.090299 s)
>> 0 (-1: -1 -1 -1) (0.089773 s)
Zelikovsky- 1.58033 s
>>> get_solution
  refine_solution: new weight 189 (was 189) in 0.001526 s
>>> get_solution
  refine_solution: new weight 204 (was 204) in 0.001552 s
15,,933,4882,56,,918,0,,204,204,201,189,189,,3,3,@@

  handle_small_Steiner_degrees: steiner 0, suppress 0 in 1e-06 s
Starting round 16
Found 47 isolated vertices
Invalid ratios recomputed: 891
Best ratio is 3/2 (1.5), centered at 283
Finding the best star... Star with 3 terminals centered in 337
round took: 0.136248 s
|V| = 977, |E| = 4870, |R| = 54
>> 1 (482: 143 419 143) (0.002227 s)
>> 1 (487: 364 426 364) (0.002285 s)
>> 1 (318: 314 334 314) (0.002259 s)
>> 1 (468: 352 406 352) (0.002186 s)
>> 1 (544: 24 546 24) (0.002107 s)
>> 1 (560: 0 562 0) (0.002114 s)
>> 0 (-1: -1 -1 -1) (0.001579 s)
Zelikovsky 0.127095 s
>> 1 (293: 143 743 291) (0.104656 s)
>> 1 (301: 364 426 143) (0.102831 s)
>> 1 (350: 352 474 364) (0.102373 s)
>> 1 (318: 334 352 314) (0.101907 s)
>> 1 (256: 248 337 334) (0.101096 s)
>> 1 (449: 935 480 453) (0.100375 s)
>> 1 (482: 467 419 248) (0.099784 s)
>> 1 (510: 540 571 467) (0.099009 s)
>> 1 (507: 0 631 540) (0.098255 s)
>> 1 (594: 828 562 0) (0.095797 s)
>> 1 (617: 648 828 618) (0.09388 s)
>> 1 (626: 867 648 642) (0.09257 s)
>> 1 (868: 930 899 867) (0.091178 s)
>> 1 (919: 432 935 918) (0.089766 s)
>> 0 (-1: -1 -1 -1) (0.089292 s)
Zelikovsky- 1.46619 s
>>> get_solution
  refine_solution: new weight 189 (was 189) in 0.001536 s
>>> get_solution
  refine_solution: new weight 203 (was 203) in 0.001567 s
16,,930,4870,54,,891,0,,203,203,200,189,189,,3,3,@@

  delete_edges: deleted 0 edges in 0.001137 s and 1 rounds
  handle_small_Steiner_degrees: steiner 0, suppress 0 in 2e-06 s
Starting round 17
Found 50 isolated vertices
Invalid ratios recomputed: 902
Best ratio is 3/2 (1.5), centered at 293
Finding the best star... Star with 3 terminals centered in 743
round took: 0.137023 s
|V| = 977, |E| = 4841, |R| = 52
>> 1 (487: 364 426 364) (0.002062 s)
>> 1 (560: 0 314 0) (0.002007 s)
>> 0 (-1: -1 -1 -1) (0.00132 s)
Zelikovsky 0.114792 s
>> 1 (301: 364 743 426) (0.101111 s)
>> 1 (350: 352 474 364) (0.100613 s)
>> 1 (318: 334 352 314) (0.099788 s)
>> 1 (256: 248 337 334) (0.099102 s)
>> 1 (449: 935 480 453) (0.098745 s)
>> 1 (482: 419 467 248) (0.098025 s)
>> 1 (510: 540 571 419) (0.097476 s)
>> 1 (507: 0 631 540) (0.096454 s)
>> 1 (594: 562 828 0) (0.093972 s)
>> 1 (617: 648 618 562) (0.09194 s)
>> 1 (626: 867 648 642) (0.090557 s)
>> 1 (868: 930 899 867) (0.08906 s)
>> 1 (919: 432 935 918) (0.087535 s)
>> 0 (-1: -1 -1 -1) (0.087147 s)
Zelikovsky- 1.33476 s
>>> get_solution
  refine_solution: new weight 189 (was 189) in 0.001533 s
>>> get_solution
  refine_solution: new weight 202 (was 202) in 0.001556 s
17,,927,4841,52,,902,0,,202,202,198,189,189,,3,3,@@

  handle_small_Steiner_degrees: steiner 0, suppress 0 in 1e-06 s
Starting round 18
Found 53 isolated vertices
Invalid ratios recomputed: 921
Best ratio is 3/2 (1.5), centered at 301
Finding the best star... Star with 3 terminals centered in 743
round took: 0.135521 s
|V| = 977, |E| = 4825, |R| = 50
>> 1 (560: 0 314 0) (0.001905 s)
>> 0 (-1: -1 -1 -1) (0.001252 s)
Zelikovsky 0.110005 s
>> 1 (350: 352 743 474) (0.099744 s)
>> 1 (318: 334 352 314) (0.099108 s)
>> 1 (256: 248 337 334) (0.098501 s)
>> 1 (449: 935 480 453) (0.097972 s)
>> 1 (482: 419 467 248) (0.09727 s)
>> 1 (510: 540 571 419) (0.09683 s)
>> 1 (507: 0 631 540) (0.095822 s)
>> 1 (594: 562 828 0) (0.093208 s)
>> 1 (617: 648 618 562) (0.091165 s)
>> 1 (626: 867 648 642) (0.08981 s)
>> 1 (868: 930 899 867) (0.088461 s)
>> 1 (919: 432 935 918) (0.08706 s)
>> 0 (-1: -1 -1 -1) (0.086413 s)
Zelikovsky- 1.22445 s
>>> get_solution
  refine_solution: new weight 189 (was 189) in 0.001541 s
>>> get_solution
  refine_solution: new weight 201 (was 201) in 0.00155 s
18,,924,4825,50,,921,0,,201,201,199,189,189,,3,3,@@

  handle_small_Steiner_degrees: steiner 0, suppress 0 in 2e-06 s
Starting round 19
Found 56 isolated vertices
Invalid ratios recomputed: 918
Best ratio is 3/2 (1.5), centered at 350
Finding the best star... Star with 3 terminals centered in 743
round took: 0.134658 s
|V| = 977, |E| = 4813, |R| = 48
>> 1 (560: 0 314 0) (0.001792 s)
>> 0 (-1: -1 -1 -1) (0.001176 s)
Zelikovsky 0.107345 s
>> 1 (318: 334 743 314) (0.098299 s)
>> 1 (256: 248 337 334) (0.097679 s)
>> 1 (449: 935 480 453) (0.097182 s)
>> 1 (482: 419 467 248) (0.096446 s)
>> 1 (510: 540 571 419) (0.095728 s)
>> 1 (507: 0 631 540) (0.094912 s)
>> 1 (594: 562 828 0) (0.092395 s)
>> 1 (617: 648 618 562) (0.090305 s)
>> 1 (626: 867 648 642) (0.089027 s)
>> 1 (868: 930 899 867) (0.087524 s)
>> 1 (919: 432 935 918) (0.086034 s)
>> 0 (-1: -1 -1 -1) (0.086038 s)
Zelikovsky- 1.11451 s
>>> get_solution
  refine_solution: new weight 189 (was 189) in 0.001536 s
>>> get_solution
  refine_solution: new weight 199 (was 199) in 0.001541 s
19,,921,4813,48,,918,0,,199,199,199,189,189,,3,3,@@

  handle_small_Steiner_degrees: steiner 0, suppress 0 in 2e-06 s
Starting round 20
Found 59 isolated vertices
Invalid ratios recomputed: 915
Best ratio is 3/2 (1.5), centered at 318
Finding the best star... Star with 3 terminals centered in 314
round took: 0.132111 s
|V| = 977, |E| = 4803, |R| = 46
>> 1 (256: 248 314 248) (0.001601 s)
>> 1 (544: 24 546 24) (0.001888 s)
>> 1 (560: 0 562 0) (0.001812 s)
>> 0 (-1: -1 -1 -1) (0.001195 s)
Zelikovsky 0.106913 s
>> 1 (256: 248 337 314) (0.096773 s)
>> 1 (449: 935 480 453) (0.09643 s)
>> 1 (482: 467 419 248) (0.09587 s)
>> 1 (510: 540 571 467) (0.09488 s)
>> 1 (507: 0 631 540) (0.094155 s)
>> 1 (594: 828 562 0) (0.091902 s)
>> 1 (617: 648 828 618) (0.089682 s)
>> 1 (626: 867 648 642) (0.088377 s)
>> 1 (868: 930 899 867) (0.08678 s)
>> 1 (919: 432 935 918) (0.085201 s)
>> 0 (-1: -1 -1 -1) (0.084799 s)
Zelikovsky- 1.00751 s
>>> get_solution
  refine_solution: new weight 189 (was 189) in 0.001532 s
>>> get_solution
  refine_solution: new weight 199 (was 199) in 0.001539 s
20,,918,4803,46,,915,0,,199,199,196,189,189,,3,3,@@

  handle_small_Steiner_degrees: steiner 0, suppress 0 in 1e-06 s
Starting round 21
Found 62 isolated vertices
Invalid ratios recomputed: 913
Best ratio is 3/2 (1.5), centered at 256
Finding the best star... Star with 3 terminals centered in 248
round took: 0.131244 s
|V| = 977, |E| = 4771, |R| = 44
>> 1 (482: 248 419 248) (0.001448 s)
>> 1 (438: 189 406 189) (0.001591 s)
>> 1 (544: 24 546 24) (0.001704 s)
>> 1 (560: 0 562 0) (0.001701 s)
>> 0 (-1: -1 -1 -1) (0.001182 s)
Zelikovsky 0.105784 s
>> 1 (449: 935 480 453) (0.09482 s)
>> 1 (482: 248 467 419) (0.093975 s)
>> 1 (510: 248 571 540) (0.09298 s)
>> 1 (507: 0 631 248) (0.092143 s)
>> 1 (594: 828 562 0) (0.089861 s)
>> 1 (617: 648 828 618) (0.087961 s)
>> 1 (626: 867 648 642) (0.086453 s)
>> 1 (868: 930 899 867) (0.084829 s)
>> 1 (919: 432 935 918) (0.083246 s)
>> 0 (-1: -1 -1 -1) (0.082878 s)
Zelikovsky- 0.891675 s
>>> get_solution
  refine_solution: new weight 189 (was 189) in 0.001542 s
>>> get_solution
  refine_solution: new weight 198 (was 198) in 0.001536 s
21,,915,4771,44,,913,0,,198,198,196,189,189,,3,3,@@

  handle_small_Steiner_degrees: steiner 0, suppress 0 in 2e-06 s
Starting round 22
Found 65 isolated vertices
Invalid ratios recomputed: 910
Best ratio is 3/2 (1.5), centered at 449
Finding the best star... Star with 3 terminals centered in 453
round took: 0.126287 s
|V| = 977, |E| = 4761, |R| = 42
>> 1 (482: 248 419 248) (0.001319 s)
>> 1 (438: 189 406 189) (0.001463 s)
>> 1 (544: 24 546 24) (0.001569 s)
>> 1 (560: 0 562 0) (0.001521 s)
>> 0 (-1: -1 -1 -1) (0.00111 s)
Zelikovsky 0.102669 s
>> 1 (482: 248 467 419) (0.09348 s)
>> 1 (510: 248 571 540) (0.092474 s)
>> 1 (507: 0 631 248) (0.09165 s)
>> 1 (594: 828 562 0) (0.08934 s)
>> 1 (617: 648 828 618) (0.087474 s)
>> 1 (626: 867 648 642) (0.086021 s)
>> 1 (868: 930 899 867) (0.084336 s)
>> 1 (919: 432 918 453) (0.082815 s)
>> 0 (-1: -1 -1 -1) (0.082382 s)
Zelikovsky- 0.792427 s
>>> get_solution
  refine_solution: new weight 189 (was 189) in 0.00154 s
>>> get_solution
  refine_solution: new weight 196 (was 196) in 0.001548 s
22,,912,4761,42,,910,0,,196,196,195,189,189,,3,3,@@

  handle_small_Steiner_degrees: steiner 0, suppress 0 in 1e-06 s
Starting round 23
Found 68 isolated vertices
Invalid ratios recomputed: 897
Best ratio is 3/2 (1.5), centered at 482
Finding the best star... Star with 3 terminals centered in 467
round took: 0.126341 s
|V| = 977, |E| = 4746, |R| = 40
>> 1 (560: 0 467 0) (0.001273 s)
>> 0 (-1: -1 -1 -1) (0.001091 s)
Zelikovsky 0.095986 s
>> 1 (510: 467 571 540) (0.091788 s)
>> 1 (507: 0 631 467) (0.090785 s)
>> 1 (594: 828 562 0) (0.088067 s)
>> 1 (617: 648 828 618) (0.086029 s)
>> 1 (626: 867 648 642) (0.084803 s)
>> 1 (868: 930 899 867) (0.083163 s)
>> 1 (919: 432 918 453) (0.081775 s)
>> 0 (-1: -1 -1 -1) (0.081374 s)
Zelikovsky- 0.690043 s
>>> get_solution
  refine_solution: new weight 189 (was 189) in 0.001528 s
>>> get_solution
  refine_solution: new weight 196 (was 196) in 0.001526 s
23,,909,4746,40,,897,0,,196,196,195,189,189,,3,3,@@

  handle_small_Steiner_degrees: steiner 0, suppress 0 in 2e-06 s
Starting round 24
Found 71 isolated vertices
Invalid ratios recomputed: 905
Best ratio is 3/2 (1.5), centered at 510
Finding the best star... Star with 3 terminals centered in 571
round took: 0.125205 s
|V| = 977, |E| = 4737, |R| = 38
>> 1 (560: 0 562 0) (0.001177 s)
>> 0 (-1: -1 -1 -1) (0.000778 s)
Zelikovsky 0.093481 s
>> 1 (507: 0 631 571) (0.089874 s)
>> 1 (594: 562 828 0) (0.087086 s)
>> 1 (617: 648 618 562) (0.085129 s)
>> 1 (626: 867 648 642) (0.083762 s)
>> 1 (868: 930 899 867) (0.082196 s)
>> 1 (919: 432 918 453) (0.081084 s)
>> 0 (-1: -1 -1 -1) (0.08047 s)
Zelikovsky- 0.591755 s
>>> get_solution
  refine_solution: new weight 189 (was 189) in 0.001527 s
>>> get_solution
  refine_solution: new weight 195 (was 195) in 0.001535 s
24,,906,4737,38,,905,0,,195,195,194,189,189,,3,3,@@

  handle_small_Steiner_degrees: steiner 0, suppress 0 in 2e-06 s
Starting round 25
Found 74 isolated vertices
Invalid ratios recomputed: 902
Best ratio is 3/2 (1.5), centered at 507
Finding the best star... Star with 3 terminals centered in 0
round took: 0.122368 s
|V| = 977, |E| = 4706, |R| = 36
>> 1 (617: 0 618 0) (0.000965 s)
>> 0 (-1: -1 -1 -1) (0.00091 s)
Zelikovsky 0.087305 s
>> 1 (594: 0 828 562) (0.086308 s)
>> 1 (617: 0 648 618) (0.084142 s)
>> 1 (626: 867 642 0) (0.08274 s)
>> 1 (868: 930 899 867) (0.081596 s)
>> 1 (919: 432 918 453) (0.080217 s)
>> 0 (-1: -1 -1 -1) (0.07984 s)
Zelikovsky- 0.496762 s
>>> get_solution
  refine_solution: new weight 189 (was 189) in 0.001531 s
>>> get_solution
  refine_solution: new weight 194 (was 194) in 0.001544 s
25,,903,4706,36,,902,0,,194,194,193,189,189,,3,3,@@

  handle_small_Steiner_degrees: steiner 0, suppress 0 in 2e-06 s
Starting round 26
Found 77 isolated vertices
Invalid ratios recomputed: 899
Best ratio is 3/2 (1.5), centered at 594
Finding the best star... Star with 3 terminals centered in 0
round took: 0.117833 s
|V| = 977, |E| = 4685, |R| = 34
>> 1 (617: 0 618 0) (0.000878 s)
>> 0 (-1: -1 -1 -1) (0.001048 s)
Zelikovsky 0.084653 s
>> 1 (617: 0 648 618) (0.083331 s)
>> 1 (626: 867 642 0) (0.08181 s)
>> 1 (868: 930 899 867) (0.080553 s)
>> 1 (919: 432 918 453) (0.079467 s)
>> 0 (-1: -1 -1 -1) (0.078895 s)
Zelikovsky- 0.405884 s
>>> get_solution
  refine_solution: new weight 189 (was 189) in 0.001528 s
>>> get_solution
  refine_solution: new weight 193 (was 193) in 0.001535 s
26,,900,4685,34,,899,0,,193,193,192,189,189,,3,3,@@

  handle_small_Steiner_degrees: steiner 0, suppress 0 in 1e-06 s
Starting round 27
Found 80 isolated vertices
Invalid ratios recomputed: 897
Best ratio is 3/2 (1.5), centered at 617
Finding the best star... Star with 3 terminals centered in 0
round took: 0.114188 s
|V| = 977, |E| = 4671, |R| = 32
>> 1 (626: 0 642 0) (0.00084 s)
>> 0 (-1: -1 -1 -1) (0.000751 s)
Zelikovsky 0.088677 s
>> 1 (626: 0 867 642) (0.081327 s)
>> 1 (868: 0 930 899) (0.079858 s)
>> 1 (919: 432 918 453) (0.078762 s)
>> 0 (-1: -1 -1 -1) (0.078407 s)
Zelikovsky- 0.319975 s
>>> get_solution
  refine_solution: new weight 189 (was 189) in 0.001573 s
>>> get_solution
  refine_solution: new weight 192 (was 192) in 0.001555 s
27,,897,4671,32,,897,0,,192,192,191,189,189,,3,3,@@

  handle_small_Steiner_degrees: steiner 0, suppress 0 in 2e-06 s
Starting round 28
Found 83 isolated vertices
Invalid ratios recomputed: 894
Best ratio is 3/2 (1.5), centered at 626
Finding the best star... Star with 3 terminals centered in 0
round took: 0.110441 s
|V| = 977, |E| = 4652, |R| = 30
>> 1 (919: 432 453 432) (0.000699 s)
>> 1 (868: 0 899 0) (0.000649 s)
>> 0 (-1: -1 -1 -1) (0.000843 s)
Zelikovsky 0.079293 s
>> 1 (868: 0 930 899) (0.078909 s)
>> 1 (919: 432 918 453) (0.077371 s)
>> 0 (-1: -1 -1 -1) (0.076976 s)
Zelikovsky- 0.234768 s
>>> get_solution
  refine_solution: new weight 189 (was 189) in 0.001532 s
>>> get_solution
  refine_solution: new weight 191 (was 191) in 0.001531 s
28,,894,4652,30,,894,0,,191,191,189,189,189,,3,3,@@

  handle_small_Steiner_degrees: steiner 0, suppress 0 in 1e-06 s
Starting round 29
Found 86 isolated vertices
Invalid ratios recomputed: 891
Best ratio is 3/2 (1.5), centered at 868
Finding the best star... Star with 3 terminals centered in 0
round took: 0.107269 s
|V| = 977, |E| = 4638, |R| = 28
>> 1 (919: 432 453 432) (0.000632 s)
>> 0 (-1: -1 -1 -1) (0.000575 s)
Zelikovsky 0.075735 s
>> 1 (919: 432 918 453) (0.076702 s)
>> 0 (-1: -1 -1 -1) (0.07625 s)
Zelikovsky- 0.154323 s
>>> get_solution
  refine_solution: new weight 189 (was 189) in 0.001532 s
>>> get_solution
  refine_solution: new weight 190 (was 190) in 0.001526 s
29,,891,4638,28,,891,0,,190,190,189,189,189,,3,3,@@

  handle_small_Steiner_degrees: steiner 0, suppress 0 in 1e-06 s
Starting round 30
Found 89 isolated vertices
Invalid ratios recomputed: 888
Best ratio is 3/2 (1.5), centered at 919
Finding the best star... Star with 3 terminals centered in 918
round took: 0.104361 s
|V| = 977, |E| = 4628, |R| = 26
>> 0 (-1: -1 -1 -1) (0.00057 s)
Zelikovsky 0.073925 s
>> 0 (-1: -1 -1 -1) (0.075654 s)
Zelikovsky- 0.076922 s
>>> get_solution
  refine_solution: new weight 189 (was 189) in 0.001542 s
>>> get_solution
  refine_solution: new weight 189 (was 189) in 0.001519 s
30,,888,4628,26,,888,0,,189,189,189,189,189,,3,3,@@

  handle_small_Steiner_degrees: steiner 0, suppress 0 in 2e-06 s
Starting round 31
Found 92 isolated vertices
Invalid ratios recomputed: 885
Best ratio is 11/6 (1.8), centered at 683
Finding the best star... Star with 7 terminals centered in 0
round took: 0.103767 s
|V| = 977, |E| = 4537, |R| = 20
>> 0 (-1: -1 -1 -1) (0.000366 s)
Zelikovsky 0.064301 s
>> 0 (-1: -1 -1 -1) (0.066417 s)
Zelikovsky- 0.067653 s
>>> get_solution
  refine_solution: new weight 188 (was 188) in 0.001536 s
>>> get_solution
  refine_solution: new weight 188 (was 188) in 0.001525 s
31,,885,4537,20,,885,0,,188,188,188,188,188,,11,7,@@

  handle_small_Steiner_degrees: steiner 0, suppress 0 in 2e-06 s
Starting round 32
Found 103 isolated vertices
Invalid ratios recomputed: 874
Best ratio is 36/19 (1.9), centered at 608
Finding the best star... Star with 20 terminals centered in 766
round took: 0.088564 s
|V| = 977, |E| = 4281, |R| = 1
Zelikovsky 0.042539 s
Zelikovsky- 0.001214 s
>>> get_solution
  refine_solution: new weight 186 (was 186) in 0.001533 s
>>> get_solution
  refine_solution: new weight 186 (was 186) in 0.001519 s
32,,874,4281,1,,874,0,,186,186,186,186,186,,36,20,@@

  handle_small_Steiner_degrees: steiner 0, suppress 0 in 1e-06 s
contract_till_the_bitter_end: 61.9701 s

Calling end_heu
>>> get_solution
Saved weight 47
end_heu: 0 loops with 0 unique solutions in 4.3e-05 s

Calling print_solution
>>> get_solution
  refine_solution: new weight 186 (was 186) in 0.001572 s
## FINAL WEIGHT 186
print_solution: 0.00216 s
