Version: final-94-gfffc3aa rub_all.sh: remove longest prefix
Random seed: 1566439525
Start
>>> save_orig_graph
>> Saved weight 0
Graph loaded
|V| = 204622, |E| = 318136, |R| = 5556
First clearance of the input. Calling buy_zero and run_all_heuristics.
  buy_zero: 9355 zero edges in 0.015474 s
  handle_small_terminal_degrees: terms 0 in 0.000155 s
  handle_small_Steiner_degrees: steiner 2, suppress 64227 in 0.034275 s
  shortest_edge_between_terminals: 0 edges in 0.001243 s
  handle_small_terminal_degrees: terms 0 in 0.000155 s
  handle_small_Steiner_degrees: steiner 1, suppress 349 in 0.00073 s
  shortest_edge_between_terminals: 0 edges in 0.001197 s
  handle_small_terminal_degrees: terms 0 in 0.000162 s
  handle_small_Steiner_degrees: steiner 0, suppress 35 in 0.000309 s
  shortest_edge_between_terminals: 0 edges in 0.0008 s
  handle_small_terminal_degrees: terms 0 in 0.000153 s
  handle_small_Steiner_degrees: steiner 0, suppress 20 in 0.000294 s
  shortest_edge_between_terminals: 0 edges in 0.000663 s
  handle_small_terminal_degrees: terms 0 in 0.000156 s
  handle_small_Steiner_degrees: steiner 0, suppress 14 in 0.000301 s
  shortest_edge_between_terminals: 0 edges in 0.000668 s
  handle_small_terminal_degrees: terms 0 in 0.000153 s
  handle_small_Steiner_degrees: steiner 0, suppress 11 in 0.000289 s
  shortest_edge_between_terminals: 0 edges in 0.000788 s
  handle_small_terminal_degrees: terms 0 in 0.000153 s
  handle_small_Steiner_degrees: steiner 0, suppress 4 in 0.000286 s
  shortest_edge_between_terminals: 0 edges in 0.000701 s
  handle_small_terminal_degrees: terms 0 in 0.000156 s
  handle_small_Steiner_degrees: steiner 0, suppress 3 in 0.000284 s
  shortest_edge_between_terminals: 0 edges in 0.000641 s
  handle_small_terminal_degrees: terms 0 in 0.000171 s
  handle_small_Steiner_degrees: steiner 0, suppress 2 in 0.000283 s
  shortest_edge_between_terminals: 0 edges in 0.000653 s
  handle_small_terminal_degrees: terms 0 in 0.00016 s
  handle_small_Steiner_degrees: steiner 0, suppress 2 in 0.000283 s
  shortest_edge_between_terminals: 0 edges in 0.000642 s
  handle_small_terminal_degrees: terms 0 in 0.000156 s
  handle_small_Steiner_degrees: steiner 0, suppress 3 in 0.000285 s
  shortest_edge_between_terminals: 0 edges in 0.000626 s
  handle_small_terminal_degrees: terms 0 in 0.000152 s
  handle_small_Steiner_degrees: steiner 0, suppress 2 in 0.000283 s
  shortest_edge_between_terminals: 0 edges in 0.000653 s
  handle_small_terminal_degrees: terms 0 in 0.000158 s
  handle_small_Steiner_degrees: steiner 0, suppress 3 in 0.000284 s
  shortest_edge_between_terminals: 0 edges in 0.000649 s
  handle_small_terminal_degrees: terms 0 in 0.000157 s
  handle_small_Steiner_degrees: steiner 0, suppress 1 in 0.000283 s
  shortest_edge_between_terminals: 0 edges in 0.000622 s
  handle_small_terminal_degrees: terms 0 in 0.000157 s
  handle_small_Steiner_degrees: steiner 0, suppress 4 in 0.000285 s
  shortest_edge_between_terminals: 0 edges in 0.000611 s
  handle_small_terminal_degrees: terms 0 in 0.000157 s
  handle_small_Steiner_degrees: steiner 0, suppress 2 in 0.000301 s
  shortest_edge_between_terminals: 0 edges in 0.000624 s
  handle_small_terminal_degrees: terms 0 in 0.000159 s
  handle_small_Steiner_degrees: steiner 0, suppress 2 in 0.000284 s
  shortest_edge_between_terminals: 0 edges in 0.000647 s
  handle_small_terminal_degrees: terms 0 in 0.000153 s
  handle_small_Steiner_degrees: steiner 0, suppress 0 in 0.000283 s
  shortest_edge_between_terminals: 0 edges in 0.00062 s
Compressed graph 204622 -> 131059
  delete_edges: deleted 10490 edges in 0.279592 s and 6 rounds
  handle_small_terminal_degrees: terms 0 in 0.000125 s
  handle_small_Steiner_degrees: steiner 64, suppress 6121 in 0.005579 s
  shortest_edge_between_terminals: 0 edges in 0.001027 s
  handle_small_terminal_degrees: terms 4 in 0.000118 s
  handle_small_Steiner_degrees: steiner 0, suppress 78 in 0.000269 s
  shortest_edge_between_terminals: 0 edges in 0.00057 s
  handle_small_terminal_degrees: terms 0 in 9.9e-05 s
  handle_small_Steiner_degrees: steiner 0, suppress 8 in 0.000207 s
  shortest_edge_between_terminals: 0 edges in 0.000519 s
  handle_small_terminal_degrees: terms 0 in 9.8e-05 s
  handle_small_Steiner_degrees: steiner 0, suppress 1 in 0.000188 s
  shortest_edge_between_terminals: 0 edges in 0.000482 s
  handle_small_terminal_degrees: terms 0 in 9.8e-05 s
  handle_small_Steiner_degrees: steiner 0, suppress 0 in 0.0002 s
  shortest_edge_between_terminals: 0 edges in 0.00047 s
Compressed graph 131059 -> 124783
  delete_edges_shortest_path: deleted 17062 edges in 3.91888 s
  handle_small_terminal_degrees: terms 12 in 0.000151 s
  handle_small_Steiner_degrees: steiner 1736, suppress 13492 in 0.018073 s
  shortest_edge_between_terminals: 0 edges in 0.00135 s
  handle_small_terminal_degrees: terms 31 in 0.000259 s
  handle_small_Steiner_degrees: steiner 25, suppress 1602 in 0.00217 s
  shortest_edge_between_terminals: 0 edges in 0.001074 s
  handle_small_terminal_degrees: terms 16 in 0.000218 s
  handle_small_Steiner_degrees: steiner 2, suppress 135 in 0.000436 s
  shortest_edge_between_terminals: 0 edges in 0.000657 s
  handle_small_terminal_degrees: terms 3 in 0.000191 s
  handle_small_Steiner_degrees: steiner 1, suppress 8 in 0.000293 s
  shortest_edge_between_terminals: 0 edges in 0.000526 s
  handle_small_terminal_degrees: terms 0 in 0.000207 s
  handle_small_Steiner_degrees: steiner 0, suppress 2 in 0.000287 s
  shortest_edge_between_terminals: 0 edges in 0.000498 s
  handle_small_terminal_degrees: terms 0 in 0.000184 s
  handle_small_Steiner_degrees: steiner 0, suppress 0 in 0.000284 s
  shortest_edge_between_terminals: 0 edges in 0.000538 s
Compressed graph 124783 -> 107718
  handle_small_terminal_degrees: terms 0 in 8.8e-05 s
  handle_small_Steiner_degrees: steiner 0, suppress 26 in 0.000207 s
  shortest_edge_between_terminals: 14 edges in 0.002315 s
  handle_small_terminal_degrees: terms 0 in 0.000101 s
  handle_small_Steiner_degrees: steiner 1, suppress 20 in 0.000193 s
  shortest_edge_between_terminals: 0 edges in 0.001637 s
  handle_small_terminal_degrees: terms 1 in 9.1e-05 s
  handle_small_Steiner_degrees: steiner 0, suppress 7 in 0.000184 s
  shortest_edge_between_terminals: 0 edges in 0.001165 s
  handle_small_terminal_degrees: terms 0 in 8.8e-05 s
  handle_small_Steiner_degrees: steiner 0, suppress 1 in 0.000175 s
  shortest_edge_between_terminals: 0 edges in 0.000813 s
  handle_small_terminal_degrees: terms 0 in 8.7e-05 s
  handle_small_Steiner_degrees: steiner 0, suppress 0 in 0.000173 s
  shortest_edge_between_terminals: 0 edges in 0.000792 s
Compressed graph 107718 -> 107545
  delete_edges_shortest_path: deleted 2442 edges in 3.70187 s
  handle_small_terminal_degrees: terms 14 in 0.000165 s
  handle_small_Steiner_degrees: steiner 43, suppress 2393 in 0.004812 s
  shortest_edge_between_terminals: 4 edges in 0.002009 s
  handle_small_terminal_degrees: terms 5 in 0.00011 s
  handle_small_Steiner_degrees: steiner 4, suppress 129 in 0.000381 s
  shortest_edge_between_terminals: 0 edges in 0.001374 s
  handle_small_terminal_degrees: terms 6 in 0.000107 s
  handle_small_Steiner_degrees: steiner 1, suppress 7 in 0.000184 s
  shortest_edge_between_terminals: 0 edges in 0.001 s
  handle_small_terminal_degrees: terms 1 in 8.5e-05 s
  handle_small_Steiner_degrees: steiner 0, suppress 0 in 0.000173 s
  shortest_edge_between_terminals: 0 edges in 0.000803 s
  handle_small_terminal_degrees: terms 0 in 8.1e-05 s
  handle_small_Steiner_degrees: steiner 0, suppress 0 in 0.000172 s
  shortest_edge_between_terminals: 0 edges in 0.000753 s
Compressed graph 107545 -> 104939
Compressed graph 104939 -> 104939
>>> save_orig_graph
>> Saved weight 810607
### ZEL_LVL=9 PRECISE_STARS=1

Calling `contract_till_the_bitter_end`
|V| = 104939, |E| = 179789, |R| = 5555
