Version: final-94-gfffc3aa rub_all.sh: remove longest prefix
Random seed: 1555135421
Start
>>> save_orig_graph
>> Saved weight 0
Graph loaded
|V| = 72702, |E| = 115430, |R| = 1790
First clearance of the input. Calling buy_zero and run_all_heuristics.
  buy_zero: 36 zero edges in 0.00064 s
  handle_small_terminal_degrees: terms 0 in 5.6e-05 s
  handle_small_Steiner_degrees: steiner 4, suppress 0 in 9.8e-05 s
  shortest_edge_between_terminals: 0 edges in 6.8e-05 s
  handle_small_terminal_degrees: terms 0 in 5.5e-05 s
  handle_small_Steiner_degrees: steiner 0, suppress 2 in 0.0001 s
  shortest_edge_between_terminals: 0 edges in 2.8e-05 s
  handle_small_terminal_degrees: terms 0 in 5.4e-05 s
  handle_small_Steiner_degrees: steiner 0, suppress 0 in 9.5e-05 s
  shortest_edge_between_terminals: 0 edges in 2.7e-05 s
Compressed graph 72702 -> 72659
  delete_edges: deleted 4138 edges in 0.042764 s and 4 rounds
  handle_small_terminal_degrees: terms 59 in 0.000104 s
  handle_small_Steiner_degrees: steiner 47, suppress 2919 in 0.001649 s
  shortest_edge_between_terminals: 0 edges in 5.9e-05 s
  handle_small_terminal_degrees: terms 1 in 5.6e-05 s
  handle_small_Steiner_degrees: steiner 0, suppress 45 in 0.000129 s
  shortest_edge_between_terminals: 0 edges in 3.1e-05 s
  handle_small_terminal_degrees: terms 2 in 5.6e-05 s
  handle_small_Steiner_degrees: steiner 0, suppress 1 in 9.7e-05 s
  shortest_edge_between_terminals: 0 edges in 2.9e-05 s
  handle_small_terminal_degrees: terms 1 in 5.6e-05 s
  handle_small_Steiner_degrees: steiner 0, suppress 0 in 9.6e-05 s
  shortest_edge_between_terminals: 0 edges in 2.9e-05 s
  handle_small_terminal_degrees: terms 0 in 5.5e-05 s
  handle_small_Steiner_degrees: steiner 0, suppress 0 in 9.4e-05 s
  shortest_edge_between_terminals: 0 edges in 3e-05 s
Compressed graph 72659 -> 69584
  delete_edges_shortest_path: deleted 6634 edges in 16.6137 s
  handle_small_terminal_degrees: terms 1024 in 0.000726 s
  handle_small_Steiner_degrees: steiner 1149, suppress 6458 in 0.002689 s
  shortest_edge_between_terminals: 4 edges in 6.5e-05 s
  handle_small_terminal_degrees: terms 303 in 0.000204 s
  handle_small_Steiner_degrees: steiner 13, suppress 200 in 0.000166 s
  shortest_edge_between_terminals: 10 edges in 3.9e-05 s
  handle_small_terminal_degrees: terms 14 in 7.1e-05 s
  handle_small_Steiner_degrees: steiner 2, suppress 33 in 0.0001 s
  shortest_edge_between_terminals: 0 edges in 3.2e-05 s
  handle_small_terminal_degrees: terms 0 in 5.2e-05 s
  handle_small_Steiner_degrees: steiner 2, suppress 16 in 9.3e-05 s
  shortest_edge_between_terminals: 0 edges in 3.1e-05 s
  handle_small_terminal_degrees: terms 0 in 5.1e-05 s
  handle_small_Steiner_degrees: steiner 1, suppress 12 in 9.1e-05 s
  shortest_edge_between_terminals: 0 edges in 3.1e-05 s
  handle_small_terminal_degrees: terms 0 in 5.2e-05 s
  handle_small_Steiner_degrees: steiner 1, suppress 8 in 8.9e-05 s
  shortest_edge_between_terminals: 0 edges in 3.1e-05 s
  handle_small_terminal_degrees: terms 0 in 5.1e-05 s
  handle_small_Steiner_degrees: steiner 0, suppress 5 in 8.7e-05 s
  shortest_edge_between_terminals: 0 edges in 3.1e-05 s
  handle_small_terminal_degrees: terms 0 in 5.1e-05 s
  handle_small_Steiner_degrees: steiner 0, suppress 3 in 8.6e-05 s
  shortest_edge_between_terminals: 0 edges in 3.1e-05 s
  handle_small_terminal_degrees: terms 0 in 5.1e-05 s
  handle_small_Steiner_degrees: steiner 0, suppress 3 in 8.5e-05 s
  shortest_edge_between_terminals: 0 edges in 3e-05 s
  handle_small_terminal_degrees: terms 0 in 5.2e-05 s
  handle_small_Steiner_degrees: steiner 0, suppress 2 in 8.5e-05 s
  shortest_edge_between_terminals: 0 edges in 3.1e-05 s
  handle_small_terminal_degrees: terms 0 in 5.1e-05 s
  handle_small_Steiner_degrees: steiner 0, suppress 1 in 8.4e-05 s
  shortest_edge_between_terminals: 0 edges in 3.1e-05 s
  handle_small_terminal_degrees: terms 0 in 5.2e-05 s
  handle_small_Steiner_degrees: steiner 0, suppress 0 in 8.4e-05 s
  shortest_edge_between_terminals: 0 edges in 3e-05 s
Compressed graph 69584 -> 60325
  handle_small_terminal_degrees: terms 0 in 4.5e-05 s
  handle_small_Steiner_degrees: steiner 0, suppress 32 in 9.6e-05 s
  shortest_edge_between_terminals: 36 edges in 0.000124 s
  handle_small_terminal_degrees: terms 0 in 4.5e-05 s
  handle_small_Steiner_degrees: steiner 0, suppress 8 in 7.9e-05 s
  shortest_edge_between_terminals: 0 edges in 3.3e-05 s
  handle_small_terminal_degrees: terms 0 in 4.5e-05 s
  handle_small_Steiner_degrees: steiner 0, suppress 0 in 7.4e-05 s
  shortest_edge_between_terminals: 0 edges in 3.2e-05 s
Compressed graph 60325 -> 60036
  delete_edges_shortest_path: deleted 1314 edges in 3.39812 s
  handle_small_terminal_degrees: terms 103 in 0.000136 s
  handle_small_Steiner_degrees: steiner 46, suppress 2102 in 0.001 s
  shortest_edge_between_terminals: 5 edges in 8.8e-05 s
  handle_small_terminal_degrees: terms 5 in 4.8e-05 s
  handle_small_Steiner_degrees: steiner 7, suppress 80 in 0.000101 s
  shortest_edge_between_terminals: 0 edges in 3.4e-05 s
  handle_small_terminal_degrees: terms 0 in 4.5e-05 s
  handle_small_Steiner_degrees: steiner 5, suppress 36 in 8.6e-05 s
  shortest_edge_between_terminals: 0 edges in 3.3e-05 s
  handle_small_terminal_degrees: terms 0 in 4.5e-05 s
  handle_small_Steiner_degrees: steiner 3, suppress 31 in 8e-05 s
  shortest_edge_between_terminals: 0 edges in 3.3e-05 s
  handle_small_terminal_degrees: terms 0 in 4.4e-05 s
  handle_small_Steiner_degrees: steiner 3, suppress 15 in 7.6e-05 s
  shortest_edge_between_terminals: 0 edges in 3.3e-05 s
  handle_small_terminal_degrees: terms 0 in 4.5e-05 s
  handle_small_Steiner_degrees: steiner 3, suppress 17 in 7.6e-05 s
  shortest_edge_between_terminals: 0 edges in 3.3e-05 s
  handle_small_terminal_degrees: terms 0 in 4.5e-05 s
  handle_small_Steiner_degrees: steiner 1, suppress 11 in 7.5e-05 s
  shortest_edge_between_terminals: 0 edges in 3.3e-05 s
  handle_small_terminal_degrees: terms 0 in 4.4e-05 s
  handle_small_Steiner_degrees: steiner 1, suppress 8 in 7.4e-05 s
  shortest_edge_between_terminals: 0 edges in 3.2e-05 s
  handle_small_terminal_degrees: terms 0 in 4.5e-05 s
  handle_small_Steiner_degrees: steiner 1, suppress 1 in 7e-05 s
  shortest_edge_between_terminals: 0 edges in 3.2e-05 s
  handle_small_terminal_degrees: terms 0 in 4.5e-05 s
  handle_small_Steiner_degrees: steiner 0, suppress 1 in 7e-05 s
  shortest_edge_between_terminals: 0 edges in 3.3e-05 s
  handle_small_terminal_degrees: terms 0 in 4.4e-05 s
  handle_small_Steiner_degrees: steiner 0, suppress 0 in 7e-05 s
  shortest_edge_between_terminals: 0 edges in 3.2e-05 s
Compressed graph 60036 -> 57552
Compressed graph 57552 -> 57552
>>> save_orig_graph
>> Saved weight 255600832
### ZEL_LVL=9 PRECISE_STARS=0

Calling `contract_till_the_bitter_end`
|V| = 57552, |E| = 87638, |R| = 1747
>> 29925 (7539: 10314 10334 10314) (27.0428 s)
>> 20964 (6929: 10759 10784 10759) (21.8225 s)
>> 18078 (26082: 9094 9100 9094) (17.7802 s)
>> 13566 (44333: 10696 10751 10696) (17.2073 s)
>> 12108 (2085: 9050 9054 9050) (26.0343 s)
>> 12092 (4112: 9864 9928 9864) (22.5114 s)
>> 11663 (23106: 8996 9006 8996) (16.8262 s)
>> 11585 (9038: 9030 9034 9030) (16.7248 s)
>> 11216 (27351: 9235 9278 9235) (16.1123 s)
>> 10815 (50645: 9090 9092 9090) (23.635 s)
>> 10739 (32308: 8945 8954 8945) (22.1869 s)
>> 10642 (28939: 9259 9329 9259) (18.5334 s)
>> 10272 (6542: 8949 8952 8949) (17.2647 s)
>> 10185 (54458: 9180 9184 9180) (16.1085 s)
>> 10025 (44017: 10717 10746 10717) (16.1334 s)
>> 9824 (40977: 10320 10349 10320) (25.7063 s)
>> 8999 (2794: 9106 9133 9106) (23.7348 s)
>> 8776 (4284: 10971 10981 10971) (17.2922 s)
>> 8392 (49465: 8969 8970 8969) (16.9162 s)
>> 7975 (8623: 9688 9730 9688) (16.4545 s)
>> 7866 (6356: 9122 9125 9122) (20.0362 s)
>> 7742 (45934: 9226 9229 9226) (23.0339 s)
>> 7705 (55921: 10186 10403 10186) (21.0228 s)
>> 7689 (7364: 10418 10443 10418) (17.4295 s)
>> 7537 (47504: 8931 8939 8931) (16.9414 s)
>> 7367 (17975: 10339 10433 10339) (16.5354 s)
>> 7319 (9655: 9609 9626 9609) (22.6343 s)
>> 6803 (20613: 9732 9734 9732) (22.3141 s)
>> 6755 (14725: 9571 9651 9571) (19.1123 s)
>> 6620 (32162: 9028 9043 9028) (17.216 s)
>> 6550 (48474: 10771 10787 10771) (16.6312 s)
>> 6456 (35981: 9074 9080 9074) (17.2383 s)
>> 6344 (6299: 9164 9166 9164) (24.5392 s)
>> 6317 (9112: 9108 9111 9108) (22.1798 s)
>> 6205 (54744: 9203 9215 9203) (17.2906 s)
>> 6109 (35028: 9441 9446 9441) (17.1617 s)
>> 6107 (52783: 9062 9067 9062) (17.4154 s)
>> 6104 (35011: 9173 9179 9173) (23.9473 s)
>> 6016 (28196: 9064 9066 9064) (22.8284 s)
>> 5827 (54104: 10735 10750 10735) (18.2335 s)
>> 5677 (40486: 10834 10846 10834) (17.5476 s)
>> 5637 (6506: 8976 8983 8976) (25.0338 s)
>> 5535 (6267: 9205 9208 9205) (23.4795 s)
>> 5531 (2514: 8953 8958 8953) (18.2591 s)
>> 5504 (42392: 9498 9547 9498) (17.6558 s)
>> 5456 (12713: 10710 10713 10710) (20.8933 s)
>> 5268 (25150: 10732 10737 10732) (23.3326 s)
>> 5128 (7063: 10675 10683 10675) (20.3836 s)
>> 5042 (8179: 9930 9936 9930) (17.8619 s)
>> 5022 (13978: 9029 9044 9029) (17.3861 s)
>> 4989 (9303: 9301 9310 9301) (24.1502 s)
>> 4963 (6608: 10988 10994 10988) (23.2679 s)
>> 4907 (7738: 10202 10217 10202) (18.8369 s)
>> 4767 (7622: 10196 10273 10196) (17.9662 s)
>> 4752 (21028: 9577 9605 9577) (24.7269 s)
>> 4654 (6447: 9012 9013 9012) (23.9542 s)
>> 4630 (42271: 8984 8986 8984) (18.856 s)
>> 4628 (29745: 9061 9065 9061) (18.0799 s)
>> 4622 (52836: 10641 10645 10641) (25.7622 s)
>> 4611 (8406: 9820 9824 9820) (23.7472 s)
>> 4602 (6835: 10825 10836 10825) (19.2128 s)
>> 4576 (22656: 9097 9102 9097) (18.0468 s)
>> 4576 (17030: 10718 10726 10718) (23.962 s)
>> 4568 (17239: 10679 10680 10679) (23.3792 s)
>> 4556 (6841: 10821 10835 10821) (20.0623 s)
>> 4444 (23094: 8994 9009 8994) (17.8138 s)
>> 4384 (4905: 10744 10753 10744) (23.7239 s)
>> 4330 (6233: 9220 9225 9220) (23.4178 s)
>> 4313 (3024: 10392 10404 10392) (19.5056 s)
>> 4313 (7341: 10427 10459 10427) (18.3216 s)
>> 4304 (52458: 9002 9010 9002) (27.1266 s)
>> 4298 (19010: 10113 10123 10113) (23.7334 s)
>> 4282 (43847: 10982 10993 10982) (21.2967 s)
>> 7469 (16156: 10970 11001 10970) (30.5787 s)
>> 4278 (8856: 9566 9595 9566) (27.4543 s)
>> 4271 (6183: 9256 9269 9256) (21.974 s)
>> 4193 (21506: 9145 9425 9145) (20.6474 s)
>> 4182 (6825: 10838 10839 10838) (27.843 s)
>> 4142 (25990: 10545 10558 10545) (21.1228 s)
>> 4115 (46180: 10960 10968 10960) (25.438 s)
>> 4112 (6643: 10986 10989 10986) (28.6721 s)
>> 4089 (7019: 10695 10697 10695) (21.3751 s)
>> 4084 (43567: 11010 11019 11010) (22.0103 s)
>> 4069 (32728: 9899 9963 9899) (26.5272 s)
>> 4056 (54322: 9812 9815 9812) (22.0915 s)
>> 4008 (8771: 9580 9674 9580) (19.7492 s)
>> 3981 (22618: 9109 9118 9109) (26.0893 s)
>> 3979 (9664: 9663 9700 9663) (24.0802 s)
>> 3969 (44685: 10867 10875 10867) (20.1226 s)
>> 3885 (18832: 10180 10185 10180) (21.8204 s)
>> 3867 (50285: 9923 9975 9923) (24.5807 s)
>> 3852 (8167: 9903 9939 9903) (21.8284 s)
>> 3840 (8004: 9997 10029 9997) (20.6433 s)
>> 3819 (11343: 9922 9935 9922) (16.6794 s)
>> 4180 (8334: 9835 9852 9835) (16.9327 s)
>> 3799 (2017: 9875 9878 9875) (17.1743 s)
>> 3786 (4671: 9676 9681 9676) (17.1045 s)
>> 3786 (16863: 10761 10764 10761) (17.1137 s)
>> 3765 (20838: 9579 9617 9579) (17.153 s)
>> 3750 (8055: 9993 10000 9993) (16.9637 s)
>> 3701 (35170: 10762 10770 10762) (18.4725 s)
>> 3683 (20689: 9710 9721 9710) (17.3859 s)
>> 3665 (8523: 9752 9769 9752) (19.1447 s)
>> 3663 (30164: 10862 10877 10862) (17.3766 s)
>> 3639 (21373: 9437 9456 9437) (17.0334 s)
>> 3635 (27172: 9551 21173 9551) (17.3622 s)
>> 3632 (44104: 10566 10567 10566) (19.7793 s)
>> 3624 (39665: 10389 10410 10389) (16.9366 s)
>> 3617 (9188: 9186 9189 9186) (16.8973 s)
>> 3617 (6721: 10938 10939 10938) (16.8754 s)
>> 3595 (20645: 9717 9729 9717) (17.3247 s)
>> 3839 (20296: 9775 9791 9775) (16.7871 s)
>> 3540 (12900: 10134 10148 10134) (24.4085 s)
>> 3514 (10931: 10926 10929 10926) (19.8369 s)
>> 3512 (7010: 10698 10708 10698) (19.1632 s)
>> 3501 (21278: 9444 9495 9444) (26.9019 s)
>> 3499 (3554: 10177 10209 10177) (23.2023 s)
>> 3492 (19898: 9839 9845 9839) (19.0955 s)
>> 3444 (21236: 9509 9522 9509) (25.8172 s)
>> 3441 (3631: 9449 9473 9449) (25.4391 s)
>> 3441 (51672: 10885 10889 10885) (19.1853 s)
>> 3409 (3767: 10803 10804 10803) (23.2387 s)
>> 3404 (48012: 10850 10858 10850) (27.0371 s)
>> 3403 (10578: 10575 10577 10575) (21.0485 s)
>> 3389 (11406: 10479 10501 10479) (18.9998 s)
>> 3387 (22546: 9134 9135 9134) (27.1705 s)
>> 3378 (14217: 9232 9245 9232) (23.3082 s)
>> 3354 (54554: 10032 10112 10032) (18.5817 s)
>> 3331 (12254: 10772 10774 10772) (23.4568 s)
>> 3329 (5502: 9291 9294 9291) (26.4825 s)
>> 3316 (21863: 9293 9305 9293) (20.6467 s)
>> 3266 (24056: 9757 9771 9757) (20.6349 s)
>> 3472 (26188: 9774 9789 9774) (27.4384 s)
>> 3228 (10051: 10049 10033 10049) (22.5146 s)
>> 3204 (56123: 10399 10422 10399) (18.9701 s)
>> 3196 (6067: 9321 9357 9321) (25.3342 s)
>> 3183 (1212: 10269 10274 10269) (25.2119 s)
>> 3168 (33522: 10100 10149 10100) (19.6042 s)
>> 4334 (18978: 10075 10153 10075) (19.963 s)
>> 3162 (3027: 10456 10464 10456) (25.8727 s)
>> 3156 (7571: 10237 10333 10237) (22.5235 s)
>> 3096 (22223: 9213 9217 9213) (18.639 s)
>> 3095 (17869: 10449 10463 10449) (24.8654 s)
>> 3089 (6724: 10903 10924 10903) (24.8409 s)
>> 3052 (5792: 9483 9485 9483) (20.096 s)
>> 3047 (42881: 9260 9272 9260) (20.5444 s)
>> 3032 (11591: 9315 9317 9315) (28.2595 s)
>> 3020 (41043: 10324 10326 10324) (22.5363 s)
>> 3015 (8508: 9768 9781 9768) (19.1619 s)
>> 3007 (3089: 10890 10899 10890) (17.7437 s)
>> 2973 (6769: 10864 10891 10864) (24.9354 s)
>> 2952 (11610: 9382 9391 9382) (17.5826 s)
>> 2951 (7630: 10254 10271 10254) (17.6604 s)
>> 2950 (14102: 9251 9253 9251) (18.4406 s)
>> 2943 (10824: 10819 10822 10819) (17.8991 s)
>> 2935 (21561: 9375 9396 9375) (17.4099 s)
>> 2913 (20002: 9827 9829 9827) (17.3218 s)
>> 2912 (7581: 10288 10302 10288) (17.4068 s)
>> 2911 (21940: 9283 9304 9283) (17.6787 s)
>> 2891 (5897: 9421 9435 9421) (17.1886 s)
>> 2888 (20397: 9786 9797 9786) (17.3776 s)
>> 2870 (8010: 10021 10026 10021) (17.2416 s)
>> 2867 (7646: 10249 10268 10249) (17.7582 s)
>> 2844 (56818: 10071 10074 10071) (17.3085 s)
>> 2817 (14822: 10306 10344 10306) (17.1412 s)
>> 2812 (22189: 9214 9241 9214) (17.2116 s)
>> 2811 (10281: 10272 10279 10272) (17.4265 s)
>> 2798 (46803: 9636 9678 9636) (17.8577 s)
>> 2797 (7804: 10147 10155 10147) (17.3177 s)
>> 2797 (7715: 10231 10250 10231) (17.4837 s)
>> 2795 (8723: 9622 9675 9622) (17.3282 s)
>> 2782 (15774: 9163 9165 9163) (18.295 s)
>> 2774 (52823: 10027 10037 10027) (17.222 s)
>> 2753 (21322: 9453 9466 9453) (17.3814 s)
>> 3986 (48902: 9477 9488 9477) (17.3487 s)
>> 2749 (17775: 10507 10509 10507) (17.9705 s)
>> 2743 (3209: 9263 9267 9263) (17.5249 s)
>> 2740 (19122: 10072 10088 10072) (17.0693 s)
>> 2753 (10094: 10092 10103 10092) (17.4102 s)
>> 2724 (9639: 9635 9637 9635) (17.536 s)
>> 2711 (28609: 10782 10795 10782) (17.8654 s)
>> 2684 (16572: 10826 10828 10826) (18.0835 s)
>> 2664 (17288: 10661 10669 10661) (18.6354 s)
>> 2637 (13116: 10108 10119 10108) (18.7435 s)
>> 3633 (7819: 10138 10151 10138) (19.9423 s)
>> 2610 (8754: 9649 9666 9649) (18.0457 s)
>> 2604 (7478: 10346 10369 10346) (17.9417 s)
>> 2589 (6938: 10780 10781 10780) (18.765 s)
>> 2588 (6041: 9369 9383 9369) (19.9717 s)
>> 3624 (5532: 9346 9374 9346) (17.8514 s)
>> 2569 (5635: 10367 10383 10367) (18.0875 s)
>> 2568 (3208: 9276 9281 9276) (18.1835 s)
>> 2550 (22769: 9082 9084 9082) (19.3282 s)
>> 2543 (44882: 9842 9860 9842) (18.9378 s)
>> 2533 (5534: 9418 9429 9418) (18.0531 s)
>> 2522 (3655: 10420 10426 10420) (18.2811 s)
>> 2517 (20434: 9776 9782 9776) (18.5177 s)
>> 2513 (1500: 9953 9986 9953) (19.18 s)
>> 2509 (595: 10162 10165 10162) (17.9365 s)
>> 2505 (1836: 9541 9552 9541) (18.737 s)
>> 2499 (19569: 9937 9955 9937) (18.249 s)
>> 2490 (6387: 9071 9076 9071) (19.8861 s)
>> 2463 (56817: 9659 9684 9659) (18.1348 s)
>> 2462 (7425: 10397 10402 10397) (18.1649 s)
>> 2442 (3204: 9266 9282 9266) (18.2636 s)
>> 2432 (7530: 10338 10371 10338) (19.3671 s)
>> 2421 (22469: 9149 9160 9149) (18.723 s)
>> 2411 (7490: 10350 10365 10350) (18.1449 s)
>> 2372 (30780: 9959 10175 9959) (18.3617 s)
>> 2364 (44037: 10901 10915 10901) (18.7242 s)
>> 3519 (52944: 10933 10940 10933) (19.5515 s)
>> 2332 (12194: 10213 10233 10213) (17.9225 s)
>> 2332 (18489: 10251 10267 10251) (17.9459 s)
>> 2301 (8140: 9895 9944 9895) (18.1098 s)
>> 2297 (8875: 9558 9565 9558) (19.3806 s)
>> 2296 (30863: 10136 10142 10136) (18.5772 s)
>> 2289 (24380: 10654 10656 10654) (18.0881 s)
>> 2274 (38047: 10719 10723 10719) (18.3381 s)
>> 2265 (8639: 9702 9725 9702) (18.6719 s)
>> 2255 (8223: 9894 9912 9894) (19.5591 s)
>> 2248 (20279: 9801 9805 9801) (19.421 s)
>> 2240 (14058: 10219 10229 10219) (18.2407 s)
>> 2852 (7685: 10235 10245 10235) (18.3023 s)
>> 2232 (19089: 10084 10086 10084) (20.2601 s)
>> 2266 (13109: 10079 10128 10079) (19.0247 s)
>> 2227 (42832: 9530 9537 9530) (18.0438 s)
>> 2224 (11215: 10512 10523 10512) (18.3288 s)
>> 2209 (5937: 9415 9423 9415) (18.8981 s)
>> 2173 (7218: 10561 10565 10561) (19.2867 s)
>> 2153 (34605: 9124 9130 9124) (18.1164 s)
>> 2153 (19169: 10057 10076 10057) (18.0973 s)
>> 2146 (50726: 9570 9623 9570) (18.2807 s)
>> 2140 (34811: 8925 8926 8925) (18.7686 s)
>> 0 (-1: -1 -1 -1) (14.2782 s)
Zelikovsky 10598.7 s
>> 29925 (7539: 10349 10334 10314) (2589.1 s)
>> 20964 (6929: 10759 10790 10784) (2235.62 s)
>> 18078 (26082: 9100 9123 9094) (2583.49 s)
>> 13566 (44333: 10751 10775 10696) (3125.24 s)
>> 12108 (2085: 9062 9054 9050) (2289.41 s)
>> 12092 (4112: 9864 10027 9928) (3210.2 s)
>> 11663 (23106: 8996 9010 9006) (3156.21 s)
>> 11585 (9038: 9030 9037 9034) (3014.31 s)
>> 11216 (27351: 9235 9364 9278) (2529.65 s)
>> 10815 (50645: 9090 9109 9092) (2367.16 s)
>> 10739 (32308: 8958 8954 8945) (2886.95 s)
>> 10642 (28939: 9259 9604 9329) (3438.79 s)
>> 10185 (54458: 12602 9184 9180) (4114.18 s)
>> 8999 (2794: 9145 9133 9106) (4063.03 s)
>> 8776 (4284: 10981 11018 10971) (4177.75 s)
>> 8392 (49465: 8974 8970 8969) (4487.67 s)
>> 7975 (8623: 9688 9760 9730) (4040.07 s)
>> 7866 (6356: 9125 9126 9122) (4003.16 s)
>> 7742 (45934: 9234 9229 9226) (3913.72 s)
>> 7705 (55921: 18613 10403 10186) (3207.82 s)
>> 7689 (7364: 10443 10445 10418) (2731.79 s)
>> 7537 (47504: 8942 8939 8931) (2668.12 s)
>> 7367 (17975: 10468 10433 10339) (2263.39 s)
>> 6803 (20613: 9734 10032 9732) (2265.09 s)
>> 6755 (14725: 9571 9671 9651) (2283.66 s)
>> 6658 (9655: 9609 9654 9626) (2281.24 s)
>> 6620 (32162: 9028 9053 9043) (2631.18 s)
>> 6550 (48474: 10771 10799 10787) (2689.86 s)
>> 6456 (35981: 9080 9082 9074) (3420.66 s)
>> 6344 (6299: 9166 9167 9164) (3801.25 s)
>> 6317 (9112: 9108 9114 9111) (3378.73 s)
>> 6109 (35028: 9441 9515 9446) (2570.54 s)
>> 6107 (52783: 9070 9067 9062) (2283.04 s)
>> 6104 (35011: 9179 22347 9173) (2952.28 s)
>> 6016 (28196: 9066 9072 9064) (2774.61 s)
>> 5828 (54744: 12602 9215 9203) (2824.74 s)
>> 5677 (40486: 10834 10853 10846) (2140.71 s)
>> 5637 (6506: 8984 8983 8976) (2115.08 s)
>> 5535 (6267: 9205 9211 9208) (2111.5 s)
>> 5504 (42392: 9577 9547 9498) (2104.27 s)
>> 5456 (12713: 10710 10744 10713) (2145.96 s)
>> 5268 (25150: 10743 10737 10732) (2804.01 s)
>> 5128 (7063: 10675 10684 10683) (2482.28 s)
>> 5042 (8179: 9993 9936 9930) (2778.21 s)
>> 4989 (9303: 9313 9310 9301) (3051.28 s)
>> 4972 (8140: 9944 9948 9864) (2771.65 s)
>> 4963 (6608: 10988 11000 10994) (3129.59 s)
>> 4907 (7738: 10202 10234 10217) (3240.08 s)
>> 4768 (24529: 10439 10443 10434) (2422.21 s)
>> 4767 (7622: 10319 10273 10196) (2330.07 s)
>> 4654 (6447: 9017 9013 9012) (2254.34 s)
>> 4628 (29745: 9065 22870 9061) (2469.35 s)
>> 4622 (52836: 10645 10674 10641) (3399.53 s)
>> 4611 (8406: 9828 9824 9820) (3024.54 s)
>> 4602 (6835: 10849 10836 10825) (2877.88 s)
>> 4570 (8856: 9609 9595 9566) (2724.98 s)
>> 4568 (17239: 10688 10680 10679) (3157.22 s)
>> 4536 (12378: 9080 9078 9077) (2597.06 s)
>> 4444 (23094: 9011 9009 8994) (2092.46 s)
>> 4438 (21028: 9577 9614 9605) (2774.42 s)
>> 4330 (6233: 9228 9225 9220) (2682.92 s)
>> 4313 (3024: 10404 10410 10392) (2919.35 s)
>> 4313 (7341: 10467 10459 10427) (2752.06 s)
>> 4298 (19010: 10113 10139 10123) (2621.56 s)
>> 4282 (43847: 10999 10993 10982) (2719.49 s)
>> 4280 (40923: 9030 9047 9044) (2524.55 s)
>> 4271 (6183: 9285 9269 9256) (3020.63 s)
>> 4171 (4905: 10753 10782 10710) (2798.08 s)
>> 4142 (25990: 10545 10568 10558) (3228.32 s)
>> 4133 (5930: 9441 9426 9145) (2479.63 s)
>> 4115 (46180: 10968 10985 10960) (2036.47 s)
>> 4112 (6643: 10991 10989 10986) (2065.33 s)
>> 4089 (7019: 10695 10698 10697) (3543.72 s)
>> 4084 (43567: 11020 11019 11010) (3648.02 s)
>> 4069 (32728: 8205 9963 9899) (3364.81 s)
>> 4056 (13806: 9234 9248 9242) (2680.31 s)
>> 4056 (54322: 9815 9817 9812) (2257.13 s)
>> 4008 (8771: 9704 9674 9580) (1975.78 s)
>> 3981 (22618: 9118 9124 9090) (1817.43 s)
>> 3979 (9664: 20959 9700 9663) (1818.94 s)
>> 3969 (44685: 10875 10877 10867) (1753.04 s)
>> 3906 (18132: 10404 10391 10371) (1732.71 s)
>> 3885 (18832: 10185 10188 10180) (1728.22 s)
>> 3867 (50285: 9923 9983 9975) (1725.84 s)
>> 3852 (8167: 9971 9939 9903) (1709.92 s)
>> 3840 (8004: 9997 10039 10029) (1717.63 s)
>> 3824 (18058: 18613 10439 10412) (1714.42 s)
>> 3799 (2017: 9892 9878 9875) (1714.18 s)
>> 3786 (4671: 9681 9720 9676) (1783.71 s)
>> 3786 (16863: 16891 10764 10761) (2379.42 s)
>> 3765 (20838: 9617 9672 9579) (2748.61 s)
>> 3701 (35170: 10770 10781 10762) (2362.93 s)
>> 3683 (20689: 9710 9723 9721) (2185 s)
>> 3665 (8523: 9791 9769 9752) (2129.75 s)
>> 4416 (20296: 9767 9791 9775) (1945.9 s)
>> 3639 (21373: 9437 9477 9456) (2135.56 s)
>> 3632 (44104: 10566 10581 10567) (2188.34 s)
>> 3617 (6721: 10945 10939 10938) (2141.75 s)
>> 3617 (9188: 9193 9189 9186) (1965 s)
>> 3551 (10724: 10718 10723 10719) (2336.27 s)
>> 3526 (8334: 9863 9852 9835) (2421.73 s)
>> 3514 (10931: 10932 10929 10926) (2449.19 s)
>> 3501 (21278: 9524 9495 9444) (2138.76 s)
>> 3492 (19898: 9848 9845 9839) (2674.5 s)
>> 3444 (21236: 9543 9522 9509) (2512.71 s)
>> 3441 (51672: 10889 10880 10885) (2456.2 s)
>> 3409 (3767: 10803 10806 10804) (2428.91 s)
>> 3404 (48012: 10863 10858 10850) (2347.8 s)
>> 3403 (10578: 10575 10589 10577) (2419.55 s)
>> 3395 (27172: 21173 9557 9551) (2408.18 s)
>> 3389 (11406: 10479 10507 10501) (2413.77 s)
>> 3387 (22546: 9139 9135 9134) (2407.29 s)
>> 3378 (14217: 9257 9245 9232) (1847.77 s)
>> 3354 (54554: 10227 10112 9734) (1650.03 s)
>> 3331 (12254: 10772 10779 10774) (1643.3 s)
>> 3320 (13968: 10468 10478 10441) (1622.01 s)
>> 3266 (24056: 9757 9777 9771) (1642.44 s)
>> 3228 (10051: 10033 10069 10049) (1640.83 s)
>> 3204 (56123: 28191 10422 10399) (1637.59 s)
>> 3196 (6067: 9381 9357 9321) (1625.17 s)
>> 3183 (1212: 10269 10292 10274) (1633.07 s)
>> 3168 (33522: 10100 10156 10149) (1631.46 s)
>> 3162 (3027: 10456 10488 10464) (1626.12 s)
>> 3162 (3631: 9473 9474 9449) (1625.44 s)
>> 3156 (7571: 10333 57551 10237) (1622.68 s)
>> 3146 (20946: 9649 9628 9577) (1616.38 s)
>> 3111 (11343: 9922 9997 9938) (1691.84 s)
>> 3095 (17869: 10449 10466 10463) (1850.79 s)
>> 3089 (6724: 10903 10958 10924) (1847.87 s)
>> 3080 (47200: 10875 10868 10862) (1747.44 s)
>> 3057 (6841: 10849 10835 10821) (1855 s)
>> 3052 (5792: 9491 9485 9483) (1859.48 s)
>> 3047 (42881: 9250 9272 9260) (2212.55 s)
>> 3032 (11591: 9330 9317 9315) (2297.36 s)
>> 3015 (8508: 9768 9786 9781) (2336.36 s)
>> 3012 (7370: 10467 10451 10444) (2323.83 s)
>> 2987 (15847: 8958 8962 8959) (2315.28 s)
>> 3126 (14423: 8953 8958 8950) (2298.67 s)
>> 2952 (11610: 9400 9391 9382) (2304.37 s)
>> 2951 (7630: 10286 10271 10254) (2308.84 s)
>> 2943 (10824: 10831 10822 10819) (2302.43 s)
>> 2935 (21561: 9375 9403 9396) (2304.74 s)
>> 2921 (48037: 18613 10693 10344) (2271.88 s)
>> 2911 (21940: 9307 9304 9283) (2239.17 s)
>> 2892 (35724: 24913 10302 10288) (2295.15 s)
>> 2891 (5897: 9453 9435 9421) (2451.99 s)
>> 2873 (1217: 8932 8942 8930) (2597.36 s)
>> 2870 (8010: 10026 10028 10021) (2484.06 s)
>> 2850 (7812: 10153 10129 10075) (1982.61 s)
>> 2844 (56818: 10074 10079 10071) (1787.82 s)
>> 2829 (6769: 10898 10891 10864) (1789.32 s)
>> 2817 (14822: 10316 18613 10306) (1791.03 s)
>> 2811 (10281: 10293 10279 10272) (1787.68 s)
>> 2798 (46803: 9678 9693 9636) (1784.8 s)
>> 2797 (7715: 31512 10250 10231) (1775.52 s)
>> 2797 (7804: 10147 10168 10155) (1775.65 s)
>> 2774 (52823: 10037 10038 9944) (1771.44 s)
>> 2767 (41044: 10326 10351 10303) (1771.04 s)
>> 2757 (16156: 10970 44202 10999) (1770.07 s)
>> 2752 (28609: 10753 13090 10795) (1763.09 s)
>> 2748 (15774: 9166 9165 9163) (1761.28 s)
>> 2747 (22189: 9240 9241 9214) (1731.66 s)
>> 2743 (3209: 9267 6175 9263) (1757.71 s)
>> 2740 (7011: 10695 10717 10708) (1754.84 s)
>> 2740 (19122: 10072 10103 10088) (1750.15 s)
>> 2729 (23029: 9023 9029 9024) (1740.18 s)
>> 2725 (7414: 10394 28191 10407) (1741.18 s)
>> 2724 (9639: 9635 9641 9637) (1742.52 s)
>> 2718 (23163: 8982 8986 8984) (1736.69 s)
>> 2691 (9033: 9023 9031 9030) (1723.07 s)
>> 2630 (39665: 10404 10414 10389) (1741.81 s)
>> 2602 (907: 10286 10255 10241) (1739.68 s)
>> 2588 (6041: 9383 21702 9369) (1735.39 s)
>> 2569 (5635: 30320 10383 10367) (1729.46 s)
>> 2566 (51426: 10963 10981 10969) (1726.82 s)
>> 2556 (7653: 10276 10259 10202) (1718.06 s)
>> 2550 (22769: 9084 9085 9080) (1713.81 s)
>> 2533 (5534: 9429 9481 9418) (1708.27 s)
>> 2522 (3655: 10420 10446 10426) (1710.63 s)
>> 2517 (6849: 10834 10828 10826) (1709.67 s)
>> 2517 (20434: 9776 9783 9782) (1695.83 s)
>> 2513 (1500: 9986 9998 9953) (1704.25 s)
>> 2509 (595: 10165 10175 10162) (1700.51 s)
>> 2505 (1836: 9552 9570 9541) (1694.65 s)
>> 2499 (19569: 9991 9955 9937) (1681.84 s)
>> 2463 (56817: 9705 9684 9659) (1693.69 s)
>> 2462 (7425: 18157 10402 10397) (1689.03 s)
>> 2461 (29333: 9804 9767 20242) (1681.41 s)
>> 2452 (16926: 10754 10759 10756) (1682.79 s)
>> 2411 (7490: 10350 10385 10365) (1772.24 s)
>> 2364 (44037: 10901 10907 10915) (1508.79 s)
>> 2332 (18489: 10267 10277 10251) (1539.83 s)
>> 2321 (1347: 9699 20959 9661) (1581.55 s)
>> 2315 (49738: 9140 9150 9139) (1465.16 s)
>> 2311 (20002: 9827 9834 9829) (1461.99 s)
>> 2296 (30863: 10152 10142 10136) (1619.7 s)
>> 2289 (24380: 10654 10657 10656) (1662.95 s)
>> 2276 (17727: 10528 10518 10479) (1604.98 s)
>> 2261 (18153: 10374 10394 10388) (1604.88 s)
>> 2255 (8223: 9914 9912 9894) (1557.12 s)
>> 2240 (14058: 10219 10235 10229) (1509.8 s)
>> 2232 (19089: 10084 10114 10086) (1698.39 s)
>> 2209 (5937: 9415 9431 9423) (1592.15 s)
>> 2207 (18063: 10400 10374 10349) (1828.79 s)
>> 2203 (21863: 9313 9305 9293) (1722.71 s)
>> 2195 (42832: 9538 9537 9530) (1583.27 s)
>> 2185 (53749: 10185 10148 10134) (1564.64 s)
>> 2173 (7218: 10561 10571 10565) (1576.94 s)
>> 2161 (48902: 9437 9571 9488) (1575.3 s)
>> 2155 (19863: 9860 9853 9850) (1573.02 s)
>> 2154 (22223: 9221 9217 9213) (1570.5 s)
>> 2153 (19169: 10095 10076 10057) (1569.11 s)
>> 2153 (34605: 9130 9131 9118) (1564.72 s)
>> 2146 (50726: 9633 9623 9552) (1566.54 s)
>> 2140 (34811: 8926 8932 8925) (1564.47 s)
>> 2125 (14247: 10743 10736 10718) (2106.39 s)
>> 2117 (43826: 9516 9499 9462) (2000.54 s)
>> 2084 (13204: 9314 9307 9306) (1874.86 s)
>> 2083 (45732: 10431 10425 10404) (1877.17 s)
>> 2080 (7913: 10068 10077 10065) (1879.4 s)
>> 2068 (12302: 9298 9309 9297) (1860.62 s)
>> 2062 (16633: 10811 10814 10812) (1766.76 s)
>> 2059 (22731: 9086 9130 9084) (1606.93 s)
>> 2057 (29651: 9897 9986 9906) (1572.24 s)
>> 2055 (21909: 9289 9314 9286) (1571.08 s)
>> 2054 (20448: 9761 9770 9766) (1570.08 s)
>> 2046 (41757: 9622 9675 9611) (1563.54 s)
>> 2038 (54883: 10889 10901 10884) (1708.75 s)
>> 2036 (8639: 9743 9725 9702) (1893.9 s)
>> 2019 (1214: 10253 10247 10219) (1888.81 s)
>> 2015 (50476: 9851 9865 9846) (1888.62 s)
>> 2011 (2066: 10554 10556 10546) (1799.98 s)
>> 1998 (14336: 9388 9376 9365) (1729.23 s)
>> 1979 (26309: 10704 10753 10705) (1507.05 s)
>> 1966 (8965: 8967 8964 8961) (1533.58 s)
>> 1953 (44002: 10956 10947 10950) (1485.91 s)
>> 1949 (21991: 9282 9289 9275) (1585.15 s)
>> 1939 (8292: 9882 9873 9867) (1696.44 s)
>> 1932 (8462: 9803 9809 9807) (1900.33 s)
>> 1928 (52253: 9107 9108 9103) (1897.49 s)
>> 1921 (6752: 10899 10905 10900) (1894.72 s)
>> 1921 (7819: 10147 10151 10138) (1895.9 s)
>> 1916 (17525: 10593 10585 10572) (1865.87 s)
>> 1914 (48565: 10514 10526 10521) (1744.1 s)
>> 1910 (10842: 10845 10840 10832) (1566.61 s)
>> 1907 (18264: 10356 10333 10329) (1629.22 s)
>> 1897 (44740: 9349 9360 9348) (1770.49 s)
>> 1886 (22476: 9149 9160 9159) (1549.14 s)
>> 1883 (10636: 10645 10634 10632) (1780.71 s)
>> 1871 (55594: 10617 10630 10610) (1825.59 s)
>> 1863 (8454: 9805 9810 9808) (1831.68 s)
>> 1834 (52009: 9347 9358 9338) (1826.54 s)
>> 1804 (56291: 10701 10695 10694) (1824.98 s)
>> 1802 (8474: 9802 9800 9798) (1815.77 s)
>> 1800 (4310: 9484 9482 9457) (1732.95 s)
>> 1767 (17756: 10510 10519 10513) (1536.08 s)
>> 1766 (8031: 9897 10016 9996) (1945.91 s)
>> 1760 (54762: 9529 9533 9469) (3921.48 s)
>> 1742 (19649: 9945 9924 9915) (3211.53 s)
>> 1731 (3111: 10332 10355 10165) (3056.63 s)
>> 1731 (22009: 9250 9274 9270) (2972.93 s)
>> 1730 (38882: 10743 10754 10749) (2567.8 s)
>> 1717 (48494: 10735 10750 10743) (2360.44 s)
>> 2121 (6965: 16891 10760 10735) (2436.51 s)
>> 1714 (44317: 10368 10431 10364) (2260.43 s)
>> 1710 (5131: 9762 9776 9758) (2324.47 s)
>> 1709 (21974: 9267 9281 9277) (1887.45 s)
>> 1695 (825: 9581 9622 9589) (1874.98 s)
>> 1694 (3088: 10890 10903 10899) (1884.34 s)
>> 1690 (25399: 8991 8996 8982) (1898.4 s)
>> 1680 (9713: 9738 9712 9705) (1895.1 s)
>> 1669 (16140: 10979 10992 10968) (1893.35 s)
>> 1663 (8702: 9617 9688 9687) (1882.94 s)
>> 1658 (8318: 9870 9862 9856) (1882.94 s)
>> 1656 (26620: 10906 10916 10902) (1854.89 s)
>> 1913 (16405: 10897 10906 10893) (1868.88 s)
>> 1648 (11216: 10512 10528 10523) (2143.77 s)
>> 1645 (11530: 9749 20556 9761) (1734.67 s)
>> 1643 (20673: 9716 9694 9681) (1696.71 s)
>> 1637 (18000: 10432 10447 10400) (1783.8 s)
>> 1637 (22304: 9196 9205 9198) (1771.09 s)
>> 1630 (15177: 9985 9945 9935) (1791.04 s)
>> 1621 (12781: 10213 10286 10216) (1719.05 s)
>> 1618 (49431: 10312 10335 10276) (1770.15 s)
>> 1610 (17473: 10607 10605 10594) (1660.33 s)
>> 1604 (19473: 9987 9993 9942) (1796.73 s)
>> 1795 (8107: 10001 9987 9981) (1663.52 s)
>> 1603 (32517: 10548 10554 10538) (2051.45 s)
>> 1600 (12025: 49874 9362 9291) (2198.43 s)
>> 1597 (25180: 10963 10964 10962) (1409.73 s)
>> 1595 (7200: 10593 10596 10588) (1378.68 s)
>> 1593 (20397: 9768 9802 9797) (1412.84 s)
>> 1588 (8114: 9989 9974 9952) (1430.9 s)
>> 1586 (7954: 10048 10078 10059) (1429.17 s)
>> 1586 (19038: 10128 10115 10074) (1429.38 s)
>> 1576 (27221: 10227 10104 10066) (1338.6 s)
>> 1575 (5859: 9450 9452 9427) (1753.12 s)
>> 1574 (16605: 10834 10818 10813) (1705.72 s)
>> 1569 (30437: 9920 9929 9923) (1603.65 s)
>> 1567 (13376: 10631 10626 10598) (1613.8 s)
>> 1567 (21108: 9649 9573 9561) (1643.75 s)
>> 1560 (52264: 10170 10182 10158) (1594.45 s)
>> 1551 (20618: 9673 9603 9670) (1487.21 s)
>> 1534 (6672: 10963 10984 10983) (1706.83 s)
>> 1534 (48469: 9711 9726 9696) (1724.8 s)
>> 1532 (8285: 9883 9874 9870) (1668.15 s)
>> 1529 (6101: 9345 9351 9339) (1717.91 s)
>> 1527 (18209: 10381 10316 30320) (1720.4 s)
>> 1516 (18955: 10146 10154 10120) (1723.25 s)
>> 1512 (8839: 9590 9621 9606) (1723.4 s)
>> 1510 (29084: 10267 10291 10282) (1716.73 s)
>> 1508 (18731: 18746 10215 10200) (1719.62 s)
>> 1507 (8695: 9690 9743 9652) (1718.53 s)
>> 1505 (18858: 10164 10171 10153) (1710.17 s)
>> 1501 (4908: 17421 10637 10615) (1712.34 s)
>> 1494 (8754: 9649 9680 9666) (1668.05 s)
>> 1488 (33284: 9223 9257 9234) (1709.68 s)
>> 1481 (14240: 10007 9992 10009) (1711.1 s)
>> 1500 (3244: 10035 10042 10007) (1701.57 s)
>> 1474 (15218: 9400 9453 9422) (1725.07 s)
>> 1467 (25561: 9886 9891 9882) (1681.42 s)
>> 1467 (33794: 10687 10689 10686) (1721.51 s)
>> 1459 (29356: 9011 9001 8997) (1718.97 s)
>> 1456 (8143: 9934 9984 9947) (1702.09 s)
>> 1452 (19395: 10023 10002 9990) (1695.07 s)
>> 1435 (17791: 10500 10510 10467) (1693.32 s)
>> 1428 (7773: 10194 10185 10181) (1691.09 s)
>> 1425 (55695: 10871 41622 10879) (1687.55 s)
>> 1423 (49935: 9401 9390 9384) (1739.17 s)
>> 1415 (10543: 10541 10545 10529) (1845.11 s)
>> 1413 (16621: 10811 10834 10831) (1841.61 s)
>> 1412 (21178: 9539 9553 9514) (1831.05 s)
>> 1411 (19326: 40058 10046 9980) (1827.92 s)
>> 1409 (49363: 9594 9582 9572) (1833.93 s)
>> 1391 (5608: 10285 10289 10275) (1852.96 s)
>> 1387 (18344: 10323 24913 10324) (1858.89 s)
>> 1382 (31659: 10955 10979 10949) (1850.76 s)
>> 1381 (7898: 10095 10087 10072) (1733.45 s)
>> 1377 (17352: 17421 10617 10633) (1678.81 s)
>> 1375 (31340: 9877 9888 9881) (1678.61 s)
>> 1374 (17876: 10456 10487 10481) (1667.41 s)
>> 1355 (9480: 9468 9524 9478) (1661.7 s)
>> 1353 (39159: 10203 10199 10187) (1665.92 s)
>> 1339 (52944: 10953 10940 10933) (1665.7 s)
>> 1337 (8350: 9842 19885 9863) (1659.63 s)
>> 1333 (4192: 9415 9401 9389) (1599.71 s)
>> 1330 (8468: 9805 9801 9762) (1658.28 s)
>> 1312 (40516: 10566 10563 10541) (1744.3 s)
>> 1310 (7125: 10638 10640 10639) (1633.89 s)
>> 1306 (9325: 49874 21796 9323) (1461.26 s)
>> 1303 (7789: 10113 10319 10163) (1329.79 s)
>> 1300 (8545: 9764 10037 9759) (1324.34 s)
>> 1288 (7742: 10211 10222 10210) (1327.12 s)
>> 1277 (34508: 8974 8991 8973) (1323.69 s)
>> 1277 (38099: 9520 9528 9512) (1321.62 s)
>> 1269 (18072: 10409 18157 10417) (1252.66 s)
>> 1268 (52221: 10669 10701 10676) (1607.66 s)
>> 1266 (20606: 9736 9757 9739) (2345.81 s)
>> 1254 (18225: 10356 10432 10366) (2594.86 s)
>> 1247 (53333: 10566 10555 10549) (2455.55 s)
>> 1239 (6975: 10755 10771 10505) (2457.18 s)
>> 2940 (17799: 10485 10755 10497) (2547.63 s)
>> 1234 (18190: 10372 10384 10368) (2488.24 s)
>> 1226 (7603: 10283 10298 10213) (2336.87 s)
>> 1226 (31889: 21158 9555 9535) (2077.07 s)
>> 1215 (51380: 10167 10169 10172) (2073.32 s)
>> 1197 (5787: 9539 9493 9492) (2072.74 s)
>> 1195 (16261: 10946 10948 10945) (2064.52 s)
>> 1249 (46141: 10935 10932 10946) (2056.46 s)
>> 1182 (48568: 10514 10511 10506) (2017.84 s)
>> 1179 (17919: 10452 10472 10454) (1623.36 s)
>> 1176 (18514: 10264 10293 10256) (1795.52 s)
>> 1165 (49523: 9450 9529 9459) (1708.72 s)
>> 1152 (4036: 10341 10350 10313) (1749.3 s)
>> 1142 (16727: 10801 10803 10704) (1717.09 s)
>> 1140 (43764: 31512 10238 10211) (1742.67 s)
>> 1124 (17408: 10625 10649 10621) (1726.73 s)
>> 1119 (21075: 9576 9613 9607) (1645.72 s)
>> 1118 (5860: 5841 9451 9420) (1730.23 s)
>> 1118 (6387: 9086 9076 9071) (1735.08 s)
>> 1110 (8885: 9558 9581 9565) (1834.77 s)
>> 1110 (21323: 9466 9437 9400) (1481.53 s)
>> 1108 (13116: 10119 10097 10108) (1242.58 s)
>> 1105 (17596: 17615 10561 10548) (1258.45 s)
>> 1097 (6825: 10849 10839 10838) (1258.21 s)
>> 1093 (39543: 9265 9250 9247) (1252.98 s)
>> 1078 (21460: 9438 9473 9425) (1253.74 s)
>> 1074 (1779: 9678 9748 9728) (1252.54 s)
>> 1065 (7530: 10326 10372 10338) (1244.91 s)
>> 1061 (8365: 9837 9851 9828) (1244.97 s)
>> 1059 (7941: 10068 19115 10063) (1243.3 s)
>> 1051 (23751: 10095 10110 10092) (1243.28 s)
>> 1045 (17283: 10663 10678 10666) (1245.46 s)
>> 1044 (19782: 9876 9893 9842) (1238.27 s)
>> 1044 (21307: 9538 9458 9442) (1234.96 s)
>> 1034 (7174: 10601 10607 10603) (1234.54 s)
>> 1030 (19494: 9999 10023 9934) (1246.08 s)
>> 1017 (12308: 9388 9350 9349) (1546.47 s)
>> 1015 (7508: 10328 10348 10318) (1207.81 s)
>> 1011 (21636: 9371 9415 9370) (1076.29 s)
>> 1009 (20154: 9816 9818 9814) (1081.81 s)
>> 1008 (1503: 10003 10010 9989) (1234.75 s)
>> 1006 (19034: 10111 10126 10118) (1563.55 s)
>> 1006 (26109: 10373 10409 10360) (1526.53 s)
>> 1006 (50626: 10800 10796 10792) (1321.35 s)
>> 1004 (8126: 9965 10035 9991) (1429.6 s)
>> 1000 (40467: 10925 10919 10897) (1248.61 s)
>> 999 (3130: 20553 9737 9710) (1213.75 s)
>> 996 (19210: 10054 10073 10048) (1215.7 s)
>> 994 (19031: 10128 10227 10101) (1211.83 s)
>> 992 (21250: 9513 9517 9508) (1449.06 s)
>> 990 (18816: 10194 10179 10178) (1471.89 s)
>> 972 (33516: 9717 9729 9699) (1298.16 s)
>> 970 (17519: 10573 10575 10574) (1283.01 s)
>> 968 (15311: 10970 11001 10998) (1499.43 s)
>> 968 (57146: 9715 9722 9649) (1504.36 s)
>> 963 (16515: 10852 10861 10856) (1529.09 s)
>> 961 (17040: 32966 10702 10699) (1559.11 s)
>> 960 (4278: 9677 9738 9692) (1546.77 s)
>> 957 (574: 10849 10898 10857) (1536.64 s)
>> 954 (11385: 10922 10918 10890) (1400.9 s)
>> 950 (20495: 9756 9763 9742) (1373.1 s)
>> 949 (27615: 10253 10245 10240) (1182.78 s)
>> 949 (53157: 9021 9022 9018) (1186.01 s)
>> 937 (8160: 9911 10001 9941) (1187.59 s)
>> 934 (17533: 10584 17421 10573) (1187.76 s)
>> 1101 (7171: 10584 10604 10599) (1188.66 s)
>> 934 (23135: 8992 8990 8988) (1249.49 s)
>> 927 (20763: 9686 9718 9677) (1182.61 s)
>> 923 (24214: 10961 10963 10956) (1184.03 s)
>> 914 (21927: 9287 9299 9267) (1181.19 s)
>> 911 (7235: 10500 10516 10530) (1177.5 s)
>> 911 (34031: 9542 9554 9543) (1178.59 s)
>> 908 (17899: 10455 10512 10460) (1175.09 s)
>> 898 (56165: 10337 10317 10301) (1167.34 s)
>> 897 (16336: 10917 10927 10889) (1171.11 s)
>> 889 (7095: 10653 10658 10584) (1202.65 s)
>> 881 (25552: 9525 9538 9534) (1168.66 s)
>> 878 (32996: 10014 10031 9965) (1169.14 s)
>> 877 (20654: 9724 9735 9731) (1167.49 s)
>> 876 (30352: 9788 9790 9768) (1169.34 s)
>> 875 (8046: 10008 10015 9764) (1169.81 s)
>> 874 (2954: 9252 9246 9239) (1168.99 s)
>> 869 (16451: 10917 10878 10875) (1165.67 s)
>> 844 (15949: 11020 11022 11021) (1163.64 s)
>> 843 (33437: 9634 20844 9644) (1177.53 s)
>> 842 (20564: 9740 9746 9711) (1515.33 s)
>> 841 (40116: 9558 9706 9698) (1508.38 s)
>> 834 (39107: 9896 9913 9886) (1505.45 s)
>> 822 (18862: 10167 10166 10170) (1509.88 s)
>> 820 (17931: 43917 10457 10456) (1543.52 s)
>> 815 (7519: 10346 10345 10315) (1159.24 s)
>> 808 (19173: 10052 10164 10013) (1004.62 s)
>> 795 (17356: 10648 10654 10646) (1007.8 s)
>> 791 (1282: 9259 9240 9264) (1084.6 s)
>> 791 (7936: 10068 32375 10064) (1253.32 s)
>> 789 (6271: 9202 9206 9179) (1217.99 s)
>> 769 (7525: 10312 10381 10340) (1348.5 s)
>> 769 (37552: 9556 21167 9550) (1319.02 s)
>> 765 (47729: 9388 9466 9393) (1237.41 s)
>> 764 (3771: 9648 9610 9590) (1068.81 s)
>> 753 (6905: 10805 10811 10802) (1238.04 s)
>> 749 (11720: 9951 40058 9950) (2445.33 s)
>> 748 (19574: 9969 9979 9971) (2831.96 s)
>> 744 (35883: 10700 10703 10690) (2742.4 s)
>> 743 (51244: 9021 9019 9014) (2514.29 s)
>> 733 (56472: 9785 9805 9788) (2230.89 s)
>> 732 (3620: 10461 10486 10468) (1666.08 s)
>> 730 (31869: 10230 31870 10236) (2093.96 s)
>> 727 (16057: 11002 11009 10970) (2490.92 s)
>> 724 (54191: 10455 10469 10356) (2585.94 s)
>> 723 (3578: 9201 9204 9197) (2463.78 s)
>> 723 (19518: 19526 9999 9958) (2280.02 s)
>> 717 (21676: 9367 21681 9388) (2664.01 s)
>> 713 (20864: 9686 9657 9653) (2610.08 s)
>> 710 (16037: 11014 11020 11011) (2777.55 s)
>> 706 (31817: 10625 17472 10601) (2784.54 s)
>> 1076 (17444: 10600 10625 10608) (1934.01 s)
>> 703 (7981: 10044 10036 10030) (2459.45 s)
>> 703 (17140: 10687 32966 10692) (2339.06 s)
>> 700 (32002: 10116 10122 10084) (2615.54 s)
>> 770 (19102: 10083 10116 10068) (2074.49 s)
>> 699 (8824: 9635 9612 9599) (2333.69 s)
>> 688 (53319: 9320 9327 9313) (2074.15 s)
>> 1196 (38517: 9344 9342 9320) (1865.16 s)
>> 659 (20706: 9719 9740 9701) (1850.41 s)
>> 652 (19098: 10096 10058 10085) (1850.47 s)
>> 646 (19237: 10047 19270 10052) (1844.91 s)
>> 646 (21855: 9282 9330 9308) (1823.34 s)
>> 641 (6082: 9346 9383 9381) (1840.26 s)
>> 636 (14093: 10709 10722 10669) (1832.8 s)
>> 633 (46160: 9340 9336 9328) (1855.93 s)
>> 629 (32277: 10177 10312 10191) (1840.03 s)
>> 627 (42871: 9273 9287 9265) (1848.43 s)
>> 618 (15355: 10805 10845 10827) (1666.05 s)
>> 617 (47728: 10876 10892 10873) (2300.37 s)
>> 613 (44161: 9207 9212 9201) (3123.96 s)
>> 593 (8409: 9823 9819 9751) (3351.24 s)
>> 581 (17414: 10616 10628 10600) (2567.23 s)
>> 581 (33430: 9969 9972 9922) (2962.32 s)
>> 577 (1647: 9345 21742 9352) (2873.73 s)
>> 577 (17694: 10534 10539 10514) (2755.55 s)
>> 567 (8236: 9902 9916 9896) (1920.65 s)
>> 558 (8659: 9708 9724 9686) (1283.77 s)
>> 556 (46775: 9347 9326 9282) (2365.71 s)
>> 549 (3317: 10003 9994 9911) (2457.97 s)
>> 544 (15499: 10239 10244 10232) (1926.39 s)
>> 538 (22503: 9149 9142 9141) (1739.25 s)
>> 533 (6046: 9368 9380 9366) (1736.09 s)
>> 524 (20355: 9806 8451 9804) (1735 s)
>> 522 (19180: 10061 10095 10043) (1734.31 s)
>> 519 (24856: 10595 10611 10597) (1731.39 s)
>> 517 (43592: 9202 9222 9216) (1832.01 s)
>> 514 (17803: 10493 43917 10504) (1842.5 s)
>> 513 (7393: 10421 10341 10326) (1822.14 s)
>> 513 (48356: 11014 11016 11015) (1819.91 s)
>> 506 (21161: 9540 9564 9516) (1835.61 s)
>> 503 (6294: 9171 9193 9166) (1816.75 s)
>> 496 (6477: 8993 9011 8974) (1831.55 s)
>> 494 (21542: 9416 9402 9371) (1836.91 s)
>> 493 (22456: 9171 6313 9140) (1848.23 s)
>> 489 (49419: 10096 10041 10014) (1885.42 s)
>> 474 (15589: 9843 9847 9838) (1734.9 s)
>> 460 (19745: 19754 10203 9889) (1738.65 s)
>> 457 (21073: 9583 9576 9542) (1742.68 s)
>> 450 (21898: 9290 9300 9292) (1740.36 s)
>> 449 (716: 10421 10323 10310) (1742.27 s)
>> 443 (26132: 9020 9021 9017) (1744.31 s)
>> 442 (18112: 10390 10395 10373) (1742.46 s)
>> 437 (57106: 10648 10665 10662) (1752.96 s)
>> 435 (35156: 19050 10102 10083) (1752.63 s)
>> 425 (21501: 9441 49874 9438) (1778.33 s)
>> 416 (21439: 9439 5841 9428) (1769.81 s)
>> 392 (19299: 19526 10025 10022) (1571.63 s)
>> 389 (19260: 10040 10056 10008) (1309.71 s)
>> 383 (28639: 10928 10953 10917) (1551.44 s)
>> 374 (21282: 9497 9523 9491) (2016.92 s)
>> 371 (15153: 9715 9540 9429) (1796.68 s)
>> 369 (6542: 8953 8952 8949) (1386.65 s)
>> 368 (3805: 8205 10047 9988) (1993.47 s)
>> 362 (5906: 9433 9715 9430) (1585.11 s)
>> 362 (7241: 10535 10534 10527) (1867.3 s)
>> 360 (19551: 9962 19526 9943) (1190.61 s)
>> 358 (17670: 10537 10569 10455) (1279.07 s)
>> 352 (20936: 9630 9650 9585) (1275.75 s)
>> 352 (57141: 9171 9155 9151) (1280.32 s)
>> 344 (41021: 9526 9539 9507) (1281.47 s)
>> 337 (2235: 9065 9060 9028) (1285.82 s)
>> 334 (15695: 21357 9454 9439) (1284.33 s)
>> 330 (8308: 9871 9880 9866) (1215.86 s)
>> 322 (37885: 10177 10290 10268) (1033.82 s)
>> 319 (9412: 9414 9424 9411) (1029.47 s)
>> 317 (19219: 10053 19153 9969) (1046.24 s)
>> 296 (5890: 9436 9417 9367) (962.028 s)
>> 296 (43365: 9857 9858 9843) (900.53 s)
>> 295 (20457: 9787 9780 9749) (1016.76 s)
>> 292 (23895: 9703 9716 9433) (981.158 s)
>> 291 (7075: 10709 10673 10661) (1016.06 s)
>> 291 (55996: 10631 10663 10618) (1009.21 s)
>> 283 (9960: 9959 10128 9837) (1007.19 s)
>> 277 (29332: 10026 10044 10003) (1005.54 s)
>> 272 (19919: 9841 9840 9959) (1004.48 s)
>> 265 (20598: 8631 9736 9727) (1002.29 s)
>> 245 (21683: 9359 9373 9368) (999.447 s)
>> 242 (7891: 10099 10127 10061) (996.431 s)
>> 234 (7674: 31512 10258 10257) (994.818 s)
>> 217 (20904: 9640 9634 9630) (992.705 s)
>> 213 (19768: 9884 9892 9877) (991.728 s)
>> 205 (17936: 10458 10452 10449) (1000.14 s)
>> 201 (7405: 10405 10413 10401) (997.889 s)
>> 180 (17263: 7081 10668 10664) (995.919 s)
>> 154 (8425: 9815 9816 9813) (995.423 s)
>> 149 (5960: 9410 9703 9407) (988.941 s)
>> 148 (53842: 9633 9617 9601) (987.548 s)
>> 145 (23147: 8987 8992 8985) (993.455 s)
>> 111 (34488: 9101 9100 9093) (991.462 s)
>> 107 (45957: 10638 17353 10648) (990.12 s)
>> 106 (5781: 9441 9560 9494) (976.935 s)
>> 103 (18231: 10421 10378 10361) (970.89 s)
>> 99 (7534: 10336 18331 10390) (971.301 s)
>> 92 (6712: 10944 16269 10961) (969.619 s)
>> 78 (7262: 10508 10537 10520) (966.835 s)
>> 73 (32953: 9970 10096 9931) (965.015 s)
>> 72 (25345: 10283 10233 10228) (961.563 s)
>> 67 (8144: 10040 9946 9920) (961.605 s)
>> 44 (7046: 10685 10688 10687) (960.972 s)
>> 27 (21405: 9440 9468 9416) (960.829 s)
>> 16 (11638: 8993 8995 8980) (959.923 s)
>> 14 (1396: 21173 9544 9558) (957.971 s)
>> 0 (-1: -1 -1 -1) (957.227 s)
Zelikovsky- 1.09733e+06 s
>>> get_solution
  refine_solution: new weight 384316853 (was 384356075) in 0.023994 s
  refine_solution: new weight 384315459 (was 384316853) in 0.024219 s
  refine_solution: new weight 384315459 (was 384315459) in 0.023831 s
>>> get_solution
  refine_solution: new weight 384663343 (was 384977247) in 0.024083 s
  refine_solution: new weight 384636660 (was 384663343) in 0.024625 s
  refine_solution: new weight 384635244 (was 384636660) in 0.02488 s
  refine_solution: new weight 384635244 (was 384635244) in 0.024362 s
0,,57552,87638,1747,,0,0,,384977247,384635244,384536258,384356075,384315459,,0,0,@@

  delete_edges: deleted 120 edges in 0.018228 s and 2 rounds
  handle_small_Steiner_degrees: steiner 1, suppress 216 in 0.000228 s
Starting round 1
contract_till_the_bitter_end interrupted
contract_till_the_bitter_end: 1.10793e+06 s

Calling end_heu
>>> get_solution
Saved weight 255600832
end_heu: 0 loops with 0 unique solutions in 0.00401 s

Calling print_solution
>>> get_solution
  refine_solution: new weight 384672189 (was 384977247) in 0.034086 s
Oops orig weight was 384977247 but we got 384672189
## FINAL WEIGHT 384672189
print_solution: 0.067704 s
