Version: final-94-gfffc3aa rub_all.sh: remove longest prefix
Random seed: 1557948216
Start
>>> save_orig_graph
>> Saved weight 0
Graph loaded
|V| = 89597, |E| = 148583, |R| = 4991
First clearance of the input. Calling buy_zero and run_all_heuristics.
  buy_zero: 29 zero edges in 0.000661 s
  handle_small_terminal_degrees: terms 2 in 7.9e-05 s
  handle_small_Steiner_degrees: steiner 46, suppress 2 in 0.000158 s
  shortest_edge_between_terminals: 0 edges in 0.000156 s
  handle_small_terminal_degrees: terms 0 in 6.7e-05 s
  handle_small_Steiner_degrees: steiner 0, suppress 48 in 0.000163 s
  shortest_edge_between_terminals: 0 edges in 8e-05 s
  handle_small_terminal_degrees: terms 0 in 6.7e-05 s
  handle_small_Steiner_degrees: steiner 0, suppress 3 in 0.000132 s
  shortest_edge_between_terminals: 0 edges in 7.1e-05 s
  handle_small_terminal_degrees: terms 0 in 6.6e-05 s
  handle_small_Steiner_degrees: steiner 0, suppress 1 in 0.000148 s
  shortest_edge_between_terminals: 0 edges in 7.1e-05 s
  handle_small_terminal_degrees: terms 0 in 6.6e-05 s
  handle_small_Steiner_degrees: steiner 0, suppress 0 in 0.000128 s
  shortest_edge_between_terminals: 0 edges in 7.1e-05 s
Compressed graph 89597 -> 89465
  delete_edges: deleted 10723 edges in 0.081738 s and 6 rounds
  handle_small_terminal_degrees: terms 35 in 0.000107 s
  handle_small_Steiner_degrees: steiner 147, suppress 5599 in 0.003097 s
  shortest_edge_between_terminals: 0 edges in 0.000186 s
  handle_small_terminal_degrees: terms 8 in 7.5e-05 s
  handle_small_Steiner_degrees: steiner 1, suppress 120 in 0.0002 s
  shortest_edge_between_terminals: 0 edges in 9.3e-05 s
  handle_small_terminal_degrees: terms 3 in 6.8e-05 s
  handle_small_Steiner_degrees: steiner 0, suppress 13 in 0.000139 s
  shortest_edge_between_terminals: 0 edges in 8.5e-05 s
  handle_small_terminal_degrees: terms 3 in 6.9e-05 s
  handle_small_Steiner_degrees: steiner 0, suppress 0 in 0.000142 s
  shortest_edge_between_terminals: 0 edges in 8.2e-05 s
  handle_small_terminal_degrees: terms 1 in 6.8e-05 s
  handle_small_Steiner_degrees: steiner 0, suppress 0 in 0.00013 s
  shortest_edge_between_terminals: 0 edges in 8.3e-05 s
  handle_small_terminal_degrees: terms 0 in 6.7e-05 s
  handle_small_Steiner_degrees: steiner 0, suppress 0 in 0.00013 s
  shortest_edge_between_terminals: 0 edges in 8.2e-05 s
Compressed graph 89465 -> 83535
  delete_edges_shortest_path: deleted 16066 edges in 107.11 s
  handle_small_terminal_degrees: terms 2595 in 0.00298 s
  handle_small_Steiner_degrees: steiner 2335, suppress 13945 in 0.009702 s
  shortest_edge_between_terminals: 12 edges in 0.00039 s
  handle_small_terminal_degrees: terms 704 in 0.000837 s
  handle_small_Steiner_degrees: steiner 12, suppress 300 in 0.000436 s
  shortest_edge_between_terminals: 31 edges in 0.000355 s
  handle_small_terminal_degrees: terms 40 in 0.000142 s
  handle_small_Steiner_degrees: steiner 1, suppress 18 in 0.000215 s
  shortest_edge_between_terminals: 5 edges in 0.00021 s
  handle_small_terminal_degrees: terms 5 in 0.000105 s
  handle_small_Steiner_degrees: steiner 0, suppress 9 in 0.000203 s
  shortest_edge_between_terminals: 0 edges in 0.00019 s
  handle_small_terminal_degrees: terms 0 in 9.9e-05 s
  handle_small_Steiner_degrees: steiner 0, suppress 4 in 0.000196 s
  shortest_edge_between_terminals: 0 edges in 0.000199 s
  handle_small_terminal_degrees: terms 0 in 9.9e-05 s
  handle_small_Steiner_degrees: steiner 0, suppress 0 in 0.000191 s
  shortest_edge_between_terminals: 0 edges in 0.00019 s
Compressed graph 83535 -> 63538
  handle_small_terminal_degrees: terms 1 in 5.1e-05 s
  handle_small_Steiner_degrees: steiner 0, suppress 80 in 0.000159 s
  shortest_edge_between_terminals: 97 edges in 0.000495 s
  handle_small_terminal_degrees: terms 2 in 4.9e-05 s
  handle_small_Steiner_degrees: steiner 0, suppress 13 in 0.000107 s
  shortest_edge_between_terminals: 0 edges in 0.000161 s
  handle_small_terminal_degrees: terms 1 in 4.8e-05 s
  handle_small_Steiner_degrees: steiner 0, suppress 0 in 9.7e-05 s
  shortest_edge_between_terminals: 0 edges in 0.000134 s
  handle_small_terminal_degrees: terms 0 in 4.7e-05 s
  handle_small_Steiner_degrees: steiner 0, suppress 0 in 9.5e-05 s
  shortest_edge_between_terminals: 0 edges in 0.000133 s
Compressed graph 63538 -> 62384
  delete_edges_shortest_path: deleted 3947 edges in 5.93411 s
  handle_small_terminal_degrees: terms 136 in 0.000183 s
  handle_small_Steiner_degrees: steiner 120, suppress 5998 in 0.003124 s
  shortest_edge_between_terminals: 30 edges in 0.000359 s
  handle_small_terminal_degrees: terms 17 in 6.1e-05 s
  handle_small_Steiner_degrees: steiner 1, suppress 113 in 0.000148 s
  shortest_edge_between_terminals: 3 edges in 0.000156 s
  handle_small_terminal_degrees: terms 3 in 5e-05 s
  handle_small_Steiner_degrees: steiner 0, suppress 6 in 9.2e-05 s
  shortest_edge_between_terminals: 0 edges in 0.000121 s
  handle_small_terminal_degrees: terms 1 in 4.7e-05 s
  handle_small_Steiner_degrees: steiner 0, suppress 0 in 8.8e-05 s
  shortest_edge_between_terminals: 0 edges in 0.00012 s
  handle_small_terminal_degrees: terms 0 in 5.8e-05 s
  handle_small_Steiner_degrees: steiner 0, suppress 0 in 8.7e-05 s
  shortest_edge_between_terminals: 0 edges in 0.00012 s
Compressed graph 62384 -> 55963
Compressed graph 55963 -> 55963
>>> save_orig_graph
>> Saved weight 895806649
### ZEL_LVL=9 PRECISE_STARS=0

Calling `contract_till_the_bitter_end`
|V| = 55963, |E| = 83187, |R| = 4864
