Version: final-94-gfffc3aa rub_all.sh: remove longest prefix
Random seed: 1563683718
Start
>>> save_orig_graph
>> Saved weight 0
Graph loaded
|V| = 88729, |E| = 133625, |R| = 2041
First clearance of the input. Calling buy_zero and run_all_heuristics.
  buy_zero: 3861 zero edges in 0.004475 s
  handle_small_terminal_degrees: terms 0 in 7.1e-05 s
  handle_small_Steiner_degrees: steiner 15, suppress 31432 in 0.010899 s
  shortest_edge_between_terminals: 0 edges in 0.000315 s
  handle_small_terminal_degrees: terms 0 in 7e-05 s
  handle_small_Steiner_degrees: steiner 2, suppress 420 in 0.00035 s
  shortest_edge_between_terminals: 0 edges in 0.000111 s
  handle_small_terminal_degrees: terms 0 in 6.8e-05 s
  handle_small_Steiner_degrees: steiner 0, suppress 48 in 0.000142 s
  shortest_edge_between_terminals: 0 edges in 0.0001 s
  handle_small_terminal_degrees: terms 0 in 6.7e-05 s
  handle_small_Steiner_degrees: steiner 0, suppress 14 in 0.000126 s
  shortest_edge_between_terminals: 0 edges in 9.8e-05 s
  handle_small_terminal_degrees: terms 0 in 6.8e-05 s
  handle_small_Steiner_degrees: steiner 0, suppress 12 in 0.000125 s
  shortest_edge_between_terminals: 0 edges in 9.9e-05 s
  handle_small_terminal_degrees: terms 0 in 6.7e-05 s
  handle_small_Steiner_degrees: steiner 0, suppress 10 in 0.000125 s
  shortest_edge_between_terminals: 0 edges in 9.8e-05 s
  handle_small_terminal_degrees: terms 0 in 6.8e-05 s
  handle_small_Steiner_degrees: steiner 0, suppress 15 in 0.000125 s
  shortest_edge_between_terminals: 0 edges in 9.8e-05 s
  handle_small_terminal_degrees: terms 0 in 6.7e-05 s
  handle_small_Steiner_degrees: steiner 0, suppress 9 in 0.000124 s
  shortest_edge_between_terminals: 0 edges in 9.8e-05 s
  handle_small_terminal_degrees: terms 0 in 6.7e-05 s
  handle_small_Steiner_degrees: steiner 0, suppress 5 in 0.000121 s
  shortest_edge_between_terminals: 0 edges in 9.8e-05 s
  handle_small_terminal_degrees: terms 0 in 6.7e-05 s
  handle_small_Steiner_degrees: steiner 0, suppress 6 in 0.000122 s
  shortest_edge_between_terminals: 0 edges in 9.7e-05 s
  handle_small_terminal_degrees: terms 0 in 6.7e-05 s
  handle_small_Steiner_degrees: steiner 0, suppress 4 in 0.000121 s
  shortest_edge_between_terminals: 0 edges in 9.8e-05 s
  handle_small_terminal_degrees: terms 0 in 6.7e-05 s
  handle_small_Steiner_degrees: steiner 0, suppress 2 in 0.000121 s
  shortest_edge_between_terminals: 0 edges in 0.000135 s
  handle_small_terminal_degrees: terms 0 in 6.7e-05 s
  handle_small_Steiner_degrees: steiner 0, suppress 6 in 0.000122 s
  shortest_edge_between_terminals: 0 edges in 9.8e-05 s
  handle_small_terminal_degrees: terms 0 in 6.7e-05 s
  handle_small_Steiner_degrees: steiner 0, suppress 3 in 0.000121 s
  shortest_edge_between_terminals: 0 edges in 9.7e-05 s
  handle_small_terminal_degrees: terms 0 in 6.7e-05 s
  handle_small_Steiner_degrees: steiner 0, suppress 1 in 0.00012 s
  shortest_edge_between_terminals: 0 edges in 9.7e-05 s
  handle_small_terminal_degrees: terms 0 in 6.7e-05 s
  handle_small_Steiner_degrees: steiner 0, suppress 0 in 0.00012 s
  shortest_edge_between_terminals: 0 edges in 9.8e-05 s
Compressed graph 88729 -> 53087
  delete_edges: deleted 4148 edges in 0.064406 s and 5 rounds
  handle_small_terminal_degrees: terms 0 in 4.3e-05 s
  handle_small_Steiner_degrees: steiner 40, suppress 2632 in 0.001551 s
  shortest_edge_between_terminals: 0 edges in 0.000198 s
  handle_small_terminal_degrees: terms 2 in 4.3e-05 s
  handle_small_Steiner_degrees: steiner 1, suppress 37 in 9.7e-05 s
  shortest_edge_between_terminals: 0 edges in 9.2e-05 s
  handle_small_terminal_degrees: terms 1 in 4.1e-05 s
  handle_small_Steiner_degrees: steiner 0, suppress 2 in 8e-05 s
  shortest_edge_between_terminals: 0 edges in 0.000104 s
  handle_small_terminal_degrees: terms 0 in 4e-05 s
  handle_small_Steiner_degrees: steiner 0, suppress 0 in 7.9e-05 s
  shortest_edge_between_terminals: 0 edges in 8.9e-05 s
Compressed graph 53087 -> 50372
  delete_edges_shortest_path: deleted 6335 edges in 0.874469 s
  handle_small_terminal_degrees: terms 0 in 5e-05 s
  handle_small_Steiner_degrees: steiner 600, suppress 5411 in 0.002891 s
  shortest_edge_between_terminals: 0 edges in 0.000179 s
  handle_small_terminal_degrees: terms 24 in 6.3e-05 s
  handle_small_Steiner_degrees: steiner 14, suppress 615 in 0.000347 s
  shortest_edge_between_terminals: 0 edges in 9e-05 s
  handle_small_terminal_degrees: terms 12 in 5.1e-05 s
  handle_small_Steiner_degrees: steiner 1, suppress 71 in 0.00011 s
  shortest_edge_between_terminals: 0 edges in 8.6e-05 s
  handle_small_terminal_degrees: terms 2 in 4.1e-05 s
  handle_small_Steiner_degrees: steiner 0, suppress 0 in 9.8e-05 s
  shortest_edge_between_terminals: 0 edges in 8.6e-05 s
  handle_small_terminal_degrees: terms 0 in 3.9e-05 s
  handle_small_Steiner_degrees: steiner 0, suppress 0 in 7.9e-05 s
  shortest_edge_between_terminals: 0 edges in 8.4e-05 s
Compressed graph 50372 -> 43622
  handle_small_terminal_degrees: terms 0 in 3.3e-05 s
  handle_small_Steiner_degrees: steiner 0, suppress 7 in 7.6e-05 s
  shortest_edge_between_terminals: 5 edges in 0.000265 s
  handle_small_terminal_degrees: terms 0 in 3.3e-05 s
  handle_small_Steiner_degrees: steiner 0, suppress 7 in 7.3e-05 s
  shortest_edge_between_terminals: 0 edges in 9.5e-05 s
  handle_small_terminal_degrees: terms 0 in 3.3e-05 s
  handle_small_Steiner_degrees: steiner 0, suppress 1 in 7e-05 s
  shortest_edge_between_terminals: 0 edges in 8.1e-05 s
  handle_small_terminal_degrees: terms 0 in 3.3e-05 s
  handle_small_Steiner_degrees: steiner 0, suppress 0 in 6.9e-05 s
  shortest_edge_between_terminals: 0 edges in 8e-05 s
Compressed graph 43622 -> 43581
  delete_edges_shortest_path: deleted 950 edges in 0.626276 s
  handle_small_terminal_degrees: terms 3 in 4.1e-05 s
  handle_small_Steiner_degrees: steiner 14, suppress 926 in 0.000617 s
  shortest_edge_between_terminals: 0 edges in 0.000182 s
  handle_small_terminal_degrees: terms 5 in 4e-05 s
  handle_small_Steiner_degrees: steiner 1, suppress 34 in 8.8e-05 s
  shortest_edge_between_terminals: 0 edges in 8e-05 s
  handle_small_terminal_degrees: terms 2 in 3.6e-05 s
  handle_small_Steiner_degrees: steiner 0, suppress 2 in 7.2e-05 s
  shortest_edge_between_terminals: 0 edges in 7.8e-05 s
  handle_small_terminal_degrees: terms 0 in 3.4e-05 s
  handle_small_Steiner_degrees: steiner 0, suppress 0 in 7.1e-05 s
  shortest_edge_between_terminals: 0 edges in 7.7e-05 s
Compressed graph 43581 -> 42594
Compressed graph 42594 -> 42594
>>> save_orig_graph
>> Saved weight 81979
### ZEL_LVL=9 PRECISE_STARS=1

Calling `contract_till_the_bitter_end`
|V| = 42594, |E| = 72446, |R| = 2038
>> 34227 (25885: 4814 13318 4814) (25.249 s)
>> 33393 (804: 26386 26695 26386) (22.6413 s)
>> 9898 (10081: 6298 6411 6298) (22.6657 s)
>> 8455 (9830: 7773 16479 7773) (22.7386 s)
>> 7402 (6080: 29432 29462 29432) (22.8122 s)
>> 7242 (9227: 30291 30332 30291) (22.7981 s)
>> 7185 (15685: 36977 36982 36977) (22.8723 s)
>> 7104 (2814: 9142 29918 9142) (22.8117 s)
>> 7036 (21596: 36921 36925 36921) (22.6892 s)
>> 6314 (17223: 38200 38212 38200) (22.6807 s)
>> 6228 (4066: 12554 27498 12554) (22.6699 s)
>> 6187 (30245: 5971 30235 5971) (22.6967 s)
>> 6173 (39232: 31298 31309 31298) (22.7574 s)
>> 6109 (39532: 37014 37020 37014) (22.7497 s)
>> 6105 (8605: 30057 30061 30057) (22.7265 s)
>> 5932 (12785: 31699 31718 31699) (22.7028 s)
>> 5904 (39786: 38495 38678 38495) (22.7107 s)
>> 5885 (30267: 30246 30262 30246) (22.7451 s)
>> 5866 (21818: 37017 37043 37017) (22.7392 s)
>> 5863 (39493: 31870 31875 31870) (22.7056 s)
>> 5861 (19330: 27544 30309 27544) (22.7419 s)
>> 5857 (21341: 33144 36874 33144) (22.727 s)
>> 5849 (30696: 30977 31033 30977) (22.6937 s)
>> 5837 (30616: 30602 30612 30602) (22.6783 s)
>> 5753 (33645: 20717 35737 20717) (22.5307 s)
>> 5686 (34510: 33995 34417 33995) (22.6817 s)
>> 5663 (22348: 32964 37244 32964) (22.7417 s)
>> 5645 (8730: 30075 30091 30075) (22.7233 s)
>> 5620 (6073: 28545 28890 28545) (22.803 s)
>> 5612 (10723: 26454 26466 26454) (22.9644 s)
>> 5913 (26527: 2103 26521 2103) (22.8856 s)
>> 5603 (19047: 37027 38807 37027) (22.9182 s)
>> 5496 (31975: 37057 37155 37057) (22.8024 s)
>> 5480 (39228: 31258 31711 31258) (22.8237 s)
>> 5424 (39711: 37127 37152 37127) (22.8348 s)
>> 5384 (4105: 27516 30252 27516) (22.9349 s)
>> 5301 (27143: 24306 27122 24306) (22.8889 s)
>> 5293 (15777: 12984 37196 12984) (22.8248 s)
>> 5270 (39713: 37050 37066 37050) (22.8924 s)
>> 5262 (19389: 35831 35839 35831) (22.968 s)
>> 5174 (19381: 35813 35826 35813) (23.0143 s)
>> 5159 (39341: 4529 4838 4529) (22.9507 s)
>> 5152 (6801: 30368 30385 30368) (22.9908 s)
>> 5377 (10042: 30559 30568 30559) (23.0164 s)
>> 5112 (14397: 33070 33094 33070) (22.9702 s)
>> 5107 (18302: 1059 26429 1059) (22.9383 s)
>> 5083 (2611: 9521 26875 9521) (22.947 s)
>> 5052 (16482: 34108 34119 34108) (22.9907 s)
>> 5042 (10631: 16684 30808 16684) (22.9637 s)
>> 5026 (18026: 31053 35109 31053) (23.0152 s)
>> 5011 (33818: 33311 33796 33311) (22.9044 s)
>> 4976 (2093: 6184 14626 6184) (23.0947 s)
>> 4931 (11193: 31145 31177 31145) (23.0911 s)
>> 4925 (5651: 28395 28403 28395) (23.1946 s)
>> 4889 (409: 19277 27053 19277) (23.1438 s)
>> 4864 (30224: 30171 30182 30171) (23.2788 s)
>> 4856 (459: 26324 26650 26324) (23.2241 s)
>> 5404 (39143: 25251 26319 25251) (23.2337 s)
>> 6432 (1206: 4272 26609 4272) (23.2382 s)
>> 4856 (35529: 33357 33769 33357) (23.1943 s)
>> 4840 (31977: 31936 31966 31936) (23.1274 s)
>> 4839 (19725: 35728 36435 35728) (23.2012 s)
>> 4816 (19211: 19231 29960 19231) (23.2141 s)
>> 4812 (6371: 28661 28683 28661) (23.2144 s)
>> 4779 (26846: 26822 26890 26822) (23.3789 s)
>> 4772 (39415: 30894 30926 30894) (23.3443 s)
>> 4767 (8192: 27230 27257 27230) (23.2179 s)
>> 4745 (21245: 33616 36908 33616) (23.4669 s)
>> 4741 (39428: 31113 31139 31113) (23.2815 s)
>> 4737 (26550: 19744 22897 19744) (23.3026 s)
>> 4736 (16393: 38014 38049 38014) (23.3865 s)
>> 4729 (10532: 38233 38296 38233) (23.4335 s)
>> 4729 (38991: 13370 38989 13370) (23.535 s)
>> 4714 (32282: 31721 32280 31721) (23.4914 s)
>> 4713 (1611: 26660 26688 26660) (23.5238 s)
>> 4709 (19991: 26985 27115 26985) (23.5167 s)
>> 4696 (32254: 32250 32263 32250) (23.5692 s)
>> 4677 (39536: 33301 33481 33301) (23.4617 s)
>> 4671 (28259: 28219 28238 28219) (23.5154 s)
>> 4669 (29771: 29751 29762 29751) (23.54 s)
>> 4656 (39505: 32338 32353 32338) (23.5689 s)
>> 4625 (39566: 34288 34327 34288) (23.7934 s)
>> 4613 (19324: 34589 34605 34589) (23.6719 s)
>> 4609 (32761: 38459 38465 38459) (23.6933 s)
>> 4601 (289: 26273 26339 26273) (23.5839 s)
>> 5167 (295: 26299 26356 26299) (23.6529 s)
>> 4596 (2676: 24009 26934 24009) (23.6793 s)
>> 4592 (39595: 36739 36745 36739) (23.7129 s)
>> 4590 (42549: 33766 33855 33766) (23.6879 s)
>> 4584 (12249: 31356 31368 31356) (23.6008 s)
>> 4566 (17688: 34887 34926 34887) (23.753 s)
>> 4565 (4935: 27948 27955 27948) (23.6416 s)
>> 5284 (4927: 27938 27982 27938) (23.8846 s)
>> 4564 (7348: 29305 29324 29305) (23.8999 s)
>> 4559 (39237: 28669 29010 28669) (23.7859 s)
>> 4550 (32403: 32389 32402 32389) (23.6849 s)
>> 4550 (2160: 29102 36856 29102) (23.718 s)
>> 4546 (35902: 35891 35903 35891) (23.771 s)
>> 4535 (16948: 36958 37002 36958) (23.7566 s)
>> 4530 (37375: 25371 37368 25371) (23.7944 s)
>> 4524 (39231: 30486 30503 30486) (23.6985 s)
>> 4512 (14390: 32760 33118 32760) (23.6686 s)
>> 4511 (23641: 37907 37916 37907) (23.845 s)
>> 4496 (12942: 32291 32343 32291) (23.8975 s)
>> 4492 (32450: 32127 32426 32127) (23.8226 s)
>> 4476 (5578: 28223 28459 28223) (24.0377 s)
>> 4503 (6060: 28506 28537 28506) (23.9058 s)
>> 4471 (39188: 22258 37336 22258) (23.827 s)
>> 4489 (6847: 4194 37326 4194) (23.7947 s)
>> 4461 (40081: 11559 31250 11559) (23.8969 s)
>> 4445 (19413: 35845 35852 35845) (23.8142 s)
>> 4438 (35421: 2739 35405 2739) (23.7637 s)
>> 4435 (5661: 28386 28774 28386) (23.995 s)
>> 4427 (8013: 29685 29698 29685) (24.0478 s)
>> 4423 (9745: 38136 38246 38136) (24.0503 s)
>> 4406 (30964: 25890 30954 25890) (24.1235 s)
>> 4394 (17588: 34702 34809 34702) (24.1781 s)
>> 4378 (27223: 34965 34974 34965) (24.0305 s)
>> 4375 (23551: 38089 38098 38089) (24.3087 s)
>> 4359 (30982: 30979 30988 30979) (24.2895 s)
>> 4341 (4049: 35317 35593 35317) (24.2213 s)
>> 4330 (26232: 27309 27407 27309) (24.2319 s)
>> 4329 (11947: 31237 31243 31237) (24.1575 s)
>> 4325 (16243: 33909 33933 33909) (24.0554 s)
>> 4306 (25515: 13866 38885 13866) (24.1236 s)
>> 4292 (34074: 33615 33789 33615) (24.1964 s)
>> 4291 (2486: 3834 9866 3834) (24.3807 s)
>> 4286 (10523: 30765 30799 30765) (24.2819 s)
>> 4310 (7391: 29247 29335 29247) (24.3817 s)
>> 4284 (32151: 32147 32191 32147) (24.3733 s)
>> 4280 (36789: 22622 36762 22622) (24.5533 s)
>> 4277 (26205: 26194 26219 26194) (24.3809 s)
>> 4277 (35526: 31094 33326 31094) (24.4148 s)
>> 4269 (28071: 28073 28175 28073) (24.4748 s)
>> 4266 (33479: 33464 33472 33464) (24.3553 s)
>> 4263 (16816: 34029 34452 34029) (24.3127 s)
>> 4260 (32484: 32382 32416 32382) (24.3245 s)
>> 4249 (9522: 30377 30551 30377) (24.3141 s)
>> 4231 (17886: 22108 35069 22108) (24.3034 s)
>> 4383 (18692: 35491 35496 35491) (24.276 s)
>> 4229 (42571: 32835 32862 32835) (24.3677 s)
>> 4204 (4225: 27538 27562 27538) (24.4608 s)
>> 4197 (28849: 28798 28844 28798) (24.4955 s)
>> 4196 (27886: 27880 27910 27880) (24.6115 s)
>> 4193 (12215: 31665 31671 31665) (24.5369 s)
>> 4181 (279: 26151 26164 26151) (24.3212 s)
>> 4173 (2621: 35411 35426 35411) (24.5104 s)
>> 4168 (4802: 37175 37206 37175) (24.536 s)
>> 4159 (545: 26364 26376 26364) (24.3891 s)
>> 4155 (21750: 37223 37228 37223) (24.5689 s)
>> 4151 (6795: 29004 29046 29004) (24.4172 s)
>> 4145 (18571: 8401 17892 8401) (24.5763 s)
>> 4141 (11434: 30996 31014 30996) (24.6127 s)
>> 4132 (27525: 26799 27522 26799) (24.8212 s)
>> 4120 (31981: 38913 38927 38913) (25.0111 s)
>> 4117 (16282: 33925 33958 33925) (24.885 s)
>> 4107 (3830: 7076 26403 7076) (24.9296 s)
>> 4099 (18844: 35563 35574 35563) (25.0753 s)
>> 4098 (2545: 18359 20572 18359) (25.0753 s)
>> 4092 (18938: 37323 37822 37323) (25.0228 s)
>> 4083 (17543: 34816 34839 34816) (24.9576 s)
>> 5957 (17606: 26133 34824 26133) (25.0544 s)
>> 4365 (24: 26113 26122 26113) (24.9334 s)
>> 4074 (8896: 30192 30209 30192) (24.9285 s)
>> 4068 (18025: 35945 35956 35945) (24.985 s)
>> 4054 (9662: 30426 30435 30426) (25.1211 s)
>> 4030 (37870: 37869 37882 37869) (25.263 s)
>> 4027 (9070: 30268 30278 30268) (25.1868 s)
>> 3976 (15810: 33672 33681 33672) (25.1165 s)
>> 4053 (14869: 32952 33022 32952) (25.0846 s)
>> 3957 (18450: 18636 20793 18636) (25.158 s)
>> 3956 (1443: 26473 26570 26473) (25.2949 s)
>> 3955 (3386: 37671 37676 37671) (25.2003 s)
>> 3955 (37973: 37959 37968 37959) (25.231 s)
>> 3954 (4602: 27777 30007 27777) (25.1159 s)
>> 3945 (36776: 38365 38548 38365) (25.3072 s)
>> 3944 (14065: 32572 32893 32572) (25.2487 s)
>> 3941 (21755: 37104 37247 37104) (25.1518 s)
>> 3939 (14292: 32641 32679 32641) (25.4369 s)
>> 3932 (30638: 30618 30634 30618) (25.089 s)
>> 3931 (34204: 34197 34227 34197) (25.1419 s)
>> 3925 (12986: 31767 31792 31767) (25.2937 s)
>> 3922 (8324: 29632 29891 29632) (25.2482 s)
>> 3914 (1088: 20515 36413 20515) (25.2067 s)
>> 3912 (18252: 2568 18003 2568) (25.2081 s)
>> 3900 (15605: 1775 37381 1775) (25.3241 s)
>> 3895 (39648: 34738 34754 34738) (25.5634 s)
>> 4008 (34797: 34773 34791 34773) (25.3672 s)
>> 3893 (519: 34649 34671 34649) (25.258 s)
>> 3885 (31196: 31193 31202 31193) (25.2371 s)
>> 3869 (7416: 29360 29390 29360) (25.5067 s)
>> 3864 (2503: 35539 35732 35539) (25.2737 s)
>> 3861 (42103: 32511 32991 32511) (25.3734 s)
>> 3861 (5369: 37178 37185 37178) (25.4538 s)
>> 3856 (35286: 37769 37844 37769) (25.2144 s)
>> 3935 (23549: 37859 37862 37859) (25.1655 s)
>> 4072 (23702: 37698 37722 37698) (25.204 s)
>> 3879 (2557: 36076 37839 36076) (25.2408 s)
>> 3853 (35863: 33919 35816 33919) (25.206 s)
>> 3852 (5705: 22623 29654 22623) (25.2715 s)
>> 3850 (32974: 32965 32975 32965) (25.2889 s)
>> 3838 (30223: 30200 30218 30200) (25.5361 s)
>> 3831 (456: 37888 37901 37888) (25.3777 s)
>> 3829 (19033: 36112 36128 36112) (25.2898 s)
>> 3820 (11084: 37946 37955 37946) (25.1883 s)
>> 3819 (37195: 37176 37192 37176) (25.2389 s)
>> 3817 (33494: 32720 33488 32720) (25.1306 s)
>> 3814 (14192: 32726 32732 32726) (25.315 s)
>> 3825 (14164: 32735 32740 32735) (25.2751 s)
>> 3813 (34521: 33991 34001 33991) (25.1706 s)
>> 3803 (1451: 26566 26575 26566) (25.3339 s)
>> 3798 (34563: 25444 34556 25444) (25.3749 s)
>> 3793 (32004: 32000 32012 32000) (25.5495 s)
>> 3792 (25906: 34621 35677 34621) (25.5406 s)
>> 3785 (28338: 28295 28336 28295) (25.3782 s)
>> 3783 (39299: 29637 29907 29637) (25.4528 s)
>> 3779 (23184: 27553 27572 27553) (25.4549 s)
>> 3765 (2419: 24766 27021 24766) (25.4989 s)
>> 3758 (11794: 10353 38198 10353) (25.3768 s)
>> 3752 (35114: 35095 35110 35095) (25.5982 s)
>> 3743 (37566: 4172 21556 4172) (25.3522 s)
>> 3737 (15015: 33110 33127 33110) (25.6165 s)
>> 3728 (14739: 37805 37829 37805) (25.6026 s)
>> 3724 (8274: 2200 36061 2200) (25.4049 s)
>> 3716 (2145: 31902 36911 31902) (25.4387 s)
>> 3708 (7328: 38521 38528 38521) (25.9253 s)
>> 3701 (14348: 32693 32725 32693) (25.5977 s)
>> 3700 (6887: 28644 29073 28644) (25.7221 s)
>> 3697 (25381: 38916 38922 38916) (25.4918 s)
>> 3692 (33352: 31182 33344 31182) (25.3847 s)
>> 3691 (14156: 32594 32610 32594) (25.4146 s)
>> 3689 (3088: 27061 27076 27061) (25.9156 s)
>> 3689 (42027: 32880 32920 32880) (25.4644 s)
>> 3683 (37101: 31853 31862 31853) (25.5857 s)
>> 5371 (13287: 31993 32489 31993) (25.5355 s)
>> 3679 (6961: 16587 38632 16587) (25.7044 s)
>> 3670 (26078: 28055 28080 28055) (25.7311 s)
>> 3667 (14786: 32928 32939 32928) (25.6009 s)
>> 3654 (38904: 38893 38903 38893) (25.5536 s)
>> 3653 (8932: 30158 30225 30158) (25.5644 s)
>> 3653 (6481: 31347 38811 31347) (25.549 s)
>> 3651 (15584: 33785 33788 33785) (25.572 s)
>> 3642 (28888: 27586 27592 27586) (25.5429 s)
>> 3639 (37953: 37951 37962 37951) (25.5789 s)
>> 3637 (5562: 28282 28287 28282) (25.5768 s)
>> 3630 (5083: 27837 31740 27837) (25.5276 s)
>> 3627 (8090: 37987 38022 37987) (25.532 s)
>> 3622 (30710: 30641 30705 30641) (25.5123 s)
>> 3621 (17913: 37750 37766 37750) (25.546 s)
>> 3616 (32844: 36987 36990 36987) (25.6027 s)
>> 3613 (14453: 33040 33061 33040) (25.4895 s)
>> 4534 (33438: 33403 33427 33403) (25.508 s)
>> 3609 (37138: 37072 37137 37072) (25.5579 s)
>> 3600 (27472: 27460 27470 27460) (25.4884 s)
>> 3596 (10615: 5111 30814 5111) (25.5191 s)
>> 3595 (15046: 33236 33249 33236) (25.552 s)
>> 3570 (22212: 37276 37293 37276) (25.4827 s)
>> 3562 (35039: 35546 35558 35546) (25.5079 s)
>> 3559 (11356: 19166 35130 19166) (25.5064 s)
>> 3548 (2698: 26944 37493 26944) (25.5564 s)
>> 3543 (37709: 37705 37753 37705) (25.4116 s)
>> 3542 (22272: 31517 38992 31517) (25.5716 s)
>> 3539 (37118: 5649 15180 5649) (25.5904 s)
>> 3538 (13054: 2971 36212 2971) (25.6484 s)
>> 3537 (13404: 32057 32066 32057) (25.6757 s)
>> 3528 (35387: 25193 31234 25193) (25.6423 s)
>> 3525 (33748: 33742 33762 33742) (25.6589 s)
>> 3523 (2919: 37481 37594 37481) (25.6777 s)
>> 3521 (18505: 37595 37624 37595) (25.6677 s)
>> 3515 (12961: 16571 38610 16571) (25.6606 s)
>> 3511 (20957: 26433 36799 26433) (25.6489 s)
>> 3491 (33340: 30907 32757 30907) (25.7347 s)
>> 3483 (15910: 38333 38357 38333) (25.697 s)
>> 3482 (36206: 19646 35960 19646) (25.6393 s)
>> 3475 (39510: 32527 32905 32527) (25.663 s)
>> 3470 (24601: 38607 38739 38607) (25.695 s)
>> 3465 (42127: 31809 31838 31809) (25.7122 s)
>> 3571 (12495: 31566 31575 31566) (25.7295 s)
>> 3446 (22820: 37319 37334 37319) (25.7464 s)
>> 3440 (32827: 32819 32824 32819) (25.7299 s)
>> 3433 (19913: 20019 36208 20019) (25.7592 s)
>> 3419 (34105: 34094 34180 34094) (25.7039 s)
>> 3419 (37695: 37685 37692 37685) (25.7849 s)
>> 3416 (36190: 18185 19595 18185) (25.7538 s)
>> 3407 (34693: 34219 34279 34219) (25.7426 s)
>> 3403 (6554: 28796 29299 28796) (25.7458 s)
>> 3391 (40236: 33139 33654 33139) (25.7647 s)
>> 3382 (7195: 29251 29262 29251) (25.7825 s)
>> 3378 (10405: 30662 30714 30662) (25.7545 s)
>> 3377 (36097: 10142 10148 10142) (25.7304 s)
>> 3370 (34766: 34764 34782 34764) (25.7775 s)
>> 3366 (27703: 10712 24409 10712) (25.8135 s)
>> 3796 (18333: 19513 35308 19513) (25.8438 s)
>> 3361 (18716: 35631 35671 35631) (25.877 s)
>> 3811 (6433: 35597 35653 35597) (25.8609 s)
>> 3358 (13349: 27802 39022 27802) (25.8729 s)
>> 3356 (2369: 24221 24452 24221) (25.8554 s)
>> 3353 (20445: 17807 20359 17807) (25.8838 s)
>> 3346 (34402: 34354 34386 34354) (25.9074 s)
>> 3343 (19220: 35757 35763 35757) (25.8854 s)
>> 3332 (39321: 30105 30122 30105) (25.8796 s)
>> 3330 (2280: 37385 37406 37385) (25.8539 s)
>> 3324 (37922: 386 19315 386) (25.8714 s)
>> 3316 (4625: 27631 27641 27631) (25.8869 s)
>> 3315 (40337: 34600 34628 34600) (25.9183 s)
>> 3300 (31166: 31084 31116 31084) (25.8549 s)
>> 3297 (8227: 29842 29865 29842) (25.9121 s)
>> 3297 (38519: 38372 38517 38372) (25.8888 s)
>> 3751 (16153: 5887 38329 5887) (25.8727 s)
>> 3289 (27158: 27144 27155 27144) (25.875 s)
>> 3285 (2656: 3009 35771 3009) (25.8599 s)
>> 3278 (15517: 33318 33503 33318) (25.8769 s)
>> 3274 (20759: 10204 26044 10204) (25.8867 s)
>> 3735 (8279: 36590 36601 36590) (25.9875 s)
>> 3272 (29194: 29151 29185 29151) (25.9446 s)
>> 3268 (2482: 26816 26848 26816) (25.9793 s)
>> 3266 (263: 26260 26267 26260) (25.9907 s)
>> 3514 (2067: 26227 26236 26227) (26.013 s)
>> 3266 (20276: 36402 36406 36402) (26.0538 s)
>> 3266 (7282: 37513 37517 37513) (26.0335 s)
>> 3506 (39301: 29665 29709 29665) (26.0443 s)
>> 3266 (17286: 33096 38383 33096) (26.489 s)
>> 3264 (28724: 28670 28696 28670) (26.0284 s)
>> 3263 (31106: 31100 31131 31100) (26.0144 s)
>> 3251 (6434: 51 27576 51) (26.0147 s)
>> 3251 (33011: 32983 33003 32983) (25.995 s)
>> 3231 (28232: 28230 28251 28230) (26.0078 s)
>> 3230 (1553: 26670 37890 26670) (26.0135 s)
>> 3224 (36814: 38194 38206 38194) (26.0355 s)
>> 3221 (25765: 4387 32473 4387) (26.0369 s)
>> 3201 (6906: 29089 29095 29089) (26.1564 s)
>> 3197 (26180: 26161 26176 26161) (26.4481 s)
>> 3195 (20015: 19191 19618 19191) (26.2072 s)
>> 3183 (7051: 29158 29176 29158) (26.061 s)
>> 3183 (34484: 34026 34478 34026) (26.1114 s)
>> 3176 (33892: 33838 33886 33838) (26.0824 s)
>> 3171 (11106: 30890 30918 30890) (26.0765 s)
>> 3169 (19327: 13665 36951 13665) (26.0502 s)
>> 3168 (32509: 31961 32503 31961) (26.0674 s)
>> 3341 (31952: 31918 31949 31918) (26.0437 s)
>> 3452 (13160: 31957 32367 31957) (26.0769 s)
>> 3164 (11994: 2697 31254 2697) (26.1461 s)
>> 3160 (5040: 27611 27992 27611) (26.0828 s)
>> 3158 (36934: 36929 36933 36929) (26.1195 s)
>> 3155 (28150: 28106 28143 28106) (26.1022 s)
>> 3459 (39234: 28154 28184 28154) (26.0954 s)
>> 3210 (28123: 28090 28117 28090) (26.1058 s)
>> 3150 (1014: 1985 26443 1985) (26.4027 s)
>> 3139 (22518: 38971 38976 38971) (26.1577 s)
>> 3136 (30789: 30782 30793 30782) (26.1891 s)
>> 3796 (10530: 30776 30879 30776) (26.1079 s)
>> 3135 (24305: 38319 38337 38319) (26.2211 s)
>> 3134 (12648: 32168 32198 32168) (26.2158 s)
>> 3107 (15736: 33636 34058 33636) (26.2153 s)
>> 3102 (29839: 29817 29821 29817) (26.5219 s)
>> 3085 (29288: 28703 29280 28703) (26.9223 s)
>> 3082 (31420: 31373 31383 31373) (26.6295 s)
>> 3076 (9443: 13353 15630 13353) (26.95 s)
>> 3076 (35568: 2730 35566 2730) (26.8991 s)
>> 3076 (2869: 23033 35152 23033) (26.8904 s)
>> 3068 (12950: 32207 32215 32207) (26.5466 s)
>> 3067 (30409: 38377 38380 38377) (26.6935 s)
>> 3218 (24028: 38152 38184 38152) (26.1071 s)
>> 3167 (17166: 38155 38175 38155) (25.9909 s)
>> 3066 (40376: 29925 29937 29925) (26.0971 s)
>> 3186 (29864: 29757 29856 29757) (26.6517 s)
>> 3065 (6617: 38657 38697 38657) (26.7956 s)
>> 3248 (38727: 38709 38714 38709) (26.6674 s)
>> 3063 (38149: 32607 38141 32607) (26.1203 s)
>> 3061 (23430: 23282 23572 23282) (26.1636 s)
>> 3054 (41832: 28010 28044 28010) (26.1834 s)
>> 3049 (39280: 29123 29166 29123) (26.1648 s)
>> 3049 (9659: 30401 30407 30401) (27.1226 s)
>> 3045 (40770: 31124 33389 31124) (26.3354 s)
>> 3041 (13649: 32287 32296 32287) (26.4738 s)
>> 3039 (29808: 37937 38111 37937) (26.9442 s)
>> 3036 (9708: 38271 38288 38271) (27.1145 s)
>> 3035 (23528: 18590 35119 18590) (26.7721 s)
>> 3381 (30214: 35137 35153 35137) (26.7986 s)
>> 3028 (27204: 27203 37679 27203) (26.1715 s)
>> 3026 (31507: 30043 31500 30043) (26.7094 s)
>> 3077 (39456: 30030 31475 30030) (27.1655 s)
>> 3013 (33444: 33417 33440 33417) (26.649 s)
>> 3008 (3929: 38427 38457 38427) (26.6255 s)
>> 3002 (41194: 33867 34127 33867) (26.867 s)
>> 2997 (12467: 31518 31561 31518) (26.7702 s)
>> 2995 (8272: 3874 24751 3874) (27.0292 s)
>> 2995 (2196: 38413 38419 38413) (26.4957 s)
>> 2989 (21554: 25065 26904 25065) (27.2199 s)
>> 2989 (15059: 33243 33274 33243) (26.5926 s)
>> 2983 (81: 30831 30834 30831) (26.3416 s)
>> 2966 (20454: 18109 36506 18109) (26.0959 s)
>> 2964 (23960: 38125 38129 38125) (26.4435 s)
>> 2960 (28632: 28629 28631 28629) (26.8483 s)
>> 3748 (6219: 28596 28622 28596) (26.9206 s)
>> 2959 (20902: 21030 24134 21030) (26.9392 s)
>> 3019 (20885: 36773 36778 36773) (26.8979 s)
>> 2949 (19964: 19974 36295 19974) (26.9798 s)
>> 2947 (35258: 18885 18893 18885) (26.7384 s)
>> 2936 (6358: 28749 28760 28749) (27.0295 s)
>> 2927 (19088: 35692 35696 35692) (26.7665 s)
>> 2926 (14270: 32659 32683 32659) (26.6146 s)
>> 2922 (4057: 27485 27506 27485) (26.6611 s)
>> 2900 (5355: 29497 29529 29497) (26.2149 s)
>> 2900 (19249: 21372 36093 21372) (26.4316 s)
>> 2899 (15453: 1783 37791 1783) (26.6706 s)
>> 2876 (21404: 15757 36887 15757) (26.6963 s)
>> 2919 (16408: 36882 36890 36882) (26.0845 s)
>> 2860 (10176: 35054 35065 35054) (26.0832 s)
>> 2840 (28589: 28574 28585 28574) (26.7984 s)
>> 2831 (34239: 33878 34234 33878) (27.3978 s)
>> 2814 (8793: 3881 24152 3881) (27.0011 s)
>> 2804 (34339: 34269 34323 34269) (26.813 s)
>> 2803 (24711: 38615 38623 38615) (26.8191 s)
>> 3106 (17376: 38642 38689 38642) (26.5772 s)
>> 2802 (41083: 28835 28852 28835) (26.7292 s)
>> 2789 (21959: 37235 37240 37235) (26.8683 s)
>> 2781 (36053: 36013 36046 36013) (26.0129 s)
>> 2772 (24097: 37876 38210 37876) (26.5848 s)
>> 2769 (3247: 34875 34900 34875) (26.8685 s)
>> 3748 (33966: 34904 34910 34904) (26.6547 s)
>> 2764 (2302: 29080 29220 29080) (25.972 s)
>> 2754 (38962: 8630 29995 8630) (25.9683 s)
>> 2753 (7810: 38280 38304 38280) (26.9049 s)
>> 2741 (33272: 32586 32622 32586) (25.9446 s)
>> 2740 (6753: 30357 30363 30357) (25.8316 s)
>> 2736 (12856: 864 20122 864) (26.7355 s)
>> 2721 (29349: 29344 29352 29344) (27.0113 s)
>> 2720 (26072: 35506 35884 35506) (26.2413 s)
>> 2719 (26743: 26734 26747 26734) (26.1328 s)
>> 2706 (35049: 37782 37790 37782) (26.5307 s)
>> 2700 (39512: 32534 32850 32534) (26.5729 s)
>> 2691 (38318: 38311 38314 38311) (25.904 s)
>> 2690 (5321: 28325 28356 28325) (25.8184 s)
>> 2688 (23309: 3542 23533 3542) (25.7565 s)
>> 2681 (12810: 19667 20024 19667) (25.7533 s)
>> 2676 (23350: 35393 36356 35393) (25.7112 s)
>> 2669 (20790: 1779 11580 1779) (25.6814 s)
>> 2669 (4779: 4780 37287 4780) (25.681 s)
>> 2663 (11265: 19486 37992 19486) (25.5905 s)
>> 2658 (12308: 20384 20469 20384) (25.5469 s)
>> 2681 (19911: 11425 36320 11425) (25.6057 s)
>> 3252 (33046: 20124 27093 20124) (25.5594 s)
>> 2820 (32696: 20653 35992 20653) (25.5609 s)
>> 2656 (7487: 21199 21268 21199) (25.8161 s)
>> 2651 (6206: 28607 28613 28607) (25.9087 s)
>> 2645 (40116: 36252 36255 36252) (25.8021 s)
>> 3061 (13057: 2976 3313 2976) (25.6997 s)
>> 2643 (24304: 23847 24121 23847) (25.6216 s)
>> 2643 (5134: 38540 38542 38540) (25.5333 s)
>> 2640 (9128: 22161 36821 22161) (25.5693 s)
>> 2638 (7836: 29589 29622 29589) (25.5435 s)
>> 2629 (32670: 32232 32635 32232) (25.5558 s)
>> 2626 (31497: 31484 31492 31484) (25.5187 s)
>> 2621 (18662: 21320 35479 21320) (25.4332 s)
>> 2616 (34166: 34145 34155 34145) (25.5571 s)
>> 2615 (42006: 31814 31828 31814) (25.589 s)
>> 2605 (1998: 26458 26476 26458) (25.6497 s)
>> 2594 (8304: 27264 27269 27264) (25.7687 s)
>> 2593 (24349: 38561 38579 38561) (26.2675 s)
>> 2577 (5359: 37398 37425 37398) (25.7723 s)
>> 2571 (29429: 29410 29419 29410) (25.8029 s)
>> 2565 (23715: 37864 37925 37864) (25.7003 s)
>> 2558 (32750: 32747 32751 32747) (25.7585 s)
>> 2557 (28937: 28496 28895 28496) (25.632 s)
>> 2542 (33721: 33718 33731 33718) (25.6925 s)
>> 2539 (34472: 34424 34462 34424) (25.5936 s)
>> 2537 (14876: 13181 37139 13181) (25.4663 s)
>> 2535 (4547: 27755 27769 27755) (25.5691 s)
>> 2527 (17282: 38729 38741 38729) (25.5943 s)
>> 2507 (3046: 26998 27014 26998) (25.579 s)
>> 2498 (42249: 32034 32439 32034) (25.6718 s)
>> 2493 (25108: 37436 37467 37436) (25.6074 s)
>> 2492 (41894: 33228 33581 33228) (25.5623 s)
>> 2486 (14984: 35917 36830 35917) (25.7067 s)
>> 4523 (7781: 29341 35721 29341) (25.6756 s)
>> 2483 (30405: 18509 19154 18509) (25.546 s)
>> 2474 (41842: 33182 33190 33182) (25.5559 s)
>> 2470 (29386: 28868 29382 28868) (25.5532 s)
>> 2468 (7792: 30495 30639 30495) (25.6039 s)
>> 2464 (30329: 30256 30275 30256) (25.6244 s)
>> 2464 (35265: 35244 35260 35244) (25.5162 s)
>> 2459 (18769: 1367 35730 1367) (25.4505 s)
>> 2459 (6443: 38846 38850 38846) (25.4371 s)
>> 2452 (2372: 36416 36431 36416) (25.3709 s)
>> 2451 (15111: 33174 33218 33174) (25.3522 s)
>> 2444 (21257: 21894 35615 21894) (25.3857 s)
>> 2444 (28567: 28563 28883 28563) (25.3352 s)
>> 2437 (29483: 29230 29476 29230) (25.3164 s)
>> 2437 (36126: 37996 38002 37996) (25.3188 s)
>> 2425 (5251: 28127 28136 28127) (25.3977 s)
>> 2425 (7774: 29543 29560 29543) (25.4386 s)
>> 2414 (17145: 34617 35796 34617) (25.3726 s)
>> 2402 (36162: 19693 36171 19693) (25.3118 s)
>> 2397 (32811: 32803 32807 32803) (25.2648 s)
>> 2396 (6977: 28656 29141 28656) (25.1832 s)
>> 2379 (4796: 37297 37299 37297) (25.2363 s)
>> 2377 (30943: 30942 30953 30942) (25.2344 s)
>> 2377 (15678: 33210 33599 33210) (25.1792 s)
>> 2370 (20146: 35283 36339 35283) (25.0964 s)
>> 2641 (36043: 11923 36019 11923) (25.4297 s)
>> 2365 (2928: 22923 36442 22923) (25.2845 s)
>> 2359 (19901: 36279 36286 36279) (25.1065 s)
>> 2664 (36033: 36005 36018 36005) (25.1908 s)
>> 2351 (19265: 22848 35711 22848) (25.1625 s)
>> 2678 (18179: 35204 36468 35204) (25.1269 s)
>> 2337 (26316: 26278 26291 26278) (25.0605 s)
>> 2688 (26259: 26207 26251 26207) (25.0941 s)
>> 2337 (23492: 11964 31244 11964) (25.0878 s)
>> 2335 (26350: 38656 38663 38656) (25.0103 s)
>> 2871 (38674: 38650 38673 38650) (25.0292 s)
>> 2334 (2936: 19696 27177 19696) (24.9993 s)
>> 2327 (13640: 14275 32719 14275) (25.0211 s)
>> 2323 (28985: 28941 28976 28941) (24.975 s)
>> 2322 (14459: 33089 33105 33089) (24.9764 s)
>> 2312 (17283: 10572 29367 10572) (24.9817 s)
>> 2308 (31749: 31742 31760 31742) (25.0462 s)
>> 2302 (40136: 20317 31257 20317) (24.9637 s)
>> 2293 (6867: 29034 29062 29034) (24.9584 s)
>> 2290 (27404: 13495 27403 13495) (24.899 s)
>> 2288 (27197: 27025 27183 27025) (24.8237 s)
>> 2278 (27729: 27716 27732 27716) (24.8696 s)
>> 2271 (1826: 27322 27337 27322) (24.8366 s)
>> 2264 (16166: 38109 38257 38109) (24.8938 s)
>> 2258 (4252: 28192 28207 28192) (24.8652 s)
>> 2250 (19937: 3079 20436 3079) (24.8517 s)
>> 2243 (32083: 32047 32074 32047) (24.7906 s)
>> 2240 (14932: 38291 38556 38291) (24.8036 s)
>> 2236 (13678: 6068 26770 6068) (24.7464 s)
>> 2232 (20581: 37662 37779 37662) (24.7934 s)
>> 2220 (29273: 29271 29277 29271) (24.7173 s)
>> 2216 (32335: 32308 32316 32308) (24.8446 s)
>> 2207 (8076: 29728 29745 29728) (24.8075 s)
>> 2206 (2851: 37599 37609 37599) (24.8245 s)
>> 2198 (26983: 22008 26980 22008) (24.815 s)
>> 2196 (10424: 30723 30750 30723) (24.7217 s)
>> 2196 (12195: 31414 31435 31414) (25.0442 s)
>> 3557 (12180: 31377 31444 31377) (24.8442 s)
>> 2180 (16455: 34050 34069 34050) (26.0484 s)
>> 2179 (42226: 32431 33537 32431) (23.9675 s)
>> 2145 (10493: 30513 30543 30513) (23.9408 s)
>> 2140 (27427: 27417 27428 27417) (23.936 s)
>> 2128 (17667: 11455 36310 11455) (23.9333 s)
>> 2118 (27623: 27615 27622 27615) (23.9208 s)
>> 2117 (12246: 31371 31659 31371) (23.9019 s)
>> 2115 (15116: 33572 33591 33572) (23.8592 s)
>> 2110 (18647: 37728 37740 37728) (23.865 s)
>> 2105 (16617: 34169 34184 34169) (23.8298 s)
>> 2090 (33340: 32791 33337 32791) (23.7904 s)
>> 2086 (30677: 38600 38601 38600) (23.7793 s)
>> 2085 (36480: 23113 31044 23113) (23.8195 s)
>> 2085 (28447: 28415 28442 28415) (23.7591 s)
>> 2069 (8395: 29943 29948 29943) (23.7692 s)
>> 2069 (38025: 35170 35173 35170) (23.7422 s)
>> 2066 (6702: 35626 35636 35626) (23.7427 s)
>> 2059 (10462: 35168 35176 35168) (23.7116 s)
>> 2047 (31147: 38582 38584 38582) (23.7099 s)
>> 2031 (23838: 23670 27187 23670) (23.701 s)
>> 2026 (1510: 3934 26583 3934) (23.7341 s)
>> 2019 (37934: 5891 11762 5891) (23.7985 s)
>> 2016 (33446: 33445 33456 33445) (23.7325 s)
>> 2014 (11584: 31158 31168 31158) (23.7075 s)
>> 2010 (33399: 32768 32774 32768) (23.8731 s)
>> 2008 (23601: 23249 23797 23249) (23.7341 s)
>> 1998 (31078: 31073 31076 31073) (23.6608 s)
>> 1988 (35909: 35530 35865 35530) (23.6313 s)
>> 1971 (23825: 23708 27327 23708) (23.6801 s)
>> 1969 (3713: 28365 28377 28365) (23.5828 s)
>> 1959 (2321: 27254 27275 27254) (23.564 s)
>> 1959 (31217: 31213 31218 31213) (23.5431 s)
>> 1942 (29884: 29875 29879 29875) (23.5487 s)
>> 1933 (31345: 31331 31346 31331) (23.4995 s)
>> 1933 (31614: 31595 31609 31595) (23.4926 s)
>> 1932 (20843: 10640 36078 10640) (23.4866 s)
>> 1930 (4990: 27964 27971 27964) (23.466 s)
>> 2647 (28270: 28265 28267 28265) (23.4325 s)
>> 1924 (4350: 33562 39029 33562) (23.3921 s)
>> 2736 (25544: 12439 39008 12439) (23.3536 s)
>> 1922 (24054: 38165 38189 38165) (23.3366 s)
>> 1914 (19245: 36098 36147 36098) (23.3474 s)
>> 1910 (20426: 2830 2944 2830) (23.3324 s)
>> 1901 (3459: 37552 37563 37552) (23.3016 s)
>> 1884 (19178: 34780 36937 34780) (23.3049 s)
>> 1850 (1150: 22287 22547 22287) (23.2771 s)
>> 1845 (14754: 5342 37086 5342) (23.2454 s)
>> 1842 (2911: 35150 36510 35150) (23.4137 s)
>> 1824 (7644: 17320 33260 17320) (23.2209 s)
>> 1797 (2933: 24273 26921 24273) (23.229 s)
>> 1780 (4782: 27891 27904 27891) (23.2095 s)
>> 1778 (7887: 38044 38059 38044) (23.2094 s)
>> 1829 (3684: 27371 27388 27371) (23.1787 s)
>> 1775 (29505: 29504 29513 29504) (23.1537 s)
>> 1770 (17134: 11270 20830 11270) (23.1522 s)
>> 1761 (3656: 27365 27381 27365) (23.1344 s)
>> 2468 (11125: 367 27293 367) (23.1301 s)
>> 1761 (24441: 38391 38424 38391) (23.1405 s)
>> 1757 (24340: 38361 38363 38361) (23.1223 s)
>> 1751 (11569: 27312 35076 27312) (23.1128 s)
>> 1744 (34648: 34362 34435 34362) (23.1124 s)
>> 1744 (38435: 38434 38439 38434) (23.112 s)
>> 1734 (11490: 22962 34942 22962) (23.2019 s)
>> 1730 (39501: 5829 36944 5829) (23.092 s)
>> 2174 (37026: 37010 37022 37010) (23.1004 s)
>> 1728 (12488: 29982 31553 29982) (23.0712 s)
>> 1708 (33149: 33147 33158 33147) (23.0395 s)
>> 1697 (1789: 26335 26713 26335) (23.0268 s)
>> 1689 (37651: 23752 26994 23752) (23.0163 s)
>> 1683 (8510: 30022 30090 30022) (23.007 s)
>> 1676 (36401: 24199 27364 24199) (22.9681 s)
>> 1672 (7147: 26957 26965 26957) (22.9692 s)
>> 1632 (10378: 30650 30689 30650) (22.9336 s)
>> 1952 (30748: 30684 30733 30684) (22.9252 s)
>> 1625 (34504: 34040 34497 34040) (22.8901 s)
>> 2046 (34474: 33980 34469 33980) (22.8625 s)
>> 1621 (33757: 33711 33751 33711) (22.93 s)
>> 1616 (4423: 29523 29533 29523) (22.8299 s)
>> 1604 (20093: 27042 34899 27042) (22.8013 s)
>> 1602 (30170: 30148 30165 30148) (22.7682 s)
>> 1601 (9735: 38376 38508 38376) (22.7474 s)
>> 1583 (37655: 37637 37653 37637) (22.7384 s)
>> 1580 (12561: 31643 31650 31643) (22.8075 s)
>> 1578 (37422: 37413 37415 37413) (22.7313 s)
>> 1568 (7798: 38254 38260 38254) (22.7118 s)
>> 1561 (31778: 31750 31776 31750) (22.717 s)
>> 1543 (13872: 35579 35584 35579) (22.6821 s)
>> 1538 (27787: 27759 27785 27759) (22.6674 s)
>> 1533 (30878: 30760 30869 30760) (22.6662 s)
>> 1533 (41191: 32139 32159 32139) (22.6202 s)
>> 1529 (26143: 26140 34744 26140) (22.5503 s)
>> 1526 (33571: 32024 33555 32024) (22.5338 s)
>> 1525 (7895: 8131 27302 8131) (22.5104 s)
>> 1523 (38432: 38410 38429 38410) (22.5041 s)
>> 1522 (1919: 27599 28920 27599) (22.5067 s)
>> 1514 (40853: 34014 34372 34014) (22.4838 s)
>> 1496 (34972: 34970 34971 34970) (22.4597 s)
>> 1489 (28968: 28948 28962 28948) (22.4595 s)
>> 1895 (6957: 29054 29137 29054) (22.4503 s)
>> 1466 (35003: 34999 35002 34999) (22.4295 s)
>> 2040 (18395: 35205 35331 35205) (22.4212 s)
>> 2552 (25050: 3824 35186 3824) (22.4068 s)
>> 1464 (30583: 35007 35013 35007) (22.4146 s)
>> 1453 (36052: 36012 36534 36012) (22.4092 s)
>> 1439 (2455: 35270 35277 35270) (22.3519 s)
>> 1436 (36330: 19275 36315 19275) (22.3475 s)
>> 1436 (30399: 29370 30392 29370) (22.3337 s)
>> 1405 (20762: 18653 37714 18653) (22.3026 s)
>> 1398 (6721: 38843 38854 38843) (22.3099 s)
>> 1394 (38827: 38820 38828 38820) (22.2819 s)
>> 1387 (5306: 37075 37080 37075) (22.2808 s)
>> 1372 (11548: 891 35564 891) (22.278 s)
>> 1361 (4736: 32982 37146 32982) (22.2379 s)
>> 1817 (37270: 13025 37264 13025) (22.2387 s)
>> 1605 (4802: 37167 37302 37167) (22.2203 s)
>> 1349 (11307: 31003 31010 31003) (22.2327 s)
>> 1344 (12720: 6400 14255 6400) (22.21 s)
>> 1336 (3952: 14980 38463 14980) (22.1849 s)
>> 1317 (10014: 27008 27190 27008) (22.1593 s)
>> 1308 (16652: 34240 34271 34240) (22.1161 s)
>> 1291 (23515: 17977 37824 17977) (22.1009 s)
>> 1284 (34573: 34550 34569 34550) (22.0854 s)
>> 1279 (32275: 32242 32270 32242) (22.075 s)
>> 1274 (3315: 27168 27194 27168) (22.042 s)
>> 1249 (38221: 29894 38219 29894) (22.0013 s)
>> 1243 (30084: 29997 30083 29997) (21.9892 s)
>> 1235 (27815: 27804 27810 27804) (21.9597 s)
>> 1228 (42157: 27867 27917 27867) (21.9563 s)
>> 1212 (7831: 29567 29606 29567) (21.9451 s)
>> 1198 (28825: 28808 28817 28808) (21.9367 s)
>> 1196 (206: 38243 38250 38243) (21.9118 s)
>> 1193 (28526: 28484 28520 28484) (21.902 s)
>> 1193 (33826: 33823 33829 33823) (21.8957 s)
>> 1179 (9027: 30830 37546 30830) (21.8755 s)
>> 1176 (8757: 37536 37543 37536) (21.856 s)
>> 1167 (31276: 28872 30456 28872) (21.842 s)
>> 1163 (29485: 29237 29482 29237) (21.829 s)
>> 1162 (28314: 28307 28319 28307) (21.7973 s)
>> 1776 (5698: 28332 28340 28332) (21.7852 s)
>> 1160 (41112: 31272 31282 31272) (21.7567 s)
>> 1159 (34881: 31020 34878 31020) (21.7377 s)
>> 1118 (13826: 32394 32406 32394) (21.7328 s)
>> 1118 (31542: 31511 31535 31511) (21.7143 s)
>> 1114 (41168: 31624 32182 31624) (21.6906 s)
>> 1098 (20440: 3207 36298 3207) (21.6409 s)
>> 1090 (1011: 26439 26482 26439) (21.6272 s)
>> 1237 (1897: 26420 30367 26420) (21.6111 s)
>> 1089 (9669: 30419 30449 30419) (21.5703 s)
>> 1232 (30632: 30625 40691 30625) (21.5421 s)
>> 1078 (30950: 36026 36328 36026) (21.5446 s)
>> 1078 (37435: 37434 37447 37434) (21.5443 s)
>> 1606 (2314: 29216 37458 29216) (21.4961 s)
>> 1071 (7503: 8350 38347 8350) (21.4967 s)
>> 1060 (5950: 28430 28470 28430) (21.4634 s)
>> 1038 (28735: 28729 28737 28729) (21.4271 s)
>> 1036 (19705: 37667 37675 37667) (21.427 s)
>> 1035 (27708: 27707 27744 27707) (21.4125 s)
>> 1908 (24515: 27845 27854 27845) (21.4297 s)
>> 1032 (36625: 27475 36617 27475) (21.3701 s)
>> 1018 (36879: 11120 38116 11120) (21.3688 s)
>> 971 (19691: 3607 23802 3607) (21.3697 s)
>> 948 (16628: 34192 34211 34192) (21.3715 s)
>> 1469 (34698: 34688 34711 34688) (21.3817 s)
>> 947 (18781: 35552 35578 35552) (21.3816 s)
>> 931 (737: 33058 33075 33058) (21.3586 s)
>> 922 (34920: 30983 34917 30983) (21.342 s)
>> 902 (35469: 35462 35471 35462) (21.3109 s)
>> 877 (27102: 20152 20623 20152) (21.2784 s)
>> 874 (12739: 35966 35976 35966) (21.2467 s)
>> 873 (16469: 34076 34085 34076) (21.2345 s)
>> 872 (6060: 28530 28539 28530) (21.2146 s)
>> 866 (3525: 23735 24064 23735) (21.1949 s)
>> 866 (5191: 29777 29787 29777) (21.1421 s)
>> 864 (26765: 26754 26760 26754) (21.1334 s)
>> 847 (36639: 23910 36570 23910) (21.0981 s)
>> 843 (32108: 32085 32104 32085) (21.0756 s)
>> 836 (17530: 9641 38325 9641) (21.0442 s)
>> 835 (37566: 36963 37489 36963) (21.0538 s)
>> 827 (35224: 24589 34994 24589) (21.052 s)
>> 822 (9294: 30304 30337 30304) (21.0411 s)
>> 819 (22653: 37348 37358 37348) (20.9764 s)
>> 813 (37041: 2105 37522 2105) (20.9587 s)
>> 812 (4440: 27669 27690 27669) (20.9468 s)
>> 808 (990: 38079 38083 38079) (20.9454 s)
>> 798 (38942: 38937 38941 38937) (20.9299 s)
>> 790 (36089: 36086 36108 36086) (20.9184 s)
>> 788 (10643: 30841 30857 30841) (20.893 s)
>> 753 (1557: 8409 27386 8409) (20.8972 s)
>> 751 (9054: 26868 26880 26868) (20.9008 s)
>> 750 (35668: 22490 35644 22490) (20.8695 s)
>> 720 (20556: 24569 36626 24569) (20.8301 s)
>> 709 (24672: 9551 26810 9551) (20.7406 s)
>> 692 (39510: 32546 32558 32546) (20.7223 s)
>> 682 (14338: 32625 32700 32625) (20.6794 s)
>> 665 (20620: 36640 36696 36640) (20.6819 s)
>> 559 (23692: 1223 19001 1223) (20.6654 s)
>> 523 (4419: 29578 29630 29578) (20.6623 s)
>> 465 (35998: 21148 35993 21148) (20.6122 s)
>> 1636 (20042: 35986 36268 35986) (20.5971 s)
>> 445 (9677: 38340 38345 38340) (20.5701 s)
>> 444 (27120: 1820 27119 1820) (20.5638 s)
>> 432 (15782: 33666 33691 33666) (20.5362 s)
>> 428 (24597: 27308 31065 27308) (20.5519 s)
>> 1796 (10515: 35132 35164 35132) (20.4961 s)
>> 425 (13722: 36896 36901 36896) (20.4764 s)
>> 414 (4717: 27831 27875 27831) (20.4774 s)
>> 412 (12341: 31452 31458 31452) (20.4293 s)
>> 397 (17575: 13569 38393 13569) (20.4313 s)
>> 520 (38149: 38130 38148 38130) (20.4094 s)
>> 392 (35377: 18600 35370 18600) (20.4561 s)
>> 392 (13195: 5773 13003 5773) (20.4179 s)
>> 385 (3873: 12148 27434 12148) (20.4062 s)
>> 319 (3065: 11509 36235 11509) (20.3754 s)
>> 314 (16231: 38066 38069 38066) (20.3527 s)
>> 297 (32554: 32517 32553 32517) (20.364 s)
>> 437 (14644: 32916 32944 32916) (20.3459 s)
>> 286 (7525: 29438 29450 29438) (20.3358 s)
>> 205 (30952: 30930 30949 30930) (20.3247 s)
>> 201 (1532: 26529 26633 26529) (20.2882 s)
>> 139 (881: 36160 36666 36160) (20.2809 s)
>> 133 (26072: 25898 35500 25898) (20.2451 s)
>> 121 (15993: 33778 35511 33778) (20.2318 s)
>> 111 (36728: 25414 36727 25414) (20.21 s)
>> 78 (35791: 35784 35803 35784) (20.2217 s)
>> 70 (18026: 31024 35103 31024) (20.1751 s)
>> 68 (29114: 28901 29106 28901) (20.1822 s)
>> 63 (6985: 29195 29209 29195) (20.2148 s)
>> 53 (3236: 33370 33375 33370) (20.1827 s)
>> 53 (20655: 19697 35210 19697) (20.1542 s)
>> 38 (20591: 9560 36770 9560) (20.1263 s)
>> 33 (27088: 20027 27224 20027) (20.12 s)
>> 13 (16118: 27531 27534 27531) (20.1 s)
>> 8 (21428: 31884 31907 31884) (20.0635 s)
>> 0 (-1: -1 -1 -1) (20.0689 s)
Zelikovsky 23756.1 s
>> 34227 (25885: 39052 13318 4814) (1996.97 s)
>> 33393 (804: 26386 26734 26695) (1929.54 s)
>> 9898 (10081: 6298 30573 6411) (1985.83 s)
>> 8455 (9830: 16479 30808 7773) (1826.12 s)
>> 7402 (6080: 29462 29468 29432) (2016.3 s)
>> 7242 (9227: 30332 30558 30291) (1944.46 s)
>> 7185 (15685: 36977 36990 36982) (2009.69 s)
>> 7104 (2814: 9142 29937 29918) (1883.66 s)
>> 7036 (21596: 36921 38922 36925) (2005.95 s)
>> 6314 (17223: 38212 38296 38200) (1933.24 s)
>> 6242 (723: 26396 26408 26386) (2015.45 s)
>> 6228 (4066: 27498 27516 12554) (1846.31 s)
>> 6173 (39232: 31331 31309 31298) (2012.08 s)
>> 6109 (39532: 37014 37022 36977) (1945.31 s)
>> 6105 (8605: 30061 30113 30057) (2006.61 s)
>> 5932 (12785: 31718 31731 31699) (1895.93 s)
>> 5904 (39786: 38725 38678 38495) (2114.03 s)
>> 5885 (30267: 30268 30262 30246) (2035.09 s)
>> 5866 (21818: 37057 37043 37017) (2132.83 s)
>> 5863 (39493: 31875 31918 31870) (1905.82 s)
>> 5857 (21341: 33144 36890 36874) (2134.99 s)
>> 5849 (30696: 31033 31065 30977) (2027.39 s)
>> 5837 (30616: 30618 30612 30602) (2099.99 s)
>> 5818 (19330: 30309 30337 30332) (1938.36 s)
>> 5753 (33645: 35737 36487 20717) (2096.73 s)
>> 5686 (34510: 34497 34417 33995) (2009.06 s)
>> 5663 (22348: 37244 37259 32964) (2091.53 s)
>> 5645 (8730: 30091 30122 30075) (1864.41 s)
>> 5612 (10723: 26466 36845 26454) (2082.73 s)
>> 5603 (19047: 38807 38811 37027) (1996.47 s)
>> 5480 (39228: 31740 31718 31258) (2075.88 s)
>> 5377 (10042: 30568 30559 6298) (1918.85 s)
>> 5301 (27143: 27136 27122 24306) (2105.15 s)
>> 5262 (19389: 35831 35845 35839) (1993.88 s)
>> 5159 (39341: 4529 39052 39029) (2067.33 s)
>> 5112 (14397: 33110 33094 33070) (1937.52 s)
>> 5107 (18302: 1059 35301 26429) (2100.1 s)
>> 5052 (16482: 594 34119 34108) (1968.22 s)
>> 5026 (18026: 35116 35109 31053) (2045.56 s)
>> 5011 (33818: 33811 33796 33311) (1894.31 s)
>> 4931 (11193: 31177 31227 31145) (2034.2 s)
>> 4925 (5651: 28395 28774 28403) (1963.43 s)
>> 4902 (4225: 27592 27562 27544) (2036.07 s)
>> 4889 (409: 19277 27091 27053) (1827.3 s)
>> 4864 (30224: 30218 30182 30171) (2020.57 s)
>> 4863 (26574: 26570 26591 26466) (1946.82 s)
>> 4856 (459: 26324 26660 26650) (2022.2 s)
>> 4856 (35529: 33357 35520 33769) (1876.13 s)
>> 4819 (295: 26396 26356 26299) (2015.35 s)
>> 4816 (19211: 19231 35917 29960) (1943.51 s)
>> 4812 (6371: 29277 28683 28661) (2013.01 s)
>> 4767 (8192: 27257 27302 27230) (1798.56 s)
>> 4764 (31977: 31875 31993 31966) (2010.51 s)
>> 4737 (26550: 19744 26539 22897) (1927.54 s)
>> 4736 (16393: 38014 38066 38049) (1991.81 s)
>> 4729 (38991: 38989 39000 13370) (1847.61 s)
>> 4709 (19991: 27215 27115 26985) (1990.18 s)
>> 4703 (21802: 37152 37139 37127) (1912.88 s)
>> 4696 (32254: 32250 32270 32263) (1983.32 s)
>> 4669 (29771: 29762 29777 29751) (1756.1 s)
>> 4642 (11605: 35069 31113 31090) (1987.43 s)
>> 4731 (17886: 35069 35347 22108) (1912.13 s)
>> 4625 (39566: 34288 34727 34327) (1978.73 s)
>> 4616 (1942: 36921 26770 5971) (1837.37 s)
>> 4609 (32761: 38480 38465 38459) (1979.42 s)
>> 5456 (27404: 27434 38480 27403) (1902.08 s)
>> 4593 (32509: 32503 32534 31875) (1982.52 s)
>> 4592 (39595: 36739 36762 36745) (1704.86 s)
>> 4584 (12249: 31371 31740 31368) (1603.68 s)
>> 4576 (4065: 31177 33344 31182) (1560.73 s)
>> 4565 (4935: 27948 27999 27955) (1793.18 s)
>> 4564 (7348: 29324 29344 29305) (1745.46 s)
>> 4559 (39237: 28669 29102 29010) (1861.12 s)
>> 4537 (35905: 35903 35876 35530) (1902.44 s)
>> 4534 (32403: 32503 32402 32389) (1988.54 s)
>> 4530 (37375: 25371 37406 37368) (1767.43 s)
>> 4524 (39231: 30503 30513 30486) (1960.42 s)
>> 4511 (23641: 37916 37937 37907) (1862.93 s)
>> 4506 (35902: 35891 35911 35903) (1945.11 s)
>> 4503 (6060: 28539 28545 28537) (1784.25 s)
>> 4461 (40081: 11559 31254 31250) (1939.32 s)
>> 4438 (35421: 35686 35405 2739) (1885.71 s)
>> 4427 (8013: 29685 29709 29698) (1947.9 s)
>> 4406 (30964: 25890 30970 30954) (1732.36 s)
>> 4398 (2155: 14626 36856 6184) (1929.19 s)
>> 4394 (17588: 34809 34839 34702) (1857.23 s)
>> 4694 (17323: 34720 34809 34288) (1899.51 s)
>> 4378 (27223: 34965 35116 34974) (1777.68 s)
>> 4375 (23551: 38089 38104 38098) (1910.54 s)
>> 4367 (13825: 32127 32503 32406) (1828.64 s)
>> 4349 (12918: 31809 32127 31767) (1901.38 s)
>> 4338 (15503: 30568 30385 30309) (1797.38 s)
>> 4304 (2611: 9142 26875 9521) (1932.24 s)
>> 4292 (34074: 34069 33789 33615) (1858.55 s)
>> 4291 (2486: 24766 9866 3834) (1912.29 s)
>> 4277 (26205: 26219 26260 26194) (1774.5 s)
>> 4265 (24112: 37916 38233 10353) (1916.84 s)
>> 4263 (16816: 34452 34488 34029) (1825.24 s)
>> 4260 (32484: 32382 32476 32416) (1754.51 s)
>> 4229 (42571: 32835 32916 32862) (1635.13 s)
>> 4918 (32356: 32338 32835 32353) (1788.52 s)
>> 4220 (27977: 27971 30091 27948) (1497.04 s)
>> 4218 (33222: 37010 37057 37014) (1501.49 s)
>> 4201 (21746: 37010 37160 37152) (1670.98 s)
>> 4181 (279: 26183 26164 26151) (1905.65 s)
>> 4168 (4802: 37305 37206 37175) (1807.31 s)
>> 4151 (6795: 29046 29013 29004) (1893.87 s)
>> 4141 (11434: 34875 31014 30996) (1702.49 s)
>> 4105 (13722: 33144 38807 36901) (1888.64 s)
>> 4056 (28849: 28798 28868 28844) (1687.34 s)
>> 4043 (37249: 37250 37247 37244) (1782.53 s)
>> 4021 (22901: 4172 37546 4194) (1662.13 s)
>> 4001 (37332: 37326 38877 37336) (1872.53 s)
>> 3997 (39536: 33512 33481 33318) (1640.15 s)
>> 3994 (13619: 31371 32316 32291) (1508.48 s)
>> 3992 (15299: 33512 33488 32720) (1424.34 s)
>> 3990 (30408: 27428 38014 27407) (1723.51 s)
>> 3987 (16948: 36958 38850 37002) (1700.89 s)
>> 3979 (32004: 32496 32000 31809) (1849.47 s)
>> 3976 (15810: 33701 33681 33672) (1656.54 s)
>> 3967 (15585: 34069 33811 33785) (1504.54 s)
>> 3955 (3386: 37779 37676 37671) (1492.09 s)
>> 3955 (37973: 37959 37976 37968) (1561.54 s)
>> 4103 (3910: 37381 37989 37959) (1461.57 s)
>> 3954 (4602: 27777 30090 30007) (1556.44 s)
>> 3938 (13726: 32360 32343 32338) (1519.37 s)
>> 3931 (34204: 34227 34269 34197) (1550.71 s)
>> 3922 (8324: 29891 29902 29632) (1493.37 s)
>> 3914 (1088: 20515 36425 36413) (1570.25 s)
>> 3910 (28259: 28251 28238 27971) (1527.5 s)
>> 3908 (12648: 32198 32224 32168) (1482.14 s)
>> 3901 (36919: 36921 31902 13003) (1377.92 s)
>> 3891 (18274: 18003 35292 2568) (1486.29 s)
>> 3876 (14464: 38141 38148 38136) (1452.29 s)
>> 3861 (5369: 37235 37185 37178) (1484.35 s)
>> 3850 (2176: 35317 35593 24685) (1514.69 s)
>> 3835 (11569: 35086 35069 34965) (1778.36 s)
>> 3829 (19033: 36133 36128 36112) (1583.43 s)
>> 3820 (11084: 37955 38009 37946) (1461.26 s)
>> 3814 (14192: 32732 32751 32726) (1386.81 s)
>> 3803 (1451: 26575 26583 26566) (1500.29 s)
>> 3799 (18979: 37916 37805 37323) (1462.15 s)
>> 3796 (35575: 35574 35579 35558) (1489.35 s)
>> 3789 (2370: 27021 24452 24009) (1424.85 s)
>> 3785 (28338: 28336 28365 28295) (1488.55 s)
>> 3772 (2107: 36921 38927 38913) (1451.46 s)
>> 3768 (2557: 37839 37859 36076) (1576.79 s)
>> 3756 (1789: 26725 26713 26324) (1577.2 s)
>> 3724 (8274: 36093 36061 2200) (1752.28 s)
>> 3851 (36043: 11923 36093 36019) (1685.15 s)
>> 3708 (7328: 38521 38741 38528) (1747.79 s)
>> 3703 (37726: 37722 37822 37724) (1612.86 s)
>> 3700 (6887: 29095 29073 28644) (1741.59 s)
>> 3699 (14124: 32610 32602 32250) (1667.45 s)
>> 3684 (14291: 33512 32679 32360) (1735.21 s)
>> 3679 (6961: 38638 38632 16587) (1570.62 s)
>> 3670 (26078: 28055 28090 28080) (1736.02 s)
>> 3667 (14786: 32944 32939 32928) (1666.77 s)
>> 3649 (26277: 26273 26396 26376) (1735.79 s)
>> 3643 (972: 2103 26570 25251) (1598.72 s)
>> 3637 (5562: 28282 28459 28287) (1729.35 s)
>> 3626 (26295: 26273 26319 26291) (1654.87 s)
>> 4136 (5633: 2103 26529 26273) (1717.75 s)
>> 3622 (30710: 30641 30879 30705) (1538.59 s)
>> 3609 (17642: 34738 34720 26133) (1713.41 s)
>> 3608 (25586: 32473 4529 4387) (1638.88 s)
>> 3600 (27472: 27485 27479 27470) (1712.68 s)
>> 3598 (7209: 29247 29324 29262) (1582.46 s)
>> 3594 (42103: 32991 33014 32944) (1718.41 s)
>> 3587 (34135: 594 34136 34127) (1667.17 s)
>> 3586 (5709: 36921 38906 38903) (1723.9 s)
>> 3585 (34694: 35728 35737 35711) (1541.83 s)
>> 3578 (17010: 34550 34589 34569) (1721.28 s)
>> 3575 (12681: 31665 31659 31371) (1640.01 s)
>> 3566 (17155: 34621 35803 34628) (1707.55 s)
>> 3565 (5139: 30639 30684 30618) (1654.51 s)
>> 3550 (6435: 27586 27576 51) (1844.16 s)
>> 3547 (28153: 28073 28143 28136) (1634.13 s)
>> 3540 (14297: 32693 33512 32710) (1699.4 s)
>> 3539 (37118: 5649 33144 15180) (1541.16 s)
>> 3526 (17494: 34754 34791 34738) (1699.28 s)
>> 3523 (2919: 37481 37653 37594) (1666.47 s)
>> 3521 (33438: 33454 33427 33403) (1782.51 s)
>> 3511 (20957: 26433 36813 36799) (1597.11 s)
>> 3510 (25891: 31168 35086 31202) (1706.16 s)
>> 3491 (33340: 33337 32757 31177) (1626.55 s)
>> 3446 (22820: 37334 37531 37319) (1695 s)
>> 3433 (19913: 20019 36666 36208) (1525.36 s)
>> 3429 (16116: 31347 38689 38610) (1713.57 s)
>> 3419 (37695: 27215 37692 37685) (1620.87 s)
>> 3417 (16294: 38280 38194 37916) (1577.65 s)
>> 3417 (16328: 594 34076 33958) (1555.86 s)
>> 3416 (36190: 19595 20436 18185) (1676.34 s)
>> 3409 (8981: 14626 36921 36911) (1613.68 s)
>> 3357 (10208: 16479 30857 30568) (1671.06 s)
>> 3353 (13054: 36212 36546 2971) (1497.45 s)
>> 3353 (20445: 20359 36013 17807) (1671.6 s)
>> 3348 (27618: 28336 27622 27615) (1594.98 s)
>> 3337 (19220: 35763 35771 35757) (1663.48 s)
>> 3326 (13404: 32057 32496 32066) (1531.05 s)
>> 3303 (34668: 594 34662 34649) (1661.19 s)
>> 3281 (37953: 27428 37962 37951) (1589.45 s)
>> 3273 (16343: 33991 34513 34478) (1650.05 s)
>> 3266 (17286: 38383 38393 33096) (1478.47 s)
>> 3263 (11977: 35270 18003 11559) (1649.25 s)
>> 3257 (34698: 34754 34711 34688) (1575.26 s)
>> 3238 (5455: 28265 28251 28219) (1642.97 s)
>> 3232 (6835: 28669 34781 14626) (1512.64 s)
>> 3231 (29407: 29247 29401 29390) (1635.95 s)
>> 3227 (2302: 29046 29237 29220) (1568.72 s)
>> 3227 (20795: 36739 36752 26044) (1636.47 s)
>> 3223 (35286: 37844 37839 37769) (1461.26 s)
>> 3213 (6433: 35597 35660 35653) (1625.97 s)
>> 3209 (10529: 30641 30884 30776) (1556.89 s)
>> 3205 (40236: 33654 33666 33139) (1622.21 s)
>> 3182 (24348: 38561 38584 38548) (1504.26 s)
>> 3176 (14443: 33417 33440 33357) (1617.32 s)
>> 3175 (4945: 29817 29787 29762) (1541.95 s)
>> 3157 (24: 34754 34802 26113) (1620.79 s)
>> 3157 (30924: 30894 30918 30890) (1449.5 s)
>> 3145 (29736: 29665 29733 29685) (1613.57 s)
>> 3143 (42057: 31776 31750 27837) (1570.24 s)
>> 3127 (26983: 29665 26980 22008) (1601.07 s)
>> 3124 (36531: 36534 36212 18109) (1482.14 s)
>> 3123 (14758: 12984 37228 37204) (1490.47 s)
>> 3122 (11924: 35686 35385 31234) (1436.9 s)
>> 3117 (5815: 28410 29141 29095) (1488.83 s)
>> 3117 (24432: 35317 35331 10712) (1326.98 s)
>> 3091 (17271: 38391 38383 38380) (1508.49 s)
>> 3256 (24441: 38391 38429 38424) (1497.92 s)
>> 3090 (36932: 36929 36933 5829) (1568.36 s)
>> 3089 (15677: 33599 34069 33603) (1454.52 s)
>> 3189 (15113: 33591 33599 33174) (1565.23 s)
>> 3086 (7498: 29817 29462 29450) (1495.36 s)
>> 3082 (31420: 31414 31383 31373) (1562.86 s)
>> 3076 (2869: 36012 35152 23033) (1405.6 s)
>> 3076 (9443: 33562 15630 13353) (1549.32 s)
>> 3061 (23430: 35393 23572 23282) (1483.41 s)
>> 3058 (33097: 5887 38333 38291) (1553.99 s)
>> 3033 (34563: 34556 34621 34561) (1433.1 s)
>> 3027 (32969: 32965 33701 32952) (1545.99 s)
>> 3026 (31507: 31553 31500 30043) (1472.97 s)
>> 2992 (22518: 38971 38983 38976) (1533.1 s)
>> 2991 (41938: 28154 28073 28061) (1395.41 s)
>> 3129 (5319: 28325 28356 28154) (1557.86 s)
>> 2976 (33894: 33886 34314 33878) (1488.51 s)
>> 2969 (8572: 26604 26575 2103) (1545.59 s)
>> 2959 (20902: 24134 36778 21030) (1439.22 s)
>> 2955 (16315: 33971 594 33718) (1968.2 s)
>> 2951 (30455: 30449 30503 30495) (1565.12 s)
>> 2947 (35258: 18885 35730 18893) (1612.45 s)
>> 2936 (6358: 28760 28771 28749) (1513.44 s)
>> 2919 (28630: 28629 28410 28596) (1573.38 s)
>> 2909 (14348: 32725 32800 32693) (1589.34 s)
>> 2906 (33946: 33939 33933 33919) (1547.89 s)
>> 2900 (5355: 29567 29529 29497) (1419.69 s)
>> 2890 (3656: 27365 38022 27257) (1715.72 s)
>> 2881 (4625: 28336 27827 27777) (1425.81 s)
>> 2881 (31852: 31838 32057 31846) (1343.54 s)
>> 2859 (15777: 12984 37223 37010) (1170.94 s)
>> 2855 (33048: 38189 38165 38155) (1621.73 s)
>> 2964 (23960: 38129 38189 38125) (1335.32 s)
>> 2853 (11356: 31168 35137 19166) (1293.7 s)
>> 2850 (9079: 30268 27498 16479) (1207.81 s)
>> 2848 (6377: 28703 28696 28690) (1600.26 s)
>> 2846 (12467: 31582 31553 31518) (1293.21 s)
>> 2836 (32656: 32635 32725 32651) (1283.15 s)
>> 2938 (12949: 32610 32635 32207) (1318.64 s)
>> 2813 (4139: 27592 27534 27522) (1252.6 s)
>> 2918 (20372: 26799 28669 27592) (1217.17 s)
>> 2812 (26815: 35778 35763 35574) (1716.56 s)
>> 2802 (41083: 28860 28852 28835) (1303.99 s)
>> 2790 (23309: 3542 36383 20359) (1517.49 s)
>> 2785 (8793: 35393 24199 3881) (1309.22 s)
>> 2783 (2621: 35686 35426 35411) (1193.66 s)
>> 2772 (24097: 38219 38210 37876) (1197.95 s)
>> 2771 (31641: 31631 32198 31624) (1546.56 s)
>> 2767 (5586: 28539 28506 28477) (1310.07 s)
>> 2757 (6073: 28539 28901 28890) (1297.91 s)
>> 2738 (34062: 34058 33636 33591) (1392.03 s)
>> 2727 (37994: 38006 37992 27365) (1558.55 s)
>> 2719 (26743: 26744 26747 26604) (1286.04 s)
>> 2700 (26895: 26885 9551 9142) (1322.96 s)
>> 2699 (24434: 37481 37489 4172) (1380.37 s)
>> 2695 (7825: 38561 38503 38365) (1430.65 s)
>> 2693 (33850: 33838 33886 33847) (1515.51 s)
>> 2691 (34598: 34556 36147 34596) (1564.15 s)
>> 2673 (12341: 31331 31458 31388) (1500.63 s)
>> 2669 (4779: 4780 37305 37287) (1448.54 s)
>> 2657 (31153: 31150 33337 31100) (1520.26 s)
>> 2654 (12348: 31631 31650 31643) (1549.35 s)
>> 2648 (16147: 38663 38725 38709) (1393.13 s)
>> 2640 (9128: 22161 36825 36821) (1467.2 s)
>> 2638 (7836: 29562 29622 29589) (1599.21 s)
>> 2630 (37296: 37293 37276 4780) (1469.22 s)
>> 2626 (35049: 37782 36612 37790) (1520.01 s)
>> 2622 (39455: 31484 31582 31475) (1478.71 s)
>> 2614 (21902: 12984 37066 37061) (1443.8 s)
>> 2612 (14429: 35891 36133 34556) (1392.97 s)
>> 2612 (29483: 29482 29817 29230) (1294.33 s)
>> 2609 (10388: 30714 30641 30639) (1392.69 s)
>> 2607 (31765: 31665 31776 31760) (1346.12 s)
>> 2606 (38730: 38642 38729 38521) (1344.77 s)
>> 2588 (30170: 30165 30218 30148) (1474.48 s)
>> 2581 (30939: 30949 31150 30930) (1403.84 s)
>> 2577 (31576: 31838 31595 31575) (1367.78 s)
>> 2572 (35477: 35479 35471 31168) (1347.19 s)
>> 2571 (29429: 29410 30401 29419) (1337.01 s)
>> 2559 (14391: 33110 33243 33118) (1375.04 s)
>> 2558 (17652: 34862 34754 26183) (1489.42 s)
>> 2552 (6554: 29247 29277 28796) (1502.46 s)
>> 2550 (32989: 32965 32991 32983) (1319.85 s)
>> 2539 (21560: 37481 37522 37517) (1408.09 s)
>> 2530 (15451: 27434 38463 26403) (1397.48 s)
>> 2524 (29125: 29123 29166 29151) (1453.39 s)
>> 2520 (30845: 30841 30849 30831) (1415.25 s)
>> 2513 (16020: 27264 38006 27254) (1195.64 s)
>> 2508 (6741: 28948 28962 28895) (1186.32 s)
>> 2506 (15285: 32610 33301 33287) (1292.95 s)
>> 2495 (2073: 35462 21268 21199) (1436.54 s)
>> 2493 (20276: 20515 36406 36402) (1441.62 s)
>> 2474 (41842: 33218 33190 33182) (1316.34 s)
>> 2473 (38355: 38376 38561 38353) (1541.24 s)
>> 2464 (35265: 35277 35260 35244) (1448.37 s)
>> 2453 (6903: 29058 29089 29046) (1373.4 s)
>> 2445 (35742: 19231 35739 35728) (1386.2 s)
>> 2420 (12739: 35976 35966 19231) (1354.87 s)
>> 2395 (27147: 27144 27155 27136) (1300.6 s)
>> 2390 (36122: 21372 36118 11923) (1543.83 s)
>> 2378 (40390: 29948 29966 29482) (1315.66 s)
>> 2361 (30629: 29567 30714 30625) (1272.63 s)
>> 2359 (26841: 26885 26835 24766) (1247.63 s)
>> 2351 (7774: 29562 29560 29543) (1382.38 s)
>> 2350 (17283: 29367 33134 29341) (1415.96 s)
>> 2346 (14974: 38642 38607 38598) (1537.97 s)
>> 2345 (39606: 35597 35891 35496) (1381.23 s)
>> 2344 (7931: 29891 29562 29907) (1272.35 s)
>> 2336 (11183: 30949 33417 31094) (1183.79 s)
>> 2329 (38942: 38941 38937 29995) (1325.48 s)
>> 2326 (13215: 5342 37086 5649) (1282.4 s)
>> 2321 (10419: 29567 30760 30750) (1313.87 s)
>> 2314 (888: 26744 26476 26473) (1282.52 s)
>> 2304 (16101: 33838 34058 33829) (1309.62 s)
>> 2299 (36071: 10148 21372 10142) (1223.85 s)
>> 2280 (13640: 32719 36995 14275) (1275.69 s)
>> 2278 (27729: 27732 27744 27716) (1374.22 s)
>> 2258 (4252: 28209 28207 28192) (1471.37 s)
>> 2256 (35372: 35686 35370 20793) (1351.61 s)
>> 2255 (32578: 32610 32905 32572) (1394.54 s)
>> 2249 (35701: 35696 35692 2758) (1450.3 s)
>> 2240 (3929: 38427 38457 27434) (1579.04 s)
>> 2240 (12810: 36279 20024 19667) (1303.29 s)
>> 2240 (29444: 38109 40050 38254) (1307.48 s)
>> 2225 (7732: 38083 38095 38089) (1190.03 s)
>> 2225 (29942: 37595 37576 37563) (1159.31 s)
>> 2209 (5432: 37299 37297 37293) (1218.85 s)
>> 2205 (27860: 27854 27910 27845) (1334.25 s)
>> 2193 (32185: 32147 32182 31631) (1304.27 s)
>> 2192 (2127: 38989 38885 26799) (1508.79 s)
>> 2183 (42110: 32527 32965 32558) (1221.76 s)
>> 2182 (9425: 33562 32473 27802) (1194.46 s)
>> 2181 (23655: 38280 26670 11762) (1207.95 s)
>> 2180 (21133: 26433 26744 22161) (1121.13 s)
>> 2169 (2206: 13495 38427 33260) (1182.87 s)
>> 2164 (19347: 35831 35816 34605) (1244.63 s)
>> 2162 (35515: 35511 35597 35506) (1148.67 s)
>> 2156 (37136: 37072 37131 12984) (1180.79 s)
>> 2149 (32875: 32880 32869 32610) (1141.1 s)
>> 2140 (2824: 37481 37552 37536) (1208.64 s)
>> 2139 (6847: 37481 37568 37326) (1093.13 s)
>> 2129 (34189: 34192 34184 34155) (1219.29 s)
>> 2120 (14450: 33040 33456 30949) (1261.35 s)
>> 2119 (32030: 33555 32034 32024) (1211.84 s)
>> 2096 (30217: 30165 30209 28265) (981.064 s)
>> 2092 (30991: 34875 30988 30979) (1012.88 s)
>> 2084 (24035: 26848 26885 26810) (1305.95 s)
>> 2071 (5077: 31665 28117 28055) (1504.61 s)
>> 2064 (2358: 25371 37458 37413) (1327.08 s)
>> 2063 (15364: 38376 38567 38556) (1101.05 s)
>> 2058 (33757: 33756 33762 33711) (1063.04 s)
>> 2052 (3392: 37779 27215 37679) (1058.86 s)
>> 2051 (2931: 27021 27002 24221) (1294.54 s)
>> 2041 (14876: 37072 37299 37167) (1307.52 s)
>> 2041 (31799: 31792 31838 31665) (1161.87 s)
>> 2036 (34049: 34452 34497 34040) (1279.86 s)
>> 2029 (24700: 38638 38623 31347) (1343.33 s)
>> 2026 (1510: 26602 26609 26433) (1405.3 s)
>> 2025 (1148: 22547 26602 26499) (1270.76 s)
>> 2011 (5642: 35479 33040 31139) (1008.55 s)
>> 2002 (29212: 29209 29185 29176) (1134.89 s)
>> 1985 (13663: 20515 36444 22923) (1101.77 s)
>> 1981 (35102: 35479 35095 35090) (1351.42 s)
>> 1980 (19889: 20019 36160 19693) (1006.83 s)
>> 1968 (18539: 35479 35170 35153) (1142.83 s)
>> 1963 (35890: 35511 35884 25898) (1447.84 s)
>> 1962 (4541: 27924 27854 27755) (1441.64 s)
>> 1961 (23903: 27187 27175 23670) (1411.76 s)
>> 1942 (29884: 29886 29879 29875) (1137.16 s)
>> 1940 (14999: 37753 37759 37740) (948.984 s)
>> 1938 (5126: 30799 31331 30449) (1342.56 s)
>> 1929 (37270: 37264 37273 37072) (1287.91 s)
>> 1922 (15927: 33756 33766 33110) (970.667 s)
>> 1907 (9735: 38376 38511 38508) (1344.46 s)
>> 1900 (29288: 29247 29283 29280) (931.009 s)
>> 1890 (30748: 30744 30733 29567) (1151.36 s)
>> 1878 (17691: 35479 34934 34926) (1248.87 s)
>> 1872 (4388: 33562 39008 38989) (1366 s)
>> 1866 (20066: 36279 19974 3542) (1344.62 s)
>> 1856 (21676: 35511 35649 35626) (1321.45 s)
>> 1853 (17700: 34900 34904 34875) (1048.03 s)
>> 2092 (17780: 34947 34900 22962) (1264.22 s)
>> 1850 (3065: 36235 36255 864) (1246.97 s)
>> 1844 (20728: 25444 36739 35511) (1442.65 s)
>> 1844 (31380: 31414 31792 31377) (1163.36 s)
>> 1843 (462: 33971 33742 33731) (1393.45 s)
>> 1837 (16819: 36958 36951 36937) (1266.65 s)
>> 1836 (21043: 36837 36830 35976) (1331.39 s)
>> 1832 (40685: 28629 28442 28430) (1284.81 s)
>> 1829 (1826: 27337 27386 27322) (1357.13 s)
>> 2107 (2256: 27275 27337 27283) (1277.89 s)
>> 1828 (248: 26267 26219 22547) (1397.93 s)
>> 1828 (17666: 11455 36310 35993) (1331.98 s)
>> 1935 (35987: 11455 35986 19618) (1114.92 s)
>> 1824 (29134: 29137 29129 28629) (1045.23 s)
>> 1823 (24305: 38376 38337 38319) (933.847 s)
>> 1821 (1553: 37897 38280 37890) (811.239 s)
>> 1821 (15015: 33756 33236 33127) (887.873 s)
>> 1820 (26350: 38656 38673 38663) (1163.15 s)
>> 1818 (37965: 27428 37987 37964) (1021.2 s)
>> 1809 (11628: 35479 35065 35054) (1084.11 s)
>> 1793 (29809: 35176 35479 35205) (1163.8 s)
>> 1790 (38962: 33562 38961 38941) (1133.03 s)
>> 1786 (28924: 28496 28948 28915) (1257.52 s)
>> 1783 (27787: 27785 28336 27769) (1021.31 s)
>> 1781 (10394: 38600 38604 38376) (1083.07 s)
>> 1780 (4782: 27904 27917 27891) (1062.18 s)
>> 1779 (38798: 16645 38801 38638) (1291.17 s)
>> 1775 (7016: 13495 27485 27460) (1254.59 s)
>> 1765 (5179: 37467 37447 37434) (1094.14 s)
>> 1758 (19268: 35778 36837 35552) (1118.44 s)
>> 1757 (12183: 31414 31444 31435) (1053.63 s)
>> 1750 (42226: 33555 33537 32431) (1271.62 s)
>> 1746 (6214: 37264 37050 37020) (1202.71 s)
>> 1742 (33214: 33218 33228 33210) (1154.25 s)
>> 1731 (37303: 37264 37302 37240) (1369.24 s)
>> 1730 (12488: 31601 31484 29982) (1261.28 s)
>> 1722 (24247: 38600 38212 37897) (1343.46 s)
>> 1720 (30448: 30435 30799 29247) (1251.75 s)
>> 1710 (3564: 27021 27014 19277) (1401.52 s)
>> 1710 (5114: 30435 31452 31414) (1197.37 s)
>> 1706 (1024: 26267 26486 26482) (1480.15 s)
>> 1701 (27051: 19744 31044 23113) (1164.55 s)
>> 1696 (33170: 33201 33218 33164) (1266.48 s)
>> 1690 (27102: 37779 20623 20152) (1381.63 s)
>> 1750 (3088: 27021 37779 27082) (1391.6 s)
>> 1689 (42157: 27867 27904 27785) (1266.11 s)
>> 1687 (35379: 35686 35374 18600) (1212.1 s)
>> 1682 (14133: 32622 33283 33265) (1158.89 s)
>> 1682 (32630: 32880 32641 32625) (1204.71 s)
>> 1680 (4381: 27641 27867 27669) (1313.24 s)
>> 1680 (20478: 35204 19744 2944) (1450.08 s)
>> 1672 (8227: 29886 29948 29868) (1303.79 s)
>> 1669 (11203: 37609 27021 23752) (1224.93 s)
>> 1667 (36024: 36534 36506 19697) (1122.8 s)
>> 1665 (15910: 5887 38372 38357) (1082.15 s)
>> 1663 (40438: 29821 40471 29886) (1196.64 s)
>> 1661 (8279: 36626 36601 35393) (1407.48 s)
>> 1655 (21049: 24121 36279 23797) (1299.43 s)
>> 1638 (35568: 35778 35566 2730) (1323.79 s)
>> 1631 (31620: 31617 30435 27732) (1415.69 s)
>> 1630 (37101: 31617 31897 31853) (1452.87 s)
>> 1629 (28944: 28941 29106 28539) (1293.06 s)
>> 1618 (6559: 28798 29360 28860) (1075.81 s)
>> 1617 (29541: 38311 38600 38314) (1153.99 s)
>> 1615 (38652: 38650 38820 38656) (1264.58 s)
>> 1606 (4678: 28175 28167 27831) (1119.28 s)
>> 1604 (5531: 37264 37176 37172) (1113.94 s)
>> 2308 (37195: 37264 37235 37192) (1362.86 s)
>> 1590 (30691: 30744 40691 30689) (1309.71 s)
>> 1582 (33388: 33375 35176 33382) (1223.01 s)
>> 1576 (16448: 38377 38391 38386) (1144.48 s)
>> 1573 (7856: 38311 37925 37791) (1228.22 s)
>> 1567 (8729: 30165 30105 30061) (1323.42 s)
>> 1557 (27197: 37609 27194 27144) (1078.64 s)
>> 1550 (13673: 36442 35204 20515) (1433.06 s)
>> 1544 (8204: 37609 26948 26934) (1258.54 s)
>> 1544 (37720: 37381 37753 1775) (1393.73 s)
>> 1542 (17394: 38434 38377 13495) (1333.2 s)
>> 1532 (7212: 31617 29265 29271) (1326.25 s)
>> 1528 (15295: 37955 38311 37714) (1300.54 s)
>> 1516 (36301: 19595 36303 36298) (1276.64 s)
>> 1516 (39531: 33051 32780 32732) (1242.2 s)
>> 1509 (32739: 32735 33051 32740) (1380.19 s)
>> 1508 (41640: 33991 34469 34424) (1345.96 s)
>> 1507 (4088: 30268 33562 27586) (1283.72 s)
>> 1506 (13229: 31617 31987 31961) (1220.35 s)
>> 1498 (30352: 33375 35164 35132) (1186.8 s)
>> 1494 (30525: 18885 24121 11964) (1073.56 s)
>> 1482 (2724: 26944 37481 29665) (1377.15 s)
>> 1475 (41737: 29137 28607 28585) (1112.49 s)
>> 1459 (27815: 27810 27804 27641) (1146.04 s)
>> 1458 (32762: 32760 33756 33274) (1350.01 s)
>> 1457 (28229: 28223 28941 28209) (1223.47 s)
>> 1437 (8428: 37882 37955 37883) (1160.14 s)
>> 1431 (34356: 34354 34452 34408) (1347.86 s)
>> 1401 (33535: 33788 33838 33526) (1302.27 s)
>> 1400 (18165: 36442 36510 35210) (1269.01 s)
>> 1394 (38827: 38650 38831 38828) (1165.33 s)
>> 1382 (16590: 34227 34145 33971) (1157.24 s)
>> 1374 (38222: 38219 37882 29894) (1284.85 s)
>> 1369 (16652: 34227 34271 34240) (1349.6 s)
>> 1359 (38700: 38650 38697 38693) (1056.82 s)
>> 1338 (15779: 5342 37250 37104) (1143.44 s)
>> 1337 (24386: 32511 32553 32527) (1166.97 s)
>> 1335 (17140: 25444 36151 34617) (1064.07 s)
>> 1329 (26245: 26267 26236 26207) (1094.06 s)
>> 1323 (36789: 25444 26267 22622) (1316.82 s)
>> 1301 (37833: 37722 38083 37829) (1083.92 s)
>> 2115 (22951: 17977 37844 37722) (1140.12 s)
>> 1283 (10738: 35615 35317 25444) (1150.91 s)
>> 1283 (33233: 33201 33788 33581) (1097.75 s)
>> 1277 (36766: 19486 27264 820) (1083.32 s)
>> 1276 (37460: 38579 38582 38219) (1131.08 s)
>> 1271 (13857: 32426 32382 31617) (1081.32 s)
>> 1267 (30281: 30268 30287 30278) (1278.18 s)
>> 1261 (26693: 26688 26725 4272) (1177.44 s)
>> 1257 (33470: 33201 33464 32880) (1065.73 s)
>> 1256 (17231: 38579 38642 38533) (995.954 s)
>> 1250 (23278: 37750 38579 18653) (1099.93 s)
>> 1246 (33938: 33939 33912 33909) (1029.85 s)
>> 1242 (18785: 1367 20384 18885) (1135.46 s)
>> 1237 (17859: 33375 35186 35002) (1211.88 s)
>> 1231 (29380: 29891 29370 29335) (1182.29 s)
>> 1231 (32083: 32426 32085 32074) (1174.76 s)
>> 1229 (11044: 1367 35778 10148) (1182.54 s)
>> 1229 (37446: 25371 38860 37436) (1163.19 s)
>> 1226 (17899: 33375 35355 35022) (1150.76 s)
>> 1225 (27263: 35615 24409 3824) (1130.22 s)
>> 1220 (20790: 37750 11580 1779) (1074.73 s)
>> 1183 (37432: 37425 37467 25371) (1028.26 s)
>> 1173 (40376: 29821 29925 26848) (1034.99 s)
>> 1165 (31224: 33375 31218 30894) (1067.09 s)
>> 1162 (34181: 34180 34219 34192) (1129.26 s)
>> 1145 (2447: 29821 27124 26816) (974.178 s)
>> 1143 (9691: 38129 38109 11120) (1229.9 s)
>> 1142 (8044: 27428 38059 37982) (1150.31 s)
>> 1131 (3048: 36235 36249 1367) (1073.24 s)
>> 1109 (19082: 37609 37630 37624) (998.63 s)
>> 1106 (5646: 28325 28395 28386) (1057.91 s)
>> 1101 (11329: 36235 36626 31257) (1184.41 s)
>> 1098 (56: 38857 38843 36958) (980.145 s)
>> 1097 (7431: 28798 32426 29382) (1028.21 s)
>> 1097 (33876: 34227 33867 32760) (1023.56 s)
>> 1309 (42550: 34227 33855 33201) (1146.24 s)
>> 1080 (24174: 38129 38257 37750) (1050.58 s)
>> 1075 (9672: 30419 29891 29410) (1042.61 s)
>> 1074 (26232: 27428 27417 27309) (1022.9 s)
>> 1073 (5254: 28325 28798 28127) (1022.49 s)
>> 1061 (14605: 34227 32813 32803) (1191.48 s)
>> 1059 (381: 26688 35615 26641) (1061.33 s)
>> 1058 (34585: 34550 34578 26688) (1116.1 s)
>> 1049 (21572: 28325 31828 31814) (1081.56 s)
>> 1046 (28052: 28044 28325 28031) (968.664 s)
>> 1043 (39632: 10204 36235 36108) (1018.71 s)
>> 1038 (28735: 28728 28737 28729) (1106.59 s)
>> 1036 (19705: 37782 37675 37667) (1088.91 s)
>> 1032 (36625: 36617 27475 10204) (1052.06 s)
>> 1020 (14098: 32594 34227 32580) (979.537 s)
>> 1017 (3113: 20019 36640 36617) (1238.74 s)
>> 1009 (40762: 33454 33409 33375) (1014.46 s)
>> 1008 (36948: 38857 36944 36929) (985.555 s)
>> 1001 (7868: 29821 26898 26868) (1084.23 s)
>> 990 (35053: 33454 35223 24589) (1231.23 s)
>> 982 (6557: 28044 28817 28808) (997.892 s)
>> 946 (14453: 33454 33061 32594) (1087.94 s)
>> 939 (10615: 30268 30841 5111) (1115.4 s)
>> 914 (5007: 30165 27992 27982) (1079.05 s)
>> 914 (15369: 38129 38250 38243) (975.28 s)
>> 1043 (9745: 38129 38246 38141) (1155.63 s)
>> 905 (20204: 20019 35564 891) (1121.2 s)
>> 899 (20161: 20019 36680 36171) (1206.12 s)
>> 894 (6871: 29058 29080 29062) (1151.86 s)
>> 887 (32831: 33454 32824 32819) (1217.08 s)
>> 887 (33026: 36534 36229 2976) (1171.24 s)
>> 917 (33189: 36012 36534 3313) (1091.93 s)
>> 877 (3713: 27810 28399 28377) (942.408 s)
>> 872 (13868: 32468 32454 28044) (939.352 s)
>> 872 (30381: 30268 30377 28810) (995.277 s)
>> 871 (5818: 32719 38857 38650) (1047.98 s)
>> 864 (26765: 26760 34550 26754) (1098.98 s)
>> 862 (19882: 20019 36295 19595) (1093.34 s)
>> 859 (32549: 32511 33454 32546) (1050.2 s)
>> 854 (24006: 38129 38178 32607) (1016.45 s)
>> 852 (3526: 20019 27327 24152) (1087.22 s)
>> 852 (23374: 17977 37766 37609) (1090.52 s)
>> 848 (7148: 21320 35462 22208) (1073.38 s)
>> 834 (24489: 36078 36098 20019) (986.48 s)
>> 824 (16362: 33991 34354 34026) (957.606 s)
>> 818 (27336: 19486 27352 367) (1034.16 s)
>> 815 (7200: 38129 12157 5887) (1056.11 s)
>> 812 (33966: 34947 34917 34910) (1042.58 s)
>> 799 (32111: 32468 32113 32104) (969.975 s)
>> 789 (31952: 32468 31957 31949) (914.515 s)
>> 782 (34326: 34862 34329 34323) (944.679 s)
>> 780 (30104: 27810 30098 30083) (1104.08 s)
>> 780 (40441: 26944 37425 29745) (1040.36 s)
>> 758 (17326: 34862 34677 34671) (945.598 s)
>> 758 (24597: 31033 32511 31066) (887.562 s)
>> 753 (4687: 37264 37146 32982) (1015.4 s)
>> 724 (10490: 36078 23249 18509) (1037.14 s)
>> 723 (16628: 34180 34211 31033) (1082.49 s)
>> 717 (33156: 36012 36078 11509) (904.029 s)
>> 714 (31404: 11455 36012 19191) (1133.75 s)
>> 707 (41735: 29137 28613 28574) (932.921 s)
>> 701 (19932: 34180 35103 34887) (923.657 s)
>> 694 (28316: 32468 28307 27810) (1082.79 s)
>> 693 (9678: 38352 38345 38129) (1025.1 s)
>> 651 (29200: 29123 29821 29195) (914.864 s)
>> 649 (16735: 34862 34180 33991) (973.457 s)
>> 647 (12724: 11455 36657 11425) (1079.7 s)
>> 636 (18798: 11455 20317 18765) (1093.59 s)
>> 635 (30405: 11455 23910 19154) (989.696 s)
>> 629 (36495: 36442 35203 27177) (1049.34 s)
>> 638 (36542: 11455 36442 19696) (934.036 s)
>> 619 (35648: 26760 35671 35644) (939.829 s)
>> 617 (31078: 34862 31076 31073) (1040.64 s)
>> 609 (18571: 35686 17892 8401) (938.798 s)
>> 599 (2766: 26944 26974 26965) (947.591 s)
>> 587 (8784: 36773 36582 24134) (998.376 s)
>> 583 (27447: 38434 27443 7076) (1037.23 s)
>> 566 (19726: 11455 36453 36435) (1037.52 s)
>> 553 (24783: 16645 16571 5342) (1014.36 s)
>> 551 (10013: 27187 37912 27008) (899.355 s)
>> 550 (5789: 37334 37348 26944) (959.004 s)
>> 535 (4440: 32468 27698 27690) (958.404 s)
>> 535 (40244: 26760 22136 11455) (1099.42 s)
>> 524 (23701: 26760 23802 3607) (1017.85 s)
>> 522 (39487: 34862 32215 32147) (917.533 s)
>> 520 (34444: 34862 34642 34435) (1027.21 s)
>> 508 (2653: 17977 26994 26921) (917.397 s)
>> 508 (40587: 29630 29614 29606) (907.721 s)
>> 499 (87: 30268 14255 6400) (960.227 s)
>> 499 (23832: 38483 38434 27428) (788.126 s)
>> 498 (20997: 29123 27159 17977) (863.171 s)
>> 493 (20533: 26760 27451 3874) (850.316 s)
>> 484 (18658: 21320 26760 21894) (890.902 s)
>> 484 (41112: 32468 31300 31272) (893.238 s)
>> 477 (5705: 37334 29654 22623) (812.145 s)
>> 455 (8562: 21023 34862 3727) (975.162 s)
>> 433 (27039: 34947 34878 21023) (938.784 s)
>> 425 (456: 38352 37901 37888) (848.065 s)
>> 425 (5830: 29137 28496 28425) (906.395 s)
>> 410 (20535: 37782 37787 37662) (954.345 s)
>> 410 (23426: 21320 23533 11956) (943.471 s)
>> 375 (27250: 19486 27247 27236) (922.65 s)
>> 370 (36106: 21320 36101 36086) (865.038 s)
>> 353 (19367: 38352 19315 19001) (938.28 s)
>> 348 (30874: 38152 38352 38184) (862.019 s)
>> 347 (28320: 32468 28332 28319) (963.745 s)
>> 346 (10988: 21320 36367 35283) (913.849 s)
>> 338 (34013: 34947 34523 34001) (993.095 s)
>> 335 (7828: 30744 30419 29513) (886.981 s)
>> 324 (17577: 29367 21320 10544) (761.261 s)
>> 321 (14650: 37264 37080 37075) (832.376 s)
>> 315 (23069: 29123 37626 37616) (783.844 s)
>> 301 (33479: 34947 33503 33472) (829.607 s)
>> 299 (19413: 35831 35860 35852) (813.509 s)
>> 283 (38389: 38483 38490 38484) (883.17 s)
>> 276 (33138: 16645 37095 5773) (768.37 s)
>> 268 (11420: 29367 36328 36315) (819.665 s)
>> 252 (9979: 37595 37543 37334) (781.749 s)
>> 249 (11341: 34947 34971 34970) (864.563 s)
>> 244 (23104: 29367 36468 22848) (815.679 s)
>> 244 (34328: 29367 36459 17856) (852.6 s)
>> 243 (2372: 29367 36431 36416) (968.405 s)
>> 242 (524: 32468 30462 30456) (841.414 s)
>> 230 (31534: 31529 31601 31535) (782.355 s)
>> 229 (18734: 8206 27371 7889) (841.376 s)
>> 864 (3684: 38483 27388 8206) (820.836 s)
>> 222 (15970: 38152 38542 38540) (765.547 s)
>> 212 (15013: 38483 17595 17320) (905.82 s)
>> 200 (32379: 32468 32374 32367) (771.546 s)
>> 198 (3669: 35231 35214 34947) (1017.18 s)
>> 190 (32776: 35231 32774 32768) (834.306 s)
>> 189 (35213: 23944 35231 35226) (820.83 s)
>> 179 (34407: 23944 34398 34386) (894.706 s)
>> 176 (8948: 29367 23847 12016) (823.605 s)
>> 173 (16668: 38152 38340 9641) (895.908 s)
>> 172 (9200: 35191 35200 23944) (940.998 s)
>> 152 (26180: 35191 26176 26161) (909.937 s)
>> 143 (9308: 30268 30349 30340) (844.629 s)
>> 138 (8181: 29123 29833 29804) (815.159 s)
>> 133 (29718: 37595 29728 29670) (840.501 s)
>> 116 (1337: 29123 27198 27183) (814.155 s)
>> 107 (10614: 29367 26675 10780) (889.214 s)
>> 102 (37820: 29123 38152 37814) (821.011 s)
>> 95 (6428: 32719 38854 38846) (744.369 s)
>> 83 (29706: 19486 27275 11270) (844.28 s)
>> 53 (34541: 29367 34536 34530) (953.252 s)
>> 51 (30029: 32468 30165 30022) (770.586 s)
>> 31 (32442: 32468 33555 32439) (822.764 s)
>> 22 (12852: 29367 35960 19646) (974.711 s)
>> 21 (30366: 30268 30551 30363) (830.15 s)
>> 20 (23877: 29123 37595 3702) (762.034 s)
>> 12 (11360: 29367 36502 20469) (850.105 s)
>> 12 (28414: 24427 35191 34985) (787.61 s)
>> 0 (-1: -1 -1 -1) (930.355 s)
Zelikovsky- 965229 s
>>> get_solution
  refine_solution: new weight 13498979 (was 13653667) in 0.041789 s
  refine_solution: new weight 13485295 (was 13498979) in 0.041293 s
  refine_solution: new weight 13484006 (was 13485295) in 0.041324 s
  refine_solution: new weight 13483289 (was 13484006) in 0.041201 s
  refine_solution: new weight 13483289 (was 13483289) in 0.048995 s
>>> get_solution
  refine_solution: new weight 14024656 (was 15272379) in 0.043314 s
  refine_solution: new weight 13864416 (was 14024656) in 0.045401 s
  refine_solution: new weight 13838034 (was 13864416) in 0.047241 s
  refine_solution: new weight 13834517 (was 13838034) in 0.045329 s
  refine_solution: new weight 13834517 (was 13834517) in 0.045594 s
0,,42594,72446,2038,,0,0,,15272379,13834517,13973545,13653667,13483289,,0,0,@@

  delete_edges: deleted 112 edges in 0.049357 s and 2 rounds
  handle_small_Steiner_degrees: steiner 0, suppress 148 in 0.000361 s
Starting round 1
contract_till_the_bitter_end interrupted
contract_till_the_bitter_end: 988986 s

Calling end_heu
>>> get_solution
Saved weight 81979
end_heu: 0 loops with 0 unique solutions in 0.009336 s

Calling print_solution
>>> get_solution
  refine_solution: new weight 14025235 (was 15271697) in 0.08975 s
Oops orig weight was 15271697 but we got 14025235
## FINAL WEIGHT 14025235
print_solution: 0.175807 s
