Version: final-94-gfffc3aa rub_all.sh: remove longest prefix
Random seed: 1558185519
Start
>>> save_orig_graph
>> Saved weight 0
Graph loaded
|V| = 641, |E| = 40896, |R| = 160
First clearance of the input. Calling buy_zero and run_all_heuristics.
  buy_zero: 0 zero edges in 5.2e-05 s
  handle_small_terminal_degrees: terms 0 in 0 s
  handle_small_Steiner_degrees: steiner 0, suppress 0 in 0 s
  shortest_edge_between_terminals: 0 edges in 5e-05 s
Compressed graph 641 -> 640
  delete_edges: deleted 0 edges in 0.091793 s and 1 rounds
  handle_small_terminal_degrees: terms 0 in 0 s
  handle_small_Steiner_degrees: steiner 0, suppress 0 in 0 s
  shortest_edge_between_terminals: 0 edges in 5.6e-05 s
Compressed graph 640 -> 640
  delete_edges_shortest_path: deleted 0 edges in 0.201495 s
  handle_small_terminal_degrees: terms 0 in 0 s
  handle_small_Steiner_degrees: steiner 0, suppress 0 in 1e-06 s
  shortest_edge_between_terminals: 0 edges in 5.3e-05 s
Compressed graph 640 -> 640
  handle_small_terminal_degrees: terms 0 in 0 s
  handle_small_Steiner_degrees: steiner 0, suppress 0 in 1e-06 s
  shortest_edge_between_terminals: 0 edges in 5.1e-05 s
Compressed graph 640 -> 640
  delete_edges_shortest_path: deleted 0 edges in 0.201522 s
  handle_small_terminal_degrees: terms 0 in 0 s
  handle_small_Steiner_degrees: steiner 0, suppress 0 in 1e-06 s
  shortest_edge_between_terminals: 0 edges in 5e-05 s
Compressed graph 640 -> 640
Compressed graph 640 -> 640
>>> save_orig_graph
>> Saved weight 0
### ZEL_LVL=9 PRECISE_STARS=1

Calling `contract_till_the_bitter_end`
|V| = 640, |E| = 40896, |R| = 160
>> 32 (339: 12 53 12) (0.033521 s)
>> 32 (302: 38 85 38) (0.033005 s)
>> 26 (348: 9 32 9) (0.03274 s)
>> 27 (481: 3 134 3) (0.03285 s)
>> 26 (449: 79 87 79) (0.032738 s)
>> 25 (374: 4 33 4) (0.032371 s)
>> 25 (376: 23 35 23) (0.032058 s)
>> 24 (518: 18 102 18) (0.031856 s)
>> 24 (198: 58 112 58) (0.031765 s)
>> 24 (501: 27 50 27) (0.031403 s)
>> 23 (615: 40 45 40) (0.031012 s)
>> 22 (381: 34 89 34) (0.030841 s)
>> 25 (364: 111 132 111) (0.030532 s)
>> 23 (598: 65 148 65) (0.030408 s)
>> 22 (355: 11 113 11) (0.02998 s)
>> 22 (357: 96 99 96) (0.029682 s)
>> 22 (623: 73 123 73) (0.029314 s)
>> 21 (435: 5 41 5) (0.028728 s)
>> 21 (372: 0 66 0) (0.028729 s)
>> 0 (-1: -1 -1 -1) (0.022622 s)
Zelikovsky 1.08543 s
>> 32 (302: 38 97 85) (0.290047 s)
>> 99 (381: 38 145 34) (0.285019 s)
>> 98 (414: 38 88 79) (0.283664 s)
>> 97 (251: 38 94 71) (0.279274 s)
>> 95 (177: 38 118 39) (0.275452 s)
>> 95 (412: 38 155 45) (0.271965 s)
>> 95 (539: 38 157 4) (0.269146 s)
>> 93 (606: 38 127 120) (0.266168 s)
>> 90 (188: 38 51 23) (0.263277 s)
>> 89 (246: 38 122 17) (0.263075 s)
>> 91 (514: 38 124 55) (0.260838 s)
>> 86 (353: 38 113 31) (0.258355 s)
>> 80 (637: 38 80 76) (0.255948 s)
>> 0 (-1: -1 -1 -1) (0.253901 s)
Zelikovsky- 3.79774 s
>>> get_solution
  refine_solution: new weight 32283 (was 32283) in 0.008544 s
>>> get_solution
  refine_solution: new weight 46168 (was 46168) in 0.016624 s
0,,640,40896,160,,0,0,,46168,46168,32780,32283,32283,,0,0,@@

  delete_edges: deleted 0 edges in 0.092142 s and 1 rounds
  handle_small_Steiner_degrees: steiner 0, suppress 0 in 1e-06 s
Starting round 1
Found 0 isolated vertices
Invalid ratios recomputed: 640
Best ratio is 6415/32 (200.5), centered at 339
Finding the best star... Star with 33 terminals centered in 53
round took: 0.202759 s
|V| = 640, |E| = 37351, |R| = 128
>> 100 (615: 45 53 45) (0.014848 s)
>> 32 (302: 38 85 38) (0.020829 s)
>> 27 (376: 23 35 23) (0.020798 s)
>> 25 (357: 96 113 96) (0.020571 s)
>> 24 (465: 33 44 33) (0.020302 s)
>> 23 (517: 50 97 50) (0.020335 s)
>> 22 (435: 5 41 5) (0.019947 s)
>> 22 (225: 40 69 40) (0.019563 s)
>> 22 (617: 43 108 43) (0.019487 s)
>> 22 (198: 13 58 13) (0.019301 s)
>> 22 (428: 17 20 17) (0.018775 s)
>> 21 (372: 0 66 0) (0.018644 s)
>> 0 (-1: -1 -1 -1) (0.014659 s)
Zelikovsky 0.537867 s
>> 100 (615: 53 117 45) (0.223788 s)
>> 97 (276: 53 125 58) (0.22079 s)
>> 96 (187: 53 136 13) (0.218032 s)
>> 95 (533: 53 56 51) (0.215566 s)
>> 93 (282: 53 139 17) (0.213525 s)
>> 92 (241: 53 153 94) (0.212605 s)
>> 91 (300: 53 96 80) (0.212574 s)
>> 90 (480: 53 140 122) (0.20885 s)
>> 88 (219: 53 116 5) (0.20807 s)
>> 87 (267: 53 157 98) (0.205713 s)
>> 87 (522: 53 124 83) (0.20527 s)
>> 82 (365: 53 141 66) (0.203902 s)
>> 76 (281: 53 50 15) (0.2025 s)
>> 6 (428: 53 110 22) (0.200496 s)
>> 0 (-1: -1 -1 -1) (0.199572 s)
Zelikovsky- 3.17053 s
>>> get_solution
  refine_solution: new weight 32341 (was 32377) in 0.008895 s
  refine_solution: new weight 32341 (was 32341) in 0.008894 s
>>> get_solution
  refine_solution: new weight 32971 (was 36139) in 0.010304 s
  refine_solution: new weight 32971 (was 32971) in 0.010294 s
1,,640,37351,128,,640,0,,36139,32971,32688,32377,32341,,6415,33,@@

  handle_small_Steiner_degrees: steiner 0, suppress 0 in 2e-06 s
Starting round 2
Found 33 isolated vertices
Invalid ratios recomputed: 607
Best ratio is 6788/34 (199.6), centered at 365
Finding the best star... Star with 35 terminals centered in 53
round took: 0.212767 s
|V| = 640, |E| = 33098, |R| = 94
>> 99 (615: 45 53 45) (0.005623 s)
>> 28 (376: 23 31 23) (0.011131 s)
>> 26 (435: 5 41 5) (0.010993 s)
>> 23 (225: 40 69 40) (0.010737 s)
>> 22 (391: 46 68 46) (0.010484 s)
>> 21 (230: 42 85 42) (0.010316 s)
>> 19 (530: 33 110 33) (0.010078 s)
>> 19 (501: 50 51 50) (0.009821 s)
>> 18 (480: 100 122 100) (0.009612 s)
>> 17 (372: 0 21 0) (0.009347 s)
>> 0 (-1: -1 -1 -1) (0.007717 s)
Zelikovsky 0.307706 s
>> 99 (615: 53 117 45) (0.165489 s)
>> 96 (533: 53 108 56) (0.163453 s)
>> 95 (413: 53 152 116) (0.163044 s)
>> 94 (616: 53 61 37) (0.161785 s)
>> 92 (282: 53 139 17) (0.160952 s)
>> 91 (480: 53 140 122) (0.160261 s)
>> 87 (376: 53 58 23) (0.159256 s)
>> 85 (593: 53 135 81) (0.15811 s)
>> 85 (602: 53 98 69) (0.157195 s)
>> 79 (547: 53 52 49) (0.156529 s)
>> 76 (522: 53 78 1) (0.155597 s)
>> 0 (-1: -1 -1 -1) (0.154647 s)
Zelikovsky- 1.9304 s
>>> get_solution
  refine_solution: new weight 32356 (was 32427) in 0.008922 s
  refine_solution: new weight 32356 (was 32356) in 0.008887 s
>>> get_solution
  refine_solution: new weight 32523 (was 35382) in 0.009129 s
  refine_solution: new weight 32523 (was 32523) in 0.008994 s
2,,607,33098,94,,607,0,,35382,32523,32910,32427,32356,,6788,35,@@

  handle_small_Steiner_degrees: steiner 0, suppress 0 in 1e-06 s
Starting round 3
Found 69 isolated vertices
Invalid ratios recomputed: 571
Best ratio is 400/2 (200.0), centered at 53
Finding the best star... Star with 3 terminals centered in 53
round took: 0.168068 s
|V| = 640, |E| = 32873, |R| = 92
>> 99 (615: 45 53 45) (0.005348 s)
>> 28 (376: 23 31 23) (0.010645 s)
>> 26 (435: 5 41 5) (0.010446 s)
>> 21 (391: 46 68 46) (0.010275 s)
>> 21 (230: 42 85 42) (0.010094 s)
>> 19 (530: 33 110 33) (0.009846 s)
>> 19 (501: 50 51 50) (0.009582 s)
>> 18 (480: 100 122 100) (0.009395 s)
>> 17 (372: 0 21 0) (0.009208 s)
>> 0 (-1: -1 -1 -1) (0.00756 s)
Zelikovsky 0.289201 s
>> 99 (615: 53 117 45) (0.163294 s)
>> 96 (533: 53 108 56) (0.161488 s)
>> 95 (413: 53 152 116) (0.160929 s)
>> 94 (616: 53 61 37) (0.159715 s)
>> 92 (282: 53 139 17) (0.158727 s)
>> 91 (480: 53 140 122) (0.158218 s)
>> 87 (376: 53 58 23) (0.15743 s)
>> 85 (593: 53 135 81) (0.155981 s)
>> 85 (602: 53 98 69) (0.155217 s)
>> 79 (547: 53 52 49) (0.154366 s)
>> 76 (522: 53 78 1) (0.153652 s)
>> 0 (-1: -1 -1 -1) (0.152727 s)
Zelikovsky- 1.90564 s
>>> get_solution
  refine_solution: new weight 32356 (was 32430) in 0.008822 s
  refine_solution: new weight 32356 (was 32356) in 0.00886 s
>>> get_solution
  refine_solution: new weight 32523 (was 35382) in 0.009084 s
  refine_solution: new weight 32523 (was 32523) in 0.009121 s
3,,571,32873,92,,571,0,,35382,32523,32943,32430,32356,,400,3,@@

  handle_small_Steiner_degrees: steiner 0, suppress 0 in 1e-06 s
Starting round 4
Found 71 isolated vertices
Invalid ratios recomputed: 569
Best ratio is 3606/18 (200.3), centered at 221
Finding the best star... Star with 19 terminals centered in 53
round took: 0.167492 s
|V| = 640, |E| = 30699, |R| = 74
>> 96 (332: 53 78 53) (0.003294 s)
>> 29 (376: 23 31 23) (0.007057 s)
>> 26 (435: 5 41 5) (0.006745 s)
>> 24 (391: 46 68 46) (0.006607 s)
>> 16 (372: 0 15 0) (0.006373 s)
>> 0 (-1: -1 -1 -1) (0.005321 s)
Zelikovsky 0.198491 s
>> 96 (332: 53 97 78) (0.138783 s)
>> 94 (480: 53 140 122) (0.138199 s)
>> 93 (195: 53 65 5) (0.137645 s)
>> 92 (465: 53 49 44) (0.13672 s)
>> 89 (523: 53 71 35) (0.135812 s)
>> 88 (323: 53 113 37) (0.135365 s)
>> 87 (594: 53 116 22) (0.134586 s)
>> 87 (392: 53 153 1) (0.133965 s)
>> 85 (165: 53 135 98) (0.133266 s)
>> 0 (-1: -1 -1 -1) (0.132684 s)
Zelikovsky- 1.36845 s
>>> get_solution
  refine_solution: new weight 32271 (was 32385) in 0.008425 s
  refine_solution: new weight 32271 (was 32271) in 0.008427 s
>>> get_solution
  refine_solution: new weight 32472 (was 34557) in 0.008558 s
  refine_solution: new weight 32472 (was 32472) in 0.008564 s
4,,569,30699,74,,569,0,,34557,32472,33267,32385,32271,,3606,19,@@

  handle_small_Steiner_degrees: steiner 0, suppress 0 in 1e-06 s
Starting round 5
Found 90 isolated vertices
Invalid ratios recomputed: 550
Best ratio is 804/4 (201.0), centered at 14
Finding the best star... Star with 5 terminals centered in 53
round took: 0.150186 s
|V| = 640, |E| = 30274, |R| = 70
>> 96 (332: 53 78 53) (0.002928 s)
>> 29 (376: 23 31 23) (0.006363 s)
>> 26 (435: 5 41 5) (0.006126 s)
>> 24 (391: 46 68 46) (0.005904 s)
>> 17 (372: 0 15 0) (0.005701 s)
>> 0 (-1: -1 -1 -1) (0.004805 s)
Zelikovsky 0.188973 s
>> 96 (332: 53 97 78) (0.135221 s)
>> 94 (480: 53 140 122) (0.134918 s)
>> 93 (195: 53 65 5) (0.134418 s)
>> 92 (465: 53 49 44) (0.133376 s)
>> 89 (523: 53 71 35) (0.132305 s)
>> 88 (323: 53 113 37) (0.131945 s)
>> 87 (594: 53 116 22) (0.131412 s)
>> 87 (392: 53 153 1) (0.130901 s)
>> 85 (165: 53 135 98) (0.13031 s)
>> 0 (-1: -1 -1 -1) (0.129649 s)
Zelikovsky- 1.33572 s
>>> get_solution
  refine_solution: new weight 32271 (was 32404) in 0.008366 s
  refine_solution: new weight 32271 (was 32271) in 0.008408 s
>>> get_solution
  refine_solution: new weight 32472 (was 34557) in 0.008565 s
  refine_solution: new weight 32472 (was 32472) in 0.00852 s
5,,550,30274,70,,550,0,,34557,32472,33267,32404,32271,,804,5,@@

  handle_small_Steiner_degrees: steiner 0, suppress 0 in 2e-06 s
Starting round 6
Found 94 isolated vertices
Invalid ratios recomputed: 546
Best ratio is 3029/15 (201.9), centered at 187
Finding the best star... Star with 16 terminals centered in 53
round took: 0.148153 s
|V| = 640, |E| = 28581, |R| = 55
>> 93 (533: 53 56 53) (0.001814 s)
>> 31 (376: 23 35 23) (0.00413 s)
>> 23 (372: 0 15 0) (0.003964 s)
>> 0 (-1: -1 -1 -1) (0.003376 s)
Zelikovsky 0.149173 s
>> 93 (533: 53 59 56) (0.118866 s)
>> 91 (332: 53 97 78) (0.118386 s)
>> 90 (202: 53 61 30) (0.117895 s)
>> 90 (480: 53 140 122) (0.1173 s)
>> 89 (303: 53 92 47) (0.116741 s)
>> 87 (219: 53 116 5) (0.116916 s)
>> 82 (594: 53 113 22) (0.116399 s)
>> 74 (241: 53 153 135) (0.116009 s)
>> 0 (-1: -1 -1 -1) (0.115731 s)
Zelikovsky- 1.06408 s
>>> get_solution
  refine_solution: new weight 32300 (was 32417) in 0.008428 s
  refine_solution: new weight 32300 (was 32300) in 0.008378 s
>>> get_solution
  refine_solution: new weight 32866 (was 34367) in 0.007839 s
  refine_solution: new weight 32866 (was 32866) in 0.007804 s
6,,546,28581,55,,546,0,,34367,32866,33427,32417,32300,,3029,16,@@

  handle_small_Steiner_degrees: steiner 0, suppress 0 in 2e-06 s
Starting round 7
Found 110 isolated vertices
Invalid ratios recomputed: 530
Best ratio is 1010/5 (202.0), centered at 41
Finding the best star... Star with 6 terminals centered in 53
round took: 0.135385 s
|V| = 640, |E| = 28028, |R| = 50
>> 93 (533: 53 56 53) (0.001515 s)
>> 31 (376: 23 31 23) (0.003564 s)
>> 23 (372: 0 15 0) (0.003426 s)
>> 0 (-1: -1 -1 -1) (0.002942 s)
Zelikovsky 0.14127 s
>> 93 (533: 53 59 56) (0.11408 s)
>> 91 (332: 53 97 78) (0.113677 s)
>> 90 (202: 53 61 30) (0.113414 s)
>> 90 (480: 53 140 122) (0.11282 s)
>> 89 (303: 53 92 47) (0.112204 s)
>> 87 (219: 53 116 5) (0.111938 s)
>> 82 (594: 53 113 22) (0.111783 s)
>> 74 (241: 53 153 135) (0.111373 s)
>> 0 (-1: -1 -1 -1) (0.111167 s)
Zelikovsky- 1.02183 s
>>> get_solution
  refine_solution: new weight 32300 (was 32433) in 0.008401 s
  refine_solution: new weight 32300 (was 32300) in 0.008367 s
>>> get_solution
  refine_solution: new weight 32866 (was 34367) in 0.007862 s
  refine_solution: new weight 32866 (was 32866) in 0.007807 s
7,,530,28028,50,,530,0,,34367,32866,33427,32433,32300,,1010,6,@@

  handle_small_Steiner_degrees: steiner 0, suppress 0 in 2e-06 s
Starting round 8
Found 115 isolated vertices
Invalid ratios recomputed: 525
Best ratio is 2428/12 (202.3), centered at 623
Finding the best star... Star with 13 terminals centered in 53
round took: 0.132056 s
|V| = 640, |E| = 26673, |R| = 38
>> 91 (332: 53 78 53) (0.000975 s)
>> 18 (372: 0 23 0) (0.002414 s)
>> 0 (-1: -1 -1 -1) (0.00211 s)
Zelikovsky 0.121537 s
>> 91 (332: 53 97 78) (0.103841 s)
>> 90 (266: 53 159 135) (0.103682 s)
>> 90 (480: 53 140 122) (0.10347 s)
>> 87 (594: 53 116 22) (0.103099 s)
>> 87 (392: 53 153 1) (0.102934 s)
>> 0 (-1: -1 -1 -1) (0.103002 s)
Zelikovsky- 0.627749 s
>>> get_solution
  refine_solution: new weight 32134 (was 32252) in 0.008013 s
  refine_solution: new weight 32134 (was 32134) in 0.007977 s
>>> get_solution
  refine_solution: new weight 32710 (was 33492) in 0.007592 s
  refine_solution: new weight 32710 (was 32710) in 0.00756 s
8,,525,26673,38,,525,0,,33492,32710,33129,32252,32134,,2428,13,@@

  handle_small_Steiner_degrees: steiner 0, suppress 0 in 2e-06 s
Starting round 9
Found 128 isolated vertices
Invalid ratios recomputed: 512
Best ratio is 1015/5 (203.0), centered at 26
Finding the best star... Star with 6 terminals centered in 53
round took: 0.12226 s
|V| = 640, |E| = 26189, |R| = 33
>> 91 (332: 53 78 53) (0.000787 s)
>> 20 (372: 0 23 0) (0.002026 s)
>> 0 (-1: -1 -1 -1) (0.001775 s)
Zelikovsky 0.115866 s
>> 91 (332: 53 97 78) (0.099934 s)
>> 90 (266: 53 159 135) (0.099698 s)
>> 90 (480: 53 140 122) (0.099642 s)
>> 87 (594: 53 116 22) (0.099525 s)
>> 87 (392: 53 153 1) (0.09932 s)
>> 0 (-1: -1 -1 -1) (0.099299 s)
Zelikovsky- 0.604986 s
>>> get_solution
  refine_solution: new weight 32134 (was 32277) in 0.008008 s
  refine_solution: new weight 32134 (was 32134) in 0.007959 s
>>> get_solution
  refine_solution: new weight 32710 (was 33492) in 0.007613 s
  refine_solution: new weight 32710 (was 32710) in 0.007578 s
9,,512,26189,33,,512,0,,33492,32710,33129,32277,32134,,1015,6,@@

  handle_small_Steiner_degrees: steiner 0, suppress 0 in 2e-06 s
Starting round 10
Found 133 isolated vertices
Invalid ratios recomputed: 507
Best ratio is 816/4 (204.0), centered at 37
Finding the best star... Star with 5 terminals centered in 53
round took: 0.118475 s
|V| = 640, |E| = 25790, |R| = 29
>> 91 (332: 53 78 53) (0.000673 s)
>> 22 (372: 0 1 0) (0.001764 s)
>> 0 (-1: -1 -1 -1) (0.001536 s)
Zelikovsky 0.111697 s
>> 91 (332: 53 97 78) (0.097192 s)
>> 90 (266: 53 159 135) (0.097083 s)
>> 90 (480: 53 140 122) (0.096921 s)
>> 87 (594: 53 116 22) (0.096719 s)
>> 87 (392: 53 153 1) (0.096663 s)
>> 0 (-1: -1 -1 -1) (0.096758 s)
Zelikovsky- 0.58858 s
>>> get_solution
  refine_solution: new weight 32134 (was 32305) in 0.008005 s
  refine_solution: new weight 32134 (was 32134) in 0.00796 s
>>> get_solution
  refine_solution: new weight 32710 (was 33492) in 0.007616 s
  refine_solution: new weight 32710 (was 32710) in 0.007585 s
10,,507,25790,29,,507,0,,33492,32710,33147,32305,32134,,816,5,@@

  handle_small_Steiner_degrees: steiner 0, suppress 0 in 2e-06 s
Starting round 11
Found 137 isolated vertices
Invalid ratios recomputed: 503
Best ratio is 410/2 (205.0), centered at 23
Finding the best star... Star with 3 terminals centered in 53
round took: 0.115357 s
|V| = 640, |E| = 25580, |R| = 27
>> 91 (332: 53 78 53) (0.00062 s)
>> 23 (372: 0 1 0) (0.001636 s)
>> 0 (-1: -1 -1 -1) (0.001431 s)
Zelikovsky 0.109992 s
>> 91 (332: 53 97 78) (0.095851 s)
>> 90 (266: 53 159 135) (0.095852 s)
>> 90 (480: 53 140 122) (0.095681 s)
>> 87 (594: 53 116 22) (0.095346 s)
>> 87 (392: 53 153 1) (0.095379 s)
>> 0 (-1: -1 -1 -1) (0.095379 s)
Zelikovsky- 0.580781 s
>>> get_solution
  refine_solution: new weight 32134 (was 32311) in 0.007999 s
  refine_solution: new weight 32134 (was 32134) in 0.007965 s
>>> get_solution
  refine_solution: new weight 32710 (was 33492) in 0.007604 s
  refine_solution: new weight 32710 (was 32710) in 0.007583 s
11,,503,25580,27,,503,0,,33492,32710,33156,32311,32134,,410,3,@@

  handle_small_Steiner_degrees: steiner 0, suppress 0 in 1e-06 s
Starting round 12
Found 139 isolated vertices
Invalid ratios recomputed: 501
Best ratio is 2075/10 (207.5), centered at 220
Finding the best star... Star with 11 terminals centered in 53
round took: 0.114147 s
|V| = 640, |E| = 24464, |R| = 17
>> 91 (332: 53 78 53) (0.00043 s)
>> 15 (372: 0 1 0) (0.001118 s)
>> 0 (-1: -1 -1 -1) (0.001005 s)
Zelikovsky 0.10064 s
>> 91 (332: 53 97 78) (0.089597 s)
>> 90 (578: 53 153 0) (0.089456 s)
>> 88 (402: 53 143 113) (0.089467 s)
>> 83 (534: 53 116 51) (0.089446 s)
>> 81 (412: 53 140 1) (0.089423 s)
>> 0 (-1: -1 -1 -1) (0.089454 s)
Zelikovsky- 0.543426 s
>>> get_solution
  refine_solution: new weight 32209 (was 32415) in 0.008369 s
  refine_solution: new weight 32209 (was 32209) in 0.008339 s
>>> get_solution
  refine_solution: new weight 33042 (was 33105) in 0.006973 s
  refine_solution: new weight 33042 (was 33042) in 0.006966 s
12,,501,24464,17,,501,0,,33105,33042,32938,32415,32209,,2075,11,@@

  handle_small_Steiner_degrees: steiner 0, suppress 0 in 2e-06 s
Starting round 13
Found 150 isolated vertices
Invalid ratios recomputed: 490
Best ratio is 208/1 (208.0), centered at 53
Finding the best star... Star with 2 terminals centered in 53
round took: 0.105728 s
|V| = 640, |E| = 24360, |R| = 16
>> 91 (332: 53 78 53) (0.000411 s)
>> 15 (372: 0 1 0) (0.001075 s)
>> 0 (-1: -1 -1 -1) (0.000981 s)
Zelikovsky 0.099558 s
>> 91 (332: 53 97 78) (0.088427 s)
>> 90 (578: 53 153 0) (0.088432 s)
>> 88 (402: 53 143 113) (0.088557 s)
>> 83 (534: 53 116 51) (0.088319 s)
>> 81 (412: 53 140 1) (0.088364 s)
>> 0 (-1: -1 -1 -1) (0.088467 s)
Zelikovsky- 0.537241 s
>>> get_solution
  refine_solution: new weight 32209 (was 32415) in 0.008345 s
  refine_solution: new weight 32209 (was 32209) in 0.008325 s
>>> get_solution
  refine_solution: new weight 33042 (was 33105) in 0.006989 s
  refine_solution: new weight 33042 (was 33042) in 0.006965 s
13,,490,24360,16,,490,0,,33105,33042,32938,32415,32209,,208,2,@@

  handle_small_Steiner_degrees: steiner 0, suppress 0 in 1e-06 s
Starting round 14
Found 151 isolated vertices
Invalid ratios recomputed: 489
Best ratio is 1269/6 (211.5), centered at 283
Finding the best star... Star with 7 terminals centered in 53
round took: 0.105204 s
|V| = 640, |E| = 23733, |R| = 10
>> 91 (402: 53 113 53) (0.000336 s)
>> 92 (372: 0 1 0) (0.000826 s)
>> 0 (-1: -1 -1 -1) (0.000745 s)
Zelikovsky 0.094465 s
>> 91 (402: 53 143 113) (0.084569 s)
>> 89 (180: 53 140 0) (0.084657 s)
>> 83 (534: 53 116 51) (0.084803 s)
>> 16 (299: 53 83 1) (0.08483 s)
Zelikovsky- 0.344883 s
>>> get_solution
  refine_solution: new weight 32176 (was 32387) in 0.008152 s
  refine_solution: new weight 32176 (was 32176) in 0.008128 s
>>> get_solution
  refine_solution: new weight 32644 (was 32747) in 0.007202 s
  refine_solution: new weight 32644 (was 32644) in 0.007201 s
14,,489,23733,10,,489,0,,32747,32644,32659,32387,32176,,1269,7,@@

  handle_small_Steiner_degrees: steiner 0, suppress 0 in 1e-06 s
Starting round 15
Found 158 isolated vertices
Invalid ratios recomputed: 482
Best ratio is 1293/6 (215.5), centered at 501
Finding the best star... Star with 7 terminals centered in 53
round took: 0.102718 s
|V| = 640, |E| = 23052, |R| = 4
>> 82 (560: 53 116 53) (0.000285 s)
>> 0 (-1: -1 -1 -1) (0.000424 s)
Zelikovsky 0.089018 s
>> 82 (560: 53 143 116) (0.080986 s)
Zelikovsky- 0.085896 s
>>> get_solution
  refine_solution: new weight 32096 (was 32240) in 0.007788 s
  refine_solution: new weight 32096 (was 32096) in 0.007742 s
>>> get_solution
  refine_solution: new weight 32284 (was 32406) in 0.007484 s
  refine_solution: new weight 32284 (was 32284) in 0.007456 s
15,,482,23052,4,,482,0,,32406,32284,32240,32240,32096,,1293,7,@@

  handle_small_Steiner_degrees: steiner 0, suppress 0 in 1e-06 s
Starting round 16
Found 165 isolated vertices
Invalid ratios recomputed: 475
Best ratio is 674/3 (224.7), centered at 560
Finding the best star... Star with 4 terminals centered in 53
round took: 0.104289 s
|V| = 640, |E| = 22663, |R| = 1
Zelikovsky 0.086139 s
Zelikovsky- 0.004516 s
>>> get_solution
  refine_solution: new weight 32096 (was 32240) in 0.007791 s
  refine_solution: new weight 32096 (was 32096) in 0.007746 s
>>> get_solution
  refine_solution: new weight 32096 (was 32240) in 0.007784 s
  refine_solution: new weight 32096 (was 32096) in 0.007756 s
16,,475,22663,1,,475,0,,32240,32096,32240,32240,32096,,674,4,@@

  handle_small_Steiner_degrees: steiner 0, suppress 0 in 1e-06 s
contract_till_the_bitter_end: 26.5161 s

Calling end_heu
>>> get_solution
Saved weight 0
end_heu: 0 loops with 0 unique solutions in 4.3e-05 s

Calling print_solution
>>> get_solution
  refine_solution: new weight 32096 (was 32240) in 0.007768 s
Oops orig weight was 32240 but we got 32096
## FINAL WEIGHT 32096
print_solution: 0.016864 s
