Version: final-94-gfffc3aa rub_all.sh: remove longest prefix
Random seed: 1555963415
Start
>>> save_orig_graph
>> Saved weight 0
Graph loaded
|V| = 111708, |E| = 160504, |R| = 2052
First clearance of the input. Calling buy_zero and run_all_heuristics.
  buy_zero: 4349 zero edges in 0.005635 s
  handle_small_terminal_degrees: terms 0 in 8.8e-05 s
  handle_small_Steiner_degrees: steiner 23, suppress 47228 in 0.016341 s
  shortest_edge_between_terminals: 0 edges in 0.000352 s
  handle_small_terminal_degrees: terms 0 in 8.4e-05 s
  handle_small_Steiner_degrees: steiner 3, suppress 1184 in 0.000824 s
  shortest_edge_between_terminals: 0 edges in 0.000174 s
  handle_small_terminal_degrees: terms 0 in 0.00011 s
  handle_small_Steiner_degrees: steiner 0, suppress 106 in 0.000192 s
  shortest_edge_between_terminals: 0 edges in 0.000123 s
  handle_small_terminal_degrees: terms 0 in 8.3e-05 s
  handle_small_Steiner_degrees: steiner 0, suppress 25 in 0.000155 s
  shortest_edge_between_terminals: 0 edges in 0.000114 s
  handle_small_terminal_degrees: terms 0 in 8.3e-05 s
  handle_small_Steiner_degrees: steiner 0, suppress 13 in 0.00015 s
  shortest_edge_between_terminals: 0 edges in 0.000115 s
  handle_small_terminal_degrees: terms 0 in 8.3e-05 s
  handle_small_Steiner_degrees: steiner 0, suppress 9 in 0.000148 s
  shortest_edge_between_terminals: 0 edges in 0.000112 s
  handle_small_terminal_degrees: terms 0 in 8.3e-05 s
  handle_small_Steiner_degrees: steiner 0, suppress 5 in 0.000147 s
  shortest_edge_between_terminals: 0 edges in 0.000112 s
  handle_small_terminal_degrees: terms 0 in 8.3e-05 s
  handle_small_Steiner_degrees: steiner 0, suppress 4 in 0.000146 s
  shortest_edge_between_terminals: 0 edges in 0.000113 s
  handle_small_terminal_degrees: terms 0 in 8.3e-05 s
  handle_small_Steiner_degrees: steiner 0, suppress 2 in 0.000145 s
  shortest_edge_between_terminals: 0 edges in 0.000113 s
  handle_small_terminal_degrees: terms 0 in 8.4e-05 s
  handle_small_Steiner_degrees: steiner 0, suppress 2 in 0.000145 s
  shortest_edge_between_terminals: 0 edges in 0.000114 s
  handle_small_terminal_degrees: terms 0 in 8.3e-05 s
  handle_small_Steiner_degrees: steiner 0, suppress 3 in 0.000146 s
  shortest_edge_between_terminals: 0 edges in 0.000109 s
  handle_small_terminal_degrees: terms 0 in 8.3e-05 s
  handle_small_Steiner_degrees: steiner 0, suppress 2 in 0.000145 s
  shortest_edge_between_terminals: 0 edges in 0.00011 s
  handle_small_terminal_degrees: terms 0 in 8.3e-05 s
  handle_small_Steiner_degrees: steiner 0, suppress 3 in 0.000146 s
  shortest_edge_between_terminals: 0 edges in 0.000108 s
  handle_small_terminal_degrees: terms 0 in 9.1e-05 s
  handle_small_Steiner_degrees: steiner 0, suppress 1 in 0.000145 s
  shortest_edge_between_terminals: 0 edges in 0.000111 s
  handle_small_terminal_degrees: terms 0 in 8.4e-05 s
  handle_small_Steiner_degrees: steiner 0, suppress 4 in 0.000146 s
  shortest_edge_between_terminals: 0 edges in 0.000108 s
  handle_small_terminal_degrees: terms 0 in 8.3e-05 s
  handle_small_Steiner_degrees: steiner 0, suppress 2 in 0.000146 s
  shortest_edge_between_terminals: 0 edges in 0.00011 s
  handle_small_terminal_degrees: terms 0 in 8.3e-05 s
  handle_small_Steiner_degrees: steiner 0, suppress 2 in 0.000146 s
  shortest_edge_between_terminals: 0 edges in 0.00011 s
  handle_small_terminal_degrees: terms 0 in 8.3e-05 s
  handle_small_Steiner_degrees: steiner 0, suppress 0 in 0.000144 s
  shortest_edge_between_terminals: 0 edges in 0.000111 s
Compressed graph 111708 -> 58965
  delete_edges: deleted 5126 edges in 0.078804 s and 5 rounds
  handle_small_terminal_degrees: terms 0 in 4.7e-05 s
  handle_small_Steiner_degrees: steiner 42, suppress 3508 in 0.002376 s
  shortest_edge_between_terminals: 0 edges in 0.000263 s
  handle_small_terminal_degrees: terms 1 in 4.5e-05 s
  handle_small_Steiner_degrees: steiner 2, suppress 49 in 0.000117 s
  shortest_edge_between_terminals: 0 edges in 0.000108 s
  handle_small_terminal_degrees: terms 1 in 4.7e-05 s
  handle_small_Steiner_degrees: steiner 0, suppress 0 in 8.6e-05 s
  shortest_edge_between_terminals: 0 edges in 9.9e-05 s
  handle_small_terminal_degrees: terms 0 in 4.4e-05 s
  handle_small_Steiner_degrees: steiner 0, suppress 0 in 8.5e-05 s
  shortest_edge_between_terminals: 0 edges in 9.7e-05 s
Compressed graph 58965 -> 55362
  delete_edges_shortest_path: deleted 6858 edges in 0.986543 s
  handle_small_terminal_degrees: terms 2 in 5.9e-05 s
  handle_small_Steiner_degrees: steiner 676, suppress 6212 in 0.003996 s
  shortest_edge_between_terminals: 0 edges in 0.000225 s
  handle_small_terminal_degrees: terms 11 in 5.6e-05 s
  handle_small_Steiner_degrees: steiner 17, suppress 769 in 0.000488 s
  shortest_edge_between_terminals: 0 edges in 0.000121 s
  handle_small_terminal_degrees: terms 7 in 4.9e-05 s
  handle_small_Steiner_degrees: steiner 4, suppress 84 in 0.000124 s
  shortest_edge_between_terminals: 0 edges in 8.9e-05 s
  handle_small_terminal_degrees: terms 4 in 4.6e-05 s
  handle_small_Steiner_degrees: steiner 1, suppress 4 in 8.3e-05 s
  shortest_edge_between_terminals: 0 edges in 8.5e-05 s
  handle_small_terminal_degrees: terms 0 in 4.2e-05 s
  handle_small_Steiner_degrees: steiner 0, suppress 2 in 8.2e-05 s
  shortest_edge_between_terminals: 0 edges in 8.5e-05 s
  handle_small_terminal_degrees: terms 0 in 4.1e-05 s
  handle_small_Steiner_degrees: steiner 0, suppress 0 in 8.1e-05 s
  shortest_edge_between_terminals: 0 edges in 8.4e-05 s
Compressed graph 55362 -> 47569
  handle_small_terminal_degrees: terms 0 in 3.8e-05 s
  handle_small_Steiner_degrees: steiner 0, suppress 1 in 6.8e-05 s
  shortest_edge_between_terminals: 2 edges in 0.000324 s
  handle_small_terminal_degrees: terms 0 in 3.6e-05 s
  handle_small_Steiner_degrees: steiner 0, suppress 10 in 7.8e-05 s
  shortest_edge_between_terminals: 0 edges in 0.0001 s
  handle_small_terminal_degrees: terms 0 in 3.6e-05 s
  handle_small_Steiner_degrees: steiner 0, suppress 4 in 7.5e-05 s
  shortest_edge_between_terminals: 0 edges in 8.5e-05 s
  handle_small_terminal_degrees: terms 0 in 3.6e-05 s
  handle_small_Steiner_degrees: steiner 0, suppress 0 in 7.3e-05 s
  shortest_edge_between_terminals: 0 edges in 8.4e-05 s
Compressed graph 47569 -> 47538
  delete_edges_shortest_path: deleted 999 edges in 0.718173 s
  handle_small_terminal_degrees: terms 14 in 6.6e-05 s
  handle_small_Steiner_degrees: steiner 29, suppress 1189 in 0.000967 s
  shortest_edge_between_terminals: 2 edges in 0.000261 s
  handle_small_terminal_degrees: terms 7 in 4.2e-05 s
  handle_small_Steiner_degrees: steiner 1, suppress 61 in 0.000105 s
  shortest_edge_between_terminals: 0 edges in 9.1e-05 s
  handle_small_terminal_degrees: terms 2 in 3.9e-05 s
  handle_small_Steiner_degrees: steiner 0, suppress 7 in 7.7e-05 s
  shortest_edge_between_terminals: 0 edges in 8.3e-05 s
  handle_small_terminal_degrees: terms 0 in 3.6e-05 s
  handle_small_Steiner_degrees: steiner 0, suppress 0 in 9.2e-05 s
  shortest_edge_between_terminals: 0 edges in 8.1e-05 s
Compressed graph 47538 -> 46227
Compressed graph 46227 -> 46227
>>> save_orig_graph
>> Saved weight 177832
### ZEL_LVL=9 PRECISE_STARS=0

Calling `contract_till_the_bitter_end`
|V| = 46227, |E| = 77374, |R| = 2054
>> 23483 (31152: 31142 39585 31142) (26.039 s)
>> 13593 (404: 30788 30867 30788) (23.5455 s)
>> 12306 (13991: 37177 37473 37177) (24.365 s)
>> 9898 (22515: 7162 33909 7162) (24.7195 s)
>> 9038 (2415: 31575 31586 31575) (24.7058 s)
>> 8957 (12062: 34568 36401 34568) (24.4514 s)
>> 8839 (43714: 39677 39688 39677) (24.5007 s)
>> 8728 (21294: 17990 39646 17990) (24.4991 s)
>> 8088 (11: 30851 30859 30851) (24.622 s)
>> 7874 (1587: 31205 31230 31205) (24.6568 s)
>> 7842 (4697: 32332 32372 32332) (24.5893 s)
>> 7581 (11788: 30630 36349 30630) (24.5293 s)
>> 7253 (1221: 31348 32342 31348) (24.5526 s)
>> 7090 (3126: 31667 31764 31667) (24.625 s)
>> 6975 (5089: 32546 32555 32546) (24.6759 s)
>> 6958 (29: 30759 30828 30759) (24.7362 s)
>> 7854 (613: 30917 30924 30917) (25.046 s)
>> 7616 (474: 30766 30885 30766) (24.9473 s)
>> 7499 (296: 30936 30957 30936) (24.9432 s)
>> 6821 (21942: 39851 39865 39851) (24.9415 s)
>> 6750 (5636: 37431 37437 37431) (24.9325 s)
>> 6703 (11364: 36220 36495 36220) (24.8978 s)
>> 6611 (4883: 32229 32488 32229) (24.8887 s)
>> 6579 (35231: 35218 35227 35218) (25.0934 s)
>> 6525 (1193: 31110 31129 31110) (25.0281 s)
>> 6435 (21067: 24831 39540 24831) (25.2048 s)
>> 6420 (23617: 35845 40167 35845) (25.0711 s)
>> 6373 (4497: 32444 32462 32444) (25.1482 s)
>> 6352 (24823: 42042 42208 42042) (25.4073 s)
>> 6340 (6527: 6785 38661 6785) (25.1336 s)
>> 6329 (3771: 32047 32061 32047) (25.0868 s)
>> 6306 (2455: 31595 31599 31595) (25.1281 s)
>> 8145 (2463: 31620 31857 31620) (25.0235 s)
>> 6766 (1602: 31484 31520 31484) (25.1608 s)
>> 6036 (17878: 33874 38649 33874) (25.1795 s)
>> 5984 (2995: 31605 31742 31605) (25.1699 s)
>> 5981 (25845: 25850 42193 25850) (25.2036 s)
>> 5971 (8700: 34887 34896 34887) (25.1959 s)
>> 5884 (39827: 7487 39820 7487) (25.2406 s)
>> 5872 (28167: 6386 37376 6386) (25.4027 s)
>> 5863 (42696: 30241 40446 30241) (25.3691 s)
>> 5829 (33170: 33062 38539 33062) (25.2355 s)
>> 5827 (5535: 32788 34721 32788) (25.2683 s)
>> 5790 (8633: 34735 34761 34735) (25.3116 s)
>> 5769 (19343: 27006 39038 27006) (25.3137 s)
>> 5758 (37940: 40659 40668 40659) (25.3114 s)
>> 5750 (197: 30799 30976 30799) (25.3256 s)
>> 5716 (21505: 34997 35793 34997) (25.4463 s)
>> 5704 (10125: 35557 36136 35557) (25.4605 s)
>> 5692 (27889: 41135 41580 41135) (25.4294 s)
>> 5688 (16815: 35739 39471 35739) (25.4608 s)
>> 5674 (5816: 32922 37613 32922) (25.6768 s)
>> 5662 (40694: 40686 40688 40686) (25.6001 s)
>> 5637 (31242: 31120 32242 31120) (25.4219 s)
>> 5632 (28572: 633 7387 633) (25.5205 s)
>> 5626 (9147: 35929 35979 35929) (25.5081 s)
>> 5612 (16047: 37324 37335 37324) (25.4998 s)
>> 5611 (43877: 28413 40430 28413) (25.4755 s)
>> 5585 (21513: 39716 39759 39716) (25.4801 s)
>> 5584 (43821: 40078 40091 40078) (25.5373 s)
>> 5579 (7016: 33523 33537 33523) (25.5177 s)
>> 5562 (18852: 17951 22572 17951) (25.5513 s)
>> 5540 (2761: 31546 31655 31546) (25.5596 s)
>> 5513 (25437: 26175 40679 26175) (25.8864 s)
>> 5476 (3409: 31804 32118 31804) (25.5567 s)
>> 5835 (2751: 31796 31815 31796) (25.6034 s)
>> 5461 (19192: 22245 39079 22245) (25.5798 s)
>> 5454 (16068: 38033 38170 38033) (25.6215 s)
>> 5449 (2629: 31926 31933 31926) (25.6548 s)
>> 5445 (28444: 41701 41757 41701) (25.6776 s)
>> 5432 (1928: 31279 31402 31279) (25.6757 s)
>> 5397 (11253: 36158 36177 36158) (25.6715 s)
>> 5396 (28950: 1786 42047 1786) (25.7034 s)
>> 5386 (12717: 19701 36709 19701) (25.7335 s)
>> 5372 (8166: 34483 34491 34483) (25.6905 s)
>> 5360 (15473: 32946 32950 32946) (25.9729 s)
>> 5360 (9915: 35373 35403 35373) (25.8252 s)
>> 5341 (24053: 40282 40383 40282) (25.803 s)
>> 5331 (10727: 16446 35907 16446) (25.8007 s)
>> 5308 (42750: 21643 31063 21643) (25.8529 s)
>> 5300 (18966: 38938 38943 38938) (25.876 s)
>> 5279 (4423: 31353 31374 31353) (25.8327 s)
>> 6370 (32357: 31382 32350 31382) (25.8291 s)
>> 5277 (43652: 38797 38961 38797) (25.8244 s)
>> 5267 (31158: 31153 31155 31153) (25.8814 s)
>> 5880 (1032: 31085 31160 31085) (25.8946 s)
>> 5257 (7069: 38688 38694 38688) (26.1767 s)
>> 5238 (11166: 36112 36143 36112) (26.047 s)
>> 5219 (20385: 25278 39291 25278) (26.0337 s)
>> 5209 (9181: 35022 35060 35022) (26.0429 s)
>> 5205 (7886: 34096 34295 34096) (26.0093 s)
>> 5196 (43689: 39353 39455 39353) (26.0043 s)
>> 5165 (10620: 35882 35901 35882) (26.0088 s)
>> 5152 (12570: 36610 36631 36610) (25.9628 s)
>> 5150 (5624: 32472 32841 32472) (25.932 s)
>> 5143 (33920: 33912 37916 33912) (25.9777 s)
>> 5132 (9472: 35188 35512 35188) (26.0885 s)
>> 5126 (27726: 23654 41418 23654) (26.0083 s)
>> 5122 (5658: 32797 32851 32797) (26.2462 s)
>> 5108 (25021: 25918 39948 25918) (26.0387 s)
>> 5083 (2879: 2036 4052 2036) (26.0131 s)
>> 5073 (11313: 36200 36389 36200) (26.0182 s)
>> 5452 (44035: 32394 32496 32394) (25.9142 s)
>> 5072 (36515: 36365 36511 36365) (25.9432 s)
>> 5071 (10598: 22710 23722 22710) (26.0111 s)
>> 5068 (17665: 33145 34157 33145) (26.0462 s)
>> 5064 (11487: 10568 35435 10568) (26.0675 s)
>> 5063 (6209: 6247 38607 6247) (26.0819 s)
>> 5042 (43833: 14954 40250 14954) (26.0804 s)
>> 5041 (19672: 39110 39321 39110) (26.1755 s)
>> 5040 (13866: 37763 37767 37763) (26.338 s)
>> 5035 (40909: 26082 41192 26082) (26.1153 s)
>> 5031 (43716: 39752 39780 39752) (26.1352 s)
>> 5020 (25659: 25868 38919 25868) (26.1195 s)
>> 4997 (43985: 6076 42145 6076) (26.1634 s)
>> 5361 (29256: 300 42144 300) (26.2623 s)
>> 4988 (12919: 33929 33985 33929) (26.2423 s)
>> 4987 (26948: 19959 26123 19959) (26.2542 s)
>> 4961 (41220: 41200 41216 41200) (26.2374 s)
>> 4933 (7495: 34051 34071 34051) (26.219 s)
>> 4931 (23347: 40192 40213 40192) (26.2755 s)
>> 4929 (32640: 32627 32635 32627) (26.495 s)
>> 4926 (31915: 31906 31914 31906) (26.277 s)
>> 4926 (14879: 32970 34319 32970) (26.2741 s)
>> 4915 (36630: 34252 36622 34252) (26.2472 s)
>> 4912 (17547: 17656 37163 17656) (26.3109 s)
>> 4886 (43121: 34512 34525 34512) (26.337 s)
>> 4880 (23350: 29640 29902 29640) (26.3692 s)
>> 4876 (13734: 38148 38167 38148) (26.3687 s)
>> 4971 (13719: 37212 37947 37212) (26.3646 s)
>> 4871 (14453: 37340 37401 37340) (26.392 s)
>> 4856 (11502: 36238 37458 36238) (26.3674 s)
>> 4853 (11021: 35667 35674 35667) (26.4686 s)
>> 4851 (23316: 40075 40096 40075) (26.3622 s)
>> 4840 (38863: 28391 37309 28391) (26.3888 s)
>> 4819 (43633: 38881 40404 38881) (26.4231 s)
>> 4806 (42030: 945 42025 945) (26.3959 s)
>> 4803 (43257: 36235 37451 36235) (26.4642 s)
>> 4797 (7529: 34085 34089 34085) (26.4506 s)
>> 4870 (7892: 34302 34347 34302) (26.5255 s)
>> 4783 (8972: 30353 34900 30353) (26.4873 s)
>> 4767 (19064: 38994 39000 38994) (26.5201 s)
>> 4753 (20781: 10433 39375 10433) (26.5001 s)
>> 4747 (32670: 32508 32619 32508) (26.554 s)
>> 4742 (43831: 40179 40187 40179) (26.6869 s)
>> 4740 (871: 30895 31035 30895) (26.5057 s)
>> 4731 (41605: 29541 39505 29541) (26.5966 s)
>> 4720 (14766: 37501 38265 37501) (26.6744 s)
>> 4682 (16761: 5848 33591 5848) (26.644 s)
>> 4679 (34523: 34393 34504 34393) (26.5748 s)
>> 4677 (24924: 24279 40889 24279) (26.5718 s)
>> 4668 (22111: 909 6287 909) (26.6156 s)
>> 4663 (17913: 34135 34246 34135) (26.527 s)
>> 4653 (40657: 40645 40653 40645) (26.5246 s)
>> 4637 (17266: 41432 41454 41432) (26.6096 s)
>> 4631 (41566: 22440 41543 22440) (26.7641 s)
>> 4626 (11259: 36183 36207 36183) (26.6126 s)
>> 4618 (18633: 19967 26425 19967) (26.6142 s)
>> 4617 (31032: 31031 31043 31031) (26.6382 s)
>> 4612 (30259: 40761 40770 40761) (26.634 s)
>> 4608 (22971: 28468 41549 28468) (26.6396 s)
>> 4606 (15865: 113 41891 113) (26.7777 s)
>> 4599 (33049: 35533 36128 35533) (26.8372 s)
>> 4596 (17048: 3671 38375 3671) (26.8263 s)
>> 4584 (27451: 9836 40548 9836) (26.8076 s)
>> 4565 (18458: 38801 38804 38801) (26.8533 s)
>> 4552 (399: 30781 30870 30781) (26.8429 s)
>> 4545 (36256: 21813 36250 21813) (26.8952 s)
>> 4538 (36534: 40517 40528 40517) (26.909 s)
>> 4951 (25124: 17230 40620 17230) (26.8436 s)
>> 4524 (43637: 24708 39924 24708) (28.7098 s)
>> 4519 (25620: 25080 36346 25080) (26.4651 s)
>> 4770 (24548: 19374 40597 19374) (26.3956 s)
>> 4502 (3146: 31771 31787 31771) (26.468 s)
>> 4499 (32071: 32069 32076 32069) (26.4613 s)
>> 4489 (1730: 31309 31332 31309) (26.443 s)
>> 4480 (15838: 42243 42259 42243) (26.531 s)
>> 4478 (12162: 36459 36464 36459) (26.6607 s)
>> 4456 (4620: 32428 32434 32428) (26.6349 s)
>> 4456 (26714: 13410 41086 13410) (26.5098 s)
>> 4451 (33059: 33040 33053 33040) (26.5574 s)
>> 4446 (38839: 28873 38832 28873) (26.5721 s)
>> 4444 (18724: 38295 38411 38295) (26.5296 s)
>> 4431 (4223: 32235 32251 32235) (26.5 s)
>> 4409 (25304: 35165 40825 35165) (26.5337 s)
>> 4390 (10273: 34406 35642 34406) (26.5612 s)
>> 4383 (36081: 28297 35655 28297) (26.5743 s)
>> 4378 (19517: 39063 39067 39063) (26.6055 s)
>> 4394 (19598: 39057 39089 39057) (26.7868 s)
>> 4374 (20317: 11779 39105 11779) (26.7215 s)
>> 4369 (12485: 36582 36854 36582) (26.6068 s)
>> 4894 (12584: 36525 36601 36525) (26.5716 s)
>> 4361 (24163: 38591 39608 38591) (26.582 s)
>> 4350 (13240: 32518 38433 32518) (26.5627 s)
>> 4346 (7965: 34316 34353 34316) (26.5711 s)
>> 4346 (40566: 40374 40561 40374) (26.5891 s)
>> 4342 (31854: 32657 32664 32657) (26.6437 s)
>> 4341 (28709: 35290 42072 35290) (26.6605 s)
>> 4325 (42589: 34569 42250 34569) (26.6838 s)
>> 4324 (40959: 39286 40897 39286) (26.6892 s)
>> 4321 (19016: 25588 38947 25588) (26.9942 s)
>> 4312 (1781: 31336 31359 31336) (26.6631 s)
>> 4306 (21664: 39763 39773 39763) (26.7129 s)
>> 4301 (30282: 18213 35445 18213) (26.693 s)
>> 4292 (37741: 37732 37790 37732) (26.6849 s)
>> 4290 (24227: 38785 40347 38785) (26.6756 s)
>> 4271 (44046: 35877 35914 35877) (26.6717 s)
>> 4269 (2360: 31530 31566 31530) (26.6375 s)
>> 4259 (19827: 10596 39136 10596) (26.7133 s)
>> 4255 (30134: 2065 42627 2065) (26.7905 s)
>> 4252 (43113: 33942 37110 33942) (26.7597 s)
>> 4249 (22103: 6547 39893 6547) (27.0758 s)
>> 4244 (41045: 35181 41062 35181) (26.8001 s)
>> 4243 (30723: 6391 8601 6391) (26.8089 s)
>> 4243 (11526: 21626 42100 21626) (26.8557 s)
>> 4229 (29160: 14254 20961 14254) (26.8259 s)
>> 4226 (39734: 30625 39712 30625) (26.8874 s)
>> 4223 (3498: 31712 31944 31712) (26.907 s)
>> 4197 (400: 2868 38331 2868) (26.8758 s)
>> 4195 (23009: 30527 35383 30527) (26.8682 s)
>> 4195 (3954: 41862 41864 41862) (26.9207 s)
>> 4182 (28800: 7699 42003 7699) (26.9157 s)
>> 4175 (43152: 34575 34588 34575) (27.1671 s)
>> 4174 (27809: 41529 41552 41529) (26.9609 s)
>> 4230 (14258: 41120 41248 41120) (26.9247 s)
>> 5177 (26438: 41004 41016 41004) (26.9224 s)
>> 4170 (32919: 32904 32914 32904) (26.9248 s)
>> 4165 (6352: 32955 33150 32955) (26.9753 s)
>> 4163 (8315: 36668 36675 36668) (26.9549 s)
>> 4141 (15373: 7586 15552 7586) (26.9663 s)
>> 4152 (15049: 34122 41716 34122) (26.9966 s)
>> 4119 (22859: 40042 40061 40042) (27.0086 s)
>> 4113 (8418: 42009 42055 42009) (26.9669 s)
>> 4105 (20272: 39295 39302 39295) (27.2335 s)
>> 4099 (38589: 14967 38552 14967) (26.938 s)
>> 4079 (18618: 39989 39998 39989) (26.9621 s)
>> 4076 (8442: 8226 8402 8226) (26.9624 s)
>> 4075 (12911: 36808 37079 36808) (26.9753 s)
>> 4065 (41372: 41331 41363 41331) (26.9656 s)
>> 4061 (38245: 38243 38248 38243) (26.9607 s)
>> 4060 (43829: 40148 41836 40148) (26.9606 s)
>> 4058 (37057: 14382 28992 14382) (26.9518 s)
>> 4053 (23634: 41773 41779 41773) (26.9647 s)
>> 4052 (23916: 5821 7730 5821) (27.0067 s)
>> 4050 (28943: 42051 42057 42051) (27.3582 s)
>> 4049 (344: 30842 32222 30842) (27.0817 s)
>> 4048 (43484: 36978 36995 36978) (27.0839 s)
>> 4044 (3961: 32084 32125 32084) (27.052 s)
>> 4083 (3272: 31879 31993 31879) (27.1097 s)
>> 4041 (45633: 34671 34686 34671) (27.1062 s)
>> 4036 (9892: 29779 35439 29779) (27.1451 s)
>> 4031 (41325: 41303 41324 41303) (27.1007 s)
>> 4499 (17223: 29889 41335 29889) (27.1388 s)
>> 4009 (18441: 38811 38925 38811) (27.1423 s)
>> 4007 (28565: 35137 35147 35137) (27.16 s)
>> 3998 (33996: 33992 34005 33992) (27.3973 s)
>> 3979 (20857: 38195 38203 38195) (27.19 s)
>> 3975 (26488: 41023 41027 41023) (27.2011 s)
>> 4167 (40781: 28500 41020 28500) (27.1879 s)
>> 4302 (25863: 28239 40795 28239) (27.2144 s)
>> 3961 (1766: 31296 31327 31296) (27.2534 s)
>> 3941 (2058: 31462 31492 31462) (27.2804 s)
>> 3931 (10211: 1429 41960 1429) (27.3194 s)
>> 3929 (15069: 37650 37912 37650) (27.3454 s)
>> 3914 (10884: 18959 26473 18959) (27.3425 s)
>> 4536 (25682: 35993 36002 35993) (27.327 s)
>> 3914 (8043: 35650 42525 35650) (27.3974 s)
>> 3911 (24978: 40572 40593 40572) (27.4986 s)
>> 3908 (33068: 32388 32405 32388) (27.2634 s)
>> 3895 (35627: 8791 41943 8791) (27.2675 s)
>> 3894 (5375: 32694 32718 32694) (27.3052 s)
>> 3892 (18915: 37943 37965 37943) (27.3308 s)
>> 3892 (39922: 20476 23182 20476) (27.3252 s)
>> 3882 (35719: 35687 35720 35687) (27.347 s)
>> 3881 (38841: 39901 39916 39901) (27.28 s)
>> 3866 (17929: 38287 38680 38287) (27.2956 s)
>> 3864 (10509: 35806 35819 35806) (27.3091 s)
>> 3863 (39165: 27039 41591 27039) (27.4183 s)
>> 3861 (22434: 30097 41439 30097) (27.6717 s)
>> 3852 (20039: 19704 24004 19704) (27.3619 s)
>> 3851 (22109: 39840 39876 39840) (27.3248 s)
>> 3851 (42286: 9278 42270 9278) (27.3054 s)
>> 3842 (11395: 40606 40614 40606) (27.303 s)
>> 3839 (18086: 17603 38737 17603) (27.3381 s)
>> 3829 (12169: 42327 42338 42327) (27.347 s)
>> 3791 (21214: 41422 42217 41422) (27.3136 s)
>> 3790 (9996: 35479 35694 35479) (27.3109 s)
>> 3781 (40219: 25876 40246 25876) (27.3204 s)
>> 4017 (40222: 40220 40228 40220) (27.3476 s)
>> 3775 (4351: 32317 32328 32317) (27.5677 s)
>> 3765 (27117: 27349 40713 27349) (27.3361 s)
>> 3761 (733: 30983 30987 30983) (27.3292 s)
>> 3746 (19875: 39112 39151 39112) (27.341 s)
>> 3724 (1259: 4034 5570 4034) (27.3506 s)
>> 3717 (27870: 41720 41728 41720) (27.3177 s)
>> 3710 (30455: 41498 41560 41498) (27.2948 s)
>> 3702 (33038: 33010 33022 33010) (27.312 s)
>> 3844 (32945: 32935 32942 32935) (27.2822 s)
>> 3699 (19302: 41066 41072 41066) (27.3236 s)
>> 3698 (33101: 33088 33095 33088) (27.4913 s)
>> 3696 (1018: 31093 31098 31093) (27.5987 s)
>> 3988 (1254: 31134 31216 31134) (27.3365 s)
>> 3695 (44852: 36550 36557 36550) (27.3412 s)
>> 3694 (20334: 20195 39329 20195) (27.3148 s)
>> 3677 (39222: 39199 39208 39199) (27.376 s)
>> 3676 (5528: 32601 34768 32601) (27.3868 s)
>> 3675 (16474: 34379 34535 34379) (27.3463 s)
>> 3674 (17679: 7754 34875 7754) (27.3589 s)
>> 3670 (42206: 26486 42187 26486) (27.4221 s)
>> 4233 (25568: 42196 42224 42196) (27.43 s)
>> 3668 (27843: 28286 30197 28286) (27.7456 s)
>> 3654 (3847: 32052 32054 32052) (27.4052 s)
>> 3651 (18244: 38745 38757 38745) (27.3754 s)
>> 3642 (33900: 38710 38715 38710) (27.346 s)
>> 3633 (14640: 32961 34075 32961) (27.3186 s)
>> 3616 (5284: 3247 3271 3247) (27.3537 s)
>> 3613 (37281: 37241 37279 37241) (27.396 s)
>> 3609 (42493: 13008 13725 13008) (27.4434 s)
>> 3608 (40735: 41077 41083 41077) (27.4526 s)
>> 3604 (11636: 36100 36121 36100) (27.4025 s)
>> 3602 (20805: 35274 35358 35274) (27.3993 s)
>> 4254 (9126: 35029 35331 35029) (27.6752 s)
>> 3606 (35067: 35068 35084 35068) (27.4648 s)
>> 3601 (7074: 33566 33576 33566) (27.45 s)
>> 3597 (43807: 8006 30940 8006) (27.4505 s)
>> 3597 (42710: 1233 8917 1233) (27.4779 s)
>> 3595 (25962: 40865 40871 40865) (27.4545 s)
>> 3582 (26619: 42636 42647 42636) (27.4714 s)
>> 3579 (26616: 2909 42295 2909) (27.5173 s)
>> 3576 (31431: 31426 31430 31426) (27.4873 s)
>> 3571 (43150: 32969 33333 32969) (27.4473 s)
>> 3565 (38576: 38575 38592 38575) (27.4247 s)
>> 3564 (11025: 14483 36029 14483) (27.6961 s)
>> 3564 (29812: 5447 10251 5447) (27.4229 s)
>> 3563 (20673: 38810 39410 38810) (27.4394 s)
>> 3562 (26111: 40695 40885 40695) (27.478 s)
>> 3555 (9546: 14198 35212 14198) (27.4848 s)
>> 4254 (35179: 35168 35175 35168) (27.5083 s)
>> 3952 (11516: 35160 41492 35160) (27.491 s)
>> 3547 (8071: 34420 34450 34420) (27.5026 s)
>> 3538 (1057: 38297 38373 38297) (27.4738 s)
>> 3538 (27639: 15581 42398 15581) (27.4724 s)
>> 3536 (17254: 33158 33172 33158) (27.4615 s)
>> 3533 (31979: 38133 38143 38133) (27.7138 s)
>> 3529 (26380: 40861 40988 40861) (27.4408 s)
>> 3527 (9918: 30087 35484 30087) (27.505 s)
>> 3523 (17965: 34729 34740 34729) (27.4529 s)
>> 3523 (24098: 14267 16965 14267) (27.4852 s)
>> 5631 (41956: 29417 38891 29417) (27.4769 s)
>> 3515 (7349: 33965 34175 33965) (27.4461 s)
>> 3514 (16880: 28664 40504 28664) (27.4446 s)
>> 3503 (33192: 33167 33187 33167) (27.4393 s)
>> 3500 (36193: 36171 36190 36171) (27.4707 s)
>> 3493 (27336: 41367 41443 41367) (27.4561 s)
>> 4182 (27345: 41275 41320 41275) (27.683 s)
>> 3618 (22939: 29852 41348 29852) (27.4184 s)
>> 3482 (42389: 446 10234 446) (27.4248 s)
>> 3476 (35122: 35116 35123 35116) (27.5336 s)
>> 3476 (41877: 12374 41854 12374) (27.4906 s)
>> 3796 (41886: 41871 41879 41871) (27.4875 s)
>> 4370 (41851: 40120 41850 40120) (27.4613 s)
>> 3474 (44263: 22285 25402 22285) (27.4392 s)
>> 3461 (20186: 39274 39277 39274) (27.419 s)
>> 3459 (43089: 33193 33244 33193) (27.399 s)
>> 3448 (4007: 31919 32141 31919) (27.3956 s)
>> 3440 (40737: 40732 40736 40732) (27.9077 s)
>> 3434 (7768: 33311 34211 33311) (27.4212 s)
>> 3432 (45446: 33945 33976 33945) (27.4801 s)
>> 3430 (5679: 32856 32873 32856) (27.4726 s)
>> 3430 (23240: 30113 36052 30113) (27.4292 s)
>> 3419 (33318: 33316 33343 33316) (27.4668 s)
>> 3419 (12500: 36530 36565 36530) (27.4799 s)
>> 3416 (5471: 13249 31127 13249) (27.4624 s)
>> 3413 (32708: 32701 32704 32701) (27.4904 s)
>> 3407 (37881: 37873 37882 37873) (27.511 s)
>> 3390 (14703: 36247 37488 36247) (27.6384 s)
>> 3390 (43607: 32628 38397 32628) (27.8308 s)
>> 3384 (20716: 27818 39433 27818) (27.5622 s)
>> 3916 (39420: 39405 39418 39405) (27.5377 s)
>> 3377 (18193: 23424 38770 23424) (27.4905 s)
>> 3373 (15043: 37659 37669 37659) (27.4911 s)
>> 3366 (18181: 25135 39564 25135) (27.4669 s)
>> 3356 (45940: 33616 33625 33616) (27.4327 s)
>> 3353 (1694: 1642 2225 1642) (27.4301 s)
>> 3343 (29403: 7671 42156 7671) (27.5195 s)
>> 3331 (27911: 16853 40838 16853) (27.4763 s)
>> 3327 (39175: 20430 25931 20430) (27.5813 s)
>> 3303 (11037: 36061 36082 36061) (28.5525 s)
>> 3296 (9710: 14 8901 14) (28.1375 s)
>> 0 (-1: -1 -1 -1) (20.3786 s)
Zelikovsky 15171.2 s
>> 23483 (31152: 31142 39673 39585) (2144.89 s)
>> 13593 (404: 30788 30870 30867) (2274.45 s)
>> 12306 (13991: 37177 37501 37473) (2241.77 s)
>> 9898 (22515: 33909 40053 7162) (4171.44 s)
>> 9038 (2415: 31586 31595 31575) (1976.89 s)
>> 8957 (12062: 36401 36407 34568) (1931 s)
>> 8839 (43714: 39759 39688 39677) (2032.23 s)
>> 8088 (11: 30859 30983 30851) (1952.06 s)
>> 7874 (1587: 31205 31507 31230) (2002.81 s)
>> 7842 (4697: 32444 32372 32332) (1982.68 s)
>> 7581 (11788: 30630 36716 36349) (2024.97 s)
>> 7381 (21294: 17990 39696 39646) (1914.41 s)
>> 7325 (1288: 31153 31160 31142) (2030.16 s)
>> 7253 (1221: 31348 32359 32342) (1989.22 s)
>> 7090 (3126: 31906 31764 31667) (2008.89 s)
>> 6975 (5089: 32546 32757 32555) (1877.27 s)
>> 6958 (29: 30759 32225 30828) (1903.61 s)
>> 6821 (21942: 39869 39865 39851) (2014.27 s)
>> 6750 (5636: 37431 37463 37437) (1980.29 s)
>> 6703 (11364: 36495 37284 36220) (1985.46 s)
>> 6579 (35231: 35227 35245 35218) (2141.69 s)
>> 6435 (21067: 39540 39552 24831) (1696.7 s)
>> 6420 (23617: 40167 41825 35845) (1773.32 s)
>> 6352 (24823: 42224 42208 42042) (1690.78 s)
>> 6340 (6527: 38661 39828 6785) (1694.69 s)
>> 6329 (3771: 32061 3529 32047) (3324.61 s)
>> 6198 (2455: 31586 31620 31599) (3145.59 s)
>> 5984 (2995: 31742 31758 31605) (2907.32 s)
>> 5971 (8700: 34909 34896 34887) (2953.42 s)
>> 5962 (4244: 31110 32242 31348) (1985.29 s)
>> 5872 (28167: 37376 42792 6386) (2059.58 s)
>> 5863 (42696: 40449 40446 30241) (3751.79 s)
>> 5830 (42200: 42196 42224 42193) (3638.74 s)
>> 5829 (33170: 38545 38539 33062) (3458.07 s)
>> 5827 (5535: 34721 34768 32788) (3631.38 s)
>> 5769 (19343: 39038 39154 27006) (3392 s)
>> 5758 (37940: 40668 40791 40659) (3487.68 s)
>> 5704 (10125: 35557 36147 36136) (3273.89 s)
>> 5692 (27889: 41580 41587 41135) (3227.67 s)
>> 5688 (16815: 35739 39488 39471) (3458.19 s)
>> 5674 (5816: 37613 37621 32922) (3417.52 s)
>> 5662 (40694: 40688 40729 40686) (2428.66 s)
>> 5632 (28572: 7387 7407 633) (1942.03 s)
>> 5626 (9147: 36121 35979 35929) (1825.11 s)
>> 5612 (16047: 37335 42804 37324) (1929.83 s)
>> 5592 (25316: 40688 40651 40614) (1850.55 s)
>> 5584 (43821: 40246 40091 40078) (2095.46 s)
>> 5579 (7016: 33523 33566 33537) (2003.67 s)
>> 5461 (19192: 22245 39092 39079) (1911.09 s)
>> 5454 (16068: 38033 38183 38170) (1881.74 s)
>> 5445 (28444: 41843 41757 41701) (1871.58 s)
>> 5386 (12717: 37174 36709 19701) (2033.16 s)
>> 5372 (8166: 34491 34504 34483) (3331.87 s)
>> 5360 (9915: 35373 35436 35403) (3371.62 s)
>> 5360 (15473: 32946 33259 32950) (3145.32 s)
>> 5341 (24053: 40282 40387 40383) (3485.14 s)
>> 5331 (10727: 35914 35907 16446) (3294.19 s)
>> 5492 (10733: 35922 35914 30630) (3477.73 s)
>> 5300 (18966: 38950 38943 38938) (2174.14 s)
>> 5289 (28950: 1786 42176 42047) (3160.44 s)
>> 5277 (43652: 38961 38971 38797) (3265.81 s)
>> 5274 (8633: 34735 34775 34761) (2204.73 s)
>> 5257 (7069: 38715 38694 38688) (2294.03 s)
>> 5219 (20385: 25278 39339 39291) (2142.27 s)
>> 5211 (10466: 35793 34997 34900) (2274.22 s)
>> 5209 (9181: 35060 35084 35022) (2293.42 s)
>> 5205 (7886: 35013 34295 34096) (2366.06 s)
>> 5165 (10620: 35882 41657 35922) (2016.93 s)
>> 5152 (12570: 36754 36631 36610) (2275.15 s)
>> 5150 (5624: 32841 34978 32462) (2182.22 s)
>> 5143 (33920: 33912 37923 37916) (2250.45 s)
>> 5126 (27726: 41498 41418 23654) (2089.04 s)
>> 5113 (6210: 38614 38545 6247) (2416.31 s)
>> 5108 (25021: 40606 39948 25918) (2160.55 s)
>> 5083 (2879: 38331 4052 2036) (2046.44 s)
>> 5072 (36515: 36511 36530 36365) (1906.28 s)
>> 5041 (19672: 39125 39321 39110) (2094.69 s)
>> 5040 (13866: 37790 37767 37763) (2031.4 s)
>> 5035 (40909: 41192 41594 26082) (2098.64 s)
>> 5031 (43716: 39780 39792 39752) (1971.09 s)
>> 5027 (5375: 32718 32694 32546) (2209.25 s)
>> 5137 (44739: 32627 32718 32635) (2184.46 s)
>> 5020 (25659: 25868 40042 38919) (2314.36 s)
>> 4997 (43985: 6076 42547 42145) (1715.74 s)
>> 4992 (9472: 35188 35522 35512) (1753.66 s)
>> 4988 (12919: 33985 37606 33929) (1715.46 s)
>> 4987 (26948: 41186 26123 19959) (1752.22 s)
>> 4984 (2630: 31926 31933 31742) (1653.8 s)
>> 4981 (20375: 25278 39544 39540) (1559.37 s)
>> 4958 (17665: 34188 34157 33145) (1541.43 s)
>> 4926 (14879: 32970 34327 34319) (1556.16 s)
>> 4912 (17547: 37203 37163 17656) (1615.05 s)
>> 4893 (14258: 41498 41248 41120) (1810.73 s)
>> 4880 (23350: 38785 29902 29640) (1758.71 s)
>> 4876 (13734: 38167 38210 38148) (1794.97 s)
>> 4867 (197: 30976 842 30788) (1721.32 s)
>> 5770 (858: 31030 31031 30976) (1794.42 s)
>> 4856 (11502: 36238 37499 37458) (1704.26 s)
>> 4831 (28755: 7387 42003 7699) (1775.77 s)
>> 4806 (42030: 42025 42037 945) (1698.85 s)
>> 4770 (2723: 31804 31993 31796) (1789.17 s)
>> 4764 (38863: 40449 40504 37309) (1684.26 s)
>> 4753 (20781: 39539 39375 10433) (1713.16 s)
>> 4742 (31226: 32076 32069 32061) (1637.2 s)
>> 4740 (871: 30895 31051 31035) (1717.18 s)
>> 4714 (43121: 34512 34542 34525) (1669.15 s)
>> 4677 (24924: 24279 40960 40889) (1705.33 s)
>> 4668 (22111: 6287 39840 909) (1599.29 s)
>> 4637 (17266: 41465 41454 41432) (1701.89 s)
>> 4618 (18633: 26425 40267 19967) (1658.57 s)
>> 4596 (17048: 38407 38375 3671) (1697.35 s)
>> 4584 (25178: 28560 40549 40449) (1623.18 s)
>> 4584 (27451: 40548 41422 9836) (1730.23 s)
>> 4565 (18458: 38801 38826 38804) (1688.01 s)
>> 4545 (36256: 36250 36259 21813) (1728.11 s)
>> 4534 (21062: 38881 38906 38864) (1626.9 s)
>> 5069 (38839: 38881 40282 38832) (1721.27 s)
>> 4524 (43637: 39935 39924 24708) (1674.48 s)
>> 4519 (25620: 40706 36346 25080) (1712.12 s)
>> 4514 (10297: 35373 35667 22090) (1637.23 s)
>> 4507 (14435: 28468 41556 41515) (1711.48 s)
>> 4489 (1730: 31309 31748 31332) (1668.3 s)
>> 4480 (15838: 42259 42243 6076) (1706.21 s)
>> 4478 (12162: 36486 36464 36459) (1600.73 s)
>> 4466 (9400: 35793 35787 30353) (1692.79 s)
>> 4456 (4620: 32434 32448 32428) (1651.64 s)
>> 4451 (33059: 33053 33158 33040) (1690.64 s)
>> 4441 (36630: 36622 36659 34252) (1615.1 s)
>> 4409 (25304: 35165 40841 40825) (1720.86 s)
>> 4392 (142: 30766 30876 30774) (1697.33 s)
>> 4383 (36081: 36088 35655 28297) (1730.91 s)
>> 4378 (19517: 39073 39063 22245) (1622.41 s)
>> 4377 (34424: 34420 34431 34406) (1726.59 s)
>> 4350 (13240: 38433 38447 32518) (1683.05 s)
>> 4346 (40566: 40561 40572 40374) (1971.55 s)
>> 4328 (12480: 36854 36886 36876) (1813.57 s)
>> 4318 (5664: 35290 42072 35976) (1671.07 s)
>> 4288 (12907: 37058 36773 36754) (1488.5 s)
>> 4286 (13712: 37208 38167 37001) (1454.43 s)
>> 5010 (13719: 37947 38015 37208) (1408.38 s)
>> 4281 (11141: 35557 36112 36108) (1454.91 s)
>> 5845 (11988: 36511 36372 35557) (1436.67 s)
>> 4281 (37160: 38811 38801 17951) (1461.09 s)
>> 4272 (24543: 40582 40588 40561) (1424.39 s)
>> 4269 (2360: 31638 31566 31530) (1449.52 s)
>> 4259 (19827: 10596 39141 39136) (1429.57 s)
>> 4523 (19820: 20195 39329 10596) (1442.66 s)
>> 4251 (36169: 36161 36177 36171) (1496.38 s)
>> 4249 (1051: 31098 31205 31093) (1686.38 s)
>> 4221 (6399: 8006 40262 7387) (1663.83 s)
>> 4211 (4346: 32444 32325 32308) (2621.45 s)
>> 4177 (31220: 36183 36197 36190) (2680.61 s)
>> 4177 (39827: 38661 39820 7487) (2598.17 s)
>> 4170 (32919: 32914 37569 32904) (2510.98 s)
>> 4135 (4377: 32434 32444 32368) (2451.48 s)
>> 4083 (28139: 41684 41013 35882) (1908.15 s)
>> 4079 (18618: 39989 40013 39998) (2081.55 s)
>> 4065 (41372: 41363 41370 41331) (2063.08 s)
>> 4061 (38245: 38243 38260 38248) (2194.45 s)
>> 4058 (37057: 40630 28992 14382) (1996.4 s)
>> 4057 (16230: 39492 39539 25278) (1935.87 s)
>> 4053 (30283: 18213 42769 40548) (1827.31 s)
>> 4053 (35138: 35147 35137 28468) (1961.67 s)
>> 4049 (15069: 37934 37912 33985) (2140.91 s)
>> 4041 (45633: 34686 34784 34671) (2028.27 s)
>> 4033 (18240: 38763 38961 38757) (2141.81 s)
>> 4029 (31397: 31279 31526 31098) (2076.37 s)
>> 4018 (41605: 39505 41604 29541) (2795.89 s)
>> 4013 (31975: 32076 31972 31906) (3618.27 s)
>> 4011 (21560: 39704 39780 38811) (2948.34 s)
>> 4003 (41777: 42025 41773 40167) (2176.93 s)
>> 3998 (33996: 34005 34011 33992) (2022.27 s)
>> 3981 (28308: 8593 41748 34122) (2288.38 s)
>> 3976 (10363: 35674 35806 35373) (2062.78 s)
>> 3975 (26488: 41031 41027 41023) (2204.51 s)
>> 3959 (40119: 40116 41843 40120) (2095.47 s)
>> 3957 (8174: 14954 7934 4001) (2187 s)
>> 3952 (19064: 39000 39003 38994) (1979.28 s)
>> 3951 (134: 30825 30885 30759) (2056.81 s)
>> 3941 (2058: 31503 31492 31462) (1996.18 s)
>> 3914 (8043: 35650 42536 42525) (2067.1 s)
>> 3914 (10884: 26473 36018 18959) (1897.9 s)
>> 3908 (33068: 32405 32434 32388) (2209.65 s)
>> 3892 (12691: 36704 41684 37174) (1830.24 s)
>> 3892 (18915: 37943 37972 37965) (1915.51 s)
>> 3891 (38191: 41303 41363 29889) (1843.69 s)
>> 3870 (27056: 41232 41498 41186) (1911.49 s)
>> 3858 (21331: 17990 39759 39652) (1728.38 s)
>> 3856 (26406: 41004 41038 40997) (1914.18 s)
>> 3855 (27954: 41660 39505 11408) (2063.09 s)
>> 3852 (20039: 19704 39216 24004) (2377.44 s)
>> 3851 (22109: 39964 39876 6287) (2297.12 s)
>> 3847 (31379: 31110 31382 31374) (2262.71 s)
>> 3836 (39165: 41591 41580 27039) (2184.04 s)
>> 3834 (17124: 34316 34512 34339) (2294.4 s)
>> 3829 (12169: 42343 42338 42327) (2185.98 s)
>> 3828 (23296: 26729 40688 26175) (2262.76 s)
>> 3796 (42058: 42057 42061 1786) (2146.19 s)
>> 3763 (40186: 40187 40194 40182) (2153.04 s)
>> 3746 (19875: 39151 39112 39038) (1858.38 s)
>> 3737 (1967: 31586 31404 31110) (2209.19 s)
>> 3735 (26619: 42658 42647 42636) (2300.51 s)
>> 3724 (26616: 42315 9278 2909) (2272.28 s)
>> 3851 (42286: 42284 42315 42270) (2122.12 s)
>> 3702 (33038: 33033 33022 33010) (2334.05 s)
>> 3705 (43073: 32969 33033 33028) (2183.46 s)
>> 3660 (16709: 33591 39869 38277) (2116.81 s)
>> 3654 (3847: 32052 32136 32054) (2247.91 s)
>> 3633 (14640: 32961 34099 34075) (2004.36 s)
>> 3626 (36219: 36495 36235 36218) (2110.85 s)
>> 3613 (296: 30825 30957 30895) (2148.51 s)
>> 3605 (20529: 38235 38223 37947) (1930.99 s)
>> 3597 (42710: 42482 8917 1233) (1931.75 s)
>> 3592 (18251: 39985 39989 39982) (2021.33 s)
>> 3585 (35719: 35687 35747 35720) (2225.9 s)
>> 3576 (31431: 31430 2000 31426) (1946.96 s)
>> 3572 (20295: 39302 39492 11779) (2192.43 s)
>> 3568 (4004: 32141 32222 32158) (2023.51 s)
>> 3565 (8396: 34575 36401 34588) (2108.82 s)
>> 3565 (38576: 38575 38597 38592) (1899.76 s)
>> 3564 (11025: 14483 36331 36029) (2194.11 s)
>> 3553 (30455: 41560 41621 41232) (2132.14 s)
>> 3534 (38672: 41031 40668 28500) (2015.11 s)
>> 3532 (14933: 33827 33742 33523) (2112.11 s)
>> 3524 (28900: 42217 42114 42025) (2098.39 s)
>> 3516 (15184: 37732 37790 37754) (1917.4 s)
>> 3514 (17733: 33997 34005 33981) (1962.75 s)
>> 3510 (35409: 40209 40228 40187) (1630.01 s)
>> 3503 (33192: 33167 33244 33187) (2056.19 s)
>> 3501 (37405: 37401 37414 37335) (1905.61 s)
>> 3496 (1885: 31368 31586 31584) (1896.12 s)
>> 3491 (5284: 42505 3271 3247) (1796.28 s)
>> 3486 (2317: 31546 32076 31638) (1884.73 s)
>> 3485 (23571: 38411 38881 38763) (1928.52 s)
>> 3479 (39169: 39073 39161 25931) (2159.05 s)
>> 3476 (35122: 35457 35123 35116) (1799.64 s)
>> 3471 (32509: 32508 32504 32496) (2166.79 s)
>> 3461 (20186: 39284 39277 39274) (1688.97 s)
>> 3449 (32273: 31368 32269 32259) (2032.1 s)
>> 3434 (7768: 34211 34233 34188) (1888.24 s)
>> 3430 (5679: 32873 34974 32856) (1791.64 s)
>> 3422 (15525: 34302 34278 32970) (2032.62 s)
>> 3419 (33318: 33316 34474 33333) (1520.25 s)
>> 3416 (5471: 13249 32539 31127) (1420.86 s)
>> 3407 (11135: 37431 37406 37397) (1402.4 s)
>> 3407 (33607: 33602 33827 33585) (1368.13 s)
>> 3407 (37881: 37889 37882 37873) (1403.58 s)
>> 3613 (37281: 37279 37889 37241) (1339.34 s)
>> 3403 (24941: 41083 41200 41070) (1398.74 s)
>> 3395 (37161: 37156 38235 37227) (1358.23 s)
>> 3393 (33208: 32946 33206 33200) (1392.97 s)
>> 3353 (27639: 42398 42600 15581) (1307.94 s)
>> 3350 (30698: 36704 41660 22710) (1388.56 s)
>> 3343 (25329: 40761 41031 40755) (1353.05 s)
>> 3326 (24866: 40517 40522 28560) (1383.87 s)
>> 3301 (23347: 40246 40209 40192) (1325.57 s)
>> 3357 (23332: 25326 40935 40246) (1386.3 s)
>> 3289 (35832: 35844 35824 35674) (1349.43 s)
>> 3289 (38487: 38485 38478 38433) (1384.54 s)
>> 3283 (14294: 37444 37431 36238) (1312.58 s)
>> 3268 (6078: 34458 34575 34412) (1382.98 s)
>> 3268 (24224: 40357 40365 38785) (1349.15 s)
>> 3242 (40025: 40029 40036 40023) (1376.97 s)
>> 3240 (27911: 40838 41651 16853) (1314.88 s)
>> 3238 (17704: 40345 40328 29611) (1373.39 s)
>> 3237 (33651: 33616 33644 33625) (1343.89 s)
>> 3228 (39615: 39608 40533 38591) (1370.14 s)
>> 3222 (11010: 14483 36061 36052) (1286.26 s)
>> 3217 (37035: 36819 37110 37025) (1366.14 s)
>> 3212 (9705: 35331 35312 35060) (1587.89 s)
>> 3207 (17138: 38461 38440 8389) (1822.89 s)
>> 3205 (21495: 38243 38253 38190) (1696.65 s)
>> 3200 (20123: 39267 25402 16847) (1817.81 s)
>> 3474 (44263: 39099 39267 22285) (1747.1 s)
>> 3199 (4488: 41891 41879 12374) (1813.38 s)
>> 3195 (35640: 35638 35642 35629) (1647.67 s)
>> 3185 (26073: 25485 40871 24279) (1809.01 s)
>> 3168 (43150: 32969 33396 33316) (1735.78 s)
>> 3161 (9902: 41400 35509 18213) (1800.77 s)
>> 3150 (29713: 41676 41668 35188) (1676.57 s)
>> 3149 (38054: 38047 38058 38041) (1797.27 s)
>> 3145 (39485: 39463 39483 35739) (1725.82 s)
>> 3128 (30913: 30936 30904 30825) (1792.9 s)
>> 3126 (32321: 32317 32405 32297) (1628.05 s)
>> 3124 (42594: 42595 42398 12613) (1788.24 s)
>> 3117 (2711: 35290 41960 34946) (1718.43 s)
>> 3110 (36737: 37058 36741 36733) (1781.3 s)
>> 3108 (3687: 32010 32022 31804) (1660.67 s)
>> 3105 (18310: 39451 39433 39302) (1777.56 s)
>> 3104 (26905: 42715 9582 3952) (1708.47 s)
>> 3101 (23179: 40913 41293 41281) (1774.02 s)
>> 3085 (39318: 39311 39314 39105) (1614.8 s)
>> 3083 (17539: 34420 34468 34465) (1769.64 s)
>> 3080 (34567: 34302 34559 34347) (1696.79 s)
>> 3078 (400: 38331 38348 2868) (1761.6 s)
>> 3076 (36646: 2978 12033 10239) (1641.2 s)
>> 3070 (17679: 34875 38600 7754) (1763.23 s)
>> 3069 (31170: 42284 15716 8901) (1691.95 s)
>> 3065 (15865: 41891 41893 113) (1771.01 s)
>> 3056 (1259: 4034 42077 5570) (1608.65 s)
>> 3052 (21754: 39606 40345 39616) (1762.63 s)
>> 3046 (43641: 38925 39704 38911) (1695.68 s)
>> 3036 (682: 14954 41987 33909) (1759.32 s)
>> 3034 (25035: 25485 40946 40897) (1639.59 s)
>> 3029 (18595: 26231 38411 26425) (1758.19 s)
>> 2997 (37563: 37584 37561 32914) (1680.23 s)
>> 3268 (37524: 37520 37507 37584) (1742.26 s)
>> 2994 (14213: 26231 40414 40404) (1586.77 s)
>> 2991 (13872: 37943 37987 37732) (1742.78 s)
>> 2990 (23763: 20961 40743 14254) (1672.63 s)
>> 2990 (45941: 34071 34085 32961) (1734.73 s)
>> 2989 (39224: 39220 39208 19704) (1618.87 s)
>> 2985 (15169: 42482 42687 2982) (1736.47 s)
>> 2984 (36852: 36854 36861 36846) (1664.97 s)
>> 2978 (11580: 36267 36269 35819) (1729.34 s)
>> 2972 (27676: 41560 41492 36704) (1575.4 s)
>> 2969 (26684: 37426 37444 37401) (1726.73 s)
>> 2969 (43829: 42217 41891 40148) (1658.73 s)
>> 2959 (30396: 1451 42755 31512) (1731.51 s)
>> 2951 (18830: 39913 39935 39928) (1606.72 s)
>> 2951 (35786: 35844 35793 30527) (1717.46 s)
>> 2945 (5494: 32601 34721 32597) (1652.78 s)
>> 2936 (1866: 31368 31336 31309) (1713.41 s)
>> 2927 (44308: 35147 41465 28286) (1550.02 s)
>> 2923 (32532: 32536 32627 32524) (1709.46 s)
>> 2921 (37909: 37279 37934 37907) (1644.45 s)
>> 2914 (13143: 36905 37156 36919) (1701.06 s)
>> 2912 (3451: 31919 32141 31852) (1592.64 s)
>> 2910 (2203: 31520 31546 31279) (1702.98 s)
>> 2900 (18015: 38810 39422 39405) (1638.59 s)
>> 2894 (32737: 35227 32732 32536) (1696.99 s)
>> 2887 (9507: 35203 35191 35147) (1548.35 s)
>> 2861 (38741: 41246 41560 29655) (1701 s)
>> 2857 (16677: 33063 34651 33045) (1475.43 s)
>> 2844 (8813: 34992 34986 32873) (1436.8 s)
>> 2824 (23920: 8402 41928 8006) (1349.93 s)
>> 2816 (11259: 36183 36396 36207) (1435.51 s)
>> 2804 (38713: 38661 38710 33637) (1384.04 s)
>> 2799 (27809: 41246 41552 41529) (1429.61 s)
>> 2798 (16904: 38292 38468 38331) (1315.32 s)
>> 2780 (10627: 39151 39390 39256) (1424.8 s)
>> 2777 (21678: 36250 37185 36486) (1374.7 s)
>> 2776 (31195: 31192 31216 31182) (1419.69 s)
>> 2776 (32105: 32103 32118 32110) (1335.87 s)
>> 2772 (25294: 41058 41054 41046) (1417.18 s)
>> 2751 (25802: 42196 26486 13410) (1369.18 s)
>> 2746 (35103: 35114 35104 35094) (1411.33 s)
>> 2739 (15055: 37279 37669 37643) (1302.97 s)
>> 2739 (18060: 32601 34735 34729) (1407.44 s)
>> 2739 (44040: 41246 41676 35160) (1360.24 s)
>> 2727 (28235: 41379 41381 35203) (1404.19 s)
>> 2720 (21226: 36121 36289 36284) (1321.73 s)
>> 2715 (38301: 38297 38292 31092) (1398.04 s)
>> 2713 (22545: 26231 38733 30071) (1351.94 s)
>> 2707 (40512: 40630 30044 28344) (1394.83 s)
>> 2700 (38344: 38339 38297 9015) (1292.78 s)
>> 2687 (748: 30859 31030 30987) (1390.2 s)
>> 2684 (26946: 41246 41177 41163) (1343.76 s)
>> 2677 (35054: 35046 35331 35077) (1384.84 s)
>> 2865 (35113: 35105 35046 34992) (1305.64 s)
>> 2669 (30928: 30924 30951 30880) (1383.02 s)
>> 2658 (42633: 42627 42658 1451) (1334.88 s)
>> 2648 (39866: 41004 41012 41007) (1377.09 s)
>> 2642 (32401: 32394 32508 32317) (1273.64 s)
>> 2642 (33923: 33942 33922 33912) (1380.26 s)
>> 2640 (21143: 21643 42781 42779) (1334.39 s)
>> 2640 (24178: 40335 40324 29072) (1376.27 s)
>> 2638 (16476: 34847 34810 34686) (1297.85 s)
>> 2637 (23483: 40517 40645 40500) (1372.54 s)
>> 2637 (35623: 35618 35291 35274) (1328.29 s)
>> 2644 (35597: 35592 35618 35586) (1369.03 s)
>> 2631 (7480: 33602 34059 34051) (1266.01 s)
>> 2630 (32205: 32197 32187 32176) (1365.45 s)
>> 2628 (9612: 35249 35235 35227) (1319.25 s)
>> 2627 (34709: 34847 34701 33616) (1362.8 s)
>> 2625 (20552: 34924 35114 34929) (1284.22 s)
>> 2623 (44586: 36126 36128 36121) (1355.68 s)
>> 2902 (33049: 36126 36511 35533) (1311.88 s)
>> 2591 (30255: 35771 35687 35479) (1353.46 s)
>> 2580 (33220: 33218 33193 32946) (1252.17 s)
>> 2575 (40227: 14142 29172 25572) (1350.05 s)
>> 2572 (31691: 36854 36557 36550) (1305.83 s)
>> 2569 (27000: 42472 42482 4265) (1345.87 s)
>> 2569 (33850: 33843 33792 33782) (1271.17 s)
>> 2567 (17755: 38633 38661 38643) (1342.37 s)
>> 2565 (38092: 38082 38085 37943) (1299.81 s)
>> 2538 (25803: 25326 25876 24693) (1335.44 s)
>> 2532 (15914: 33379 33385 33063) (1240.19 s)
>> 2531 (26988: 42217 41871 40116) (1334.81 s)
>> 2529 (39120: 39118 39311 39122) (1292.11 s)
>> 2523 (35382: 35844 35741 35378) (1331.23 s)
>> 2516 (177: 42217 40145 3702) (1257.36 s)
>> 2488 (1940: 31408 31402 31368) (1326.03 s)
>> 2484 (11313: 36200 36389 36183) (1286.41 s)
>> 2483 (32983: 32985 34302 32975) (1325.39 s)
>> 2483 (42671: 15873 42667 802) (1229.7 s)
>> 2479 (20303: 41246 35889 35868) (1321.32 s)
>> 2478 (13995: 41246 40913 23182) (1280.32 s)
>> 2476 (44506: 35969 35949 35608) (1318.16 s)
>> 2469 (41214: 41246 41206 41192) (1246.03 s)
>> 2465 (1495: 31430 31520 31227) (1314.1 s)
>> 2459 (45382: 37825 38082 37817) (1272.45 s)
>> 2452 (3734: 32026 32040 32010) (1309.66 s)
>> 2450 (11843: 41152 41246 41150) (1218.59 s)
>> 2449 (42157: 42057 42163 42156) (1306.16 s)
>> 2445 (37330: 37426 37349 37329) (1264.03 s)
>> 2442 (31084: 31076 31059 30859) (1302.74 s)
>> 2438 (40943: 40940 40818 25326) (1232.76 s)
>> 2437 (39400: 39399 39396 25686) (1299.17 s)
>> 2424 (27791: 41540 41152 40135) (1257.58 s)
>> 2424 (31461: 31503 31455 31430) (1294.43 s)
>> 2423 (10955: 30113 36023 14483) (1202.46 s)
>> 2417 (21459: 38925 39723 39716) (1290.75 s)
>> 2394 (344: 31919 30936 30842) (1250.62 s)
>> 2393 (31276: 31269 31503 31287) (1288.38 s)
>> 2390 (42334: 39630 42284 944) (1219.28 s)
>> 2383 (34150: 34139 34211 34151) (1283.32 s)
>> 2382 (2754: 32026 31815 31269) (1290.48 s)
>> 2380 (42948: 31857 31919 31408) (1247.45 s)
>> 2368 (17690: 34139 34204 34196) (1144.14 s)
>> 2458 (7348: 33942 34175 34139) (1200.63 s)
>> 2354 (2568: 31926 31623 31613) (1172.4 s)
>> 2351 (36973: 36910 36970 36936) (1197.71 s)
>> 2345 (44505: 36379 36103 36100) (1151.68 s)
>> 2336 (16011: 42217 41821 41814) (1194.4 s)
>> 2334 (15161: 42595 13249 5120) (1166.53 s)
>> 2329 (13056: 40940 40713 27349) (1192.15 s)
>> 2329 (34957: 35105 34959 34947) (1131.55 s)
>> 2325 (12500: 36126 36596 36565) (1187.55 s)
>> 2320 (41547: 41543 41379 34883) (1161.53 s)
>> 2312 (2914: 31693 32026 31681) (1186.29 s)
>> 2302 (16880: 40517 28664 26729) (1139.74 s)
>> 2298 (21287: 39641 39656 39620) (1182.67 s)
>> 2286 (32821: 32851 32866 32816) (1155.12 s)
>> 2467 (21210: 32797 32851 32611) (1178.75 s)
>> 2686 (5564: 32814 32805 32797) (1122.23 s)
>> 2278 (24200: 41540 41275 41270) (1176.4 s)
>> 2266 (11526: 42217 42100 42094) (1149.92 s)
>> 2266 (30434: 14142 41004 40988) (1173.05 s)
>> 2263 (29348: 35771 35394 29779) (1129.7 s)
>> 2256 (33437: 34847 33428 33414) (1171.74 s)
>> 2254 (20287: 31693 31888 31868) (1145.6 s)
>> 2253 (37830: 10251 15489 7255) (1169.87 s)
>> 2248 (26812: 3358 5265 4476) (1112.63 s)
>> 2246 (12960: 10251 42702 32221) (1167.36 s)
>> 2245 (35580: 35592 35601 35575) (1140.36 s)
>> 2243 (39911: 39901 39916 39913) (1162.4 s)
>> 2230 (33274: 33218 33292 33267) (1119.35 s)
>> 2226 (31251: 31249 31693 31245) (1160.14 s)
>> 2226 (35497: 35495 35488 35469) (1134.75 s)
>> 2225 (41325: 41303 41443 41324) (1157.81 s)
>> 2220 (26435: 12156 37426 12137) (1103.28 s)
>> 2218 (9285: 42505 1390 14) (1155.99 s)
>> 2199 (21664: 38925 39773 39763) (1131.47 s)
>> 2198 (39017: 38950 39014 39008) (1152.88 s)
>> 2187 (34595: 42133 42144 34615) (1110.76 s)
>> 2185 (36137: 38403 38515 38407) (1151.11 s)
>> 2179 (33898: 33889 33851 33843) (1125.37 s)
>> 2178 (37957: 37955 37722 37279) (1147.24 s)
>> 2169 (42010: 42009 42057 8402) (1093.91 s)
>> 2165 (6525: 33167 33212 33053) (1145.11 s)
>> 2165 (37044: 37058 37037 36837) (1120.52 s)
>> 2159 (37697: 37955 37705 37692) (1142.39 s)
>> 2149 (38038: 38036 38047 38033) (1100.85 s)
>> 2137 (28072: 41659 41664 41540) (1139.79 s)
>> 2131 (15605: 33113 33122 33111) (1114.27 s)
>> 2121 (32945: 32969 33126 32942) (1136.63 s)
>> 2101 (38147: 36905 38143 38133) (1083.92 s)
>> 2101 (40355: 40347 40357 28781) (1133.88 s)
>> 2098 (29711: 41659 41314 16917) (1109.07 s)
>> 2074 (9845: 35844 35771 35439) (1131.61 s)
>> 2069 (34116: 34109 34071 32985) (1092.58 s)
>> 2058 (41063: 41062 41066 35181) (1130.94 s)
>> 2054 (3961: 31249 32125 32103) (1105.82 s)
>> 2051 (2345: 38403 32628 9287) (1126.46 s)
>> 2046 (20890: 39564 39576 39559) (1074.91 s)
>> 2038 (8728: 34908 34909 32841) (1123.76 s)
>> 2034 (38001: 38007 37997 37825) (1101.58 s)
>> 2033 (7954: 34379 34360 34316) (1122.4 s)
>> 2028 (41725: 8593 41728 41720) (1082.76 s)
>> 2025 (34766: 41930 42009 41918) (1119.7 s)
>> 2024 (42468: 42472 13189 3888) (1096.6 s)
>> 2018 (38581: 38614 14967 8556) (1117.73 s)
>> 2003 (37727: 37955 37840 37726) (1068.17 s)
>> 1999 (11387: 36495 35435 12156) (1114.98 s)
>> 1997 (15452: 33602 33769 33714) (1090.72 s)
>> 1994 (16004: 38385 39463 38389) (1112.16 s)
>> 1990 (28280: 8593 41716 41712) (1072.51 s)
>> 1983 (1330: 31173 31166 31153) (1111.35 s)
>> 1958 (23520: 41303 41374 28530) (1088.32 s)
>> 1956 (37536: 37529 37613 37511) (1105.38 s)
>> 1955 (19743: 35249 32712 32704) (1055.82 s)
>> 1953 (23982: 36250 36443 36430) (1101.61 s)
>> 1952 (19976: 31001 31076 31007) (1079.5 s)
>> 1942 (34649: 34458 34643 34620) (1100.36 s)
>> 1941 (39644: 17990 39641 39631) (1062.51 s)
>> 1938 (27308: 42472 31424 13788) (1097.44 s)
>> 1935 (42264: 42472 31109 202) (1074.61 s)
>> 1922 (42709: 17323 41543 41398) (1094.73 s)
>> 1920 (39922: 41659 41129 20476) (1046.81 s)
>> 1914 (34022: 37529 34020 33997) (1091.76 s)
>> 1902 (30258: 40347 40409 26231) (1069.75 s)
>> 1902 (34877: 34876 34866 34847) (1089.38 s)
>> 1899 (35344: 35339 35321 35304) (1052.95 s)
>> 1892 (32893: 32885 37520 32894) (1086.94 s)
>> 1892 (40845: 40848 40861 28369) (1065.14 s)
>> 1891 (18977: 38947 39151 38950) (1083.97 s)
>> 2257 (19243: 25588 39073 38947) (1037.41 s)
>> 1891 (24207: 40347 40335 39606) (1081.85 s)
>> 1878 (28242: 42217 41734 12533) (1060.26 s)
>> 1871 (4296: 32394 32374 31173) (1078.66 s)
>> 1870 (15286: 2978 4409 2446) (1043.9 s)
>> 1862 (24540: 40517 40679 40582) (1076.99 s)
>> 1857 (37640: 37529 37635 37628) (1055.7 s)
>> 1853 (13250: 36905 37223 37012) (1073.87 s)
>> 1851 (8491: 33379 34660 33167) (1031.34 s)
>> 1829 (17286: 31316 31327 31296) (1072.23 s)
>> 1825 (10572: 35844 35862 35853) (1050.98 s)
>> 1823 (42447: 42440 42595 42472) (1069.11 s)
>> 1816 (25542: 25485 35165 12779) (1034.79 s)
>> 1816 (34640: 34458 34631 34625) (1066.29 s)
>> 1808 (6866: 33462 34876 33450) (1046.23 s)
>> 1803 (15849: 38007 38109 38103) (1063.98 s)
>> 1797 (37145: 37118 37139 37058) (1020.33 s)
>> 1795 (25367: 40706 40671 40517) (1062.07 s)
>> 1790 (42565: 7296 15327 2978) (1042.66 s)
>> 1785 (34031: 37529 34029 32885) (1060.14 s)
>> 1759 (19415: 31857 32279 31120) (1027.02 s)
>> 1741 (38792: 38790 40347 38776) (1058.52 s)
>> 1740 (40569: 40706 40567 40555) (1038.1 s)
>> 1732 (15773: 33462 33889 33705) (1055.41 s)
>> 1728 (5005: 32519 35249 32511) (1014.33 s)
>> 1720 (40287: 40286 40296 38790) (1053.35 s)
>> 1718 (40133: 41659 41298 41118) (1033.41 s)
>> 1714 (41692: 40838 41688 35877) (1050.16 s)
>> 1711 (27164: 41659 41320 41255) (1017.55 s)
>> 1705 (28350: 40286 40430 28413) (1047.53 s)
>> 1705 (45305: 36819 37118 37079) (1028.08 s)
>> 1704 (39958: 20961 40736 40706) (1045.89 s)
>> 1693 (40918: 40920 40940 40916) (1004.16 s)
>> 1688 (33680: 38680 38677 38633) (1043.11 s)
>> 1675 (28896: 42217 42343 42196) (1023.34 s)
>> 1671 (17913: 36622 34264 33942) (1040.11 s)
>> 1668 (17437: 3647 38531 38519) (1008.09 s)
>> 1668 (27316: 41659 41344 41303) (1038.19 s)
>> 1667 (5516: 42440 31948 15294) (1018.37 s)
>> 1665 (33332: 34458 33328 32969) (1034.82 s)
>> 1629 (26395: 27236 39947 39901) (996.178 s)
>> 1620 (15202: 42440 4185 2171) (1033.18 s)
>> 1619 (42036: 42217 36438 989) (1015.08 s)
>> 1614 (29425: 42353 42316 39630) (1031.54 s)
>> 1611 (22046: 35844 35139 34908) (988.313 s)
>> 1592 (25682: 26473 36002 35993) (916.788 s)
>> 1584 (13346: 36905 37130 36819) (974.941 s)
>> 3001 (37239: 36905 37955 37232) (1241.38 s)
>> 1583 (37557: 37529 37577 37556) (1164.23 s)
>> 1566 (12427: 36546 36854 36525) (1225.86 s)
>> 1566 (20857: 36905 38203 38195) (1120.79 s)
>> 1562 (36722: 36721 41659 30113) (1242.2 s)
>> 1562 (42662: 15873 42614 31139) (1245.22 s)
>> 1559 (32097: 32078 32094 31249) (1067.49 s)
>> 1550 (45773: 33379 33095 33088) (1304.78 s)
>> 1544 (42359: 42357 42353 41400) (1298.17 s)
>> 1531 (9050: 34999 35261 32519) (1464.19 s)
>> 1531 (26815: 42505 42627 2065) (1357.9 s)
>> 1526 (19402: 40879 40885 25485) (1131.38 s)
>> 1509 (21617: 38925 39730 30625) (1294.14 s)
>> 1508 (36096: 38927 38925 22572) (1518.03 s)
>> 1506 (30240: 42715 31265 12416) (1164.37 s)
>> 1503 (10611: 40838 41630 36721) (1095.71 s)
>> 1495 (8227: 35647 34519 34491) (1092.57 s)
>> 1481 (24072: 40286 40292 39333) (1267.57 s)
>> 1467 (24298: 40286 40395 40283) (1370.21 s)
>> 1463 (20134: 39099 39236 18602) (876.398 s)
>> 1455 (15043: 36905 37686 37659) (1198.94 s)
>> 1452 (39574: 38339 39451 10562) (1049.31 s)
>> 1450 (28603: 41930 8456 7730) (1096.54 s)
>> 1445 (23451: 40770 40765 40761) (1385.98 s)
>> 1445 (30228: 41367 41348 40838) (1054.26 s)
>> 1441 (26019: 14142 40985 40854) (1036.69 s)
>> 1423 (40021: 39985 40020 25868) (1217.94 s)
>> 1421 (19409: 36546 36962 36948) (1333.54 s)
>> 1420 (20014: 19698 39284 39099) (1158.44 s)
>> 1414 (12557: 36622 36905 36643) (901.232 s)
>> 1402 (25041: 40606 40608 20961) (1037.41 s)
>> 1392 (20917: 35339 35969 35284) (1014.09 s)
>> 1387 (8432: 34458 34614 34597) (1106.95 s)
>> 1387 (16789: 35446 35844 35452) (1005.42 s)
>> 1384 (41088: 41086 42217 41099) (1002.62 s)
>> 1370 (17167: 40770 41020 40848) (1020.7 s)
>> 1358 (41149: 41591 41176 41146) (985.028 s)
>> 1349 (44598: 36126 35592 35567) (922.968 s)
>> 1345 (27732: 41367 41259 14574) (1092.69 s)
>> 1343 (41236: 41367 41244 41234) (874.9 s)
>> 1339 (18027: 40920 40239 40075) (998.383 s)
>> 1332 (36075: 36088 41367 36067) (900.285 s)
>> 1324 (33989: 37529 36622 33976) (785.219 s)
>> 1320 (21212: 32197 423 32206) (758.673 s)
>> 1307 (10998: 38339 27236 25990) (1260.22 s)
>> 1292 (34445: 34460 34442 34420) (995.696 s)
>> 1291 (30998: 42505 38034 804) (1030.7 s)
>> 1286 (31717: 31926 31712 31705) (1160.09 s)
>> 1281 (34134: 37529 34125 34117) (1451.26 s)
>> 1254 (19060: 39000 40286 38981) (950.117 s)
>> 1253 (15923: 35013 34288 34109) (964.071 s)
>> 1247 (3866: 32052 32078 32057) (840.849 s)
>> 1242 (25429: 40702 40699 40606) (916.467 s)
>> 1225 (41965: 35290 8894 1429) (945.759 s)
>> 1208 (20539: 32052 31787 31779) (1019.26 s)
>> 1207 (8039: 42133 42259 300) (751.976 s)
>> 1198 (9949: 38339 39457 38810) (765.009 s)
>> 1184 (19514: 30817 31857 30810) (751.192 s)
>> 1158 (6362: 14954 41930 6496) (759.676 s)
>> 1157 (34663: 38575 38614 38582) (777.987 s)
>> 1150 (5136: 34999 32591 32562) (913.079 s)
>> 1147 (37067: 37064 37529 37087) (964.458 s)
>> 1141 (39979: 14954 39977 39964) (986.592 s)
>> 1131 (33323: 34458 33336 33322) (969.097 s)
>> 1130 (7709: 35650 42542 42529) (956.417 s)
>> 1102 (26981: 42440 42505 3916) (955.451 s)
>> 1084 (20155: 34999 32657 32641) (968.158 s)
>> 1074 (38612: 38575 38607 34875) (873.57 s)
>> 1061 (13203: 36910 37064 36546) (1068.41 s)
>> 1059 (33485: 33602 33473 33462) (869.025 s)
>> 1048 (23849: 35446 36303 36293) (854.206 s)
>> 1043 (42926: 31855 31849 30817) (949.589 s)
>> 1042 (33698: 33602 33693 33660) (1572.8 s)
>> 1033 (44578: 36126 35339 35105) (1008.43 s)
>> 1028 (17215: 38485 38403 38397) (962.342 s)
>> 1025 (8866: 36132 38339 38291) (1035.07 s)
>> 1020 (32038: 3358 42725 31878) (1120.88 s)
>> 1012 (8711: 40920 41086 40179) (997.261 s)
>> 995 (43627: 39000 39600 17990) (1015.73 s)
>> 993 (38626: 38680 38575 6930) (1019.53 s)
>> 989 (12909: 40920 41694 8593) (969.093 s)
>> 1682 (23505: 7586 40920 40102) (868.695 s)
>> 982 (32227: 34999 32619 32394) (886.762 s)
>> 978 (30244: 42715 15873 12439) (989.066 s)
>> 977 (18086: 17603 39000 38745) (1022.51 s)
>> 963 (24984: 41083 41077 36088) (947.06 s)
>> 954 (38502: 38485 38501 38488) (1027.01 s)
>> 952 (25333: 40831 40944 40879) (971.987 s)
>> 938 (42776: 21643 36495 4353) (966.224 s)
>> 937 (38071: 38007 38067 38036) (969.205 s)
>> 927 (31915: 32052 31961 31914) (947.573 s)
>> 922 (36687: 36910 36680 36675) (951.486 s)
>> 911 (24894: 40702 40542 40535) (842.257 s)
>> 898 (38467: 38461 38465 3647) (974.133 s)
>> 860 (33308: 33218 33311 33305) (1020.85 s)
>> 842 (37750: 38007 38016 37742) (1020.67 s)
>> 836 (2651: 31926 32215 31944) (1052.34 s)
>> 822 (37807: 38007 37811 37802) (1011.37 s)
>> 815 (24442: 41083 41505 20840) (1150 s)
>> 810 (29816: 8601 37376 7296) (891.356 s)
>> 798 (40642: 40770 40630 17230) (1001.82 s)
>> 797 (38818: 38817 38927 38821) (1021.77 s)
>> 789 (40485: 40702 40487 40483) (971.723 s)
>> 777 (30154: 17603 38295 16965) (927.851 s)
>> 752 (37600: 36910 37591 37546) (968.27 s)
>> 751 (43312: 36910 36728 36723) (838.474 s)
>> 741 (32559: 34999 32575 32568) (1026 s)
>> 721 (42568: 10251 37711 1829) (1057.68 s)
>> 713 (36419: 8601 13874 12038) (938.338 s)
>> 709 (39521: 36132 39514 39379) (927.057 s)
>> 705 (5311: 42440 42288 42275) (1140.88 s)
>> 692 (21964: 37203 37168 36250) (1215.71 s)
>> 692 (27780: 41083 17143 14106) (1358.45 s)
>> 683 (596: 31855 30924 30917) (926.978 s)
>> 678 (30068: 23424 38750 17603) (972.698 s)
>> 669 (15521: 33602 33878 33861) (924.634 s)
>> 666 (13202: 42440 42462 42460) (1099.76 s)
>> 656 (31728: 31726 31926 31718) (1092.61 s)
>> 652 (5522: 32601 34999 32768) (971.857 s)
>> 648 (9748: 35362 36126 35358) (900.922 s)
>> 613 (8240: 14954 40250 5821) (909.269 s)
>> 611 (12968: 36808 36910 36784) (1046.66 s)
>> 601 (42324: 42357 42320 42309) (980.443 s)
>> 598 (23926: 23424 38891 14267) (1030.6 s)
>> 590 (27529: 42357 42180 7586) (1280.39 s)
>> 581 (26553: 41062 41083 40831) (1239.96 s)
>> 580 (17931: 36808 34246 34241) (1246.26 s)
>> 564 (6489: 14954 39872 6547) (1510.95 s)
>> 542 (34403: 34379 35647 34393) (1347.19 s)
>> 535 (20091: 39220 39198 19698) (1275.48 s)
>> 524 (18535: 36132 44202 25135) (1266.84 s)
>> 517 (31829: 32052 31860 31828) (1528.65 s)
>> 515 (29930: 42440 42715 11294) (1109.34 s)
>> 510 (316: 42051 15965 14954) (1191.18 s)
>> 500 (39404: 39399 39403 39220) (1289.99 s)
>> 496 (26873: 42357 41888 41864) (1083.85 s)
>> 495 (8327: 36808 36689 36668) (900.653 s)
>> 483 (32005: 32002 31994 31771) (891.735 s)
>> 469 (37422: 21643 37423 4596) (904.474 s)
>> 466 (6452: 33150 34042 33136) (922.455 s)
>> 464 (37789: 38007 37795 37780) (943.517 s)
>> 444 (20674: 36132 39425 39418) (941.429 s)
>> 437 (28540: 42357 41898 3227) (1042.74 s)
>> 1571 (1556: 41972 42357 35290) (1162.14 s)
>> 966 (2926: 1097 41972 719) (1181.04 s)
>> 662 (1498: 31188 35565 1097) (1301.43 s)
>> 430 (20538: 35548 35538 35362) (1343.17 s)
>> 417 (11746: 41591 41091 41062) (1248 s)
>> 410 (27559: 17323 41459 41439) (1278.22 s)
>> 392 (28807: 36312 36316 35446) (1335.65 s)
>> 384 (11075: 39455 39448 36132) (1346.89 s)
>> 379 (27571: 17323 41449 41447) (1256.29 s)
>> 378 (10273: 34379 35638 34460) (1271.99 s)
>> 368 (42364: 10251 30883 2657) (1310.74 s)
>> 364 (41471: 17323 41481 30097) (1323.62 s)
>> 341 (15780: 33602 33541 33530) (1280.63 s)
>> 337 (18615: 39985 40029 39455) (1152 s)
>> 329 (42694: 42440 9047 5447) (1438.56 s)
>> 328 (11117: 39985 38335 38322) (1213.65 s)
>> 322 (22809: 36312 35484 30087) (925.761 s)
>> 315 (26580: 38485 39985 1047) (912.575 s)
>> 310 (41980: 42051 41979 33253) (940.073 s)
>> 301 (40959: 41591 40952 39286) (744.575 s)
>> 284 (4585: 32412 32601 32420) (973.513 s)
>> 277 (19928: 25588 39180 20430) (904.741 s)
>> 262 (21956: 30562 37203 21944) (877.318 s)
>> 257 (44665: 35548 35038 35029) (755.646 s)
>> 244 (3006: 10251 42440 31727) (733.18 s)
>> 241 (2547: 31188 40127 40107) (756.265 s)
>> 239 (24398: 14711 41591 14146) (909.842 s)
>> 213 (26746: 14711 41647 41640) (943.794 s)
>> 211 (18369: 31188 40237 40233) (887.59 s)
>> 208 (5601: 36312 32824 32814) (926.156 s)
>> 199 (1101: 32052 32412 31101) (823.826 s)
>> 184 (20436: 38485 39363 39345) (867.675 s)
>> 180 (11431: 21643 26473 18391) (1028.79 s)
>> 178 (11568: 30562 36278 36267) (865.799 s)
>> 171 (35696: 36312 35694 14711) (871.156 s)
>> 156 (3118: 3117 32052 31726) (946.571 s)
>> 155 (25869: 40770 40795 28239) (944.701 s)
>> 151 (37861: 36808 37854 37841) (847.283 s)
>> 142 (9068: 10251 42597 8601) (1010.11 s)
>> 121 (40657: 40702 40662 40653) (1006.67 s)
>> 116 (31522: 38485 38509 3521) (944.373 s)
>> 102 (42411: 10251 37055 30779) (956.951 s)
>> 92 (17507: 31855 31316 31300) (907.614 s)
>> 84 (15333: 36808 37832 37713) (981.045 s)
>> 73 (20239: 41069 40972 36312) (863.305 s)
>> 71 (24162: 39608 40318 23424) (817.186 s)
>> 30 (20298: 41069 41227 41222) (992.727 s)
>> 22 (13894: 10251 10234 446) (889.013 s)
>> 15 (46001: 33602 33681 33632) (806.79 s)
>> 1 (30033: 35650 34569 10251) (979.291 s)
>> 0 (-1: -1 -1 -1) (1094.35 s)
Zelikovsky- 1.1167e+06 s
>>> get_solution
  refine_solution: new weight 15697185 (was 15857199) in 0.047451 s
  refine_solution: new weight 15683726 (was 15697185) in 0.048822 s
  refine_solution: new weight 15683168 (was 15683726) in 0.042797 s
  refine_solution: new weight 15683168 (was 15683168) in 0.043275 s
>>> get_solution
  refine_solution: new weight 16259330 (was 17752805) in 0.046496 s
  refine_solution: new weight 16105719 (was 16259330) in 0.048045 s
  refine_solution: new weight 16088130 (was 16105719) in 0.046096 s
  refine_solution: new weight 16086987 (was 16088130) in 0.04557 s
  refine_solution: new weight 16086987 (was 16086987) in 0.044017 s
0,,46227,77374,2054,,0,0,,17752805,16086987,16494737,15857199,15683168,,0,0,@@

  delete_edges: deleted 137 edges in 0.041772 s and 2 rounds
  handle_small_Steiner_degrees: steiner 1, suppress 205 in 0.000386 s
Starting round 1
contract_till_the_bitter_end interrupted
contract_till_the_bitter_end: 1.13187e+06 s

Calling end_heu
>>> get_solution
Saved weight 177832
end_heu: 0 loops with 0 unique solutions in 0.010058 s

Calling print_solution
>>> get_solution
  refine_solution: new weight 16260629 (was 17752805) in 0.103271 s
Oops orig weight was 17752805 but we got 16260629
## FINAL WEIGHT 16260629
print_solution: 0.197212 s
