Version: final-94-gfffc3aa rub_all.sh: remove longest prefix
Random seed: 1558080027
Start
>>> save_orig_graph
>> Saved weight 0
Graph loaded
|V| = 529, |E| = 1017, |R| = 85
First clearance of the input. Calling buy_zero and run_all_heuristics.
  buy_zero: 0 zero edges in 2e-06 s
  handle_small_terminal_degrees: terms 1 in 4e-06 s
  handle_small_Steiner_degrees: steiner 0, suppress 0 in 1e-06 s
  shortest_edge_between_terminals: 0 edges in 3e-06 s
  handle_small_terminal_degrees: terms 1 in 4e-06 s
  handle_small_Steiner_degrees: steiner 0, suppress 0 in 2e-06 s
  shortest_edge_between_terminals: 0 edges in 2e-06 s
  handle_small_terminal_degrees: terms 0 in 1e-06 s
  handle_small_Steiner_degrees: steiner 0, suppress 0 in 1e-06 s
  shortest_edge_between_terminals: 0 edges in 2e-06 s
Compressed graph 529 -> 526
  delete_edges: deleted 0 edges in 9.8e-05 s and 1 rounds
  handle_small_terminal_degrees: terms 0 in 1e-06 s
  handle_small_Steiner_degrees: steiner 0, suppress 0 in 2e-06 s
  shortest_edge_between_terminals: 0 edges in 2e-06 s
Compressed graph 526 -> 526
  delete_edges_shortest_path: deleted 0 edges in 0.018395 s
  handle_small_terminal_degrees: terms 0 in 1e-06 s
  handle_small_Steiner_degrees: steiner 0, suppress 0 in 1e-06 s
  shortest_edge_between_terminals: 0 edges in 1e-06 s
Compressed graph 526 -> 526
  handle_small_terminal_degrees: terms 0 in 1e-06 s
  handle_small_Steiner_degrees: steiner 0, suppress 0 in 0 s
  shortest_edge_between_terminals: 0 edges in 1e-06 s
Compressed graph 526 -> 526
  delete_edges_shortest_path: deleted 0 edges in 0.011157 s
  handle_small_terminal_degrees: terms 0 in 1e-06 s
  handle_small_Steiner_degrees: steiner 0, suppress 0 in 0 s
  shortest_edge_between_terminals: 0 edges in 1e-06 s
Compressed graph 526 -> 526
Compressed graph 526 -> 526
>>> save_orig_graph
>> Saved weight 100056
### ZEL_LVL=9 PRECISE_STARS=1

Calling `contract_till_the_bitter_end`
|V| = 526, |E| = 1015, |R| = 85
>> 255 (203: 520 524 520) (0.003505 s)
>> 238 (183: 519 523 519) (0.003363 s)
>> 236 (171: 514 518 514) (0.003221 s)
>> 226 (189: 521 522 521) (0.003189 s)
>> 225 (176: 516 517 516) (0.003125 s)
>> 219 (235: 508 512 508) (0.003062 s)
>> 206 (246: 513 515 513) (0.00299 s)
>> 202 (155: 507 511 507) (0.002928 s)
>> 200 (143: 502 506 502) (0.003012 s)
>> 190 (161: 509 510 509) (0.002934 s)
>> 189 (148: 504 505 504) (0.002743 s)
>> 183 (271: 496 500 496) (0.00269 s)
>> 170 (282: 501 503 501) (0.002615 s)
>> 166 (127: 495 499 495) (0.002559 s)
>> 164 (115: 490 494 490) (0.002502 s)
>> 154 (133: 497 498 497) (0.00245 s)
>> 153 (120: 492 493 492) (0.002377 s)
>> 147 (307: 484 488 484) (0.002312 s)
>> 134 (318: 489 491 489) (0.002258 s)
>> 130 (99: 483 487 483) (0.002208 s)
>> 128 (87: 478 482 478) (0.002174 s)
>> 118 (105: 485 486 485) (0.002133 s)
>> 117 (92: 480 481 480) (0.002117 s)
>> 111 (343: 472 476 472) (0.002066 s)
>> 98 (354: 477 479 477) (0.002027 s)
>> 94 (71: 471 475 471) (0.001985 s)
>> 92 (59: 466 470 466) (0.001888 s)
>> 82 (77: 473 474 473) (0.001861 s)
>> 81 (64: 468 469 468) (0.001815 s)
>> 75 (379: 460 464 460) (0.001803 s)
>> 62 (390: 465 467 465) (0.001761 s)
>> 58 (43: 459 463 459) (0.001741 s)
>> 56 (31: 454 458 454) (0.001697 s)
>> 46 (49: 461 462 461) (0.001697 s)
>> 45 (36: 456 457 456) (0.001647 s)
>> 40 (11: 446 448 446) (0.001621 s)
>> 33 (2: 442 452 442) (0.001595 s)
>> 26 (9: 445 451 445) (0.001608 s)
>> 26 (425: 453 455 453) (0.001572 s)
>> 17 (6: 444 447 444) (0.001551 s)
>> 10 (0: 441 450 441) (0.001533 s)
>> 0 (-1: -1 -1 -1) (0.001517 s)
Zelikovsky 0.161984 s
>> 255 (203: 525 524 520) (0.043326 s)
>> 23 (51: 525 462 461) (0.044763 s)
>> 23 (79: 525 474 473) (0.044288 s)
>> 23 (107: 525 486 485) (0.043825 s)
>> 23 (135: 525 498 497) (0.043132 s)
>> 23 (163: 525 510 509) (0.042434 s)
>> 23 (191: 525 522 521) (0.041639 s)
>> 3 (4: 525 449 443) (0.040999 s)
>> 1 (11: 525 448 446) (0.040139 s)
>> 1 (39: 525 460 458) (0.039369 s)
>> 1 (67: 525 472 470) (0.039259 s)
>> 1 (95: 525 484 482) (0.038514 s)
>> 1 (123: 525 496 494) (0.037536 s)
>> 1 (151: 525 508 506) (0.036733 s)
>> 0 (-1: -1 -1 -1) (0.035994 s)
Zelikovsky- 0.613132 s
>>> get_solution
  refine_solution: new weight 8500863 (was 8500934) in 0.000225 s
  refine_solution: new weight 8500854 (was 8500863) in 0.000216 s
  refine_solution: new weight 8500848 (was 8500854) in 0.000208 s
  refine_solution: new weight 8500848 (was 8500848) in 0.000205 s
>>> get_solution
  refine_solution: new weight 8500944 (was 8501380) in 0.000241 s
  refine_solution: new weight 8500916 (was 8500944) in 0.000234 s
  refine_solution: new weight 8500908 (was 8500916) in 0.000231 s
  refine_solution: new weight 8500896 (was 8500908) in 0.000223 s
  refine_solution: new weight 8500896 (was 8500896) in 0.000222 s
0,,526,1015,85,,0,0,,8501380,8500896,8500963,8500934,8500848,,0,0,@@

  delete_edges: deleted 0 edges in 4.6e-05 s and 1 rounds
  handle_small_Steiner_degrees: steiner 0, suppress 0 in 1e-06 s
Starting round 1
Found 0 isolated vertices
Invalid ratios recomputed: 526
Best ratio is 100003/1 (100003.0), centered at 4
Finding the best star... Star with 2 terminals centered in 443
round took: 0.068309 s
|V| = 526, |E| = 1012, |R| = 84
>> 252 (203: 443 520 443) (0.003302 s)
>> 0 (-1: -1 -1 -1) (0.00301 s)
Zelikovsky 0.05463 s
>> 252 (203: 443 524 520) (0.042711 s)
>> 23 (51: 443 462 461) (0.044231 s)
>> 23 (79: 443 474 473) (0.043993 s)
>> 23 (107: 443 486 485) (0.043147 s)
>> 23 (135: 443 498 497) (0.042458 s)
>> 23 (163: 443 510 509) (0.041745 s)
>> 23 (191: 443 522 521) (0.040862 s)
>> 1 (11: 443 448 446) (0.04024 s)
>> 1 (39: 443 460 458) (0.03969 s)
>> 1 (67: 443 472 470) (0.039274 s)
>> 1 (95: 443 484 482) (0.038534 s)
>> 1 (123: 443 496 494) (0.037626 s)
>> 1 (151: 443 508 506) (0.03676 s)
>> 0 (-1: -1 -1 -1) (0.035939 s)
Zelikovsky- 0.568321 s
>>> get_solution
  refine_solution: new weight 8500855 (was 8500934) in 0.000226 s
  refine_solution: new weight 8500847 (was 8500855) in 0.000217 s
  refine_solution: new weight 8500840 (was 8500847) in 0.000205 s
  refine_solution: new weight 8500836 (was 8500840) in 0.000204 s
  refine_solution: new weight 8500836 (was 8500836) in 0.000196 s
>>> get_solution
  refine_solution: new weight 8500976 (was 8501317) in 0.000244 s
  refine_solution: new weight 8500949 (was 8500976) in 0.000236 s
  refine_solution: new weight 8500939 (was 8500949) in 0.000236 s
  refine_solution: new weight 8500939 (was 8500939) in 0.000242 s
1,,526,1012,84,,526,0,,8501317,8500939,8501118,8500934,8500836,,100003,2,@@

  handle_small_Steiner_degrees: steiner 0, suppress 1 in 2e-06 s
Starting round 2
Found 3 isolated vertices
Invalid ratios recomputed: 523
Best ratio is 400025/4 (100006.2), centered at 434
Finding the best star... Star with 5 terminals centered in 447
round took: 0.068606 s
|V| = 526, |E| = 996, |R| = 80
>> 233 (203: 447 520 447) (0.003 s)
>> 0 (-1: -1 -1 -1) (0.002569 s)
Zelikovsky 0.050434 s
>> 233 (203: 447 524 520) (0.039354 s)
>> 23 (51: 447 462 461) (0.04115 s)
>> 23 (79: 447 474 473) (0.04089 s)
>> 23 (107: 447 486 485) (0.04057 s)
>> 23 (135: 447 498 497) (0.039486 s)
>> 23 (163: 447 510 509) (0.038663 s)
>> 23 (191: 447 522 521) (0.037952 s)
>> 6 (19: 447 448 446) (0.037321 s)
>> 1 (39: 447 460 458) (0.036671 s)
>> 1 (67: 447 472 470) (0.036367 s)
>> 1 (95: 447 484 482) (0.03568 s)
>> 1 (123: 447 496 494) (0.034803 s)
>> 1 (151: 447 508 506) (0.034015 s)
>> 0 (-1: -1 -1 -1) (0.033306 s)
Zelikovsky- 0.527329 s
>>> get_solution
  refine_solution: new weight 8500863 (was 8500927) in 0.000224 s
  refine_solution: new weight 8500858 (was 8500863) in 0.000218 s
  refine_solution: new weight 8500857 (was 8500858) in 0.000204 s
  refine_solution: new weight 8500857 (was 8500857) in 0.000205 s
>>> get_solution
  refine_solution: new weight 8500934 (was 8501248) in 0.000252 s
  refine_solution: new weight 8500926 (was 8500934) in 0.000237 s
  refine_solution: new weight 8500923 (was 8500926) in 0.000226 s
  refine_solution: new weight 8500923 (was 8500923) in 0.000229 s
2,,523,996,80,,523,0,,8501248,8500923,8501107,8500927,8500857,,400025,5,@@

  handle_small_Steiner_degrees: steiner 0, suppress 2 in 3e-06 s
Starting round 3
Found 15 isolated vertices
Invalid ratios recomputed: 511
Best ratio is 700049/7 (100007.0), centered at 2
Finding the best star... Star with 8 terminals centered in 448
round took: 0.0683 s
|V| = 526, |E| = 958, |R| = 73
>> 210 (220: 448 519 448) (0.002383 s)
>> 0 (-1: -1 -1 -1) (0.001155 s)
Zelikovsky 0.040545 s
>> 210 (203: 448 524 520) (0.034204 s)
>> 23 (51: 448 462 461) (0.035783 s)
>> 23 (79: 448 474 473) (0.035642 s)
>> 23 (107: 448 486 485) (0.035143 s)
>> 23 (135: 448 498 497) (0.034509 s)
>> 23 (163: 448 510 509) (0.033884 s)
>> 23 (191: 448 522 521) (0.033047 s)
>> 1 (39: 448 460 458) (0.032589 s)
>> 1 (67: 448 472 470) (0.032374 s)
>> 1 (95: 448 484 482) (0.031726 s)
>> 1 (123: 448 496 494) (0.030928 s)
>> 1 (151: 448 508 506) (0.030136 s)
>> 0 (-1: -1 -1 -1) (0.02954 s)
Zelikovsky- 0.430496 s
>>> get_solution
  refine_solution: new weight 8500846 (was 8500906) in 0.000221 s
  refine_solution: new weight 8500836 (was 8500846) in 0.000211 s
  refine_solution: new weight 8500832 (was 8500836) in 0.000203 s
  refine_solution: new weight 8500832 (was 8500832) in 0.000193 s
>>> get_solution
  refine_solution: new weight 8500896 (was 8501502) in 0.000244 s
  refine_solution: new weight 8500878 (was 8500896) in 0.000244 s
  refine_solution: new weight 8500878 (was 8500878) in 0.000235 s
3,,511,958,73,,511,0,,8501502,8500878,8501270,8500906,8500832,,700049,8,@@

  handle_small_Steiner_degrees: steiner 1, suppress 1 in 2e-06 s
Starting round 4
Found 36 isolated vertices
Invalid ratios recomputed: 490
Best ratio is 2400211/24 (100008.8), centered at 347
Finding the best star... Star with 25 terminals centered in 467
round took: 0.06757 s
|V| = 526, |E| = 839, |R| = 49
>> 138 (203: 467 520 467) (0.001046 s)
>> 0 (-1: -1 -1 -1) (0.000457 s)
Zelikovsky 0.022505 s
>> 138 (203: 467 524 520) (0.020851 s)
>> 23 (107: 467 486 485) (0.021952 s)
>> 23 (135: 467 498 497) (0.021922 s)
>> 23 (163: 467 510 509) (0.021619 s)
>> 23 (191: 467 522 521) (0.021261 s)
>> 1 (95: 467 484 482) (0.02103 s)
>> 1 (123: 467 496 494) (0.020789 s)
>> 1 (151: 467 508 506) (0.020342 s)
>> 0 (-1: -1 -1 -1) (0.019902 s)
Zelikovsky- 0.190338 s
>>> get_solution
  refine_solution: new weight 8500801 (was 8500851) in 0.000241 s
  refine_solution: new weight 8500792 (was 8500801) in 0.000223 s
  refine_solution: new weight 8500792 (was 8500792) in 0.00022 s
>>> get_solution
  refine_solution: new weight 8500864 (was 8501359) in 0.000248 s
  refine_solution: new weight 8500828 (was 8500864) in 0.000243 s
  refine_solution: new weight 8500818 (was 8500828) in 0.000232 s
  refine_solution: new weight 8500815 (was 8500818) in 0.000229 s
  refine_solution: new weight 8500815 (was 8500815) in 0.000223 s
4,,490,839,49,,490,0,,8501359,8500815,8501064,8500851,8500792,,2400211,25,@@

  handle_small_Steiner_degrees: steiner 3, suppress 6 in 6e-06 s
Starting round 5
Found 113 isolated vertices
Invalid ratios recomputed: 413
Best ratio is 1200106/12 (100008.8), centered at 111
Finding the best star... Star with 13 terminals centered in 479
round took: 0.041768 s
|V| = 526, |E| = 771, |R| = 37
>> 102 (203: 479 520 479) (0.000543 s)
>> 0 (-1: -1 -1 -1) (0.000251 s)
Zelikovsky 0.016092 s
>> 102 (203: 479 524 520) (0.015574 s)
>> 23 (135: 479 498 497) (0.016501 s)
>> 23 (163: 479 510 509) (0.016461 s)
>> 23 (191: 479 522 521) (0.016207 s)
>> 1 (123: 479 496 494) (0.016022 s)
>> 1 (151: 479 508 506) (0.015818 s)
>> 0 (-1: -1 -1 -1) (0.015537 s)
Zelikovsky- 0.112633 s
>>> get_solution
  refine_solution: new weight 8500793 (was 8500824) in 0.000239 s
  refine_solution: new weight 8500786 (was 8500793) in 0.000232 s
  refine_solution: new weight 8500784 (was 8500786) in 0.000219 s
  refine_solution: new weight 8500784 (was 8500784) in 0.000215 s
>>> get_solution
  refine_solution: new weight 8500845 (was 8501209) in 0.00024 s
  refine_solution: new weight 8500814 (was 8500845) in 0.000237 s
  refine_solution: new weight 8500804 (was 8500814) in 0.00023 s
  refine_solution: new weight 8500804 (was 8500804) in 0.000226 s
5,,413,771,37,,413,0,,8501209,8500804,8500979,8500824,8500784,,1200106,13,@@

  handle_small_Steiner_degrees: steiner 1, suppress 3 in 5e-06 s
Starting round 6
Found 150 isolated vertices
Invalid ratios recomputed: 376
Best ratio is 3600318/36 (100008.8), centered at 524
Finding the best star... Star with 37 terminals centered in 515
round took: 0.032248 s
|V| = 526, |E| = 596, |R| = 1
Zelikovsky 0.006845 s
Zelikovsky- 0.000162 s
>>> get_solution
  refine_solution: new weight 8500760 (was 8500761) in 0.000243 s
  refine_solution: new weight 8500759 (was 8500760) in 0.000224 s
  refine_solution: new weight 8500757 (was 8500759) in 0.000216 s
  refine_solution: new weight 8500757 (was 8500757) in 0.000206 s
>>> get_solution
  refine_solution: new weight 8500760 (was 8500761) in 0.00022 s
  refine_solution: new weight 8500759 (was 8500760) in 0.000212 s
  refine_solution: new weight 8500757 (was 8500759) in 0.000208 s
  refine_solution: new weight 8500757 (was 8500757) in 0.000199 s
6,,376,596,1,,376,0,,8500761,8500757,8500761,8500761,8500757,,3600318,37,@@

  handle_small_Steiner_degrees: steiner 4, suppress 8 in 8e-06 s
contract_till_the_bitter_end: 3.15815 s

Calling end_heu
>>> get_solution
Saved weight 100056
end_heu: 0 loops with 0 unique solutions in 5.5e-05 s

Calling print_solution
>>> get_solution
  refine_solution: new weight 8500760 (was 8500761) in 0.000224 s
Oops orig weight was 8500761 but we got 8500760
## FINAL WEIGHT 8500760
print_solution: 0.000447 s
