Version: final-94-gfffc3aa rub_all.sh: remove longest prefix
Random seed: 1556995994
Start
>>> save_orig_graph
>> Saved weight 0
Graph loaded
|V| = 57552, |E| = 95381, |R| = 2973
First clearance of the input. Calling buy_zero and run_all_heuristics.
  buy_zero: 23 zero edges in 0.000377 s
  handle_small_terminal_degrees: terms 1 in 5.2e-05 s
  handle_small_Steiner_degrees: steiner 44, suppress 3 in 0.000107 s
  shortest_edge_between_terminals: 0 edges in 8.2e-05 s
  handle_small_terminal_degrees: terms 0 in 7e-05 s
  handle_small_Steiner_degrees: steiner 0, suppress 35 in 0.000113 s
  shortest_edge_between_terminals: 0 edges in 4.6e-05 s
  handle_small_terminal_degrees: terms 0 in 4.6e-05 s
  handle_small_Steiner_degrees: steiner 0, suppress 1 in 9.2e-05 s
  shortest_edge_between_terminals: 0 edges in 4.6e-05 s
  handle_small_terminal_degrees: terms 0 in 4.7e-05 s
  handle_small_Steiner_degrees: steiner 0, suppress 0 in 9e-05 s
  shortest_edge_between_terminals: 0 edges in 4.6e-05 s
Compressed graph 57552 -> 57444
  delete_edges: deleted 6835 edges in 0.039355 s and 5 rounds
  handle_small_terminal_degrees: terms 36 in 8.4e-05 s
  handle_small_Steiner_degrees: steiner 119, suppress 3654 in 0.001913 s
  shortest_edge_between_terminals: 0 edges in 8e-05 s
  handle_small_terminal_degrees: terms 4 in 5e-05 s
  handle_small_Steiner_degrees: steiner 0, suppress 95 in 0.000137 s
  shortest_edge_between_terminals: 0 edges in 5.2e-05 s
  handle_small_terminal_degrees: terms 0 in 4.7e-05 s
  handle_small_Steiner_degrees: steiner 0, suppress 3 in 9.5e-05 s
  shortest_edge_between_terminals: 0 edges in 5e-05 s
  handle_small_terminal_degrees: terms 0 in 4.6e-05 s
  handle_small_Steiner_degrees: steiner 0, suppress 4 in 9.3e-05 s
  shortest_edge_between_terminals: 0 edges in 5e-05 s
  handle_small_terminal_degrees: terms 0 in 4.7e-05 s
  handle_small_Steiner_degrees: steiner 0, suppress 0 in 9e-05 s
  shortest_edge_between_terminals: 0 edges in 5e-05 s
Compressed graph 57444 -> 53529
  delete_edges_shortest_path: deleted 9935 edges in 20.9754 s
  handle_small_terminal_degrees: terms 1733 in 0.001369 s
  handle_small_Steiner_degrees: steiner 1510, suppress 8445 in 0.003713 s
  shortest_edge_between_terminals: 5 edges in 0.000142 s
  handle_small_terminal_degrees: terms 484 in 0.000459 s
  handle_small_Steiner_degrees: steiner 8, suppress 182 in 0.000167 s
  shortest_edge_between_terminals: 11 edges in 8.4e-05 s
  handle_small_terminal_degrees: terms 21 in 5.9e-05 s
  handle_small_Steiner_degrees: steiner 0, suppress 10 in 9.2e-05 s
  shortest_edge_between_terminals: 0 edges in 5.8e-05 s
  handle_small_terminal_degrees: terms 0 in 4.3e-05 s
  handle_small_Steiner_degrees: steiner 0, suppress 0 in 8.4e-05 s
  shortest_edge_between_terminals: 0 edges in 5.7e-05 s
Compressed graph 53529 -> 41125
  handle_small_terminal_degrees: terms 0 in 3.4e-05 s
  handle_small_Steiner_degrees: steiner 0, suppress 55 in 0.000105 s
  shortest_edge_between_terminals: 66 edges in 0.000278 s
  handle_small_terminal_degrees: terms 1 in 3.5e-05 s
  handle_small_Steiner_degrees: steiner 0, suppress 15 in 7.5e-05 s
  shortest_edge_between_terminals: 0 edges in 6.7e-05 s
  handle_small_terminal_degrees: terms 0 in 3.3e-05 s
  handle_small_Steiner_degrees: steiner 0, suppress 0 in 6.3e-05 s
  shortest_edge_between_terminals: 0 edges in 6.4e-05 s
Compressed graph 41125 -> 40481
  delete_edges_shortest_path: deleted 2222 edges in 3.97524 s
  handle_small_terminal_degrees: terms 120 in 0.000149 s
  handle_small_Steiner_degrees: steiner 59, suppress 3451 in 0.001603 s
  shortest_edge_between_terminals: 26 edges in 0.000193 s
  handle_small_terminal_degrees: terms 2 in 3.4e-05 s
  handle_small_Steiner_degrees: steiner 0, suppress 36 in 7.4e-05 s
  shortest_edge_between_terminals: 0 edges in 6.1e-05 s
  handle_small_terminal_degrees: terms 1 in 3.3e-05 s
  handle_small_Steiner_degrees: steiner 0, suppress 4 in 5.9e-05 s
  shortest_edge_between_terminals: 0 edges in 6e-05 s
  handle_small_terminal_degrees: terms 0 in 3.3e-05 s
  handle_small_Steiner_degrees: steiner 0, suppress 0 in 5.7e-05 s
  shortest_edge_between_terminals: 0 edges in 6.1e-05 s
Compressed graph 40481 -> 36786
Compressed graph 36786 -> 36786
>>> save_orig_graph
>> Saved weight 574491833
### ZEL_LVL=9 PRECISE_STARS=0

Calling `contract_till_the_bitter_end`
|V| = 36786, |E| = 54995, |R| = 2894
>> 39025 (18030: 13227 13316 13227) (117.358 s)
>> 38164 (11495: 11482 11489 11482) (96.7038 s)
>> 35948 (3590: 10240 25297 10240) (90.7277 s)
>> 33876 (9577: 10630 10733 10630) (91.8255 s)
>> 28380 (3799: 13379 13380 13379) (90.6654 s)
>> 21962 (4430: 12976 13086 12976) (90.5588 s)
>> 21261 (20122: 12375 12486 12375) (89.9926 s)
>> 20958 (29601: 13191 13229 13191) (89.2443 s)
>> 19705 (36179: 12345 12574 12345) (90.0923 s)
>> 19270 (28375: 10584 10737 10584) (88.863 s)
>> 18648 (9925: 10559 10611 10559) (90.1469 s)
>> 18552 (35925: 13138 13148 13138) (90.1399 s)
>> 20991 (30014: 13331 13359 13331) (90.8171 s)
>> 18269 (30567: 12914 12963 12914) (91.0783 s)
>> 18205 (15407: 11466 11558 11466) (89.8919 s)
>> 17810 (25646: 13079 13164 13079) (90.6065 s)
>> 17788 (14563: 10565 10593 10565) (91.3595 s)
>> 17034 (27644: 13152 13160 13152) (91.7438 s)
>> 16394 (2755: 11880 11902 11880) (92.3242 s)
>> 16109 (29890: 13344 13354 13344) (93.1751 s)
>> 15882 (3630: 10223 10232 10223) (101.55 s)
>> 15750 (2554: 10355 10406 10355) (112.291 s)
>> 15691 (28618: 10281 10311 10281) (104.36 s)
>> 13774 (32452: 10233 30636 10233) (101.02 s)
>> 13742 (4222: 13172 13183 13172) (106.423 s)
>> 13720 (15526: 13177 13185 13177) (99.6187 s)
>> 13690 (14442: 12275 12379 12275) (116.429 s)
>> 13463 (838: 10952 10954 10952) (120.709 s)
>> 13238 (27320: 10186 10207 10186) (99.1006 s)
>> 12760 (41: 10994 11047 10994) (88.1 s)
>> 15009 (28621: 11246 11437 11246) (87.6953 s)
>> 12731 (15491: 10742 10821 10742) (91.2266 s)
>> 12567 (24930: 10322 10412 10322) (94.325 s)
>> 14888 (25166: 10266 10300 10266) (95.2359 s)
>> 12470 (29375: 11208 11247 11208) (102.46 s)
>> 12262 (29560: 10729 10813 10729) (101.144 s)
>> 12141 (3438: 10277 10282 10277) (101.231 s)
>> 11672 (3752: 10163 10174 10163) (95.4131 s)
>> 11119 (12161: 12043 12159 12043) (94.9607 s)
>> 11006 (36742: 10817 10835 10817) (94.9115 s)
>> 10784 (9327: 10780 10805 10780) (95.0195 s)
>> 10780 (9047: 10899 10915 10899) (100.121 s)
>> 10507 (27962: 10201 10205 10201) (98.2598 s)
>> 11266 (28720: 10216 10229 10216) (99.1177 s)
>> 10355 (24790: 10466 10471 10466) (123.212 s)
>> 10090 (27700: 10695 10724 10695) (122.46 s)
>> 9901 (4736: 12950 12958 12950) (95.5471 s)
>> 9842 (8555: 11116 11149 11116) (101.94 s)
>> 9834 (31825: 11027 11175 11027) (132.053 s)
>> 9735 (15030: 10304 10308 10304) (107.585 s)
>> 9741 (14959: 10297 10314 10297) (102.996 s)
>> 9486 (11569: 11555 11565 11555) (108.249 s)
>> 9451 (14167: 12312 12973 12312) (109.397 s)
>> 9278 (17585: 10802 10836 10802) (154.542 s)
>> 8870 (18298: 13219 13258 13219) (110.177 s)
>> 8832 (3851: 13320 13334 13320) (191.872 s)
>> 8745 (22334: 11580 11596 11580) (141.721 s)
>> 8656 (32492: 12089 12171 12089) (114.799 s)
>> 8604 (4840: 12890 12911 12890) (130.396 s)
>> 8514 (33732: 10289 10291 10289) (126.674 s)
>> 8486 (4029: 13251 13264 13251) (126.795 s)
>> 11171 (18571: 12946 13142 12946) (107.115 s)
>> 8406 (36709: 10536 10587 10536) (105.451 s)
>> 8392 (17545: 10914 10917 10914) (95.4763 s)
>> 8365 (32791: 13055 13088 13055) (98.3668 s)
>> 8316 (29644: 13269 13296 13269) (105.031 s)
>> 8227 (28006: 11944 11959 11944) (97.9849 s)
>> 8195 (32649: 13096 13115 13096) (104.556 s)
>> 7991 (719: 13215 13223 13215) (104.41 s)
>> 7848 (4891: 12874 12894 12874) (124.154 s)
>> 7755 (34878: 10411 10473 10411) (115.934 s)
>> 7672 (23469: 10965 10979 10965) (131.019 s)
>> 7458 (3831: 13333 13336 13333) (120.591 s)
>> 7422 (27261: 11303 11622 11303) (101.228 s)
>> 7327 (707: 10198 10237 10198) (132.471 s)
>> 7037 (27302: 13277 13287 13277) (143.731 s)
>> 6987 (23300: 11019 11033 11019) (99.1849 s)
>> 6967 (33799: 12562 12678 12562) (95.2963 s)
>> 6889 (28090: 10161 10162 10161) (124.951 s)
>> 6826 (29348: 12253 12348 12253) (88.5693 s)
>> 6654 (15177: 10616 10804 10616) (102.3 s)
>> 6632 (4076: 13233 13240 13233) (97.2792 s)
>> 6584 (9745: 10684 10686 10684) (97.4677 s)
>> 6550 (8312: 11162 11255 11162) (96.9618 s)
>> 6467 (2540: 10827 10845 10827) (96.7194 s)
>> 6449 (14178: 10428 10465 10428) (99.6176 s)
>> 6324 (28873: 10831 10844 10831) (102.134 s)
>> 6318 (875: 13122 13127 13122) (97.5242 s)
>> 6255 (32891: 13178 13192 13178) (96.9981 s)
>> 6083 (25687: 13290 13302 13290) (96.1157 s)
>> 6078 (18437: 13163 13166 13163) (95.8376 s)
>> 6011 (32203: 11106 11176 11106) (109.591 s)
>> 6008 (32248: 11615 11784 11615) (98.9493 s)
>> 6002 (28767: 10269 10299 10269) (103.136 s)
>> 6001 (28099: 10541 10552 10541) (103.017 s)
>> 6831 (30600: 10316 10543 10316) (102.371 s)
>> 5850 (6754: 12134 12163 12134) (108.237 s)
>> 5753 (5248: 12771 12783 12771) (121.659 s)
>> 5693 (2005: 10165 10166 10165) (132.377 s)
>> 5515 (18815: 12992 13011 12992) (153.152 s)
>> 6344 (4571: 12960 13029 12960) (180.251 s)
>> 5496 (3991: 13275 13282 13275) (139.695 s)
>> 5477 (25284: 10251 10267 10251) (222.47 s)
>> 5206 (28138: 12102 12143 12102) (113.128 s)
>> 5185 (9809: 10654 10672 10654) (104.681 s)
>> 5176 (6668: 12158 12209 12158) (104.841 s)
>> 5171 (1531: 10936 10939 10936) (110.034 s)
>> 5138 (34351: 12918 12952 12918) (143.478 s)
>> 5098 (26603: 10986 11021 10986) (128.275 s)
>> 5005 (3414: 10296 10301 10296) (146.298 s)
>> 5002 (34896: 10286 10305 10286) (141.59 s)
>> 4968 (6506: 12225 12263 12225) (166.656 s)
>> 4964 (16305: 13139 13189 13139) (104.726 s)
>> 4887 (16171: 11150 11313 11150) (105.543 s)
>> 4822 (7424: 11842 11888 11842) (103.472 s)
>> 4820 (23467: 10959 10973 10959) (104.077 s)
>> 4814 (4118: 13181 13218 13181) (106.371 s)
>> 4805 (19096: 12867 12905 12867) (123.531 s)
>> 4792 (3017: 10520 10525 10520) (100.607 s)
>> 4769 (16085: 11084 11156 11084) (95.388 s)
>> 4768 (24438: 10561 10597 10561) (96.3807 s)
>> 4680 (2264: 13114 13128 13114) (97.6883 s)
>> 4678 (4900: 12822 12892 12822) (99.0287 s)
>> 4644 (23699: 10877 10888 10877) (104.833 s)
>> 4636 (6697: 12200 12205 12200) (99.5611 s)
>> 4607 (35573: 12640 12650 12640) (100.785 s)
>> 4599 (34541: 13130 13133 13130) (88.3643 s)
>> 4586 (10861: 10857 10860 10857) (88.5017 s)
>> 5732 (23650: 10873 10906 10873) (98.9352 s)
>> 4572 (26760: 10651 9967 10651) (99.2495 s)
>> 4560 (5296: 12734 12751 12734) (98.4741 s)
>> 4542 (36446: 11969 12114 11969) (99.299 s)
>> 4532 (27375: 11098 11115 11098) (99.3616 s)
>> 4471 (285: 13047 13060 13047) (99.9425 s)
>> 4427 (8641: 11052 11074 11052) (99.749 s)
>> 4424 (24418: 10599 10605 10599) (100.917 s)
>> 4373 (9217: 10829 10840 10829) (95.2929 s)
>> 4363 (29557: 12079 12283 12079) (106.356 s)
>> 4362 (799: 13065 13078 13065) (100.624 s)
>> 4327 (1095: 10843 10883 10843) (98.0087 s)
>> 4297 (23586: 10910 10920 10910) (100.837 s)
>> 4274 (28106: 12274 12295 12274) (102.171 s)
>> 4263 (10399: 10349 10397 10349) (101.394 s)
>> 4258 (16325: 10927 10947 10927) (103.793 s)
>> 4255 (34719: 10190 10210 10190) (90.6912 s)
>> 4253 (27348: 10164 10177 10164) (92.5709 s)
>> 4226 (4820: 12906 12917 12906) (85.8676 s)
>> 4191 (4684: 12965 12977 12965) (94.4691 s)
>> 4174 (3000: 10510 10529 10510) (93.9019 s)
>> 4171 (24632: 10539 10548 10539) (83.4017 s)
>> 4146 (9421: 10730 10773 10730) (85.3235 s)
>> 4142 (4125: 13206 13216 13206) (85.3544 s)
>> 4067 (3958: 13295 13298 13295) (93.5761 s)
>> 4062 (11505: 11460 11504 11460) (99.2214 s)
>> 4050 (813: 10479 10518 10479) (96.298 s)
>> 3956 (9101: 10876 10890 10876) (90.1987 s)
>> 3902 (31748: 10869 10951 10869) (101.598 s)
>> 3859 (26828: 11595 11617 11595) (105.143 s)
>> 3814 (3477: 10270 10276 10270) (115.47 s)
>> 3804 (24109: 10709 10719 10709) (107.695 s)
>> 3753 (3094: 10461 10469 10461) (98.4729 s)
>> 3728 (3553: 10248 10254 10248) (104.234 s)
>> 3712 (15944: 11878 11909 11878) (81.5022 s)
>> 3686 (3139: 10409 10413 10409) (94.9817 s)
>> 3704 (24802: 10445 10464 10445) (100.813 s)
>> 3665 (1615: 11158 11189 11158) (97.6505 s)
>> 3650 (33127: 11468 11498 11468) (95.0199 s)
>> 3644 (36772: 13343 13358 13343) (99.0383 s)
>> 3630 (29537: 12298 12324 12298) (100.063 s)
>> 3621 (12809: 12728 12807 12728) (102.691 s)
>> 3613 (7295: 11901 11930 11901) (107.326 s)
>> 3599 (4989: 12831 12856 12831) (106.692 s)
>> 3594 (8835: 10989 10992 10989) (107.687 s)
>> 3555 (8275: 11268 11269 11268) (90.2358 s)
>> 3539 (18980: 12937 12942 12937) (97.1198 s)
>> 3538 (2174: 12443 12513 12443) (114.88 s)
>> 3524 (662: 11402 11586 11402) (113.236 s)
>> 7903 (32801: 11370 11410 11370) (102.49 s)
>> 3502 (26316: 10665 10736 10665) (101.26 s)
>> 3488 (15823: 13276 13283 13276) (105.302 s)
>> 3484 (951: 10396 10402 10396) (107.527 s)
>> 3473 (36373: 11325 11378 11325) (109.239 s)
>> 4831 (31827: 12420 12434 12420) (95.2202 s)
>> 3470 (6006: 12480 12492 12480) (88.9788 s)
>> 3431 (11486: 11485 11451 11485) (94.172 s)
>> 3409 (22068: 11692 11745 11692) (117.91 s)
>> 3401 (6369: 12292 12305 12292) (106.36 s)
>> 3398 (13389: 11102 11121 11102) (100.553 s)
>> 3392 (10439: 10437 10442 10437) (98.139 s)
>> 3366 (10148: 10560 10567 10560) (98.446 s)
>> 3347 (15143: 10935 10948 10935) (97.8323 s)
>> 3346 (11429: 11418 11425 11418) (106.708 s)
>> 3334 (18216: 13242 13247 13242) (101.955 s)
>> 3330 (1265: 11832 11889 11832) (98.8856 s)
>> 3286 (3474: 10271 10278 10271) (98.5302 s)
>> 3279 (8141: 11386 11401 11386) (98.4659 s)
>> 3277 (6425: 12269 12285 12269) (102.527 s)
>> 3271 (8352: 11190 11216 11190) (103.195 s)
>> 3257 (7529: 11764 11824 11764) (102.096 s)
>> 3480 (32978: 11694 11872 11694) (102.91 s)
>> 3254 (16456: 13367 13376 13367) (92.4764 s)
>> 3226 (28522: 12898 12916 12898) (95.9245 s)
>> 3222 (8480: 11148 11151 11148) (96.2847 s)
>> 3188 (11338: 11337 11350 11337) (102.134 s)
>> 3130 (9169: 10842 10858 10842) (94.5828 s)
>> 3128 (8572: 11080 11107 11080) (90.2919 s)
>> 3113 (5386: 12691 12712 12691) (95.6407 s)
>> 3098 (24975: 10347 10361 10347) (94.7667 s)
>> 3095 (23518: 10945 10953 10945) (96.1406 s)
>> 3076 (26557: 10385 10512 10385) (100.949 s)
>> 3060 (26922: 11415 11491 11415) (89.1343 s)
>> 3038 (4106: 13225 13226 13225) (109.068 s)
>> 8851 (29433: 13136 13170 13136) (126.594 s)
>> 3025 (6008: 12462 12478 12462) (127.03 s)
>> 3019 (5236: 12731 12778 12731) (97.7554 s)
>> 2997 (13941: 10531 10582 10531) (100.14 s)
>> 2979 (3900: 13312 13318 13312) (98.0504 s)
>> 2977 (13350: 13345 13348 13345) (92.3336 s)
>> 2972 (9213: 10830 10841 10830) (94.2422 s)
>> 2928 (1997: 12847 12860 12847) (94.0551 s)
>> 2914 (3078: 10470 10474 10470) (97.8401 s)
>> 2913 (9384: 10766 10785 10766) (88.9568 s)
>> 2911 (5627: 12628 12633 12628) (100.18 s)
>> 2877 (35760: 12411 12430 12411) (103.15 s)
>> 2875 (20590: 12286 12325 12286) (99.8094 s)
>> 2869 (1789: 11056 11060 11056) (89.892 s)
>> 2863 (30858: 10976 11202 10976) (92.2577 s)
>> 2838 (5459: 12676 12682 12676) (102.352 s)
>> 2836 (23419: 10975 10983 10975) (111.706 s)
>> 2834 (5809: 12494 12555 12494) (110.379 s)
>> 2834 (2507: 12675 12733 12675) (104.042 s)
>> 2822 (33374: 12211 12241 12211) (110.163 s)
>> 2814 (806: 13109 13113 13109) (104.645 s)
>> 2809 (18196: 13250 13254 13250) (95.561 s)
>> 2794 (33192: 10243 10253 10243) (89.1191 s)
>> 2792 (8718: 11014 11029 11014) (89.0542 s)
>> 2786 (21442: 12000 12026 12000) (94.2215 s)
>> 2782 (24861: 10425 10432 10425) (97.1514 s)
>> 2771 (34173: 10815 10882 10815) (103.129 s)
>> 2770 (4412: 13077 13092 13077) (104.128 s)
>> 4699 (33146: 13004 13058 13004) (111.548 s)
>> 2769 (29373: 10966 11001 10966) (100.025 s)
>> 2833 (15996: 10955 10990 10955) (97.9505 s)
>> 2765 (9563: 10706 10738 10706) (111.777 s)
>> 2765 (30756: 13257 13293 13257) (104.965 s)
>> 2759 (35058: 11646 11767 11646) (106.496 s)
>> 2739 (23625: 10894 10909 10894) (96.3796 s)
>> 2727 (8214: 11305 11314 11305) (96.1791 s)
>> 2726 (24201: 10687 10704 10687) (96.1923 s)
>> 2725 (33247: 12945 12954 12945) (95.9105 s)
>> 2724 (7208: 11975 11976 11975) (99.0584 s)
>> 2722 (31938: 13285 13289 13285) (90.4215 s)
>> 2718 (17770: 10394 10408 10394) (88.4842 s)
>> 2717 (16417: 11273 11384 11273) (92.3127 s)
>> 2715 (3229: 10350 10368 10350) (92.4565 s)
>> 2712 (6639: 12204 12217 12204) (92.8855 s)
>> 2710 (22941: 11182 11199 11182) (95.4632 s)
>> 2695 (22447: 11516 11532 11516) (98.0534 s)
>> 2692 (6086: 12405 12439 12405) (101.303 s)
>> 2690 (23036: 11132 11140 11132) (96.9618 s)
>> 2686 (23128: 11085 11092 11085) (94.6282 s)
>> 2684 (28444: 11774 21869 11774) (96.2406 s)
>> 2682 (35550: 12955 12974 12955) (96.3808 s)
>> 2682 (3895: 13311 13321 13311) (99.8355 s)
>> 2675 (7504: 11854 11879 11854) (99.8112 s)
>> 2671 (36412: 11619 11638 11619) (104.585 s)
>> 2655 (9904: 10647 10649 10647) (104.065 s)
>> 2655 (4862: 12873 12896 12873) (106.426 s)
>> 2646 (9193: 10848 10851 10848) (102.543 s)
>> 2634 (3672: 10206 10211 10206) (106.331 s)
>> 2623 (3651: 10215 10217 10215) (102.811 s)
>> 3002 (25431: 10204 10212 10204) (94.1293 s)
>> 2601 (350: 10247 10250 10247) (97.0459 s)
>> 2591 (9885: 10652 10656 10652) (100.997 s)
>> 2589 (33045: 10764 10778 10764) (104.737 s)
>> 2569 (11073: 11055 11071 11055) (117.51 s)
>> 2559 (3029: 10498 10511 10498) (93.6073 s)
>> 2559 (20757: 12229 12256 12229) (99.9693 s)
>> 2554 (23195: 11050 11063 11050) (94.784 s)
>> 2543 (5070: 12774 12833 12774) (95.5616 s)
>> 2519 (92: 11391 11408 11391) (98.1635 s)
>> 2518 (2060: 10669 10688 10669) (95.7789 s)
>> 2509 (32504: 11051 11066 11051) (105.931 s)
>> 2508 (14913: 12458 12505 12458) (99.4123 s)
>> 2499 (14227: 12897 12913 12897) (92.4412 s)
>> 2490 (27521: 12267 12273 12267) (98.1759 s)
>> 2489 (16247: 10968 10970 10968) (93.6568 s)
>> 2481 (6287: 12317 12341 12317) (93.5106 s)
>> 2472 (32449: 11598 11609 11598) (99.4255 s)
>> 2470 (30985: 11906 12154 11906) (104.926 s)
>> 2462 (25905: 11000 11044 11000) (106.962 s)
>> 2442 (6723: 12131 12175 12131) (104.201 s)
>> 2436 (26045: 11312 11323 11312) (107.034 s)
>> 2779 (22639: 11371 11375 11371) (105.875 s)
>> 2426 (35303: 10403 30092 10403) (110.813 s)
>> 2422 (9771: 10680 10681 10680) (102.635 s)
>> 2421 (5065: 12804 12839 12804) (102.032 s)
>> 2413 (24522: 10577 10580 10577) (101.148 s)
>> 2407 (3048: 10475 10487 10475) (102.307 s)
>> 2407 (9332: 10798 10803 10798) (102.393 s)
>> 2406 (19303: 12775 12819 12775) (100.887 s)
>> 2400 (6109: 12380 12413 12380) (102.864 s)
>> 2395 (27354: 12879 12909 12879) (103.159 s)
>> 2393 (9812: 10646 10661 10646) (94.8622 s)
>> 2694 (2267: 10608 10645 10608) (94.0239 s)
>> 2390 (6240: 12358 12395 12358) (95.7238 s)
>> 2380 (2105: 10175 10182 10175) (95.2658 s)
>> 2370 (15255: 10833 10834 10833) (100.103 s)
>> 2366 (20230: 12465 12512 12465) (96.6196 s)
>> 2352 (4095: 13232 13234 13232) (91.9103 s)
>> 2325 (9175: 10846 10856 10846) (91.3504 s)
>> 2325 (2526: 11236 11261 11236) (89.9221 s)
>> 2318 (13978: 12959 12980 12959) (90.4927 s)
>> 2312 (10069: 10586 10592 10586) (90.836 s)
>> 2723 (10090: 10578 10581 10578) (88.5594 s)
>> 2304 (32502: 12782 12795 12782) (91.4826 s)
>> 2304 (34355: 11383 29068 11383) (89.3735 s)
>> 2299 (6513: 12248 12254 12248) (97.1581 s)
>> 2298 (24977: 10362 10370 10362) (97.2611 s)
>> 2295 (10059: 10588 10594 10588) (107.758 s)
>> 2295 (8738: 11022 11031 11022) (108.72 s)
>> 2285 (15312: 12353 12401 12353) (94.1666 s)
>> 2276 (5886: 12514 12528 12514) (80.9862 s)
>> 2272 (8584: 11078 11099 11078) (89.6212 s)
>> 2924 (8548: 11110 11123 11110) (89.2829 s)
>> 2268 (16024: 10978 10993 10978) (90.4325 s)
>> 2253 (6038: 12457 12464 12457) (89.0912 s)
>> 2241 (5182: 12719 12794 12719) (89.1565 s)
>> 2239 (16270: 12491 12504 12491) (90.3413 s)
>> 2237 (24427: 10612 10614 10612) (80.7014 s)
>> 2236 (6574: 12238 12239 12238) (89.5976 s)
>> 2229 (16871: 12564 12594 12564) (89.9393 s)
>> 2222 (7008: 12032 12061 12032) (90.2319 s)
>> 2498 (15144: 11920 12046 11920) (88.7836 s)
>> 3085 (6941: 12087 12108 12087) (92.4682 s)
>> 2213 (5403: 12692 12704 12692) (96.6881 s)
>> 2207 (33620: 10864 10891 10864) (89.613 s)
>> 2205 (27006: 11239 11259 11239) (99.9123 s)
>> 2205 (2608: 11124 11282 11124) (101.027 s)
>> 2201 (20924: 12153 12208 12153) (100.542 s)
>> 2198 (1374: 12647 12686 12647) (105.443 s)
>> 2312 (5363: 12671 12718 12671) (95.8792 s)
>> 2193 (9543: 10713 10744 10713) (96.1776 s)
>> 2186 (32432: 10357 10366 10357) (91.4737 s)
>> 2181 (6795: 12107 12144 12107) (88.8099 s)
>> 2168 (3338: 10320 10324 10320) (88.7275 s)
>> 2165 (1695: 10934 10958 10934) (92.7544 s)
>> 2163 (6494: 12233 12265 12233) (97.2233 s)
>> 2162 (1884: 10627 10734 10627) (100.188 s)
>> 2160 (4409: 13093 13094 13093) (95.8426 s)
>> 2155 (9564: 10739 10740 10739) (96.8742 s)
>> 2146 (3446: 10290 10293 10290) (97.165 s)
>> 2128 (28156: 11180 11209 11180) (99.0289 s)
>> 2124 (11590: 11587 11605 11587) (96.7756 s)
>> 2117 (5179: 12789 12798 12789) (98.4 s)
>> 2113 (26663: 11211 11232 11211) (96.9221 s)
>> 2089 (30273: 12538 20149 12538) (99.5835 s)
>> 3294 (30669: 12495 12506 12495) (112.66 s)
>> 2087 (11197: 11196 28559 11196) (98.3681 s)
>> 2081 (5770: 12569 12573 12569) (99.0332 s)
>> 2080 (34829: 10790 10795 10790) (100.859 s)
>> 2078 (9715: 10679 10696 10679) (102.096 s)
>> 2077 (18244: 13238 13239 13238) (93.598 s)
>> 2067 (20564: 12323 12335 12323) (92.7928 s)
>> 2067 (8573: 11083 11105 11083) (101.73 s)
>> 2164 (478: 11077 11122 11077) (108.983 s)
>> 2055 (35300: 10806 10819 10806) (108.846 s)
>> 2053 (6291: 12321 12332 12321) (109.934 s)
>> 2048 (35951: 13270 13286 13270) (110.066 s)
>> 2040 (11207: 11206 11226 11206) (118.47 s)
>> 2039 (6765: 12116 12166 12116) (127.805 s)
>> 2023 (6057: 12429 12436 12429) (145.769 s)
>> 2023 (8080: 11442 11475 11442) (132.729 s)
>> 2018 (16106: 11665 22274 11665) (168.633 s)
>> 2013 (23270: 10987 10997 10987) (159.319 s)
>> 2009 (9437: 10767 10769 10767) (176.41 s)
>> 2203 (9533: 10745 10759 10745) (151.066 s)
>> 1999 (15105: 12625 12656 12625) (160.355 s)
>> 1995 (15554: 10542 10549 10542) (181.556 s)
>> 2553 (1905: 10545 10550 10545) (218.45 s)
>> 1995 (35336: 10900 10907 10900) (235.213 s)
>> 1985 (7189: 11981 12001 11981) (278.744 s)
>> 1979 (5194: 12699 12791 12699) (348.72 s)
>> 1969 (6811: 12135 12141 12135) (240.309 s)
>> 2016 (6726: 12168 12191 12168) (91.3446 s)
>> 1961 (11481: 11478 11433 11478) (91.3682 s)
>> 1950 (10390: 10389 10392 10389) (96.4348 s)
>> 1950 (19732: 12654 12658 12654) (105.397 s)
>> 1943 (27030: 11645 11676 11645) (96.9892 s)
>> 1928 (8081: 11441 11484 11441) (96.8917 s)
>> 1920 (17952: 13340 13346 13340) (95.4982 s)
>> 1916 (7791: 11647 11686 11647) (96.9974 s)
>> 1913 (4022: 13261 13265 13261) (95.0507 s)
>> 1897 (22916: 11185 11215 11185) (95.2573 s)
>> 1880 (11964: 11931 11963 11931) (95.194 s)
>> 1997 (34621: 11918 11933 11918) (95.4508 s)
>> 1878 (1125: 12496 12531 12496) (95.0041 s)
>> 1874 (1608: 10417 10495 10417) (94.9308 s)
>> 4231 (16273: 10591 10644 10591) (97.2168 s)
>> 1868 (13688: 11540 11548 11540) (108.875 s)
>> 1865 (728: 12756 12761 12756) (113.496 s)
>> 1860 (625: 11862 11873 11862) (119.692 s)
>> 1856 (11626: 11625 11630 11625) (94.8556 s)
>> 1852 (13808: 10657 10658 10657) (89.149 s)
>> 1851 (31003: 10683 10699 10683) (100.725 s)
>> 1833 (8209: 11307 11316 11307) (112.195 s)
>> 1832 (9979: 10622 10625 10622) (95.6983 s)
>> 1986 (10045: 10604 10610 10604) (93.4512 s)
>> 1825 (6251: 12355 12367 12355) (92.9194 s)
>> 1825 (20366: 12385 12406 12385) (94.9029 s)
>> 1824 (4136: 13213 13214 13213) (93.3095 s)
>> 1821 (18204: 13243 13249 13243) (94.1896 s)
>> 1817 (29395: 11573 11545 11573) (92.4739 s)
>> 1815 (3393: 10310 10319 10310) (91.6749 s)
>> 1798 (11579: 11575 11585 11575) (102.781 s)
>> 1789 (381: 11928 12251 11928) (113.481 s)
>> 1787 (31912: 12290 12307 12290) (93.576 s)
>> 1784 (1664: 11937 12038 11937) (93.6269 s)
>> 1779 (13742: 12753 26391 12753) (94.3687 s)
>> 1776 (10896: 10895 10901 10895) (89.2723 s)
>> 1759 (3549: 10258 10259 10258) (101.054 s)
>> 1750 (9617: 10707 10720 10707) (91.7143 s)
>> 1750 (13755: 11734 11750 11734) (99.7945 s)
>> 1741 (7512: 11835 11852 11835) (85.7175 s)
>> 1740 (18489: 13140 13145 13140) (103.841 s)
>> 1736 (8759: 11010 11039 11010) (88.6301 s)
>> 1733 (5823: 12536 12545 12536) (99.3612 s)
>> 1731 (7586: 11772 11813 11772) (99.5546 s)
>> 1729 (28905: 13274 13279 13274) (110.826 s)
>> 1724 (15071: 10476 10482 10476) (103.153 s)
>> 1724 (4614: 12988 13008 12988) (97.8016 s)
>> 1722 (7687: 11727 11760 11727) (99.5526 s)
>> 1715 (32515: 11389 11318 11389) (96.6463 s)
>> 1711 (4752: 12961 12964 12961) (97.4108 s)
>> 1707 (6213: 12340 12374 12340) (105.331 s)
>> 1705 (9830: 10660 10666 10660) (110.124 s)
>> 1705 (8490: 11144 11160 11144) (88.3548 s)
>> 1696 (26428: 10923 10924 10923) (87.9939 s)
>> 1688 (20101: 12487 12548 12487) (88.0565 s)
>> 1687 (18910: 12953 12968 12953) (88.9985 s)
>> 1683 (29752: 12250 12280 12250) (97.9291 s)
>> 1680 (22056: 11693 11723 11693) (97.3804 s)
>> 1680 (4365: 13107 13119 13107) (98.5718 s)
>> 1671 (12369: 12368 20430 12368) (97.0772 s)
>> 1665 (16402: 11663 11773 11663) (100.261 s)
>> 1664 (14467: 10369 10401 10369) (99.843 s)
>> 1662 (31344: 13314 13319 13314) (100.883 s)
>> 1660 (24691: 10490 10519 10490) (101.187 s)
>> 1660 (13854: 12002 12063 12002) (99.6733 s)
>> 1659 (19501: 12726 12740 12726) (100.505 s)
>> 1657 (15395: 12849 12852 12849) (109.012 s)
>> 1656 (31987: 12642 12665 12642) (108.105 s)
>> 1655 (19470: 12739 12752 12739) (108.329 s)
>> 1654 (28290: 10705 10728 10705) (99.7438 s)
>> 1646 (24650: 10527 10534 10527) (110.939 s)
>> 1643 (5143: 12785 12811 12785) (92.3622 s)
>> 1641 (33193: 12926 12929 12926) (109.81 s)
>> 1639 (36317: 10497 10506 10497) (102.196 s)
>> 1637 (20057: 12534 12539 12534) (97.1811 s)
>> 1631 (7347: 11907 11912 11907) (98.7245 s)
>> 1625 (7822: 11661 11746 11661) (117.592 s)
>> 1623 (3767: 10343 10563 10343) (101.383 s)
>> 1623 (9220: 10832 10839 10832) (101.711 s)
>> 1622 (27253: 11183 11204 11183) (91.5671 s)
>> 1621 (19003: 12908 12936 12908) (97.1244 s)
>> 1616 (24690: 10494 10502 10494) (98.6603 s)
>> 1613 (24670: 10507 10523 10507) (95.3854 s)
>> 1609 (18717: 13054 13067 13054) (104.381 s)
>> 1608 (22188: 11629 11650 11629) (103.794 s)
>> 1604 (2033: 12227 12259 12227) (91.3709 s)
>> 1604 (32823: 12416 12440 12416) (90.3055 s)
>> 1598 (32935: 11212 11242 11212) (101.387 s)
>> 1591 (33283: 12508 12515 12508) (97.0095 s)
>> 1660 (14001: 12470 12489 12470) (90.7069 s)
>> 1589 (6368: 12297 12306 12297) (90.1656 s)
>> 1579 (3607: 10228 10234 10228) (89.1894 s)
>> 1579 (7389: 11893 11898 11893) (88.5659 s)
>> 1577 (14874: 10377 10393 10377) (98.4631 s)
>> 1572 (18877: 12981 12983 12981) (90.3107 s)
>> 1565 (16422: 10692 10703 10692) (93.6238 s)
>> 1563 (18640: 13091 13095 13091) (97.7321 s)
>> 1562 (17512: 10996 10999 10996) (101.227 s)
>> 1763 (30101: 10972 11008 10972) (98.1799 s)
>> 1562 (29800: 13198 13199 13198) (99.9884 s)
>> 1562 (23565: 10929 10931 10929) (94.0568 s)
>> 1556 (20269: 12453 12474 12453) (95.4742 s)
>> 1549 (5655: 12606 12624 12606) (98.7678 s)
>> 1791 (33649: 12533 12575 12533) (94.4825 s)
>> 1548 (27607: 10405 10414 10405) (96.1224 s)
>> 1544 (31704: 10218 10275 10218) (87.9608 s)
>> 1541 (2689: 10335 10367 10335) (87.7 s)
>> 1533 (7583: 11780 11809 11780) (89.6878 s)
>> 1532 (25467: 10192 10203 10192) (92.2985 s)
>> 1976 (3723: 10176 10191 10176) (92.7691 s)
>> 1527 (9014: 10918 10921 10918) (92.4797 s)
>> 1526 (33082: 13263 13284 13263) (92.7921 s)
>> 1524 (5257: 12759 12770 12759) (92.8887 s)
>> 1524 (35222: 10262 10287 10262) (91.9969 s)
>> 1517 (6026: 12472 12530 12472) (92.9218 s)
>> 1514 (11065: 11064 11067 11064) (92.9742 s)
>> 1495 (25056: 10330 10352 10330) (92.367 s)
>> 1493 (13435: 12070 12128 12070) (92.4984 s)
>> 1488 (9956: 10634 10637 10634) (92.4177 s)
>> 1485 (27201: 5682 12589 5682) (92.3092 s)
>> 1481 (8785: 11017 11034 11017) (90.7702 s)
>> 1478 (6453: 12276 12277 12276) (90.9142 s)
>> 1476 (27276: 13019 13020 13019) (91.2254 s)
>> 1475 (5430: 12683 12696 12683) (91.0775 s)
>> 1475 (35007: 11544 11572 11544) (87.6464 s)
>> 1474 (5787: 12554 12565 12554) (93.0388 s)
>> 1469 (32710: 21243 12028 21243) (94.4886 s)
>> 1864 (28382: 11993 12039 11993) (97.9083 s)
>> 1466 (9453: 10760 10763 10760) (101.903 s)
>> 1599 (13827: 10710 10750 10710) (106.693 s)
>> 1451 (35560: 11522 11533 11522) (109.177 s)
>> 1449 (33800: 12454 12488 12454) (115.245 s)
>> 1447 (908: 10183 10188 10183) (134.37 s)
>> 1445 (11448: 11447 11457 11447) (150.185 s)
>> 1424 (21846: 11807 11932 11807) (216.339 s)
>> 1422 (13486: 11214 11227 11214) (227.496 s)
>> 1419 (17523: 10928 10957 10928) (179.075 s)
>> 1416 (9693: 10691 10700 10691) (194.301 s)
>> 1402 (32402: 11951 11987 11951) (206.306 s)
>> 1401 (34202: 12336 12352 12336) (255.299 s)
>> 1399 (15274: 11740 11722 11740) (286.061 s)
>> 1389 (19914: 12588 12611 12588) (289.423 s)
>> 1379 (2094: 10908 10912 10908) (360.293 s)
>> 1376 (26278: 11431 11467 11431) (144.425 s)
>> 1369 (17694: 10606 10615 10606) (85.8642 s)
>> 1367 (34711: 12362 12535 12362) (86.0693 s)
>> 1366 (7788: 11687 11695 11687) (90.5648 s)
>> 1356 (21109: 12115 12137 12115) (92.1397 s)
>> 1338 (18664: 13063 13073 13063) (92.6509 s)
>> 2527 (30807: 13012 13068 13012) (94.0181 s)
>> 1332 (6421: 12279 12287 12279) (94.5629 s)
>> 1327 (5471: 12641 12679 12641) (95.4476 s)
>> 1324 (12098: 12065 12092 12065) (94.6681 s)
>> 1321 (19387: 12769 12776 12769) (91.9246 s)
>> 1319 (19601: 12700 12705 12700) (93.5453 s)
>> 1316 (19335: 12799 12816 12799) (91.764 s)
>> 1311 (7568: 11783 11797 11783) (91.8542 s)
>> 1311 (21695: 11891 11895 11891) (92.1551 s)
>> 1306 (16458: 10544 10556 10544) (91.1029 s)
>> 1304 (7017: 12034 12059 12034) (91.1518 s)
>> 1304 (5030: 12826 12850 12826) (96.646 s)
>> 1303 (579: 12997 12999 12997) (98.2934 s)
>> 1300 (21493: 11972 11989 11972) (91.1212 s)
>> 1298 (5305: 12735 12750 12735) (86.8077 s)
>> 1292 (34067: 11725 11732 11725) (96.0883 s)
>> 1285 (1215: 11184 11263 11184) (107.376 s)
>> 1280 (7721: 11733 11795 11733) (112.858 s)
>> 1279 (11866: 11863 11887 11863) (123.874 s)
>> 1483 (22113: 11708 11756 11708) (132.948 s)
>> 1265 (21954: 11720 11754 11720) (128.534 s)
>> 1257 (13781: 10674 10677 10674) (129.107 s)
>> 1256 (22262: 11641 11644 11641) (139.136 s)
>> 2378 (31800: 11656 11794 11656) (200.597 s)
>> 1610 (22272: 11563 11610 11563) (281.896 s)
>> 1254 (24723: 1319 10477 1319) (143.474 s)
>> 0 (-1: -1 -1 -1) (129.493 s)
Zelikovsky 71108.8 s
>> 39025 (18030: 13332 13316 13227) (3814.65 s)
>> 38164 (11495: 11494 11489 11482) (3680.73 s)
>> 35948 (3590: 25297 10226 10240) (3517.79 s)
>> 33876 (9577: 10630 10737 10733) (3540.37 s)
>> 28380 (3799: 13380 13381 13379) (3467.79 s)
>> 21962 (4430: 12976 13116 13086) (3484.54 s)
>> 21261 (20122: 12486 12519 12375) (3482.21 s)
>> 20958 (29601: 13191 13251 13229) (3515.97 s)
>> 18552 (35925: 13138 13172 13148) (4069.33 s)
>> 18276 (30014: 13370 13359 13331) (4091.1 s)
>> 18269 (30567: 12914 13084 12963) (4043.21 s)
>> 18205 (15407: 11910 11558 11466) (3410.13 s)
>> 17810 (25646: 13164 13169 12976) (3667.74 s)
>> 17788 (14563: 10565 10664 10593) (3653.34 s)
>> 17034 (27644: 13198 13160 13152) (3531.24 s)
>> 16394 (2755: 7332 11902 11880) (3230.32 s)
>> 16318 (36179: 12574 12599 12486) (3025.92 s)
>> 16109 (29890: 13354 13355 13344) (2992.21 s)
>> 15882 (3630: 10232 10243 10223) (2999.11 s)
>> 15750 (2554: 10406 10484 10355) (3039.77 s)
>> 14742 (4426: 12914 13088 13055) (3600.81 s)
>> 14665 (6430: 12574 12283 12079) (3559.68 s)
>> 13774 (32452: 10233 25385 30636) (3383.87 s)
>> 13720 (15526: 13177 13219 13185) (3281.39 s)
>> 13690 (14442: 12485 12379 12275) (3219.56 s)
>> 13493 (29606: 10565 10531 10311) (3875.53 s)
>> 13463 (838: 10952 11027 10954) (3851.93 s)
>> 13238 (27320: 10207 10249 10186) (3266 s)
>> 12760 (41: 10994 11125 11047) (3746.17 s)
>> 12731 (15491: 10742 10823 10821) (3863.5 s)
>> 12567 (24930: 10465 10412 10322) (3643.5 s)
>> 12470 (29375: 11208 11402 11247) (3555.17 s)
>> 12380 (9925: 10611 10640 10559) (3753.46 s)
>> 12141 (3438: 10277 10292 10282) (3365.08 s)
>> 11672 (3752: 10187 10174 10163) (3620.87 s)
>> 11265 (28375: 10630 24180 10584) (3785.28 s)
>> 11094 (29560: 10827 10813 10729) (3747.36 s)
>> 11006 (36742: 10835 10874 10817) (3316.25 s)
>> 10829 (4222: 13138 13195 13183) (3883.88 s)
>> 10784 (9327: 10831 10805 10780) (3648.21 s)
>> 10780 (9047: 10928 10915 10899) (3358.83 s)
>> 10507 (27962: 10246 10205 10201) (3355.46 s)
>> 10468 (25166: 10327 10300 10266) (3358.81 s)
>> 10391 (21029: 12043 12171 12159) (3299.4 s)
>> 10355 (24790: 10481 10471 10466) (3339.72 s)
>> 10154 (31979: 25297 10281 10218) (3342.4 s)
>> 10090 (27700: 10695 10836 10724) (3332.1 s)
>> 9901 (4736: 12950 12969 12958) (3204.14 s)
>> 9842 (8555: 11149 11046 11116) (3327.2 s)
>> 9834 (31825: 8399 11175 10952) (3333.84 s)
>> 9735 (15030: 10304 10360 10308) (3324.54 s)
>> 9486 (11569: 11647 11565 11555) (3277.73 s)
>> 9451 (14167: 12312 26391 12973) (3324.4 s)
>> 9219 (27068: 10695 10802 10630) (3340.59 s)
>> 9099 (23768: 10835 10845 10827) (3312.89 s)
>> 9026 (788: 13336 13370 13341) (3237.07 s)
>> 8974 (26264: 10539 10695 10548) (3311.14 s)
>> 8832 (3851: 13340 13334 13320) (3316.18 s)
>> 8635 (13158: 13135 13177 13156) (3303 s)
>> 8604 (4840: 12890 12925 12911) (3231.87 s)
>> 8514 (33732: 10291 10343 10289) (3266.67 s)
>> 8493 (36562: 10927 10994 10969) (3277.05 s)
>> 8486 (4029: 13191 13277 13264) (3270.27 s)
>> 8406 (36709: 10587 9967 10536) (3143.78 s)
>> 8392 (17545: 23596 10917 10914) (3261.34 s)
>> 8316 (29644: 29641 13296 13269) (3260.16 s)
>> 8227 (28006: 11982 11959 11944) (3248.5 s)
>> 8195 (32649: 13115 13118 13096) (3205.38 s)
>> 7991 (719: 13225 13223 13215) (3245.72 s)
>> 7930 (25164: 25187 10465 10305) (3247.96 s)
>> 7848 (4891: 12874 12906 12894) (3228.24 s)
>> 7672 (23469: 10979 10981 10965) (3174.4 s)
>> 7587 (31184: 11202 7332 11222) (3229.98 s)
>> 7422 (27261: 26743 11622 11303) (3111.05 s)
>> 7327 (707: 10199 10237 10198) (2964.25 s)
>> 7037 (27302: 13294 13287 13191) (2926.67 s)
>> 6967 (33799: 12678 12728 12562) (2957.86 s)
>> 6889 (28090: 10193 10162 10161) (2955.83 s)
>> 6798 (34878: 10473 17776 10411) (2964.71 s)
>> 6632 (4076: 13233 13246 13240) (2872.29 s)
>> 6608 (28458: 11246 11929 11313) (2952.58 s)
>> 6584 (9745: 10684 10690 10686) (2964.67 s)
>> 6550 (8312: 11299 11255 11162) (2963.26 s)
>> 6324 (28873: 10844 10847 10831) (2906.54 s)
>> 6083 (25687: 13310 13302 13290) (2924.45 s)
>> 6080 (14033: 13129 13147 12914) (2936.07 s)
>> 6078 (18437: 13163 13176 13166) (2926.22 s)
>> 6011 (32203: 11320 11176 11106) (2880.96 s)
>> 6008 (32248: 11615 11668 11784) (2908.71 s)
>> 6002 (28767: 10269 10307 10299) (2907.38 s)
>> 6001 (28099: 10541 10638 10552) (2901.59 s)
>> 5850 (6754: 12134 12175 12163) (2866.8 s)
>> 5753 (5248: 12783 12790 12771) (2897.44 s)
>> 5747 (14545: 13142 13181 13141) (2895.75 s)
>> 5693 (2005: 10166 10200 10165) (2888.23 s)
>> 5612 (9257: 10539 10824 10822) (2795.97 s)
>> 5515 (18815: 12992 13052 13011) (2880.14 s)
>> 5496 (3991: 13286 13282 13275) (2875.94 s)
>> 5477 (25284: 10251 10268 10267) (2873.23 s)
>> 5206 (28138: 12143 1747 12102) (2833.66 s)
>> 5185 (9809: 10697 10672 10654) (2870.18 s)
>> 5176 (6668: 12242 12209 12158) (2865.81 s)
>> 5171 (1531: 10939 23596 10936) (2860.19 s)
>> 5138 (34351: 4922 12952 12918) (2891.04 s)
>> 5098 (26603: 11003 11021 10986) (2851.55 s)
>> 5005 (3414: 10296 10367 10301) (2850.58 s)
>> 4968 (6506: 12289 12263 12225) (2858.05 s)
>> 4891 (31114: 12246 12289 12221) (2812.72 s)
>> 4857 (23300: 11019 11202 11033) (2851.27 s)
>> 4814 (4118: 13222 13218 13142) (2857.09 s)
>> 4797 (35738: 13258 13310 13135) (2851.98 s)
>> 4792 (3017: 10525 10573 10520) (2747.12 s)
>> 4770 (428: 10245 10277 10233) (2824.53 s)
>> 4769 (16085: 11156 11386 11084) (2832.1 s)
>> 4768 (24438: 10597 10688 10561) (2818.62 s)
>> 4719 (875: 13122 18488 13127) (2773.82 s)
>> 4680 (2264: 13128 13131 13114) (2812.83 s)
>> 4678 (4900: 12904 12892 12822) (2894.89 s)
>> 4644 (23699: 10888 10850 10877) (3127.69 s)
>> 4638 (1044: 12505 31245 12485) (2886.75 s)
>> 4636 (6697: 12230 12205 12200) (2798.68 s)
>> 4635 (8339: 11246 11221 11155) (2811.36 s)
>> 4607 (35573: 12688 12650 12640) (2807.61 s)
>> 4599 (34541: 13136 13133 13130) (2773.19 s)
>> 4586 (10861: 10857 10894 10860) (2797.98 s)
>> 4743 (23726: 10857 10906 10873) (2797.54 s)
>> 4572 (26760: 10651 10587 10539) (2788.89 s)
>> 4560 (5296: 12734 12780 12751) (2701.36 s)
>> 4542 (36446: 12114 30478 11969) (2783.21 s)
>> 4532 (27375: 11098 11186 11115) (2783.54 s)
>> 4512 (34304: 10939 10922 10859) (2776.27 s)
>> 4471 (285: 13060 13110 13047) (2734.51 s)
>> 4427 (8641: 11086 11074 11052) (2923.57 s)
>> 4424 (19012: 12946 12917 12874) (2908.57 s)
>> 4424 (24418: 10626 10605 10599) (3321.33 s)
>> 4407 (1623: 11200 8399 11158) (3227.83 s)
>> 4404 (24060: 10799 10777 10684) (3161.51 s)
>> 4373 (9217: 10829 10846 10840) (3155.18 s)
>> 4362 (799: 13078 13109 13065) (3132.17 s)
>> 4323 (31325: 13333 13337 13336) (3087.61 s)
>> 4321 (36469: 10611 10569 10495) (3103.78 s)
>> 4297 (23586: 10941 10920 10910) (3213.16 s)
>> 4274 (28106: 12295 12352 12274) (3019.93 s)
>> 4269 (32184: 13090 13115 13081) (2661.76 s)
>> 4263 (10399: 10416 10397 10349) (2673.79 s)
>> 4255 (34719: 10213 10210 10190) (2686.68 s)
>> 4205 (4976: 12838 12890 12859) (2679.48 s)
>> 4174 (3000: 10510 10551 10529) (2642.01 s)
>> 4146 (9421: 10730 10791 10773) (2672.67 s)
>> 4142 (4125: 13206 13232 13216) (2675.65 s)
>> 4067 (3958: 3960 13298 13295) (2663.42 s)
>> 4062 (11505: 11522 11504 11460) (2705.91 s)
>> 4050 (813: 10518 10532 10479) (3051.59 s)
>> 3995 (28720: 10246 10229 10216) (3055.6 s)
>> 3956 (9101: 10876 10951 10890) (3038.93 s)
>> 3894 (16089: 10543 10541 10316) (2984.28 s)
>> 3859 (26828: 11617 11634 11595) (3022.13 s)
>> 3834 (5036: 12847 12867 12860) (3040.71 s)
>> 3814 (3477: 10270 10279 10276) (3022.72 s)
>> 3804 (24109: 10730 10719 10709) (2878.87 s)
>> 3774 (475: 10843 10825 10811) (3020.73 s)
>> 3770 (31883: 12667 12960 12592) (3020.37 s)
>> 3753 (3094: 10461 10475 10469) (3049.53 s)
>> 3728 (3553: 10271 10254 10248) (2954.42 s)
>> 3718 (4473: 13063 13079 13068) (2998.75 s)
>> 3712 (15944: 11909 11928 11878) (3009.75 s)
>> 3686 (3139: 10409 10419 10413) (2993.6 s)
>> 3644 (36772: 3807 13358 13343) (3028.65 s)
>> 3630 (29537: 12324 12337 12298) (2993.23 s)
>> 3613 (7295: 11901 11949 11930) (2997.91 s)
>> 3601 (3459: 10245 10280 10255) (2987.68 s)
>> 3599 (4989: 12831 12863 12856) (2932.97 s)
>> 3596 (26349: 10242 10199 10327) (2973.46 s)
>> 3594 (8835: 11004 10992 10989) (2985.91 s)
>> 3580 (14493: 12253 12241 12211) (2971.04 s)
>> 3556 (18949: 12950 12993 12977) (2813.02 s)
>> 3555 (8275: 11285 11269 11268) (2966.33 s)
>> 3553 (17947: 13351 13354 13345) (2965.16 s)
>> 3502 (26316: 10746 10736 10665) (2956.26 s)
>> 3488 (15823: 13283 13292 13276) (2893.86 s)
>> 3484 (951: 10396 10446 10402) (2950.79 s)
>> 3473 (36373: 11378 11439 11325) (2944.79 s)
>> 3470 (6006: 12492 12494 12480) (2930.09 s)
>> 3462 (8126: 11910 11407 11203) (2820.58 s)
>> 3449 (9125: 10883 10880 10843) (2927.77 s)
>> 3431 (11486: 11451 11529 11485) (2927.72 s)
>> 3409 (22068: 11745 11764 11692) (2933.78 s)
>> 3401 (6369: 12292 12322 12305) (2885.38 s)
>> 3398 (13389: 11102 11910 11121) (2912.28 s)
>> 3392 (10439: 10420 10442 10437) (2923.3 s)
>> 3366 (10148: 10578 10567 10560) (2909.17 s)
>> 3364 (13533: 11040 11156 11008) (2748.06 s)
>> 3347 (15143: 10935 10961 10948) (2891.67 s)
>> 3346 (11429: 11436 11425 11418) (2901.7 s)
>> 3334 (18216: 13242 13248 13247) (2892.44 s)
>> 3330 (1265: 11836 11889 11832) (2823.76 s)
>> 3299 (2504: 10742 10704 10687) (2881.84 s)
>> 3286 (3474: 10271 10291 10278) (2890.3 s)
>> 3271 (8352: 11190 11299 11216) (2877.94 s)
>> 3257 (7529: 11824 11839 11745) (2758.59 s)
>> 3254 (16456: 3807 13376 13367) (2866.08 s)
>> 3222 (8480: 11166 11151 11148) (2867.59 s)
>> 3188 (11338: 11322 11350 11337) (2865.93 s)
>> 3130 (9169: 10858 10862 10842) (2298.09 s)
>> 3128 (8572: 11080 11126 11107) (2287.08 s)
>> 3113 (5386: 12691 12764 12712) (2286.16 s)
>> 3102 (2072: 10808 10858 10765) (2282.91 s)
>> 3100 (18113: 13294 18164 13293) (2226.91 s)
>> 3098 (24975: 10347 36038 10361) (2286.84 s)
>> 3095 (23518: 10953 10955 10945) (2275.81 s)
>> 3076 (26557: 10527 10512 10385) (2288.33 s)
>> 3060 (26922: 11415 11405 11491) (2256.16 s)
>> 3058 (28846: 12981 13060 12995) (2264.71 s)
>> 3051 (8659: 11049 11080 11056) (2273.13 s)
>> 3025 (6008: 12491 12478 12462) (2445.6 s)
>> 3022 (33550: 12981 13136 13126) (2228.61 s)
>> 3019 (5236: 12803 12778 12731) (2249.2 s)
>> 2979 (3900: 13312 13324 13318) (2249.38 s)
>> 2972 (9213: 10830 10841 10829) (2245.19 s)
>> 2930 (4390: 13077 13128 13099) (2210.23 s)
>> 2913 (9384: 10766 10786 10785) (2237.07 s)
>> 2912 (13476: 11872 11770 11851) (2233.82 s)
>> 2911 (5627: 12633 12644 12628) (2231.67 s)
>> 2877 (35760: 12430 12481 12411) (2167.32 s)
>> 2875 (20590: 12353 12325 12286) (2224.33 s)
>> 2848 (772: 10607 10627 10543) (2224.03 s)
>> 2842 (15086: 10646 10661 10651) (2218.38 s)
>> 2838 (5459: 12699 12682 12676) (2187.57 s)
>> 2797 (9981: 10697 10628 10589) (2211.89 s)
>> 2793 (20691: 12324 20693 12285) (2203.7 s)
>> 2792 (8718: 11014 11036 11029) (2206.91 s)
>> 2786 (21442: 12026 12032 12000) (2294.83 s)
>> 2769 (29373: 11001 11020 10966) (2196.58 s)
>> 2727 (28489: 13058 13044 13004) (2210.36 s)
>> 2724 (7208: 11983 11976 11975) (2203.33 s)
>> 2717 (16417: 11387 11384 11273) (2159.86 s)
>> 2715 (3229: 10350 10404 10368) (2194.97 s)
>> 2711 (19034: 12838 12946 12926) (2182.22 s)
>> 2710 (22941: 11199 28477 11182) (2173.34 s)
>> 2707 (25624: 10940 10962 10857) (2111.23 s)
>> 2704 (29671: 11085 11086 11059) (2167.58 s)
>> 2695 (22447: 11493 11532 11516) (2171.18 s)
>> 2692 (6086: 12456 12439 12405) (2160.24 s)
>> 2690 (23036: 11132 11165 11140) (2131.37 s)
>> 2689 (4106: 13225 27674 13226) (2158.79 s)
>> 2684 (28444: 21869 11713 11774) (2159.34 s)
>> 2682 (35550: 12974 13012 12955) (2149.45 s)
>> 2675 (7504: 11879 11885 11854) (2125.39 s)
>> 2671 (36412: 7809 11638 11619) (2146.08 s)
>> 2665 (25621: 11547 11646 11604) (2144.38 s)
>> 2655 (9904: 10649 10652 10647) (2134.51 s)
>> 2646 (2864: 11793 11879 11781) (2107.78 s)
>> 2646 (9193: 10868 10851 10848) (2136.32 s)
>> 2634 (3672: 10206 10215 10211) (2143.39 s)
>> 2623 (3651: 10221 10217 10206) (2129.67 s)
>> 2609 (22563: 11208 11586 11417) (2085.31 s)
>> 2601 (350: 10247 10264 10250) (2137.73 s)
>> 2589 (33045: 10764 10790 10778) (2121.61 s)
>> 2569 (11073: 11082 11071 11055) (2122.33 s)
>> 2559 (3029: 10498 10522 10511) (2082.86 s)
>> 2559 (20757: 12261 12256 12229) (2105.1 s)
>> 2519 (92: 11435 11408 11391) (2104.11 s)
>> 2519 (6941: 12108 12087 12026) (2100.46 s)
>> 2503 (27077: 13179 13189 13182) (2121.93 s)
>> 2499 (14227: 12913 12927 12897) (2096.28 s)
>> 2490 (27521: 12267 12280 12273) (2089.23 s)
>> 2481 (6287: 12317 12358 12341) (2087.2 s)
>> 2472 (32449: 11609 11585 11598) (2057.28 s)
>> 2470 (30985: 12154 12199 11906) (2163.84 s)
>> 2462 (25905: 11015 11044 11000) (2269.64 s)
>> 2460 (508: 12035 12043 11995) (2262.61 s)
>> 2457 (33192: 10232 31610 10253) (2169.47 s)
>> 2454 (14273: 10241 10269 10261) (2254.45 s)
>> 2450 (25097: 10325 10338 10241) (2258.6 s)
>> 2450 (27393: 10947 10930 10927) (2260.82 s)
>> 2443 (14467: 10369 10420 10401) (2209.61 s)
>> 2436 (26045: 11356 11323 11312) (2251.47 s)
>> 2429 (16247: 10968 10995 10970) (2263.77 s)
>> 2426 (13969: 35645 11387 11178) (2234.77 s)
>> 2422 (9771: 10682 10681 10680) (2180.18 s)
>> 2421 (5065: 12861 12839 12804) (2231.47 s)
>> 2418 (4338: 13090 13122 13121) (2225.34 s)
>> 2413 (24522: 10585 10580 10577) (2218.08 s)
>> 2407 (8141: 11040 11547 11401) (2173.95 s)
>> 2407 (9332: 10798 9296 10803) (2210.6 s)
>> 2406 (19303: 27062 12819 12775) (2209.64 s)
>> 2400 (6109: 12413 12423 12380) (2203.46 s)
>> 2395 (27354: 12909 12924 12879) (2113.25 s)
>> 2393 (806: 13078 13117 13113) (2199.82 s)
>> 2393 (13939: 11285 11314 11305) (2199.92 s)
>> 2380 (2105: 10182 10192 10175) (2193.06 s)
>> 2379 (15803: 10207 10270 10263) (2151.66 s)
>> 2371 (9563: 10738 10740 10706) (2185.25 s)
>> 2366 (20230: 12512 12523 12465) (2187.58 s)
>> 2354 (28693: 12304 12348 12253) (2179.08 s)
>> 2327 (10169: 10167 10182 10168) (2204.31 s)
>> 2325 (9175: 10864 10856 10830) (2178.86 s)
>> 2318 (13978: 12994 12980 12959) (2197.78 s)
>> 2312 (10069: 10595 10592 10586) (2179.67 s)
>> 2305 (3407: 10304 10303 10245) (2128.66 s)
>> 2305 (30061: 12866 12909 12869) (2167.01 s)
>> 2304 (32502: 12782 12821 12795) (2158.68 s)
>> 2298 (24977: 10377 10370 10362) (2153.92 s)
>> 2295 (8738: 11043 11031 11022) (2065.42 s)
>> 2285 (15312: 6300 12401 12353) (2148.74 s)
>> 2276 (5886: 12528 12533 12514) (2147.43 s)
>> 2253 (6038: 29746 12464 12457) (2139.75 s)
>> 2241 (5182: 12806 12794 12719) (2096.98 s)
>> 2239 (16270: 12491 12526 12504) (2134.71 s)
>> 2237 (24427: 10614 10622 10612) (2100.31 s)
>> 2236 (6574: 12238 12267 12243) (1948.67 s)
>> 2235 (4871: 13129 12907 12847) (1913.58 s)
>> 2232 (23610: 10947 10916 10883) (1941.17 s)
>> 2213 (5403: 12692 5375 12704) (1939.68 s)
>> 2212 (4148: 13211 13225 13212) (1939.63 s)
>> 2207 (33620: 10918 10891 10864) (1915.37 s)
>> 2205 (27006: 11279 11259 11239) (1928.5 s)
>> 2193 (9543: 10713 10748 10744) (1957.4 s)
>> 2188 (2174: 12513 20019 12443) (1924.69 s)
>> 2186 (18244: 13242 13238 13211) (2179.24 s)
>> 2181 (6795: 12107 12196 12144) (2452.54 s)
>> 2168 (3338: 10333 10324 10320) (2455 s)
>> 2160 (4409: 13094 13107 13093) (2437.69 s)
>> 2157 (24596: 10611 10535 10518) (2372.92 s)
>> 2153 (13778: 10918 10806 10742) (2431.3 s)
>> 2153 (23419: 10996 10983 10975) (2436.09 s)
>> 2127 (9598: 10730 10732 10723) (2420.67 s)
>> 2124 (22520: 11433 11493 11453) (2296.05 s)
>> 2121 (18947: 12962 12954 12941) (2415.7 s)
>> 2117 (5179: 12812 12798 12789) (2418.55 s)
>> 2113 (26663: 11211 22883 11232) (2406.43 s)
>> 2089 (30273: 12538 12546 20149) (2342.08 s)
>> 2087 (11197: 11194 28559 11196) (2409.69 s)
>> 2081 (5770: 12569 19930 12573) (2401.19 s)
>> 2081 (24555: 10566 10585 10571) (2407.49 s)
>> 2080 (34829: 10795 10807 10798) (2244.06 s)
>> 2078 (9715: 10705 10696 10679) (2421.82 s)
>> 2185 (27516: 10691 10728 10705) (2394.13 s)
>> 2067 (3048: 10461 10507 10487) (2392.17 s)
>> 2107 (3078: 10461 10474 10470) (2324.17 s)
>> 2067 (8573: 11083 11093 11105) (2381.65 s)
>> 2067 (20564: 12343 12335 12323) (2370.88 s)
>> 2053 (6291: 12344 12332 12321) (2368.74 s)
>> 2049 (25197: 10295 10290 10244) (2234 s)
>> 2049 (28764: 13252 29641 13259) (2359.93 s)
>> 2047 (4259: 13163 13171 13165) (2360.23 s)
>> 2039 (6765: 12170 12166 12116) (2351.97 s)
>> 2023 (8080: 11475 11441 11442) (2284.68 s)
>> 2019 (27432: 12671 12783 12732) (2346.97 s)
>> 2433 (5363: 12736 12718 12671) (2348.14 s)
>> 2018 (16106: 11659 22274 11665) (2342.74 s)
>> 2013 (23270: 11045 10997 10987) (2197.99 s)
>> 2011 (4095: 13206 13237 13234) (1965.47 s)
>> 2009 (9437: 10767 10770 10769) (1830.58 s)
>> 2000 (9757: 10685 10691 10646) (1820.99 s)
>> 1999 (15105: 12668 12656 12625) (1809.47 s)
>> 1995 (15554: 10542 10556 10549) (1809.84 s)
>> 1995 (35336: 10907 10902 10900) (1817.61 s)
>> 1985 (7189: 21518 12001 11981) (1805.3 s)
>> 1984 (6512: 12505 12262 12254) (1851.3 s)
>> 1982 (13806: 10658 13809 10746) (2032.57 s)
>> 1981 (33127: 11102 11615 11498) (2228.14 s)
>> 1979 (5194: 12828 12791 12699) (2180.08 s)
>> 1977 (18910: 12968 4922 12987) (2130.32 s)
>> 1954 (11363: 11345 11371 11360) (2176.61 s)
>> 1954 (18196: 13250 13270 13254) (2181.43 s)
>> 1943 (27030: 11645 11731 11676) (2169.22 s)
>> 1924 (14303: 10594 10604 10596) (2041.99 s)
>> 1922 (13374: 3807 13378 13373) (2166.07 s)
>> 1920 (17952: 13346 13347 13340) (2169.82 s)
>> 1919 (23646: 10940 10941 10909) (2159.84 s)
>> 1913 (4022: 13261 13274 13265) (2110.74 s)
>> 1899 (18204: 13249 13250 13243) (2161.26 s)
>> 1890 (30669: 12525 12506 12495) (2170.9 s)
>> 1882 (22500: 11483 11437 11410) (2143.88 s)
>> 1880 (11964: 11986 11963 11931) (2035.32 s)
>> 1878 (1125: 12578 12531 12496) (2133.61 s)
>> 1868 (13688: 11538 11548 11540) (2137.29 s)
>> 1865 (728: 12756 28341 12761) (2128.23 s)
>> 1860 (625: 11914 11873 11862) (2070.14 s)
>> 1855 (19931: 12574 12639 12594) (2118.69 s)
>> 1841 (23427: 10978 10993 10968) (2124.05 s)
>> 1825 (6251: 12367 12393 12355) (2110.98 s)
>> 1825 (20366: 12385 12442 12406) (1987.42 s)
>> 1824 (4136: 26035 13214 13213) (2107.44 s)
>> 1817 (29395: 11545 11543 11573) (2109.92 s)
>> 1815 (3393: 34764 10319 10310) (2100.49 s)
>> 1813 (28522: 12934 12916 12898) (2042.36 s)
>> 1789 (20500: 12395 12359 12317) (2105.39 s)
>> 1788 (34355: 11416 29068 11383) (2097.5 s)
>> 1787 (31912: 12290 12313 12307) (2127.83 s)
>> 1784 (5439: 12658 12693 12654) (1990.24 s)
>> 1784 (36473: 10734 10799 10796) (2086.97 s)
>> 1776 (10896: 10893 10901 10895) (2017.04 s)
>> 1759 (3549: 10259 10258 10207) (1949.84 s)
>> 1750 (7532: 11813 11914 11838) (1828.98 s)
>> 1750 (13755: 11750 11722 11734) (1866.02 s)
>> 1742 (23008: 11154 11194 11170) (1869.94 s)
>> 1741 (7512: 11835 11825 11852) (1862.62 s)
>> 1740 (18489: 13090 13145 13140) (1775.42 s)
>> 1736 (8759: 11010 11149 11039) (1855.97 s)
>> 1729 (3281: 10406 10350 10346) (1856.16 s)
>> 1729 (21583: 12154 11927 11875) (1845.24 s)
>> 1726 (7008: 12108 12105 12061) (1809.91 s)
>> 1779 (33754: 11920 7176 12108) (1841.76 s)
>> 1725 (28770: 12706 12793 12678) (1850.93 s)
>> 1724 (4614: 13008 13010 12988) (1840.42 s)
>> 1724 (15071: 10482 10490 10473) (1782.15 s)
>> 1722 (7687: 11783 11760 11727) (1830.17 s)
>> 1721 (7790: 11716 11686 11647) (1835.79 s)
>> 1717 (5131: 12799 12861 12816) (1823.35 s)
>> 1711 (4752: 12961 12967 12964) (1778.42 s)
>> 1705 (8490: 11160 11139 11144) (1800.26 s)
>> 1705 (9830: 10660 10677 10666) (1801.69 s)
>> 1704 (16286: 12134 12137 12115) (1794.11 s)
>> 1697 (30230: 12436 20211 12530) (1705.19 s)
>> 1696 (26428: 10924 8975 10923) (1790.26 s)
>> 1693 (8244: 11356 11287 11272) (1793.11 s)
>> 1691 (2094: 23632 10912 10907) (1789.2 s)
>> 1688 (20101: 12537 12548 12487) (1742.3 s)
>> 1859 (1769: 12534 12537 12477) (1780.18 s)
>> 1681 (26105: 12130 12135 12077) (1788.24 s)
>> 1680 (22056: 11693 11796 11723) (1780.57 s)
>> 1669 (31589: 10876 10976 10972) (3216.11 s)
>> 1665 (28669: 10958 15959 10934) (1528.63 s)
>> 1662 (31344: 13319 13329 13314) (1486.61 s)
>> 1660 (24691: 10519 10528 10482) (1523.56 s)
>> 1659 (19501: 12726 12777 12740) (1451.24 s)
>> 1657 (15395: 12877 12852 12849) (1519.78 s)
>> 1656 (31987: 12642 12673 12665) (1477.55 s)
>> 1655 (19470: 12787 12752 12739) (1514.24 s)
>> 1646 (18589: 13119 13123 13111) (1415.31 s)
>> 1644 (5529: 12828 12666 12664) (1510.5 s)
>> 1640 (22408: 11536 11538 11539) (1468.55 s)
>> 1639 (36317: 10497 10515 10506) (1506.37 s)
>> 1632 (15957: 13138 13078 12951) (1431.79 s)
>> 1631 (7347: 11907 11925 11912) (1499.42 s)
>> 1623 (9220: 10832 23737 10839) (1459.69 s)
>> 1621 (19003: 12947 12936 12908) (1491.54 s)
>> 1616 (24690: 10513 10502 10494) (1403.28 s)
>> 1613 (24670: 10461 10530 10523) (1491.63 s)
>> 1609 (18717: 13054 13071 13067) (1448.51 s)
>> 1608 (22188: 11652 11650 11629) (1484.25 s)
>> 1604 (32823: 12440 12427 12416) (1414.29 s)
>> 1598 (32935: 22885 11242 11212) (1483.17 s)
>> 1595 (15931: 10971 10959 10928) (1442.1 s)
>> 1593 (3972: 13285 13288 13286) (1478.8 s)
>> 1589 (6368: 12310 12306 12297) (1382.57 s)
>> 1582 (17926: 13353 18002 13351) (1473.68 s)
>> 1579 (3607: 10228 10246 10234) (1431.3 s)
>> 1579 (7389: 11900 11898 11893) (1465.41 s)
>> 1578 (26375: 10274 10286 10242) (1395.71 s)
>> 1576 (9979: 10614 10629 10625) (1460.67 s)
>> 1573 (29038: 12818 12828 12779) (1423.76 s)
>> 1565 (16422: 10703 10712 10692) (1453.58 s)
>> 1563 (18640: 13091 13105 13095) (1371.45 s)
>> 1562 (23565: 10931 10929 10924) (1451.87 s)
>> 1562 (29800: 13199 13203 13198) (1410.91 s)
>> 1556 (20269: 12474 12461 12453) (1448.96 s)
>> 1549 (5655: 12606 12631 12624) (1346.72 s)
>> 1548 (27607: 10405 10454 10414) (1291.38 s)
>> 1544 (31704: 25209 25297 10275) (1275.08 s)
>> 1541 (8584: 11049 11110 11099) (1289.06 s)
>> 1533 (7583: 11780 11815 11809) (1245.53 s)
>> 1533 (26419: 10297 25175 10304) (1282.73 s)
>> 1533 (28156: 11209 22885 11180) (1266.18 s)
>> 1532 (25467: 27126 10167 10203) (1280.43 s)
>> 1527 (9014: 10918 10971 10921) (1248.29 s)
>> 1525 (1374: 12686 33083 12647) (1276.41 s)
>> 1524 (5257: 12759 12784 12770) (1259.12 s)
>> 1516 (9537: 10658 10745 10738) (1272.64 s)
>> 1514 (11065: 11067 11076 11064) (1232.45 s)
>> 1511 (14874: 10393 10377 10366) (1266.14 s)
>> 1502 (35303: 30092 3110 10403) (1249.02 s)
>> 1501 (20831: 12216 12250 12239) (1263.91 s)
>> 1499 (7781: 11695 11752 11693) (1232.35 s)
>> 1493 (13435: 35174 12128 12070) (1258.23 s)
>> 1489 (8985: 10926 10958 10932) (1243.72 s)
>> 1484 (15921: 13206 13207 13204) (1255.01 s)
>> 1478 (6453: 12279 12277 12276) (1212.13 s)
>> 1475 (5430: 12703 12696 12683) (1251.61 s)
>> 1469 (32710: 12094 12028 21243) (1235.52 s)
>> 1467 (29447: 11356 11416 11345) (1246.93 s)
>> 1447 (2046: 12715 12806 12760) (1215.4 s)
>> 1445 (11637: 11664 11635 11617) (1241.91 s)
>> 1438 (21541: 11937 11943 11962) (1224.07 s)
>> 1436 (28220: 13054 13039 13037) (1237.06 s)
>> 1431 (30873: 12554 32197 12569) (1215.14 s)
>> 1429 (9150: 10876 10870 10868) (1233.28 s)
>> 1429 (25047: 10271 3299 10352) (1219.6 s)
>> 1425 (3728: 3729 10274 10184) (1228.75 s)
>> 1422 (13486: 11227 11228 11214) (1200 s)
>> 1409 (5143: 12841 12811 12785) (1225.8 s)
>> 1392 (20044: 12554 12567 12536) (1210.49 s)
>> 1389 (18200: 13245 13261 13249) (1221.48 s)
>> 1389 (19914: 12588 12623 12611) (1182.72 s)
>> 1388 (29550: 12385 12367 12347) (1217.68 s)
>> 1377 (16171: 11246 11355 11150) (1200.54 s)
>> 1376 (26278: 11474 11467 11431) (1212.75 s)
>> 1369 (8209: 11332 11316 11307) (1183.71 s)
>> 1369 (10391: 10392 10393 10389) (1210.13 s)
>> 1368 (2526: 11285 11263 11236) (1195.61 s)
>> 1367 (34711: 35829 12535 12362) (1207.6 s)
>> 1362 (6057: 12429 12449 12436) (1168.61 s)
>> 1357 (6518: 12272 12260 12227) (1200.68 s)
>> 1346 (5837: 12528 12575 12540) (1186.4 s)
>> 1327 (5471: 12680 12679 12641) (1197.75 s)
>> 1324 (12098: 12065 12096 12092) (1167.67 s)
>> 1311 (7568: 11783 11818 11797) (1194.12 s)
>> 1311 (21695: 11895 11926 11891) (1175.72 s)
>> 1308 (19516: 12733 12755 12675) (1187.87 s)
>> 1307 (13901: 11640 11625 11609) (1150.08 s)
>> 1303 (579: 12997 13016 12999) (1184.74 s)
>> 1300 (21493: 11989 12045 11972) (1170.63 s)
>> 1298 (5305: 12735 12757 12750) (1181.27 s)
>> 1297 (36775: 13285 13280 13279) (1154.39 s)
>> 1292 (34067: 11725 11769 11732) (1178.66 s)
>> 1280 (1698: 10656 10668 10649) (1162.58 s)
>> 1279 (11866: 11870 11887 11863) (1174.44 s)
>> 1267 (4862: 12910 12896 12873) (1143.61 s)
>> 1265 (21954: 11754 11806 11720) (1168.63 s)
>> 1263 (29824: 10251 10236 10252) (1153.54 s)
>> 1261 (20889: 12222 12248 12236) (1163.94 s)
>> 1259 (7891: 11102 11631 11624) (1136.75 s)
>> 1259 (32497: 12942 12934 12937) (1163.02 s)
>> 1256 (22262: 11644 11675 11641) (1146.84 s)
>> 1254 (24723: 10509 10510 10477) (1158.07 s)
>> 1253 (29225: 11819 11841 11802) (1119.2 s)
>> 1249 (479: 11209 11195 11213) (1154.98 s)
>> 1247 (19707: 12658 12648 12703) (1138.63 s)
>> 1246 (8785: 11015 11034 11017) (1225.64 s)
>> 1244 (7096: 12017 12027 12024) (1217.61 s)
>> 1238 (20675: 12291 12310 12238) (1272.86 s)
>> 1229 (14001: 12500 12489 12470) (1240.18 s)
>> 1225 (15262: 11185 11215 11184) (1204.63 s)
>> 1224 (17441: 11138 11049 11160) (1105.46 s)
>> 1219 (766: 11378 11465 11102) (1136.68 s)
>> 1219 (35001: 11694 11705 11664) (1122.23 s)
>> 1218 (11709: 11682 11750 11708) (1131.12 s)
>> 1214 (13746: 12589 12605 12577) (1103.43 s)
>> 1214 (29471: 11122 11134 11083) (1128.03 s)
>> 1212 (20907: 12210 12218 12156) (1112.38 s)
>> 1210 (19408: 19447 5227 12825) (1124.67 s)
>> 1206 (29134: 12765 27062 12817) (1085.39 s)
>> 1200 (8115: 11423 11409 11397) (1120.75 s)
>> 1199 (10025: 10620 10613 10594) (1107.71 s)
>> 1199 (23461: 11001 23412 10953) (1116.25 s)
>> 1197 (21187: 12095 12136 12081) (1090.58 s)
>> 1194 (20201: 12578 12482 12385) (1112.45 s)
>> 1192 (34245: 12479 12525 12483) (1099.56 s)
>> 1181 (28979: 13057 13066 13053) (1108.06 s)
>> 1178 (21876: 11799 11836 11861) (1097.17 s)
>> 1178 (32467: 11932 11934 11835) (1103.9 s)
>> 1169 (3990: 13283 13285 13284) (1091.57 s)
>> 1168 (23917: 10794 10888 10730) (1099.6 s)
>> 1167 (23848: 10795 10832 10820) (1072.71 s)
>> 1166 (20299: 12458 12505 12429) (1095.88 s)
>> 1166 (28382: 11993 11992 12039) (1082.18 s)
>> 1161 (19776: 12660 19839 12663) (1092.56 s)
>> 1160 (20856: 12228 12244 12219) (1058.29 s)
>> 1159 (1713: 12391 12402 12371) (1087.94 s)
>> 1150 (17081: 12177 12192 12151) (1074.68 s)
>> 1150 (22884: 11205 26743 11200) (1085.27 s)
>> 1149 (8744: 11030 10967 23303) (1059.17 s)
>> 1146 (4799: 12974 12943 12866) (1079.91 s)
>> 1144 (21462: 11979 12010 11922) (1067.25 s)
>> 1142 (7199: 12002 11987 11978) (1077.84 s)
>> 1142 (22618: 22609 11380 11377) (1043.44 s)
>> 1138 (6089: 12438 12450 12437) (1073.15 s)
>> 1136 (31543: 12343 12331 12292) (1058.68 s)
>> 1133 (7822: 11378 11746 11661) (1067.21 s)
>> 1128 (23459: 23448 10963 10876) (1063.86 s)
>> 1127 (975: 11135 11138 11130) (1316.02 s)
>> 1127 (5702: 12602 12637 12622) (1270.42 s)
>> 1127 (19601: 12715 12705 12700) (1319.08 s)
>> 1124 (27029: 11807 11932 11645) (1232.09 s)
>> 1121 (6593: 12245 12237 12224) (1283.65 s)
>> 1118 (7946: 11601 11621 11606) (1298.99 s)
>> 1113 (31800: 11794 11826 11656) (1224.09 s)
>> 1112 (8866: 10977 10982 10980) (1451.61 s)
>> 1112 (19266: 12834 12782 12759) (1574.7 s)
>> 1111 (8093: 11436 11475 11432) (1628.43 s)
>> 1108 (18694: 13074 13138 12992) (1623.36 s)
>> 1107 (13742: 12753 35226 12312) (1595.92 s)
>> 1102 (14784: 10641 10639 10635) (1333.01 s)
>> 1101 (3906: 13315 18028 16217) (1326.21 s)
>> 1101 (18664: 13063 13100 13073) (1332.42 s)
>> 1101 (26290: 12394 12412 12386) (1397.98 s)
>> 1098 (7657: 11754 11777 11753) (1397.41 s)
>> 1097 (22758: 11286 11295 11260) (1427.1 s)
>> 1093 (8287: 11253 11265 11252) (1699.92 s)
>> 1090 (34110: 10483 10497 10463) (1395.14 s)
>> 1089 (1212: 12212 12231 12189) (1279.12 s)
>> 1084 (9350: 10795 10793 10764) (1658.96 s)
>> 1082 (29865: 11823 11810 11768) (1066.5 s)
>> 1080 (22726: 11310 22749 11300) (1034.66 s)
>> 1076 (19163: 12857 12865 12862) (1060.18 s)
>> 1073 (5455: 12677 12697 12684) (1253.92 s)
>> 1073 (11579: 11640 11571 11575) (1296.82 s)
>> 1070 (19144: 12868 12888 12885) (1312.43 s)
>> 1067 (8364: 35645 11210 11190) (1442.63 s)
>> 1066 (1376: 11666 11642 11630) (1387.52 s)
>> 1066 (18171: 13262 13294 13221) (1439.73 s)
>> 1065 (8418: 11181 11185 11166) (1279.78 s)
>> 1065 (16210: 3960 13297 13283) (1380.32 s)
>> 1065 (21181: 12100 12134 12078) (1376.16 s)
>> 1054 (6392: 12288 12315 12299) (1436.06 s)
>> 1049 (19932: 12588 12574 12564) (1424.26 s)
>> 1047 (27316: 10499 10480 10461) (1373.81 s)
>> 1045 (21117: 12131 12106 12100) (1489.16 s)
>> 1043 (8145: 11414 11400 11399) (1382.26 s)
>> 1040 (11762: 11747 11776 11761) (1312.14 s)
>> 1038 (36456: 10698 10703 10678) (1550.59 s)
>> 1035 (24126: 10707 10720 10713) (1353.24 s)
>> 1034 (7711: 11773 11739 11737) (1412.15 s)
>> 1032 (31968: 11605 11666 11587) (1463.31 s)
>> 1028 (4511: 13043 13062 13056) (1561.53 s)
>> 1026 (4586: 13058 13020 13019) (1618.49 s)
>> 1025 (598: 12139 12148 12095) (1499.49 s)
>> 1024 (5030: 12850 12910 12826) (1462.51 s)
>> 1022 (24696: 10514 10526 10499) (1558.09 s)
>> 1015 (7073: 12031 12107 12064) (1543.32 s)
>> 1014 (18373: 13190 26317 13188) (1362.16 s)
>> 1010 (2986: 10527 10534 10533) (1379.78 s)
>> 1009 (8254: 11282 35645 11280) (1349.97 s)
>> 1009 (11393: 11403 22653 11392) (1423.28 s)
>> 1008 (19379: 12765 12831 12774) (1599.09 s)
>> 1007 (19935: 12596 12613 12576) (1454.1 s)
>> 1007 (21666: 11909 11899 11793) (1513.03 s)
>> 999 (23254: 11135 11015 11041) (1575.7 s)
>> 993 (23352: 11002 11014 10996) (1539.98 s)
>> 992 (5614: 12606 12617 12608) (1432.38 s)
>> 989 (20512: 35829 12346 12295) (1401.31 s)
>> 985 (17033: 12216 12257 12255) (1235.96 s)
>> 982 (26252: 13235 13228 13222) (1293.86 s)
>> 981 (21482: 11973 11980 11901) (1195.85 s)
>> 976 (22022: 11771 11798 11751) (1266.47 s)
>> 975 (18016: 13312 13325 13321) (1204.84 s)
>> 973 (17429: 11205 11147 11142) (1272.44 s)
>> 968 (19543: 12729 12727 12724) (1125.9 s)
>> 967 (11509: 11494 11503 11506) (1260.69 s)
>> 962 (19879: 12606 12566 12618) (1205.86 s)
>> 961 (4594: 13009 13027 13021) (1257.73 s)
>> 961 (21444: 11984 12035 11983) (1244.09 s)
>> 956 (7126: 12011 12037 11985) (1245.33 s)
>> 953 (6604: 12232 12264 12208) (1191.31 s)
>> 1859 (6768: 12131 12232 12162) (1243.67 s)
>> 948 (2961: 10540 10547 10514) (1119.5 s)
>> 948 (30957: 12460 12534 12463) (1233.55 s)
>> 947 (18824: 13003 13013 12994) (1180.79 s)
>> 946 (19922: 12612 12635 12581) (1237.98 s)
>> 945 (24511: 10566 10595 10581) (1280.84 s)
>> 942 (21761: 28124 11895 11894) (1247.8 s)
>> 936 (19609: 12713 12734 12701) (1102.56 s)
>> 932 (22551: 11406 11452 11423) (1275.42 s)
>> 930 (9492: 10755 10756 10721) (1154.97 s)
>> 925 (14726: 13025 13034 13008) (1266.91 s)
>> 925 (24815: 24814 24846 10456) (1213.95 s)
>> 920 (15757: 11375 11356 22648) (1266.49 s)
>> 912 (32135: 11977 11968 11937) (1176.24 s)
>> 909 (20342: 12433 12454 12428) (1264.94 s)
>> 908 (22863: 11217 11220 11199) (1210.13 s)
>> 906 (20476: 6300 12365 20430) (1285.29 s)
>> 905 (20457: 12396 12394 12366) (1233.28 s)
>> 1150 (35454: 6300 12396 12389) (1422.43 s)
>> 902 (26336: 11038 11010 11001) (1356.12 s)
>> 898 (19808: 19843 12686 12633) (1424.73 s)
>> 896 (5309: 12692 12748 12716) (1306.02 s)
>> 896 (19113: 12868 12893 12899) (1415.47 s)
>> 894 (1683: 11620 11652 11649) (1088.82 s)
>> 891 (16344: 13201 36050 13194) (1115.08 s)
>> 889 (22267: 11612 7809 11644) (1011.15 s)
>> 889 (28901: 10500 10525 10481) (1068.49 s)
>> 885 (26874: 12620 12630 12606) (1039.39 s)
>> 882 (6734: 12177 12201 12187) (1066.67 s)
>> 881 (8030: 11521 11534 11519) (929.606 s)
>> 879 (14873: 10376 10392 10374) (968.465 s)
>> 877 (21810: 11856 11823 11799) (944.412 s)
>> 876 (9465: 10762 10741 10658) (965.882 s)
>> 872 (13965: 11767 12154 11040) (947.375 s)
>> 869 (15913: 11855 11870 11819) (969.784 s)
>> 868 (17099: 12170 12141 12130) (1040.01 s)
>> 867 (29589: 25158 10607 10298) (1009.35 s)
>> 863 (23208: 11054 11082 11057) (922.68 s)
>> 858 (20611: 12316 34707 12314) (964.452 s)
>> 857 (24967: 10376 10375 10356) (940.582 s)
>> 855 (7017: 12090 12059 12034) (961.14 s)
>> 855 (18621: 13106 13101 13074) (901.595 s)
>> 853 (19106: 12895 13003 12875) (960.255 s)
>> 852 (19533: 12730 12769 12747) (932.989 s)
>> 845 (27913: 11859 11876 11816) (955.07 s)
>> 843 (3909: 13313 13346 13315) (909.142 s)
>> 842 (24843: 10415 10453 10448) (951.017 s)
>> 842 (32368: 12904 12933 12921) (926.898 s)
>> 840 (8977: 10933 10935 10931) (947.704 s)
>> 839 (30448: 12753 13025 12979) (890.492 s)
>> 838 (23149: 11077 11122 11091) (944.034 s)
>> 837 (8380: 11188 11219 11201) (936.882 s)
>> 836 (3282: 10342 10353 10345) (951.715 s)
>> 836 (22045: 11758 11759 11712) (892.261 s)
>> 834 (14146: 10204 10221 10193) (931.865 s)
>> 832 (24339: 10637 10641 10614) (916.041 s)
>> 928 (9956: 9936 10637 10634) (957.673 s)
>> 828 (7080: 12029 21397 11984) (873.169 s)
>> 823 (25870: 12541 12549 12547) (926.366 s)
>> 820 (5794: 12559 12612 12539) (902.621 s)
>> 820 (23996: 10768 10783 10776) (922.897 s)
>> 819 (5899: 12508 12554 12515) (880.498 s)
>> 816 (983: 12709 12735 12722) (918.85 s)
>> 815 (15465: 11696 11711 11655) (994.924 s)
>> 811 (8173: 11358 11406 11379) (1022.94 s)
>> 811 (12112: 12104 12127 12110) (958.715 s)
>> 810 (22223: 11657 11633 11651) (1023.22 s)
>> 803 (20168: 12501 12529 12497) (991.892 s)
>> 802 (26211: 11258 11294 11285) (1019.57 s)
>> 800 (28081: 13087 13112 13033) (966.082 s)
>> 788 (19557: 12737 12714 12680) (1013.43 s)
>> 785 (13522: 12626 12615 12508) (984.122 s)
>> 783 (372: 10673 10659 10656) (1008.98 s)
>> 783 (5704: 12568 12602 12578) (944.499 s)
>> 781 (25117: 10317 10318 10312) (1006.71 s)
>> 781 (34621: 11918 11950 11933) (874.16 s)
>> 780 (29913: 13063 13129 12974) (924.881 s)
>> 778 (4934: 12881 13063 12880) (954.112 s)
>> 777 (31330: 12038 12153 12057) (1008.34 s)
>> 774 (5494: 12674 12695 12677) (999.611 s)
>> 774 (24175: 10762 10708 10597) (1022.28 s)
>> 771 (28654: 11358 11438 11319) (954.108 s)
>> 768 (11703: 11794 11701 11663) (1022.62 s)
>> 764 (34561: 10685 25187 10537) (880.278 s)
>> 758 (34500: 11227 11250 11237) (876.355 s)
>> 757 (23714: 10882 10942 10865) (839.189 s)
>> 756 (6410: 12293 12294 12246) (874.04 s)
>> 753 (22001: 22063 11754 11691) (851.856 s)
>> 753 (27556: 12543 12596 12570) (870.33 s)
>> 745 (5549: 12657 12661 12588) (824.016 s)
>> 744 (5015: 12853 12876 12850) (867.77 s)
>> 738 (15635: 11114 11135 11094) (846.832 s)
>> 738 (30882: 12094 12067 12011) (864.233 s)
>> 736 (18998: 12945 34421 12913) (829.329 s)
>> 735 (21340: 12029 12181 12047) (859.726 s)
>> 734 (8235: 11302 8259 11324) (794.427 s)
>> 734 (24403: 10615 9936 10623) (770.186 s)
>> 730 (25154: 10309 25701 10317) (759.507 s)
>> 1396 (34017: 10309 27977 10287) (765.93 s)
>> 723 (22409: 11533 11520 11536) (759.867 s)
>> 717 (5829: 12542 12657 12501) (764.471 s)
>> 713 (1915: 10881 10918 10855) (751.841 s)
>> 713 (7588: 11859 11833 11811) (760.885 s)
>> 711 (33781: 10590 34446 10697) (754.827 s)
>> 705 (7557: 11834 11897 11827) (759.075 s)
>> 705 (26009: 12424 12431 12407) (740.531 s)
>> 704 (7795: 11687 11684 11677) (754.766 s)
>> 704 (13885: 12830 12844 12818) (748.733 s)
>> 703 (21101: 12118 12210 12066) (751.448 s)
>> 701 (21750: 11858 11900 11884) (819.584 s)
>> 698 (18013: 13327 13326 13312) (813.28 s)
>> 697 (3303: 10335 10341 10330) (861.329 s)
>> 697 (33833: 12009 12033 11966) (1342.89 s)
>> 693 (33150: 11946 11924 11903) (1041.96 s)
>> 691 (7917: 11618 11648 11614) (1093.99 s)
>> 688 (21529: 11958 28124 21518) (1186.83 s)
>> 687 (21306: 12058 12048 12029) (1114.06 s)
>> 682 (3796: 10542 10555 10540) (1033.92 s)
>> 680 (34612: 10988 10978 10977) (1240.03 s)
>> 675 (5698: 12614 12603 12571) (1205.02 s)
>> 675 (21615: 11917 11919 11916) (1139.36 s)
>> 667 (13788: 12183 12212 12197) (1124.03 s)
>> 829 (29885: 12176 12183 12133) (982.005 s)
>> 667 (33819: 27242 22063 11812) (1231.82 s)
>> 665 (15871: 11883 11896 11856) (1162.33 s)
>> 664 (18961: 12962 12948 12945) (1245.26 s)
>> 660 (6653: 12226 12214 12206) (1055.42 s)
>> 804 (26001: 12207 12226 12191) (954.872 s)
>> 658 (26401: 11550 11594 11570) (987.724 s)
>> 655 (22501: 11484 11494 11444) (1106.04 s)
>> 653 (21522: 11967 12094 11971) (1289.01 s)
>> 652 (19775: 12659 12830 12643) (1066.44 s)
>> 646 (33796: 11474 22453 11499) (1197.48 s)
>> 644 (19833: 12638 12668 12542) (1111.74 s)
>> 643 (30608: 11238 11253 11226) (1150.81 s)
>> 641 (8726: 11002 11035 11028) (1107.55 s)
>> 638 (19652: 12694 12689 12708) (1136.7 s)
>> 636 (27968: 12149 12157 12132) (1240.85 s)
>> 634 (20714: 12279 12293 12287) (1144.09 s)
>> 629 (6688: 12188 12304 12204) (1133.94 s)
>> 622 (10035: 10620 10615 10610) (1192.66 s)
>> 620 (9059: 10913 10933 10889) (986.137 s)
>> 616 (2945: 10578 10545 10542) (1090.55 s)
>> 616 (33047: 10795 10757 10749) (1020.17 s)
>> 602 (35103: 11868 11855 11918) (1068.62 s)
>> 599 (22793: 11264 11302 11227) (1112.77 s)
>> 598 (25526: 10164 10188 10177) (1011.26 s)
>> 596 (24821: 10458 10457 10396) (1043.15 s)
>> 592 (14701: 18805 13035 13028) (1109.95 s)
>> 586 (15036: 12846 12829 12803) (1149.7 s)
>> 585 (26158: 11266 11279 11251) (1254.6 s)
>> 583 (9453: 10760 10795 10763) (1214.71 s)
>> 582 (9466: 10761 10767 10762) (1258.87 s)
>> 577 (9394: 10766 10784 10779) (1199.36 s)
>> 576 (6181: 12390 12568 12413) (1253.42 s)
>> 575 (24368: 10636 10621 10620) (1031.8 s)
>> 573 (9997: 10624 24456 10608) (1256.63 s)
>> 572 (13851: 12653 12670 12649) (1221.17 s)
>> 570 (22239: 11601 11696 11620) (1275.35 s)
>> 562 (25007: 25018 10325 10406) (1146.08 s)
>> 561 (22778: 11254 11258 11267) (1141.77 s)
>> 560 (19673: 12653 12753 12690) (1138.21 s)
>> 545 (17643: 10715 10743 10707) (1129.91 s)
>> 539 (5667: 12636 12619 12593) (1168.74 s)
>> 538 (8048: 11477 11443 11430) (1260.31 s)
>> 538 (24581: 10566 10578 10558) (930.68 s)
>> 537 (1917: 10204 10219 10213) (966.786 s)
>> 533 (22826: 11209 11266 11257) (1044.73 s)
>> 530 (21686: 11886 11872 11824) (1075.85 s)
>> 528 (3871: 13327 13330 13328) (1309.93 s)
>> 528 (9898: 10648 10670 10645) (1077.49 s)
>> 528 (21506: 11951 11942 11953) (1160.7 s)
>> 525 (5799: 12558 12579 12512) (980.994 s)
>> 525 (8220: 11309 11328 11331) (963.368 s)
>> 525 (8518: 11114 11145 11141) (1232.07 s)
>> 524 (22903: 11204 11211 11206) (1150.02 s)
>> 522 (22153: 22154 11682 11688) (1057.96 s)
>> 517 (7579: 11779 11840 11807) (967.764 s)
>> 512 (24944: 10527 10416 10384) (948.125 s)
>> 509 (2723: 12749 12765 12741) (894.084 s)
>> 505 (17793: 10323 34764 10326) (1003.15 s)
>> 503 (4548: 13042 13054 13031) (974.626 s)
>> 503 (20559: 12340 12374 12354) (963.234 s)
>> 498 (6646: 12207 12245 12215) (1048.28 s)
>> 497 (5317: 12745 12758 12736) (1077.28 s)
>> 497 (22704: 11309 11254 11332) (771.128 s)
>> 492 (19237: 12841 12881 12846) (965.396 s)
>> 487 (17042: 12291 12301 12233) (911.802 s)
>> 484 (32790: 11657 11623 11613) (1004.5 s)
>> 480 (19593: 12674 12726 12711) (1029.23 s)
>> 479 (31808: 11795 11747 21869) (1006.22 s)
>> 477 (7026: 12054 12060 12002) (905.628 s)
>> 476 (9796: 10674 10698 10663) (939.416 s)
>> 472 (19880: 5682 12589 12658) (940.017 s)
>> 470 (28212: 11673 11697 11704) (904.568 s)
>> 469 (20025: 12561 5682 12538) (1210.81 s)
>> 468 (6323: 12270 12458 12319) (1232.64 s)
>> 464 (24029: 10760 10753 10750) (1064.1 s)
>> 463 (24161: 10715 10702 10674) (1358.55 s)
>> 462 (3687: 10204 10212 10208) (1136.45 s)
>> 460 (29131: 20285 29746 12476) (1196.09 s)
>> 457 (18802: 13007 13009 13000) (1027.26 s)
>> 457 (22641: 11359 11375 11365) (950.518 s)
>> 457 (30235: 12049 12058 12012) (878.037 s)
>> 456 (6947: 12080 12131 12063) (995.469 s)
>> 449 (22052: 11724 11883 11755) (953.784 s)
>> 448 (9845: 10715 10673 10655) (850.229 s)
>> 448 (15255: 10881 10834 10833) (742.492 s)
>> 445 (16514: 13236 13244 13206) (906.156 s)
>> 440 (2217: 11098 11066 11051) (897.695 s)
>> 440 (8327: 11264 11240 11188) (710.006 s)
>> 438 (22067: 27242 22074 11601) (851.99 s)
>> 437 (22451: 11511 11527 11502) (887.839 s)
>> 430 (18740: 13045 13090 12653) (884.478 s)
>> 430 (21815: 11808 11869 11780) (869.629 s)
>> 429 (19376: 12792 12786 12766) (1120.15 s)
>> 429 (22163: 11685 11659 11669) (1169.11 s)
>> 429 (28819: 12342 12357 12333) (907.111 s)
>> 427 (7970: 11574 27242 11603) (1131.52 s)
>> 424 (21387: 12005 12019 11920) (963.096 s)
>> 424 (24711: 10504 10503 36430) (1151.05 s)
>> 420 (31651: 11284 11310 11283) (873.273 s)
>> 412 (21935: 11790 11791 11758) (1072.88 s)
>> 412 (32601: 12377 12361 12384) (967.094 s)
>> 411 (3939: 13252 13311 13301) (1103.61 s)
>> 403 (4590: 13015 13042 13002) (1060.5 s)
>> 389 (16885: 12590 12626 12587) (1098.16 s)
>> 388 (22728: 11286 11318 11311) (1079.56 s)
>> 1029 (31409: 11341 11322 11286) (1094.3 s)
>> 388 (27643: 12343 12326 12279) (812.97 s)
>> 384 (24104: 10755 10794 10590) (1383.3 s)
>> 382 (27157: 10262 10259 10251) (1318.08 s)
>> 381 (18741: 13043 13058 13036) (1120.01 s)
>> 380 (15649: 11169 11262 11168) (1116.64 s)
>> 380 (16623: 12998 13015 12989) (1144.38 s)
>> 375 (12008: 11993 12014 12006) (906.647 s)
>> 372 (21299: 12056 35174 12023) (834.141 s)
>> 370 (4220: 13184 13190 13163) (920.312 s)
>> 364 (7516: 11909 11843 11817) (943.444 s)
>> 354 (6230: 12364 12391 12372) (945.634 s)
>> 351 (24636: 10761 10546 10527) (953.535 s)
>> 350 (6272: 6300 12377 12351) (929.267 s)
>> 345 (27661: 26840 13309 13262) (947.755 s)
>> 344 (33151: 12013 12036 11988) (921.654 s)
>> 341 (17049: 12272 12223 12177) (932.464 s)
>> 339 (8525: 11114 11133 11123) (841.144 s)
>> 336 (8594: 11067 11378 11087) (660.492 s)
>> 334 (9312: 10812 10818 10760) (747.941 s)
>> 332 (6913: 12101 12005 12126) (1299.53 s)
>> 321 (24535: 10566 10574 10572) (1253.99 s)
>> 315 (21832: 11828 11868 11820) (1290.61 s)
>> 311 (21936: 11766 11828 11787) (1286.63 s)
>> 309 (7094: 12025 12055 12044) (1411.15 s)
>> 375 (21335: 12025 7050 12056) (1372.81 s)
>> 308 (26687: 12475 12435 12390) (1150.02 s)
>> 299 (12469: 20285 12468 12440) (831.449 s)
>> 299 (32820: 29491 12340 12288) (925.552 s)
>> 297 (12041: 11967 12050 12040) (834.845 s)
>> 295 (18357: 13184 13224 13193) (902.338 s)
>> 294 (20828: 12207 12261 12252) (886.109 s)
>> 293 (25064: 10342 25050 10331) (921.732 s)
>> 292 (25070: 10333 10328 10321) (910 s)
>> 291 (22680: 11329 11330 22684) (921.011 s)
>> 291 (31658: 12738 12841 12721) (904.331 s)
>> 286 (1062: 12799 12800 12776) (908.122 s)
>> 286 (14935: 13327 13307 13252) (702.566 s)
>> 285 (7366: 11905 11917 11858) (722.957 s)
>> 281 (22386: 11521 11546 11542) (875.071 s)
>> 381 (22337: 11551 11574 11521) (890.67 s)
>> 280 (18647: 13094 13089 13080) (860.366 s)
>> 492 (18665: 13094 13085 13057) (871.57 s)
>> 279 (21539: 11946 12013 11970) (829.596 s)
>> 278 (5869: 12527 12706 12513) (883.071 s)
>> 278 (10061: 10566 10636 10600) (805.587 s)
>> 276 (3225: 10378 10458 10329) (861.234 s)
>> 273 (21862: 11766 11821 11756) (819.25 s)
>> 272 (11334: 11329 11341 11333) (840.39 s)
>> 264 (17622: 10775 10808 10761) (742.961 s)
>> 263 (24984: 10376 10340 10379) (1394.75 s)
>> 255 (19851: 12616 12620 12590) (1546.24 s)
>> 250 (21999: 11775 11766 11757) (1578.87 s)
>> 250 (33829: 11476 11551 11456) (1308.94 s)
>> 245 (5805: 12556 12614 12558) (672.623 s)
>> 238 (23480: 10960 23448 11002) (681.378 s)
>> 236 (4050: 13253 13263 13260) (898.26 s)
>> 236 (9185: 10853 10852 10775) (1024.22 s)
>> 228 (3042: 10519 10500 10493) (1232.44 s)
>> 227 (4564: 18805 13032 13030) (1240.75 s)
>> 223 (16694: 12749 12848 12833) (947.56 s)
>> 221 (6830: 12117 12176 12139) (934.803 s)
>> 215 (7132: 12004 12025 11994) (968.98 s)
>> 215 (23221: 11061 11098 11053) (951.685 s)
>> 211 (13759: 11114 11163 11159) (959.131 s)
>> 210 (16959: 12446 12460 12395) (938.457 s)
>> 205 (5827: 12544 12616 12528) (953.074 s)
>> 202 (4186: 13199 13197 13196) (938.314 s)
>> 202 (7495: 11857 11882 11829) (949.629 s)
>> 202 (15150: 6300 12433 12415) (893.217 s)
>> 199 (21012: 12185 12198 12167) (809.406 s)
>> 199 (24136: 10715 10716 10685) (851.746 s)
>> 198 (22383: 11533 11545 11549) (852.513 s)
>> 197 (6818: 12138 12149 12031) (619.017 s)
>> 195 (6035: 12500 12455 12471) (622.135 s)
>> 191 (21194: 12090 12170 12143) (909.649 s)
>> 190 (7683: 11763 11792 11715) (916.114 s)
>> 178 (23761: 10960 10869 10854) (902.152 s)
>> 177 (4689: 13164 12997 12962) (966.63 s)
>> 177 (5261: 12768 19447 12709) (928.314 s)
>> 175 (35006: 11544 11533 11433) (953.125 s)
>> 174 (8333: 11218 11264 11235) (939.146 s)
>> 172 (22194: 11658 11886 11694) (1000.54 s)
>> 171 (11584: 11716 11596 11580) (960.176 s)
>> 171 (22956: 11209 11173 11132) (898.859 s)
>> 171 (27852: 10893 23632 10887) (864.941 s)
>> 170 (19279: 12805 12887 12745) (896.895 s)
>> 166 (6152: 12404 20337 12430) (881.101 s)
>> 154 (4743: 12957 12961 12950) (895.376 s)
>> 153 (5106: 12823 12877 12527) (866.634 s)
>> 152 (22371: 11640 11559 11544) (939.895 s)
>> 148 (2918: 10566 10562 10550) (924.039 s)
>> 148 (6548: 12251 12281 12114) (944.942 s)
>> 140 (9472: 10759 10853 10758) (892.7 s)
>> 139 (19693: 12733 12688 12672) (947.482 s)
>> 138 (31697: 10875 10881 10872) (816.47 s)
>> 133 (9498: 10754 30755 10812) (541.668 s)
>> 127 (2606: 10913 10946 10944) (493.05 s)
>> 126 (20323: 12424 12432 20285) (496.991 s)
>> 119 (5105: 12815 12834 12824) (492.218 s)
>> 117 (7638: 11782 11909 11773) (564.118 s)
>> 115 (8562: 11114 11120 11088) (764.968 s)
>> 108 (23128: 11085 11131 11092) (782.077 s)
>> 103 (6555: 12249 12271 12117) (769.246 s)
>> 100 (5263: 12767 12772 12733) (782.762 s)
>> 99 (5513: 12669 12707 12660) (774.287 s)
>> 95 (23050: 11137 11114 11077) (773.406 s)
>> 94 (22472: 11477 11476 11358) (764.242 s)
>> 78 (23499: 10875 10979 10957) (774.856 s)
>> 76 (25141: 10315 10323 10313) (841.012 s)
>> 73 (5856: 12559 12532 12446) (899.197 s)
>> 73 (23262: 11043 11137 11050) (875.606 s)
>> 64 (6223: 12364 12404 12356) (895.53 s)
>> 63 (20179: 20150 12544 12500) (862.392 s)
>> 54 (7161: 11991 12138 11979) (900.817 s)
>> 53 (20999: 12182 12186 12169) (953.649 s)
>> 36 (23681: 10892 10940 10755) (866.124 s)
>> 29 (6756: 12174 12178 12065) (876.596 s)
>> 28 (22465: 11477 11511 11497) (901.266 s)
>> 18 (4849: 4863 12928 12915) (825.142 s)
>> 230 (19018: 4863 12944 12942) (791.116 s)
>> 16 (18520: 13139 13258 13120) (849.297 s)
>> 11 (36671: 11967 12104 12082) (885.067 s)
>> 0 (-1: -1 -1 -1) (857.789 s)
Zelikovsky- 1.73399e+06 s
>>> get_solution
  refine_solution: new weight 815881811 (was 815915761) in 0.033422 s
  refine_solution: new weight 815881804 (was 815881811) in 0.034932 s
  refine_solution: new weight 815881804 (was 815881804) in 0.034687 s
>>> get_solution
  refine_solution: new weight 816796836 (was 817124716) in 0.03377 s
  refine_solution: new weight 816765211 (was 816796836) in 0.034676 s
  refine_solution: new weight 816756702 (was 816765211) in 0.034426 s
  refine_solution: new weight 816754400 (was 816756702) in 0.034821 s
  refine_solution: new weight 816754400 (was 816754400) in 0.034145 s
0,,36786,54995,2894,,0,0,,817124716,816754400,816207829,815915761,815881804,,0,0,@@

  delete_edges: deleted 168 edges in 0.023941 s and 2 rounds
  handle_small_Steiner_degrees: steiner 0, suppress 285 in 0.000331 s
Starting round 1
contract_till_the_bitter_end interrupted
contract_till_the_bitter_end: 1.8051e+06 s

Calling end_heu
>>> get_solution
Saved weight 574491833
end_heu: 0 loops with 0 unique solutions in 0.008285 s

Calling print_solution
>>> get_solution
  refine_solution: new weight 816811788 (was 817124716) in 0.062302 s
Oops orig weight was 817124716 but we got 816811788
## FINAL WEIGHT 816811788
print_solution: 0.121899 s
