Version: final-94-gfffc3aa rub_all.sh: remove longest prefix
Random seed: 1558064954
Start
>>> save_orig_graph
>> Saved weight 0
Graph loaded
|V| = 11544, |E| = 18429, |R| = 68
First clearance of the input. Calling buy_zero and run_all_heuristics.
  buy_zero: 0 zero edges in 2.2e-05 s
  handle_small_terminal_degrees: terms 0 in 9e-06 s
  handle_small_Steiner_degrees: steiner 25, suppress 1670 in 0.000361 s
  shortest_edge_between_terminals: 0 edges in 2e-06 s
  handle_small_terminal_degrees: terms 0 in 1.3e-05 s
  handle_small_Steiner_degrees: steiner 0, suppress 16 in 1.7e-05 s
  shortest_edge_between_terminals: 0 edges in 1e-06 s
  handle_small_terminal_degrees: terms 0 in 8e-06 s
  handle_small_Steiner_degrees: steiner 0, suppress 1 in 1.4e-05 s
  shortest_edge_between_terminals: 0 edges in 2e-06 s
  handle_small_terminal_degrees: terms 0 in 8e-06 s
  handle_small_Steiner_degrees: steiner 0, suppress 0 in 1.4e-05 s
  shortest_edge_between_terminals: 0 edges in 1e-06 s
Compressed graph 11544 -> 9831
  delete_edges: deleted 63 edges in 0.001039 s and 2 rounds
  handle_small_terminal_degrees: terms 0 in 7e-06 s
  handle_small_Steiner_degrees: steiner 3, suppress 87 in 3.1e-05 s
  shortest_edge_between_terminals: 0 edges in 2e-06 s
  handle_small_terminal_degrees: terms 0 in 7e-06 s
  handle_small_Steiner_degrees: steiner 0, suppress 2 in 1.2e-05 s
  shortest_edge_between_terminals: 0 edges in 2e-06 s
  handle_small_terminal_degrees: terms 0 in 7e-06 s
  handle_small_Steiner_degrees: steiner 0, suppress 0 in 1.2e-05 s
  shortest_edge_between_terminals: 0 edges in 1e-06 s
Compressed graph 9831 -> 9739
  delete_edges_shortest_path: deleted 55 edges in 0.039546 s
  handle_small_terminal_degrees: terms 0 in 7e-06 s
  handle_small_Steiner_degrees: steiner 5, suppress 66 in 2.9e-05 s
  shortest_edge_between_terminals: 0 edges in 2e-06 s
  handle_small_terminal_degrees: terms 0 in 7e-06 s
  handle_small_Steiner_degrees: steiner 0, suppress 2 in 1.2e-05 s
  shortest_edge_between_terminals: 0 edges in 1e-06 s
  handle_small_terminal_degrees: terms 0 in 7e-06 s
  handle_small_Steiner_degrees: steiner 0, suppress 0 in 1.1e-05 s
  shortest_edge_between_terminals: 0 edges in 2e-06 s
Compressed graph 9739 -> 9666
  handle_small_terminal_degrees: terms 0 in 7e-06 s
  handle_small_Steiner_degrees: steiner 0, suppress 0 in 1e-05 s
  shortest_edge_between_terminals: 0 edges in 3e-06 s
Compressed graph 9666 -> 9666
  delete_edges_shortest_path: deleted 43 edges in 0.038943 s
  handle_small_terminal_degrees: terms 0 in 7e-06 s
  handle_small_Steiner_degrees: steiner 4, suppress 55 in 3e-05 s
  shortest_edge_between_terminals: 0 edges in 1e-06 s
  handle_small_terminal_degrees: terms 0 in 7e-06 s
  handle_small_Steiner_degrees: steiner 0, suppress 0 in 1.2e-05 s
  shortest_edge_between_terminals: 0 edges in 1e-06 s
Compressed graph 9666 -> 9607
Compressed graph 9607 -> 9607
>>> save_orig_graph
>> Saved weight 0
### ZEL_LVL=9 PRECISE_STARS=1

Calling `contract_till_the_bitter_end`
|V| = 9607, |E| = 16314, |R| = 68
>> 56 (5908: 5292 5888 5292) (0.002759 s)
>> 32 (7841: 7206 8007 7206) (0.002563 s)
>> 25 (6875: 6242 6882 6242) (0.002536 s)
>> 25 (8176: 7710 8172 7710) (0.002529 s)
>> 25 (8794: 8310 8789 8310) (0.002453 s)
>> 18 (1036: 718 880 718) (0.002449 s)
>> 18 (8284: 7829 8272 7829) (0.002473 s)
>> 15 (1330: 993 1333 993) (0.002496 s)
>> 15 (6891: 6579 6889 6579) (0.002479 s)
>> 13 (1028: 1026 1194 1026) (0.00248 s)
>> 13 (1801: 1503 1793 1503) (0.002481 s)
>> 10 (190: 5 189 5) (0.002421 s)
>> 0 (-1: -1 -1 -1) (0.002077 s)
Zelikovsky 9.31016 s
>> 56 (5908: 6837 5888 5292) (9.46591 s)
>> 32 (7841: 8007 8013 7206) (9.73073 s)
>> 25 (8176: 8172 8326 7710) (9.75586 s)
>> 18 (1036: 1200 880 718) (9.7415 s)
>> 17 (8017: 8007 8310 7696) (9.74508 s)
>> 15 (1330: 1333 1954 993) (9.74516 s)
>> 13 (1028: 1194 1200 1026) (9.73327 s)
>> 13 (1336: 1503 1333 1166) (9.71891 s)
>> 13 (8284: 7829 9075 8272) (9.70424 s)
>> 10 (190: 189 351 5) (9.72938 s)
>> 10 (989: 1503 984 677) (9.71834 s)
>> 10 (1172: 1170 1964 1180) (9.71603 s)
>> 10 (6880: 6882 8007 6242) (9.69972 s)
>> 9 (529: 355 1170 707) (9.73512 s)
>> 5 (739: 740 734 402) (9.7325 s)
>> 5 (841: 842 1503 683) (9.72697 s)
>> 5 (6888: 6889 6882 6579) (9.72205 s)
>> 5 (7347: 7346 7829 7351) (9.7311 s)
>> 5 (8642: 8643 8967 8172) (9.7286 s)
>> 0 (-1: -1 -1 -1) (9.71881 s)
Zelikovsky- 194.322 s
>>> get_solution
  refine_solution: new weight 4002 (was 4002) in 0.001462 s
>>> get_solution
  refine_solution: new weight 4175 (was 4190) in 0.001631 s
  refine_solution: new weight 4175 (was 4175) in 0.001441 s
0,,9607,16314,68,,0,0,,4190,4175,4031,4002,4002,,0,0,@@

  delete_edges: deleted 27 edges in 0.001053 s and 2 rounds
  handle_small_Steiner_degrees: steiner 0, suppress 34 in 2.6e-05 s
Starting round 1
Found 34 isolated vertices
Invalid ratios recomputed: 9573
Best ratio is 20/1 (20.0), centered at 351
Finding the best star... Star with 2 terminals centered in 355
round took: 2.37548 s
|V| = 9607, |E| = 16248, |R| = 67
>> 56 (5908: 5292 5888 5292) (0.002584 s)
>> 32 (7841: 7206 8007 7206) (0.002508 s)
>> 25 (6875: 6242 6882 6242) (0.002432 s)
>> 25 (8176: 7710 8172 7710) (0.002439 s)
>> 25 (8794: 8310 8789 8310) (0.002441 s)
>> 18 (1036: 718 880 718) (0.002432 s)
>> 18 (8284: 7829 8272 7829) (0.002433 s)
>> 15 (1330: 993 1333 993) (0.00242 s)
>> 15 (6891: 6579 6889 6579) (0.002418 s)
>> 13 (1028: 1026 1194 1026) (0.002402 s)
>> 13 (1801: 1503 1793 1503) (0.002389 s)
>> 10 (190: 5 189 5) (0.002366 s)
>> 0 (-1: -1 -1 -1) (0.00204 s)
Zelikovsky 9.20953 s
>> 56 (5908: 6837 5888 5292) (9.39307 s)
>> 32 (7841: 8007 8013 7206) (9.64429 s)
>> 25 (8176: 8172 8326 7710) (9.66945 s)
>> 18 (1036: 1200 880 718) (9.65562 s)
>> 17 (8017: 8007 8310 7696) (9.65554 s)
>> 15 (1330: 1333 1954 993) (9.65798 s)
>> 13 (1028: 1194 1200 1026) (9.6514 s)
>> 13 (1336: 1503 1333 1166) (9.63533 s)
>> 13 (8284: 7829 9075 8272) (9.62523 s)
>> 10 (190: 189 355 5) (9.64191 s)
>> 10 (989: 1503 984 677) (9.63498 s)
>> 10 (1172: 1170 1964 1180) (9.63373 s)
>> 10 (6880: 6882 8007 6242) (9.62053 s)
>> 9 (528: 189 1170 707) (9.6547 s)
>> 5 (739: 740 734 402) (9.65465 s)
>> 5 (841: 842 1503 683) (9.64818 s)
>> 5 (6888: 6889 6882 6579) (9.63931 s)
>> 5 (7347: 7346 7829 7351) (9.64716 s)
>> 5 (8642: 8643 8967 8172) (9.64334 s)
>> 0 (-1: -1 -1 -1) (9.63574 s)
Zelikovsky- 192.664 s
>>> get_solution
  refine_solution: new weight 4002 (was 4002) in 0.001454 s
>>> get_solution
  refine_solution: new weight 4175 (was 4175) in 0.001591 s
1,,9573,16248,67,,9573,0,,4175,4175,4031,4002,4002,,20,2,@@

  handle_small_Steiner_degrees: steiner 0, suppress 0 in 1.5e-05 s
Starting round 2
Found 38 isolated vertices
Invalid ratios recomputed: 5662
Best ratio is 20/1 (20.0), centered at 537
Finding the best star... Star with 2 terminals centered in 541
round took: 2.03003 s
|V| = 9607, |E| = 16244, |R| = 66
>> 56 (5908: 5292 5888 5292) (0.002539 s)
>> 32 (7841: 7206 8007 7206) (0.002494 s)
>> 25 (6875: 6242 6882 6242) (0.002449 s)
>> 25 (8176: 7710 8172 7710) (0.002389 s)
>> 25 (8794: 8310 8789 8310) (0.002403 s)
>> 18 (1036: 718 880 718) (0.00235 s)
>> 18 (8284: 7829 8272 7829) (0.00243 s)
>> 15 (1330: 993 1333 993) (0.002381 s)
>> 15 (6891: 6579 6889 6579) (0.002379 s)
>> 13 (1028: 1026 1194 1026) (0.002354 s)
>> 13 (1801: 1503 1793 1503) (0.002348 s)
>> 10 (190: 5 189 5) (0.002322 s)
>> 0 (-1: -1 -1 -1) (0.002012 s)
Zelikovsky 9.15326 s
>> 56 (5908: 6837 5888 5292) (9.38213 s)
>> 32 (7841: 8007 8013 7206) (9.63769 s)
>> 25 (8176: 8172 8326 7710) (9.65874 s)
>> 18 (1036: 1200 880 718) (9.64843 s)
>> 17 (8017: 8007 8310 7696) (9.64777 s)
>> 15 (1330: 1333 1954 993) (9.64921 s)
>> 13 (1028: 1194 1200 1026) (9.64047 s)
>> 13 (1336: 1503 1333 1166) (9.62665 s)
>> 13 (8284: 7829 9075 8272) (9.61339 s)
>> 10 (190: 189 355 5) (9.63338 s)
>> 10 (989: 1503 984 677) (9.62719 s)
>> 10 (1172: 1170 1964 1180) (9.61965 s)
>> 10 (6880: 6882 8007 6242) (9.61387 s)
>> 9 (528: 189 1170 707) (9.64546 s)
>> 5 (739: 740 734 402) (9.64404 s)
>> 5 (841: 842 1503 683) (9.63598 s)
>> 5 (6888: 6889 6882 6579) (9.63069 s)
>> 5 (7347: 7346 7829 7351) (9.63896 s)
>> 5 (8642: 8643 8967 8172) (9.6357 s)
>> 0 (-1: -1 -1 -1) (9.62875 s)
Zelikovsky- 192.48 s
>>> get_solution
  refine_solution: new weight 4002 (was 4002) in 0.001453 s
>>> get_solution
  refine_solution: new weight 4175 (was 4175) in 0.001586 s
2,,9569,16244,66,,5662,0,,4175,4175,4031,4002,4002,,20,2,@@

  handle_small_Steiner_degrees: steiner 0, suppress 0 in 1.5e-05 s
Starting round 3
Found 42 isolated vertices
Invalid ratios recomputed: 6042
Best ratio is 20/1 (20.0), centered at 1166
Finding the best star... Star with 2 terminals centered in 1170
round took: 2.10368 s
|V| = 9607, |E| = 16240, |R| = 65
>> 56 (5908: 5292 5888 5292) (0.002483 s)
>> 32 (7841: 7206 8007 7206) (0.002429 s)
>> 25 (6875: 6242 6882 6242) (0.002376 s)
>> 25 (8176: 7710 8172 7710) (0.002348 s)
>> 25 (8794: 8310 8789 8310) (0.002336 s)
>> 18 (1036: 718 880 718) (0.002311 s)
>> 18 (8284: 7829 8272 7829) (0.002333 s)
>> 15 (1330: 993 1333 993) (0.002349 s)
>> 15 (6891: 6579 6889 6579) (0.002358 s)
>> 13 (1028: 1026 1194 1026) (0.002301 s)
>> 13 (1801: 1503 1793 1503) (0.002296 s)
>> 10 (190: 5 189 5) (0.002281 s)
>> 0 (-1: -1 -1 -1) (0.001992 s)
Zelikovsky 9.11975 s
>> 56 (5908: 6837 5888 5292) (9.36778 s)
>> 32 (7841: 8007 8013 7206) (9.62614 s)
>> 25 (8176: 8172 8326 7710) (9.64769 s)
>> 18 (1036: 1200 880 718) (9.64084 s)
>> 17 (8017: 8007 8310 7696) (9.63618 s)
>> 15 (1330: 1333 1954 993) (9.63716 s)
>> 13 (1028: 1194 1200 1026) (9.6263 s)
>> 13 (1336: 1503 1333 1170) (9.61296 s)
>> 13 (8284: 7829 9075 8272) (9.60103 s)
>> 10 (190: 189 355 5) (9.62402 s)
>> 10 (989: 1503 984 677) (9.61843 s)
>> 10 (1172: 1503 1964 1180) (9.61124 s)
>> 10 (6880: 6882 8007 6242) (9.59614 s)
>> 9 (528: 189 1503 707) (9.62876 s)
>> 5 (739: 740 734 402) (9.6264 s)
>> 5 (841: 842 683 189) (9.62214 s)
>> 5 (6888: 6889 6882 6579) (9.61769 s)
>> 5 (7347: 7346 7829 7351) (9.62445 s)
>> 5 (8642: 8643 8967 8172) (9.62046 s)
>> 0 (-1: -1 -1 -1) (9.61468 s)
Zelikovsky- 192.223 s
>>> get_solution
  refine_solution: new weight 4002 (was 4002) in 0.001453 s
>>> get_solution
  refine_solution: new weight 4180 (was 4195) in 0.001596 s
  refine_solution: new weight 4180 (was 4180) in 0.001444 s
3,,9565,16240,65,,6042,0,,4195,4180,4036,4002,4002,,20,2,@@

  handle_small_Steiner_degrees: steiner 0, suppress 0 in 1.5e-05 s
Starting round 4
Found 46 isolated vertices
Invalid ratios recomputed: 5624
Best ratio is 46/2 (23.0), centered at 536
Finding the best star... Star with 3 terminals centered in 863
round took: 2.04331 s
|V| = 9607, |E| = 16234, |R| = 63
>> 56 (5908: 5292 5888 5292) (0.002405 s)
>> 32 (7841: 7206 8007 7206) (0.002355 s)
>> 25 (6875: 6242 6882 6242) (0.002304 s)
>> 25 (8176: 7710 8172 7710) (0.002281 s)
>> 25 (8794: 8310 8789 8310) (0.00228 s)
>> 18 (1036: 718 880 718) (0.002267 s)
>> 18 (8284: 7829 8272 7829) (0.002278 s)
>> 15 (1330: 993 1333 993) (0.002257 s)
>> 15 (6891: 6579 6889 6579) (0.002275 s)
>> 13 (1028: 1026 1194 1026) (0.002262 s)
>> 13 (1801: 1503 1793 1503) (0.002214 s)
>> 10 (190: 5 189 5) (0.002186 s)
>> 0 (-1: -1 -1 -1) (0.001926 s)
Zelikovsky 9.0214 s
>> 56 (5908: 6837 5888 5292) (9.33895 s)
>> 32 (7841: 8007 8013 7206) (9.60153 s)
>> 25 (8176: 8172 8326 7710) (9.62701 s)
>> 18 (1036: 1200 880 718) (9.61999 s)
>> 17 (8017: 8007 8310 7696) (9.61338 s)
>> 15 (1330: 1333 1954 993) (9.61569 s)
>> 13 (1028: 1194 1200 1026) (9.61015 s)
>> 13 (1336: 1503 1333 1170) (9.59343 s)
>> 13 (8284: 7829 9075 8272) (9.58032 s)
>> 10 (190: 189 355 5) (9.60185 s)
>> 10 (989: 1503 984 677) (9.5955 s)
>> 10 (1172: 1503 1964 1180) (9.59076 s)
>> 10 (6880: 6882 8007 6242) (9.57788 s)
>> 8 (1023: 863 1503 1194) (9.61159 s)
>> 5 (739: 740 734 402) (9.59986 s)
>> 5 (841: 842 863 683) (9.59302 s)
>> 5 (6888: 6889 6882 6579) (9.59393 s)
>> 5 (7347: 7346 7829 7351) (9.60063 s)
>> 5 (8642: 8643 8967 8172) (9.59676 s)
>> 0 (-1: -1 -1 -1) (9.59394 s)
Zelikovsky- 191.778 s
>>> get_solution
  refine_solution: new weight 4003 (was 4003) in 0.001457 s
>>> get_solution
  refine_solution: new weight 4180 (was 4195) in 0.001603 s
  refine_solution: new weight 4180 (was 4180) in 0.001441 s
4,,9561,16234,63,,5624,0,,4195,4180,4036,4003,4003,,46,3,@@

  handle_small_Steiner_degrees: steiner 0, suppress 0 in 1.6e-05 s
Starting round 5
Found 52 isolated vertices
Invalid ratios recomputed: 6117
Best ratio is 46/2 (23.0), centered at 1199
Finding the best star... Star with 3 terminals centered in 1533
round took: 2.13356 s
|V| = 9607, |E| = 16229, |R| = 61
>> 56 (5908: 5292 5888 5292) (0.002337 s)
>> 32 (7841: 7206 8007 7206) (0.002255 s)
>> 25 (6875: 6242 6882 6242) (0.002221 s)
>> 25 (8176: 7710 8172 7710) (0.002199 s)
>> 25 (8794: 8310 8789 8310) (0.002177 s)
>> 18 (1036: 718 880 718) (0.00217 s)
>> 18 (8284: 7829 8272 7829) (0.002166 s)
>> 15 (1330: 993 1333 993) (0.002162 s)
>> 15 (6891: 6579 6889 6579) (0.002165 s)
>> 13 (1028: 1026 1194 1026) (0.002133 s)
>> 13 (1801: 1503 1793 1503) (0.002135 s)
>> 10 (190: 5 189 5) (0.002103 s)
>> 0 (-1: -1 -1 -1) (0.001866 s)
Zelikovsky 8.96641 s
>> 56 (5908: 6837 5888 5292) (9.33105 s)
>> 32 (7841: 8007 8013 7206) (9.5898 s)
>> 25 (8176: 8172 8326 7710) (9.6182 s)
>> 18 (1036: 1533 880 718) (9.60982 s)
>> 17 (8017: 8007 8310 7696) (9.59436 s)
>> 15 (1330: 1333 1954 993) (9.60076 s)
>> 13 (1028: 1194 1533 1026) (9.59356 s)
>> 13 (1336: 1503 1333 1170) (9.57822 s)
>> 13 (8284: 7829 9075 8272) (9.56719 s)
>> 10 (190: 189 355 5) (9.59464 s)
>> 10 (989: 1503 984 677) (9.58734 s)
>> 10 (1172: 1503 1964 1180) (9.58315 s)
>> 10 (6880: 6882 8007 6242) (9.56565 s)
>> 8 (1023: 863 1503 1194) (9.59978 s)
>> 5 (739: 740 734 402) (9.59183 s)
>> 5 (841: 842 863 683) (9.58113 s)
>> 5 (6888: 6889 6882 6579) (9.58362 s)
>> 5 (7347: 7346 7829 7351) (9.5928 s)
>> 5 (8642: 8643 8967 8172) (9.59196 s)
>> 0 (-1: -1 -1 -1) (9.58596 s)
Zelikovsky- 191.563 s
>>> get_solution
  refine_solution: new weight 4003 (was 4003) in 0.00146 s
>>> get_solution
  refine_solution: new weight 4180 (was 4195) in 0.00158 s
  refine_solution: new weight 4180 (was 4180) in 0.00144 s
5,,9555,16229,61,,6117,0,,4195,4180,4036,4003,4003,,46,3,@@

  handle_small_Steiner_degrees: steiner 0, suppress 0 in 1.5e-05 s
Starting round 6
Found 57 isolated vertices
Invalid ratios recomputed: 6343
Best ratio is 23/1 (23.0), centered at 189
Finding the best star... Star with 2 terminals centered in 355
round took: 2.2049 s
|V| = 9607, |E| = 16226, |R| = 60
>> 56 (5908: 5292 5888 5292) (0.002304 s)
>> 32 (7841: 7206 8007 7206) (0.002233 s)
>> 25 (6875: 6242 6882 6242) (0.00217 s)
>> 25 (8176: 7710 8172 7710) (0.002153 s)
>> 25 (8794: 8310 8789 8310) (0.002155 s)
>> 18 (1036: 718 880 718) (0.002147 s)
>> 18 (8284: 7829 8272 7829) (0.002148 s)
>> 15 (1330: 993 1333 993) (0.002124 s)
>> 15 (6891: 6579 6889 6579) (0.002125 s)
>> 13 (1028: 1026 1194 1026) (0.002117 s)
>> 13 (1801: 1503 1793 1503) (0.002097 s)
>> 10 (1172: 1170 1180 1170) (0.002055 s)
>> 13 (688: 355 683 355) (0.002037 s)
>> 10 (5945: 5465 5632 5465) (0.002056 s)
>> 10 (8644: 8326 8643 8326) (0.002005 s)
>> 16 (8023: 7696 8013 7696) (0.001949 s)
>> 13 (9111: 8967 9395 8967) (0.001953 s)
>> 5 (739: 402 734 402) (0.001943 s)
>> 0 (-1: -1 -1 -1) (0.001938 s)
Zelikovsky 8.96497 s
>> 56 (5908: 6837 5888 5292) (9.32161 s)
>> 32 (7841: 8007 8013 7206) (9.58145 s)
>> 25 (8176: 8172 8326 7710) (9.61045 s)
>> 18 (1036: 1533 880 718) (9.60272 s)
>> 17 (8017: 8007 8310 7696) (9.58264 s)
>> 15 (1330: 1333 1954 993) (9.59161 s)
>> 13 (1028: 1194 1533 1026) (9.58178 s)
>> 13 (1336: 1503 1333 1170) (9.56944 s)
>> 13 (8284: 7829 9075 8272) (9.55586 s)
>> 10 (989: 1503 984 677) (9.58376 s)
>> 10 (1172: 1503 1964 1180) (9.57758 s)
>> 10 (6880: 6882 8007 6242) (9.56529 s)
>> 8 (1023: 863 1503 1194) (9.59462 s)
>> 5 (739: 740 734 402) (9.58714 s)
>> 5 (841: 842 863 683) (9.5733 s)
>> 5 (6888: 6889 6882 6579) (9.57921 s)
>> 5 (7347: 7346 7829 7351) (9.58761 s)
>> 5 (8642: 8643 8967 8172) (9.58229 s)
>> 0 (-1: -1 -1 -1) (9.57961 s)
Zelikovsky- 181.829 s
>>> get_solution
  refine_solution: new weight 4003 (was 4003) in 0.001447 s
>>> get_solution
  refine_solution: new weight 4180 (was 4195) in 0.001586 s
  refine_solution: new weight 4180 (was 4180) in 0.00144 s
6,,9550,16226,60,,6343,0,,4195,4180,4084,4003,4003,,23,2,@@

  handle_small_Steiner_degrees: steiner 0, suppress 0 in 1.5e-05 s
Starting round 7
Found 59 isolated vertices
Invalid ratios recomputed: 6031
Best ratio is 23/1 (23.0), centered at 739
Finding the best star... Star with 2 terminals centered in 898
round took: 2.14125 s
|V| = 9607, |E| = 16223, |R| = 59
>> 56 (5908: 5292 5888 5292) (0.002244 s)
>> 32 (7841: 7206 8007 7206) (0.002196 s)
>> 25 (6875: 6242 6882 6242) (0.00215 s)
>> 25 (8176: 7710 8172 7710) (0.002142 s)
>> 25 (8794: 8310 8789 8310) (0.002101 s)
>> 18 (1036: 718 880 718) (0.00209 s)
>> 18 (8284: 7829 8272 7829) (0.002104 s)
>> 15 (1330: 993 1333 993) (0.002098 s)
>> 15 (6891: 6579 6889 6579) (0.002093 s)
>> 13 (1028: 1026 1194 1026) (0.002068 s)
>> 13 (1801: 1503 1793 1503) (0.002064 s)
>> 10 (1172: 1170 1180 1170) (0.002038 s)
>> 13 (688: 355 683 355) (0.001997 s)
>> 10 (5945: 5465 5632 5465) (0.002007 s)
>> 10 (8644: 8326 8643 8326) (0.001979 s)
>> 16 (8023: 7696 8013 7696) (0.001926 s)
>> 13 (9111: 8967 9395 8967) (0.001894 s)
>> 0 (-1: -1 -1 -1) (0.001872 s)
Zelikovsky 8.95801 s
>> 56 (5908: 6837 5888 5292) (9.31123 s)
>> 32 (7841: 8007 8013 7206) (9.56949 s)
>> 25 (8176: 8172 8326 7710) (9.59555 s)
>> 18 (1036: 1533 880 718) (9.59204 s)
>> 17 (8017: 8007 8310 7696) (9.57865 s)
>> 15 (1330: 1333 1954 993) (9.58493 s)
>> 13 (1028: 1194 1533 1026) (9.57869 s)
>> 13 (1336: 1503 1333 1170) (9.56305 s)
>> 13 (8284: 7829 9075 8272) (9.55122 s)
>> 10 (989: 1503 984 677) (9.58043 s)
>> 10 (1172: 1503 1964 1180) (9.57401 s)
>> 10 (6880: 6882 8007 6242) (9.55333 s)
>> 8 (1023: 863 1503 1194) (9.58889 s)
>> 5 (841: 842 863 683) (9.58511 s)
>> 5 (6888: 6889 6882 6579) (9.58413 s)
>> 5 (7347: 7346 7829 7351) (9.59262 s)
>> 5 (8642: 8643 8967 8172) (9.58614 s)
>> 0 (-1: -1 -1 -1) (9.58289 s)
Zelikovsky- 172.173 s
>>> get_solution
  refine_solution: new weight 3998 (was 3998) in 0.001447 s
>>> get_solution
  refine_solution: new weight 4180 (was 4195) in 0.001614 s
  refine_solution: new weight 4180 (was 4180) in 0.001444 s
7,,9548,16223,59,,6031,0,,4195,4180,4084,3998,3998,,23,2,@@

  handle_small_Steiner_degrees: steiner 0, suppress 0 in 1.6e-05 s
Starting round 8
Found 62 isolated vertices
Invalid ratios recomputed: 6433
Best ratio is 23/1 (23.0), centered at 879
Finding the best star... Star with 2 terminals centered in 1046
round took: 2.24839 s
|V| = 9607, |E| = 16220, |R| = 58
>> 56 (5908: 5292 5888 5292) (0.002226 s)
>> 32 (7841: 7206 8007 7206) (0.002168 s)
>> 25 (6875: 6242 6882 6242) (0.002105 s)
>> 25 (8176: 7710 8172 7710) (0.002103 s)
>> 25 (8794: 8310 8789 8310) (0.002063 s)
>> 18 (1036: 718 1046 718) (0.002048 s)
>> 18 (8284: 7829 8272 7829) (0.002086 s)
>> 15 (1330: 993 1333 993) (0.002064 s)
>> 15 (6891: 6579 6889 6579) (0.002077 s)
>> 13 (1028: 1026 1194 1026) (0.002043 s)
>> 13 (1801: 1503 1793 1503) (0.002034 s)
>> 10 (1172: 1170 1180 1170) (0.002009 s)
>> 13 (688: 355 683 355) (0.00197 s)
>> 10 (5945: 5465 5632 5465) (0.001947 s)
>> 10 (8644: 8326 8643 8326) (0.00191 s)
>> 16 (8023: 7696 8013 7696) (0.00189 s)
>> 13 (9111: 8967 9395 8967) (0.00189 s)
>> 0 (-1: -1 -1 -1) (0.00185 s)
Zelikovsky 8.93076 s
>> 56 (5908: 6837 5888 5292) (9.29875 s)
>> 32 (7841: 8007 8013 7206) (9.57309 s)
>> 25 (8176: 8172 8326 7710) (9.62044 s)
>> 18 (1036: 1533 1046 718) (9.6157 s)
>> 17 (8017: 8007 8310 7696) (9.59848 s)
>> 15 (1330: 1333 1954 993) (9.60466 s)
>> 13 (1028: 1194 1533 1026) (9.59838 s)
>> 13 (1336: 1503 1333 1170) (9.58395 s)
>> 13 (8284: 7829 9075 8272) (9.57036 s)
>> 10 (989: 1503 984 677) (9.59791 s)
>> 10 (1172: 1503 1964 1180) (9.58745 s)
>> 10 (6880: 6882 8007 6242) (9.57593 s)
>> 8 (1023: 863 1503 1194) (9.61003 s)
>> 5 (841: 842 863 683) (9.59857 s)
>> 5 (6888: 6889 6882 6579) (9.60003 s)
>> 5 (7347: 7346 7829 7351) (9.60643 s)
>> 5 (8642: 8643 8967 8172) (9.60188 s)
>> 0 (-1: -1 -1 -1) (9.59856 s)
Zelikovsky- 172.461 s
>>> get_solution
  refine_solution: new weight 3998 (was 3998) in 0.001457 s
>>> get_solution
  refine_solution: new weight 4180 (was 4195) in 0.0016 s
  refine_solution: new weight 4180 (was 4180) in 0.001444 s
8,,9545,16220,58,,6433,0,,4195,4180,4084,3998,3998,,23,2,@@

  handle_small_Steiner_degrees: steiner 0, suppress 0 in 1.5e-05 s
Starting round 9
Found 65 isolated vertices
Invalid ratios recomputed: 6420
Best ratio is 50/2 (25.0), centered at 729
Finding the best star... Star with 3 terminals centered in 898
round took: 2.26301 s
|V| = 9607, |E| = 16209, |R| = 56
>> 56 (5908: 5292 5888 5292) (0.002149 s)
>> 32 (7841: 7206 8007 7206) (0.002097 s)
>> 25 (6875: 6242 6882 6242) (0.002044 s)
>> 25 (8176: 7710 8172 7710) (0.002036 s)
>> 25 (8794: 8310 8789 8310) (0.002013 s)
>> 18 (1036: 718 1046 718) (0.001988 s)
>> 18 (8284: 7829 8272 7829) (0.002025 s)
>> 15 (1330: 993 1333 993) (0.002003 s)
>> 15 (6891: 6579 6889 6579) (0.00201 s)
>> 13 (1028: 1026 1194 1026) (0.001967 s)
>> 13 (1801: 1503 1793 1503) (0.001957 s)
>> 10 (1172: 1170 1180 1170) (0.001944 s)
>> 13 (688: 355 683 355) (0.001899 s)
>> 10 (5945: 5465 5632 5465) (0.001904 s)
>> 10 (8644: 8326 8643 8326) (0.00186 s)
>> 16 (8023: 7696 8013 7696) (0.001801 s)
>> 13 (9111: 8967 9395 8967) (0.001799 s)
>> 0 (-1: -1 -1 -1) (0.001779 s)
Zelikovsky 9.02261 s
>> 56 (5908: 6837 5888 5292) (9.26908 s)
>> 32 (7841: 8007 8013 7206) (9.51685 s)
>> 25 (8176: 8172 8326 7710) (9.55019 s)
>> 18 (1036: 1533 1046 718) (9.53892 s)
>> 17 (8017: 8007 8310 7696) (9.52118 s)
>> 15 (1330: 1333 1954 993) (9.52645 s)
>> 13 (1028: 1194 1533 1026) (9.52257 s)
>> 13 (1336: 1503 1333 1170) (9.50919 s)
>> 13 (8284: 7829 9075 8272) (9.49326 s)
>> 10 (989: 1503 984 677) (9.52029 s)
>> 10 (1172: 1503 1964 1180) (9.51762 s)
>> 10 (6880: 6882 8007 6242) (9.50536 s)
>> 8 (1023: 863 1503 1194) (9.54056 s)
>> 5 (841: 842 863 683) (9.52458 s)
>> 5 (6888: 6889 6882 6579) (9.52493 s)
>> 5 (7347: 7346 7829 7351) (9.53436 s)
>> 5 (8642: 8643 8967 8172) (9.52936 s)
>> 0 (-1: -1 -1 -1) (9.52629 s)
Zelikovsky- 171.191 s
>>> get_solution
  refine_solution: new weight 3998 (was 3998) in 0.001448 s
>>> get_solution
  refine_solution: new weight 4180 (was 4180) in 0.001609 s
9,,9542,16209,56,,6420,0,,4180,4180,4084,3998,3998,,50,3,@@

  handle_small_Steiner_degrees: steiner 0, suppress 0 in 1.5e-05 s
Starting round 10
Found 75 isolated vertices
Invalid ratios recomputed: 6615
Best ratio is 56/2 (28.0), centered at 1163
Finding the best star... Star with 3 terminals centered in 1170
round took: 2.3353 s
|V| = 9607, |E| = 16198, |R| = 54
>> 56 (5908: 5292 5888 5292) (0.002071 s)
>> 32 (7841: 7206 8007 7206) (0.002028 s)
>> 25 (6875: 6242 6882 6242) (0.002041 s)
>> 25 (8176: 7710 8172 7710) (0.001976 s)
>> 25 (8794: 8310 8789 8310) (0.001935 s)
>> 18 (1036: 718 1046 718) (0.00192 s)
>> 18 (8284: 7829 8272 7829) (0.001952 s)
>> 15 (1330: 993 1170 993) (0.001924 s)
>> 26 (1970: 1180 1964 1180) (0.00191 s)
>> 15 (6891: 6579 6889 6579) (0.001903 s)
>> 13 (688: 355 683 355) (0.001873 s)
>> 13 (1028: 1026 1194 1026) (0.001853 s)
>> 10 (5945: 5465 5632 5465) (0.001846 s)
>> 10 (8644: 8326 8643 8326) (0.001814 s)
>> 16 (8023: 7696 8013 7696) (0.001774 s)
>> 13 (9111: 8967 9395 8967) (0.001751 s)
>> 8 (987: 677 984 677) (0.001754 s)
>> 0 (-1: -1 -1 -1) (0.00174 s)
Zelikovsky 8.85004 s
>> 56 (5908: 6837 5888 5292) (9.23612 s)
>> 32 (7841: 8007 8013 7206) (9.49198 s)
>> 25 (8176: 8172 8326 7710) (9.51671 s)
>> 18 (1036: 1533 1046 718) (9.51516 s)
>> 17 (8017: 8007 8310 7696) (9.49572 s)
>> 15 (1330: 1170 1954 993) (9.49867 s)
>> 13 (1028: 1194 1533 1026) (9.49674 s)
>> 13 (8284: 7829 9075 8272) (9.48544 s)
>> 10 (989: 1170 984 677) (9.50926 s)
>> 10 (1172: 1170 1964 1180) (9.50348 s)
>> 10 (6880: 6882 8007 6242) (9.49111 s)
>> 8 (1023: 863 1194 1170) (9.53119 s)
>> 5 (841: 842 863 683) (9.51067 s)
>> 5 (6888: 6889 6882 6579) (9.51694 s)
>> 5 (7347: 7346 7829 7351) (9.52691 s)
>> 5 (8642: 8643 8967 8172) (9.52479 s)
>> 0 (-1: -1 -1 -1) (9.51697 s)
Zelikovsky- 161.387 s
>>> get_solution
  refine_solution: new weight 3993 (was 3993) in 0.00146 s
>>> get_solution
  refine_solution: new weight 4162 (was 4162) in 0.001611 s
10,,9532,16198,54,,6615,0,,4162,4162,4074,3993,3993,,56,3,@@

  handle_small_Steiner_degrees: steiner 0, suppress 1 in 1.6e-05 s
Starting round 11
Found 84 isolated vertices
Invalid ratios recomputed: 6132
Best ratio is 28/1 (28.0), centered at 1026
Finding the best star... Star with 2 terminals centered in 1194
round took: 2.24109 s
|V| = 9607, |E| = 16192, |R| = 53
>> 56 (5908: 5292 5888 5292) (0.002056 s)
>> 32 (7841: 7206 8007 7206) (0.002001 s)
>> 25 (6875: 6242 6882 6242) (0.001947 s)
>> 25 (8176: 7710 8172 7710) (0.001934 s)
>> 25 (8794: 8310 8789 8310) (0.001915 s)
>> 18 (1036: 718 1046 718) (0.00189 s)
>> 18 (8284: 7829 8272 7829) (0.001891 s)
>> 15 (1330: 993 1170 993) (0.001881 s)
>> 26 (1970: 1180 1964 1180) (0.001878 s)
>> 15 (6891: 6579 6889 6579) (0.001855 s)
>> 13 (688: 355 683 355) (0.001842 s)
>> 10 (5945: 5465 5632 5465) (0.001831 s)
>> 10 (8644: 8326 8643 8326) (0.001792 s)
>> 16 (8023: 7696 8013 7696) (0.001771 s)
>> 13 (9111: 8967 9395 8967) (0.001729 s)
>> 8 (987: 677 984 677) (0.001725 s)
>> 0 (-1: -1 -1 -1) (0.001724 s)
Zelikovsky 8.83468 s
>> 56 (5908: 6837 5888 5292) (9.2306 s)
>> 32 (7841: 8007 8013 7206) (9.48864 s)
>> 25 (8176: 8172 8326 7710) (9.51369 s)
>> 18 (1036: 1533 1046 718) (9.50202 s)
>> 17 (8017: 8007 8310 7696) (9.48668 s)
>> 15 (1330: 1170 1954 993) (9.49207 s)
>> 13 (8284: 7829 9075 8272) (9.48063 s)
>> 10 (989: 1170 984 677) (9.50994 s)
>> 10 (1172: 1170 1964 1180) (9.50212 s)
>> 10 (6880: 6882 8007 6242) (9.4906 s)
>> 8 (1023: 863 1194 1170) (9.52784 s)
>> 5 (841: 842 863 683) (9.5125 s)
>> 5 (6888: 6889 6882 6579) (9.51707 s)
>> 5 (7347: 7346 7829 7351) (9.52359 s)
>> 5 (8642: 8643 8967 8172) (9.52279 s)
>> 0 (-1: -1 -1 -1) (9.51618 s)
Zelikovsky- 151.835 s
>>> get_solution
  refine_solution: new weight 3993 (was 3998) in 0.001452 s
  refine_solution: new weight 3993 (was 3993) in 0.001441 s
>>> get_solution
  refine_solution: new weight 4134 (was 4139) in 0.001614 s
  refine_solution: new weight 4134 (was 4134) in 0.001437 s
11,,9523,16192,53,,6132,0,,4139,4134,4074,3998,3993,,28,2,@@

  handle_small_Steiner_degrees: steiner 0, suppress 1 in 2.1e-05 s
Starting round 12
Found 88 isolated vertices
Invalid ratios recomputed: 6377
Best ratio is 30/1 (30.0), centered at 7346
Finding the best star... Star with 2 terminals centered in 7351
round took: 2.32178 s
|V| = 9607, |E| = 16186, |R| = 52
>> 56 (5908: 5292 5888 5292) (0.002014 s)
>> 32 (7841: 7206 8007 7206) (0.001962 s)
>> 25 (6875: 6242 6882 6242) (0.00193 s)
>> 25 (8176: 7710 8172 7710) (0.001894 s)
>> 25 (8794: 8310 8789 8310) (0.001863 s)
>> 18 (1036: 718 1046 718) (0.001851 s)
>> 18 (8284: 7829 8272 7829) (0.001869 s)
>> 15 (1330: 993 1170 993) (0.001844 s)
>> 26 (1970: 1180 1964 1180) (0.001838 s)
>> 15 (6891: 6579 6889 6579) (0.001821 s)
>> 13 (688: 355 683 355) (0.00181 s)
>> 10 (8644: 8326 8643 8326) (0.001789 s)
>> 16 (8023: 7696 8013 7696) (0.001774 s)
>> 13 (9111: 8967 9395 8967) (0.00176 s)
>> 8 (987: 677 984 677) (0.001726 s)
>> 5 (5631: 5465 5632 5465) (0.001729 s)
>> 0 (-1: -1 -1 -1) (0.001679 s)
Zelikovsky 8.83252 s
>> 56 (5908: 6837 5888 5292) (9.22994 s)
>> 32 (7841: 8007 8013 7206) (9.47253 s)
>> 25 (8176: 8172 8326 7710) (9.49673 s)
>> 18 (1036: 1533 1046 718) (9.49012 s)
>> 17 (8017: 8007 8310 7696) (9.46836 s)
>> 15 (1330: 1170 1954 993) (9.477 s)
>> 13 (8284: 7829 9075 8272) (9.47827 s)
>> 10 (989: 1170 984 677) (9.48813 s)
>> 10 (1172: 1170 1964 1180) (9.48287 s)
>> 10 (6880: 6882 8007 6242) (9.47229 s)
>> 8 (1023: 863 1194 1170) (9.50972 s)
>> 5 (841: 842 863 683) (9.49217 s)
>> 5 (6888: 6889 6882 6579) (9.49641 s)
>> 5 (8642: 8643 8967 8172) (9.50378 s)
>> 0 (-1: -1 -1 -1) (9.49946 s)
Zelikovsky- 142.075 s
>>> get_solution
  refine_solution: new weight 3993 (was 3998) in 0.001452 s
  refine_solution: new weight 3993 (was 3993) in 0.001437 s
>>> get_solution
  refine_solution: new weight 4134 (was 4139) in 0.001587 s
  refine_solution: new weight 4134 (was 4134) in 0.001436 s
12,,9519,16186,52,,6377,0,,4139,4134,4053,3998,3993,,30,2,@@

  handle_small_Steiner_degrees: steiner 0, suppress 0 in 1.5e-05 s
Starting round 13
Found 93 isolated vertices
Invalid ratios recomputed: 7164
Best ratio is 31/1 (31.0), centered at 5
Finding the best star... Star with 2 terminals centered in 355
round took: 2.41845 s
|V| = 9607, |E| = 16184, |R| = 51
>> 56 (5908: 5292 5888 5292) (0.002007 s)
>> 32 (7841: 7206 8007 7206) (0.001924 s)
>> 25 (6875: 6242 6882 6242) (0.001882 s)
>> 25 (8176: 7710 8172 7710) (0.001868 s)
>> 25 (8794: 8310 8789 8310) (0.001851 s)
>> 18 (1036: 718 1046 718) (0.001817 s)
>> 18 (8284: 7829 8272 7829) (0.001832 s)
>> 15 (1330: 993 1170 993) (0.00182 s)
>> 26 (1970: 1180 1964 1180) (0.001817 s)
>> 15 (6891: 6579 6889 6579) (0.001799 s)
>> 13 (688: 355 683 355) (0.001777 s)
>> 0 (-1: -1 -1 -1) (0.001599 s)
Zelikovsky 8.7999 s
>> 56 (5908: 6837 5888 5292) (9.22083 s)
>> 32 (7841: 8007 8013 7206) (9.467 s)
>> 25 (8176: 8172 8326 7710) (9.49267 s)
>> 18 (1036: 1533 1046 718) (9.48824 s)
>> 17 (8017: 8007 8310 7696) (9.46781 s)
>> 15 (1330: 1170 1954 993) (9.47871 s)
>> 13 (8284: 7829 9075 8272) (9.47301 s)
>> 10 (989: 1170 984 677) (9.48466 s)
>> 10 (1172: 1170 1964 1180) (9.48252 s)
>> 10 (6880: 6882 8007 6242) (9.46983 s)
>> 8 (1023: 863 1194 1170) (9.50885 s)
>> 5 (841: 842 863 683) (9.49364 s)
>> 5 (6888: 6889 6882 6579) (9.49884 s)
>> 5 (8642: 8643 8967 8172) (9.50475 s)
>> 0 (-1: -1 -1 -1) (9.50022 s)
Zelikovsky- 142.049 s
>>> get_solution
  refine_solution: new weight 3993 (was 3998) in 0.001452 s
  refine_solution: new weight 3993 (was 3993) in 0.001434 s
>>> get_solution
  refine_solution: new weight 4134 (was 4139) in 0.001613 s
  refine_solution: new weight 4134 (was 4134) in 0.001434 s
13,,9514,16184,51,,7164,0,,4139,4134,4041,3998,3993,,31,2,@@

  handle_small_Steiner_degrees: steiner 0, suppress 0 in 1.2e-05 s
Starting round 14
Found 95 isolated vertices
Invalid ratios recomputed: 6220
Best ratio is 31/1 (31.0), centered at 841
Finding the best star... Star with 2 terminals centered in 1170
round took: 2.29013 s
|V| = 9607, |E| = 16180, |R| = 50
>> 56 (5908: 5292 5888 5292) (0.001962 s)
>> 32 (7841: 7206 8007 7206) (0.001891 s)
>> 25 (6875: 6242 6882 6242) (0.001853 s)
>> 25 (8176: 7710 8172 7710) (0.001853 s)
>> 25 (8794: 8310 8789 8310) (0.001804 s)
>> 18 (1036: 718 1046 718) (0.001782 s)
>> 18 (8284: 7829 8272 7829) (0.001796 s)
>> 15 (6891: 6579 6889 6579) (0.00178 s)
>> 13 (1801: 1170 1793 1170) (0.001787 s)
>> 13 (1970: 1180 1964 1180) (0.001766 s)
>> 10 (989: 677 984 677) (0.001744 s)
>> 10 (8644: 8326 8643 8326) (0.001728 s)
>> 16 (8023: 7696 8013 7696) (0.001727 s)
>> 13 (9111: 8967 9395 8967) (0.001698 s)
>> 5 (5631: 5465 5632 5465) (0.001685 s)
>> 0 (-1: -1 -1 -1) (0.001639 s)
Zelikovsky 8.79489 s
>> 56 (5908: 6837 5888 5292) (9.2103 s)
>> 32 (7841: 8007 8013 7206) (9.45312 s)
>> 25 (8176: 8172 8326 7710) (9.48375 s)
>> 18 (1036: 1533 1046 718) (9.47418 s)
>> 17 (8017: 8007 8310 7696) (9.45679 s)
>> 13 (1801: 1954 1793 1170) (9.46486 s)
>> 13 (8284: 7829 9075 8272) (9.46629 s)
>> 10 (989: 993 984 677) (9.47608 s)
>> 10 (1172: 1954 1964 1180) (9.47106 s)
>> 10 (6880: 6882 8007 6242) (9.45984 s)
>> 8 (1023: 863 1954 1194) (9.49747 s)
>> 5 (6888: 6889 6882 6579) (9.48538 s)
>> 5 (8642: 8643 8967 8172) (9.49531 s)
>> 2 (838: 683 993 863) (9.49101 s)
>> 0 (-1: -1 -1 -1) (9.48564 s)
Zelikovsky- 141.888 s
>>> get_solution
  refine_solution: new weight 3987 (was 3992) in 0.001455 s
  refine_solution: new weight 3987 (was 3987) in 0.001438 s
>>> get_solution
  refine_solution: new weight 4143 (was 4148) in 0.001588 s
  refine_solution: new weight 4143 (was 4143) in 0.001441 s
14,,9512,16180,50,,6220,0,,4148,4143,4039,3992,3987,,31,2,@@

  handle_small_Steiner_degrees: steiner 0, suppress 2 in 1.7e-05 s
Starting round 15
Found 100 isolated vertices
Invalid ratios recomputed: 6209
Best ratio is 33/1 (33.0), centered at 683
Finding the best star... Star with 2 terminals centered in 1170
round took: 2.29314 s
|V| = 9607, |E| = 16168, |R| = 49
>> 56 (5908: 5292 5888 5292) (0.001919 s)
>> 32 (7841: 7206 8007 7206) (0.001877 s)
>> 25 (6875: 6242 6882 6242) (0.001819 s)
>> 25 (8176: 7710 8172 7710) (0.001809 s)
>> 25 (8794: 8310 8789 8310) (0.001782 s)
>> 18 (1036: 718 1046 718) (0.001768 s)
>> 18 (8284: 7829 8272 7829) (0.00178 s)
>> 15 (6891: 6579 6889 6579) (0.001764 s)
>> 13 (1801: 1170 1793 1170) (0.001743 s)
>> 13 (1970: 1180 1964 1180) (0.001736 s)
>> 10 (989: 677 984 677) (0.001724 s)
>> 10 (8644: 8326 8643 8326) (0.001699 s)
>> 16 (8023: 7696 8013 7696) (0.001666 s)
>> 13 (9111: 8967 9395 8967) (0.001687 s)
>> 5 (5631: 5465 5632 5465) (0.001656 s)
>> 0 (-1: -1 -1 -1) (0.001604 s)
Zelikovsky 8.79335 s
>> 56 (5908: 6837 5888 5292) (9.19796 s)
>> 32 (7841: 8007 8013 7206) (9.44145 s)
>> 25 (8176: 8172 8326 7710) (9.47324 s)
>> 18 (1036: 1533 1046 718) (9.46699 s)
>> 17 (8017: 8007 8310 7696) (9.44461 s)
>> 13 (1801: 1954 1793 1170) (9.45623 s)
>> 13 (8284: 7829 9075 8272) (9.44834 s)
>> 10 (989: 993 984 677) (9.46414 s)
>> 10 (1172: 1954 1964 1180) (9.4621 s)
>> 10 (6880: 6882 8007 6242) (9.4526 s)
>> 8 (1023: 863 1954 1194) (9.49061 s)
>> 5 (6888: 6889 6882 6579) (9.47864 s)
>> 5 (8642: 8643 8967 8172) (9.48602 s)
>> 0 (-1: -1 -1 -1) (9.484 s)
Zelikovsky- 132.263 s
>>> get_solution
  refine_solution: new weight 3989 (was 3994) in 0.001455 s
  refine_solution: new weight 3989 (was 3989) in 0.00145 s
>>> get_solution
  refine_solution: new weight 4143 (was 4148) in 0.001598 s
  refine_solution: new weight 4143 (was 4143) in 0.001443 s
15,,9507,16168,49,,6209,0,,4148,4143,4044,3994,3989,,33,2,@@

  handle_small_Steiner_degrees: steiner 0, suppress 1 in 1.6e-05 s
Starting round 16
Found 106 isolated vertices
Invalid ratios recomputed: 6204
Best ratio is 33/1 (33.0), centered at 863
Finding the best star... Star with 2 terminals centered in 1194
round took: 2.30629 s
|V| = 9607, |E| = 16160, |R| = 48
>> 56 (5908: 5292 5888 5292) (0.001942 s)
>> 32 (7841: 7206 8007 7206) (0.001836 s)
>> 25 (6875: 6242 6882 6242) (0.001781 s)
>> 25 (8176: 7710 8172 7710) (0.001791 s)
>> 25 (8794: 8310 8789 8310) (0.00175 s)
>> 18 (1036: 718 1046 718) (0.001733 s)
>> 18 (8284: 7829 8272 7829) (0.001761 s)
>> 15 (6891: 6579 6889 6579) (0.001741 s)
>> 13 (1801: 1170 1793 1170) (0.00171 s)
>> 13 (1970: 1180 1964 1180) (0.001709 s)
>> 10 (989: 677 984 677) (0.00169 s)
>> 10 (8644: 8326 8643 8326) (0.001666 s)
>> 16 (8023: 7696 8013 7696) (0.001647 s)
>> 13 (9111: 8967 9395 8967) (0.001635 s)
>> 5 (5631: 5465 5632 5465) (0.001614 s)
>> 0 (-1: -1 -1 -1) (0.001584 s)
Zelikovsky 8.74926 s
>> 56 (5908: 6837 5888 5292) (9.17616 s)
>> 32 (7841: 8007 8013 7206) (9.42601 s)
>> 25 (8176: 8172 8326 7710) (9.452 s)
>> 18 (1036: 1533 1046 718) (9.44546 s)
>> 17 (8017: 8007 8310 7696) (9.42177 s)
>> 13 (1801: 1954 1793 1170) (9.43361 s)
>> 13 (8284: 7829 9075 8272) (9.42628 s)
>> 10 (989: 993 984 677) (9.44098 s)
>> 10 (1172: 1954 1964 1180) (9.43577 s)
>> 10 (6880: 6882 8007 6242) (9.43006 s)
>> 5 (6888: 6889 6882 6579) (9.46869 s)
>> 5 (8642: 8643 8967 8172) (9.47285 s)
>> 4 (528: 355 1954 1194) (9.46907 s)
>> 0 (-1: -1 -1 -1) (9.46925 s)
Zelikovsky- 131.984 s
>>> get_solution
  refine_solution: new weight 3993 (was 3998) in 0.001458 s
  refine_solution: new weight 3993 (was 3993) in 0.001439 s
>>> get_solution
  refine_solution: new weight 4143 (was 4148) in 0.001587 s
  refine_solution: new weight 4143 (was 4143) in 0.00144 s
16,,9501,16160,48,,6204,0,,4148,4143,4044,3998,3993,,33,2,@@

  delete_edges: deleted 26 edges in 0.001053 s and 2 rounds
  handle_small_Steiner_degrees: steiner 0, suppress 33 in 2.7e-05 s
Starting round 17
Found 143 isolated vertices
Invalid ratios recomputed: 6498
Best ratio is 36/1 (36.0), centered at 400
Finding the best star... Star with 2 terminals centered in 898
round took: 2.35838 s
|V| = 9607, |E| = 16093, |R| = 47
>> 56 (5908: 5292 5888 5292) (0.001863 s)
>> 32 (7841: 7206 8007 7206) (0.001822 s)
>> 25 (6875: 6242 6882 6242) (0.001766 s)
>> 25 (8176: 7710 8172 7710) (0.001744 s)
>> 25 (8794: 8310 8789 8310) (0.001728 s)
>> 18 (1036: 718 1046 718) (0.001706 s)
>> 18 (8284: 7829 8272 7829) (0.001706 s)
>> 15 (6891: 6579 6889 6579) (0.001712 s)
>> 13 (1801: 1170 1793 1170) (0.001677 s)
>> 13 (1970: 1180 1964 1180) (0.001651 s)
>> 10 (989: 677 984 677) (0.001645 s)
>> 10 (8644: 8326 8643 8326) (0.001629 s)
>> 16 (8023: 7696 8013 7696) (0.001601 s)
>> 13 (9111: 8967 9395 8967) (0.001595 s)
>> 5 (5631: 5465 5632 5465) (0.001575 s)
>> 0 (-1: -1 -1 -1) (0.001553 s)
Zelikovsky 8.81406 s
>> 56 (5908: 6837 5888 5292) (9.61747 s)
>> 32 (7841: 8007 8013 7206) (9.87847 s)
>> 25 (8176: 8172 8326 7710) (9.87054 s)
>> 18 (1036: 1533 1046 718) (9.86334 s)
>> 17 (8017: 8007 8310 7696) (9.84074 s)
>> 13 (1801: 1954 1793 1170) (9.82043 s)
>> 13 (8284: 7829 9075 8272) (9.80235 s)
>> 10 (989: 993 984 677) (9.7944 s)
>> 10 (1172: 1954 1964 1180) (9.79943 s)
>> 10 (6880: 6882 8007 6242) (9.79384 s)
>> 5 (6888: 6889 6882 6579) (9.80805 s)
>> 5 (8642: 8643 8967 8172) (9.79579 s)
>> 4 (528: 355 1954 1194) (9.79099 s)
>> 0 (-1: -1 -1 -1) (9.80384 s)
Zelikovsky- 137.296 s
>>> get_solution
  refine_solution: new weight 3993 (was 3998) in 0.001473 s
  refine_solution: new weight 3993 (was 3993) in 0.001448 s
>>> get_solution
  refine_solution: new weight 4143 (was 4148) in 0.001599 s
  refine_solution: new weight 4143 (was 4143) in 0.001438 s
17,,9464,16093,47,,6498,0,,4148,4143,4039,3998,3993,,36,2,@@

  handle_small_Steiner_degrees: steiner 0, suppress 3 in 1.8e-05 s
Starting round 18
Found 150 isolated vertices
Invalid ratios recomputed: 6691
Best ratio is 36/1 (36.0), centered at 7369
Finding the best star... Star with 2 terminals centered in 7696
round took: 2.42893 s
|V| = 9607, |E| = 16085, |R| = 46
>> 56 (5908: 5292 5888 5292) (0.00184 s)
>> 27 (7841: 7206 8007 7206) (0.001779 s)
>> 25 (6875: 6242 6882 6242) (0.001732 s)
>> 25 (8176: 7710 8172 7710) (0.001721 s)
>> 25 (8794: 8310 8789 8310) (0.001674 s)
>> 18 (1036: 718 1046 718) (0.001679 s)
>> 18 (8284: 7829 8272 7829) (0.001676 s)
>> 15 (6891: 6579 6889 6579) (0.001668 s)
>> 13 (1801: 1170 1793 1170) (0.00165 s)
>> 13 (1970: 1180 1964 1180) (0.001627 s)
>> 10 (989: 677 984 677) (0.001609 s)
>> 10 (8644: 8326 8643 8326) (0.001603 s)
>> 16 (8023: 7696 8013 7696) (0.001576 s)
>> 13 (9111: 8967 9395 8967) (0.001555 s)
>> 5 (5631: 5465 5632 5465) (0.001542 s)
>> 0 (-1: -1 -1 -1) (0.001519 s)
Zelikovsky 8.79661 s
>> 56 (5908: 6837 5888 5292) (9.65419 s)
>> 27 (7841: 8007 8013 7206) (9.89709 s)
>> 25 (8176: 8172 8326 7710) (9.89033 s)
>> 18 (1036: 1533 1046 718) (9.88676 s)
>> 17 (8017: 8007 8310 7696) (9.87262 s)
>> 13 (1801: 1954 1793 1170) (9.84825 s)
>> 13 (8284: 7829 9075 8272) (9.82856 s)
>> 10 (989: 993 984 677) (9.83589 s)
>> 10 (1172: 1954 1964 1180) (9.83025 s)
>> 10 (6880: 6882 8007 6242) (9.83525 s)
>> 5 (6888: 6889 6882 6579) (9.85369 s)
>> 5 (8642: 8643 8967 8172) (9.86113 s)
>> 4 (528: 355 1954 1194) (9.85725 s)
>> 0 (-1: -1 -1 -1) (9.83811 s)
Zelikovsky- 137.805 s
>>> get_solution
  refine_solution: new weight 3993 (was 3998) in 0.001485 s
  refine_solution: new weight 3993 (was 3993) in 0.001446 s
>>> get_solution
  refine_solution: new weight 4143 (was 4148) in 0.001583 s
  refine_solution: new weight 4143 (was 4143) in 0.001453 s
18,,9457,16085,46,,6691,0,,4148,4143,4039,3998,3993,,36,2,@@

  handle_small_Steiner_degrees: steiner 0, suppress 0 in 1.1e-05 s
Starting round 19
Found 154 isolated vertices
Invalid ratios recomputed: 6680
Best ratio is 76/2 (38.0), centered at 984
Finding the best star... Star with 3 terminals centered in 993
round took: 2.33739 s
|V| = 9607, |E| = 16070, |R| = 44
>> 56 (5908: 5292 5888 5292) (0.001795 s)
>> 27 (7841: 7206 8007 7206) (0.001724 s)
>> 25 (6875: 6242 6882 6242) (0.001687 s)
>> 25 (8176: 7710 8172 7710) (0.00166 s)
>> 25 (8794: 8310 8789 8310) (0.001635 s)
>> 18 (1036: 718 1046 718) (0.001625 s)
>> 18 (8284: 7829 8272 7829) (0.001633 s)
>> 15 (6891: 6579 6889 6579) (0.00162 s)
>> 13 (1801: 1170 1793 1170) (0.001611 s)
>> 13 (1970: 1180 1964 1180) (0.001575 s)
>> 10 (8644: 8326 8643 8326) (0.001562 s)
>> 16 (8023: 7696 8013 7696) (0.001538 s)
>> 13 (9111: 8967 9395 8967) (0.001535 s)
>> 5 (5631: 5465 5632 5465) (0.001522 s)
>> 0 (-1: -1 -1 -1) (0.001483 s)
Zelikovsky 8.75523 s
>> 56 (5908: 6837 5888 5292) (9.63507 s)
>> 27 (7841: 8007 8013 7206) (9.81474 s)
>> 25 (8176: 8172 8326 7710) (9.79496 s)
>> 18 (1036: 1533 1046 718) (9.79816 s)
>> 17 (8017: 8007 8310 7696) (9.74822 s)
>> 13 (1801: 1954 1793 1170) (9.73925 s)
>> 13 (8284: 7829 9075 8272) (9.71423 s)
>> 10 (1172: 1954 1964 1180) (9.71723 s)
>> 10 (6880: 6882 8007 6242) (9.71458 s)
>> 5 (6888: 6889 6882 6579) (9.75845 s)
>> 5 (8642: 8643 8967 8172) (9.74852 s)
>> 4 (528: 355 1954 1194) (9.73093 s)
>> 0 (-1: -1 -1 -1) (9.73557 s)
Zelikovsky- 126.665 s
>>> get_solution
  refine_solution: new weight 3993 (was 3998) in 0.001483 s
  refine_solution: new weight 3993 (was 3993) in 0.001443 s
>>> get_solution
  refine_solution: new weight 4133 (was 4138) in 0.001601 s
  refine_solution: new weight 4133 (was 4133) in 0.001452 s
19,,9453,16070,44,,6680,0,,4138,4133,4039,3998,3993,,76,3,@@

  handle_small_Steiner_degrees: steiner 0, suppress 2 in 1.7e-05 s
Starting round 20
Found 168 isolated vertices
Invalid ratios recomputed: 6274
Best ratio is 40/1 (40.0), centered at 6882
Finding the best star... Star with 2 terminals centered in 6889
round took: 2.36775 s
|V| = 9607, |E| = 16059, |R| = 43
>> 56 (5908: 5292 5888 5292) (0.001755 s)
>> 27 (7841: 7206 8007 7206) (0.001694 s)
>> 25 (6875: 6242 6889 6242) (0.001644 s)
>> 25 (8176: 7710 8172 7710) (0.001623 s)
>> 25 (8794: 8310 8789 8310) (0.001601 s)
>> 18 (1036: 718 1046 718) (0.001588 s)
>> 18 (8284: 7829 8272 7829) (0.001589 s)
>> 13 (1801: 1170 1793 1170) (0.001587 s)
>> 13 (1970: 1180 1964 1180) (0.001564 s)
>> 10 (8644: 8326 8643 8326) (0.001547 s)
>> 16 (8023: 7696 8013 7696) (0.001517 s)
>> 13 (9111: 8967 9395 8967) (0.001517 s)
>> 0 (-1: -1 -1 -1) (0.001497 s)
Zelikovsky 8.72275 s
>> 56 (5908: 6837 5888 5292) (9.59796 s)
>> 27 (7841: 8007 8013 7206) (9.85724 s)
>> 25 (8176: 8172 8326 7710) (9.88111 s)
>> 18 (1036: 1533 1046 718) (9.84686 s)
>> 17 (8017: 8007 8310 7696) (9.82578 s)
>> 13 (1801: 1954 1793 1170) (9.81973 s)
>> 13 (8284: 7829 9075 8272) (9.81947 s)
>> 10 (1172: 1954 1964 1180) (9.82514 s)
>> 10 (6880: 6889 8007 6242) (9.8214 s)
>> 5 (8642: 8643 8967 8172) (9.85277 s)
>> 4 (528: 355 1954 1194) (9.86765 s)
>> 0 (-1: -1 -1 -1) (9.86303 s)
Zelikovsky- 117.892 s
>>> get_solution
  refine_solution: new weight 3993 (was 3998) in 0.001463 s
  refine_solution: new weight 3993 (was 3993) in 0.001454 s
>>> get_solution
  refine_solution: new weight 4153 (was 4158) in 0.001583 s
  refine_solution: new weight 4153 (was 4153) in 0.001441 s
20,,9439,16059,43,,6274,0,,4158,4153,4049,3998,3993,,40,2,@@

  handle_small_Steiner_degrees: steiner 0, suppress 0 in 1.1e-05 s
Starting round 21
Found 175 isolated vertices
Invalid ratios recomputed: 6933
Best ratio is 82/2 (41.0), centered at 6577
Finding the best star... Star with 3 terminals centered in 6889
round took: 2.42222 s
|V| = 9607, |E| = 16050, |R| = 41
>> 56 (5908: 5292 5888 5292) (0.001693 s)
>> 32 (7843: 6889 8007 6889) (0.001657 s)
>> 25 (8176: 7710 8172 7710) (0.001605 s)
>> 25 (8794: 8310 8789 8310) (0.001571 s)
>> 18 (1036: 718 1046 718) (0.001567 s)
>> 18 (8284: 7829 8272 7829) (0.001566 s)
>> 16 (6097: 5632 6242 5632) (0.001547 s)
>> 13 (1801: 1170 1793 1170) (0.001518 s)
>> 13 (1970: 1180 1964 1180) (0.001526 s)
>> 10 (8644: 8326 8643 8326) (0.001502 s)
>> 16 (8023: 7696 8013 7696) (0.001477 s)
>> 13 (9111: 8967 9395 8967) (0.001454 s)
>> 0 (-1: -1 -1 -1) (0.001444 s)
Zelikovsky 8.70967 s
>> 56 (5908: 6837 5888 5292) (9.57981 s)
>> 32 (7843: 8013 8007 6889) (9.75528 s)
>> 25 (8176: 8172 8326 7710) (9.7902 s)
>> 18 (1036: 1533 1046 718) (9.78587 s)
>> 17 (8017: 8013 8310 7696) (9.73986 s)
>> 13 (1801: 1954 1793 1170) (9.72269 s)
>> 13 (8284: 7829 9075 8272) (9.73054 s)
>> 10 (1172: 1954 1964 1180) (9.72567 s)
>> 5 (8642: 8643 8967 8172) (9.71474 s)
>> 4 (528: 355 1954 1194) (9.7193 s)
>> 3 (6875: 8013 7351 6242) (9.69595 s)
>> 0 (-1: -1 -1 -1) (9.73345 s)
Zelikovsky- 116.708 s
>>> get_solution
  refine_solution: new weight 4000 (was 4005) in 0.001466 s
  refine_solution: new weight 4000 (was 4000) in 0.001452 s
>>> get_solution
  refine_solution: new weight 4153 (was 4158) in 0.001591 s
  refine_solution: new weight 4153 (was 4153) in 0.001442 s
21,,9432,16050,41,,6933,0,,4158,4153,4052,4005,4000,,82,3,@@

  handle_small_Steiner_degrees: steiner 0, suppress 0 in 1.1e-05 s
Starting round 22
Found 183 isolated vertices
Invalid ratios recomputed: 6935
Best ratio is 84/2 (42.0), centered at 8321
Finding the best star... Star with 3 terminals centered in 8643
round took: 2.50998 s
|V| = 9607, |E| = 16037, |R| = 39
>> 56 (5908: 5292 5888 5292) (0.001645 s)
>> 32 (7843: 6889 8007 6889) (0.001598 s)
>> 21 (8017: 7696 8013 7696) (0.001548 s)
>> 28 (8794: 8310 8789 8310) (0.001533 s)
>> 18 (1036: 718 1046 718) (0.001522 s)
>> 18 (8284: 7829 8272 7829) (0.001514 s)
>> 17 (6097: 5632 6242 5632) (0.001498 s)
>> 13 (1801: 1170 1793 1170) (0.001489 s)
>> 13 (1970: 1180 1964 1180) (0.001471 s)
>> 0 (-1: -1 -1 -1) (0.001449 s)
Zelikovsky 8.68464 s
>> 56 (5908: 6837 5888 5292) (9.52988 s)
>> 32 (7843: 8013 8007 6889) (9.77254 s)
>> 18 (1036: 1533 1046 718) (9.78616 s)
>> 17 (8017: 8013 8310 7696) (9.76659 s)
>> 13 (1801: 1954 1793 1170) (9.75512 s)
>> 13 (8284: 7829 9075 8272) (9.75782 s)
>> 10 (1172: 1954 1964 1180) (9.77859 s)
>> 10 (7708: 7710 8643 8013) (9.7561 s)
>> 4 (528: 355 1954 1194) (9.75848 s)
>> 3 (6875: 7710 7351 6242) (9.73318 s)
>> 0 (-1: -1 -1 -1) (9.77423 s)
Zelikovsky- 107.182 s
>>> get_solution
  refine_solution: new weight 4000 (was 4005) in 0.001527 s
  refine_solution: new weight 4000 (was 4000) in 0.001452 s
>>> get_solution
  refine_solution: new weight 4153 (was 4168) in 0.001583 s
  refine_solution: new weight 4153 (was 4153) in 0.001464 s
22,,9424,16037,39,,6935,0,,4168,4153,4027,4005,4000,,84,3,@@

  handle_small_Steiner_degrees: steiner 0, suppress 0 in 1.2e-05 s
Starting round 23
Found 194 isolated vertices
Invalid ratios recomputed: 6265
Best ratio is 89/2 (44.5), centered at 717
Finding the best star... Star with 3 terminals centered in 718
round took: 2.43746 s
|V| = 9607, |E| = 16022, |R| = 37
>> 56 (5908: 5292 5888 5292) (0.001599 s)
>> 32 (7843: 6889 8007 6889) (0.001542 s)
>> 21 (8017: 7696 8013 7696) (0.00151 s)
>> 28 (8794: 8310 8789 8310) (0.001494 s)
>> 18 (8284: 7829 8272 7829) (0.001472 s)
>> 17 (6097: 5632 6242 5632) (0.001448 s)
>> 13 (1801: 1170 1793 1170) (0.001442 s)
>> 13 (1970: 1180 1964 1180) (0.001448 s)
>> 0 (-1: -1 -1 -1) (0.00142 s)
Zelikovsky 8.65296 s
>> 56 (5908: 6837 5888 5292) (9.49974 s)
>> 32 (7843: 8013 8007 6889) (9.71589 s)
>> 17 (8017: 8013 8310 7696) (9.72176 s)
>> 13 (1801: 1954 1793 1170) (9.71256 s)
>> 13 (8284: 7829 9075 8272) (9.71712 s)
>> 10 (1172: 1954 1964 1180) (9.73983 s)
>> 10 (7708: 7710 8643 8013) (9.73319 s)
>> 4 (528: 355 1954 718) (9.71836 s)
>> 3 (6875: 7710 7351 6242) (9.70655 s)
>> 0 (-1: -1 -1 -1) (9.72206 s)
Zelikovsky- 96.9992 s
>>> get_solution
  refine_solution: new weight 3995 (was 4000) in 0.001493 s
  refine_solution: new weight 3995 (was 3995) in 0.00147 s
>>> get_solution
  refine_solution: new weight 4132 (was 4147) in 0.001598 s
  refine_solution: new weight 4132 (was 4132) in 0.001443 s
23,,9413,16022,37,,6265,0,,4147,4132,4022,4000,3995,,89,3,@@

  handle_small_Steiner_degrees: steiner 0, suppress 2 in 1.7e-05 s
Starting round 24
Found 208 isolated vertices
Invalid ratios recomputed: 7150
Best ratio is 45/1 (45.0), centered at 993
Finding the best star... Star with 2 terminals centered in 1170
round took: 2.66297 s
|V| = 9607, |E| = 16007, |R| = 36
>> 56 (5908: 5292 5888 5292) (0.001579 s)
>> 32 (7843: 6889 8007 6889) (0.001525 s)
>> 21 (8017: 7696 8013 7696) (0.001481 s)
>> 28 (8794: 8310 8789 8310) (0.001452 s)
>> 18 (8284: 7829 8272 7829) (0.00145 s)
>> 17 (6097: 5632 6242 5632) (0.001426 s)
>> 13 (1801: 1170 1793 1170) (0.001413 s)
>> 13 (1970: 1180 1964 1180) (0.001407 s)
>> 0 (-1: -1 -1 -1) (0.001394 s)
Zelikovsky 8.60211 s
>> 56 (5908: 6837 5888 5292) (9.47105 s)
>> 32 (7843: 8013 8007 6889) (9.68184 s)
>> 17 (8017: 8013 8310 7696) (9.70744 s)
>> 13 (1801: 1954 1793 1170) (9.701 s)
>> 13 (8284: 7829 9075 8272) (9.7289 s)
>> 10 (1172: 1954 1964 1180) (9.711 s)
>> 10 (7708: 7710 8643 8013) (9.68279 s)
>> 4 (528: 355 1954 718) (9.67903 s)
>> 3 (6875: 7710 7351 6242) (9.65566 s)
>> 0 (-1: -1 -1 -1) (9.66624 s)
Zelikovsky- 96.6972 s
>>> get_solution
  refine_solution: new weight 3995 (was 4000) in 0.001497 s
  refine_solution: new weight 3995 (was 3995) in 0.001456 s
>>> get_solution
  refine_solution: new weight 4132 (was 4147) in 0.001591 s
  refine_solution: new weight 4132 (was 4132) in 0.001438 s
24,,9399,16007,36,,7150,0,,4147,4132,4022,4000,3995,,45,2,@@

  handle_small_Steiner_degrees: steiner 0, suppress 2 in 1.6e-05 s
Starting round 25
Found 218 isolated vertices
Invalid ratios recomputed: 6907
Best ratio is 48/1 (48.0), centered at 6837
Finding the best star... Star with 2 terminals centered in 6998
round took: 2.62523 s
|V| = 9607, |E| = 15995, |R| = 35
>> 51 (5908: 5292 5888 5292) (0.001555 s)
>> 32 (7843: 6889 8007 6889) (0.0015 s)
>> 21 (8017: 7696 8013 7696) (0.001459 s)
>> 28 (8794: 8310 8789 8310) (0.001437 s)
>> 18 (8284: 7829 8272 7829) (0.001416 s)
>> 17 (6097: 5632 6242 5632) (0.001411 s)
>> 13 (1801: 1170 1793 1170) (0.001393 s)
>> 13 (1970: 1180 1964 1180) (0.001388 s)
>> 0 (-1: -1 -1 -1) (0.001382 s)
Zelikovsky 8.62527 s
>> 51 (5908: 6998 5888 5292) (9.48032 s)
>> 32 (7843: 8013 8007 6889) (9.63756 s)
>> 17 (8017: 8013 8310 7696) (9.6661 s)
>> 13 (1801: 1954 1793 1170) (9.63126 s)
>> 13 (8284: 7829 9075 8272) (9.63493 s)
>> 10 (1172: 1954 1964 1180) (9.64596 s)
>> 10 (7708: 7710 8643 8013) (9.64206 s)
>> 4 (528: 355 1954 718) (9.61784 s)
>> 3 (6875: 7710 7351 6242) (9.68775 s)
>> 0 (-1: -1 -1 -1) (9.71853 s)
Zelikovsky- 96.3744 s
>>> get_solution
  refine_solution: new weight 3995 (was 4000) in 0.001483 s
  refine_solution: new weight 3995 (was 3995) in 0.001454 s
>>> get_solution
  refine_solution: new weight 4132 (was 4147) in 0.001582 s
  refine_solution: new weight 4132 (was 4132) in 0.001442 s
25,,9389,15995,35,,6907,0,,4147,4132,4022,4000,3995,,48,2,@@

  handle_small_Steiner_degrees: steiner 0, suppress 2 in 1.7e-05 s
Starting round 26
Found 227 isolated vertices
Invalid ratios recomputed: 7386
Best ratio is 49/1 (49.0), centered at 7708
Finding the best star... Star with 2 terminals centered in 8643
round took: 2.82392 s
|V| = 9607, |E| = 15985, |R| = 34
>> 51 (5908: 5292 5888 5292) (0.001529 s)
>> 32 (7843: 6889 8007 6889) (0.001484 s)
>> 21 (8017: 7696 8013 7696) (0.001438 s)
>> 18 (8794: 8310 8789 8310) (0.001416 s)
>> 18 (8284: 7829 8272 7829) (0.001398 s)
>> 17 (6097: 5632 6242 5632) (0.00139 s)
>> 13 (1801: 1170 1793 1170) (0.001389 s)
>> 13 (1970: 1180 1964 1180) (0.001368 s)
>> 0 (-1: -1 -1 -1) (0.001367 s)
Zelikovsky 8.87035 s
>> 51 (5908: 6998 5888 5292) (9.4165 s)
>> 32 (7843: 8013 8007 6889) (9.59277 s)
>> 17 (8017: 8013 8310 7696) (9.618 s)
>> 13 (1801: 1954 1793 1170) (9.59069 s)
>> 13 (8284: 7829 9075 8272) (9.61539 s)
>> 10 (1172: 1954 1964 1180) (9.63674 s)
>> 4 (528: 355 1954 718) (9.61905 s)
>> 3 (6875: 8013 7351 6242) (9.62068 s)
>> 0 (-1: -1 -1 -1) (9.61836 s)
Zelikovsky- 86.3395 s
>>> get_solution
  refine_solution: new weight 3995 (was 4000) in 0.001483 s
  refine_solution: new weight 3995 (was 3995) in 0.001454 s
>>> get_solution
  refine_solution: new weight 4132 (was 4137) in 0.001588 s
  refine_solution: new weight 4132 (was 4132) in 0.001454 s
26,,9380,15985,34,,7386,0,,4137,4132,4012,4000,3995,,49,2,@@

  handle_small_Steiner_degrees: steiner 0, suppress 1 in 1.8e-05 s
Starting round 27
Found 233 isolated vertices
Invalid ratios recomputed: 6513
Best ratio is 50/1 (50.0), centered at 1170
Finding the best star... Star with 2 terminals centered in 1180
round took: 2.58308 s
|V| = 9607, |E| = 15974, |R| = 33
>> 51 (5908: 5292 5888 5292) (0.00152 s)
>> 32 (7843: 6889 8007 6889) (0.001462 s)
>> 21 (8017: 7696 8013 7696) (0.001437 s)
>> 18 (8794: 8310 8789 8310) (0.001432 s)
>> 18 (8284: 7829 8272 7829) (0.001409 s)
>> 17 (6097: 5632 6242 5632) (0.001407 s)
>> 13 (1801: 1180 1793 1180) (0.001361 s)
>> 0 (-1: -1 -1 -1) (0.001357 s)
Zelikovsky 8.42267 s
>> 51 (5908: 6998 5888 5292) (8.9133 s)
>> 32 (7843: 8013 8007 6889) (9.14171 s)
>> 17 (8017: 8013 8310 7696) (9.17236 s)
>> 13 (1801: 1954 1793 1180) (9.17802 s)
>> 13 (8284: 7829 9075 8272) (9.18272 s)
>> 4 (528: 355 1954 718) (9.20969 s)
>> 3 (6875: 8013 7351 6242) (9.20192 s)
>> 0 (-1: -1 -1 -1) (9.244 s)
Zelikovsky- 73.254 s
>>> get_solution
  refine_solution: new weight 3995 (was 4000) in 0.001476 s
  refine_solution: new weight 3995 (was 3995) in 0.001452 s
>>> get_solution
  refine_solution: new weight 4132 (was 4137) in 0.001599 s
  refine_solution: new weight 4132 (was 4132) in 0.001462 s
27,,9374,15974,33,,6513,0,,4137,4132,4012,4000,3995,,50,2,@@

  handle_small_Steiner_degrees: steiner 0, suppress 0 in 1.2e-05 s
Starting round 28
Found 243 isolated vertices
Invalid ratios recomputed: 7457
Best ratio is 53/1 (53.0), centered at 1793
Finding the best star... Star with 2 terminals centered in 1954
round took: 2.8566 s
|V| = 9607, |E| = 15964, |R| = 32
>> 51 (5908: 5292 5888 5292) (0.001519 s)
>> 32 (7843: 6889 8007 6889) (0.001461 s)
>> 21 (8017: 7696 8013 7696) (0.001425 s)
>> 18 (8794: 8310 8789 8310) (0.001401 s)
>> 18 (8284: 7829 8272 7829) (0.001402 s)
>> 17 (6097: 5632 6242 5632) (0.001376 s)
>> 4 (528: 355 718 355) (0.001366 s)
>> 0 (-1: -1 -1 -1) (0.00128 s)
Zelikovsky 8.40362 s
>> 51 (5908: 6998 5888 5292) (8.89805 s)
>> 32 (7843: 8013 8007 6889) (9.13166 s)
>> 17 (8017: 8013 8310 7696) (9.15626 s)
>> 13 (8284: 7829 9075 8272) (9.16495 s)
>> 4 (528: 355 1180 718) (9.1892 s)
>> 3 (6875: 8013 7351 6242) (9.1781 s)
>> 0 (-1: -1 -1 -1) (9.21844 s)
Zelikovsky- 63.946 s
>>> get_solution
  refine_solution: new weight 4008 (was 4013) in 0.00147 s
  refine_solution: new weight 4008 (was 4008) in 0.00145 s
>>> get_solution
  refine_solution: new weight 4132 (was 4137) in 0.001595 s
  refine_solution: new weight 4132 (was 4132) in 0.001463 s
28,,9364,15964,32,,7457,0,,4137,4132,4021,4013,4008,,53,2,@@

  handle_small_Steiner_degrees: steiner 0, suppress 0 in 1.1e-05 s
Starting round 29
Found 252 isolated vertices
Invalid ratios recomputed: 7298
Best ratio is 54/1 (54.0), centered at 7351
Finding the best star... Star with 2 terminals centered in 7351
round took: 2.83994 s
|V| = 9607, |E| = 15959, |R| = 31
>> 51 (5908: 5292 5888 5292) (0.001481 s)
>> 32 (7843: 6889 8007 6889) (0.001435 s)
>> 21 (8017: 7696 8013 7696) (0.001415 s)
>> 18 (8794: 8310 8789 8310) (0.001387 s)
>> 18 (8284: 7351 8272 7351) (0.001374 s)
>> 4 (528: 355 718 355) (0.001361 s)
>> 0 (-1: -1 -1 -1) (0.00128 s)
Zelikovsky 8.48946 s
>> 51 (5908: 6998 5888 5292) (8.90708 s)
>> 32 (7843: 8013 8007 6889) (9.12441 s)
>> 17 (8017: 8013 8310 7696) (9.15019 s)
>> 13 (8284: 7351 9075 8272) (9.1532 s)
>> 4 (528: 355 1180 718) (9.18548 s)
>> 3 (6875: 8013 7351 6242) (9.17487 s)
>> 0 (-1: -1 -1 -1) (9.23566 s)
Zelikovsky- 63.9402 s
>>> get_solution
  refine_solution: new weight 4008 (was 4013) in 0.001471 s
  refine_solution: new weight 4008 (was 4008) in 0.001463 s
>>> get_solution
  refine_solution: new weight 4132 (was 4137) in 0.001595 s
  refine_solution: new weight 4132 (was 4132) in 0.001446 s
29,,9355,15959,31,,7298,0,,4137,4132,4016,4013,4008,,54,2,@@

  handle_small_Steiner_degrees: steiner 0, suppress 1 in 1.9e-05 s
Starting round 30
Found 257 isolated vertices
Invalid ratios recomputed: 7181
Best ratio is 112/2 (56.0), centered at 8013
Finding the best star... Star with 3 terminals centered in 8310
round took: 2.80368 s
|V| = 9607, |E| = 15941, |R| = 29
>> 51 (5908: 5292 5888 5292) (0.001468 s)
>> 32 (7843: 6889 8007 6889) (0.001402 s)
>> 18 (8284: 7351 8272 7351) (0.001368 s)
>> 8 (9087: 8789 9075 8789) (0.001338 s)
>> 4 (528: 355 718 355) (0.001336 s)
>> 0 (-1: -1 -1 -1) (0.001268 s)
Zelikovsky 8.44696 s
>> 51 (5908: 6998 5888 5292) (8.87092 s)
>> 32 (7843: 8310 8007 6889) (9.10371 s)
>> 13 (8284: 7351 9075 8272) (9.12461 s)
>> 4 (528: 355 1180 718) (9.15912 s)
>> 3 (6875: 8310 7351 6242) (9.1488 s)
>> 0 (-1: -1 -1 -1) (9.20067 s)
Zelikovsky- 54.6162 s
>>> get_solution
  refine_solution: new weight 4008 (was 4013) in 0.001479 s
  refine_solution: new weight 4008 (was 4008) in 0.00145 s
>>> get_solution
  refine_solution: new weight 4111 (was 4116) in 0.001591 s
  refine_solution: new weight 4111 (was 4111) in 0.001452 s
30,,9350,15941,29,,7181,0,,4116,4111,4016,4013,4008,,112,3,@@

  handle_small_Steiner_degrees: steiner 0, suppress 1 in 1.4e-05 s
Starting round 31
Found 273 isolated vertices
Invalid ratios recomputed: 6783
Best ratio is 58/1 (58.0), centered at 726
Finding the best star... Star with 2 terminals centered in 1046
round took: 2.74615 s
|V| = 9607, |E| = 15929, |R| = 28
>> 51 (5908: 5292 5888 5292) (0.00145 s)
>> 32 (7843: 6889 8007 6889) (0.001386 s)
>> 18 (8284: 7351 8272 7351) (0.001336 s)
>> 8 (9087: 8789 9075 8789) (0.001329 s)
>> 4 (528: 355 718 355) (0.001318 s)
>> 0 (-1: -1 -1 -1) (0.001262 s)
Zelikovsky 8.35893 s
>> 51 (5908: 6998 5888 5292) (8.85189 s)
>> 32 (7843: 8310 8007 6889) (9.06418 s)
>> 13 (8284: 7351 9075 8272) (9.08788 s)
>> 4 (528: 355 1180 718) (9.12527 s)
>> 3 (6875: 8310 7351 6242) (9.11049 s)
>> 0 (-1: -1 -1 -1) (9.16885 s)
Zelikovsky- 54.4168 s
>>> get_solution
  refine_solution: new weight 4008 (was 4013) in 0.001472 s
  refine_solution: new weight 4008 (was 4008) in 0.001449 s
>>> get_solution
  refine_solution: new weight 4111 (was 4116) in 0.001598 s
  refine_solution: new weight 4111 (was 4111) in 0.00145 s
31,,9334,15929,28,,6783,0,,4116,4111,4016,4013,4008,,58,2,@@

  handle_small_Steiner_degrees: steiner 0, suppress 0 in 1.2e-05 s
Starting round 32
Found 282 isolated vertices
Invalid ratios recomputed: 7763
Best ratio is 63/1 (63.0), centered at 718
Finding the best star... Star with 2 terminals centered in 1046
round took: 3.01233 s
|V| = 9607, |E| = 15918, |R| = 27
>> 51 (5908: 5292 5888 5292) (0.001422 s)
>> 32 (7843: 6889 8007 6889) (0.001369 s)
>> 18 (8284: 7351 8272 7351) (0.001332 s)
>> 8 (9087: 8789 9075 8789) (0.001307 s)
>> 4 (528: 355 1046 355) (0.001306 s)
>> 0 (-1: -1 -1 -1) (0.001235 s)
Zelikovsky 8.33065 s
>> 51 (5908: 6998 5888 5292) (8.82157 s)
>> 32 (7843: 8310 8007 6889) (9.02743 s)
>> 13 (8284: 7351 9075 8272) (9.05501 s)
>> 4 (528: 355 1180 1046) (9.09599 s)
>> 3 (6875: 8310 7351 6242) (9.07158 s)
>> 0 (-1: -1 -1 -1) (9.13588 s)
Zelikovsky- 54.2158 s
>>> get_solution
  refine_solution: new weight 4008 (was 4013) in 0.001468 s
  refine_solution: new weight 4008 (was 4008) in 0.001463 s
>>> get_solution
  refine_solution: new weight 4111 (was 4116) in 0.001585 s
  refine_solution: new weight 4111 (was 4111) in 0.001451 s
32,,9325,15918,27,,7763,0,,4116,4111,4016,4013,4008,,63,2,@@

  delete_edges: deleted 36 edges in 0.002191 s and 4 rounds
  handle_small_Steiner_degrees: steiner 2, suppress 41 in 3.2e-05 s
Starting round 33
Found 335 isolated vertices
Invalid ratios recomputed: 7736
Best ratio is 128/2 (64.0), centered at 526
Finding the best star... Star with 3 terminals centered in 1046
round took: 3.01823 s
|V| = 9607, |E| = 15812, |R| = 25
>> 51 (5908: 5292 5888 5292) (0.001374 s)
>> 32 (7843: 6889 8007 6889) (0.001325 s)
>> 18 (8284: 7351 8272 7351) (0.001281 s)
>> 8 (9087: 8789 9075 8789) (0.001272 s)
>> 0 (-1: -1 -1 -1) (0.001249 s)
Zelikovsky 8.32722 s
>> 51 (5908: 6998 5888 5292) (8.68182 s)
>> 32 (7843: 8310 8007 6889) (8.88049 s)
>> 13 (8284: 7351 9075 8272) (8.90395 s)
>> 3 (6875: 8310 7351 6242) (8.94619 s)
>> 0 (-1: -1 -1 -1) (9.00963 s)
Zelikovsky- 44.4293 s
>>> get_solution
  refine_solution: new weight 4008 (was 4013) in 0.00148 s
  refine_solution: new weight 4008 (was 4008) in 0.001448 s
>>> get_solution
  refine_solution: new weight 4107 (was 4112) in 0.001577 s
  refine_solution: new weight 4107 (was 4107) in 0.001446 s
33,,9272,15812,25,,7736,0,,4112,4107,4016,4013,4008,,128,3,@@

  handle_small_Steiner_degrees: steiner 0, suppress 3 in 1.9e-05 s
Starting round 34
Found 354 isolated vertices
Invalid ratios recomputed: 7718
Best ratio is 65/1 (65.0), centered at 1046
Finding the best star... Star with 2 terminals centered in 1964
round took: 3.07563 s
|V| = 9607, |E| = 15803, |R| = 24
>> 51 (5908: 5292 5888 5292) (0.001351 s)
>> 32 (7843: 6889 8007 6889) (0.001305 s)
>> 18 (8284: 7351 8272 7351) (0.001266 s)
>> 8 (9087: 8789 9075 8789) (0.00126 s)
>> 0 (-1: -1 -1 -1) (0.001237 s)
Zelikovsky 8.19249 s
>> 51 (5908: 6998 5888 5292) (8.66546 s)
>> 32 (7843: 8310 8007 6889) (8.86465 s)
>> 13 (8284: 7351 9075 8272) (8.89477 s)
>> 3 (6875: 8310 7351 6242) (8.93481 s)
>> 0 (-1: -1 -1 -1) (8.99502 s)
Zelikovsky- 44.3619 s
>>> get_solution
  refine_solution: new weight 4008 (was 4013) in 0.001476 s
  refine_solution: new weight 4008 (was 4008) in 0.00145 s
>>> get_solution
  refine_solution: new weight 4107 (was 4112) in 0.001576 s
  refine_solution: new weight 4107 (was 4107) in 0.001445 s
34,,9253,15803,24,,7718,0,,4112,4107,4016,4013,4008,,65,2,@@

  handle_small_Steiner_degrees: steiner 0, suppress 2 in 1.8e-05 s
Starting round 35
Found 361 isolated vertices
Invalid ratios recomputed: 7711
Best ratio is 65/1 (65.0), centered at 7697
Finding the best star... Star with 2 terminals centered in 8643
round took: 3.14188 s
|V| = 9607, |E| = 15786, |R| = 23
>> 51 (5908: 5292 5888 5292) (0.001335 s)
>> 32 (7843: 6889 8007 6889) (0.001294 s)
>> 18 (8284: 7351 8272 7351) (0.001261 s)
>> 8 (9087: 8789 9075 8789) (0.001261 s)
>> 0 (-1: -1 -1 -1) (0.001236 s)
Zelikovsky 8.16165 s
>> 51 (5908: 6998 5888 5292) (8.63478 s)
>> 32 (7843: 8643 8007 6889) (8.83821 s)
>> 13 (8284: 7351 9075 8272) (8.86245 s)
>> 3 (6875: 8643 7351 6242) (8.90684 s)
>> 0 (-1: -1 -1 -1) (8.96231 s)
Zelikovsky- 44.2122 s
>>> get_solution
  refine_solution: new weight 4008 (was 4013) in 0.001488 s
  refine_solution: new weight 4008 (was 4008) in 0.001452 s
>>> get_solution
  refine_solution: new weight 4107 (was 4112) in 0.001587 s
  refine_solution: new weight 4107 (was 4107) in 0.001445 s
35,,9246,15786,23,,7711,0,,4112,4107,4016,4013,4008,,65,2,@@

  handle_small_Steiner_degrees: steiner 0, suppress 1 in 1.3e-05 s
Starting round 36
Found 374 isolated vertices
Invalid ratios recomputed: 6406
Best ratio is 66/1 (66.0), centered at 7978
Finding the best star... Star with 2 terminals centered in 8272
round took: 2.72378 s
|V| = 9607, |E| = 15772, |R| = 22
>> 51 (5908: 5292 5888 5292) (0.001331 s)
>> 32 (7843: 6889 8007 6889) (0.001275 s)
>> 18 (8284: 7351 8272 7351) (0.001249 s)
>> 8 (9087: 8789 9075 8789) (0.001227 s)
>> 0 (-1: -1 -1 -1) (0.001205 s)
Zelikovsky 8.1514 s
>> 51 (5908: 6998 5888 5292) (8.64277 s)
>> 32 (7843: 8643 8007 6889) (8.83099 s)
>> 13 (8284: 7351 9075 8272) (8.85176 s)
>> 3 (6875: 8643 7351 6242) (8.91987 s)
>> 0 (-1: -1 -1 -1) (8.97579 s)
Zelikovsky- 44.2285 s
>>> get_solution
  refine_solution: new weight 4008 (was 4013) in 0.001468 s
  refine_solution: new weight 4008 (was 4008) in 0.001462 s
>>> get_solution
  refine_solution: new weight 4107 (was 4112) in 0.001592 s
  refine_solution: new weight 4107 (was 4107) in 0.001447 s
36,,9233,15772,22,,6406,0,,4112,4107,4016,4013,4008,,66,2,@@

  handle_small_Steiner_degrees: steiner 0, suppress 3 in 2.1e-05 s
Starting round 37
Found 386 isolated vertices
Invalid ratios recomputed: 7300
Best ratio is 67/1 (67.0), centered at 1330
Finding the best star... Star with 2 terminals centered in 1954
round took: 3.08165 s
|V| = 9607, |E| = 15756, |R| = 21
>> 51 (5908: 5292 5888 5292) (0.001307 s)
>> 32 (7843: 6889 8007 6889) (0.001267 s)
>> 18 (8284: 7351 8272 7351) (0.001231 s)
>> 8 (9087: 8789 9075 8789) (0.00121 s)
>> 0 (-1: -1 -1 -1) (0.001196 s)
Zelikovsky 8.1318 s
>> 51 (5908: 6998 5888 5292) (8.6181 s)
>> 32 (7843: 8643 8007 6889) (8.80662 s)
>> 13 (8284: 7351 9075 8272) (8.82662 s)
>> 3 (6875: 8643 7351 6242) (8.89737 s)
>> 0 (-1: -1 -1 -1) (8.95154 s)
Zelikovsky- 44.1076 s
>>> get_solution
  refine_solution: new weight 4008 (was 4013) in 0.001465 s
  refine_solution: new weight 4008 (was 4008) in 0.001459 s
>>> get_solution
  refine_solution: new weight 4107 (was 4112) in 0.001585 s
  refine_solution: new weight 4107 (was 4107) in 0.00144 s
37,,9221,15756,21,,7300,0,,4112,4107,4016,4013,4008,,67,2,@@

  handle_small_Steiner_degrees: steiner 0, suppress 3 in 2.1e-05 s
Starting round 38
Found 396 isolated vertices
Invalid ratios recomputed: 7689
Best ratio is 204/3 (68.0), centered at 8953
Finding the best star... Star with 4 terminals centered in 9395
round took: 3.41858 s
|V| = 9607, |E| = 15721, |R| = 18
>> 51 (5908: 5292 5888 5292) (0.001273 s)
>> 32 (7843: 6889 8007 6889) (0.00122 s)
>> 18 (8284: 7351 8272 7351) (0.0012 s)
>> 8 (9087: 9075 9238 9075) (0.001165 s)
>> 0 (-1: -1 -1 -1) (0.001165 s)
Zelikovsky 8.07228 s
>> 51 (5908: 6998 5888 5292) (8.59733 s)
>> 32 (7843: 9395 8007 6889) (8.78061 s)
>> 13 (8284: 7351 9075 8272) (8.81321 s)
>> 3 (6875: 9395 7351 6242) (8.8691 s)
>> 0 (-1: -1 -1 -1) (8.91321 s)
Zelikovsky- 43.9807 s
>>> get_solution
  refine_solution: new weight 4003 (was 4008) in 0.001468 s
  refine_solution: new weight 4003 (was 4003) in 0.001448 s
>>> get_solution
  refine_solution: new weight 4102 (was 4107) in 0.001584 s
  refine_solution: new weight 4102 (was 4102) in 0.001461 s
38,,9211,15721,18,,7689,0,,4107,4102,4011,4008,4003,,204,4,@@

  handle_small_Steiner_degrees: steiner 0, suppress 5 in 1.7e-05 s
Starting round 39
Found 427 isolated vertices
Invalid ratios recomputed: 6436
Best ratio is 143/2 (71.5), centered at 7839
Finding the best star... Star with 3 terminals centered in 9395
round took: 3.00096 s
|V| = 9607, |E| = 15689, |R| = 16
>> 51 (5908: 5292 5888 5292) (0.001248 s)
>> 13 (8284: 7351 8272 7351) (0.001194 s)
>> 8 (9087: 9075 9238 9075) (0.001263 s)
>> 0 (-1: -1 -1 -1) (0.001147 s)
Zelikovsky 8.04619 s
>> 51 (5908: 6998 5888 5292) (8.55967 s)
>> 13 (8284: 7351 9075 8272) (8.73812 s)
>> 3 (6875: 9395 7351 6242) (8.79232 s)
>> 0 (-1: -1 -1 -1) (8.85355 s)
Zelikovsky- 34.9499 s
>>> get_solution
  refine_solution: new weight 4003 (was 4008) in 0.001467 s
  refine_solution: new weight 4003 (was 4003) in 0.001448 s
>>> get_solution
  refine_solution: new weight 4070 (was 4075) in 0.001573 s
  refine_solution: new weight 4070 (was 4070) in 0.001458 s
39,,9180,15689,16,,6436,0,,4075,4070,4011,4008,4003,,143,3,@@

  handle_small_Steiner_degrees: steiner 0, suppress 7 in 2e-05 s
Starting round 40
Found 452 isolated vertices
Invalid ratios recomputed: 6657
Best ratio is 82/1 (82.0), centered at 6242
Finding the best star... Star with 2 terminals centered in 9395
round took: 3.17072 s
|V| = 9607, |E| = 15664, |R| = 15
>> 51 (5908: 5292 5888 5292) (0.001221 s)
>> 13 (8284: 7351 8272 7351) (0.001176 s)
>> 8 (9087: 9075 9238 9075) (0.00116 s)
>> 0 (-1: -1 -1 -1) (0.001135 s)
Zelikovsky 8.05925 s
>> 51 (5908: 6998 5888 5292) (8.54898 s)
>> 13 (8284: 7351 9075 8272) (8.70698 s)
>> 0 (-1: -1 -1 -1) (8.75159 s)
Zelikovsky- 26.0128 s
>>> get_solution
  refine_solution: new weight 4006 (was 4011) in 0.001464 s
  refine_solution: new weight 4006 (was 4006) in 0.001455 s
>>> get_solution
  refine_solution: new weight 4070 (was 4075) in 0.001567 s
  refine_solution: new weight 4070 (was 4070) in 0.001436 s
40,,9155,15664,15,,6657,0,,4075,4070,4011,4011,4006,,82,2,@@

  handle_small_Steiner_degrees: steiner 0, suppress 2 in 1.4e-05 s
Starting round 41
Found 464 isolated vertices
Invalid ratios recomputed: 6891
Best ratio is 83/1 (83.0), centered at 9075
Finding the best star... Star with 2 terminals centered in 9238
round took: 3.29219 s
|V| = 9607, |E| = 15646, |R| = 14
>> 51 (5908: 5292 5888 5292) (0.001214 s)
>> 8 (8284: 7351 8272 7351) (0.001169 s)
>> 0 (-1: -1 -1 -1) (0.001155 s)
Zelikovsky 8.01858 s
>> 51 (5908: 6998 5888 5292) (8.5182 s)
>> 8 (8284: 7351 9238 8272) (8.67856 s)
>> 0 (-1: -1 -1 -1) (8.72556 s)
Zelikovsky- 25.9276 s
>>> get_solution
  refine_solution: new weight 4006 (was 4011) in 0.001482 s
  refine_solution: new weight 4006 (was 4006) in 0.001446 s
>>> get_solution
  refine_solution: new weight 4065 (was 4070) in 0.001582 s
  refine_solution: new weight 4065 (was 4065) in 0.001449 s
41,,9143,15646,14,,6891,0,,4070,4065,4011,4011,4006,,83,2,@@

  handle_small_Steiner_degrees: steiner 0, suppress 1 in 1.4e-05 s
Starting round 42
Found 479 isolated vertices
Invalid ratios recomputed: 6722
Best ratio is 89/1 (89.0), centered at 1954
Finding the best star... Star with 2 terminals centered in 2477
round took: 3.29438 s
|V| = 9607, |E| = 15631, |R| = 13
>> 51 (5908: 5292 5888 5292) (0.001213 s)
>> 8 (8284: 7351 8272 7351) (0.001161 s)
>> 0 (-1: -1 -1 -1) (0.001134 s)
Zelikovsky 8.00568 s
>> 51 (5908: 6998 5888 5292) (8.51292 s)
>> 8 (8284: 7351 9238 8272) (8.66815 s)
>> 0 (-1: -1 -1 -1) (8.70385 s)
Zelikovsky- 25.8902 s
>>> get_solution
  refine_solution: new weight 4006 (was 4011) in 0.001462 s
  refine_solution: new weight 4006 (was 4006) in 0.001449 s
>>> get_solution
  refine_solution: new weight 4065 (was 4070) in 0.001579 s
  refine_solution: new weight 4065 (was 4065) in 0.001439 s
42,,9128,15631,13,,6722,0,,4070,4065,4011,4011,4006,,89,2,@@

  handle_small_Steiner_degrees: steiner 0, suppress 2 in 2e-05 s
Starting round 43
Found 492 isolated vertices
Invalid ratios recomputed: 7541
Best ratio is 184/2 (92.0), centered at 5632
Finding the best star... Star with 3 terminals centered in 9395
round took: 3.96744 s
|V| = 9607, |E| = 15604, |R| = 11
>> 51 (5908: 5292 5888 5292) (0.001183 s)
>> 5 (8284: 8272 9238 8272) (0.001132 s)
>> 0 (-1: -1 -1 -1) (0.001114 s)
Zelikovsky 8.04039 s
>> 51 (5908: 6998 5888 5292) (8.54903 s)
>> 5 (8284: 9395 9238 8272) (8.6669 s)
>> 0 (-1: -1 -1 -1) (8.74643 s)
Zelikovsky- 25.9676 s
>>> get_solution
  refine_solution: new weight 4006 (was 4011) in 0.00147 s
  refine_solution: new weight 4006 (was 4006) in 0.001443 s
>>> get_solution
  refine_solution: new weight 4062 (was 4067) in 0.001577 s
  refine_solution: new weight 4062 (was 4062) in 0.001448 s
43,,9115,15604,11,,7541,0,,4067,4062,4011,4011,4006,,184,3,@@

  handle_small_Steiner_degrees: steiner 0, suppress 3 in 1.7e-05 s
Starting round 44
Found 515 isolated vertices
Invalid ratios recomputed: 7080
Best ratio is 94/1 (94.0), centered at 2174
Finding the best star... Star with 2 terminals centered in 2709
round took: 3.8742 s
|V| = 9607, |E| = 15584, |R| = 10
>> 51 (5908: 5292 5888 5292) (0.001166 s)
>> 5 (8284: 8272 9238 8272) (0.001132 s)
>> 0 (-1: -1 -1 -1) (0.001103 s)
Zelikovsky 8.05302 s
>> 51 (5908: 6998 5888 5292) (8.55066 s)
>> 5 (8284: 9395 9238 8272) (8.66 s)
>> 0 (-1: -1 -1 -1) (8.73905 s)
Zelikovsky- 25.9549 s
>>> get_solution
  refine_solution: new weight 4006 (was 4011) in 0.001466 s
  refine_solution: new weight 4006 (was 4006) in 0.001445 s
>>> get_solution
  refine_solution: new weight 4062 (was 4067) in 0.001598 s
  refine_solution: new weight 4062 (was 4062) in 0.001446 s
44,,9092,15584,10,,7080,0,,4067,4062,4011,4011,4006,,94,2,@@

  handle_small_Steiner_degrees: steiner 0, suppress 2 in 2.2e-05 s
Starting round 45
Found 530 isolated vertices
Invalid ratios recomputed: 8553
Best ratio is 99/1 (99.0), centered at 5316
Finding the best star... Star with 2 terminals centered in 9395
round took: 4.97705 s
|V| = 9607, |E| = 15567, |R| = 9
>> 51 (5908: 5292 5888 5292) (0.001156 s)
>> 5 (8284: 8272 9238 8272) (0.00112 s)
>> 0 (-1: -1 -1 -1) (0.001093 s)
Zelikovsky 8.07645 s
>> 51 (5908: 6998 5888 5292) (8.58191 s)
>> 5 (8284: 9395 9238 8272) (8.67045 s)
>> 0 (-1: -1 -1 -1) (8.73166 s)
Zelikovsky- 25.9893 s
>>> get_solution
  refine_solution: new weight 4006 (was 4011) in 0.001477 s
  refine_solution: new weight 4006 (was 4006) in 0.001447 s
>>> get_solution
  refine_solution: new weight 4062 (was 4067) in 0.001574 s
  refine_solution: new weight 4062 (was 4062) in 0.001446 s
45,,9077,15567,9,,8553,0,,4067,4062,4011,4011,4006,,99,2,@@

  handle_small_Steiner_degrees: steiner 0, suppress 1 in 1.2e-05 s
Starting round 46
Found 544 isolated vertices
Invalid ratios recomputed: 7770
Best ratio is 101/1 (101.0), centered at 8148
Finding the best star... Star with 2 terminals centered in 9395
round took: 4.80451 s
|V| = 9607, |E| = 15552, |R| = 8
>> 51 (5908: 5292 5888 5292) (0.001149 s)
>> 0 (-1: -1 -1 -1) (0.001103 s)
Zelikovsky 8.05918 s
>> 51 (5908: 6998 5888 5292) (8.58165 s)
>> 0 (-1: -1 -1 -1) (8.6601 s)
Zelikovsky- 17.2459 s
>>> get_solution
  refine_solution: new weight 4011 (was 4016) in 0.001479 s
  refine_solution: new weight 4011 (was 4011) in 0.001443 s
>>> get_solution
  refine_solution: new weight 4062 (was 4067) in 0.001568 s
  refine_solution: new weight 4062 (was 4062) in 0.001445 s
46,,9063,15552,8,,7770,0,,4067,4062,4016,4016,4011,,101,2,@@

  handle_small_Steiner_degrees: steiner 0, suppress 4 in 1.9e-05 s
Starting round 47
Found 557 isolated vertices
Invalid ratios recomputed: 7757
Best ratio is 106/1 (106.0), centered at 8644
Finding the best star... Star with 2 terminals centered in 9606
round took: 4.95958 s
|V| = 9607, |E| = 15538, |R| = 7
>> 51 (5908: 5292 5888 5292) (0.001142 s)
>> 0 (-1: -1 -1 -1) (0.001102 s)
Zelikovsky 8.03746 s
>> 51 (5908: 6998 5888 5292) (8.56148 s)
>> 0 (-1: -1 -1 -1) (8.64378 s)
Zelikovsky- 17.2095 s
>>> get_solution
  refine_solution: new weight 4011 (was 4016) in 0.001468 s
  refine_solution: new weight 4011 (was 4011) in 0.001446 s
>>> get_solution
  refine_solution: new weight 4062 (was 4067) in 0.001581 s
  refine_solution: new weight 4062 (was 4062) in 0.001439 s
47,,9050,15538,7,,7757,0,,4067,4062,4016,4016,4011,,106,2,@@

  handle_small_Steiner_degrees: steiner 0, suppress 0 in 1.1e-05 s
Starting round 48
Found 564 isolated vertices
Invalid ratios recomputed: 7750
Best ratio is 109/1 (109.0), centered at 7825
Finding the best star... Star with 2 terminals centered in 8272
round took: 5.37258 s
|V| = 9607, |E| = 15521, |R| = 6
>> 51 (5908: 5292 5888 5292) (0.001126 s)
>> 0 (-1: -1 -1 -1) (0.0011 s)
Zelikovsky 8.04722 s
>> 51 (5908: 6998 5888 5292) (8.581 s)
>> 0 (-1: -1 -1 -1) (8.64551 s)
Zelikovsky- 17.2307 s
>>> get_solution
  refine_solution: new weight 4011 (was 4016) in 0.001467 s
  refine_solution: new weight 4011 (was 4011) in 0.001454 s
>>> get_solution
  refine_solution: new weight 4062 (was 4067) in 0.00157 s
  refine_solution: new weight 4062 (was 4062) in 0.001437 s
48,,9043,15521,6,,7750,0,,4067,4062,4016,4016,4011,,109,2,@@

  handle_small_Steiner_degrees: steiner 0, suppress 1 in 1.6e-05 s
Starting round 49
Found 581 isolated vertices
Invalid ratios recomputed: 7733
Best ratio is 138/1 (138.0), centered at 6998
Finding the best star... Star with 2 terminals centered in 8272
round took: 5.94144 s
|V| = 9607, |E| = 15505, |R| = 5
>> 51 (5908: 5292 5888 5292) (0.001121 s)
>> 0 (-1: -1 -1 -1) (0.001079 s)
Zelikovsky 8.09584 s
>> 51 (5908: 8272 5888 5292) (8.62194 s)
>> 0 (-1: -1 -1 -1) (8.74996 s)
Zelikovsky- 17.3761 s
>>> get_solution
  refine_solution: new weight 4011 (was 4016) in 0.001475 s
  refine_solution: new weight 4011 (was 4011) in 0.001445 s
>>> get_solution
  refine_solution: new weight 4062 (was 4067) in 0.001573 s
  refine_solution: new weight 4062 (was 4062) in 0.001445 s
49,,9026,15505,5,,7733,0,,4067,4062,4016,4016,4011,,138,2,@@

  handle_small_Steiner_degrees: steiner 0, suppress 0 in 1.1e-05 s
Starting round 50
Found 595 isolated vertices
Invalid ratios recomputed: 7776
Best ratio is 295/2 (147.5), centered at 5592
Finding the best star... Star with 3 terminals centered in 8272
round took: 6.43344 s
|V| = 9607, |E| = 15457, |R| = 3
>> 0 (-1: -1 -1 -1) (0.001094 s)
Zelikovsky 8.13818 s
>> 0 (-1: -1 -1 -1) (8.67383 s)
Zelikovsky- 8.6771 s
>>> get_solution
  refine_solution: new weight 4004 (was 4009) in 0.001469 s
  refine_solution: new weight 4004 (was 4004) in 0.001454 s
>>> get_solution
  refine_solution: new weight 4004 (was 4009) in 0.001577 s
  refine_solution: new weight 4004 (was 4004) in 0.001444 s
50,,9012,15457,3,,7776,0,,4009,4004,4009,4009,4004,,295,3,@@

  handle_small_Steiner_degrees: steiner 0, suppress 6 in 2.5e-05 s
Starting round 51
Found 643 isolated vertices
Invalid ratios recomputed: 8072
Best ratio is 159/1 (159.0), centered at 899
Finding the best star... Star with 2 terminals centered in 2709
round took: 7.62666 s
|V| = 9607, |E| = 15428, |R| = 2
Zelikovsky 8.31799 s
Zelikovsky- 0.003003 s
>>> get_solution
  refine_solution: new weight 4004 (was 4009) in 0.00147 s
  refine_solution: new weight 4004 (was 4004) in 0.001454 s
>>> get_solution
  refine_solution: new weight 4004 (was 4009) in 0.00158 s
  refine_solution: new weight 4004 (was 4004) in 0.001442 s
51,,8964,15428,2,,8072,0,,4009,4004,4009,4009,4004,,159,2,@@

  handle_small_Steiner_degrees: steiner 0, suppress 0 in 1.1e-05 s
Starting round 52
Found 660 isolated vertices
Invalid ratios recomputed: 8947
Best ratio is 244/1 (244.0), centered at 2709
Finding the best star... Star with 2 terminals centered in 8272
round took: 8.93562 s
|V| = 9607, |E| = 15403, |R| = 1
Zelikovsky 8.49209 s
Zelikovsky- 0.003124 s
>>> get_solution
  refine_solution: new weight 4004 (was 4009) in 0.001478 s
  refine_solution: new weight 4004 (was 4004) in 0.001449 s
>>> get_solution
  refine_solution: new weight 4004 (was 4009) in 0.001567 s
  refine_solution: new weight 4004 (was 4004) in 0.001441 s
52,,8947,15403,1,,8947,0,,4009,4004,4009,4009,4004,,244,2,@@

  handle_small_Steiner_degrees: steiner 0, suppress 1 in 1.5e-05 s
contract_till_the_bitter_end: 5493.04 s

Calling end_heu
>>> get_solution
Saved weight 0
end_heu: 0 loops with 0 unique solutions in 0.000137 s

Calling print_solution
>>> get_solution
  refine_solution: new weight 4004 (was 4009) in 0.001788 s
Oops orig weight was 4009 but we got 4004
## FINAL WEIGHT 4004
print_solution: 0.004171 s
