Version: final-94-gfffc3aa rub_all.sh: remove longest prefix
Random seed: 1558071431
Start
>>> save_orig_graph
>> Saved weight 0
Graph loaded
|V| = 321, |E| = 640, |R| = 80
First clearance of the input. Calling buy_zero and run_all_heuristics.
  buy_zero: 0 zero edges in 1e-06 s
  handle_small_terminal_degrees: terms 9 in 2.1e-05 s
  handle_small_Steiner_degrees: steiner 19, suppress 33 in 3.1e-05 s
  shortest_edge_between_terminals: 3 edges in 8e-06 s
  handle_small_terminal_degrees: terms 0 in 1e-06 s
  handle_small_Steiner_degrees: steiner 0, suppress 1 in 2e-06 s
  shortest_edge_between_terminals: 0 edges in 3e-06 s
  handle_small_terminal_degrees: terms 0 in 1e-06 s
  handle_small_Steiner_degrees: steiner 0, suppress 0 in 1e-06 s
  shortest_edge_between_terminals: 0 edges in 3e-06 s
Compressed graph 321 -> 256
  delete_edges: deleted 0 edges in 0.000111 s and 1 rounds
  handle_small_terminal_degrees: terms 0 in 1e-06 s
  handle_small_Steiner_degrees: steiner 0, suppress 0 in 1e-06 s
  shortest_edge_between_terminals: 0 edges in 3e-06 s
Compressed graph 256 -> 256
  delete_edges_shortest_path: deleted 0 edges in 0.00276 s
  handle_small_terminal_degrees: terms 0 in 1e-06 s
  handle_small_Steiner_degrees: steiner 0, suppress 0 in 1e-06 s
  shortest_edge_between_terminals: 0 edges in 2e-06 s
Compressed graph 256 -> 256
  handle_small_terminal_degrees: terms 0 in 0 s
  handle_small_Steiner_degrees: steiner 0, suppress 0 in 1e-06 s
  shortest_edge_between_terminals: 0 edges in 2e-06 s
Compressed graph 256 -> 256
  delete_edges_shortest_path: deleted 0 edges in 0.001919 s
  handle_small_terminal_degrees: terms 0 in 0 s
  handle_small_Steiner_degrees: steiner 0, suppress 0 in 0 s
  shortest_edge_between_terminals: 0 edges in 2e-06 s
Compressed graph 256 -> 256
Compressed graph 256 -> 256
>>> save_orig_graph
>> Saved weight 2404
### ZEL_LVL=9 PRECISE_STARS=1

Calling `contract_till_the_bitter_end`
|V| = 256, |E| = 573, |R| = 76
>> 195 (119: 3 25 3) (0.002634 s)
>> 187 (142: 18 23 18) (0.002544 s)
>> 186 (163: 11 55 11) (0.002432 s)
>> 179 (157: 38 39 38) (0.002477 s)
>> 178 (174: 2 21 2) (0.002399 s)
>> 176 (185: 34 37 34) (0.002399 s)
>> 118 (186: 10 15 10) (0.002252 s)
>> 116 (237: 26 28 26) (0.002204 s)
>> 110 (242: 24 61 24) (0.002151 s)
>> 189 (79: 9 47 9) (0.002145 s)
>> 187 (165: 45 54 45) (0.002117 s)
>> 109 (253: 29 36 29) (0.002047 s)
>> 195 (158: 6 48 6) (0.002025 s)
>> 183 (212: 4 30 4) (0.001954 s)
>> 180 (227: 1 41 1) (0.001924 s)
>> 189 (122: 32 42 32) (0.001866 s)
>> 179 (141: 14 40 14) (0.001824 s)
>> 193 (255: 5 56 5) (0.001747 s)
>> 122 (189: 27 33 27) (0.001748 s)
>> 112 (170: 12 69 12) (0.001744 s)
>> 110 (250: 0 60 0) (0.00172 s)
>> 0 (-1: -1 -1 -1) (0.001297 s)
Zelikovsky 0.072687 s
>> 195 (119: 25 42 3) (0.016262 s)
>> 190 (252: 25 68 10) (0.015853 s)
>> 176 (185: 71 37 34) (0.015315 s)
>> 109 (253: 43 36 29) (0.014849 s)
>> 104 (147: 26 39 27) (0.014475 s)
>> 103 (141: 14 65 52) (0.014069 s)
>> 101 (194: 24 62 25) (0.013788 s)
>> 100 (242: 24 70 61) (0.01343 s)
>> 99 (142: 24 23 18) (0.013016 s)
>> 97 (211: 74 46 24) (0.012599 s)
>> 101 (189: 74 49 33) (0.012163 s)
>> 99 (108: 74 45 21) (0.011835 s)
>> 95 (212: 40 30 4) (0.011478 s)
>> 94 (237: 43 32 28) (0.011276 s)
>> 95 (216: 43 63 17) (0.010972 s)
>> 84 (95: 43 44 40) (0.010631 s)
>> 17 (186: 74 31 15) (0.010382 s)
>> 93 (103: 74 73 2) (0.010074 s)
>> 14 (117: 43 16 9) (0.00985 s)
>> 101 (209: 43 8 1) (0.009472 s)
>> 12 (137: 74 43 11) (0.009269 s)
>> 8 (236: 54 72 14) (0.009025 s)
>> 4 (227: 74 64 41) (0.00874 s)
>> 0 (-1: -1 -1 -1) (0.008615 s)
Zelikovsky- 0.288527 s
>>> get_solution
  refine_solution: new weight 21793 (was 22090) in 0.00019 s
  refine_solution: new weight 21793 (was 21793) in 0.000177 s
>>> get_solution
  refine_solution: new weight 24027 (was 25052) in 0.000177 s
  refine_solution: new weight 23717 (was 24027) in 0.000177 s
  refine_solution: new weight 23613 (was 23717) in 0.000181 s
  refine_solution: new weight 23613 (was 23613) in 0.00017 s
0,,256,573,76,,0,0,,25052,23613,23128,22090,21793,,0,0,@@

  delete_edges: deleted 0 edges in 5.3e-05 s and 1 rounds
  handle_small_Steiner_degrees: steiner 0, suppress 0 in 1e-06 s
Starting round 1
Found 0 isolated vertices
Invalid ratios recomputed: 256
Best ratio is 196/1 (196.0), centered at 44
Finding the best star... Star with 2 terminals centered in 44
round took: 0.004847 s
|V| = 256, |E| = 572, |R| = 75
>> 195 (119: 3 25 3) (0.002517 s)
>> 187 (142: 18 23 18) (0.002432 s)
>> 186 (163: 11 55 11) (0.002357 s)
>> 179 (157: 38 39 38) (0.002378 s)
>> 178 (174: 2 21 2) (0.002322 s)
>> 176 (185: 34 37 34) (0.002345 s)
>> 118 (186: 10 15 10) (0.002186 s)
>> 116 (237: 26 28 26) (0.002126 s)
>> 110 (242: 24 61 24) (0.002068 s)
>> 189 (79: 9 47 9) (0.002102 s)
>> 187 (165: 44 45 44) (0.002087 s)
>> 192 (209: 1 8 1) (0.002024 s)
>> 192 (236: 7 54 7) (0.001977 s)
>> 194 (141: 14 52 14) (0.001929 s)
>> 198 (128: 13 36 13) (0.001914 s)
>> 195 (158: 6 48 6) (0.001881 s)
>> 184 (122: 32 42 32) (0.001847 s)
>> 183 (212: 4 30 4) (0.001766 s)
>> 118 (177: 5 20 5) (0.001738 s)
>> 117 (189: 27 33 27) (0.001685 s)
>> 113 (246: 19 29 19) (0.001676 s)
>> 186 (133: 35 43 35) (0.001634 s)
>> 108 (252: 53 68 53) (0.001543 s)
>> 107 (227: 16 41 16) (0.001526 s)
>> 103 (170: 12 51 12) (0.001473 s)
>> 102 (131: 56 66 56) (0.001445 s)
>> 101 (136: 63 70 63) (0.001425 s)
>> 103 (211: 46 49 46) (0.00141 s)
>> 103 (170: 62 69 62) (0.001375 s)
>> 123 (211: 22 57 22) (0.001353 s)
>> 97 (228: 40 73 40) (0.001322 s)
>> 100 (96: 58 64 58) (0.00129 s)
>> 22 (232: 0 65 0) (0.001271 s)
>> 0 (-1: -1 -1 -1) (0.001207 s)
Zelikovsky 0.085553 s
>> 195 (119: 25 42 3) (0.015974 s)
>> 190 (252: 25 68 10) (0.015512 s)
>> 176 (185: 71 37 34) (0.014985 s)
>> 109 (253: 43 36 29) (0.014537 s)
>> 104 (147: 26 39 27) (0.014256 s)
>> 103 (141: 14 65 52) (0.013796 s)
>> 101 (194: 24 62 25) (0.013543 s)
>> 100 (242: 24 70 61) (0.013164 s)
>> 99 (142: 24 23 18) (0.012779 s)
>> 97 (211: 74 46 24) (0.01233 s)
>> 101 (189: 74 49 33) (0.011893 s)
>> 99 (108: 74 45 21) (0.011564 s)
>> 95 (212: 40 30 4) (0.011251 s)
>> 94 (237: 43 32 28) (0.011055 s)
>> 95 (216: 43 63 17) (0.010721 s)
>> 84 (95: 43 44 40) (0.010422 s)
>> 17 (186: 74 31 15) (0.010181 s)
>> 93 (103: 74 73 2) (0.009898 s)
>> 14 (117: 43 16 9) (0.009652 s)
>> 101 (209: 43 8 1) (0.009289 s)
>> 12 (137: 74 43 11) (0.00908 s)
>> 8 (236: 54 72 14) (0.008881 s)
>> 4 (227: 74 64 41) (0.008616 s)
>> 0 (-1: -1 -1 -1) (0.00847 s)
Zelikovsky- 0.282945 s
>>> get_solution
  refine_solution: new weight 21793 (was 22090) in 0.000188 s
  refine_solution: new weight 21793 (was 21793) in 0.000178 s
>>> get_solution
  refine_solution: new weight 24027 (was 25052) in 0.000178 s
  refine_solution: new weight 23717 (was 24027) in 0.000178 s
  refine_solution: new weight 23613 (was 23717) in 0.000177 s
  refine_solution: new weight 23613 (was 23613) in 0.00017 s
1,,256,572,75,,256,0,,25052,23613,23525,22090,21793,,196,2,@@

  handle_small_Steiner_degrees: steiner 0, suppress 0 in 0 s
Starting round 2
Found 1 isolated vertices
Invalid ratios recomputed: 235
Best ratio is 197/1 (197.0), centered at 7
Finding the best star... Star with 2 terminals centered in 7
round took: 0.004829 s
|V| = 256, |E| = 571, |R| = 74
>> 195 (119: 3 25 3) (0.002421 s)
>> 187 (142: 18 23 18) (0.002394 s)
>> 186 (163: 11 55 11) (0.002329 s)
>> 179 (157: 38 39 38) (0.002298 s)
>> 178 (174: 2 21 2) (0.002296 s)
>> 176 (185: 34 37 34) (0.002242 s)
>> 118 (186: 10 15 10) (0.002139 s)
>> 116 (237: 26 28 26) (0.002072 s)
>> 110 (242: 24 61 24) (0.001985 s)
>> 189 (79: 9 47 9) (0.002071 s)
>> 187 (165: 44 45 44) (0.001976 s)
>> 192 (209: 1 8 1) (0.001966 s)
>> 192 (236: 7 54 7) (0.001873 s)
>> 196 (128: 13 36 13) (0.00182 s)
>> 195 (158: 6 48 6) (0.001807 s)
>> 194 (141: 14 52 14) (0.001789 s)
>> 188 (122: 32 42 32) (0.001769 s)
>> 186 (133: 35 43 35) (0.001721 s)
>> 183 (212: 4 30 4) (0.001629 s)
>> 118 (177: 5 20 5) (0.001613 s)
>> 117 (189: 27 33 27) (0.001592 s)
>> 108 (252: 53 68 53) (0.001537 s)
>> 107 (227: 16 41 16) (0.001459 s)
>> 103 (170: 12 51 12) (0.001457 s)
>> 102 (131: 56 66 56) (0.001408 s)
>> 101 (136: 63 70 63) (0.001367 s)
>> 103 (211: 46 49 46) (0.001371 s)
>> 103 (170: 62 69 62) (0.001331 s)
>> 123 (211: 22 57 22) (0.001294 s)
>> 97 (228: 40 73 40) (0.001277 s)
>> 87 (250: 0 58 0) (0.001244 s)
>> 0 (-1: -1 -1 -1) (0.001156 s)
Zelikovsky 0.079924 s
>> 195 (119: 25 42 3) (0.015695 s)
>> 190 (252: 25 68 10) (0.015223 s)
>> 176 (185: 71 37 34) (0.014686 s)
>> 109 (253: 43 36 7) (0.014221 s)
>> 104 (147: 26 39 27) (0.013891 s)
>> 103 (141: 14 65 52) (0.013471 s)
>> 101 (194: 24 62 25) (0.013208 s)
>> 100 (242: 24 70 61) (0.012818 s)
>> 99 (142: 24 23 18) (0.012448 s)
>> 97 (211: 74 46 24) (0.012036 s)
>> 101 (189: 74 49 33) (0.011654 s)
>> 99 (108: 74 45 21) (0.011312 s)
>> 95 (212: 40 30 4) (0.010982 s)
>> 94 (237: 43 32 28) (0.010701 s)
>> 95 (216: 43 63 17) (0.01046 s)
>> 84 (95: 43 44 40) (0.010168 s)
>> 17 (186: 74 31 15) (0.009927 s)
>> 93 (103: 74 73 2) (0.009676 s)
>> 14 (117: 43 16 9) (0.009452 s)
>> 101 (209: 43 8 1) (0.009178 s)
>> 12 (137: 74 43 11) (0.008962 s)
>> 8 (236: 54 72 14) (0.008666 s)
>> 4 (227: 74 64 41) (0.008406 s)
>> 0 (-1: -1 -1 -1) (0.008265 s)
Zelikovsky- 0.276597 s
>>> get_solution
  refine_solution: new weight 21793 (was 22090) in 0.00019 s
  refine_solution: new weight 21793 (was 21793) in 0.000178 s
>>> get_solution
  refine_solution: new weight 24027 (was 25052) in 0.000179 s
  refine_solution: new weight 23717 (was 24027) in 0.000178 s
  refine_solution: new weight 23613 (was 23717) in 0.000176 s
  refine_solution: new weight 23613 (was 23613) in 0.000171 s
2,,255,571,74,,235,0,,25052,23613,23133,22090,21793,,197,2,@@

  handle_small_Steiner_degrees: steiner 0, suppress 0 in 0 s
Starting round 3
Found 2 isolated vertices
Invalid ratios recomputed: 238
Best ratio is 197/1 (197.0), centered at 43
Finding the best star... Star with 2 terminals centered in 43
round took: 0.00495 s
|V| = 256, |E| = 570, |R| = 73
>> 195 (119: 3 25 3) (0.00234 s)
>> 187 (142: 18 23 18) (0.00235 s)
>> 186 (163: 11 55 11) (0.002305 s)
>> 179 (157: 38 39 38) (0.002277 s)
>> 178 (174: 2 21 2) (0.002191 s)
>> 176 (185: 34 37 34) (0.002215 s)
>> 118 (186: 10 15 10) (0.002084 s)
>> 116 (237: 26 28 26) (0.001987 s)
>> 110 (242: 24 61 24) (0.00199 s)
>> 189 (79: 9 47 9) (0.00198 s)
>> 187 (165: 44 45 44) (0.001956 s)
>> 192 (209: 1 8 1) (0.001884 s)
>> 192 (236: 7 54 7) (0.001842 s)
>> 196 (128: 13 36 13) (0.00176 s)
>> 195 (158: 6 43 6) (0.001756 s)
>> 194 (141: 14 52 14) (0.001743 s)
>> 188 (122: 32 42 32) (0.001698 s)
>> 183 (212: 4 30 4) (0.001633 s)
>> 118 (177: 5 20 5) (0.00159 s)
>> 117 (189: 27 33 27) (0.001578 s)
>> 108 (252: 53 68 53) (0.001523 s)
>> 107 (227: 16 41 16) (0.001456 s)
>> 103 (170: 12 51 12) (0.001449 s)
>> 102 (131: 56 66 56) (0.001389 s)
>> 101 (136: 63 70 63) (0.001354 s)
>> 103 (211: 46 49 46) (0.001353 s)
>> 103 (170: 62 69 62) (0.001316 s)
>> 123 (211: 22 57 22) (0.001281 s)
>> 97 (228: 40 73 40) (0.001266 s)
>> 100 (133: 31 35 31) (0.001233 s)
>> 195 (250: 0 17 0) (0.001192 s)
>> 0 (-1: -1 -1 -1) (0.001132 s)
Zelikovsky 0.07771 s
>> 195 (119: 25 42 3) (0.015369 s)
>> 190 (252: 25 68 10) (0.014932 s)
>> 176 (185: 71 37 34) (0.014375 s)
>> 109 (253: 43 36 7) (0.013933 s)
>> 104 (147: 26 39 27) (0.013583 s)
>> 103 (141: 14 65 52) (0.013185 s)
>> 101 (194: 24 62 25) (0.012933 s)
>> 100 (242: 24 70 61) (0.01254 s)
>> 99 (142: 24 23 18) (0.012193 s)
>> 97 (211: 74 46 24) (0.011785 s)
>> 101 (189: 74 49 33) (0.011416 s)
>> 99 (108: 74 45 21) (0.011028 s)
>> 95 (212: 40 30 4) (0.010756 s)
>> 94 (237: 43 32 28) (0.010468 s)
>> 95 (216: 43 63 17) (0.010197 s)
>> 84 (95: 43 44 40) (0.009954 s)
>> 17 (186: 74 31 15) (0.009711 s)
>> 93 (103: 74 73 2) (0.009495 s)
>> 14 (117: 43 16 9) (0.009253 s)
>> 101 (209: 43 8 1) (0.008989 s)
>> 12 (137: 74 43 11) (0.008793 s)
>> 8 (236: 54 72 14) (0.008497 s)
>> 4 (227: 74 64 41) (0.008287 s)
>> 0 (-1: -1 -1 -1) (0.00815 s)
Zelikovsky- 0.270908 s
>>> get_solution
  refine_solution: new weight 21793 (was 22090) in 0.000188 s
  refine_solution: new weight 21793 (was 21793) in 0.000177 s
>>> get_solution
  refine_solution: new weight 24027 (was 25052) in 0.000179 s
  refine_solution: new weight 23717 (was 24027) in 0.000178 s
  refine_solution: new weight 23613 (was 23717) in 0.000178 s
  refine_solution: new weight 23613 (was 23613) in 0.000171 s
3,,254,570,73,,238,0,,25052,23613,23133,22090,21793,,197,2,@@

  handle_small_Steiner_degrees: steiner 0, suppress 0 in 1e-06 s
Starting round 4
Found 3 isolated vertices
Invalid ratios recomputed: 235
Best ratio is 199/1 (199.0), centered at 40
Finding the best star... Star with 2 terminals centered in 40
round took: 0.005027 s
|V| = 256, |E| = 569, |R| = 72
>> 195 (119: 3 25 3) (0.002275 s)
>> 187 (142: 18 23 18) (0.002264 s)
>> 186 (163: 11 55 11) (0.002233 s)
>> 179 (157: 38 39 38) (0.002178 s)
>> 178 (174: 2 21 2) (0.002135 s)
>> 176 (185: 34 37 34) (0.002127 s)
>> 118 (186: 10 15 10) (0.00203 s)
>> 116 (237: 26 28 26) (0.001944 s)
>> 110 (242: 24 61 24) (0.001908 s)
>> 189 (79: 9 47 9) (0.001909 s)
>> 187 (165: 44 45 44) (0.001895 s)
>> 192 (209: 1 8 1) (0.001847 s)
>> 192 (236: 7 54 7) (0.00182 s)
>> 196 (128: 13 36 13) (0.001727 s)
>> 195 (158: 6 43 6) (0.001697 s)
>> 194 (141: 14 52 14) (0.001667 s)
>> 188 (122: 32 42 32) (0.001643 s)
>> 183 (212: 4 30 4) (0.001574 s)
>> 118 (177: 5 20 5) (0.001557 s)
>> 117 (189: 27 33 27) (0.001555 s)
>> 108 (252: 53 68 53) (0.001468 s)
>> 107 (227: 16 41 16) (0.001425 s)
>> 103 (170: 12 51 12) (0.001392 s)
>> 102 (131: 40 66 40) (0.001352 s)
>> 101 (136: 63 70 63) (0.001356 s)
>> 103 (211: 46 49 46) (0.001351 s)
>> 109 (170: 62 69 62) (0.001278 s)
>> 194 (103: 31 73 31) (0.001249 s)
>> 195 (250: 0 17 0) (0.001203 s)
>> 0 (-1: -1 -1 -1) (0.001109 s)
Zelikovsky 0.073131 s
>> 195 (119: 25 42 3) (0.015089 s)
>> 190 (252: 25 68 10) (0.014699 s)
>> 176 (185: 71 37 34) (0.014105 s)
>> 109 (253: 43 36 7) (0.01371 s)
>> 104 (147: 26 39 27) (0.013356 s)
>> 103 (141: 14 65 52) (0.012953 s)
>> 101 (194: 24 62 25) (0.01268 s)
>> 100 (242: 24 70 61) (0.012283 s)
>> 99 (142: 24 23 18) (0.011949 s)
>> 97 (211: 74 46 24) (0.011581 s)
>> 101 (189: 74 49 33) (0.011197 s)
>> 99 (108: 74 45 21) (0.010854 s)
>> 95 (212: 40 30 4) (0.010541 s)
>> 94 (237: 43 32 28) (0.010251 s)
>> 95 (216: 43 63 17) (0.010004 s)
>> 84 (95: 43 44 40) (0.009763 s)
>> 17 (186: 74 31 15) (0.009528 s)
>> 93 (103: 74 73 2) (0.009335 s)
>> 14 (117: 43 16 9) (0.009058 s)
>> 101 (209: 43 8 1) (0.008773 s)
>> 12 (137: 74 43 11) (0.008617 s)
>> 8 (236: 54 72 14) (0.008328 s)
>> 4 (227: 74 64 41) (0.008135 s)
>> 0 (-1: -1 -1 -1) (0.007992 s)
Zelikovsky- 0.265856 s
>>> get_solution
  refine_solution: new weight 21793 (was 22090) in 0.00019 s
  refine_solution: new weight 21793 (was 21793) in 0.000178 s
>>> get_solution
  refine_solution: new weight 24027 (was 25052) in 0.000179 s
  refine_solution: new weight 23717 (was 24027) in 0.000178 s
  refine_solution: new weight 23613 (was 23717) in 0.000177 s
  refine_solution: new weight 23613 (was 23613) in 0.000171 s
4,,253,569,72,,235,0,,25052,23613,23248,22090,21793,,199,2,@@

  handle_small_Steiner_degrees: steiner 0, suppress 0 in 0 s
Starting round 5
Found 4 isolated vertices
Invalid ratios recomputed: 236
Best ratio is 201/1 (201.0), centered at 24
Finding the best star... Star with 2 terminals centered in 24
round took: 0.0051 s
|V| = 256, |E| = 568, |R| = 71
>> 195 (119: 3 25 3) (0.002257 s)
>> 187 (142: 18 23 18) (0.002175 s)
>> 186 (163: 11 55 11) (0.002158 s)
>> 179 (157: 38 39 38) (0.002144 s)
>> 178 (174: 2 21 2) (0.002077 s)
>> 176 (185: 34 37 34) (0.002068 s)
>> 118 (186: 10 15 10) (0.001963 s)
>> 116 (237: 26 28 26) (0.001888 s)
>> 110 (242: 24 61 24) (0.001852 s)
>> 189 (79: 9 47 9) (0.001829 s)
>> 187 (165: 44 45 44) (0.001775 s)
>> 192 (209: 1 8 1) (0.001736 s)
>> 192 (236: 7 54 7) (0.001735 s)
>> 196 (128: 13 36 13) (0.001665 s)
>> 195 (158: 6 43 6) (0.001683 s)
>> 194 (141: 14 52 14) (0.001625 s)
>> 188 (122: 32 42 32) (0.001573 s)
>> 183 (212: 4 30 4) (0.001529 s)
>> 118 (177: 5 20 5) (0.001515 s)
>> 117 (189: 27 33 27) (0.00149 s)
>> 108 (252: 53 68 53) (0.001414 s)
>> 107 (227: 16 41 16) (0.001365 s)
>> 102 (131: 40 66 40) (0.001338 s)
>> 112 (170: 12 69 12) (0.001336 s)
>> 101 (136: 63 70 63) (0.001292 s)
>> 103 (211: 46 49 46) (0.001281 s)
>> 194 (103: 31 73 31) (0.001227 s)
>> 195 (250: 0 17 0) (0.001209 s)
>> 0 (-1: -1 -1 -1) (0.0011 s)
Zelikovsky 0.069693 s
>> 195 (119: 25 42 3) (0.014724 s)
>> 190 (252: 25 68 10) (0.014306 s)
>> 176 (185: 71 37 34) (0.01379 s)
>> 109 (253: 43 36 7) (0.01341 s)
>> 104 (147: 26 39 27) (0.013048 s)
>> 103 (141: 14 65 52) (0.012699 s)
>> 101 (194: 24 62 25) (0.012386 s)
>> 100 (242: 24 70 61) (0.012007 s)
>> 99 (142: 24 23 18) (0.011678 s)
>> 97 (211: 74 46 24) (0.011324 s)
>> 101 (189: 74 49 33) (0.010966 s)
>> 99 (108: 74 45 21) (0.010605 s)
>> 95 (212: 40 30 4) (0.01032 s)
>> 94 (237: 43 32 28) (0.010081 s)
>> 95 (216: 43 63 17) (0.009816 s)
>> 84 (95: 43 44 40) (0.009566 s)
>> 17 (186: 74 31 15) (0.009337 s)
>> 93 (103: 74 73 2) (0.00914 s)
>> 14 (117: 43 16 9) (0.0089 s)
>> 101 (209: 43 8 1) (0.008625 s)
>> 12 (137: 74 43 11) (0.008463 s)
>> 8 (236: 54 72 14) (0.008197 s)
>> 4 (227: 74 64 41) (0.008024 s)
>> 0 (-1: -1 -1 -1) (0.007879 s)
Zelikovsky- 0.260352 s
>>> get_solution
  refine_solution: new weight 21793 (was 22090) in 0.000189 s
  refine_solution: new weight 21793 (was 21793) in 0.000178 s
>>> get_solution
  refine_solution: new weight 24027 (was 25052) in 0.000179 s
  refine_solution: new weight 23717 (was 24027) in 0.000179 s
  refine_solution: new weight 23613 (was 23717) in 0.000177 s
  refine_solution: new weight 23613 (was 23613) in 0.000171 s
5,,252,568,71,,236,0,,25052,23613,23248,22090,21793,,201,2,@@

  handle_small_Steiner_degrees: steiner 0, suppress 0 in 1e-06 s
Starting round 6
Found 5 isolated vertices
Invalid ratios recomputed: 237
Best ratio is 202/1 (202.0), centered at 24
Finding the best star... Star with 2 terminals centered in 24
round took: 0.005173 s
|V| = 256, |E| = 567, |R| = 70
>> 195 (119: 3 25 3) (0.002203 s)
>> 187 (142: 18 23 18) (0.002162 s)
>> 186 (163: 11 55 11) (0.00207 s)
>> 179 (157: 38 39 38) (0.00208 s)
>> 178 (174: 2 21 2) (0.002047 s)
>> 176 (185: 34 37 34) (0.002041 s)
>> 118 (186: 10 15 10) (0.001883 s)
>> 116 (237: 26 28 26) (0.001858 s)
>> 110 (242: 24 61 24) (0.001774 s)
>> 189 (79: 9 47 9) (0.001767 s)
>> 187 (165: 44 45 44) (0.001713 s)
>> 192 (209: 1 8 1) (0.001661 s)
>> 192 (236: 7 54 7) (0.001658 s)
>> 196 (128: 13 36 13) (0.001582 s)
>> 195 (158: 6 43 6) (0.001597 s)
>> 194 (141: 14 52 14) (0.001546 s)
>> 188 (122: 32 42 32) (0.001515 s)
>> 183 (212: 4 30 4) (0.001475 s)
>> 118 (177: 5 20 5) (0.001448 s)
>> 117 (189: 27 33 27) (0.001416 s)
>> 108 (252: 53 68 53) (0.001355 s)
>> 107 (227: 16 41 16) (0.001314 s)
>> 102 (131: 40 66 40) (0.001275 s)
>> 112 (170: 12 69 12) (0.001279 s)
>> 101 (136: 63 70 63) (0.001233 s)
>> 103 (211: 46 49 46) (0.001218 s)
>> 194 (103: 31 73 31) (0.001188 s)
>> 195 (250: 0 17 0) (0.001143 s)
>> 0 (-1: -1 -1 -1) (0.001052 s)
Zelikovsky 0.067411 s
>> 195 (119: 25 42 3) (0.014378 s)
>> 190 (252: 25 68 10) (0.014079 s)
>> 176 (185: 71 37 34) (0.013508 s)
>> 109 (253: 43 36 7) (0.013155 s)
>> 104 (147: 26 39 27) (0.012789 s)
>> 103 (141: 14 65 52) (0.012419 s)
>> 101 (194: 24 62 25) (0.012127 s)
>> 100 (242: 24 70 61) (0.01176 s)
>> 99 (142: 24 23 18) (0.011423 s)
>> 97 (211: 74 46 24) (0.011087 s)
>> 101 (189: 74 49 33) (0.010773 s)
>> 99 (108: 74 45 21) (0.010385 s)
>> 95 (212: 40 30 4) (0.010113 s)
>> 94 (237: 43 32 28) (0.00989 s)
>> 95 (216: 43 63 17) (0.009641 s)
>> 84 (95: 43 44 40) (0.009387 s)
>> 17 (186: 74 31 15) (0.009165 s)
>> 93 (103: 74 73 2) (0.008967 s)
>> 14 (117: 43 16 9) (0.008765 s)
>> 101 (209: 43 8 1) (0.008486 s)
>> 12 (137: 74 43 11) (0.008321 s)
>> 8 (236: 54 72 14) (0.008011 s)
>> 4 (227: 74 64 41) (0.007867 s)
>> 0 (-1: -1 -1 -1) (0.007749 s)
Zelikovsky- 0.255306 s
>>> get_solution
  refine_solution: new weight 21793 (was 22090) in 0.00019 s
  refine_solution: new weight 21793 (was 21793) in 0.000177 s
>>> get_solution
  refine_solution: new weight 24027 (was 25052) in 0.00018 s
  refine_solution: new weight 23717 (was 24027) in 0.000179 s
  refine_solution: new weight 23613 (was 23717) in 0.000188 s
  refine_solution: new weight 23613 (was 23613) in 0.000172 s
6,,251,567,70,,237,0,,25052,23613,23248,22090,21793,,202,2,@@

  handle_small_Steiner_degrees: steiner 0, suppress 0 in 1e-06 s
Starting round 7
Found 6 isolated vertices
Invalid ratios recomputed: 237
Best ratio is 204/1 (204.0), centered at 7
Finding the best star... Star with 2 terminals centered in 7
round took: 0.005325 s
|V| = 256, |E| = 566, |R| = 69
>> 195 (119: 3 25 3) (0.002126 s)
>> 187 (142: 18 23 18) (0.002052 s)
>> 186 (163: 11 55 11) (0.001993 s)
>> 179 (157: 38 39 38) (0.00201 s)
>> 178 (174: 2 21 2) (0.001934 s)
>> 176 (185: 34 37 34) (0.002012 s)
>> 118 (186: 10 15 10) (0.001835 s)
>> 116 (237: 26 28 26) (0.00176 s)
>> 110 (242: 24 61 24) (0.001731 s)
>> 189 (79: 9 47 9) (0.0017 s)
>> 187 (165: 44 45 44) (0.001677 s)
>> 192 (209: 1 8 1) (0.001606 s)
>> 192 (236: 7 54 7) (0.001583 s)
>> 194 (141: 14 52 14) (0.00153 s)
>> 191 (228: 40 43 40) (0.001507 s)
>> 194 (252: 53 68 53) (0.001478 s)
>> 188 (122: 32 42 32) (0.00143 s)
>> 117 (189: 27 33 27) (0.001383 s)
>> 111 (227: 16 41 16) (0.001354 s)
>> 101 (255: 5 69 5) (0.001313 s)
>> 108 (203: 12 36 12) (0.00131 s)
>> 103 (159: 6 50 6) (0.001267 s)
>> 101 (136: 63 70 63) (0.001227 s)
>> 104 (96: 46 58 46) (0.001216 s)
>> 115 (211: 49 62 49) (0.001199 s)
>> 101 (103: 31 66 31) (0.001142 s)
>> 188 (250: 0 17 0) (0.001123 s)
>> 0 (-1: -1 -1 -1) (0.001007 s)
Zelikovsky 0.063741 s
>> 195 (119: 25 42 3) (0.014119 s)
>> 190 (252: 25 68 10) (0.013778 s)
>> 176 (185: 71 37 34) (0.013264 s)
>> 109 (253: 43 36 7) (0.012872 s)
>> 104 (147: 26 39 27) (0.012464 s)
>> 103 (141: 14 65 52) (0.012077 s)
>> 101 (194: 24 62 25) (0.011819 s)
>> 100 (242: 24 70 61) (0.011518 s)
>> 99 (142: 24 23 18) (0.01117 s)
>> 97 (211: 74 46 24) (0.010848 s)
>> 101 (189: 74 49 33) (0.010533 s)
>> 99 (108: 74 45 21) (0.01015 s)
>> 95 (212: 40 30 4) (0.009881 s)
>> 94 (237: 43 32 28) (0.009706 s)
>> 95 (216: 43 63 17) (0.00947 s)
>> 84 (95: 43 44 40) (0.009227 s)
>> 17 (186: 74 31 15) (0.009007 s)
>> 93 (103: 74 73 2) (0.008827 s)
>> 14 (117: 43 16 9) (0.008589 s)
>> 101 (209: 43 8 1) (0.008344 s)
>> 12 (137: 74 43 11) (0.008183 s)
>> 8 (236: 54 72 14) (0.007911 s)
>> 4 (227: 74 64 41) (0.00772 s)
>> 0 (-1: -1 -1 -1) (0.00762 s)
Zelikovsky- 0.250158 s
>>> get_solution
  refine_solution: new weight 21793 (was 22090) in 0.00019 s
  refine_solution: new weight 21793 (was 21793) in 0.000178 s
>>> get_solution
  refine_solution: new weight 24027 (was 25052) in 0.000179 s
  refine_solution: new weight 23717 (was 24027) in 0.000177 s
  refine_solution: new weight 23613 (was 23717) in 0.000178 s
  refine_solution: new weight 23613 (was 23613) in 0.00017 s
7,,250,566,69,,237,0,,25052,23613,23586,22090,21793,,204,2,@@

  handle_small_Steiner_degrees: steiner 0, suppress 0 in 1e-06 s
Starting round 8
Found 7 isolated vertices
Invalid ratios recomputed: 238
Best ratio is 204/1 (204.0), centered at 22
Finding the best star... Star with 2 terminals centered in 40
round took: 0.005519 s
|V| = 256, |E| = 565, |R| = 68
>> 195 (119: 3 25 3) (0.002058 s)
>> 187 (142: 18 23 18) (0.002019 s)
>> 186 (163: 11 55 11) (0.001937 s)
>> 179 (157: 38 39 38) (0.001935 s)
>> 178 (174: 2 21 2) (0.001905 s)
>> 176 (185: 34 37 34) (0.001885 s)
>> 118 (186: 10 15 10) (0.001768 s)
>> 116 (237: 26 28 26) (0.001725 s)
>> 110 (242: 24 61 24) (0.001652 s)
>> 189 (79: 9 47 9) (0.001655 s)
>> 187 (165: 44 45 44) (0.001611 s)
>> 192 (209: 1 8 1) (0.00153 s)
>> 192 (236: 7 54 7) (0.001542 s)
>> 194 (141: 14 52 14) (0.001462 s)
>> 191 (228: 40 43 40) (0.001412 s)
>> 197 (122: 32 42 32) (0.001398 s)
>> 198 (128: 5 36 5) (0.001355 s)
>> 194 (252: 53 68 53) (0.00134 s)
>> 122 (227: 31 41 31) (0.001314 s)
>> 169 (250: 0 17 0) (0.001284 s)
>> 0 (-1: -1 -1 -1) (0.001 s)
Zelikovsky 0.053219 s
>> 195 (119: 25 42 3) (0.013777 s)
>> 190 (252: 25 68 10) (0.013457 s)
>> 176 (185: 71 37 34) (0.012992 s)
>> 109 (253: 43 36 7) (0.012613 s)
>> 104 (147: 26 39 27) (0.01221 s)
>> 103 (141: 14 65 52) (0.011822 s)
>> 101 (194: 24 62 25) (0.011561 s)
>> 100 (242: 24 70 61) (0.011264 s)
>> 99 (142: 24 23 18) (0.01092 s)
>> 97 (211: 74 46 24) (0.010632 s)
>> 101 (189: 74 49 33) (0.010287 s)
>> 99 (108: 74 45 21) (0.009949 s)
>> 95 (212: 40 30 4) (0.009685 s)
>> 94 (237: 43 32 28) (0.009508 s)
>> 95 (216: 43 63 17) (0.009284 s)
>> 84 (95: 43 44 40) (0.009049 s)
>> 17 (186: 74 31 15) (0.008802 s)
>> 93 (103: 74 73 2) (0.008613 s)
>> 14 (117: 43 16 9) (0.008407 s)
>> 101 (209: 43 8 1) (0.008194 s)
>> 12 (137: 74 43 11) (0.008023 s)
>> 8 (236: 54 72 14) (0.00776 s)
>> 4 (227: 74 64 41) (0.007615 s)
>> 0 (-1: -1 -1 -1) (0.007519 s)
Zelikovsky- 0.245009 s
>>> get_solution
  refine_solution: new weight 21793 (was 22090) in 0.00019 s
  refine_solution: new weight 21793 (was 21793) in 0.000178 s
>>> get_solution
  refine_solution: new weight 24027 (was 25052) in 0.00018 s
  refine_solution: new weight 23717 (was 24027) in 0.000179 s
  refine_solution: new weight 23613 (was 23717) in 0.000177 s
  refine_solution: new weight 23613 (was 23613) in 0.000171 s
8,,249,565,68,,238,0,,25052,23613,23335,22090,21793,,204,2,@@

  handle_small_Steiner_degrees: steiner 0, suppress 0 in 1e-06 s
Starting round 9
Found 8 isolated vertices
Invalid ratios recomputed: 239
Best ratio is 209/1 (209.0), centered at 20
Finding the best star... Star with 2 terminals centered in 44
round took: 0.005835 s
|V| = 256, |E| = 564, |R| = 67
>> 195 (119: 3 25 3) (0.001978 s)
>> 187 (142: 18 23 18) (0.001965 s)
>> 186 (163: 11 55 11) (0.001879 s)
>> 179 (157: 38 39 38) (0.001902 s)
>> 178 (174: 2 21 2) (0.001858 s)
>> 176 (185: 34 37 34) (0.001808 s)
>> 118 (186: 10 15 10) (0.001695 s)
>> 116 (237: 26 28 26) (0.001658 s)
>> 110 (242: 24 61 24) (0.00159 s)
>> 189 (79: 9 47 9) (0.001584 s)
>> 187 (165: 44 45 44) (0.001551 s)
>> 192 (209: 1 8 1) (0.001473 s)
>> 192 (236: 7 54 7) (0.001494 s)
>> 194 (141: 14 52 14) (0.001414 s)
>> 191 (228: 40 43 40) (0.001394 s)
>> 197 (122: 32 42 32) (0.001357 s)
>> 198 (128: 5 36 5) (0.001308 s)
>> 194 (252: 53 68 53) (0.001328 s)
>> 122 (227: 31 41 31) (0.001265 s)
>> 169 (250: 0 17 0) (0.00124 s)
>> 0 (-1: -1 -1 -1) (0.000978 s)
Zelikovsky 0.051635 s
>> 195 (119: 25 42 3) (0.01345 s)
>> 190 (252: 25 68 10) (0.013204 s)
>> 176 (185: 71 37 34) (0.012753 s)
>> 109 (253: 43 36 7) (0.012317 s)
>> 104 (147: 26 39 27) (0.012011 s)
>> 103 (141: 14 65 52) (0.011554 s)
>> 101 (194: 24 62 25) (0.011337 s)
>> 100 (242: 24 70 61) (0.011018 s)
>> 99 (142: 24 23 18) (0.010713 s)
>> 97 (211: 74 46 24) (0.010383 s)
>> 101 (189: 74 49 33) (0.010096 s)
>> 99 (108: 74 45 21) (0.009782 s)
>> 95 (212: 40 30 4) (0.009519 s)
>> 94 (237: 43 32 28) (0.009303 s)
>> 95 (216: 43 63 17) (0.009057 s)
>> 84 (95: 43 44 40) (0.00885 s)
>> 17 (186: 74 31 15) (0.008635 s)
>> 93 (103: 74 73 2) (0.008493 s)
>> 14 (117: 43 16 9) (0.008275 s)
>> 101 (209: 43 8 1) (0.008049 s)
>> 12 (137: 74 43 11) (0.007877 s)
>> 8 (236: 54 72 14) (0.007642 s)
>> 4 (227: 74 64 41) (0.007494 s)
>> 0 (-1: -1 -1 -1) (0.007403 s)
Zelikovsky- 0.240268 s
>>> get_solution
  refine_solution: new weight 21793 (was 22090) in 0.000198 s
  refine_solution: new weight 21793 (was 21793) in 0.000178 s
>>> get_solution
  refine_solution: new weight 24027 (was 25052) in 0.00018 s
  refine_solution: new weight 23717 (was 24027) in 0.000178 s
  refine_solution: new weight 23613 (was 23717) in 0.000177 s
  refine_solution: new weight 23613 (was 23613) in 0.00017 s
9,,248,564,67,,239,0,,25052,23613,23335,22090,21793,,209,2,@@

  handle_small_Steiner_degrees: steiner 0, suppress 0 in 1e-06 s
Starting round 10
Found 9 isolated vertices
Invalid ratios recomputed: 237
Best ratio is 210/1 (210.0), centered at 67
Finding the best star... Star with 2 terminals centered in 70
round took: 0.005953 s
|V| = 256, |E| = 563, |R| = 66
>> 195 (119: 3 25 3) (0.001881 s)
>> 187 (142: 18 23 18) (0.001896 s)
>> 186 (163: 11 55 11) (0.001771 s)
>> 179 (157: 38 39 38) (0.001819 s)
>> 178 (174: 2 21 2) (0.001753 s)
>> 176 (185: 34 37 34) (0.001752 s)
>> 118 (186: 10 15 10) (0.001642 s)
>> 116 (237: 26 28 26) (0.001586 s)
>> 110 (242: 24 61 24) (0.001561 s)
>> 189 (79: 9 47 9) (0.00153 s)
>> 187 (165: 44 45 44) (0.001479 s)
>> 192 (209: 1 8 1) (0.001433 s)
>> 192 (236: 7 54 7) (0.001403 s)
>> 194 (141: 14 52 14) (0.001348 s)
>> 191 (228: 40 43 40) (0.001322 s)
>> 197 (122: 32 42 32) (0.001284 s)
>> 198 (128: 5 36 5) (0.00127 s)
>> 194 (252: 53 68 53) (0.001253 s)
>> 122 (227: 31 41 31) (0.001209 s)
>> 169 (250: 0 17 0) (0.001182 s)
>> 0 (-1: -1 -1 -1) (0.000943 s)
Zelikovsky 0.049727 s
>> 195 (119: 25 42 3) (0.013178 s)
>> 190 (252: 25 68 10) (0.012934 s)
>> 176 (185: 71 37 34) (0.012463 s)
>> 109 (253: 43 36 7) (0.012069 s)
>> 104 (147: 26 39 27) (0.011722 s)
>> 103 (141: 14 65 52) (0.01134 s)
>> 101 (194: 24 62 25) (0.011125 s)
>> 100 (242: 24 70 61) (0.010789 s)
>> 99 (142: 24 23 18) (0.010492 s)
>> 97 (211: 74 46 24) (0.010211 s)
>> 101 (189: 74 49 33) (0.009932 s)
>> 99 (108: 74 45 21) (0.009601 s)
>> 95 (212: 40 30 4) (0.00933 s)
>> 94 (237: 43 32 28) (0.009162 s)
>> 95 (216: 43 63 17) (0.008923 s)
>> 84 (95: 43 44 40) (0.008698 s)
>> 17 (186: 74 31 15) (0.008479 s)
>> 93 (103: 74 73 2) (0.008348 s)
>> 14 (117: 43 16 9) (0.008119 s)
>> 101 (209: 43 8 1) (0.007907 s)
>> 8 (236: 54 72 14) (0.007762 s)
>> 4 (137: 74 43 11) (0.00761 s)
>> 4 (227: 74 64 41) (0.007384 s)
>> 0 (-1: -1 -1 -1) (0.0073 s)
Zelikovsky- 0.235928 s
>>> get_solution
  refine_solution: new weight 21880 (was 22188) in 0.00019 s
  refine_solution: new weight 21880 (was 21880) in 0.000179 s
>>> get_solution
  refine_solution: new weight 24027 (was 25052) in 0.00018 s
  refine_solution: new weight 23717 (was 24027) in 0.000178 s
  refine_solution: new weight 23613 (was 23717) in 0.000177 s
  refine_solution: new weight 23613 (was 23613) in 0.000171 s
10,,247,563,66,,237,0,,25052,23613,23335,22188,21880,,210,2,@@

  handle_small_Steiner_degrees: steiner 0, suppress 0 in 1e-06 s
Starting round 11
Found 10 isolated vertices
Invalid ratios recomputed: 233
Best ratio is 1600/7 (228.6), centered at 119
Finding the best star... Star with 8 terminals centered in 70
round took: 0.00612 s
|V| = 256, |E| = 552, |R| = 59
>> 190 (252: 10 68 10) (0.001584 s)
>> 176 (185: 34 37 34) (0.001522 s)
>> 109 (253: 7 36 7) (0.001456 s)
>> 194 (141: 14 52 14) (0.001478 s)
>> 192 (237: 28 32 28) (0.001424 s)
>> 111 (228: 40 43 40) (0.001335 s)
>> 187 (137: 11 53 11) (0.00134 s)
>> 191 (159: 6 47 6) (0.001291 s)
>> 108 (133: 35 45 35) (0.001233 s)
>> 104 (147: 26 27 26) (0.001206 s)
>> 100 (136: 63 70 63) (0.001169 s)
>> 190 (91: 9 59 9) (0.001085 s)
>> 189 (161: 2 31 2) (0.001062 s)
>> 193 (255: 5 69 5) (0.001046 s)
>> 195 (179: 15 64 15) (0.000998 s)
>> 191 (250: 0 17 0) (0.000978 s)
>> 0 (-1: -1 -1 -1) (0.000727 s)
Zelikovsky 0.035954 s
>> 190 (252: 70 68 10) (0.011232 s)
>> 176 (185: 71 37 34) (0.010831 s)
>> 109 (253: 43 36 7) (0.010489 s)
>> 104 (147: 26 39 27) (0.010147 s)
>> 103 (141: 14 65 52) (0.009907 s)
>> 99 (142: 70 23 18) (0.009725 s)
>> 97 (211: 74 70 46) (0.009479 s)
>> 101 (189: 74 49 33) (0.009198 s)
>> 99 (108: 74 45 21) (0.0089 s)
>> 95 (212: 40 30 4) (0.008657 s)
>> 94 (237: 43 32 28) (0.008477 s)
>> 95 (216: 43 63 17) (0.008227 s)
>> 84 (95: 43 44 40) (0.008019 s)
>> 17 (186: 74 31 15) (0.007838 s)
>> 93 (103: 74 73 2) (0.007672 s)
>> 14 (117: 43 16 9) (0.007469 s)
>> 101 (209: 43 8 1) (0.007292 s)
>> 8 (236: 54 72 14) (0.007138 s)
>> 4 (137: 74 43 11) (0.007042 s)
>> 0 (-1: -1 -1 -1) (0.006787 s)
Zelikovsky- 0.175417 s
>>> get_solution
  refine_solution: new weight 22002 (was 22124) in 0.000194 s
  refine_solution: new weight 22002 (was 22002) in 0.000179 s
>>> get_solution
  refine_solution: new weight 23677 (was 24629) in 0.000181 s
  refine_solution: new weight 23573 (was 23677) in 0.00018 s
  refine_solution: new weight 23473 (was 23573) in 0.000178 s
  refine_solution: new weight 23473 (was 23473) in 0.000173 s
11,,246,552,59,,233,0,,24629,23473,23311,22124,22002,,1600,8,@@

  handle_small_Steiner_degrees: steiner 0, suppress 0 in 1e-06 s
Starting round 12
Found 20 isolated vertices
Invalid ratios recomputed: 234
Best ratio is 697/3 (232.3), centered at 63
Finding the best star... Star with 4 terminals centered in 70
round took: 0.007135 s
|V| = 256, |E| = 543, |R| = 56
>> 190 (252: 10 68 10) (0.001456 s)
>> 176 (185: 34 37 34) (0.001383 s)
>> 109 (253: 36 43 36) (0.00129 s)
>> 159 (174: 2 6 2) (0.001285 s)
>> 187 (142: 18 23 18) (0.001249 s)
>> 107 (237: 26 28 26) (0.001212 s)
>> 105 (189: 33 49 33) (0.00115 s)
>> 105 (137: 11 53 11) (0.001117 s)
>> 103 (141: 14 52 14) (0.001081 s)
>> 99 (157: 38 39 38) (0.001037 s)
>> 98 (79: 9 47 9) (0.000988 s)
>> 97 (211: 46 70 46) (0.000954 s)
>> 188 (227: 1 59 1) (0.000922 s)
>> 183 (212: 4 30 4) (0.000883 s)
>> 183 (165: 44 45 44) (0.000855 s)
>> 173 (250: 0 17 0) (0.000818 s)
>> 0 (-1: -1 -1 -1) (0.00064 s)
Zelikovsky 0.032114 s
>> 190 (252: 70 68 10) (0.010375 s)
>> 176 (185: 71 37 34) (0.01004 s)
>> 109 (253: 43 70 36) (0.009701 s)
>> 104 (189: 49 43 33) (0.009358 s)
>> 103 (141: 14 65 52) (0.00908 s)
>> 104 (126: 14 39 15) (0.008862 s)
>> 103 (211: 74 49 46) (0.008616 s)
>> 99 (108: 74 45 21) (0.008392 s)
>> 95 (212: 40 30 4) (0.008142 s)
>> 94 (237: 74 32 28) (0.007968 s)
>> 93 (163: 40 55 11) (0.007747 s)
>> 78 (244: 44 74 16) (0.007599 s)
>> 101 (209: 44 8 1) (0.007469 s)
>> 93 (91: 44 59 9) (0.007283 s)
>> 25 (142: 44 23 18) (0.007095 s)
>> 17 (245: 5 47 44) (0.006939 s)
>> 6 (82: 40 75 5) (0.006863 s)
>> 5 (84: 14 54 40) (0.006663 s)
>> 0 (-1: -1 -1 -1) (0.006525 s)
Zelikovsky- 0.155576 s
>>> get_solution
  refine_solution: new weight 22086 (was 22097) in 0.000195 s
  refine_solution: new weight 22086 (was 22086) in 0.000182 s
>>> get_solution
  refine_solution: new weight 23573 (was 24317) in 0.000183 s
  refine_solution: new weight 23473 (was 23573) in 0.00018 s
  refine_solution: new weight 23473 (was 23473) in 0.000176 s
12,,236,543,56,,234,0,,24317,23473,22716,22097,22086,,697,4,@@

  handle_small_Steiner_degrees: steiner 0, suppress 0 in 1e-06 s
Starting round 13
Found 25 isolated vertices
Invalid ratios recomputed: 230
Best ratio is 1185/5 (237.0), centered at 28
Finding the best star... Star with 6 terminals centered in 43
round took: 0.00702 s
|V| = 256, |E| = 529, |R| = 51
>> 190 (252: 10 43 10) (0.0012 s)
>> 194 (141: 14 52 14) (0.001026 s)
>> 190 (91: 9 37 9) (0.000989 s)
>> 189 (174: 2 6 2) (0.00097 s)
>> 189 (163: 11 55 11) (0.000919 s)
>> 187 (227: 31 59 31) (0.0009 s)
>> 185 (227: 1 15 1) (0.000888 s)
>> 183 (212: 4 30 4) (0.000856 s)
>> 183 (165: 44 45 44) (0.000819 s)
>> 184 (130: 16 40 16) (0.000788 s)
>> 195 (189: 27 33 27) (0.000779 s)
>> 182 (250: 0 17 0) (0.00075 s)
>> 0 (-1: -1 -1 -1) (0.00052 s)
Zelikovsky 0.022866 s
>> 190 (252: 43 68 10) (0.009093 s)
>> 176 (185: 71 37 34) (0.008777 s)
>> 104 (189: 49 43 33) (0.00847 s)
>> 103 (141: 14 65 52) (0.008269 s)
>> 104 (126: 14 39 15) (0.008061 s)
>> 103 (211: 74 49 46) (0.00784 s)
>> 99 (108: 74 45 21) (0.007621 s)
>> 95 (212: 40 30 4) (0.007392 s)
>> 93 (163: 40 55 11) (0.00723 s)
>> 78 (244: 44 74 16) (0.007131 s)
>> 101 (209: 44 8 1) (0.006935 s)
>> 93 (91: 44 59 9) (0.00679 s)
>> 25 (142: 44 23 18) (0.006593 s)
>> 17 (245: 5 47 44) (0.006471 s)
>> 6 (82: 40 75 5) (0.006413 s)
>> 5 (84: 14 54 40) (0.00624 s)
>> 0 (-1: -1 -1 -1) (0.006102 s)
Zelikovsky- 0.126187 s
>>> get_solution
  refine_solution: new weight 22086 (was 22097) in 0.000195 s
  refine_solution: new weight 22086 (was 22086) in 0.000182 s
>>> get_solution
  refine_solution: new weight 23573 (was 23906) in 0.000183 s
  refine_solution: new weight 23473 (was 23573) in 0.000179 s
  refine_solution: new weight 23473 (was 23473) in 0.000176 s
13,,231,529,51,,230,0,,23906,23473,22668,22097,22086,,1185,6,@@

  handle_small_Steiner_degrees: steiner 0, suppress 0 in 1e-06 s
Starting round 14
Found 32 isolated vertices
Invalid ratios recomputed: 223
Best ratio is 970/4 (242.5), centered at 33
Finding the best star... Star with 5 terminals centered in 43
round took: 0.006831 s
|V| = 256, |E| = 513, |R| = 47
>> 190 (252: 10 43 10) (0.000961 s)
>> 190 (212: 4 30 4) (0.000838 s)
>> 190 (91: 9 37 9) (0.00081 s)
>> 189 (174: 2 6 2) (0.000795 s)
>> 189 (163: 11 55 11) (0.000753 s)
>> 187 (227: 1 59 1) (0.000739 s)
>> 189 (117: 8 16 8) (0.000718 s)
>> 183 (165: 44 45 44) (0.000676 s)
>> 169 (250: 0 17 0) (0.000667 s)
>> 0 (-1: -1 -1 -1) (0.000429 s)
Zelikovsky 0.017338 s
>> 190 (252: 43 68 10) (0.008122 s)
>> 176 (185: 71 37 34) (0.007833 s)
>> 103 (141: 43 65 52) (0.00759 s)
>> 104 (126: 43 39 15) (0.007353 s)
>> 103 (211: 74 46 43) (0.007101 s)
>> 99 (108: 74 45 21) (0.006904 s)
>> 95 (212: 40 30 4) (0.006702 s)
>> 93 (163: 40 55 11) (0.006593 s)
>> 78 (244: 44 74 16) (0.006454 s)
>> 101 (209: 44 8 1) (0.006333 s)
>> 93 (91: 44 59 9) (0.006186 s)
>> 25 (142: 44 23 18) (0.006 s)
>> 17 (245: 5 47 44) (0.005942 s)
>> 6 (82: 40 75 5) (0.005872 s)
>> 0 (-1: -1 -1 -1) (0.005693 s)
Zelikovsky- 0.101353 s
>>> get_solution
  refine_solution: new weight 22091 (was 22102) in 0.000192 s
  refine_solution: new weight 22091 (was 22091) in 0.00018 s
>>> get_solution
  refine_solution: new weight 23473 (was 23791) in 0.000184 s
  refine_solution: new weight 23473 (was 23473) in 0.000178 s
14,,224,513,47,,223,0,,23791,23473,22622,22102,22091,,970,5,@@

  handle_small_Steiner_degrees: steiner 0, suppress 1 in 2e-06 s
Starting round 15
Found 39 isolated vertices
Invalid ratios recomputed: 216
Best ratio is 489/2 (244.5), centered at 45
Finding the best star... Star with 3 terminals centered in 43
round took: 0.006673 s
|V| = 256, |E| = 507, |R| = 45
>> 190 (252: 10 43 10) (0.000894 s)
>> 190 (212: 4 30 4) (0.000789 s)
>> 190 (91: 9 37 9) (0.000756 s)
>> 189 (163: 11 55 11) (0.000735 s)
>> 187 (227: 1 59 1) (0.000699 s)
>> 189 (117: 8 16 8) (0.000666 s)
>> 186 (159: 6 47 6) (0.00064 s)
>> 169 (250: 0 17 0) (0.000613 s)
>> 0 (-1: -1 -1 -1) (0.000392 s)
Zelikovsky 0.01544 s
>> 190 (252: 43 68 10) (0.007637 s)
>> 176 (185: 71 37 34) (0.007392 s)
>> 103 (141: 43 65 52) (0.007151 s)
>> 104 (126: 43 39 15) (0.006935 s)
>> 103 (211: 74 46 43) (0.006672 s)
>> 95 (212: 40 30 4) (0.006503 s)
>> 93 (163: 40 55 11) (0.006371 s)
>> 78 (244: 44 74 16) (0.006239 s)
>> 101 (209: 44 8 1) (0.006125 s)
>> 93 (91: 44 59 9) (0.005975 s)
>> 25 (142: 44 23 18) (0.005807 s)
>> 17 (245: 5 47 44) (0.005727 s)
>> 6 (82: 40 75 5) (0.005673 s)
>> 0 (-1: -1 -1 -1) (0.005506 s)
Zelikovsky- 0.090477 s
>>> get_solution
  refine_solution: new weight 22091 (was 22102) in 0.000192 s
  refine_solution: new weight 22091 (was 22091) in 0.000181 s
>>> get_solution
  refine_solution: new weight 23473 (was 23791) in 0.000184 s
  refine_solution: new weight 23473 (was 23473) in 0.000178 s
15,,217,507,45,,216,0,,23791,23473,22879,22102,22091,,489,3,@@

  handle_small_Steiner_degrees: steiner 0, suppress 0 in 1e-06 s
Starting round 16
Found 42 isolated vertices
Invalid ratios recomputed: 213
Best ratio is 1285/5 (257.0), centered at 37
Finding the best star... Star with 6 terminals centered in 64
round took: 0.006927 s
|V| = 256, |E| = 491, |R| = 40
>> 108 (252: 53 64 53) (0.000702 s)
>> 193 (186: 10 15 10) (0.000633 s)
>> 190 (212: 4 30 4) (0.000596 s)
>> 189 (163: 11 55 11) (0.000571 s)
>> 186 (159: 6 47 6) (0.000544 s)
>> 166 (96: 8 46 8) (0.000519 s)
>> 114 (245: 5 40 5) (0.000505 s)
>> 175 (250: 0 17 0) (0.000488 s)
>> 0 (-1: -1 -1 -1) (0.000301 s)
Zelikovsky 0.012849 s
>> 108 (252: 64 68 53) (0.006685 s)
>> 103 (141: 64 65 52) (0.006438 s)
>> 103 (211: 74 64 46) (0.00622 s)
>> 100 (117: 74 44 16) (0.00608 s)
>> 99 (142: 74 23 18) (0.005875 s)
>> 95 (212: 40 30 4) (0.005695 s)
>> 94 (126: 74 39 15) (0.005626 s)
>> 17 (245: 5 74 47) (0.005446 s)
>> 12 (82: 40 75 5) (0.005398 s)
>> 9 (163: 40 72 11) (0.005255 s)
>> 0 (-1: -1 -1 -1) (0.005183 s)
Zelikovsky- 0.064409 s
>>> get_solution
  refine_solution: new weight 22085 (was 22103) in 0.000192 s
  refine_solution: new weight 22085 (was 22085) in 0.00018 s
>>> get_solution
  refine_solution: new weight 22978 (was 23112) in 0.000182 s
  refine_solution: new weight 22881 (was 22978) in 0.000183 s
  refine_solution: new weight 22881 (was 22881) in 0.00017 s
16,,214,491,40,,213,0,,23112,22881,22884,22103,22085,,1285,6,@@

  delete_edges: deleted 11 edges in 0.000733 s and 11 rounds
  handle_small_Steiner_degrees: steiner 0, suppress 1 in 3e-06 s
Starting round 17
Found 50 isolated vertices
Invalid ratios recomputed: 206
Best ratio is 698/3 (232.7), centered at 10
Finding the best star... Star with 4 terminals centered in 64
round took: 0.006343 s
|V| = 256, |E| = 467, |R| = 37
>> 108 (252: 53 64 53) (0.000593 s)
>> 189 (163: 11 55 11) (0.000529 s)
>> 186 (159: 6 47 6) (0.000499 s)
>> 185 (96: 8 46 8) (0.000461 s)
>> 176 (250: 0 17 0) (0.000446 s)
>> 0 (-1: -1 -1 -1) (0.000252 s)
Zelikovsky 0.00978 s
>> 108 (252: 64 68 53) (0.005992 s)
>> 103 (141: 64 65 52) (0.005766 s)
>> 103 (211: 74 64 46) (0.005601 s)
>> 100 (117: 74 44 16) (0.005492 s)
>> 99 (142: 74 23 18) (0.005286 s)
>> 95 (212: 74 30 4) (0.005145 s)
>> 94 (126: 74 39 15) (0.005073 s)
>> 17 (245: 5 74 47) (0.00496 s)
>> 9 (163: 5 72 11) (0.0049 s)
>> 0 (-1: -1 -1 -1) (0.004823 s)
Zelikovsky- 0.053491 s
>>> get_solution
  refine_solution: new weight 22202 (was 22212) in 0.000192 s
  refine_solution: new weight 22202 (was 22202) in 0.000179 s
>>> get_solution
  refine_solution: new weight 23104 (was 23119) in 0.000185 s
  refine_solution: new weight 23104 (was 23104) in 0.000176 s
17,,206,467,37,,206,0,,23119,23104,23104,22212,22202,,698,4,@@

  handle_small_Steiner_degrees: steiner 0, suppress 3 in 5e-06 s
Starting round 18
Found 57 isolated vertices
Invalid ratios recomputed: 199
Best ratio is 501/2 (250.5), centered at 16
Finding the best star... Star with 3 terminals centered in 64
round took: 0.006102 s
|V| = 256, |E| = 450, |R| = 35
>> 108 (252: 53 64 53) (0.000512 s)
>> 200 (163: 11 55 11) (0.000451 s)
>> 189 (174: 2 6 2) (0.000426 s)
>> 192 (96: 8 46 8) (0.000403 s)
>> 109 (245: 5 47 5) (0.000386 s)
>> 101 (126: 15 39 15) (0.000363 s)
>> 101 (110: 58 65 58) (0.000338 s)
>> 192 (236: 52 54 52) (0.000324 s)
>> 102 (111: 18 38 18) (0.000311 s)
>> 9 (229: 12 34 12) (0.000294 s)
>> 1 (211: 19 66 19) (0.000287 s)
>> 0 (-1: -1 -1 -1) (0.000264 s)
Zelikovsky 0.01082 s
>> 108 (252: 64 68 53) (0.005405 s)
>> 103 (141: 64 65 52) (0.005224 s)
>> 103 (211: 74 64 46) (0.005085 s)
>> 99 (142: 74 23 18) (0.004924 s)
>> 95 (212: 74 30 4) (0.004804 s)
>> 94 (126: 74 39 15) (0.004723 s)
>> 17 (245: 5 74 47) (0.004612 s)
>> 9 (163: 5 72 11) (0.00455 s)
>> 0 (-1: -1 -1 -1) (0.004442 s)
Zelikovsky- 0.044178 s
>>> get_solution
  refine_solution: new weight 22202 (was 22212) in 0.000192 s
  refine_solution: new weight 22202 (was 22202) in 0.000179 s
>>> get_solution
  refine_solution: new weight 23104 (was 23109) in 0.000185 s
  refine_solution: new weight 23104 (was 23104) in 0.000176 s
18,,199,450,35,,199,0,,23109,23104,23002,22212,22202,,501,3,@@

  handle_small_Steiner_degrees: steiner 0, suppress 0 in 1e-06 s
Starting round 19
Found 61 isolated vertices
Invalid ratios recomputed: 195
Best ratio is 779/3 (259.7), centered at 18
Finding the best star... Star with 4 terminals centered in 64
round took: 0.006162 s
|V| = 256, |E| = 442, |R| = 32
>> 108 (252: 53 64 53) (0.000423 s)
>> 189 (174: 2 6 2) (0.000378 s)
>> 192 (96: 8 46 8) (0.000355 s)
>> 109 (245: 5 47 5) (0.000342 s)
>> 109 (163: 4 11 4) (0.000312 s)
>> 101 (126: 15 39 15) (0.000302 s)
>> 101 (110: 58 65 58) (0.00028 s)
>> 192 (236: 52 54 52) (0.000269 s)
>> 9 (229: 12 34 12) (0.000247 s)
>> 1 (211: 19 66 19) (0.000251 s)
>> 0 (-1: -1 -1 -1) (0.000217 s)
Zelikovsky 0.009134 s
>> 108 (252: 64 68 53) (0.004931 s)
>> 103 (141: 64 65 52) (0.004769 s)
>> 103 (211: 74 64 46) (0.004629 s)
>> 95 (212: 74 30 4) (0.004504 s)
>> 94 (126: 74 39 15) (0.004425 s)
>> 17 (245: 5 74 47) (0.00432 s)
>> 9 (163: 5 72 11) (0.004256 s)
>> 0 (-1: -1 -1 -1) (0.004171 s)
Zelikovsky- 0.036382 s
>>> get_solution
  refine_solution: new weight 22202 (was 22212) in 0.00019 s
  refine_solution: new weight 22202 (was 22202) in 0.00018 s
>>> get_solution
  refine_solution: new weight 22906 (was 22911) in 0.000185 s
  refine_solution: new weight 22906 (was 22906) in 0.000176 s
19,,195,442,32,,195,0,,22911,22906,22899,22212,22202,,779,4,@@

  handle_small_Steiner_degrees: steiner 0, suppress 1 in 2e-06 s
Starting round 20
Found 67 isolated vertices
Invalid ratios recomputed: 189
Best ratio is 798/3 (266.0), centered at 174
Finding the best star... Star with 4 terminals centered in 2
round took: 0.005753 s
|V| = 256, |E| = 424, |R| = 29
>> 103 (141: 2 52 2) (0.000333 s)
>> 192 (96: 8 46 8) (0.000317 s)
>> 194 (214: 11 53 11) (0.000293 s)
>> 104 (226: 5 34 5) (0.000276 s)
>> 103 (144: 38 39 38) (0.000264 s)
>> 94 (79: 6 47 6) (0.00024 s)
>> 93 (110: 58 65 58) (0.000221 s)
>> 91 (179: 15 30 15) (0.000205 s)
>> 90 (236: 31 54 31) (0.000195 s)
>> 0 (-1: -1 -1 -1) (0.000173 s)
Zelikovsky 0.00713 s
>> 103 (141: 2 65 52) (0.004465 s)
>> 98 (252: 2 68 53) (0.004331 s)
>> 94 (126: 2 39 15) (0.004189 s)
>> 87 (212: 2 30 4) (0.004069 s)
>> 17 (245: 2 47 5) (0.003999 s)
>> 9 (163: 2 72 11) (0.00392 s)
>> 0 (-1: -1 -1 -1) (0.003849 s)
Zelikovsky- 0.029149 s
>>> get_solution
  refine_solution: new weight 22130 (was 22140) in 0.000193 s
  refine_solution: new weight 22130 (was 22130) in 0.000179 s
>>> get_solution
  refine_solution: new weight 22713 (was 22718) in 0.000183 s
  refine_solution: new weight 22713 (was 22713) in 0.000175 s
20,,189,424,29,,189,0,,22718,22713,22714,22140,22130,,798,4,@@

  handle_small_Steiner_degrees: steiner 0, suppress 1 in 2e-06 s
Starting round 21
Found 72 isolated vertices
Invalid ratios recomputed: 184
Best ratio is 580/2 (290.0), centered at 2
Finding the best star... Star with 3 terminals centered in 2
round took: 0.005404 s
|V| = 256, |E| = 414, |R| = 27
>> 103 (141: 2 52 2) (0.000292 s)
>> 194 (96: 8 46 8) (0.0003 s)
>> 194 (214: 11 53 11) (0.000268 s)
>> 187 (126: 15 39 15) (0.000252 s)
>> 99 (79: 47 50 47) (0.000233 s)
>> 98 (110: 58 65 58) (0.000205 s)
>> 103 (143: 6 54 6) (0.000206 s)
>> 3 (254: 35 66 35) (0.00018 s)
>> 0 (-1: -1 -1 -1) (0.000162 s)
Zelikovsky 0.006334 s
>> 103 (141: 2 65 52) (0.004107 s)
>> 95 (137: 2 53 11) (0.003982 s)
>> 94 (126: 2 39 15) (0.003869 s)
>> 87 (212: 2 30 4) (0.00376 s)
>> 16 (245: 2 47 5) (0.003712 s)
>> 9 (236: 54 72 2) (0.003645 s)
>> 0 (-1: -1 -1 -1) (0.003619 s)
Zelikovsky- 0.027013 s
>>> get_solution
  refine_solution: new weight 22134 (was 22147) in 0.000189 s
  refine_solution: new weight 22134 (was 22134) in 0.000177 s
>>> get_solution
  refine_solution: new weight 22624 (was 22629) in 0.000185 s
  refine_solution: new weight 22624 (was 22624) in 0.000175 s
21,,184,414,27,,184,0,,22629,22624,22845,22147,22134,,580,3,@@

  handle_small_Steiner_degrees: steiner 0, suppress 1 in 2e-06 s
Starting round 22
Found 76 isolated vertices
Invalid ratios recomputed: 180
Best ratio is 292/1 (292.0), centered at 2
Finding the best star... Star with 2 terminals centered in 30
round took: 0.005087 s
|V| = 256, |E| = 411, |R| = 26
>> 103 (141: 30 52 30) (0.000274 s)
>> 198 (163: 4 11 4) (0.000276 s)
>> 194 (96: 8 46 8) (0.000264 s)
>> 187 (126: 15 39 15) (0.000235 s)
>> 111 (245: 5 47 5) (0.00021 s)
>> 98 (110: 58 65 58) (0.00019 s)
>> 196 (214: 53 68 53) (0.000191 s)
>> 95 (236: 0 54 0) (0.000162 s)
>> 0 (-1: -1 -1 -1) (0.000111 s)
Zelikovsky 0.006252 s
>> 103 (141: 30 65 52) (0.003912 s)
>> 95 (137: 30 53 11) (0.003812 s)
>> 94 (126: 30 39 15) (0.003706 s)
>> 16 (245: 5 47 30) (0.003615 s)
>> 9 (236: 54 72 5) (0.003583 s)
>> 5 (190: 54 38 4) (0.003536 s)
>> 0 (-1: -1 -1 -1) (0.003484 s)
Zelikovsky- 0.025963 s
>>> get_solution
  refine_solution: new weight 22211 (was 22229) in 0.00019 s
  refine_solution: new weight 22211 (was 22211) in 0.000179 s
>>> get_solution
  refine_solution: new weight 22624 (was 22629) in 0.000185 s
  refine_solution: new weight 22624 (was 22624) in 0.000175 s
22,,180,411,26,,180,0,,22629,22624,22527,22229,22211,,292,2,@@

  handle_small_Steiner_degrees: steiner 0, suppress 0 in 1e-06 s
Starting round 23
Found 77 isolated vertices
Invalid ratios recomputed: 179
Best ratio is 293/1 (293.0), centered at 8
Finding the best star... Star with 2 terminals centered in 8
round took: 0.005021 s
|V| = 256, |E| = 407, |R| = 25
>> 103 (141: 8 52 8) (0.000253 s)
>> 198 (163: 4 11 4) (0.000267 s)
>> 187 (126: 15 39 15) (0.000242 s)
>> 115 (245: 5 46 5) (0.000217 s)
>> 99 (79: 47 50 47) (0.000193 s)
>> 98 (110: 58 65 58) (0.000174 s)
>> 196 (214: 53 68 53) (0.000162 s)
>> 110 (143: 6 54 6) (0.000145 s)
>> 15 (254: 35 66 35) (0.000132 s)
>> 0 (-1: -1 -1 -1) (0.000117 s)
Zelikovsky 0.005961 s
>> 103 (141: 8 65 52) (0.00381 s)
>> 95 (137: 8 53 11) (0.003674 s)
>> 94 (126: 8 39 15) (0.003595 s)
>> 16 (245: 5 47 8) (0.003502 s)
>> 9 (236: 54 72 5) (0.003461 s)
>> 5 (190: 54 38 4) (0.003408 s)
>> 0 (-1: -1 -1 -1) (0.003375 s)
Zelikovsky- 0.025142 s
>>> get_solution
  refine_solution: new weight 22211 (was 22229) in 0.000191 s
  refine_solution: new weight 22211 (was 22211) in 0.000188 s
>>> get_solution
  refine_solution: new weight 22624 (was 22629) in 0.000184 s
  refine_solution: new weight 22624 (was 22624) in 0.000175 s
23,,179,407,25,,179,0,,22629,22624,22854,22229,22211,,293,2,@@

  handle_small_Steiner_degrees: steiner 0, suppress 1 in 4e-06 s
Starting round 24
Found 80 isolated vertices
Invalid ratios recomputed: 176
Best ratio is 295/1 (295.0), centered at 8
Finding the best star... Star with 2 terminals centered in 68
round took: 0.004831 s
|V| = 256, |E| = 402, |R| = 24
>> 103 (141: 52 65 52) (0.000238 s)
>> 95 (137: 11 53 11) (0.000205 s)
>> 94 (157: 38 39 38) (0.000192 s)
>> 90 (158: 6 50 6) (0.000174 s)
>> 17 (245: 5 47 5) (0.000155 s)
>> 3 (236: 54 68 54) (0.000141 s)
>> 4 (96: 46 58 46) (0.000135 s)
>> 0 (-1: -1 -1 -1) (0.000124 s)
Zelikovsky 0.005426 s
>> 103 (141: 68 65 52) (0.003624 s)
>> 95 (137: 68 53 11) (0.003498 s)
>> 94 (126: 68 39 15) (0.003418 s)
>> 16 (245: 5 68 47) (0.003353 s)
>> 9 (236: 54 72 5) (0.003311 s)
>> 5 (190: 54 38 4) (0.003253 s)
>> 0 (-1: -1 -1 -1) (0.003237 s)
Zelikovsky- 0.024002 s
>>> get_solution
  refine_solution: new weight 22209 (was 22229) in 0.000192 s
  refine_solution: new weight 22209 (was 22209) in 0.000179 s
>>> get_solution
  refine_solution: new weight 22624 (was 22629) in 0.000184 s
  refine_solution: new weight 22624 (was 22624) in 0.000176 s
24,,176,402,24,,176,0,,22629,22624,22233,22229,22209,,295,2,@@

  handle_small_Steiner_degrees: steiner 0, suppress 0 in 1e-06 s
Starting round 25
Found 82 isolated vertices
Invalid ratios recomputed: 174
Best ratio is 296/1 (296.0), centered at 19
Finding the best star... Star with 2 terminals centered in 46
round took: 0.004558 s
|V| = 256, |E| = 401, |R| = 23
>> 103 (141: 52 65 52) (0.000227 s)
>> 95 (137: 11 53 11) (0.000201 s)
>> 94 (157: 38 39 38) (0.000188 s)
>> 90 (158: 6 50 6) (0.000164 s)
>> 17 (245: 5 47 5) (0.000144 s)
>> 3 (236: 54 68 54) (0.000132 s)
>> 4 (96: 46 58 46) (0.000126 s)
>> 0 (-1: -1 -1 -1) (0.000111 s)
Zelikovsky 0.005233 s
>> 103 (141: 68 65 52) (0.003533 s)
>> 95 (137: 68 53 11) (0.003427 s)
>> 94 (126: 68 39 15) (0.003351 s)
>> 16 (245: 5 68 47) (0.003286 s)
>> 9 (236: 54 72 5) (0.003235 s)
>> 5 (190: 54 38 4) (0.003196 s)
>> 0 (-1: -1 -1 -1) (0.003186 s)
Zelikovsky- 0.023519 s
>>> get_solution
  refine_solution: new weight 22209 (was 22229) in 0.000192 s
  refine_solution: new weight 22209 (was 22209) in 0.000178 s
>>> get_solution
  refine_solution: new weight 22624 (was 22629) in 0.000185 s
  refine_solution: new weight 22624 (was 22624) in 0.000176 s
25,,174,401,23,,174,0,,22629,22624,22233,22229,22209,,296,2,@@

  handle_small_Steiner_degrees: steiner 0, suppress 0 in 1e-06 s
Starting round 26
Found 83 isolated vertices
Invalid ratios recomputed: 170
Best ratio is 1185/4 (296.2), centered at 52
Finding the best star... Star with 5 terminals centered in 68
round took: 0.00454 s
|V| = 256, |E| = 382, |R| = 19
>> 95 (137: 11 53 11) (0.000164 s)
>> 94 (126: 15 39 15) (0.000144 s)
>> 90 (158: 6 50 6) (0.000126 s)
>> 17 (245: 5 47 5) (0.000109 s)
>> 5 (190: 4 38 4) (9.6e-05 s)
>> 0 (-1: -1 -1 -1) (8.6e-05 s)
Zelikovsky 0.003988 s
>> 95 (137: 68 53 11) (0.003029 s)
>> 94 (126: 68 39 15) (0.00294 s)
>> 16 (245: 5 68 47) (0.002873 s)
>> 5 (190: 5 38 4) (0.002838 s)
>> 0 (-1: -1 -1 -1) (0.002806 s)
Zelikovsky- 0.014723 s
>>> get_solution
  refine_solution: new weight 22107 (was 22131) in 0.000194 s
  refine_solution: new weight 22107 (was 22107) in 0.00018 s
>>> get_solution
  refine_solution: new weight 22338 (was 22347) in 0.000184 s
  refine_solution: new weight 22338 (was 22338) in 0.000178 s
26,,173,382,19,,170,0,,22347,22338,22136,22131,22107,,1185,5,@@

  handle_small_Steiner_degrees: steiner 0, suppress 3 in 5e-06 s
Starting round 27
Found 94 isolated vertices
Invalid ratios recomputed: 162
Best ratio is 299/1 (299.0), centered at 0
Finding the best star... Star with 2 terminals centered in 68
round took: 0.003922 s
|V| = 256, |E| = 375, |R| = 18
>> 95 (137: 11 53 11) (0.000148 s)
>> 94 (126: 15 39 15) (0.000127 s)
>> 90 (158: 6 50 6) (0.00011 s)
>> 17 (245: 5 47 5) (9.6e-05 s)
>> 5 (190: 4 38 4) (8.2e-05 s)
>> 0 (-1: -1 -1 -1) (5.3e-05 s)
Zelikovsky 0.003688 s
>> 95 (137: 68 53 11) (0.002873 s)
>> 94 (126: 68 39 15) (0.002767 s)
>> 16 (245: 5 68 47) (0.002723 s)
>> 5 (190: 5 38 4) (0.002682 s)
>> 0 (-1: -1 -1 -1) (0.002646 s)
Zelikovsky- 0.013923 s
>>> get_solution
  refine_solution: new weight 22107 (was 22131) in 0.000199 s
  refine_solution: new weight 22107 (was 22107) in 0.000179 s
>>> get_solution
  refine_solution: new weight 22338 (was 22347) in 0.000183 s
  refine_solution: new weight 22338 (was 22338) in 0.000177 s
27,,162,375,18,,162,0,,22347,22338,22136,22131,22107,,299,2,@@

  handle_small_Steiner_degrees: steiner 0, suppress 0 in 0 s
Starting round 28
Found 95 isolated vertices
Invalid ratios recomputed: 161
Best ratio is 600/2 (300.0), centered at 38
Finding the best star... Star with 3 terminals centered in 47
round took: 0.003861 s
|V| = 256, |E| = 369, |R| = 16
>> 95 (137: 11 47 11) (0.000125 s)
>> 195 (144: 4 39 4) (0.000124 s)
>> 0 (-1: -1 -1 -1) (7.2e-05 s)
Zelikovsky 0.003077 s
>> 95 (137: 47 53 11) (0.002677 s)
>> 94 (126: 47 39 15) (0.0026 s)
>> 3 (93: 47 46 5) (0.002547 s)
>> 0 (-1: -1 -1 -1) (0.002542 s)
Zelikovsky- 0.010568 s
>>> get_solution
  refine_solution: new weight 22032 (was 22056) in 0.000193 s
  refine_solution: new weight 22032 (was 22032) in 0.000179 s
>>> get_solution
  refine_solution: new weight 22338 (was 22347) in 0.000183 s
  refine_solution: new weight 22338 (was 22338) in 0.000176 s
28,,161,369,16,,161,0,,22347,22338,22247,22056,22032,,600,3,@@

  handle_small_Steiner_degrees: steiner 0, suppress 0 in 0 s
Starting round 29
Found 98 isolated vertices
Invalid ratios recomputed: 158
Best ratio is 903/3 (301.0), centered at 6
Finding the best star... Star with 4 terminals centered in 71
round took: 0.003655 s
|V| = 256, |E| = 364, |R| = 13
>> 95 (137: 11 53 11) (8.8e-05 s)
>> 94 (126: 15 39 15) (7.5e-05 s)
>> 0 (-1: -1 -1 -1) (6.3e-05 s)
Zelikovsky 0.002763 s
>> 95 (137: 71 53 11) (0.002494 s)
>> 94 (126: 71 39 15) (0.002428 s)
>> 3 (93: 71 46 5) (0.002391 s)
>> 0 (-1: -1 -1 -1) (0.002385 s)
Zelikovsky- 0.009892 s
>>> get_solution
  refine_solution: new weight 22032 (was 22056) in 0.000192 s
  refine_solution: new weight 22032 (was 22032) in 0.000186 s
>>> get_solution
  refine_solution: new weight 22338 (was 22347) in 0.000184 s
  refine_solution: new weight 22338 (was 22338) in 0.000176 s
29,,158,364,13,,158,0,,22347,22338,22152,22056,22032,,903,4,@@

  handle_small_Steiner_degrees: steiner 0, suppress 1 in 3e-06 s
Starting round 30
Found 102 isolated vertices
Invalid ratios recomputed: 154
Best ratio is 1812/6 (302.0), centered at 124
Finding the best star... Star with 7 terminals centered in 75
round took: 0.003464 s
|V| = 256, |E| = 324, |R| = 7
>> 90 (126: 15 39 15) (4.5e-05 s)
>> 0 (-1: -1 -1 -1) (3.4e-05 s)
Zelikovsky 0.001982 s
>> 90 (126: 75 39 15) (0.001918 s)
>> 0 (-1: -1 -1 -1) (0.001876 s)
Zelikovsky- 0.003915 s
>>> get_solution
  refine_solution: new weight 22049 (was 22065) in 0.000191 s
  refine_solution: new weight 22049 (was 22049) in 0.000177 s
>>> get_solution
  refine_solution: new weight 22132 (was 22155) in 0.00018 s
  refine_solution: new weight 22132 (was 22132) in 0.000172 s
30,,154,324,7,,154,0,,22155,22132,22065,22065,22049,,1812,7,@@

  handle_small_Steiner_degrees: steiner 0, suppress 7 in 8e-06 s
Starting round 31
Found 121 isolated vertices
Invalid ratios recomputed: 135
Best ratio is 303/1 (303.0), centered at 17
Finding the best star... Star with 2 terminals centered in 75
round took: 0.002575 s
|V| = 256, |E| = 310, |R| = 6
>> 90 (126: 15 39 15) (3.9e-05 s)
>> 0 (-1: -1 -1 -1) (2.9e-05 s)
Zelikovsky 0.001756 s
>> 90 (126: 75 39 15) (0.001717 s)
>> 0 (-1: -1 -1 -1) (0.001662 s)
Zelikovsky- 0.003501 s
>>> get_solution
  refine_solution: new weight 22049 (was 22065) in 0.000191 s
  refine_solution: new weight 22049 (was 22049) in 0.000177 s
>>> get_solution
  refine_solution: new weight 22132 (was 22155) in 0.000179 s
  refine_solution: new weight 22132 (was 22132) in 0.000172 s
31,,135,310,6,,135,0,,22155,22132,22065,22065,22049,,303,2,@@

  handle_small_Steiner_degrees: steiner 0, suppress 2 in 3e-06 s
Starting round 32
Found 124 isolated vertices
Invalid ratios recomputed: 132
Best ratio is 306/1 (306.0), centered at 50
Finding the best star... Star with 2 terminals centered in 50
round took: 0.002384 s
|V| = 256, |E| = 304, |R| = 5
>> 90 (126: 15 39 15) (3.4e-05 s)
>> 0 (-1: -1 -1 -1) (2.6e-05 s)
Zelikovsky 0.001654 s
>> 90 (126: 50 39 15) (0.001601 s)
>> 0 (-1: -1 -1 -1) (0.001573 s)
Zelikovsky- 0.003286 s
>>> get_solution
  refine_solution: new weight 22049 (was 22065) in 0.00019 s
  refine_solution: new weight 22049 (was 22049) in 0.000177 s
>>> get_solution
  refine_solution: new weight 22132 (was 22155) in 0.00018 s
  refine_solution: new weight 22132 (was 22132) in 0.000172 s
32,,132,304,5,,132,0,,22155,22132,22065,22065,22049,,306,2,@@

  handle_small_Steiner_degrees: steiner 0, suppress 0 in 1e-06 s
Starting round 33
Found 125 isolated vertices
Invalid ratios recomputed: 131
Best ratio is 698/2 (349.0), centered at 126
Finding the best star... Star with 3 terminals centered in 39
round took: 0.002255 s
|V| = 256, |E| = 296, |R| = 3
>> 0 (-1: -1 -1 -1) (2.5e-05 s)
Zelikovsky 0.001462 s
>> 0 (-1: -1 -1 -1) (0.001462 s)
Zelikovsky- 0.00155 s
>>> get_solution
  refine_solution: new weight 22049 (was 22065) in 0.000189 s
  refine_solution: new weight 22049 (was 22049) in 0.000176 s
>>> get_solution
  refine_solution: new weight 22049 (was 22065) in 0.000171 s
  refine_solution: new weight 22049 (was 22049) in 0.000167 s
33,,131,296,3,,131,0,,22065,22049,22065,22065,22049,,698,3,@@

  handle_small_Steiner_degrees: steiner 0, suppress 0 in 1e-06 s
Starting round 34
Found 130 isolated vertices
Invalid ratios recomputed: 126
Best ratio is 387/1 (387.0), centered at 4
Finding the best star... Star with 2 terminals centered in 4
round took: 0.001892 s
|V| = 256, |E| = 288, |R| = 2
Zelikovsky 0.00136 s
Zelikovsky- 7.9e-05 s
>>> get_solution
  refine_solution: new weight 22049 (was 22065) in 0.000185 s
  refine_solution: new weight 22049 (was 22049) in 0.000173 s
>>> get_solution
  refine_solution: new weight 22049 (was 22065) in 0.00017 s
  refine_solution: new weight 22049 (was 22049) in 0.000166 s
34,,126,288,2,,126,0,,22065,22049,22065,22065,22049,,387,2,@@

  handle_small_Steiner_degrees: steiner 0, suppress 1 in 1e-06 s
Starting round 35
Found 134 isolated vertices
Invalid ratios recomputed: 122
Best ratio is 391/1 (391.0), centered at 4
Finding the best star... Star with 2 terminals centered in 4
round took: 0.001708 s
|V| = 256, |E| = 278, |R| = 1
Zelikovsky 0.001266 s
Zelikovsky- 7.7e-05 s
>>> get_solution
  refine_solution: new weight 22049 (was 22065) in 0.000184 s
  refine_solution: new weight 22049 (was 22049) in 0.000174 s
>>> get_solution
  refine_solution: new weight 22049 (was 22065) in 0.000171 s
  refine_solution: new weight 22049 (was 22049) in 0.000167 s
35,,122,278,1,,122,0,,22065,22049,22065,22065,22049,,391,2,@@

  handle_small_Steiner_degrees: steiner 0, suppress 2 in 3e-06 s
contract_till_the_bitter_end: 5.12083 s

Calling end_heu
>>> get_solution
Saved weight 2404
end_heu: 0 loops with 0 unique solutions in 2.9e-05 s

Calling print_solution
>>> get_solution
  refine_solution: new weight 22049 (was 22065) in 0.000193 s
Oops orig weight was 22065 but we got 22049
## FINAL WEIGHT 22049
print_solution: 0.00034 s
