Version: final-94-gfffc3aa rub_all.sh: remove longest prefix
Random seed: 1557962404
Start
>>> save_orig_graph
>> Saved weight 0
Graph loaded
|V| = 2364, |E| = 3761, |R| = 40
First clearance of the input. Calling buy_zero and run_all_heuristics.
  buy_zero: 1 zero edges in 1.2e-05 s
  handle_small_terminal_degrees: terms 1 in 7e-06 s
  handle_small_Steiner_degrees: steiner 2, suppress 0 in 7e-06 s
  shortest_edge_between_terminals: 0 edges in 2e-06 s
  handle_small_terminal_degrees: terms 0 in 6e-06 s
  handle_small_Steiner_degrees: steiner 1, suppress 3 in 9e-06 s
  shortest_edge_between_terminals: 0 edges in 1e-06 s
  handle_small_terminal_degrees: terms 0 in 4e-06 s
  handle_small_Steiner_degrees: steiner 1, suppress 0 in 7e-06 s
  shortest_edge_between_terminals: 0 edges in 1e-06 s
  handle_small_terminal_degrees: terms 0 in 4e-06 s
  handle_small_Steiner_degrees: steiner 0, suppress 0 in 6e-06 s
  shortest_edge_between_terminals: 0 edges in 2e-06 s
Compressed graph 2364 -> 2354
  delete_edges: deleted 239 edges in 0.001256 s and 3 rounds
  handle_small_terminal_degrees: terms 0 in 4e-06 s
  handle_small_Steiner_degrees: steiner 15, suppress 240 in 9.9e-05 s
  shortest_edge_between_terminals: 0 edges in 1e-06 s
  handle_small_terminal_degrees: terms 0 in 3e-06 s
  handle_small_Steiner_degrees: steiner 0, suppress 18 in 1.1e-05 s
  shortest_edge_between_terminals: 0 edges in 1e-06 s
  handle_small_terminal_degrees: terms 0 in 3e-06 s
  handle_small_Steiner_degrees: steiner 0, suppress 4 in 6e-06 s
  shortest_edge_between_terminals: 0 edges in 1e-06 s
  handle_small_terminal_degrees: terms 0 in 3e-06 s
  handle_small_Steiner_degrees: steiner 0, suppress 0 in 5e-06 s
  shortest_edge_between_terminals: 0 edges in 0 s
Compressed graph 2354 -> 2077
  delete_edges_shortest_path: deleted 494 edges in 0.068914 s
  handle_small_terminal_degrees: terms 19 in 1.3e-05 s
  handle_small_Steiner_degrees: steiner 83, suppress 743 in 0.000139 s
  shortest_edge_between_terminals: 0 edges in 1e-06 s
  handle_small_terminal_degrees: terms 4 in 3e-06 s
  handle_small_Steiner_degrees: steiner 1, suppress 65 in 1.5e-05 s
  shortest_edge_between_terminals: 2 edges in 1e-06 s
  handle_small_terminal_degrees: terms 0 in 1e-06 s
  handle_small_Steiner_degrees: steiner 0, suppress 5 in 4e-06 s
  shortest_edge_between_terminals: 0 edges in 0 s
  handle_small_terminal_degrees: terms 0 in 2e-06 s
  handle_small_Steiner_degrees: steiner 0, suppress 1 in 3e-06 s
  shortest_edge_between_terminals: 0 edges in 0 s
  handle_small_terminal_degrees: terms 0 in 2e-06 s
  handle_small_Steiner_degrees: steiner 0, suppress 0 in 2e-06 s
  shortest_edge_between_terminals: 0 edges in 1e-06 s
Compressed graph 2077 -> 1155
  handle_small_terminal_degrees: terms 0 in 1e-06 s
  handle_small_Steiner_degrees: steiner 0, suppress 2 in 2e-06 s
  shortest_edge_between_terminals: 4 edges in 2e-06 s
  handle_small_terminal_degrees: terms 0 in 1e-06 s
  handle_small_Steiner_degrees: steiner 0, suppress 2 in 2e-06 s
  shortest_edge_between_terminals: 0 edges in 1e-06 s
  handle_small_terminal_degrees: terms 0 in 1e-06 s
  handle_small_Steiner_degrees: steiner 0, suppress 0 in 1e-06 s
  shortest_edge_between_terminals: 0 edges in 1e-06 s
Compressed graph 1155 -> 1140
  delete_edges_shortest_path: deleted 105 edges in 0.013471 s
  handle_small_terminal_degrees: terms 3 in 3e-06 s
  handle_small_Steiner_degrees: steiner 5, suppress 180 in 4.3e-05 s
  shortest_edge_between_terminals: 0 edges in 0 s
  handle_small_terminal_degrees: terms 0 in 1e-06 s
  handle_small_Steiner_degrees: steiner 0, suppress 8 in 4e-06 s
  shortest_edge_between_terminals: 0 edges in 1e-06 s
  handle_small_terminal_degrees: terms 0 in 1e-06 s
  handle_small_Steiner_degrees: steiner 0, suppress 2 in 2e-06 s
  shortest_edge_between_terminals: 0 edges in 1e-06 s
  handle_small_terminal_degrees: terms 0 in 1e-06 s
  handle_small_Steiner_degrees: steiner 0, suppress 3 in 2e-06 s
  shortest_edge_between_terminals: 0 edges in 0 s
  handle_small_terminal_degrees: terms 0 in 1e-06 s
  handle_small_Steiner_degrees: steiner 0, suppress 2 in 2e-06 s
  shortest_edge_between_terminals: 0 edges in 1e-06 s
  handle_small_terminal_degrees: terms 0 in 1e-06 s
  handle_small_Steiner_degrees: steiner 2, suppress 1 in 1e-06 s
  shortest_edge_between_terminals: 0 edges in 1e-06 s
  handle_small_terminal_degrees: terms 0 in 1e-06 s
  handle_small_Steiner_degrees: steiner 0, suppress 1 in 1e-06 s
  shortest_edge_between_terminals: 0 edges in 1e-06 s
  handle_small_terminal_degrees: terms 0 in 0 s
  handle_small_Steiner_degrees: steiner 0, suppress 0 in 2e-06 s
  shortest_edge_between_terminals: 0 edges in 0 s
Compressed graph 1140 -> 933
Compressed graph 933 -> 933
>>> save_orig_graph
>> Saved weight 6934281
### ZEL_LVL=9 PRECISE_STARS=1

Calling `contract_till_the_bitter_end`
|V| = 933, |E| = 1417, |R| = 39
>> 60060 (540: 372 377 372) (0.000585 s)
>> 31237 (601: 370 373 370) (0.000533 s)
>> 21207 (269: 376 404 376) (0.00051 s)
>> 16688 (257: 405 406 405) (0.000494 s)
>> 4769 (99: 384 389 384) (0.000478 s)
>> 3343 (524: 378 388 378) (0.000467 s)
>> 2934 (651: 395 402 395) (0.000468 s)
>> 2745 (309: 396 397 396) (0.000442 s)
>> 2351 (288: 399 400 399) (0.000435 s)
>> 1812 (782: 368 369 368) (0.000412 s)
>> 1606 (513: 375 392 375) (0.000397 s)
>> 493 (294: 394 398 394) (0.000386 s)
>> 456 (254: 407 408 407) (0.000371 s)
>> 0 (-1: -1 -1 -1) (0.00036 s)
Zelikovsky 0.108636 s
>> 60060 (540: 377 371 372) (0.097597 s)
>> 31237 (601: 373 378 370) (0.097205 s)
>> 16688 (257: 465 406 405) (0.096938 s)
>> 14514 (802: 623 373 368) (0.095925 s)
>> 4769 (99: 391 389 384) (0.094897 s)
>> 3343 (524: 388 623 390) (0.094122 s)
>> 2934 (651: 395 867 402) (0.09256 s)
>> 2745 (309: 396 400 397) (0.091896 s)
>> 1667 (288: 396 401 399) (0.091491 s)
>> 456 (254: 408 465 407) (0.090792 s)
>> 364 (72: 394 514 396) (0.090267 s)
>> 0 (-1: -1 -1 -1) (0.089967 s)
Zelikovsky- 1.12551 s
>>> get_solution
  refine_solution: new weight 13329774 (was 13329774) in 0.000241 s
>>> get_solution
  refine_solution: new weight 13341302 (was 13346457) in 0.000249 s
  refine_solution: new weight 13341302 (was 13341302) in 0.000232 s
0,,933,1417,39,,0,0,,13346457,13341302,13337986,13329774,13329774,,0,0,@@

  delete_edges: deleted 13 edges in 0.000104 s and 1 rounds
  handle_small_Steiner_degrees: steiner 0, suppress 23 in 9e-06 s
Starting round 1
Found 23 isolated vertices
Invalid ratios recomputed: 910
Best ratio is 1326/1 (1326.0), centered at 331
Finding the best star... Star with 2 terminals centered in 393
round took: 0.028341 s
|V| = 933, |E| = 1376, |R| = 38
>> 60060 (540: 372 377 372) (0.000561 s)
>> 31237 (601: 370 373 370) (0.000518 s)
>> 21207 (269: 376 404 376) (0.000489 s)
>> 16688 (257: 405 406 405) (0.00049 s)
>> 4769 (99: 384 389 384) (0.000468 s)
>> 3343 (524: 378 388 378) (0.000451 s)
>> 2934 (651: 395 402 395) (0.000443 s)
>> 2745 (309: 396 397 396) (0.000432 s)
>> 2351 (288: 399 400 399) (0.000415 s)
>> 1812 (782: 368 369 368) (0.000391 s)
>> 1606 (513: 375 392 375) (0.000381 s)
>> 493 (294: 394 398 394) (0.000367 s)
>> 456 (254: 407 408 407) (0.00035 s)
>> 0 (-1: -1 -1 -1) (0.000339 s)
Zelikovsky 0.101625 s
>> 60060 (540: 377 371 372) (0.091503 s)
>> 31237 (601: 373 378 370) (0.091201 s)
>> 16688 (257: 465 406 405) (0.090639 s)
>> 14514 (802: 623 373 368) (0.089841 s)
>> 4769 (99: 391 389 384) (0.088767 s)
>> 3343 (524: 388 623 390) (0.088292 s)
>> 2934 (651: 395 867 402) (0.086819 s)
>> 2745 (309: 396 400 397) (0.086196 s)
>> 1667 (288: 396 401 399) (0.085828 s)
>> 456 (254: 408 465 407) (0.085122 s)
>> 364 (72: 394 396 393) (0.084653 s)
>> 0 (-1: -1 -1 -1) (0.084224 s)
Zelikovsky- 1.05483 s
>>> get_solution
  refine_solution: new weight 13329774 (was 13329774) in 0.00024 s
>>> get_solution
  refine_solution: new weight 13341302 (was 13346457) in 0.00023 s
  refine_solution: new weight 13341302 (was 13341302) in 0.000232 s
1,,910,1376,38,,910,0,,13346457,13341302,13337986,13329774,13329774,,1326,2,@@

  handle_small_Steiner_degrees: steiner 0, suppress 2 in 4e-06 s
Starting round 2
Found 28 isolated vertices
Invalid ratios recomputed: 263
Best ratio is 1650/1 (1650.0), centered at 402
Finding the best star... Star with 2 terminals centered in 594
round took: 0.008217 s
|V| = 933, |E| = 1371, |R| = 37
>> 60060 (540: 372 377 372) (0.000537 s)
>> 31237 (601: 370 373 370) (0.00049 s)
>> 21207 (269: 376 404 376) (0.000489 s)
>> 16688 (257: 405 406 405) (0.000458 s)
>> 4769 (99: 384 389 384) (0.000437 s)
>> 3343 (524: 378 388 378) (0.000434 s)
>> 2864 (651: 395 594 395) (0.000419 s)
>> 2745 (309: 396 397 396) (0.000404 s)
>> 2351 (288: 399 400 399) (0.000393 s)
>> 1812 (782: 368 369 368) (0.000371 s)
>> 1606 (513: 375 392 375) (0.000371 s)
>> 493 (294: 394 398 394) (0.000351 s)
>> 456 (254: 407 408 407) (0.000335 s)
>> 0 (-1: -1 -1 -1) (0.000322 s)
Zelikovsky 0.099801 s
>> 60060 (540: 377 371 372) (0.090235 s)
>> 31237 (601: 373 378 370) (0.089996 s)
>> 16688 (257: 465 406 405) (0.08945 s)
>> 14514 (802: 623 373 368) (0.088689 s)
>> 4769 (99: 391 389 384) (0.08768 s)
>> 3343 (524: 388 623 390) (0.087224 s)
>> 2864 (651: 395 867 594) (0.085639 s)
>> 2745 (309: 396 400 397) (0.085078 s)
>> 1667 (288: 396 401 399) (0.084768 s)
>> 456 (254: 408 465 407) (0.084048 s)
>> 364 (72: 394 396 393) (0.083597 s)
>> 0 (-1: -1 -1 -1) (0.083299 s)
Zelikovsky- 1.04143 s
>>> get_solution
  refine_solution: new weight 13329774 (was 13329774) in 0.00024 s
>>> get_solution
  refine_solution: new weight 13344038 (was 13349193) in 0.000226 s
  refine_solution: new weight 13344038 (was 13344038) in 0.000228 s
2,,905,1371,37,,263,0,,13349193,13344038,13337986,13329774,13329774,,1650,2,@@

  handle_small_Steiner_degrees: steiner 0, suppress 0 in 2e-06 s
Starting round 3
Found 31 isolated vertices
Invalid ratios recomputed: 262
Best ratio is 2563/1 (2563.0), centered at 250
Finding the best star... Star with 2 terminals centered in 465
round took: 0.008249 s
|V| = 933, |E| = 1367, |R| = 36
>> 60060 (540: 372 377 372) (0.000502 s)
>> 31237 (601: 370 373 370) (0.00047 s)
>> 21207 (269: 376 404 376) (0.000455 s)
>> 16688 (257: 405 406 405) (0.000436 s)
>> 4769 (99: 384 389 384) (0.000417 s)
>> 3343 (524: 378 388 378) (0.000412 s)
>> 2864 (651: 395 594 395) (0.000394 s)
>> 2745 (309: 396 397 396) (0.00039 s)
>> 2351 (288: 399 400 399) (0.000365 s)
>> 1812 (782: 368 369 368) (0.000354 s)
>> 1606 (513: 375 392 375) (0.000338 s)
>> 493 (294: 394 398 394) (0.000328 s)
>> 0 (-1: -1 -1 -1) (0.000313 s)
Zelikovsky 0.097713 s
>> 60060 (540: 377 371 372) (0.089172 s)
>> 31237 (601: 373 378 370) (0.088947 s)
>> 16688 (257: 465 406 405) (0.088344 s)
>> 14514 (802: 623 373 368) (0.087563 s)
>> 4769 (99: 391 389 384) (0.086597 s)
>> 3343 (524: 388 623 390) (0.086146 s)
>> 2864 (651: 395 867 594) (0.084685 s)
>> 2745 (309: 396 400 397) (0.08405 s)
>> 1667 (288: 396 401 399) (0.083895 s)
>> 364 (72: 394 396 393) (0.083194 s)
>> 0 (-1: -1 -1 -1) (0.082968 s)
Zelikovsky- 0.94715 s
>>> get_solution
  refine_solution: new weight 13329774 (was 13329774) in 0.000241 s
>>> get_solution
  refine_solution: new weight 13344038 (was 13349193) in 0.000227 s
  refine_solution: new weight 13344038 (was 13344038) in 0.000227 s
3,,902,1367,36,,262,0,,13349193,13344038,13337986,13329774,13329774,,2563,2,@@

  handle_small_Steiner_degrees: steiner 0, suppress 0 in 2e-06 s
Starting round 4
Found 35 isolated vertices
Invalid ratios recomputed: 352
Best ratio is 3666/1 (3666.0), centered at 271
Finding the best star... Star with 2 terminals centered in 594
round took: 0.019063 s
|V| = 933, |E| = 1363, |R| = 35
>> 60060 (540: 372 377 372) (0.000488 s)
>> 31237 (601: 370 373 370) (0.000447 s)
>> 21207 (269: 376 404 376) (0.000435 s)
>> 16688 (257: 405 406 405) (0.000419 s)
>> 4769 (99: 384 389 384) (0.000405 s)
>> 3343 (524: 378 388 378) (0.00039 s)
>> 2864 (651: 395 594 395) (0.000384 s)
>> 2745 (309: 396 397 396) (0.000366 s)
>> 2351 (288: 399 400 399) (0.000348 s)
>> 1812 (782: 368 369 368) (0.000333 s)
>> 1606 (513: 375 392 375) (0.000322 s)
>> 493 (294: 394 398 394) (0.000312 s)
>> 0 (-1: -1 -1 -1) (0.000298 s)
Zelikovsky 0.096414 s
>> 60060 (540: 377 371 372) (0.088271 s)
>> 31237 (601: 373 378 370) (0.088021 s)
>> 16688 (257: 465 406 405) (0.08751 s)
>> 14514 (802: 623 373 368) (0.086703 s)
>> 4769 (99: 391 389 384) (0.085774 s)
>> 3343 (524: 388 623 390) (0.085491 s)
>> 2864 (651: 395 867 594) (0.083916 s)
>> 2745 (309: 396 400 397) (0.083264 s)
>> 1667 (288: 396 401 399) (0.083129 s)
>> 364 (72: 394 396 393) (0.082457 s)
>> 0 (-1: -1 -1 -1) (0.08208 s)
Zelikovsky- 0.938249 s
>>> get_solution
  refine_solution: new weight 13329774 (was 13329774) in 0.00024 s
>>> get_solution
  refine_solution: new weight 13344038 (was 13349193) in 0.000227 s
  refine_solution: new weight 13344038 (was 13344038) in 0.000227 s
4,,898,1363,35,,352,0,,13349193,13344038,13337986,13329774,13329774,,3666,2,@@

  handle_small_Steiner_degrees: steiner 0, suppress 1 in 2e-06 s
Starting round 5
Found 39 isolated vertices
Invalid ratios recomputed: 303
Best ratio is 5491/1 (5491.0), centered at 401
Finding the best star... Star with 2 terminals centered in 594
round took: 0.013074 s
|V| = 933, |E| = 1352, |R| = 34
>> 60060 (540: 372 377 372) (0.000462 s)
>> 31237 (601: 370 373 370) (0.000434 s)
>> 21207 (269: 376 404 376) (0.000416 s)
>> 16688 (257: 405 406 405) (0.000401 s)
>> 4769 (99: 384 389 384) (0.000383 s)
>> 3343 (524: 378 388 378) (0.000367 s)
>> 2864 (651: 395 594 395) (0.000358 s)
>> 2745 (309: 396 397 396) (0.000349 s)
>> 1812 (782: 368 369 368) (0.000327 s)
>> 1606 (513: 375 392 375) (0.000316 s)
>> 1004 (491: 398 399 398) (0.00031 s)
>> 277 (327: 390 393 390) (0.000309 s)
>> 0 (-1: -1 -1 -1) (0.00028 s)
Zelikovsky 0.093867 s
>> 60060 (540: 377 371 372) (0.086278 s)
>> 31237 (601: 373 378 370) (0.086069 s)
>> 16688 (257: 465 406 405) (0.085648 s)
>> 14514 (802: 623 373 368) (0.084906 s)
>> 4769 (99: 391 389 384) (0.083953 s)
>> 3343 (524: 388 623 390) (0.083428 s)
>> 2864 (651: 395 867 594) (0.081664 s)
>> 2745 (309: 396 400 397) (0.081282 s)
>> 1667 (288: 396 399 395) (0.081136 s)
>> 364 (72: 394 396 393) (0.080524 s)
>> 0 (-1: -1 -1 -1) (0.080196 s)
Zelikovsky- 0.916676 s
>>> get_solution
  refine_solution: new weight 13329774 (was 13329774) in 0.000242 s
>>> get_solution
  refine_solution: new weight 13344038 (was 13349193) in 0.000227 s
  refine_solution: new weight 13344038 (was 13344038) in 0.000227 s
5,,894,1352,34,,303,0,,13349193,13344038,13334511,13329774,13329774,,5491,2,@@

  handle_small_Steiner_degrees: steiner 0, suppress 1 in 2e-06 s
Starting round 6
Found 49 isolated vertices
Invalid ratios recomputed: 320
Best ratio is 11881/2 (5940.5), centered at 275
Finding the best star... Star with 3 terminals centered in 400
round took: 0.013077 s
|V| = 933, |E| = 1313, |R| = 32
>> 60060 (540: 372 377 372) (0.000421 s)
>> 31237 (601: 370 373 370) (0.000389 s)
>> 21207 (269: 376 404 376) (0.000373 s)
>> 16688 (257: 405 406 405) (0.000361 s)
>> 4769 (99: 384 389 384) (0.00035 s)
>> 3343 (524: 378 388 378) (0.000337 s)
>> 2864 (651: 395 400 395) (0.000316 s)
>> 1812 (782: 368 369 368) (0.000305 s)
>> 1606 (513: 375 392 375) (0.000293 s)
>> 277 (327: 390 393 390) (0.000287 s)
>> 0 (-1: -1 -1 -1) (0.00027 s)
Zelikovsky 0.086328 s
>> 60060 (540: 377 371 372) (0.080525 s)
>> 31237 (601: 373 378 370) (0.080278 s)
>> 16688 (257: 465 406 405) (0.079769 s)
>> 14514 (802: 623 373 368) (0.079035 s)
>> 4769 (99: 391 389 384) (0.078168 s)
>> 3343 (524: 388 623 390) (0.077681 s)
>> 2864 (651: 395 867 400) (0.076226 s)
>> 364 (72: 394 395 393) (0.075942 s)
>> 0 (-1: -1 -1 -1) (0.075509 s)
Zelikovsky- 0.704481 s
>>> get_solution
  refine_solution: new weight 13329415 (was 13329415) in 0.00024 s
>>> get_solution
  refine_solution: new weight 13342509 (was 13347664) in 0.000228 s
  refine_solution: new weight 13342509 (was 13342509) in 0.000228 s
6,,884,1313,32,,320,0,,13347664,13342509,13333341,13329415,13329415,,11881,3,@@

  handle_small_Steiner_degrees: steiner 0, suppress 11 in 1.2e-05 s
Starting round 7
Found 88 isolated vertices
Invalid ratios recomputed: 299
Best ratio is 6162/1 (6162.0), centered at 327
Finding the best star... Star with 2 terminals centered in 393
round took: 0.01149 s
|V| = 933, |E| = 1294, |R| = 31
>> 60060 (540: 372 377 372) (0.000394 s)
>> 31237 (601: 370 373 370) (0.000372 s)
>> 21207 (269: 376 404 376) (0.000355 s)
>> 16688 (257: 405 406 405) (0.000337 s)
>> 4769 (99: 384 389 384) (0.00032 s)
>> 3343 (524: 378 388 378) (0.000313 s)
>> 2864 (651: 395 400 395) (0.000301 s)
>> 1812 (782: 368 369 368) (0.000282 s)
>> 1606 (513: 375 392 375) (0.000276 s)
>> 0 (-1: -1 -1 -1) (0.000266 s)
Zelikovsky 0.082899 s
>> 60060 (540: 377 371 372) (0.077699 s)
>> 31237 (601: 373 378 370) (0.077534 s)
>> 16688 (257: 465 406 405) (0.076863 s)
>> 14514 (802: 623 373 368) (0.076242 s)
>> 4769 (99: 391 389 384) (0.075298 s)
>> 3343 (524: 388 623 393) (0.074984 s)
>> 2864 (651: 395 867 400) (0.073487 s)
>> 1373 (72: 394 395 388) (0.073004 s)
>> 0 (-1: -1 -1 -1) (0.072862 s)
Zelikovsky- 0.67929 s
>>> get_solution
  refine_solution: new weight 13328406 (was 13328406) in 0.000241 s
>>> get_solution
  refine_solution: new weight 13342509 (was 13347664) in 0.000227 s
  refine_solution: new weight 13342509 (was 13342509) in 0.000229 s
7,,845,1294,31,,299,0,,13347664,13342509,13333341,13328406,13328406,,6162,2,@@

  handle_small_Steiner_degrees: steiner 0, suppress 3 in 4e-06 s
Starting round 8
Found 95 isolated vertices
Invalid ratios recomputed: 294
Best ratio is 12904/2 (6452.0), centered at 0
Finding the best star... Star with 3 terminals centered in 393
round took: 0.011349 s
|V| = 933, |E| = 1277, |R| = 29
>> 60060 (540: 372 377 372) (0.000356 s)
>> 31237 (601: 370 373 370) (0.000328 s)
>> 21207 (269: 376 404 376) (0.000306 s)
>> 16688 (257: 405 406 405) (0.000292 s)
>> 4769 (99: 384 389 384) (0.000276 s)
>> 3343 (524: 378 388 378) (0.000273 s)
>> 2864 (651: 393 395 393) (0.000261 s)
>> 1812 (782: 368 369 368) (0.000248 s)
>> 0 (-1: -1 -1 -1) (0.000236 s)
Zelikovsky 0.078599 s
>> 60060 (540: 377 371 372) (0.074687 s)
>> 31237 (601: 373 378 370) (0.074495 s)
>> 16688 (257: 465 406 405) (0.073805 s)
>> 14514 (802: 623 373 368) (0.073266 s)
>> 4769 (99: 391 389 384) (0.072278 s)
>> 3343 (524: 388 623 393) (0.071979 s)
>> 2864 (651: 395 867 388) (0.070947 s)
>> 0 (-1: -1 -1 -1) (0.070562 s)
Zelikovsky- 0.583207 s
>>> get_solution
  refine_solution: new weight 13328406 (was 13328406) in 0.000241 s
>>> get_solution
  refine_solution: new weight 13341136 (was 13346291) in 0.000229 s
  refine_solution: new weight 13341136 (was 13341136) in 0.000232 s
8,,838,1277,29,,294,0,,13346291,13341136,13330470,13328406,13328406,,12904,3,@@

  handle_small_Steiner_degrees: steiner 1, suppress 2 in 3e-06 s
Starting round 9
Found 108 isolated vertices
Invalid ratios recomputed: 288
Best ratio is 6740/1 (6740.0), centered at 322
Finding the best star... Star with 2 terminals centered in 867
round took: 0.011044 s
|V| = 933, |E| = 1265, |R| = 28
>> 60060 (540: 372 377 372) (0.000339 s)
>> 31237 (601: 370 373 370) (0.000309 s)
>> 21207 (269: 376 404 376) (0.000296 s)
>> 16688 (257: 405 406 405) (0.00028 s)
>> 4769 (99: 384 389 384) (0.000263 s)
>> 3343 (524: 378 388 378) (0.000256 s)
>> 1812 (782: 368 369 368) (0.000244 s)
>> 1606 (513: 375 392 375) (0.000232 s)
>> 0 (-1: -1 -1 -1) (0.000229 s)
Zelikovsky 0.076723 s
>> 60060 (540: 377 371 372) (0.072994 s)
>> 31237 (601: 373 378 370) (0.072839 s)
>> 16688 (257: 465 406 405) (0.072135 s)
>> 14514 (802: 623 373 368) (0.071541 s)
>> 4769 (99: 391 389 384) (0.070745 s)
>> 3343 (524: 388 623 393) (0.070377 s)
>> 0 (-1: -1 -1 -1) (0.069392 s)
Zelikovsky- 0.501088 s
>>> get_solution
  refine_solution: new weight 13328534 (was 13328534) in 0.000242 s
>>> get_solution
  refine_solution: new weight 13338400 (was 13343555) in 0.000229 s
  refine_solution: new weight 13338400 (was 13338400) in 0.00023 s
9,,825,1265,28,,288,0,,13343555,13338400,13332096,13328534,13328534,,6740,2,@@

  handle_small_Steiner_degrees: steiner 0, suppress 3 in 4e-06 s
Starting round 10
Found 117 isolated vertices
Invalid ratios recomputed: 273
Best ratio is 7136/1 (7136.0), centered at 368
Finding the best star... Star with 2 terminals centered in 368
round took: 0.010554 s
|V| = 933, |E| = 1256, |R| = 27
>> 60060 (540: 372 377 372) (0.000327 s)
>> 31237 (601: 370 373 370) (0.000294 s)
>> 21207 (269: 376 404 376) (0.000285 s)
>> 16688 (257: 405 406 405) (0.000265 s)
>> 4769 (99: 384 389 384) (0.00025 s)
>> 3343 (524: 378 388 378) (0.000241 s)
>> 1606 (513: 375 392 375) (0.000231 s)
>> 0 (-1: -1 -1 -1) (0.000224 s)
Zelikovsky 0.074596 s
>> 60060 (540: 377 371 372) (0.071588 s)
>> 31237 (601: 373 378 370) (0.07145 s)
>> 16688 (257: 465 406 405) (0.070834 s)
>> 14514 (802: 623 373 368) (0.070199 s)
>> 4769 (99: 391 389 384) (0.069272 s)
>> 3343 (524: 388 623 393) (0.068924 s)
>> 0 (-1: -1 -1 -1) (0.067912 s)
Zelikovsky- 0.491229 s
>>> get_solution
  refine_solution: new weight 13328534 (was 13328534) in 0.000241 s
>>> get_solution
  refine_solution: new weight 13338400 (was 13343555) in 0.000229 s
  refine_solution: new weight 13338400 (was 13338400) in 0.00023 s
10,,816,1256,27,,273,0,,13343555,13338400,13333908,13328534,13328534,,7136,2,@@

  handle_small_Steiner_degrees: steiner 0, suppress 1 in 2e-06 s
Starting round 11
Found 122 isolated vertices
Invalid ratios recomputed: 327
Best ratio is 7432/1 (7432.0), centered at 93
Finding the best star... Star with 2 terminals centered in 867
round took: 0.015189 s
|V| = 933, |E| = 1248, |R| = 26
>> 60060 (540: 372 377 372) (0.000319 s)
>> 31237 (601: 370 373 370) (0.000281 s)
>> 21207 (269: 376 404 376) (0.000266 s)
>> 16688 (257: 405 406 405) (0.000252 s)
>> 4769 (99: 384 389 384) (0.000236 s)
>> 3343 (524: 378 388 378) (0.000229 s)
>> 1606 (513: 375 392 375) (0.000216 s)
>> 0 (-1: -1 -1 -1) (0.000208 s)
Zelikovsky 0.072968 s
>> 60060 (540: 377 371 372) (0.070187 s)
>> 31237 (601: 373 378 370) (0.07006 s)
>> 16688 (257: 465 406 405) (0.06928 s)
>> 14514 (802: 623 373 368) (0.068838 s)
>> 4769 (99: 391 389 384) (0.06785 s)
>> 3343 (524: 388 867 623) (0.067569 s)
>> 0 (-1: -1 -1 -1) (0.066446 s)
Zelikovsky- 0.481314 s
>>> get_solution
  refine_solution: new weight 13328534 (was 13328534) in 0.000241 s
>>> get_solution
  refine_solution: new weight 13338400 (was 13343555) in 0.000229 s
  refine_solution: new weight 13338400 (was 13338400) in 0.00023 s
11,,811,1248,26,,327,0,,13343555,13338400,13333908,13328534,13328534,,7432,2,@@

  handle_small_Steiner_degrees: steiner 0, suppress 5 in 6e-06 s
Starting round 12
Found 132 isolated vertices
Invalid ratios recomputed: 271
Best ratio is 10748/1 (10748.0), centered at 99
Finding the best star... Star with 2 terminals centered in 384
round took: 0.010527 s
|V| = 933, |E| = 1232, |R| = 25
>> 60060 (540: 372 377 372) (0.000291 s)
>> 31237 (601: 370 373 370) (0.000265 s)
>> 21207 (269: 376 404 376) (0.000247 s)
>> 16688 (257: 405 406 405) (0.000236 s)
>> 3343 (524: 378 388 378) (0.000222 s)
>> 1606 (513: 375 392 375) (0.000214 s)
>> 0 (-1: -1 -1 -1) (0.000208 s)
Zelikovsky 0.070367 s
>> 60060 (540: 377 371 372) (0.068183 s)
>> 31237 (601: 373 378 370) (0.067832 s)
>> 16688 (257: 465 406 405) (0.067234 s)
>> 14514 (802: 623 373 368) (0.066663 s)
>> 3343 (524: 388 867 623) (0.065879 s)
>> 0 (-1: -1 -1 -1) (0.064942 s)
Zelikovsky- 0.401665 s
>>> get_solution
  refine_solution: new weight 13328396 (was 13328396) in 0.000244 s
>>> get_solution
  refine_solution: new weight 13338260 (was 13343415) in 0.00023 s
  refine_solution: new weight 13338260 (was 13338260) in 0.000231 s
12,,801,1232,25,,271,0,,13343415,13338260,13333770,13328396,13328396,,10748,2,@@

  handle_small_Steiner_degrees: steiner 0, suppress 1 in 3e-06 s
Starting round 13
Found 139 isolated vertices
Invalid ratios recomputed: 421
Best ratio is 34799/1 (34799.0), centered at 189
Finding the best star... Star with 2 terminals centered in 368
round took: 0.021342 s
|V| = 933, |E| = 1225, |R| = 24
>> 60060 (540: 372 377 372) (0.000277 s)
>> 31237 (601: 370 373 370) (0.000252 s)
>> 21207 (269: 376 404 376) (0.000233 s)
>> 16688 (257: 405 406 405) (0.000224 s)
>> 3343 (524: 378 388 378) (0.000211 s)
>> 1606 (513: 375 392 375) (0.000202 s)
>> 0 (-1: -1 -1 -1) (0.000195 s)
Zelikovsky 0.068637 s
>> 60060 (540: 377 371 372) (0.06674 s)
>> 31237 (601: 373 378 370) (0.066458 s)
>> 16688 (257: 465 406 405) (0.065742 s)
>> 3372 (192: 368 377 373) (0.065247 s)
>> 3343 (524: 388 867 368) (0.066444 s)
>> 0 (-1: -1 -1 -1) (0.066925 s)
Zelikovsky- 0.398484 s
>>> get_solution
  refine_solution: new weight 13325024 (was 13325024) in 0.000242 s
>>> get_solution
  refine_solution: new weight 13338260 (was 13343415) in 0.00023 s
  refine_solution: new weight 13338260 (was 13338260) in 0.000231 s
13,,794,1225,24,,421,0,,13343415,13338260,13333770,13325024,13325024,,34799,2,@@

  handle_small_Steiner_degrees: steiner 0, suppress 0 in 2e-06 s
Starting round 14
Found 145 isolated vertices
Invalid ratios recomputed: 339
Best ratio is 61077/1 (61077.0), centered at 18
Finding the best star... Star with 2 terminals centered in 384
round took: 0.016681 s
|V| = 933, |E| = 1211, |R| = 23
>> 60060 (540: 372 377 372) (0.000263 s)
>> 31237 (601: 370 373 370) (0.000235 s)
>> 21207 (269: 376 384 376) (0.000221 s)
>> 17021 (842: 374 407 374) (0.000213 s)
>> 3343 (524: 378 388 378) (0.000201 s)
>> 1606 (513: 375 392 375) (0.000189 s)
>> 0 (-1: -1 -1 -1) (0.000183 s)
Zelikovsky 0.066441 s
>> 60060 (540: 377 371 372) (0.064999 s)
>> 31237 (601: 373 378 370) (0.064829 s)
>> 16688 (257: 384 406 405) (0.064214 s)
>> 3372 (192: 368 377 373) (0.063646 s)
>> 3343 (524: 388 867 368) (0.064527 s)
>> 0 (-1: -1 -1 -1) (0.065001 s)
Zelikovsky- 0.388136 s
>>> get_solution
  refine_solution: new weight 13325024 (was 13325024) in 0.000243 s
>>> get_solution
  refine_solution: new weight 13338260 (was 13343415) in 0.00023 s
  refine_solution: new weight 13338260 (was 13338260) in 0.000242 s
14,,788,1211,23,,339,0,,13343415,13338260,13336174,13325024,13325024,,61077,2,@@

  handle_small_Steiner_degrees: steiner 0, suppress 4 in 5e-06 s
Starting round 15
Found 159 isolated vertices
Invalid ratios recomputed: 407
Best ratio is 67743/1 (67743.0), centered at 94
Finding the best star... Star with 2 terminals centered in 377
round took: 0.02141 s
|V| = 933, |E| = 1192, |R| = 22
>> 60060 (540: 372 377 372) (0.000246 s)
>> 31237 (601: 370 373 370) (0.000222 s)
>> 15602 (842: 374 389 374) (0.000211 s)
>> 3343 (524: 378 388 378) (0.000211 s)
>> 1606 (513: 375 392 375) (0.000187 s)
>> 0 (-1: -1 -1 -1) (0.000179 s)
Zelikovsky 0.063178 s
>> 60060 (540: 377 371 372) (0.061988 s)
>> 31237 (601: 373 378 370) (0.061584 s)
>> 16688 (257: 377 406 405) (0.061223 s)
>> 3372 (192: 368 377 373) (0.060772 s)
>> 3343 (524: 388 867 368) (0.062225 s)
>> 0 (-1: -1 -1 -1) (0.062633 s)
Zelikovsky- 0.371333 s
>>> get_solution
  refine_solution: new weight 13325024 (was 13325024) in 0.000243 s
>>> get_solution
  refine_solution: new weight 13338260 (was 13343415) in 0.000232 s
  refine_solution: new weight 13338260 (was 13338260) in 0.000232 s
15,,774,1192,22,,407,0,,13343415,13338260,13337979,13325024,13325024,,67743,2,@@

  handle_small_Steiner_degrees: steiner 0, suppress 3 in 4e-06 s
Starting round 16
Found 174 isolated vertices
Invalid ratios recomputed: 393
Best ratio is 99159/1 (99159.0), centered at 366
Finding the best star... Star with 2 terminals centered in 367
round took: 0.021372 s
|V| = 933, |E| = 1182, |R| = 21
>> 60060 (540: 372 377 372) (0.000235 s)
>> 31237 (601: 370 373 370) (0.000211 s)
>> 15602 (842: 374 389 374) (0.0002 s)
>> 3343 (524: 378 388 378) (0.000191 s)
>> 1606 (513: 375 392 375) (0.000189 s)
>> 0 (-1: -1 -1 -1) (0.00017 s)
Zelikovsky 0.061643 s
>> 60060 (540: 377 371 372) (0.06073 s)
>> 31237 (601: 373 378 370) (0.060463 s)
>> 16688 (257: 377 406 405) (0.060156 s)
>> 3372 (192: 367 377 373) (0.059571 s)
>> 3343 (524: 388 867 367) (0.060818 s)
>> 0 (-1: -1 -1 -1) (0.061258 s)
Zelikovsky- 0.363899 s
>>> get_solution
  refine_solution: new weight 13325024 (was 13325024) in 0.000243 s
>>> get_solution
  refine_solution: new weight 13338260 (was 13343415) in 0.000233 s
  refine_solution: new weight 13338260 (was 13338260) in 0.000232 s
16,,759,1182,21,,393,0,,13343415,13338260,13337979,13325024,13325024,,99159,2,@@

  delete_edges: deleted 19 edges in 0.000581 s and 7 rounds
  handle_small_Steiner_degrees: steiner 3, suppress 29 in 1.4e-05 s
Starting round 17
Found 210 isolated vertices
Invalid ratios recomputed: 329
Best ratio is 103622/1 (103622.0), centered at 192
Finding the best star... Star with 2 terminals centered in 370
round took: 0.016525 s
|V| = 933, |E| = 1119, |R| = 20
>> 60060 (540: 372 377 372) (0.000221 s)
>> 31237 (601: 370 373 370) (0.000199 s)
>> 0 (-1: -1 -1 -1) (0.000143 s)
Zelikovsky 0.055094 s
>> 60060 (540: 377 371 372) (0.055071 s)
>> 31237 (601: 373 378 370) (0.054807 s)
>> 16688 (257: 377 406 405) (0.054038 s)
>> 3343 (524: 388 867 373) (0.053719 s)
>> 0 (-1: -1 -1 -1) (0.052965 s)
Zelikovsky- 0.271359 s
>>> get_solution
  refine_solution: new weight 13325024 (was 13325024) in 0.000244 s
>>> get_solution
  refine_solution: new weight 13334888 (was 13340043) in 0.000232 s
  refine_solution: new weight 13334888 (was 13334888) in 0.000232 s
17,,723,1119,20,,329,0,,13340043,13334888,13333109,13325024,13325024,,103622,2,@@

  handle_small_Steiner_degrees: steiner 0, suppress 4 in 4e-06 s
Starting round 18
Found 217 isolated vertices
Invalid ratios recomputed: 333
Best ratio is 118766/1 (118766.0), centered at 57
Finding the best star... Star with 2 terminals centered in 378
round took: 0.017663 s
|V| = 933, |E| = 1104, |R| = 19
>> 60060 (540: 372 377 372) (0.000207 s)
>> 31237 (601: 370 373 370) (0.000186 s)
>> 0 (-1: -1 -1 -1) (0.000137 s)
Zelikovsky 0.053256 s
>> 60060 (540: 377 371 372) (0.053305 s)
>> 31237 (601: 373 378 370) (0.052956 s)
>> 16688 (257: 377 406 405) (0.052058 s)
>> 0 (-1: -1 -1 -1) (0.051744 s)
Zelikovsky- 0.210717 s
>>> get_solution
  refine_solution: new weight 13325024 (was 13325024) in 0.000244 s
>>> get_solution
  refine_solution: new weight 13334888 (was 13340043) in 0.000232 s
  refine_solution: new weight 13334888 (was 13334888) in 0.000234 s
18,,716,1104,19,,333,0,,13340043,13334888,13333109,13325024,13325024,,118766,2,@@

  handle_small_Steiner_degrees: steiner 0, suppress 3 in 3e-06 s
Starting round 19
Found 228 isolated vertices
Invalid ratios recomputed: 401
Best ratio is 143037/1 (143037.0), centered at 252
Finding the best star... Star with 2 terminals centered in 407
round took: 0.01817 s
|V| = 933, |E| = 1096, |R| = 18
>> 60060 (540: 372 407 372) (0.000198 s)
>> 31237 (601: 370 373 370) (0.000178 s)
>> 0 (-1: -1 -1 -1) (0.00013 s)
Zelikovsky 0.052282 s
>> 60060 (540: 407 371 372) (0.052276 s)
>> 31237 (601: 373 378 370) (0.052069 s)
>> 16688 (257: 407 406 405) (0.051159 s)
>> 0 (-1: -1 -1 -1) (0.050894 s)
Zelikovsky- 0.207048 s
>>> get_solution
  refine_solution: new weight 13325024 (was 13325024) in 0.000243 s
>>> get_solution
  refine_solution: new weight 13334888 (was 13340043) in 0.000233 s
  refine_solution: new weight 13334888 (was 13334888) in 0.000232 s
19,,705,1096,18,,401,0,,13340043,13334888,13333109,13325024,13325024,,143037,2,@@

  handle_small_Steiner_degrees: steiner 1, suppress 1 in 2e-06 s
Starting round 20
Found 232 isolated vertices
Invalid ratios recomputed: 467
Best ratio is 163755/1 (163755.0), centered at 206
Finding the best star... Star with 2 terminals centered in 371
round took: 0.024351 s
|V| = 933, |E| = 1066, |R| = 17
>> 31237 (601: 370 373 370) (0.000186 s)
>> 0 (-1: -1 -1 -1) (0.000125 s)
Zelikovsky 0.047639 s
>> 31237 (601: 373 378 370) (0.047945 s)
>> 16688 (257: 371 406 405) (0.047251 s)
>> 0 (-1: -1 -1 -1) (0.046777 s)
Zelikovsky- 0.142513 s
>>> get_solution
  refine_solution: new weight 13325024 (was 13325024) in 0.000244 s
>>> get_solution
  refine_solution: new weight 13327954 (was 13333109) in 0.000231 s
  refine_solution: new weight 13327954 (was 13327954) in 0.000234 s
20,,701,1066,17,,467,0,,13333109,13327954,13333109,13325024,13325024,,163755,2,@@

  handle_small_Steiner_degrees: steiner 0, suppress 0 in 2e-06 s
Starting round 21
Found 259 isolated vertices
Invalid ratios recomputed: 445
Best ratio is 169205/1 (169205.0), centered at 98
Finding the best star... Star with 2 terminals centered in 371
round took: 0.02027 s
|V| = 933, |E| = 1060, |R| = 16
>> 31237 (601: 370 373 370) (0.000177 s)
>> 0 (-1: -1 -1 -1) (0.000121 s)
Zelikovsky 0.046674 s
>> 31237 (601: 373 378 370) (0.047018 s)
>> 16688 (257: 371 406 405) (0.046366 s)
>> 0 (-1: -1 -1 -1) (0.045971 s)
Zelikovsky- 0.139894 s
>>> get_solution
  refine_solution: new weight 13325024 (was 13325024) in 0.00025 s
>>> get_solution
  refine_solution: new weight 13327954 (was 13333109) in 0.000231 s
  refine_solution: new weight 13327954 (was 13327954) in 0.000233 s
21,,674,1060,16,,445,0,,13333109,13327954,13333109,13325024,13325024,,169205,2,@@

  handle_small_Steiner_degrees: steiner 0, suppress 2 in 4e-06 s
Starting round 22
Found 266 isolated vertices
Invalid ratios recomputed: 438
Best ratio is 382434/2 (191217.0), centered at 257
Finding the best star... Star with 3 terminals centered in 405
round took: 0.021036 s
|V| = 933, |E| = 1041, |R| = 14
>> 31237 (601: 370 373 370) (0.000155 s)
>> 0 (-1: -1 -1 -1) (0.000111 s)
Zelikovsky 0.044063 s
>> 31237 (601: 373 378 370) (0.044501 s)
>> 0 (-1: -1 -1 -1) (0.04395 s)
Zelikovsky- 0.08889 s
>>> get_solution
  refine_solution: new weight 13325024 (was 13325024) in 0.000244 s
>>> get_solution
  refine_solution: new weight 13325024 (was 13325024) in 0.000238 s
22,,667,1041,14,,438,0,,13325024,13325024,13325024,13325024,13325024,,382434,3,@@

  handle_small_Steiner_degrees: steiner 0, suppress 4 in 6e-06 s
Starting round 23
Found 283 isolated vertices
Invalid ratios recomputed: 421
Best ratio is 193272/1 (193272.0), centered at 361
Finding the best star... Star with 2 terminals centered in 375
round took: 0.016595 s
|V| = 933, |E| = 1034, |R| = 13
>> 17902 (601: 370 375 370) (0.000147 s)
>> 0 (-1: -1 -1 -1) (0.000107 s)
Zelikovsky 0.043085 s
>> 17902 (601: 375 378 370) (0.04359 s)
>> 0 (-1: -1 -1 -1) (0.043015 s)
Zelikovsky- 0.087044 s
>>> get_solution
  refine_solution: new weight 13311689 (was 13311689) in 0.000244 s
>>> get_solution
  refine_solution: new weight 13311689 (was 13311689) in 0.00023 s
23,,650,1034,13,,421,0,,13311689,13311689,13311689,13311689,13311689,,193272,2,@@

  handle_small_Steiner_degrees: steiner 0, suppress 0 in 1e-06 s
Starting round 24
Found 285 isolated vertices
Invalid ratios recomputed: 364
Best ratio is 203795/1 (203795.0), centered at 398
Finding the best star... Star with 2 terminals centered in 398
round took: 0.015979 s
|V| = 933, |E| = 1033, |R| = 12
>> 17902 (601: 370 375 370) (0.00014 s)
>> 0 (-1: -1 -1 -1) (0.000104 s)
Zelikovsky 0.04283 s
>> 17902 (601: 375 378 370) (0.043333 s)
>> 0 (-1: -1 -1 -1) (0.042854 s)
Zelikovsky- 0.086621 s
>>> get_solution
  refine_solution: new weight 13311689 (was 13311689) in 0.000244 s
>>> get_solution
  refine_solution: new weight 13311689 (was 13311689) in 0.00023 s
24,,648,1033,12,,364,0,,13311689,13311689,13311689,13311689,13311689,,203795,2,@@

  handle_small_Steiner_degrees: steiner 0, suppress 0 in 1e-06 s
Starting round 25
Found 286 isolated vertices
Invalid ratios recomputed: 321
Best ratio is 244439/1 (244439.0), centered at 150
Finding the best star... Star with 2 terminals centered in 378
round took: 0.012768 s
|V| = 933, |E| = 1019, |R| = 11
>> 17902 (601: 370 375 370) (0.000134 s)
>> 0 (-1: -1 -1 -1) (9.8e-05 s)
Zelikovsky 0.040866 s
>> 17902 (601: 375 378 370) (0.041436 s)
>> 0 (-1: -1 -1 -1) (0.040942 s)
Zelikovsky- 0.082807 s
>>> get_solution
  refine_solution: new weight 13311689 (was 13311689) in 0.000245 s
>>> get_solution
  refine_solution: new weight 13311689 (was 13311689) in 0.000237 s
25,,647,1019,11,,321,0,,13311689,13311689,13311689,13311689,13311689,,244439,2,@@

  handle_small_Steiner_degrees: steiner 0, suppress 7 in 9e-06 s
Starting round 26
Found 304 isolated vertices
Invalid ratios recomputed: 347
Best ratio is 258273/1 (258273.0), centered at 264
Finding the best star... Star with 2 terminals centered in 404
round took: 0.013044 s
|V| = 933, |E| = 999, |R| = 10
>> 17902 (601: 370 375 370) (0.000127 s)
>> 0 (-1: -1 -1 -1) (9.4e-05 s)
Zelikovsky 0.039186 s
>> 17902 (601: 375 378 370) (0.039683 s)
>> 0 (-1: -1 -1 -1) (0.039234 s)
Zelikovsky- 0.079338 s
>>> get_solution
  refine_solution: new weight 13311689 (was 13311689) in 0.000246 s
>>> get_solution
  refine_solution: new weight 13311689 (was 13311689) in 0.00023 s
26,,629,999,10,,347,0,,13311689,13311689,13311689,13311689,13311689,,258273,2,@@

  handle_small_Steiner_degrees: steiner 0, suppress 4 in 6e-06 s
Starting round 27
Found 313 isolated vertices
Invalid ratios recomputed: 469
Best ratio is 283058/1 (283058.0), centered at 378
Finding the best star... Star with 2 terminals centered in 399
round took: 0.018271 s
|V| = 933, |E| = 992, |R| = 9
>> 17902 (601: 370 375 370) (0.000123 s)
>> 0 (-1: -1 -1 -1) (9.3e-05 s)
Zelikovsky 0.038521 s
>> 17902 (601: 375 399 370) (0.039024 s)
>> 0 (-1: -1 -1 -1) (0.038619 s)
Zelikovsky- 0.078058 s
>>> get_solution
  refine_solution: new weight 13311689 (was 13311689) in 0.000246 s
>>> get_solution
  refine_solution: new weight 13311689 (was 13311689) in 0.00023 s
27,,620,992,9,,469,0,,13311689,13311689,13311689,13311689,13311689,,283058,2,@@

  handle_small_Steiner_degrees: steiner 0, suppress 1 in 2e-06 s
Starting round 28
Found 315 isolated vertices
Invalid ratios recomputed: 300
Best ratio is 301829/1 (301829.0), centered at 354
Finding the best star... Star with 2 terminals centered in 374
round took: 0.010269 s
|V| = 933, |E| = 987, |R| = 8
>> 17902 (601: 370 375 370) (0.000116 s)
>> 0 (-1: -1 -1 -1) (9e-05 s)
Zelikovsky 0.037958 s
>> 17902 (601: 375 399 370) (0.038455 s)
>> 0 (-1: -1 -1 -1) (0.038035 s)
Zelikovsky- 0.076904 s
>>> get_solution
  refine_solution: new weight 13311689 (was 13311689) in 0.000246 s
>>> get_solution
  refine_solution: new weight 13311689 (was 13311689) in 0.00023 s
28,,618,987,8,,300,0,,13311689,13311689,13311689,13311689,13311689,,301829,2,@@

  handle_small_Steiner_degrees: steiner 0, suppress 3 in 4e-06 s
Starting round 29
Found 320 isolated vertices
Invalid ratios recomputed: 456
Best ratio is 309379/1 (309379.0), centered at 372
Finding the best star... Star with 2 terminals centered in 374
round took: 0.01797 s
|V| = 933, |E| = 982, |R| = 7
>> 17902 (601: 370 375 370) (0.000112 s)
>> 0 (-1: -1 -1 -1) (8.8e-05 s)
Zelikovsky 0.037471 s
>> 17902 (601: 375 399 370) (0.037944 s)
>> 0 (-1: -1 -1 -1) (0.037564 s)
Zelikovsky- 0.075925 s
>>> get_solution
  refine_solution: new weight 13311689 (was 13311689) in 0.000247 s
>>> get_solution
  refine_solution: new weight 13311689 (was 13311689) in 0.000232 s
29,,613,982,7,,456,0,,13311689,13311689,13311689,13311689,13311689,,309379,2,@@

  handle_small_Steiner_degrees: steiner 0, suppress 0 in 1e-06 s
Starting round 30
Found 321 isolated vertices
Invalid ratios recomputed: 455
Best ratio is 349532/1 (349532.0), centered at 360
Finding the best star... Star with 2 terminals centered in 375
round took: 0.020235 s
|V| = 933, |E| = 972, |R| = 6
>> 0 (-1: -1 -1 -1) (0.000105 s)
Zelikovsky 0.035816 s
>> 0 (-1: -1 -1 -1) (0.036558 s)
Zelikovsky- 0.036894 s
>>> get_solution
  refine_solution: new weight 13311689 (was 13311689) in 0.000246 s
>>> get_solution
  refine_solution: new weight 13311689 (was 13311689) in 0.000231 s
30,,612,972,6,,455,0,,13311689,13311689,13311689,13311689,13311689,,349532,2,@@

  handle_small_Steiner_degrees: steiner 0, suppress 0 in 2e-06 s
Starting round 31
Found 330 isolated vertices
Invalid ratios recomputed: 353
Best ratio is 362810/1 (362810.0), centered at 397
Finding the best star... Star with 2 terminals centered in 397
round took: 0.013253 s
|V| = 933, |E| = 971, |R| = 5
>> 0 (-1: -1 -1 -1) (9.8e-05 s)
Zelikovsky 0.035745 s
>> 0 (-1: -1 -1 -1) (0.036495 s)
Zelikovsky- 0.036831 s
>>> get_solution
  refine_solution: new weight 13311689 (was 13311689) in 0.000245 s
>>> get_solution
  refine_solution: new weight 13311689 (was 13311689) in 0.00023 s
31,,603,971,5,,353,0,,13311689,13311689,13311689,13311689,13311689,,362810,2,@@

  handle_small_Steiner_degrees: steiner 0, suppress 0 in 2e-06 s
Starting round 32
Found 331 isolated vertices
Invalid ratios recomputed: 309
Best ratio is 371747/1 (371747.0), centered at 335
Finding the best star... Star with 2 terminals centered in 392
round took: 0.011099 s
|V| = 933, |E| = 965, |R| = 4
>> 0 (-1: -1 -1 -1) (9.6e-05 s)
Zelikovsky 0.035025 s
>> 0 (-1: -1 -1 -1) (0.035749 s)
Zelikovsky- 0.036071 s
>>> get_solution
  refine_solution: new weight 13311689 (was 13311689) in 0.000244 s
>>> get_solution
  refine_solution: new weight 13311689 (was 13311689) in 0.00023 s
32,,602,965,4,,309,0,,13311689,13311689,13311689,13311689,13311689,,371747,2,@@

  handle_small_Steiner_degrees: steiner 0, suppress 2 in 3e-06 s
Starting round 33
Found 337 isolated vertices
Invalid ratios recomputed: 303
Best ratio is 397381/1 (397381.0), centered at 350
Finding the best star... Star with 2 terminals centered in 374
round took: 0.016198 s
|V| = 933, |E| = 943, |R| = 3
>> 0 (-1: -1 -1 -1) (9e-05 s)
Zelikovsky 0.03333 s
>> 0 (-1: -1 -1 -1) (0.033841 s)
Zelikovsky- 0.034156 s
>>> get_solution
  refine_solution: new weight 13311689 (was 13311689) in 0.000245 s
>>> get_solution
  refine_solution: new weight 13311689 (was 13311689) in 0.00023 s
33,,596,943,3,,303,0,,13311689,13311689,13311689,13311689,13311689,,397381,2,@@

  handle_small_Steiner_degrees: steiner 1, suppress 1 in 3e-06 s
Starting round 34
Found 355 isolated vertices
Invalid ratios recomputed: 577
Best ratio is 653388/1 (653388.0), centered at 375
Finding the best star... Star with 2 terminals centered in 392
round took: 0.037738 s
|V| = 933, |E| = 934, |R| = 2
Zelikovsky 0.032095 s
Zelikovsky- 0.000296 s
>>> get_solution
  refine_solution: new weight 13311689 (was 13311689) in 0.000254 s
>>> get_solution
  refine_solution: new weight 13311689 (was 13311689) in 0.00023 s
34,,578,934,2,,577,0,,13311689,13311689,13311689,13311689,13311689,,653388,2,@@

  handle_small_Steiner_degrees: steiner 0, suppress 1 in 7e-06 s
Starting round 35
Found 362 isolated vertices
Invalid ratios recomputed: 571
Best ratio is 1027209/1 (1027209.0), centered at 32
Finding the best star... Star with 2 terminals centered in 374
round took: 0.044672 s
|V| = 933, |E| = 904, |R| = 1
Zelikovsky 0.029966 s
Zelikovsky- 0.000299 s
>>> get_solution
  refine_solution: new weight 13311689 (was 13311689) in 0.000252 s
>>> get_solution
  refine_solution: new weight 13311689 (was 13311689) in 0.00023 s
35,,571,904,1,,571,0,,13311689,13311689,13311689,13311689,13311689,,1027209,2,@@

  handle_small_Steiner_degrees: steiner 1, suppress 3 in 7e-06 s
contract_till_the_bitter_end: 15.9969 s

Calling end_heu
>>> get_solution
Saved weight 6934281
end_heu: 0 loops with 0 unique solutions in 6.6e-05 s

Calling print_solution
>>> get_solution
  refine_solution: new weight 13311689 (was 13311689) in 0.000549 s
## FINAL WEIGHT 13311689
print_solution: 0.001395 s
