Version: final-94-gfffc3aa rub_all.sh: remove longest prefix
Random seed: 1565516008
Start
>>> save_orig_graph
>> Saved weight 0
Graph loaded
|V| = 56024, |E| = 91399, |R| = 3017
First clearance of the input. Calling buy_zero and run_all_heuristics.
  buy_zero: 19 zero edges in 0.000405 s
  handle_small_terminal_degrees: terms 2 in 9.1e-05 s
  handle_small_Steiner_degrees: steiner 19, suppress 0 in 0.000137 s
  shortest_edge_between_terminals: 0 edges in 8.3e-05 s
  handle_small_terminal_degrees: terms 0 in 0.000103 s
  handle_small_Steiner_degrees: steiner 0, suppress 14 in 0.000137 s
  shortest_edge_between_terminals: 0 edges in 6.2e-05 s
  handle_small_terminal_degrees: terms 0 in 8.6e-05 s
  handle_small_Steiner_degrees: steiner 0, suppress 0 in 0.000126 s
  shortest_edge_between_terminals: 0 edges in 6.1e-05 s
Compressed graph 56024 -> 55969
  delete_edges: deleted 6206 edges in 0.186659 s and 23 rounds
  handle_small_terminal_degrees: terms 77 in 0.000146 s
  handle_small_Steiner_degrees: steiner 70, suppress 3493 in 0.001774 s
  shortest_edge_between_terminals: 0 edges in 8.9e-05 s
  handle_small_terminal_degrees: terms 7 in 9.1e-05 s
  handle_small_Steiner_degrees: steiner 0, suppress 41 in 0.000144 s
  shortest_edge_between_terminals: 0 edges in 6.3e-05 s
  handle_small_terminal_degrees: terms 0 in 8.5e-05 s
  handle_small_Steiner_degrees: steiner 0, suppress 0 in 0.00012 s
  shortest_edge_between_terminals: 0 edges in 6.3e-05 s
Compressed graph 55969 -> 52281
  delete_edges_shortest_path: deleted 9842 edges in 29.9404 s
  handle_small_terminal_degrees: terms 1820 in 0.001972 s
  handle_small_Steiner_degrees: steiner 1547, suppress 9153 in 0.005719 s
  shortest_edge_between_terminals: 11 edges in 0.00024 s
  handle_small_terminal_degrees: terms 551 in 0.000608 s
  handle_small_Steiner_degrees: steiner 5, suppress 237 in 0.000265 s
  shortest_edge_between_terminals: 15 edges in 0.000117 s
  handle_small_terminal_degrees: terms 6 in 6.6e-05 s
  handle_small_Steiner_degrees: steiner 0, suppress 17 in 0.000107 s
  shortest_edge_between_terminals: 0 edges in 7.9e-05 s
  handle_small_terminal_degrees: terms 1 in 7.5e-05 s
  handle_small_Steiner_degrees: steiner 0, suppress 2 in 9.3e-05 s
  shortest_edge_between_terminals: 0 edges in 9e-05 s
  handle_small_terminal_degrees: terms 0 in 6.2e-05 s
  handle_small_Steiner_degrees: steiner 0, suppress 4 in 9.5e-05 s
  shortest_edge_between_terminals: 0 edges in 7.9e-05 s
  handle_small_terminal_degrees: terms 0 in 5.9e-05 s
  handle_small_Steiner_degrees: steiner 0, suppress 4 in 8.6e-05 s
  shortest_edge_between_terminals: 0 edges in 8.7e-05 s
  handle_small_terminal_degrees: terms 0 in 6.2e-05 s
  handle_small_Steiner_degrees: steiner 0, suppress 0 in 9e-05 s
  shortest_edge_between_terminals: 0 edges in 7.8e-05 s
Compressed graph 52281 -> 38916
  handle_small_terminal_degrees: terms 0 in 3e-05 s
  handle_small_Steiner_degrees: steiner 0, suppress 61 in 0.000107 s
  shortest_edge_between_terminals: 72 edges in 0.000332 s
  handle_small_terminal_degrees: terms 0 in 3e-05 s
  handle_small_Steiner_degrees: steiner 0, suppress 10 in 6.4e-05 s
  shortest_edge_between_terminals: 1 edges in 6.3e-05 s
  handle_small_terminal_degrees: terms 0 in 2.9e-05 s
  handle_small_Steiner_degrees: steiner 0, suppress 2 in 5.9e-05 s
  shortest_edge_between_terminals: 0 edges in 5.9e-05 s
  handle_small_terminal_degrees: terms 0 in 2.9e-05 s
  handle_small_Steiner_degrees: steiner 0, suppress 0 in 5.7e-05 s
  shortest_edge_between_terminals: 0 edges in 5.8e-05 s
Compressed graph 38916 -> 38194
  delete_edges_shortest_path: deleted 2310 edges in 4.65719 s
  handle_small_terminal_degrees: terms 138 in 0.000154 s
  handle_small_Steiner_degrees: steiner 85, suppress 3611 in 0.001639 s
  shortest_edge_between_terminals: 14 edges in 0.00017 s
  handle_small_terminal_degrees: terms 6 in 3.3e-05 s
  handle_small_Steiner_degrees: steiner 1, suppress 64 in 7.8e-05 s
  shortest_edge_between_terminals: 0 edges in 6.1e-05 s
  handle_small_terminal_degrees: terms 0 in 2.9e-05 s
  handle_small_Steiner_degrees: steiner 0, suppress 2 in 5.4e-05 s
  shortest_edge_between_terminals: 0 edges in 5.9e-05 s
  handle_small_terminal_degrees: terms 0 in 3e-05 s
  handle_small_Steiner_degrees: steiner 0, suppress 3 in 5.3e-05 s
  shortest_edge_between_terminals: 0 edges in 5.7e-05 s
  handle_small_terminal_degrees: terms 0 in 2.9e-05 s
  handle_small_Steiner_degrees: steiner 0, suppress 0 in 5.2e-05 s
  shortest_edge_between_terminals: 0 edges in 5.6e-05 s
Compressed graph 38194 -> 34270
Compressed graph 34270 -> 34270
>>> save_orig_graph
>> Saved weight 559189468
### ZEL_LVL=9 PRECISE_STARS=1

Calling `contract_till_the_bitter_end`
|V| = 34270, |E| = 50725, |R| = 2903
>> 34981 (394: 8283 8307 8283) (86.1895 s)
>> 27471 (18389: 8132 8204 8132) (86.5919 s)
>> 16349 (4865: 10070 10086 10070) (86.7287 s)
>> 14651 (1506: 8740 8774 8740) (86.76 s)
>> 12855 (19216: 10274 10649 10274) (86.7391 s)
>> 10490 (3044: 11481 11482 11481) (86.7415 s)
>> 9963 (7127: 8714 8718 8714) (86.6432 s)
>> 9778 (4055: 10762 10860 10762) (86.6858 s)
>> 9161 (3059: 11473 11474 11473) (86.5278 s)
>> 8893 (7506: 8362 8411 8362) (86.7287 s)
>> 8634 (3398: 11258 11268 11258) (86.7987 s)
>> 8395 (30744: 8862 8935 8862) (86.486 s)
>> 10842 (19150: 8762 8828 8762) (86.5715 s)
>> 8037 (7795: 8215 8250 8215) (86.5364 s)
>> 7757 (17419: 10533 10561 10533) (86.787 s)
>> 7508 (4631: 10355 10364 10355) (87.8396 s)
>> 7493 (6340: 9192 9209 9192) (87.6968 s)
>> 7046 (18834: 9901 9925 9901) (87.7106 s)
>> 6782 (3065: 11454 11466 11454) (87.7237 s)
>> 6503 (16020: 10474 10497 10474) (87.8889 s)
>> 6197 (6788: 8957 8981 8957) (87.9178 s)
>> 6008 (6550: 9090 9140 9090) (87.742 s)
>> 5806 (27131: 9175 9210 9175) (87.6655 s)
>> 5771 (12924: 9078 9101 9078) (87.7494 s)
>> 5641 (22081: 9883 9915 9883) (88.076 s)
>> 5615 (22062: 8253 8261 8253) (87.8346 s)
>> 5540 (8807: 8795 8805 8795) (88.1408 s)
>> 5490 (27803: 9145 9150 9145) (87.866 s)
>> 5479 (1846: 9979 10037 9979) (88.304 s)
>> 5352 (23965: 10036 10201 10036) (88.1554 s)
>> 5234 (10009: 9998 10008 9998) (88.119 s)
>> 5202 (11617: 8615 8638 8615) (88.0235 s)
>> 5158 (9943: 9941 9969 9941) (88.2826 s)
>> 5037 (3948: 10845 10928 10845) (87.9735 s)
>> 4992 (24563: 9054 9079 9054) (88.1797 s)
>> 4909 (3461: 11216 11223 11216) (88.2774 s)
>> 4905 (12435: 8830 8832 8830) (88.2214 s)
>> 4820 (15932: 10754 10806 10754) (88.4495 s)
>> 4732 (6501: 9112 9126 9112) (88.1565 s)
>> 4701 (32152: 10594 10609 10594) (88.377 s)
>> 4686 (4944: 9959 9985 9959) (88.1747 s)
>> 4684 (18342: 11090 11135 11090) (88.487 s)
>> 4669 (9737: 9705 9736 9705) (88.0012 s)
>> 4669 (20114: 10343 10468 10343) (88.2143 s)
>> 4652 (24140: 9803 9854 9803) (88.1945 s)
>> 4537 (9919: 9918 9964 9918) (88.2838 s)
>> 4521 (25852: 10698 10761 10698) (88.3236 s)
>> 4459 (1409: 11152 11208 11152) (88.1564 s)
>> 4454 (17477: 10535 10551 10535) (88.1982 s)
>> 4777 (17085: 10425 10523 10425) (88.3347 s)
>> 4442 (6466: 9143 9146 9143) (88.3149 s)
>> 4404 (7765: 8269 8273 8269) (88.6449 s)
>> 4385 (7780: 8265 8266 8265) (88.584 s)
>> 4370 (7181: 8578 8584 8578) (89.4485 s)
>> 4326 (3806: 10943 11019 10943) (89.4437 s)
>> 4255 (8712: 8697 8710 8697) (89.4304 s)
>> 4205 (3242: 11341 11349 11341) (89.0552 s)
>> 4194 (6209: 9317 9327 9317) (89.2086 s)
>> 4183 (20309: 11109 11142 11109) (89.3793 s)
>> 4149 (4759: 10187 10197 10187) (89.2455 s)
>> 4142 (31506: 10856 10881 10856) (89.0989 s)
>> 4135 (11898: 8496 8464 8496) (89.2128 s)
>> 4133 (12305: 8799 8800 8799) (89.0173 s)
>> 4702 (1515: 8867 8870 8867) (89.5097 s)
>> 4090 (9972: 9954 9971 9954) (89.4382 s)
>> 4047 (33782: 9323 9364 9323) (89.3012 s)
>> 4013 (19023: 8558 8575 8558) (89.1586 s)
>> 3962 (6308: 9231 9233 9231) (89.0844 s)
>> 3927 (32568: 9301 9313 9301) (89.5576 s)
>> 3916 (32540: 9390 9400 9390) (89.3138 s)
>> 3911 (4730: 10199 10205 10199) (89.2575 s)
>> 3907 (1269: 9291 9292 9291) (89.5929 s)
>> 3895 (3183: 11377 11387 11377) (89.3291 s)
>> 3879 (8835: 8815 8834 8815) (89.3876 s)
>> 3860 (19808: 10511 10528 10511) (89.345 s)
>> 3821 (12766: 8846 8857 8846) (89.5861 s)
>> 3812 (12214: 8181 8184 8181) (89.5378 s)
>> 3767 (29270: 9082 9084 9082) (89.5562 s)
>> 3759 (6199: 9319 9325 9319) (89.4994 s)
>> 3752 (10358: 10357 10393 10357) (89.3664 s)
>> 3719 (25492: 8602 8629 8602) (89.576 s)
>> 3684 (12205: 8907 8945 8907) (89.5681 s)
>> 3644 (27587: 10256 10266 10256) (89.6163 s)
>> 3634 (2145: 9108 9120 9108) (89.621 s)
>> 3611 (17328: 10180 17831 10180) (95.0015 s)
>> 3566 (19538: 10405 10434 10405) (94.3786 s)
>> 4030 (16486: 10241 10248 10241) (94.6667 s)
>> 3560 (16993: 8752 8770 8752) (95.135 s)
>> 3548 (5859: 9474 9483 9474) (94.4592 s)
>> 3534 (25323: 8898 8902 8898) (94.4342 s)
>> 3486 (1585: 10030 10035 10030) (94.7787 s)
>> 3460 (25535: 8570 8607 8570) (94.3704 s)
>> 3459 (29360: 8591 8600 8591) (94.5375 s)
>> 3431 (11920: 8053 8065 8053) (95.0858 s)
>> 3423 (6192: 9324 9326 9324) (94.6539 s)
>> 3397 (23702: 10006 10021 10006) (94.722 s)
>> 3383 (32684: 8974 8986 8974) (94.8023 s)
>> 3381 (5520: 9617 9638 9617) (94.7385 s)
>> 3332 (22485: 10049 10058 10049) (94.6749 s)
>> 3325 (30432: 10558 10629 10558) (94.7735 s)
>> 3300 (4918: 10003 10041 10003) (94.4914 s)
>> 3288 (3433: 11228 11256 11228) (94.7903 s)
>> 3250 (6279: 9262 9265 9262) (94.9218 s)
>> 3211 (24684: 8773 8776 8773) (94.4327 s)
>> 3204 (29258: 8151 8154 8151) (94.6821 s)
>> 3201 (27413: 10581 10596 10581) (95.0536 s)
>> 3172 (29396: 10677 10711 10677) (95.4621 s)
>> 3169 (26635: 9653 9668 9653) (94.6597 s)
>> 3153 (6622: 9045 9062 9045) (95.0979 s)
>> 3141 (30880: 10275 10318 10275) (95.1749 s)
>> 3114 (4845: 10081 10121 10081) (94.8322 s)
>> 3092 (32294: 9829 9838 9829) (95.0044 s)
>> 3088 (7756: 8270 8274 8270) (95.3031 s)
>> 3079 (10547: 10545 10573 10545) (94.8575 s)
>> 3063 (8704: 8693 8702 8693) (94.8256 s)
>> 3051 (6288: 9238 9264 9238) (95.3707 s)
>> 3048 (27267: 8756 8767 8756) (94.7969 s)
>> 3031 (6875: 8900 8928 8900) (95.0882 s)
>> 3003 (17511: 9423 9440 9423) (95.0892 s)
>> 2996 (9895: 9889 9894 9889) (95.0052 s)
>> 3532 (24143: 9945 9990 9945) (95.097 s)
>> 2994 (25078: 8677 8680 8677) (95.4526 s)
>> 2951 (3756: 11020 11063 11020) (95.0101 s)
>> 2949 (3246: 11329 11336 11329) (95.1935 s)
>> 2936 (10397: 10370 10395 10370) (95.0896 s)
>> 2923 (7680: 8322 8323 8322) (95.1714 s)
>> 2916 (3206: 11371 11383 11371) (95.2993 s)
>> 3277 (11355: 11340 11354 11340) (94.9524 s)
>> 2915 (24587: 9179 9180 9179) (95.6366 s)
>> 2913 (6218: 9275 9311 9275) (95.0132 s)
>> 2911 (6775: 8975 8993 8975) (95.0202 s)
>> 2897 (3084: 11440 11447 11440) (95.2868 s)
>> 2892 (7155: 8655 8672 8655) (95.2696 s)
>> 2892 (30359: 10466 10538 10466) (95.0486 s)
>> 2887 (27476: 8583 8604 8583) (95.1882 s)
>> 2887 (8426: 8396 8424 8396) (95.0038 s)
>> 2880 (28953: 11067 11091 11067) (95.6571 s)
>> 2877 (5122: 9810 9827 9810) (95.3377 s)
>> 2867 (10464: 10462 10471 10462) (95.1545 s)
>> 2845 (32784: 8500 8501 8500) (95.2013 s)
>> 2843 (29079: 8968 8971 8968) (95.3744 s)
>> 2826 (6255: 9266 9279 9266) (95.068 s)
>> 2816 (25996: 11245 11257 11245) (95.0018 s)
>> 2792 (26636: 9648 9642 9648) (95.4615 s)
>> 2770 (29122: 11297 11298 11297) (95.2613 s)
>> 2764 (8746: 8741 8744 8741) (95.1906 s)
>> 2761 (22707: 8084 8085 8084) (95.6089 s)
>> 2750 (11023: 10996 11021 10996) (95.5643 s)
>> 2743 (23189: 9046 9071 9046) (95.4304 s)
>> 2725 (24533: 11314 11345 11314) (95.435 s)
>> 2721 (17574: 10552 10591 10552) (95.6451 s)
>> 2710 (22501: 8417 8434 8417) (95.4929 s)
>> 2703 (25787: 8871 8877 8871) (95.4642 s)
>> 2702 (5995: 9388 9403 9388) (95.7867 s)
>> 2694 (11650: 9216 9219 9216) (95.6195 s)
>> 2678 (3667: 11119 11155 11119) (95.5405 s)
>> 2890 (20097: 11159 150 11159) (95.8457 s)
>> 2672 (29710: 10043 9989 10043) (95.5073 s)
>> 2672 (19447: 9060 6805 9060) (95.7372 s)
>> 2652 (18095: 9118 9137 9118) (95.8144 s)
>> 4319 (33847: 9160 9183 9160) (95.65 s)
>> 3104 (24482: 9119 9123 9119) (95.2468 s)
>> 2640 (28599: 8091 8104 8091) (95.8829 s)
>> 2640 (28855: 9770 9792 9770) (95.6897 s)
>> 2636 (32627: 9117 9128 9117) (95.5168 s)
>> 2631 (23090: 10209 10181 10209) (95.5416 s)
>> 2629 (30234: 9795 9834 9795) (96.1594 s)
>> 2624 (12156: 9604 9636 9604) (95.7378 s)
>> 2617 (30945: 11270 11275 11270) (95.879 s)
>> 2611 (30274: 10349 10399 10349) (95.8598 s)
>> 2605 (5886: 9453 9458 9453) (95.464 s)
>> 2599 (27331: 8736 22317 8736) (96.0114 s)
>> 2579 (19660: 11189 11250 11189) (96.2157 s)
>> 2555 (29206: 8705 8685 8705) (95.6263 s)
>> 2553 (20264: 9158 9173 9158) (95.7614 s)
>> 2548 (27000: 9332 9349 9332) (95.7863 s)
>> 2543 (25607: 9510 9512 9510) (95.4788 s)
>> 2524 (29426: 9075 9091 9075) (95.4846 s)
>> 2520 (6496: 9115 9127 9115) (96.1524 s)
>> 2508 (4894: 9997 10033 9997) (95.5339 s)
>> 2502 (2147: 10790 10908 10790) (95.7421 s)
>> 2473 (6222: 9306 9309 9306) (95.7418 s)
>> 2472 (11533: 9058 9065 9058) (95.6137 s)
>> 2614 (11531: 9034 9037 9034) (95.6659 s)
>> 2452 (22802: 8543 8585 8543) (95.7638 s)
>> 2446 (25755: 9157 9171 9157) (95.9883 s)
>> 2444 (8345: 8344 8348 8344) (96.0629 s)
>> 2443 (26396: 9419 9426 9419) (96.2023 s)
>> 2443 (24627: 10714 10733 10714) (95.6916 s)
>> 2441 (24433: 8642 8661 8642) (95.7672 s)
>> 2437 (4664: 10287 10354 10287) (96.2158 s)
>> 2425 (23985: 8840 8855 8840) (95.9342 s)
>> 2423 (6648: 9027 9055 9027) (96.221 s)
>> 2411 (31538: 8625 8628 8625) (96.3506 s)
>> 2405 (23182: 9074 9081 9074) (96.5655 s)
>> 2387 (12476: 8078 8079 8078) (96.0764 s)
>> 2379 (31587: 9526 9541 9526) (96.3109 s)
>> 2376 (542: 9293 9337 9293) (96.5033 s)
>> 2376 (25298: 8452 8488 8452) (96.3506 s)
>> 2372 (3719: 11084 11085 11084) (96.253 s)
>> 2367 (11586: 8157 8165 8157) (96.5528 s)
>> 2361 (30082: 10724 10773 10724) (96.3563 s)
>> 2350 (22181: 8890 8914 8890) (97.0042 s)
>> 2347 (21509: 9136 9172 9136) (96.4514 s)
>> 2337 (11579: 8172 8173 8172) (96.4156 s)
>> 2336 (28730: 11443 19923 11443) (96.3113 s)
>> 2328 (23911: 10408 10456 10408) (96.6784 s)
>> 2327 (8170: 8168 8174 8168) (96.3824 s)
>> 2327 (24220: 9562 9572 9562) (96.5079 s)
>> 2321 (3930: 10944 10977 10944) (96.7857 s)
>> 2313 (23780: 10338 10347 10338) (96.6324 s)
>> 2298 (30165: 9184 9236 9184) (96.462 s)
>> 2293 (11827: 8090 8133 8090) (96.5199 s)
>> 2749 (7944: 8142 8150 8142) (96.6523 s)
>> 2291 (11889: 8530 8540 8530) (96.959 s)
>> 2287 (4372: 10569 10578 10569) (97.2761 s)
>> 2287 (10154: 10153 10200 10153) (96.6023 s)
>> 2280 (5078: 9826 9874 9826) (97.0065 s)
>> 2270 (26702: 8662 8664 8662) (96.851 s)
>> 2261 (21493: 8060 8062 8060) (97.054 s)
>> 2249 (23797: 8934 8956 8934) (96.8604 s)
>> 2228 (7824: 8239 8240 8239) (97.077 s)
>> 2228 (30518: 11212 11236 11212) (97.3529 s)
>> 2221 (882: 11319 11339 11319) (97.024 s)
>> 2220 (12637: 8643 8692 8643) (97.0278 s)
>> 2215 (10757: 10696 10755 10696) (97.4473 s)
>> 2207 (19475: 11470 11477 11470) (96.9202 s)
>> 2204 (23602: 9141 9169 9141) (97.3795 s)
>> 2454 (6462: 9144 9156 9144) (97.3763 s)
>> 3451 (26390: 9135 9149 9135) (96.7662 s)
>> 2199 (17115: 11374 11381 11374) (96.7276 s)
>> 2194 (11726: 8863 8866 8863) (97.2615 s)
>> 2194 (19303: 10451 10470 10451) (97.1073 s)
>> 2171 (4880: 10007 10060 10007) (97.0118 s)
>> 2171 (27826: 11388 11418 11388) (97.2352 s)
>> 2170 (11902: 8055 8103 8055) (97.0034 s)
>> 2743 (17982: 8066 8071 8066) (97.1055 s)
>> 2161 (12373: 8567 8592 8567) (97.4409 s)
>> 2156 (25542: 10291 10317 10291) (97.9592 s)
>> 2149 (827: 9567 9577 9567) (98.063 s)
>> 2149 (10970: 10960 10968 10960) (98.2103 s)
>> 2134 (560: 10959 12071 10959) (97.7771 s)
>> 2132 (985: 9428 9442 9428) (97.8375 s)
>> 2124 (16466: 10487 10500 10487) (97.8084 s)
>> 2118 (31431: 10896 10905 10896) (97.6481 s)
>> 2102 (10303: 10297 10300 10297) (97.5645 s)
>> 2099 (12756: 8632 8649 8632) (97.8954 s)
>> 2098 (30123: 10124 10144 10124) (97.6387 s)
>> 2096 (31069: 8917 8919 8917) (97.9931 s)
>> 2528 (30473: 8933 8937 8933) (98.0914 s)
>> 2096 (19836: 11248 11283 11248) (98.312 s)
>> 2092 (27310: 11209 3498 11209) (97.9718 s)
>> 2081 (28584: 8314 8319 8314) (98.2552 s)
>> 2079 (25639: 10974 11015 10974) (97.6898 s)
>> 2214 (28328: 10921 10929 10921) (97.7993 s)
>> 2077 (25024: 9753 9754 9753) (97.8922 s)
>> 2065 (27406: 10004 10028 10004) (97.8344 s)
>> 2056 (34162: 8343 8347 8343) (97.8288 s)
>> 2054 (6762: 8988 8995 8988) (98.1719 s)
>> 2113 (1138: 8990 9009 8990) (98.0217 s)
>> 2047 (26411: 9187 9204 9187) (98.2591 s)
>> 2398 (18207: 9205 9218 9205) (98.1924 s)
>> 2036 (1962: 8421 8429 8421) (97.9978 s)
>> 2031 (6668: 9026 9035 9026) (98.2189 s)
>> 2029 (11326: 11311 11324 11311) (98.4562 s)
>> 2028 (29044: 10809 10820 10809) (98.8507 s)
>> 2002 (22510: 9330 9350 9330) (98.5454 s)
>> 2002 (20126: 8608 8617 8608) (98.3177 s)
>> 1997 (24228: 9931 9958 9931) (98.3495 s)
>> 1991 (24371: 10383 10398 10383) (98.3953 s)
>> 1983 (11512: 9088 9102 9088) (98.4086 s)
>> 3929 (6546: 9099 9109 9099) (98.9358 s)
>> 1968 (25281: 9331 9356 9331) (98.5231 s)
>> 1967 (22109: 8660 8644 8660) (98.2791 s)
>> 1958 (26907: 8689 8709 8689) (98.502 s)
>> 1952 (10543: 10478 10542 10478) (98.249 s)
>> 1952 (11640: 9298 9305 9298) (98.2395 s)
>> 1934 (7356: 8461 23789 8461) (98.6697 s)
>> 1931 (7254: 8505 8518 8505) (98.2478 s)
>> 1930 (5825: 9488 9498 9488) (98.4843 s)
>> 1925 (12889: 8202 8203 8202) (98.7581 s)
>> 1925 (23249: 10669 10697 10669) (98.4616 s)
>> 1923 (23191: 10642 10663 10642) (98.588 s)
>> 3373 (20087: 10831 10842 10831) (98.8003 s)
>> 1909 (26021: 10562 10599 10562) (98.3495 s)
>> 1909 (23900: 10276 10344 10276) (98.3138 s)
>> 1902 (1098: 11376 11398 11376) (98.539 s)
>> 1897 (7273: 8507 8512 8507) (98.6323 s)
>> 1896 (10223: 10222 10231 10222) (98.2346 s)
>> 1895 (6176: 9320 9329 9320) (98.4884 s)
>> 1890 (28687: 11397 11423 11397) (98.2959 s)
>> 1880 (19961: 8363 8367 8363) (98.2816 s)
>> 1868 (29057: 8868 8876 8868) (98.61 s)
>> 1862 (26922: 11170 29699 11170) (98.3329 s)
>> 1857 (22872: 9229 9237 9229) (98.4595 s)
>> 1857 (5556: 9619 9624 9619) (98.6239 s)
>> 1857 (5217: 9777 9801 9777) (98.4559 s)
>> 1856 (1026: 10961 10966 10961) (98.5765 s)
>> 1851 (10014: 10012 10056 10012) (98.6055 s)
>> 1833 (5629: 9582 9589 9582) (98.1718 s)
>> 1831 (32809: 8438 8445 8438) (98.1835 s)
>> 1825 (23007: 11414 11417 11414) (98.5853 s)
>> 1822 (5112: 9796 9825 9796) (98.4166 s)
>> 1929 (24311: 9766 9781 9766) (98.1053 s)
>> 1822 (1597: 10427 10480 10427) (98.5493 s)
>> 1816 (1172: 9340 9362 9340) (98.1546 s)
>> 1815 (24126: 8076 8108 8076) (98.3809 s)
>> 1810 (7036: 8798 8801 8798) (98.7157 s)
>> 1805 (12864: 8064 8068 8064) (98.5884 s)
>> 1798 (28488: 11174 11194 11174) (98.3667 s)
>> 1796 (18746: 8350 8353 8350) (98.5992 s)
>> 1792 (18117: 9094 9105 9094) (98.5942 s)
>> 1791 (27308: 10652 10683 10652) (98.5724 s)
>> 1790 (25647: 8316 8321 8316) (98.5484 s)
>> 1777 (23854: 9601 9616 9601) (98.7526 s)
>> 1776 (25850: 9436 9443 9436) (98.6188 s)
>> 1896 (26132: 9446 9450 9446) (98.5582 s)
>> 1928 (17356: 9459 9469 9459) (98.5856 s)
>> 1774 (5867: 9444 9471 9444) (98.5263 s)
>> 2855 (27515: 9439 9456 9439) (98.9671 s)
>> 1769 (5653: 9566 9578 9566) (98.6856 s)
>> 1758 (29857: 9563 9576 9563) (98.5505 s)
>> 1757 (22647: 9500 9528 9500) (98.7364 s)
>> 1757 (24175: 11010 11033 11010) (98.4834 s)
>> 1756 (29186: 10280 10292 10280) (98.5006 s)
>> 1756 (4566: 10416 10430 10416) (98.3104 s)
>> 1754 (28536: 8597 8626 8597) (98.5332 s)
>> 1749 (28828: 8279 8282 8279) (98.4509 s)
>> 1749 (29946: 10469 10477 10469) (98.5881 s)
>> 1745 (10170: 10168 10171 10168) (98.4718 s)
>> 1742 (23827: 8260 8262 8260) (98.2949 s)
>> 1742 (5930: 9420 9429 9420) (98.5586 s)
>> 1742 (24734: 10736 10725 10736) (98.6151 s)
>> 1739 (18157: 9230 9252 9230) (98.4644 s)
>> 1727 (28498: 11025 11046 11025) (98.6696 s)
>> 1727 (26795: 10011 10042 10011) (98.5638 s)
>> 1720 (24845: 10122 10048 10122) (98.6962 s)
>> 2192 (22980: 10029 10063 10029) (98.5717 s)
>> 1750 (26799: 10117 10123 10117) (98.8129 s)
>> 1719 (4702: 10220 10244 10220) (98.4143 s)
>> 1717 (11944: 8534 8537 8534) (98.4471 s)
>> 1710 (26534: 8930 8946 8930) (98.6626 s)
>> 1704 (4202: 10638 10710 10638) (98.3607 s)
>> 1701 (15553: 10689 10709 10689) (98.3701 s)
>> 1697 (30192: 10505 10509 10505) (98.719 s)
>> 1693 (34245: 8193 8194 8193) (98.6134 s)
>> 1690 (5244: 9768 9785 9768) (98.3738 s)
>> 1687 (23256: 9333 9351 9333) (99.0448 s)
>> 1681 (18056: 9659 9727 9659) (98.7427 s)
>> 2342 (30590: 9627 9644 9627) (98.5863 s)
>> 1680 (473: 10621 10668 10621) (98.91 s)
>> 1673 (19310: 8676 8696 8676) (98.5556 s)
>> 1671 (17589: 10879 10904 10879) (98.4579 s)
>> 1671 (29994: 10993 11030 10993) (98.9602 s)
>> 1670 (30061: 9435 9489 9435) (98.669 s)
>> 1662 (26203: 11130 11131 11130) (98.4239 s)
>> 1661 (24031: 11162 11200 11162) (98.8411 s)
>> 1660 (25040: 10267 10332 10267) (98.5784 s)
>> 1650 (6371: 9193 9196 9193) (98.6659 s)
>> 1648 (4938: 9992 9996 9992) (98.7695 s)
>> 1646 (6948: 8884 8893 8884) (98.6603 s)
>> 1642 (32435: 9560 9565 9560) (98.3745 s)
>> 1640 (31757: 9700 9719 9700) (98.6999 s)
>> 1625 (5785: 9494 9502 9494) (98.5909 s)
>> 1621 (29106: 9318 9328 9318) (98.4455 s)
>> 1961 (24270: 9341 9358 9341) (98.5964 s)
>> 1617 (32035: 10965 10992 10965) (98.437 s)
>> 1616 (13228: 8827 8831 8827) (98.3519 s)
>> 1602 (7731: 8311 8312 8311) (99.782 s)
>> 1596 (28038: 8054 8059 8054) (99.6926 s)
>> 1590 (23595: 8298 8299 8298) (99.4947 s)
>> 1586 (28582: 11013 11029 11013) (99.5838 s)
>> 1578 (27357: 8185 8190 8185) (99.5692 s)
>> 1578 (34007: 8750 8760 8750) (99.8016 s)
>> 1578 (22389: 10327 10361 10327) (100.195 s)
>> 1623 (31617: 10431 10472 10431) (100.012 s)
>> 1689 (4509: 10460 10486 10460) (99.7404 s)
>> 1607 (28148: 10245 10391 10245) (99.8896 s)
>> 1574 (10115: 10099 10113 10099) (99.8413 s)
>> 1569 (28790: 9632 9634 9632) (99.9007 s)
>> 1565 (23822: 9504 9533 9504) (100.077 s)
>> 1565 (32982: 11434 11446 11434) (99.8771 s)
>> 1549 (30409: 10322 10436 10322) (99.7583 s)
>> 1546 (7804: 8245 8246 8245) (99.8359 s)
>> 1543 (30850: 9348 9357 9348) (99.9677 s)
>> 1533 (26406: 10975 10985 10975) (99.7621 s)
>> 1746 (28979: 10916 10982 10916) (100.106 s)
>> 1533 (2028: 9633 9675 9633) (99.7349 s)
>> 1531 (29456: 9681 9726 9681) (99.5555 s)
>> 1531 (3720: 11108 11156 11108) (99.6324 s)
>> 1528 (31415: 9360 9373 9360) (99.6646 s)
>> 2527 (16959: 9353 9379 9353) (99.638 s)
>> 1525 (29886: 8999 9011 8999) (99.759 s)
>> 1637 (30631: 9012 9033 9012) (99.7209 s)
>> 1680 (22640: 9019 9025 9019) (99.5328 s)
>> 1523 (31742: 11035 11076 11035) (99.8523 s)
>> 2258 (22268: 11051 11083 11051) (99.7009 s)
>> 1522 (18019: 10564 10602 10564) (99.65 s)
>> 1519 (12031: 8520 8527 8520) (99.7485 s)
>> 1515 (18830: 9978 9983 9978) (99.7111 s)
>> 1512 (25195: 9846 9851 9846) (99.8127 s)
>> 1507 (27565: 9628 9645 9628) (99.836 s)
>> 1744 (28889: 33629 23769 33629) (99.6957 s)
>> 1504 (30444: 9706 9743 9706) (99.4792 s)
>> 1503 (7143: 8688 8708 8688) (99.8112 s)
>> 1494 (5011: 9887 9911 9887) (99.4921 s)
>> 1491 (12838: 8658 8686 8658) (99.2997 s)
>> 1490 (30991: 8716 8728 8716) (99.2953 s)
>> 1523 (20137: 8730 8739 8730) (99.5635 s)
>> 1489 (1950: 8083 8087 8083) (99.5149 s)
>> 1487 (5990: 9402 9407 9402) (99.9033 s)
>> 1485 (7978: 8086 8095 8086) (99.7325 s)
>> 1762 (28448: 8057 8058 8057) (99.8522 s)
>> 1485 (18392: 9481 9506 9481) (100.08 s)
>> 1482 (5306: 9725 9759 9725) (99.8248 s)
>> 1481 (4178: 10665 10745 10665) (99.6854 s)
>> 1479 (17729: 11227 11274 11227) (99.9977 s)
>> 1642 (11295: 11278 11293 11278) (99.6709 s)
>> 1479 (29824: 11317 11323 11317) (99.6426 s)
>> 1473 (31971: 11133 11153 11133) (99.4855 s)
>> 1472 (33208: 10858 10888 10858) (99.6331 s)
>> 1468 (32718: 8889 8899 8889) (99.5664 s)
>> 1465 (17702: 11279 11315 11279) (99.6521 s)
>> 1461 (27601: 10630 10651 10630) (99.6762 s)
>> 1523 (30089: 10690 10718 10690) (99.6867 s)
>> 2248 (27825: 10515 10590 10515) (99.5506 s)
>> 1458 (16944: 10719 10801 10719) (99.5806 s)
>> 1452 (26419: 11202 11241 11202) (99.6202 s)
>> 1450 (7409: 8431 8439 8431) (99.9021 s)
>> 1449 (5141: 9819 9828 9819) (99.6007 s)
>> 1436 (6604: 9044 9069 9044) (99.5768 s)
>> 1436 (26385: 10844 10877 10844) (99.61 s)
>> 1431 (23348: 8820 8869 8820) (99.5146 s)
>> 1428 (29828: 11176 11198 11176) (99.6456 s)
>> 1419 (17970: 9288 9299 9288) (99.499 s)
>> 1418 (24698: 9657 9669 9657) (99.5296 s)
>> 1518 (25192: 9693 9741 9693) (99.6753 s)
>> 1418 (8293: 8292 8295 8292) (100.054 s)
>> 3039 (12190: 8286 8287 8286) (99.745 s)
>> 1415 (30603: 8753 8761 8753) (99.5809 s)
>> 1409 (30347: 10237 10268 10237) (99.6706 s)
>> 1404 (26818: 10306 10321 10306) (99.5561 s)
>> 1402 (17080: 11337 11353 11337) (99.4939 s)
>> 1400 (30860: 10608 10639 10608) (99.8954 s)
>> 1400 (10098: 10096 10068 10096) (99.2557 s)
>> 1399 (26134: 8423 8437 8423) (99.5287 s)
>> 1399 (31579: 10337 10230 10337) (99.5697 s)
>> 1396 (5043: 9888 9908 9888) (99.3668 s)
>> 1393 (21934: 9354 9375 9354) (100.101 s)
>> 1392 (29409: 8502 8508 8502) (99.7808 s)
>> 1452 (12026: 8484 8493 8484) (99.5704 s)
>> 1390 (26445: 9468 9477 9468) (99.6531 s)
>> 1388 (3595: 11158 11164 11158) (99.6493 s)
>> 1383 (28589: 9748 9762 9748) (99.5819 s)
>> 1380 (14950: 9862 9904 9862) (99.6523 s)
>> 1377 (19599: 9906 9961 9906) (99.5389 s)
>> 1374 (25295: 8754 8755 8754) (99.6456 s)
>> 1373 (19015: 8509 8513 8509) (99.4062 s)
>> 1373 (16717: 16716 10563 16716) (99.4614 s)
>> 1367 (29301: 11041 11073 11041) (99.3759 s)
>> 1364 (26022: 10671 10686 10671) (99.6573 s)
>> 1361 (17630: 8179 8216 8179) (99.4866 s)
>> 1361 (30178: 8407 8418 8407) (99.3982 s)
>> 1360 (30965: 10020 10046 10020) (99.3458 s)
>> 1359 (29840: 10994 11039 10994) (99.3523 s)
>> 1358 (15921: 11229 11242 11229) (99.2985 s)
>> 1355 (15214: 9008 9020 9008) (99.3267 s)
>> 1352 (11125: 11072 11100 11072) (99.3734 s)
>> 1737 (23271: 11064 11068 11064) (99.1989 s)
>> 1350 (24711: 9790 9832 9790) (99.0676 s)
>> 1349 (11684: 8782 8783 8782) (99.2115 s)
>> 1347 (28447: 8381 8382 8381) (99.1478 s)
>> 1344 (3100: 11433 11437 11433) (99.217 s)
>> 1341 (33757: 9395 9401 9395) (99.3779 s)
>> 1340 (906: 10482 10541 10482) (99.3691 s)
>> 1337 (31426: 8771 8775 8771) (99.0845 s)
>> 1335 (5417: 9665 9698 9665) (99.0731 s)
>> 1333 (12269: 8046 8047 8046) (98.9803 s)
>> 0 (-1: -1 -1 -1) (75.8097 s)
Zelikovsky 58162.8 s
>> 34981 (394: 8283 8398 8307) (2604.88 s)
>> 27471 (18389: 8132 8301 8204) (2608.43 s)
>> 16349 (4865: 4903 10086 10070) (2588.78 s)
>> 14651 (1506: 8740 8862 8774) (2575.85 s)
>> 12855 (19216: 10680 10649 10274) (2573.77 s)
>> 10490 (3044: 11481 11483 11482) (2572.66 s)
>> 9963 (7127: 8743 8718 8714) (2569.28 s)
>> 9778 (4055: 10860 10861 10762) (2575.43 s)
>> 9518 (19469: 11473 11481 11477) (2563.15 s)
>> 8893 (7506: 8362 8446 8411) (2564.83 s)
>> 8634 (3398: 11333 11268 11258) (2671.48 s)
>> 8395 (30744: 30741 8935 8740) (3110.67 s)
>> 8037 (7795: 8252 8250 8215) (3260.65 s)
>> 7757 (17419: 4573 10561 10533) (3162.37 s)
>> 7508 (4631: 10439 10364 10355) (3209.73 s)
>> 7493 (6340: 9192 9213 9209) (3286.79 s)
>> 7307 (4076: 10860 10837 10754) (3272.96 s)
>> 7046 (18834: 9981 9925 9901) (3259.13 s)
>> 6782 (3065: 11466 11469 11454) (3229.8 s)
>> 6503 (16020: 141 10497 10474) (3251.43 s)
>> 6197 (6788: 8994 8981 8957) (3212.54 s)
>> 6008 (6550: 6718 9140 9090) (3070.34 s)
>> 5806 (27131: 9230 9210 9175) (3194.95 s)
>> 5771 (12924: 9116 9101 9078) (3225.25 s)
>> 5671 (866: 8283 8284 8259) (3229.77 s)
>> 5641 (22081: 9959 9915 9883) (3167.27 s)
>> 5577 (28719: 30741 8891 8828) (3247.38 s)
>> 5540 (8807: 8815 8805 8795) (3145.67 s)
>> 5490 (27803: 9145 9153 9150) (3160.11 s)
>> 5479 (1846: 10047 10037 9979) (3199.09 s)
>> 5352 (23965: 10230 10201 10036) (3167.11 s)
>> 5234 (10009: 9993 10008 9998) (3179.83 s)
>> 5202 (11617: 8638 8665 8615) (3153.54 s)
>> 5037 (3948: 10845 10957 10928) (3171.39 s)
>> 4992 (24563: 9083 9079 9054) (3113.87 s)
>> 4909 (3461: 11216 11239 11223) (3126.43 s)
>> 4905 (12435: 8830 8837 8832) (3148.88 s)
>> 4732 (6501: 9112 9136 9126) (3094.96 s)
>> 4701 (32152: 28130 10609 10594) (3113.5 s)
>> 4684 (18342: 11090 11197 11135) (3084.54 s)
>> 4669 (9737: 9705 9751 9736) (3088.75 s)
>> 4669 (20114: 10343 10402 10468) (3103.24 s)
>> 4537 (9919: 33481 9964 9918) (3134.14 s)
>> 4521 (25852: 10698 10842 10761) (3123.14 s)
>> 4459 (1409: 11208 22547 11152) (3104.45 s)
>> 4454 (17477: 10535 10802 10551) (3085.91 s)
>> 4442 (6466: 9143 9159 9146) (3014.68 s)
>> 4404 (7765: 8269 8282 8273) (2964.54 s)
>> 4385 (7780: 8265 8268 8266) (2949.13 s)
>> 4326 (3806: 19465 11019 10943) (2963.14 s)
>> 4255 (8712: 8728 8710 8697) (3053.71 s)
>> 4205 (3242: 11341 11350 11349) (2958.32 s)
>> 4194 (6209: 9327 9302 9317) (3094.93 s)
>> 4183 (20309: 11159 11142 11109) (3110.76 s)
>> 4149 (4759: 10199 10197 10187) (2992.12 s)
>> 4142 (31506: 10856 10894 10881) (3002.63 s)
>> 4135 (11898: 8464 25742 8496) (3052.29 s)
>> 4133 (12305: 8800 8802 8799) (3084.13 s)
>> 4090 (9972: 9946 9971 9954) (3041.06 s)
>> 4047 (33782: 9323 9398 9364) (3065.74 s)
>> 4046 (8257: 8261 8256 8253) (3065.52 s)
>> 4013 (19023: 7237 8575 8558) (3066.67 s)
>> 3962 (6308: 9231 9249 9233) (3079.94 s)
>> 3916 (32540: 9408 9400 9390) (2986.67 s)
>> 3907 (1269: 9291 9304 9292) (3077.72 s)
>> 3895 (3183: 11398 11387 11377) (3043.2 s)
>> 3860 (19808: 10504 10528 10511) (2980.44 s)
>> 3815 (30104: 8861 8866 8815) (3013.61 s)
>> 3812 (12214: 8184 8192 8181) (2995.85 s)
>> 3759 (6199: 9336 9325 9319) (3058.79 s)
>> 3752 (10358: 10393 10420 10357) (3049.45 s)
>> 3719 (25492: 8602 8646 8629) (3050 s)
>> 3685 (7181: 8638 8584 8578) (2617.8 s)
>> 3684 (12205: 8907 8883 8945) (2558.72 s)
>> 3677 (21844: 10888 11092 10860) (2648.91 s)
>> 3611 (17328: 10180 10211 17831) (2567.13 s)
>> 3582 (19693: 9108 9157 9129) (2863.96 s)
>> 3566 (19538: 10405 10471 10434) (2779.27 s)
>> 3548 (5859: 9492 9483 9474) (2571.87 s)
>> 3534 (25323: 8933 8902 8898) (2908.34 s)
>> 3486 (1585: 10035 10085 10030) (3023.98 s)
>> 3460 (25535: 8607 8622 8570) (3037.29 s)
>> 3459 (29360: 8591 8635 8600) (2984.66 s)
>> 3431 (11920: 8053 8075 8065) (3032.84 s)
>> 3423 (6192: 9351 9326 9324) (2603.79 s)
>> 3417 (16486: 10254 10248 10241) (2599.7 s)
>> 3397 (23702: 10006 10045 10021) (2898.31 s)
>> 3383 (32684: 8997 8986 8974) (2927.73 s)
>> 3381 (5520: 9644 9638 9617) (2863.99 s)
>> 3332 (22485: 10058 10022 10049) (2994.7 s)
>> 3325 (30432: 10629 10640 10558) (2996.92 s)
>> 3289 (4944: 9959 10025 9985) (2946.64 s)
>> 3288 (3433: 11228 11272 11256) (2950.32 s)
>> 3211 (24684: 8813 8776 8773) (2966.51 s)
>> 3204 (29258: 8162 8154 8151) (2855.84 s)
>> 3201 (27413: 10607 10596 10581) (2860.22 s)
>> 3193 (6342: 9204 9230 9205) (2941.07 s)
>> 3172 (29396: 10677 10763 10711) (2899.02 s)
>> 3169 (26635: 9642 9668 9653) (2648.31 s)
>> 3153 (6622: 9045 9074 9062) (2416.08 s)
>> 3141 (30880: 10391 10318 10275) (2302.32 s)
>> 3140 (19683: 10041 10058 10099) (2284.1 s)
>> 3092 (32294: 9838 9886 9829) (2284.96 s)
>> 3079 (10547: 10590 10573 10545) (2291.7 s)
>> 3063 (8704: 8705 8702 8693) (2590.7 s)
>> 3048 (27267: 8756 8777 8767) (2852.91 s)
>> 3031 (6875: 8959 8928 8900) (3017.66 s)
>> 3003 (17511: 9423 9463 9440) (2978.4 s)
>> 2996 (9895: 9889 9909 9894) (3032.06 s)
>> 2994 (25078: 8701 8680 8677) (3003.24 s)
>> 2951 (3756: 16455 11063 11020) (2978.53 s)
>> 2949 (3246: 11329 11343 11336) (3025.71 s)
>> 2936 (10397: 10436 10395 10370) (2877.73 s)
>> 2928 (11934: 8775 8861 8790) (2825.89 s)
>> 2923 (7680: 8323 8325 8322) (2892.81 s)
>> 2916 (3206: 11371 11395 11383) (2887.4 s)
>> 2913 (6218: 9332 9311 9275) (2819.39 s)
>> 2903 (17271: 9266 9250 9192) (2903.92 s)
>> 2897 (3084: 11440 11453 11447) (2871.31 s)
>> 2893 (6431: 9180 9181 9168) (2881.49 s)
>> 2892 (30359: 10538 10518 10466) (2794.75 s)
>> 2887 (32904: 8265 32902 8269) (2836.88 s)
>> 2877 (5122: 9810 9835 9827) (2867.49 s)
>> 2867 (10464: 19533 10462 10405) (2833.84 s)
>> 2863 (27515: 9439 9492 9456) (2830.87 s)
>> 2845 (32784: 8501 8506 8500) (2833.28 s)
>> 2821 (29271: 9109 9082 9045) (2817.44 s)
>> 2816 (25996: 11245 11270 11257) (2792.38 s)
>> 2764 (8746: 8747 8744 8741) (2807.96 s)
>> 2750 (11023: 11038 11021 10996) (2743.06 s)
>> 2721 (17574: 10591 10638 10552) (2808.71 s)
>> 2710 (22501: 8434 8435 8417) (2746.4 s)
>> 2703 (25787: 8897 8877 8871) (2778.95 s)
>> 2702 (5995: 9415 9403 9388) (2644.44 s)
>> 2694 (11650: 9216 9228 9219) (2797.89 s)
>> 2678 (3667: 11155 29567 11119) (2616.28 s)
>> 2672 (19447: 6718 6805 9060) (2656 s)
>> 2672 (29710: 10043 10059 9989) (2795.02 s)
>> 2652 (18095: 9137 9148 9118) (2708.52 s)
>> 2647 (8915: 8933 8914 8890) (2712.52 s)
>> 2640 (28599: 8091 8105 8104) (2719.91 s)
>> 2640 (28855: 9770 9795 9792) (2651.64 s)
>> 2631 (23090: 10181 10215 10209) (2454.99 s)
>> 2624 (12156: 9636 9646 9604) (2288.53 s)
>> 2605 (5886: 9476 9458 9453) (2604.44 s)
>> 2579 (19660: 11266 11250 11216) (2413.7 s)
>> 2566 (30274: 10399 10447 10349) (2464.47 s)
>> 2553 (20264: 9158 9178 9173) (2573.98 s)
>> 2543 (25607: 9512 9530 9510) (2706.53 s)
>> 2534 (6398: 9266 9183 9160) (2528.58 s)
>> 2599 (32613: 9266 9190 9170) (2667.4 s)
>> 2520 (6496: 9138 9127 9115) (2739.72 s)
>> 2513 (15686: 8752 34004 8336) (2508.11 s)
>> 2508 (4894: 10054 10033 9997) (2462.08 s)
>> 2494 (12766: 8869 8857 8830) (2472.3 s)
>> 2471 (4845: 10062 10121 10081) (2532.05 s)
>> 2453 (27587: 10230 10266 10256) (2762.79 s)
>> 2446 (25755: 9191 9171 9108) (2491.01 s)
>> 2444 (8345: 8348 8341 8344) (2437.97 s)
>> 2443 (24627: 10804 10733 10714) (2520.22 s)
>> 2443 (26396: 9426 9451 9419) (2559.6 s)
>> 2443 (29122: 11318 11298 11297) (2526.11 s)
>> 2437 (4664: 10424 10354 10287) (2528.34 s)
>> 2425 (23985: 8856 8855 8840) (2622.86 s)
>> 2411 (31538: 8628 8649 8625) (2590.35 s)
>> 2387 (12476: 8079 8087 8078) (2624.92 s)
>> 2379 (31587: 9526 9554 9541) (2626.35 s)
>> 2372 (3719: 11084 11156 11085) (2644.31 s)
>> 2369 (8594: 7237 8623 8592) (2634.7 s)
>> 2367 (11586: 8165 8172 8157) (2688.76 s)
>> 2361 (30082: 10773 10823 10724) (2675.09 s)
>> 2337 (11579: 8176 8173 8165) (2615.33 s)
>> 2336 (28730: 11451 19923 11443) (2625.34 s)
>> 2328 (23911: 10469 10456 10408) (2590.68 s)
>> 2327 (8170: 8174 8175 8168) (2591.48 s)
>> 2327 (24220: 9605 9572 9562) (2564.33 s)
>> 2324 (9943: 9912 9969 9941) (2583.36 s)
>> 2321 (3930: 10977 4008 10944) (2590.15 s)
>> 2315 (28413: 10478 10504 10586) (2592.65 s)
>> 2313 (23780: 10330 10347 10338) (2563.32 s)
>> 2294 (23002: 8642 8676 8652) (2589.53 s)
>> 2291 (11889: 8540 8541 8530) (2571.65 s)
>> 2288 (24228: 9947 9958 9931) (2584.68 s)
>> 2287 (4372: 10578 10626 10569) (2584.02 s)
>> 2287 (10154: 10144 10200 10153) (2701.85 s)
>> 2280 (5078: 9891 9874 9826) (2671.53 s)
>> 2278 (26526: 10381 141 10444) (2597.95 s)
>> 2271 (3288: 11329 11331 11320) (2527.45 s)
>> 2261 (21493: 8060 8082 8062) (2546.1 s)
>> 2249 (28951: 11159 11091 11067) (2554.32 s)
>> 2228 (7824: 8241 8240 8239) (2540.79 s)
>> 2226 (29079: 8997 8971 8968) (2474.05 s)
>> 2221 (882: 11319 11305 11339) (2518.01 s)
>> 2215 (10757: 10696 10789 10755) (2522.81 s)
>> 2199 (17115: 11374 11392 11381) (2538.99 s)
>> 2197 (24711: 9770 9857 9832) (2527.52 s)
>> 2171 (4880: 10069 10060 10007) (2497.83 s)
>> 2171 (27826: 11388 3149 11418) (2500.35 s)
>> 2170 (11902: 8103 8106 8055) (2502.57 s)
>> 2162 (18056: 9705 9727 9659) (2499.99 s)
>> 2156 (25542: 10291 10353 10317) (2494.41 s)
>> 2154 (22734: 8132 8141 8107) (2506.57 s)
>> 2149 (827: 9577 9584 9567) (2446.87 s)
>> 2149 (10970: 10960 11040 10968) (2567.9 s)
>> 2134 (560: 12071 10864 10959) (2549.71 s)
>> 2124 (16466: 25251 10500 10487) (2365.23 s)
>> 2122 (27825: 10536 10590 10515) (2425.77 s)
>> 2118 (31431: 10896 10914 10905) (2386.41 s)
>> 2107 (23302: 9859 9889 9871) (2399.99 s)
>> 2102 (10303: 10321 10300 10297) (2376.83 s)
>> 2092 (27310: 3498 26988 11209) (2394.17 s)
>> 2088 (27475: 8602 8604 8583) (2554.92 s)
>> 2085 (6213: 9323 9313 9301) (2517.78 s)
>> 2081 (28584: 8319 7690 8314) (2504.25 s)
>> 2079 (25639: 11025 11015 10974) (2551.71 s)
>> 2077 (25024: 9753 9697 9754) (2503.08 s)
>> 2065 (27406: 10052 10028 10004) (2507.01 s)
>> 2058 (11886: 8536 8540 8524) (2503.39 s)
>> 2057 (6455: 9144 9156 9149) (2510.04 s)
>> 2056 (34162: 8343 7647 8347) (2478.35 s)
>> 2041 (12864: 8068 8066 8064) (2459.7 s)
>> 2036 (1962: 8421 8437 8429) (2499.78 s)
>> 2031 (6668: 9026 9041 9035) (2497.63 s)
>> 2030 (22663: 9235 9238 9197) (2457.5 s)
>> 2028 (29044: 10820 10826 10809) (2500.77 s)
>> 2013 (11730: 8775 8863 8852) (2487.1 s)
>> 2010 (22056: 10535 10576 10425) (2475.76 s)
>> 2002 (6375: 9179 9195 9180) (2476.53 s)
>> 1993 (6279: 9262 9265 9204) (2457.95 s)
>> 1991 (24371: 10415 10398 10383) (2461.38 s)
>> 1967 (22109: 8660 8645 8644) (2477.77 s)
>> 1963 (6608: 9046 9071 9068) (2495.46 s)
>> 1958 (26907: 25172 8709 8689) (2457.04 s)
>> 1958 (28610: 10436 25251 10322) (2447.96 s)
>> 1952 (6256: 9327 9285 9279) (2430.11 s)
>> 1940 (1387: 8685 8721 8668) (2444.2 s)
>> 1934 (7356: 11556 23789 8461) (2409.27 s)
>> 1931 (7254: 8518 8519 8501) (2410.71 s)
>> 1930 (5825: 9488 9506 9498) (2393.76 s)
>> 1930 (19836: 11283 11322 11248) (2436.4 s)
>> 1925 (12889: 8202 8225 8203) (2427.67 s)
>> 1925 (23249: 10669 10752 10697) (2418.01 s)
>> 1923 (23191: 10617 10663 10642) (2419.76 s)
>> 1897 (7273: 8516 8512 8507) (2386.82 s)
>> 1895 (6176: 9342 9329 9320) (2408.33 s)
>> 1901 (6149: 9342 9341 9328) (2385.84 s)
>> 1890 (28687: 11397 11425 11423) (2401.14 s)
>> 1889 (3509: 11222 11333 11206) (2370.3 s)
>> 1880 (19961: 8367 8382 8363) (2387.25 s)
>> 1880 (29824: 11323 11340 11317) (2379.04 s)
>> 1857 (5217: 9777 9813 9801) (2333.67 s)
>> 1857 (5556: 9624 9631 9619) (2355.41 s)
>> 1856 (1026: 10999 10966 10961) (2394.59 s)
>> 1833 (5629: 9589 9602 9582) (2401.36 s)
>> 1822 (1597: 10485 10480 10427) (2404.99 s)
>> 1816 (1172: 9376 9362 9340) (2027.34 s)
>> 1815 (1251: 9486 9488 9475) (1986.05 s)
>> 1815 (24126: 8076 8117 8108) (2029.15 s)
>> 1814 (27935: 9355 9342 9318) (2029.6 s)
>> 1812 (32809: 8438 8445 8362) (2018.88 s)
>> 1810 (7036: 8808 8801 8798) (2025.67 s)
>> 1805 (24143: 9947 10001 9945) (2024.16 s)
>> 1796 (18746: 8353 8356 8350) (1958.93 s)
>> 1791 (27308: 10778 10683 10652) (2011.64 s)
>> 1790 (25647: 8321 8324 8316) (2113.01 s)
>> 1785 (25326: 10665 10773 10674) (2291.9 s)
>> 1785 (30123: 10144 10103 10124) (2030.85 s)
>> 1778 (12652: 8202 8224 8210) (2434.58 s)
>> 1777 (23854: 9616 9627 9601) (2321.39 s)
>> 1776 (25850: 9436 9459 9443) (2311.95 s)
>> 1765 (29655: 9058 9046 9037) (2305.86 s)
>> 1764 (3383: 11282 11271 11245) (2287.33 s)
>> 1764 (32627: 9128 9142 9117) (2320.73 s)
>> 1758 (29857: 9563 9587 9576) (2396.12 s)
>> 1757 (22647: 9534 9528 9500) (2073.23 s)
>> 1757 (24175: 11049 11033 11010) (2025.94 s)
>> 1757 (25045: 8628 8656 8632) (2048.87 s)
>> 1756 (4566: 10410 10430 10416) (2015.29 s)
>> 1742 (24734: 10749 10725 10736) (1998.23 s)
>> 1728 (4480: 10521 10476 10470) (2112.75 s)
>> 1728 (31580: 8068 8053 8052) (1960.03 s)
>> 1723 (29316: 10726 10820 10775) (1951.53 s)
>> 1719 (4702: 10221 10244 10220) (2007.91 s)
>> 1717 (11944: 8537 7237 8534) (2284.53 s)
>> 1715 (22105: 8627 8609 8660) (2422.01 s)
>> 1708 (22489: 9058 9075 9055) (2338.32 s)
>> 1701 (23827: 8265 8262 8260) (2264.77 s)
>> 1693 (34245: 8194 8196 8193) (2188.01 s)
>> 1690 (5244: 9768 9799 9785) (2224.27 s)
>> 1687 (30192: 10565 10509 10505) (2229.49 s)
>> 1683 (4917: 10041 10003 9983) (2263.77 s)
>> 1683 (9018: 9005 9026 9016) (2287.97 s)
>> 1681 (29057: 8876 8884 8868) (2313.59 s)
>> 1673 (24030: 11200 11212 11162) (2251.47 s)
>> 1671 (29994: 11035 11030 10993) (2162.19 s)
>> 1662 (26203: 11167 11131 11130) (2140.85 s)
>> 1660 (25040: 10373 10332 10267) (2064.97 s)
>> 1657 (22536: 10722 10805 10710) (1910.38 s)
>> 1650 (6371: 9193 9200 9196) (2212.35 s)
>> 1647 (19310: 8696 8706 8642) (2257.28 s)
>> 1645 (6272: 9332 9262 9257) (2044.48 s)
>> 1643 (7674: 8329 8332 8321) (1897.99 s)
>> 1642 (22319: 8726 8735 8747) (1956.73 s)
>> 1642 (32435: 9560 9574 9565) (1826.17 s)
>> 1640 (31757: 9690 9719 9700) (1929.48 s)
>> 1630 (30243: 10043 9981 10031) (1904.34 s)
>> 1626 (33612: 9644 9705 9616) (1893.89 s)
>> 1625 (5785: 9507 9502 9494) (1884.55 s)
>> 1624 (24752: 9058 9088 9081) (1856.26 s)
>> 1615 (23928: 8161 8167 8162) (1856.78 s)
>> 1611 (3572: 11166 11189 11175) (1865.75 s)
>> 1602 (7731: 8312 8317 8311) (1884.45 s)
>> 1600 (3099: 11437 11445 11440) (2272.2 s)
>> 1597 (10246: 10391 10181 10245) (2204.89 s)
>> 1597 (27764: 9796 9825 9810) (2219.21 s)
>> 1596 (28038: 24973 8059 8054) (2157.03 s)
>> 1594 (1098: 11398 11407 11376) (2151.41 s)
>> 1592 (24311: 9766 9815 9781) (2220.55 s)
>> 1590 (23595: 8299 8300 8298) (2192.06 s)
>> 1588 (6828: 8943 8954 8937) (2239.59 s)
>> 2378 (25322: 8933 8943 8919) (2197.87 s)
>> 1587 (30663: 9119 9143 9111) (2222.59 s)
>> 1586 (28582: 11029 11064 11013) (2214.28 s)
>> 1579 (10540: 10517 10536 10539) (2059.17 s)
>> 1578 (22389: 10377 10361 10327) (1782.23 s)
>> 1578 (34007: 8750 8765 8760) (1651.37 s)
>> 1576 (10108: 10123 10107 10091) (1652.14 s)
>> 1569 (28790: 9634 9637 9632) (1646.02 s)
>> 1565 (23822: 9533 9545 9504) (1647.15 s)
>> 1549 (22926: 24973 8063 8060) (1649.68 s)
>> 1546 (7804: 8247 8246 8245) (1648.65 s)
>> 1546 (28498: 11075 11046 11025) (1704.34 s)
>> 1546 (31755: 8161 8150 8142) (1780.06 s)
>> 1538 (3996: 10921 10902 10885) (1779.61 s)
>> 1535 (3411: 11265 150 10768) (1768.87 s)
>> 1534 (22872: 9274 9237 9229) (1718.92 s)
>> 1533 (2028: 9675 26443 9633) (2364.7 s)
>> 1529 (30257: 10669 23876 10653) (1679.47 s)
>> 1528 (31415: 9360 9379 9373) (1645.88 s)
>> 1525 (16718: 16716 10607 10563) (1608.17 s)
>> 1525 (29886: 9011 9012 8999) (1731.47 s)
>> 1522 (18019: 10564 10616 10602) (1772.31 s)
>> 1521 (32705: 8944 8941 8907) (1758.24 s)
>> 1519 (12031: 8529 8527 8520) (1764.22 s)
>> 1515 (18830: 10041 10043 9978) (1746.68 s)
>> 1514 (16751: 11208 11261 11229) (1755.3 s)
>> 1512 (28078: 9058 9032 9040) (1752.63 s)
>> 1508 (25294: 8756 8759 8755) (1739.35 s)
>> 1507 (27565: 9645 33629 9628) (1747.4 s)
>> 1507 (28945: 11255 11319 11228) (1737.52 s)
>> 1504 (30444: 9706 28619 9743) (1713.73 s)
>> 1503 (7143: 8720 8708 8688) (1705.33 s)
>> 1494 (5011: 9930 9911 9887) (1745.28 s)
>> 1491 (12838: 8686 25172 8658) (1728.81 s)
>> 1490 (1950: 8079 8109 8083) (1714.73 s)
>> 1490 (30991: 8728 8725 8716) (1724.11 s)
>> 1487 (5990: 9402 9422 9407) (1812.41 s)
>> 1486 (24388: 8413 8421 8395) (1739.23 s)
>> 1485 (7978: 8102 8095 8086) (1764.01 s)
>> 1485 (17506: 9442 9435 9408) (1706.35 s)
>> 1483 (27666: 9169 9266 9165) (1702.96 s)
>> 1479 (22788: 8761 8813 8775) (1709.36 s)
>> 1478 (29636: 8617 8582 8628) (1710.78 s)
>> 1473 (31971: 11154 11153 11133) (1691.93 s)
>> 1473 (32996: 11404 11393 11371) (1689.39 s)
>> 1471 (25531: 8987 8978 8933) (1702.82 s)
>> 1468 (32718: 8899 9059 8889) (1698.6 s)
>> 1461 (27601: 10681 10651 10630) (1690.21 s)
>> 1458 (16944: 10719 15815 10801) (1690.46 s)
>> 1450 (7409: 8431 8443 8439) (1685.86 s)
>> 1449 (5141: 9819 5117 9828) (1686.12 s)
>> 1441 (11355: 11323 11363 11354) (1684.25 s)
>> 1439 (31742: 11035 11083 11076) (1669.91 s)
>> 1436 (6604: 9073 9069 9044) (1672.18 s)
>> 1436 (26385: 10877 10930 10844) (1664.85 s)
>> 1429 (12806: 9002 9011 8989) (1681.03 s)
>> 1419 (17970: 9307 9299 9288) (1668.23 s)
>> 1418 (8293: 8295 8291 8292) (1686.07 s)
>> 1418 (24698: 9676 9669 9657) (1661.8 s)
>> 1413 (31617: 10431 10501 10472) (1685.08 s)
>> 1400 (10098: 10068 10079 10096) (2019.33 s)
>> 1400 (30860: 10675 10639 10608) (2023.58 s)
>> 1399 (31579: 10336 10230 10337) (2004.13 s)
>> 1396 (5043: 26612 9908 9888) (1781.31 s)
>> 1393 (21934: 9375 9384 9354) (1826.41 s)
>> 1392 (29409: 8508 7292 8502) (1815.4 s)
>> 1389 (3960: 10876 12071 10915) (1801.36 s)
>> 1388 (3595: 11158 11172 11164) (1775.47 s)
>> 1385 (25484: 8602 8720 8672) (1803.67 s)
>> 1381 (30347: 10180 10268 10237) (1802.66 s)
>> 1380 (14950: 9862 9927 9904) (1800.18 s)
>> 1377 (19599: 9906 9946 9961) (1839.65 s)
>> 1376 (969: 9193 9198 9158) (1852.07 s)
>> 1375 (23795: 8956 30540 8963) (1848.4 s)
>> 1375 (31713: 30049 8944 8903) (1872.2 s)
>> 1373 (4735: 10199 10214 10205) (1800.46 s)
>> 1373 (19015: 8513 8514 8509) (1781.6 s)
>> 1364 (26022: 10671 10748 10686) (1777.01 s)
>> 1361 (17630: 8216 8227 8179) (1777.76 s)
>> 1361 (30178: 8407 8432 8418) (1850.98 s)
>> 1358 (15921: 11242 11247 11208) (1925.81 s)
>> 1355 (15214: 9022 9020 9008) (1834.54 s)
>> 1352 (11125: 11100 11124 11072) (1882.09 s)
>> 1350 (23732: 8223 8252 8214) (1953.65 s)
>> 1349 (11684: 8782 8793 8783) (1698.71 s)
>> 1347 (28447: 8389 8381 8367) (1425.7 s)
>> 1352 (20322: 8373 20298 8389) (1425.54 s)
>> 1345 (3059: 11473 11478 11474) (1747.19 s)
>> 1343 (22851: 8988 8997 8995) (1931.32 s)
>> 1341 (33757: 9414 9401 9395) (1852.37 s)
>> 1337 (22904: 10903 10904 10848) (1843.26 s)
>> 1336 (17255: 10790 4232 10845) (1865.46 s)
>> 1327 (31529: 8308 8302 8299) (1775.95 s)
>> 1325 (5930: 9429 9434 9420) (1729.55 s)
>> 1325 (6948: 8893 8894 8876) (1734.61 s)
>> 1322 (31732: 10870 10906 10832) (1550.52 s)
>> 1321 (25790: 9141 9128 9119) (1550.6 s)
>> 1320 (26094: 10180 10191 10162) (1547.72 s)
>> 1319 (30916: 9658 9660 9635) (1545.54 s)
>> 1314 (28828: 8265 8285 8279) (1537.66 s)
>> 1314 (34168: 8334 8752 8329) (1536.19 s)
>> 1309 (22101: 8586 8603 8580) (1543.5 s)
>> 1305 (5031: 9890 9922 9897) (1539.68 s)
>> 1302 (3821: 10990 11084 11009) (1535.27 s)
>> 1299 (11513: 9058 9113 9110) (1535.14 s)
>> 1298 (27810: 9293 9393 9236) (1535.99 s)
>> 1296 (7320: 8479 8492 8483) (1426.58 s)
>> 1295 (25187: 8481 8491 8480) (1362.5 s)
>> 1295 (28139: 10794 10855 10780) (1163.7 s)
>> 1292 (31650: 9561 9605 9533) (1162.73 s)
>> 1291 (19568: 9959 10053 10032) (1171.11 s)
>> 1291 (26639: 9505 9497 9491) (1300.26 s)
>> 1290 (29244: 10621 10610 10517) (1354.93 s)
>> 1285 (6834: 8960 8959 8952) (1318.56 s)
>> 1284 (4350: 10598 4573 10585) (1307.48 s)
>> 1284 (11295: 11278 11329 11293) (1292.32 s)
>> 1282 (1980: 9798 24166 9764) (1292.45 s)
>> 1281 (30570: 9690 9708 9683) (1293.75 s)
>> 1278 (26534: 8960 8946 8930) (1271.39 s)
>> 1276 (28728: 11467 3082 11457) (1276.55 s)
>> 1274 (25888: 11422 11426 11404) (1289.54 s)
>> 1272 (32531: 9385 9404 9392) (1275.28 s)
>> 1270 (29882: 10994 11018 10992) (1283.25 s)
>> 1269 (24662: 9777 9783 9753) (1279.79 s)
>> 1267 (34115: 8399 8416 8412) (1276.41 s)
>> 1264 (32771: 8565 8573 8569) (1270.53 s)
>> 1263 (7736: 8286 8289 8265) (1272.79 s)
>> 1508 (12190: 8290 8287 8286) (1270.99 s)
>> 1261 (31547: 11403 11399 11385) (1274.86 s)
>> 1258 (31347: 10235 10373 10198) (1266.12 s)
>> 1256 (10170: 10204 10235 10168) (1266.43 s)
>> 1256 (28315: 10019 10041 10038) (1257.16 s)
>> 1255 (24157: 9878 9845 9836) (1260.55 s)
>> 1254 (24318: 11093 11157 11059) (1255.27 s)
>> 1253 (25309: 10854 10850 10813) (1257.52 s)
>> 1252 (12385: 8140 8130 8127) (1246.64 s)
>> 1251 (22856: 8442 8454 8413) (1254 s)
>> 1250 (33185: 10956 10999 10984) (1248.25 s)
>> 1249 (27296: 11168 3625 11128) (1242.29 s)
>> 1248 (5292: 9741 9761 9742) (1238.78 s)
>> 1248 (26499: 8505 8515 8513) (1244.84 s)
>> 1247 (5481: 9685 9664 9652) (1247.42 s)
>> 1246 (4124: 10696 10765 10797) (1242.51 s)
>> 1245 (24023: 8639 8640 8591) (1238.82 s)
>> 1244 (623: 8700 8713 8684) (1236.49 s)
>> 1243 (4195: 10774 10719 10684) (1233.34 s)
>> 1239 (27584: 9834 26612 9770) (1236.61 s)
>> 1233 (2082: 9803 9831 9820) (1231.65 s)
>> 1232 (27697: 10406 19533 10367) (1439.11 s)
>> 1232 (29427: 9102 9104 9091) (1547.49 s)
>> 1231 (28488: 11174 11255 11194) (1481.86 s)
>> 1230 (6247: 9294 9332 9290) (1576.53 s)
>> 1226 (17157: 10758 10815 10707) (1500.21 s)
>> 1220 (27387: 9217 9231 9191) (1442.06 s)
>> 1219 (24444: 10330 10433 10329) (1555.2 s)
>> 1218 (8471: 8466 8495 8469) (1564.41 s)
>> 1215 (24863: 10922 10911 10872) (1480.62 s)
>> 1214 (27298: 11292 11280 11265) (1472.26 s)
>> 1212 (17862: 10759 10794 10693) (1482.06 s)
>> 1206 (22812: 11362 11374 11174) (1474.22 s)
>> 1203 (5822: 9489 9546 9495) (1463.35 s)
>> 1203 (7597: 8360 8377 8371) (1467.64 s)
>> 1203 (17589: 10927 10903 10879) (1468.77 s)
>> 1198 (1858: 10606 10641 10618) (1451.9 s)
>> 1194 (4799: 10199 10158 9441) (1450.91 s)
>> 1193 (26946: 10265 10381 10183) (1454.48 s)
>> 1191 (11687: 8786 8794 8782) (1474.35 s)
>> 1189 (3407: 11279 11267 11259) (1463.53 s)
>> 1189 (12623: 8564 8563 8560) (1447.52 s)
>> 1185 (28533: 10269 10227 10282) (1465.17 s)
>> 1185 (34159: 8352 34155 8357) (1498.64 s)
>> 1184 (26445: 9477 9513 9468) (1549.82 s)
>> 1263 (491: 9477 9532 9499) (1436.54 s)
>> 1178 (16917: 8328 8331 8319) (1388.25 s)
>> 1178 (24261: 10665 10614 10522) (1462.7 s)
>> 1175 (5003: 9913 10336 9920) (1484.03 s)
>> 1175 (12909: 9043 9073 9051) (1471.48 s)
>> 1175 (28553: 8643 8663 8636) (1434.79 s)
>> 1685 (11622: 8638 8692 8643) (1451.38 s)
>> 1174 (12111: 9232 9243 9216) (1403.54 s)
>> 1174 (24475: 9426 9417 9406) (1445.3 s)
>> 1174 (25221: 10788 10798 10726) (1524.3 s)
>> 1172 (33153: 11017 11045 11037) (1482.32 s)
>> 1166 (4676: 10240 10680 10262) (1405.5 s)
>> 1165 (26741: 9322 9345 9343) (1357.86 s)
>> 1162 (31839: 11437 11446 11434) (1391.81 s)
>> 1153 (31087: 10717 10694 10681) (1415.04 s)
>> 1152 (4154: 10749 23686 10760) (1382.09 s)
>> 1148 (5419: 9711 9698 9675) (1353.94 s)
>> 1142 (30166: 9217 6718 9184) (1403.34 s)
>> 1342 (32605: 9174 9217 9161) (1379.56 s)
>> 1133 (4957: 9970 10002 9984) (1400.94 s)
>> 1130 (27374: 29777 9306 9281) (1398.63 s)
>> 1126 (28110: 10637 10632 10580) (1400.72 s)
>> 1120 (6534: 33876 9112 9103) (1297.37 s)
>> 1120 (8426: 8438 8424 8396) (1165.51 s)
>> 1116 (25028: 9718 9777 9706) (1171.38 s)
>> 1105 (27986: 8097 26615 8073) (1170.08 s)
>> 1099 (10452: 10521 10409 10451) (1114.81 s)
>> 1093 (33382: 10188 10242 10207) (1151.43 s)
>> 1092 (25587: 11360 11370 11323) (1031.36 s)
>> 1092 (29870: 9726 9834 9699) (1028.31 s)
>> 1083 (23032: 10913 10931 10876) (1033.75 s)
>> 1077 (12869: 8814 8816 8808) (1102.77 s)
>> 1077 (30078: 10148 4803 10178) (1093.75 s)
>> 1075 (12676: 8143 8132 8123) (1211.56 s)
>> 1074 (26748: 11141 11200 11161) (1146.99 s)
>> 1073 (26090: 10145 10135 10129) (1135.89 s)
>> 1066 (1304: 7294 7312 8490) (1131.74 s)
>> 1066 (12923: 8723 8734 8722) (1130.45 s)
>> 1065 (31783: 8410 8403 8397) (1128.7 s)
>> 1064 (22999: 10078 10019 10102) (1124.24 s)
>> 1057 (29867: 8134 8148 8140) (1125.97 s)
>> 1056 (23298: 9803 9859 9842) (1124.97 s)
>> 1055 (7880: 8184 8206 8195) (1124.32 s)
>> 1053 (25280: 9377 9394 9356) (1123.02 s)
>> 1052 (5334: 9747 9797 9775) (1123.78 s)
>> 1051 (28819: 9560 9552 9544) (1113.94 s)
>> 1051 (30003: 9063 9050 9047) (1117.8 s)
>> 1050 (29815: 11168 11187 11166) (1120.38 s)
>> 1049 (27744: 9796 9786 9776) (1101 s)
>> 1047 (26171: 11034 11055 11001) (1064.89 s)
>> 1335 (29621: 11073 11089 11034) (1080.69 s)
>> 1045 (12879: 10273 10221 10325) (1106.18 s)
>> 1042 (30089: 10742 10718 10690) (1103.64 s)
>> 1039 (27903: 11417 11439 11398) (1099.89 s)
>> 1038 (8487: 8489 8485 8479) (1099.28 s)
>> 1584 (7345: 8463 8489 8476) (1101.65 s)
>> 1038 (31324: 9296 29777 9303) (1101.2 s)
>> 1037 (27815: 10410 33338 10401) (1093.42 s)
>> 1036 (3889: 10988 16455 10978) (1093.43 s)
>> 1033 (25865: 10011 10078 10042) (1075.47 s)
>> 1029 (2014: 11118 11079 11065) (969.26 s)
>> 1025 (33311: 10526 10571 10568) (969.401 s)
>> 1023 (24551: 9644 9615 9606) (966.047 s)
>> 1015 (7578: 8376 8391 8369) (965.597 s)
>> 1012 (29830: 8349 12134 8348) (964.726 s)
>> 1010 (33310: 10531 10637 10572) (1084.59 s)
>> 1009 (6141: 9348 9371 9368) (1033.42 s)
>> 1009 (28408: 9563 9589 9571) (1106.63 s)
>> 1001 (22907: 10163 10126 10167) (1023.97 s)
>> 998 (29585: 8960 8927 8923) (1000.01 s)
>> 993 (28539: 11315 11334 11287) (1139.8 s)
>> 990 (1081: 10206 10186 10180) (1093.94 s)
>> 990 (33102: 11122 11242 11159) (1101.31 s)
>> 987 (31646: 9563 9564 9559) (1091.37 s)
>> 986 (25944: 9540 9560 9512) (1047.55 s)
>> 986 (31792: 9063 9070 9043) (1055.25 s)
>> 981 (2094: 9174 8994 8964) (1079.23 s)
>> 974 (4162: 10717 10779 10753) (1114.3 s)
>> 974 (5404: 9693 9701 9680) (1063.62 s)
>> 973 (11918: 8068 8047 8046) (1042.66 s)
>> 967 (31253: 11075 11073 11041) (933.969 s)
>> 967 (33627: 9625 9618 9610) (928.588 s)
>> 962 (16991: 8770 8761 8334) (917.436 s)
>> 958 (25068: 10486 10503 10431) (970.111 s)
>> 958 (28760: 10812 10846 10829) (994.485 s)
>> 952 (30070: 9360 9415 9321) (1061.03 s)
>> 951 (7924: 8171 11847 25046) (1004.28 s)
>> 951 (33638: 9607 9634 9599) (1024.34 s)
>> 947 (25903: 10676 29070 10696) (954.917 s)
>> 946 (6483: 9145 9139 9109) (1065.28 s)
>> 945 (27662: 10921 10880 10788) (1291.73 s)
>> 939 (3131: 11428 11437 11397) (1313.59 s)
>> 939 (29749: 28667 11403 11394) (1224.22 s)
>> 935 (4291: 10591 10722 10646) (1215.02 s)
>> 934 (3293: 11335 11330 11222) (1214.13 s)
>> 933 (10115: 10011 10125 10113) (1211.16 s)
>> 932 (12611: 8118 8143 8124) (1198.6 s)
>> 930 (33243: 10927 10814 10786) (1132 s)
>> 928 (23507: 9686 9703 9691) (1199.68 s)
>> 928 (26041: 10562 28130 10564) (1199.41 s)
>> 925 (19816: 30394 11120 11093) (1195.72 s)
>> 925 (26292: 11234 11215 11214) (1201.23 s)
>> 1375 (22787: 11234 11253 11244) (1198.62 s)
>> 924 (25630: 11044 11075 11052) (1198.73 s)
>> 923 (22624: 11170 11183 11184) (1198 s)
>> 920 (26050: 10159 10176 10144) (1197.18 s)
>> 917 (19731: 10117 10166 10109) (1186.53 s)
>> 915 (23900: 10296 10344 10276) (1235.01 s)
>> 914 (19762: 11358 11372 11353) (1311.74 s)
>> 913 (28342: 10116 10142 10130) (1306.26 s)
>> 911 (12933: 9145 9116 9084) (1304.15 s)
>> 910 (27886: 9852 9878 9867) (1309.69 s)
>> 907 (22262: 11402 11416 11411) (1154.24 s)
>> 907 (24965: 8608 8581 8617) (1104.1 s)
>> 898 (5289: 9763 9747 9713) (1100.08 s)
>> 895 (3486: 11234 11235 11219) (1095.61 s)
>> 888 (5653: 9586 9578 9566) (1098.26 s)
>> 887 (25159: 11246 11266 11243) (1096.29 s)
>> 887 (30971: 9682 9690 9695) (1083.08 s)
>> 885 (742: 9819 9865 9800) (1083.32 s)
>> 885 (16112: 11450 11451 11455) (1087.12 s)
>> 884 (3502: 11122 11292 11207) (1080.15 s)
>> 883 (33536: 9774 9798 9782) (1086.66 s)
>> 1116 (24174: 9816 9784 9774) (1083.46 s)
>> 882 (4405: 10532 10502 10531) (1077.83 s)
>> 882 (25480: 9310 9314 9308) (1071.06 s)
>> 880 (24877: 9861 9881 9849) (1070.13 s)
>> 879 (12834: 8975 8985 8967) (1068.66 s)
>> 1889 (6775: 9002 8993 8975) (1062.98 s)
>> 874 (4987: 9928 9933 9899) (1056.88 s)
>> 873 (557: 8641 8637 8602) (1049.44 s)
>> 873 (6545: 9145 9099 9058) (1048.94 s)
>> 873 (25232: 8879 8895 8770) (1019.7 s)
>> 872 (31171: 10822 10841 10774) (1053.59 s)
>> 867 (9735: 9717 9762 9732) (1047.16 s)
>> 863 (34226: 8235 8236 8230) (1048.75 s)
>> 881 (34221: 8238 8237 8235) (1043.35 s)
>> 861 (23434: 10657 10685 10677) (1047.72 s)
>> 860 (3340: 11296 11362 11321) (1043.71 s)
>> 860 (29078: 8419 7495 8410) (1030.08 s)
>> 858 (32422: 9588 9609 9563) (1005.78 s)
>> 853 (18165: 9137 9141 9123) (1009.81 s)
>> 852 (31256: 10995 11044 10981) (1040.65 s)
>> 848 (28127: 8778 8772 8779) (1021.97 s)
>> 847 (13932: 9490 9561 9486) (1022.13 s)
>> 843 (31775: 10280 10330 10288) (1021.15 s)
>> 842 (25612: 11221 11205 11171) (1015.22 s)
>> 841 (5954: 9428 9439 9429) (1012.27 s)
>> 841 (27054: 9858 9879 9837) (1008.22 s)
>> 839 (27484: 11002 10990 10979) (1008.45 s)
>> 838 (29453: 9681 9718 9726) (1008.4 s)
>> 834 (6640: 9064 9083 8899) (1008.92 s)
>> 834 (27480: 8641 8616 8585) (1001.37 s)
>> 833 (27918: 8394 23041 8408) (1004.01 s)
>> 833 (33274: 10699 10746 10679) (1003.07 s)
>> 830 (1136: 9437 9450 9423) (1021.84 s)
>> 830 (20218: 10455 10461 10363) (1059.85 s)
>> 830 (23109: 9496 22297 9484) (1066.16 s)
>> 829 (1383: 8987 8934 8872) (1065.91 s)
>> 824 (33203: 10958 10936 10922) (1057.88 s)
>> 823 (30712: 26611 11302 11285) (1053.94 s)
>> 822 (6705: 9033 9063 9028) (1060.36 s)
>> 817 (28504: 11254 11264 11284) (1051.63 s)
>> 817 (34120: 8390 8442 8383) (1046.06 s)
>> 816 (26362: 10481 10508 10467) (1052.89 s)
>> 816 (31221: 11269 11263 11246) (1065.07 s)
>> 813 (3951: 10901 10945 10924) (1066.74 s)
>> 813 (23813: 9923 9906 9900) (1064.27 s)
>> 812 (18103: 9270 9294 9284) (1055.44 s)
>> 804 (22559: 10249 10263 10206) (1042.13 s)
>> 870 (23637: 10249 10321 10250) (1047.54 s)
>> 802 (17276: 8860 8878 8875) (1049.36 s)
>> 802 (24762: 25018 9823 9812) (1053.56 s)
>> 800 (19109: 8180 19111 8185) (1053.42 s)
>> 798 (13125: 9467 9490 9457) (1039.17 s)
>> 796 (1174: 8942 8951 8940) (1044.01 s)
>> 792 (24715: 9975 10005 9960) (926.179 s)
>> 791 (5839: 9478 9505 9480) (823.498 s)
>> 790 (4262: 10759 10662 10599) (955.453 s)
>> 790 (29278: 8586 8627 8608) (929.91 s)
>> 788 (1017: 9613 9625 9588) (941.948 s)
>> 787 (19365: 11396 11388 11382) (936.522 s)
>> 785 (3297: 11296 11328 11307) (935.265 s)
>> 785 (28393: 11332 11318 11278) (869.761 s)
>> 784 (3659: 11127 11138 11035) (911.018 s)
>> 784 (32234: 10127 10146 10011) (939.373 s)
>> 784 (34073: 8449 8448 8447) (862.17 s)
>> 778 (29911: 10869 10907 10822) (834.573 s)
>> 776 (4842: 10084 10105 10054) (838.397 s)
>> 775 (27940: 8614 8638 8537) (841.377 s)
>> 774 (28419: 11169 11188 11167) (827.255 s)
>> 773 (17297: 8079 8098 8119) (824.442 s)
>> 772 (24367: 10380 26879 10387) (821.01 s)
>> 767 (26623: 10597 10633 10579) (819.142 s)
>> 766 (7985: 8094 8102 8089) (819.123 s)
>> 766 (33646: 9583 9613 9591) (809.991 s)
>> 765 (28537: 8626 8639 8607) (814.356 s)
>> 762 (638: 9310 9355 9307) (812.016 s)
>> 762 (31554: 10667 10678 10644) (810.105 s)
>> 762 (33123: 11099 11146 11082) (809.284 s)
>> 756 (31278: 10161 10116 10194) (804.961 s)
>> 755 (19532: 10469 10406 10204) (796.172 s)
>> 755 (26750: 11117 11107 11095) (799.322 s)
>> 754 (34145: 8365 8374 8359) (799.041 s)
>> 752 (16468: 10436 10541 10525) (795.984 s)
>> 1517 (16471: 10567 10436 10675) (788.796 s)
>> 751 (34169: 8328 8342 8337) (793.878 s)
>> 747 (7240: 8525 8535 8522) (796.48 s)
>> 746 (273: 9614 9702 9583) (789.939 s)
>> 744 (7103: 8723 8742 8726) (789.3 s)
>> 742 (717: 10884 10896 10854) (788.408 s)
>> 736 (778: 10781 10766 10650) (788.874 s)
>> 726 (3358: 11332 11281 11274) (788.293 s)
>> 725 (22809: 9274 9276 9263) (784.109 s)
>> 724 (31728: 11697 8110 8079) (781.711 s)
>> 723 (25335: 11017 11127 11005) (764.5 s)
>> 719 (23171: 9414 9370 9323) (781.254 s)
>> 717 (15996: 9707 9730 9614) (777.924 s)
>> 717 (26008: 8467 24831 8458) (777.437 s)
>> 717 (31573: 10061 10087 10074) (772.715 s)
>> 717 (33908: 9027 9030 9021) (774.003 s)
>> 716 (34217: 8242 8244 8241) (770.727 s)
>> 714 (20123: 10265 10459 10448) (770.007 s)
>> 713 (30603: 8879 8766 8753) (767.493 s)
>> 711 (8589: 8586 8601 8587) (766.142 s)
>> 705 (11643: 9305 9297 9289) (763.994 s)
>> 704 (4082: 10927 10921 10836) (761.678 s)
>> 704 (6058: 9383 9378 9363) (760.545 s)
>> 700 (7373: 8465 8455 8450) (759.249 s)
>> 699 (553: 9714 9696 9692) (758.367 s)
>> 697 (19424: 10867 10862 10899) (757.568 s)
>> 694 (27428: 9006 9010 8988) (756.59 s)
>> 691 (24351: 8814 8856 8827) (755.767 s)
>> 690 (3922: 10949 10963 10888) (754.501 s)
>> 687 (23887: 10188 10212 10182) (752.007 s)
>> 686 (31391: 29796 10120 10139) (747.559 s)
>> 686 (32162: 10507 10519 10399) (749.316 s)
>> 685 (33603: 9663 5493 9686) (750.733 s)
>> 684 (22929: 8440 8449 8434) (750.015 s)
>> 681 (20137: 8729 8739 8730) (747.851 s)
>> 681 (27589: 8936 8925 8908) (746.17 s)
>> 673 (17526: 11430 3125 11428) (739.263 s)
>> 672 (29764: 10865 10843 10830) (740.555 s)
>> 670 (33577: 9687 9714 9676) (739.996 s)
>> 669 (31145: 11249 11335 11260) (738.64 s)
>> 668 (29376: 10342 10415 10258) (736.58 s)
>> 668 (31984: 11123 29137 10988) (735.732 s)
>> 668 (34017: 8723 8717 8719) (729.816 s)
>> 664 (4559: 10428 10535 10485) (732.29 s)
>> 662 (24155: 8662 8707 8641) (729.794 s)
>> 659 (30315: 8354 8355 8358) (730.004 s)
>> 658 (3651: 11148 11094 11129) (729.724 s)
>> 658 (32227: 10165 10179 10157) (727.855 s)
>> 657 (26592: 11136 11173 11158) (723.913 s)
>> 656 (30405: 10991 11008 10985) (723.468 s)
>> 654 (24308: 9804 9758 9767) (723.513 s)
>> 653 (9255: 9269 9253 9239) (720.274 s)
>> 653 (22740: 9517 9525 9477) (717.751 s)
>> 653 (23639: 9511 9524 9467) (716.539 s)
>> 653 (24472: 9425 9432 9418) (716.194 s)
>> 651 (32368: 9694 9716 9704) (715.165 s)
>> 649 (31305: 9518 27941 9531) (711.767 s)
>> 647 (31285: 9399 9426 9397) (710.894 s)
>> 645 (30135: 8552 8564 8553) (710.953 s)
>> 639 (22883: 9929 9934 9914) (706.181 s)
>> 639 (27429: 9001 9015 9006) (707.272 s)
>> 638 (30599: 10199 9416 9414) (703.09 s)
>> 638 (31996: 11074 11088 10995) (704.417 s)
>> 635 (11646: 9251 30289 9274) (700.246 s)
>> 633 (17604: 8202 8197 8186) (700.885 s)
>> 629 (34102: 8399 8415 8386) (699.62 s)
>> 627 (5064: 9877 9885 9819) (698.825 s)
>> 622 (24992: 10587 10584 10555) (698.295 s)
>> 622 (33762: 9396 9387 9337) (692.903 s)
>> 965 (6222: 9296 9396 9309) (693.885 s)
>> 621 (5869: 9470 9517 9485) (691.81 s)
>> 621 (19297: 8139 8144 8116) (689.99 s)
>> 620 (24845: 10127 10048 10122) (674.894 s)
>> 617 (3331: 11332 11324 11313) (689.694 s)
>> 616 (33502: 9830 9852 9816) (685.793 s)
>> 612 (17478: 8715 8687 8662) (683.796 s)
>> 611 (33753: 9437 9413 9383) (684.463 s)
>> 607 (5089: 9863 9898 9848) (680.61 s)
>> 607 (6135: 9352 9372 9344) (681.025 s)
>> 596 (27394: 10987 11038 10983) (680.056 s)
>> 595 (12014: 8529 8526 8517) (678.409 s)
>> 594 (12590: 9027 9057 9029) (676.01 s)
>> 591 (28996: 10020 10024 9996) (673.045 s)
>> 590 (293: 8465 8472 8436) (663.856 s)
>> 590 (26120: 29660 9206 9203) (671.564 s)
>> 587 (22917: 13492 33641 9596) (670.455 s)
>> 586 (19385: 10695 10699 10667) (669.946 s)
>> 583 (5317: 9766 9763 9756) (669.249 s)
>> 578 (5581: 9644 33635 9612) (667 s)
>> 577 (33335: 10455 10469 10414) (664.827 s)
>> 576 (34056: 8462 8478 8440) (664.055 s)
>> 573 (6289: 9235 9296 9264) (659.986 s)
>> 572 (29185: 10331 10292 10280) (661.332 s)
>> 569 (5037: 9892 9903 9882) (658.333 s)
>> 569 (32343: 9830 9741 9722) (657.381 s)
>> 564 (3490: 11269 11218 11198) (654.501 s)
>> 561 (4134: 10787 10812 10740) (653.756 s)
>> 561 (7223: 8565 8579 8566) (651.795 s)
>> 561 (26590: 11405 11406 11296) (651.492 s)
>> 558 (12365: 8678 8685 8614) (645.483 s)
>> 557 (12075: 8335 8349 8338) (649.844 s)
>> 556 (16833: 11344 11405 11348) (649.029 s)
>> 556 (26484: 9947 9924 9910) (648.197 s)
>> 555 (28074: 10532 10621 10512) (645.861 s)
>> 554 (29783: 10080 10112 10092) (643.835 s)
>> 551 (3482: 11217 11220 11141) (646.221 s)
>> 545 (22466: 3498 11282 11230) (647.786 s)
>> 542 (3814: 11016 28769 10971) (646.428 s)
>> 541 (26951: 9375 9338 9335) (648.475 s)
>> 541 (28172: 10455 10440 10432) (577.153 s)
>> 539 (25623: 9549 9558 9470) (576.526 s)
>> 531 (22331: 9818 9847 9768) (574.154 s)
>> 528 (19926: 11431 11450 11417) (572.875 s)
>> 526 (6301: 9256 9291 9235) (572.141 s)
>> 526 (27992: 8309 8313 8306) (571.831 s)
>> 526 (30099: 11435 11466 11429) (569.913 s)
>> 523 (30690: 9493 9489 9428) (567.699 s)
>> 514 (6056: 9358 9399 9382) (566.345 s)
>> 514 (31297: 9670 9684 9682) (567.051 s)
>> 511 (23762: 10188 10331 10213) (610.365 s)
>> 507 (5381: 9694 9712 9644) (615.732 s)
>> 505 (18184: 9270 10199 9282) (615.159 s)
>> 504 (25547: 9322 9437 9357) (614.107 s)
>> 503 (5511: 9624 9685 9641) (613.288 s)
>> 501 (10853: 10859 10869 10852) (610.197 s)
>> 500 (7492: 8404 8399 8387) (609.458 s)
>> 499 (28353: 10151 10148 10161) (609.969 s)
>> 498 (33970: 8897 8936 8918) (608.533 s)
>> 497 (26026: 10764 10818 10782) (607.396 s)
>> 497 (32174: 10394 10437 10377) (605.932 s)
>> 496 (26066: 8335 8330 8323) (604.474 s)
>> 491 (4151: 10767 10796 10723) (603.373 s)
>> 491 (27812: 10407 10410 10392) (602.221 s)
>> 484 (2087: 9005 9033 9031) (600.465 s)
>> 484 (12906: 10587 10606 10559) (599.835 s)
>> 484 (33801: 27840 33805 9256) (597.466 s)
>> 479 (24861: 11456 11444 11431) (597.793 s)
>> 478 (4486: 10473 10532 10475) (595.639 s)
>> 476 (5360: 9711 9766 9723) (595.053 s)
>> 466 (24866: 11147 11145 11169) (594.714 s)
>> 465 (33408: 10150 10062 10147) (591.924 s)
>> 728 (28262: 10171 10150 10455) (590.72 s)
>> 463 (33679: 9540 9553 9539) (589.069 s)
>> 463 (33968: 8910 8896 8922) (589.671 s)
>> 460 (7793: 8251 8283 8249) (589.247 s)
>> 459 (12691: 9860 9893 9877) (587.781 s)
>> 458 (17393: 8869 8820 8810) (586.498 s)
>> 451 (24089: 10068 10117 10063) (584.642 s)
>> 451 (28646: 29660 9251 9225) (584.052 s)
>> 448 (18127: 9145 9137 9064) (582.67 s)
>> 446 (33329: 10438 27501 10428) (582.051 s)
>> 442 (4925: 10084 10026 9991) (579.558 s)
>> 432 (11471: 11470 11473 11435) (578.393 s)
>> 428 (17682: 8118 8208 8194) (576.815 s)
>> 424 (26432: 10127 10076 10075) (575.627 s)
>> 422 (12921: 8723 8731 8727) (572.321 s)
>> 421 (16289: 8814 8865 8842) (573.71 s)
>> 421 (24231: 10127 10104 10163) (572.741 s)
>> 420 (29516: 8696 8657 8626) (570.969 s)
>> 418 (31722: 9670 9666 9658) (570.604 s)
>> 408 (31222: 29660 9232 9193) (569.918 s)
>> 405 (27996: 27997 29780 8205) (568.649 s)
>> 404 (29028: 8494 7294 8498) (567.382 s)
>> 403 (30476: 11160 11154 11147) (565.772 s)
>> 399 (30392: 9472 9496 9479) (565.078 s)
>> 396 (7439: 8433 8453 8427) (564.117 s)
>> 395 (4626: 10356 10369 10335) (562.643 s)
>> 392 (5338: 9725 9746 9687) (562.642 s)
>> 856 (5306: 9796 9759 9725) (561.37 s)
>> 392 (27639: 9912 9993 9986) (559.183 s)
>> 478 (27356: 9994 10015 9912) (558.425 s)
>> 391 (12823: 8068 8103 8074) (556.834 s)
>> 389 (30524: 10967 10972 10927) (556.649 s)
>> 387 (9780: 9681 9789 9778) (555.573 s)
>> 386 (740: 9932 9890 9860) (554.788 s)
>> 384 (7545: 8393 8406 8385) (553.068 s)
>> 381 (29336: 10857 11122 10438) (552.648 s)
>> 380 (32306: 9850 9858 9821) (551.595 s)
>> 1124 (32324: 9711 9850 9802) (551.302 s)
>> 379 (4961: 9956 9970 9930) (549.596 s)
>> 378 (6516: 9114 9145 9138) (547.963 s)
>> 368 (19894: 11484 11485 11470) (547.157 s)
>> 367 (22279: 10484 22278 10520) (547.028 s)
>> 367 (24118: 9427 9425 9402) (539.634 s)
>> 365 (31592: 9247 31035 27840) (544.57 s)
>> 390 (6266: 9247 9300 9277) (543.09 s)
>> 362 (28158: 11160 23404 11100) (542.374 s)
>> 361 (28611: 11217 11224 11211) (540.847 s)
>> 355 (7101: 8743 34012 8879) (539.411 s)
>> 353 (17080: 11358 11361 11337) (538.436 s)
>> 351 (11681: 8780 8778 8786) (536.771 s)
>> 350 (26189: 10175 10188 10127) (536.363 s)
>> 349 (11709: 8088 8100 11708) (535.739 s)
>> 346 (26812: 8748 8754 8723) (534.402 s)
>> 346 (28008: 11123 33188 10790) (533.378 s)
>> 344 (28160: 9642 9681 9671) (532.396 s)
>> 343 (23753: 8547 8536 8548) (527.804 s)
>> 343 (25800: 9478 9540 9501) (530.169 s)
>> 331 (23667: 10709 23685 10689) (528.862 s)
>> 359 (19211: 10598 10709 10601) (526.988 s)
>> 330 (11533: 9114 9065 9056) (527.242 s)
>> 318 (3825: 3824 11031 11002) (522.137 s)
>> 318 (7547: 8392 8404 8376) (524.63 s)
>> 317 (4495: 10343 10454 10265) (523.733 s)
>> 316 (29447: 10537 10560 10548) (522.43 s)
>> 316 (33402: 10152 10175 10165) (520.74 s)
>> 313 (28418: 11160 11186 11178) (518.798 s)
>> 311 (29411: 8508 8529 8516) (517.165 s)
>> 311 (29461: 8297 8308 8295) (516.309 s)
>> 311 (30057: 8229 8238 8216) (515.204 s)
>> 309 (23231: 9246 9234 9268) (514.45 s)
>> 307 (26880: 10380 10458 10411) (513.652 s)
>> 303 (25116: 8678 8544 8518) (512.611 s)
>> 293 (23632: 10900 10889 10935) (511.824 s)
>> 292 (4863: 26792 10073 10064) (510.751 s)
>> 291 (22976: 9600 9607 9577) (509.656 s)
>> 289 (4929: 9956 10069 9995) (509.061 s)
>> 287 (6748: 9009 9003 9001) (507.312 s)
>> 281 (4938: 10020 9992 9975) (506.259 s)
>> 273 (24161: 9830 9932 9824) (505.305 s)
>> 270 (4102: 10967 10833 10825) (504.54 s)
>> 270 (12104: 8893 8886 8880) (503.57 s)
>> 265 (30703: 26792 10145 10088) (502.163 s)
>> 255 (5765: 9478 9536 9509) (501.437 s)
>> 253 (3210: 11373 11456 11380) (500.254 s)
>> 250 (873: 10877 10871 10824) (499.453 s)
>> 244 (31338: 8373 8400 8394) (491.223 s)
>> 244 (31611: 8960 8987 8931) (496.983 s)
>> 242 (1141: 9174 9247 9246) (495.893 s)
>> 239 (22707: 8068 8085 8084) (494.564 s)
>> 467 (11828: 8133 8161 8068) (493.121 s)
>> 237 (26364: 9642 9717 9748) (492.681 s)
>> 237 (27944: 9476 33701 9472) (491.421 s)
>> 236 (21935: 9375 9389 9365) (490.652 s)
>> 234 (22781: 26729 10960 10958) (489.803 s)
>> 229 (24825: 10171 10493 10479) (487.881 s)
>> 229 (29573: 10253 10507 10283) (485.711 s)
>> 228 (7339: 8477 8482 8459) (486.476 s)
>> 228 (33933: 8976 9002 8965) (486.211 s)
>> 224 (24930: 8164 8163 8133) (484.246 s)
>> 222 (28631: 26792 10171 10035) (483.367 s)
>> 221 (3551: 11176 11182 11163) (483.272 s)
>> 214 (6867: 8929 8942 8910) (484.266 s)
>> 213 (19028: 8567 8678 8562) (481.289 s)
>> 206 (28995: 10034 10052 10020) (479.665 s)
>> 204 (11637: 9327 9376 9298) (478.264 s)
>> 201 (1392: 8373 8420 8379) (477.7 s)
>> 196 (22258: 11402 11430 11427) (476.306 s)
>> 189 (33251: 10816 10717 10657) (475.208 s)
>> 185 (31991: 10857 11087 11003) (474.412 s)
>> 183 (33910: 6719 9034 9025) (473.247 s)
>> 180 (25704: 27445 27997 8202) (472.859 s)
>> 179 (31782: 8556 8552 8551) (471.725 s)
>> 179 (34071: 8433 8481 8465) (469.379 s)
>> 171 (5603: 9603 9694 9598) (470.132 s)
>> 170 (1198: 10057 10077 10047) (468.831 s)
>> 166 (29005: 11344 11312 11273) (467.974 s)
>> 164 (31425: 9358 9359 9310) (466.906 s)
>> 163 (19088: 8134 8131 8125) (461.752 s)
>> 161 (34258: 8076 8094 8077) (465.226 s)
>> 159 (23144: 10273 26792 10202) (465.071 s)
>> 156 (7803: 8248 8251 8247) (460.753 s)
>> 148 (7226: 8565 11715 8561) (462.875 s)
>> 146 (28783: 11373 11463 11460) (458.662 s)
>> 134 (25418: 10486 10417 10394) (460.758 s)
>> 132 (4459: 10483 10477 10473) (460.016 s)
>> 128 (23563: 11422 11402 11384) (458.476 s)
>> 107 (7363: 8460 8441 8433) (458.494 s)
>> 98 (7854: 8217 27445 8228) (457.858 s)
>> 95 (24738: 10749 10804 10720) (455.999 s)
>> 90 (22582: 8207 8221 8217) (454.607 s)
>> 68 (5716: 9518 9535 9527) (454.105 s)
>> 67 (6115: 9374 9391 9358) (454.152 s)
>> 64 (29801: 10856 10865 10591) (451.685 s)
>> 60 (28678: 8976 6719 9019) (451.694 s)
>> 59 (33114: 11137 11168 11099) (450.865 s)
>> 53 (33261: 10665 10750 10745) (450.534 s)
>> 51 (25583: 10350 10382 10342) (449.754 s)
>> 46 (4793: 29796 10159 10160) (448.994 s)
>> 44 (25798: 10956 11014 10964) (447.507 s)
>> 43 (17897: 10506 10516 10483) (446.698 s)
>> 43 (31479: 8135 8118 8129) (445.542 s)
>> 42 (20327: 11936 31115 8542) (445.002 s)
>> 41 (11974: 8226 8232 8223) (444.392 s)
>> 36 (3555: 11204 11249 11181) (442.879 s)
>> 36 (19835: 11283 11308 11254) (443.025 s)
>> 35 (22589: 9959 9949 9938) (442.524 s)
>> 34 (3223: 11373 11360 11369) (440.702 s)
>> 33 (8032: 8057 8058 8049) (440.412 s)
>> 29 (6663: 9042 9005 8976) (439.596 s)
>> 27 (5746: 9520 9526 9478) (438.259 s)
>> 25 (12787: 29003 8354 8353) (437.076 s)
>> 22 (8026: 8061 24973 8057) (436.349 s)
>> 22 (31562: 10439 10404 10412) (435.127 s)
>> 20 (26063: 8226 8222 8218) (434.55 s)
>> 18 (24309: 9804 9757 9670) (434.1 s)
>> 15 (27498: 9982 33481 9994) (433.097 s)
>> 14 (23520: 9242 9261 9248) (432.134 s)
>> 14 (25276: 9851 9875 9796) (431.109 s)
>> 12 (4116: 33248 10870 10598) (430.272 s)
>> 2 (6088: 9369 9386 9374) (429.325 s)
>> 2 (25391: 10249 10231 10222) (427.903 s)
>> 0 (-1: -1 -1 -1) (427.653 s)
Zelikovsky- 1.51098e+06 s
>>> get_solution
  refine_solution: new weight 773366014 (was 773386355) in 0.016397 s
  refine_solution: new weight 773366014 (was 773366014) in 0.016449 s
>>> get_solution
  refine_solution: new weight 773858206 (was 774106173) in 0.016398 s
  refine_solution: new weight 773832906 (was 773858206) in 0.016522 s
  refine_solution: new weight 773831127 (was 773832906) in 0.016345 s
  refine_solution: new weight 773830700 (was 773831127) in 0.016461 s
  refine_solution: new weight 773830700 (was 773830700) in 0.016815 s
0,,34270,50725,2903,,0,0,,774106173,773830700,773638820,773386355,773366014,,0,0,@@

  delete_edges: deleted 191 edges in 0.015718 s and 2 rounds
  handle_small_Steiner_degrees: steiner 2, suppress 327 in 0.000276 s
Starting round 1
contract_till_the_bitter_end interrupted
contract_till_the_bitter_end: 1.56914e+06 s

Calling end_heu
>>> get_solution
Saved weight 559189468
end_heu: 0 loops with 0 unique solutions in 0.003653 s

Calling print_solution
>>> get_solution
  refine_solution: new weight 773863711 (was 774105648) in 0.028781 s
Oops orig weight was 774105648 but we got 773863711
## FINAL WEIGHT 773863711
print_solution: 0.05551 s
