Version: final-94-gfffc3aa rub_all.sh: remove longest prefix
Random seed: 1558157450
Start
>>> save_orig_graph
>> Saved weight 0
Graph loaded
|V| = 10394, |E| = 18043, |R| = 104
First clearance of the input. Calling buy_zero and run_all_heuristics.
  buy_zero: 0 zero edges in 2.1e-05 s
  handle_small_terminal_degrees: terms 0 in 9e-06 s
  handle_small_Steiner_degrees: steiner 26, suppress 605 in 0.000145 s
  shortest_edge_between_terminals: 0 edges in 2e-06 s
  handle_small_terminal_degrees: terms 0 in 8e-06 s
  handle_small_Steiner_degrees: steiner 0, suppress 2 in 1.3e-05 s
  shortest_edge_between_terminals: 0 edges in 1e-06 s
  handle_small_terminal_degrees: terms 0 in 7e-06 s
  handle_small_Steiner_degrees: steiner 0, suppress 0 in 1.3e-05 s
  shortest_edge_between_terminals: 0 edges in 2e-06 s
Compressed graph 10394 -> 9760
  delete_edges: deleted 36 edges in 0.000938 s and 2 rounds
  handle_small_terminal_degrees: terms 0 in 7e-06 s
  handle_small_Steiner_degrees: steiner 2, suppress 51 in 2.4e-05 s
  shortest_edge_between_terminals: 0 edges in 2e-06 s
  handle_small_terminal_degrees: terms 0 in 7e-06 s
  handle_small_Steiner_degrees: steiner 0, suppress 0 in 1.2e-05 s
  shortest_edge_between_terminals: 0 edges in 2e-06 s
Compressed graph 9760 -> 9707
  delete_edges_shortest_path: deleted 35 edges in 0.039568 s
  handle_small_terminal_degrees: terms 0 in 7e-06 s
  handle_small_Steiner_degrees: steiner 3, suppress 41 in 2.3e-05 s
  shortest_edge_between_terminals: 0 edges in 2e-06 s
  handle_small_terminal_degrees: terms 0 in 7e-06 s
  handle_small_Steiner_degrees: steiner 0, suppress 0 in 1.2e-05 s
  shortest_edge_between_terminals: 0 edges in 2e-06 s
Compressed graph 9707 -> 9663
  handle_small_terminal_degrees: terms 0 in 7e-06 s
  handle_small_Steiner_degrees: steiner 0, suppress 0 in 1e-05 s
  shortest_edge_between_terminals: 0 edges in 3e-06 s
Compressed graph 9663 -> 9635
  delete_edges_shortest_path: deleted 26 edges in 0.038714 s
  handle_small_terminal_degrees: terms 0 in 7e-06 s
  handle_small_Steiner_degrees: steiner 1, suppress 34 in 2.3e-05 s
  shortest_edge_between_terminals: 0 edges in 3e-06 s
  handle_small_terminal_degrees: terms 0 in 7e-06 s
  handle_small_Steiner_degrees: steiner 0, suppress 0 in 1.2e-05 s
  shortest_edge_between_terminals: 0 edges in 1e-06 s
Compressed graph 9635 -> 9600
Compressed graph 9600 -> 9600
>>> save_orig_graph
>> Saved weight 140
### ZEL_LVL=9 PRECISE_STARS=1

Calling `contract_till_the_bitter_end`
|V| = 9600, |E| = 17140, |R| = 90
>> 31 (4899: 4402 4756 4402) (0.004261 s)
>> 25 (4141: 4017 4146 4017) (0.004086 s)
>> 20 (6384: 5387 6390 5387) (0.004094 s)
>> 20 (9032: 8818 9029 8818) (0.004121 s)
>> 18 (8276: 8027 8272 8027) (0.004066 s)
>> 18 (9044: 8830 9153 8830) (0.004063 s)
>> 13 (8870: 8756 8761 8756) (0.004013 s)
>> 13 (8947: 8727 8941 8727) (0.003972 s)
>> 13 (8991: 8882 8987 8882) (0.003989 s)
>> 13 (9012: 8902 9008 8902) (0.003931 s)
>> 13 (9015: 8799 9129 8799) (0.003946 s)
>> 13 (9016: 8909 9130 8909) (0.003878 s)
>> 10 (7240: 6990 7237 6990) (0.003865 s)
>> 10 (5647: 4385 5642 4385) (0.003823 s)
>> 10 (7250: 7111 7252 7111) (0.003771 s)
>> 10 (7638: 7511 7636 7511) (0.003752 s)
>> 10 (7646: 7644 7648 7644) (0.00376 s)
>> 10 (7654: 7652 7660 7652) (0.003723 s)
>> 10 (7743: 7482 7745 7482) (0.003745 s)
>> 10 (8009: 7770 8005 7770) (0.003758 s)
>> 10 (8115: 7990 8113 7990) (0.003699 s)
>> 10 (8783: 8658 8781 8658) (0.003734 s)
>> 10 (8862: 8620 8858 8620) (0.003678 s)
>> 6 (8643: 8639 8649 8639) (0.003641 s)
>> 5 (8876: 8766 8875 8766) (0.00352 s)
>> 0 (-1: -1 -1 -1) (0.00348 s)
Zelikovsky 9.20977 s
>> 31 (4899: 4756 8799 4402) (9.59194 s)
>> 25 (4141: 4146 4385 4017) (10.008 s)
>> 20 (6384: 6390 7256 5387) (9.99141 s)
>> 20 (9032: 8818 9257 9029) (10.0842 s)
>> 18 (8276: 8272 8537 8027) (10.0829 s)
>> 18 (9044: 9157 9153 8830) (10.0657 s)
>> 13 (4409: 4518 4756 4059) (10.0562 s)
>> 13 (8870: 8980 8761 8756) (10.1444 s)
>> 13 (8947: 9056 8941 8727) (10.1437 s)
>> 13 (8991: 9095 8987 8882) (10.1296 s)
>> 13 (9012: 8902 9129 9008) (10.1196 s)
>> 13 (9015: 9130 9131 8902) (10.1067 s)
>> 10 (7240: 7237 7511 6990) (10.0919 s)
>> 10 (7250: 7252 7648 7111) (10.0804 s)
>> 10 (7638: 7636 7764 7237) (10.0875 s)
>> 10 (7646: 7644 7770 7252) (10.0746 s)
>> 10 (7654: 7652 7776 7660) (10.0724 s)
>> 10 (7743: 7745 7982 7482) (10.0579 s)
>> 10 (8009: 8135 8005 7644) (10.0578 s)
>> 10 (8115: 8113 8363 7990) (10.0643 s)
>> 10 (8763: 8980 8875 8766) (10.0647 s)
>> 10 (8783: 8781 8890 8658) (10.0564 s)
>> 8 (8770: 9095 8773 8639) (10.0458 s)
>> 7 (8862: 8858 9077 8620) (10.04 s)
>> 5 (8496: 8497 8980 8113) (10.047 s)
>> 5 (8886: 8885 9101 8649) (10.0398 s)
>> 0 (-1: -1 -1 -1) (10.0332 s)
Zelikovsky- 271.469 s
>>> get_solution
  refine_solution: new weight 4331 (was 4346) in 0.0015 s
  refine_solution: new weight 4331 (was 4331) in 0.001568 s
>>> get_solution
  refine_solution: new weight 4538 (was 4553) in 0.001643 s
  refine_solution: new weight 4538 (was 4538) in 0.00149 s
0,,9600,17140,90,,0,0,,4553,4538,4379,4346,4331,,0,0,@@

  delete_edges: deleted 21 edges in 0.000974 s and 2 rounds
  handle_small_Steiner_degrees: steiner 0, suppress 25 in 2.5e-05 s
Starting round 1
Found 25 isolated vertices
Invalid ratios recomputed: 9575
Best ratio is 33/2 (16.5), centered at 7644
Finding the best star... Star with 3 terminals centered in 7770
round took: 2.71358 s
|V| = 9600, |E| = 17087, |R| = 88
>> 31 (4899: 4402 4756 4402) (0.003957 s)
>> 25 (4141: 4017 4146 4017) (0.003937 s)
>> 20 (6384: 5387 6390 5387) (0.003964 s)
>> 20 (9032: 8818 9029 8818) (0.003916 s)
>> 18 (8276: 8027 8272 8027) (0.00392 s)
>> 18 (9044: 8830 9153 8830) (0.003858 s)
>> 13 (8870: 8756 8761 8756) (0.003857 s)
>> 13 (8947: 8727 8941 8727) (0.003874 s)
>> 13 (8991: 8882 8987 8882) (0.003855 s)
>> 13 (9012: 8902 9008 8902) (0.003797 s)
>> 13 (9015: 8799 9129 8799) (0.00379 s)
>> 13 (9016: 8909 9130 8909) (0.003758 s)
>> 10 (7240: 6990 7237 6990) (0.003774 s)
>> 10 (5647: 4385 5642 4385) (0.00372 s)
>> 10 (7254: 7252 7256 7252) (0.003666 s)
>> 10 (7638: 7511 7636 7511) (0.00366 s)
>> 10 (7654: 7652 7660 7652) (0.003655 s)
>> 10 (7743: 7482 7745 7482) (0.003621 s)
>> 10 (8009: 7770 8005 7770) (0.00367 s)
>> 10 (8115: 7990 8113 7990) (0.003638 s)
>> 10 (8783: 8658 8781 8658) (0.003648 s)
>> 10 (8862: 8620 8858 8620) (0.003556 s)
>> 6 (8643: 8639 8649 8639) (0.003519 s)
>> 5 (8876: 8766 8875 8766) (0.003463 s)
>> 0 (-1: -1 -1 -1) (0.003421 s)
Zelikovsky 9.17335 s
>> 31 (4899: 4756 8799 4402) (9.32139 s)
>> 25 (4141: 4146 4385 4017) (9.59416 s)
>> 20 (6384: 6390 7256 5387) (9.57771 s)
>> 20 (9032: 8818 9257 9029) (9.6622 s)
>> 18 (8276: 8272 8537 8027) (9.65874 s)
>> 18 (9044: 9157 9153 8830) (9.63686 s)
>> 13 (4409: 4518 4756 4059) (9.62819 s)
>> 13 (8870: 8980 8761 8756) (9.73208 s)
>> 13 (8947: 9056 8941 8727) (9.73486 s)
>> 13 (8991: 9095 8987 8882) (9.73042 s)
>> 13 (9012: 8902 9129 9008) (9.71858 s)
>> 13 (9015: 9130 9131 8902) (9.71093 s)
>> 10 (7240: 7237 7511 6990) (9.69658 s)
>> 10 (7247: 7111 7770 7252) (9.68701 s)
>> 10 (7638: 7636 7764 7237) (9.7033 s)
>> 10 (7654: 7652 7776 7660) (9.69526 s)
>> 10 (7743: 7745 7982 7482) (9.67722 s)
>> 10 (8009: 8135 8005 7111) (9.6937 s)
>> 10 (8115: 8113 8363 7990) (9.69795 s)
>> 10 (8763: 8980 8875 8766) (9.689 s)
>> 10 (8783: 8781 8890 8658) (9.68027 s)
>> 8 (8770: 9095 8773 8639) (9.67509 s)
>> 7 (8862: 8858 9077 8620) (9.67032 s)
>> 5 (8496: 8497 8980 8113) (9.68212 s)
>> 5 (8886: 8885 9101 8649) (9.67571 s)
>> 0 (-1: -1 -1 -1) (9.66803 s)
Zelikovsky- 251.326 s
>>> get_solution
  refine_solution: new weight 4331 (was 4346) in 0.00151 s
  refine_solution: new weight 4331 (was 4331) in 0.001492 s
>>> get_solution
  refine_solution: new weight 4528 (was 4568) in 0.001585 s
  refine_solution: new weight 4528 (was 4528) in 0.001502 s
1,,9575,17087,88,,9575,0,,4568,4528,4379,4346,4331,,33,3,@@

  handle_small_Steiner_degrees: steiner 0, suppress 2 in 1.5e-05 s
Starting round 2
Found 32 isolated vertices
Invalid ratios recomputed: 5041
Best ratio is 38/2 (19.0), centered at 8761
Finding the best star... Star with 3 terminals centered in 8766
round took: 1.91443 s
|V| = 9600, |E| = 17077, |R| = 86
>> 31 (4899: 4402 4756 4402) (0.00384 s)
>> 25 (4141: 4017 4146 4017) (0.003795 s)
>> 20 (6384: 5387 6390 5387) (0.003782 s)
>> 20 (9032: 8818 9029 8818) (0.003782 s)
>> 18 (8276: 8027 8272 8027) (0.003749 s)
>> 18 (9044: 8830 9153 8830) (0.003727 s)
>> 13 (8870: 8756 8766 8756) (0.003703 s)
>> 13 (8947: 8727 8941 8727) (0.003676 s)
>> 13 (8991: 8882 8987 8882) (0.003668 s)
>> 13 (9012: 8902 9008 8902) (0.003621 s)
>> 13 (9015: 8799 9129 8799) (0.003619 s)
>> 13 (9016: 8909 9130 8909) (0.003596 s)
>> 10 (7240: 6990 7237 6990) (0.003576 s)
>> 10 (5647: 4385 5642 4385) (0.00355 s)
>> 10 (7254: 7252 7256 7252) (0.003469 s)
>> 10 (7638: 7511 7636 7511) (0.003503 s)
>> 10 (7654: 7652 7660 7652) (0.00347 s)
>> 10 (7743: 7482 7745 7482) (0.003455 s)
>> 10 (8009: 7770 8005 7770) (0.003476 s)
>> 10 (8115: 7990 8113 7990) (0.003444 s)
>> 10 (8783: 8658 8781 8658) (0.003466 s)
>> 10 (8862: 8620 8858 8620) (0.003397 s)
>> 6 (8643: 8639 8649 8639) (0.003374 s)
>> 0 (-1: -1 -1 -1) (0.00329 s)
Zelikovsky 9.15052 s
>> 31 (4899: 4756 8799 4402) (9.32479 s)
>> 25 (4141: 4146 4385 4017) (9.56568 s)
>> 20 (6384: 6390 7256 5387) (9.54872 s)
>> 20 (9032: 8818 9257 9029) (9.63082 s)
>> 18 (8276: 8272 8537 8027) (9.62939 s)
>> 18 (9044: 9157 9153 8830) (9.60672 s)
>> 13 (4409: 4518 4756 4059) (9.60922 s)
>> 13 (8870: 8980 8766 8756) (9.70635 s)
>> 13 (8947: 9056 8941 8727) (9.7051 s)
>> 13 (8991: 9095 8987 8882) (9.69881 s)
>> 13 (9012: 8902 9129 9008) (9.68607 s)
>> 13 (9015: 9130 9131 8902) (9.67141 s)
>> 10 (7240: 7237 7511 6990) (9.66062 s)
>> 10 (7247: 7111 7770 7252) (9.65732 s)
>> 10 (7638: 7636 7764 7237) (9.67135 s)
>> 10 (7654: 7652 7776 7660) (9.66884 s)
>> 10 (7743: 7745 7982 7482) (9.65523 s)
>> 10 (8009: 8135 8005 7111) (9.65569 s)
>> 10 (8115: 8113 8363 7990) (9.66505 s)
>> 10 (8783: 8781 8890 8658) (9.66123 s)
>> 8 (8770: 9095 8773 8639) (9.65649 s)
>> 7 (8862: 8858 9077 8620) (9.65141 s)
>> 5 (8496: 8497 8980 8113) (9.65829 s)
>> 5 (8886: 8885 9101 8649) (9.65292 s)
>> 0 (-1: -1 -1 -1) (9.65084 s)
Zelikovsky- 240.976 s
>>> get_solution
  refine_solution: new weight 4331 (was 4346) in 0.001502 s
  refine_solution: new weight 4331 (was 4331) in 0.001496 s
>>> get_solution
  refine_solution: new weight 4538 (was 4568) in 0.001576 s
  refine_solution: new weight 4538 (was 4538) in 0.001496 s
2,,9568,17077,86,,5041,0,,4568,4538,4371,4346,4331,,38,3,@@

  handle_small_Steiner_degrees: steiner 0, suppress 1 in 1.4e-05 s
Starting round 3
Found 39 isolated vertices
Invalid ratios recomputed: 5058
Best ratio is 20/1 (20.0), centered at 7252
Finding the best star... Star with 2 terminals centered in 7256
round took: 1.89113 s
|V| = 9600, |E| = 17072, |R| = 85
>> 31 (4899: 4402 4756 4402) (0.003746 s)
>> 25 (4141: 4017 4146 4017) (0.003687 s)
>> 20 (6384: 5387 6390 5387) (0.003667 s)
>> 20 (9032: 8818 9029 8818) (0.003717 s)
>> 18 (8276: 8027 8272 8027) (0.003669 s)
>> 18 (9044: 8830 9153 8830) (0.003629 s)
>> 13 (8870: 8756 8766 8756) (0.003644 s)
>> 13 (8947: 8727 8941 8727) (0.003611 s)
>> 13 (8991: 8882 8987 8882) (0.003564 s)
>> 13 (9012: 8902 9008 8902) (0.003524 s)
>> 13 (9015: 8799 9129 8799) (0.003503 s)
>> 13 (9016: 8909 9130 8909) (0.003535 s)
>> 10 (7240: 6990 7237 6990) (0.003499 s)
>> 10 (5647: 4385 5642 4385) (0.003457 s)
>> 10 (7638: 7511 7636 7511) (0.003385 s)
>> 10 (7654: 7652 7660 7652) (0.003421 s)
>> 10 (7247: 7111 7256 7111) (0.003378 s)
>> 10 (7743: 7482 7745 7482) (0.0034 s)
>> 10 (8009: 7770 8005 7770) (0.003371 s)
>> 10 (8115: 7990 8113 7990) (0.003338 s)
>> 10 (8783: 8658 8781 8658) (0.003301 s)
>> 10 (8862: 8620 8858 8620) (0.00331 s)
>> 6 (8643: 8639 8649 8639) (0.00327 s)
>> 0 (-1: -1 -1 -1) (0.003218 s)
Zelikovsky 9.16147 s
>> 31 (4899: 4756 8799 4402) (9.27636 s)
>> 25 (4141: 4146 4385 4017) (9.54912 s)
>> 20 (6384: 6390 7256 5387) (9.53553 s)
>> 20 (9032: 8818 9257 9029) (9.62108 s)
>> 18 (8276: 8272 8537 8027) (9.62885 s)
>> 18 (9044: 9157 9153 8830) (9.64625 s)
>> 13 (4409: 4518 4756 4059) (9.60883 s)
>> 13 (8870: 8980 8766 8756) (9.70388 s)
>> 13 (8947: 9056 8941 8727) (9.70029 s)
>> 13 (8991: 9095 8987 8882) (9.69594 s)
>> 13 (9012: 8902 9129 9008) (9.68038 s)
>> 13 (9015: 9130 9131 8902) (9.67202 s)
>> 10 (7240: 7237 7511 6990) (9.6637 s)
>> 10 (7638: 7636 7764 7237) (9.64722 s)
>> 10 (7654: 7652 7776 7660) (9.64092 s)
>> 10 (7743: 7745 7982 7482) (9.63773 s)
>> 10 (8009: 8135 8005 7770) (9.64111 s)
>> 10 (8115: 8113 8363 7990) (9.64459 s)
>> 10 (8783: 8781 8890 8658) (9.64142 s)
>> 8 (8770: 9095 8773 8639) (9.63654 s)
>> 7 (8862: 8858 9077 8620) (9.63981 s)
>> 5 (8496: 8497 8980 8113) (9.64373 s)
>> 5 (8886: 8885 9101 8649) (9.63504 s)
>> 0 (-1: -1 -1 -1) (9.62857 s)
Zelikovsky- 231.046 s
>>> get_solution
  refine_solution: new weight 4334 (was 4344) in 0.0015 s
  refine_solution: new weight 4334 (was 4334) in 0.001508 s
>>> get_solution
  refine_solution: new weight 4530 (was 4555) in 0.001593 s
  refine_solution: new weight 4525 (was 4530) in 0.001489 s
  refine_solution: new weight 4525 (was 4525) in 0.001485 s
3,,9561,17072,85,,5058,0,,4555,4525,4366,4344,4334,,20,2,@@

  handle_small_Steiner_degrees: steiner 0, suppress 0 in 1.2e-05 s
Starting round 4
Found 43 isolated vertices
Invalid ratios recomputed: 4958
Best ratio is 20/1 (20.0), centered at 7511
Finding the best star... Star with 2 terminals centered in 7515
round took: 1.91581 s
|V| = 9600, |E| = 17068, |R| = 84
>> 31 (4899: 4402 4756 4402) (0.003687 s)
>> 25 (4141: 4017 4146 4017) (0.003616 s)
>> 20 (6384: 5387 6390 5387) (0.003621 s)
>> 20 (9032: 8818 9029 8818) (0.003627 s)
>> 18 (8276: 8027 8272 8027) (0.00361 s)
>> 18 (9044: 8830 9153 8830) (0.003569 s)
>> 13 (8870: 8756 8766 8756) (0.003599 s)
>> 13 (8947: 8727 8941 8727) (0.003528 s)
>> 13 (8991: 8882 8987 8882) (0.003501 s)
>> 13 (9012: 8902 9008 8902) (0.003462 s)
>> 13 (9015: 8799 9129 8799) (0.003469 s)
>> 13 (9016: 8909 9130 8909) (0.003415 s)
>> 10 (7240: 6990 7237 6990) (0.003413 s)
>> 10 (5647: 4385 5642 4385) (0.003403 s)
>> 10 (7638: 7515 7636 7515) (0.003311 s)
>> 10 (7654: 7652 7660 7652) (0.003304 s)
>> 10 (7247: 7111 7256 7111) (0.003292 s)
>> 10 (7743: 7482 7745 7482) (0.003282 s)
>> 10 (8009: 7770 8005 7770) (0.003254 s)
>> 10 (8115: 7990 8113 7990) (0.003212 s)
>> 10 (8783: 8658 8781 8658) (0.003233 s)
>> 10 (8862: 8620 8858 8620) (0.003223 s)
>> 6 (8643: 8639 8649 8639) (0.003148 s)
>> 0 (-1: -1 -1 -1) (0.003126 s)
Zelikovsky 9.01188 s
>> 31 (4899: 4756 8799 4402) (9.27127 s)
>> 25 (4141: 4146 4385 4017) (9.55335 s)
>> 20 (6384: 6390 7256 5387) (9.53264 s)
>> 20 (9032: 8818 9257 9029) (9.63171 s)
>> 18 (8276: 8272 8537 8027) (9.62951 s)
>> 18 (9044: 9157 9153 8830) (9.61561 s)
>> 13 (4409: 4518 4756 4059) (9.60955 s)
>> 13 (8870: 8980 8766 8756) (9.70621 s)
>> 13 (8947: 9056 8941 8727) (9.70139 s)
>> 13 (8991: 9095 8987 8882) (9.70047 s)
>> 13 (9012: 8902 9129 9008) (9.68116 s)
>> 13 (9015: 9130 9131 8902) (9.69774 s)
>> 10 (7240: 7237 7515 6990) (9.66699 s)
>> 10 (7638: 7636 7764 7237) (9.65389 s)
>> 10 (7654: 7652 7776 7660) (9.655 s)
>> 10 (7743: 7745 7982 7482) (9.65024 s)
>> 10 (8009: 8135 8005 7770) (9.65989 s)
>> 10 (8115: 8113 8363 7990) (9.65162 s)
>> 10 (8783: 8781 8890 8658) (9.64929 s)
>> 8 (8770: 9095 8773 8639) (9.64256 s)
>> 7 (8862: 8858 9077 8620) (9.64001 s)
>> 5 (8496: 8497 8980 8113) (9.64932 s)
>> 5 (8886: 8885 9101 8649) (9.64441 s)
>> 0 (-1: -1 -1 -1) (9.64325 s)
Zelikovsky- 231.164 s
>>> get_solution
  refine_solution: new weight 4334 (was 4344) in 0.001501 s
  refine_solution: new weight 4334 (was 4334) in 0.001501 s
>>> get_solution
  refine_solution: new weight 4553 (was 4568) in 0.001583 s
  refine_solution: new weight 4553 (was 4553) in 0.00148 s
4,,9557,17068,84,,4958,0,,4568,4553,4366,4344,4334,,20,2,@@

  handle_small_Steiner_degrees: steiner 0, suppress 0 in 1.2e-05 s
Starting round 5
Found 47 isolated vertices
Invalid ratios recomputed: 5371
Best ratio is 20/1 (20.0), centered at 7649
Finding the best star... Star with 2 terminals centered in 7652
round took: 2.02306 s
|V| = 9600, |E| = 17064, |R| = 83
>> 31 (4899: 4402 4756 4402) (0.003619 s)
>> 25 (4141: 4017 4146 4017) (0.003567 s)
>> 20 (6384: 5387 6390 5387) (0.003553 s)
>> 20 (9032: 8818 9029 8818) (0.003553 s)
>> 18 (8276: 8027 8272 8027) (0.003538 s)
>> 18 (9044: 8830 9153 8830) (0.003501 s)
>> 13 (8870: 8756 8766 8756) (0.003507 s)
>> 13 (8947: 8727 8941 8727) (0.003464 s)
>> 13 (8991: 8882 8987 8882) (0.003423 s)
>> 13 (9012: 8902 9008 8902) (0.003394 s)
>> 13 (9015: 8799 9129 8799) (0.003381 s)
>> 13 (9016: 8909 9130 8909) (0.00339 s)
>> 10 (7240: 6990 7237 6990) (0.003356 s)
>> 10 (5647: 4385 5642 4385) (0.003319 s)
>> 10 (7638: 7515 7636 7515) (0.003245 s)
>> 10 (7654: 7652 7660 7652) (0.003237 s)
>> 10 (7743: 7482 7745 7482) (0.003228 s)
>> 10 (8115: 7990 8113 7990) (0.003236 s)
>> 10 (8783: 8658 8781 8658) (0.003233 s)
>> 10 (8862: 8620 8858 8620) (0.003215 s)
>> 6 (8643: 8639 8649 8639) (0.003151 s)
>> 0 (-1: -1 -1 -1) (0.003109 s)
Zelikovsky 9.02238 s
>> 31 (4899: 4756 8799 4402) (9.25262 s)
>> 25 (4141: 4146 4385 4017) (9.51525 s)
>> 20 (6384: 6390 7256 5387) (9.4986 s)
>> 20 (9032: 8818 9257 9029) (9.60102 s)
>> 18 (8276: 8272 8537 8027) (9.59553 s)
>> 18 (9044: 9157 9153 8830) (9.58864 s)
>> 13 (4409: 4518 4756 4059) (9.57828 s)
>> 13 (8870: 8980 8766 8756) (9.6785 s)
>> 13 (8947: 9056 8941 8727) (9.67385 s)
>> 13 (8991: 9095 8987 8882) (9.66764 s)
>> 13 (9012: 8902 9129 9008) (9.66029 s)
>> 13 (9015: 9130 9131 8902) (9.64731 s)
>> 10 (7240: 7237 7515 6990) (9.63835 s)
>> 10 (7638: 7636 7764 7237) (9.62811 s)
>> 10 (7654: 7652 7776 7660) (9.63217 s)
>> 10 (7743: 7745 7982 7482) (9.6248 s)
>> 10 (8009: 8135 8005 7652) (9.6332 s)
>> 10 (8115: 8113 8363 7990) (9.63527 s)
>> 10 (8783: 8781 8890 8658) (9.63391 s)
>> 8 (8770: 9095 8773 8639) (9.62401 s)
>> 7 (8862: 8858 9077 8620) (9.62145 s)
>> 5 (8496: 8497 8980 8113) (9.62968 s)
>> 5 (8886: 8885 9101 8649) (9.62495 s)
>> 0 (-1: -1 -1 -1) (9.62359 s)
Zelikovsky- 230.533 s
>>> get_solution
  refine_solution: new weight 4334 (was 4344) in 0.001506 s
  refine_solution: new weight 4334 (was 4334) in 0.001493 s
>>> get_solution
  refine_solution: new weight 4523 (was 4563) in 0.001576 s
  refine_solution: new weight 4523 (was 4523) in 0.001468 s
5,,9553,17064,83,,5371,0,,4563,4523,4376,4344,4334,,20,2,@@

  handle_small_Steiner_degrees: steiner 0, suppress 0 in 1.2e-05 s
Starting round 6
Found 51 isolated vertices
Invalid ratios recomputed: 5233
Best ratio is 20/1 (20.0), centered at 8001
Finding the best star... Star with 2 terminals centered in 8005
round took: 1.98599 s
|V| = 9600, |E| = 17060, |R| = 82
>> 31 (4899: 4402 4756 4402) (0.003544 s)
>> 25 (4141: 4017 4146 4017) (0.003491 s)
>> 20 (6384: 5387 6390 5387) (0.003515 s)
>> 20 (9032: 8818 9029 8818) (0.003485 s)
>> 18 (8276: 8027 8272 8027) (0.003478 s)
>> 18 (9044: 8830 9153 8830) (0.00346 s)
>> 13 (8870: 8756 8766 8756) (0.003433 s)
>> 13 (8947: 8727 8941 8727) (0.003382 s)
>> 13 (8991: 8882 8987 8882) (0.003427 s)
>> 13 (9012: 8902 9008 8902) (0.003392 s)
>> 13 (9015: 8799 9129 8799) (0.003317 s)
>> 13 (9016: 8909 9130 8909) (0.003321 s)
>> 10 (7240: 6990 7237 6990) (0.003293 s)
>> 10 (5647: 4385 5642 4385) (0.003239 s)
>> 10 (7638: 7515 7636 7515) (0.003197 s)
>> 10 (7654: 7652 7660 7652) (0.003177 s)
>> 10 (7743: 7482 7745 7482) (0.003186 s)
>> 10 (8115: 7990 8113 7990) (0.003178 s)
>> 10 (8783: 8658 8781 8658) (0.003166 s)
>> 10 (8862: 8620 8858 8620) (0.003146 s)
>> 6 (8643: 8639 8649 8639) (0.003116 s)
>> 0 (-1: -1 -1 -1) (0.003063 s)
Zelikovsky 8.95862 s
>> 31 (4899: 4756 8799 4402) (9.21966 s)
>> 25 (4141: 4146 4385 4017) (9.4965 s)
>> 20 (6384: 6390 7256 5387) (9.48189 s)
>> 20 (9032: 8818 9257 9029) (9.57408 s)
>> 18 (8276: 8272 8537 8027) (9.58236 s)
>> 18 (9044: 9157 9153 8830) (9.57095 s)
>> 13 (4409: 4518 4756 4059) (9.5645 s)
>> 13 (8870: 8980 8766 8756) (9.65655 s)
>> 13 (8947: 9056 8941 8727) (9.6601 s)
>> 13 (8991: 9095 8987 8882) (9.65689 s)
>> 13 (9012: 8902 9129 9008) (9.64794 s)
>> 13 (9015: 9130 9131 8902) (9.63224 s)
>> 10 (7240: 7237 7515 6990) (9.62375 s)
>> 10 (7638: 7636 7764 7237) (9.62006 s)
>> 10 (7654: 7652 7776 7660) (9.61351 s)
>> 10 (7743: 7745 7982 7482) (9.59904 s)
>> 10 (8009: 8135 8005 7652) (9.60755 s)
>> 10 (8115: 8113 8363 7990) (9.61778 s)
>> 10 (8783: 8781 8890 8658) (9.61314 s)
>> 8 (8770: 9095 8773 8639) (9.60584 s)
>> 7 (8862: 8858 9077 8620) (9.60196 s)
>> 5 (8496: 8497 8980 8113) (9.61008 s)
>> 5 (8886: 8885 9101 8649) (9.60546 s)
>> 0 (-1: -1 -1 -1) (9.60668 s)
Zelikovsky- 230.095 s
>>> get_solution
  refine_solution: new weight 4334 (was 4344) in 0.001506 s
  refine_solution: new weight 4334 (was 4334) in 0.001496 s
>>> get_solution
  refine_solution: new weight 4553 (was 4568) in 0.001573 s
  refine_solution: new weight 4553 (was 4553) in 0.001495 s
6,,9549,17060,82,,5233,0,,4568,4553,4376,4344,4334,,20,2,@@

  handle_small_Steiner_degrees: steiner 0, suppress 0 in 1.2e-05 s
Starting round 7
Found 55 isolated vertices
Invalid ratios recomputed: 5160
Best ratio is 20/1 (20.0), centered at 8961
Finding the best star... Star with 2 terminals centered in 8965
round took: 1.94377 s
|V| = 9600, |E| = 17056, |R| = 81
>> 31 (4899: 4402 4756 4402) (0.003485 s)
>> 25 (4141: 4017 4146 4017) (0.003421 s)
>> 20 (6384: 5387 6390 5387) (0.003421 s)
>> 20 (9032: 8818 9029 8818) (0.003394 s)
>> 18 (8276: 8027 8272 8027) (0.003459 s)
>> 18 (9044: 8830 9153 8830) (0.00337 s)
>> 13 (8870: 8756 8766 8756) (0.003366 s)
>> 13 (8947: 8727 8941 8727) (0.003319 s)
>> 13 (8991: 8882 8987 8882) (0.00334 s)
>> 13 (9012: 8902 9008 8902) (0.003265 s)
>> 13 (9015: 8799 9129 8799) (0.003246 s)
>> 13 (9016: 8909 9130 8909) (0.003224 s)
>> 10 (7240: 6990 7237 6990) (0.003224 s)
>> 10 (5647: 4385 5642 4385) (0.003189 s)
>> 10 (7638: 7515 7636 7515) (0.003125 s)
>> 10 (7654: 7652 7660 7652) (0.003111 s)
>> 10 (7743: 7482 7745 7482) (0.003087 s)
>> 10 (8115: 7990 8113 7990) (0.003101 s)
>> 10 (8783: 8658 8781 8658) (0.003117 s)
>> 10 (8862: 8620 8858 8620) (0.003058 s)
>> 6 (8643: 8639 8649 8639) (0.003043 s)
>> 0 (-1: -1 -1 -1) (0.003017 s)
Zelikovsky 8.97397 s
>> 31 (4899: 4756 8799 4402) (9.20686 s)
>> 25 (4141: 4146 4385 4017) (9.48282 s)
>> 20 (6384: 6390 7256 5387) (9.45715 s)
>> 20 (9032: 8818 9257 9029) (9.5685 s)
>> 18 (8276: 8272 8537 8027) (9.56662 s)
>> 18 (9044: 9157 9153 8830) (9.55279 s)
>> 13 (4409: 4518 4756 4059) (9.55209 s)
>> 13 (8870: 8980 8766 8756) (9.64285 s)
>> 13 (8947: 9056 8941 8727) (9.64499 s)
>> 13 (8991: 9095 8987 8882) (9.64093 s)
>> 13 (9012: 8902 9129 9008) (9.63045 s)
>> 13 (9015: 9130 9131 8902) (9.61948 s)
>> 10 (7240: 7237 7515 6990) (9.60174 s)
>> 10 (7638: 7636 7764 7237) (9.59436 s)
>> 10 (7654: 7652 7776 7660) (9.59739 s)
>> 10 (7743: 7745 7982 7482) (9.5831 s)
>> 10 (8009: 8135 8005 7652) (9.59057 s)
>> 10 (8115: 8113 8363 7990) (9.60167 s)
>> 10 (8783: 8781 8890 8658) (9.59474 s)
>> 8 (8770: 9095 8773 8639) (9.58811 s)
>> 7 (8862: 8858 9077 8620) (9.58741 s)
>> 5 (8496: 8497 8980 8113) (9.60161 s)
>> 5 (8886: 8885 9101 8649) (9.59876 s)
>> 0 (-1: -1 -1 -1) (9.60047 s)
Zelikovsky- 229.732 s
>>> get_solution
  refine_solution: new weight 4334 (was 4344) in 0.001505 s
  refine_solution: new weight 4334 (was 4334) in 0.001494 s
>>> get_solution
  refine_solution: new weight 4553 (was 4568) in 0.001575 s
  refine_solution: new weight 4553 (was 4553) in 0.001495 s
7,,9545,17056,81,,5160,0,,4568,4553,4376,4344,4334,,20,2,@@

  handle_small_Steiner_degrees: steiner 0, suppress 0 in 1.5e-05 s
Starting round 8
Found 59 isolated vertices
Invalid ratios recomputed: 5187
Best ratio is 92/4 (23.0), centered at 7636
Finding the best star... Star with 5 terminals centered in 7776
round took: 2.02658 s
|V| = 9600, |E| = 17039, |R| = 77
>> 31 (4899: 4402 4756 4402) (0.003258 s)
>> 25 (4141: 4017 4146 4017) (0.003209 s)
>> 20 (6384: 5387 6390 5387) (0.003228 s)
>> 20 (9032: 8818 9029 8818) (0.003214 s)
>> 18 (8276: 8027 8272 8027) (0.003154 s)
>> 18 (9044: 8830 9153 8830) (0.003143 s)
>> 13 (8870: 8756 8766 8756) (0.00313 s)
>> 13 (8947: 8727 8941 8727) (0.003078 s)
>> 13 (8991: 8882 8987 8882) (0.003067 s)
>> 13 (9012: 8902 9008 8902) (0.003024 s)
>> 13 (9015: 8799 9129 8799) (0.003008 s)
>> 13 (9016: 8909 9130 8909) (0.00299 s)
>> 10 (7743: 7482 7745 7482) (0.002978 s)
>> 10 (8009: 7776 8005 7776) (0.00297 s)
>> 10 (8115: 7990 8113 7990) (0.002941 s)
>> 10 (8783: 8658 8781 8658) (0.002944 s)
>> 10 (8862: 8620 8858 8620) (0.002923 s)
>> 6 (8643: 8639 8649 8639) (0.00288 s)
>> 4 (6991: 5642 6990 5642) (0.00284 s)
>> 0 (-1: -1 -1 -1) (0.00282 s)
Zelikovsky 8.93803 s
>> 31 (4899: 4756 8799 4402) (9.15441 s)
>> 25 (4141: 4146 4385 4017) (9.42591 s)
>> 20 (6384: 6390 7256 5387) (9.41149 s)
>> 20 (9032: 8818 9257 9029) (9.52845 s)
>> 18 (8276: 8272 8537 8027) (9.52608 s)
>> 18 (9044: 9157 9153 8830) (9.52739 s)
>> 13 (4409: 4518 4756 4059) (9.50772 s)
>> 13 (8870: 8980 8766 8756) (9.60012 s)
>> 13 (8947: 9056 8941 8727) (9.60535 s)
>> 13 (8991: 9095 8987 8882) (9.5963 s)
>> 13 (9012: 8902 9129 9008) (9.58726 s)
>> 13 (9015: 9130 9131 8902) (9.58361 s)
>> 10 (7743: 7745 7982 7482) (9.56945 s)
>> 10 (8009: 8135 8005 7776) (9.56803 s)
>> 10 (8115: 8113 8363 7990) (9.56981 s)
>> 10 (8783: 8781 8890 8658) (9.56988 s)
>> 8 (8770: 9095 8773 8639) (9.56328 s)
>> 7 (8862: 8858 9077 8620) (9.56234 s)
>> 5 (7238: 7237 8135 6990) (9.57978 s)
>> 5 (8496: 8497 8980 8113) (9.58612 s)
>> 5 (8886: 8885 9101 8649) (9.58235 s)
>> 0 (-1: -1 -1 -1) (9.57954 s)
Zelikovsky- 209.809 s
>>> get_solution
  refine_solution: new weight 4334 (was 4344) in 0.001504 s
  refine_solution: new weight 4334 (was 4334) in 0.001497 s
>>> get_solution
  refine_solution: new weight 4530 (was 4555) in 0.001595 s
  refine_solution: new weight 4530 (was 4530) in 0.001492 s
8,,9541,17039,77,,5187,0,,4555,4530,4371,4344,4334,,92,5,@@

  handle_small_Steiner_degrees: steiner 0, suppress 4 in 1.7e-05 s
Starting round 9
Found 75 isolated vertices
Invalid ratios recomputed: 5632
Best ratio is 92/4 (23.0), centered at 8781
Finding the best star... Star with 5 terminals centered in 8666
round took: 2.08263 s
|V| = 9600, |E| = 17017, |R| = 73
>> 31 (4899: 4402 4756 4402) (0.003065 s)
>> 25 (4141: 4017 4146 4017) (0.002979 s)
>> 20 (6384: 5387 6390 5387) (0.003022 s)
>> 20 (9032: 8818 9029 8818) (0.00297 s)
>> 18 (9044: 8830 9153 8830) (0.002943 s)
>> 13 (8276: 8027 8272 8027) (0.00295 s)
>> 13 (8870: 8756 8766 8756) (0.002878 s)
>> 13 (8947: 8727 8941 8727) (0.002851 s)
>> 13 (8991: 8882 8987 8882) (0.002833 s)
>> 13 (9012: 8902 9008 8902) (0.002809 s)
>> 13 (9015: 8799 9129 8799) (0.002789 s)
>> 13 (9016: 8909 9130 8909) (0.002769 s)
>> 10 (7743: 7482 7745 7482) (0.002742 s)
>> 10 (8009: 7776 8005 7776) (0.002736 s)
>> 10 (8115: 7990 8113 7990) (0.002699 s)
>> 10 (8862: 8620 8858 8620) (0.002734 s)
>> 6 (8643: 8639 8649 8639) (0.002671 s)
>> 4 (6991: 5642 6990 5642) (0.002615 s)
>> 0 (-1: -1 -1 -1) (0.002577 s)
Zelikovsky 8.80034 s
>> 31 (4899: 4756 8799 4402) (9.09497 s)
>> 25 (4141: 4146 4385 4017) (9.36066 s)
>> 20 (6384: 6390 7256 5387) (9.35266 s)
>> 20 (9032: 8818 9257 9029) (9.47002 s)
>> 18 (9044: 9157 9153 8830) (9.46909 s)
>> 13 (4409: 4518 4756 4059) (9.46411 s)
>> 13 (8276: 8272 8537 8027) (9.5603 s)
>> 13 (8870: 8980 8766 8756) (9.54654 s)
>> 13 (8947: 9056 8941 8727) (9.55233 s)
>> 13 (8991: 9095 8987 8882) (9.54997 s)
>> 13 (9012: 8902 9129 9008) (9.53953 s)
>> 13 (9015: 9130 9131 8902) (9.52761 s)
>> 10 (7743: 7745 7982 7482) (9.51535 s)
>> 10 (8009: 8135 8005 7776) (9.52028 s)
>> 10 (8115: 8113 8363 7990) (9.566 s)
>> 8 (8770: 9095 8773 8639) (9.52583 s)
>> 7 (8862: 8858 9077 8620) (9.5176 s)
>> 5 (7238: 7237 8135 6990) (9.53866 s)
>> 5 (8496: 8497 8980 8113) (9.54294 s)
>> 5 (8886: 8885 9101 8649) (9.53958 s)
>> 0 (-1: -1 -1 -1) (9.53916 s)
Zelikovsky- 199.317 s
>>> get_solution
  refine_solution: new weight 4334 (was 4344) in 0.001517 s
  refine_solution: new weight 4334 (was 4334) in 0.001491 s
>>> get_solution
  refine_solution: new weight 4543 (was 4568) in 0.00158 s
  refine_solution: new weight 4543 (was 4543) in 0.001501 s
9,,9525,17017,73,,5632,0,,4568,4543,4371,4344,4334,,92,5,@@

  handle_small_Steiner_degrees: steiner 0, suppress 4 in 1.6e-05 s
Starting round 10
Found 91 isolated vertices
Invalid ratios recomputed: 4849
Best ratio is 69/3 (23.0), centered at 8770
Finding the best star... Star with 4 terminals centered in 8885
round took: 1.90008 s
|V| = 9600, |E| = 16998, |R| = 70
>> 31 (4899: 4402 4756 4402) (0.002858 s)
>> 25 (4141: 4017 4146 4017) (0.00279 s)
>> 20 (6384: 5387 6390 5387) (0.002788 s)
>> 20 (9032: 8818 9029 8818) (0.002791 s)
>> 18 (9044: 8830 9153 8830) (0.00276 s)
>> 13 (8276: 8027 8272 8027) (0.002767 s)
>> 13 (8870: 8756 8766 8756) (0.002706 s)
>> 13 (8947: 8727 8941 8727) (0.002689 s)
>> 13 (8991: 8885 8987 8885) (0.002671 s)
>> 13 (9012: 8902 9008 8902) (0.00262 s)
>> 13 (9015: 8799 9129 8799) (0.00262 s)
>> 13 (9016: 8909 9130 8909) (0.002585 s)
>> 10 (7743: 7482 7745 7482) (0.002559 s)
>> 10 (8009: 7776 8005 7776) (0.002549 s)
>> 10 (8115: 7990 8113 7990) (0.002515 s)
>> 10 (8862: 8620 8858 8620) (0.002509 s)
>> 5 (8779: 8649 8666 8649) (0.002499 s)
>> 4 (6991: 5642 6990 5642) (0.002476 s)
>> 0 (-1: -1 -1 -1) (0.002437 s)
Zelikovsky 8.77622 s
>> 31 (4899: 4756 8799 4402) (9.04344 s)
>> 25 (4141: 4146 4385 4017) (9.31084 s)
>> 20 (6384: 6390 7256 5387) (9.30326 s)
>> 20 (9032: 8818 9257 9029) (9.41959 s)
>> 18 (9044: 9157 9153 8830) (9.42171 s)
>> 13 (4409: 4518 4756 4059) (9.41778 s)
>> 13 (8276: 8272 8537 8027) (9.51138 s)
>> 13 (8870: 8980 8766 8756) (9.50636 s)
>> 13 (8947: 9056 8941 8727) (9.50373 s)
>> 13 (8991: 9095 8987 8885) (9.50206 s)
>> 13 (9012: 8902 9129 9008) (9.4938 s)
>> 13 (9015: 9130 9131 8902) (9.49229 s)
>> 10 (7743: 7745 7982 7482) (9.47659 s)
>> 10 (8009: 8135 8005 7776) (9.48016 s)
>> 10 (8115: 8113 8363 7990) (9.48652 s)
>> 7 (8862: 8858 9077 8620) (9.48332 s)
>> 5 (7238: 7237 8135 6990) (9.5013 s)
>> 5 (8496: 8497 8980 8113) (9.51069 s)
>> 2 (8886: 9095 9101 8649) (9.50387 s)
>> 0 (-1: -1 -1 -1) (9.50597 s)
Zelikovsky- 188.897 s
>>> get_solution
  refine_solution: new weight 4334 (was 4344) in 0.001503 s
  refine_solution: new weight 4334 (was 4334) in 0.001496 s
>>> get_solution
  refine_solution: new weight 4540 (was 4565) in 0.001591 s
  refine_solution: new weight 4540 (was 4540) in 0.001484 s
10,,9509,16998,70,,4849,0,,4565,4540,4364,4344,4334,,69,4,@@

  handle_small_Steiner_degrees: steiner 0, suppress 3 in 1.9e-05 s
Starting round 11
Found 103 isolated vertices
Invalid ratios recomputed: 5091
Best ratio is 23/1 (23.0), centered at 7874
Finding the best star... Star with 2 terminals centered in 7990
round took: 1.94407 s
|V| = 9600, |E| = 16990, |R| = 69
>> 31 (4899: 4402 4756 4402) (0.002793 s)
>> 25 (4141: 4017 4146 4017) (0.002747 s)
>> 20 (6384: 5387 6390 5387) (0.002778 s)
>> 20 (9032: 8818 9029 8818) (0.002738 s)
>> 18 (9044: 8830 9153 8830) (0.002721 s)
>> 13 (8276: 8027 8272 8027) (0.002697 s)
>> 13 (8870: 8756 8766 8756) (0.002676 s)
>> 13 (8947: 8727 8941 8727) (0.002649 s)
>> 13 (8991: 8885 8987 8885) (0.002616 s)
>> 13 (9012: 8902 9008 8902) (0.002573 s)
>> 13 (9015: 8799 9129 8799) (0.002553 s)
>> 13 (9016: 8909 9130 8909) (0.002545 s)
>> 10 (7743: 7482 7745 7482) (0.002509 s)
>> 10 (8009: 7776 8005 7776) (0.002542 s)
>> 10 (8115: 7990 8113 7990) (0.002476 s)
>> 10 (8862: 8620 8858 8620) (0.002468 s)
>> 5 (8779: 8649 8666 8649) (0.002416 s)
>> 5 (9107: 8537 9101 8537) (0.002386 s)
>> 4 (6991: 5642 6990 5642) (0.002354 s)
>> 0 (-1: -1 -1 -1) (0.002371 s)
Zelikovsky 8.69724 s
>> 31 (4899: 4756 8799 4402) (9.04097 s)
>> 25 (4141: 4146 4385 4017) (9.30221 s)
>> 20 (6384: 6390 7256 5387) (9.29114 s)
>> 20 (9032: 8818 9257 9029) (9.40683 s)
>> 18 (9044: 9157 9153 8830) (9.40597 s)
>> 13 (4409: 4518 4756 4059) (9.4018 s)
>> 13 (8276: 8272 8537 8027) (9.50136 s)
>> 13 (8870: 8980 8766 8756) (9.48751 s)
>> 13 (8947: 9056 8941 8727) (9.48512 s)
>> 13 (8991: 9095 8987 8885) (9.48449 s)
>> 13 (9012: 8902 9129 9008) (9.48178 s)
>> 13 (9015: 9130 9131 8902) (9.47086 s)
>> 10 (7743: 7745 7982 7482) (9.46461 s)
>> 10 (8009: 8135 8005 7776) (9.46899 s)
>> 10 (8115: 8113 8363 7990) (9.46982 s)
>> 7 (8862: 8858 9077 8620) (9.47358 s)
>> 5 (7238: 7237 8135 6990) (9.50431 s)
>> 5 (8496: 8497 8980 8113) (9.50703 s)
>> 2 (8886: 9095 9101 8649) (9.50444 s)
>> 0 (-1: -1 -1 -1) (9.50335 s)
Zelikovsky- 188.679 s
>>> get_solution
  refine_solution: new weight 4334 (was 4344) in 0.001514 s
  refine_solution: new weight 4334 (was 4334) in 0.00149 s
>>> get_solution
  refine_solution: new weight 4540 (was 4565) in 0.001578 s
  refine_solution: new weight 4540 (was 4540) in 0.001495 s
11,,9497,16990,69,,5091,0,,4565,4540,4389,4344,4334,,23,2,@@

  handle_small_Steiner_degrees: steiner 0, suppress 1 in 1.4e-05 s
Starting round 12
Found 107 isolated vertices
Invalid ratios recomputed: 5818
Best ratio is 23/1 (23.0), centered at 8939
Finding the best star... Star with 2 terminals centered in 9049
round took: 2.16828 s
|V| = 9600, |E| = 16985, |R| = 68
>> 31 (4899: 4402 4756 4402) (0.002773 s)
>> 25 (4141: 4017 4146 4017) (0.002702 s)
>> 20 (6384: 5387 6390 5387) (0.0027 s)
>> 20 (9032: 8818 9029 8818) (0.00268 s)
>> 18 (9044: 8830 9153 8830) (0.002656 s)
>> 13 (8276: 8027 8272 8027) (0.002666 s)
>> 13 (8870: 8756 8766 8756) (0.002601 s)
>> 13 (8947: 8727 9049 8727) (0.002575 s)
>> 13 (8991: 8885 8987 8885) (0.002568 s)
>> 13 (9012: 8902 9008 8902) (0.002523 s)
>> 13 (9015: 8799 9129 8799) (0.002495 s)
>> 13 (9016: 8909 9130 8909) (0.002484 s)
>> 10 (7743: 7482 7745 7482) (0.002486 s)
>> 10 (8009: 7776 8005 7776) (0.002475 s)
>> 10 (8115: 7990 8113 7990) (0.002412 s)
>> 10 (8862: 8620 8858 8620) (0.002415 s)
>> 5 (8779: 8649 8666 8649) (0.002376 s)
>> 5 (9107: 8537 9101 8537) (0.002333 s)
>> 4 (6991: 5642 6990 5642) (0.002304 s)
>> 0 (-1: -1 -1 -1) (0.002274 s)
Zelikovsky 8.67975 s
>> 31 (4899: 4756 8799 4402) (9.02749 s)
>> 25 (4141: 4146 4385 4017) (9.28551 s)
>> 20 (6384: 6390 7256 5387) (9.27546 s)
>> 20 (9032: 8818 9257 9029) (9.39095 s)
>> 18 (9044: 9157 9153 8830) (9.39272 s)
>> 13 (4409: 4518 4756 4059) (9.39212 s)
>> 13 (8276: 8272 8537 8027) (9.48976 s)
>> 13 (8870: 8980 8766 8756) (9.48027 s)
>> 13 (8947: 9056 9049 8727) (9.47563 s)
>> 13 (8991: 9095 8987 8885) (9.48735 s)
>> 13 (9012: 8902 9129 9008) (9.48425 s)
>> 13 (9015: 9130 9131 8902) (9.47557 s)
>> 10 (7743: 7745 7982 7482) (9.47941 s)
>> 10 (8009: 8135 8005 7776) (9.46511 s)
>> 10 (8115: 8113 8363 7990) (9.46823 s)
>> 7 (8862: 8858 9077 8620) (9.47632 s)
>> 5 (7238: 7237 8135 6990) (9.50176 s)
>> 5 (8496: 8497 8980 8113) (9.50663 s)
>> 2 (8886: 9095 9101 8649) (9.50782 s)
>> 0 (-1: -1 -1 -1) (9.50514 s)
Zelikovsky- 188.59 s
>>> get_solution
  refine_solution: new weight 4331 (was 4341) in 0.001508 s
  refine_solution: new weight 4331 (was 4331) in 0.00149 s
>>> get_solution
  refine_solution: new weight 4530 (was 4570) in 0.001587 s
  refine_solution: new weight 4530 (was 4530) in 0.001487 s
12,,9493,16985,68,,5818,0,,4570,4530,4389,4341,4331,,23,2,@@

  handle_small_Steiner_degrees: steiner 0, suppress 1 in 1.6e-05 s
Starting round 13
Found 111 isolated vertices
Invalid ratios recomputed: 5648
Best ratio is 23/1 (23.0), centered at 8959
Finding the best star... Star with 2 terminals centered in 9067
round took: 2.26833 s
|V| = 9600, |E| = 16979, |R| = 67
>> 31 (4899: 4402 4756 4402) (0.002681 s)
>> 25 (4141: 4017 4146 4017) (0.002665 s)
>> 20 (6384: 5387 6390 5387) (0.00267 s)
>> 20 (9032: 8818 9029 8818) (0.002641 s)
>> 18 (9044: 8830 9153 8830) (0.002611 s)
>> 13 (8276: 8027 8272 8027) (0.002629 s)
>> 13 (8870: 8756 8766 8756) (0.002562 s)
>> 13 (8947: 8727 9049 8727) (0.002537 s)
>> 13 (8991: 8885 8987 8885) (0.00251 s)
>> 13 (9012: 8902 9008 8902) (0.002469 s)
>> 13 (9015: 8799 9129 8799) (0.002468 s)
>> 13 (9016: 8909 9130 8909) (0.002461 s)
>> 10 (7743: 7482 7745 7482) (0.002469 s)
>> 10 (8009: 7776 8005 7776) (0.002418 s)
>> 10 (8115: 7990 8113 7990) (0.002363 s)
>> 10 (8862: 8620 8858 8620) (0.002378 s)
>> 5 (8779: 8649 8666 8649) (0.00233 s)
>> 5 (9107: 8537 9101 8537) (0.002313 s)
>> 4 (6991: 5642 6990 5642) (0.002268 s)
>> 0 (-1: -1 -1 -1) (0.002261 s)
Zelikovsky 8.71129 s
>> 31 (4899: 4756 8799 4402) (9.02238 s)
>> 25 (4141: 4146 4385 4017) (9.27318 s)
>> 20 (6384: 6390 7256 5387) (9.26392 s)
>> 20 (9032: 8818 9257 9029) (9.38465 s)
>> 18 (9044: 9157 9153 8830) (9.38847 s)
>> 13 (4409: 4518 4756 4059) (9.39047 s)
>> 13 (8276: 8272 8537 8027) (9.48659 s)
>> 13 (8870: 8980 8766 8756) (9.47649 s)
>> 13 (8947: 9056 9049 8727) (9.46637 s)
>> 13 (8991: 9095 8987 8885) (9.48102 s)
>> 13 (9012: 8902 9129 9008) (9.47121 s)
>> 13 (9015: 9130 9131 8902) (9.4647 s)
>> 10 (7743: 7745 7982 7482) (9.45719 s)
>> 10 (8009: 8135 8005 7776) (9.45382 s)
>> 10 (8115: 8113 8363 7990) (9.46759 s)
>> 7 (8862: 8858 9077 8620) (9.47597 s)
>> 5 (7238: 7237 8135 6990) (9.50065 s)
>> 5 (8496: 8497 8980 8113) (9.51004 s)
>> 2 (8886: 9095 9101 8649) (9.50778 s)
>> 0 (-1: -1 -1 -1) (9.50646 s)
Zelikovsky- 188.471 s
>>> get_solution
  refine_solution: new weight 4334 (was 4344) in 0.001512 s
  refine_solution: new weight 4334 (was 4334) in 0.001478 s
>>> get_solution
  refine_solution: new weight 4530 (was 4570) in 0.001581 s
  refine_solution: new weight 4530 (was 4530) in 0.001497 s
13,,9489,16979,67,,5648,0,,4570,4530,4389,4344,4334,,23,2,@@

  handle_small_Steiner_degrees: steiner 0, suppress 1 in 1.4e-05 s
Starting round 14
Found 115 isolated vertices
Invalid ratios recomputed: 5545
Best ratio is 26/1 (26.0), centered at 8686
Finding the best star... Star with 2 terminals centered in 8909
round took: 2.15507 s
|V| = 9600, |E| = 16976, |R| = 66
>> 31 (4899: 4402 4756 4402) (0.002642 s)
>> 25 (4141: 4017 4146 4017) (0.002588 s)
>> 20 (6384: 5387 6390 5387) (0.002623 s)
>> 20 (9032: 8818 9029 8818) (0.002608 s)
>> 18 (9044: 8830 9153 8830) (0.002567 s)
>> 13 (8276: 8027 8272 8027) (0.002543 s)
>> 13 (8870: 8756 8766 8756) (0.002504 s)
>> 13 (8947: 8727 9049 8727) (0.002489 s)
>> 13 (8991: 8885 8987 8885) (0.00246 s)
>> 13 (9012: 8902 9008 8902) (0.00244 s)
>> 13 (9015: 8799 9129 8799) (0.002408 s)
>> 13 (9016: 8909 9130 8909) (0.00239 s)
>> 10 (7743: 7482 7745 7482) (0.002374 s)
>> 10 (8009: 7776 8005 7776) (0.002346 s)
>> 10 (8115: 7990 8113 7990) (0.002299 s)
>> 10 (8862: 8620 8858 8620) (0.002315 s)
>> 5 (8779: 8649 8666 8649) (0.002275 s)
>> 5 (9107: 8537 9101 8537) (0.002252 s)
>> 4 (6991: 5642 6990 5642) (0.002206 s)
>> 0 (-1: -1 -1 -1) (0.002197 s)
Zelikovsky 8.65795 s
>> 31 (4899: 4756 8799 4402) (9.00713 s)
>> 25 (4141: 4146 4385 4017) (9.29238 s)
>> 20 (6384: 6390 7256 5387) (9.25447 s)
>> 20 (9032: 8818 9257 9029) (9.37159 s)
>> 18 (9044: 9157 9153 8830) (9.3914 s)
>> 13 (4409: 4518 4756 4059) (9.39571 s)
>> 13 (8276: 8272 8537 8027) (9.49389 s)
>> 13 (8870: 8980 8766 8756) (9.47813 s)
>> 13 (8947: 9056 9049 8727) (9.47522 s)
>> 13 (8991: 9095 8987 8885) (9.4888 s)
>> 13 (9012: 8902 9129 9008) (9.48651 s)
>> 13 (9015: 9130 9131 8902) (9.47481 s)
>> 10 (7743: 7745 7982 7482) (9.46916 s)
>> 10 (8009: 8135 8005 7776) (9.46631 s)
>> 10 (8115: 8113 8363 7990) (9.47574 s)
>> 7 (8862: 8858 9077 8620) (9.48882 s)
>> 5 (7238: 7237 8135 6990) (9.51849 s)
>> 5 (8496: 8497 8980 8113) (9.52389 s)
>> 2 (8886: 9095 9101 8649) (9.52747 s)
>> 0 (-1: -1 -1 -1) (9.52677 s)
Zelikovsky- 188.629 s
>>> get_solution
  refine_solution: new weight 4334 (was 4344) in 0.001504 s
  refine_solution: new weight 4334 (was 4334) in 0.001496 s
>>> get_solution
  refine_solution: new weight 4530 (was 4570) in 0.001583 s
  refine_solution: new weight 4530 (was 4530) in 0.001469 s
14,,9485,16976,66,,5545,0,,4570,4530,4389,4344,4334,,26,2,@@

  handle_small_Steiner_degrees: steiner 0, suppress 0 in 1.2e-05 s
Starting round 15
Found 117 isolated vertices
Invalid ratios recomputed: 4741
Best ratio is 56/2 (28.0), centered at 8534
Finding the best star... Star with 3 terminals centered in 8537
round took: 1.87563 s
|V| = 9600, |E| = 16964, |R| = 64
>> 31 (4899: 4402 4756 4402) (0.002551 s)
>> 25 (4141: 4017 4146 4017) (0.002494 s)
>> 20 (6384: 5387 6390 5387) (0.002514 s)
>> 20 (9032: 8818 9029 8818) (0.002479 s)
>> 18 (9044: 8830 9153 8830) (0.002465 s)
>> 13 (8870: 8756 8766 8756) (0.002436 s)
>> 13 (8947: 8727 9049 8727) (0.002418 s)
>> 13 (8991: 8885 8987 8885) (0.002401 s)
>> 13 (9012: 8902 9008 8902) (0.002389 s)
>> 13 (9015: 8799 9129 8799) (0.002359 s)
>> 13 (9016: 8909 9130 8909) (0.002355 s)
>> 10 (7743: 7482 7745 7482) (0.002339 s)
>> 10 (8009: 7776 8005 7776) (0.002325 s)
>> 10 (8115: 7990 8113 7990) (0.002275 s)
>> 10 (8274: 8027 8272 8027) (0.002246 s)
>> 10 (8862: 8620 8858 8620) (0.002195 s)
>> 4 (6991: 5642 6990 5642) (0.002189 s)
>> 2 (8136: 8135 8143 8135) (0.002157 s)
>> 10 (7658: 7237 7256 7237) (0.002127 s)
>> 0 (-1: -1 -1 -1) (0.002127 s)
Zelikovsky 8.62263 s
>> 31 (4899: 4756 8799 4402) (8.97929 s)
>> 25 (4141: 4146 4385 4017) (9.2276 s)
>> 20 (6384: 6390 7256 5387) (9.21955 s)
>> 20 (9032: 8818 9257 9029) (9.33725 s)
>> 18 (9044: 9157 9153 8830) (9.35997 s)
>> 13 (4409: 4518 4756 4059) (9.36243 s)
>> 13 (8870: 8980 8766 8756) (9.45809 s)
>> 13 (8947: 9056 9049 8727) (9.44905 s)
>> 13 (8991: 9095 8987 8885) (9.46097 s)
>> 13 (9012: 8902 9129 9008) (9.45883 s)
>> 13 (9015: 9130 9131 8902) (9.45292 s)
>> 10 (7743: 7745 7982 7482) (9.44212 s)
>> 10 (8009: 8135 8005 7776) (9.44488 s)
>> 10 (8115: 8113 8363 7990) (9.4801 s)
>> 10 (8274: 8272 8537 8027) (9.46399 s)
>> 7 (8862: 8858 9077 8620) (9.45921 s)
>> 5 (7238: 7237 8135 6990) (9.49081 s)
>> 5 (8496: 8497 8980 8113) (9.49744 s)
>> 2 (8886: 9095 9101 8272) (9.49477 s)
>> 0 (-1: -1 -1 -1) (9.49718 s)
Zelikovsky- 188.059 s
>>> get_solution
  refine_solution: new weight 4334 (was 4344) in 0.001504 s
  refine_solution: new weight 4334 (was 4334) in 0.001502 s
>>> get_solution
  refine_solution: new weight 4532 (was 4562) in 0.001585 s
  refine_solution: new weight 4522 (was 4532) in 0.001485 s
  refine_solution: new weight 4522 (was 4522) in 0.001478 s
15,,9483,16964,64,,4741,0,,4562,4522,4364,4344,4334,,56,3,@@

  handle_small_Steiner_degrees: steiner 0, suppress 3 in 2e-05 s
Starting round 16
Found 128 isolated vertices
Invalid ratios recomputed: 5082
Best ratio is 56/2 (28.0), centered at 8987
Finding the best star... Star with 3 terminals centered in 8885
round took: 1.98266 s
|V| = 9600, |E| = 16950, |R| = 62
>> 31 (4899: 4402 4756 4402) (0.002441 s)
>> 25 (4141: 4017 4146 4017) (0.002426 s)
>> 20 (6384: 5387 6390 5387) (0.002399 s)
>> 20 (9032: 8818 9029 8818) (0.00238 s)
>> 18 (9044: 8830 9153 8830) (0.002342 s)
>> 13 (8870: 8756 8766 8756) (0.002335 s)
>> 13 (8947: 8727 9049 8727) (0.002334 s)
>> 13 (9012: 8902 9008 8902) (0.002304 s)
>> 13 (9015: 8799 9129 8799) (0.002291 s)
>> 13 (9016: 8909 9130 8909) (0.002286 s)
>> 10 (7743: 7482 7745 7482) (0.00227 s)
>> 10 (8009: 7776 8005 7776) (0.002247 s)
>> 10 (8115: 7990 8113 7990) (0.002231 s)
>> 10 (8274: 8027 8272 8027) (0.002205 s)
>> 10 (8862: 8620 8858 8620) (0.002148 s)
>> 4 (6991: 5642 6990 5642) (0.002129 s)
>> 2 (8136: 8135 8143 8135) (0.002087 s)
>> 10 (7658: 7237 7256 7237) (0.002047 s)
>> 2 (8886: 8537 8885 8537) (0.002021 s)
>> 0 (-1: -1 -1 -1) (0.002029 s)
Zelikovsky 8.64077 s
>> 31 (4899: 4756 8799 4402) (9.0225 s)
>> 25 (4141: 4146 4385 4017) (9.27036 s)
>> 20 (6384: 6390 7256 5387) (9.26239 s)
>> 20 (9032: 8818 9257 9029) (9.39447 s)
>> 18 (9044: 9157 9153 8830) (9.4138 s)
>> 13 (4409: 4518 4756 4059) (9.42696 s)
>> 13 (8870: 8980 8766 8756) (9.51347 s)
>> 13 (8947: 9056 9049 8727) (9.50467 s)
>> 13 (9012: 8902 9129 9008) (9.5177 s)
>> 13 (9015: 9130 9131 8902) (9.50951 s)
>> 10 (7743: 7745 7982 7482) (9.50262 s)
>> 10 (8009: 8135 8005 7776) (9.49771 s)
>> 10 (8115: 8113 8363 7990) (9.50547 s)
>> 10 (8274: 8272 8537 8027) (9.52155 s)
>> 7 (8862: 8858 9077 8620) (9.51793 s)
>> 5 (7238: 7237 8135 6990) (9.55065 s)
>> 5 (8496: 8497 8980 8113) (9.55568 s)
>> 2 (8886: 8885 9101 8272) (9.55949 s)
>> 0 (-1: -1 -1 -1) (9.54835 s)
Zelikovsky- 179.617 s
>>> get_solution
  refine_solution: new weight 4334 (was 4344) in 0.00154 s
  refine_solution: new weight 4334 (was 4334) in 0.001501 s
>>> get_solution
  refine_solution: new weight 4506 (was 4531) in 0.00158 s
  refine_solution: new weight 4506 (was 4506) in 0.001489 s
16,,9472,16950,62,,5082,0,,4531,4506,4362,4344,4334,,56,3,@@

  delete_edges: deleted 32 edges in 0.002442 s and 5 rounds
  handle_small_Steiner_degrees: steiner 0, suppress 32 in 2.6e-05 s
Starting round 17
Found 167 isolated vertices
Invalid ratios recomputed: 5109
Best ratio is 28/1 (28.0), centered at 8143
Finding the best star... Star with 2 terminals centered in 8272
round took: 1.99313 s
|V| = 9600, |E| = 16880, |R| = 61
>> 31 (4899: 4402 4756 4402) (0.0024 s)
>> 25 (4141: 4017 4146 4017) (0.002375 s)
>> 20 (6384: 5387 6390 5387) (0.002354 s)
>> 20 (9032: 8818 9029 8818) (0.002344 s)
>> 18 (9044: 8830 9153 8830) (0.002349 s)
>> 13 (8870: 8756 8766 8756) (0.002315 s)
>> 13 (8947: 8727 9049 8727) (0.002286 s)
>> 13 (9012: 8902 9008 8902) (0.002264 s)
>> 13 (9015: 8799 9129 8799) (0.002244 s)
>> 13 (9016: 8909 9130 8909) (0.002251 s)
>> 10 (7743: 7482 7745 7482) (0.002222 s)
>> 10 (8115: 7990 8113 7990) (0.002181 s)
>> 10 (8274: 8027 8272 8027) (0.002179 s)
>> 10 (8009: 7776 8005 7776) (0.002123 s)
>> 10 (8862: 8620 8858 8620) (0.002104 s)
>> 4 (6991: 5642 6990 5642) (0.002087 s)
>> 2 (8886: 8537 8885 8537) (0.002056 s)
>> 0 (-1: -1 -1 -1) (0.002037 s)
Zelikovsky 8.50418 s
>> 31 (4899: 4756 8799 4402) (8.88385 s)
>> 25 (4141: 4146 4385 4017) (9.13188 s)
>> 20 (6384: 6390 7256 5387) (9.12177 s)
>> 20 (9032: 8818 9257 9029) (9.24539 s)
>> 18 (9044: 9157 9153 8830) (9.3068 s)
>> 13 (4409: 4518 4756 4059) (9.27406 s)
>> 13 (8870: 8980 8766 8756) (9.36438 s)
>> 13 (8947: 9056 9049 8727) (9.35288 s)
>> 13 (9012: 8902 9129 9008) (9.36082 s)
>> 13 (9015: 9130 9131 8902) (9.35492 s)
>> 10 (7743: 7745 7982 7482) (9.34993 s)
>> 10 (8115: 8113 8363 7990) (9.35055 s)
>> 10 (8274: 8272 8537 8027) (9.37493 s)
>> 8 (8009: 8135 8005 7776) (9.37372 s)
>> 7 (8862: 8858 9077 8620) (9.36514 s)
>> 5 (7238: 7237 8135 6990) (9.39444 s)
>> 5 (8496: 8497 8980 8113) (9.40631 s)
>> 2 (8886: 8885 9101 8272) (9.40371 s)
>> 0 (-1: -1 -1 -1) (9.39783 s)
Zelikovsky- 176.835 s
>>> get_solution
  refine_solution: new weight 4321 (was 4331) in 0.001512 s
  refine_solution: new weight 4321 (was 4321) in 0.0015 s
>>> get_solution
  refine_solution: new weight 4504 (was 4529) in 0.001575 s
  refine_solution: new weight 4504 (was 4504) in 0.001497 s
17,,9433,16880,61,,5109,0,,4529,4504,4349,4331,4321,,28,2,@@

  handle_small_Steiner_degrees: steiner 0, suppress 1 in 1.4e-05 s
Starting round 18
Found 172 isolated vertices
Invalid ratios recomputed: 5362
Best ratio is 28/1 (28.0), centered at 8855
Finding the best star... Star with 2 terminals centered in 8858
round took: 2.10587 s
|V| = 9600, |E| = 16874, |R| = 60
>> 31 (4899: 4402 4756 4402) (0.002363 s)
>> 25 (4141: 4017 4146 4017) (0.002354 s)
>> 20 (6384: 5387 6390 5387) (0.002332 s)
>> 20 (9032: 8818 9029 8818) (0.002297 s)
>> 18 (9044: 8830 9153 8830) (0.002291 s)
>> 13 (8870: 8756 8766 8756) (0.002272 s)
>> 13 (8947: 8727 9049 8727) (0.002251 s)
>> 13 (9012: 8902 9008 8902) (0.002235 s)
>> 13 (9015: 8799 9129 8799) (0.002204 s)
>> 13 (9016: 8909 9130 8909) (0.00219 s)
>> 10 (7743: 7482 7745 7482) (0.002183 s)
>> 10 (8115: 7990 8113 7990) (0.002168 s)
>> 10 (8274: 8027 8272 8027) (0.002135 s)
>> 10 (8009: 7776 8005 7776) (0.002081 s)
>> 10 (8862: 8620 8858 8620) (0.002075 s)
>> 4 (6991: 5642 6990 5642) (0.002048 s)
>> 2 (8886: 8537 8885 8537) (0.002016 s)
>> 0 (-1: -1 -1 -1) (0.001981 s)
Zelikovsky 8.48944 s
>> 31 (4899: 4756 8799 4402) (8.87337 s)
>> 25 (4141: 4146 4385 4017) (9.11682 s)
>> 20 (6384: 6390 7256 5387) (9.11001 s)
>> 20 (9032: 8818 9257 9029) (9.23438 s)
>> 18 (9044: 9157 9153 8830) (9.26444 s)
>> 13 (4409: 4518 4756 4059) (9.27175 s)
>> 13 (8870: 8980 8766 8756) (9.35962 s)
>> 13 (8947: 9056 9049 8727) (9.35468 s)
>> 13 (9012: 8902 9129 9008) (9.35775 s)
>> 13 (9015: 9130 9131 8902) (9.35809 s)
>> 10 (7743: 7745 7982 7482) (9.34841 s)
>> 10 (8115: 8113 8363 7990) (9.34697 s)
>> 10 (8274: 8272 8537 8027) (9.37233 s)
>> 8 (8009: 8135 8005 7776) (9.3741 s)
>> 7 (8862: 8858 9077 8620) (9.36869 s)
>> 5 (7238: 7237 8135 6990) (9.40926 s)
>> 5 (8496: 8497 8980 8113) (9.44211 s)
>> 2 (8886: 8885 9101 8272) (9.40415 s)
>> 0 (-1: -1 -1 -1) (9.39605 s)
Zelikovsky- 176.784 s
>>> get_solution
  refine_solution: new weight 4321 (was 4331) in 0.001517 s
  refine_solution: new weight 4321 (was 4321) in 0.001496 s
>>> get_solution
  refine_solution: new weight 4504 (was 4529) in 0.001576 s
  refine_solution: new weight 4504 (was 4504) in 0.001507 s
18,,9428,16874,60,,5362,0,,4529,4504,4349,4331,4321,,28,2,@@

  handle_small_Steiner_degrees: steiner 0, suppress 0 in 1.2e-05 s
Starting round 19
Found 176 isolated vertices
Invalid ratios recomputed: 5705
Best ratio is 113/4 (28.2), centered at 8905
Finding the best star... Star with 5 terminals centered in 8909
round took: 2.21169 s
|V| = 9600, |E| = 16859, |R| = 56
>> 31 (4899: 4402 4756 4402) (0.002207 s)
>> 25 (4141: 4017 4146 4017) (0.002185 s)
>> 20 (6384: 5387 6390 5387) (0.002196 s)
>> 20 (9032: 8818 9029 8818) (0.002146 s)
>> 18 (9044: 8830 9153 8830) (0.002141 s)
>> 13 (8870: 8756 8766 8756) (0.00211 s)
>> 13 (8947: 8727 9049 8727) (0.002074 s)
>> 10 (7743: 7482 7745 7482) (0.002045 s)
>> 10 (8115: 7990 8113 7990) (0.002057 s)
>> 10 (8274: 8027 8272 8027) (0.002047 s)
>> 10 (8009: 7776 8005 7776) (0.001979 s)
>> 10 (9012: 8902 8909 8902) (0.001961 s)
>> 10 (8862: 8620 8858 8620) (0.001958 s)
>> 5 (4519: 4059 4518 4059) (0.001925 s)
>> 4 (6991: 5642 6990 5642) (0.001856 s)
>> 2 (8886: 8537 8885 8537) (0.001838 s)
>> 0 (-1: -1 -1 -1) (0.001818 s)
Zelikovsky 8.46685 s
>> 31 (4899: 4756 8909 4402) (8.83221 s)
>> 25 (4141: 4146 4385 4017) (9.10448 s)
>> 20 (6384: 6390 7256 5387) (9.09761 s)
>> 20 (9032: 8818 9257 9029) (9.22499 s)
>> 18 (9044: 9157 9153 8830) (9.24923 s)
>> 13 (4409: 4518 4756 4059) (9.26276 s)
>> 13 (8870: 8980 8766 8756) (9.35022 s)
>> 13 (8947: 9056 9049 8727) (9.34233 s)
>> 10 (7743: 7745 7982 7482) (9.35439 s)
>> 10 (8115: 8113 8363 7990) (9.35111 s)
>> 10 (8274: 8272 8537 8027) (9.37755 s)
>> 10 (9012: 8902 9008 4518) (9.38297 s)
>> 8 (8009: 8135 8005 7776) (9.37762 s)
>> 7 (8862: 8858 9077 8620) (9.37518 s)
>> 5 (7238: 7237 8135 6990) (9.40551 s)
>> 5 (8496: 8497 8980 8113) (9.411 s)
>> 2 (8886: 8885 9101 8272) (9.41056 s)
>> 0 (-1: -1 -1 -1) (9.40724 s)
Zelikovsky- 167.338 s
>>> get_solution
  refine_solution: new weight 4321 (was 4331) in 0.00152 s
  refine_solution: new weight 4321 (was 4321) in 0.001496 s
>>> get_solution
  refine_solution: new weight 4504 (was 4509) in 0.001578 s
  refine_solution: new weight 4504 (was 4504) in 0.001483 s
19,,9424,16859,56,,5705,0,,4509,4504,4349,4331,4321,,113,5,@@

  handle_small_Steiner_degrees: steiner 0, suppress 2 in 1.4e-05 s
Starting round 20
Found 190 isolated vertices
Invalid ratios recomputed: 4664
Best ratio is 30/1 (30.0), centered at 7655
Finding the best star... Star with 2 terminals centered in 7660
round took: 1.95583 s
|V| = 9600, |E| = 16850, |R| = 55
>> 31 (4899: 4402 4756 4402) (0.002172 s)
>> 25 (4141: 4017 4146 4017) (0.002162 s)
>> 20 (6384: 5387 6390 5387) (0.002109 s)
>> 20 (9032: 8818 9029 8818) (0.002108 s)
>> 18 (9044: 8830 9153 8830) (0.002091 s)
>> 13 (8870: 8756 8766 8756) (0.002096 s)
>> 13 (8947: 8727 9049 8727) (0.002042 s)
>> 10 (7743: 7482 7745 7482) (0.002028 s)
>> 10 (8115: 7990 8113 7990) (0.002017 s)
>> 10 (8274: 8027 8272 8027) (0.001991 s)
>> 10 (8009: 7660 8005 7660) (0.001924 s)
>> 10 (9012: 8902 8909 8902) (0.001923 s)
>> 10 (8862: 8620 8858 8620) (0.001911 s)
>> 5 (4519: 4059 4518 4059) (0.001883 s)
>> 4 (6991: 5642 6990 5642) (0.001821 s)
>> 2 (8886: 8537 8885 8537) (0.001787 s)
>> 0 (-1: -1 -1 -1) (0.001751 s)
Zelikovsky 8.45025 s
>> 31 (4899: 4756 8909 4402) (8.79158 s)
>> 25 (4141: 4146 4385 4017) (9.06151 s)
>> 20 (6384: 6390 7256 5387) (9.05683 s)
>> 20 (9032: 8818 9257 9029) (9.19266 s)
>> 18 (9044: 9157 9153 8830) (9.21573 s)
>> 13 (4409: 4518 4756 4059) (9.22437 s)
>> 13 (8870: 8980 8766 8756) (9.31268 s)
>> 13 (8947: 9056 9049 8727) (9.30509 s)
>> 10 (7743: 7745 7982 7482) (9.32856 s)
>> 10 (8115: 8113 8363 7990) (9.35439 s)
>> 10 (8274: 8272 8537 8027) (9.34403 s)
>> 10 (9012: 8902 9008 4518) (9.34678 s)
>> 8 (8009: 8135 8005 7660) (9.34117 s)
>> 7 (8862: 8858 9077 8620) (9.33479 s)
>> 5 (7238: 7237 8135 6990) (9.36642 s)
>> 5 (8496: 8497 8980 8113) (9.38545 s)
>> 2 (8886: 8885 9101 8272) (9.3793 s)
>> 0 (-1: -1 -1 -1) (9.37949 s)
Zelikovsky- 166.742 s
>>> get_solution
  refine_solution: new weight 4321 (was 4331) in 0.001521 s
  refine_solution: new weight 4321 (was 4321) in 0.001506 s
>>> get_solution
  refine_solution: new weight 4499 (was 4504) in 0.001592 s
  refine_solution: new weight 4499 (was 4499) in 0.00149 s
20,,9410,16850,55,,4664,0,,4504,4499,4349,4331,4321,,30,2,@@

  handle_small_Steiner_degrees: steiner 0, suppress 0 in 1.1e-05 s
Starting round 21
Found 196 isolated vertices
Invalid ratios recomputed: 5789
Best ratio is 31/1 (31.0), centered at 7237
Finding the best star... Star with 2 terminals centered in 7660
round took: 2.26412 s
|V| = 9600, |E| = 16846, |R| = 54
>> 31 (4899: 4402 4756 4402) (0.002156 s)
>> 25 (4141: 4017 4146 4017) (0.002094 s)
>> 20 (6384: 5387 6390 5387) (0.002067 s)
>> 20 (9032: 8818 9029 8818) (0.002068 s)
>> 18 (9044: 8830 9153 8830) (0.002054 s)
>> 13 (8870: 8756 8766 8756) (0.002035 s)
>> 13 (8947: 8727 9049 8727) (0.00201 s)
>> 10 (7743: 7482 7745 7482) (0.001986 s)
>> 10 (8115: 7990 8113 7990) (0.001983 s)
>> 10 (8274: 8027 8272 8027) (0.00195 s)
>> 10 (8009: 7660 8005 7660) (0.0019 s)
>> 10 (9012: 8902 8909 8902) (0.001877 s)
>> 10 (8862: 8620 8858 8620) (0.001888 s)
>> 5 (6991: 5642 6990 5642) (0.001849 s)
>> 5 (4519: 4059 4518 4059) (0.001809 s)
>> 2 (8886: 8537 8885 8537) (0.001763 s)
>> 0 (-1: -1 -1 -1) (0.001716 s)
Zelikovsky 8.48587 s
>> 31 (4899: 4756 8909 4402) (8.80699 s)
>> 25 (4141: 4146 4385 4017) (9.07269 s)
>> 20 (6384: 6390 7256 5387) (9.06459 s)
>> 20 (9032: 8818 9257 9029) (9.19211 s)
>> 18 (9044: 9157 9153 8830) (9.21889 s)
>> 13 (4409: 4518 4756 4059) (9.22964 s)
>> 13 (8870: 8980 8766 8756) (9.32403 s)
>> 13 (8947: 9056 9049 8727) (9.31231 s)
>> 10 (7743: 7745 7982 7482) (9.32489 s)
>> 10 (8115: 8113 8363 7990) (9.32559 s)
>> 10 (8274: 8272 8537 8027) (9.35088 s)
>> 10 (9012: 8902 9008 4518) (9.35621 s)
>> 8 (8009: 8135 8005 7660) (9.35211 s)
>> 7 (8862: 8858 9077 8620) (9.34769 s)
>> 5 (8496: 8497 8980 8113) (9.37723 s)
>> 2 (8886: 8885 9101 8272) (9.37544 s)
>> 0 (-1: -1 -1 -1) (9.37603 s)
Zelikovsky- 157.427 s
>>> get_solution
  refine_solution: new weight 4321 (was 4331) in 0.001534 s
  refine_solution: new weight 4321 (was 4321) in 0.001497 s
>>> get_solution
  refine_solution: new weight 4504 (was 4509) in 0.001601 s
  refine_solution: new weight 4504 (was 4504) in 0.001497 s
21,,9404,16846,54,,5789,0,,4509,4504,4349,4331,4321,,31,2,@@

  handle_small_Steiner_degrees: steiner 0, suppress 1 in 1.9e-05 s
Starting round 22
Found 200 isolated vertices
Invalid ratios recomputed: 5902
Best ratio is 95/3 (31.7), centered at 8756
Finding the best star... Star with 4 terminals centered in 8980
round took: 2.32152 s
|V| = 9600, |E| = 16829, |R| = 51
>> 31 (4899: 4402 4756 4402) (0.002069 s)
>> 25 (4141: 4017 4146 4017) (0.002016 s)
>> 20 (6384: 5387 6390 5387) (0.001987 s)
>> 20 (9032: 8818 9029 8818) (0.001959 s)
>> 18 (9044: 8830 9153 8830) (0.001963 s)
>> 13 (8947: 8727 9049 8727) (0.001932 s)
>> 10 (7743: 7482 7745 7482) (0.001907 s)
>> 10 (8274: 8027 8272 8027) (0.001897 s)
>> 10 (8009: 7660 8005 7660) (0.001873 s)
>> 10 (8115: 7990 8113 7990) (0.001831 s)
>> 10 (9012: 8902 8909 8902) (0.001812 s)
>> 7 (8862: 8620 8858 8620) (0.001817 s)
>> 5 (6991: 5642 6990 5642) (0.001775 s)
>> 5 (4519: 4059 4518 4059) (0.001753 s)
>> 2 (8886: 8537 8885 8537) (0.001696 s)
>> 0 (-1: -1 -1 -1) (0.001643 s)
Zelikovsky 8.4199 s
>> 31 (4899: 4756 8909 4402) (8.78313 s)
>> 25 (4141: 4146 4385 4017) (9.03397 s)
>> 20 (6384: 6390 7256 5387) (9.05282 s)
>> 20 (9032: 8818 9257 9029) (9.18595 s)
>> 18 (9044: 9157 9153 8830) (9.18974 s)
>> 13 (4409: 4518 4756 4059) (9.2003 s)
>> 13 (8947: 9056 9049 8727) (9.28354 s)
>> 10 (7743: 7745 7982 7482) (9.29707 s)
>> 10 (8115: 8113 8980 7990) (9.30027 s)
>> 10 (8274: 8272 8537 8027) (9.33742 s)
>> 10 (9012: 8902 9008 4518) (9.33692 s)
>> 8 (8009: 8135 8005 7660) (9.33199 s)
>> 7 (8862: 8858 9077 8620) (9.32814 s)
>> 2 (8886: 8885 9101 8272) (9.35336 s)
>> 0 (-1: -1 -1 -1) (9.34837 s)
Zelikovsky- 138.381 s
>>> get_solution
  refine_solution: new weight 4334 (was 4344) in 0.00152 s
  refine_solution: new weight 4334 (was 4334) in 0.001497 s
>>> get_solution
  refine_solution: new weight 4496 (was 4501) in 0.001614 s
  refine_solution: new weight 4496 (was 4496) in 0.001489 s
22,,9400,16829,51,,5902,0,,4501,4496,4357,4344,4334,,95,4,@@

  handle_small_Steiner_degrees: steiner 0, suppress 3 in 1.5e-05 s
Starting round 23
Found 214 isolated vertices
Invalid ratios recomputed: 5828
Best ratio is 64/2 (32.0), centered at 7982
Finding the best star... Star with 3 terminals centered in 8113
round took: 2.29867 s
|V| = 9600, |E| = 16816, |R| = 49
>> 31 (4899: 4402 4756 4402) (0.002001 s)
>> 25 (4141: 4017 4146 4017) (0.001925 s)
>> 20 (6384: 5387 6390 5387) (0.001922 s)
>> 20 (9032: 8818 9029 8818) (0.001897 s)
>> 18 (9044: 8830 9153 8830) (0.001892 s)
>> 13 (8947: 8727 9049 8727) (0.001864 s)
>> 10 (8274: 8027 8272 8027) (0.001862 s)
>> 10 (8009: 7660 8005 7660) (0.001799 s)
>> 10 (8115: 7990 8113 7990) (0.001797 s)
>> 10 (9012: 8902 8909 8902) (0.001785 s)
>> 7 (7478: 7341 7482 7341) (0.001809 s)
>> 7 (8862: 8620 8858 8620) (0.001733 s)
>> 5 (6991: 5642 6990 5642) (0.001705 s)
>> 5 (4519: 4059 4518 4059) (0.001691 s)
>> 2 (8886: 8537 8885 8537) (0.001637 s)
>> 0 (-1: -1 -1 -1) (0.00159 s)
Zelikovsky 8.3462 s
>> 31 (4899: 4756 8909 4402) (8.81133 s)
>> 25 (4141: 4146 4385 4017) (9.05709 s)
>> 20 (6384: 6390 7256 5387) (9.04772 s)
>> 20 (9032: 8818 9257 9029) (9.17253 s)
>> 18 (9044: 9157 9153 8830) (9.19822 s)
>> 13 (4409: 4518 4756 4059) (9.21683 s)
>> 13 (8947: 9056 9049 8727) (9.293 s)
>> 10 (8115: 8113 8980 7990) (9.31146 s)
>> 10 (8274: 8272 8537 8027) (9.34552 s)
>> 10 (9012: 8902 9008 4518) (9.34318 s)
>> 8 (8009: 8135 8005 7660) (9.33878 s)
>> 7 (8862: 8858 9077 8620) (9.33351 s)
>> 2 (8886: 8885 9101 8272) (9.3563 s)
>> 0 (-1: -1 -1 -1) (9.34986 s)
Zelikovsky- 129.192 s
>>> get_solution
  refine_solution: new weight 4334 (was 4339) in 0.001504 s
  refine_solution: new weight 4334 (was 4334) in 0.001512 s
>>> get_solution
  refine_solution: new weight 4491 (was 4496) in 0.001623 s
  refine_solution: new weight 4491 (was 4491) in 0.001486 s
23,,9386,16816,49,,5828,0,,4496,4491,4362,4339,4334,,64,3,@@

  handle_small_Steiner_degrees: steiner 0, suppress 1 in 1.4e-05 s
Starting round 24
Found 223 isolated vertices
Invalid ratios recomputed: 6204
Best ratio is 64/2 (32.0), centered at 8830
Finding the best star... Star with 3 terminals centered in 9049
round took: 2.45912 s
|V| = 9600, |E| = 16805, |R| = 47
>> 31 (4899: 4402 4756 4402) (0.001928 s)
>> 25 (4141: 4017 4146 4017) (0.001878 s)
>> 20 (6384: 5387 6390 5387) (0.001849 s)
>> 20 (9032: 8818 9029 8818) (0.001814 s)
>> 13 (8947: 8727 9049 8727) (0.001826 s)
>> 10 (8274: 8027 8272 8027) (0.001794 s)
>> 10 (8009: 7660 8005 7660) (0.00176 s)
>> 10 (8115: 7990 8113 7990) (0.001753 s)
>> 10 (9012: 8902 8909 8902) (0.001736 s)
>> 7 (7478: 7341 7482 7341) (0.001715 s)
>> 7 (8862: 8620 8858 8620) (0.001695 s)
>> 5 (6991: 5642 6990 5642) (0.001658 s)
>> 5 (4519: 4059 4518 4059) (0.001636 s)
>> 2 (8886: 8537 8885 8537) (0.001573 s)
>> 0 (-1: -1 -1 -1) (0.00155 s)
Zelikovsky 8.31506 s
>> 31 (4899: 4756 8909 4402) (8.78861 s)
>> 25 (4141: 4146 4385 4017) (9.02795 s)
>> 20 (6384: 6390 7256 5387) (9.02799 s)
>> 20 (9032: 8818 9257 9029) (9.14437 s)
>> 13 (4409: 4518 4756 4059) (9.18905 s)
>> 13 (8947: 9056 9049 8727) (9.28214 s)
>> 10 (8115: 8113 8980 7990) (9.28788 s)
>> 10 (8274: 8272 8537 8027) (9.31143 s)
>> 10 (9012: 8902 9008 4518) (9.30977 s)
>> 8 (8009: 8135 8005 7660) (9.30392 s)
>> 7 (8862: 8858 9077 8620) (9.30199 s)
>> 2 (8886: 8885 9101 8272) (9.32715 s)
>> 0 (-1: -1 -1 -1) (9.31891 s)
Zelikovsky- 119.637 s
>>> get_solution
  refine_solution: new weight 4334 (was 4339) in 0.001522 s
  refine_solution: new weight 4334 (was 4334) in 0.0015 s
>>> get_solution
  refine_solution: new weight 4478 (was 4483) in 0.001622 s
  refine_solution: new weight 4478 (was 4478) in 0.001491 s
24,,9377,16805,47,,6204,0,,4483,4478,4362,4339,4334,,64,3,@@

  handle_small_Steiner_degrees: steiner 0, suppress 1 in 1.7e-05 s
Starting round 25
Found 232 isolated vertices
Invalid ratios recomputed: 6327
Best ratio is 66/2 (33.0), centered at 8537
Finding the best star... Star with 3 terminals centered in 8537
round took: 2.5336 s
|V| = 9600, |E| = 16789, |R| = 45
>> 31 (4899: 4402 4756 4402) (0.001874 s)
>> 25 (4141: 4017 4146 4017) (0.001793 s)
>> 20 (6384: 5387 6390 5387) (0.001761 s)
>> 20 (9032: 8818 9029 8818) (0.001764 s)
>> 13 (8947: 8727 9049 8727) (0.001739 s)
>> 10 (8274: 8027 8272 8027) (0.001732 s)
>> 10 (8009: 7660 8005 7660) (0.001698 s)
>> 10 (8115: 7990 8113 7990) (0.00168 s)
>> 10 (9012: 8902 8909 8902) (0.001656 s)
>> 7 (7478: 7341 7482 7341) (0.001656 s)
>> 7 (8862: 8620 8858 8620) (0.001615 s)
>> 5 (6991: 5642 6990 5642) (0.001593 s)
>> 5 (4519: 4059 4518 4059) (0.001572 s)
>> 0 (-1: -1 -1 -1) (0.00152 s)
Zelikovsky 8.27665 s
>> 31 (4899: 4756 8909 4402) (8.72588 s)
>> 25 (4141: 4146 4385 4017) (8.96895 s)
>> 20 (6384: 6390 7256 5387) (8.96662 s)
>> 20 (9032: 8818 9257 9029) (9.09795 s)
>> 13 (4409: 4518 4756 4059) (9.13035 s)
>> 13 (8947: 9056 9049 8727) (9.21503 s)
>> 10 (8115: 8113 8980 7990) (9.22996 s)
>> 10 (8274: 8272 8537 8027) (9.26514 s)
>> 10 (9012: 8902 9008 4518) (9.26687 s)
>> 8 (8009: 8135 8005 7660) (9.26233 s)
>> 7 (8862: 8858 9077 8620) (9.25326 s)
>> 0 (-1: -1 -1 -1) (9.27559 s)
Zelikovsky- 109.673 s
>>> get_solution
  refine_solution: new weight 4336 (was 4346) in 0.001776 s
  refine_solution: new weight 4336 (was 4336) in 0.001781 s
>>> get_solution
  refine_solution: new weight 4478 (was 4483) in 0.001604 s
  refine_solution: new weight 4478 (was 4478) in 0.001499 s
25,,9368,16789,45,,6327,0,,4483,4478,4359,4346,4336,,66,3,@@

  handle_small_Steiner_degrees: steiner 0, suppress 3 in 1.7e-05 s
Starting round 26
Found 245 isolated vertices
Invalid ratios recomputed: 5856
Best ratio is 33/1 (33.0), centered at 8005
Finding the best star... Star with 2 terminals centered in 8135
round took: 2.37231 s
|V| = 9600, |E| = 16777, |R| = 44
>> 31 (4899: 4402 4756 4402) (0.001854 s)
>> 25 (4141: 4017 4146 4017) (0.001801 s)
>> 20 (6384: 5387 6390 5387) (0.001775 s)
>> 20 (9032: 8818 9029 8818) (0.001745 s)
>> 13 (8947: 8727 9049 8727) (0.001736 s)
>> 10 (8274: 8027 8272 8027) (0.001727 s)
>> 10 (8115: 7990 8113 7990) (0.00166 s)
>> 10 (9012: 8902 8909 8902) (0.001635 s)
>> 7 (7478: 7341 7482 7341) (0.001645 s)
>> 7 (8862: 8620 8858 8620) (0.001585 s)
>> 5 (4519: 4059 4518 4059) (0.001577 s)
>> 0 (-1: -1 -1 -1) (0.001536 s)
Zelikovsky 8.2474 s
>> 31 (4899: 4756 8909 4402) (8.70292 s)
>> 25 (4141: 4146 4385 4017) (8.94764 s)
>> 20 (6384: 6390 7256 5387) (8.94121 s)
>> 20 (9032: 8818 9257 9029) (9.07362 s)
>> 13 (4409: 4518 4756 4059) (9.10806 s)
>> 13 (8947: 9056 9049 8727) (9.18882 s)
>> 10 (8115: 8113 8980 7990) (9.2029 s)
>> 10 (8274: 8272 8537 8027) (9.24162 s)
>> 10 (9012: 8902 9008 4518) (9.24586 s)
>> 7 (8862: 8858 9077 8620) (9.24096 s)
>> 0 (-1: -1 -1 -1) (9.29803 s)
Zelikovsky- 100.206 s
>>> get_solution
  refine_solution: new weight 4339 (was 4349) in 0.001526 s
  refine_solution: new weight 4339 (was 4339) in 0.001516 s
>>> get_solution
  refine_solution: new weight 4473 (was 4478) in 0.001588 s
  refine_solution: new weight 4473 (was 4473) in 0.001506 s
26,,9355,16777,44,,5856,0,,4478,4473,4357,4349,4339,,33,2,@@

  handle_small_Steiner_degrees: steiner 0, suppress 2 in 1.8e-05 s
Starting round 27
Found 252 isolated vertices
Invalid ratios recomputed: 5709
Best ratio is 33/1 (33.0), centered at 8796
Finding the best star... Star with 2 terminals centered in 8909
round took: 2.36155 s
|V| = 9600, |E| = 16768, |R| = 43
>> 31 (4899: 4402 4756 4402) (0.001834 s)
>> 25 (4141: 4017 4146 4017) (0.001768 s)
>> 20 (6384: 5387 6390 5387) (0.001737 s)
>> 20 (9032: 8818 9029 8818) (0.001703 s)
>> 13 (8947: 8727 9049 8727) (0.0017 s)
>> 10 (8274: 8027 8272 8027) (0.001676 s)
>> 10 (8115: 7990 8113 7990) (0.001637 s)
>> 7 (7478: 7341 7482 7341) (0.001604 s)
>> 7 (8862: 8620 8858 8620) (0.001598 s)
>> 0 (-1: -1 -1 -1) (0.001555 s)
Zelikovsky 8.26235 s
>> 31 (4899: 4756 8909 4402) (8.69691 s)
>> 25 (4141: 4146 4385 4017) (8.93333 s)
>> 20 (6384: 6390 7256 5387) (8.92482 s)
>> 20 (9032: 8818 9257 9029) (9.0592 s)
>> 13 (4409: 4518 4756 4059) (9.09237 s)
>> 13 (8947: 9056 9049 8727) (9.18229 s)
>> 10 (8115: 8113 8980 7990) (9.19519 s)
>> 10 (8274: 8272 8537 8027) (9.22706 s)
>> 7 (8862: 8858 9077 8620) (9.2383 s)
>> 0 (-1: -1 -1 -1) (9.25687 s)
Zelikovsky- 90.82 s
>>> get_solution
  refine_solution: new weight 4349 (was 4354) in 0.001534 s
  refine_solution: new weight 4349 (was 4349) in 0.001489 s
>>> get_solution
  refine_solution: new weight 4460 (was 4465) in 0.001658 s
  refine_solution: new weight 4460 (was 4460) in 0.001506 s
27,,9348,16768,43,,5709,0,,4465,4460,4367,4354,4349,,33,2,@@

  handle_small_Steiner_degrees: steiner 1, suppress 3 in 1.7e-05 s
Starting round 28
Found 260 isolated vertices
Invalid ratios recomputed: 4680
Best ratio is 33/1 (33.0), centered at 9041
Finding the best star... Star with 2 terminals centered in 9049
round took: 2.0667 s
|V| = 9600, |E| = 16757, |R| = 42
>> 31 (4899: 4402 4756 4402) (0.001796 s)
>> 25 (4141: 4017 4146 4017) (0.00173 s)
>> 20 (6384: 5387 6390 5387) (0.001698 s)
>> 19 (9032: 8818 9029 8818) (0.001687 s)
>> 13 (8947: 8727 9049 8727) (0.001667 s)
>> 10 (8274: 8027 8272 8027) (0.001659 s)
>> 10 (8115: 7990 8113 7990) (0.001606 s)
>> 7 (7478: 7341 7482 7341) (0.001588 s)
>> 7 (8862: 8620 8858 8620) (0.001568 s)
>> 0 (-1: -1 -1 -1) (0.001522 s)
Zelikovsky 8.2549 s
>> 31 (4899: 4756 8909 4402) (8.67808 s)
>> 25 (4141: 4146 4385 4017) (8.91264 s)
>> 20 (6384: 6390 7256 5387) (8.90943 s)
>> 19 (9032: 8818 9257 9029) (9.04852 s)
>> 13 (4409: 4518 4756 4059) (9.09114 s)
>> 13 (8947: 9056 9049 8727) (9.17222 s)
>> 10 (8115: 8113 8980 7990) (9.18716 s)
>> 10 (8274: 8272 8537 8027) (9.23082 s)
>> 7 (8862: 8858 9077 8620) (9.23327 s)
>> 0 (-1: -1 -1 -1) (9.24966 s)
Zelikovsky- 90.7267 s
>>> get_solution
  refine_solution: new weight 4349 (was 4354) in 0.00153 s
  refine_solution: new weight 4349 (was 4349) in 0.001501 s
>>> get_solution
  refine_solution: new weight 4472 (was 4477) in 0.001623 s
  refine_solution: new weight 4472 (was 4472) in 0.001492 s
28,,9340,16757,42,,4680,0,,4477,4472,4372,4354,4349,,33,2,@@

  handle_small_Steiner_degrees: steiner 0, suppress 1 in 1.3e-05 s
Starting round 29
Found 265 isolated vertices
Invalid ratios recomputed: 6427
Best ratio is 69/2 (34.5), centered at 7989
Finding the best star... Star with 3 terminals centered in 8980
round took: 2.59422 s
|V| = 9600, |E| = 16742, |R| = 40
>> 31 (4899: 4402 4756 4402) (0.001739 s)
>> 25 (4141: 4017 4146 4017) (0.001665 s)
>> 20 (6384: 5387 6390 5387) (0.001645 s)
>> 19 (9032: 8818 9029 8818) (0.001637 s)
>> 13 (8947: 8727 9049 8727) (0.001608 s)
>> 10 (8274: 8027 8272 8027) (0.001586 s)
>> 7 (8862: 8620 8858 8620) (0.001567 s)
>> 0 (-1: -1 -1 -1) (0.001524 s)
Zelikovsky 8.35616 s
>> 31 (4899: 4756 8909 4402) (8.67927 s)
>> 25 (4141: 4146 4385 4017) (8.90147 s)
>> 20 (6384: 6390 7256 5387) (8.90569 s)
>> 19 (9032: 8818 9257 9029) (9.06273 s)
>> 13 (4409: 4518 4756 4059) (9.11202 s)
>> 13 (8947: 9056 9049 8727) (9.18596 s)
>> 10 (8274: 8272 8537 8027) (9.20703 s)
>> 7 (8862: 8858 9077 8620) (9.20836 s)
>> 0 (-1: -1 -1 -1) (9.24598 s)
Zelikovsky- 81.5213 s
>>> get_solution
  refine_solution: new weight 4349 (was 4359) in 0.001532 s
  refine_solution: new weight 4349 (was 4349) in 0.001506 s
>>> get_solution
  refine_solution: new weight 4472 (was 4477) in 0.001636 s
  refine_solution: new weight 4472 (was 4472) in 0.001499 s
29,,9335,16742,40,,6427,0,,4477,4472,4372,4359,4349,,69,3,@@

  handle_small_Steiner_degrees: steiner 0, suppress 8 in 2e-05 s
Starting round 30
Found 282 isolated vertices
Invalid ratios recomputed: 6394
Best ratio is 35/1 (35.0), centered at 8909
Finding the best star... Star with 2 terminals centered in 8916
round took: 2.57524 s
|V| = 9600, |E| = 16721, |R| = 39
>> 31 (4899: 4402 4756 4402) (0.001715 s)
>> 25 (4141: 4017 4146 4017) (0.001645 s)
>> 20 (6384: 5387 6390 5387) (0.001596 s)
>> 19 (9032: 8818 9029 8818) (0.00162 s)
>> 13 (8947: 8727 9049 8727) (0.001589 s)
>> 10 (8274: 8027 8272 8027) (0.001585 s)
>> 7 (8862: 8620 8858 8620) (0.00153 s)
>> 0 (-1: -1 -1 -1) (0.001506 s)
Zelikovsky 8.17083 s
>> 31 (4899: 4756 8916 4402) (8.65071 s)
>> 25 (4141: 4146 4385 4017) (8.87612 s)
>> 20 (6384: 6390 7256 5387) (8.87985 s)
>> 19 (9032: 8818 9257 9029) (9.04639 s)
>> 13 (4409: 4518 4756 4059) (9.10729 s)
>> 13 (8947: 9056 9049 8727) (9.18451 s)
>> 10 (8274: 8272 8537 8027) (9.19499 s)
>> 7 (8862: 8858 9077 8620) (9.20305 s)
>> 0 (-1: -1 -1 -1) (9.21809 s)
Zelikovsky- 81.3738 s
>>> get_solution
  refine_solution: new weight 4349 (was 4359) in 0.001531 s
  refine_solution: new weight 4349 (was 4349) in 0.001497 s
>>> get_solution
  refine_solution: new weight 4472 (was 4477) in 0.001635 s
  refine_solution: new weight 4472 (was 4472) in 0.001491 s
30,,9318,16721,39,,6394,0,,4477,4472,4372,4359,4349,,35,2,@@

  handle_small_Steiner_degrees: steiner 0, suppress 0 in 1.1e-05 s
Starting round 31
Found 289 isolated vertices
Invalid ratios recomputed: 5230
Best ratio is 108/3 (36.0), centered at 8272
Finding the best star... Star with 4 terminals centered in 9109
round took: 2.19852 s
|V| = 9600, |E| = 16705, |R| = 36
>> 31 (4899: 4402 4756 4402) (0.001641 s)
>> 25 (4141: 4017 4146 4017) (0.001552 s)
>> 20 (6384: 5387 6390 5387) (0.001529 s)
>> 19 (9032: 8818 9029 8818) (0.001514 s)
>> 13 (8947: 8727 9049 8727) (0.001511 s)
>> 7 (8862: 8620 8858 8620) (0.001487 s)
>> 0 (-1: -1 -1 -1) (0.001465 s)
Zelikovsky 8.14119 s
>> 31 (4899: 4756 8916 4402) (8.68282 s)
>> 25 (4141: 4146 4385 4017) (8.85339 s)
>> 20 (6384: 6390 7256 5387) (8.85227 s)
>> 19 (9032: 8818 9257 9029) (9.02416 s)
>> 13 (4409: 4518 4756 4059) (9.07993 s)
>> 13 (8947: 9056 9049 8727) (9.15213 s)
>> 7 (8862: 8858 9077 8620) (9.17101 s)
>> 0 (-1: -1 -1 -1) (9.19191 s)
Zelikovsky- 72.0192 s
>>> get_solution
  refine_solution: new weight 4349 (was 4359) in 0.001546 s
  refine_solution: new weight 4349 (was 4349) in 0.0015 s
>>> get_solution
  refine_solution: new weight 4472 (was 4477) in 0.001626 s
  refine_solution: new weight 4472 (was 4472) in 0.001498 s
31,,9311,16705,36,,5230,0,,4477,4472,4367,4359,4349,,108,4,@@

  handle_small_Steiner_degrees: steiner 1, suppress 4 in 2.3e-05 s
Starting round 32
Found 304 isolated vertices
Invalid ratios recomputed: 6233
Best ratio is 74/2 (37.0), centered at 8726
Finding the best star... Star with 3 terminals centered in 9056
round took: 2.56419 s
|V| = 9600, |E| = 16685, |R| = 34
>> 31 (4899: 4402 4756 4402) (0.001596 s)
>> 25 (4141: 4017 4146 4017) (0.001512 s)
>> 20 (6384: 5387 6390 5387) (0.001494 s)
>> 19 (9032: 8818 9029 8818) (0.001473 s)
>> 7 (8862: 8620 8858 8620) (0.001464 s)
>> 0 (-1: -1 -1 -1) (0.001437 s)
Zelikovsky 8.31484 s
>> 31 (4899: 4756 8916 4402) (9.1978 s)
>> 25 (4141: 4146 4385 4017) (9.44489 s)
>> 20 (6384: 6390 7256 5387) (9.44651 s)
>> 19 (9032: 8818 9257 9029) (9.60487 s)
>> 13 (4409: 4518 4756 4059) (9.69989 s)
>> 7 (8862: 8858 9077 8620) (9.75775 s)
>> 0 (-1: -1 -1 -1) (9.78204 s)
Zelikovsky- 66.9445 s
>>> get_solution
  refine_solution: new weight 4349 (was 4359) in 0.001537 s
  refine_solution: new weight 4349 (was 4349) in 0.001516 s
>>> get_solution
  refine_solution: new weight 4459 (was 4464) in 0.00161 s
  refine_solution: new weight 4459 (was 4459) in 0.0015 s
32,,9296,16685,34,,6233,0,,4464,4459,4367,4359,4349,,74,3,@@

  delete_edges: deleted 32 edges in 0.002116 s and 4 rounds
  handle_small_Steiner_degrees: steiner 0, suppress 37 in 3.3e-05 s
Starting round 33
Found 351 isolated vertices
Invalid ratios recomputed: 6796
Best ratio is 76/2 (38.0), centered at 8758
Finding the best star... Star with 3 terminals centered in 9077
round took: 2.70493 s
|V| = 9600, |E| = 16601, |R| = 32
>> 31 (4899: 4402 4756 4402) (0.001534 s)
>> 25 (4141: 4017 4146 4017) (0.001468 s)
>> 20 (6384: 5387 6390 5387) (0.001416 s)
>> 19 (9032: 8818 9029 8818) (0.001414 s)
>> 7 (8862: 8620 8858 8620) (0.001421 s)
>> 0 (-1: -1 -1 -1) (0.001383 s)
Zelikovsky 8.1144 s
>> 31 (4899: 4756 8916 4402) (8.50957 s)
>> 25 (4141: 4146 4385 4017) (8.73334 s)
>> 20 (6384: 6390 7256 5387) (8.74028 s)
>> 19 (9032: 8818 9257 9029) (9.07447 s)
>> 13 (4409: 4518 4756 4059) (9.25986 s)
>> 7 (8862: 8858 9077 8620) (9.33442 s)
>> 0 (-1: -1 -1 -1) (9.34761 s)
Zelikovsky- 63.0104 s
>>> get_solution
  refine_solution: new weight 4349 (was 4354) in 0.001536 s
  refine_solution: new weight 4349 (was 4349) in 0.001526 s
>>> get_solution
  refine_solution: new weight 4459 (was 4464) in 0.001642 s
  refine_solution: new weight 4459 (was 4459) in 0.001494 s
33,,9249,16601,32,,6796,0,,4464,4459,4367,4354,4349,,76,3,@@

  handle_small_Steiner_degrees: steiner 0, suppress 0 in 1.3e-05 s
Starting round 34
Found 362 isolated vertices
Invalid ratios recomputed: 6595
Best ratio is 38/1 (38.0), centered at 8916
Finding the best star... Star with 2 terminals centered in 9029
round took: 2.65188 s
|V| = 9600, |E| = 16594, |R| = 31
>> 31 (4899: 4402 4756 4402) (0.001518 s)
>> 25 (4141: 4017 4146 4017) (0.00145 s)
>> 20 (6384: 5387 6390 5387) (0.001428 s)
>> 19 (9032: 8818 9029 8818) (0.001398 s)
>> 7 (8862: 8620 8858 8620) (0.001417 s)
>> 0 (-1: -1 -1 -1) (0.001372 s)
Zelikovsky 7.97835 s
>> 31 (4899: 4756 9029 4402) (8.4856 s)
>> 25 (4141: 4146 4385 4017) (8.71547 s)
>> 20 (6384: 6390 7256 5387) (8.72399 s)
>> 19 (9032: 8818 9257 4756) (8.926 s)
>> 13 (4409: 4518 8818 4059) (8.96855 s)
>> 7 (8862: 8858 9077 8620) (9.04617 s)
>> 0 (-1: -1 -1 -1) (9.06776 s)
Zelikovsky- 61.9442 s
>>> get_solution
  refine_solution: new weight 4349 (was 4354) in 0.00154 s
  refine_solution: new weight 4349 (was 4349) in 0.001499 s
>>> get_solution
  refine_solution: new weight 4459 (was 4464) in 0.001613 s
  refine_solution: new weight 4459 (was 4459) in 0.001507 s
34,,9238,16594,31,,6595,0,,4464,4459,4372,4354,4349,,38,2,@@

  handle_small_Steiner_degrees: steiner 0, suppress 0 in 1.1e-05 s
Starting round 35
Found 368 isolated vertices
Invalid ratios recomputed: 6015
Best ratio is 38/1 (38.0), centered at 9056
Finding the best star... Star with 2 terminals centered in 9056
round took: 2.49539 s
|V| = 9600, |E| = 16591, |R| = 30
>> 31 (4899: 4402 4756 4402) (0.001491 s)
>> 25 (4141: 4017 4146 4017) (0.001431 s)
>> 20 (6384: 5387 6390 5387) (0.001395 s)
>> 20 (9032: 8818 9029 8818) (0.001363 s)
>> 7 (8862: 8620 8858 8620) (0.001373 s)
>> 0 (-1: -1 -1 -1) (0.001346 s)
Zelikovsky 7.97183 s
>> 31 (4899: 4756 9029 4402) (8.47408 s)
>> 25 (4141: 4146 4385 4017) (8.71788 s)
>> 20 (6384: 6390 7256 5387) (8.72478 s)
>> 20 (9032: 8818 9056 4756) (8.94114 s)
>> 13 (4409: 4518 8818 4059) (8.97264 s)
>> 7 (8862: 8858 9077 8620) (9.05194 s)
>> 0 (-1: -1 -1 -1) (9.07296 s)
Zelikovsky- 61.966 s
>>> get_solution
  refine_solution: new weight 4336 (was 4341) in 0.001529 s
  refine_solution: new weight 4336 (was 4336) in 0.001497 s
>>> get_solution
  refine_solution: new weight 4447 (was 4452) in 0.001617 s
  refine_solution: new weight 4447 (was 4447) in 0.001498 s
35,,9232,16591,30,,6015,0,,4452,4447,4354,4341,4336,,38,2,@@

  handle_small_Steiner_degrees: steiner 0, suppress 0 in 1.1e-05 s
Starting round 36
Found 371 isolated vertices
Invalid ratios recomputed: 6935
Best ratio is 78/2 (39.0), centered at 7256
Finding the best star... Star with 3 terminals centered in 8135
round took: 2.76826 s
|V| = 9600, |E| = 16583, |R| = 28
>> 31 (4899: 4402 4756 4402) (0.001434 s)
>> 25 (4141: 4017 4146 4017) (0.001391 s)
>> 20 (6384: 5387 6390 5387) (0.001348 s)
>> 20 (9032: 8818 9029 8818) (0.001338 s)
>> 7 (8862: 8620 8858 8620) (0.001329 s)
>> 0 (-1: -1 -1 -1) (0.001313 s)
Zelikovsky 7.97838 s
>> 31 (4899: 4756 9029 4402) (8.48976 s)
>> 25 (4141: 4146 4385 4017) (8.74202 s)
>> 20 (6384: 6390 8135 5387) (8.75459 s)
>> 20 (9032: 8818 9056 4756) (8.98888 s)
>> 13 (4409: 4518 8818 4059) (9.01727 s)
>> 7 (8862: 8858 9077 8620) (9.09729 s)
>> 0 (-1: -1 -1 -1) (9.12093 s)
Zelikovsky- 62.2213 s
>>> get_solution
  refine_solution: new weight 4336 (was 4346) in 0.001543 s
  refine_solution: new weight 4336 (was 4336) in 0.001502 s
>>> get_solution
  refine_solution: new weight 4447 (was 4452) in 0.001608 s
  refine_solution: new weight 4447 (was 4447) in 0.001516 s
36,,9229,16583,28,,6935,0,,4452,4447,4359,4346,4336,,78,3,@@

  handle_small_Steiner_degrees: steiner 0, suppress 2 in 1.7e-05 s
Starting round 37
Found 377 isolated vertices
Invalid ratios recomputed: 6696
Best ratio is 80/2 (40.0), centered at 8135
Finding the best star... Star with 3 terminals centered in 9117
round took: 2.66122 s
|V| = 9600, |E| = 16558, |R| = 26
>> 31 (4899: 4402 4756 4402) (0.001405 s)
>> 25 (4141: 4017 4146 4017) (0.00134 s)
>> 20 (9032: 8818 9029 8818) (0.001314 s)
>> 20 (6384: 5387 6390 5387) (0.001307 s)
>> 7 (8862: 8620 8858 8620) (0.001295 s)
>> 0 (-1: -1 -1 -1) (0.001257 s)
Zelikovsky 7.93871 s
>> 31 (4899: 4756 9029 4402) (8.46485 s)
>> 25 (4141: 4146 4385 4017) (8.73684 s)
>> 20 (6384: 6390 9117 5387) (8.75973 s)
>> 20 (9032: 8818 9056 4756) (8.99889 s)
>> 13 (4409: 4518 8818 4059) (9.0289 s)
>> 7 (8862: 8858 8620 6390) (9.12208 s)
>> 0 (-1: -1 -1 -1) (9.14753 s)
Zelikovsky- 62.2696 s
>>> get_solution
  refine_solution: new weight 4336 (was 4346) in 0.001541 s
  refine_solution: new weight 4336 (was 4336) in 0.001504 s
>>> get_solution
  refine_solution: new weight 4447 (was 4452) in 0.001625 s
  refine_solution: new weight 4447 (was 4447) in 0.001499 s
37,,9223,16558,26,,6696,0,,4452,4447,4354,4346,4336,,80,3,@@

  handle_small_Steiner_degrees: steiner 0, suppress 6 in 1.9e-05 s
Starting round 38
Found 399 isolated vertices
Invalid ratios recomputed: 6861
Best ratio is 164/4 (41.0), centered at 8859
Finding the best star... Star with 5 terminals centered in 8027
round took: 2.71939 s
|V| = 9600, |E| = 16520, |R| = 22
>> 31 (4899: 4402 4756 4402) (0.001346 s)
>> 25 (4141: 4017 4146 4017) (0.001285 s)
>> 20 (6384: 5387 6390 5387) (0.001252 s)
>> 20 (9032: 8818 9029 8818) (0.00125 s)
>> 0 (-1: -1 -1 -1) (0.001227 s)
Zelikovsky 7.89562 s
>> 31 (4899: 4756 9029 4402) (8.43944 s)
>> 25 (4141: 4146 4385 4017) (8.71618 s)
>> 20 (6384: 6390 8027 5387) (8.72578 s)
>> 20 (9032: 8818 9056 4756) (8.96527 s)
>> 13 (4409: 4518 8818 4059) (8.99602 s)
>> 0 (-1: -1 -1 -1) (9.07769 s)
Zelikovsky- 52.9299 s
>>> get_solution
  refine_solution: new weight 4336 (was 4346) in 0.001538 s
  refine_solution: new weight 4336 (was 4336) in 0.001523 s
>>> get_solution
  refine_solution: new weight 4440 (was 4445) in 0.001629 s
  refine_solution: new weight 4440 (was 4440) in 0.001489 s
38,,9201,16520,22,,6861,0,,4445,4440,4359,4346,4336,,164,5,@@

  handle_small_Steiner_degrees: steiner 0, suppress 7 in 2.4e-05 s
Starting round 39
Found 426 isolated vertices
Invalid ratios recomputed: 6924
Best ratio is 43/1 (43.0), centered at 7111
Finding the best star... Star with 2 terminals centered in 8027
round took: 2.77047 s
|V| = 9600, |E| = 16499, |R| = 21
>> 31 (4899: 4402 4756 4402) (0.001328 s)
>> 25 (4141: 4017 4146 4017) (0.001272 s)
>> 20 (6384: 5387 6390 5387) (0.001245 s)
>> 20 (9032: 8818 9029 8818) (0.001225 s)
>> 0 (-1: -1 -1 -1) (0.00121 s)
Zelikovsky 7.87562 s
>> 31 (4899: 4756 9029 4402) (8.40648 s)
>> 25 (4141: 4146 4385 4017) (8.68157 s)
>> 20 (6384: 6390 8027 5387) (8.69912 s)
>> 20 (9032: 8818 9056 4756) (8.92787 s)
>> 13 (4409: 4518 8818 4059) (8.9672 s)
>> 0 (-1: -1 -1 -1) (9.04015 s)
Zelikovsky- 52.7319 s
>>> get_solution
  refine_solution: new weight 4336 (was 4346) in 0.001538 s
  refine_solution: new weight 4336 (was 4336) in 0.001518 s
>>> get_solution
  refine_solution: new weight 4440 (was 4445) in 0.001625 s
  refine_solution: new weight 4440 (was 4440) in 0.001497 s
39,,9174,16499,21,,6924,0,,4445,4440,4359,4346,4336,,43,2,@@

  handle_small_Steiner_degrees: steiner 0, suppress 0 in 1.2e-05 s
Starting round 40
Found 433 isolated vertices
Invalid ratios recomputed: 6924
Best ratio is 43/1 (43.0), centered at 7341
Finding the best star... Star with 2 terminals centered in 7482
round took: 2.7877 s
|V| = 9600, |E| = 16490, |R| = 20
>> 31 (4899: 4402 4756 4402) (0.001325 s)
>> 25 (4141: 4017 4146 4017) (0.001251 s)
>> 20 (6384: 5387 6390 5387) (0.001236 s)
>> 20 (9032: 8818 9029 8818) (0.00121 s)
>> 0 (-1: -1 -1 -1) (0.001214 s)
Zelikovsky 7.87506 s
>> 31 (4899: 4756 9029 4402) (8.40243 s)
>> 25 (4141: 4146 4385 4017) (8.66448 s)
>> 20 (6384: 6390 8027 5387) (8.68004 s)
>> 20 (9032: 8818 9056 4756) (8.91232 s)
>> 13 (4409: 4518 8818 4059) (8.94934 s)
>> 0 (-1: -1 -1 -1) (9.02454 s)
Zelikovsky- 52.6427 s
>>> get_solution
  refine_solution: new weight 4336 (was 4346) in 0.001536 s
  refine_solution: new weight 4336 (was 4336) in 0.001518 s
>>> get_solution
  refine_solution: new weight 4440 (was 4445) in 0.001637 s
  refine_solution: new weight 4440 (was 4440) in 0.001497 s
40,,9167,16490,20,,6924,0,,4445,4440,4359,4346,4336,,43,2,@@

  handle_small_Steiner_degrees: steiner 0, suppress 0 in 1.1e-05 s
Starting round 41
Found 440 isolated vertices
Invalid ratios recomputed: 7100
Best ratio is 88/2 (44.0), centered at 8027
Finding the best star... Star with 3 terminals centered in 9193
round took: 2.90729 s
|V| = 9600, |E| = 16482, |R| = 18
>> 31 (4899: 4402 4756 4402) (0.001287 s)
>> 25 (4141: 4017 4146 4017) (0.001244 s)
>> 20 (9032: 8818 9029 8818) (0.001198 s)
>> 20 (6384: 5387 6390 5387) (0.001204 s)
>> 0 (-1: -1 -1 -1) (0.001179 s)
Zelikovsky 7.85981 s
>> 31 (4899: 4756 9029 4402) (8.39059 s)
>> 25 (4141: 4146 4385 4017) (8.65477 s)
>> 20 (6384: 6390 9193 5387) (8.66722 s)
>> 20 (9032: 8818 9056 4756) (8.90487 s)
>> 13 (4409: 4518 8818 4059) (8.93228 s)
>> 0 (-1: -1 -1 -1) (9.0158 s)
Zelikovsky- 52.5751 s
>>> get_solution
  refine_solution: new weight 4336 (was 4346) in 0.001535 s
  refine_solution: new weight 4336 (was 4336) in 0.00151 s
>>> get_solution
  refine_solution: new weight 4440 (was 4445) in 0.001696 s
  refine_solution: new weight 4440 (was 4440) in 0.001493 s
41,,9160,16482,18,,7100,0,,4445,4440,4359,4346,4336,,88,3,@@

  handle_small_Steiner_degrees: steiner 0, suppress 0 in 1.2e-05 s
Starting round 42
Found 447 isolated vertices
Invalid ratios recomputed: 7038
Best ratio is 48/1 (48.0), centered at 4402
Finding the best star... Star with 2 terminals centered in 4518
round took: 2.9367 s
|V| = 9600, |E| = 16472, |R| = 17
>> 34 (4903: 4518 4756 4518) (0.001281 s)
>> 25 (4141: 4017 4146 4017) (0.001225 s)
>> 20 (9032: 8818 9029 8818) (0.001187 s)
>> 20 (6384: 5387 6390 5387) (0.001172 s)
>> 0 (-1: -1 -1 -1) (0.001151 s)
Zelikovsky 7.85592 s
>> 34 (4903: 4518 9029 4756) (8.38369 s)
>> 25 (4141: 4146 4385 4017) (8.68869 s)
>> 20 (6384: 6390 9193 5387) (8.68046 s)
>> 20 (9032: 8818 9056 4518) (8.91127 s)
>> 0 (-1: -1 -1 -1) (8.95006 s)
Zelikovsky- 43.6228 s
>>> get_solution
  refine_solution: new weight 4338 (was 4343) in 0.001542 s
  refine_solution: new weight 4338 (was 4338) in 0.001514 s
>>> get_solution
  refine_solution: new weight 4432 (was 4437) in 0.001632 s
  refine_solution: new weight 4432 (was 4432) in 0.001497 s
42,,9153,16472,17,,7038,0,,4437,4432,4343,4343,4338,,48,2,@@

  handle_small_Steiner_degrees: steiner 0, suppress 1 in 1.6e-05 s
Starting round 43
Found 456 isolated vertices
Invalid ratios recomputed: 6326
Best ratio is 51/1 (51.0), centered at 4141
Finding the best star... Star with 2 terminals centered in 4385
round took: 3.05546 s
|V| = 9600, |E| = 16463, |R| = 16
>> 34 (4903: 4518 4756 4518) (0.001271 s)
>> 20 (9032: 8818 9029 8818) (0.00122 s)
>> 20 (6384: 5387 6390 5387) (0.001193 s)
>> 0 (-1: -1 -1 -1) (0.001187 s)
Zelikovsky 7.82468 s
>> 34 (4903: 4518 9029 4756) (8.36076 s)
>> 20 (6384: 6390 9193 5387) (8.65535 s)
>> 20 (9032: 8818 9056 4518) (8.86392 s)
>> 0 (-1: -1 -1 -1) (8.90516 s)
Zelikovsky- 34.7926 s
>>> get_solution
  refine_solution: new weight 4338 (was 4343) in 0.001544 s
  refine_solution: new weight 4338 (was 4338) in 0.00152 s
>>> get_solution
  refine_solution: new weight 4417 (was 4417) in 0.001638 s
43,,9144,16463,16,,6326,0,,4417,4417,4343,4343,4338,,51,2,@@

  handle_small_Steiner_degrees: steiner 0, suppress 0 in 1.1e-05 s
Starting round 44
Found 463 isolated vertices
Invalid ratios recomputed: 5647
Best ratio is 53/1 (53.0), centered at 4017
Finding the best star... Star with 2 terminals centered in 4385
round took: 2.82694 s
|V| = 9600, |E| = 16452, |R| = 15
>> 34 (4903: 4518 4756 4518) (0.001264 s)
>> 20 (9032: 8818 9029 8818) (0.001193 s)
>> 20 (6384: 5387 6390 5387) (0.001187 s)
>> 0 (-1: -1 -1 -1) (0.001161 s)
Zelikovsky 7.85212 s
>> 34 (4903: 4518 9029 4756) (8.35126 s)
>> 20 (6384: 6390 9193 5387) (8.64366 s)
>> 20 (9032: 8818 9056 4518) (8.87339 s)
>> 0 (-1: -1 -1 -1) (8.91115 s)
Zelikovsky- 34.7869 s
>>> get_solution
  refine_solution: new weight 4338 (was 4343) in 0.001542 s
  refine_solution: new weight 4338 (was 4338) in 0.001521 s
>>> get_solution
  refine_solution: new weight 4417 (was 4417) in 0.001643 s
44,,9137,16452,15,,5647,0,,4417,4417,4343,4343,4338,,53,2,@@

  handle_small_Steiner_degrees: steiner 0, suppress 0 in 1.1e-05 s
Starting round 45
Found 472 isolated vertices
Invalid ratios recomputed: 5795
Best ratio is 55/1 (55.0), centered at 9056
Finding the best star... Star with 2 terminals centered in 9193
round took: 3.03034 s
|V| = 9600, |E| = 16441, |R| = 14
>> 34 (4903: 4518 4756 4518) (0.001245 s)
>> 20 (6384: 5387 6390 5387) (0.001178 s)
>> 20 (9032: 8818 9029 8818) (0.001149 s)
>> 0 (-1: -1 -1 -1) (0.00114 s)
Zelikovsky 7.85749 s
>> 34 (4903: 4518 9029 4756) (8.35045 s)
>> 20 (6384: 6390 9193 5387) (8.64233 s)
>> 20 (9032: 8818 6390 4518) (8.87675 s)
>> 0 (-1: -1 -1 -1) (8.9747 s)
Zelikovsky- 34.8516 s
>>> get_solution
  refine_solution: new weight 4338 (was 4343) in 0.001552 s
  refine_solution: new weight 4338 (was 4338) in 0.001504 s
>>> get_solution
  refine_solution: new weight 4417 (was 4417) in 0.001623 s
45,,9128,16441,14,,5795,0,,4417,4417,4343,4343,4338,,55,2,@@

  handle_small_Steiner_degrees: steiner 0, suppress 0 in 1.2e-05 s
Starting round 46
Found 483 isolated vertices
Invalid ratios recomputed: 7564
Best ratio is 56/1 (56.0), centered at 7482
Finding the best star... Star with 2 terminals centered in 9193
round took: 3.37622 s
|V| = 9600, |E| = 16432, |R| = 13
>> 34 (4903: 4518 4756 4518) (0.00122 s)
>> 20 (6384: 5387 6390 5387) (0.001167 s)
>> 20 (9032: 8818 9029 8818) (0.001148 s)
>> 0 (-1: -1 -1 -1) (0.00113 s)
Zelikovsky 7.85242 s
>> 34 (4903: 4518 9029 4756) (8.36704 s)
>> 20 (6384: 6390 9193 5387) (8.63304 s)
>> 20 (9032: 8818 6390 4518) (8.87341 s)
>> 0 (-1: -1 -1 -1) (8.97355 s)
Zelikovsky- 34.8545 s
>>> get_solution
  refine_solution: new weight 4338 (was 4343) in 0.001544 s
  refine_solution: new weight 4338 (was 4338) in 0.001507 s
>>> get_solution
  refine_solution: new weight 4412 (was 4412) in 0.001654 s
46,,9117,16432,13,,7564,0,,4412,4412,4343,4343,4338,,56,2,@@

  handle_small_Steiner_degrees: steiner 0, suppress 0 in 1.5e-05 s
Starting round 47
Found 491 isolated vertices
Invalid ratios recomputed: 7635
Best ratio is 57/1 (57.0), centered at 8098
Finding the best star... Star with 2 terminals centered in 9193
round took: 3.45713 s
|V| = 9600, |E| = 16426, |R| = 12
>> 34 (4903: 4518 4756 4518) (0.001214 s)
>> 20 (6384: 5387 6390 5387) (0.001169 s)
>> 20 (9032: 8818 9029 8818) (0.001131 s)
>> 0 (-1: -1 -1 -1) (0.001129 s)
Zelikovsky 7.85693 s
>> 34 (4903: 4518 9029 4756) (8.36282 s)
>> 20 (6384: 6390 9193 5387) (8.62635 s)
>> 20 (9032: 8818 6390 4518) (8.85261 s)
>> 0 (-1: -1 -1 -1) (8.96452 s)
Zelikovsky- 34.8138 s
>>> get_solution
  refine_solution: new weight 4338 (was 4343) in 0.001544 s
  refine_solution: new weight 4338 (was 4338) in 0.001512 s
>>> get_solution
  refine_solution: new weight 4412 (was 4412) in 0.001616 s
47,,9109,16426,12,,7635,0,,4412,4412,4343,4343,4338,,57,2,@@

  handle_small_Steiner_degrees: steiner 0, suppress 0 in 1.2e-05 s
Starting round 48
Found 496 isolated vertices
Invalid ratios recomputed: 7630
Best ratio is 120/2 (60.0), centered at 9030
Finding the best star... Star with 3 terminals centered in 9193
round took: 3.54339 s
|V| = 9600, |E| = 16410, |R| = 10
>> 34 (4903: 4518 4756 4518) (0.001189 s)
>> 20 (6384: 5387 6390 5387) (0.001141 s)
>> 0 (-1: -1 -1 -1) (0.001108 s)
Zelikovsky 7.81867 s
>> 34 (4903: 4518 9193 4756) (8.33062 s)
>> 20 (6384: 6390 5387 4518) (8.69069 s)
>> 0 (-1: -1 -1 -1) (8.92535 s)
Zelikovsky- 25.953 s
>>> get_solution
  refine_solution: new weight 4338 (was 4343) in 0.001553 s
  refine_solution: new weight 4338 (was 4338) in 0.001508 s
>>> get_solution
  refine_solution: new weight 4392 (was 4392) in 0.001619 s
48,,9104,16410,10,,7630,0,,4392,4392,4343,4343,4338,,120,3,@@

  handle_small_Steiner_degrees: steiner 0, suppress 0 in 1.2e-05 s
Starting round 49
Found 511 isolated vertices
Invalid ratios recomputed: 7894
Best ratio is 64/1 (64.0), centered at 8898
Finding the best star... Star with 2 terminals centered in 9008
round took: 3.89784 s
|V| = 9600, |E| = 16402, |R| = 9
>> 34 (4903: 4518 4756 4518) (0.001189 s)
>> 20 (6384: 5387 6390 5387) (0.001126 s)
>> 0 (-1: -1 -1 -1) (0.00111 s)
Zelikovsky 8.01493 s
>> 34 (4903: 4518 9008 4756) (8.32433 s)
>> 20 (6384: 6390 5387 4518) (8.6719 s)
>> 0 (-1: -1 -1 -1) (8.90333 s)
Zelikovsky- 25.9061 s
>>> get_solution
  refine_solution: new weight 4338 (was 4343) in 0.00156 s
  refine_solution: new weight 4338 (was 4338) in 0.001504 s
>>> get_solution
  refine_solution: new weight 4392 (was 4392) in 0.001629 s
49,,9089,16402,9,,7894,0,,4392,4392,4343,4343,4338,,64,2,@@

  handle_small_Steiner_degrees: steiner 0, suppress 1 in 1.8e-05 s
Starting round 50
Found 519 isolated vertices
Invalid ratios recomputed: 7886
Best ratio is 72/1 (72.0), centered at 4055
Finding the best star... Star with 2 terminals centered in 4518
round took: 4.2501 s
|V| = 9600, |E| = 16391, |R| = 8
>> 34 (4903: 4518 4756 4518) (0.001173 s)
>> 20 (6384: 5387 6390 5387) (0.00108 s)
>> 0 (-1: -1 -1 -1) (0.001071 s)
Zelikovsky 7.81356 s
>> 34 (4903: 4518 9008 4756) (8.32877 s)
>> 20 (6384: 6390 5387 4518) (8.73499 s)
>> 0 (-1: -1 -1 -1) (8.95455 s)
Zelikovsky- 26.0246 s
>>> get_solution
  refine_solution: new weight 4338 (was 4343) in 0.001545 s
  refine_solution: new weight 4338 (was 4338) in 0.001524 s
>>> get_solution
  refine_solution: new weight 4392 (was 4392) in 0.00162 s
50,,9081,16391,8,,7886,0,,4392,4392,4343,4343,4338,,72,2,@@

  handle_small_Steiner_degrees: steiner 0, suppress 1 in 1.9e-05 s
Starting round 51
Found 528 isolated vertices
Invalid ratios recomputed: 8657
Best ratio is 106/1 (106.0), centered at 5372
Finding the best star... Star with 2 terminals centered in 5387
round took: 5.66152 s
|V| = 9600, |E| = 16370, |R| = 7
>> 34 (4903: 4518 4756 4518) (0.001167 s)
>> 25 (6383: 5387 6390 5387) (0.00109 s)
>> 0 (-1: -1 -1 -1) (0.001067 s)
Zelikovsky 7.73923 s
>> 34 (4903: 4518 9008 4756) (8.30596 s)
>> 25 (6383: 6390 5387 4518) (8.70762 s)
>> 0 (-1: -1 -1 -1) (8.90887 s)
Zelikovsky- 25.9287 s
>>> get_solution
  refine_solution: new weight 4338 (was 4338) in 0.001562 s
>>> get_solution
  refine_solution: new weight 4392 (was 4392) in 0.00162 s
51,,9072,16370,7,,8657,0,,4392,4392,4338,4338,4338,,106,2,@@

  handle_small_Steiner_degrees: steiner 0, suppress 1 in 1.5e-05 s
Starting round 52
Found 547 isolated vertices
Invalid ratios recomputed: 7968
Best ratio is 109/1 (109.0), centered at 4384
Finding the best star... Star with 2 terminals centered in 5387
round took: 5.48558 s
|V| = 9600, |E| = 16357, |R| = 6
>> 34 (4903: 4518 4756 4518) (0.001154 s)
>> 25 (6383: 5387 6390 5387) (0.001091 s)
>> 0 (-1: -1 -1 -1) (0.001046 s)
Zelikovsky 7.81873 s
>> 34 (4903: 4518 9008 4756) (8.38468 s)
>> 25 (6383: 6390 5387 4518) (8.80289 s)
Zelikovsky- 17.1937 s
>>> get_solution
  refine_solution: new weight 4338 (was 4338) in 0.00155 s
>>> get_solution
  refine_solution: new weight 4392 (was 4392) in 0.001628 s
52,,9053,16357,6,,7968,0,,4392,4392,4338,4338,4338,,109,2,@@

  handle_small_Steiner_degrees: steiner 0, suppress 1 in 1.6e-05 s
Starting round 53
Found 557 isolated vertices
Invalid ratios recomputed: 8135
Best ratio is 230/2 (115.0), centered at 6383
Finding the best star... Star with 3 terminals centered in 9008
round took: 5.75551 s
|V| = 9600, |E| = 16328, |R| = 4
>> 34 (4903: 4518 4756 4518) (0.00112 s)
>> 0 (-1: -1 -1 -1) (0.001072 s)
Zelikovsky 8.03627 s
>> 34 (4903: 4518 9008 4756) (8.56509 s)
Zelikovsky- 8.57016 s
>>> get_solution
  refine_solution: new weight 4338 (was 4338) in 0.001565 s
>>> get_solution
  refine_solution: new weight 4372 (was 4372) in 0.001695 s
53,,9043,16328,4,,8135,0,,4372,4372,4338,4338,4338,,230,3,@@

  handle_small_Steiner_degrees: steiner 0, suppress 0 in 1.2e-05 s
Starting round 54
Found 579 isolated vertices
Invalid ratios recomputed: 8365
Best ratio is 127/1 (127.0), centered at 4518
Finding the best star... Star with 2 terminals centered in 4756
round took: 9.14439 s
|V| = 9600, |E| = 16307, |R| = 3
>> 0 (-1: -1 -1 -1) (0.001122 s)
Zelikovsky 8.02297 s
>> 0 (-1: -1 -1 -1) (8.53931 s)
Zelikovsky- 8.54306 s
>>> get_solution
  refine_solution: new weight 4346 (was 4346) in 0.001559 s
>>> get_solution
  refine_solution: new weight 4346 (was 4346) in 0.00165 s
54,,9021,16307,3,,8365,0,,4346,4346,4346,4346,4346,,127,2,@@

  handle_small_Steiner_degrees: steiner 0, suppress 1 in 1.7e-05 s
Starting round 55
Found 598 isolated vertices
Invalid ratios recomputed: 9002
Best ratio is 413/1 (413.0), centered at 4756
Finding the best star... Star with 2 terminals centered in 9008
round took: 11.5215 s
|V| = 9600, |E| = 16269, |R| = 2
Zelikovsky 8.38719 s
Zelikovsky- 0.003141 s
>>> get_solution
  refine_solution: new weight 4346 (was 4346) in 0.001545 s
>>> get_solution
  refine_solution: new weight 4346 (was 4346) in 0.001632 s
55,,9002,16269,2,,9002,0,,4346,4346,4346,4346,4346,,413,2,@@

  handle_small_Steiner_degrees: steiner 0, suppress 0 in 1.1e-05 s
Starting round 56
Found 630 isolated vertices
Invalid ratios recomputed: 8970
Best ratio is 462/1 (462.0), centered at 27
Finding the best star... Star with 2 terminals centered in 9008
round took: 10.7647 s
|V| = 9600, |E| = 16227, |R| = 1
Zelikovsky 8.56183 s
Zelikovsky- 0.003174 s
>>> get_solution
  refine_solution: new weight 4346 (was 4346) in 0.001554 s
>>> get_solution
  refine_solution: new weight 4346 (was 4346) in 0.001653 s
56,,8970,16227,1,,8970,0,,4346,4346,4346,4346,4346,,462,2,@@

  handle_small_Steiner_degrees: steiner 0, suppress 4 in 1.6e-05 s
contract_till_the_bitter_end: 7089.13 s

Calling end_heu
>>> get_solution
Saved weight 140
end_heu: 0 loops with 0 unique solutions in 0.000155 s

Calling print_solution
>>> get_solution
  refine_solution: new weight 4346 (was 4346) in 0.001641 s
## FINAL WEIGHT 4346
print_solution: 0.003867 s
