Version: final-94-gfffc3aa rub_all.sh: remove longest prefix
Random seed: 1565516140
Start
>>> save_orig_graph
>> Saved weight 0
Graph loaded
|V| = 135544, |E| = 201803, |R| = 3033
First clearance of the input. Calling buy_zero and run_all_heuristics.
  buy_zero: 6071 zero edges in 0.012837 s
  handle_small_terminal_degrees: terms 0 in 0.000172 s
  handle_small_Steiner_degrees: steiner 19, suppress 50805 in 0.029575 s
  shortest_edge_between_terminals: 0 edges in 0.000996 s
  handle_small_terminal_degrees: terms 0 in 0.000161 s
  handle_small_Steiner_degrees: steiner 2, suppress 803 in 0.001131 s
  shortest_edge_between_terminals: 0 edges in 0.000394 s
  handle_small_terminal_degrees: terms 0 in 0.00018 s
  handle_small_Steiner_degrees: steiner 0, suppress 78 in 0.000328 s
  shortest_edge_between_terminals: 0 edges in 0.000239 s
  handle_small_terminal_degrees: terms 0 in 0.000158 s
  handle_small_Steiner_degrees: steiner 0, suppress 25 in 0.000237 s
  shortest_edge_between_terminals: 0 edges in 0.000218 s
  handle_small_terminal_degrees: terms 0 in 0.000167 s
  handle_small_Steiner_degrees: steiner 0, suppress 16 in 0.000231 s
  shortest_edge_between_terminals: 0 edges in 0.000207 s
  handle_small_terminal_degrees: terms 0 in 0.000159 s
  handle_small_Steiner_degrees: steiner 0, suppress 9 in 0.000239 s
  shortest_edge_between_terminals: 0 edges in 0.000224 s
  handle_small_terminal_degrees: terms 0 in 0.00016 s
  handle_small_Steiner_degrees: steiner 0, suppress 6 in 0.000239 s
  shortest_edge_between_terminals: 0 edges in 0.000199 s
  handle_small_terminal_degrees: terms 0 in 0.000169 s
  handle_small_Steiner_degrees: steiner 0, suppress 3 in 0.00023 s
  shortest_edge_between_terminals: 0 edges in 0.000212 s
  handle_small_terminal_degrees: terms 0 in 0.00017 s
  handle_small_Steiner_degrees: steiner 0, suppress 2 in 0.000238 s
  shortest_edge_between_terminals: 0 edges in 0.000217 s
  handle_small_terminal_degrees: terms 0 in 0.000168 s
  handle_small_Steiner_degrees: steiner 0, suppress 2 in 0.000225 s
  shortest_edge_between_terminals: 0 edges in 0.000216 s
  handle_small_terminal_degrees: terms 0 in 0.000172 s
  handle_small_Steiner_degrees: steiner 0, suppress 3 in 0.00023 s
  shortest_edge_between_terminals: 0 edges in 0.000206 s
  handle_small_terminal_degrees: terms 0 in 0.000162 s
  handle_small_Steiner_degrees: steiner 0, suppress 2 in 0.000216 s
  shortest_edge_between_terminals: 0 edges in 0.000222 s
  handle_small_terminal_degrees: terms 0 in 0.000157 s
  handle_small_Steiner_degrees: steiner 0, suppress 3 in 0.000218 s
  shortest_edge_between_terminals: 0 edges in 0.000207 s
  handle_small_terminal_degrees: terms 0 in 0.000153 s
  handle_small_Steiner_degrees: steiner 0, suppress 1 in 0.000221 s
  shortest_edge_between_terminals: 0 edges in 0.000217 s
  handle_small_terminal_degrees: terms 0 in 0.000157 s
  handle_small_Steiner_degrees: steiner 0, suppress 4 in 0.00022 s
  shortest_edge_between_terminals: 0 edges in 0.00021 s
  handle_small_terminal_degrees: terms 0 in 0.00017 s
  handle_small_Steiner_degrees: steiner 0, suppress 2 in 0.000224 s
  shortest_edge_between_terminals: 0 edges in 0.000223 s
  handle_small_terminal_degrees: terms 0 in 0.000163 s
  handle_small_Steiner_degrees: steiner 0, suppress 2 in 0.000219 s
  shortest_edge_between_terminals: 0 edges in 0.000227 s
  handle_small_terminal_degrees: terms 0 in 0.000162 s
  handle_small_Steiner_degrees: steiner 0, suppress 0 in 0.000221 s
  shortest_edge_between_terminals: 0 edges in 0.000207 s
Compressed graph 135544 -> 77994
  delete_edges: deleted 6593 edges in 0.194954 s and 5 rounds
  handle_small_terminal_degrees: terms 0 in 0.000101 s
  handle_small_Steiner_degrees: steiner 47, suppress 4157 in 0.005361 s
  shortest_edge_between_terminals: 0 edges in 0.000755 s
  handle_small_terminal_degrees: terms 2 in 9.6e-05 s
  handle_small_Steiner_degrees: steiner 1, suppress 40 in 0.000197 s
  shortest_edge_between_terminals: 0 edges in 0.000235 s
  handle_small_terminal_degrees: terms 0 in 0.000104 s
  handle_small_Steiner_degrees: steiner 0, suppress 1 in 0.00014 s
  shortest_edge_between_terminals: 0 edges in 0.000191 s
  handle_small_terminal_degrees: terms 0 in 9.4e-05 s
  handle_small_Steiner_degrees: steiner 0, suppress 0 in 0.000142 s
  shortest_edge_between_terminals: 0 edges in 0.000184 s
Compressed graph 77994 -> 73746
  delete_edges_shortest_path: deleted 9818 edges in 1.86592 s
  handle_small_terminal_degrees: terms 2 in 7.9e-05 s
  handle_small_Steiner_degrees: steiner 984, suppress 8287 in 0.006989 s
  shortest_edge_between_terminals: 0 edges in 0.000478 s
  handle_small_terminal_degrees: terms 45 in 0.000122 s
  handle_small_Steiner_degrees: steiner 19, suppress 1047 in 0.00084 s
  shortest_edge_between_terminals: 0 edges in 0.000185 s
  handle_small_terminal_degrees: terms 17 in 7.5e-05 s
  handle_small_Steiner_degrees: steiner 4, suppress 119 in 0.000183 s
  shortest_edge_between_terminals: 1 edges in 0.000128 s
  handle_small_terminal_degrees: terms 4 in 6e-05 s
  handle_small_Steiner_degrees: steiner 1, suppress 4 in 0.000115 s
  shortest_edge_between_terminals: 0 edges in 0.000121 s
  handle_small_terminal_degrees: terms 0 in 5.6e-05 s
  handle_small_Steiner_degrees: steiner 0, suppress 2 in 0.000114 s
  shortest_edge_between_terminals: 0 edges in 0.000122 s
  handle_small_terminal_degrees: terms 0 in 5.6e-05 s
  handle_small_Steiner_degrees: steiner 0, suppress 0 in 0.000112 s
  shortest_edge_between_terminals: 0 edges in 0.000121 s
Compressed graph 73746 -> 63210
  handle_small_terminal_degrees: terms 0 in 7.2e-05 s
  handle_small_Steiner_degrees: steiner 0, suppress 10 in 0.000139 s
  shortest_edge_between_terminals: 6 edges in 0.000823 s
  handle_small_terminal_degrees: terms 1 in 8e-05 s
  handle_small_Steiner_degrees: steiner 1, suppress 16 in 0.000145 s
  shortest_edge_between_terminals: 0 edges in 0.000259 s
  handle_small_terminal_degrees: terms 1 in 7.8e-05 s
  handle_small_Steiner_degrees: steiner 0, suppress 6 in 0.000126 s
  shortest_edge_between_terminals: 0 edges in 0.000158 s
  handle_small_terminal_degrees: terms 0 in 7.3e-05 s
  handle_small_Steiner_degrees: steiner 0, suppress 1 in 0.000121 s
  shortest_edge_between_terminals: 0 edges in 0.00016 s
  handle_small_terminal_degrees: terms 0 in 7.5e-05 s
  handle_small_Steiner_degrees: steiner 0, suppress 0 in 0.000129 s
  shortest_edge_between_terminals: 0 edges in 0.00015 s
Compressed graph 63210 -> 63115
  delete_edges_shortest_path: deleted 1420 edges in 1.44822 s
  handle_small_terminal_degrees: terms 18 in 8.7e-05 s
  handle_small_Steiner_degrees: steiner 34, suppress 1523 in 0.001535 s
  shortest_edge_between_terminals: 4 edges in 0.000524 s
  handle_small_terminal_degrees: terms 8 in 5.8e-05 s
  handle_small_Steiner_degrees: steiner 6, suppress 57 in 0.000139 s
  shortest_edge_between_terminals: 0 edges in 0.000144 s
  handle_small_terminal_degrees: terms 7 in 5.9e-05 s
  handle_small_Steiner_degrees: steiner 0, suppress 7 in 0.000104 s
  shortest_edge_between_terminals: 0 edges in 0.000123 s
  handle_small_terminal_degrees: terms 1 in 4.8e-05 s
  handle_small_Steiner_degrees: steiner 0, suppress 0 in 0.0001 s
  shortest_edge_between_terminals: 0 edges in 0.00012 s
  handle_small_terminal_degrees: terms 0 in 4.7e-05 s
  handle_small_Steiner_degrees: steiner 0, suppress 0 in 0.0001 s
  shortest_edge_between_terminals: 0 edges in 0.000119 s
Compressed graph 63115 -> 61452
Compressed graph 61452 -> 61452
>>> save_orig_graph
>> Saved weight 315082
### ZEL_LVL=9 PRECISE_STARS=1

Calling `contract_till_the_bitter_end`
|V| = 61452, |E| = 104103, |R| = 3036
>> 15600 (38701: 39164 52119 39164) (89.9172 s)
>> 9898 (29139: 6684 43350 6684) (79.7645 s)
>> 8455 (28933: 8994 40833 8994) (89.5787 s)
>> 8340 (107: 38423 40665 38423) (90.2588 s)
>> 7842 (6271: 41159 41257 41159) (89.9134 s)
>> 7645 (49882: 33510 49872 33510) (90.4129 s)
>> 7462 (25573: 51800 51822 51800) (90.1293 s)
>> 7278 (1657: 39152 39169 39152) (89.454 s)
>> 7200 (41193: 39416 41186 39416) (89.6365 s)
>> 7046 (8229: 8179 49902 8179) (89.6012 s)
>> 6957 (47133: 46557 47125 46557) (89.7213 s)
>> 6843 (5921: 41252 41388 41252) (89.7319 s)
>> 6785 (57065: 47257 47272 47257) (89.8436 s)
>> 6726 (526: 38627 38636 38627) (89.8435 s)
>> 6649 (28477: 52493 52509 52493) (89.8732 s)
>> 6477 (2974: 39790 39807 39790) (89.7302 s)
>> 6340 (13248: 22929 45587 22929) (90.0224 s)
>> 6340 (23717: 44969 50538 44969) (89.9143 s)
>> 6245 (5858: 41216 41227 41216) (90.0492 s)
>> 6212 (41474: 37081 45489 37081) (90.6097 s)
>> 6173 (57390: 34224 35256 34224) (90.9222 s)
>> 6170 (17812: 47233 47749 47233) (91.454 s)
>> 6160 (2012: 39224 39252 39224) (90.9416 s)
>> 6105 (27853: 52231 52251 52231) (90.6602 s)
>> 8728 (27819: 52151 52224 52151) (90.5076 s)
>> 6015 (2038: 39032 39297 39032) (90.5362 s)
>> 5942 (9330: 42856 44733 42856) (90.5046 s)
>> 5932 (31235: 53286 53298 53286) (90.6371 s)
>> 5922 (6583: 41232 41553 41232) (90.8097 s)
>> 5919 (174: 38437 38452 38437) (91.012 s)
>> 6227 (726: 38711 38718 38711) (91.0573 s)
>> 5884 (52480: 8952 52470 8952) (90.8619 s)
>> 5863 (56094: 50281 53378 50281) (91.1688 s)
>> 5837 (52680: 52675 52678 52675) (90.9182 s)
>> 5790 (11918: 44824 44848 44824) (90.9996 s)
>> 5753 (56241: 17899 55729 17899) (91.132 s)
>> 5714 (6354: 41441 41455 41441) (91.6843 s)
>> 5674 (7910: 42113 48971 42113) (91.6845 s)
>> 5645 (27985: 52255 52271 52255) (91.6459 s)
>> 5637 (41086: 39120 41040 39120) (91.7394 s)
>> 5623 (15962: 47033 47474 47033) (91.7689 s)
>> 5620 (25564: 28906 51470 28906) (91.9164 s)
>> 5612 (13610: 48599 48611 48599) (92.0423 s)
>> 5913 (48659: 14825 48652 14825) (91.8366 s)
>> 5575 (962: 38836 38842 38836) (92.0584 s)
>> 5562 (17539: 47783 47788 47783) (91.9724 s)
>> 5500 (539: 38658 38661 38658) (92.0733 s)
>> 5480 (57388: 53108 53293 53108) (92.03 s)
>> 5433 (17022: 47357 47382 47357) (92.4479 s)
>> 5389 (28594: 9526 52529 9526) (91.9129 s)
>> 5372 (11139: 44363 44371 44363) (92.317 s)
>> 5360 (5725: 42165 42169 42165) (92.204 s)
>> 5353 (15924: 45065 45483 45065) (92.5297 s)
>> 5335 (7083: 41413 41422 41413) (92.6646 s)
>> 5325 (42285: 42249 42277 42249) (93.2781 s)
>> 5300 (25053: 51031 51036 51031) (93.0525 s)
>> 5269 (25874: 19670 51290 19670) (93.7312 s)
>> 5262 (32068: 32874 55786 32874) (93.0575 s)
>> 5244 (35890: 55112 55169 55112) (93.4157 s)
>> 5165 (14941: 46512 46528 46512) (93.3855 s)
>> 5147 (18292: 47990 48026 47990) (93.3027 s)
>> 5143 (43391: 43383 49387 43383) (93.2183 s)
>> 5107 (3784: 21515 38535 21515) (93.4993 s)
>> 5090 (3301: 40056 40405 40056) (93.6366 s)
>> 5083 (1424: 21739 49991 21739) (93.3811 s)
>> 5240 (2105: 50212 50213 50212) (93.6122 s)
>> 5068 (7539: 42456 43792 42456) (93.2677 s)
>> 5061 (50240: 45396 49938 45396) (93.5973 s)
>> 5042 (10008: 42997 52816 42997) (93.2298 s)
>> 5040 (19187: 49143 49147 49143) (93.9097 s)
>> 5035 (11235: 44395 44452 44395) (93.5542 s)
>> 5385 (10774: 44166 44462 44166) (93.4351 s)
>> 5031 (57468: 52381 52408 52381) (93.7706 s)
>> 5011 (54246: 22032 53992 22032) (93.4695 s)
>> 4984 (11690: 44701 44710 44701) (94.073 s)
>> 4931 (30060: 1320 53051 1320) (93.7987 s)
>> 4925 (25159: 47486 51120 47486) (93.9612 s)
>> 4915 (47644: 43955 47638 43955) (93.5277 s)
>> 4910 (12758: 46117 46623 46117) (93.6328 s)
>> 4905 (37898: 14653 28263 14653) (93.6573 s)
>> 4902 (23834: 50574 50589 50574) (93.7767 s)
>> 4876 (19043: 49652 49679 49652) (93.792 s)
>> 4869 (4470: 40625 40656 40625) (94.3405 s)
>> 5843 (652: 38677 38696 38677) (93.7099 s)
>> 4868 (3009: 39839 39844 39839) (94.2003 s)
>> 5366 (2480: 39522 40002 39522) (93.8403 s)
>> 4866 (50354: 11677 50349 11677) (94.6742 s)
>> 4864 (29302: 16037 54510 16037) (94.6503 s)
>> 4860 (15733: 46080 46892 46080) (94.65 s)
>> 4908 (57018: 46914 46921 46914) (84.7899 s)
>> 4933 (16941: 44574 47316 44574) (84.6496 s)
>> 4855 (34883: 44923 52834 44923) (94.7908 s)
>> 4840 (45052: 19904 35806 19904) (94.785 s)
>> 4839 (2220: 55725 56194 55725) (94.942 s)
>> 5361 (8791: 55698 55728 55698) (95.0227 s)
>> 4818 (8956: 42176 50525 42176) (94.8007 s)
>> 4812 (25987: 51335 51349 51335) (95.0431 s)
>> 4798 (48352: 48340 48346 48340) (95.0011 s)
>> 6448 (18708: 29137 48339 29137) (95.0062 s)
>> 4795 (5608: 41143 41155 41143) (94.9721 s)
>> 4787 (10453: 43869 43888 43869) (95.2412 s)
>> 4785 (3165: 39673 39857 39673) (95.0667 s)
>> 4772 (57674: 54291 54373 54291) (95.2224 s)
>> 4771 (16329: 52884 52897 52884) (95.3712 s)
>> 4764 (9618: 43996 52557 43996) (95.2358 s)
>> 4761 (56849: 44405 44432 44405) (95.2871 s)
>> 4750 (56962: 44186 44279 44186) (95.0903 s)
>> 4742 (57578: 53013 53025 53013) (95.1334 s)
>> 4740 (1114: 38721 38925 38721) (95.0911 s)
>> 4898 (335: 38809 38932 38809) (95.9707 s)
>> 4737 (48674: 3219 11179 3219) (97.0141 s)
>> 4722 (49729: 49708 49728 49708) (95.8883 s)
>> 4714 (34014: 51666 53549 51666) (95.9562 s)
>> 4709 (44127: 44085 44123 44085) (95.6871 s)
>> 4709 (2422: 50106 50205 50106) (95.628 s)
>> 4696 (53533: 34252 53540 34252) (95.5749 s)
>> 4682 (41756: 41527 41743 41527) (95.5693 s)
>> 4677 (26041: 33744 53984 33744) (95.9753 s)
>> 4671 (13321: 39974 40051 39974) (95.7232 s)
>> 4671 (51012: 50976 50994 50976) (95.6678 s)
>> 4669 (14649: 13082 51994 13082) (95.7359 s)
>> 4663 (8194: 43741 43948 43741) (96.0059 s)
>> 4631 (10153: 43612 43673 43612) (95.8573 s)
>> 4625 (31847: 34070 54437 34070) (96.3412 s)
>> 4592 (36897: 54751 54760 54751) (96.3413 s)
>> 4591 (7271: 45620 45631 45620) (96.022 s)
>> 4585 (49867: 48376 49861 48376) (85.8811 s)
>> 4584 (30866: 32258 53134 32258) (86.0676 s)
>> 4565 (24421: 22907 50816 22907) (86.1698 s)
>> 5284 (24413: 37603 50809 37603) (96.4394 s)
>> 4564 (26817: 51726 51737 51726) (96.4906 s)
>> 4557 (56783: 41893 41919 41893) (96.2395 s)
>> 4546 (55819: 55816 55820 55816) (96.9292 s)
>> 4545 (47070: 47063 47080 47063) (96.1901 s)
>> 4534 (57624: 19588 53335 19588) (96.5054 s)
>> 4530 (23582: 9373 43894 9373) (96.1119 s)
>> 4525 (17065: 47422 47429 47422) (96.3574 s)
>> 4524 (57389: 14140 52612 14140) (96.2842 s)
>> 4518 (31028: 50535 53237 50535) (96.4672 s)
>> 4499 (40671: 40669 40675 40669) (96.2757 s)
>> 4591 (4974: 40361 40757 40361) (96.4099 s)
>> 4784 (40357: 40134 40354 40134) (96.5968 s)
>> 4497 (16859: 45903 45913 45903) (96.4577 s)
>> 4496 (31362: 28866 53554 28866) (96.542 s)
>> 4489 (2165: 39360 39386 39360) (86.4429 s)
>> 4485 (42499: 42469 42488 42469) (96.7865 s)
>> 4484 (11409: 47645 47812 47645) (96.7557 s)
>> 4476 (25105: 27246 50979 27246) (96.8512 s)
>> 4503 (25553: 22161 51210 22161) (96.8677 s)
>> 4461 (57852: 447 53104 447) (96.9877 s)
>> 4456 (6096: 41330 41337 41330) (96.8469 s)
>> 4451 (61087: 42964 43549 42964) (97.2673 s)
>> 4449 (26776: 25031 26059 25031) (97.2809 s)
>> 4448 (61258: 42199 44068 42199) (98.9027 s)
>> 4448 (45226: 45208 45218 45208) (98.4428 s)
>> 4445 (27564: 51920 52075 51920) (98.7284 s)
>> 4438 (55506: 2147 10863 2147) (98.3948 s)
>> 4437 (14528: 47048 47051 47048) (98.5901 s)
>> 4435 (19206: 53582 53586 53582) (98.6187 s)
>> 4433 (12039: 45015 45057 45015) (98.4943 s)
>> 4427 (27342: 45012 51962 45012) (88.5839 s)
>> 4414 (40472: 40372 40461 40372) (98.7059 s)
>> 4409 (27527: 34427 53902 34427) (98.585 s)
>> 4402 (14521: 46598 46838 46598) (88.7497 s)
>> 4397 (53621: 45603 54932 45603) (88.6999 s)
>> 4897 (28853: 55774 55777 55774) (88.7969 s)
>> 4380 (13944: 45899 46277 45899) (98.9455 s)
>> 4380 (26349: 51526 51538 51526) (98.8985 s)
>> 4370 (1552: 39108 39138 39108) (98.9018 s)
>> 4369 (57686: 54955 54961 54955) (98.755 s)
>> 4694 (14924: 54968 54972 54968) (98.744 s)
>> 4354 (19674: 46878 48725 46878) (98.8363 s)
>> 4350 (19118: 18362 50169 18362) (98.8742 s)
>> 4341 (56732: 39393 41464 39393) (98.7743 s)
>> 4341 (15620: 46122 55624 46122) (99.0923 s)
>> 4330 (10844: 44157 50454 44157) (98.7826 s)
>> 4329 (30624: 11001 45291 11001) (98.9739 s)
>> 4325 (14154: 45563 46039 45563) (98.9796 s)
>> 4325 (33824: 33527 50856 33527) (98.9657 s)
>> 4319 (32944: 25490 32636 25490) (99.0047 s)
>> 5225 (33101: 53719 54079 53719) (98.9192 s)
>> 4318 (39433: 39421 39427 39421) (99.0017 s)
>> 4317 (10857: 44149 44176 44149) (99.1009 s)
>> 4317 (19800: 54806 54813 54806) (98.9709 s)
>> 4312 (2215: 39400 39444 39400) (99.0643 s)
>> 4309 (38486: 38480 38506 38480) (98.947 s)
>> 4306 (28225: 52394 52402 52394) (99.2416 s)
>> 4292 (54353: 54133 54233 54133) (98.8352 s)
>> 4291 (13713: 1878 6180 1878) (98.974 s)
>> 4284 (59397: 41788 41817 41788) (99.1434 s)
>> 4284 (27007: 53482 53504 53482) (99.2465 s)
>> 4281 (26804: 31628 51683 31628) (99.7557 s)
>> 4280 (56458: 17132 28159 17132) (99.6039 s)
>> 4277 (46674: 24235 46682 24235) (99.5017 s)
>> 4274 (54078: 35223 54068 35223) (99.5976 s)
>> 4269 (2931: 39707 39770 39707) (99.8059 s)
>> 4269 (45630: 50894 50944 50894) (99.726 s)
>> 4266 (17096: 23526 29233 23526) (99.6911 s)
>> 4263 (34237: 17679 54334 17679) (99.6182 s)
>> 4260 (42503: 37225 37294 37225) (99.9406 s)
>> 4259 (21896: 32432 51457 32432) (99.734 s)
>> 4257 (22135: 26077 53137 26077) (99.9579 s)
>> 4255 (58212: 22372 45853 22372) (99.8088 s)
>> 4254 (15182: 46571 46615 46571) (100.211 s)
>> 4241 (46819: 37328 46250 37328) (99.9614 s)
>> 4229 (30362: 30504 37673 30504) (100.179 s)
>> 4226 (52363: 52341 52359 52341) (99.9913 s)
>> 4222 (46407: 46267 46403 46267) (100.174 s)
>> 4214 (18037: 43406 43464 43406) (99.9385 s)
>> 4211 (41524: 41504 41515 41504) (100.288 s)
>> 4197 (51454: 51422 51451 51422) (100.139 s)
>> 4195 (58296: 45870 45946 45870) (100.114 s)
>> 4181 (15945: 46534 46540 46534) (100.478 s)
>> 4175 (56883: 44603 44616 44603) (100.307 s)
>> 4175 (55794: 55783 55790 55783) (100.236 s)
>> 4173 (50008: 50006 50020 50006) (100.238 s)
>> 4173 (11023: 55497 55509 55497) (100.242 s)
>> 4170 (11964: 48440 48445 48440) (90.2551 s)
>> 4170 (19032: 49416 49490 49416) (100.076 s)
>> 4170 (25690: 51231 51238 51231) (100.095 s)
>> 4163 (11402: 47681 47693 47681) (100.426 s)
>> 4151 (13894: 36863 45938 36863) (100.14 s)
>> 4145 (20379: 8731 42467 8731) (100.243 s)
>> 4141 (30209: 319 47348 319) (99.9738 s)
>> 4132 (50556: 49926 50553 49926) (100.497 s)
>> 4429 (28422: 10158 50568 10158) (100.108 s)
>> 4129 (41470: 41194 41468 41194) (100.33 s)
>> 4117 (7375: 41885 41890 41885) (100.281 s)
>> 4112 (30597: 53089 55482 53089) (100.67 s)
>> 4107 (34360: 30278 54618 30278) (100.51 s)
>> 4104 (12182: 45081 45111 45081) (100.306 s)
>> 4102 (56928: 45315 45345 45315) (100.439 s)
>> 4101 (22851: 5128 50988 5128) (100.688 s)
>> 4099 (36540: 55595 55603 55595) (100.439 s)
>> 4098 (4316: 11226 11476 11226) (100.55 s)
>> 4085 (25985: 51545 51570 51545) (100.616 s)
>> 4083 (35433: 26101 34903 26101) (100.319 s)
>> 4077 (49011: 49008 49379 49008) (100.501 s)
>> 4066 (59258: 49510 49513 49510) (100.437 s)
>> 4062 (58676: 45216 45229 45216) (100.379 s)
>> 4503 (45080: 45072 45234 45072) (100.966 s)
>> 4061 (49811: 49809 49836 49809) (100.538 s)
>> 4051 (42164: 42145 42150 42145) (100.552 s)
>> 4048 (57230: 48108 48129 48108) (100.637 s)
>> 4042 (13078: 40188 40288 40188) (100.713 s)
>> 4038 (7469: 41653 44757 41653) (100.71 s)
>> 4035 (5627: 43576 43584 43576) (100.64 s)
>> 4026 (5969: 41286 41294 41286) (100.99 s)
>> 4025 (41701: 41689 41696 41689) (100.638 s)
>> 4025 (2110: 55304 55306 55304) (100.621 s)
>> 4024 (49624: 49110 49616 49110) (99.2665 s)
>> 4024 (15440: 46473 46564 46473) (99.0119 s)
>> 4016 (4483: 40488 40498 40488) (100.083 s)
>> 3998 (43488: 43484 43496 43484) (97.63 s)
>> 3982 (45387: 45329 45364 45329) (97.5298 s)
>> 3976 (22961: 54159 54177 54159) (97.584 s)
>> 4053 (32828: 37451 53877 37451) (100.238 s)
>> 3972 (60146: 41908 44818 41908) (100.557 s)
>> 3969 (52378: 52333 52374 52333) (100.532 s)
>> 3968 (44423: 44386 44415 44386) (100.428 s)
>> 3950 (37847: 54585 54608 54585) (100.722 s)
>> 3941 (2550: 39589 39636 39589) (100.137 s)
>> 3932 (52696: 52682 52692 52682) (100.314 s)
>> 3931 (53692: 53158 54253 53158) (100.89 s)
>> 3925 (40479: 40380 40469 40380) (100.655 s)
>> 3925 (19311: 45999 46002 45999) (101.015 s)
>> 3918 (28804: 52573 52588 52573) (101.221 s)
>> 3917 (41001: 40987 40995 40987) (101.029 s)
>> 3914 (37545: 9909 56173 9909) (101.038 s)
>> 3912 (36070: 11566 43927 11566) (101.03 s)
>> 3909 (30025: 52882 52919 52882) (101.254 s)
>> 3892 (11259: 49412 49436 49412) (100.937 s)
>> 3890 (9708: 52475 52482 52475) (100.91 s)
>> 3869 (26874: 45552 46006 45552) (100.951 s)
>> 3861 (19839: 53647 53857 53647) (100.815 s)
>> 4653 (53646: 53634 53642 53634) (101.241 s)
>> 3855 (24151: 50716 52162 50716) (100.96 s)
>> 3852 (30148: 28296 51934 28296) (101.092 s)
>> 3850 (17461: 47565 47608 47565) (100.878 s)
>> 3850 (44531: 22910 53842 22910) (98.9799 s)
>> 3841 (2818: 48687 48707 48687) (98.5621 s)
>> 3841 (55006: 30469 52002 30469) (98.4855 s)
>> 3841 (19300: 35642 37298 35642) (98.5013 s)
>> 3836 (57211: 42053 42078 42053) (98.5186 s)
>> 3835 (16467: 46830 47204 46830) (98.6001 s)
>> 3829 (15109: 55951 55961 55951) (98.7601 s)
>> 3827 (57339: 22315 51544 22315) (98.7673 s)
>> 3823 (15727: 52345 52352 52345) (98.7618 s)
>> 3816 (49358: 49293 49356 49293) (98.8775 s)
>> 3814 (32332: 53443 53721 53443) (98.7218 s)
>> 3808 (43631: 43628 43660 43628) (99.0692 s)
>> 3803 (5812: 48683 48691 48683) (98.8562 s)
>> 3802 (24227: 51875 55010 51875) (98.5273 s)
>> 3800 (7044: 42716 44522 42716) (98.7001 s)
>> 3800 (18048: 48211 49260 48211) (98.6682 s)
>> 3798 (48398: 16142 18891 16142) (98.7531 s)
>> 3793 (53435: 19604 36618 19604) (98.7612 s)
>> 3792 (52380: 54764 55682 54764) (98.9281 s)
>> 3789 (5356: 41045 41052 41045) (99.1869 s)
>> 3785 (16064: 36578 51051 36578) (98.9648 s)
>> 3783 (57441: 51923 52076 51923) (98.9573 s)
>> 3779 (38848: 50580 50598 50580) (98.8783 s)
>> 3778 (4604: 40648 40680 40648) (98.8622 s)
>> 3773 (53595: 53414 53593 53414) (96.1766 s)
>> 3772 (45328: 45325 45410 45325) (96.2113 s)
>> 3769 (56923: 44005 44020 44005) (96.1929 s)
>> 3752 (40661: 55275 55290 55275) (96.281 s)
>> 3748 (55137: 55128 55132 55128) (96.269 s)
>> 3747 (54954: 33895 54362 33895) (99.0092 s)
>> 3741 (37970: 48592 53766 48592) (99.1207 s)
>> 3733 (35340: 9583 49909 9583) (99.1031 s)
>> 3731 (23267: 28965 36714 28965) (99.4989 s)
>> 3730 (3734: 40077 40105 40077) (99.4117 s)
>> 3725 (23639: 50502 50512 50502) (99.216 s)
>> 3724 (31452: 1950 41350 1950) (99.0487 s)
>> 3722 (10728: 44034 44089 44034) (99.4647 s)
>> 3719 (9010: 42596 42602 42596) (99.2499 s)
>> 3838 (8488: 42369 42381 42369) (99.3466 s)
>> 3710 (30366: 54868 54933 54868) (99.3708 s)
>> 3702 (12987: 40314 40324 40314) (99.3729 s)
>> 3701 (24625: 53710 53720 53710) (99.3408 s)
>> 3700 (26473: 26799 51315 26799) (99.4407 s)
>> 4003 (25889: 36964 51288 36964) (99.5204 s)
>> 3699 (33691: 54222 54237 54222) (99.4381 s)
>> 3695 (15164: 46592 46607 46592) (99.5852 s)
>> 3692 (24270: 34491 53054 34491) (99.5606 s)
>> 3691 (32308: 51306 53673 51306) (99.9094 s)
>> 3686 (49546: 49483 49543 49483) (96.8657 s)
>> 3685 (9280: 43707 43722 43707) (99.6458 s)
>> 3682 (42243: 42241 42269 42241) (99.5823 s)
>> 3670 (23148: 50882 50899 50882) (99.8014 s)
>> 3670 (24539: 54315 54320 54315) (99.656 s)
>> 3658 (43908: 43903 43936 43903) (99.6502 s)
>> 3653 (31: 38616 40963 38616) (99.5055 s)
>> 3649 (22611: 22648 46780 22648) (96.3317 s)
>> 3648 (13031: 45972 46371 45972) (96.7259 s)
>> 3642 (8619: 50601 50606 50601) (96.7271 s)
>> 3636 (10467: 43930 44510 43930) (96.9082 s)
>> 3630 (23137: 37469 50744 37469) (96.8874 s)
>> 3622 (52749: 52700 52745 52700) (97.387 s)
>> 3614 (12299: 45090 45143 45090) (101.62 s)
>> 3609 (35570: 46504 55029 46504) (101.569 s)
>> 3601 (9531: 43019 43029 43019) (101.75 s)
>> 3596 (29577: 43373 52820 43373) (101.663 s)
>> 3595 (32933: 53955 53959 53955) (101.698 s)
>> 3588 (42460: 4304 53093 4304) (101.741 s)
>> 3578 (39991: 39982 39985 39982) (101.79 s)
>> 3578 (8166: 42198 42235 42198) (101.745 s)
>> 4081 (42758: 42754 42759 42754) (101.704 s)
>> 3698 (42367: 42357 42361 42357) (101.768 s)
>> 3941 (60817: 42316 42323 42316) (101.833 s)
>> 3685 (42264: 42257 42282 42257) (101.905 s)
>> 3568 (5022: 40788 40803 40788) (101.977 s)
>> 3566 (49282: 49235 49266 49235) (102.005 s)
>> 3563 (16848: 47015 47298 47015) (102.052 s)
>> 3559 (42568: 42541 42563 42541) (101.95 s)
>> 3556 (58293: 47400 47445 47400) (102.138 s)
>> 3555 (13281: 35754 45607 35754) (102.351 s)
>> 3549 (47862: 55849 55865 55849) (102.219 s)
>> 3660 (55900: 55886 55898 55886) (102.215 s)
>> 3542 (53820: 53656 53816 53656) (102.416 s)
>> 3540 (30349: 39161 52998 39161) (102.057 s)
>> 3538 (33623: 48235 56014 48235) (102.344 s)
>> 3533 (15803: 46996 47009 46996) (102.335 s)
>> 3533 (49644: 49632 49645 49632) (102.554 s)
>> 3531 (4800: 40620 40633 40620) (102.307 s)
>> 3525 (53929: 14038 54220 14038) (102.614 s)
>> 3520 (58941: 45294 45301 45294) (102.541 s)
>> 4070 (13650: 45755 45773 45755) (102.493 s)
>> 3979 (58991: 45748 45799 45748) (102.559 s)
>> 3519 (8712: 43824 43845 43824) (102.403 s)
>> 3492 (21288: 54692 54694 54692) (102.386 s)
>> 3491 (11050: 42726 44321 42726) (102.347 s)
>> 3491 (53538: 33530 52890 33530) (102.405 s)
>> 3489 (59266: 47523 47556 47523) (102.394 s)
>> 3487 (20381: 48843 48869 48843) (102.434 s)
>> 3482 (56007: 6973 16937 6973) (102.321 s)
>> 3476 (5595: 41125 41151 41125) (102.408 s)
>> 3473 (57068: 49335 49362 49335) (102.433 s)
>> 3469 (6792: 42298 44679 42298) (102.55 s)
>> 3459 (56818: 42569 42637 42569) (102.697 s)
>> 3774 (60880: 42582 42612 42582) (102.563 s)
>> 3453 (23050: 23245 54771 23245) (102.75 s)
>> 3452 (54651: 54605 54614 54605) (102.686 s)
>> 4241 (54633: 54520 54626 54520) (102.679 s)
>> 3450 (45051: 45028 45045 45028) (102.715 s)
>> 3449 (55200: 14891 55196 14891) (102.762 s)
>> 4703 (36429: 55552 55556 55552) (103.043 s)
>> 3433 (37260: 69 56010 69) (102.875 s)
>> 0 (-1: -1 -1 -1) (79.8483 s)
Zelikovsky 63183.8 s
>> 15600 (38701: 39164 52250 52119) (5258.04 s)
>> 9898 (29139: 43350 43996 6684) (5302.28 s)
>> 8455 (28933: 8994 52816 40833) (5213.25 s)
>> 8340 (107: 38423 40963 40665) (5244.9 s)
>> 7842 (6271: 41360 41257 41159) (5688.51 s)
>> 7645 (49882: 49874 49872 33510) (5740.63 s)
>> 7462 (25573: 51822 51827 51800) (5792.64 s)
>> 7200 (41193: 41194 41186 39416) (5795.88 s)
>> 7046 (8229: 8179 52460 49902) (5748.63 s)
>> 6957 (47133: 46557 38679 47125) (5816.24 s)
>> 6837 (39167: 39164 39169 39152) (5659.43 s)
>> 6785 (57065: 47488 47272 47257) (5824.64 s)
>> 6726 (526: 38636 38645 38627) (5812.15 s)
>> 6649 (28477: 52493 52642 52509) (5722.64 s)
>> 6340 (13248: 22929 45613 45587) (5749.75 s)
>> 6340 (23717: 50538 52493 44969) (5750.39 s)
>> 6245 (5858: 41227 41245 41216) (5609.1 s)
>> 6670 (5785: 41227 41347 41203) (5670.55 s)
>> 6176 (2974: 39790 39834 39807) (5549.02 s)
>> 6173 (57390: 34224 53116 35256) (5792.03 s)
>> 6170 (17812: 47764 47749 47233) (5602.22 s)
>> 6160 (2012: 39224 39649 39252) (5951.64 s)
>> 6105 (27853: 52251 52292 52231) (5217.32 s)
>> 6091 (17261: 48554 49874 48785) (5573.69 s)
>> 5942 (9330: 44768 44733 42856) (5638.07 s)
>> 5940 (28534: 52529 10158 8179) (5731.41 s)
>> 5932 (31235: 53298 53303 53286) (5665.78 s)
>> 5922 (6583: 41581 41553 41232) (5734.03 s)
>> 5891 (38494: 41388 41360 41252) (5549.43 s)
>> 5884 (52480: 52482 52470 8952) (5997.74 s)
>> 5863 (56094: 53381 53378 50281) (6282.57 s)
>> 5837 (52680: 52682 52678 52675) (5711.83 s)
>> 5790 (11918: 44824 44861 44848) (5569.74 s)
>> 5753 (56241: 55729 56237 17899) (6071.86 s)
>> 5714 (6354: 41455 44999 41441) (6149.24 s)
>> 5678 (56691: 41177 41194 41169) (6229.71 s)
>> 5674 (7910: 48971 48979 42113) (5480.7 s)
>> 5669 (170: 38718 38452 38423) (5356.94 s)
>> 5645 (27985: 52271 52301 52255) (5412.03 s)
>> 5637 (41086: 41080 41040 39120) (5567.06 s)
>> 5623 (15962: 47474 48540 47033) (6424.8 s)
>> 5612 (13610: 48611 56505 48599) (5978.27 s)
>> 5589 (4742: 38718 4443 40625) (6369.82 s)
>> 5575 (962: 38846 38842 38836) (6366.5 s)
>> 5562 (17539: 47788 47799 47783) (6558.24 s)
>> 5500 (539: 568 38661 38658) (6435.95 s)
>> 5480 (57388: 53309 53298 53108) (5655.7 s)
>> 5433 (17022: 47459 47382 47357) (5637.73 s)
>> 5377 (29102: 52650 52643 43350) (5663.41 s)
>> 5372 (11139: 44371 44386 44363) (5668.28 s)
>> 5371 (36702: 45489 45495 45487) (5410 s)
>> 5360 (5725: 42165 42649 42169) (5586.45 s)
>> 5325 (42285: 42277 42282 42249) (5571.81 s)
>> 5300 (25053: 51042 51036 51031) (6633.91 s)
>> 5269 (25874: 51323 51290 19670) (6685.79 s)
>> 5262 (32068: 55786 55790 32874) (6791.65 s)
>> 5244 (35890: 55275 55169 55112) (6453.42 s)
>> 5170 (363: 771 38718 38526) (6482.01 s)
>> 5147 (18292: 48026 48088 47990) (6283.11 s)
>> 5143 (43391: 43383 49393 49387) (6294.72 s)
>> 5121 (2032: 39317 39309 39224) (6336.77 s)
>> 5363 (39676: 39673 40130 39317) (6266.66 s)
>> 5107 (3784: 21515 55429 38535) (6245.62 s)
>> 5090 (3301: 40405 40413 40056) (6221.4 s)
>> 5083 (1424: 49991 50006 21739) (6336.9 s)
>> 5040 (19187: 49171 49147 49143) (6249.24 s)
>> 5031 (57468: 52408 52420 52381) (6097.32 s)
>> 5011 (54246: 22032 54237 53992) (6195.18 s)
>> 4984 (11690: 44718 44710 44701) (6230.43 s)
>> 5343 (11718: 44854 44768 44718) (6010.87 s)
>> 4931 (30060: 53051 53084 1320) (5688.2 s)
>> 4925 (25159: 51120 51127 47486) (5923.51 s)
>> 4910 (12758: 46623 46660 46117) (5705.12 s)
>> 4905 (37898: 28263 56439 14653) (5599.16 s)
>> 4902 (23834: 50606 50589 50574) (5738.13 s)
>> 4876 (19043: 49679 49771 49652) (5663.32 s)
>> 4866 (50354: 50349 50471 11677) (5878.03 s)
>> 4864 (29302: 54510 54571 16037) (6104.66 s)
>> 4863 (48690: 48687 48707 48611) (6117.73 s)
>> 4860 (15733: 46892 46914 46080) (6065.84 s)
>> 4851 (46538: 46534 46540 46528) (5843.92 s)
>> 4815 (188: 38469 568 38459) (5754.63 s)
>> 4812 (25987: 51703 51349 51335) (5715.1 s)
>> 4798 (48352: 48340 48435 48346) (5736.14 s)
>> 4787 (10453: 43888 43977 43869) (5741.05 s)
>> 4772 (57674: 53638 54373 54291) (5723.91 s)
>> 4770 (39433: 39427 41177 39444) (5608.21 s)
>> 4764 (45052: 53381 53430 19904) (5741.26 s)
>> 4742 (40676: 40675 771 40669) (6064.93 s)
>> 4740 (1114: 38721 38944 38925) (5800.22 s)
>> 4737 (48674: 11179 48665 3219) (5733.72 s)
>> 4722 (49729: 49731 49728 49708) (5769.06 s)
>> 4713 (56850: 44395 44452 44432) (5880.7 s)
>> 4709 (2422: 50308 50205 50106) (5752.69 s)
>> 4696 (53533: 34252 53545 53540) (5999.92 s)
>> 4682 (41756: 41743 41751 41527) (6164.15 s)
>> 4671 (13321: 40051 40201 39974) (6597.96 s)
>> 4669 (14649: 13082 52007 51994) (6144.33 s)
>> 4642 (30346: 55249 53013 52998) (6213.25 s)
>> 4631 (10153: 43612 43684 43673) (6115.81 s)
>> 4625 (31847: 54437 54976 34070) (5835.44 s)
>> 4593 (53646: 53642 53659 53381) (5340.83 s)
>> 4584 (30866: 32258 53309 53137) (5265.26 s)
>> 4576 (28813: 53051 53054 34491) (5338.42 s)
>> 4565 (24421: 50816 50820 22907) (5391.98 s)
>> 4564 (26817: 51737 51747 51726) (5110.36 s)
>> 4545 (47070: 47063 47400 47080) (5134.38 s)
>> 4543 (17740: 47764 48358 47753) (5356.33 s)
>> 4537 (55822: 55820 55806 55573) (5299.15 s)
>> 4524 (57389: 52621 52612 14140) (5248.36 s)
>> 4506 (55819: 55816 55826 55820) (5416.98 s)
>> 4503 (25553: 51211 51210 28906) (5196.13 s)
>> 4497 (16859: 45944 45913 45903) (5221.21 s)
>> 4489 (2165: 39360 40110 39386) (5214.8 s)
>> 4484 (11409: 47788 47819 47812) (5167.59 s)
>> 4461 (57852: 447 53106 53104) (5198.77 s)
>> 4451 (61087: 42964 43576 43549) (5157.97 s)
>> 4448 (45226: 45224 45218 45208) (5114.99 s)
>> 4448 (61258: 44068 44089 42199) (5082.02 s)
>> 4445 (27564: 52075 52084 51920) (5113.57 s)
>> 4438 (55506: 55690 10863 2147) (5266.92 s)
>> 4427 (27342: 45012 51970 51962) (4919.36 s)
>> 4402 (14521: 47153 46838 46598) (5797.7 s)
>> 4394 (12925: 45396 50223 49991) (5171.51 s)
>> 4380 (13944: 45899 47474 47428) (5410.2 s)
>> 4493 (13980: 47051 48753 45899) (4785.11 s)
>> 4380 (26349: 51538 51545 51526) (5136.63 s)
>> 4369 (57686: 54968 54961 54955) (5992.08 s)
>> 4694 (14924: 54972 54968 54437) (6284.18 s)
>> 4365 (13212: 22929 46046 45582) (6127.16 s)
>> 4350 (19118: 50169 50189 18362) (6223.86 s)
>> 4349 (31342: 53345 53642 53325) (4988.97 s)
>> 4341 (15620: 55624 55634 46122) (5206.54 s)
>> 4338 (9618: 52650 52564 50538) (5204.85 s)
>> 4325 (48408: 47063 48399 48340) (5295.02 s)
>> 4319 (32944: 32636 53970 25490) (5523.52 s)
>> 4317 (19800: 54813 54818 54806) (5820.78 s)
>> 4311 (174: 40675 38677 38437) (5408 s)
>> 4292 (54353: 54350 54233 54133) (5828.57 s)
>> 4284 (59397: 41817 41821 41743) (5904 s)
>> 4277 (46674: 46682 46707 24235) (5975.29 s)
>> 4269 (2931: 39956 39770 39707) (5624.7 s)
>> 4267 (13409: 46858 46892 46846) (5202.86 s)
>> 4266 (17096: 23526 46260 29233) (5081.91 s)
>> 4263 (34237: 17679 54564 54334) (5054.38 s)
>> 4260 (42503: 37294 53602 37225) (5062.41 s)
>> 4361 (32176: 53647 53656 37294) (5071.85 s)
>> 4259 (21896: 32432 51460 51457) (4887.52 s)
>> 4254 (15182: 46615 46623 46571) (5619.85 s)
>> 4229 (30362: 30504 48592 37673) (5705.82 s)
>> 4227 (7533: 44317 44574 44344) (5675.24 s)
>> 4220 (41344: 50831 52271 50816) (4994.79 s)
>> 4211 (5595: 41388 41151 41125) (5050.68 s)
>> 4199 (221: 40675 1069 38846) (5049.56 s)
>> 4227 (235: 38711 40675 38513) (4895.31 s)
>> 4183 (7398: 44330 44371 44279) (4894.34 s)
>> 4175 (56883: 44603 44653 44616) (4929.12 s)
>> 4170 (11964: 48440 48456 48445) (4899.82 s)
>> 4158 (42499: 42504 42488 42456) (4903.07 s)
>> 4146 (5608: 41227 41388 41143) (4933.03 s)
>> 4129 (41470: 41468 41478 39427) (4864 s)
>> 4124 (26985: 53977 53984 32636) (4894.59 s)
>> 4118 (31358: 53576 53554 28866) (4884.36 s)
>> 4104 (12182: 45111 45430 45081) (4973.97 s)
>> 4102 (56928: 45315 45389 45111) (4997.7 s)
>> 4085 (45042: 45057 45037 41455) (4827.97 s)
>> 4083 (35433: 55096 34903 26101) (4777.48 s)
>> 4077 (49011: 49008 49405 49379) (4923.97 s)
>> 4062 (58676: 45229 45234 45216) (4847.32 s)
>> 4061 (49811: 49809 49854 49836) (4851.16 s)
>> 4051 (42164: 42154 42150 42145) (4819.1 s)
>> 4050 (4068: 40354 40361 40134) (4796.81 s)
>> 4026 (5969: 41401 41294 41286) (5009.48 s)
>> 4026 (34360: 54682 54618 30278) (4897.79 s)
>> 3998 (43488: 43496 43509 43484) (5165.12 s)
>> 3989 (50459: 50349 50454 44157) (5362.77 s)
>> 3986 (6096: 41227 41337 41330) (5613.61 s)
>> 3985 (32278: 51538 51553 51315) (4395.76 s)
>> 3979 (53435: 53637 53345 19604) (4338.96 s)
>> 3976 (14620: 46267 46409 23526) (4366.39 s)
>> 3976 (22961: 54188 54177 54159) (4385.92 s)
>> 3973 (206: 38469 38711 38480) (4376.86 s)
>> 3967 (33302: 54350 53182 22032) (4548.03 s)
>> 3959 (52940: 52937 55275 52941) (4890.83 s)
>> 3954 (24151: 50716 52270 52151) (4891.55 s)
>> 3941 (2550: 39644 39636 39589) (4862.92 s)
>> 3931 (53692: 54416 54253 53158) (4807.03 s)
>> 3918 (47869: 48207 47868 47788) (4844.02 s)
>> 3914 (37545: 9909 56183 56173) (4847.62 s)
>> 3912 (10551: 48207 43955 43940) (4855.63 s)
>> 3908 (31150: 53507 53518 53490) (4844.99 s)
>> 3900 (56458: 28263 56464 28159) (4879.31 s)
>> 3892 (11259: 49412 49442 49436) (4813.62 s)
>> 3891 (36087: 11566 43927 4304) (4530.98 s)
>> 3889 (18767: 48376 49861 48554) (4763.9 s)
>> 3850 (17461: 47608 47985 47565) (4944.64 s)
>> 3841 (55006: 52002 55070 30469) (5391.03 s)
>> 3835 (16467: 47204 47209 46830) (5592.5 s)
>> 3835 (30320: 55267 55249 52968) (5515.87 s)
>> 3834 (6893: 44085 44395 44107) (5593.98 s)
>> 4115 (6074: 43612 44085 44020) (4894.63 s)
>> 3832 (25801: 54084 53976 53719) (4746.77 s)
>> 3831 (17881: 54222 54350 34427) (4633.55 s)
>> 3829 (15109: 55966 55961 55951) (4690.63 s)
>> 3814 (32332: 53721 53730 53443) (4450.03 s)
>> 3810 (27819: 52251 52224 50716) (4399.54 s)
>> 3807 (49650: 49632 49679 49645) (4636.56 s)
>> 3804 (10689: 49134 49492 49171) (4726.3 s)
>> 3803 (5812: 48691 48698 48683) (4668.97 s)
>> 3800 (18048: 49260 49335 48207) (4608.82 s)
>> 3798 (48398: 54740 28263 18891) (4674.15 s)
>> 3796 (55604: 55603 55609 55591) (4634.71 s)
>> 3792 (51454: 32432 51451 51422) (4605.33 s)
>> 3789 (5356: 41052 41058 41045) (4601.28 s)
>> 3785 (16064: 36578 51097 51051) (4517.51 s)
>> 3766 (41646: 41636 41642 41581) (4557.69 s)
>> 3756 (20138: 48809 48798 47051) (4450.31 s)
>> 3752 (51243: 51238 51323 51231) (5285.33 s)
>> 3733 (35340: 9583 49931 49909) (5495.33 s)
>> 3724 (31452: 55940 41350 1950) (5546.45 s)
>> 3851 (55900: 55898 55940 55886) (5479.61 s)
>> 3719 (9010: 42596 42637 42602) (5430.35 s)
>> 3710 (30366: 54933 55020 54868) (5298.95 s)
>> 3701 (24625: 53720 53760 53710) (5433.51 s)
>> 3699 (32287: 51306 53676 34252) (5387.44 s)
>> 3698 (10467: 44564 44522 43930) (5216.21 s)
>> 3694 (46819: 46824 46250 37328) (5014.08 s)
>> 3688 (23284: 50341 50349 50324) (5002.35 s)
>> 3673 (9601: 49221 49198 49134) (4983.91 s)
>> 3670 (23148: 50882 50903 50899) (5056.74 s)
>> 3658 (23267: 52640 36714 28965) (5188.16 s)
>> 3649 (22611: 22648 47192 46780) (5426.7 s)
>> 3649 (47022: 47018 48809 47733) (5425.75 s)
>> 3643 (19500: 14825 48687 47018) (5364.59 s)
>> 3623 (42988: 37081 37298 35642) (5416.95 s)
>> 3622 (52749: 52700 52874 52745) (5273.73 s)
>> 3601 (9531: 43029 43041 43019) (5459.95 s)
>> 3600 (50514: 50525 50520 50512) (5492.4 s)
>> 3599 (8791: 55603 55728 55698) (8327.64 s)
>> 3598 (15429: 51683 51737 51697) (5275.32 s)
>> 3592 (350: 40966 40940 38616) (5282.23 s)
>> 3585 (1147: 55725 55729 55712) (5284.16 s)
>> 3578 (8166: 42198 42411 42235) (5210.33 s)
>> 3578 (34660: 50829 54751 31692) (5226.27 s)
>> 3575 (31174: 53271 53266 32258) (5243.71 s)
>> 3568 (5022: 40788 40966 40803) (5218.05 s)
>> 3566 (34755: 54764 55768 54767) (5081.62 s)
>> 3565 (24628: 52698 52733 52682) (5210 s)
>> 3563 (16848: 47298 47330 47015) (5229.84 s)
>> 3844 (16941: 44317 47335 47298) (5209.55 s)
>> 3547 (37771: 50894 50932 50929) (5198.87 s)
>> 3541 (13713: 45156 6180 1878) (5219.18 s)
>> 3534 (3094: 39906 39894 39844) (5226.87 s)
>> 3534 (38316: 45489 45514 22929) (5198.68 s)
>> 3531 (4800: 40636 40633 40620) (5140.19 s)
>> 3522 (32920: 53955 54222 53918) (5206.49 s)
>> 3514 (8033: 43489 43496 43456) (5223.92 s)
>> 3510 (13044: 53048 55267 53066) (5221.38 s)
>> 3494 (30597: 55690 55518 53089) (5197.56 s)
>> 3491 (53538: 54010 53051 33530) (5202.44 s)
>> 3489 (59266: 47944 47608 47556) (5213.71 s)
>> 3483 (19839: 53647 53873 53857) (5186.97 s)
>> 3469 (54078: 53955 54072 35223) (5038.54 s)
>> 3465 (23769: 50606 50564 50553) (5181.2 s)
>> 3463 (60905: 42357 42361 42198) (5181.06 s)
>> 3452 (59258: 49731 49513 49510) (5166.7 s)
>> 3451 (56840: 43383 43767 43419) (5126.56 s)
>> 3448 (21323: 49548 49731 49532) (5187.36 s)
>> 3433 (37260: 69 56379 56010) (5177.46 s)
>> 3430 (7706: 42017 45181 41989) (5153.71 s)
>> 3430 (21563: 49688 49699 49548) (5020.29 s)
>> 3421 (36429: 55628 55556 55552) (5127.83 s)
>> 3416 (12546: 2416 48325 222) (5130.53 s)
>> 3415 (8712: 43852 43845 43824) (5121.76 s)
>> 3411 (3920: 40538 40517 40173) (5070.65 s)
>> 3525 (4642: 40543 40546 40538) (5106.99 s)
>> 3407 (49316: 49336 49317 49308) (5138.59 s)
>> 3396 (4483: 40354 40498 38469) (5114.67 s)
>> 3391 (45798: 45773 45793 45723) (4985.98 s)
>> 3390 (39936: 40105 39932 39926) (5140.42 s)
>> 3380 (48946: 42102 48943 42085) (5191.71 s)
>> 3357 (29246: 8994 52859 52650) (5105.3 s)
>> 3353 (16853: 19020 55882 18595) (5075.22 s)
>> 3353 (33623: 56014 56282 48235) (5186.92 s)
>> 3348 (41138: 36578 50634 50629) (5570.82 s)
>> 3342 (46482: 46481 46487 46444) (5301.35 s)
>> 3337 (36815: 55745 55739 43451) (5029.29 s)
>> 3336 (15978: 53576 53271 19283) (4975.5 s)
>> 3336 (57230: 48026 48135 48129) (5018.13 s)
>> 3331 (27071: 31165 55053 53125) (4278.66 s)
>> 3323 (41932: 41919 44824 44805) (4187.34 s)
>> 3323 (54519: 54020 54047 31591) (4245.03 s)
>> 3311 (27376: 54877 54872 54863) (4221.07 s)
>> 3303 (54954: 53638 54876 33895) (4208.41 s)
>> 3301 (27708: 52170 53468 52181) (4115.37 s)
>> 3289 (50244: 50242 50231 50169) (4195.25 s)
>> 3273 (17248: 54315 54574 54562) (4209.86 s)
>> 3272 (51368: 51583 51664 51635) (4184.29 s)
>> 3267 (9674: 43207 43301 43277) (4144.34 s)
>> 3263 (30651: 55411 11566 447) (4171.76 s)
>> 3257 (32436: 54972 54966 31897) (4174.12 s)
>> 3255 (38576: 38564 40354 38587) (4174.15 s)
>> 3243 (5113: 50089 50065 45012) (4205.96 s)
>> 3238 (24931: 51016 50976 50831) (4156.69 s)
>> 3237 (48501: 48490 48518 48498) (4184.73 s)
>> 3234 (51299: 51288 51297 51238) (4161.45 s)
>> 3231 (13291: 51683 51784 46006) (4102.68 s)
>> 3217 (48184: 47910 49260 48172) (4155.72 s)
>> 3214 (42746: 42745 44317 42764) (4138.94 s)
>> 3230 (42806: 42745 42799 42357) (4125.21 s)
>> 3209 (29512: 52700 52877 52792) (4030.77 s)
>> 3207 (42723: 53637 53586 53582) (4111.1 s)
>> 3205 (21467: 22910 54156 36600) (4118.38 s)
>> 3195 (46223: 46221 46225 46214) (4106.43 s)
>> 3194 (29348: 52025 52011 13082) (4060.14 s)
>> 3193 (61398: 49247 49336 49253) (4101.73 s)
>> 3189 (28677: 46278 46349 46311) (4098.5 s)
>> 3188 (41499: 41497 44854 42842) (4075.6 s)
>> 3178 (41524: 41522 41515 41504) (4056.24 s)
>> 3175 (11417: 47706 47910 47730) (4068.33 s)
>> 3159 (39740: 40051 39736 39726) (4075.54 s)
>> 3157 (2215: 39400 41468 39360) (4083.6 s)
>> 3156 (44531: 54188 53842 53647) (4043.03 s)
>> 3151 (42024: 42023 42060 42039) (4073.76 s)
>> 3150 (22675: 55086 55077 45489) (4089.95 s)
>> 3147 (44486: 44068 44477 44115) (4073.69 s)
>> 3146 (45277: 45268 43656 43612) (4006.54 s)
>> 3143 (23136: 37469 53316 50744) (4076.89 s)
>> 3140 (45071: 45065 46387 45243) (4059.79 s)
>> 4627 (13097: 45065 46382 45483) (4062.52 s)
>> 3131 (47385: 55628 55669 55664) (3994.37 s)
>> 3128 (38762: 38786 38750 38564) (4046.18 s)
>> 3124 (56272: 56273 56014 48180) (4015.42 s)
>> 3120 (13921: 36863 46018 45999) (4019.62 s)
>> 3118 (4548: 55624 55451 46163) (4007.99 s)
>> 3112 (40104: 50984 52453 51006) (4014.16 s)
>> 3106 (6230: 42915 42941 42903) (4006.57 s)
>> 3106 (61384: 46978 46990 46970) (4017.04 s)
>> 3101 (47418: 47422 47459 47438) (3956.83 s)
>> 3095 (25304: 51149 51630 51538) (4004.72 s)
>> 3089 (33404: 54124 54126 53955) (3995.17 s)
>> 3189 (27337: 27617 54124 53934) (3990.45 s)
>> 3086 (12984: 38786 40324 40288) (3891.22 s)
>> 3086 (26941: 52025 51822 51812) (3967.09 s)
>> 3082 (17744: 53155 53149 53140) (3978.02 s)
>> 3082 (34992: 30379 54530 30524) (3981.31 s)
>> 3080 (13353: 45315 45799 45301) (3924.41 s)
>> 3076 (20788: 19172 41904 20985) (3972.66 s)
>> 3065 (25711: 54260 54266 27617) (3983.02 s)
>> 3061 (7292: 48006 41771 3836) (3947.9 s)
>> 3036 (20524: 49016 49044 49027) (3921.5 s)
>> 2997 (60710: 44694 42323 42298) (3941.97 s)
>> 2996 (46067: 46068 46884 46061) (3936.31 s)
>> 2992 (16546: 47769 47238 19554) (3924.46 s)
>> 2991 (22530: 50935 50894 50885) (3898.15 s)
>> 3129 (24786: 51075 50935 50238) (3963.93 s)
>> 2989 (43864: 43859 43936 43882) (3967.42 s)
>> 2972 (42132: 42154 42289 42126) (3953.21 s)
>> 2971 (5480: 41099 41116 41089) (3856.93 s)
>> 2969 (31706: 48721 48691 14825) (3909.65 s)
>> 2966 (7566: 41949 41942 41934) (3893.13 s)
>> 2961 (7518: 40421 40393 40260) (3884.55 s)
>> 2959 (38039: 40163 56450 21775) (3843.98 s)
>> 2951 (32766: 52604 52621 52616) (3872.37 s)
>> 2951 (46381: 45944 46371 45065) (3876.84 s)
>> 2947 (41861: 15919 45628 295) (3871.45 s)
>> 2936 (13650: 45315 45773 45755) (3940.42 s)
>> 2936 (25976: 30811 51406 26153) (3851.28 s)
>> 2936 (48194: 47706 47924 47895) (3889.44 s)
>> 2910 (12223: 45315 45159 45143) (3855.63 s)
>> 2906 (54302: 54300 54286 33527) (3807.06 s)
>> 2900 (29501: 31008 51871 51846) (3856.35 s)
>> 2898 (41566: 41564 41568 41538) (3833.67 s)
>> 2891 (50053: 54682 54653 19581) (3825.32 s)
>> 2870 (6876: 41885 41817 41564) (3740.2 s)
>> 3641 (7375: 41890 45674 41885) (3814.99 s)
>> 2868 (22807: 45156 52063 50069) (3826.23 s)
>> 2865 (43751: 43744 43792 43776) (3807.59 s)
>> 2858 (43631: 45268 43691 43628) (3765.28 s)
>> 2952 (61149: 45268 43997 43988) (3822.54 s)
>> 2853 (32733: 52937 55313 257) (3796.12 s)
>> 2849 (43066: 53365 53637 53359) (3792.99 s)
>> 2848 (25992: 51364 51360 51353) (3750.18 s)
>> 2843 (44292: 44321 44330 44289) (3776.74 s)
>> 2836 (1366: 39043 39086 39080) (3780.59 s)
>> 2836 (53494: 53690 53697 53576) (3781.76 s)
>> 3319 (31365: 51306 53690 53514) (3750.17 s)
>> 2835 (25112: 51211 51185 22161) (3760.22 s)
>> 2825 (51927: 52075 52076 51923) (3795.61 s)
>> 2824 (47940: 47964 47944 47933) (3757.98 s)
>> 2821 (49118: 49110 49616 49221) (3674.47 s)
>> 2799 (9468: 43029 42964 42915) (3752.31 s)
>> 2799 (35070: 54933 54906 36155) (3752.94 s)
>> 2798 (22590: 49943 50213 45396) (3729.28 s)
>> 2796 (41811: 41890 41803 41793) (3689.06 s)
>> 2790 (1455: 39092 39100 39043) (3718.64 s)
>> 2790 (4981: 208 56150 19020) (3729.44 s)
>> 2785 (31792: 48006 21776 12928) (3767.6 s)
>> 2785 (49888: 49886 49883 35024) (3732.79 s)
>> 2783 (11023: 55690 55509 55497) (3775.54 s)
>> 2780 (20035: 22648 46824 46797) (3772.37 s)
>> 2777 (42529: 42045 42524 42504) (3861.17 s)
>> 2792 (42034: 42023 42045 42027) (3829.49 s)
>> 2777 (48898: 48918 48894 48889) (3877.73 s)
>> 2776 (40749: 40747 40757 40752) (3868.45 s)
>> 2772 (27518: 14038 54206 53789) (3885.04 s)
>> 2771 (33408: 53243 53507 53239) (3734.02 s)
>> 2763 (33541: 54170 54260 54198) (3843.12 s)
>> 2761 (26473: 51149 51602 26799) (3807.41 s)
>> 2758 (5899: 43361 43321 43290) (3824.09 s)
>> 2757 (25564: 51211 51478 51470) (3769.76 s)
>> 2748 (2372: 39478 39673 39497) (3793.83 s)
>> 2741 (60377: 48822 48833 43489) (3760.21 s)
>> 2738 (23883: 54346 54170 54145) (3745.18 s)
>> 2728 (50489: 43894 50341 44025) (3697.81 s)
>> 2727 (8619: 52482 50616 50601) (3744.14 s)
>> 2727 (59490: 41843 41881 41856) (3728.59 s)
>> 2700 (50014: 50000 49943 5562) (3728.77 s)
>> 2699 (401: 55162 55140 55132) (3686.38 s)
>> 2698 (54058: 54020 54060 54056) (3721.81 s)
>> 2698 (54258: 54256 54379 54346) (3720.54 s)
>> 2696 (56818: 42596 42657 42569) (3716.33 s)
>> 2782 (42429: 42154 42596 42424) (3615.46 s)
>> 2694 (42422: 42421 42414 42154) (3755.77 s)
>> 2694 (46507: 54546 54542 54540) (4002.49 s)
>> 2693 (25571: 22271 54256 54254) (4316.64 s)
>> 2691 (22696: 51042 51155 51136) (4235.34 s)
>> 2691 (54757: 54755 55977 54764) (4104.8 s)
>> 2683 (3605: 40040 40022 40002) (3678.4 s)
>> 2681 (39016: 39010 38983 38634) (4184.07 s)
>> 2680 (14078: 36626 55086 46010) (3322.79 s)
>> 2680 (42209: 42207 44068 42216) (3190.63 s)
>> 2675 (49358: 49008 49356 49247) (3191.24 s)
>> 2669 (38777: 38773 38802 38683) (3184.61 s)
>> 2666 (58854: 46180 46164 46154) (3147.04 s)
>> 2986 (13573: 46123 46180 46168) (3175.39 s)
>> 2663 (6214: 42807 42813 42745) (3168.9 s)
>> 2657 (53035: 53033 54010 53004) (3167.72 s)
>> 2654 (13154: 53243 53257 53251) (3164.97 s)
>> 2651 (36865: 44986 44985 56496) (3529.22 s)
>> 2649 (44430: 44415 44427 44321) (3512.95 s)
>> 2640 (1632: 27787 56477 56475) (3523.28 s)
>> 2635 (40532: 37982 53190 53184) (3485.26 s)
>> 2635 (52201: 52198 52209 52192) (3518.55 s)
>> 2908 (52222: 52251 52219 52198) (3520.75 s)
>> 2628 (13519: 45662 45646 41890) (3493.05 s)
>> 2625 (24424: 52771 52786 52698) (3460.02 s)
>> 2612 (31717: 55816 55966 54755) (3484.76 s)
>> 2612 (51840: 51838 52025 33909) (3478.96 s)
>> 2611 (11292: 46230 46237 46221) (3476.86 s)
>> 2611 (14832: 46481 47097 46267) (3434.62 s)
>> 2609 (11325: 41612 41636 41600) (3470.49 s)
>> 2607 (1085: 38932 38912 38907) (3471.13 s)
>> 2604 (6552: 48902 48881 42102) (3464.3 s)
>> 2603 (45511: 45504 45028 45015) (3375.08 s)
>> 2592 (56062: 4555 50146 39753) (3451.17 s)
>> 2591 (521: 50000 7097 5128) (3442.51 s)
>> 2588 (52340: 52337 52408 52325) (3449.22 s)
>> 2587 (58149: 54682 54605 54525) (3403.31 s)
>> 2585 (7147: 41689 45662 41681) (3449.37 s)
>> 2583 (6911: 40811 40828 40804) (3432.24 s)
>> 2581 (52908: 52916 53033 52900) (3468.17 s)
>> 2571 (50851: 51790 52573 33497) (3399.46 s)
>> 2565 (49595: 49585 49588 49110) (3436.19 s)
>> 2562 (31063: 46534 46547 46545) (3421.93 s)
>> 2552 (25542: 51683 51703 51421) (3413.92 s)
>> 2551 (23741: 52251 36578 23664) (3368.5 s)
>> 2541 (18538: 48026 48293 48274) (3401.51 s)
>> 2535 (15288: 40872 40901 40864) (3402.43 s)
>> 2527 (37425: 23184 54496 22916) (3386.45 s)
>> 2524 (58050: 51149 51577 51570) (3304.77 s)
>> 2523 (19032: 49490 49523 49416) (3388.99 s)
>> 2523 (52246: 52244 52251 52234) (3398.23 s)
>> 2520 (52848: 9456 52851 52834) (3374.57 s)
>> 2519 (11447: 44494 44564 44487) (3335.76 s)
>> 2508 (26231: 51496 51508 51475) (3367.05 s)
>> 2508 (49180: 49175 49234 49585) (3423.98 s)
>> 2493 (5177: 9909 56165 56160) (3585.25 s)
>> 2486 (38156: 56482 56488 55830) (4018.94 s)
>> 2484 (39001: 39019 38997 38987) (4120.53 s)
>> 2483 (40012: 55245 55233 53048) (4134.18 s)
>> 2472 (13894: 36863 45960 45944) (4106.73 s)
>> 2464 (55404: 55414 55399 55385) (4041.38 s)
>> 2463 (11595: 44592 44603 44598) (3840.78 s)
>> 2453 (26481: 51591 51149 30919) (3784.07 s)
>> 2452 (3851: 3866 40405 40123) (3764.76 s)
>> 2450 (5158: 40924 3866 40931) (3626.16 s)
>> 2439 (18310: 48026 48040 48031) (3761.55 s)
>> 2424 (35052: 54913 54934 54933) (3772.56 s)
>> 2424 (39587: 39644 39582 39478) (3751.91 s)
>> 2421 (27139: 51893 51876 31008) (3687.89 s)
>> 2420 (33356: 55865 55856 55725) (3733.08 s)
>> 2417 (15727: 52337 52352 52345) (3762.57 s)
>> 2416 (15346: 46713 48721 46682) (3717.12 s)
>> 2416 (55076: 55061 55074 29397) (7213.53 s)
>> 2410 (59420: 46943 46978 46952) (3381.44 s)
>> 2401 (60014: 41893 41919 41689) (3313.89 s)
>> 2465 (7476: 44803 41893 41497) (3367.16 s)
>> 2393 (39302: 39297 39644 39321) (3230.35 s)
>> 2390 (55959: 7572 55898 40899) (3364.92 s)
>> 2388 (5886: 44803 43154 43141) (3289.3 s)
>> 2388 (40536: 53465 53460 53451) (3348.12 s)
>> 2378 (13772: 52095 52110 51838) (3158.48 s)
>> 2365 (21288: 54682 54699 54692) (3329.74 s)
>> 2361 (52688: 51893 52771 52685) (3272.84 s)
>> 2355 (40572: 40569 40590 40561) (3305.89 s)
>> 2352 (41001: 41080 41052 40987) (3205.49 s)
>> 2344 (59269: 38786 38868 38860) (3321.94 s)
>> 2336 (30054: 52916 54020 53001) (3250.68 s)
>> 2336 (38212: 53211 53213 28605) (3309.06 s)
>> 2335 (48392: 47063 48413 48390) (3143.79 s)
>> 2331 (24806: 53891 52916 47198) (3305.28 s)
>> 2329 (27271: 52095 52049 45156) (3234.6 s)
>> 2321 (16377: 47183 47172 46481) (3306.11 s)
>> 2319 (27879: 55538 40883 482) (3175.89 s)
>> 2314 (19433: 46713 48619 48616) (3287.25 s)
>> 2299 (55920: 1470 7622 7572) (3222.74 s)
>> 2293 (22011: 51075 50944 50917) (3268.65 s)
>> 2286 (10576: 49008 49284 49266) (3102.31 s)
>> 2286 (44945: 44940 44914 43029) (3229.64 s)
>> 2284 (34433: 50414 50407 42636) (3221.58 s)
>> 2283 (38503: 38489 38786 38496) (3276.59 s)
>> 2282 (19610: 22271 54118 53949) (3147.52 s)
>> 2278 (35729: 50691 50701 36527) (3257.59 s)
>> 2310 (24107: 50691 50773 50707) (3196.45 s)
>> 2278 (45863: 47183 46328 45860) (3209.7 s)
>> 2277 (53907: 51918 51915 13899) (3129.41 s)
>> 2272 (54722: 37384 54719 54714) (3569.96 s)
>> 2271 (39305: 52937 55306 55245) (3505.02 s)
>> 2258 (21084: 50966 50964 50951) (3579.68 s)
>> 2256 (55475: 55690 55474 48876) (3425.69 s)
>> 2250 (35654: 55128 55162 55124) (3499.72 s)
>> 2244 (55545: 55549 55542 55538) (3490.16 s)
>> 2242 (4160: 55690 55411 45291) (3441.4 s)
>> 2241 (2516: 55240 55202 52937) (3068.01 s)
>> 2240 (33372: 56063 49246 6971) (3185.04 s)
>> 2238 (56702: 41401 41305 41274) (3184.53 s)
>> 2236 (3485: 40051 39985 39982) (3241.75 s)
>> 2230 (1291: 14783 40916 40872) (3119.27 s)
>> 2226 (39286: 39284 2472 39280) (3242.08 s)
>> 2224 (57385: 51075 51306 37469) (3188.06 s)
>> 2222 (3430: 38489 40212 40188) (3232.38 s)
>> 2220 (14442: 46877 46868 46655) (3063.98 s)
>> 2212 (49455: 49412 49463 49447) (3220.74 s)
>> 2205 (50763: 50757 50791 50749) (3166.42 s)
>> 2199 (28225: 52337 52402 52394) (3224.87 s)
>> 2196 (4285: 38489 40461 40372) (3092.86 s)
>> 2196 (29437: 52775 52783 52700) (3214.15 s)
>> 2193 (39840: 39839 39906 39790) (3261.01 s)
>> 2193 (53502: 53482 53500 53243) (3508.23 s)
>> 2182 (44192: 44415 44198 44186) (3272.68 s)
>> 2180 (38379: 46713 27787 48577) (3517.8 s)
>> 2176 (47013: 42807 47009 46943) (3439.62 s)
>> 2164 (36904: 55786 55777 54760) (3496.3 s)
>> 2160 (1840: 39235 39217 39092) (3353.39 s)
>> 2155 (48336: 48169 48478 48326) (3484.67 s)
>> 2144 (8030: 38721 38935 38919) (3413.41 s)
>> 2824 (38733: 38729 38768 38721) (3478.34 s)
>> 2142 (45387: 45315 45379 45329) (3229.07 s)
>> 2138 (59062: 39032 39143 39065) (3482.64 s)
>> 2137 (45525: 45519 55061 29412) (3400.5 s)
>> 2134 (6297: 42807 42777 42759) (3444.62 s)
>> 2133 (14183: 34224 52604 25340) (3317.55 s)
>> 2132 (44963: 42932 44958 44940) (3456.12 s)
>> 2129 (34229: 54407 54404 54390) (3379.02 s)
>> 2122 (37633: 37081 54837 54813) (3483.56 s)
>> 2119 (53446: 54109 23626 23419) (3231.86 s)
>> 2105 (26041: 22271 54079 53977) (3438.64 s)
>> 2076 (47920: 47706 47917 47875) (3359.95 s)
>> 2075 (36018: 55240 55414 55172) (3427.96 s)
>> 2074 (60048: 49085 49425 49175) (3280.57 s)
>> 2065 (41114: 41107 41263 39184) (3432.07 s)
>> 2058 (54217: 54216 54220 24900) (3348.03 s)
>> 2054 (4972: 38489 40771 40747) (3389.98 s)
>> 2051 (1945: 4555 40608 40322) (3198.53 s)
>> 2051 (9077: 42165 44494 42716) (3401.99 s)
>> 2044 (12488: 47542 47964 47534) (3340.08 s)
>> 2041 (44052: 53335 53365 51075) (3396.72 s)
>> 2038 (16387: 45054 45203 45057) (3248.13 s)
>> 2038 (38972: 38969 39010 38957) (3415.54 s)
>> 2035 (25069: 51040 51042 27246) (3324.62 s)
>> 2033 (10827: 44149 45268 44130) (3385.47 s)
>> 2032 (48860: 48971 48869 48852) (3170.75 s)
>> 2026 (19934: 48719 48725 46713) (3369.12 s)
>> 2026 (45414: 45411 45419 45315) (3302.99 s)
>> 2025 (12438: 38988 48719 17075) (3383.52 s)
>> 2019 (43766: 43741 47706 43762) (2965.76 s)
>> 2016 (53083: 53891 53078 52882) (2379.18 s)
>> 2014 (6672: 44684 44694 42303) (2323.16 s)
>> 2012 (21636: 55240 53891 53025) (2337.58 s)
>> 2001 (44285: 55603 55720 11587) (2304.47 s)
>> 1995 (55705: 55603 55707 355) (2334.06 s)
>> 1983 (1726: 39198 39189 39164) (2312.75 s)
>> 1980 (37241: 69 20829 20802) (2328.12 s)
>> 1977 (45553: 37938 45549 36626) (2293.15 s)
>> 1969 (21078: 53829 53824 30504) (2335.57 s)
>> 1968 (7304: 55240 55336 55321) (2305.51 s)
>> 1967 (45172: 45411 45164 42017) (2323.71 s)
>> 1963 (54770: 55816 55810 12055) (2261.47 s)
>> 1963 (55581: 55603 55758 55578) (2316.06 s)
>> 1958 (45095: 45104 45411 45090) (2295.64 s)
>> 1954 (27078: 52095 51661 51644) (2303.81 s)
>> 1953 (47381: 47063 47390 47373) (2271.11 s)
>> 1948 (61156: 43009 43351 43334) (2298.83 s)
>> 1946 (27396: 52095 51997 50988) (2282.68 s)
>> 1942 (44677: 44592 44671 44648) (2297.23 s)
>> 1941 (7731: 48822 43527 43503) (2421.21 s)
>> 1941 (8817: 43888 42483 42023) (2881.97 s)
>> 1936 (13668: 45822 45836 45808) (3228.99 s)
>> 1935 (58682: 47153 47289 46840) (3314.97 s)
>> 1929 (2064: 50271 50260 50125) (3199.99 s)
>> 1922 (47174: 20175 37912 22648) (3352.23 s)
>> 1921 (21106: 50176 50242 20560) (3380.13 s)
>> 1920 (20643: 49085 49606 49095) (3491.26 s)
>> 1915 (14652: 47183 45853 22372) (3249.77 s)
>> 1906 (59697: 39824 39508 39297) (3481.28 s)
>> 1900 (51713: 51683 51709 51707) (3402.51 s)
>> 1883 (8998: 42421 42625 42165) (3474.77 s)
>> 1879 (55570: 55567 55816 55563) (3310.08 s)
>> 1878 (35603: 55240 55146 18487) (3473.86 s)
>> 1878 (42578: 42576 42590 42582) (3394.54 s)
>> 1866 (153: 56063 3137 208) (3470.51 s)
>> 1862 (39335: 39329 39366 39341) (3183.81 s)
>> 1857 (48998: 48971 48993 48986) (3462.26 s)
>> 1850 (18016: 3750 56040 11404) (3378.51 s)
>> 1850 (61391: 49457 49473 49412) (3450.55 s)
>> 1844 (53148: 53155 53335 53146) (3190.95 s)
>> 1844 (55036: 55029 55032 31165) (3259.88 s)
>> 1839 (53768: 53766 53829 53720) (3174.6 s)
>> 1828 (47308: 40631 38681 18422) (3228.11 s)
>> 1935 (55871: 40631 48247 21358) (3023.56 s)
>> 1824 (51626: 51628 51621 51591) (3229.65 s)
>> 1822 (46769: 46746 46764 46756) (3155.55 s)
>> 1817 (52755: 36958 51249 19292) (3224.61 s)
>> 1959 (29418: 36958 51269 51256) (3078.09 s)
>> 1816 (6116: 41227 41367 41362) (3214.22 s)
>> 1804 (40073: 40072 40924 40077) (3140.01 s)
>> 1795 (7605: 41976 41960 41949) (3210.65 s)
>> 1793 (55345: 55342 55359 55240) (2996.11 s)
>> 1788 (27160: 51918 50843 52075) (3198.81 s)
>> 1787 (20503: 49008 48964 43406) (3120.21 s)
>> 1786 (51486: 32904 51496 31119) (3198.92 s)
>> 1784 (49821: 49815 49827 49809) (3045.92 s)
>> 1780 (24293: 50788 50798 50691) (3198.54 s)
>> 1779 (39082: 41422 41430 41227) (3115.56 s)
>> 3553 (7083: 41674 41422 41413) (3186.5 s)
>> 1775 (43173: 50502 50525 43894) (2977.55 s)
>> 1772 (6782: 42705 42712 42421) (3183.71 s)
>> 1772 (33996: 46504 55029 46519) (3107.49 s)
>> 1771 (9071: 41653 44803 41649) (3174.82 s)
>> 1768 (45561: 22857 46718 20175) (3030.52 s)
>> 1767 (47720: 47542 47713 47504) (3167.93 s)
>> 1764 (54612: 54682 54608 37081) (3095.89 s)
>> 1758 (49966: 50000 52095 49960) (3172.96 s)
>> 1757 (30813: 53155 53171 26319) (2957.44 s)
>> 1750 (41102: 54109 53099 23377) (3168.73 s)
>> 1743 (6955: 42705 42547 42533) (3155.47 s)
>> 1737 (558: 38653 39023 38636) (3233.25 s)
>> 1736 (58801: 46615 45694 45104) (3033.83 s)
>> 1968 (13637: 46615 45822 45761) (3160.37 s)
>> 1732 (6133: 41653 44792 43167) (3078.38 s)
>> 1730 (42443: 42441 42469 42446) (3191.81 s)
>> 1728 (54055: 55342 54052 32135) (2983 s)
>> 1727 (49765: 49632 49756 49743) (3175.14 s)
>> 1724 (42378: 42369 42705 42343) (3099.07 s)
>> 1720 (29408: 52754 52775 51893) (3181.92 s)
>> 1716 (12037: 45504 45054 45045) (3015.06 s)
>> 1712 (43360: 42975 43009 42996) (3177.62 s)
>> 1710 (1042: 4555 50176 50138) (3090.21 s)
>> 1710 (24605: 34224 53155 31181) (3162.2 s)
>> 1709 (49486: 49483 49490 49457) (2936.17 s)
>> 1706 (19539: 38988 48630 48625) (3155.09 s)
>> 1701 (10274: 11179 10528 776) (3066.79 s)
>> 1701 (37875: 54682 54796 54790) (3138.67 s)
>> 1696 (37791: 53943 53930 22271) (2984.74 s)
>> 1693 (33551: 17679 54972 54471) (3145.09 s)
>> 1689 (23045: 50768 52244 50788) (3060.36 s)
>> 1682 (25381: 51191 54084 31923) (3131.98 s)
>> 1680 (23671: 50643 50768 50663) (2927.52 s)
>> 1680 (38579: 38569 11179 428) (3110.43 s)
>> 1667 (49053: 56273 41930 2306) (3039.42 s)
>> 1663 (30974: 52027 57988 50000) (3184.53 s)
>> 1661 (31457: 56351 56332 48006) (2950.6 s)
>> 1655 (40580: 4075 56063 7230) (3103.36 s)
>> 1639 (59603: 48469 48440 48169) (3028.93 s)
>> 1631 (8792: 42441 43852 43540) (3109.94 s)
>> 1630 (21454: 34224 19902 19588) (2873.63 s)
>> 1629 (5525: 41674 41099 39128) (3105.29 s)
>> 1629 (32668: 52806 52631 34224) (3008.01 s)
>> 1629 (51494: 33731 51211 31158) (3065.17 s)
>> 1623 (38917: 38932 38898 38905) (2963 s)
>> 1618 (17477: 47542 47972 47951) (3087.58 s)
>> 1614 (44470: 44149 44462 44415) (3020.61 s)
>> 1613 (49794: 49786 49795 49632) (2967.11 s)
>> 1608 (48908: 48902 48918 48861) (2651.86 s)
>> 1602 (9553: 42932 43058 43036) (2797.37 s)
>> 1601 (41736: 46344 46359 46278) (2984.36 s)
>> 1598 (53577: 54025 55342 54023) (3102.44 s)
>> 1597 (44341: 42726 44338 44149) (2890.26 s)
>> 1594 (13485: 45638 45643 41653) (2715.15 s)
>> 1590 (52737: 52754 53631 15526) (2479.69 s)
>> 1585 (5033: 40788 40811 40421) (2374.19 s)
>> 1584 (11486: 42369 44541 44533) (2367.98 s)
>> 1567 (27984: 51016 52284 50643) (2439.9 s)
>> 1563 (56640: 40278 40284 40246) (2394.77 s)
>> 1561 (26401: 54420 54416 53943) (2126.85 s)
>> 1559 (49265: 49008 48490 43741) (2267.67 s)
>> 1558 (15134: 55628 55660 55643) (2370.88 s)
>> 1554 (61164: 43091 45638 42891) (2245.97 s)
>> 1550 (33935: 56201 38569 9909) (2161.55 s)
>> 1546 (24227: 52002 55010 51875) (2254.27 s)
>> 1545 (4684: 40597 40609 40582) (2386.65 s)
>> 1544 (33254: 47764 48359 26059) (2247.74 s)
>> 2121 (18762: 48376 48370 47764) (2341.27 s)
>> 1540 (47533: 47542 47523 47488) (2343.8 s)
>> 1532 (26723: 51683 51699 45554) (2238.45 s)
>> 1531 (12550: 45247 45678 43091) (2253.49 s)
>> 1530 (9290: 42860 45247 42867) (2057.27 s)
>> 1529 (53018: 45519 56501 22174) (2115.37 s)
>> 1528 (35092: 54682 54771 54724) (2365.18 s)
>> 1526 (36194: 55624 5593 5544) (2159.5 s)
>> 1520 (6769: 44757 44871 44722) (2041.51 s)
>> 1516 (56089: 2416 56091 56084) (2289.09 s)
>> 1516 (57648: 53895 53745 53721) (2371.54 s)
>> 1512 (6095: 43888 48902 42078) (2341.19 s)
>> 1509 (28174: 52337 52374 52359) (2361.47 s)
>> 1508 (22184: 54315 54558 32612) (2232.86 s)
>> 1506 (31585: 52806 53426 53417) (2326.49 s)
>> 1499 (16162: 47183 47074 47063) (2299.02 s)
>> 1498 (31009: 53211 38145 23592) (2353.11 s)
>> 1494 (56404: 15919 4493 4075) (1988.16 s)
>> 1492 (8413: 49008 43744 43733) (2152.53 s)
>> 1487 (4393: 40438 40451 40072) (2314.95 s)
>> 1486 (2462: 39515 39284 39198) (2351.94 s)
>> 1479 (42005: 42000 41978 41976) (2087.14 s)
>> 1468 (36878: 55865 55734 55584) (2344.14 s)
>> 1459 (46104: 46123 46109 46098) (2130.53 s)
>> 1459 (53234: 53233 53225 51016) (2304.76 s)
>> 1458 (39489: 39490 39824 39483) (2256.27 s)
>> 1457 (50983: 50979 50966 33731) (2327.76 s)
>> 1455 (42518: 43888 42519 42511) (2088.14 s)
>> 1454 (8296: 49008 43948 43859) (2085.45 s)
>> 1446 (32369: 53693 53766 53701) (2224.45 s)
>> 1444 (4980: 38489 40765 40730) (2933.85 s)
>> 1431 (51694: 54469 54485 17679) (2829.51 s)
>> 1424 (51119: 51544 51628 22022) (2923.04 s)
>> 1422 (13841: 52884 54025 52919) (2673.15 s)
>> 1420 (46518: 37938 46534 46512) (2891.48 s)
>> 1420 (56816: 42807 42389 42381) (2833.46 s)
>> 1408 (60124: 43383 43715 43707) (2769.35 s)
>> 1406 (22767: 4555 52027 50056) (2532.17 s)
>> 1404 (36388: 19542 54420 53940) (2840.21 s)
>> 1401 (25266: 54232 31105 19542) (2699.88 s)
>> 1400 (37657: 56201 56258 11840) (2899.94 s)
>> 1390 (5447: 43648 42726 42187) (2763.32 s)
>> 1387 (58221: 45946 45952 36863) (2882.49 s)
>> 1383 (28327: 45864 45946 45878) (2828.8 s)
>> 1382 (17984: 49008 47858 47826) (2909.6 s)
>> 1374 (6315: 42932 44925 44757) (2697.34 s)
>> 1369 (25995: 54232 54429 54421) (2910.73 s)
>> 1366 (36866: 46344 46293 46285) (2785.05 s)
>> 1364 (36374: 54546 54538 54533) (2914.81 s)
>> 1357 (58646: 41107 41259 41134) (2781.45 s)
>> 1342 (44036: 44034 44043 43648) (2924.1 s)
>> 1329 (46703: 38988 46699 46676) (2841.01 s)
>> 1319 (52452: 50984 52449 52337) (2896.88 s)
>> 1316 (60235: 43464 49008 48822) (2660.95 s)
>> 1310 (3737: 40105 40438 40098) (2850.39 s)
>> 1291 (21681: 49786 49815 49740) (2782.5 s)
>> 1289 (38561: 55603 55745 20512) (2876.61 s)
>> 1277 (41972: 41984 41965 41951) (2709.75 s)
>> 1274 (3910: 40051 40167 40158) (2225 s)
>> 1270 (34938: 55062 54877 52002) (2190.63 s)
>> 1268 (44730: 23184 54510 54508) (2199.88 s)
>> 1266 (14920: 37938 46504 45519) (2115.83 s)
>> 1261 (48784: 48779 46878 38988) (2173.53 s)
>> 1259 (30200: 54685 54682 54661) (1889.72 s)
>> 1256 (5454: 42369 42269 42138) (2132.78 s)
>> 1256 (50221: 4555 50216 50212) (1980.63 s)
>> 1255 (50377: 50373 50502 50365) (2113.36 s)
>> 1250 (11703: 49688 49543 49085) (1934.48 s)
>> 1246 (54299: 54300 54281 54279) (1975.06 s)
>> 1244 (15436: 52806 52592 51683) (2063.85 s)
>> 1242 (4882: 18304 15919 4442) (2161.26 s)
>> 1240 (45438: 45864 45451 45437) (2160.72 s)
>> 1237 (35742: 52884 55350 55193) (2113.34 s)
>> 1231 (51770: 51918 51762 31628) (2118.49 s)
>> 1229 (2123: 18304 55865 1470) (2180.05 s)
>> 1226 (4562: 52884 55461 55211) (2045.34 s)
>> 1600 (41106: 55624 52884 21263) (1953.15 s)
>> 1226 (37746: 9373 50447 50373) (1913.11 s)
>> 1202 (5273: 39400 41612 40973) (1859.05 s)
>> 1200 (45544: 53693 53816 53805) (1838.36 s)
>> 1200 (45556: 45552 52806 32432) (1854.01 s)
>> 1197 (39061: 39084 39515 39059) (1816.33 s)
>> 1193 (51674: 22315 47221 4555) (2061.21 s)
>> 1189 (53471: 53465 52640 29826) (2115.28 s)
>> 1183 (49060: 49016 49069 49055) (2168.12 s)
>> 1179 (15164: 47153 46877 46607) (2064.2 s)
>> 1169 (4595: 38489 40680 40648) (2139.93 s)
>> 1165 (10085: 47693 47665 43464) (2107.87 s)
>> 1162 (13322: 40543 40597 40553) (2148.85 s)
>> 1162 (26843: 54403 54412 54407) (2087.65 s)
>> 1144 (3812: 40105 40120 39878) (2148.22 s)
>> 1143 (39795: 39794 39799 39779) (2110.47 s)
>> 1142 (46190: 46615 46185 46123) (2141.4 s)
>> 1139 (27432: 55062 30379 27113) (2054.17 s)
>> 1131 (33537: 3750 19266 18304) (2132.52 s)
>> 1130 (14334: 39084 1942 39574) (2091.26 s)
>> 1121 (15440: 46557 47183 46564) (2130.68 s)
>> 1116 (45989: 45988 47204 37938) (2073.52 s)
>> 1108 (10238: 47693 47883 43383) (2124.6 s)
>> 1106 (25156: 45552 51120 51113) (2098.75 s)
>> 1102 (32731: 3750 56351 6813) (1871.18 s)
>> 1098 (15677: 46858 46902 46898) (1796.54 s)
>> 1092 (43183: 42860 43238 43178) (1815.42 s)
>> 1091 (54410: 48779 47048 47030) (1804.87 s)
>> 1075 (25322: 51544 51288 51159) (2026.59 s)
>> 1075 (28807: 52583 51918 51790) (2045.96 s)
>> 1073 (60582: 44034 44166 44159) (2100.19 s)
>> 1065 (58773: 46615 45739 45729) (2162.11 s)
>> 1063 (7528: 42369 47693 43837) (2101.27 s)
>> 1063 (49197: 49688 49204 49192) (2025.47 s)
>> 1059 (8212: 42807 42277 42257) (2103.78 s)
>> 1058 (54748: 50829 54740 18734) (2063.09 s)
>> 1048 (23870: 46557 47177 47162) (2091.8 s)
>> 1047 (37083: 54685 54585 54520) (2027.77 s)
>> 1046 (44015: 44034 44009 42207) (2095.84 s)
>> 1046 (48645: 50875 50882 48661) (2055.47 s)
>> 1038 (30774: 51377 51385 51378) (2079.24 s)
>> 1033 (36552: 55603 55690 55598) (2005.1 s)
>> 1032 (56350: 56342 3750 1984) (2090.75 s)
>> 1025 (39096: 40146 49941 22315) (2056.97 s)
>> 1020 (32267: 53673 53666 45552) (2085.99 s)
>> 1016 (4151: 40278 40788 40268) (2023.57 s)
>> 1011 (45080: 46615 45229 45072) (2071.09 s)
>> 1001 (12307: 40146 50020 7710) (1849.54 s)
>> 990 (55232: 55624 55369 4694) (1917.01 s)
>> 989 (2444: 55624 55128 55105) (2010.44 s)
>> 1682 (30225: 319 55624 52924) (2088.97 s)
>> 983 (45202: 45224 46615 45195) (1936.33 s)
>> 982 (26164: 53673 51431 25931) (1754.05 s)
>> 966 (22818: 50099 50089 40146) (1828.01 s)
>> 955 (40036: 40051 40040 40028) (2674.18 s)
>> 944 (53594: 53673 53593 53414) (2595.26 s)
>> 939 (29577: 8994 43373 9456) (2674.51 s)
>> 939 (53929: 14038 54354 54232) (2493.62 s)
>> 935 (19123: 54685 54785 50199) (1983.53 s)
>> 932 (9946: 42369 48971 43518) (1702.41 s)
>> 927 (47851: 42369 47849 47839) (1716.05 s)
>> 923 (11724: 42369 47625 47616) (1686.65 s)
>> 921 (10904: 44225 44217 42807) (1712.69 s)
>> 914 (19771: 53233 50846 37603) (1696 s)
>> 914 (50196: 50099 50308 5218) (1708.54 s)
>> 905 (9884: 55603 55596 20513) (1667.59 s)
>> 905 (30148: 50099 51934 28296) (1703.27 s)
>> 899 (20794: 69 56394 40436) (1684.2 s)
>> 891 (32109: 54188 53609 36271) (1696.67 s)
>> 887 (56029: 56273 40082 19181) (1667.69 s)
>> 917 (55996: 19172 56273 47889) (1691.14 s)
>> 884 (41718: 42860 41713 41702) (1676.86 s)
>> 881 (53880: 54188 53877 37451) (1689.99 s)
>> 881 (54834: 54685 54832 54829) (1649.96 s)
>> 881 (61193: 43207 43193 42860) (1685.43 s)
>> 877 (19301: 53233 51123 51104) (1669.01 s)
>> 877 (59086: 40229 40301 40051) (1678.8 s)
>> 1489 (4186: 40309 40333 40229) (1653.08 s)
>> 872 (52561: 8994 52557 10128) (1677.23 s)
>> 871 (21298: 54913 54685 52974) (1661.15 s)
>> 868 (1783: 39216 39235 39206) (1674.65 s)
>> 868 (43536: 48816 43533 42369) (1634.64 s)
>> 862 (37275: 56342 56080 2416) (1670.25 s)
>> 861 (49894: 54315 54333 29916) (1654.27 s)
>> 858 (44589: 44592 44586 44579) (1666.91 s)
>> 853 (5880: 42932 44034 43596) (1639.32 s)
>> 852 (1997: 56342 47276 1775) (1664.81 s)
>> 848 (30932: 40859 55549 52399) (1648.66 s)
>> 847 (44311: 42932 44307 44225) (1726.76 s)
>> 839 (48100: 48026 48097 48035) (1882.22 s)
>> 838 (42244: 42932 48816 42241) (1949.98 s)
>> 834 (13583: 55926 56342 55942) (1922.32 s)
>> 834 (51985: 50099 51983 51946) (2483.28 s)
>> 833 (32235: 50099 50291 4926) (2504.44 s)
>> 822 (9103: 42932 42771 42739) (2619.68 s)
>> 822 (46642: 47153 46633 45224) (2551.99 s)
>> 810 (37352: 37384 54945 54913) (2588.86 s)
>> 810 (57630: 54188 53673 53465) (2417.18 s)
>> 806 (16210: 46557 47119 47107) (2581.9 s)
>> 805 (39182: 39084 39179 39173) (2492.46 s)
>> 802 (23827: 46557 29137 28311) (2573.86 s)
>> 782 (50669: 54469 54453 54448) (2449.52 s)
>> 780 (52283: 53233 52276 52261) (2566.36 s)
>> 778 (10087: 42932 49362 49347) (2497.49 s)
>> 777 (20241: 53693 53762 15932) (2561.93 s)
>> 776 (21828: 53924 22910 14038) (2400.48 s)
>> 745 (19425: 37384 54802 36881) (2556.05 s)
>> 742 (43271: 43207 43264 43223) (2481.95 s)
>> 741 (34961: 37384 55062 38060) (2546.65 s)
>> 738 (44082: 42932 44078 44059) (2427.62 s)
>> 735 (4428: 38489 40477 40469) (2540.02 s)
>> 728 (24207: 54188 50940 50739) (2471.49 s)
>> 724 (32238: 55926 17473 17421) (2480.69 s)
>> 723 (34111: 54403 53924 30864) (1770.42 s)
>> 717 (17545: 19172 55926 47660) (1917.97 s)
>> 714 (1574: 40631 19172 18443) (1875.21 s)
>> 707 (24764: 53899 53902 319) (1918.67 s)
>> 702 (4840: 12510 40652 40636) (1863.87 s)
>> 699 (33319: 69 56371 3140) (1926.58 s)
>> 694 (44267: 42932 44263 44255) (1963.9 s)
>> 694 (51070: 54188 53233 51063) (1933.15 s)
>> 688 (43374: 42975 43371 43361) (1867.69 s)
>> 676 (42758: 44592 42932 42754) (1923.08 s)
>> 666 (36446: 55628 55648 55567) (1873.56 s)
>> 662 (22074: 54188 50924 50875) (1989.85 s)
>> 660 (20534: 49016 49001 44592) (2383.33 s)
>> 656 (40094: 40093 40105 40083) (2506.93 s)
>> 642 (27183: 52583 52754 14099) (1973.94 s)
>> 636 (12344: 40631 48073 18328) (1893.69 s)
>> 635 (2340: 39839 39437 39400) (1735.44 s)
>> 635 (17352: 40631 41825 17418) (1872.14 s)
>> 632 (24103: 54188 50803 50757) (1860.09 s)
>> 629 (56246: 56201 49073 20566) (2174.89 s)
>> 638 (56277: 69 56201 49225) (2159.45 s)
>> 625 (39717: 39956 40309 39715) (2223.3 s)
>> 617 (52988: 53899 52986 52982) (2367.33 s)
>> 609 (20379: 55603 42467 8731) (2797.92 s)
>> 607 (28500: 53899 54224 54002) (2509.08 s)
>> 603 (48214: 49016 48237 48211) (2490.85 s)
>> 601 (55949: 40631 55945 55935) (2422.06 s)
>> 587 (31785: 12924 56311 40163) (2458.83 s)
>> 583 (60226: 43453 43475 49016) (2354.04 s)
>> 579 (37048: 46557 46272 23696) (2463.06 s)
>> 575 (23360: 50414 50443 50394) (2397.86 s)
>> 566 (2221: 40631 56204 56194) (2379.19 s)
>> 560 (1880: 39490 39245 39084) (2263.41 s)
>> 555 (31965: 54403 53638 16591) (2448.09 s)
>> 555 (42328: 44684 43453 42325) (2387.13 s)
>> 545 (39524: 39522 39666 39490) (2433.71 s)
>> 538 (2176: 39329 39839 39393) (2341.8 s)
>> 535 (24014: 54188 50677 50672) (2441.64 s)
>> 535 (54996: 55628 40631 5154) (2378.94 s)
>> 533 (5077: 40278 40832 40818) (2440.36 s)
>> 530 (47704: 44684 47697 47674) (2303.74 s)
>> 526 (50830: 51544 51569 51562) (2428.86 s)
>> 515 (16748: 50984 54188 52333) (2378.34 s)
>> 508 (22738: 50099 50113 50034) (2441.41 s)
>> 502 (38509: 38506 38508 38489) (2334.14 s)
>> 497 (24023: 23184 54579 54320) (2439.98 s)
>> 493 (6022: 55628 3655 2620) (2363.47 s)
>> 489 (60223: 42441 44684 43810) (2401.96 s)
>> 487 (42472: 43888 42476 42441) (2278.56 s)
>> 484 (36403: 40859 55628 27867) (2411.79 s)
>> 484 (54992: 50984 53113 35240) (2350.81 s)
>> 483 (32521: 54403 53910 53899) (2340.91 s)
>> 483 (40530: 40527 40518 40140) (1658.02 s)
>> 479 (55044: 45988 55059 55043) (1764.76 s)
>> 476 (18528: 48026 48303 43888) (1809.57 s)
>> 470 (45654: 37384 54599 23184) (1809.88 s)
>> 458 (43119: 43207 43129 43116) (1698.44 s)
>> 456 (15086: 46557 46592 46583) (1667.52 s)
>> 455 (31620: 3527 54403 20869) (1827.39 s)
>> 443 (58900: 47153 46176 46149) (1864.03 s)
>> 441 (34227: 54469 54315 37384) (1821.68 s)
>> 432 (43801: 22857 46771 46746) (1783.71 s)
>> 431 (15806: 48026 47310 46996) (1826.27 s)
>> 430 (61358: 41265 41674 41401) (1758.58 s)
>> 425 (25353: 51544 32904 22234) (1632.37 s)
>> 424 (40863: 40858 14783 40843) (1759.63 s)
>> 420 (54851: 54469 54852 54844) (1572.53 s)
>> 416 (58684: 47153 46644 46193) (1654.36 s)
>> 410 (39318: 40859 41855 4799) (1581.58 s)
>> 404 (41024: 41080 41016 39329) (1541.77 s)
>> 390 (40153: 40150 40527 39956) (1563.71 s)
>> 383 (35081: 54469 54930 23245) (1821.84 s)
>> 378 (9722: 43207 43251 42975) (1707.2 s)
>> 377 (49684: 49682 49786 49483) (1672.65 s)
>> 376 (8499: 44923 56482 9157) (1516.1 s)
>> 347 (50731: 50984 36506 30654) (1621.91 s)
>> 347 (51072: 50984 51080 51071) (1759.49 s)
>> 346 (4730: 40859 18281 16682) (1785.64 s)
>> 336 (16519: 48376 45988 15960) (1622.84 s)
>> 326 (6885: 41080 43207 41577) (1674.48 s)
>> 324 (41836: 41080 41843 41833) (1495 s)
>> 318 (3999: 52979 40209 3527) (1521.17 s)
>> 318 (45844: 45842 47153 45848) (1507.74 s)
>> 316 (18532: 48266 48282 48026) (1516.67 s)
>> 310 (43665: 48266 43698 43660) (1497.64 s)
>> 304 (41273: 50099 49938 12902) (1510.7 s)
>> 299 (15565: 55786 54932 45603) (1500.56 s)
>> 294 (39702: 39699 40150 39689) (1504.9 s)
>> 284 (6030: 41314 41320 41265) (1480.19 s)
>> 282 (36522: 50984 53237 50681) (1503.59 s)
>> 282 (56400: 40859 19137 69) (1489.7 s)
>> 277 (17791: 51544 51583 51395) (1487.47 s)
>> 268 (32773: 40859 56112 56098) (1481.85 s)
>> 258 (12654: 40696 40714 40685) (1499.65 s)
>> 248 (25834: 54469 54440 52979) (1489.04 s)
>> 247 (44739: 41080 48266 44736) (1503.81 s)
>> 244 (17890: 40859 56219 2342) (1478.62 s)
>> 244 (45293: 41080 45281 45260) (1499.38 s)
>> 244 (56224: 40859 56211 43761) (1493.14 s)
>> 243 (10942: 40859 56189 56176) (1498.79 s)
>> 241 (725: 54469 52946 52929) (1479.42 s)
>> 233 (9251: 49688 49076 41080) (1486.43 s)
>> 232 (7458: 49688 41908 41900) (1485.44 s)
>> 229 (8440: 11803 50429 44394) (1494.81 s)
>> 411 (23461: 8497 50438 11803) (1497.68 s)
>> 229 (42356: 49688 42349 42316) (1485.21 s)
>> 226 (48148: 49688 48469 48140) (1465.31 s)
>> 222 (313: 38506 38534 38520) (1474.18 s)
>> 222 (8927: 49688 42576 42553) (1453.25 s)
>> 218 (23943: 50099 52032 30975) (1467.85 s)
>> 211 (17746: 53211 53204 37982) (1456.31 s)
>> 200 (19314: 54469 54921 44986) (1462.39 s)
>> 198 (41730: 55376 55366 54469) (1438.37 s)
>> 193 (23988: 53693 53774 53771) (1455.08 s)
>> 190 (15521: 55376 53743 53739) (1450.47 s)
>> 189 (55362: 7159 55376 55373) (1457.05 s)
>> 179 (15967: 7159 54483 54477) (1661.17 s)
>> 179 (31072: 53482 53504 50984) (1737.94 s)
>> 176 (31933: 40859 38893 17438) (1715.15 s)
>> 175 (8100: 52529 43655 9583) (1732.62 s)
>> 172 (4043: 55355 55357 7159) (1684.88 s)
>> 172 (49283: 49688 49276 49235) (1727.97 s)
>> 169 (8824: 49688 47688 43903) (1708.15 s)
>> 144 (45348: 45842 45345 45325) (1727.11 s)
>> 143 (51617: 51615 51544 50099) (1685.84 s)
>> 142 (46591: 46557 46574 45842) (1725.56 s)
>> 133 (51976: 51615 51980 51949) (1698.92 s)
>> 116 (293: 51615 50280 15904) (1710.71 s)
>> 107 (11957: 49688 48074 47997) (1661.7 s)
>> 107 (47984: 48779 48768 5637) (1708.37 s)
>> 106 (7092: 42000 41666 41314) (1681.8 s)
>> 85 (44892: 22857 46791 46774) (1702.24 s)
>> 73 (41255: 45864 46344 45922) (1666.53 s)
>> 71 (10503: 49688 43912 42173) (1702.03 s)
>> 71 (27476: 51615 52053 52043) (1674.7 s)
>> 69 (23605: 53482 29659 28704) (1696.3 s)
>> 58 (13343: 46858 46557 46068) (1651.8 s)
>> 48 (49884: 49886 48812 48376) (1697.33 s)
>> 45 (41787: 49688 41788 41774) (1675.27 s)
>> 40 (23477: 22857 47769 19961) (1694.69 s)
>> 39 (7487: 49688 44639 44622) (1663.84 s)
>> 22 (16917: 40859 47861 6973) (1696.33 s)
>> 21 (52547: 8994 52544 42973) (1675.45 s)
>> 12 (6046: 39614 55355 45098) (1695.31 s)
>> 12 (10543: 49688 43922 43898) (1647.14 s)
>> 5 (11185: 9373 50361 50355) (1693.69 s)
>> 3 (35310: 49926 52529 50606) (1668.57 s)
>> 2 (35021: 39614 54904 54900) (1688.67 s)
>> 0 (-1: -1 -1 -1) (1652.49 s)
Zelikovsky- 3.70759e+06 s
>>> get_solution
  refine_solution: new weight 20529814 (was 20722622) in 0.046549 s
  refine_solution: new weight 20515710 (was 20529814) in 0.045927 s
  refine_solution: new weight 20515710 (was 20515710) in 0.046688 s
>>> get_solution
  refine_solution: new weight 21246380 (was 22985139) in 0.046401 s
  refine_solution: new weight 21014359 (was 21246380) in 0.04772 s
  refine_solution: new weight 20984246 (was 21014359) in 0.047729 s
  refine_solution: new weight 20978908 (was 20984246) in 0.047297 s
  refine_solution: new weight 20978908 (was 20978908) in 0.047784 s
0,,61452,104103,3036,,0,0,,22985139,20978908,21809460,20722622,20515710,,0,0,@@

  delete_edges: deleted 177 edges in 0.041807 s and 2 rounds
  handle_small_Steiner_degrees: steiner 2, suppress 252 in 0.000371 s
Starting round 1
contract_till_the_bitter_end interrupted
contract_till_the_bitter_end: 3.77078e+06 s

Calling end_heu
>>> get_solution
Saved weight 315082
end_heu: 0 loops with 0 unique solutions in 0.007595 s

Calling print_solution
>>> get_solution
  refine_solution: new weight 21248466 (was 22984457) in 0.099625 s
Oops orig weight was 22984457 but we got 21248466
## FINAL WEIGHT 21248466
print_solution: 0.181157 s
