Version: final-94-gfffc3aa rub_all.sh: remove longest prefix
Random seed: 1556202221
Start
>>> save_orig_graph
>> Saved weight 0
Graph loaded
|V| = 54352, |E| = 88211, |R| = 2182
First clearance of the input. Calling buy_zero and run_all_heuristics.
  buy_zero: 10 zero edges in 0.000353 s
  handle_small_terminal_degrees: terms 0 in 4.7e-05 s
  handle_small_Steiner_degrees: steiner 49, suppress 16 in 0.000102 s
  shortest_edge_between_terminals: 0 edges in 5.1e-05 s
  handle_small_terminal_degrees: terms 0 in 4.1e-05 s
  handle_small_Steiner_degrees: steiner 0, suppress 32 in 9.2e-05 s
  shortest_edge_between_terminals: 0 edges in 3.3e-05 s
  handle_small_terminal_degrees: terms 0 in 4.1e-05 s
  handle_small_Steiner_degrees: steiner 0, suppress 1 in 7.6e-05 s
  shortest_edge_between_terminals: 0 edges in 3.2e-05 s
  handle_small_terminal_degrees: terms 0 in 4.1e-05 s
  handle_small_Steiner_degrees: steiner 0, suppress 0 in 7.4e-05 s
  shortest_edge_between_terminals: 0 edges in 3.2e-05 s
Compressed graph 54352 -> 54243
  delete_edges: deleted 5194 edges in 0.024953 s and 4 rounds
  handle_small_terminal_degrees: terms 39 in 6.9e-05 s
  handle_small_Steiner_degrees: steiner 92, suppress 3370 in 0.001297 s
  shortest_edge_between_terminals: 0 edges in 5.4e-05 s
  handle_small_terminal_degrees: terms 1 in 4.2e-05 s
  handle_small_Steiner_degrees: steiner 0, suppress 89 in 0.000108 s
  shortest_edge_between_terminals: 0 edges in 3.7e-05 s
  handle_small_terminal_degrees: terms 1 in 4.1e-05 s
  handle_small_Steiner_degrees: steiner 1, suppress 8 in 8e-05 s
  shortest_edge_between_terminals: 0 edges in 3.6e-05 s
  handle_small_terminal_degrees: terms 1 in 4.1e-05 s
  handle_small_Steiner_degrees: steiner 0, suppress 2 in 7.7e-05 s
  shortest_edge_between_terminals: 0 edges in 3.5e-05 s
  handle_small_terminal_degrees: terms 0 in 4.1e-05 s
  handle_small_Steiner_degrees: steiner 0, suppress 0 in 7.4e-05 s
  shortest_edge_between_terminals: 0 edges in 3.4e-05 s
Compressed graph 54243 -> 50639
  delete_edges_shortest_path: deleted 7966 edges in 9.61825 s
  handle_small_terminal_degrees: terms 1385 in 0.000772 s
  handle_small_Steiner_degrees: steiner 1259, suppress 7452 in 0.002653 s
  shortest_edge_between_terminals: 5 edges in 8.4e-05 s
  handle_small_terminal_degrees: terms 400 in 0.000237 s
  handle_small_Steiner_degrees: steiner 2, suppress 194 in 0.000168 s
  shortest_edge_between_terminals: 14 edges in 5.4e-05 s
  handle_small_terminal_degrees: terms 22 in 5e-05 s
  handle_small_Steiner_degrees: steiner 0, suppress 17 in 7.6e-05 s
  shortest_edge_between_terminals: 0 edges in 4e-05 s
  handle_small_terminal_degrees: terms 1 in 3.8e-05 s
  handle_small_Steiner_degrees: steiner 0, suppress 6 in 7.1e-05 s
  shortest_edge_between_terminals: 0 edges in 3.9e-05 s
  handle_small_terminal_degrees: terms 0 in 3.8e-05 s
  handle_small_Steiner_degrees: steiner 0, suppress 2 in 6.9e-05 s
  shortest_edge_between_terminals: 0 edges in 3.9e-05 s
  handle_small_terminal_degrees: terms 0 in 3.8e-05 s
  handle_small_Steiner_degrees: steiner 1, suppress 2 in 6.8e-05 s
  shortest_edge_between_terminals: 0 edges in 3.9e-05 s
  handle_small_terminal_degrees: terms 0 in 3.8e-05 s
  handle_small_Steiner_degrees: steiner 0, suppress 0 in 6.6e-05 s
  shortest_edge_between_terminals: 0 edges in 3.9e-05 s
Compressed graph 50639 -> 39884
  handle_small_terminal_degrees: terms 0 in 3e-05 s
  handle_small_Steiner_degrees: steiner 0, suppress 28 in 7.1e-05 s
  shortest_edge_between_terminals: 55 edges in 0.000171 s
  handle_small_terminal_degrees: terms 0 in 3e-05 s
  handle_small_Steiner_degrees: steiner 0, suppress 9 in 5.7e-05 s
  shortest_edge_between_terminals: 0 edges in 4.5e-05 s
  handle_small_terminal_degrees: terms 0 in 2.9e-05 s
  handle_small_Steiner_degrees: steiner 0, suppress 0 in 5.1e-05 s
  shortest_edge_between_terminals: 0 edges in 5.9e-05 s
Compressed graph 39884 -> 39480
  delete_edges_shortest_path: deleted 1533 edges in 2.30074 s
  handle_small_terminal_degrees: terms 98 in 0.000102 s
  handle_small_Steiner_degrees: steiner 38, suppress 2445 in 0.000918 s
  shortest_edge_between_terminals: 8 edges in 9.1e-05 s
  handle_small_terminal_degrees: terms 8 in 3.5e-05 s
  handle_small_Steiner_degrees: steiner 1, suppress 44 in 6.6e-05 s
  shortest_edge_between_terminals: 0 edges in 4.3e-05 s
  handle_small_terminal_degrees: terms 0 in 3e-05 s
  handle_small_Steiner_degrees: steiner 0, suppress 4 in 5e-05 s
  shortest_edge_between_terminals: 0 edges in 4.1e-05 s
  handle_small_terminal_degrees: terms 0 in 3e-05 s
  handle_small_Steiner_degrees: steiner 0, suppress 0 in 4.8e-05 s
  shortest_edge_between_terminals: 0 edges in 4.1e-05 s
Compressed graph 39480 -> 36835
Compressed graph 36835 -> 36835
>>> save_orig_graph
>> Saved weight 393590221
### ZEL_LVL=9 PRECISE_STARS=0

Calling `contract_till_the_bitter_end`
|V| = 36835, |E| = 55440, |R| = 2132
>> 1296803 (6835: 8846 8871 8846) (31.0577 s)
>> 180354 (15828: 9270 9277 9270) (29.5458 s)
>> 39696 (18044: 8362 8453 8362) (28.7117 s)
>> 30094 (33704: 8854 9078 8854) (28.5952 s)
>> 28259 (14522: 9669 9727 9669) (28.5889 s)
>> 23217 (36399: 9796 9847 9796) (28.6162 s)
>> 22603 (5363: 9605 9640 9605) (28.5884 s)
>> 22592 (14302: 9827 9884 9827) (28.5905 s)
>> 21216 (18803: 8008 8205 8008) (28.572 s)
>> 20037 (33298: 8257 8388 8257) (28.6424 s)
>> 19412 (27639: 10131 10137 10131) (28.5999 s)
>> 19259 (36365: 9945 9966 9945) (28.6505 s)
>> 19184 (36492: 10061 10074 10061) (28.8708 s)
>> 20661 (4530: 10025 10030 10025) (28.7143 s)
>> 18982 (13940: 9930 9942 9930) (28.7102 s)
>> 18796 (11841: 9862 9876 9862) (28.7236 s)
>> 17031 (35225: 10008 10037 10008) (28.7998 s)
>> 16857 (3125: 7865 7945 7865) (28.6714 s)
>> 16138 (20074: 8782 8832 8782) (28.6327 s)
>> 15842 (29237: 9992 10046 9992) (28.6819 s)
>> 15785 (32332: 8481 8513 8481) (28.6854 s)
>> 15442 (11788: 9820 9874 9820) (28.7482 s)
>> 15422 (12373: 10067 10086 10067) (28.7309 s)
>> 14371 (11955: 9826 9851 9826) (28.6926 s)
>> 14056 (4425: 10102 10104 10102) (28.7481 s)
>> 13398 (13921: 9970 10038 9970) (28.7051 s)
>> 12236 (20353: 8909 9287 8909) (28.6707 s)
>> 11728 (35091: 10134 10139 10134) (28.6419 s)
>> 11396 (3835: 8082 8117 8082) (28.6796 s)
>> 11359 (14633: 9671 9685 9671) (28.7185 s)
>> 11212 (25394: 10042 10043 10042) (28.6722 s)
>> 10697 (4444: 10093 10097 10093) (28.6793 s)
>> 10593 (1342: 10053 10055 10053) (28.7803 s)
>> 10437 (21461: 10002 10006 10002) (28.8654 s)
>> 10416 (4486: 10049 10076 10049) (28.6866 s)
>> 10392 (25366: 8149 8264 8149) (28.6702 s)
>> 10302 (33413: 8214 8332 8214) (28.7425 s)
>> 10262 (11970: 9828 9837 9828) (28.7177 s)
>> 10111 (852: 8380 8385 8380) (28.7369 s)
>> 10019 (4503: 10060 10063 10060) (28.7661 s)
>> 13154 (13631: 10036 10090 10036) (28.7354 s)
>> 10005 (11610: 9790 9794 9790) (28.7704 s)
>> 10002 (9473: 9449 9472 9449) (28.7503 s)
>> 9985 (3603: 8194 8200 8194) (28.9721 s)
>> 9857 (35544: 9944 9961 9944) (28.9902 s)
>> 9842 (28778: 9693 9726 9693) (28.8872 s)
>> 9757 (16849: 8813 8823 8813) (28.7788 s)
>> 9532 (23308: 9373 9381 9373) (28.7505 s)
>> 9458 (12671: 9831 9852 9831) (28.7883 s)
>> 9433 (8947: 8945 8957 8945) (28.7713 s)
>> 9334 (6884: 8860 8900 8860) (28.8057 s)
>> 9308 (25106: 8680 8745 8680) (28.8651 s)
>> 9219 (26714: 9981 9985 9981) (28.9368 s)
>> 9149 (19337: 7973 7974 7973) (29.1317 s)
>> 8887 (27224: 9977 9987 9977) (28.9181 s)
>> 8721 (5146: 9691 9694 9691) (28.9639 s)
>> 8686 (3695: 8141 8146 8141) (28.8919 s)
>> 8571 (5282: 9611 9636 9611) (28.9412 s)
>> 8465 (10807: 8635 8692 8635) (29.0238 s)
>> 8201 (33364: 9805 9821 9805) (29.0376 s)
>> 8174 (28618: 9983 10044 9983) (29.1323 s)
>> 8084 (13521: 10118 10126 10118) (29.0425 s)
>> 15301 (13534: 10116 10129 10116) (29.0653 s)
>> 8049 (33514: 9493 9588 9493) (28.9919 s)
>> 7817 (28272: 10105 10113 10105) (29.2135 s)
>> 7805 (34132: 10020 10028 10020) (28.9295 s)
>> 7767 (24933: 9260 9419 9260) (28.8941 s)
>> 7744 (7147: 8730 8732 8730) (29.0292 s)
>> 7630 (25533: 7940 7943 7940) (28.9909 s)
>> 7629 (2541: 9776 9843 9776) (29.1785 s)
>> 7625 (3250: 8392 8396 8392) (29.1445 s)
>> 7441 (6902: 8849 8853 8849) (29.0751 s)
>> 7313 (24071: 9077 9122 9077) (29.0987 s)
>> 7307 (11759: 8423 8452 8423) (29.3005 s)
>> 7103 (11693: 10092 10106 10092) (30.731 s)
>> 7060 (12324: 7964 8094 7964) (29.1017 s)
>> 6896 (27158: 10035 10039 10035) (29.1243 s)
>> 6861 (30809: 8254 8269 8254) (29.2506 s)
>> 6812 (9954: 9936 9952 9936) (29.2525 s)
>> 6812 (11069: 8400 8405 8400) (29.2084 s)
>> 6532 (11146: 9894 9913 9894) (29.2633 s)
>> 6436 (10149: 9662 9678 9662) (29.2161 s)
>> 6379 (36460: 10108 10110 10108) (29.1821 s)
>> 6371 (18486: 8294 8300 8294) (29.1475 s)
>> 6364 (22650: 8800 8825 8800) (30.622 s)
>> 8851 (30444: 8677 8681 8677) (29.2155 s)
>> 6330 (30525: 9891 9897 9891) (29.2564 s)
>> 6156 (3302: 8337 8358 8337) (29.3196 s)
>> 6124 (10740: 9946 9948 9946) (29.3331 s)
>> 6119 (12472: 7836 7838 7836) (29.3252 s)
>> 6068 (19144: 8040 8071 8040) (29.4019 s)
>> 6022 (21999: 9247 9455 9247) (29.4209 s)
>> 6005 (31104: 9996 10018 9996) (29.3864 s)
>> 5992 (693: 8792 8797 8792) (29.3674 s)
>> 5946 (18298: 8347 8359 8347) (30.9787 s)
>> 5843 (25228: 8791 8794 8791) (29.5218 s)
>> 9528 (28361: 8747 8789 8747) (29.4124 s)
>> 6517 (2469: 8816 8840 8816) (29.4032 s)
>> 5830 (4946: 9775 9808 9775) (29.4609 s)
>> 5829 (2705: 7899 7903 7899) (29.3595 s)
>> 5819 (31464: 8510 8534 8510) (29.373 s)
>> 5694 (11325: 10069 10075 10069) (29.3492 s)
>> 5677 (274: 9400 9470 9400) (29.346 s)
>> 5662 (35992: 7854 7855 7854) (29.3361 s)
>> 5653 (138: 8360 8427 8360) (29.8412 s)
>> 5644 (6566: 9005 9038 9005) (33.1228 s)
>> 5556 (23060: 9919 9920 9919) (29.6718 s)
>> 10993 (24951: 9921 9923 9921) (29.6774 s)
>> 6531 (10993: 9875 9924 9875) (29.6866 s)
>> 5517 (955: 8818 8864 8818) (29.6286 s)
>> 5516 (12040: 8628 8636 8628) (29.6336 s)
>> 5507 (3536: 8218 8234 8218) (29.6126 s)
>> 5499 (21422: 10047 10050 10047) (29.6354 s)
>> 5424 (23622: 9197 9320 9197) (29.7001 s)
>> 5408 (9028: 8994 9023 8994) (29.5749 s)
>> 5353 (9734: 9712 9732 9712) (29.6043 s)
>> 5296 (13724: 10045 10059 10045) (29.5413 s)
>> 5274 (11205: 8197 8215 8197) (29.5353 s)
>> 5223 (16096: 9062 9139 9062) (29.6014 s)
>> 6547 (35273: 8890 8933 8890) (29.6428 s)
>> 5083 (32746: 8578 8731 8578) (29.5754 s)
>> 5067 (10949: 8662 8710 8662) (32.2611 s)
>> 5027 (9578: 9566 9576 9566) (32.1463 s)
>> 4963 (12976: 9203 9216 9203) (32.2299 s)
>> 6532 (31801: 9082 9117 9082) (32.0763 s)
>> 4958 (2707: 7917 7928 7917) (32.207 s)
>> 4950 (6983: 8812 8817 8812) (32.1269 s)
>> 4928 (14895: 2213 9565 2213) (32.1824 s)
>> 0 (-1: -1 -1 -1) (23.4502 s)
Zelikovsky 8310.31 s
>> 1296803 (6835: 8871 8878 8846) (1604.63 s)
>> 180354 (15828: 9270 9284 9277) (1605.27 s)
>> 39696 (18044: 8802 8453 8362) (1551.11 s)
>> 30094 (33704: 9654 9078 8854) (1600.12 s)
>> 28259 (14522: 9669 9820 9727) (1600.29 s)
>> 23217 (36399: 9796 9942 9847) (1596.82 s)
>> 22592 (14302: 14398 9884 9827) (1569.48 s)
>> 21216 (18803: 8263 8205 8008) (1607.85 s)
>> 20037 (33298: 8449 8388 8257) (1594.8 s)
>> 19412 (27639: 10131 35090 10137) (1623.79 s)
>> 19259 (36365: 9985 9966 9945) (1586.75 s)
>> 19184 (36492: 10074 10089 10061) (1558.26 s)
>> 18982 (13940: 9974 9930 9796) (1541.13 s)
>> 18796 (11841: 9862 14787 9876) (1574.1 s)
>> 17932 (24313: 9669 9610 9588) (1548.27 s)
>> 17572 (74: 8427 8802 8337) (1570.32 s)
>> 17031 (35225: 10008 10045 10037) (1662.7 s)
>> 16857 (3125: 7881 7945 7865) (1655.62 s)
>> 16138 (20074: 8782 8897 8832) (1601.93 s)
>> 15842 (29237: 10046 25112 9992) (1654.64 s)
>> 15785 (32332: 25352 8513 8481) (1636.5 s)
>> 15442 (11788: 9874 9907 9669) (1806.96 s)
>> 15422 (12373: 10088 10086 10067) (1801.68 s)
>> 14410 (13770: 10025 10030 9984) (1817.18 s)
>> 14371 (11955: 9904 9851 9826) (1817.19 s)
>> 14056 (4425: 10102 10114 10104) (1806.19 s)
>> 13295 (13081: 8823 16847 8871) (1752.16 s)
>> 12236 (20353: 9287 9373 8909) (1804.45 s)
>> 11396 (3835: 8117 8130 8082) (1831.31 s)
>> 11359 (14633: 9737 9685 9671) (1831.68 s)
>> 11212 (25394: 10042 10090 10043) (1790.06 s)
>> 10697 (4444: 10098 10097 10093) (1822.14 s)
>> 10593 (1342: 10053 10058 10055) (1820.62 s)
>> 10437 (21461: 10002 10044 10006) (1816.91 s)
>> 10416 (4486: 10083 10076 10049) (1728.07 s)
>> 10392 (25366: 8277 8264 8149) (2049.76 s)
>> 10353 (33520: 8427 8548 8445) (1862.95 s)
>> 10302 (33413: 8332 8470 8214) (1814.11 s)
>> 10262 (11970: 9828 9861 9837) (1751.48 s)
>> 10111 (852: 8385 8400 8380) (1749.49 s)
>> 10019 (4503: 10060 10078 10063) (1732.79 s)
>> 10005 (11610: 9790 9854 9794) (1725.59 s)
>> 10002 (9473: 9449 9493 9472) (2121.17 s)
>> 9985 (3603: 8208 8200 8194) (1485.81 s)
>> 9956 (30920: 9912 9974 9891) (1438.29 s)
>> 9857 (35544: 9961 10031 9944) (1473.61 s)
>> 9842 (28778: 9759 9726 9693) (1400.52 s)
>> 9458 (12671: 14286 9852 9831) (2182.28 s)
>> 9433 (8947: 8957 9002 8945) (2460 s)
>> 9334 (6884: 29242 8900 8860) (2585.6 s)
>> 9308 (25106: 8765 8745 8680) (2403.89 s)
>> 9149 (19337: 8019 7974 7973) (2429.33 s)
>> 9139 (27477: 10053 10071 10008) (1864.08 s)
>> 9000 (4450: 10042 10085 10060) (1640.3 s)
>> 8887 (27224: 10000 9987 9977) (1524.01 s)
>> 8686 (3695: 8146 8158 8141) (1778.04 s)
>> 8571 (5282: 9611 9653 9636) (1912.26 s)
>> 8465 (10807: 8692 8713 8635) (1817.9 s)
>> 8201 (33364: 9830 9821 9805) (1580.82 s)
>> 8084 (13521: 10126 10133 10118) (1865.77 s)
>> 7817 (28272: 10113 10115 10105) (1777.57 s)
>> 7805 (34132: 10028 10034 10020) (1989.72 s)
>> 7767 (24933: 9496 9419 9260) (1871.36 s)
>> 7744 (7147: 8730 8760 8732) (2024.78 s)
>> 7630 (25533: 7953 7943 7940) (1985.88 s)
>> 7629 (2541: 9843 9858 9776) (2082.85 s)
>> 7625 (3250: 8434 8396 8392) (2354.27 s)
>> 7564 (25526: 9662 9790 9680) (2806.42 s)
>> 7527 (27169: 10026 10032 10002) (2782.96 s)
>> 7441 (6902: 8855 8853 8849) (2113.28 s)
>> 7413 (2127: 9797 9904 9818) (1955.66 s)
>> 7313 (24071: 9215 9122 9077) (2174.95 s)
>> 7307 (11759: 8423 8469 8452) (1878.93 s)
>> 7263 (4548: 30722 10042 10022) (1927.6 s)
>> 7132 (26932: 9886 9874 9866) (1796.11 s)
>> 7060 (12324: 25224 8094 7964) (1854.37 s)
>> 6861 (30809: 8254 8279 8269) (1987.96 s)
>> 6812 (9954: 9958 9952 9936) (1768.63 s)
>> 6532 (11146: 9894 9928 9913) (1906.88 s)
>> 6378 (10351: 9935 10000 9920) (2102.13 s)
>> 6371 (18486: 8314 8300 8294) (1838.56 s)
>> 6364 (22650: 8861 8825 8800) (1671.85 s)
>> 6333 (18298: 8359 8410 8332) (1538.24 s)
>> 6124 (10740: 9946 9990 9948) (1693.37 s)
>> 6119 (12472: 7838 7846 7836) (1532.7 s)
>> 6068 (19144: 8040 8156 8071) (1270.11 s)
>> 6022 (21999: 9455 9507 9247) (1188.78 s)
>> 6005 (31104: 10018 10026 9996) (1366.68 s)
>> 5992 (693: 8797 8828 8792) (1385.69 s)
>> 5830 (4946: 9766 9808 9775) (1427.75 s)
>> 5829 (2705: 7899 7917 7903) (1331.33 s)
>> 5819 (31464: 8578 8534 8510) (1422.81 s)
>> 5809 (12136: 10092 10096 10087) (1379.6 s)
>> 5686 (11325: 10069 10083 10075) (2084.05 s)
>> 5677 (274: 9400 26447 9470) (2009.94 s)
>> 5662 (35992: 7859 7855 7854) (2170.06 s)
>> 5652 (4412: 10116 10126 10117) (1887.81 s)
>> 5644 (6566: 9051 9038 9005) (2097.45 s)
>> 5565 (31376: 10108 10103 10102) (1896.65 s)
>> 5517 (955: 8864 8823 8818) (2086.98 s)
>> 5516 (12040: 8661 8636 8628) (2071.91 s)
>> 5507 (3536: 8237 8234 8218) (1821.49 s)
>> 5499 (21422: 10050 10062 10047) (2010.26 s)
>> 5424 (23622: 9320 9346 9197) (2057.73 s)
>> 5408 (9028: 8994 9027 9023) (1882.19 s)
>> 5353 (9734: 9712 9738 9732) (2095.01 s)
>> 5223 (16096: 16075 9139 9062) (1866.43 s)
>> 5220 (35082: 8861 8681 8677) (1807.47 s)
>> 5168 (11205: 8237 8215 8197) (1990.85 s)
>> 5051 (19796: 7847 7859 7850) (1907.11 s)
>> 5027 (9578: 9586 9576 9566) (1912.36 s)
>> 4985 (28398: 8385 7770 8405) (1823.09 s)
>> 4963 (12976: 9246 9216 9203) (1673.22 s)
>> 4959 (20417: 10035 10029 9961) (1707.28 s)
>> 4958 (2707: 19581 7928 7899) (1870.97 s)
>> 4953 (11865: 8898 8840 8797) (1990.87 s)
>> 4950 (6983: 8817 8821 8812) (1644.23 s)
>> 4928 (14895: 2213 9580 9565) (1984.4 s)
>> 4834 (36134: 8238 8231 8207) (1705.14 s)
>> 4809 (31457: 10070 10088 10050) (1971.39 s)
>> 4803 (7632: 17815 8525 8427) (1718.4 s)
>> 4791 (29755: 8794 8789 8747) (1629.58 s)
>> 4790 (20663: 8074 8088 8045) (1704.05 s)
>> 4584 (13293: 8364 20556 8387) (1870.52 s)
>> 4582 (7289: 8664 8794 8682) (1671.97 s)
>> 4561 (9115: 9140 16236 9114) (1978.75 s)
>> 4509 (18241: 8394 17815 8360) (1716.1 s)
>> 4501 (30064: 8155 8182 8172) (1824.74 s)
>> 4487 (3203: 8422 8421 8420) (1850.28 s)
>> 4473 (6585: 9018 29242 9020) (1562.08 s)
>> 4471 (31573: 9431 9469 9400) (1759.16 s)
>> 4341 (2028: 9444 9509 9461) (1667.68 s)
>> 4318 (2788: 9955 9956 9947) (1901.71 s)
>> 4318 (3992: 8006 8022 8016) (2097.07 s)
>> 4312 (21803: 9540 9561 9523) (1526.37 s)
>> 4287 (1684: 19556 19581 19483) (1619.11 s)
>> 4271 (4460: 10079 10082 10081) (1739.46 s)
>> 4267 (17363: 8686 8691 8653) (1580.46 s)
>> 4257 (562: 9910 9906 9843) (1689.97 s)
>> 4252 (15604: 9298 9367 9341) (2017.16 s)
>> 4244 (29052: 9640 9618 9605) (1764.85 s)
>> 4195 (35692: 9488 9496 9426) (1869.18 s)
>> 4173 (3809: 8112 8105 8072) (1850.88 s)
>> 4169 (2226: 9095 9130 9091) (1683.3 s)
>> 4165 (4222: 7909 19531 7901) (1619.06 s)
>> 4155 (14964: 9522 9592 9549) (1870.52 s)
>> 4125 (7000: 8784 9654 8804) (1774.75 s)
>> 4104 (9237: 9283 9235 9217) (1998.39 s)
>> 4080 (5409: 9545 9558 2213) (1665.09 s)
>> 4076 (12188: 8139 8208 8168) (1936.83 s)
>> 4067 (26400: 9711 9912 9677) (1667.45 s)
>> 4057 (18585: 8258 8260 8254) (1684.57 s)
>> 4039 (13537: 10120 10122 10107) (1456.52 s)
>> 4032 (35922: 9883 9871 9864) (1526.72 s)
>> 4014 (29203: 8030 8273 8092) (1346.71 s)
>> 4007 (4663: 9940 9929 9894) (1531.2 s)
>> 3972 (7350: 8633 8654 8650) (1455.88 s)
>> 3971 (19869: 7828 7825 7820) (1523.34 s)
>> 3960 (7064: 8783 8774 8752) (1398.4 s)
>> 3927 (24028: 10101 10113 10091) (1523.91 s)
>> 3919 (10793: 9443 36833 9450) (1447.87 s)
>> 3870 (3742: 8123 8139 8131) (1517.29 s)
>> 3866 (11678: 7949 7980 7960) (1346.19 s)
>> 3857 (12492: 9982 9975 9973) (1515.49 s)
>> 3845 (25653: 8243 18555 8250) (1441.19 s)
>> 3811 (29511: 8570 8579 8498) (1506.66 s)
>> 3783 (2276: 9622 9637 9598) (1382.29 s)
>> 3755 (9106: 9123 9104 9087) (1493.6 s)
>> 3735 (5685: 9514 9467 9435) (1428.3 s)
>> 3698 (3799: 8101 8127 8107) (1496.26 s)
>> 3695 (12537: 9867 9869 9863) (1328.85 s)
>> 3694 (5016: 9750 9758 9711) (1490.79 s)
>> 3639 (14021: 9922 9941 9927) (1426.38 s)
>> 3620 (22308: 7975 8006 7985) (1485.48 s)
>> 3608 (2987: 7962 7997 7984) (1360.49 s)
>> 3584 (11003: 9441 9287 9144) (1483.34 s)
>> 3576 (512: 9485 15071 9529) (1412.59 s)
>> 3566 (23663: 17184 8750 8734) (1495.51 s)
>> 3563 (22612: 9892 9900 9882) (1434.62 s)
>> 3559 (23478: 7867 7873 7862) (1596.42 s)
>> 3548 (3352: 8307 8349 8334) (1531.33 s)
>> 3540 (19490: 7968 7948 7930) (1603.06 s)
>> 3538 (18335: 8364 8361 8356) (1467.9 s)
>> 3512 (4246: 7887 7882 7878) (1608.24 s)
>> 3507 (18907: 18917 8178 8169) (1538.93 s)
>> 3498 (5937: 9334 9376 9348) (1603.16 s)
>> 3486 (5932: 9326 9362 9352) (1422.64 s)
>> 3484 (19148: 8054 8112 8064) (1601.07 s)
>> 3470 (9675: 9687 9674 9666) (1523.25 s)
>> 3466 (25767: 9079 9048 8892) (1599.73 s)
>> 3450 (17860: 8496 8516 8503) (1451.07 s)
>> 3440 (5941: 9324 9442 9344) (1585.21 s)
>> 3429 (10362: 8652 8623 8616) (1503.26 s)
>> 3418 (28776: 8424 8460 8431) (1587.98 s)
>> 3408 (6124: 9246 9313 9280) (1415.31 s)
>> 3401 (34809: 8450 8419 8409) (1580.55 s)
>> 3400 (17721: 8570 8566 8543) (1504.01 s)
>> 3362 (16554: 8923 8937 8895) (1583.3 s)
>> 3361 (2668: 9935 9919 9875) (1444.58 s)
>> 3360 (26539: 8608 8638 8570) (1575.28 s)
>> 3356 (6316: 9228 9196 9186) (1499.25 s)
>> 3348 (12001: 8226 8241 8230) (1571.91 s)
>> 3340 (30291: 14398 12707 9778) (1400.47 s)
>> 3334 (6371: 9246 24846 9183) (1571.53 s)
>> 3282 (3411: 8299 8298 8297) (1484.45 s)
>> 3280 (5787: 9514 9456 9406) (1555.01 s)
>> 3263 (26219: 9270 9333 9272) (1422.24 s)
>> 3257 (6283: 9320 16075 9211) (1567.25 s)
>> 3242 (4053: 34626 7993 7978) (1483.86 s)
>> 3241 (11352: 9724 9746 9725) (1558.72 s)
>> 3223 (3779: 8097 8113 8040) (1379.39 s)
>> 3216 (34678: 9589 9604 9593) (1543.31 s)
>> 3144 (15079: 9524 9543 9513) (1466.35 s)
>> 3128 (4854: 9815 9828 9825) (1537.24 s)
>> 3085 (11485: 8869 8851 8394) (1402.45 s)
>> 3077 (18554: 8290 8280 8275) (1516.13 s)
>> 3062 (1988: 8637 8625 8591) (1453.54 s)
>> 3037 (3585: 8189 8258 8202) (1526.43 s)
>> 3008 (11414: 8311 21425 8304) (1357.35 s)
>> 2985 (25952: 8229 8238 8237) (1522.84 s)
>> 2971 (9069: 9099 9068 9047) (1446.17 s)
>> 2952 (4429: 10098 10108 10099) (1524.65 s)
>> 2918 (6289: 9267 9202 9142) (1388.35 s)
>> 2890 (18076: 8422 8446 8438) (1515.26 s)
>> 2882 (35911: 8341 8330 8314) (1439.92 s)
>> 2867 (19668: 7889 7887 7874) (1512.85 s)
>> 2839 (10737: 9765 9756 9744) (1341.4 s)
>> 2823 (15417: 9379 9319 9268) (1494.77 s)
>> 2796 (10273: 9355 9315 9298) (1434.77 s)
>> 2783 (17501: 17303 17641 8634) (1500.36 s)
>> 2770 (5848: 9355 9514 9385) (1377.11 s)
>> 2758 (14391: 9768 14398 9747) (1492.61 s)
>> 2744 (10204: 8444 8459 8455) (1423.71 s)
>> 2739 (1580: 9064 9101 9093) (1494.46 s)
>> 2729 (11259: 8644 21267 8648) (1315.63 s)
>> 2728 (36010: 9844 9853 9839) (1484.32 s)
>> 2724 (11411: 9267 9128 9063) (1406.16 s)
>> 2720 (27688: 9079 9092 9111) (1482.81 s)
>> 2687 (27386: 9624 9621 9545) (1355.1 s)
>> 2653 (26141: 8384 8395 8386) (1485.07 s)
>> 2645 (10413: 9611 9607 9562) (1412.77 s)
>> 2645 (17495: 8631 8649 8647) (1474.65 s)
>> 2642 (4026: 8009 7999 7988) (1308.22 s)
>> 2635 (20569: 8730 8692 8662) (1469.57 s)
>> 2625 (6599: 9022 9040 9015) (1402.03 s)
>> 2608 (10408: 9646 9658 9638) (1467.17 s)
>> 2582 (2458: 8633 8652 8587) (1338.58 s)
>> 2581 (12879: 9390 9379 9357) (1453.65 s)
>> 2577 (4879: 9813 9766 9812) (1380.97 s)
>> 2572 (7078: 8664 8775 8768) (1461.77 s)
>> 2560 (656: 8434 8341 8368) (1301.25 s)
>> 2554 (3275: 8393 8379 8363) (1385.59 s)
>> 2539 (31183: 9457 15046 9441) (1221.1 s)
>> 2519 (6804: 8908 8803 8885) (1279.15 s)
>> 2515 (22969: 7969 8263 7949) (1172.76 s)
>> 2510 (16683: 8886 9488 8855) (1271.74 s)
>> 2510 (24909: 7847 7845 7835) (1210.77 s)
>> 2507 (3466: 8272 8261 8228) (1254.84 s)
>> 2506 (31928: 9297 9360 9299) (1073.36 s)
>> 2495 (30619: 9329 9374 9269) (1152.81 s)
>> 2491 (33249: 8911 8994 8859) (1112.12 s)
>> 2484 (3932: 8039 8041 8027) (1154.66 s)
>> 2474 (32980: 9305 9355 9336) (1071.68 s)
>> 2460 (11389: 3564 8222 8217) (1147.09 s)
>> 2459 (6933: 8831 8864 8843) (1102.48 s)
>> 2452 (22130: 9159 9162 9116) (1143.13 s)
>> 2448 (30876: 9399 9395 9383) (1050.81 s)
>> 2443 (7774: 8448 8462 8461) (1132.98 s)
>> 2438 (20919: 9868 9870 9855) (1090.24 s)
>> 2429 (32222: 6464 9137 9072) (1135.96 s)
>> 2415 (2872: 9188 9320 9231) (1059.09 s)
>> 2407 (17684: 8549 8578 8542) (1127.47 s)
>> 2391 (11362: 8593 8643 8622) (1085.82 s)
>> 2377 (14369: 9803 9797 9765) (1125.65 s)
>> 2359 (14841: 9642 9628 9609) (1021.52 s)
>> 2355 (1555: 10124 10123 10121) (1119.36 s)
>> 2338 (16526: 8915 9003 8923) (1077.5 s)
>> 2336 (13941: 9962 9963 9960) (1116.06 s)
>> 2330 (7427: 8629 8626 8617) (1043.16 s)
>> 2326 (19659: 7889 7893 7890) (1112.97 s)
>> 2320 (15395: 9428 9584 9389) (1070 s)
>> 2320 (28123: 9292 9322 9215) (1104.62 s)
>> 2313 (10618: 8916 8957 8919) (1011.37 s)
>> 2309 (21596: 8236 8232 8224) (1102.72 s)
>> 2301 (2867: 9340 9375 9318) (1062.42 s)
>> 2298 (17880: 8486 8504 8488) (1096.62 s)
>> 2288 (5106: 9712 9705 9698) (1024.16 s)
>> 2285 (283: 8181 8180 8163) (1090.87 s)
>> 2279 (18396: 8355 8346 8318) (1053.22 s)
>> 2265 (3132: 8694 8668 8672) (1090.94 s)
>> 2253 (12109: 9892 14085 9909) (993.015 s)
>> 2248 (6535: 9039 9123 9061) (1084.01 s)
>> 2247 (7658: 8520 8514 8505) (1046.41 s)
>> 2246 (10418: 9143 9120 9089) (1081.37 s)
>> 2241 (17770: 8528 8531 8509) (1008.14 s)
>> 2231 (16005: 9188 9213 9204) (1071.32 s)
>> 2226 (23335: 9398 6073 9425) (1036.69 s)
>> 2222 (31159: 8375 8385 8336) (1073.29 s)
>> 2216 (931: 9267 9188 9161) (990.221 s)
>> 2216 (6242: 9239 9229 9212) (1066.47 s)
>> 2204 (35273: 9071 8933 8890) (1030.61 s)
>> 2203 (10630: 8403 8423 8398) (1067.25 s)
>> 2195 (1618: 8408 18334 8417) (995.706 s)
>> 2194 (28996: 7888 7883 7877) (1056.56 s)
>> 2187 (12200: 9421 9448 9440) (1018.17 s)
>> 2183 (4999: 9749 9767 9762) (1051.07 s)
>> 2172 (4043: 7992 7996 7969) (964.752 s)
>> 2163 (8755: 8756 8767 8753) (1051.02 s)
>> 2141 (17142: 8744 8748 8725) (1010.96 s)
>> 2137 (34710: 8646 8673 8629) (1045.6 s)
>> 2136 (27067: 9218 9267 9169) (978.057 s)
>> 2135 (17925: 8474 8485 8454) (1039.51 s)
>> 2135 (22987: 7953 7924 7914) (1003.86 s)
>> 2128 (14941: 9570 9560 9557) (1033.11 s)
>> 2124 (17540: 8618 8613 8610) (950.556 s)
>> 2122 (6032: 9356 9317 9307) (1032.46 s)
>> 2114 (36269: 9895 9958 9862) (995.024 s)
>> 2102 (33621: 8028 19262 8035) (1024.64 s)
>> 2097 (5970: 9303 9339 9290) (961.142 s)
>> 2263 (10506: 9331 9387 9303) (1023.26 s)
>> 2093 (7619: 8527 8532 8529) (985.215 s)
>> 2078 (16145: 9118 9187 9181) (1017.59 s)
>> 2066 (4195: 7906 7923 7912) (933.706 s)
>> 2065 (4685: 9935 9921 9917) (1014.64 s)
>> 2064 (1702: 8686 7243 8717) (978.735 s)
>> 2063 (28169: 7975 8061 8024) (1009.77 s)
>> 2063 (35361: 8766 8739 8703) (945.611 s)
>> 2058 (36585: 8014 8030 7962) (1005.56 s)
>> 2055 (26580: 9781 9786 9763) (970.253 s)
>> 2053 (13064: 8868 8910 8882) (1001.75 s)
>> 2047 (1398: 32188 9751 9712) (927.814 s)
>> 2045 (4002: 8020 8012 8004) (999.188 s)
>> 2039 (30505: 9673 9695 9686) (962.067 s)
>> 2031 (6202: 9230 9305 9249) (993.92 s)
>> 2027 (16934: 8808 7012 9018) (931.977 s)
>> 2008 (32278: 9627 9623 9601) (989.867 s)
>> 1979 (3786: 25224 8120 8109) (953.665 s)
>> 1977 (11655: 8014 8287 8283) (981.986 s)
>> 1961 (11522: 34397 8116 8115) (903.334 s)
>> 1950 (6658: 8969 8982 8911) (979.369 s)
>> 1948 (5260: 9642 9650 9644) (944.614 s)
>> 1937 (12219: 9817 9803 9750) (976.823 s)
>> 1937 (23300: 8114 25005 8129) (913.678 s)
>> 1919 (25698: 8236 23565 8193) (971.31 s)
>> 1914 (16637: 8916 8970 8912) (938.377 s)
>> 1912 (33857: 8562 8554 8527) (965.757 s)
>> 1911 (29838: 7929 7932 7918) (892.078 s)
>> 1910 (34485: 9603 9591 9590) (963.056 s)
>> 1906 (11273: 7946 7955 7950) (929.907 s)
>> 1895 (4265: 7879 7876 7872) (959.176 s)
>> 1889 (36330: 7819 7828 7818) (898.803 s)
>> 1887 (3958: 8074 8034 8031) (955.094 s)
>> 1887 (16612: 8908 9004 8969) (921.184 s)
>> 1886 (14538: 9730 9719 9706) (951.033 s)
>> 1965 (5098: 9707 9730 9709) (872.964 s)
>> 1884 (27988: 8576 8555 8547) (946.081 s)
>> 1876 (14961: 9564 9554 9546) (913.577 s)
>> 1859 (18600: 8259 8262 8290) (940.977 s)
>> 1855 (33419: 8918 9021 8989) (885.459 s)
>> 1842 (16167: 9109 9138 9097) (1017.93 s)
>> 1840 (2559: 9288 9296 9218) (1118.82 s)
>> 1832 (6812: 8876 8891 8883) (935.167 s)
>> 1824 (1313: 5320 9627 9612) (875.229 s)
>> 1820 (6074: 9276 9301 9291) (932.732 s)
>> 1818 (3479: 8248 8255 8243) (902.78 s)
>> 1818 (23533: 8992 9041 8948) (926.225 s)
>> 1808 (19284: 8020 8087 8017) (875.903 s)
>> 1801 (1368: 8303 8324 8305) (925.588 s)
>> 1799 (18368: 8357 18370 8869) (895.135 s)
>> 1796 (19214: 8048 3939 8063) (922.529 s)
>> 1785 (6506: 9071 9074 9058) (852.446 s)
>> 1783 (8212: 8229 8223 8210) (917.585 s)
>> 1783 (11223: 7867 7868 7861) (888.798 s)
>> 1780 (408: 9640 9817 9651) (914.137 s)
>> 1771 (28438: 8114 8081 8069) (861.663 s)
>> 2210 (3850: 8080 8114 8073) (911.029 s)
>> 1769 (12611: 10068 10069 10065) (879.884 s)
>> 1760 (35011: 9095 9086 9081) (905.401 s)
>> 1754 (25630: 8125 8159 8132) (834.836 s)
>> 1752 (10731: 10007 10015 9935) (901.653 s)
>> 1751 (12317: 9608 9611 9600) (872.97 s)
>> 1746 (16841: 8842 8867 8844) (897.005 s)
>> 1739 (537: 8582 17670 25352) (846.92 s)
>> 1737 (18288: 8367 8376 8384) (893.093 s)
>> 1721 (16946: 8796 11482 8811) (865.444 s)
>> 1711 (6276: 21029 9390 9214) (889.348 s)
>> 1707 (5953: 9327 9358 9342) (821.272 s)
>> 1696 (5831: 9340 9388 9361) (885.437 s)
>> 1694 (16688: 8887 16623 8893) (855.969 s)
>> 1690 (4005: 8009 8039 8007) (879.651 s)
>> 1686 (17339: 8678 8675 8670) (833.081 s)
>> 1685 (7122: 8749 8746 8729) (878.315 s)
>> 1678 (5429: 9524 9608 9553) (850.977 s)
>> 1674 (5546: 15164 9522 9516) (874.846 s)
>> 1651 (19311: 8015 8029 7983) (812.785 s)
>> 1626 (16357: 9065 9099 9035) (869.778 s)
>> 1625 (6307: 9191 21029 9198) (844.299 s)
>> 1617 (7356: 17303 8651 8641) (866.331 s)
>> 1608 (1559: 9665 32188 9667) (818.267 s)
>> 1607 (18421: 8327 8377 8311) (862.469 s)
>> 1907 (3278: 8327 8422 8371) (837.181 s)
>> 1602 (22764: 9991 10005 9997) (858.551 s)
>> 1600 (30762: 8744 8796 8766) (796.056 s)
>> 1597 (17555: 8606 8644 8607) (854.263 s)
>> 1597 (19187: 8080 8056 8068) (828.771 s)
>> 1594 (6398: 9148 9172 9160) (782.423 s)
>> 1875 (16062: 9147 9228 9148) (737.512 s)
>> 1588 (12696: 9784 9774 9771) (763.44 s)
>> 1587 (31909: 9343 9311 9288) (806.48 s)
>> 1584 (15009: 9624 9550 9525) (879.308 s)
>> 1576 (3897: 8038 8066 8058) (826.265 s)
>> 1568 (29783: 9253 9329 9245) (877.858 s)
>> 1567 (18395: 8338 18198 8315) (852.614 s)
>> 1561 (26426: 8707 8685 8699) (874.515 s)
>> 1557 (11360: 9201 9227 9179) (831.224 s)
>> 1555 (427: 13657 30722 10077) (871.312 s)
>> 1545 (4020: 8014 8009 8001) (847.173 s)
>> 1544 (18913: 8173 8203 8143) (869.574 s)
>> 1541 (16837: 8845 8865 8786) (815.362 s)
>> 1537 (20832: 9117 9246 9065) (867.254 s)
>> 1525 (1979: 9717 9735 9713) (843.425 s)
>> 1516 (17675: 8563 8604 8557) (867.791 s)
>> 1512 (4565: 10014 10019 10013) (824.912 s)
>> 1509 (23691: 19911 9012 8936) (863.815 s)
>> 1508 (3789: 25224 8108 8097) (841.535 s)
>> 1497 (18967: 8144 8162 8151) (861.755 s)
>> 1490 (12953: 6184 9289 9238) (802.368 s)
>> 1483 (33650: 8450 8456 8430) (859.214 s)
>> 1477 (4207: 7907 7915 7910) (836.855 s)
>> 1476 (6764: 8888 8903 8902) (857.122 s)
>> 1469 (33359: 9088 6464 9143) (816.847 s)
>> 1468 (7714: 8486 8495 8472) (853.868 s)
>> 1458 (33082: 8213 8209 8195) (831.643 s)
>> 1457 (14598: 9687 9704 9690) (851.954 s)
>> 1456 (15059: 9518 9570 9230) (801.72 s)
>> 1447 (1287: 8660 8765 8357) (850.39 s)
>> 1444 (35487: 9430 9324 9459) (828.031 s)
>> 1442 (1894: 9273 9321 9314) (769.241 s)
>> 1438 (24108: 9411 9427 9380) (685.736 s)
>> 1433 (19532: 7933 7946 7938) (711.767 s)
>> 1410 (21890: 9710 9830 9640) (698.821 s)
>> 1410 (22399: 8451 8465 8448) (711.375 s)
>> 1405 (6200: 9274 9250 9147) (680.049 s)
>> 1405 (15226: 9466 9511 9476) (708.098 s)
>> 1391 (12231: 9620 9710 9616) (695.203 s)
>> 1384 (26796: 8842 8827 8815) (706.117 s)
>> 1379 (4523: 10048 10074 10025) (681.826 s)
>> 1373 (3567: 8219 8272 8204) (702.992 s)
>> 1373 (16764: 8845 9079 8858) (689.154 s)
>> 1373 (19506: 7944 7992 7951) (698.93 s)
>> 1368 (15458: 9391 9384 9297) (670.057 s)
>> 1367 (15091: 9502 32158 9575) (695.924 s)
>> 1358 (20944: 8111 34397 8140) (682.781 s)
>> 1357 (24987: 9335 9372 9370) (693.337 s)
>> 1353 (17276: 8693 8726 8695) (670.959 s)
>> 1715 (357: 8735 8693 8686) (689.11 s)
>> 1348 (13140: 8741 8735 8727) (677.493 s)
>> 1343 (15085: 9524 15255 9495) (687.276 s)
>> 1343 (18865: 8188 8185 8183) (661.185 s)
>> 1334 (13190: 8657 8645 8593) (683.609 s)
>> 1322 (6680: 16502 8950 8926) (671.535 s)
>> 1322 (14724: 9645 9641 9639) (681.041 s)
>> 1320 (7461: 17303 8611 8596) (659.378 s)
>> 1314 (19684: 7886 7881 7888) (677.753 s)
>> 1307 (36285: 9405 15407 9326) (665.4 s)
>> 1305 (12588: 9759 9810 9782) (674.32 s)
>> 1292 (23505: 9985 10046 9986) (645.465 s)
>> 1279 (7921: 7920 19556 7953) (670.739 s)
>> 1270 (7417: 8632 8639 8606) (651.923 s)
>> 1265 (3245: 8399 17492 8660) (661.479 s)
>> 1265 (6121: 9270 9282 9207) (640.45 s)
>> 1260 (16672: 8876 8901 8887) (658.593 s)
>> 1602 (6723: 8930 8917 8876) (646.55 s)
>> 1254 (952: 16867 26914 8793) (655.364 s)
>> 1247 (19982: 8028 8125 8077) (628.108 s)
>> 1243 (31687: 9931 9985 9886) (653.398 s)
>> 1242 (4957: 9791 9783 9773) (640.566 s)
>> 1241 (15836: 9331 9281 9264) (649.989 s)
>> 1240 (17988: 8480 8501 8444) (629.383 s)
>> 1240 (18937: 8155 8157 8145) (646.579 s)
>> 1239 (18901: 18917 8186 8146) (635.021 s)
>> 1236 (19033: 8133 8173 8101) (643.855 s)
>> 1235 (360: 9892 9877 9872) (617.266 s)
>> 1227 (28632: 9046 9034 8908) (641.118 s)
>> 1225 (6870: 8930 8862 8856) (629.434 s)
>> 1220 (5173: 9670 9683 9672) (637.981 s)
>> 1220 (23751: 8144 8174 8161) (618.343 s)
>> 1216 (23573: 7972 7986 7959) (635.436 s)
>> 1212 (32017: 9646 9679 9649) (624.009 s)
>> 1211 (12078: 9274 9270 9193) (631.487 s)
>> 1210 (5109: 9700 9707 9703) (611.436 s)
>> 1209 (11862: 7994 31088 8000) (629.123 s)
>> 1206 (17137: 17184 8736 8721) (619.266 s)
>> 1185 (13886: 9983 10018 9982) (627.029 s)
>> 1182 (12009: 9239 6352 9259) (607.747 s)
>> 1178 (15179: 8886 9502 9484) (620.922 s)
>> 1177 (16494: 9007 8991 8930) (610.158 s)
>> 1373 (6641: 9007 9008 8996) (618.029 s)
>> 1174 (32830: 9506 9505 9487) (593.415 s)
>> 1171 (17326: 17308 8730 8689) (614.418 s)
>> 1170 (5780: 9443 9416 9331) (604.089 s)
>> 1163 (15387: 9402 9411 9393) (611.602 s)
>> 1152 (11490: 8032 8036 8014) (594.355 s)
>> 1151 (15502: 9412 9359 9340) (606.949 s)
>> 1145 (13788: 10023 10035 10027) (596.181 s)
>> 1145 (16926: 8809 8841 8799) (603.627 s)
>> 1127 (15723: 9293 27029 9302) (580.698 s)
>> 1119 (3218: 8416 8418 8415) (600.778 s)
>> 1118 (14974: 9539 9624 9457) (589.978 s)
>> 1114 (17389: 8667 8665 8688) (597.39 s)
>> 1108 (7211: 8741 8712 8687) (580.103 s)
>> 1092 (19160: 8067 8075 8059) (594.598 s)
>> 1089 (11269: 8609 8581 8563) (585.57 s)
>> 1089 (19333: 8011 8010 8003) (591.839 s)
>> 1087 (2482: 8166 8171 8144) (571.292 s)
>> 1086 (21559: 8778 8784 8780) (590.161 s)
>> 1085 (3829: 8093 8138 8052) (580.918 s)
>> 1084 (24322: 8776 8778 8771) (587.498 s)
>> 1084 (28315: 8592 17308 8576) (571.834 s)
>> 1080 (24982: 3876 8076 8054) (585.433 s)
>> 1079 (28990: 8299 8434 8308) (576.444 s)
>> 1078 (17729: 8538 7545 8551) (582.512 s)
>> 1077 (24532: 10023 9976 9931) (563.926 s)
>> 1075 (8965: 8931 8990 8962) (580.397 s)
>> 1059 (7722: 8497 8487 8480) (571.45 s)
>> 1057 (11689: 9100 16284 9107) (578.372 s)
>> 1053 (18411: 8328 8344 8299) (563.372 s)
>> 1045 (24557: 9510 15136 9535) (576.104 s)
>> 1043 (34357: 8763 8772 8741) (566.567 s)
>> 1040 (14139: 9887 9890 9883) (572.197 s)
>> 1026 (33987: 7900 7907 7897) (551.775 s)
>> 1013 (16449: 9000 6591 9039) (570.033 s)
>> 1012 (15670: 9308 9251 9226) (561.517 s)
>> 1009 (6825: 8879 8888 8866) (567.304 s)
>> 1007 (10811: 9741 9737 9729) (552.736 s)
>> 1001 (3174: 8328 8433 8327) (565.312 s)
>> 995 (4019: 8002 8011 7982) (556.803 s)
>> 984 (13833: 10007 10017 10001) (562.327 s)
>> 984 (15736: 9398 9279 9243) (546.569 s)
>> 983 (24868: 9663 9688 9673) (562.934 s)
>> 971 (18195: 8413 8437 8328) (555.005 s)
>> 962 (5211: 9646 9687 9661) (560.8 s)
>> 955 (16024: 9239 9164 9152) (547.061 s)
>> 953 (16491: 8995 9022 8922) (558.03 s)
>> 950 (15148: 9520 9482 9443) (549.547 s)
>> 935 (3379: 8323 8413 8338) (555.342 s)
>> 920 (19163: 8070 8091 8048) (536.685 s)
>> 918 (5483: 9534 9564 9506) (552.871 s)
>> 917 (16426: 8916 9001 9000) (546.035 s)
>> 914 (17959: 8497 8489 8478) (550.971 s)
>> 903 (5904: 9365 9363 9273) (537.022 s)
>> 899 (14925: 9571 9585 9521) (548.792 s)
>> 898 (7547: 8558 8564 8538) (540.915 s)
>> 894 (4294: 7860 7869 7866) (547.652 s)
>> 885 (16576: 8992 6750 8880) (550.679 s)
>> 884 (5818: 9413 9412 9392) (548.769 s)
>> 884 (20397: 9032 16282 8916) (540.054 s)
>> 881 (34581: 8355 8323 8306) (544.746 s)
>> 878 (7778: 8442 8467 8458) (531.555 s)
>> 873 (7562: 8560 8571 8552) (542.328 s)
>> 871 (5343: 9615 9629 9614) (535.516 s)
>> 868 (4612: 9969 9962 9620) (539.817 s)
>> 867 (17984: 8475 8490 8442) (520.883 s)
>> 854 (32844: 10129 10132 10116) (534.787 s)
>> 844 (34305: 9431 9414 9364) (527.361 s)
>> 835 (1925: 7879 7889 7860) (531.77 s)
>> 833 (18391: 8342 8354 8353) (519.978 s)
>> 827 (18471: 8313 18418 8259) (529.152 s)
>> 823 (15540: 9347 9343 9312) (522.952 s)
>> 822 (589: 8150 8187 8118) (527.243 s)
>> 822 (13688: 10059 10054 10053) (511.843 s)
>> 807 (26840: 8032 8292 8278) (525.116 s)
>> 803 (4156: 7939 7886 7956) (537.383 s)
>> 801 (13834: 10012 10009 10024) (695.574 s)
>> 799 (18215: 8404 8408 8364) (764.767 s)
>> 795 (8590: 31003 8632 8588) (826.038 s)
>> 794 (16113: 9146 9174 9109) (821.98 s)
>> 794 (31058: 9382 15551 9396) (850.085 s)
>> 793 (17237: 8709 17184 8711) (700.873 s)
>> 792 (24430: 9867 9857 9856) (592.543 s)
>> 786 (3685: 8165 18943 8123) (840.871 s)
>> 778 (15421: 9422 9394 9365) (800.736 s)
>> 775 (18643: 8247 8449 8229) (752.791 s)
>> 769 (11737: 9764 9748 9745) (671.297 s)
>> 767 (7565: 8559 8569 8537) (843.652 s)
>> 748 (36144: 9602 9615 9599) (941.981 s)
>> 737 (19258: 8023 8028 8018) (786.519 s)
>> 727 (4867: 9819 9816 9813) (827.827 s)
>> 721 (14759: 9645 9635 9631) (903.195 s)
>> 709 (21441: 9292 9241 9232) (996.334 s)
>> 707 (24031: 9418 9449 9200) (616.79 s)
>> 702 (19824: 7844 7847 7842) (735.631 s)
>> 699 (18549: 8248 8286 8281) (849.719 s)
>> 697 (18030: 8424 8484 8473) (878.909 s)
>> 690 (36072: 8166 8135 8023) (906.562 s)
>> 689 (17040: 17045 8756 8787) (954.412 s)
>> 687 (3167: 8416 8435 8428) (769.965 s)
>> 687 (5605: 9494 9497 9489) (726.697 s)
>> 684 (14067: 9910 9916 9911) (680.958 s)
>> 677 (16144: 9113 9194 9129) (765.835 s)
>> 677 (35938: 8190 8216 8196) (748.592 s)
>> 676 (16201: 9102 9103 9071) (771.253 s)
>> 669 (3494: 8240 8246 8226) (792.462 s)
>> 649 (15893: 9252 9559 9066) (635.299 s)
>> 647 (19235: 8032 8080 8037) (480.533 s)
>> 646 (7038: 8783 8785 8716) (811.612 s)
>> 645 (2604: 10127 10128 10101) (791.344 s)
>> 638 (6020: 9356 9332 9323) (849.522 s)
>> 635 (8837: 8831 8822 8836) (799.693 s)
>> 635 (20403: 9100 16317 9059) (824.852 s)
>> 630 (17390: 8666 8667 8683) (894.819 s)
>> 629 (15629: 9356 9382 9325) (598.503 s)
>> 625 (7509: 8586 8583 8521) (631.738 s)
>> 622 (4839: 9832 9844 9829) (677.725 s)
>> 621 (4309: 7858 7844 7879) (763.416 s)
>> 608 (20980: 9819 9753 9717) (823.036 s)
>> 602 (31477: 9678 9689 9662) (809.011 s)
>> 600 (3499: 8245 8242 8240) (743.981 s)
>> 583 (19218: 27889 8062 8046) (788.926 s)
>> 573 (4907: 9781 9807 9801) (678.785 s)
>> 572 (3337: 8404 8348 8339) (675.462 s)
>> 568 (16791: 8870 9007 8842) (645.549 s)
>> 568 (24281: 10131 10130 10127) (596.771 s)
>> 562 (7175: 8709 8744 8724) (580.663 s)
>> 557 (7443: 8399 17490 8624) (652.371 s)
>> 554 (18469: 8317 8355 8316) (752.384 s)
>> 552 (2095: 9544 9540 9455) (568.775 s)
>> 552 (4339: 7831 7838 7830) (475.021 s)
>> 552 (15795: 9276 9242 9184) (661.773 s)
>> 551 (16771: 8863 8870 8850) (648.345 s)
>> 547 (19172: 27889 8117 8057) (604.903 s)
>> 544 (15346: 9437 9444 9430) (542.711 s)
>> 541 (19227: 8044 8067 8047) (510.758 s)
>> 540 (23828: 9155 9176 8845) (528.386 s)
>> 537 (10141: 10139 10131 10129) (648.1 s)
>> 537 (16165: 9121 9146 9094) (709.65 s)
>> 535 (11199: 17303 8992 8669) (689.439 s)
>> 534 (26998: 9335 9520 9366) (866.123 s)
>> 532 (26716: 7977 25224 19416) (733.235 s)
>> 527 (3157: 8439 8443 8426) (731.183 s)
>> 518 (3998: 8021 8032 8013) (544.995 s)
>> 514 (14681: 9660 9665 9657) (516.839 s)
>> 512 (1728: 7905 7920 7900) (927.019 s)
>> 511 (19867: 7824 7823 7819) (709.708 s)
>> 503 (15844: 9261 9274 9225) (509.427 s)
>> 500 (18071: 8441 8451 8416) (615.438 s)
>> 493 (4941: 9789 9969 9777) (577.253 s)
>> 491 (17548: 8657 31003 8574) (561.471 s)
>> 487 (12805: 9541 15164 9528) (544.732 s)
>> 487 (22346: 7832 7833 7824) (560.285 s)
>> 484 (10650: 8150 3876 8083) (552.693 s)
>> 484 (16304: 9117 9076 9030) (650.572 s)
>> 483 (12081: 9261 9150 9032) (580.662 s)
>> 479 (14359: 9804 9792 9785) (632.233 s)
>> 492 (14392: 9769 9781 9804) (517.534 s)
>> 470 (18257: 8367 18222 8401) (482.548 s)
>> 450 (19826: 7858 7837 7834) (475.338 s)
>> 444 (6364: 9185 9223 9121) (476.379 s)
>> 441 (18896: 8179 27440 8175) (639.115 s)
>> 441 (21348: 17045 8769 8742) (894.158 s)
>> 439 (15152: 9541 9504 9500) (559.016 s)
>> 433 (13804: 13803 10023 10007) (486.973 s)
>> 432 (5442: 9534 9552 9551) (579.746 s)
>> 432 (7049: 8779 34964 8904) (584.587 s)
>> 432 (16478: 8981 8949 8920) (544.569 s)
>> 418 (5695: 9464 9518 9490) (571.13 s)
>> 417 (35974: 7977 7976 7968) (544.46 s)
>> 406 (14709: 9524 9660 9652) (570.317 s)
>> 405 (6093: 9335 9295 9283) (576.303 s)
>> 402 (3187: 8439 8425 8404) (468.102 s)
>> 402 (7766: 8463 8403 8375) (467.906 s)
>> 400 (15617: 9353 9345 9117) (468.052 s)
>> 395 (15744: 9310 9413 9300) (532.737 s)
>> 390 (3359: 8333 32600 8399) (680.21 s)
>> 385 (5394: 9563 9587 9431) (646.798 s)
>> 384 (3824: 8133 8095 8070) (707.237 s)
>> 375 (4120: 7958 7963 7933) (636.543 s)
>> 374 (32651: 8227 8245 8220) (573.911 s)
>> 373 (15769: 9309 9485 9275) (688.038 s)
>> 370 (32602: 8333 8322 8277) (724.117 s)
>> 357 (16644: 8868 16502 8333) (662.681 s)
>> 351 (3691: 8164 8227 7977) (622.503 s)
>> 351 (29185: 9190 9398 9159) (520.534 s)
>> 350 (10867: 8664 8791 8788) (481.715 s)
>> 349 (4088: 7979 7995 7987) (530.64 s)
>> 345 (30259: 9141 9201 9191) (508.155 s)
>> 340 (17785: 8540 8559 8558) (484.223 s)
>> 329 (12691: 9788 9793 9791) (599.357 s)
>> 326 (32388: 8956 17303 8993) (513.248 s)
>> 313 (18381: 8343 8352 8303) (474.736 s)
>> 310 (5476: 9538 9548 9524) (600.927 s)
>> 305 (35133: 10070 10098 10084) (628.953 s)
>> 284 (18567: 8274 8313 8282) (544.846 s)
>> 281 (5089: 9700 9819 9718) (724.988 s)
>> 278 (14171: 9892 9867 9865) (723.078 s)
>> 273 (22192: 21124 8868 8267) (523.38 s)
>> 269 (7745: 8486 8317 8464) (560.199 s)
>> 267 (14935: 29065 9567 9464) (586.413 s)
>> 259 (5651: 9466 9498 9486) (474.886 s)
>> 248 (13437: 7905 8164 7931) (528.531 s)
>> 248 (15131: 8886 9526 9471) (663.418 s)
>> 242 (6405: 9151 9347 9141) (464.035 s)
>> 240 (17006: 8781 29528 8777) (483.253 s)
>> 225 (7747: 8471 8861 8439) (587.57 s)
>> 209 (14562: 9702 9700 9697) (572.888 s)
>> 204 (15471: 9377 9402 9356) (458.186 s)
>> 197 (5625: 9491 9541 9501) (538.039 s)
>> 194 (7568: 8556 8582 8540) (493.208 s)
>> 189 (16500: 8931 9261 8975) (466.764 s)
>> 187 (6941: 8835 6963 8809) (612.44 s)
>> 186 (14115: 9887 9940 9893) (591.604 s)
>> 183 (7814: 8497 8450 8447) (651.604 s)
>> 177 (17306: 8679 8763 8678) (447.394 s)
>> 176 (4914: 9784 9802 9787) (522.794 s)
>> 166 (14476: 9789 9742 9741) (489.854 s)
>> 163 (5679: 9468 9491 9478) (557.995 s)
>> 146 (5712: 9453 9466 9436) (532.84 s)
>> 142 (24930: 9397 9334 9190) (544.652 s)
>> 140 (7644: 8519 8518 8562) (529.75 s)
>> 128 (17920: 8491 8502 8496) (457.097 s)
>> 119 (24453: 8709 8723 8714) (519.164 s)
>> 98 (5176: 9682 9696 9538) (532.282 s)
>> 91 (7703: 8492 8497 8494) (485.854 s)
>> 86 (4137: 7905 7979 7952) (506.58 s)
>> 62 (1228: 8463 21124 8321) (643.06 s)
>> 60 (5500: 5499 9531 8886) (535.022 s)
>> 56 (3714: 8148 8166 8111) (546.249 s)
>> 52 (5239: 9645 9668 9648) (666.281 s)
>> 29 (23035: 8709 8715 8694) (494.258 s)
>> 25 (19054: 8148 8119 8098) (486.897 s)
>> 19 (22048: 9178 9151 9095) (615.924 s)
>> 15 (18849: 8189 8192 8179) (547.487 s)
>> 6 (16276: 9075 9108 8956) (629.669 s)
>> 6 (17211: 8719 8722 8702) (575.034 s)
>> 4 (16013: 23249 9224 9178) (644.373 s)
>> 0 (-1: -1 -1 -1) (639.727 s)
Zelikovsky- 785449 s
>>> get_solution
  refine_solution: new weight 578669053 (was 578703499) in 0.025378 s
  refine_solution: new weight 578668470 (was 578669053) in 0.026208 s
  refine_solution: new weight 578668470 (was 578668470) in 0.025774 s
>>> get_solution
  refine_solution: new weight 580583569 (was 580845553) in 0.025423 s
  refine_solution: new weight 580566513 (was 580583569) in 0.026182 s
  refine_solution: new weight 580564425 (was 580566513) in 0.02601 s
  refine_solution: new weight 580564425 (was 580564425) in 0.025592 s
0,,36835,55440,2132,,0,0,,580845553,580564425,579218770,578703499,578668470,,0,0,@@

  delete_edges: deleted 128 edges in 0.017133 s and 2 rounds
  handle_small_Steiner_degrees: steiner 1, suppress 229 in 0.000229 s
Starting round 1
contract_till_the_bitter_end interrupted
contract_till_the_bitter_end: 793759 s

Calling end_heu
>>> get_solution
Saved weight 393590221
end_heu: 0 loops with 0 unique solutions in 0.005197 s

Calling print_solution
>>> get_solution
  refine_solution: new weight 580587387 (was 580846683) in 0.042776 s
Oops orig weight was 580846683 but we got 580587387
## FINAL WEIGHT 580587387
print_solution: 0.082231 s
