Version: final-94-gfffc3aa rub_all.sh: remove longest prefix
Random seed: 1558621580
Start
>>> save_orig_graph
>> Saved weight 0
Graph loaded
|V| = 2201, |E| = 7997, |R| = 200
First clearance of the input. Calling buy_zero and run_all_heuristics.
  buy_zero: 0 zero edges in 1.5e-05 s
  handle_small_terminal_degrees: terms 0 in 5e-06 s
  handle_small_Steiner_degrees: steiner 91, suppress 290 in 0.000222 s
  shortest_edge_between_terminals: 0 edges in 2.9e-05 s
  handle_small_terminal_degrees: terms 0 in 4e-06 s
  handle_small_Steiner_degrees: steiner 0, suppress 0 in 4e-06 s
  shortest_edge_between_terminals: 0 edges in 2.9e-05 s
Compressed graph 2201 -> 1819
  delete_edges: deleted 81 edges in 0.008134 s and 4 rounds
  handle_small_terminal_degrees: terms 0 in 3e-06 s
  handle_small_Steiner_degrees: steiner 0, suppress 0 in 4e-06 s
  shortest_edge_between_terminals: 0 edges in 3e-05 s
Compressed graph 1819 -> 1819
  delete_edges_shortest_path: deleted 0 edges in 0.069888 s
  handle_small_terminal_degrees: terms 0 in 3e-06 s
  handle_small_Steiner_degrees: steiner 0, suppress 0 in 3e-06 s
  shortest_edge_between_terminals: 0 edges in 2.9e-05 s
Compressed graph 1819 -> 1819
  handle_small_terminal_degrees: terms 0 in 3e-06 s
  handle_small_Steiner_degrees: steiner 0, suppress 0 in 3e-06 s
  shortest_edge_between_terminals: 0 edges in 3.4e-05 s
Compressed graph 1819 -> 1819
  delete_edges_shortest_path: deleted 0 edges in 0.057773 s
  handle_small_terminal_degrees: terms 0 in 3e-06 s
  handle_small_Steiner_degrees: steiner 0, suppress 0 in 3e-06 s
  shortest_edge_between_terminals: 0 edges in 2.8e-05 s
Compressed graph 1819 -> 1819
Compressed graph 1819 -> 1819
>>> save_orig_graph
>> Saved weight 0
### ZEL_LVL=9 PRECISE_STARS=1

Calling `contract_till_the_bitter_end`
|V| = 1819, |E| = 7532, |R| = 200
>> 101 (1027: 1637 1647 1637) (0.056212 s)
>> 101 (825: 1626 1673 1626) (0.052735 s)
>> 101 (1257: 1644 1659 1644) (0.053477 s)
>> 101 (1403: 1630 1642 1630) (0.057405 s)
>> 101 (249: 1628 1662 1628) (0.052437 s)
>> 101 (1371: 1663 1682 1663) (0.05416 s)
>> 101 (1238: 1619 1706 1619) (0.059435 s)
>> 0 (-1: -1 -1 -1) (0.033063 s)
Zelikovsky 2.36893 s
>> 101 (54: 1677 1787 1748) (1.32854 s)
>> 101 (142: 1734 1724 1671) (1.29852 s)
>> 101 (173: 1781 1744 1700) (0.945239 s)
>> 101 (174: 1771 1782 1773) (0.838386 s)
>> 101 (198: 1620 1788 1650) (0.82659 s)
>> 101 (224: 1624 1778 1620) (1.07077 s)
>> 101 (249: 1662 1711 1628) (1.22337 s)
>> 101 (265: 1707 1817 1682) (1.18966 s)
>> 101 (302: 1758 1785 1779) (1.19092 s)
>> 101 (582: 1646 1815 1670) (1.17501 s)
>> 101 (690: 1761 1812 1660) (1.16758 s)
>> 101 (710: 1627 1802 1734) (1.13434 s)
>> 101 (728: 1685 1799 1723) (1.14299 s)
>> 101 (765: 1662 1814 1713) (1.12193 s)
>> 101 (769: 1643 1753 1677) (1.12724 s)
>> 101 (987: 1786 1668 1630) (1.0955 s)
>> 101 (1027: 1637 1658 1647) (1.16717 s)
>> 101 (1140: 1634 1745 1731) (1.13679 s)
>> 101 (1145: 1653 1790 1740) (1.01078 s)
>> 101 (1146: 1743 1801 1643) (0.731916 s)
>> 101 (1371: 1663 1818 1716) (0.729728 s)
>> 101 (1377: 1621 1807 1691) (0.72322 s)
>> 101 (1548: 1619 1765 1750) (0.716438 s)
>> 100 (32: 1727 1742 1635) (0.711599 s)
>> 100 (107: 1754 1710 1681) (0.70851 s)
>> 100 (109: 1621 1767 1714) (0.880365 s)
>> 100 (300: 1646 1774 1746) (1.03672 s)
>> 100 (419: 1706 1805 1673) (1.05501 s)
>> 100 (490: 1669 1784 1683) (1.0304 s)
>> 100 (746: 1754 1789 1757) (1.02996 s)
>> 100 (777: 1722 1756 1629) (1.01556 s)
>> 100 (1012: 1651 1803 1781) (0.980704 s)
>> 100 (1118: 1656 1776 1686) (0.994535 s)
>> 100 (1212: 1674 1717 1692) (0.713237 s)
>> 99 (71: 1693 1797 1619) (0.871744 s)
>> 99 (112: 1638 1645 1627) (0.98495 s)
>> 99 (155: 1654 1688 1638) (0.959549 s)
>> 99 (171: 1729 1712 1676) (0.922288 s)
>> 99 (222: 1664 1764 1679) (0.938762 s)
>> 99 (675: 1762 1702 1642) (0.954137 s)
>> 99 (711: 1690 1709 1659) (0.916332 s)
>> 99 (1006: 1665 1771 1685) (0.940597 s)
>> 99 (1064: 1741 1791 1735) (0.898679 s)
>> 99 (1106: 1736 1739 1738) (0.897313 s)
>> 99 (1181: 1763 1795 1769) (0.763521 s)
>> 98 (14: 1760 1804 1701) (0.592244 s)
>> 98 (70: 1728 1796 1654) (0.588982 s)
>> 98 (1129: 1759 1810 1770) (0.583762 s)
>> 98 (1292: 1741 1655 1639) (0.578368 s)
>> 97 (170: 1758 1798 1678) (0.574005 s)
>> 97 (298: 1761 1747 1704) (0.568379 s)
>> 97 (326: 1633 1806 1728) (0.56289 s)
>> 97 (1317: 1725 1758 1749) (0.558279 s)
>> 96 (591: 1783 1698 1667) (0.55525 s)
>> 94 (542: 1772 1720 1706) (0.552493 s)
>> 92 (269: 1707 1703 1631) (0.548197 s)
>> 86 (1143: 1621 1816 1675) (0.544355 s)
>> 84 (1536: 1674 1705 1632) (0.539325 s)
>> 0 (-1: -1 -1 -1) (0.796343 s)
Zelikovsky- 52.4677 s
>>> get_solution
  refine_solution: new weight 26458 (was 26458) in 0.004172 s
>>> get_solution
  refine_solution: new weight 32922 (was 38058) in 0.0042 s
  refine_solution: new weight 32826 (was 32922) in 0.004176 s
  refine_solution: new weight 32826 (was 32826) in 0.004147 s
0,,1819,7532,200,,0,0,,38058,32826,36813,26458,26458,,0,0,@@

  delete_edges: deleted 0 edges in 0.001981 s and 1 rounds
  handle_small_Steiner_degrees: steiner 0, suppress 0 in 4e-06 s
Starting round 1
Found 0 isolated vertices
Invalid ratios recomputed: 1819
Best ratio is 1380/12 (115.0), centered at 1316
Finding the best star... Star with 13 terminals centered in 1809
round took: 0.122181 s
|V| = 1819, |E| = 7473, |R| = 188
>> 101 (1027: 1637 1647 1637) (0.047565 s)
>> 101 (1257: 1644 1659 1644) (0.046292 s)
>> 101 (1403: 1630 1642 1630) (0.046013 s)
>> 101 (249: 1628 1662 1628) (0.046833 s)
>> 101 (1371: 1663 1682 1663) (0.046233 s)
>> 101 (1238: 1619 1706 1619) (0.046174 s)
>> 0 (-1: -1 -1 -1) (0.027017 s)
Zelikovsky 2.21915 s
>> 101 (54: 1677 1787 1748) (1.22088 s)
>> 101 (142: 1734 1724 1671) (1.16867 s)
>> 101 (173: 1781 1744 1700) (1.18986 s)
>> 101 (198: 1620 1788 1650) (1.16419 s)
>> 101 (224: 1624 1778 1620) (1.17939 s)
>> 101 (249: 1662 1711 1628) (1.15845 s)
>> 101 (265: 1707 1817 1682) (1.11742 s)
>> 101 (302: 1758 1785 1779) (1.11257 s)
>> 101 (530: 1729 1782 1635) (1.08255 s)
>> 101 (582: 1646 1815 1670) (1.06961 s)
>> 101 (690: 1761 1812 1660) (0.74703 s)
>> 101 (694: 1659 1749 1637) (0.710563 s)
>> 101 (710: 1627 1802 1734) (0.700871 s)
>> 101 (728: 1685 1799 1723) (0.691014 s)
>> 101 (765: 1662 1814 1713) (0.681818 s)
>> 101 (769: 1643 1753 1677) (0.678931 s)
>> 101 (1027: 1658 1659 1647) (0.675737 s)
>> 101 (1140: 1634 1745 1731) (0.678311 s)
>> 101 (1145: 1653 1790 1740) (0.680087 s)
>> 101 (1146: 1743 1801 1643) (0.677298 s)
>> 101 (1377: 1621 1807 1691) (0.672931 s)
>> 101 (1548: 1619 1765 1750) (0.668948 s)
>> 100 (44: 1652 1766 1663) (0.754207 s)
>> 100 (107: 1754 1710 1681) (0.975962 s)
>> 100 (109: 1621 1767 1714) (0.979752 s)
>> 100 (174: 1771 1773 1729) (0.979465 s)
>> 100 (300: 1646 1774 1746) (0.94451 s)
>> 100 (419: 1706 1809 1673) (0.955551 s)
>> 100 (490: 1669 1784 1683) (0.950957 s)
>> 100 (746: 1754 1789 1757) (0.954614 s)
>> 100 (777: 1722 1756 1629) (0.916647 s)
>> 100 (987: 1786 1668 1630) (0.617766 s)
>> 99 (26: 1727 1721 1654) (0.610692 s)
>> 99 (71: 1693 1797 1619) (0.611389 s)
>> 99 (112: 1638 1645 1627) (0.601968 s)
>> 99 (171: 1771 1712 1676) (0.740864 s)
>> 99 (525: 1771 1739 1686) (0.872513 s)
>> 99 (675: 1762 1702 1642) (0.889966 s)
>> 99 (1006: 1665 1771 1685) (0.873502 s)
>> 99 (1064: 1741 1791 1735) (0.693521 s)
>> 99 (1181: 1763 1795 1769) (0.574726 s)
>> 98 (70: 1728 1796 1688) (0.56901 s)
>> 98 (222: 1764 1706 1679) (0.566256 s)
>> 98 (315: 1632 1804 1764) (0.561167 s)
>> 98 (1498: 1770 1722 1719) (0.556395 s)
>> 97 (141: 1806 1674 1661) (0.554441 s)
>> 97 (298: 1761 1747 1704) (0.550148 s)
>> 96 (591: 1783 1698 1667) (0.545602 s)
>> 96 (1243: 1738 1754 1639) (0.541586 s)
>> 95 (641: 1690 1772 1632) (0.539351 s)
>> 95 (985: 1633 1705 1690) (0.53369 s)
>> 6 (381: 1693 1759 1651) (0.531343 s)
>> 3 (32: 1727 1742 1665) (0.527024 s)
>> 3 (373: 1631 1708 1640) (0.52362 s)
>> 0 (-1: -1 -1 -1) (0.520115 s)
Zelikovsky- 42.8684 s
>>> get_solution
  refine_solution: new weight 26168 (was 26179) in 0.003088 s
  refine_solution: new weight 26168 (was 26168) in 0.003065 s
>>> get_solution
  refine_solution: new weight 35594 (was 38120) in 0.00312 s
  refine_solution: new weight 35116 (was 35594) in 0.003066 s
  refine_solution: new weight 35116 (was 35116) in 0.00305 s
1,,1819,7473,188,,1819,0,,38120,35116,36151,26179,26168,,1380,13,@@

  handle_small_Steiner_degrees: steiner 0, suppress 6 in 1.7e-05 s
Starting round 2
Found 19 isolated vertices
Invalid ratios recomputed: 1796
Best ratio is 1037/9 (115.2), centered at 198
Finding the best star... Star with 10 terminals centered in 1620
round took: 0.10557 s
|V| = 1819, |E| = 7360, |R| = 179
>> 101 (1027: 1637 1647 1637) (0.028393 s)
>> 101 (249: 1620 1628 1620) (0.027755 s)
>> 101 (1402: 1622 1646 1622) (0.026317 s)
>> 101 (1257: 1644 1659 1644) (0.025507 s)
>> 101 (1403: 1630 1642 1630) (0.025989 s)
>> 101 (1371: 1663 1682 1663) (0.02588 s)
>> 101 (1238: 1619 1706 1619) (0.026644 s)
>> 0 (-1: -1 -1 -1) (0.015753 s)
Zelikovsky 1.37347 s
>> 101 (54: 1677 1787 1748) (0.749967 s)
>> 101 (142: 1734 1724 1671) (0.74233 s)
>> 101 (173: 1781 1744 1700) (0.731631 s)
>> 101 (224: 1620 1778 1624) (0.720899 s)
>> 101 (249: 1620 1662 1628) (0.715287 s)
>> 101 (265: 1707 1817 1682) (0.707336 s)
>> 101 (302: 1758 1785 1779) (0.701654 s)
>> 101 (530: 1729 1782 1635) (0.694392 s)
>> 101 (582: 1646 1815 1670) (0.685355 s)
>> 101 (690: 1761 1812 1660) (0.67897 s)
>> 101 (694: 1659 1749 1637) (0.671952 s)
>> 101 (710: 1627 1802 1734) (0.659409 s)
>> 101 (728: 1685 1799 1723) (0.644633 s)
>> 101 (765: 1814 1713 1620) (0.63575 s)
>> 101 (769: 1643 1753 1677) (0.631714 s)
>> 101 (1027: 1658 1659 1647) (0.629649 s)
>> 101 (1140: 1634 1745 1731) (0.627414 s)
>> 101 (1145: 1653 1814 1740) (0.623319 s)
>> 101 (1146: 1743 1801 1643) (0.629071 s)
>> 101 (1377: 1621 1807 1691) (0.626556 s)
>> 101 (1548: 1619 1765 1750) (0.622901 s)
>> 100 (44: 1652 1766 1663) (0.617846 s)
>> 100 (107: 1754 1710 1681) (0.615931 s)
>> 100 (109: 1621 1767 1714) (0.610095 s)
>> 100 (174: 1771 1773 1729) (0.607045 s)
>> 100 (300: 1646 1774 1746) (0.602487 s)
>> 100 (419: 1706 1673 1653) (0.598431 s)
>> 100 (490: 1669 1784 1683) (0.590968 s)
>> 100 (746: 1754 1789 1757) (0.588521 s)
>> 100 (777: 1722 1756 1629) (0.584552 s)
>> 100 (987: 1786 1668 1630) (0.57868 s)
>> 99 (26: 1727 1721 1654) (0.573816 s)
>> 99 (71: 1693 1797 1619) (0.57123 s)
>> 99 (112: 1638 1645 1627) (0.567269 s)
>> 99 (171: 1771 1712 1676) (0.562408 s)
>> 99 (525: 1771 1739 1686) (0.560614 s)
>> 99 (675: 1762 1702 1642) (0.556228 s)
>> 99 (1006: 1665 1771 1685) (0.550884 s)
>> 99 (1064: 1741 1791 1735) (0.545422 s)
>> 99 (1181: 1763 1795 1769) (0.542087 s)
>> 98 (70: 1728 1796 1688) (0.537139 s)
>> 98 (222: 1764 1706 1679) (0.534078 s)
>> 98 (315: 1632 1804 1764) (0.529523 s)
>> 98 (1498: 1770 1722 1719) (0.527818 s)
>> 97 (141: 1806 1674 1661) (0.524373 s)
>> 97 (298: 1761 1747 1704) (0.520646 s)
>> 96 (591: 1783 1667 1632) (0.517121 s)
>> 96 (1243: 1738 1754 1639) (0.513898 s)
>> 95 (641: 1690 1783 1772) (0.509052 s)
>> 95 (985: 1633 1705 1690) (0.50656 s)
>> 6 (381: 1693 1759 1651) (0.50233 s)
>> 3 (32: 1727 1742 1665) (0.498409 s)
>> 3 (373: 1631 1708 1640) (0.496707 s)
>> 0 (-1: -1 -1 -1) (0.494404 s)
Zelikovsky- 32.3849 s
>>> get_solution
  refine_solution: new weight 26168 (was 26185) in 0.003214 s
  refine_solution: new weight 26168 (was 26168) in 0.003443 s
>>> get_solution
  refine_solution: new weight 33045 (was 36931) in 0.00311 s
  refine_solution: new weight 32558 (was 33045) in 0.003049 s
  refine_solution: new weight 32558 (was 32558) in 0.00306 s
2,,1800,7360,179,,1796,0,,36931,32558,34986,26185,26168,,1037,10,@@

  handle_small_Steiner_degrees: steiner 2, suppress 14 in 4.4e-05 s
Starting round 3
Found 45 isolated vertices
Invalid ratios recomputed: 1770
Best ratio is 1154/10 (115.4), centered at 410
Finding the best star... Star with 11 terminals centered in 1624
round took: 0.136494 s
|V| = 1819, |E| = 7284, |R| = 169
>> 101 (1027: 1637 1647 1637) (0.023857 s)
>> 101 (249: 1620 1628 1620) (0.024187 s)
>> 101 (582: 1646 1670 1646) (0.022927 s)
>> 101 (1257: 1644 1659 1644) (0.023119 s)
>> 101 (1371: 1663 1682 1663) (0.02332 s)
>> 101 (1238: 1619 1706 1619) (0.022954 s)
>> 0 (-1: -1 -1 -1) (0.013265 s)
Zelikovsky 1.13486 s
>> 101 (54: 1677 1787 1748) (0.673772 s)
>> 101 (142: 1734 1724 1671) (0.669122 s)
>> 101 (173: 1781 1744 1700) (0.661347 s)
>> 101 (224: 1620 1778 1624) (0.653242 s)
>> 101 (249: 1620 1662 1628) (0.647277 s)
>> 101 (265: 1707 1817 1682) (0.640881 s)
>> 101 (302: 1758 1785 1779) (0.638321 s)
>> 101 (530: 1729 1782 1635) (0.629115 s)
>> 101 (582: 1646 1815 1670) (0.6242 s)
>> 101 (690: 1761 1812 1660) (0.612719 s)
>> 101 (694: 1659 1749 1637) (0.60863 s)
>> 101 (710: 1627 1802 1734) (0.597837 s)
>> 101 (728: 1685 1799 1723) (0.59373 s)
>> 101 (769: 1643 1753 1677) (0.587816 s)
>> 101 (1027: 1658 1659 1647) (0.590706 s)
>> 101 (1140: 1634 1731 1666) (0.587547 s)
>> 101 (1145: 1620 1740 1653) (0.583574 s)
>> 101 (1146: 1743 1801 1643) (0.573704 s)
>> 101 (1238: 1619 1716 1706) (0.570077 s)
>> 101 (1377: 1621 1807 1691) (0.565178 s)
>> 101 (1548: 1619 1765 1750) (0.560483 s)
>> 100 (44: 1652 1766 1663) (0.553484 s)
>> 100 (107: 1754 1710 1681) (0.550338 s)
>> 100 (109: 1621 1767 1714) (0.545131 s)
>> 100 (174: 1771 1773 1729) (0.544773 s)
>> 100 (300: 1646 1774 1746) (0.540679 s)
>> 100 (490: 1669 1784 1683) (0.53693 s)
>> 100 (746: 1754 1789 1757) (0.534114 s)
>> 100 (777: 1756 1629 1620) (0.530228 s)
>> 100 (825: 1673 1756 1676) (0.525261 s)
>> 99 (32: 1727 1771 1742) (0.522392 s)
>> 99 (71: 1693 1797 1619) (0.518951 s)
>> 99 (112: 1638 1645 1627) (0.514291 s)
>> 99 (200: 1669 1719 1672) (0.512009 s)
>> 99 (525: 1673 1739 1686) (0.507299 s)
>> 99 (675: 1762 1702 1642) (0.503096 s)
>> 99 (1006: 1665 1727 1685) (0.499468 s)
>> 99 (1064: 1741 1791 1735) (0.49661 s)
>> 99 (1181: 1763 1795 1769) (0.493279 s)
>> 98 (70: 1728 1796 1688) (0.490259 s)
>> 98 (315: 1632 1804 1673) (0.487941 s)
>> 97 (141: 1806 1674 1661) (0.485084 s)
>> 97 (298: 1761 1747 1704) (0.482165 s)
>> 97 (1109: 1679 1705 1693) (0.479768 s)
>> 96 (676: 1651 1751 1725) (0.477089 s)
>> 95 (62: 1783 1699 1658) (0.473887 s)
>> 95 (641: 1690 1772 1632) (0.470797 s)
>> 95 (1243: 1738 1703 1690) (0.477532 s)
>> 94 (1144: 1770 1754 1678) (0.467031 s)
>> 93 (1111: 1631 1806 1633) (0.463264 s)
>> 92 (171: 1665 1712 1657) (0.460286 s)
>> 0 (-1: -1 -1 -1) (0.457716 s)
Zelikovsky- 28.4869 s
>>> get_solution
  refine_solution: new weight 26088 (was 26101) in 0.002957 s
  refine_solution: new weight 26088 (was 26088) in 0.002918 s
>>> get_solution
  refine_solution: new weight 32656 (was 36161) in 0.003058 s
  refine_solution: new weight 32154 (was 32656) in 0.002934 s
  refine_solution: new weight 32154 (was 32154) in 0.002932 s
3,,1774,7284,169,,1770,0,,36161,32154,34692,26101,26088,,1154,11,@@

  handle_small_Steiner_degrees: steiner 0, suppress 4 in 1.1e-05 s
Starting round 4
Found 60 isolated vertices
Invalid ratios recomputed: 1753
Best ratio is 1157/10 (115.7), centered at 1546
Finding the best star... Star with 11 terminals centered in 1704
round took: 0.142162 s
|V| = 1819, |E| = 7231, |R| = 159
>> 101 (1027: 1637 1647 1637) (0.02051 s)
>> 101 (825: 1620 1673 1620) (0.020311 s)
>> 101 (582: 1646 1670 1646) (0.020118 s)
>> 101 (1257: 1644 1659 1644) (0.020288 s)
>> 101 (1140: 1634 1666 1634) (0.020122 s)
>> 101 (1371: 1663 1682 1663) (0.02038 s)
>> 101 (1238: 1619 1706 1619) (0.01977 s)
>> 0 (-1: -1 -1 -1) (0.011393 s)
Zelikovsky 1.00039 s
>> 101 (54: 1677 1787 1748) (0.620023 s)
>> 101 (142: 1734 1724 1671) (0.61533 s)
>> 101 (173: 1781 1744 1700) (0.608682 s)
>> 101 (224: 1620 1778 1624) (0.601681 s)
>> 101 (249: 1620 1704 1628) (0.595306 s)
>> 101 (265: 1707 1817 1682) (0.593452 s)
>> 101 (302: 1758 1785 1779) (0.591591 s)
>> 101 (530: 1729 1782 1635) (0.585022 s)
>> 101 (582: 1646 1815 1670) (0.580854 s)
>> 101 (690: 1761 1812 1660) (0.572307 s)
>> 101 (694: 1659 1749 1637) (0.569332 s)
>> 101 (710: 1627 1802 1734) (0.560653 s)
>> 101 (728: 1685 1799 1723) (0.557577 s)
>> 101 (1027: 1658 1659 1647) (0.550848 s)
>> 101 (1140: 1634 1666 1620) (0.547759 s)
>> 101 (1145: 1653 1740 1634) (0.5456 s)
>> 101 (1146: 1743 1801 1677) (0.541508 s)
>> 101 (1238: 1619 1716 1706) (0.535716 s)
>> 101 (1260: 1643 1678 1653) (0.532423 s)
>> 101 (1377: 1621 1807 1691) (0.529046 s)
>> 101 (1548: 1619 1765 1750) (0.525769 s)
>> 100 (44: 1652 1766 1663) (0.522599 s)
>> 100 (107: 1754 1710 1681) (0.521352 s)
>> 100 (109: 1621 1767 1643) (0.516996 s)
>> 100 (174: 1771 1773 1729) (0.515114 s)
>> 100 (490: 1669 1784 1683) (0.512828 s)
>> 100 (746: 1754 1789 1757) (0.509323 s)
>> 100 (777: 1756 1629 1621) (0.505378 s)
>> 100 (825: 1673 1756 1676) (0.500849 s)
>> 99 (32: 1727 1771 1742) (0.4992 s)
>> 99 (71: 1693 1797 1619) (0.496567 s)
>> 99 (112: 1638 1645 1627) (0.493361 s)
>> 99 (200: 1669 1719 1672) (0.490312 s)
>> 99 (675: 1762 1702 1642) (0.486281 s)
>> 99 (1006: 1665 1727 1685) (0.480673 s)
>> 99 (1081: 1625 1791 1638) (0.480459 s)
>> 99 (1181: 1763 1795 1769) (0.478734 s)
>> 98 (70: 1728 1796 1688) (0.474741 s)
>> 97 (38: 1641 1774 1686) (0.47268 s)
>> 97 (141: 1806 1674 1661) (0.469223 s)
>> 97 (1109: 1679 1705 1693) (0.464382 s)
>> 96 (123: 1783 1747 1665) (0.461764 s)
>> 96 (676: 1651 1751 1725) (0.459882 s)
>> 95 (388: 1657 1673 1632) (0.457382 s)
>> 95 (1243: 1738 1703 1657) (0.45515 s)
>> 93 (55: 1762 1712 1699) (0.452882 s)
>> 93 (76: 1786 1738 1631) (0.451229 s)
>> 6 (1129: 1759 1786 1770) (0.447723 s)
>> 4 (326: 1633 1806 1728) (0.447453 s)
>> 0 (-1: -1 -1 -1) (0.444575 s)
Zelikovsky- 25.9456 s
>>> get_solution
  refine_solution: new weight 26092 (was 26111) in 0.002933 s
  refine_solution: new weight 26092 (was 26092) in 0.0029 s
>>> get_solution
  refine_solution: new weight 32661 (was 35395) in 0.002978 s
  refine_solution: new weight 32557 (was 32661) in 0.002938 s
  refine_solution: new weight 32557 (was 32557) in 0.002934 s
4,,1759,7231,159,,1753,0,,35395,32557,33638,26111,26092,,1157,11,@@

  handle_small_Steiner_degrees: steiner 0, suppress 3 in 9e-06 s
Starting round 5
Found 74 isolated vertices
Invalid ratios recomputed: 1739
Best ratio is 1056/9 (117.3), centered at 453
Finding the best star... Star with 10 terminals centered in 1813
round took: 0.154419 s
|V| = 1819, |E| = 7106, |R| = 150
>> 101 (1027: 1637 1647 1637) (0.017886 s)
>> 101 (825: 1620 1673 1620) (0.017829 s)
>> 101 (582: 1646 1670 1646) (0.017308 s)
>> 101 (1257: 1644 1659 1644) (0.017374 s)
>> 101 (1371: 1663 1682 1663) (0.017175 s)
>> 101 (1238: 1619 1706 1619) (0.017554 s)
>> 0 (-1: -1 -1 -1) (0.009743 s)
Zelikovsky 0.872212 s
>> 101 (54: 1677 1787 1748) (0.582426 s)
>> 101 (173: 1781 1744 1700) (0.578075 s)
>> 101 (224: 1620 1778 1624) (0.570386 s)
>> 101 (249: 1620 1711 1628) (0.564438 s)
>> 101 (265: 1707 1817 1682) (0.563176 s)
>> 101 (302: 1758 1785 1779) (0.559388 s)
>> 101 (530: 1729 1782 1635) (0.554197 s)
>> 101 (672: 1721 1758 1661) (0.550636 s)
>> 101 (690: 1761 1812 1660) (0.548397 s)
>> 101 (694: 1659 1749 1637) (0.544887 s)
>> 101 (710: 1627 1813 1802) (0.538278 s)
>> 101 (728: 1685 1799 1723) (0.535616 s)
>> 101 (918: 1724 1719 1629) (0.529745 s)
>> 101 (1027: 1658 1659 1647) (0.524664 s)
>> 101 (1140: 1634 1666 1627) (0.520661 s)
>> 101 (1145: 1620 1740 1653) (0.518367 s)
>> 101 (1146: 1743 1801 1677) (0.515004 s)
>> 101 (1238: 1619 1716 1706) (0.510675 s)
>> 101 (1260: 1620 1678 1643) (0.506837 s)
>> 101 (1377: 1621 1807 1691) (0.504255 s)
>> 100 (107: 1754 1710 1681) (0.50094 s)
>> 100 (109: 1621 1767 1634) (0.496413 s)
>> 100 (174: 1771 1773 1729) (0.495441 s)
>> 100 (490: 1669 1784 1683) (0.490883 s)
>> 100 (746: 1754 1789 1621) (0.488335 s)
>> 100 (825: 1673 1676 1620) (0.484432 s)
>> 100 (1012: 1651 1803 1781) (0.48145 s)
>> 100 (1212: 1674 1692 1673) (0.478517 s)
>> 99 (32: 1727 1771 1742) (0.476517 s)
>> 99 (71: 1693 1797 1619) (0.473235 s)
>> 99 (112: 1638 1754 1645) (0.469379 s)
>> 99 (675: 1762 1702 1642) (0.467645 s)
>> 99 (1006: 1665 1727 1685) (0.464865 s)
>> 99 (1081: 1625 1791 1724) (0.462189 s)
>> 99 (1181: 1763 1795 1769) (0.459845 s)
>> 98 (70: 1728 1796 1688) (0.456781 s)
>> 98 (381: 1750 1759 1651) (0.454256 s)
>> 98 (1202: 1708 1686 1652) (0.45123 s)
>> 97 (326: 1633 1806 1728) (0.448629 s)
>> 97 (846: 1738 1756 1674) (0.446064 s)
>> 97 (1109: 1679 1705 1693) (0.443764 s)
>> 96 (123: 1783 1747 1638) (0.440976 s)
>> 95 (582: 1646 1670 1648) (0.438561 s)
>> 95 (988: 1738 1699 1632) (0.43517 s)
>> 94 (1437: 1738 1774 1703) (0.433467 s)
>> 93 (76: 1786 1738 1631) (0.431909 s)
>> 85 (986: 1646 1770 1725) (0.430935 s)
>> 4 (1450: 1625 1712 1665) (0.428658 s)
>> 1 (1183: 1783 1772 1679) (0.428073 s)
>> 0 (-1: -1 -1 -1) (0.427154 s)
Zelikovsky- 24.6214 s
>>> get_solution
  refine_solution: new weight 26094 (was 26144) in 0.002935 s
  refine_solution: new weight 26094 (was 26094) in 0.002908 s
>>> get_solution
  refine_solution: new weight 32588 (was 34932) in 0.002968 s
  refine_solution: new weight 32388 (was 32588) in 0.00293 s
  refine_solution: new weight 32388 (was 32388) in 0.002924 s
5,,1745,7106,150,,1739,0,,34932,32388,33649,26144,26094,,1056,10,@@

  handle_small_Steiner_degrees: steiner 0, suppress 9 in 2.2e-05 s
Starting round 6
Found 93 isolated vertices
Invalid ratios recomputed: 1721
Best ratio is 941/8 (117.6), centered at 1402
Finding the best star... Star with 9 terminals centered in 1622
round took: 0.176383 s
|V| = 1819, |E| = 6965, |R| = 142
>> 101 (1027: 1637 1647 1637) (0.015769 s)
>> 101 (825: 1622 1673 1622) (0.015399 s)
>> 101 (1257: 1644 1659 1644) (0.015237 s)
>> 101 (1371: 1663 1682 1663) (0.015107 s)
>> 101 (1238: 1619 1706 1619) (0.015421 s)
>> 0 (-1: -1 -1 -1) (0.008554 s)
Zelikovsky 0.771003 s
>> 101 (54: 1622 1787 1748) (0.542551 s)
>> 101 (173: 1781 1744 1700) (0.538358 s)
>> 101 (224: 1622 1778 1624) (0.531228 s)
>> 101 (249: 1622 1711 1628) (0.528317 s)
>> 101 (265: 1707 1817 1682) (0.525775 s)
>> 101 (302: 1758 1785 1779) (0.521537 s)
>> 101 (530: 1729 1782 1635) (0.741652 s)
>> 101 (690: 1761 1812 1660) (0.759736 s)
>> 101 (694: 1659 1749 1637) (0.758119 s)
>> 101 (710: 1627 1813 1802) (0.762595 s)
>> 101 (728: 1685 1799 1723) (0.744401 s)
>> 101 (918: 1724 1719 1629) (0.747316 s)
>> 101 (1027: 1658 1659 1647) (0.741487 s)
>> 101 (1140: 1634 1666 1627) (0.732531 s)
>> 101 (1145: 1622 1740 1653) (0.734815 s)
>> 101 (1146: 1743 1801 1622) (0.720704 s)
>> 101 (1238: 1619 1716 1706) (0.710509 s)
>> 101 (1260: 1643 1743 1678) (0.721171 s)
>> 101 (1377: 1621 1807 1691) (0.712584 s)
>> 100 (44: 1652 1766 1663) (0.721559 s)
>> 100 (107: 1754 1710 1681) (0.690786 s)
>> 100 (174: 1771 1773 1729) (0.700649 s)
>> 100 (490: 1669 1784 1683) (0.68604 s)
>> 100 (746: 1754 1789 1634) (0.68936 s)
>> 100 (825: 1673 1676 1643) (0.674974 s)
>> 100 (1212: 1674 1692 1673) (0.678348 s)
>> 99 (32: 1727 1771 1742) (0.675867 s)
>> 99 (71: 1693 1797 1619) (0.687294 s)
>> 99 (112: 1638 1754 1645) (0.696248 s)
>> 99 (499: 1661 1670 1638) (0.6888 s)
>> 99 (655: 1741 1685 1674) (0.677442 s)
>> 99 (675: 1762 1702 1642) (0.665633 s)
>> 99 (1081: 1625 1791 1724) (0.666902 s)
>> 98 (24: 1741 1808 1767) (0.657585 s)
>> 98 (123: 1783 1665 1661) (0.665756 s)
>> 98 (373: 1631 1708 1640) (0.635709 s)
>> 98 (381: 1750 1759 1651) (0.628561 s)
>> 97 (184: 1795 1725 1684) (0.62696 s)
>> 97 (326: 1633 1806 1741) (0.626574 s)
>> 97 (1109: 1679 1705 1693) (0.626435 s)
>> 96 (70: 1796 1730 1633) (0.619156 s)
>> 95 (988: 1796 1699 1632) (0.620333 s)
>> 95 (1243: 1738 1796 1703) (0.616791 s)
>> 94 (113: 1783 1772 1763) (0.609732 s)
>> 91 (364: 1648 1783 1712) (0.609155 s)
>> 89 (554: 1738 1770 1686) (0.604458 s)
>> 0 (-1: -1 -1 -1) (0.627728 s)
Zelikovsky- 31.1718 s
>>> get_solution
  refine_solution: new weight 25939 (was 25983) in 0.004152 s
  refine_solution: new weight 25939 (was 25939) in 0.004059 s
>>> get_solution
  refine_solution: new weight 31995 (was 34053) in 0.00429 s
  refine_solution: new weight 31988 (was 31995) in 0.004237 s
  refine_solution: new weight 31988 (was 31988) in 0.004265 s
6,,1726,6965,142,,1721,0,,34053,31988,33365,25983,25939,,941,9,@@

  handle_small_Steiner_degrees: steiner 1, suppress 13 in 8.8e-05 s
Starting round 7
Found 116 isolated vertices
Invalid ratios recomputed: 1699
Best ratio is 831/7 (118.7), centered at 222
Finding the best star... Star with 8 terminals centered in 1622
round took: 0.293119 s
|V| = 1819, |E| = 6263, |R| = 135
>> 101 (1027: 1637 1647 1637) (0.020693 s)
>> 101 (1140: 1622 1634 1622) (0.021112 s)
>> 101 (1257: 1644 1659 1644) (0.019443 s)
>> 101 (1371: 1663 1682 1663) (0.019178 s)
>> 101 (1238: 1619 1706 1619) (0.019498 s)
>> 0 (-1: -1 -1 -1) (0.011865 s)
Zelikovsky 1.00462 s
>> 101 (54: 1622 1787 1748) (0.749949 s)
>> 101 (173: 1781 1744 1700) (0.7491 s)
>> 101 (249: 1622 1711 1628) (0.736381 s)
>> 101 (265: 1707 1817 1682) (0.726475 s)
>> 101 (302: 1758 1785 1779) (0.711242 s)
>> 101 (444: 1622 1719 1689) (0.721699 s)
>> 101 (530: 1729 1782 1635) (0.70137 s)
>> 101 (690: 1761 1812 1660) (0.709794 s)
>> 101 (694: 1659 1749 1637) (0.710104 s)
>> 101 (710: 1627 1802 1622) (0.70425 s)
>> 101 (728: 1685 1799 1723) (0.684858 s)
>> 101 (862: 1778 1642 1627) (0.677734 s)
>> 101 (918: 1724 1778 1629) (0.66891 s)
>> 101 (1027: 1658 1659 1647) (0.679837 s)
>> 101 (1140: 1745 1666 1634) (0.66545 s)
>> 101 (1145: 1653 1740 1724) (0.697617 s)
>> 101 (1146: 1743 1801 1653) (0.675102 s)
>> 101 (1238: 1619 1716 1706) (0.670361 s)
>> 101 (1260: 1643 1743 1678) (0.657796 s)
>> 101 (1377: 1621 1807 1691) (0.668445 s)
>> 100 (107: 1754 1710 1681) (0.65356 s)
>> 100 (174: 1771 1773 1729) (0.642129 s)
>> 100 (624: 1758 1751 1707) (0.639589 s)
>> 100 (746: 1754 1789 1643) (0.642705 s)
>> 100 (825: 1673 1754 1676) (0.640454 s)
>> 100 (1012: 1651 1803 1781) (0.628727 s)
>> 100 (1212: 1674 1692 1673) (0.609686 s)
>> 99 (32: 1727 1771 1742) (0.619146 s)
>> 99 (71: 1693 1797 1619) (0.616908 s)
>> 99 (112: 1638 1674 1645) (0.615403 s)
>> 99 (655: 1741 1685 1638) (0.613394 s)
>> 99 (1081: 1625 1791 1741) (0.604489 s)
>> 99 (1516: 1806 1683 1625) (0.617772 s)
>> 98 (24: 1806 1808 1767) (0.619399 s)
>> 98 (38: 1641 1774 1686) (0.605507 s)
>> 98 (123: 1783 1806 1665) (0.592555 s)
>> 98 (373: 1631 1708 1640) (0.593025 s)
>> 98 (381: 1750 1759 1651) (0.602428 s)
>> 98 (675: 1762 1783 1702) (0.591631 s)
>> 96 (578: 1672 1763 1705) (0.600009 s)
>> 95 (582: 1762 1670 1648) (0.590289 s)
>> 95 (667: 1762 1633 1632) (0.580179 s)
>> 95 (1243: 1738 1762 1703) (0.580554 s)
>> 94 (986: 1796 1770 1738) (0.575946 s)
>> 4 (1183: 1693 1796 1772) (0.569132 s)
>> 2 (127: 1794 1786 1693) (0.585346 s)
>> 0 (-1: -1 -1 -1) (0.564307 s)
Zelikovsky- 30.3826 s
>>> get_solution
  refine_solution: new weight 26061 (was 26139) in 0.004153 s
  refine_solution: new weight 26061 (was 26061) in 0.004156 s
>>> get_solution
  refine_solution: new weight 32783 (was 34075) in 0.004209 s
  refine_solution: new weight 32201 (was 32783) in 0.004137 s
  refine_solution: new weight 32201 (was 32201) in 0.004121 s
7,,1703,6263,135,,1699,0,,34075,32201,33188,26139,26061,,831,8,@@

  handle_small_Steiner_degrees: steiner 10, suppress 129 in 0.000873 s
Starting round 8
Found 263 isolated vertices
Invalid ratios recomputed: 1553
Best ratio is 838/7 (119.7), centered at 1331
Finding the best star... Star with 8 terminals centered in 1741
round took: 0.328471 s
|V| = 1819, |E| = 5817, |R| = 128
>> 101 (1027: 1637 1647 1637) (0.01953 s)
>> 101 (1371: 1663 1682 1663) (0.019341 s)
>> 101 (1238: 1619 1706 1619) (0.019012 s)
>> 0 (-1: -1 -1 -1) (0.010099 s)
Zelikovsky 0.812325 s
>> 101 (54: 1741 1787 1748) (0.632252 s)
>> 101 (173: 1781 1744 1700) (0.61105 s)
>> 101 (249: 1711 1741 1628) (0.614101 s)
>> 101 (265: 1707 1817 1682) (0.612305 s)
>> 101 (302: 1758 1785 1779) (0.60345 s)
>> 101 (444: 1719 1711 1689) (0.608284 s)
>> 101 (530: 1729 1782 1635) (0.621566 s)
>> 101 (710: 1627 1802 1719) (0.598762 s)
>> 101 (862: 1778 1642 1627) (0.585677 s)
>> 101 (918: 1724 1778 1629) (0.586183 s)
>> 101 (1027: 1637 1658 1647) (0.585269 s)
>> 101 (1140: 1634 1724 1666) (0.581009 s)
>> 101 (1145: 1653 1740 1634) (0.566599 s)
>> 101 (1146: 1743 1801 1653) (0.560399 s)
>> 101 (1238: 1619 1716 1706) (0.55912 s)
>> 101 (1260: 1643 1743 1678) (0.550317 s)
>> 101 (1371: 1663 1818 1619) (0.550504 s)
>> 101 (1377: 1621 1807 1691) (0.560379 s)
>> 100 (107: 1754 1710 1681) (0.555244 s)
>> 100 (174: 1771 1773 1729) (0.548927 s)
>> 100 (624: 1758 1751 1707) (0.535983 s)
>> 100 (690: 1812 1660 1643) (0.542218 s)
>> 100 (728: 1685 1780 1723) (0.537192 s)
>> 100 (746: 1754 1812 1789) (0.525634 s)
>> 100 (825: 1673 1754 1676) (0.519913 s)
>> 100 (1012: 1651 1803 1781) (0.525784 s)
>> 100 (1212: 1674 1692 1673) (0.524635 s)
>> 99 (32: 1727 1771 1742) (0.513389 s)
>> 99 (71: 1693 1797 1663) (0.530249 s)
>> 99 (112: 1638 1674 1645) (0.513163 s)
>> 99 (1006: 1665 1799 1727) (0.518406 s)
>> 99 (1081: 1625 1791 1638) (0.524362 s)
>> 99 (1516: 1806 1683 1625) (0.504341 s)
>> 98 (24: 1806 1808 1767) (0.497425 s)
>> 98 (38: 1641 1774 1686) (0.49738 s)
>> 98 (373: 1631 1708 1640) (0.497682 s)
>> 98 (381: 1750 1759 1651) (0.490926 s)
>> 98 (1599: 1763 1806 1762) (0.493213 s)
>> 97 (1407: 1763 1672 1632) (0.505998 s)
>> 96 (123: 1783 1747 1665) (0.487694 s)
>> 95 (582: 1763 1670 1648) (0.502603 s)
>> 94 (68: 1763 1786 1738) (0.475995 s)
>> 94 (808: 1770 1763 1705) (0.480225 s)
>> 92 (986: 1796 1770 1725) (0.475233 s)
>> 0 (-1: -1 -1 -1) (0.490666 s)
Zelikovsky- 24.4256 s
>>> get_solution
  refine_solution: new weight 26071 (was 26144) in 0.004236 s
  refine_solution: new weight 26071 (was 26071) in 0.004201 s
>>> get_solution
  refine_solution: new weight 31917 (was 33292) in 0.004286 s
  refine_solution: new weight 31619 (was 31917) in 0.00426 s
  refine_solution: new weight 31619 (was 31619) in 0.004288 s
8,,1556,5817,128,,1553,0,,33292,31619,33095,26144,26071,,838,8,@@

  handle_small_Steiner_degrees: steiner 4, suppress 46 in 0.000269 s
Starting round 9
Found 321 isolated vertices
Invalid ratios recomputed: 1496
Best ratio is 839/7 (119.9), centered at 438
Finding the best star... Star with 8 terminals centered in 1707
round took: 0.319532 s
|V| = 1819, |E| = 5688, |R| = 121
>> 101 (1027: 1637 1647 1637) (0.01604 s)
>> 101 (1371: 1663 1682 1663) (0.015552 s)
>> 101 (1238: 1619 1706 1619) (0.015579 s)
>> 0 (-1: -1 -1 -1) (0.008994 s)
Zelikovsky 0.724309 s
>> 101 (54: 1741 1787 1748) (0.573548 s)
>> 101 (173: 1781 1744 1700) (0.566503 s)
>> 101 (265: 1707 1817 1682) (0.550354 s)
>> 101 (302: 1758 1785 1779) (0.551412 s)
>> 101 (444: 1719 1741 1689) (0.550868 s)
>> 101 (530: 1729 1782 1635) (0.532268 s)
>> 101 (710: 1627 1802 1719) (0.53134 s)
>> 101 (918: 1724 1629 1627) (0.54949 s)
>> 101 (1027: 1637 1658 1647) (0.543568 s)
>> 101 (1140: 1634 1724 1666) (0.533616 s)
>> 101 (1145: 1653 1740 1634) (0.513295 s)
>> 101 (1146: 1743 1801 1653) (0.511154 s)
>> 101 (1183: 1693 1778 1743) (0.522845 s)
>> 101 (1371: 1663 1818 1707) (0.511538 s)
>> 101 (1377: 1621 1807 1691) (0.51917 s)
>> 100 (107: 1754 1710 1681) (0.506395 s)
>> 100 (174: 1771 1773 1729) (0.502515 s)
>> 100 (624: 1758 1751 1663) (0.504788 s)
>> 100 (690: 1812 1693 1660) (0.505989 s)
>> 100 (728: 1685 1780 1723) (0.502077 s)
>> 100 (746: 1754 1812 1789) (0.498474 s)
>> 100 (1012: 1651 1803 1781) (0.500991 s)
>> 100 (1118: 1754 1776 1686) (0.495871 s)
>> 100 (1212: 1674 1754 1692) (0.473069 s)
>> 100 (1551: 1711 1783 1674) (0.475817 s)
>> 99 (26: 1727 1721 1654) (0.470987 s)
>> 99 (112: 1638 1711 1645) (0.470305 s)
>> 99 (171: 1771 1712 1676) (0.470355 s)
>> 99 (1006: 1665 1799 1771) (0.46967 s)
>> 99 (1081: 1625 1791 1638) (0.45841 s)
>> 99 (1106: 1625 1739 1641) (0.462465 s)
>> 99 (1434: 1672 1706 1625) (0.464263 s)
>> 99 (1516: 1806 1683 1672) (0.452162 s)
>> 98 (24: 1806 1808 1767) (0.458898 s)
>> 98 (373: 1631 1708 1640) (0.456996 s)
>> 98 (385: 1811 1806 1797) (0.456001 s)
>> 98 (1129: 1759 1811 1770) (0.448169 s)
>> 98 (1599: 1763 1762 1759) (0.44599 s)
>> 95 (582: 1763 1670 1648) (0.445983 s)
>> 95 (1234: 1684 1705 1649) (0.476584 s)
>> 93 (1386: 1747 1786 1763) (0.451727 s)
>> 87 (17: 1726 1742 1632) (0.447018 s)
>> 1 (1525: 1685 1796 1651) (0.445206 s)
>> 0 (-1: -1 -1 -1) (0.435952 s)
Zelikovsky- 21.733 s
>>> get_solution
  refine_solution: new weight 25898 (was 25960) in 0.00409 s
  refine_solution: new weight 25898 (was 25898) in 0.004076 s
>>> get_solution
  refine_solution: new weight 32125 (was 33117) in 0.004203 s
  refine_solution: new weight 31919 (was 32125) in 0.004177 s
  refine_solution: new weight 31919 (was 31919) in 0.004205 s
9,,1498,5688,121,,1496,0,,33117,31919,32617,25960,25898,,839,8,@@

  handle_small_Steiner_degrees: steiner 0, suppress 4 in 2.5e-05 s
Starting round 10
Found 333 isolated vertices
Invalid ratios recomputed: 1476
Best ratio is 841/7 (120.1), centered at 170
Finding the best star... Star with 8 terminals centered in 1785
round took: 0.329127 s
|V| = 1819, |E| = 5289, |R| = 114
>> 101 (1027: 1637 1647 1637) (0.013454 s)
>> 101 (697: 1676 1682 1676) (0.012918 s)
>> 101 (918: 1629 1719 1629) (0.012942 s)
>> 101 (1140: 1634 1666 1634) (0.012789 s)
>> 101 (173: 1700 1744 1700) (0.012491 s)
>> 101 (530: 1635 1729 1635) (0.012865 s)
>> 101 (1238: 1619 1706 1619) (0.012594 s)
>> 0 (-1: -1 -1 -1) (0.007646 s)
Zelikovsky 0.722817 s
>> 101 (54: 1748 1787 1785) (0.549812 s)
>> 101 (173: 1781 1744 1700) (0.532293 s)
>> 101 (265: 1817 1748 1682) (0.517327 s)
>> 101 (302: 1758 1817 1779) (0.512764 s)
>> 101 (444: 1719 1758 1689) (0.504417 s)
>> 101 (530: 1729 1782 1635) (0.527518 s)
>> 101 (710: 1627 1802 1719) (0.528709 s)
>> 101 (918: 1724 1629 1627) (0.501925 s)
>> 101 (1027: 1637 1658 1647) (0.501836 s)
>> 101 (1140: 1634 1724 1666) (0.495414 s)
>> 101 (1145: 1653 1740 1634) (0.5077 s)
>> 101 (1146: 1743 1801 1653) (0.486799 s)
>> 101 (1183: 1693 1778 1743) (0.4895 s)
>> 101 (1371: 1663 1818 1693) (0.483001 s)
>> 101 (1377: 1621 1807 1691) (0.478184 s)
>> 100 (107: 1754 1710 1681) (0.486883 s)
>> 100 (174: 1771 1729 1663) (0.471496 s)
>> 100 (690: 1812 1771 1660) (0.49146 s)
>> 100 (728: 1685 1780 1723) (0.469202 s)
>> 100 (746: 1754 1812 1789) (0.461688 s)
>> 100 (1012: 1651 1803 1781) (0.463599 s)
>> 100 (1212: 1674 1754 1692) (0.47025 s)
>> 100 (1551: 1711 1783 1674) (0.469689 s)
>> 99 (26: 1727 1721 1654) (0.449738 s)
>> 99 (112: 1638 1711 1645) (0.44724 s)
>> 99 (171: 1638 1712 1676) (0.447016 s)
>> 99 (525: 1638 1739 1686) (0.449413 s)
>> 99 (1006: 1665 1799 1638) (0.444352 s)
>> 99 (1081: 1625 1791 1665) (0.436645 s)
>> 99 (1434: 1672 1706 1625) (0.439816 s)
>> 99 (1516: 1806 1683 1672) (0.44209 s)
>> 98 (24: 1806 1808 1767) (0.441242 s)
>> 98 (373: 1631 1708 1640) (0.438455 s)
>> 98 (385: 1811 1806 1797) (0.424017 s)
>> 98 (1129: 1759 1811 1770) (0.430438 s)
>> 98 (1599: 1763 1762 1759) (0.423231 s)
>> 97 (298: 1763 1747 1641) (0.41777 s)
>> 95 (582: 1763 1670 1648) (0.415266 s)
>> 95 (1234: 1684 1705 1649) (0.420129 s)
>> 94 (68: 1763 1786 1738) (0.420466 s)
>> 87 (17: 1726 1742 1632) (0.422229 s)
>> 1 (1525: 1685 1796 1651) (0.414397 s)
>> 0 (-1: -1 -1 -1) (0.417041 s)
Zelikovsky- 20.0603 s
>>> get_solution
  refine_solution: new weight 25906 (was 25981) in 0.004163 s
  refine_solution: new weight 25906 (was 25906) in 0.004167 s
>>> get_solution
  refine_solution: new weight 31746 (was 32543) in 0.004195 s
  refine_solution: new weight 31249 (was 31746) in 0.004202 s
  refine_solution: new weight 31249 (was 31249) in 0.004173 s
10,,1486,5289,114,,1476,0,,32543,31249,30886,25981,25906,,841,8,@@

  handle_small_Steiner_degrees: steiner 6, suppress 99 in 0.000478 s
Starting round 11
Found 446 isolated vertices
Invalid ratios recomputed: 1372
Best ratio is 842/7 (120.3), centered at 860
Finding the best star... Star with 8 terminals centered in 1785
round took: 0.294323 s
|V| = 1819, |E| = 4860, |R| = 107
>> 101 (1027: 1637 1647 1637) (0.011494 s)
>> 101 (697: 1676 1682 1676) (0.0114 s)
>> 101 (918: 1629 1719 1629) (0.01122 s)
>> 101 (1140: 1634 1666 1634) (0.011417 s)
>> 101 (530: 1635 1729 1635) (0.011383 s)
>> 101 (1238: 1619 1706 1619) (0.010881 s)
>> 0 (-1: -1 -1 -1) (0.00649 s)
Zelikovsky 0.580512 s
>> 101 (54: 1748 1787 1785) (0.446699 s)
>> 101 (265: 1817 1748 1682) (0.43925 s)
>> 101 (302: 1758 1817 1779) (0.431688 s)
>> 101 (444: 1719 1758 1689) (0.427173 s)
>> 101 (530: 1729 1782 1635) (0.435743 s)
>> 101 (710: 1627 1802 1719) (0.437469 s)
>> 101 (918: 1724 1629 1627) (0.420452 s)
>> 101 (1027: 1637 1658 1647) (0.414359 s)
>> 101 (1140: 1634 1724 1666) (0.418755 s)
>> 101 (1145: 1653 1740 1634) (0.43091 s)
>> 101 (1146: 1743 1801 1653) (0.417963 s)
>> 101 (1183: 1693 1778 1743) (0.397091 s)
>> 101 (1371: 1663 1818 1693) (0.405333 s)
>> 101 (1377: 1621 1807 1691) (0.40132 s)
>> 100 (107: 1754 1710 1681) (0.392805 s)
>> 100 (173: 1781 1744 1700) (0.401241 s)
>> 100 (690: 1812 1663 1660) (0.39051 s)
>> 100 (728: 1685 1780 1723) (0.393551 s)
>> 100 (746: 1754 1812 1789) (0.381291 s)
>> 100 (1012: 1651 1803 1781) (0.37718 s)
>> 100 (1257: 1644 1697 1659) (0.381285 s)
>> 100 (1551: 1711 1783 1754) (0.385103 s)
>> 99 (26: 1727 1721 1654) (0.386055 s)
>> 99 (112: 1638 1711 1645) (0.369977 s)
>> 99 (171: 1729 1712 1676) (0.378602 s)
>> 99 (525: 1729 1739 1686) (0.367366 s)
>> 99 (1081: 1625 1791 1638) (0.364338 s)
>> 99 (1516: 1806 1683 1625) (0.365087 s)
>> 98 (385: 1811 1806 1797) (0.364398 s)
>> 98 (1129: 1759 1811 1770) (0.358377 s)
>> 98 (1599: 1763 1762 1759) (0.364614 s)
>> 96 (229: 1786 1808 1763) (0.368214 s)
>> 96 (601: 1729 1742 1665) (0.353941 s)
>> 96 (1533: 1771 1786 1670) (0.355448 s)
>> 95 (606: 1674 1771 1705) (0.357208 s)
>> 94 (1080: 1632 1706 1674) (0.356462 s)
>> 92 (70: 1796 1684 1632) (0.355317 s)
>> 92 (1497: 1747 1796 1648) (0.356379 s)
>> 87 (682: 1631 1747 1738) (0.351181 s)
>> 0 (-1: -1 -1 -1) (0.350303 s)
Zelikovsky- 15.5664 s
>>> get_solution
  refine_solution: new weight 25840 (was 25910) in 0.004207 s
  refine_solution: new weight 25840 (was 25840) in 0.00417 s
>>> get_solution
  refine_solution: new weight 30785 (was 31967) in 0.004824 s
  refine_solution: new weight 30379 (was 30785) in 0.004447 s
  refine_solution: new weight 30187 (was 30379) in 0.00448 s
  refine_solution: new weight 30187 (was 30187) in 0.00449 s
11,,1373,4860,107,,1372,0,,31967,30187,30796,25910,25840,,842,8,@@

  handle_small_Steiner_degrees: steiner 1, suppress 62 in 0.000317 s
Starting round 12
Found 517 isolated vertices
Invalid ratios recomputed: 1301
Best ratio is 728/6 (121.3), centered at 550
Finding the best star... Star with 7 terminals centered in 1729
round took: 0.279121 s
|V| = 1819, |E| = 4556, |R| = 101
>> 101 (697: 1676 1682 1676) (0.009766 s)
>> 101 (1027: 1637 1647 1637) (0.009675 s)
>> 101 (1140: 1634 1666 1634) (0.009494 s)
>> 101 (1238: 1619 1706 1619) (0.009244 s)
>> 0 (-1: -1 -1 -1) (0.005467 s)
Zelikovsky 0.480252 s
>> 101 (54: 1729 1787 1748) (0.381418 s)
>> 101 (265: 1729 1817 1682) (0.38171 s)
>> 101 (302: 1729 1779 1758) (0.386873 s)
>> 101 (444: 1719 1729 1689) (0.37949 s)
>> 101 (710: 1627 1802 1719) (0.370312 s)
>> 101 (1027: 1637 1647 1627) (0.366943 s)
>> 101 (1140: 1634 1666 1637) (0.366667 s)
>> 101 (1145: 1653 1740 1634) (0.368822 s)
>> 101 (1146: 1743 1801 1653) (0.368773 s)
>> 101 (1183: 1693 1778 1743) (0.365189 s)
>> 101 (1371: 1663 1818 1693) (0.362649 s)
>> 101 (1377: 1621 1807 1691) (0.358888 s)
>> 100 (32: 1727 1742 1635) (0.357113 s)
>> 100 (107: 1754 1710 1681) (0.352681 s)
>> 100 (173: 1781 1744 1700) (0.347948 s)
>> 100 (690: 1812 1663 1660) (0.343062 s)
>> 100 (728: 1685 1780 1723) (0.337614 s)
>> 100 (746: 1754 1812 1789) (0.333049 s)
>> 100 (1257: 1644 1697 1659) (0.337549 s)
>> 100 (1551: 1711 1783 1754) (0.339405 s)
>> 99 (171: 1711 1712 1676) (0.336166 s)
>> 99 (226: 1711 1739 1654) (0.331971 s)
>> 99 (1081: 1625 1791 1711) (0.333724 s)
>> 99 (1498: 1770 1629 1625) (0.334313 s)
>> 99 (1516: 1806 1770 1683) (0.334189 s)
>> 98 (385: 1811 1806 1797) (0.327946 s)
>> 98 (605: 1762 1811 1686) (0.326225 s)
>> 97 (184: 1795 1725 1684) (0.327695 s)
>> 97 (778: 1638 1705 1685) (0.32233 s)
>> 97 (1389: 1763 1816 1762) (0.312565 s)
>> 96 (1111: 1631 1763 1759) (0.310563 s)
>> 95 (123: 1631 1747 1665) (0.315374 s)
>> 95 (582: 1631 1670 1648) (0.320657 s)
>> 94 (1080: 1632 1706 1631) (0.327667 s)
>> 93 (70: 1796 1808 1632) (0.320271 s)
>> 85 (533: 1803 1796 1738) (0.30736 s)
>> 0 (-1: -1 -1 -1) (0.308472 s)
Zelikovsky- 12.7175 s
>>> get_solution
  refine_solution: new weight 25633 (was 25713) in 0.004148 s
  refine_solution: new weight 25633 (was 25633) in 0.004147 s
>>> get_solution
  refine_solution: new weight 31178 (was 31682) in 0.004206 s
  refine_solution: new weight 30678 (was 31178) in 0.004156 s
  refine_solution: new weight 30486 (was 30678) in 0.004116 s
  refine_solution: new weight 30486 (was 30486) in 0.004112 s
12,,1302,4556,101,,1301,0,,31682,30486,30792,25713,25633,,728,7,@@

  handle_small_Steiner_degrees: steiner 1, suppress 48 in 0.000244 s
Starting round 13
Found 573 isolated vertices
Invalid ratios recomputed: 1245
Best ratio is 852/7 (121.7), centered at 943
Finding the best star... Star with 8 terminals centered in 1708
round took: 0.249955 s
|V| = 1819, |E| = 4221, |R| = 94
>> 101 (1027: 1637 1647 1637) (0.008415 s)
>> 101 (1140: 1634 1666 1634) (0.00831 s)
>> 101 (1371: 1663 1682 1663) (0.008034 s)
>> 101 (1238: 1619 1706 1619) (0.008263 s)
>> 0 (-1: -1 -1 -1) (0.004624 s)
Zelikovsky 0.414503 s
>> 101 (54: 1708 1787 1748) (0.337629 s)
>> 101 (265: 1708 1817 1682) (0.333341 s)
>> 101 (444: 1708 1719 1689) (0.330514 s)
>> 101 (710: 1627 1802 1708) (0.324168 s)
>> 101 (987: 1786 1668 1627) (0.325047 s)
>> 101 (1027: 1637 1786 1647) (0.33771 s)
>> 101 (1140: 1634 1666 1637) (0.319221 s)
>> 101 (1145: 1653 1740 1634) (0.315232 s)
>> 101 (1146: 1743 1801 1653) (0.324695 s)
>> 101 (1183: 1693 1778 1743) (0.310746 s)
>> 101 (1371: 1663 1818 1693) (0.31948 s)
>> 101 (1377: 1621 1807 1691) (0.310389 s)
>> 100 (32: 1727 1742 1635) (0.305658 s)
>> 100 (107: 1754 1710 1681) (0.302651 s)
>> 100 (173: 1781 1744 1700) (0.301204 s)
>> 100 (302: 1758 1737 1663) (0.300766 s)
>> 100 (690: 1812 1758 1660) (0.305449 s)
>> 100 (728: 1685 1780 1723) (0.295933 s)
>> 100 (746: 1754 1812 1789) (0.29154 s)
>> 100 (1257: 1644 1697 1659) (0.291291 s)
>> 100 (1551: 1711 1783 1754) (0.296357 s)
>> 99 (171: 1711 1712 1676) (0.290625 s)
>> 99 (226: 1711 1739 1654) (0.287839 s)
>> 99 (1081: 1625 1791 1711) (0.282889 s)
>> 99 (1498: 1770 1629 1625) (0.28623 s)
>> 99 (1516: 1806 1770 1683) (0.284318 s)
>> 98 (385: 1811 1806 1797) (0.280242 s)
>> 98 (605: 1762 1811 1686) (0.293678 s)
>> 97 (184: 1795 1725 1684) (0.280691 s)
>> 97 (778: 1638 1705 1685) (0.283786 s)
>> 96 (680: 1762 1763 1747) (0.281399 s)
>> 96 (1111: 1631 1762 1759) (0.277933 s)
>> 96 (1533: 1771 1670 1631) (0.280662 s)
>> 94 (1080: 1632 1771 1706) (0.275212 s)
>> 87 (1524: 1632 1796 1774) (0.281286 s)
>> 85 (150: 1648 1803 1632) (0.28236 s)
>> 83 (1519: 1621 1738 1665) (0.26937 s)
>> 0 (-1: -1 -1 -1) (0.270114 s)
Zelikovsky- 11.3811 s
>>> get_solution
  refine_solution: new weight 25756 (was 25844) in 0.004202 s
  refine_solution: new weight 25756 (was 25756) in 0.004139 s
>>> get_solution
  refine_solution: new weight 30608 (was 31017) in 0.004173 s
  refine_solution: new weight 30207 (was 30608) in 0.004156 s
  refine_solution: new weight 30015 (was 30207) in 0.004146 s
  refine_solution: new weight 30015 (was 30015) in 0.004156 s
13,,1246,4221,94,,1245,0,,31017,30015,30420,25844,25756,,852,8,@@

  handle_small_Steiner_degrees: steiner 2, suppress 86 in 0.000455 s
Starting round 14
Found 669 isolated vertices
Invalid ratios recomputed: 1149
Best ratio is 619/5 (123.8), centered at 931
Finding the best star... Star with 6 terminals centered in 1740
round took: 0.217634 s
|V| = 1819, |E| = 3881, |R| = 89
>> 101 (697: 1676 1682 1676) (0.007476 s)
>> 101 (1027: 1637 1647 1637) (0.007361 s)
>> 101 (1140: 1634 1666 1634) (0.007165 s)
>> 101 (1238: 1619 1706 1619) (0.007126 s)
>> 0 (-1: -1 -1 -1) (0.003972 s)
Zelikovsky 0.34569 s
>> 101 (265: 1740 1817 1682) (0.28364 s)
>> 101 (444: 1719 1740 1689) (0.285946 s)
>> 101 (987: 1786 1719 1668) (0.275303 s)
>> 101 (1027: 1637 1786 1647) (0.275184 s)
>> 101 (1140: 1634 1666 1637) (0.264268 s)
>> 101 (1146: 1743 1801 1634) (0.191975 s)
>> 101 (1183: 1693 1778 1743) (0.221047 s)
>> 101 (1371: 1663 1818 1693) (0.265812 s)
>> 101 (1377: 1621 1807 1691) (0.266474 s)
>> 100 (32: 1727 1742 1635) (0.264908 s)
>> 100 (173: 1781 1744 1700) (0.263811 s)
>> 100 (302: 1758 1737 1663) (0.270947 s)
>> 100 (690: 1812 1758 1660) (0.25916 s)
>> 100 (728: 1685 1780 1723) (0.260291 s)
>> 100 (746: 1754 1812 1789) (0.256658 s)
>> 100 (1257: 1644 1697 1659) (0.256664 s)
>> 100 (1551: 1711 1783 1754) (0.255334 s)
>> 99 (26: 1727 1721 1654) (0.245909 s)
>> 99 (171: 1711 1712 1676) (0.249633 s)
>> 99 (510: 1629 1787 1685) (0.250322 s)
>> 99 (525: 1711 1739 1686) (0.247624 s)
>> 99 (1081: 1625 1791 1711) (0.245944 s)
>> 99 (1516: 1806 1683 1625) (0.245746 s)
>> 98 (385: 1811 1806 1797) (0.245238 s)
>> 98 (1129: 1759 1811 1770) (0.237173 s)
>> 98 (1599: 1763 1762 1759) (0.239917 s)
>> 97 (1407: 1763 1681 1632) (0.247055 s)
>> 96 (1193: 1684 1727 1653) (0.252687 s)
>> 96 (1332: 1726 1715 1670) (0.247845 s)
>> 95 (123: 1763 1747 1665) (0.238677 s)
>> 95 (606: 1674 1763 1705) (0.236557 s)
>> 92 (1333: 1796 1706 1674) (0.235827 s)
>> 87 (682: 1631 1796 1738) (0.233583 s)
>> 87 (1267: 1648 1771 1631) (0.241193 s)
>> 4 (1012: 1803 1781 1648) (0.233897 s)
>> 0 (-1: -1 -1 -1) (0.2307 s)
Zelikovsky- 9.03486 s
>>> get_solution
  refine_solution: new weight 25744 (was 25841) in 0.004176 s
  refine_solution: new weight 25744 (was 25744) in 0.004138 s
>>> get_solution
  refine_solution: new weight 29919 (was 30523) in 0.004156 s
  refine_solution: new weight 29813 (was 29919) in 0.004109 s
  refine_solution: new weight 29813 (was 29813) in 0.004108 s
14,,1150,3881,89,,1149,0,,30523,29813,29937,25841,25744,,619,6,@@

  handle_small_Steiner_degrees: steiner 2, suppress 60 in 0.000243 s
Starting round 15
Found 737 isolated vertices
Invalid ratios recomputed: 1081
Best ratio is 743/6 (123.8), centered at 184
Finding the best star... Star with 7 terminals centered in 1795
round took: 0.195689 s
|V| = 1819, |E| = 3596, |R| = 83
>> 101 (697: 1676 1682 1676) (0.006619 s)
>> 101 (1027: 1637 1647 1637) (0.006365 s)
>> 101 (1140: 1634 1666 1634) (0.00612 s)
>> 101 (1238: 1619 1706 1619) (0.006185 s)
>> 0 (-1: -1 -1 -1) (0.003443 s)
Zelikovsky 0.301283 s
>> 101 (265: 1795 1817 1682) (0.240529 s)
>> 101 (444: 1719 1795 1689) (0.239167 s)
>> 101 (1027: 1637 1719 1647) (0.238524 s)
>> 101 (1140: 1634 1666 1637) (0.233105 s)
>> 101 (1146: 1743 1801 1634) (0.241909 s)
>> 101 (1183: 1693 1778 1743) (0.24132 s)
>> 101 (1371: 1663 1818 1693) (0.237104 s)
>> 101 (1377: 1621 1807 1691) (0.231934 s)
>> 100 (32: 1727 1742 1635) (0.23034 s)
>> 100 (173: 1663 1744 1700) (0.223899 s)
>> 100 (302: 1758 1737 1663) (0.223646 s)
>> 100 (690: 1812 1758 1660) (0.231586 s)
>> 100 (728: 1685 1780 1723) (0.22654 s)
>> 100 (746: 1754 1812 1789) (0.226093 s)
>> 100 (1257: 1644 1697 1659) (0.22482 s)
>> 100 (1551: 1711 1783 1754) (0.221514 s)
>> 99 (26: 1727 1721 1654) (0.218436 s)
>> 99 (171: 1711 1712 1676) (0.21382 s)
>> 99 (510: 1629 1787 1685) (0.211804 s)
>> 99 (525: 1711 1739 1686) (0.211573 s)
>> 99 (1081: 1625 1791 1711) (0.210703 s)
>> 99 (1516: 1806 1683 1625) (0.213419 s)
>> 98 (385: 1811 1806 1797) (0.206538 s)
>> 98 (1129: 1759 1811 1770) (0.206793 s)
>> 98 (1599: 1763 1762 1759) (0.206956 s)
>> 97 (1407: 1763 1681 1632) (0.202768 s)
>> 96 (1332: 1726 1715 1670) (0.20476 s)
>> 95 (123: 1763 1747 1665) (0.211367 s)
>> 95 (300: 1763 1774 1653) (0.211294 s)
>> 92 (1333: 1796 1763 1706) (0.20229 s)
>> 90 (57: 1796 1705 1631) (0.202591 s)
>> 87 (1267: 1648 1796 1771) (0.207529 s)
>> 85 (533: 1803 1738 1648) (0.20485 s)
>> 0 (-1: -1 -1 -1) (0.195214 s)
Zelikovsky- 7.46539 s
>>> get_solution
  refine_solution: new weight 25564 (was 25670) in 0.004199 s
  refine_solution: new weight 25564 (was 25564) in 0.00416 s
>>> get_solution
  refine_solution: new weight 29462 (was 30053) in 0.00416 s
  refine_solution: new weight 29457 (was 29462) in 0.004137 s
  refine_solution: new weight 29457 (was 29457) in 0.004162 s
15,,1082,3596,83,,1081,0,,30053,29457,29467,25670,25564,,743,7,@@

  handle_small_Steiner_degrees: steiner 1, suppress 60 in 0.000191 s
Starting round 16
Found 805 isolated vertices
Invalid ratios recomputed: 1013
Best ratio is 746/6 (124.3), centered at 1174
Finding the best star... Star with 7 terminals centered in 1670
round took: 0.177509 s
|V| = 1819, |E| = 3293, |R| = 77
>> 101 (1027: 1637 1647 1637) (0.005258 s)
>> 101 (1140: 1634 1666 1634) (0.005114 s)
>> 101 (1371: 1663 1670 1663) (0.005128 s)
>> 101 (697: 1676 1682 1676) (0.004913 s)
>> 101 (32: 1635 1727 1635) (0.004908 s)
>> 101 (637: 1718 1721 1718) (0.004826 s)
>> 101 (1450: 1625 1712 1625) (0.004694 s)
>> 101 (728: 1685 1723 1685) (0.004685 s)
>> 101 (301: 1660 1758 1660) (0.004584 s)
>> 101 (605: 1686 1762 1686) (0.004489 s)
>> 101 (1377: 1621 1691 1621) (0.004474 s)
>> 101 (1214: 1654 1705 1654) (0.004462 s)
>> 100 (456: 1668 1743 1668) (0.004368 s)
>> 100 (1498: 1629 1719 1629) (0.004235 s)
>> 100 (191: 1711 1738 1711) (0.004134 s)
>> 101 (1006: 1665 1689 1665) (0.004044 s)
>> 100 (135: 1653 1787 1653) (0.004009 s)
>> 100 (568: 1644 1766 1644) (0.003919 s)
>> 100 (1433: 1697 1706 1697) (0.003894 s)
>> 100 (1332: 1715 1726 1715) (0.003732 s)
>> 100 (1126: 1763 1806 1763) (0.003606 s)
>> 100 (443: 1683 1783 1683) (0.00351 s)
>> 100 (1467: 1754 1797 1754) (0.003434 s)
>> 99 (529: 1619 1791 1619) (0.003222 s)
>> 0 (-1: -1 -1 -1) (0.002736 s)
Zelikovsky 0.334951 s
>> 101 (265: 1670 1817 1682) (0.21255 s)
>> 101 (444: 1670 1719 1689) (0.214318 s)
>> 101 (1027: 1637 1670 1647) (0.20642 s)
>> 101 (1140: 1634 1666 1637) (0.203819 s)
>> 101 (1146: 1743 1801 1634) (0.203891 s)
>> 101 (1371: 1663 1818 1743) (0.202724 s)
>> 101 (1377: 1621 1807 1691) (0.195513 s)
>> 100 (32: 1727 1742 1635) (0.196929 s)
>> 100 (173: 1663 1744 1700) (0.195167 s)
>> 100 (302: 1758 1737 1663) (0.202254 s)
>> 100 (728: 1685 1780 1723) (0.188243 s)
>> 100 (746: 1754 1789 1758) (0.191096 s)
>> 100 (1551: 1711 1783 1754) (0.190368 s)
>> 99 (26: 1727 1721 1654) (0.190893 s)
>> 99 (171: 1711 1712 1676) (0.190333 s)
>> 99 (224: 1778 1762 1711) (0.190361 s)
>> 99 (510: 1629 1787 1685) (0.182177 s)
>> 99 (525: 1778 1739 1686) (0.184834 s)
>> 99 (1081: 1625 1791 1778) (0.183118 s)
>> 99 (1516: 1806 1683 1625) (0.183992 s)
>> 98 (381: 1750 1806 1759) (0.179775 s)
>> 98 (385: 1811 1797 1750) (0.178137 s)
>> 97 (521: 1803 1811 1660) (0.181591 s)
>> 96 (578: 1763 1803 1705) (0.186607 s)
>> 95 (300: 1763 1774 1653) (0.176897 s)
>> 95 (1144: 1681 1770 1763) (0.179934 s)
>> 93 (250: 1621 1771 1715) (0.180838 s)
>> 92 (972: 1665 1681 1631) (0.182681 s)
>> 92 (1333: 1796 1706 1665) (0.177067 s)
>> 2 (393: 1629 1796 1648) (0.174909 s)
>> 0 (-1: -1 -1 -1) (0.175447 s)
Zelikovsky- 5.89219 s
>>> get_solution
  refine_solution: new weight 25583 (was 25683) in 0.004166 s
  refine_solution: new weight 25583 (was 25583) in 0.004122 s
>>> get_solution
  refine_solution: new weight 29088 (was 29587) in 0.004179 s
  refine_solution: new weight 29083 (was 29088) in 0.004137 s
  refine_solution: new weight 29083 (was 29083) in 0.004142 s
16,,1014,3293,77,,1013,0,,29587,29083,26369,25683,25583,,746,7,@@

  delete_edges: deleted 66 edges in 0.289741 s and 66 rounds
  handle_small_Steiner_degrees: steiner 0, suppress 64 in 0.000306 s
Starting round 17
Found 876 isolated vertices
Invalid ratios recomputed: 942
Best ratio is 630/5 (126.0), centered at 1433
Finding the best star... Star with 6 terminals centered in 1807
round took: 0.150905 s
|V| = 1819, |E| = 2989, |R| = 72
>> 101 (697: 1676 1682 1676) (0.00463 s)
>> 101 (1027: 1637 1647 1637) (0.004544 s)
>> 101 (1140: 1634 1666 1634) (0.004465 s)
>> 101 (1377: 1621 1691 1621) (0.00434 s)
>> 101 (1146: 1743 1801 1743) (0.004315 s)
>> 100 (32: 1635 1727 1635) (0.004255 s)
>> 100 (637: 1718 1721 1718) (0.004054 s)
>> 100 (728: 1685 1723 1685) (0.004017 s)
>> 100 (918: 1629 1719 1629) (0.003789 s)
>> 100 (1210: 1737 1738 1737) (0.003681 s)
>> 100 (173: 1700 1744 1700) (0.003609 s)
>> 100 (1548: 1619 1750 1619) (0.00355 s)
>> 0 (-1: -1 -1 -1) (0.002258 s)
Zelikovsky 0.241353 s
>> 101 (265: 1807 1817 1682) (0.175391 s)
>> 101 (1027: 1637 1807 1647) (0.174238 s)
>> 101 (1140: 1634 1666 1637) (0.175666 s)
>> 101 (1146: 1743 1801 1634) (0.170739 s)
>> 101 (1377: 1621 1743 1691) (0.169925 s)
>> 100 (32: 1727 1742 1635) (0.168651 s)
>> 100 (173: 1621 1744 1700) (0.16881 s)
>> 100 (302: 1758 1737 1621) (0.166565 s)
>> 100 (728: 1685 1780 1723) (0.16671 s)
>> 100 (746: 1754 1789 1758) (0.163648 s)
>> 100 (918: 1754 1719 1629) (0.162923 s)
>> 100 (1551: 1711 1783 1754) (0.16102 s)
>> 99 (26: 1727 1721 1654) (0.156878 s)
>> 99 (71: 1797 1818 1711) (0.158212 s)
>> 99 (171: 1797 1712 1676) (0.156087 s)
>> 99 (224: 1778 1797 1762) (0.157112 s)
>> 99 (525: 1778 1739 1686) (0.158493 s)
>> 99 (1006: 1665 1799 1778) (0.158118 s)
>> 99 (1081: 1625 1791 1665) (0.157842 s)
>> 99 (1516: 1806 1683 1625) (0.156411 s)
>> 98 (381: 1750 1806 1759) (0.154592 s)
>> 97 (47: 1811 1750 1681) (0.148684 s)
>> 97 (521: 1803 1811 1660) (0.150134 s)
>> 96 (578: 1763 1803 1705) (0.149117 s)
>> 95 (135: 1763 1787 1653) (0.149683 s)
>> 94 (986: 1796 1770 1763) (0.150875 s)
>> 93 (250: 1796 1771 1715) (0.149458 s)
>> 87 (682: 1631 1796 1738) (0.152858 s)
>> 86 (484: 1631 1774 1772) (0.148829 s)
>> 0 (-1: -1 -1 -1) (0.147425 s)
Zelikovsky- 4.79404 s
>>> get_solution
  refine_solution: new weight 25528 (was 25606) in 0.004239 s
  refine_solution: new weight 25528 (was 25528) in 0.004148 s
>>> get_solution
  refine_solution: new weight 29200 (was 29408) in 0.004203 s
  refine_solution: new weight 29200 (was 29200) in 0.00416 s
17,,943,2989,72,,942,0,,29408,29200,27730,25606,25528,,630,6,@@

  handle_small_Steiner_degrees: steiner 2, suppress 56 in 0.000214 s
Starting round 18
Found 940 isolated vertices
Invalid ratios recomputed: 878
Best ratio is 636/5 (127.2), centered at 776
Finding the best star... Star with 6 terminals centered in 1807
round took: 0.13316 s
|V| = 1819, |E| = 2751, |R| = 67
>> 101 (697: 1676 1682 1676) (0.003939 s)
>> 101 (1027: 1637 1647 1637) (0.003952 s)
>> 101 (1140: 1634 1666 1634) (0.003739 s)
>> 101 (1377: 1621 1691 1621) (0.003612 s)
>> 0 (-1: -1 -1 -1) (0.002016 s)
Zelikovsky 0.186602 s
>> 101 (265: 1807 1817 1682) (0.149315 s)
>> 101 (1027: 1637 1807 1647) (0.148603 s)
>> 101 (1140: 1634 1666 1637) (0.144043 s)
>> 101 (1377: 1621 1691 1634) (0.142593 s)
>> 100 (32: 1727 1742 1635) (0.142846 s)
>> 100 (173: 1621 1744 1700) (0.142103 s)
>> 100 (637: 1718 1766 1621) (0.140484 s)
>> 100 (728: 1685 1780 1723) (0.140557 s)
>> 100 (746: 1754 1789 1718) (0.13802 s)
>> 100 (877: 1727 1754 1743) (0.13746 s)
>> 100 (918: 1727 1719 1629) (0.137972 s)
>> 100 (1210: 1727 1738 1737) (0.137617 s)
>> 99 (71: 1797 1818 1727) (0.136935 s)
>> 99 (171: 1797 1712 1676) (0.134583 s)
>> 99 (224: 1778 1797 1762) (0.133373 s)
>> 99 (226: 1778 1739 1654) (0.133526 s)
>> 99 (1006: 1665 1799 1778) (0.128044 s)
>> 99 (1454: 1665 1791 1681) (0.131146 s)
>> 99 (1516: 1806 1683 1665) (0.130138 s)
>> 98 (381: 1750 1806 1759) (0.130637 s)
>> 97 (38: 1686 1774 1750) (0.130572 s)
>> 97 (521: 1803 1686 1660) (0.130728 s)
>> 96 (578: 1763 1803 1705) (0.130935 s)
>> 95 (135: 1811 1787 1653) (0.124942 s)
>> 95 (1142: 1763 1796 1668) (0.127544 s)
>> 93 (250: 1763 1771 1715) (0.128223 s)
>> 4 (524: 1794 1770 1763) (0.127049 s)
>> 0 (-1: -1 -1 -1) (0.128049 s)
Zelikovsky- 3.79541 s
>>> get_solution
  refine_solution: new weight 25712 (was 25794) in 0.004144 s
  refine_solution: new weight 25712 (was 25712) in 0.004136 s
>>> get_solution
  refine_solution: new weight 29026 (was 29133) in 0.004157 s
  refine_solution: new weight 29026 (was 29026) in 0.00415 s
18,,879,2751,67,,878,0,,29133,29026,28540,25794,25712,,636,6,@@

  handle_small_Steiner_degrees: steiner 0, suppress 65 in 0.000199 s
Starting round 19
Found 1011 isolated vertices
Invalid ratios recomputed: 807
Best ratio is 637/5 (127.4), centered at 43
Finding the best star... Star with 6 terminals centered in 1721
round took: 0.111757 s
|V| = 1819, |E| = 2460, |R| = 62
>> 101 (1027: 1637 1647 1637) (0.003104 s)
>> 101 (1140: 1634 1666 1634) (0.003129 s)
>> 101 (697: 1676 1682 1676) (0.003054 s)
>> 100 (918: 1629 1719 1629) (0.002991 s)
>> 100 (32: 1635 1721 1635) (0.002932 s)
>> 101 (728: 1685 1723 1685) (0.002873 s)
>> 101 (1214: 1654 1705 1654) (0.002822 s)
>> 101 (456: 1668 1743 1668) (0.002738 s)
>> 100 (1332: 1715 1726 1715) (0.002652 s)
>> 100 (605: 1686 1762 1686) (0.002591 s)
>> 100 (135: 1653 1787 1653) (0.002546 s)
>> 101 (568: 1644 1766 1644) (0.002489 s)
>> 100 (1126: 1763 1806 1763) (0.002439 s)
>> 97 (213: 1631 1700 1631) (0.002352 s)
>> 97 (36: 1660 1780 1660) (0.002309 s)
>> 97 (111: 1739 1744 1739) (0.002215 s)
>> 96 (598: 1648 1712 1648) (0.002188 s)
>> 96 (123: 1627 1665 1627) (0.002086 s)
>> 100 (443: 1683 1783 1683) (0.002032 s)
>> 97 (227: 1789 1799 1789) (0.00194 s)
>> 95 (1129: 1759 1770 1759) (0.001896 s)
>> 95 (801: 1791 1797 1791) (0.001804 s)
>> 0 (-1: -1 -1 -1) (0.001699 s)
Zelikovsky 0.190689 s
>> 101 (265: 1721 1817 1682) (0.122642 s)
>> 101 (1027: 1637 1721 1647) (0.121526 s)
>> 101 (1140: 1634 1666 1637) (0.121515 s)
>> 100 (32: 1634 1742 1635) (0.119184 s)
>> 100 (173: 1634 1744 1700) (0.119514 s)
>> 100 (728: 1685 1780 1723) (0.118914 s)
>> 100 (746: 1754 1789 1634) (0.115722 s)
>> 100 (918: 1754 1719 1629) (0.113541 s)
>> 99 (71: 1797 1818 1754) (0.114161 s)
>> 99 (171: 1797 1712 1676) (0.112298 s)
>> 99 (224: 1778 1797 1762) (0.112268 s)
>> 99 (226: 1778 1739 1654) (0.11027 s)
>> 99 (646: 1766 1787 1778) (0.110988 s)
>> 99 (1006: 1665 1799 1766) (0.11174 s)
>> 99 (1454: 1665 1791 1681) (0.11044 s)
>> 99 (1516: 1806 1683 1665) (0.109139 s)
>> 98 (302: 1806 1737 1668) (0.106916 s)
>> 98 (381: 1750 1806 1759) (0.10776 s)
>> 98 (1214: 1750 1743 1705) (0.108002 s)
>> 97 (38: 1686 1774 1750) (0.107425 s)
>> 97 (521: 1803 1686 1660) (0.106904 s)
>> 95 (135: 1811 1803 1653) (0.108958 s)
>> 94 (986: 1796 1811 1770) (0.107522 s)
>> 93 (250: 1796 1771 1715) (0.107511 s)
>> 92 (582: 1796 1648 1621) (0.108322 s)
>> 0 (-1: -1 -1 -1) (0.108677 s)
Zelikovsky- 2.92834 s
>>> get_solution
  refine_solution: new weight 25543 (was 25635) in 0.004244 s
  refine_solution: new weight 25543 (was 25543) in 0.004171 s
>>> get_solution
  refine_solution: new weight 28852 (was 28859) in 0.004232 s
  refine_solution: new weight 28852 (was 28852) in 0.004143 s
19,,808,2460,62,,807,0,,28859,28852,25678,25635,25543,,637,6,@@

  handle_small_Steiner_degrees: steiner 2, suppress 82 in 0.000296 s
Starting round 20
Found 1101 isolated vertices
Invalid ratios recomputed: 717
Best ratio is 638/5 (127.6), centered at 111
Finding the best star... Star with 6 terminals centered in 1744
round took: 0.091411 s
|V| = 1819, |E| = 2156, |R| = 57
>> 101 (1027: 1637 1647 1637) (0.00273 s)
>> 101 (1140: 1634 1666 1634) (0.002656 s)
>> 101 (697: 1676 1682 1676) (0.002553 s)
>> 100 (918: 1629 1719 1629) (0.00249 s)
>> 100 (32: 1635 1742 1635) (0.002415 s)
>> 100 (728: 1685 1723 1685) (0.002359 s)
>> 100 (746: 1744 1754 1744) (0.002318 s)
>> 101 (1214: 1654 1705 1654) (0.002318 s)
>> 101 (456: 1668 1743 1668) (0.002181 s)
>> 101 (605: 1686 1762 1686) (0.00216 s)
>> 101 (135: 1653 1787 1653) (0.002089 s)
>> 101 (568: 1644 1766 1644) (0.002034 s)
>> 100 (1332: 1715 1726 1715) (0.002045 s)
>> 100 (1126: 1763 1806 1763) (0.001922 s)
>> 99 (186: 1780 1791 1780) (0.001847 s)
>> 98 (213: 1631 1700 1631) (0.00175 s)
>> 98 (227: 1789 1799 1789) (0.001697 s)
>> 97 (524: 1681 1770 1681) (0.001643 s)
>> 96 (598: 1648 1712 1648) (0.001535 s)
>> 96 (123: 1627 1665 1627) (0.001463 s)
>> 100 (443: 1683 1783 1683) (0.001437 s)
>> 88 (207: 1660 1771 1660) (0.001369 s)
>> 0 (-1: -1 -1 -1) (0.00133 s)
Zelikovsky 0.151971 s
>> 101 (265: 1744 1817 1682) (0.096814 s)
>> 101 (1027: 1637 1744 1647) (0.094339 s)
>> 101 (1140: 1634 1666 1637) (0.092044 s)
>> 100 (32: 1634 1742 1635) (0.092996 s)
>> 100 (728: 1685 1780 1723) (0.092034 s)
>> 100 (746: 1754 1789 1634) (0.091177 s)
>> 100 (918: 1754 1719 1629) (0.090326 s)
>> 99 (71: 1797 1818 1754) (0.093114 s)
>> 99 (96: 1660 1797 1700) (0.091025 s)
>> 99 (171: 1660 1712 1676) (0.090549 s)
>> 99 (224: 1778 1762 1660) (0.089412 s)
>> 99 (599: 1806 1778 1654) (0.090067 s)
>> 99 (646: 1766 1806 1787) (0.088998 s)
>> 99 (1006: 1665 1799 1766) (0.088103 s)
>> 99 (1454: 1665 1791 1681) (0.08735 s)
>> 98 (381: 1750 1759 1665) (0.087463 s)
>> 98 (1214: 1750 1743 1705) (0.086357 s)
>> 95 (135: 1811 1750 1653) (0.083278 s)
>> 95 (1569: 1668 1811 1783) (0.082074 s)
>> 93 (250: 1668 1771 1715) (0.083476 s)
>> 93 (521: 1803 1686 1668) (0.08384 s)
>> 92 (582: 1803 1648 1621) (0.083437 s)
>> 4 (524: 1794 1803 1770) (0.082895 s)
>> 0 (-1: -1 -1 -1) (0.083959 s)
Zelikovsky- 2.13065 s
>>> get_solution
  refine_solution: new weight 25479 (was 25555) in 0.004251 s
  refine_solution: new weight 25479 (was 25479) in 0.004176 s
>>> get_solution
  refine_solution: new weight 28478 (was 28485) in 0.004312 s
  refine_solution: new weight 28478 (was 28478) in 0.004217 s
20,,718,2156,57,,717,0,,28485,28478,25591,25555,25479,,638,6,@@

  handle_small_Steiner_degrees: steiner 4, suppress 74 in 0.000232 s
Starting round 21
Found 1185 isolated vertices
Invalid ratios recomputed: 634
Best ratio is 639/5 (127.8), centered at 108
Finding the best star... Star with 6 terminals centered in 1744
round took: 0.07059 s
|V| = 1819, |E| = 1850, |R| = 52
>> 101 (1027: 1637 1647 1637) (0.002221 s)
>> 101 (1140: 1634 1666 1634) (0.002132 s)
>> 101 (697: 1676 1682 1676) (0.002001 s)
>> 100 (918: 1629 1719 1629) (0.001982 s)
>> 100 (32: 1635 1742 1635) (0.001905 s)
>> 100 (728: 1685 1723 1685) (0.001847 s)
>> 100 (746: 1744 1754 1744) (0.001794 s)
>> 101 (1214: 1654 1705 1654) (0.001855 s)
>> 101 (456: 1668 1743 1668) (0.001807 s)
>> 101 (135: 1653 1787 1653) (0.0017 s)
>> 101 (1319: 1700 1766 1700) (0.001629 s)
>> 101 (1126: 1763 1806 1763) (0.001592 s)
>> 100 (185: 1712 1715 1712) (0.001533 s)
>> 99 (186: 1780 1791 1780) (0.001472 s)
>> 98 (227: 1631 1789 1631) (0.001431 s)
>> 97 (223: 1644 1648 1644) (0.001345 s)
>> 96 (123: 1627 1665 1627) (0.001295 s)
>> 101 (443: 1683 1783 1683) (0.001263 s)
>> 90 (207: 1660 1771 1660) (0.001197 s)
>> 0 (-1: -1 -1 -1) (0.001121 s)
Zelikovsky 0.112383 s
>> 101 (265: 1744 1817 1682) (0.070799 s)
>> 101 (1027: 1637 1744 1647) (0.068388 s)
>> 101 (1140: 1634 1666 1637) (0.069072 s)
>> 100 (32: 1634 1742 1635) (0.069298 s)
>> 100 (728: 1685 1780 1723) (0.068786 s)
>> 100 (746: 1754 1789 1634) (0.067539 s)
>> 100 (918: 1754 1719 1629) (0.066345 s)
>> 99 (96: 1660 1754 1700) (0.067797 s)
>> 99 (171: 1660 1712 1676) (0.066165 s)
>> 99 (599: 1806 1660 1654) (0.066323 s)
>> 99 (646: 1766 1806 1787) (0.06612 s)
>> 99 (1006: 1665 1799 1766) (0.065314 s)
>> 99 (1454: 1665 1791 1681) (0.064888 s)
>> 98 (381: 1750 1759 1665) (0.064959 s)
>> 98 (1214: 1750 1743 1705) (0.064685 s)
>> 97 (1093: 1818 1750 1621) (0.063949 s)
>> 95 (135: 1811 1818 1653) (0.064258 s)
>> 95 (1569: 1668 1811 1783) (0.063857 s)
>> 93 (250: 1668 1771 1715) (0.063761 s)
>> 93 (521: 1803 1686 1668) (0.063267 s)
>> 0 (-1: -1 -1 -1) (0.062973 s)
Zelikovsky- 1.39287 s
>>> get_solution
  refine_solution: new weight 25423 (was 25478) in 0.004185 s
  refine_solution: new weight 25423 (was 25423) in 0.004106 s
>>> get_solution
  refine_solution: new weight 27988 (was 28012) in 0.004162 s
  refine_solution: new weight 27988 (was 27988) in 0.004116 s
21,,634,1850,52,,634,0,,28012,27988,25417,25478,25423,,639,6,@@

  handle_small_Steiner_degrees: steiner 4, suppress 88 in 0.000191 s
Starting round 22
Found 1283 isolated vertices
Invalid ratios recomputed: 536
Best ratio is 517/4 (129.2), centered at 728
Finding the best star... Star with 5 terminals centered in 1685
round took: 0.047568 s
|V| = 1819, |E| = 1654, |R| = 48
>> 101 (1027: 1637 1647 1637) (0.001915 s)
>> 101 (1140: 1634 1666 1634) (0.001791 s)
>> 101 (697: 1676 1682 1676) (0.001724 s)
>> 100 (918: 1629 1719 1629) (0.001664 s)
>> 100 (32: 1635 1742 1635) (0.00159 s)
>> 100 (746: 1744 1754 1744) (0.001583 s)
>> 101 (135: 1653 1787 1653) (0.001634 s)
>> 101 (1126: 1763 1806 1763) (0.001578 s)
>> 100 (1214: 1654 1705 1654) (0.00148 s)
>> 101 (1353: 1685 1715 1685) (0.001419 s)
>> 102 (456: 1668 1743 1668) (0.00133 s)
>> 101 (1319: 1700 1766 1700) (0.001284 s)
>> 98 (972: 1631 1665 1631) (0.001223 s)
>> 100 (443: 1683 1783 1683) (0.001173 s)
>> 97 (529: 1686 1791 1686) (0.001114 s)
>> 96 (598: 1648 1712 1648) (0.001059 s)
>> 90 (207: 1660 1771 1660) (0.00099 s)
>> 0 (-1: -1 -1 -1) (0.000937 s)
Zelikovsky 0.080347 s
>> 101 (265: 1744 1817 1682) (0.050807 s)
>> 101 (1027: 1637 1744 1647) (0.050321 s)
>> 101 (1140: 1634 1666 1637) (0.04992 s)
>> 100 (32: 1634 1742 1635) (0.049311 s)
>> 100 (746: 1754 1789 1634) (0.050283 s)
>> 100 (918: 1754 1719 1629) (0.050255 s)
>> 99 (96: 1660 1754 1700) (0.047906 s)
>> 99 (171: 1660 1712 1676) (0.047885 s)
>> 99 (599: 1806 1660 1654) (0.047541 s)
>> 99 (646: 1766 1806 1787) (0.04756 s)
>> 99 (1006: 1665 1766 1685) (0.046925 s)
>> 99 (1454: 1665 1791 1681) (0.046879 s)
>> 98 (381: 1750 1759 1665) (0.046413 s)
>> 98 (1214: 1750 1743 1705) (0.045984 s)
>> 97 (1093: 1818 1750 1621) (0.044249 s)
>> 95 (135: 1811 1818 1653) (0.04355 s)
>> 95 (1569: 1668 1811 1783) (0.043693 s)
>> 93 (250: 1668 1771 1715) (0.044847 s)
>> 93 (521: 1803 1686 1668) (0.045165 s)
>> 0 (-1: -1 -1 -1) (0.044542 s)
Zelikovsky- 0.947791 s
>>> get_solution
  refine_solution: new weight 25423 (was 25478) in 0.004212 s
  refine_solution: new weight 25423 (was 25423) in 0.004132 s
>>> get_solution
  refine_solution: new weight 27497 (was 27619) in 0.00418 s
  refine_solution: new weight 27497 (was 27497) in 0.004136 s
22,,536,1654,48,,536,0,,27619,27497,25318,25478,25423,,517,5,@@

  handle_small_Steiner_degrees: steiner 0, suppress 4 in 2.1e-05 s
Starting round 23
Found 1292 isolated vertices
Invalid ratios recomputed: 524
Best ratio is 519/4 (129.8), centered at 1319
Finding the best star... Star with 5 terminals centered in 1766
round took: 0.047692 s
|V| = 1819, |E| = 1549, |R| = 44
>> 101 (1027: 1637 1647 1637) (0.001661 s)
>> 101 (1140: 1634 1666 1634) (0.001571 s)
>> 101 (697: 1676 1682 1676) (0.001449 s)
>> 100 (918: 1629 1719 1629) (0.001413 s)
>> 100 (32: 1635 1742 1635) (0.001305 s)
>> 100 (746: 1754 1766 1754) (0.00123 s)
>> 101 (135: 1653 1787 1653) (0.001317 s)
>> 101 (1126: 1763 1806 1763) (0.001269 s)
>> 101 (1353: 1685 1715 1685) (0.001268 s)
>> 101 (1214: 1654 1705 1654) (0.001147 s)
>> 98 (972: 1631 1665 1631) (0.001102 s)
>> 100 (443: 1683 1783 1683) (0.001077 s)
>> 97 (529: 1686 1791 1686) (0.001017 s)
>> 96 (416: 1648 1668 1648) (0.000992 s)
>> 93 (207: 1660 1771 1660) (0.00092 s)
>> 93 (555: 1621 1712 1621) (0.000821 s)
>> 0 (-1: -1 -1 -1) (0.000702 s)
Zelikovsky 0.072241 s
>> 101 (265: 1766 1817 1682) (0.051323 s)
>> 101 (1027: 1637 1766 1647) (0.04928 s)
>> 101 (1140: 1634 1666 1637) (0.048379 s)
>> 100 (32: 1634 1742 1635) (0.04768 s)
>> 100 (746: 1754 1789 1634) (0.047171 s)
>> 100 (918: 1754 1719 1629) (0.046861 s)
>> 99 (171: 1754 1712 1676) (0.045896 s)
>> 99 (599: 1806 1754 1654) (0.043868 s)
>> 99 (1006: 1665 1806 1685) (0.044655 s)
>> 98 (185: 1791 1715 1665) (0.045231 s)
>> 98 (381: 1750 1791 1759) (0.044351 s)
>> 98 (1214: 1750 1743 1705) (0.044003 s)
>> 97 (1093: 1818 1750 1621) (0.043821 s)
>> 95 (135: 1811 1787 1653) (0.04341 s)
>> 95 (501: 1686 1818 1660) (0.043624 s)
>> 95 (1569: 1668 1783 1686) (0.042991 s)
>> 93 (1389: 1763 1771 1668) (0.041696 s)
>> 0 (-1: -1 -1 -1) (0.041002 s)
Zelikovsky- 0.818583 s
>>> get_solution
  refine_solution: new weight 25243 (was 25288) in 0.004138 s
  refine_solution: new weight 25243 (was 25243) in 0.004093 s
>>> get_solution
  refine_solution: new weight 27519 (was 27530) in 0.004144 s
  refine_solution: new weight 27519 (was 27519) in 0.004102 s
23,,527,1549,44,,524,0,,27530,27519,25231,25288,25243,,519,5,@@

  handle_small_Steiner_degrees: steiner 4, suppress 50 in 9.7e-05 s
Starting round 24
Found 1351 isolated vertices
Invalid ratios recomputed: 468
Best ratio is 522/4 (130.5), centered at 185
Finding the best star... Star with 5 terminals centered in 1791
round took: 0.037676 s
|V| = 1819, |E| = 1335, |R| = 40
>> 101 (1027: 1637 1647 1637) (0.001311 s)
>> 101 (1140: 1634 1666 1634) (0.001229 s)
>> 101 (697: 1676 1682 1676) (0.00115 s)
>> 100 (918: 1629 1719 1629) (0.001083 s)
>> 100 (32: 1635 1742 1635) (0.001009 s)
>> 100 (746: 1754 1789 1754) (0.000977 s)
>> 100 (710: 1627 1791 1627) (0.000911 s)
>> 101 (1126: 1763 1806 1763) (0.000942 s)
>> 101 (1214: 1654 1705 1654) (0.000861 s)
>> 99 (865: 1621 1653 1621) (0.000833 s)
>> 0 (-1: -1 -1 -1) (0.000611 s)
Zelikovsky 0.049982 s
>> 101 (265: 1791 1817 1682) (0.03645 s)
>> 101 (1027: 1637 1791 1647) (0.036109 s)
>> 101 (1140: 1634 1666 1637) (0.03542 s)
>> 100 (32: 1634 1742 1635) (0.035123 s)
>> 100 (746: 1754 1789 1634) (0.034772 s)
>> 100 (918: 1754 1719 1629) (0.035591 s)
>> 99 (290: 1665 1754 1676) (0.033617 s)
>> 99 (599: 1806 1665 1654) (0.032729 s)
>> 98 (301: 1685 1806 1660) (0.033626 s)
>> 98 (381: 1750 1759 1685) (0.033889 s)
>> 98 (1214: 1750 1743 1705) (0.033695 s)
>> 97 (1093: 1818 1750 1621) (0.03401 s)
>> 95 (135: 1811 1818 1653) (0.034254 s)
>> 95 (1569: 1668 1811 1783) (0.033558 s)
>> 93 (1389: 1763 1771 1668) (0.033095 s)
>> 84 (57: 1763 1686 1631) (0.032898 s)
>> 0 (-1: -1 -1 -1) (0.032843 s)
Zelikovsky- 0.584471 s
>>> get_solution
  refine_solution: new weight 25055 (was 25107) in 0.004213 s
  refine_solution: new weight 25055 (was 25055) in 0.004215 s
>>> get_solution
  refine_solution: new weight 27027 (was 27137) in 0.004192 s
  refine_solution: new weight 27027 (was 27027) in 0.004161 s
24,,468,1335,40,,468,0,,27137,27027,25778,25107,25055,,522,5,@@

  handle_small_Steiner_degrees: steiner 2, suppress 65 in 9.4e-05 s
Starting round 25
Found 1423 isolated vertices
Invalid ratios recomputed: 396
Best ratio is 523/4 (130.8), centered at 1126
Finding the best star... Star with 5 terminals centered in 1806
round took: 0.027152 s
|V| = 1819, |E| = 1111, |R| = 36
>> 101 (1027: 1637 1647 1637) (0.001043 s)
>> 101 (1140: 1634 1666 1634) (0.000972 s)
>> 101 (697: 1676 1682 1676) (0.000918 s)
>> 100 (918: 1629 1719 1629) (0.000848 s)
>> 100 (32: 1635 1742 1635) (0.000794 s)
>> 100 (746: 1754 1789 1754) (0.00073 s)
>> 100 (710: 1627 1802 1627) (0.000684 s)
>> 98 (1214: 1654 1705 1654) (0.000653 s)
>> 98 (301: 1660 1685 1660) (0.000614 s)
>> 98 (381: 1750 1759 1750) (0.00055 s)
>> 97 (605: 1686 1794 1686) (0.000506 s)
>> 96 (456: 1668 1743 1668) (0.00047 s)
>> 96 (1336: 1648 1806 1648) (0.000447 s)
>> 0 (-1: -1 -1 -1) (0.000458 s)
Zelikovsky 0.036779 s
>> 101 (265: 1806 1817 1682) (0.024437 s)
>> 101 (1027: 1637 1806 1647) (0.02404 s)
>> 101 (1140: 1634 1666 1637) (0.024365 s)
>> 100 (32: 1634 1742 1635) (0.024584 s)
>> 100 (746: 1754 1789 1634) (0.023111 s)
>> 100 (918: 1754 1719 1629) (0.023486 s)
>> 98 (301: 1685 1754 1660) (0.02348 s)
>> 98 (381: 1750 1759 1685) (0.023568 s)
>> 98 (525: 1676 1750 1686) (0.02392 s)
>> 98 (1214: 1654 1743 1705) (0.023253 s)
>> 95 (135: 1811 1676 1653) (0.022997 s)
>> 95 (456: 1811 1668 1654) (0.022663 s)
>> 93 (1361: 1794 1811 1631) (0.022595 s)
>> 92 (582: 1794 1648 1621) (0.022584 s)
>> 91 (443: 1683 1802 1783) (0.022442 s)
>> 0 (-1: -1 -1 -1) (0.022496 s)
Zelikovsky- 0.37624 s
>>> get_solution
  refine_solution: new weight 25043 (was 25105) in 0.004165 s
  refine_solution: new weight 25043 (was 25043) in 0.004141 s
>>> get_solution
  refine_solution: new weight 26431 (was 26648) in 0.00418 s
  refine_solution: new weight 26431 (was 26431) in 0.004126 s
25,,396,1111,36,,396,0,,26648,26431,25477,25105,25043,,523,5,@@

  handle_small_Steiner_degrees: steiner 2, suppress 51 in 6.8e-05 s
Starting round 26
Found 1481 isolated vertices
Invalid ratios recomputed: 338
Best ratio is 528/4 (132.0), centered at 508
Finding the best star... Star with 5 terminals centered in 1647
round took: 0.020085 s
|V| = 1819, |E| = 945, |R| = 32
>> 101 (697: 1647 1676 1647) (0.000817 s)
>> 101 (747: 1666 1685 1666) (0.00081 s)
>> 101 (1214: 1654 1705 1654) (0.000728 s)
>> 102 (865: 1621 1653 1621) (0.000685 s)
>> 0 (-1: -1 -1 -1) (0.000437 s)
Zelikovsky 0.022088 s
>> 101 (265: 1647 1817 1682) (0.017947 s)
>> 100 (32: 1647 1742 1635) (0.017662 s)
>> 100 (746: 1647 1789 1754) (0.017146 s)
>> 100 (918: 1647 1719 1629) (0.016964 s)
>> 99 (747: 1666 1685 1647) (0.016623 s)
>> 98 (381: 1750 1759 1666) (0.016463 s)
>> 98 (525: 1676 1750 1686) (0.016343 s)
>> 98 (1214: 1654 1743 1705) (0.01625 s)
>> 95 (135: 1811 1676 1653) (0.015968 s)
>> 95 (456: 1811 1668 1654) (0.015732 s)
>> 93 (1361: 1794 1811 1631) (0.015447 s)
>> 92 (582: 1794 1648 1621) (0.01598 s)
>> 87 (745: 1794 1771 1637) (0.015954 s)
>> 0 (-1: -1 -1 -1) (0.015839 s)
Zelikovsky- 0.231991 s
>>> get_solution
  refine_solution: new weight 24976 (was 25026) in 0.004245 s
  refine_solution: new weight 24976 (was 24976) in 0.004152 s
>>> get_solution
  refine_solution: new weight 26657 (was 26669) in 0.004211 s
  refine_solution: new weight 26657 (was 26657) in 0.004156 s
26,,338,945,32,,338,0,,26669,26657,25997,25026,24976,,528,5,@@

  handle_small_Steiner_degrees: steiner 0, suppress 39 in 6.7e-05 s
Starting round 27
Found 1525 isolated vertices
Invalid ratios recomputed: 294
Best ratio is 530/4 (132.5), centered at 227
Finding the best star... Star with 5 terminals centered in 1789
round took: 0.01525 s
|V| = 1819, |E| = 758, |R| = 28
>> 101 (697: 1676 1682 1676) (0.000598 s)
>> 100 (918: 1629 1719 1629) (0.000534 s)
>> 100 (32: 1635 1742 1635) (0.000522 s)
>> 100 (710: 1627 1789 1627) (0.000477 s)
>> 104 (865: 1621 1653 1621) (0.000464 s)
>> 0 (-1: -1 -1 -1) (0.000291 s)
Zelikovsky 0.016812 s
>> 101 (265: 1789 1817 1682) (0.013121 s)
>> 100 (32: 1789 1742 1635) (0.012825 s)
>> 100 (918: 1789 1719 1629) (0.012736 s)
>> 99 (138: 1754 1789 1654) (0.012459 s)
>> 98 (381: 1750 1759 1754) (0.011846 s)
>> 98 (525: 1676 1750 1686) (0.011861 s)
>> 98 (1027: 1637 1676 1627) (0.012492 s)
>> 98 (1214: 1637 1743 1705) (0.01254 s)
>> 96 (747: 1666 1783 1637) (0.012093 s)
>> 93 (416: 1668 1666 1648) (0.011982 s)
>> 90 (865: 1653 1668 1621) (0.011941 s)
>> 90 (1244: 1653 1794 1771) (0.011736 s)
>> 0 (-1: -1 -1 -1) (0.011489 s)
Zelikovsky- 0.160493 s
>>> get_solution
  refine_solution: new weight 24995 (was 25038) in 0.004232 s
  refine_solution: new weight 24995 (was 24995) in 0.004108 s
>>> get_solution
  refine_solution: new weight 26379 (was 26391) in 0.004137 s
  refine_solution: new weight 26379 (was 26379) in 0.004129 s
27,,294,758,28,,294,0,,26391,26379,25806,25038,24995,,530,5,@@

  handle_small_Steiner_degrees: steiner 5, suppress 65 in 7.5e-05 s
Starting round 28
Found 1600 isolated vertices
Invalid ratios recomputed: 219
Best ratio is 410/3 (136.7), centered at 32
Finding the best star... Star with 4 terminals centered in 1789
round took: 0.008696 s
|V| = 1819, |E| = 580, |R| = 25
>> 101 (697: 1676 1682 1676) (0.000485 s)
>> 100 (918: 1629 1719 1629) (0.000443 s)
>> 99 (138: 1654 1754 1654) (0.000399 s)
>> 98 (1027: 1627 1637 1627) (0.000359 s)
>> 98 (381: 1750 1759 1750) (0.000316 s)
>> 97 (605: 1686 1789 1686) (0.000286 s)
>> 104 (865: 1621 1653 1621) (0.000274 s)
>> 0 (-1: -1 -1 -1) (0.00022 s)
Zelikovsky 0.010983 s
>> 101 (265: 1789 1817 1682) (0.007534 s)
>> 100 (918: 1789 1719 1629) (0.007365 s)
>> 99 (138: 1754 1789 1654) (0.007255 s)
>> 98 (381: 1750 1759 1754) (0.007128 s)
>> 98 (525: 1676 1750 1686) (0.007035 s)
>> 98 (1027: 1637 1676 1627) (0.006924 s)
>> 98 (1214: 1637 1743 1705) (0.006824 s)
>> 96 (747: 1666 1783 1637) (0.006836 s)
>> 93 (416: 1668 1666 1648) (0.006717 s)
>> 90 (865: 1653 1668 1621) (0.006675 s)
>> 90 (1244: 1653 1794 1771) (0.006981 s)
>> 0 (-1: -1 -1 -1) (0.006908 s)
Zelikovsky- 0.08524 s
>>> get_solution
  refine_solution: new weight 24995 (was 25038) in 0.004277 s
  refine_solution: new weight 24995 (was 24995) in 0.004215 s
>>> get_solution
  refine_solution: new weight 26071 (was 26092) in 0.004274 s
  refine_solution: new weight 26071 (was 26071) in 0.004213 s
28,,219,580,25,,219,0,,26092,26071,25416,25038,24995,,410,4,@@

  handle_small_Steiner_degrees: steiner 0, suppress 33 in 3.8e-05 s
Starting round 29
Found 1637 isolated vertices
Invalid ratios recomputed: 182
Best ratio is 413/3 (137.7), centered at 1266
Finding the best star... Star with 4 terminals centered in 1759
round took: 0.006322 s
|V| = 1819, |E| = 460, |R| = 22
>> 101 (697: 1676 1682 1676) (0.000383 s)
>> 98 (1214: 1654 1705 1654) (0.000331 s)
>> 98 (1027: 1627 1637 1627) (0.000301 s)
>> 97 (605: 1686 1759 1686) (0.000269 s)
>> 104 (865: 1621 1653 1621) (0.000277 s)
>> 0 (-1: -1 -1 -1) (0.00017 s)
Zelikovsky 0.007287 s
>> 101 (265: 1759 1817 1682) (0.005171 s)
>> 98 (525: 1676 1759 1686) (0.004954 s)
>> 98 (1027: 1637 1676 1627) (0.004846 s)
>> 98 (1214: 1654 1743 1705) (0.004761 s)
>> 96 (598: 1750 1648 1637) (0.00464 s)
>> 96 (747: 1666 1783 1750) (0.004532 s)
>> 95 (456: 1666 1668 1654) (0.004496 s)
>> 92 (321: 1666 1653 1629) (0.00447 s)
>> 90 (1244: 1666 1794 1771) (0.004476 s)
>> 0 (-1: -1 -1 -1) (0.004498 s)
Zelikovsky- 0.047656 s
>>> get_solution
  refine_solution: new weight 24998 (was 25041) in 0.004229 s
  refine_solution: new weight 24998 (was 24998) in 0.004143 s
>>> get_solution
  refine_solution: new weight 25879 (was 25899) in 0.004199 s
  refine_solution: new weight 25879 (was 25879) in 0.00412 s
29,,182,460,22,,182,0,,25899,25879,25328,25041,24998,,413,4,@@

  handle_small_Steiner_degrees: steiner 2, suppress 39 in 4.4e-05 s
Starting round 30
Found 1682 isolated vertices
Invalid ratios recomputed: 137
Best ratio is 414/3 (138.0), centered at 293
Finding the best star... Star with 4 terminals centered in 1726
round took: 0.003765 s
|V| = 1819, |E| = 336, |R| = 19
>> 98 (1027: 1627 1637 1627) (0.000288 s)
>> 98 (1214: 1654 1705 1654) (0.000238 s)
>> 97 (605: 1686 1726 1686) (0.000213 s)
>> 104 (865: 1621 1653 1621) (0.000201 s)
>> 0 (-1: -1 -1 -1) (0.000125 s)
Zelikovsky 0.004188 s
>> 98 (1027: 1637 1726 1627) (0.002807 s)
>> 98 (1214: 1654 1743 1705) (0.002744 s)
>> 97 (605: 1637 1794 1686) (0.002665 s)
>> 96 (598: 1750 1648 1637) (0.002637 s)
>> 96 (747: 1666 1783 1750) (0.00256 s)
>> 95 (456: 1666 1668 1654) (0.002487 s)
>> 92 (321: 1666 1653 1629) (0.002481 s)
>> 90 (110: 1666 1817 1771) (0.002447 s)
>> 0 (-1: -1 -1 -1) (0.002422 s)
Zelikovsky- 0.023874 s
>>> get_solution
  refine_solution: new weight 24913 (was 24950) in 0.00416 s
  refine_solution: new weight 24913 (was 24913) in 0.004142 s
>>> get_solution
  refine_solution: new weight 25794 (was 25807) in 0.004229 s
  refine_solution: new weight 25794 (was 25794) in 0.004143 s
30,,137,336,19,,137,0,,25807,25794,25236,24950,24913,,414,4,@@

  handle_small_Steiner_degrees: steiner 2, suppress 30 in 3.7e-05 s
Starting round 31
Found 1718 isolated vertices
Invalid ratios recomputed: 101
Best ratio is 417/3 (139.0), centered at 1214
Finding the best star... Star with 4 terminals centered in 1654
round took: 0.002236 s
|V| = 1819, |E| = 263, |R| = 16
>> 98 (1027: 1627 1637 1627) (0.000214 s)
>> 97 (605: 1686 1726 1686) (0.000177 s)
>> 104 (865: 1621 1653 1621) (0.000171 s)
>> 0 (-1: -1 -1 -1) (9.6e-05 s)
Zelikovsky 0.002435 s
>> 98 (1027: 1637 1726 1627) (0.00153 s)
>> 97 (605: 1637 1794 1686) (0.00144 s)
>> 96 (598: 1750 1648 1637) (0.001418 s)
>> 96 (747: 1666 1783 1750) (0.001344 s)
>> 95 (456: 1666 1668 1654) (0.001322 s)
>> 92 (321: 1666 1653 1629) (0.001334 s)
>> 90 (110: 1666 1817 1771) (0.0013 s)
Zelikovsky- 0.010145 s
>>> get_solution
  refine_solution: new weight 24913 (was 24950) in 0.004202 s
  refine_solution: new weight 24913 (was 24913) in 0.004127 s
>>> get_solution
  refine_solution: new weight 25601 (was 25614) in 0.004198 s
  refine_solution: new weight 25601 (was 25601) in 0.004138 s
31,,101,263,16,,101,0,,25614,25601,25236,24950,24913,,417,4,@@

  handle_small_Steiner_degrees: steiner 0, suppress 3 in 9e-06 s
Starting round 32
Found 1725 isolated vertices
Invalid ratios recomputed: 94
Best ratio is 421/3 (140.3), centered at 416
Finding the best star... Star with 4 terminals centered in 1668
round took: 0.002077 s
|V| = 1819, |E| = 219, |R| = 13
>> 98 (1027: 1627 1637 1627) (0.00015 s)
>> 97 (605: 1668 1686 1668) (0.000117 s)
>> 104 (865: 1621 1653 1621) (0.000109 s)
>> 0 (-1: -1 -1 -1) (6.6e-05 s)
Zelikovsky 0.001914 s
>> 98 (1027: 1637 1668 1627) (0.001195 s)
>> 97 (605: 1637 1794 1686) (0.001191 s)
>> 96 (747: 1666 1783 1637) (0.001137 s)
>> 92 (321: 1666 1653 1629) (0.001115 s)
>> 91 (374: 1654 1817 1666) (0.001088 s)
>> 0 (-1: -1 -1 -1) (0.001095 s)
Zelikovsky- 0.007184 s
>>> get_solution
  refine_solution: new weight 24919 (was 24953) in 0.004182 s
  refine_solution: new weight 24919 (was 24919) in 0.004115 s
>>> get_solution
  refine_solution: new weight 25414 (was 25427) in 0.004187 s
  refine_solution: new weight 25414 (was 25414) in 0.00416 s
32,,94,219,13,,94,0,,25427,25414,25049,24953,24919,,421,4,@@

  handle_small_Steiner_degrees: steiner 1, suppress 25 in 2.2e-05 s
Starting round 33
Found 1755 isolated vertices
Invalid ratios recomputed: 64
Best ratio is 423/3 (141.0), centered at 865
Finding the best star... Star with 4 terminals centered in 1653
round took: 0.00118 s
|V| = 1819, |E| = 127, |R| = 10
>> 98 (1027: 1627 1637 1627) (0.0001 s)
>> 0 (-1: -1 -1 -1) (4.6e-05 s)
Zelikovsky 0.000881 s
>> 98 (1027: 1637 1653 1627) (0.000553 s)
>> 97 (605: 1637 1794 1686) (0.00053 s)
>> 96 (747: 1666 1783 1637) (0.000499 s)
>> 90 (110: 1666 1817 1771) (0.000489 s)
Zelikovsky- 0.002333 s
>>> get_solution
  refine_solution: new weight 24830 (was 24863) in 0.004181 s
  refine_solution: new weight 24830 (was 24830) in 0.004256 s
>>> get_solution
  refine_solution: new weight 25231 (was 25244) in 0.004293 s
  refine_solution: new weight 25231 (was 25231) in 0.00424 s
33,,64,127,10,,64,0,,25244,25231,25146,24863,24830,,423,4,@@

  handle_small_Steiner_degrees: steiner 4, suppress 25 in 2.5e-05 s
Starting round 34
Found 1788 isolated vertices
Invalid ratios recomputed: 31
Best ratio is 306/2 (153.0), centered at 1027
Finding the best star... Star with 3 terminals centered in 1653
round took: 0.000523 s
|V| = 1819, |E| = 56, |R| = 8
>> 97 (605: 1653 1686 1653) (6.9e-05 s)
>> 0 (-1: -1 -1 -1) (4.8e-05 s)
Zelikovsky 0.000457 s
>> 97 (605: 1653 1794 1686) (0.000163 s)
>> 96 (747: 1666 1783 1653) (0.00014 s)
>> 90 (110: 1666 1817 1771) (0.00013 s)
Zelikovsky- 0.000623 s
>>> get_solution
  refine_solution: new weight 24830 (was 24863) in 0.004184 s
  refine_solution: new weight 24830 (was 24830) in 0.004194 s
>>> get_solution
  refine_solution: new weight 25128 (was 25146) in 0.004219 s
  refine_solution: new weight 25128 (was 25128) in 0.004189 s
34,,31,56,8,,31,0,,25146,25128,25049,24863,24830,,306,3,@@

  handle_small_Steiner_degrees: steiner 1, suppress 9 in 1e-05 s
Starting round 35
Found 1801 isolated vertices
Invalid ratios recomputed: 18
Best ratio is 308/2 (154.0), centered at 605
Finding the best star... Star with 3 terminals centered in 1653
round took: 0.000306 s
|V| = 1819, |E| = 29, |R| = 6
>> 96 (747: 1653 1666 1653) (4.5e-05 s)
>> 0 (-1: -1 -1 -1) (2.9e-05 s)
Zelikovsky 0.00031 s
>> 96 (747: 1666 1783 1653) (7.5e-05 s)
>> 90 (110: 1666 1817 1771) (5.8e-05 s)
Zelikovsky- 0.000292 s
>>> get_solution
  refine_solution: new weight 24830 (was 24863) in 0.004167 s
  refine_solution: new weight 24830 (was 24830) in 0.004137 s
>>> get_solution
  refine_solution: new weight 25026 (was 25049) in 0.004182 s
  refine_solution: new weight 25026 (was 25026) in 0.004168 s
35,,18,29,6,,18,0,,25049,25026,24953,24863,24830,,308,3,@@

  handle_small_Steiner_degrees: steiner 0, suppress 3 in 7e-06 s
Starting round 36
Found 1807 isolated vertices
Invalid ratios recomputed: 12
Best ratio is 311/2 (155.5), centered at 747
Finding the best star... Star with 3 terminals centered in 1666
round took: 0.000241 s
|V| = 1819, |E| = 14, |R| = 4
>> 90 (110: 1666 1771 1666) (2.9e-05 s)
>> 0 (-1: -1 -1 -1) (1.5e-05 s)
Zelikovsky 0.000246 s
>> 90 (110: 1666 1817 1771) (3.9e-05 s)
Zelikovsky- 0.000177 s
>>> get_solution
  refine_solution: new weight 24830 (was 24863) in 0.004146 s
  refine_solution: new weight 24830 (was 24830) in 0.004122 s
>>> get_solution
  refine_solution: new weight 24922 (was 24953) in 0.004154 s
  refine_solution: new weight 24922 (was 24922) in 0.004077 s
36,,12,14,4,,12,0,,24953,24922,24863,24863,24830,,311,3,@@

  handle_small_Steiner_degrees: steiner 0, suppress 4 in 6e-06 s
Starting round 37
Found 1814 isolated vertices
Invalid ratios recomputed: 5
Best ratio is 314/2 (157.0), centered at 110
Finding the best star... Star with 3 terminals centered in 1666
round took: 0.000169 s
|V| = 1819, |E| = 1, |R| = 2
Zelikovsky 0.000158 s
Zelikovsky- 0.00012 s
>>> get_solution
  refine_solution: new weight 24830 (was 24863) in 0.00409 s
  refine_solution: new weight 24830 (was 24830) in 0.00413 s
>>> get_solution
  refine_solution: new weight 24830 (was 24863) in 0.004139 s
  refine_solution: new weight 24830 (was 24830) in 0.004142 s
37,,5,1,2,,5,0,,24863,24830,24863,24863,24830,,314,3,@@

  handle_small_Steiner_degrees: steiner 0, suppress 0 in 5e-06 s
Starting round 38
Found 1817 isolated vertices
Invalid ratios recomputed: 2
Best ratio is 203/1 (203.0), centered at 1629
Finding the best star... Star with 2 terminals centered in 1666
round took: 0.000119 s
|V| = 1819, |E| = 0, |R| = 1
Zelikovsky 0.000157 s
Zelikovsky- 0.000117 s
>>> get_solution
  refine_solution: new weight 24830 (was 24863) in 0.004118 s
  refine_solution: new weight 24830 (was 24830) in 0.004089 s
>>> get_solution
  refine_solution: new weight 24830 (was 24863) in 0.004147 s
  refine_solution: new weight 24830 (was 24830) in 0.004121 s
38,,2,0,1,,2,0,,24863,24830,24863,24863,24830,,203,2,@@

  handle_small_Steiner_degrees: steiner 0, suppress 0 in 4e-06 s
contract_till_the_bitter_end: 437.06 s

Calling end_heu
>>> get_solution
Saved weight 0
end_heu: 0 loops with 0 unique solutions in 8.7e-05 s

Calling print_solution
>>> get_solution
  refine_solution: new weight 24830 (was 24863) in 0.004232 s
Oops orig weight was 24863 but we got 24830
## FINAL WEIGHT 24830
print_solution: 0.005988 s
