Version: final-94-gfffc3aa rub_all.sh: remove longest prefix
Random seed: 1558064750
Start
>>> save_orig_graph
>> Saved weight 0
Graph loaded
|V| = 671, |E| = 1316, |R| = 62
First clearance of the input. Calling buy_zero and run_all_heuristics.
  buy_zero: 0 zero edges in 3e-06 s
  handle_small_terminal_degrees: terms 1 in 4e-06 s
  handle_small_Steiner_degrees: steiner 0, suppress 0 in 2e-06 s
  shortest_edge_between_terminals: 0 edges in 2e-06 s
  handle_small_terminal_degrees: terms 0 in 2e-06 s
  handle_small_Steiner_degrees: steiner 0, suppress 0 in 3e-06 s
  shortest_edge_between_terminals: 0 edges in 2e-06 s
Compressed graph 671 -> 669
  delete_edges: deleted 0 edges in 0.00014 s and 1 rounds
  handle_small_terminal_degrees: terms 0 in 1e-06 s
  handle_small_Steiner_degrees: steiner 0, suppress 0 in 1e-06 s
  shortest_edge_between_terminals: 0 edges in 1e-06 s
Compressed graph 669 -> 669
  delete_edges_shortest_path: deleted 0 edges in 0.023565 s
  handle_small_terminal_degrees: terms 0 in 1e-06 s
  handle_small_Steiner_degrees: steiner 0, suppress 0 in 1e-06 s
  shortest_edge_between_terminals: 0 edges in 1e-06 s
Compressed graph 669 -> 669
  handle_small_terminal_degrees: terms 0 in 1e-06 s
  handle_small_Steiner_degrees: steiner 0, suppress 0 in 0 s
  shortest_edge_between_terminals: 0 edges in 0 s
Compressed graph 669 -> 669
  delete_edges_shortest_path: deleted 0 edges in 0.018214 s
  handle_small_terminal_degrees: terms 0 in 1e-06 s
  handle_small_Steiner_degrees: steiner 0, suppress 0 in 1e-06 s
  shortest_edge_between_terminals: 0 edges in 1e-06 s
Compressed graph 669 -> 669
Compressed graph 669 -> 669
>>> save_orig_graph
>> Saved weight 100000
### ZEL_LVL=9 PRECISE_STARS=1

Calling `contract_till_the_bitter_end`
|V| = 669, |E| = 1315, |R| = 62
>> 418 (152: 661 667 661) (0.001793 s)
>> 382 (118: 649 655 649) (0.001694 s)
>> 363 (146: 659 662 659) (0.001631 s)
>> 346 (84: 637 643 637) (0.001592 s)
>> 327 (112: 647 650 647) (0.001533 s)
>> 310 (50: 625 631 625) (0.00149 s)
>> 291 (78: 635 638 635) (0.001438 s)
>> 274 (16: 613 619 613) (0.001397 s)
>> 263 (166: 665 666 665) (0.001353 s)
>> 255 (44: 623 626 623) (0.001272 s)
>> 249 (150: 660 663 660) (0.001244 s)
>> 244 (142: 657 658 657) (0.001207 s)
>> 243 (139: 656 664 656) (0.00116 s)
>> 227 (132: 653 654 653) (0.001119 s)
>> 219 (10: 611 614 611) (0.001085 s)
>> 213 (116: 648 651 648) (0.001036 s)
>> 208 (108: 645 646 645) (0.000996 s)
>> 207 (105: 644 652 644) (0.000966 s)
>> 191 (98: 641 642 641) (0.000944 s)
>> 177 (82: 636 639 636) (0.000916 s)
>> 172 (74: 633 634 633) (0.000892 s)
>> 171 (71: 632 640 632) (0.000867 s)
>> 155 (64: 629 630 629) (0.000848 s)
>> 141 (48: 624 627 624) (0.000806 s)
>> 136 (40: 621 622 621) (0.000804 s)
>> 135 (37: 620 628 620) (0.000769 s)
>> 119 (30: 617 618 617) (0.000753 s)
>> 105 (14: 612 615 612) (0.000742 s)
>> 100 (6: 609 610 609) (0.000737 s)
>> 99 (3: 608 616 608) (0.000725 s)
>> 0 (-1: -1 -1 -1) (0.000717 s)
Zelikovsky 0.106524 s
>> 418 (152: 668 667 661) (0.058814 s)
>> 154 (150: 668 663 660) (0.056488 s)
>> 52 (111: 668 650 647) (0.056009 s)
>> 46 (166: 668 666 665) (0.05601 s)
>> 45 (97: 668 642 641) (0.055954 s)
>> 23 (129: 668 653 652) (0.055587 s)
>> 21 (10: 668 611 607) (0.054729 s)
>> 21 (89: 668 638 635) (0.054304 s)
>> 21 (145: 668 662 659) (0.053123 s)
>> 18 (64: 668 630 629) (0.051774 s)
>> 17 (74: 668 633 632) (0.051404 s)
>> 7 (26: 668 615 612) (0.050775 s)
>> 6 (33: 668 619 613) (0.05009 s)
>> 4 (106: 668 645 644) (0.04909 s)
>> 1 (5: 668 610 609) (0.048542 s)
>> 1 (29: 668 618 617) (0.048165 s)
>> 1 (141: 668 658 657) (0.04778 s)
>> 0 (-1: -1 -1 -1) (0.04755 s)
Zelikovsky- 0.947945 s
>>> get_solution
  refine_solution: new weight 6201111 (was 6201174) in 0.000253 s
  refine_solution: new weight 6201085 (was 6201111) in 0.000256 s
  refine_solution: new weight 6201085 (was 6201085) in 0.000236 s
>>> get_solution
  refine_solution: new weight 6201196 (was 6203351) in 0.000264 s
  refine_solution: new weight 6201127 (was 6201196) in 0.000255 s
  refine_solution: new weight 6201069 (was 6201127) in 0.00024 s
  refine_solution: new weight 6201065 (was 6201069) in 0.000243 s
  refine_solution: new weight 6201065 (was 6201065) in 0.000233 s
0,,669,1315,62,,0,0,,6203351,6201065,6201050,6201174,6201085,,0,0,@@

  delete_edges: deleted 0 edges in 6.4e-05 s and 1 rounds
  handle_small_Steiner_degrees: steiner 0, suppress 0 in 1e-06 s
Starting round 1
Found 0 isolated vertices
Invalid ratios recomputed: 669
Best ratio is 3000282/30 (100009.4), centered at 139
Finding the best star... Star with 31 terminals centered in 654
round took: 0.167974 s
|V| = 669, |E| = 1158, |R| = 32
>> 166 (34: 613 619 613) (0.000456 s)
>> 166 (68: 625 631 625) (0.00042 s)
>> 166 (102: 637 643 637) (0.000386 s)
>> 166 (136: 649 654 649) (0.00036 s)
>> 0 (-1: -1 -1 -1) (0.000319 s)
Zelikovsky 0.037054 s
>> 166 (34: 654 619 613) (0.033364 s)
>> 126 (152: 654 667 661) (0.034231 s)
>> 52 (77: 654 638 635) (0.033603 s)
>> 52 (145: 654 662 659) (0.034207 s)
>> 39 (48: 654 627 624) (0.033588 s)
>> 39 (116: 654 651 648) (0.033859 s)
>> 20 (150: 654 663 660) (0.033956 s)
>> 10 (26: 654 615 612) (0.033368 s)
>> 6 (111: 654 650 647) (0.033096 s)
>> 5 (43: 654 626 623) (0.032488 s)
>> 4 (10: 654 611 607) (0.031964 s)
>> 4 (82: 654 639 636) (0.031598 s)
>> 0 (-1: -1 -1 -1) (0.031175 s)
Zelikovsky- 0.431658 s
>>> get_solution
  refine_solution: new weight 6201053 (was 6201055) in 0.000255 s
  refine_solution: new weight 6201053 (was 6201053) in 0.000248 s
>>> get_solution
  refine_solution: new weight 6201558 (was 6203159) in 0.000239 s
  refine_solution: new weight 6201370 (was 6201558) in 0.000251 s
  refine_solution: new weight 6201276 (was 6201370) in 0.000242 s
  refine_solution: new weight 6201276 (was 6201276) in 0.000231 s
1,,669,1158,32,,669,0,,6203159,6201276,6201744,6201055,6201053,,3000282,31,@@

  handle_small_Steiner_degrees: steiner 0, suppress 3 in 3e-06 s
Starting round 2
Found 111 isolated vertices
Invalid ratios recomputed: 558
Best ratio is 600118/6 (100019.7), centered at 14
Finding the best star... Star with 7 terminals centered in 639
round took: 0.090428 s
|V| = 669, |E| = 1085, |R| = 26
>> 166 (34: 613 619 613) (0.000312 s)
>> 166 (68: 625 631 625) (0.000284 s)
>> 166 (102: 637 639 637) (0.000256 s)
>> 0 (-1: -1 -1 -1) (0.000235 s)
Zelikovsky 0.030037 s
>> 166 (34: 639 619 613) (0.028504 s)
>> 126 (152: 639 667 661) (0.029081 s)
>> 52 (77: 639 638 635) (0.028557 s)
>> 52 (145: 639 662 659) (0.028997 s)
>> 39 (150: 639 663 660) (0.028688 s)
>> 6 (111: 639 650 647) (0.028541 s)
>> 5 (43: 639 626 623) (0.02805 s)
>> 4 (10: 639 611 607) (0.027469 s)
>> 4 (116: 639 651 648) (0.027169 s)
>> 0 (-1: -1 -1 -1) (0.026835 s)
Zelikovsky- 0.282785 s
>>> get_solution
  refine_solution: new weight 6201055 (was 6201058) in 0.000259 s
  refine_solution: new weight 6201054 (was 6201055) in 0.000249 s
  refine_solution: new weight 6201054 (was 6201054) in 0.000241 s
>>> get_solution
  refine_solution: new weight 6201353 (was 6202988) in 0.000253 s
  refine_solution: new weight 6201075 (was 6201353) in 0.000256 s
  refine_solution: new weight 6201069 (was 6201075) in 0.000254 s
  refine_solution: new weight 6201068 (was 6201069) in 0.000243 s
  refine_solution: new weight 6201068 (was 6201068) in 0.000246 s
2,,558,1085,26,,558,0,,6202988,6201068,6201635,6201058,6201054,,600118,7,@@

  handle_small_Steiner_degrees: steiner 2, suppress 16 in 9e-06 s
Starting round 3
Found 162 isolated vertices
Invalid ratios recomputed: 507
Best ratio is 200036/2 (100018.0), centered at 116
Finding the best star... Star with 3 terminals centered in 651
round took: 0.079265 s
|V| = 669, |E| = 1029, |R| = 24
>> 166 (34: 613 619 613) (0.00027 s)
>> 166 (68: 625 631 625) (0.000255 s)
>> 166 (102: 637 643 637) (0.000223 s)
>> 166 (136: 649 651 649) (0.000201 s)
>> 0 (-1: -1 -1 -1) (0.000194 s)
Zelikovsky 0.026892 s
>> 166 (34: 651 619 613) (0.024962 s)
>> 126 (152: 651 667 661) (0.025533 s)
>> 52 (77: 651 638 635) (0.025067 s)
>> 52 (145: 651 662 659) (0.02559 s)
>> 20 (150: 651 663 660) (0.025279 s)
>> 6 (111: 651 650 647) (0.024869 s)
>> 5 (43: 651 626 623) (0.024367 s)
>> 4 (10: 651 611 607) (0.02371 s)
>> 0 (-1: -1 -1 -1) (0.023622 s)
Zelikovsky- 0.223798 s
>>> get_solution
  refine_solution: new weight 6201056 (was 6201062) in 0.000258 s
  refine_solution: new weight 6201056 (was 6201056) in 0.00025 s
>>> get_solution
  refine_solution: new weight 6201369 (was 6202948) in 0.000255 s
  refine_solution: new weight 6201237 (was 6201369) in 0.000255 s
  refine_solution: new weight 6201154 (was 6201237) in 0.000254 s
  refine_solution: new weight 6201081 (was 6201154) in 0.000246 s
  refine_solution: new weight 6201042 (was 6201081) in 0.000246 s
  refine_solution: new weight 6201039 (was 6201042) in 0.00024 s
  refine_solution: new weight 6201039 (was 6201039) in 0.00024 s
3,,507,1029,24,,507,0,,6202948,6201039,6201510,6201062,6201056,,200036,3,@@

  handle_small_Steiner_degrees: steiner 3, suppress 5 in 6e-06 s
Starting round 4
Found 181 isolated vertices
Invalid ratios recomputed: 488
Best ratio is 200036/2 (100018.0), centered at 150
Finding the best star... Star with 3 terminals centered in 663
round took: 0.073991 s
|V| = 669, |E| = 995, |R| = 22
>> 166 (34: 613 619 613) (0.000242 s)
>> 166 (68: 625 631 625) (0.000219 s)
>> 166 (102: 637 643 637) (0.000194 s)
>> 166 (136: 649 655 649) (0.000174 s)
>> 166 (170: 661 663 661) (0.000157 s)
>> 0 (-1: -1 -1 -1) (0.000159 s)
Zelikovsky 0.024499 s
>> 166 (34: 663 619 613) (0.02264 s)
>> 126 (152: 663 667 661) (0.023151 s)
>> 52 (77: 663 638 635) (0.022541 s)
>> 52 (145: 663 662 659) (0.02315 s)
>> 6 (111: 663 650 647) (0.02289 s)
>> 5 (43: 663 626 623) (0.022357 s)
>> 4 (10: 663 611 607) (0.021817 s)
>> 0 (-1: -1 -1 -1) (0.021576 s)
Zelikovsky- 0.180813 s
>>> get_solution
  refine_solution: new weight 6201055 (was 6201058) in 0.00026 s
  refine_solution: new weight 6201055 (was 6201055) in 0.00025 s
>>> get_solution
  refine_solution: new weight 6201363 (was 6202811) in 0.00025 s
  refine_solution: new weight 6201176 (was 6201363) in 0.000255 s
  refine_solution: new weight 6201048 (was 6201176) in 0.000261 s
  refine_solution: new weight 6201047 (was 6201048) in 0.000248 s
  refine_solution: new weight 6201047 (was 6201047) in 0.000247 s
4,,488,995,22,,488,0,,6202811,6201047,6201480,6201058,6201055,,200036,3,@@

  handle_small_Steiner_degrees: steiner 1, suppress 2 in 4e-06 s
Starting round 5
Found 195 isolated vertices
Invalid ratios recomputed: 474
Best ratio is 2000468/20 (100023.4), centered at 34
Finding the best star... Star with 21 terminals centered in 667
round took: 0.082193 s
|V| = 669, |E| = 802, |R| = 2
Zelikovsky 0.009895 s
Zelikovsky- 0.000223 s
>>> get_solution
  refine_solution: new weight 6201030 (was 6201031) in 0.000262 s
  refine_solution: new weight 6201030 (was 6201030) in 0.000251 s
>>> get_solution
  refine_solution: new weight 6201030 (was 6201031) in 0.000242 s
  refine_solution: new weight 6201030 (was 6201030) in 0.000241 s
5,,474,802,2,,474,0,,6201031,6201030,6201031,6201031,6201030,,2000468,21,@@

  handle_small_Steiner_degrees: steiner 0, suppress 2 in 5e-06 s
Starting round 6
Found 314 isolated vertices
Invalid ratios recomputed: 355
Best ratio is 100092/1 (100092.0), centered at 0
Finding the best star... Star with 2 terminals centered in 607
round took: 0.011813 s
|V| = 669, |E| = 787, |R| = 1
Zelikovsky 0.009199 s
Zelikovsky- 0.00022 s
>>> get_solution
  refine_solution: new weight 6201030 (was 6201031) in 0.000269 s
  refine_solution: new weight 6201030 (was 6201030) in 0.000249 s
>>> get_solution
  refine_solution: new weight 6201030 (was 6201031) in 0.000239 s
  refine_solution: new weight 6201030 (was 6201030) in 0.00024 s
6,,355,787,1,,355,0,,6201031,6201030,6201031,6201031,6201030,,100092,2,@@

  handle_small_Steiner_degrees: steiner 0, suppress 2 in 3e-06 s
contract_till_the_bitter_end: 2.83223 s

Calling end_heu
>>> get_solution
Saved weight 100000
end_heu: 0 loops with 0 unique solutions in 6.5e-05 s

Calling print_solution
>>> get_solution
  refine_solution: new weight 6201030 (was 6201030) in 0.00024 s
## FINAL WEIGHT 6201030
print_solution: 0.000518 s
