Version: final-94-gfffc3aa rub_all.sh: remove longest prefix
Random seed: 1564751605
Start
>>> save_orig_graph
>> Saved weight 0
Graph loaded
|V| = 48834, |E| = 79987, |R| = 2493
First clearance of the input. Calling buy_zero and run_all_heuristics.
  buy_zero: 16 zero edges in 0.000501 s
  handle_small_terminal_degrees: terms 0 in 8e-05 s
  handle_small_Steiner_degrees: steiner 18, suppress 5 in 0.000125 s
  shortest_edge_between_terminals: 0 edges in 0.000187 s
  handle_small_terminal_degrees: terms 1 in 7.8e-05 s
  handle_small_Steiner_degrees: steiner 0, suppress 11 in 0.000119 s
  shortest_edge_between_terminals: 0 edges in 5.3e-05 s
  handle_small_terminal_degrees: terms 0 in 7.4e-05 s
  handle_small_Steiner_degrees: steiner 0, suppress 1 in 0.000108 s
  shortest_edge_between_terminals: 0 edges in 5.1e-05 s
  handle_small_terminal_degrees: terms 0 in 7.5e-05 s
  handle_small_Steiner_degrees: steiner 0, suppress 0 in 0.000105 s
  shortest_edge_between_terminals: 0 edges in 5e-05 s
Compressed graph 48834 -> 48781
  delete_edges: deleted 5416 edges in 0.023723 s and 3 rounds
  handle_small_terminal_degrees: terms 23 in 0.000106 s
  handle_small_Steiner_degrees: steiner 50, suppress 3341 in 0.001864 s
  shortest_edge_between_terminals: 0 edges in 9.9e-05 s
  handle_small_terminal_degrees: terms 0 in 7.6e-05 s
  handle_small_Steiner_degrees: steiner 0, suppress 45 in 0.000149 s
  shortest_edge_between_terminals: 0 edges in 6e-05 s
  handle_small_terminal_degrees: terms 1 in 7.8e-05 s
  handle_small_Steiner_degrees: steiner 0, suppress 2 in 0.000111 s
  shortest_edge_between_terminals: 0 edges in 5.7e-05 s
  handle_small_terminal_degrees: terms 0 in 7.8e-05 s
  handle_small_Steiner_degrees: steiner 0, suppress 0 in 0.00011 s
  shortest_edge_between_terminals: 0 edges in 5.5e-05 s
Compressed graph 48781 -> 45319
  delete_edges_shortest_path: deleted 7313 edges in 21.6945 s
  handle_small_terminal_degrees: terms 1380 in 0.00136 s
  handle_small_Steiner_degrees: steiner 913, suppress 6663 in 0.003774 s
  shortest_edge_between_terminals: 4 edges in 0.000183 s
  handle_small_terminal_degrees: terms 284 in 0.000282 s
  handle_small_Steiner_degrees: steiner 4, suppress 157 in 0.000169 s
  shortest_edge_between_terminals: 5 edges in 9.2e-05 s
  handle_small_terminal_degrees: terms 6 in 6.2e-05 s
  handle_small_Steiner_degrees: steiner 1, suppress 9 in 9.2e-05 s
  shortest_edge_between_terminals: 2 edges in 7.3e-05 s
  handle_small_terminal_degrees: terms 0 in 5.2e-05 s
  handle_small_Steiner_degrees: steiner 0, suppress 2 in 8.1e-05 s
  shortest_edge_between_terminals: 0 edges in 6.2e-05 s
  handle_small_terminal_degrees: terms 0 in 5e-05 s
  handle_small_Steiner_degrees: steiner 0, suppress 2 in 8.3e-05 s
  shortest_edge_between_terminals: 0 edges in 6.4e-05 s
  handle_small_terminal_degrees: terms 0 in 5.3e-05 s
  handle_small_Steiner_degrees: steiner 1, suppress 1 in 7.6e-05 s
  shortest_edge_between_terminals: 0 edges in 6.3e-05 s
  handle_small_terminal_degrees: terms 0 in 5.6e-05 s
  handle_small_Steiner_degrees: steiner 0, suppress 1 in 7.9e-05 s
  shortest_edge_between_terminals: 0 edges in 6.7e-05 s
  handle_small_terminal_degrees: terms 0 in 5.5e-05 s
  handle_small_Steiner_degrees: steiner 0, suppress 0 in 7.6e-05 s
  shortest_edge_between_terminals: 0 edges in 6.9e-05 s
Compressed graph 45319 -> 35887
  handle_small_terminal_degrees: terms 0 in 4.5e-05 s
  handle_small_Steiner_degrees: steiner 0, suppress 39 in 0.000107 s
  shortest_edge_between_terminals: 30 edges in 0.00037 s
  handle_small_terminal_degrees: terms 0 in 4.4e-05 s
  handle_small_Steiner_degrees: steiner 0, suppress 7 in 6.4e-05 s
  shortest_edge_between_terminals: 1 edges in 0.000111 s
  handle_small_terminal_degrees: terms 0 in 4.4e-05 s
  handle_small_Steiner_degrees: steiner 0, suppress 0 in 5.8e-05 s
  shortest_edge_between_terminals: 0 edges in 7.7e-05 s
Compressed graph 35887 -> 35473
  delete_edges_shortest_path: deleted 1773 edges in 5.32965 s
  handle_small_terminal_degrees: terms 108 in 0.000195 s
  handle_small_Steiner_degrees: steiner 44, suppress 2715 in 0.002076 s
  shortest_edge_between_terminals: 4 edges in 0.000273 s
  handle_small_terminal_degrees: terms 4 in 4.7e-05 s
  handle_small_Steiner_degrees: steiner 0, suppress 39 in 8e-05 s
  shortest_edge_between_terminals: 0 edges in 6.8e-05 s
  handle_small_terminal_degrees: terms 1 in 4.4e-05 s
  handle_small_Steiner_degrees: steiner 1, suppress 6 in 5.7e-05 s
  shortest_edge_between_terminals: 1 edges in 6.7e-05 s
  handle_small_terminal_degrees: terms 0 in 4.3e-05 s
  handle_small_Steiner_degrees: steiner 1, suppress 1 in 5.6e-05 s
  shortest_edge_between_terminals: 0 edges in 6.6e-05 s
  handle_small_terminal_degrees: terms 0 in 4.3e-05 s
  handle_small_Steiner_degrees: steiner 0, suppress 0 in 5.3e-05 s
  shortest_edge_between_terminals: 0 edges in 6e-05 s
Compressed graph 35473 -> 32549
Compressed graph 32549 -> 32549
>>> save_orig_graph
>> Saved weight 381996419
### ZEL_LVL=9 PRECISE_STARS=1

Calling `contract_till_the_bitter_end`
|V| = 32549, |E| = 48800, |R| = 2450
>> 36577 (11754: 10277 10285 10277) (92.8705 s)
>> 33893 (9170: 9169 9171 9169) (79.0744 s)
>> 27711 (14412: 9907 9910 9907) (75.7318 s)
>> 27393 (23681: 7427 7457 7427) (74.9608 s)
>> 23504 (19366: 7549 7586 7549) (73.1309 s)
>> 23121 (14136: 9473 10024 9473) (77.6404 s)
>> 22748 (25267: 9963 10067 9963) (75.8419 s)
>> 22444 (16695: 8723 8760 8723) (73.2283 s)
>> 17903 (26229: 7759 25097 7759) (80.8849 s)
>> 16962 (21876: 7742 7788 7742) (79.7505 s)
>> 15379 (4056: 9127 9256 9127) (78.4577 s)
>> 14565 (31194: 10032 10220 10032) (67.8754 s)
>> 14318 (10216: 10092 10215 10092) (76.5616 s)
>> 13758 (10267: 10266 10279 10266) (68.8058 s)
>> 13464 (14105: 10039 10175 10039) (70.6256 s)
>> 13024 (571: 7423 7428 7423) (72.3877 s)
>> 12972 (1484: 7560 7611 7560) (79.4959 s)
>> 12737 (3528: 9453 9618 9453) (80.238 s)
>> 12688 (10468: 9662 9923 9662) (80.5528 s)
>> 11709 (26979: 9035 9199 9035) (82.2311 s)
>> 10988 (24352: 8400 8482 8400) (78.8463 s)
>> 10920 (6639: 7633 7647 7633) (78.5824 s)
>> 10852 (23339: 8265 18326 8265) (73.731 s)
>> 10849 (20702: 9781 9881 9781) (77.4108 s)
>> 10687 (13: 9863 10018 9863) (81.4626 s)
>> 10399 (1699: 10080 10111 10080) (75.7436 s)
>> 10269 (10191: 10143 10189 10143) (77.6357 s)
>> 10217 (17680: 8321 8342 8321) (75.8631 s)
>> 10182 (29503: 8498 8502 8498) (77.5572 s)
>> 10079 (6861: 7497 7504 7497) (70.4045 s)
>> 9848 (30527: 9944 10004 9944) (69.9491 s)
>> 9766 (475: 7724 7750 7724) (78.6855 s)
>> 9480 (14727: 9577 9754 9577) (81.2988 s)
>> 9118 (7782: 7767 7781 7767) (72.9725 s)
>> 9030 (30594: 7575 7619 7575) (71.2111 s)
>> 8621 (14074: 9982 10043 9982) (66.6427 s)
>> 8267 (21628: 7933 8000 7933) (64.6459 s)
>> 7890 (27410: 9340 9429 9340) (73.1912 s)
>> 7856 (25687: 8610 8746 8610) (69.0887 s)
>> 7637 (28472: 7681 7754 7681) (74.1023 s)
>> 7621 (6517: 7690 7729 7690) (75.1241 s)
>> 7419 (14157: 10003 10009 10003) (66.0963 s)
>> 7407 (10259: 10171 10257 10171) (68.4086 s)
>> 7264 (13623: 10237 10243 10237) (64.3823 s)
>> 7230 (24484: 8780 8799 8780) (72.5441 s)
>> 7185 (8485: 8436 8437 8436) (76.0841 s)
>> 7064 (23608: 9470 9587 9470) (72.9348 s)
>> 6804 (18470: 7929 7956 7929) (65.503 s)
>> 6695 (6968: 7439 7453 7439) (70.895 s)
>> 6639 (8682: 8531 8624 8531) (75.165 s)
>> 10778 (4978: 8501 8512 8501) (64.8162 s)
>> 6530 (30902: 7572 7612 7572) (79.4383 s)
>> 6322 (6011: 7895 7953 7895) (76.0089 s)
>> 6037 (8509: 8491 8506 8491) (77.1984 s)
>> 5973 (18653: 7766 7986 7766) (64.9207 s)
>> 5939 (1900: 8875 8894 8875) (63.4258 s)
>> 17501 (20817: 8809 9304 8809) (74.6568 s)
>> 5924 (5886: 8016 8040 8016) (75.8814 s)
>> 5922 (3947: 9303 9355 9303) (69.4248 s)
>> 5711 (2019: 9965 9981 9965) (72.2874 s)
>> 5692 (16564: 8844 8864 8844) (78.6561 s)
>> 5673 (30405: 9213 9220 9213) (66.2066 s)
>> 5648 (4759: 8667 8676 8667) (63.4661 s)
>> 5448 (13901: 10110 10133 10110) (76.0378 s)
>> 5333 (11633: 8700 8751 8700) (62.5393 s)
>> 5307 (7230: 7338 7358 7338) (75.6828 s)
>> 5252 (29138: 9984 9986 9984) (76.7193 s)
>> 5224 (2072: 8892 8898 8892) (80.5411 s)
>> 5099 (7278: 7307 7309 7307) (72.3034 s)
>> 5095 (2709: 10054 10064 10054) (74.2351 s)
>> 5045 (13910: 10114 10153 10114) (80.8563 s)
>> 5014 (14221: 9962 9979 9962) (64.6398 s)
>> 4896 (4626: 8860 8861 8860) (67.0726 s)
>> 4859 (9278: 9238 9276 9238) (63.2879 s)
>> 4830 (5476: 8228 8271 8228) (76.6493 s)
>> 4711 (26061: 9376 9430 9376) (77.9575 s)
>> 4630 (27290: 10146 10165 10146) (71.2139 s)
>> 4594 (18192: 8064 8093 8064) (73.7955 s)
>> 4583 (7601: 7576 7600 7576) (73.7121 s)
>> 4546 (22718: 7480 7557 7480) (66.3445 s)
>> 4537 (14166: 10001 10011 10001) (73.9683 s)
>> 4508 (28047: 7709 7731 7709) (73.2297 s)
>> 4493 (2792: 9956 9975 9956) (67.181 s)
>> 4463 (25689: 8439 8562 8439) (54.8824 s)
>> 4439 (6929: 7455 7464 7455) (54.7541 s)
>> 4437 (14566: 9788 9795 9788) (53.745 s)
>> 4419 (24943: 7452 7468 7452) (54.6288 s)
>> 4362 (7398: 7389 7396 7389) (56.4913 s)
>> 4359 (9766: 9749 9765 9749) (78.4756 s)
>> 4336 (19752: 7429 7431 7429) (75.4981 s)
>> 4314 (896: 7506 7508 7506) (74.5 s)
>> 4297 (7319: 7317 7324 7317) (79.1257 s)
>> 4290 (17354: 8385 8447 8385) (75.7148 s)
>> 4198 (18078: 8168 8174 8168) (79.1524 s)
>> 4169 (3494: 9605 9631 9605) (70.4679 s)
>> 4157 (22879: 7643 7667 7643) (75.3354 s)
>> 4395 (31347: 7631 6853 7631) (76.4316 s)
>> 4040 (32057: 7872 7894 7872) (77.9197 s)
>> 4870 (203: 7964 7976 7964) (77.3914 s)
>> 4029 (21977: 7825 7842 7825) (70.0643 s)
>> 4025 (16411: 8865 8910 8865) (74.4118 s)
>> 4005 (19170: 7689 7699 7689) (78.5894 s)
>> 3995 (12127: 8712 24040 8712) (73.5414 s)
>> 3954 (893: 7476 7493 7476) (76.7473 s)
>> 3949 (21673: 8185 8242 8185) (80.4785 s)
>> 3924 (25739: 10193 10200 10193) (75.9375 s)
>> 3919 (30013: 7637 7668 7637) (71.8808 s)
>> 3906 (3253: 9763 9783 9763) (72.9828 s)
>> 3852 (6057: 7889 7923 7889) (65.6011 s)
>> 3819 (18105: 8131 8137 8131) (72.2361 s)
>> 3778 (8716: 8649 8714 8649) (67.0003 s)
>> 3777 (5316: 8304 8346 8304) (72.9524 s)
>> 3776 (2587: 10159 10170 10159) (79.7015 s)
>> 3759 (3147: 9794 9809 9794) (70.3769 s)
>> 3758 (22258: 8006 8019 8006) (74.9306 s)
>> 3754 (26199: 10294 10295 10294) (73.1338 s)
>> 3751 (31993: 9973 9990 9973) (60.1244 s)
>> 3749 (1727: 8487 8526 8487) (77.8429 s)
>> 3746 (894: 7520 7529 7520) (74.1213 s)
>> 3718 (32518: 8637 8705 8637) (72.9702 s)
>> 3706 (4804: 8642 8651 8642) (76.7562 s)
>> 3702 (8657: 8634 8655 8634) (72.9523 s)
>> 3701 (19554: 7485 7503 7485) (66.2896 s)
>> 3699 (27855: 7365 7381 7365) (61.8889 s)
>> 5443 (7127: 7362 7391 7362) (74.9839 s)
>> 3699 (18089: 8146 8156 8146) (74.8345 s)
>> 3637 (4998: 8490 8511 8490) (74.6062 s)
>> 3622 (5128: 8387 8422 8387) (74.569 s)
>> 3603 (8867: 8858 8866 8858) (67.2427 s)
>> 3595 (22133: 8857 8916 8857) (78.2872 s)
>> 3594 (23770: 7678 7736 7678) (79.5081 s)
>> 3575 (21249: 7733 7760 7733) (66.5266 s)
>> 3559 (8730: 8704 8728 8704) (78.1788 s)
>> 3551 (8890: 8879 8889 8879) (61.5917 s)
>> 3536 (3009: 9865 9879 9865) (81.1853 s)
>> 3507 (2328: 9960 10017 9960) (80.6058 s)
>> 3499 (6618: 7636 7642 7636) (74.633 s)
>> 3611 (24981: 7609 7620 7609) (66.7549 s)
>> 3486 (29865: 8078 8152 8078) (62.8448 s)
>> 3483 (22017: 8690 8775 8690) (65.3009 s)
>> 3476 (2954: 9898 9905 9898) (65.4881 s)
>> 3473 (19655: 7470 7473 7470) (64.2774 s)
>> 3462 (18040: 8182 8200 8182) (77.3859 s)
>> 3388 (6749: 7556 7562 7556) (68.9559 s)
>> 3386 (14090: 10025 10044 10025) (56.1161 s)
>> 3379 (3703: 9466 9497 9466) (77.4561 s)
>> 3377 (4294: 9009 9078 9009) (77.5701 s)
>> 3338 (29490: 9425 9444 9425) (65.3926 s)
>> 3332 (7054: 7419 7426 7419) (73.0255 s)
>> 3327 (2576: 10166 10177 10166) (79.3408 s)
>> 3326 (2880: 9937 9949 9937) (80.5435 s)
>> 3310 (21985: 7815 7820 7815) (78.5117 s)
>> 3307 (25497: 7623 7669 7623) (76.9286 s)
>> 3306 (3329: 9653 9711 9653) (82.0689 s)
>> 3304 (28935: 9292 9314 9292) (81.5067 s)
>> 3288 (1732: 10154 10188 10154) (77.6333 s)
>> 3239 (31123: 8881 8887 8881) (77.9414 s)
>> 3227 (20885: 7456 7460 7456) (72.7202 s)
>> 3192 (27356: 8278 8366 8278) (79.709 s)
>> 3183 (26627: 9699 9321 9699) (73.4811 s)
>> 3120 (18637: 7811 7885 7811) (74.5503 s)
>> 3107 (2423: 10252 10256 10252) (75.591 s)
>> 3092 (8037: 8027 8035 8027) (71.7089 s)
>> 3056 (5531: 8252 8314 8252) (70.2328 s)
>> 3053 (26289: 10278 10280 10278) (74.2194 s)
>> 3040 (3246: 9744 9764 9744) (67.3081 s)
>> 3034 (4239: 9054 9104 9054) (73.1717 s)
>> 3016 (19616: 7477 7486 7477) (74.7159 s)
>> 3000 (8758: 8745 8757 8745) (64.2941 s)
>> 2994 (5916: 8012 8031 8012) (54.8157 s)
>> 2973 (18562: 7802 7911 7802) (74.1747 s)
>> 2970 (28065: 8429 8474 8429) (76.4171 s)
>> 2964 (30335: 9945 9951 9945) (75.8173 s)
>> 2944 (4317: 9043 9072 9043) (70.84 s)
>> 2942 (1479: 7746 7765 7746) (75.3312 s)
>> 2927 (16371: 8920 8924 8920) (68.6355 s)
>> 2891 (4548: 8937 8949 8937) (68.4022 s)
>> 2891 (25379: 8344 8383 8344) (62.6081 s)
>> 2880 (8749: 8748 8770 8748) (72.5676 s)
>> 2879 (6047: 7886 7928 7886) (81.4718 s)
>> 2871 (5803: 8044 8103 8044) (75.9148 s)
>> 2864 (3078: 9837 9848 9837) (75.3945 s)
>> 2864 (10378: 9980 9991 9980) (76.1457 s)
>> 2830 (4042: 9269 9289 9269) (74.0458 s)
>> 2795 (18586: 7904 7915 7904) (69.717 s)
>> 2764 (1778: 7704 7741 7704) (73.2084 s)
>> 2754 (6255: 7814 7834 7814) (71.6481 s)
>> 2744 (17364: 8435 8444 8435) (66.4653 s)
>> 2741 (26428: 9323 9352 9323) (62.21 s)
>> 2738 (5226: 8348 8382 8348) (60.1107 s)
>> 2734 (2671: 10081 10100 10081) (62.8467 s)
>> 2719 (25665: 8896 8899 8896) (60.8356 s)
>> 2699 (15884: 9140 9154 9140) (59.0555 s)
>> 2691 (27772: 9645 9664 9645) (60.315 s)
>> 2673 (17368: 8420 8451 8420) (61.3327 s)
>> 3127 (5220: 8386 8406 8386) (61.5317 s)
>> 4047 (10386: 8312 8408 8312) (63.0086 s)
>> 2658 (22953: 9103 9158 9103) (60.489 s)
>> 2639 (4745: 8678 8641 8678) (58.9908 s)
>> 2630 (7564: 7551 7563 7551) (68.9086 s)
>> 2587 (26438: 9075 9089 9075) (68.1263 s)
>> 2583 (577: 7507 7510 7507) (69.7318 s)
>> 2571 (7763: 7761 7762 7761) (76.6737 s)
>> 2571 (17064: 8554 8584 8554) (81.8712 s)
>> 2567 (5430: 8294 8347 8294) (79.8519 s)
>> 2559 (18073: 8011 8143 8011) (60.2636 s)
>> 2557 (2940: 9889 9917 9889) (60.3846 s)
>> 2552 (11238: 8192 8204 8192) (62.1944 s)
>> 2533 (5171: 8395 8412 8395) (67.2109 s)
>> 2533 (8756: 8727 8754 8727) (73.0215 s)
>> 2517 (7262: 7313 7320 7313) (72.6177 s)
>> 2502 (2942: 9914 9916 9914) (73.312 s)
>> 2499 (8686: 8666 8685 8666) (72.9149 s)
>> 2491 (15834: 9162 9167 9162) (69.0408 s)
>> 2858 (146: 8936 8963 8936) (73.8588 s)
>> 3298 (16422: 8885 8906 8885) (71.974 s)
>> 2754 (15793: 9147 9217 9147) (74.8973 s)
>> 2577 (16334: 8939 9020 8939) (70.5402 s)
>> 2482 (18552: 7907 7925 7907) (69.3945 s)
>> 2479 (4005: 9297 9320 9297) (57.1365 s)
>> 2581 (12675: 9351 9373 9351) (69.9917 s)
>> 2460 (19493: 7519 7538 7519) (75.8251 s)
>> 2460 (10098: 10093 10097 10093) (69.62 s)
>> 2449 (4280: 9021 9086 9021) (74.0899 s)
>> 2442 (5473: 8234 8272 8234) (72.5123 s)
>> 2438 (5254: 8373 8393 8373) (73.5443 s)
>> 2487 (5263: 8349 8362 8349) (69.2321 s)
>> 2431 (24009: 9822 9850 9822) (79.9822 s)
>> 2421 (26874: 9113 9257 9113) (72.0995 s)
>> 2417 (4285: 9038 9079 9038) (76.3296 s)
>> 2412 (12330: 10197 10205 10197) (77.0209 s)
>> 2402 (18533: 7935 7940 7935) (68.1857 s)
>> 2382 (10878: 7798 7800 7798) (75.6244 s)
>> 2378 (4600: 8882 8893 8882) (71.9189 s)
>> 2368 (5249: 8340 8374 8340) (73.5361 s)
>> 2367 (15627: 9318 9328 9318) (76.3129 s)
>> 2358 (17162: 8551 8548 8551) (77.0394 s)
>> 2354 (4573: 8904 8918 8904) (64.045 s)
>> 2347 (30592: 9727 9760 9727) (77.4684 s)
>> 2332 (6058: 7898 7922 7898) (72.9969 s)
>> 2302 (3432: 9669 9678 9669) (73.3036 s)
>> 2806 (3480: 9616 9646 9616) (73.0067 s)
>> 2291 (11984: 9010 9024 9010) (72.7911 s)
>> 2389 (16224: 8980 9008 8980) (69.8443 s)
>> 2289 (32333: 10090 10094 10090) (61.5923 s)
>> 2282 (4990: 8486 8510 8486) (65.8211 s)
>> 3049 (11968: 8397 8465 8397) (71.8756 s)
>> 2275 (27449: 8478 8481 8478) (73.8397 s)
>> 2275 (3500: 9576 9630 9576) (74.4675 s)
>> 2262 (4209: 9118 9131 9118) (73.316 s)
>> 2260 (32547: 8087 8113 8087) (75.041 s)
>> 2257 (18266: 8045 8066 8045) (62.7742 s)
>> 2252 (16632: 8805 8815 8805) (60.6353 s)
>> 2491 (1886: 8774 8781 8774) (77.9461 s)
>> 2357 (1856: 8747 8782 8747) (73.737 s)
>> 2249 (1620: 8071 8077 8071) (66.7873 s)
>> 2246 (24820: 10227 10232 10227) (67.1535 s)
>> 2231 (5204: 8372 8390 8372) (67.5798 s)
>> 2230 (29493: 8357 8360 8357) (71.21 s)
>> 2228 (4190: 9117 9128 9117) (73.5381 s)
>> 2228 (3569: 9593 9621 9593) (74.0475 s)
>> 2226 (4346: 9064 9070 9064) (69.0802 s)
>> 2223 (18218: 8043 8076 8043) (64.0967 s)
>> 2221 (18124: 8120 8124 8120) (59.3964 s)
>> 2218 (6542: 7675 7677 7675) (74.5634 s)
>> 2217 (1630: 9194 9365 9194) (72.7064 s)
>> 2212 (5640: 8207 8212 8207) (70.347 s)
>> 2210 (1687: 10045 10048 10045) (68.8728 s)
>> 2207 (11876: 8636 8658 8636) (78.9279 s)
>> 2190 (4503: 8972 8976 8972) (78.2241 s)
>> 2186 (29224: 9510 9556 9510) (78.1524 s)
>> 2181 (26386: 8230 8254 8230) (65.8796 s)
>> 2176 (160: 8056 8380 8056) (70.2003 s)
>> 2174 (25838: 9543 9563 9543) (80.6509 s)
>> 2174 (29401: 10169 10179 10169) (75.238 s)
>> 2173 (11462: 10086 10105 10086) (72.259 s)
>> 2171 (23551: 7518 7539 7518) (72.3836 s)
>> 2899 (26556: 7490 7498 7490) (60.2057 s)
>> 2710 (6790: 7513 7534 7513) (72.8469 s)
>> 2171 (5675: 8163 8199 8163) (65.8905 s)
>> 2166 (3854: 9384 9420 9384) (73.0509 s)
>> 2160 (8559: 8544 8558 8544) (72.9191 s)
>> 2140 (32428: 7566 7578 7566) (59.9632 s)
>> 2132 (21176: 8609 8594 8609) (61.8084 s)
>> 2131 (30469: 9053 9084 9053) (74.8093 s)
>> 2287 (16035: 9097 9129 9097) (62.4343 s)
>> 2125 (11851: 9246 9273 9246) (59.8809 s)
>> 2116 (16275: 8969 8983 8969) (72.8128 s)
>> 2107 (4946: 8539 8545 8539) (73.1586 s)
>> 2175 (4879: 8586 8601 8586) (77.0137 s)
>> 2096 (3031: 9864 9869 9864) (71.042 s)
>> 2095 (29412: 8733 8739 8733) (74.3117 s)
>> 2091 (25631: 9065 9082 9065) (81.6896 s)
>> 2090 (5764: 8090 8115 8090) (73.1568 s)
>> 2085 (4516: 8944 8974 8944) (65.2564 s)
>> 2085 (17953: 8141 8219 8141) (74.5015 s)
>> 2081 (23666: 8313 8332 8313) (74.3164 s)
>> 2351 (24317: 8205 8240 8205) (71.7321 s)
>> 2072 (16109: 9040 9056 9040) (62.987 s)
>> 2560 (9063: 9061 9081 9061) (64.5429 s)
>> 2210 (31280: 9058 9101 9058) (72.9148 s)
>> 2469 (31667: 8999 9036 8999) (79.8795 s)
>> 2153 (15734: 9187 9255 9187) (56.1124 s)
>> 2070 (5353: 8338 8339 8338) (65.1467 s)
>> 2090 (5153: 8388 8416 8388) (70.4903 s)
>> 2063 (18919: 7773 7778 7773) (79.5114 s)
>> 2063 (24019: 8215 8239 8215) (68.0584 s)
>> 2062 (26171: 8471 8494 8471) (68.2882 s)
>> 2060 (24213: 9133 9148 9133) (71.3282 s)
>> 2056 (13237: 7862 7874 7862) (66.8031 s)
>> 2047 (3834: 9327 9400 9327) (68.0316 s)
>> 2039 (6133: 7873 7890 7873) (68.4775 s)
>> 2144 (11479: 7850 7860 7850) (61.3771 s)
>> 2037 (5721: 8111 8161 8111) (75.6404 s)
>> 2036 (1266: 8315 8317 8315) (71.7508 s)
>> 2032 (15611: 9313 9338 9313) (64.828 s)
>> 2028 (2327: 10022 10035 10022) (67.3911 s)
>> 2024 (12265: 8761 8784 8761) (61.1761 s)
>> 2022 (5245: 8343 8375 8343) (57.8811 s)
>> 2012 (15801: 9221 9228 9221) (79.1903 s)
>> 2004 (17124: 8537 8576 8537) (78.5574 s)
>> 2000 (949: 7698 7707 7698) (74.281 s)
>> 1995 (5381: 8285 8300 8285) (65.9575 s)
>> 2553 (23632: 8421 8470 8421) (60.8009 s)
>> 1985 (32117: 8581 8623 8581) (76.7297 s)
>> 2483 (8542: 8535 8541 8535) (69.3361 s)
>> 2871 (22613: 8517 8523 8517) (59.2695 s)
>> 1976 (21620: 8800 8824 8800) (65.3178 s)
>> 1974 (1675: 8909 8925 8909) (70.3203 s)
>> 1972 (11282: 9483 9536 9483) (68.8926 s)
>> 2025 (32306: 9642 9684 9642) (77.5505 s)
>> 1971 (23847: 9017 9051 9017) (77.1072 s)
>> 1970 (2269: 9574 9737 9574) (75.9285 s)
>> 1965 (22281: 7711 7721 7711) (69.5388 s)
>> 1965 (14040: 10053 10069 10053) (68.8456 s)
>> 1957 (17496: 8398 8431 8398) (71.8441 s)
>> 1990 (12185: 8473 8497 8473) (73.4755 s)
>> 2413 (25650: 8514 8555 8514) (72.9212 s)
>> 1955 (3051: 9849 9861 9849) (73.6978 s)
>> 1939 (16627: 8810 8835 8810) (73.7935 s)
>> 1934 (16265: 8988 8989 8988) (72.2106 s)
>> 1930 (23494: 8599 8629 8599) (70.3358 s)
>> 1919 (17450: 8428 8430 8428) (72.7446 s)
>> 1918 (20871: 10007 10008 10007) (65.4506 s)
>> 1913 (3755: 9465 9472 9465) (74.3023 s)
>> 1907 (10753: 8308 8396 8308) (75.2373 s)
>> 1904 (2490: 10224 10228 10224) (68.9126 s)
>> 3171 (2514: 10202 10213 10202) (67.5893 s)
>> 1895 (24679: 9206 9229 9206) (67.1857 s)
>> 1895 (9333: 9301 9331 9301) (61.0684 s)
>> 1888 (31538: 9247 9232 9247) (61.415 s)
>> 1882 (3235: 9751 9772 9751) (60.5869 s)
>> 1870 (884: 8029 8041 8029) (59.5769 s)
>> 1869 (16385: 8919 8938 8919) (58.8175 s)
>> 1865 (16077: 9032 9071 9032) (70.0518 s)
>> 1864 (6535: 7658 7683 7658) (65.8359 s)
>> 1858 (9638: 9617 9637 9617) (70.6175 s)
>> 1857 (1017: 8034 8072 8034) (74.1871 s)
>> 2063 (5664: 8073 8201 8073) (60.0029 s)
>> 1857 (15548: 9319 9362 9319) (69.7546 s)
>> 1852 (25085: 10145 10148 10145) (57.416 s)
>> 1847 (13381: 7540 7545 7540) (63.0917 s)
>> 1842 (30644: 9789 9813 9789) (70.1233 s)
>> 1841 (12944: 8413 8419 8413) (67.6833 s)
>> 1841 (12327: 9682 9729 9682) (68.8721 s)
>> 1835 (5098: 8414 8438 8414) (60.2334 s)
>> 1818 (32508: 10074 10078 10074) (59.3514 s)
>> 1813 (28087: 9080 9112 9080) (60.4992 s)
>> 1812 (7140: 7379 7387 7379) (59.1821 s)
>> 1811 (21597: 10031 10040 10031) (75.7293 s)
>> 1805 (2116: 7797 7808 7797) (77.2651 s)
>> 1802 (17174: 8505 8570 8505) (70.4001 s)
>> 1800 (1534: 8589 8612 8589) (74.9995 s)
>> 1793 (7070: 7414 7421 7414) (71.255 s)
>> 1793 (15334: 9440 9441 9440) (65.1629 s)
>> 1791 (4221: 9105 9116 9105) (75.2253 s)
>> 1788 (19994: 7336 7342 7336) (75.4457 s)
>> 1815 (7244: 7329 7335 7329) (74.5325 s)
>> 1739 (31718: 9159 9198 9159) (69.2368 s)
>> 1732 (6697: 7622 7627 7622) (72.6968 s)
>> 1725 (21002: 7963 7967 7963) (75.5236 s)
>> 1724 (27535: 8171 8194 8171) (77.3804 s)
>> 1721 (30404: 8785 8787 8785) (66.6033 s)
>> 1719 (24091: 10219 10226 10219) (74.505 s)
>> 1716 (18537: 7921 7945 7921) (67.455 s)
>> 1711 (16659: 8797 8808 8797) (61.9414 s)
>> 1696 (27686: 7749 7751 7749) (58.8597 s)
>> 1694 (31828: 10101 10119 10101) (64.7634 s)
>> 1689 (10319: 8876 8884 8876) (60.7951 s)
>> 1688 (3749: 9449 9475 9449) (67.4539 s)
>> 1683 (28695: 8164 8191 8164) (69.7918 s)
>> 1683 (12006: 9725 9731 9725) (71.0524 s)
>> 1683 (3063: 9828 9860 9828) (66.8066 s)
>> 2104 (3127: 9815 9816 9815) (66.4341 s)
>> 1859 (12061: 9796 9799 9796) (65.5747 s)
>> 1682 (11364: 7846 7854 7846) (69.0478 s)
>> 1976 (18843: 7794 7801 7794) (76.1437 s)
>> 1791 (6130: 7882 7884 7882) (72.2514 s)
>> 1679 (15742: 9267 9233 9267) (73.5984 s)
>> 1678 (883: 8048 8058 8048) (73.5564 s)
>> 1678 (442: 9562 9604 9562) (73.6823 s)
>> 2318 (25686: 9507 9521 9507) (68.978 s)
>> 1827 (28910: 9375 9498 9375) (68.4241 s)
>> 1674 (18104: 8127 8128 8127) (70.8193 s)
>> 1666 (2054: 9486 9505 9486) (70.9509 s)
>> 1662 (27635: 8142 8155 8142) (74.37 s)
>> 1662 (15165: 9532 9544 9532) (69.2724 s)
>> 1659 (28143: 10076 10104 10076) (67.768 s)
>> 1657 (863: 7488 7489 7488) (68.4409 s)
>> 1654 (12869: 8640 8654 8640) (66.0141 s)
>> 1647 (6732: 7584 7589 7584) (72.3034 s)
>> 1643 (27567: 9312 9335 9312) (71.3123 s)
>> 1632 (29133: 10126 10127 10126) (72.7636 s)
>> 3711 (13924: 10118 10147 10118) (71.2894 s)
>> 1629 (22817: 9700 9755 9700) (66.5029 s)
>> 1613 (25492: 9367 9385 9367) (69.7612 s)
>> 1608 (4650: 8827 8838 8827) (68.5085 s)
>> 1605 (7828: 7826 7839 7826) (66.8899 s)
>> 1603 (15153: 9490 9491 9490) (67.4955 s)
>> 1602 (25531: 9717 9719 9717) (73.1211 s)
>> 1589 (644: 8065 8144 8065) (71.067 s)
>> 1582 (19790: 7413 7416 7413) (64.0835 s)
>> 1578 (26063: 10231 25344 10231) (59.5731 s)
>> 1575 (3287: 9747 9750 9747) (72.7798 s)
>> 1571 (5385: 8299 8302 8299) (71.2516 s)
>> 1564 (21923: 7989 7993 7989) (65.0789 s)
>> 1562 (9478: 9476 9479 9476) (71.2926 s)
>> 1559 (16208: 8984 8990 8984) (73.7975 s)
>> 1547 (26127: 9793 9801 9793) (63.1031 s)
>> 1540 (17736: 8296 8301 8296) (53.2964 s)
>> 1538 (22852: 8833 8839 8833) (72.9057 s)
>> 1532 (19198: 7662 7672 7662) (67.0923 s)
>> 1528 (2539: 10194 10198 10194) (65.8275 s)
>> 1525 (10699: 8358 8381 8358) (72.1339 s)
>> 1522 (13617: 10241 10250 10241) (69.5816 s)
>> 1620 (2409: 10261 10264 10261) (79.0649 s)
>> 1521 (10706: 8914 8927 8914) (77.4274 s)
>> 1515 (1910: 7977 7991 7977) (68.1159 s)
>> 2224 (30785: 7998 8003 7998) (59.7451 s)
>> 1514 (12780: 9000 9022 9000) (62.6057 s)
>> 1505 (2223: 8059 8070 8059) (58.301 s)
>> 1575 (28154: 8057 8062 8057) (65.2577 s)
>> 1503 (16250: 8996 9014 8996) (59.5811 s)
>> 1499 (12145: 9902 9915 9902) (63.6495 s)
>> 1495 (21268: 7606 7615 7606) (56.2609 s)
>> 1486 (18401: 7990 7999 7990) (60.8254 s)
>> 1483 (3887: 9370 9377 9370) (69.1146 s)
>> 1804 (814: 9381 9403 9381) (70.3322 s)
>> 1777 (11886: 9545 9550 9545) (72.6799 s)
>> 1480 (1535: 7394 7395 7394) (70.0685 s)
>> 1478 (22778: 7434 7443 7434) (72.1858 s)
>> 1470 (20529: 7848 7857 7848) (72.8292 s)
>> 1469 (15534: 9371 9383 9371) (68.2021 s)
>> 1466 (23039: 8772 8779 8772) (65.4449 s)
>> 1465 (4612: 8877 8878 8877) (72.8743 s)
>> 1462 (2208: 9626 9651 9626) (66.3393 s)
>> 1455 (3079: 9832 9847 9832) (72.5751 s)
>> 1453 (4792: 8650 8674 8650) (70.5268 s)
>> 1447 (25155: 7356 7368 7356) (60.276 s)
>> 1445 (25141: 8582 8633 8582) (54.1327 s)
>> 1443 (13450: 7360 7364 7360) (67.9294 s)
>> 1426 (11563: 9050 9073 9050) (62.4282 s)
>> 1408 (18508: 7893 7930 7893) (62.389 s)
>> 1408 (15322: 9450 9517 9450) (74.8463 s)
>> 1407 (6163: 7864 7870 7864) (69.8713 s)
>> 1403 (4257: 9088 9096 9088) (71.2181 s)
>> 1395 (16857: 8648 8680 8648) (64.3657 s)
>> 1395 (3322: 9692 9726 9692) (53.9592 s)
>> 1394 (16818: 8672 8696 8672) (64.3806 s)
>> 1391 (15806: 9160 9196 9160) (70.1283 s)
>> 1388 (1692: 8546 8585 8546) (56.3142 s)
>> 1387 (27133: 9437 9445 9437) (68.6299 s)
>> 1384 (13863: 10113 10144 10113) (62.5137 s)
>> 1384 (27903: 7618 7646 7618) (66.0135 s)
>> 1380 (25811: 9446 9481 9446) (69.4827 s)
>> 1378 (3506: 9628 9629 9628) (65.9177 s)
>> 1553 (3544: 9558 9612 9558) (57.2345 s)
>> 1377 (25023: 7783 7786 7783) (71.0628 s)
>> 1371 (22557: 7537 7542 7537) (70.715 s)
>> 1371 (18091: 8116 8145 8116) (71.7897 s)
>> 1371 (14422: 9893 9901 9893) (52.2477 s)
>> 1369 (7173: 7370 7377 7370) (69.1126 s)
>> 1366 (16382: 8869 8928 8869) (71.8432 s)
>> 1363 (15843: 9177 9205 9177) (79.5901 s)
>> 1354 (19983: 7337 7352 7337) (63.9551 s)
>> 1347 (15430: 9405 9433 9405) (59.445 s)
>> 1455 (15327: 9443 9482 9443) (69.3297 s)
>> 1359 (24714: 9406 9436 9406) (72.858 s)
>> 1345 (26319: 9274 9280 9274) (61.9838 s)
>> 1343 (28601: 9873 31135 9873) (71.1457 s)
>> 1336 (29121: 7411 7466 7411) (60.9592 s)
>> 1334 (16020: 9092 9114 9092) (59.9767 s)
>> 1332 (26335: 8159 8195 8159) (60.5344 s)
>> 1330 (26023: 7312 7325 7312) (70.1056 s)
>> 1329 (1587: 7687 7695 7687) (71.4614 s)
>> 1326 (23810: 9388 9504 9388) (65.9766 s)
>> 1322 (2992: 9876 9888 9876) (60.8785 s)
>> 1322 (26711: 9878 9885 9878) (62.4372 s)
>> 1317 (4767: 8663 8664 8663) (57.814 s)
>> 1315 (15528: 9339 9350 9339) (70.3643 s)
>> 1313 (10655: 9541 9554 9541) (59.6828 s)
>> 1313 (16731: 8740 8764 8740) (68.2805 s)
>> 1305 (22960: 9675 9685 9675) (74.8175 s)
>> 1309 (14939: 9627 9668 9627) (71.5017 s)
>> 1301 (4079: 9211 9239 9211) (69.1342 s)
>> 1298 (4925: 8540 8563 8540) (73.563 s)
>> 1292 (22158: 9120 9168 9120) (67.1946 s)
>> 1290 (2460: 10233 10238 10233) (69.0054 s)
>> 1281 (4436: 9004 9011 9004) (67.2339 s)
>> 1276 (4049: 9263 9288 9263) (66.8103 s)
>> 1271 (6297: 7804 7807 7804) (69.7005 s)
>> 1268 (23926: 7997 8007 7997) (68.9453 s)
>> 1268 (17231: 8489 8518 8489) (68.6242 s)
>> 1267 (14019: 10072 10073 10072) (65.4073 s)
>> 1260 (6760: 7544 7546 7544) (62.4382 s)
>> 1260 (8288: 8276 8286 8276) (64.0775 s)
>> 1258 (17806: 8246 8307 8246) (68.981 s)
>> 1257 (20600: 8626 8631 8626) (71.7259 s)
>> 1253 (9165: 9164 9179 9164) (71.894 s)
>> 1252 (31428: 9966 9976 9966) (66.6029 s)
>> 1250 (15458: 9374 9399 9374) (50.98 s)
>> 1246 (9519: 9501 9518 9501) (51.1464 s)
>> 1241 (12186: 9485 9502 9485) (67.5188 s)
>> 1232 (10730: 8423 8464 8423) (71.6814 s)
>> 1219 (5293: 8350 8354 8350) (75.3288 s)
>> 1217 (29128: 9844 9854 9844) (66.2493 s)
>> 1216 (16551: 8836 8845 8836) (78.0489 s)
>> 1214 (20601: 8224 8279 8224) (69.4657 s)
>> 1208 (9841: 9833 9838 9833) (59.7036 s)
>> 1201 (24020: 8693 8713 8693) (66.2938 s)
>> 1199 (32067: 9264 9268 9264) (71.4353 s)
>> 1194 (25068: 7402 7406 7402) (72.8159 s)
>> 1192 (16403: 8902 8923 8902) (71.3157 s)
>> 1189 (14866: 9661 9673 9661) (70.2579 s)
>> 1188 (6171: 7865 7868 7865) (60.9202 s)
>> 1961 (31397: 7892 7899 7892) (65.8214 s)
>> 1184 (6499: 7673 7691 7673) (49.6005 s)
>> 1181 (784: 8425 8460 8425) (50.0753 s)
>> 1179 (8097: 8086 8096 8086) (50.0091 s)
>> 1170 (12597: 9636 9648 9636) (49.9404 s)
>> 1168 (22384: 8320 8331 8320) (50.8039 s)
>> 1235 (5730: 8160 8203 8160) (61.5625 s)
>> 1157 (24101: 9800 9814 9800) (67.1461 s)
>> 1155 (17778: 8233 8282 8233) (68.9515 s)
>> 1947 (5230: 8330 8379 8330) (72.2499 s)
>> 1151 (12181: 9049 9069 9049) (55.9202 s)
>> 1143 (16024: 9106 9121 9106) (57.4935 s)
>> 1142 (15247: 9474 9492 9474) (63.2326 s)
>> 1141 (6677: 7626 7630 7626) (67.9843 s)
>> 2297 (6656: 7625 7640 7625) (68.8181 s)
>> 1141 (15270: 9451 9488 9451) (64.1125 s)
>> 1132 (3934: 9357 9363 9357) (58.3117 s)
>> 1132 (24181: 7454 7535 7454) (55.9034 s)
>> 1130 (5765: 8091 8109 8091) (64.4817 s)
>> 1127 (16296: 4369 8978 4369) (65.5211 s)
>> 1124 (5497: 8261 8267 8261) (55.9532 s)
>> 1121 (17169: 8524 8569 8524) (68.1481 s)
>> 1115 (3988: 9298 9317 9298) (70.9802 s)
>> 1115 (19805: 7390 7405 7390) (64.4331 s)
>> 1109 (10396: 8181 8237 8181) (76.2261 s)
>> 1108 (2442: 10242 10251 10242) (71.4294 s)
>> 1939 (29609: 10239 10253 10239) (56.2376 s)
>> 1107 (5547: 8243 8249 8243) (74.6284 s)
>> 1104 (6554: 7670 7680 7670) (66.4974 s)
>> 1103 (8534: 8533 8653 8533) (65.9172 s)
>> 1102 (6287: 7812 7818 7812) (59.973 s)
>> 1097 (6004: 7947 7955 7947) (72.7182 s)
>> 1096 (14912: 9671 9695 9671) (72.8728 s)
>> 1086 (10283: 10281 10282 10281) (67.5099 s)
>> 1081 (28321: 7988 7994 7988) (60.9246 s)
>> 1070 (27758: 7567 7580 7567) (67.7937 s)
>> 1065 (6904: 7465 7469 7465) (65.3729 s)
>> 1059 (16134: 9023 9087 9023) (63.4804 s)
>> 1056 (21457: 9542 9582 9542) (58.5829 s)
>> 1053 (13982: 10077 10079 10077) (60.6332 s)
>> 1053 (17927: 8235 8258 8235) (67.5712 s)
>> 1043 (3525: 9575 9598 9575) (53.3243 s)
>> 1038 (16824: 8679 8706 8679) (60.884 s)
>> 1033 (8820: 8818 8825 8818) (63.54 s)
>> 1030 (6357: 7775 7776 7775) (65.1298 s)
>> 1030 (31844: 8724 8765 8724) (64.9879 s)
>> 1029 (16163: 9012 9033 9012) (62.4756 s)
>> 1027 (27193: 7415 7422 7415) (48.7189 s)
>> 1027 (6271: 7796 7819 7796) (49.1517 s)
>> 1027 (13673: 10214 10223 10214) (49.6405 s)
>> 1026 (27497: 7716 7720 7716) (51.2937 s)
>> 1582 (30371: 7671 7676 7671) (62.3611 s)
>> 1025 (14328: 9941 9948 9941) (67.3378 s)
>> 1023 (21236: 9387 9393 9387) (69.0663 s)
>> 1023 (29832: 9732 9743 9732) (57.5101 s)
>> 1023 (16684: 8777 8783 8777) (68.5301 s)
>> 1021 (7197: 7367 7372 7367) (59.222 s)
>> 1019 (11303: 9326 9361 9326) (55.2086 s)
>> 1015 (3298: 9694 9745 9694) (56.3366 s)
>> 1015 (19955: 7328 7351 7328) (63.9802 s)
>> 1014 (19058: 7725 7730 7725) (68.5708 s)
>> 1009 (16321: 8962 8964 8962) (68.2426 s)
>> 1534 (23652: 8922 8931 8922) (73.4564 s)
>> 1236 (28995: 8911 8917 8911) (70.7461 s)
>> 1006 (19127: 7694 7700 7694) (65.5289 s)
>> 999 (17081: 8577 8597 8577) (66.0641 s)
>> 998 (10820: 8083 8092 8083) (67.4052 s)
>> 997 (5566: 8229 8238 8229) (68.9711 s)
>> 996 (7591: 7579 7590 7579) (63.4056 s)
>> 996 (26352: 9144 9180 9144) (54.9492 s)
>> 992 (14544: 9827 9829 9827) (61.4414 s)
>> 985 (31799: 8014 8023 8014) (61.2119 s)
>> 972 (1176: 7386 7392 7386) (56.6994 s)
>> 967 (1286: 10068 10075 10068) (62.1634 s)
>> 965 (9919: 9866 9918 9866) (65.7105 s)
>> 963 (14741: 9693 9748 9693) (60.3096 s)
>> 941 (27995: 7484 7500 7484) (62.8031 s)
>> 913 (16099: 9026 9046 9026) (71.1715 s)
>> 910 (16523: 8870 8871 8870) (62.8872 s)
>> 898 (9461: 9442 9459 9442) (72.6299 s)
>> 896 (30868: 8068 8074 8068) (64.0004 s)
>> 1319 (31567: 8033 8047 8033) (58.784 s)
>> 891 (10610: 8225 8264 8225) (55.8504 s)
>> 885 (119: 9428 9448 9428) (58.0943 s)
>> 878 (3825: 9394 9404 9394) (59.9498 s)
>> 858 (23360: 7401 7408 7401) (59.8976 s)
>> 857 (28594: 8287 8306 8287) (55.9497 s)
>> 848 (4479: 8915 8987 8915) (55.1697 s)
>> 845 (4140: 9125 9138 9125) (52.3166 s)
>> 840 (19713: 7445 7447 7445) (60.2853 s)
>> 837 (18464: 7948 7959 7948) (64.9719 s)
>> 836 (14321: 9947 9957 9947) (63.8753 s)
>> 831 (17620: 8361 8370 8361) (71.0244 s)
>> 1457 (8469: 8450 8467 8450) (58.0862 s)
>> 828 (17006: 8557 8603 8557) (67.2824 s)
>> 827 (27812: 8283 8303 8283) (63.1025 s)
>> 818 (19282: 7610 7628 7610) (67.8664 s)
>> 811 (3048: 9846 9862 9846) (64.518 s)
>> 809 (15814: 9214 9210 9214) (57.3182 s)
>> 807 (4524: 8900 8958 8900) (49.0033 s)
>> 807 (18985: 7738 7744 7738) (47.7732 s)
>> 806 (18807: 7813 7830 7813) (53.9507 s)
>> 805 (6039: 7917 7943 7917) (53.9337 s)
>> 801 (17613: 8327 8369 8327) (62.7727 s)
>> 790 (15194: 9487 9514 9487) (65.5348 s)
>> 781 (28311: 7706 7710 7706) (57.8348 s)
>> 779 (21710: 9364 9390 9364) (53.8978 s)
>> 2170 (11866: 9227 9236 9227) (53.8589 s)
>> 755 (5087: 8407 8418 8407) (64.9695 s)
>> 752 (11507: 9659 9697 9659) (60.831 s)
>> 746 (14334: 9932 9936 9932) (56.8918 s)
>> 735 (16559: 8850 8853 8850) (58.9333 s)
>> 732 (27367: 8778 8790 8778) (55.2091 s)
>> 729 (32533: 9853 9855 9853) (59.4048 s)
>> 727 (14164: 10010 10019 10010) (50.9238 s)
>> 724 (19229: 7648 7654 7648) (53.3293 s)
>> 721 (15984: 9212 9226 9212) (59.1314 s)
>> 718 (15488: 9366 9379 9366) (67.8585 s)
>> 718 (18484: 7952 7962 7952) (68.0138 s)
>> 716 (21871: 8180 8222 8180) (59.8075 s)
>> 1641 (11225: 8250 8257 8250) (64.7615 s)
>> 708 (17929: 8223 8231 8223) (63.3327 s)
>> 706 (11044: 9522 9551 9522) (65.8937 s)
>> 704 (29693: 9611 9620 9611) (61.7299 s)
>> 989 (11718: 9609 9657 9609) (68.0382 s)
>> 700 (16785: 8707 8709 8707) (67.2024 s)
>> 699 (14803: 9702 9707 9702) (61.3935 s)
>> 697 (14715: 9773 9792 9773) (62.0219 s)
>> 695 (5558: 8247 8268 8247) (52.4624 s)
>> 689 (17037: 8598 8618 8598) (57.8008 s)
>> 2720 (32523: 8488 8519 8488) (62.9125 s)
>> 689 (25941: 10023 10033 10023) (60.0547 s)
>> 676 (14194: 9972 9999 9972) (59.0452 s)
>> 663 (6421: 7735 7737 7735) (58.3993 s)
>> 661 (19634: 7478 7479 7478) (46.2815 s)
>> 659 (3613: 9535 9537 9535) (53.5317 s)
>> 852 (14961: 9607 9625 9607) (62.4735 s)
>> 658 (17194: 8521 8527 8521) (59.3931 s)
>> 1572 (4819: 8600 8627 8600) (65.6302 s)
>> 883 (23589: 8571 8596 8571) (47.9591 s)
>> 657 (30837: 9679 9733 9679) (55.5367 s)
>> 656 (18758: 7845 7847 7845) (55.1167 s)
>> 655 (14847: 9681 9701 9681) (58.7709 s)
>> 645 (26579: 7852 7838 7852) (50.0206 s)
>> 636 (16575: 8842 8852 8842) (46.5413 s)
>> 636 (18449: 7901 7965 7901) (59.2049 s)
>> 634 (22090: 7833 7837 7833) (56.3152 s)
>> 628 (30736: 7512 7516 7512) (54.9256 s)
>> 628 (14782: 9686 9735 9686) (58.5627 s)
>> 969 (31825: 9591 9649 9591) (49.9088 s)
>> 625 (114: 9356 9416 9356) (58.4762 s)
>> 620 (12274: 8513 8532 8513) (45.7556 s)
>> 611 (18990: 7713 7734 7713) (55.7439 s)
>> 610 (18863: 7792 7805 7792) (61.05 s)
>> 606 (14975: 9555 9559 9555) (62.1543 s)
>> 603 (14828: 9687 9708 9687) (62.5471 s)
>> 600 (19544: 7509 7517 7509) (66.3639 s)
>> 597 (9714: 9713 9723 9713) (50.1707 s)
>> 591 (7148: 7378 7383 7378) (51.6613 s)
>> 591 (9581: 9579 9606 9579) (54.9642 s)
>> 589 (4463: 8991 8995 8991) (63.3444 s)
>> 577 (3440: 9667 9640 9667) (65.9637 s)
>> 569 (16426: 8895 8903 8895) (46.3176 s)
>> 565 (16240: 9005 10628 9005) (52.2665 s)
>> 562 (19335: 7574 7614 7574) (54.6785 s)
>> 560 (30711: 9696 9706 9696) (62.9029 s)
>> 559 (14152: 10020 10021 10020) (56.9194 s)
>> 545 (11772: 8752 22409 8752) (63.9032 s)
>> 541 (17632: 8359 8363 8359) (62.0906 s)
>> 1269 (17687: 8318 8336 8318) (62.3049 s)
>> 538 (24347: 9452 9467 9452) (51.3575 s)
>> 534 (4639: 8823 8841 8823) (51.1574 s)
>> 518 (24010: 8977 8981 8977) (60.3009 s)
>> 512 (23550: 7521 7536 7521) (65.749 s)
>> 511 (2371: 10296 10297 10296) (63.7147 s)
>> 510 (11687: 9244 9245 9244) (66.3997 s)
>> 508 (16311: 8953 8959 8953) (58.7846 s)
>> 504 (6262: 7824 7831 7824) (51.8184 s)
>> 500 (16657: 8788 8794 8788) (51.2733 s)
>> 495 (15160: 9540 9561 9540) (58.932 s)
>> 487 (15203: 9528 9565 9528) (55.9988 s)
>> 484 (15117: 9503 9571 9503) (61.8398 s)
>> 483 (25612: 8371 8376 8371) (55.9875 s)
>> 482 (17087: 8574 8602 8574) (63.0699 s)
>> 481 (372: 8024 8030 8024) (65.1544 s)
>> 472 (14634: 9746 9790 9746) (64.1619 s)
>> 463 (29109: 8281 8325 8281) (59.6785 s)
>> 457 (14938: 9644 9647 9644) (57.4958 s)
>> 456 (18447: 7969 7983 7969) (63.212 s)
>> 452 (24796: 9401 9412 9401) (54.1309 s)
>> 439 (12418: 10161 10167 10161) (46.7947 s)
>> 426 (5935: 8008 8025 8008) (51.3781 s)
>> 422 (14333: 9894 9942 9894) (58.1409 s)
>> 420 (7221: 7343 7363 7343) (61.999 s)
>> 659 (25370: 7366 7373 7366) (63.531 s)
>> 410 (18093: 8140 8149 8140) (56.4949 s)
>> 409 (19970: 7349 7371 7349) (66.2598 s)
>> 405 (29576: 9422 9462 9422) (58.5394 s)
>> 395 (12703: 9285 9291 9285) (50.6936 s)
>> 381 (17840: 8275 8384 8275) (45.4302 s)
>> 379 (14525: 9823 9845 9823) (49.9581 s)
>> 375 (21261: 9305 9341 9305) (45.4568 s)
>> 370 (6524: 7653 7685 7653) (45.782 s)
>> 370 (30662: 9077 9156 9077) (42.384 s)
>> 363 (14289: 9959 9961 9959) (46.4372 s)
>> 363 (16642: 8732 8802 8732) (52.97 s)
>> 358 (16315: 8965 8952 8965) (56.9413 s)
>> 357 (18887: 7777 7793 7777) (61.3549 s)
>> 357 (2516: 10203 10212 10203) (61.3419 s)
>> 350 (15692: 9296 9287 9296) (58.3658 s)
>> 349 (2976: 9877 9884 9877) (54.0433 s)
>> 348 (3951: 9325 9349 9325) (57.5573 s)
>> 339 (7223: 7359 7369 7359) (59.3061 s)
>> 334 (17000: 8632 16874 8632) (58.602 s)
>> 323 (16952: 8614 8646 8614) (61.434 s)
>> 322 (16294: 8948 8968 8948) (44.0843 s)
>> 317 (2161: 7432 7442 7432) (77.2426 s)
>> 316 (15200: 9529 9530 9529) (52.9461 s)
>> 926 (3302: 9722 9736 9722) (56.0448 s)
>> 310 (13470: 7304 7305 7304) (59.3067 s)
>> 309 (6570: 7639 7674 7639) (58.1458 s)
>> 303 (4431: 9013 9039 9013) (59.1689 s)
>> 301 (5742: 8098 8126 8098) (57.1394 s)
>> 297 (6375: 7768 7771 7768) (58.5906 s)
>> 293 (7111: 7385 7404 7385) (61.9868 s)
>> 285 (8458: 8356 8378 8356) (44.6047 s)
>> 282 (14665: 9785 9784 9785) (51.7073 s)
>> 280 (15847: 9173 9189 9173) (51.5799 s)
>> 279 (6752: 7528 7550 7528) (47.4729 s)
>> 276 (2271: 9950 9929 9950) (63.5637 s)
>> 269 (15685: 9295 9322 9295) (62.3394 s)
>> 264 (5417: 8295 8297 8295) (61.5399 s)
>> 264 (23885: 9992 9998 9992) (54.8876 s)
>> 262 (16597: 8813 4662 8813) (58.8613 s)
>> 262 (26307: 9421 9411 9421) (50.6106 s)
>> 239 (6025: 7946 7951 7946) (57.5312 s)
>> 225 (3208: 9761 9786 9761) (50.3654 s)
>> 224 (26270: 9977 9985 9977) (51.0884 s)
>> 212 (18613: 7881 7897 7881) (59.0247 s)
>> 208 (15261: 9489 9499 9489) (59.1831 s)
>> 205 (6627: 7644 7649 7644) (61.3418 s)
>> 190 (22582: 9557 9566 9557) (54.5884 s)
>> 176 (22967: 8480 8575 8480) (52.9693 s)
>> 172 (30114: 8767 28300 8767) (58.5445 s)
>> 166 (11297: 10289 10290 10289) (54.6103 s)
>> 161 (18485: 7934 7949 7934) (41.9773 s)
>> 156 (7345: 7344 7348 7344) (58.3017 s)
>> 154 (14057: 10052 10066 10052) (57.6938 s)
>> 139 (5147: 8410 8417 8410) (54.9414 s)
>> 138 (16337: 8954 8950 8954) (56.4654 s)
>> 136 (15076: 9590 9663 9590) (57.726 s)
>> 135 (19040: 7727 7739 7727) (57.073 s)
>> 129 (6233: 7835 7849 7835) (60.6032 s)
>> 127 (27750: 9348 9380 9348) (52.0741 s)
>> 121 (4261: 9095 9136 9095) (51.3771 s)
>> 594 (15949: 9134 16010 9134) (65.6644 s)
>> 105 (6412: 7719 7740 7719) (62.576 s)
>> 63 (10851: 9423 9456 9423) (53.4343 s)
>> 59 (12019: 7692 7701 7692) (52.083 s)
>> 57 (23728: 9368 9378 9368) (53.9481 s)
>> 54 (16436: 8886 8901 8886) (49.6022 s)
>> 53 (27184: 7652 7663 7652) (51.6591 s)
>> 50 (4250: 9098 9111 9098) (49.9451 s)
>> 3143 (12375: 9094 9123 9094) (54.8178 s)
>> 1221 (1466: 9149 9185 9149) (60.9638 s)
>> 49 (21681: 8110 8060 8110) (60.6566 s)
>> 31 (23637: 9293 9308 9293) (66.0425 s)
>> 22 (14725: 9724 9759 9724) (63.0394 s)
>> 4 (24731: 8026 25931 8026) (51.9216 s)
>> 0 (-1: -1 -1 -1) (49.724 s)
Zelikovsky 59755.5 s
>> 36577 (11754: 10285 10287 10277) (2752.69 s)
>> 33893 (9170: 9169 9179 9171) (2538.05 s)
>> 27711 (14412: 9937 9910 9907) (2760.91 s)
>> 27393 (23681: 7511 7457 7427) (2465.5 s)
>> 23504 (19366: 7549 7593 7586) (2588.4 s)
>> 23121 (14136: 10082 10024 9473) (2817.56 s)
>> 22748 (25267: 9963 10142 10067) (2603.84 s)
>> 22444 (16695: 8760 8773 8723) (2487.82 s)
>> 17903 (26229: 25097 32036 7759) (2728.91 s)
>> 17120 (9272: 9127 10082 9270) (2598.14 s)
>> 16962 (21876: 7742 7888 7788) (2553.05 s)
>> 14550 (10270: 10285 10269 10234) (2601.83 s)
>> 14318 (10216: 10255 10215 10092) (2686.83 s)
>> 13758 (10267: 27934 10279 10266) (2481.59 s)
>> 13024 (571: 7423 7430 7428) (2636.63 s)
>> 12972 (1484: 7611 23970 7560) (2508.1 s)
>> 12737 (3528: 25376 9618 9453) (2604.68 s)
>> 11709 (26979: 9382 9199 9035) (2731.81 s)
>> 10920 (6639: 7633 7717 7647) (2614.44 s)
>> 10852 (23339: 18326 7705 8265) (2568.19 s)
>> 10849 (20702: 9942 9881 9781) (2568.6 s)
>> 10687 (13: 10018 9929 9863) (2433.64 s)
>> 10399 (1699: 10111 10138 10080) (2663.89 s)
>> 10269 (10191: 10143 10278 10189) (2461.35 s)
>> 10217 (17680: 8387 8342 8321) (2620.63 s)
>> 10079 (6861: 28667 7504 7497) (2611.89 s)
>> 9918 (29502: 8387 8502 8498) (2624.15 s)
>> 9848 (30527: 10009 10004 9944) (2414.98 s)
>> 9766 (475: 7929 7750 7724) (2506.41 s)
>> 9480 (14727: 9754 9939 9577) (2584.5 s)
>> 9275 (24352: 8400 25097 8482) (2675.67 s)
>> 9030 (30594: 7619 7681 7575) (2515.98 s)
>> 8621 (14074: 10069 10043 9982) (2808.35 s)
>> 8267 (21628: 7933 7965 8000) (2598.92 s)
>> 7890 (27410: 9429 9761 9340) (2464 s)
>> 7856 (25687: 8610 8809 8746) (2636.14 s)
>> 7621 (6517: 7729 7511 7690) (2677.53 s)
>> 7419 (14157: 10009 10025 10003) (2551.78 s)
>> 7264 (13623: 10237 10247 10243) (2487.59 s)
>> 7230 (24484: 8799 8857 8780) (2451.65 s)
>> 7185 (8485: 8437 8483 8436) (2478.07 s)
>> 7064 (23608: 9470 9642 9587) (2487.39 s)
>> 6932 (7782: 7767 7781 7611) (2582.07 s)
>> 6804 (18470: 7975 7956 7929) (2566.94 s)
>> 6695 (6968: 7439 7467 7453) (2393.37 s)
>> 6639 (8682: 8624 8681 8531) (2412.54 s)
>> 6530 (30902: 7572 7616 7612) (2405.08 s)
>> 6479 (2608: 10175 10164 9127) (2193.18 s)
>> 6293 (14197: 10000 10111 9979) (2421.91 s)
>> 6161 (28246: 8400 7802 7619) (2353.28 s)
>> 6037 (8509: 8555 8506 8491) (2344.39 s)
>> 5939 (1900: 8894 9037 8875) (2661.39 s)
>> 5924 (5886: 8016 8144 8040) (2701.17 s)
>> 5922 (3947: 9303 9393 9355) (2586.94 s)
>> 5711 (2019: 9985 9981 9965) (2512.61 s)
>> 5692 (16564: 8844 8804 8864) (2693.28 s)
>> 5682 (18500: 7895 7957 7953) (2392.68 s)
>> 5673 (30405: 9220 9234 9213) (2281.77 s)
>> 5648 (4759: 8705 8676 8667) (2661.22 s)
>> 5552 (15541: 25376 9365 9194) (2522.97 s)
>> 5448 (13901: 10165 10133 10110) (2380.26 s)
>> 7416 (21696: 10022 10165 10035) (2392.81 s)
>> 5431 (3834: 9327 9470 9400) (2397.56 s)
>> 5333 (11633: 8751 17025 8700) (2363.48 s)
>> 5307 (7230: 7338 7373 7358) (2433.11 s)
>> 5252 (29138: 9984 10031 9986) (2767.61 s)
>> 5224 (2072: 9021 8898 8892) (2344.25 s)
>> 5207 (10449: 25376 9220 9130) (2324.95 s)
>> 5099 (7278: 7311 7309 7307) (2276.52 s)
>> 5095 (2709: 32181 10064 10054) (2265.28 s)
>> 5045 (13910: 10112 10153 10114) (2199.3 s)
>> 5014 (14221: 9962 10000 9983) (2614.61 s)
>> 4896 (4626: 8863 8861 8860) (2594.24 s)
>> 4859 (9278: 9288 9276 9238) (2494.04 s)
>> 4830 (5476: 8228 8316 8271) (2284.23 s)
>> 4740 (2394: 10285 10276 10272) (2557.13 s)
>> 4711 (26061: 9458 9430 9376) (2437.63 s)
>> 4671 (2792: 9956 9985 9975) (2431.37 s)
>> 4660 (4993: 8624 8512 8501) (2385.64 s)
>> 4594 (18192: 8064 8100 8093) (2310.23 s)
>> 4583 (7601: 7576 7625 7600) (2360.07 s)
>> 4537 (14166: 10001 10022 10011) (2304.15 s)
>> 4530 (7: 10018 9927 9900) (2289.07 s)
>> 4508 (28047: 7736 7731 7709) (2242.88 s)
>> 4463 (25689: 8562 8564 8439) (2185.04 s)
>> 4439 (6929: 7477 7464 7455) (2457.56 s)
>> 4437 (14566: 9788 9826 9795) (2138.01 s)
>> 4419 (24943: 7468 7476 7452) (2145.23 s)
>> 4362 (7398: 7411 7396 7389) (2208.29 s)
>> 4359 (9766: 9789 9765 9749) (2189.9 s)
>> 4297 (7319: 19993 7324 7317) (2400.32 s)
>> 4169 (3494: 9686 9631 9605) (2577.39 s)
>> 4104 (5073: 8452 8474 8447) (2673.33 s)
>> 4040 (32057: 7894 7841 7872) (2252.25 s)
>> 4029 (21977: 7867 7842 7825) (2611.74 s)
>> 4025 (16411: 8953 8910 8865) (2371.06 s)
>> 4005 (19170: 7699 124 7689) (2510.62 s)
>> 3949 (21673: 8107 8242 8185) (2335.83 s)
>> 3924 (25739: 10218 10200 10193) (2236.74 s)
>> 3919 (30013: 7637 7671 7668) (2183.1 s)
>> 3906 (3253: 9816 9783 9763) (2048.15 s)
>> 3781 (8874: 8887 8872 8844) (2061.93 s)
>> 3778 (8716: 8649 8719 8714) (2311.71 s)
>> 3777 (5316: 8304 8355 8346) (2220.23 s)
>> 3776 (2587: 10159 10176 10170) (2196.07 s)
>> 3759 (3147: 9828 9809 9794) (2255.16 s)
>> 3758 (22258: 8006 8027 8019) (2050 s)
>> 3754 (26199: 10294 23597 10295) (2224.6 s)
>> 3751 (31993: 9973 10120 9990) (2129.26 s)
>> 3749 (1727: 8554 8526 8487) (2221.08 s)
>> 3746 (894: 7529 7544 7520) (2079.1 s)
>> 3710 (812: 7411 7365 7338) (2127.41 s)
>> 3702 (8657: 8634 8666 8655) (2349.63 s)
>> 3701 (19554: 7503 7540 7485) (1932.32 s)
>> 3679 (18083: 8064 8174 8168) (2067.63 s)
>> 3622 (5128: 8449 8422 8387) (2035.94 s)
>> 3603 (8867: 8895 8866 8858) (2102.36 s)
>> 3595 (7055: 7419 7431 7426) (2143.29 s)
>> 3594 (23770: 7678 31717 7736) (2218.69 s)
>> 3575 (21249: 7760 7813 7733) (2031.41 s)
>> 3536 (3009: 9865 9880 9879) (2067.51 s)
>> 3499 (5686: 8164 8191 8064) (2452.01 s)
>> 3499 (6618: 7642 7652 7636) (2408.93 s)
>> 3483 (22017: 8775 8788 8690) (2488.82 s)
>> 3476 (2954: 9914 9905 9898) (2603.87 s)
>> 3462 (18040: 8207 8200 8182) (2525.34 s)
>> 3393 (8890: 8895 8889 8879) (2468.34 s)
>> 3388 (6749: 7556 7621 7562) (2349.11 s)
>> 3386 (14090: 10049 10044 10009) (2565.96 s)
>> 3379 (3703: 9466 9500 9497) (2388.14 s)
>> 3377 (4294: 9009 9120 9078) (2451.54 s)
>> 3344 (1798: 10286 24999 10285) (2443.12 s)
>> 3338 (29490: 9450 9444 9425) (2463.6 s)
>> 3327 (2576: 10166 2566 10177) (2369.39 s)
>> 3310 (21985: 7839 7820 7815) (2370.1 s)
>> 3306 (3329: 9653 9725 9711) (2396.06 s)
>> 3304 (28935: 9348 9314 9292) (2382.05 s)
>> 3239 (31123: 8900 8887 8881) (2525.85 s)
>> 3229 (19675: 7462 7468 7461) (2444 s)
>> 3211 (21412: 10146 10139 10104) (2429.61 s)
>> 3185 (29218: 8400 7975 7809) (2461.8 s)
>> 3183 (26627: 9321 9334 9699) (2417.49 s)
>> 3163 (7294: 7311 7306 7304) (2379.87 s)
>> 3160 (8829: 16586 24040 8828) (2342.74 s)
>> 3120 (18637: 7885 7903 7811) (2366.65 s)
>> 3092 (10259: 27934 10257 10171) (2220.51 s)
>> 3077 (12371: 8396 8366 8348) (2437.85 s)
>> 3075 (2813: 9960 9984 9967) (2352.92 s)
>> 3056 (5531: 8314 8457 8252) (2255.9 s)
>> 3053 (26289: 10280 10282 10143) (2310.63 s)
>> 3034 (4239: 9054 9124 9104) (2313.02 s)
>> 3016 (19616: 7491 7486 7477) (2432.41 s)
>> 3014 (28485: 20105 8760 8752) (2364.09 s)
>> 3000 (8758: 8745 28300 8757) (2312.28 s)
>> 2994 (5916: 8043 8031 8012) (2422.44 s)
>> 2985 (2423: 10264 10256 10252) (2323.7 s)
>> 2973 (18562: 7938 8400 7911) (2361.77 s)
>> 2967 (24552: 9942 9973 9955) (2445.5 s)
>> 2965 (11999: 7949 7923 7894) (2354.77 s)
>> 2944 (4317: 9113 9072 9043) (2375.74 s)
>> 2942 (1479: 7746 7771 7765) (2286.12 s)
>> 2927 (16371: 8924 8945 8920) (2477.02 s)
>> 2891 (25379: 8344 8392 8383) (2599.97 s)
>> 2880 (8749: 8770 8708 8748) (2526.24 s)
>> 2879 (6047: 7950 7928 7886) (2486.82 s)
>> 2871 (5803: 8123 8103 8044) (2336.98 s)
>> 2864 (3078: 9837 9854 9848) (2401.87 s)
>> 2864 (10378: 9991 9993 9980) (2374.54 s)
>> 2836 (32518: 8705 8709 8637) (2338.49 s)
>> 2830 (4042: 9235 9289 9269) (2302.04 s)
>> 2810 (2880: 9937 9968 9949) (2332.19 s)
>> 2795 (18586: 7915 7939 7904) (2347.2 s)
>> 2964 (1093: 7915 7883 7874) (2247.17 s)
>> 2764 (1778: 7704 6453 7741) (2283.64 s)
>> 2754 (6255: 7848 7834 7814) (2289.34 s)
>> 2734 (2671: 10081 10113 10100) (2263.67 s)
>> 2719 (25665: 8899 8948 8896) (2231.83 s)
>> 2699 (15884: 9180 9154 9140) (2297.85 s)
>> 2691 (27772: 9645 9706 9664) (2303.27 s)
>> 2671 (7527: 7529 7533 7525) (2210.69 s)
>> 2658 (22953: 9162 9158 9103) (2259.89 s)
>> 2639 (4745: 8641 8770 8678) (2200.97 s)
>> 2630 (7564: 7568 7563 7551) (2275.58 s)
>> 2625 (26428: 9323 9352 9303) (2191.28 s)
>> 2618 (5123: 8408 17348 8423) (2324.91 s)
>> 2596 (4711: 8649 8728 8704) (2232.11 s)
>> 3281 (8763: 8753 8761 8649) (2117.54 s)
>> 2587 (26438: 9075 9095 9089) (2155.18 s)
>> 2583 (577: 7514 7510 7507) (2276.04 s)
>> 2572 (19364: 7585 7742 7603) (2287.28 s)
>> 2571 (7763: 7761 7780 7762) (2222.16 s)
>> 2571 (17064: 8638 8584 8554) (2153.36 s)
>> 2567 (5430: 8248 8347 8294) (2158.5 s)
>> 2557 (2940: 9926 9917 9889) (2215.11 s)
>> 2554 (1171: 7400 7419 7409) (2206.03 s)
>> 2533 (8756: 8727 8777 8754) (2207.09 s)
>> 2517 (7262: 7326 7320 7313) (2082.86 s)
>> 2499 (8686: 8675 8685 8634) (2241.9 s)
>> 2491 (2949: 9901 10069 9913) (2096.89 s)
>> 2491 (15834: 9178 9167 9162) (2159 s)
>> 2482 (18552: 7948 7925 7907) (2271.62 s)
>> 2479 (4005: 9320 9346 9297) (3516.78 s)
>> 2460 (19493: 7519 7539 7538) (1742.7 s)
>> 2442 (5473: 8292 8272 8234) (1802.51 s)
>> 2438 (5254: 8393 8409 8373) (1700.22 s)
>> 2435 (10593: 7699 7767 7535) (1784.83 s)
>> 2430 (5171: 8395 8450 8412) (1718.42 s)
>> 2421 (26874: 9257 9312 9113) (1666.95 s)
>> 2417 (4285: 9038 9088 9079) (1843.09 s)
>> 2412 (12330: 10205 10209 10197) (1806.46 s)
>> 2383 (28984: 8899 8925 8909) (1853.93 s)
>> 2382 (10878: 7838 7800 7798) (1616.04 s)
>> 2378 (4600: 8914 8893 8882) (1869.25 s)
>> 2368 (5249: 8340 8376 8374) (1651.22 s)
>> 2368 (11485: 25376 9241 9161) (1851.73 s)
>> 2367 (15627: 9357 9328 9318) (1825.9 s)
>> 2347 (30592: 9760 9942 9727) (1707.08 s)
>> 2342 (21268: 7615 7606 7576) (1698.5 s)
>> 2333 (16420: 8936 8906 8885) (1848.68 s)
>> 2302 (3432: 9678 9684 9669) (1788.48 s)
>> 2301 (8037: 8006 8069 8035) (1833.73 s)
>> 2294 (27268: 7976 7989 7981) (1568.74 s)
>> 3093 (203: 7964 6005 7976) (1784.52 s)
>> 2289 (32333: 31761 10094 10090) (1620.53 s)
>> 2282 (4990: 8486 8563 8510) (1661.48 s)
>> 2275 (3500: 9576 9674 9630) (1695.86 s)
>> 2275 (27449: 8489 8481 8478) (1650.33 s)
>> 2264 (13753: 10183 10218 10144) (1652.74 s)
>> 2262 (4209: 9133 9131 9118) (1671.06 s)
>> 2260 (32547: 8113 8171 8087) (1663.52 s)
>> 2257 (18266: 8066 25931 8045) (1678.04 s)
>> 2252 (16632: 8815 8796 8805) (1602.67 s)
>> 3235 (8832: 8842 8815 8830) (1624.51 s)
>> 2248 (3936: 9323 9386 9362) (1563.18 s)
>> 2246 (24820: 10241 10232 10227) (1640.63 s)
>> 2231 (5204: 8413 8390 8372) (1517.01 s)
>> 2228 (3569: 9621 9640 9593) (1487.69 s)
>> 2228 (4190: 9148 9128 9117) (1600.91 s)
>> 2226 (4346: 9098 9070 9064) (1534.95 s)
>> 2224 (22006: 9020 9055 8936) (1485.52 s)
>> 2220 (18218: 8043 8106 8076) (1505.86 s)
>> 2218 (6542: 7675 7682 7677) (1572.65 s)
>> 2211 (6202: 7847 7950 7863) (1564.97 s)
>> 2210 (1687: 10052 10048 10045) (1639.15 s)
>> 2207 (11876: 8663 8658 8636) (1703.43 s)
>> 2190 (4503: 8972 8999 8976) (1549.06 s)
>> 2186 (29224: 28489 9556 9510) (1680.09 s)
>> 2181 (26386: 8230 8281 8254) (1551.51 s)
>> 2176 (160: 8380 21757 8056) (1714.23 s)
>> 2174 (29401: 10169 10187 10179) (1508.02 s)
>> 2173 (11462: 10106 10105 10086) (1613.65 s)
>> 2171 (5675: 8205 8199 8163) (1545.1 s)
>> 2166 (3854: 15546 9420 9384) (1575.85 s)
>> 2160 (8559: 8544 8594 8558) (1501.5 s)
>> 2148 (4573: 4593 8924 8918) (1493.52 s)
>> 2140 (32428: 7578 7613 7566) (1454.98 s)
>> 2135 (12312: 9010 9075 9046) (1645.09 s)
>> 2131 (2701: 10070 10255 10038) (1487.96 s)
>> 2125 (11851: 9291 9273 9246) (1515.87 s)
>> 2124 (4280: 9021 9086 9054) (1553.64 s)
>> 2123 (5220: 8413 8406 8386) (1493.48 s)
>> 2116 (16275: 8952 8983 8969) (1469.67 s)
>> 2108 (8310: 8396 8308 8278) (1504.07 s)
>> 2107 (4946: 8557 8545 8539) (1523.68 s)
>> 2096 (3031: 9864 9876 9869) (1426.55 s)
>> 2095 (29412: 8740 8739 8733) (1424.17 s)
>> 2090 (5764: 8181 8115 8090) (1607.91 s)
>> 2085 (4516: 8995 8974 8944) (1494.58 s)
>> 2085 (4540: 8977 4593 8957) (1612.24 s)
>> 2083 (1018: 8816 8842 8801) (1444.22 s)
>> 2072 (16109: 9056 9014 9040) (1510.57 s)
>> 2066 (15751: 9257 9236 9227) (1492.37 s)
>> 2064 (2919: 9931 9945 9915) (1521.55 s)
>> 2063 (18919: 7794 7778 7773) (1471.74 s)
>> 2045 (12326: 9686 9753 9729) (1452.25 s)
>> 2039 (6133: 7873 7897 7890) (1446.7 s)
>> 2037 (5721: 8111 8201 8161) (1494.66 s)
>> 2032 (15611: 9338 9345 9313) (1472.72 s)
>> 2027 (22952: 9178 9132 9121) (1462.03 s)
>> 2027 (24317: 8262 8240 8205) (1406.29 s)
>> 2316 (17870: 8262 8320 8246) (1581.07 s)
>> 2012 (15801: 9228 9250 9221) (1483.98 s)
>> 2009 (3248: 9828 9782 9764) (1502.24 s)
>> 2008 (6058: 7947 7922 7898) (1432.28 s)
>> 2004 (17124: 8576 8814 8537) (1539.92 s)
>> 2000 (949: 7698 7713 7707) (1358.21 s)
>> 1985 (32117: 8581 8677 8623) (1518.74 s)
>> 1983 (24758: 8679 8706 8581) (1358.15 s)
>> 1977 (21397: 8360 8424 8385) (1411.86 s)
>> 1976 (5765: 8262 8114 8091) (1299.97 s)
>> 1972 (11282: 9536 9530 9483) (1396.12 s)
>> 1971 (23847: 9087 9051 9017) (1456.47 s)
>> 1970 (2269: 9737 9776 9574) (1394.72 s)
>> 1965 (5783: 8078 8121 8110) (1368.54 s)
>> 1957 (17496: 8398 8473 8431) (1505.93 s)
>> 1943 (146: 8963 8941 9020) (1386.88 s)
>> 1940 (28161: 10107 10106 9962) (1409.36 s)
>> 1934 (3480: 9686 9646 9616) (1349.28 s)
>> 1934 (16265: 8988 9023 8989) (1428.95 s)
>> 1931 (18626: 7884 7938 7882) (1464.79 s)
>> 1920 (19299: 7633 7632 7556) (1290.97 s)
>> 1913 (3755: 9465 9484 9472) (1386.8 s)
>> 1908 (6790: 7541 7534 7513) (1453.12 s)
>> 2027 (19508: 7541 7521 7518) (1432.59 s)
>> 1904 (2490: 10224 10230 10228) (1363.09 s)
>> 1904 (19354: 7615 7590 7579) (1375.81 s)
>> 1900 (29393: 7490 7498 7484) (1508.17 s)
>> 2184 (27995: 7509 7500 7490) (1521.4 s)
>> 1895 (9333: 9369 9331 9301) (1443.75 s)
>> 1895 (24679: 9206 9244 9229) (1327.84 s)
>> 1888 (31538: 9247 9275 9232) (1373.68 s)
>> 1887 (1268: 8555 8514 8490) (1447.15 s)
>> 1884 (5353: 8339 8343 8338) (1372.03 s)
>> 1878 (8405: 8437 8403 8273) (1315.49 s)
>> 1870 (884: 8046 8041 8029) (1517.72 s)
>> 1864 (6535: 7657 7683 7678) (1409.29 s)
>> 1863 (17162: 8553 8548 8551) (1361.18 s)
>> 1858 (9638: 9617 9660 9637) (1379.8 s)
>> 1847 (1017: 8072 8073 8034) (1434.48 s)
>> 1847 (10790: 8555 8452 8494) (1430.76 s)
>> 1844 (17364: 8460 8444 8435) (1359.57 s)
>> 1835 (5098: 8414 8472 8438) (1290.55 s)
>> 1823 (10677: 9093 9148 9102) (1426.99 s)
>> 1822 (6297: 7807 7804 7760) (1363.1 s)
>> 1822 (7128: 7411 7391 7362) (1397.11 s)
>> 1813 (28087: 9119 9112 9080) (1373.68 s)
>> 1812 (7140: 7379 7390 7387) (1420.84 s)
>> 1805 (2116: 22979 7808 7797) (1308.94 s)
>> 1802 (17174: 8570 8587 8449) (1446.86 s)
>> 1800 (1534: 8625 8612 8589) (1344.62 s)
>> 1795 (5319: 8339 8345 8341) (1384.11 s)
>> 1793 (7070: 7414 7422 7421) (1399.71 s)
>> 1793 (15334: 9441 9462 9440) (1464 s)
>> 1792 (16784: 8738 8745 8679) (1356.64 s)
>> 1791 (4221: 9105 16010 9116) (1463.73 s)
>> 1791 (25155: 7347 7411 7356) (1376.86 s)
>> 1788 (5042: 8465 8486 8397) (1361.14 s)
>> 1788 (19994: 7336 19963 7342) (1247.51 s)
>> 1785 (5831: 8066 8077 8071) (1445.53 s)
>> 1779 (11920: 9450 9536 9327) (1350.58 s)
>> 1771 (19096: 7712 7710 7699) (1234.71 s)
>> 1762 (6414: 7657 7748 7740) (1384.2 s)
>> 1735 (15214: 9466 9523 9505) (1393.86 s)
>> 2331 (11886: 9466 9578 9545) (1372.25 s)
>> 1732 (5615: 8192 8248 8219) (1313.74 s)
>> 1732 (6697: 7622 7655 7627) (1263.69 s)
>> 1725 (21002: 7967 7988 7963) (1296.34 s)
>> 1722 (1267: 8315 8395 8317) (1301.28 s)
>> 1721 (30404: 28299 8787 8785) (1253.98 s)
>> 1716 (18537: 7921 13217 7945) (955.763 s)
>> 1711 (16659: 8793 8808 8797) (1000.34 s)
>> 1699 (5573: 8107 8396 8244) (970.549 s)
>> 1694 (31828: 10175 10119 10101) (995.036 s)
>> 1693 (11700: 7405 7415 7414) (933.279 s)
>> 1688 (3749: 9490 9475 9449) (991.198 s)
>> 1687 (15190: 9543 9527 9515) (963.938 s)
>> 2384 (25839: 9686 9601 9543) (989.356 s)
>> 1679 (2790: 9991 10107 9978) (939.129 s)
>> 1674 (18104: 8155 8128 8127) (985.408 s)
>> 1670 (23887: 9992 10002 9991) (957.102 s)
>> 1666 (20182: 8207 8104 8120) (978.964 s)
>> 1663 (18116: 8164 8137 8131) (926.286 s)
>> 1662 (15165: 9532 9555 9544) (980.562 s)
>> 1661 (13024: 8312 8319 8300) (952.535 s)
>> 1660 (13382: 7503 7550 7545) (970.495 s)
>> 1654 (12869: 8668 8654 8640) (924.848 s)
>> 1643 (15742: 9254 9233 9255) (968.675 s)
>> 1633 (16131: 9053 9074 10628) (941.997 s)
>> 1632 (29133: 10127 10147 10126) (963.66 s)
>> 1630 (1247: 9267 9254 9283) (902.754 s)
>> 1628 (18073: 8143 8180 8011) (960.536 s)
>> 1627 (7941: 7949 7940 7935) (932.948 s)
>> 1624 (12203: 7568 7553 7542) (955.234 s)
>> 1613 (25492: 9390 9385 9367) (909.378 s)
>> 1608 (4650: 8827 8841 8838) (951.492 s)
>> 1617 (30649: 8827 9021 8799) (931.328 s)
>> 1606 (784: 783 8460 8425) (955.001 s)
>> 1600 (2439: 10264 10251 10242) (896.732 s)
>> 1596 (29179: 9789 9769 9693) (1007.49 s)
>> 1592 (3295: 9757 9745 9653) (1003.3 s)
>> 1578 (26063: 25344 10225 10231) (1028.28 s)
>> 1575 (3287: 9747 9750 9686) (977.475 s)
>> 1571 (5385: 8299 8305 8302) (1024.06 s)
>> 1570 (23365: 8290 20105 8220) (995.66 s)
>> 1564 (21923: 8008 7993 7964) (1022.2 s)
>> 1562 (9478: 9479 9499 9476) (957.642 s)
>> 1560 (19295: 7620 7642 7615) (1014.5 s)
>> 1559 (25531: 9724 9732 9717) (986.978 s)
>> 1556 (22879: 7667 6853 7643) (1012.8 s)
>> 1551 (4915: 8557 8601 8572) (971.731 s)
>> 1547 (26127: 9824 9801 9793) (1018.59 s)
>> 1542 (28745: 9868 9926 9890) (992.69 s)
>> 1542 (31466: 9084 16262 9053) (1017.64 s)
>> 1534 (15625: 9257 9364 9338) (953.205 s)
>> 1532 (19198: 7672 7676 7662) (1013.56 s)
>> 1531 (24648: 20030 7336 7329) (987.616 s)
>> 1528 (2539: 10203 10198 10194) (1009.66 s)
>> 1521 (10706: 8927 8978 8914) (961.248 s)
>> 1517 (16103: 9081 9058 9056) (1007.88 s)
>> 1514 (25679: 10154 10148 10145) (976.464 s)
>> 2104 (2622: 10166 10160 10154) (1001.81 s)
>> 1503 (16250: 8986 9081 8996) (939.804 s)
>> 1498 (22136: 7637 7614 7574) (983.402 s)
>> 1492 (25042: 8984 9008 8992) (954.483 s)
>> 1486 (18401: 7990 8043 7999) (981.309 s)
>> 1485 (3534: 9656 9614 9562) (930.703 s)
>> 1482 (28342: 8894 9382 8899) (974.542 s)
>> 1480 (1535: 7394 7401 7395) (946.346 s)
>> 1480 (15457: 9370 9406 9377) (973.93 s)
>> 1479 (30644: 9789 9843 9813) (911.235 s)
>> 1478 (22778: 7434 7440 7443) (971.694 s)
>> 1475 (13980: 10089 10083 10074) (944.03 s)
>> 1473 (6666: 7620 7634 7626) (969.691 s)
>> 1472 (17608: 8381 8349 8284) (917.755 s)
>> 1469 (15534: 9401 9383 9371) (964.716 s)
>> 1465 (4612: 8883 8878 8877) (932.753 s)
>> 1462 (2208: 9651 9679 9626) (955.785 s)
>> 1454 (2223: 8109 8111 8059) (896.071 s)
>> 1453 (4792: 8673 8674 8650) (954.674 s)
>> 1452 (3718: 28489 9503 9488) (926.711 s)
>> 1445 (25141: 8653 8641 8582) (952.103 s)
>> 1445 (27755: 8599 8632 8629) (901.988 s)
>> 1443 (13450: 7366 7364 7360) (949.557 s)
>> 1438 (19392: 7620 7568 7567) (921.033 s)
>> 1429 (20657: 7491 7506 7470) (947.757 s)
>> 1428 (10098: 10093 10127 10097) (887.268 s)
>> 1426 (16516: 8862 8963 8870) (940.555 s)
>> 1420 (24008: 9822 9850 9821) (914.423 s)
>> 1417 (15916: 9133 9185 9149) (940.238 s)
>> 1407 (5700: 8204 8196 8188) (893.281 s)
>> 1407 (6163: 7870 7880 7864) (936.716 s)
>> 1398 (31844: 8765 8753 8724) (910.53 s)
>> 1396 (29732: 8573 8625 8561) (935.531 s)
>> 1395 (3322: 9692 9734 9726) (873.145 s)
>> 1395 (16857: 8688 8680 8648) (931.378 s)
>> 1393 (13679: 10224 10213 10201) (903.076 s)
>> 1391 (15806: 9235 9196 9160) (928.346 s)
>> 1388 (1692: 8546 8600 8585) (881.756 s)
>> 1387 (27133: 9445 9457 9437) (1114.91 s)
>> 1384 (27903: 19243 7646 7618) (994.996 s)
>> 1380 (10630: 8973 8986 8862) (827.466 s)
>> 1380 (25811: 9481 9501 9446) (781.692 s)
>> 1377 (25023: 7786 7792 7783) (824.473 s)
>> 1375 (19450: 7549 7546 7529) (868.068 s)
>> 1371 (18091: 8145 8203 8116) (756.763 s)
>> 1369 (7173: 19875 7377 7370) (735.931 s)
>> 1363 (15843: 4138 9205 9177) (742.698 s)
>> 1359 (16576: 8839 8863 8847) (731.593 s)
>> 1359 (24714: 9410 9436 9370) (739.439 s)
>> 1355 (18256: 8049 8107 8057) (718.266 s)
>> 1354 (19983: 7337 7347 7352) (737.395 s)
>> 1353 (4126: 9178 9217 9181) (728.663 s)
>> 1650 (15734: 9267 9178 9259) (828.597 s)
>> 1352 (23181: 7337 7331 7349) (839.721 s)
>> 1342 (9067: 8973 9082 9065) (847.155 s)
>> 1340 (3707: 9490 9493 9491) (821.625 s)
>> 1336 (29121: 29120 7466 7337) (771.407 s)
>> 1334 (16020: 9092 16138 9114) (815.083 s)
>> 1332 (1356: 9866 9932 9914) (862.309 s)
>> 1332 (26335: 8195 8228 8159) (804.127 s)
>> 1330 (26023: 7315 7325 7312) (815.313 s)
>> 1329 (1587: 7687 7679 7695) (794.504 s)
>> 1328 (22817: 9755 9762 9700) (838.874 s)
>> 1322 (2992: 9864 9901 9888) (811.509 s)
>> 1322 (26711: 25376 9885 9878) (755.982 s)
>> 1321 (27369: 8781 8766 8778) (738.06 s)
>> 1313 (10655: 9541 9607 9554) (766.353 s)
>> 1312 (12051: 8827 9098 9050) (832.129 s)
>> 1307 (14847: 9681 9724 9701) (796.453 s)
>> 1302 (602: 10183 10192 10155) (729.601 s)
>> 1301 (4079: 9211 9239 9228) (819.71 s)
>> 1298 (4925: 8465 8571 8546) (805.241 s)
>> 1298 (15698: 9369 9279 9168) (802.672 s)
>> 1290 (2460: 10239 10238 10233) (800.599 s)
>> 1278 (5081: 8420 8451 8445) (823.397 s)
>> 1268 (17231: 8518 12880 8489) (780.721 s)
>> 1268 (23926: 8007 8014 7997) (752.903 s)
>> 1267 (14019: 10077 10073 10072) (724.635 s)
>> 1266 (11025: 7572 7667 7631) (788.671 s)
>> 1260 (8288: 8286 8287 8276) (800.135 s)
>> 1257 (15430: 9443 9433 9405) (764.354 s)
>> 1256 (3655: 9533 11490 9737) (710.848 s)
>> 1253 (9165: 9189 9169 9164) (836.04 s)
>> 1252 (31428: 9976 9966 9956) (747.473 s)
>> 1250 (4587: 8977 8905 8901) (774.502 s)
>> 1250 (15458: 9399 9408 9374) (737.878 s)
>> 1246 (24627: 9712 9747 9682) (764.48 s)
>> 1243 (6622: 7630 7650 7620) (778.164 s)
>> 1233 (9935: 9938 10018 9933) (755.474 s)
>> 1230 (29834: 9719 9698 9681) (713.614 s)
>> 1217 (3545: 9648 9636 9612) (739.668 s)
>> 1216 (16551: 8851 8845 8836) (764.76 s)
>> 1214 (2942: 9866 9921 9916) (789.34 s)
>> 1208 (6554: 7670 19243 7680) (728.118 s)
>> 1208 (9841: 9842 9838 9833) (819.879 s)
>> 1201 (10440: 9976 14190 9972) (795.112 s)
>> 1200 (882: 8058 8105 8075) (848.949 s)
>> 1197 (22227: 8535 8541 8525) (719.686 s)
>> 1192 (16403: 8923 8942 8902) (741.082 s)
>> 1236 (30758: 16460 8923 8903) (753.955 s)
>> 1189 (14866: 9687 9673 9661) (747.001 s)
>> 1186 (15528: 9339 9401 9350) (799.766 s)
>> 1184 (6499: 7696 7691 7673) (802.84 s)
>> 1181 (20600: 16925 8631 8626) (769.541 s)
>> 1470 (4800: 8705 16925 8642) (804.624 s)
>> 1180 (5150: 8441 8416 8413) (722.053 s)
>> 1177 (13958: 10087 10081 10078) (793.074 s)
>> 1171 (5094: 8420 8442 8441) (732.82 s)
>> 1168 (22384: 8331 8326 8262) (826.031 s)
>> 1165 (8608: 8544 8609 8605) (784.532 s)
>> 1164 (28029: 9799 9800 9746) (826.64 s)
>> 1163 (11210: 22979 7829 7793) (782.181 s)
>> 1155 (17778: 8282 8330 8233) (769.256 s)
>> 1144 (3056: 9864 9861 9849) (687.82 s)
>> 1143 (26319: 9320 9280 9274) (752.531 s)
>> 1132 (27846: 8155 8117 8112) (707.113 s)
>> 1129 (5157: 8393 8418 8415) (722.366 s)
>> 1127 (3600: 9576 9565 9528) (731.875 s)
>> 1127 (19137: 7692 7698 7694) (744.122 s)
>> 1123 (16661: 8793 8792 28299) (696.626 s)
>> 1122 (17989: 8194 8232 8225) (695.184 s)
>> 1121 (3645: 9506 9712 9534) (658.705 s)
>> 1120 (23865: 10088 10093 10077) (651.096 s)
>> 1119 (16731: 8781 8764 8740) (728.248 s)
>> 1115 (3988: 9357 9317 9298) (708.877 s)
>> 1113 (8469: 8555 8471 8467) (706.463 s)
>> 1110 (1939: 7480 7495 7462) (724.83 s)
>> 4015 (22718: 7585 7557 7480) (745.125 s)
>> 1110 (27979: 9694 9668 9757) (714.199 s)
>> 1107 (5547: 8243 8250 8249) (676.033 s)
>> 1107 (23116: 8193 8570 8016) (697.418 s)
>> 1107 (27704: 8738 8602 8577) (699.548 s)
>> 1106 (18098: 8164 8156 8146) (686.513 s)
>> 1105 (3615: 9535 9553 9490) (719.676 s)
>> 1103 (8534: 8522 8653 8533) (691.958 s)
>> 1103 (17006: 8603 8620 8586) (675.78 s)
>> 1102 (6287: 7840 7818 7812) (711.561 s)
>> 1101 (20871: 10010 10008 10007) (661.639 s)
>> 1099 (19427: 7552 7578 7561) (674.053 s)
>> 1097 (6004: 7960 7955 7947) (696.321 s)
>> 1096 (14912: 9695 9703 9671) (702.032 s)
>> 1094 (206: 8279 8267 8224) (676.029 s)
>> 1093 (15307: 9442 9471 9480) (662.153 s)
>> 1092 (2975: 9884 9931 9897) (660.702 s)
>> 1089 (16666: 8791 8790 8782) (676.502 s)
>> 1081 (28321: 7967 8002 7994) (681.101 s)
>> 1080 (25327: 8598 8705 8618) (664.733 s)
>> 1079 (6292: 7807 7824 7799) (693.349 s)
>> 1056 (21457: 9542 9619 9582) (663.437 s)
>> 1045 (11303: 12237 9339 9326) (652.963 s)
>> 1044 (12792: 8980 9004 8985) (610.92 s)
>> 1044 (16134: 8988 9092 9087) (617.41 s)
>> 1043 (3525: 9625 9598 9575) (610.108 s)
>> 1041 (15247: 9492 9508 9474) (634.988 s)
>> 1036 (26504: 7505 7541 7509) (654.842 s)
>> 1030 (3079: 9832 9859 9847) (668.876 s)
>> 1030 (6357: 7775 7787 7776) (666.648 s)
>> 1029 (16163: 9033 9119 9012) (643.408 s)
>> 1026 (27497: 7720 7739 7716) (737.5 s)
>> 1025 (14328: 9948 9954 9941) (716.836 s)
>> 1023 (17119: 8583 8565 8544) (671.05 s)
>> 1023 (29832: 9743 9759 9719) (654.972 s)
>> 1021 (7197: 7372 7374 7367) (654.06 s)
>> 1021 (28230: 9506 9591 9450) (639.364 s)
>> 1019 (25130: 8344 783 8398) (642.677 s)
>> 1018 (24148: 9409 9441 9390) (598.24 s)
>> 1017 (17771: 8297 8295 8285) (637.265 s)
>> 1014 (19058: 7725 7715 7730) (620.154 s)
>> 1012 (6594: 7644 7666 7637) (666.612 s)
>> 1009 (6918: 7439 7469 7465) (575.227 s)
>> 1009 (16321: 8964 8972 8962) (700.048 s)
>> 997 (5566: 8229 8245 8238) (708.6 s)
>> 997 (18227: 8109 8070 8061) (714.334 s)
>> 991 (5462: 8261 8279 8274) (721.731 s)
>> 984 (12784: 9015 4369 8998) (698.701 s)
>> 976 (4729: 8672 8696 8689) (605.195 s)
>> 971 (12026: 9822 9807 9796) (619.791 s)
>> 965 (5433: 8315 8303 8293) (595.991 s)
>> 965 (14341: 22645 9946 9754) (618.321 s)
>> 960 (17201: 8524 8557 8420) (606.508 s)
>> 959 (11849: 9558 9561 9540) (672.324 s)
>> 942 (18687: 7873 7869 7850) (596.144 s)
>> 918 (13673: 10214 10229 10223) (613.074 s)
>> 912 (15222: 9507 9409 9656) (726.118 s)
>> 910 (8434: 8414 8432 8049) (739.453 s)
>> 908 (19557: 7496 7572 7499) (688.904 s)
>> 906 (27743: 9245 9320 9258) (738.19 s)
>> 899 (16622: 8793 8817 8818) (718.468 s)
>> 897 (27563: 8712 8751 8718) (730.908 s)
>> 894 (16582: 8840 8848 8851) (696.665 s)
>> 893 (13280: 7794 7803 7791) (701.712 s)
>> 891 (16240: 9027 8973 9005) (594.214 s)
>> 891 (17620: 8361 8555 8370) (625.386 s)
>> 885 (119: 9398 9448 9428) (579.297 s)
>> 885 (28594: 8286 8336 8306) (604.833 s)
>> 884 (9418: 9481 9417 9369) (637.133 s)
>> 882 (5510: 8264 17894 8280) (592.376 s)
>> 881 (2054: 9466 9535 9486) (581.626 s)
>> 880 (14240: 9977 9976 9964) (571.493 s)
>> 880 (21871: 8222 8243 8143) (563.503 s)
>> 878 (3825: 9411 9404 9394) (556.755 s)
>> 877 (14634: 9790 9799 9798) (568.673 s)
>> 877 (28664: 7966 7983 7977) (614.06 s)
>> 932 (28663: 8006 7966 7991) (588.428 s)
>> 876 (16337: 8979 8950 8952) (700.43 s)
>> 874 (16708: 8772 8784 8779) (561.24 s)
>> 871 (3406: 9678 9755 9683) (571.148 s)
>> 869 (16409: 8917 8922 8911) (623.791 s)
>> 849 (5309: 8381 8393 8337) (579.515 s)
>> 846 (14544: 9829 9842 9827) (556.764 s)
>> 845 (4140: 9125 9157 9138) (575.462 s)
>> 840 (19713: 7447 7448 7445) (553.167 s)
>> 838 (12022: 7854 7865 7848) (644.09 s)
>> 838 (16612: 8824 8806 8835) (560.581 s)
>> 837 (18464: 7959 7987 7948) (572.486 s)
>> 827 (27812: 8315 8325 8283) (574.417 s)
>> 826 (420: 8297 8339 8299) (629.275 s)
>> 815 (29079: 10052 10040 9960) (608.043 s)
>> 811 (30042: 7860 7879 7873) (651.271 s)
>> 810 (5613: 8223 8229 8207) (623.403 s)
>> 810 (24967: 9155 9188 9129) (612.147 s)
>> 809 (10777: 7854 7868 7861) (557.079 s)
>> 809 (15814: 9210 9247 9214) (552.74 s)
>> 807 (18985: 7744 31264 7738) (566.847 s)
>> 1350 (22281: 7711 7744 7721) (550.79 s)
>> 806 (18807: 7830 18827 7807) (536.305 s)
>> 803 (16374: 8932 8964 8933) (553.58 s)
>> 801 (15183: 9521 9604 9498) (662.063 s)
>> 801 (17613: 8369 8394 8192) (592.278 s)
>> 791 (6346: 7779 7794 7774) (595.137 s)
>> 790 (15194: 9487 9538 9514) (575.4 s)
>> 789 (16529: 8869 8953 8859) (610.017 s)
>> 778 (5245: 8524 8375 8297) (626.18 s)
>> 771 (6683: 7628 7672 7610) (513.702 s)
>> 768 (3841: 9381 9410 9392) (597.203 s)
>> 767 (13669: 10237 25344 10222) (536.308 s)
>> 767 (14011: 10079 32181 31761) (602.341 s)
>> 757 (24796: 9423 12237 9412) (592.774 s)
>> 755 (5087: 8443 8407 8381) (616.421 s)
>> 754 (31287: 7385 7394 7381) (636.038 s)
>> 752 (11507: 9707 9697 9659) (599.502 s)
>> 747 (5229: 8443 8465 8379) (564.831 s)
>> 747 (25634: 10261 10264 10254) (544.363 s)
>> 744 (6612: 7653 7658 7496) (561.705 s)
>> 742 (11016: 9295 9302 9429) (535.674 s)
>> 738 (5499: 8414 8292 8266) (539.289 s)
>> 731 (2375: 10296 10297 10294) (552.813 s)
>> 731 (2851: 10052 9957 9947) (550.706 s)
>> 729 (32533: 9853 9868 9855) (522.385 s)
>> 728 (30813: 8086 8223 8096) (540.512 s)
>> 727 (14164: 10020 10019 10010) (550.152 s)
>> 726 (21874: 9361 9423 9366) (525.834 s)
>> 725 (3096: 9837 9844 9829) (548.952 s)
>> 719 (26120: 8659 8675 8599) (523.984 s)
>> 718 (23550: 7543 7536 7505) (566.879 s)
>> 717 (13329: 7692 7701 7700) (489.621 s)
>> 712 (20239: 8078 8152 8134) (551.243 s)
>> 711 (15464: 9424 9506 9402) (498.344 s)
>> 711 (17840: 32548 8275 8222) (543.099 s)
>> 708 (4363: 9010 9052 8984) (503.509 s)
>> 704 (29693: 9620 9650 9611) (510.044 s)
>> 703 (30785: 8015 8003 7998) (500.553 s)
>> 701 (7026: 7434 7432 7400) (601.472 s)
>> 696 (18972: 7746 7751 7749) (569.108 s)
>> 693 (6730: 7552 7589 7584) (510.802 s)
>> 689 (15833: 9187 9211 9182) (507.386 s)
>> 689 (25941: 10033 10034 10023) (522.244 s)
>> 687 (18668: 7854 7887 7878) (489.548 s)
>> 685 (6026: 7946 7951 7949) (489.935 s)
>> 678 (15128: 9560 9609 9551) (499.324 s)
>> 670 (14803: 9702 9728 9707) (567.654 s)
>> 667 (18109: 8142 8195 8155) (459.238 s)
>> 666 (29922: 9237 9235 9133) (462.607 s)
>> 663 (6421: 7711 7737 7735) (473.937 s)
>> 661 (19634: 7479 7489 7478) (538.617 s)
>> 648 (19287: 7629 7670 7644) (482.192 s)
>> 647 (15070: 15100 28489 9617) (520.093 s)
>> 646 (15035: 9621 9651 9622) (481.929 s)
>> 645 (19051: 7714 7719 7692) (489.65 s)
>> 643 (31799: 8023 18337 8007) (498.046 s)
>> 640 (9343: 9351 9341 9245) (513.912 s)
>> 638 (31567: 8060 8047 8033) (503.108 s)
>> 634 (22090: 7837 7840 7833) (496.022 s)
>> 634 (30523: 9792 9873 9533) (506.192 s)
>> 632 (19810: 7410 7413 7412) (532.557 s)
>> 626 (19823: 7434 19875 7392) (466.016 s)
>> 624 (19935: 7372 7366 7363) (476.824 s)
>> 613 (26267: 9606 9621 9579) (540.948 s)
>> 611 (18990: 7734 7743 7714) (539.612 s)
>> 611 (25979: 8181 8189 8149) (443.095 s)
>> 610 (748: 8378 22593 8314) (525.865 s)
>> 610 (29864: 8078 8177 8164) (470.893 s)
>> 606 (6573: 7696 7674 7648) (535.161 s)
>> 602 (13954: 10146 10088 10001) (442.584 s)
>> 602 (30241: 7990 8078 8053) (440.43 s)
>> 600 (19544: 30737 7543 7517) (500.388 s)
>> 597 (9714: 9723 9705 9713) (494.551 s)
>> 596 (19971: 7357 20030 7355) (479.561 s)
>> 595 (29827: 9541 9613 9594) (470.101 s)
>> 591 (7148: 7378 7388 7383) (514.912 s)
>> 589 (23810: 9424 9504 9388) (517.867 s)
>> 588 (4666: 8786 8522 8869) (429.133 s)
>> 586 (15059: 9560 9620 9592) (463.769 s)
>> 584 (5377: 8304 8312 8311) (452.448 s)
>> 584 (14044: 10066 10060 10146) (454.929 s)
>> 583 (16154: 9049 9038 9011) (441.802 s)
>> 578 (27663: 8125 8141 7990) (450.918 s)
>> 578 (28283: 8190 8145 8086) (445.714 s)
>> 577 (3440: 9655 9667 9606) (432.638 s)
>> 577 (9519: 9481 9542 9518) (468.179 s)
>> 574 (6216: 7846 7856 7854) (458.367 s)
>> 572 (6120: 7884 7899 7892) (422.585 s)
>> 569 (18797: 7823 7846 7819) (423.98 s)
>> 564 (4962: 8535 8553 8523) (466.762 s)
>> 559 (3517: 9627 9694 9570) (445.448 s)
>> 559 (14152: 10021 10033 10026) (440.976 s)
>> 558 (31249: 9284 9351 9296) (441.021 s)
>> 552 (16959: 8668 8619 8573) (432.601 s)
>> 547 (4357: 8827 8995 8991) (439.482 s)
>> 543 (23323: 9122 9109 8988) (439.369 s)
>> 541 (17632: 8359 8384 8363) (438.269 s)
>> 538 (24347: 9452 9467 9387) (492.559 s)
>> 532 (14747: 9733 9751 9741) (436.49 s)
>> 527 (15499: 9361 9284 9373) (432.556 s)
>> 524 (14485: 9870 9877 9862) (479.177 s)
>> 523 (26916: 7805 7838 22979) (464.558 s)
>> 515 (16684: 8775 8783 8727) (467.5 s)
>> 513 (21548: 8826 8833 8816) (469.018 s)
>> 511 (4385: 9034 9122 9015) (436.092 s)
>> 507 (8961: 8786 8982 8959) (436.336 s)
>> 507 (11495: 10239 10241 10214) (436.145 s)
>> 505 (18873: 7795 7805 7775) (396.07 s)
>> 503 (2503: 10220 10286 10032) (430.694 s)
>> 503 (17304: 8488 8480 8443) (484.32 s)
>> 499 (4548: 8977 8949 8937) (523.362 s)
>> 493 (17692: 8331 8344 8313) (414.461 s)
>> 488 (4819: 8627 8639 8488) (420.122 s)
>> 479 (14744: 9742 9792 9730) (406.277 s)
>> 475 (16035: 9097 9155 9084) (437.009 s)
>> 473 (7112: 7404 7406 7385) (470.317 s)
>> 848 (25068: 7402 7403 7404) (493.606 s)
>> 789 (27715: 7407 7410 7402) (419.75 s)
>> 470 (18497: 7952 7954 7946) (431.026 s)
>> 459 (23033: 9647 9629 9625) (404.008 s)
>> 457 (6246: 7845 7851 7831) (402.346 s)
>> 452 (30519: 9264 9361 9268) (394.572 s)
>> 451 (9204: 4138 9186 9202) (401.948 s)
>> 450 (27399: 27400 7372 7326) (393.549 s)
>> 449 (18342: 8025 8072 8008) (401.653 s)
>> 446 (14357: 9936 9930 9866) (426.077 s)
>> 446 (14950: 9657 9687 9560) (439.964 s)
>> 440 (2565: 10182 10195 10159) (396.966 s)
>> 439 (3099: 9788 9875 9831) (449.52 s)
>> 439 (12418: 10167 10184 10161) (410.851 s)
>> 434 (15919: 9125 9152 9137) (392.415 s)
>> 418 (19484: 7537 7630 7515) (388.424 s)
>> 417 (10659: 10089 10087 10021) (389.694 s)
>> 411 (4299: 9073 9125 9076) (383.522 s)
>> 408 (19784: 7405 7420 7416) (385.582 s)
>> 405 (11369: 9485 9479 9445) (397.568 s)
>> 401 (13514: 10290 10288 10280) (373.505 s)
>> 400 (8737: 8710 8736 8707) (380.157 s)
>> 399 (4511: 8827 8975 8915) (384.91 s)
>> 397 (9360: 9381 9358 9288) (387.207 s)
>> 393 (4415: 9000 9069 9022) (470.551 s)
>> 389 (25552: 8574 8597 8535) (455.395 s)
>> 388 (14909: 9662 9521 9507) (469.565 s)
>> 388 (14997: 9647 9652 9564) (393.003 s)
>> 922 (3512: 9558 9647 9628) (400.562 s)
>> 381 (3312: 9731 9718 9627) (382.316 s)
>> 372 (12527: 9858 9936 9837) (388.639 s)
>> 363 (14289: 22645 9961 9959) (403.488 s)
>> 361 (19563: 7491 7549 7492) (416.609 s)
>> 358 (26976: 9097 9216 9180) (376.909 s)
>> 357 (2516: 10212 10237 10203) (432.034 s)
>> 357 (14084: 10046 10052 10050) (376.252 s)
>> 355 (12798: 8968 8958 8894) (379.478 s)
>> 350 (25269: 9532 9608 9567) (375.305 s)
>> 348 (3951: 15546 9349 9325) (379.737 s)
>> 347 (4556: 8927 8931 8926) (377.388 s)
>> 343 (2467: 10236 10239 10235) (381.221 s)
>> 340 (4242: 9237 9099 9071) (377.609 s)
>> 339 (7223: 7359 7357 7369) (380.686 s)
>> 336 (9191: 9267 9207 9190) (377.671 s)
>> 334 (4149: 4138 9156 9153) (389.325 s)
>> 334 (18335: 8030 8066 8023) (375.094 s)
>> 330 (17120: 8193 8732 8562) (377.015 s)
>> 324 (18210: 8125 8088 8080) (393.635 s)
>> 312 (15195: 9531 9576 9558) (378.364 s)
>> 303 (4431: 9027 9039 9013) (376.971 s)
>> 289 (12231: 8772 8776 8765) (373.757 s)
>> 282 (14665: 9791 9784 9785) (395.855 s)
>> 281 (15106: 9559 9731 9552) (360.494 s)
>> 271 (16025: 9093 9096 9049) (354.681 s)
>> 267 (17189: 8532 8556 8538) (367.49 s)
>> 262 (16597: 4662 16626 8813) (381.369 s)
>> 248 (5714: 8162 8331 8109) (362.645 s)
>> 242 (5278: 8360 8361 8357) (360.504 s)
>> 242 (16575: 8826 8846 8852) (362.221 s)
>> 235 (5906: 8025 8032 8024) (361.825 s)
>> 234 (4198: 4208 9226 8827) (385.123 s)
>> 230 (18735: 7845 7870 7860) (359.752 s)
>> 225 (3208: 9786 9797 9295) (384.163 s)
>> 225 (3292: 9424 14721 9752) (360.631 s)
>> 224 (31676: 9294 9357 9291) (358.134 s)
>> 219 (6602: 7653 7657 7685) (375.461 s)
>> 219 (20950: 7386 7434 7380) (350.753 s)
>> 217 (16470: 8884 16442 8897) (337.99 s)
>> 217 (19894: 7376 7379 7378) (359.342 s)
>> 216 (18584: 7915 7912 7908) (402.015 s)
>> 203 (30001: 9285 9294 9290) (371.912 s)
>> 201 (7253: 7327 7315 19993) (369.403 s)
>> 194 (5423: 8296 8524 8301) (371.477 s)
>> 194 (6258: 7832 7885 7847) (382.678 s)
>> 193 (6188: 7862 7866 7823) (348.855 s)
>> 190 (22582: 9566 9586 9557) (335.033 s)
>> 185 (11732: 9424 9549 9563) (329.142 s)
>> 184 (18387: 8018 8022 8006) (329.535 s)
>> 180 (22929: 7747 7761 7734) (332.113 s)
>> 176 (15912: 9097 9144 9101) (339.139 s)
>> 171 (29422: 8230 8231 8190) (340.22 s)
>> 167 (17653: 8340 8388 8296) (360.827 s)
>> 167 (24325: 7967 8125 8013) (339.954 s)
>> 166 (11297: 10290 10296 10289) (337.211 s)
>> 157 (17499: 8411 8437 8369) (366.807 s)
>> 156 (7345: 7348 27400 7344) (399.172 s)
>> 139 (5147: 8417 8446 8410) (355.078 s)
>> 308 (17392: 8440 8417 8340) (332.624 s)
>> 129 (6233: 7849 7862 7835) (333.656 s)
>> 123 (5408: 8304 8440 8298) (333.504 s)
>> 119 (3663: 9522 9566 9487) (347.416 s)
>> 118 (14326: 9950 9943 9977) (354.649 s)
>> 118 (14668: 9816 9822 9559) (334.331 s)
>> 118 (27855: 29120 7407 7384) (329.086 s)
>> 117 (15401: 9323 15100 9451) (321.799 s)
>> 112 (27896: 9454 9492 9465) (321.988 s)
>> 197 (15400: 9416 9398 9454) (326.671 s)
>> 110 (5624: 8214 8215 8202) (317.237 s)
>> 106 (18869: 7779 7849 7801) (317.861 s)
>> 104 (4473: 9010 8990 8977) (322.657 s)
>> 102 (3159: 9816 9815 9806) (327.66 s)
>> 99 (20039: 7316 7314 7328) (321.563 s)
>> 98 (5539: 8268 8627 8251) (322.623 s)
>> 268 (10395: 8261 8268 8237) (321.301 s)
>> 95 (22938: 8979 9034 8927) (311.601 s)
>> 86 (17194: 8527 8521 8261) (317.366 s)
>> 81 (16605: 8825 8793 8826) (311.758 s)
>> 76 (29638: 8068 8074 7967) (309.607 s)
>> 73 (6660: 7696 7639 7622) (314.306 s)
>> 69 (12935: 8408 8464 8304) (316.762 s)
>> 68 (19204: 7669 7687 7623) (318.208 s)
>> 57 (23728: 9378 9424 9368) (318.057 s)
>> 48 (14329: 9884 10046 9951) (317.562 s)
>> 47 (14900: 9663 9743 9323) (325.781 s)
>> 47 (21730: 9817 9858 9812) (313.713 s)
>> 43 (5963: 8010 8025 8001) (312.889 s)
>> 42 (12550: 9788 9736 9678) (313.401 s)
>> 38 (4660: 8823 4208 4662) (310.405 s)
>> 38 (5558: 8247 8527 8264) (311.412 s)
>> 31 (23637: 9308 9321 9293) (309.857 s)
>> 25 (918: 7845 7960 7832) (308.521 s)
>> 1 (13170: 7992 8193 7959) (352.497 s)
>> 0 (-1: -1 -1 -1) (390.016 s)
Zelikovsky- 1.02529e+06 s
>>> get_solution
  refine_solution: new weight 592566133 (was 592605110) in 0.017975 s
  refine_solution: new weight 592562940 (was 592566133) in 0.019202 s
  refine_solution: new weight 592562940 (was 592562940) in 0.01984 s
>>> get_solution
  refine_solution: new weight 593190683 (was 593535754) in 0.017784 s
  refine_solution: new weight 593142033 (was 593190683) in 0.018848 s
  refine_solution: new weight 593135287 (was 593142033) in 0.019457 s
  refine_solution: new weight 593133957 (was 593135287) in 0.019969 s
  refine_solution: new weight 593133957 (was 593133957) in 0.018611 s
0,,32549,48800,2450,,0,0,,593535754,593133957,592829642,592605110,592562940,,0,0,@@

  delete_edges: deleted 138 edges in 0.006066 s and 1 rounds
  handle_small_Steiner_degrees: steiner 0, suppress 230 in 0.000143 s
Starting round 1
contract_till_the_bitter_end interrupted
contract_till_the_bitter_end: 1.08505e+06 s

Calling end_heu
>>> get_solution
Saved weight 381996419
end_heu: 0 loops with 0 unique solutions in 0.004185 s

Calling print_solution
>>> get_solution
  refine_solution: new weight 593209176 (was 593535754) in 0.030271 s
Oops orig weight was 593535754 but we got 593209176
## FINAL WEIGHT 593209176
print_solution: 0.059955 s
