Version: final-94-gfffc3aa rub_all.sh: remove longest prefix
Random seed: 1557488251
Start
>>> save_orig_graph
>> Saved weight 0
Graph loaded
|V| = 44483, |E| = 73419, |R| = 3222
First clearance of the input. Calling buy_zero and run_all_heuristics.
  buy_zero: 22 zero edges in 0.000255 s
  handle_small_terminal_degrees: terms 5 in 7.5e-05 s
  handle_small_Steiner_degrees: steiner 2, suppress 1 in 6.1e-05 s
  shortest_edge_between_terminals: 0 edges in 8.7e-05 s
  handle_small_terminal_degrees: terms 1 in 3.5e-05 s
  handle_small_Steiner_degrees: steiner 0, suppress 1 in 6.1e-05 s
  shortest_edge_between_terminals: 0 edges in 5.7e-05 s
  handle_small_terminal_degrees: terms 0 in 3.4e-05 s
  handle_small_Steiner_degrees: steiner 0, suppress 0 in 5.9e-05 s
  shortest_edge_between_terminals: 0 edges in 5.3e-05 s
Compressed graph 44483 -> 44450
  delete_edges: deleted 5489 edges in 0.049333 s and 10 rounds
  handle_small_terminal_degrees: terms 35 in 6.6e-05 s
  handle_small_Steiner_degrees: steiner 187, suppress 3466 in 0.001312 s
  shortest_edge_between_terminals: 0 edges in 8.9e-05 s
  handle_small_terminal_degrees: terms 16 in 8.1e-05 s
  handle_small_Steiner_degrees: steiner 0, suppress 89 in 8.9e-05 s
  shortest_edge_between_terminals: 0 edges in 5.8e-05 s
  handle_small_terminal_degrees: terms 5 in 3.9e-05 s
  handle_small_Steiner_degrees: steiner 0, suppress 2 in 6e-05 s
  shortest_edge_between_terminals: 1 edges in 5.9e-05 s
  handle_small_terminal_degrees: terms 1 in 3.6e-05 s
  handle_small_Steiner_degrees: steiner 0, suppress 0 in 6e-05 s
  shortest_edge_between_terminals: 0 edges in 5.5e-05 s
  handle_small_terminal_degrees: terms 0 in 3.5e-05 s
  handle_small_Steiner_degrees: steiner 0, suppress 0 in 5.9e-05 s
  shortest_edge_between_terminals: 0 edges in 5.5e-05 s
Compressed graph 44450 -> 40648
  delete_edges_shortest_path: deleted 8835 edges in 67.8624 s
  handle_small_terminal_degrees: terms 1671 in 0.002442 s
  handle_small_Steiner_degrees: steiner 1545, suppress 7447 in 0.006356 s
  shortest_edge_between_terminals: 16 edges in 0.000365 s
  handle_small_terminal_degrees: terms 514 in 0.000729 s
  handle_small_Steiner_degrees: steiner 1, suppress 237 in 0.000219 s
  shortest_edge_between_terminals: 59 edges in 0.000178 s
  handle_small_terminal_degrees: terms 25 in 5.6e-05 s
  handle_small_Steiner_degrees: steiner 0, suppress 7 in 7e-05 s
  shortest_edge_between_terminals: 11 edges in 8.7e-05 s
  handle_small_terminal_degrees: terms 3 in 3.6e-05 s
  handle_small_Steiner_degrees: steiner 0, suppress 3 in 6.8e-05 s
  shortest_edge_between_terminals: 1 edges in 6.1e-05 s
  handle_small_terminal_degrees: terms 1 in 3.3e-05 s
  handle_small_Steiner_degrees: steiner 0, suppress 0 in 6.5e-05 s
  shortest_edge_between_terminals: 0 edges in 5.7e-05 s
  handle_small_terminal_degrees: terms 0 in 3.3e-05 s
  handle_small_Steiner_degrees: steiner 0, suppress 0 in 6.5e-05 s
  shortest_edge_between_terminals: 0 edges in 6e-05 s
Compressed graph 40648 -> 29127
  handle_small_terminal_degrees: terms 0 in 2.5e-05 s
  handle_small_Steiner_degrees: steiner 0, suppress 145 in 0.00023 s
  shortest_edge_between_terminals: 131 edges in 0.000645 s
  handle_small_terminal_degrees: terms 0 in 2.4e-05 s
  handle_small_Steiner_degrees: steiner 0, suppress 19 in 7.4e-05 s
  shortest_edge_between_terminals: 4 edges in 0.000111 s
  handle_small_terminal_degrees: terms 0 in 2.3e-05 s
  handle_small_Steiner_degrees: steiner 0, suppress 3 in 5.9e-05 s
  shortest_edge_between_terminals: 0 edges in 7.6e-05 s
  handle_small_terminal_degrees: terms 0 in 2.3e-05 s
  handle_small_Steiner_degrees: steiner 0, suppress 0 in 5.4e-05 s
  shortest_edge_between_terminals: 0 edges in 7e-05 s
Compressed graph 29127 -> 27730
  delete_edges_shortest_path: deleted 2196 edges in 12.8753 s
  handle_small_terminal_degrees: terms 98 in 0.000127 s
  handle_small_Steiner_degrees: steiner 125, suppress 2867 in 0.00131 s
  shortest_edge_between_terminals: 30 edges in 0.00019 s
  handle_small_terminal_degrees: terms 7 in 2.7e-05 s
  handle_small_Steiner_degrees: steiner 3, suppress 40 in 6.4e-05 s
  shortest_edge_between_terminals: 7 edges in 7e-05 s
  handle_small_terminal_degrees: terms 1 in 2.1e-05 s
  handle_small_Steiner_degrees: steiner 0, suppress 1 in 4.7e-05 s
  shortest_edge_between_terminals: 0 edges in 5.7e-05 s
  handle_small_terminal_degrees: terms 0 in 2.1e-05 s
  handle_small_Steiner_degrees: steiner 0, suppress 0 in 4.5e-05 s
  shortest_edge_between_terminals: 0 edges in 5.6e-05 s
Compressed graph 27730 -> 24559
Compressed graph 24559 -> 24559
>>> save_orig_graph
>> Saved weight 546907272
### ZEL_LVL=9 PRECISE_STARS=0

Calling `contract_till_the_bitter_end`
|V| = 24559, |E| = 36257, |R| = 2950
>> 971013 (2198: 2186 2196 2186) (100.726 s)
>> 921289 (191: 189 251 189) (100.661 s)
>> 329636 (16694: 24011 24014 24011) (101.687 s)
>> 273018 (7889: 952 955 952) (101.433 s)
>> 13213 (22885: 11 139 11) (92.6343 s)
>> 12260 (18836: 2033 2378 2033) (93.8777 s)
>> 6892 (15202: 179 204 179) (103.523 s)
>> 6206 (15937: 57 18363 57) (103.556 s)
>> 6047 (2391: 2388 2389 2388) (102.176 s)
>> 5736 (5850: 2532 2549 2532) (102.2 s)
>> 5702 (5146: 1450 1626 1450) (101.866 s)
>> 5617 (14035: 471 511 471) (101.926 s)
>> 5554 (19507: 1271 1661 1271) (107.696 s)
>> 5417 (21518: 2653 2694 2653) (103.784 s)
>> 5212 (7947: 2610 2615 2610) (102.097 s)
>> 4835 (873: 872 911 872) (102.68 s)
>> 4812 (15444: 15 22 15) (101.835 s)
>> 4607 (6127: 23859 23897 23859) (101.238 s)
>> 4584 (5174: 403 14906 403) (105.279 s)
>> 4345 (19373: 1686 18232 1686) (104.412 s)
>> 4309 (20723: 24274 24367 24274) (104.208 s)
>> 4247 (662: 620 661 620) (115.651 s)
>> 4218 (6652: 1842 1980 1842) (106.516 s)
>> 4151 (14766: 273 313 273) (107.126 s)
>> 4074 (18642: 1826 2011 1826) (102.95 s)
>> 4064 (16648: 24027 24037 24027) (101.971 s)
>> 4015 (1734: 1732 1740 1732) (102.696 s)
>> 3853 (15102: 172 247 172) (104.709 s)
>> 3846 (16329: 24100 24175 24100) (100.32 s)
>> 3824 (14503: 325 347 325) (100.1 s)
>> 3756 (16259: 24174 24235 24174) (99.2237 s)
>> 3726 (15647: 23252 24417 23252) (100.842 s)
>> 3721 (4478: 2792 2819 2792) (100.881 s)
>> 3646 (3083: 24061 24119 24061) (88.5441 s)
>> 3622 (5947: 24353 28 24353) (99.1813 s)
>> 3567 (8675: 940 1111 940) (99.2537 s)
>> 3540 (13110: 769 924 769) (98.9313 s)
>> 3519 (16267: 16221 24194 16221) (99.1177 s)
>> 3513 (1481: 1479 1557 1479) (99.3496 s)
>> 4324 (4823: 1630 1794 1630) (99.2503 s)
>> 3374 (18142: 24083 24094 24083) (98.9916 s)
>> 3246 (19098: 458 439 458) (99.1973 s)
>> 3238 (9964: 2558 2559 2558) (99.13 s)
>> 3236 (15870: 24330 24385 24330) (99.1455 s)
>> 3189 (5249: 23939 23947 23939) (99.0292 s)
>> 3118 (7959: 2551 2576 2551) (99.3502 s)
>> 3115 (2564: 2538 2562 2538) (99.2326 s)
>> 3047 (6106: 23971 23987 23971) (99.0575 s)
>> 3027 (3533: 410 479 410) (98.9908 s)
>> 2994 (1810: 1808 1875 1808) (99.2012 s)
>> 2957 (16513: 24066 24077 24066) (99.0146 s)
>> 2945 (9523: 2864 2870 2864) (99.176 s)
>> 2935 (12235: 1248 1263 1248) (99.1933 s)
>> 2852 (4349: 2569 2609 2569) (99.2889 s)
>> 2825 (22956: 1001 1011 1001) (99.0337 s)
>> 2811 (5657: 23978 23983 23978) (99.1361 s)
>> 2801 (20047: 1273 1292 1273) (99.2166 s)
>> 2780 (4244: 36 162 36) (99.1762 s)
>> 2773 (7351: 1175 1548 1175) (99.5196 s)
>> 2763 (715: 522 692 522) (99.3798 s)
>> 2713 (5689: 23952 23956 23952) (99.6109 s)
>> 2706 (23203: 30 1692 30) (99.5063 s)
>> 2701 (12810: 1026 1159 1026) (99.7144 s)
>> 2678 (20732: 24205 24212 24205) (99.7655 s)
>> 3282 (22242: 24124 24163 24124) (99.6678 s)
>> 2609 (16355: 24162 24168 24162) (99.6946 s)
>> 2609 (1523: 1485 1521 1485) (99.6486 s)
>> 2586 (16796: 23961 23967 23961) (99.7682 s)
>> 2586 (4955: 24080 24090 24080) (99.6266 s)
>> 2561 (5358: 2064 2237 2064) (100.102 s)
>> 2561 (15249: 125 224 125) (100.2 s)
>> 2557 (5222: 386 547 386) (100.071 s)
>> 2555 (2586: 2577 2585 2577) (100.252 s)
>> 2545 (1466: 1385 1464 1385) (100.38 s)
>> 2516 (20716: 64 321 64) (100.074 s)
>> 2471 (3281: 2072 2162 2072) (100.372 s)
>> 2453 (2009: 2008 2025 2008) (100.122 s)
>> 2435 (18611: 24213 24250 24213) (100.536 s)
>> 2426 (10437: 1820 2228 1820) (100.1 s)
>> 2422 (1225: 1223 1302 1223) (100.305 s)
>> 2638 (11126: 1588 1902 1588) (100.095 s)
>> 2420 (22687: 314 409 314) (100.214 s)
>> 2406 (21909: 1885 1887 1885) (100.078 s)
>> 2403 (5958: 490 546 490) (100.257 s)
>> 2385 (17114: 50 95 50) (100.189 s)
>> 2383 (6928: 1102 1112 1102) (100.247 s)
>> 2374 (15032: 253 15207 253) (100.334 s)
>> 2363 (5148: 2670 2687 2670) (100.43 s)
>> 2351 (4537: 2617 2641 2617) (100.262 s)
>> 2561 (3878: 2449 2486 2449) (100.346 s)
>> 2341 (19613: 24323 24392 24323) (100.386 s)
>> 2333 (16567: 24052 24059 24052) (100.172 s)
>> 2318 (18838: 24069 24078 24069) (100.214 s)
>> 2310 (14422: 495 597 495) (100.296 s)
>> 2306 (14033: 594 660 594) (100.875 s)
>> 2284 (23122: 24364 24408 24364) (100.19 s)
>> 2270 (4314: 4316 1467 4316) (100.487 s)
>> 2266 (19299: 23966 23988 23966) (101.207 s)
>> 2259 (5500: 2364 2407 2364) (100.284 s)
>> 2258 (16607: 24040 24045 24040) (100.258 s)
>> 2919 (16576: 24047 24051 24047) (100.19 s)
>> 2250 (19970: 24117 24130 24117) (100.145 s)
>> 2240 (898: 750 879 750) (100.234 s)
>> 2238 (14874: 265 307 265) (100.237 s)
>> 2235 (15943: 24352 24358 24352) (100.352 s)
>> 2223 (15112: 182 237 182) (100.386 s)
>> 2211 (23115: 2356 2368 2356) (100.329 s)
>> 2209 (14999: 79 228 79) (100.383 s)
>> 2185 (4844: 24404 24416 24404) (100.457 s)
>> 2184 (3035: 591 728 591) (100.54 s)
>> 2183 (14554: 315 341 315) (100.535 s)
>> 2648 (22892: 24424 24432 24424) (100.386 s)
>> 2181 (4915: 2600 2621 2600) (100.465 s)
>> 2180 (21373: 24217 24226 24217) (100.226 s)
>> 2171 (14090: 602 610 602) (100.41 s)
>> 2158 (16802: 23948 23960 23948) (100.472 s)
>> 2158 (15867: 24391 24394 24391) (100.182 s)
>> 2151 (7070: 1690 1745 1690) (100.297 s)
>> 2147 (13629: 727 918 727) (100.647 s)
>> 2140 (19049: 690 831 690) (100.309 s)
>> 2136 (5554: 24039 24049 24039) (100.294 s)
>> 2136 (5100: 2738 2779 2738) (100.473 s)
>> 2134 (3656: 1227 1363 1227) (100.385 s)
>> 2130 (16702: 24009 24012 24009) (100.454 s)
>> 2129 (3991: 1925 1959 1925) (100.471 s)
>> 2124 (9457: 2932 2936 2932) (100.468 s)
>> 2117 (20283: 2939 2940 2939) (100.392 s)
>> 2113 (4087: 1283 1536 1283) (100.612 s)
>> 2107 (19571: 534 404 534) (100.388 s)
>> 2104 (1636: 1625 1635 1625) (100.548 s)
>> 2104 (420: 419 18295 419) (100.321 s)
>> 2102 (5183: 1378 1469 1378) (100.422 s)
>> 2093 (14816: 330 355 330) (100.414 s)
>> 2090 (9567: 2797 2816 2797) (100.376 s)
>> 2086 (7025: 1722 1780 1722) (100.391 s)
>> 2086 (5632: 23997 24000 23997) (100.353 s)
>> 2077 (16660: 24030 24032 24030) (100.291 s)
>> 2072 (862: 731 861 731) (100.438 s)
>> 2072 (12791: 1078 1126 1078) (100.27 s)
>> 2454 (1056: 1053 998 1053) (100.504 s)
>> 2067 (13824: 666 679 666) (100.435 s)
>> 2052 (16109: 24307 24435 24307) (100.423 s)
>> 2044 (8883: 657 751 657) (100.297 s)
>> 2043 (2203: 2168 2202 2168) (100.592 s)
>> 2037 (13845: 656 691 656) (100.398 s)
>> 2034 (16178: 23861 24284 23861) (100.218 s)
>> 2019 (3936: 196 15504 196) (100.342 s)
>> 4073 (4981: 415 441 415) (100.237 s)
>> 3778 (115: 112 154 112) (100.284 s)
>> 2013 (1321: 1318 1366 1318) (100.476 s)
>> 2007 (5569: 24033 16614 24033) (100.368 s)
>> 2002 (9752: 2710 9703 2710) (100.414 s)
>> 2000 (23856: 461 603 461) (100.422 s)
>> 1988 (14753: 323 373 323) (100.349 s)
>> 1963 (23583: 2217 2098 2217) (101.141 s)
>> 1956 (3996: 259 365 259) (100.463 s)
>> 1954 (19561: 9 82 9) (100.657 s)
>> 1950 (17917: 24199 24239 24199) (100.53 s)
>> 1941 (5390: 24006 24023 24006) (100.57 s)
>> 1934 (3048: 1701 1784 1701) (100.64 s)
>> 2249 (8235: 1897 1923 1897) (100.549 s)
>> 2113 (13736: 683 1018 683) (100.59 s)
>> 1931 (3758: 24193 24209 24193) (100.976 s)
>> 1930 (22841: 24046 24054 24046) (101.257 s)
>> 2035 (16557: 24058 24065 24058) (101.479 s)
>> 1916 (22782: 23991 23994 23991) (101.635 s)
>> 1914 (3684: 1294 1323 1294) (101.501 s)
>> 1897 (6864: 1798 1860 1798) (101.73 s)
>> 1896 (14548: 414 500 414) (101.645 s)
>> 1895 (9884: 2612 2603 2612) (101.699 s)
>> 1889 (6195: 2675 2655 2675) (101.961 s)
>> 1884 (16290: 24156 24236 24156) (101.755 s)
>> 1883 (15086: 258 263 258) (101.591 s)
>> 1882 (4431: 2299 2348 2299) (101.767 s)
>> 1880 (16481: 24107 24108 24107) (102.113 s)
>> 1873 (7744: 1189 1242 1189) (101.663 s)
>> 1871 (6270: 2436 2444 2436) (101.908 s)
>> 1867 (16132: 24251 24286 24251) (101.638 s)
>> 1864 (9201: 24233 24245 24233) (101.609 s)
>> 1857 (21896: 2036 2095 2036) (101.77 s)
>> 1845 (12939: 981 1081 981) (101.519 s)
>> 1842 (18389: 24489 249 24489) (101.409 s)
>> 1823 (12820: 945 1113 945) (101.855 s)
>> 1821 (2265: 2181 2264 2181) (101.91 s)
>> 1821 (3405: 22099 15308 22099) (101.774 s)
>> 1818 (4977: 23908 23918 23908) (101.994 s)
>> 1811 (12458: 1184 1269 1184) (101.978 s)
>> 1795 (3214: 1744 1615 1744) (101.752 s)
>> 1789 (21039: 143 66 143) (101.943 s)
>> 1785 (16666: 24013 24022 24013) (102.01 s)
>> 1785 (2426: 2424 2457 2424) (101.792 s)
>> 1748 (23625: 309 352 309) (101.925 s)
>> 1739 (4028: 23958 23969 23958) (101.768 s)
>> 1733 (474: 429 473 429) (101.303 s)
>> 1730 (19689: 1569 1599 1569) (101.57 s)
>> 1726 (13556: 752 844 752) (101.755 s)
>> 1723 (12203: 1326 1382 1326) (105.599 s)
>> 1718 (13838: 577 725 577) (118.36 s)
>> 1718 (10310: 2338 2351 2338) (112.599 s)
>> 1712 (5274: 491 447 491) (107.299 s)
>> 1700 (3834: 24221 24260 24221) (107.08 s)
>> 1704 (17257: 24121 24165 24121) (107.882 s)
>> 1693 (4453: 23949 23953 23949) (107.047 s)
>> 1686 (18127: 1115 1151 1115) (105.717 s)
>> 1680 (2959: 934 13983 934) (108.849 s)
>> 1661 (2385: 2384 2413 2384) (108.095 s)
>> 1660 (19454: 454 541 454) (108.286 s)
>> 1651 (18481: 588 613 588) (105.208 s)
>> 1636 (7572: 1312 1367 1312) (108.536 s)
>> 1636 (2170: 2169 2147 2169) (107.387 s)
>> 1632 (9028: 392 492 392) (108.193 s)
>> 1616 (20465: 923 932 923) (108.565 s)
>> 1616 (3325: 46 24506 46) (108.27 s)
>> 1614 (10295: 2344 2358 2344) (107.604 s)
>> 1612 (5056: 23869 24549 23869) (104.455 s)
>> 1604 (16612: 24038 24048 24038) (107.164 s)
>> 1603 (16478: 24096 24103 24096) (109.229 s)
>> 1602 (19963: 124 220 124) (107.26 s)
>> 1596 (20573: 24180 24216 24180) (105.791 s)
>> 1595 (3073: 816 992 816) (110.482 s)
>> 1595 (12695: 995 1080 995) (109.718 s)
>> 1647 (13055: 13143 969 13143) (104.784 s)
>> 1592 (17319: 2873 2882 2873) (110.844 s)
>> 1592 (17818: 2928 2902 2928) (107.206 s)
>> 1586 (5014: 24001 24017 24001) (104.071 s)
>> 1586 (12207: 1425 1438 1425) (110.53 s)
>> 1581 (7885: 950 970 950) (108.597 s)
>> 1579 (7038: 1770 1835 1770) (106.455 s)
>> 1578 (2245: 2242 2204 2242) (105.555 s)
>> 1575 (5753: 23871 23880 23871) (108.597 s)
>> 1573 (19780: 1192 1202 1192) (106.823 s)
>> 1570 (15050: 78 243 78) (105.052 s)
>> 1561 (16546: 24055 24064 24055) (107.232 s)
>> 1558 (22382: 2365 2379 2365) (109.288 s)
>> 1557 (102: 92 101 92) (108.059 s)
>> 1549 (16958: 23870 24551 23870) (105.789 s)
>> 1543 (9383: 23900 23904 23900) (110.408 s)
>> 1542 (4605: 329 382 329) (107.92 s)
>> 1539 (572: 533 571 533) (108.517 s)
>> 1534 (19063: 2512 2519 2512) (105.999 s)
>> 1533 (4527: 24499 14963 24499) (110 s)
>> 1584 (5852: 14859 14910 14859) (108.374 s)
>> 1532 (18495: 1973 2078 1973) (108.088 s)
>> 1531 (21764: 504 626 504) (104.33 s)
>> 1531 (8619: 917 1085 917) (107.743 s)
>> 1530 (16725: 24557 5653 24557) (109.733 s)
>> 1527 (18504: 1974 2048 1974) (107.646 s)
>> 1523 (18664: 2680 2709 2680) (111.022 s)
>> 1518 (3474: 24138 24172 24138) (121.859 s)
>> 1517 (3972: 770 13813 770) (111.578 s)
>> 1508 (20265: 777 790 777) (108.086 s)
>> 2191 (17791: 947 1201 947) (108.339 s)
>> 1658 (23675: 670 946 670) (104.596 s)
>> 1508 (20996: 24322 24456 24322) (104.778 s)
>> 1494 (2771: 2763 2767 2763) (118.517 s)
>> 1486 (5530: 24043 24067 24043) (120.919 s)
>> 1484 (14853: 271 274 271) (119.377 s)
>> 1484 (22370: 75 60 75) (140.644 s)
>> 1478 (1241: 1101 1240 1101) (100.168 s)
>> 1477 (21274: 24418 24439 24418) (100.47 s)
>> 1476 (2631: 2623 2629 2623) (99.9579 s)
>> 1475 (5597: 24010 24020 24010) (100.8 s)
>> 1475 (15484: 24514 20 24514) (111.129 s)
>> 1469 (13459: 825 926 825) (108.658 s)
>> 1461 (12633: 1198 1300 1198) (105.506 s)
>> 1471 (4131: 1331 1162 1331) (103.43 s)
>> 1448 (15738: 24399 24411 24399) (107.238 s)
>> 1445 (5231: 2015 2123 2015) (107.652 s)
>> 1442 (9622: 2735 2780 2735) (109.595 s)
>> 1440 (12933: 1028 1038 1028) (108.222 s)
>> 1456 (4184: 1059 1108 1059) (108.289 s)
>> 1439 (22921: 406 556 406) (106.874 s)
>> 1438 (5729: 23898 23906 23898) (106.923 s)
>> 1433 (72: 63 70 63) (102.924 s)
>> 1525 (19494: 15442 81 15442) (103.946 s)
>> 1432 (9403: 23873 23876 23873) (101.636 s)
>> 1583 (5069: 23872 23885 23872) (101.943 s)
>> 1431 (3200: 563 600 563) (101.766 s)
>> 1430 (17050: 2686 2717 2686) (100.325 s)
>> 1422 (19453: 24478 24515 24478) (100.985 s)
>> 1419 (9843: 2627 2647 2627) (100.998 s)
>> 1417 (15080: 217 226 217) (99.1673 s)
>> 1413 (4373: 2441 2470 2441) (100.608 s)
>> 1407 (3976: 1474 1561 1474) (113.79 s)
>> 1407 (12462: 1170 1245 1170) (125.267 s)
>> 1405 (6062: 2330 2382 2330) (127.064 s)
>> 1402 (5305: 1490 1558 1490) (128.819 s)
>> 1402 (4402: 24148 24177 24148) (125.555 s)
>> 1397 (15984: 24324 24327 24324) (125.186 s)
>> 1395 (1278: 1210 1277 1210) (120.292 s)
>> 1388 (5886: 2503 2527 2503) (119.632 s)
>> 1383 (1354: 1352 1411 1352) (119.546 s)
>> 1381 (6261: 2395 2433 2395) (118.995 s)
>> 1379 (9404: 23877 23879 23877) (118.43 s)
>> 1379 (19776: 0 24533 0) (118.771 s)
>> 0 (-1: -1 -1 -1) (92.3769 s)
Zelikovsky 38193.8 s
>> 971013 (2198: 4632 2196 2186) (2376.99 s)
>> 921289 (191: 189 17261 251) (2383.12 s)
>> 329636 (16694: 24014 24029 24011) (2386.5 s)
>> 273018 (7889: 977 955 952) (2254.96 s)
>> 12260 (18836: 2033 2235 2378) (2381.55 s)
>> 9059 (15469: 11 15421 24441) (2369.65 s)
>> 6892 (15202: 15316 204 179) (2396.48 s)
>> 6206 (15937: 18363 22954 57) (2327.25 s)
>> 6047 (2391: 2388 2440 2389) (2359.37 s)
>> 5736 (5850: 2532 2551 2549) (2354.69 s)
>> 5702 (5146: 1302 1626 1450) (2334.62 s)
>> 5617 (14035: 471 594 511) (2244.41 s)
>> 5554 (19507: 1637 1661 1271) (2296.37 s)
>> 5417 (21518: 2653 2732 2694) (2344.32 s)
>> 5391 (22054: 329 18363 260) (2259.29 s)
>> 4835 (873: 802 911 872) (2319.95 s)
>> 4607 (6127: 23897 23916 23859) (2381.43 s)
>> 4353 (7947: 2610 2633 2615) (2381.64 s)
>> 4345 (19373: 1686 1902 18232) (2448.85 s)
>> 4309 (20723: 24274 24387 24367) (2303.56 s)
>> 4247 (662: 747 661 620) (2367.41 s)
>> 4218 (6652: 1842 1989 1980) (2322.7 s)
>> 4151 (14766: 313 367 273) (2365.03 s)
>> 4074 (18642: 1826 2147 2011) (2340.97 s)
>> 4064 (16648: 24047 24037 24027) (2328.53 s)
>> 3884 (15444: 15316 24417 22) (2345.07 s)
>> 3853 (15102: 17047 247 172) (2347.38 s)
>> 3846 (16329: 24175 24220 24100) (2220.42 s)
>> 3824 (14503: 618 347 325) (2321.71 s)
>> 3756 (16259: 24174 24257 24235) (2317.12 s)
>> 3721 (4478: 2819 2835 2792) (2322.58 s)
>> 3646 (3083: 24120 24119 24061) (2298.68 s)
>> 3596 (5947: 20 28 24353) (2330.27 s)
>> 3567 (8675: 1111 1239 940) (2339.08 s)
>> 3540 (13110: 769 1018 924) (2373.36 s)
>> 3764 (13736: 505 769 683) (2199.6 s)
>> 3519 (16267: 16221 24210 24194) (2292.69 s)
>> 4213 (20112: 23232 24105 16221) (2282.21 s)
>> 3398 (3995: 1263 505 1348) (2257.66 s)
>> 3374 (18142: 24129 24094 24083) (2270.59 s)
>> 3320 (21079: 11 24491 119) (2293.92 s)
>> 3246 (19098: 458 480 439) (2313.86 s)
>> 3238 (9964: 2559 2600 2558) (2304.86 s)
>> 3236 (15870: 24330 24534 24385) (2180.09 s)
>> 3189 (5249: 23947 18494 23939) (2292.4 s)
>> 3118 (7959: 2576 2605 2532) (2317.27 s)
>> 3115 (2564: 2572 2562 2538) (2315.94 s)
>> 3047 (6106: 23987 5676 23971) (2226.83 s)
>> 3027 (3533: 479 9010 410) (2157.36 s)
>> 2976 (16290: 24156 24236 23232) (2308.31 s)
>> 2945 (9523: 2887 2870 2864) (2227.51 s)
>> 2935 (12235: 1263 1506 1248) (2202.67 s)
>> 2923 (14142: 747 579 534) (2263.39 s)
>> 2852 (4349: 2603 2609 2569) (2253.21 s)
>> 2825 (22956: 1039 1011 1001) (2233.24 s)
>> 2811 (5657: 23996 23983 23978) (2200.11 s)
>> 2801 (20047: 1292 1588 1273) (2256.63 s)
>> 2780 (4244: 162 15312 36) (2225.47 s)
>> 2763 (715: 522 714 692) (2142.02 s)
>> 2736 (1876: 1826 1875 1808) (2120.27 s)
>> 2713 (5689: 23974 23956 23952) (2106.71 s)
>> 2701 (1734: 1744 1740 1732) (2278.74 s)
>> 2701 (12810: 1159 1202 1026) (2247.46 s)
>> 2678 (20732: 24215 24212 24205) (2202.47 s)
>> 2609 (1523: 1544 1521 1485) (2238.2 s)
>> 2586 (4955: 24090 24133 24080) (2253.01 s)
>> 2586 (16796: 23961 23969 23967) (2227.46 s)
>> 2561 (15249: 52 224 125) (2120.48 s)
>> 2557 (5222: 547 13983 386) (2223.37 s)
>> 2474 (4087: 1283 1637 1536) (2245.85 s)
>> 2454 (14422: 547 647 495) (2237.59 s)
>> 2453 (2009: 10887 2025 2008) (2193.82 s)
>> 2435 (18611: 24253 24250 24213) (2239.67 s)
>> 2426 (10437: 2228 2327 1820) (2189.53 s)
>> 2422 (1225: 1267 1302 1223) (2206.43 s)
>> 2420 (22687: 409 438 314) (2089.69 s)
>> 2385 (17114: 50 15207 95) (2138.58 s)
>> 2383 (6928: 1188 1112 1102) (2244.87 s)
>> 2381 (19780: 1161 1192 1159) (2235.37 s)
>> 2363 (5148: 2687 2726 2670) (2174.79 s)
>> 2341 (19613: 24489 24392 24323) (2243.22 s)
>> 2333 (16567: 24052 24063 24059) (2261.24 s)
>> 2318 (18838: 24078 24117 24069) (2148.17 s)
>> 2284 (23122: 24408 24455 24364) (2096.34 s)
>> 2270 (4314: 4316 1477 1467) (2181.11 s)
>> 2266 (19299: 23966 24005 23988) (2187 s)
>> 2259 (5500: 2407 2429 2364) (2154.67 s)
>> 2258 (16607: 24040 18654 24045) (2143.44 s)
>> 2257 (17875: 24168 24165 24121) (2073.32 s)
>> 2250 (19970: 24152 24130 24078) (2187.86 s)
>> 2240 (898: 750 896 879) (1891.62 s)
>> 2238 (14874: 265 307 189) (1843.86 s)
>> 2235 (15943: 24352 24370 24358) (1901.93 s)
>> 2226 (20823: 24246 24215 24178) (1905.19 s)
>> 2223 (15112: 182 250 237) (1859.47 s)
>> 2211 (23115: 2368 2434 2356) (1879.93 s)
>> 2209 (14999: 79 259 228) (1857.14 s)
>> 2185 (4844: 24416 24450 24404) (1903.42 s)
>> 2184 (3035: 744 728 591) (1914.8 s)
>> 2183 (14554: 14552 341 315) (1878.58 s)
>> 2181 (4915: 2621 9858 2559) (1876.68 s)
>> 2176 (15057: 9049 15316 123) (1866.96 s)
>> 2171 (14090: 756 610 602) (1858.76 s)
>> 2158 (15867: 24405 24394 24391) (1849.43 s)
>> 2158 (16355: 24168 24181 24162) (1892.11 s)
>> 2158 (16802: 23960 23982 23948) (1877.28 s)
>> 2151 (7070: 1690 1714 1745) (1872.64 s)
>> 2147 (13629: 727 802 918) (1807.96 s)
>> 2136 (5100: 9743 2779 2738) (1860.76 s)
>> 2136 (5554: 24064 24049 24039) (1853.24 s)
>> 2134 (3656: 1227 1379 1363) (1814.27 s)
>> 2130 (16702: 5626 24012 24009) (1854.94 s)
>> 2124 (9457: 2938 2936 2932) (1857.11 s)
>> 2107 (19571: 493 404 747) (1878.1 s)
>> 2104 (420: 443 18295 419) (1887.76 s)
>> 2104 (1636: 1625 1673 1635) (1809.65 s)
>> 2102 (5183: 1378 1529 1469) (1853.3 s)
>> 2096 (12628: 1283 18701 944) (1827.87 s)
>> 2093 (14816: 318 355 330) (1814.73 s)
>> 2226 (14315: 588 445 318) (1818.89 s)
>> 2090 (9567: 2797 2848 2816) (1854.36 s)
>> 2086 (5632: 24006 24000 23997) (1822.69 s)
>> 2086 (7025: 1871 1780 1722) (1856.98 s)
>> 2077 (16660: 24032 24035 24030) (1771.97 s)
>> 2072 (862: 972 861 731) (1823.2 s)
>> 2072 (12791: 1078 1218 1126) (1830.93 s)
>> 2067 (13824: 679 13813 666) (1822.84 s)
>> 2052 (16109: 24542 24307 24274) (1812.47 s)
>> 2044 (8883: 657 752 751) (1827.2 s)
>> 2043 (2203: 2168 2287 2202) (1832.87 s)
>> 2043 (12598: 7777 843 977) (1781.88 s)
>> 2039 (23203: 30 1692 329) (1825.54 s)
>> 2037 (13845: 656 744 691) (1777.49 s)
>> 2034 (16178: 24288 24284 23861) (1807.93 s)
>> 2013 (1321: 1366 1267 1318) (1821.02 s)
>> 2003 (10270: 2387 2432 2388) (1781.6 s)
>> 2002 (9752: 2710 2721 9703) (1826.58 s)
>> 2000 (23856: 461 576 603) (1846.48 s)
>> 1988 (14753: 323 412 373) (1812.97 s)
>> 1966 (115: 171 154 112) (1735.48 s)
>> 1965 (3280: 2217 2185 2162) (1913.03 s)
>> 3811 (3828: 2217 2072 2033) (2103.65 s)
>> 1954 (19561: 66 82 9) (2009.89 s)
>> 1948 (15003: 196 52 441) (2005.73 s)
>> 1941 (5390: 24023 24026 24006) (2085.62 s)
>> 1930 (22841: 24054 24065 24046) (2050.54 s)
>> 1928 (1466: 1493 1464 1385) (2060.91 s)
>> 1916 (22782: 24003 23994 23991) (1929.05 s)
>> 1914 (3684: 1323 1361 1294) (2077.4 s)
>> 1904 (20892: 2561 2603 2544) (2027.1 s)
>> 1898 (3735: 1845 1814 1625) (1991.28 s)
>> 1897 (6052: 1903 2098 2228) (1951.44 s)
>> 1897 (6864: 1974 1860 1798) (2032.16 s)
>> 1896 (14548: 396 500 414) (1998.08 s)
>> 1895 (9884: 2561 2627 2612) (2033.56 s)
>> 1889 (6195: 2685 2655 2675) (1892.86 s)
>> 1882 (4431: 2354 2348 2299) (1981.69 s)
>> 1880 (16481: 24112 24108 24107) (2026.42 s)
>> 1873 (7744: 1242 1253 1189) (2009.05 s)
>> 1871 (6270: 2461 2444 2436) (1941.1 s)
>> 1867 (16132: 24286 24301 24251) (1977.6 s)
>> 1864 (9201: 24233 24343 24245) (2029.34 s)
>> 1863 (8062: 2368 2323 2330) (1963.59 s)
>> 1857 (21896: 2036 6717 2095) (1867.74 s)
>> 1846 (5454: 24106 24142 24090) (1958.99 s)
>> 1823 (12820: 1172 1113 945) (2001.09 s)
>> 1821 (2265: 2336 2264 2181) (1959.88 s)
>> 1940 (19212: 2206 2336 2303) (1920.15 s)
>> 1821 (3405: 15555 15308 22099) (1972.16 s)
>> 1818 (4977: 23936 23918 23908) (1831.85 s)
>> 1789 (19933: 171 222 92) (1969.71 s)
>> 1785 (2426: 5539 2457 2424) (1850.43 s)
>> 1767 (21852: 557 660 648) (1981.52 s)
>> 1748 (23625: 309 381 352) (1872.03 s)
>> 1746 (3996: 368 365 79) (1854.37 s)
>> 1739 (4028: 23975 23996 23958) (1801.02 s)
>> 1733 (474: 429 518 473) (1836.27 s)
>> 1723 (12203: 1326 1400 1382) (1878.79 s)
>> 1718 (13838: 609 725 577) (1867.13 s)
>> 1712 (5274: 447 513 491) (1754.57 s)
>> 1701 (6250: 2514 2479 2368) (1837.21 s)
>> 1680 (13055: 13143 969 1172) (1855.52 s)
>> 1677 (15086: 258 266 263) (1831.34 s)
>> 1636 (2170: 1826 2204 2169) (1801.75 s)
>> 1616 (20465: 923 1016 932) (1834.63 s)
>> 1614 (10295: 2400 2358 2344) (1830.37 s)
>> 1612 (5056: 23869 24554 24549) (1822.59 s)
>> 1604 (7572: 1367 1463 1312) (1729.29 s)
>> 1604 (16612: 24055 24048 24038) (1817.12 s)
>> 1603 (16478: 24123 24103 24096) (1803.43 s)
>> 1596 (20573: 24180 24265 24216) (1761.48 s)
>> 1595 (23627: 10182 2487 2354) (1877.39 s)
>> 1592 (17319: 2855 2882 2873) (1872.33 s)
>> 1592 (17818: 2902 9480 2928) (1927.16 s)
>> 1586 (5014: 24021 24017 24001) (1882.63 s)
>> 1585 (5275: 24047 24066 24060) (1916.38 s)
>> 1581 (7885: 950 985 970) (1874.91 s)
>> 1578 (2245: 2281 2242 1826) (1906.49 s)
>> 1575 (5753: 23880 23871 23869) (1882.28 s)
>> 1568 (22248: 825 848 613) (1855.19 s)
>> 1565 (4945: 1615 1690 1505) (1892.51 s)
>> 1565 (13140: 727 949 852) (1898.23 s)
>> 1561 (16546: 24055 24072 24064) (1905.46 s)
>> 1560 (23142: 24141 24174 24160) (1761.06 s)
>> 1558 (22382: 2365 2409 2379) (1910.39 s)
>> 1543 (9383: 23900 23913 23904) (1952.04 s)
>> 1542 (16765: 23979 24023 23976) (1513.1 s)
>> 1539 (572: 533 627 571) (1482.8 s)
>> 1535 (21721: 816 992 859) (1495.61 s)
>> 1533 (4527: 15165 14963 24499) (1511.16 s)
>> 1532 (18495: 1973 10987 2078) (1489.15 s)
>> 1531 (21764: 504 723 626) (1476.8 s)
>> 1523 (9163: 24542 24435 24407) (1501.41 s)
>> 1523 (18664: 2669 2709 2680) (1499.73 s)
>> 1522 (3136: 196 89 15504) (1497.13 s)
>> 1518 (3474: 24184 24172 24138) (1493.17 s)
>> 1515 (15050: 243 326 78) (1501.79 s)
>> 1563 (86: 15436 243 84) (1495.92 s)
>> 1509 (19092: 349 588 343) (1483.9 s)
>> 1508 (20996: 24456 24483 24322) (1429.79 s)
>> 1496 (9846: 2648 9833 2641) (1476.37 s)
>> 1494 (2771: 2776 2767 2763) (1478.71 s)
>> 1494 (18017: 1723 1871 1604) (1465.49 s)
>> 1486 (5530: 24067 24071 24032) (1446.53 s)
>> 1484 (22370: 60 43 75) (1485.74 s)
>> 1478 (1241: 1314 1240 1101) (1477.21 s)
>> 1477 (21274: 24439 24449 24418) (1472.59 s)
>> 1476 (2631: 2635 2629 2623) (1471.52 s)
>> 1475 (15484: 20 144 24514) (1450.45 s)
>> 1470 (3243: 6836 1081 997) (1458.46 s)
>> 1461 (12633: 12294 1300 1198) (1462.84 s)
>> 1457 (23592: 934 13718 917) (1439.52 s)
>> 1451 (22892: 24489 24432 24424) (1453.75 s)
>> 1448 (3635: 24422 24462 24352) (1467.33 s)
>> 1448 (15738: 24451 24411 24399) (1443.76 s)
>> 1442 (10670: 2168 2137 2083) (1418.05 s)
>> 1440 (12933: 1038 1108 1028) (1466.99 s)
>> 1439 (22921: 556 573 406) (1458.83 s)
>> 1439 (23415: 24057 24067 24014) (1458.71 s)
>> 1438 (5729: 23915 23906 23898) (1437.21 s)
>> 1433 (72: 81 70 63) (1446.3 s)
>> 1432 (9403: 23873 23883 23876) (1454.86 s)
>> 1431 (3200: 659 600 563) (1437.39 s)
>> 1430 (17050: 2722 2717 2686) (1406.89 s)
>> 1422 (18310: 24548 23897 23874) (1435.67 s)
>> 1422 (19453: 24538 24515 24478) (1428.91 s)
>> 1421 (20265: 777 987 790) (1411.08 s)
>> 1418 (9914: 2570 2561 2552) (1405.37 s)
>> 1417 (15080: 146 226 217) (1435.65 s)
>> 1413 (4373: 2470 2727 2441) (1414.23 s)
>> 1408 (18481: 349 825 640) (1407.95 s)
>> 1402 (4402: 24148 24197 24177) (1375.62 s)
>> 1399 (21909: 1887 10887 1885) (1421.97 s)
>> 1397 (15984: 24327 24335 24324) (1418.09 s)
>> 1395 (1278: 1270 1277 1210) (1525.01 s)
>> 1390 (21373: 24253 24226 24217) (1497.03 s)
>> 1388 (5886: 2503 2475 2527) (1531.7 s)
>> 1383 (1354: 1411 1462 1352) (1711.04 s)
>> 1383 (15506: 81 15442 24533) (1529.25 s)
>> 1378 (19454: 541 550 454) (1515.27 s)
>> 1371 (15510: 10 24505 26) (1511.5 s)
>> 1370 (8780: 759 886 816) (1523.33 s)
>> 1368 (22652: 24405 24388 24373) (1510.66 s)
>> 1366 (3202: 1413 1558 1455) (1470.38 s)
>> 1363 (12916: 1090 1093 1041) (1477.07 s)
>> 1355 (17790: 2570 2648 2620) (1509.29 s)
>> 1354 (5337: 567 659 501) (1515.04 s)
>> 1353 (20471: 1489 1507 1394) (1458.23 s)
>> 1344 (23044: 212 216 285) (1546.36 s)
>> 1456 (19005: 212 392 276) (1704.93 s)
>> 1338 (5242: 2880 2902 2860) (1684.64 s)
>> 1335 (18927: 2547 2570 2545) (1658.93 s)
>> 1331 (5802: 2781 2745 2760) (1656.09 s)
>> 1329 (9626: 2777 9618 2750) (1710.19 s)
>> 1326 (23394: 1324 1440 1169) (1652.5 s)
>> 1320 (2859: 2855 2850 2857) (1584.76 s)
>> 1320 (22394: 1030 22279 735) (1659.4 s)
>> 1315 (1818: 1846 1838 1816) (1690.96 s)
>> 1313 (9193: 24325 24206 24189) (1614.88 s)
>> 1310 (10901: 1948 1998 2035) (1635.89 s)
>> 1309 (19739: 37 18 68) (1693.81 s)
>> 1303 (10170: 2433 2469 2410) (1690.06 s)
>> 1296 (11656: 1612 1660 1691) (1544.92 s)
>> 1293 (8233: 1993 2020 2006) (1575.36 s)
>> 1293 (20557: 1135 1151 1120) (1716.09 s)
>> 1287 (15093: 290 324 321) (1689.66 s)
>> 1287 (22944: 364 9056 344) (1707.41 s)
>> 1623 (22512: 356 377 364) (1627.42 s)
>> 1262 (18504: 1974 11120 2048) (1676.67 s)
>> 1258 (5279: 187 192 256) (1663.75 s)
>> 1257 (3858: 426 482 424) (1545.46 s)
>> 1254 (21236: 2653 2656 2610) (1538.11 s)
>> 1250 (11347: 1718 1828 1750) (1642.9 s)
>> 1246 (15895: 24372 24376 24315) (1629.53 s)
>> 1244 (5668: 23977 23972 23964) (1678.12 s)
>> 1242 (11190: 6823 2024 2021) (1601.65 s)
>> 1241 (4332: 1531 12199 1413) (1666.07 s)
>> 1241 (17791: 947 12795 1201) (1641.95 s)
>> 1236 (5097: 2736 9743 2746) (1563.98 s)
>> 1233 (16592: 24058 24056 24053) (1512.42 s)
>> 1231 (19107: 24238 24263 24227) (1610.14 s)
>> 1230 (19776: 81 21718 0) (1648.06 s)
>> 1229 (9772: 2713 2710 2706) (1637.84 s)
>> 1224 (21241: 2931 2920 2938) (1583.38 s)
>> 1223 (17069: 24486 24487 41) (1628.62 s)
>> 1222 (5958: 490 459 546) (1460.44 s)
>> 1222 (6622: 1912 2027 1982) (1646.97 s)
>> 1219 (5444: 24150 16379 24132) (1511.73 s)
>> 1218 (851: 785 941 849) (1615.93 s)
>> 1218 (3535: 1410 1665 7435) (1631.22 s)
>> 1213 (9398: 23873 23887 23885) (1588.03 s)
>> 1210 (4713: 1160 1265 1180) (1445.16 s)
>> 1208 (17953: 12680 1317 1193) (1511.52 s)
>> 1208 (19896: 1398 1330 1544) (1350.45 s)
>> 1207 (5772: 24548 24544 24543) (1393.85 s)
>> 1207 (20714: 749 927 727) (1318.68 s)
>> 1205 (4802: 1204 1138 1086) (1388.24 s)
>> 1205 (19806: 2892 2897 2887) (1385.88 s)
>> 1204 (4548: 1934 1972 1962) (1374.46 s)
>> 1195 (18683: 2193 2255 2161) (1348.93 s)
>> 1195 (22657: 2649 2685 2635) (1372.64 s)
>> 1191 (7014: 1784 1923 1712) (1377.36 s)
>> 1187 (16566: 24058 24073 24054) (1351.4 s)
>> 1185 (3325: 196 24506 46) (1377.16 s)
>> 1180 (11930: 1845 1563 1524) (1478.06 s)
>> 1176 (15196: 170 187 131) (1596.08 s)
>> 1176 (20451: 2297 2343 2325) (1575.19 s)
>> 1175 (8539: 1421 1715 1600) (1523.21 s)
>> 1418 (12281: 1411 1168 1421) (1546.61 s)
>> 1173 (5292: 23889 23915 23879) (1544.66 s)
>> 1171 (780: 685 779 773) (1553.27 s)
>> 1171 (2385: 2373 2413 2384) (1436.03 s)
>> 1164 (16883: 23925 23926 23924) (1459.05 s)
>> 1160 (11807: 1366 1557 1686) (1519.2 s)
>> 1157 (10737: 2132 2127 2056) (1475.33 s)
>> 1155 (4321: 24201 24163 24158) (1404.09 s)
>> 1155 (7723: 1287 1211 1134) (1389.19 s)
>> 1153 (12875: 1072 1115 1060) (1437.56 s)
>> 1152 (3095: 2891 2879 2904) (1456.95 s)
>> 1149 (5198: 2744 2794 2819) (1351.95 s)
>> 1146 (5551: 24076 24042 24019) (1431.54 s)
>> 1145 (3374: 908 1044 914) (1461.94 s)
>> 1142 (3812: 1653 1785 1677) (1426.82 s)
>> 1141 (22498: 2157 2271 2195) (1396.12 s)
>> 1138 (15545: 8 24532 3) (1417.53 s)
>> 1137 (12009: 1515 1586 8618) (1332.31 s)
>> 1131 (175: 183 174 117) (1447.87 s)
>> 1131 (3444: 1593 1603 1566) (1338.43 s)
>> 1130 (14434: 431 507 481) (1420.5 s)
>> 1128 (21760: 1949 2132 2019) (1421.18 s)
>> 1127 (4951: 24244 24378 24317) (1412.18 s)
>> 1126 (13861: 740 713 614) (1381.25 s)
>> 1125 (18835: 372 391 378) (1425.52 s)
>> 1124 (19280: 1678 1806 1789) (1417.31 s)
>> 1122 (13570: 810 800 755) (1315.57 s)
>> 1121 (3706: 24262 24294 24275) (1323.16 s)
>> 1118 (9062: 304 290 281) (1405.62 s)
>> 1117 (14628: 429 503 382) (1386.81 s)
>> 1116 (2972: 2811 2790 2791) (1271.53 s)
>> 1113 (10120: 2491 2468 2473) (1361.03 s)
>> 1106 (16482: 24086 24092 24074) (1407.87 s)
>> 1097 (2406: 2412 2433 2404) (1397.58 s)
>> 1097 (12732: 1181 7780 1083) (1419.25 s)
>> 1093 (8870: 754 686 617) (1295.56 s)
>> 1091 (8342: 11230 1859 1827) (1409.83 s)
>> 1085 (13011: 998 1078 966) (1394.5 s)
>> 1085 (15516: 24447 24508 25) (1384.02 s)
>> 1077 (21650: 24419 24428 24405) (1301.08 s)
>> 1076 (13101: 946 882 1091) (1201.35 s)
>> 1076 (14596: 394 17876 14745) (1178.78 s)
>> 1164 (5766: 584 430 394) (1162.95 s)
>> 1075 (11893: 1599 1541 1510) (1135.35 s)
>> 1075 (15409: 24513 122 61) (1164.31 s)
>> 1075 (15582: 24485 24461 10) (1170.04 s)
>> 1075 (19499: 1783 1870 1682) (1160.42 s)
>> 1073 (19774: 24518 81 24510) (1139.52 s)
>> 1070 (11176: 1893 1615 1897) (1155.38 s)
>> 1068 (21821: 1509 1593 1395) (1160.84 s)
>> 1064 (9494: 2901 2855 2907) (1156.44 s)
>> 1063 (19714: 2191 2221 2141) (1113.57 s)
>> 1058 (20692: 15030 15165 166) (1154.07 s)
>> 1057 (18127: 1072 1336 1135) (1159.65 s)
>> 1054 (16980: 333 409 335) (1152.21 s)
>> 1049 (20645: 1847 1774 1672) (1146.7 s)
>> 1041 (5686: 23962 23959 23954) (1137.87 s)
>> 1040 (16462: 24125 24097 24093) (1156.31 s)
>> 1039 (10212: 2442 2470 2398) (1144.44 s)
>> 1032 (9607: 2781 2799 2777) (1165.74 s)
>> 1030 (15282: 69 24485 120) (1141.21 s)
>> 1029 (2484: 2498 2471 2483) (1139.94 s)
>> 1029 (15655: 24467 24501 24412) (1131.97 s)
>> 1027 (14838: 311 369 300) (1110.82 s)
>> 1027 (14969: 288 297 277) (1124.29 s)
>> 1026 (18396: 19623 1834 1688) (1098.16 s)
>> 1026 (21914: 24087 21434 24123) (1126.91 s)
>> 1016 (5427: 121 60 19) (1081.66 s)
>> 1010 (14996: 153 15555 15030) (1123.78 s)
>> 1008 (12878: 1045 1161 983) (1111.92 s)
>> 1002 (19675: 148 212 195) (1124.45 s)
>> 1001 (4382: 24375 24408 24264) (1100.75 s)
>> 1001 (13149: 754 856 811) (1115.97 s)
>> 1001 (20306: 1227 12012 1343) (1130.72 s)
>> 999 (14432: 483 457 448) (1109.05 s)
>> 996 (4649: 24167 24246 24166) (1079.66 s)
>> 996 (11369: 1779 1811 1788) (1112.18 s)
>> 996 (13086: 719 13143 921) (1109.72 s)
>> 996 (22790: 645 718 14582) (1108.19 s)
>> 995 (8419: 1723 1767 1728) (1086.43 s)
>> 995 (18723: 2282 6362 2514) (1102.18 s)
>> 992 (10357: 2296 2373 2328) (1103.94 s)
>> 989 (18804: 24231 24262 24208) (1089.92 s)
>> 985 (18827: 2812 2786 2805) (1058.08 s)
>> 983 (22341: 2679 2687 2672) (1097.69 s)
>> 979 (11690: 1720 1726 1577) (1086.92 s)
>> 978 (5628: 2324 10373 2371) (1092.5 s)
>> 976 (14607: 440 1263 427) (1069.33 s)
>> 976 (22453: 2892 2903 2919) (1096.18 s)
>> 1135 (20636: 2892 2922 2931) (1088.25 s)
>> 973 (15691: 24438 24473 24451) (1129.39 s)
>> 972 (16093: 24296 24311 24292) (1069.18 s)
>> 968 (4486: 24058 24129 24076) (1089.31 s)
>> 966 (15668: 24481 24476 24470) (1162.74 s)
>> 964 (17946: 2616 2622 2645) (1343.78 s)
>> 962 (17976: 1170 1090 1057) (1277.21 s)
>> 960 (15625: 24518 24498 24495) (1328.06 s)
>> 959 (3467: 23927 23919 23910) (1332.82 s)
>> 959 (11621: 1707 1747 1746) (1304.08 s)
>> 955 (5573: 24021 5598 24033) (1210.74 s)
>> 953 (12058: 1445 1511 1365) (1318.99 s)
>> 946 (12171: 1366 1375 1292) (1316.76 s)
>> 944 (11010: 1985 1994 1920) (1308.04 s)
>> 942 (20585: 1272 1350 1276) (1273.26 s)
>> 940 (5860: 24021 16614 24055) (1305.36 s)
>> 937 (10929: 1984 2086 2051) (1312.26 s)
>> 936 (15474: 24521 24539 24457) (1300.09 s)
>> 934 (13252: 860 892 875) (1208.35 s)
>> 929 (5039: 23902 23888 23878) (1275.3 s)
>> 924 (8805: 870 871 867) (1391.26 s)
>> 923 (17123: 1105 1106 1067) (1304.8 s)
>> 922 (15800: 24400 24425 24356) (1313.58 s)
>> 916 (13039: 926 6836 963) (1296.06 s)
>> 914 (10480: 2281 2268 2387) (1274.47 s)
>> 910 (9479: 2880 2901 2913) (1271.25 s)
>> 908 (6067: 10455 5591 2314) (1171.8 s)
>> 907 (4938: 866 885 657) (1267.2 s)
>> 907 (9015: 320 371 304) (1264.28 s)
>> 906 (3381: 2752 2744 2749) (1262.42 s)
>> 903 (5780: 2841 2880 2833) (1219 s)
>> 903 (14756: 385 368 332) (1258.29 s)
>> 900 (11724: 1667 1645 1583) (1280.48 s)
>> 894 (9372: 23902 23917 23909) (1244.42 s)
>> 880 (1393: 1489 1392 1328) (3048.96 s)
>> 875 (9854: 2646 2644 2636) (1109.73 s)
>> 875 (16004: 24308 24346 24329) (1034.57 s)
>> 873 (18307: 14552 249 19192) (1101.57 s)
>> 864 (12274: 7667 1407 1290) (976.993 s)
>> 863 (10695: 2130 2150 2104) (1083.66 s)
>> 860 (11215: 1867 1901 1825) (1069.97 s)
>> 858 (16317: 24204 24325 24150) (1153.63 s)
>> 857 (111: 147 66 109) (986.978 s)
>> 857 (22636: 2165 2205 2125) (1135.49 s)
>> 1014 (6420: 2194 2282 2165) (1071.16 s)
>> 853 (10081: 2476 2505 2492) (1082.21 s)
>> 850 (10715: 2149 2174 2113) (1019.31 s)
>> 848 (19354: 2854 2891 2849) (1141.78 s)
>> 847 (5131: 2713 2702 2692) (1003.21 s)
>> 843 (7233: 1492 1621 1611) (1136.07 s)
>> 839 (15088: 233 269 234) (975.156 s)
>> 839 (16012: 24332 24336 24231) (1127.05 s)
>> 926 (4637: 24416 24389 24332) (991.645 s)
>> 837 (4777: 24535 56 27) (1138.97 s)
>> 834 (22482: 1153 1047 1051) (1007.58 s)
>> 832 (8905: 8914 706 14179) (1123 s)
>> 827 (13956: 14067 685 649) (1060.26 s)
>> 818 (13945: 643 866 654) (1100.42 s)
>> 818 (21926: 1907 1936 1805) (962.535 s)
>> 817 (1372: 7660 1425 1371) (933.81 s)
>> 817 (22697: 2097 2074 1887) (1023.58 s)
>> 815 (14104: 526 528 525) (1123.99 s)
>> 814 (19460: 24481 24484 8) (992.274 s)
>> 813 (10797: 2168 2115 2067) (1115.22 s)
>> 813 (19181: 701 808 557) (1028.5 s)
>> 812 (937: 13066 846 936) (929.509 s)
>> 810 (3369: 2523 2533 2519) (948.257 s)
>> 805 (16164: 24269 24308 24272) (1082.11 s)
>> 803 (17553: 2798 2796 2812) (1037.38 s)
>> 802 (12164: 1358 1893 1346) (1099.84 s)
>> 801 (2578: 2547 2599 2577) (978.754 s)
>> 1305 (3608: 2568 2548 2547) (928.848 s)
>> 801 (10333: 2338 2351 2340) (1039.54 s)
>> 801 (16581: 24087 24044 24021) (1091.15 s)
>> 800 (8891: 750 703 698) (936.042 s)
>> 798 (11431: 1778 1786 1787) (907.241 s)
>> 798 (16429: 24122 24204 24136) (1016.63 s)
>> 798 (18188: 2451 2491 2403) (1091.41 s)
>> 796 (11322: 1857 1904 1851) (969.74 s)
>> 794 (5871: 4997 24114 24110) (1078.71 s)
>> 793 (4953: 1908 1863 1847) (1015.87 s)
>> 793 (14685: 363 14667 340) (1030.55 s)
>> 792 (6813: 1855 1970 1883) (925.582 s)
>> 790 (9219: 24151 24146 24134) (1087.57 s)
>> 786 (15340: 15339 24467 153) (1009.67 s)
>> 784 (23066: 2814 2823 2829) (1047.58 s)
>> 782 (21039: 147 161 143) (950.199 s)
>> 777 (11015: 1976 1987 1952) (1071.27 s)
>> 771 (10134: 2439 2456 2415) (1015.25 s)
>> 771 (18416: 24278 24295 24238) (1066.95 s)
>> 771 (20194: 9704 2679 2734) (912.286 s)
>> 770 (16318: 24188 24198 24196) (1049.31 s)
>> 837 (17678: 24188 24278 24248) (1007.5 s)
>> 766 (7666: 1291 1362 1217) (1052.86 s)
>> 765 (16077: 24327 24321 24316) (909.573 s)
>> 764 (16206: 24261 24305 24286) (995.735 s)
>> 764 (19540: 1716 1725 1669) (960.091 s)
>> 762 (7209: 1639 1602 1553) (1026.13 s)
>> 761 (8020: 2478 2447 2296) (893.943 s)
>> 760 (8866: 793 678 537) (1101.85 s)
>> 757 (15698: 24477 24524 24471) (1053.39 s)
>> 755 (5940: 1509 12047 1633) (1082.16 s)
>> 753 (15960: 24349 24359 24355) (993.506 s)
>> 752 (11694: 1783 1687 1624) (1124.59 s)
>> 750 (10983: 1946 2016 2031) (980.179 s)
>> 748 (16530: 24079 24084 24075) (1079.38 s)
>> 748 (23737: 121 108 98) (1052.6 s)
>> 746 (14627: 432 398 311) (1094.45 s)
>> 746 (19890: 960 926 349) (1070.99 s)
>> 745 (12867: 1029 12294 923) (1115.09 s)
>> 743 (17903: 2737 2753 2733) (988.671 s)
>> 742 (16180: 24282 24312 24289) (1122.26 s)
>> 846 (17676: 24282 24259 24254) (1003.82 s)
>> 738 (5716: 23928 23938 23925) (1103.54 s)
>> 735 (9011: 320 396 402) (994.028 s)
>> 729 (819: 785 767 817) (1059.14 s)
>> 729 (9130: 9111 24535 33) (1064.69 s)
>> 729 (10428: 2305 2294 2289) (996.148 s)
>> 950 (6432: 2121 2305 2182) (904.108 s)
>> 726 (11985: 1512 1571 1493) (921.591 s)
>> 725 (9125: 24430 15436 91) (1034.77 s)
>> 718 (17189: 2157 2324 2318) (1164.96 s)
>> 716 (6233: 2504 2516 2503) (920.298 s)
>> 714 (2209: 2191 2253 2207) (1017.43 s)
>> 713 (10597: 2193 2229 2149) (956.326 s)
>> 713 (20244: 2194 2522 2510) (958.965 s)
>> 802 (17138: 2523 2515 2194) (1118.27 s)
>> 711 (14789: 14788 305 258) (1227.07 s)
>> 708 (21042: 2058 2193 2073) (1121.45 s)
>> 707 (12644: 1133 1188 1158) (1047.56 s)
>> 706 (14298: 429 756 558) (1068.38 s)
>> 706 (19311: 24098 4997 24079) (1187.94 s)
>> 703 (8390: 1736 1778 1752) (1142.2 s)
>> 701 (11029: 1983 10974 1939) (1165.43 s)
>> 699 (6136: 1935 1979 1946) (1070.66 s)
>> 699 (11022: 1977 11113 1984) (1127.74 s)
>> 699 (19899: 24222 24207 24203) (1112.09 s)
>> 698 (13340: 823 855 793) (1067.17 s)
>> 697 (15585: 15339 24529 24448) (989.664 s)
>> 695 (2889: 2881 2888 2841) (1064.24 s)
>> 695 (16868: 23942 5884 23935) (1148.52 s)
>> 695 (22420: 1727 1797 1735) (1103.62 s)
>> 691 (8637: 1197 1280 1179) (989.301 s)
>> 690 (10144: 6281 2453 2427) (1057.6 s)
>> 689 (4322: 9969 9999 2524) (1009.86 s)
>> 689 (20167: 2939 2892 2941) (1123.53 s)
>> 687 (12997: 1017 1039 1014) (1048.4 s)
>> 686 (12485: 1176 1341 1249) (1118.4 s)
>> 683 (8644: 1155 1260 1099) (1038.82 s)
>> 683 (17229: 83 24522 74) (1109.03 s)
>> 682 (15990: 24357 24366 24296) (1069.56 s)
>> 682 (21327: 443 440 357) (1077.22 s)
>> 680 (3339: 1068 1366 1035) (956.048 s)
>> 676 (18761: 235 288 262) (987.225 s)
>> 674 (12729: 1177 1257 1114) (994.406 s)
>> 674 (13016: 964 1068 749) (1070.75 s)
>> 673 (6748: 1958 1921 1899) (976.482 s)
>> 670 (3693: 11 24537 44) (1056.19 s)
>> 670 (8494: 1526 1525 1410) (948.123 s)
>> 667 (5818: 2673 2639 2677) (967.007 s)
>> 757 (5833: 2673 2632 2646) (1042.4 s)
>> 666 (15132: 15131 146 168) (1007.32 s)
>> 665 (295: 310 333 294) (893.307 s)
>> 664 (7966: 2590 2602 2572) (1005.56 s)
>> 661 (15269: 150 157 209) (1048.47 s)
>> 661 (19758: 1942 2062 2040) (1129.64 s)
>> 659 (13608: 13604 820 748) (940.611 s)
>> 659 (14230: 587 14583 544) (995.881 s)
>> 658 (14163: 548 527 458) (937.418 s)
>> 654 (2107: 2088 2148 2106) (959.101 s)
>> 654 (20344: 1713 1724 1531) (989.075 s)
>> 652 (7276: 1596 1608 1551) (903.348 s)
>> 652 (11361: 1754 1807 1718) (1037.01 s)
>> 647 (15494: 7 121 24530) (1011.96 s)
>> 644 (14635: 384 446 411) (769.45 s)
>> 641 (4821: 1226 1216 1137) (906.197 s)
>> 928 (7752: 908 1226 1148) (824.896 s)
>> 637 (17374: 2669 9704 2712) (815.884 s)
>> 676 (17358: 2711 2669 2693) (715.033 s)
>> 637 (20494: 2526 2537 2518) (837.066 s)
>> 636 (17624: 24199 24239 24175) (821.174 s)
>> 634 (17871: 11942 1435 1342) (861.919 s)
>> 633 (9566: 2828 2826 2814) (766.465 s)
>> 633 (15576: 24519 24528 7) (957.767 s)
>> 632 (7718: 1080 1244 719) (761.568 s)
>> 632 (15909: 24390 24381 24337) (881.108 s)
>> 631 (23776: 24171 24253 24190) (784.384 s)
>> 629 (18509: 24118 24112 24106) (823.353 s)
>> 629 (21478: 24486 24480 24434) (809.66 s)
>> 627 (2261: 2251 2260 2201) (803.575 s)
>> 627 (4723: 24511 147 15187) (820.111 s)
>> 627 (13929: 625 628 574) (1021.61 s)
>> 627 (23489: 24341 24377 24334) (1012.09 s)
>> 625 (15746: 69 24454 24415) (1115.07 s)
>> 622 (5435: 2502 10063 2500) (909.278 s)
>> 617 (23275: 1066 1173 1022) (1083.33 s)
>> 616 (7638: 1373 1315 1258) (1038.34 s)
>> 616 (11806: 1642 1678 1580) (1032 s)
>> 615 (16167: 24252 24489 24180) (919.972 s)
>> 614 (9404: 23889 23881 23877) (1094.5 s)
>> 613 (6815: 1178 8597 1247) (993.865 s)
>> 612 (16758: 23990 23981 23980) (1035.51 s)
>> 611 (8083: 2298 2279 2263) (959.159 s)
>> 606 (5584: 24024 24020 23979) (1046.71 s)
>> 606 (23826: 2854 2878 2923) (954.079 s)
>> 602 (7205: 1658 1640 1570) (1083.54 s)
>> 602 (7505: 1389 1476 1423) (954.887 s)
>> 598 (11650: 1616 1617 1489) (1032.26 s)
>> 598 (13193: 803 908 842) (1016.91 s)
>> 595 (14533: 460 466 403) (1072.51 s)
>> 593 (13431: 792 870 807) (821.648 s)
>> 591 (6940: 1841 11313 1759) (992.407 s)
>> 590 (3739: 1003 1066 1030) (861.106 s)
>> 590 (13069: 785 864 1160) (950.503 s)
>> 586 (21037: 888 13320 910) (960.387 s)
>> 585 (8040: 2452 2461 2418) (922.736 s)
>> 584 (6143: 23884 23896 23886) (960.594 s)
>> 583 (18609: 1975 2037 2000) (967.677 s)
>> 582 (5284: 533 763 562) (755.356 s)
>> 582 (5558: 2370 2360 2355) (940.634 s)
>> 582 (8481: 1562 1591 1559) (770.615 s)
>> 582 (13964: 549 587 633) (951.055 s)
>> 581 (6286: 2423 2523 2449) (800.567 s)
>> 581 (9177: 24369 24419 24362) (911.461 s)
>> 580 (17016: 1171 1199 1147) (886.941 s)
>> 578 (22801: 1242 1204 1074) (897.322 s)
>> 576 (15356: 93 88 80) (930.239 s)
>> 575 (7462: 1599 12227 1456) (882.394 s)
>> 573 (9845: 5829 2673 2654) (915.455 s)
>> 571 (4828: 1227 6737 1245) (988.096 s)
>> 571 (16398: 24145 24155 24149) (791.175 s)
>> 570 (5395: 2339 2317 2121) (1051.35 s)
>> 567 (8815: 771 759 766) (845.976 s)
>> 565 (6312: 2478 2206 2273) (983.598 s)
>> 565 (14177: 570 551 679) (964.588 s)
>> 564 (7971: 2576 2565 2542) (970.221 s)
>> 561 (23027: 570 695 635) (916.973 s)
>> 560 (7033: 1773 7016 1723) (950.613 s)
>> 557 (1056: 998 1100 1053) (787.137 s)
>> 554 (10760: 2110 2156 2112) (933.704 s)
>> 554 (10866: 2063 2088 2066) (803.795 s)
>> 554 (18972: 21510 1092 1121) (1002.96 s)
>> 553 (14317: 8914 934 547) (741.886 s)
>> 553 (18791: 1910 1845 1821) (942.887 s)
>> 548 (15285: 24513 94 184) (874.317 s)
>> 547 (20487: 24423 24439 24398) (847.478 s)
>> 545 (21034: 1406 1439 1333) (907.941 s)
>> 543 (12868: 6889 1176 1015) (846.759 s)
>> 543 (16381: 24124 24201 24167) (931.771 s)
>> 538 (4339: 23934 23943 23936) (855.395 s)
>> 538 (15120: 211 261 127) (802.017 s)
>> 537 (5722: 24504 23196 24252) (920.513 s)
>> 536 (4496: 12652 11942 1196) (782.608 s)
>> 688 (1117: 1096 12652 1116) (945.44 s)
>> 536 (6565: 2123 1983 2069) (814.23 s)
>> 718 (5231: 2123 2126 2015) (957.327 s)
>> 536 (14493: 494 509 309) (811.881 s)
>> 536 (16833: 23951 5709 23955) (881.936 s)
>> 535 (20241: 24509 24493 24481) (814.446 s)
>> 533 (5599: 24087 24018 24003) (927.033 s)
>> 533 (15214: 163 170 160) (968.551 s)
>> 532 (3838: 23893 16917 5879) (905.117 s)
>> 526 (12490: 1208 803 1203) (871.674 s)
>> 523 (14984: 274 21248 162) (931.601 s)
>> 520 (7981: 2560 2568 2557) (850.792 s)
>> 519 (6145: 23873 24556 23882) (1010.31 s)
>> 518 (19873: 2942 2944 2943) (690.098 s)
>> 517 (4292: 24154 17815 24124) (980.989 s)
>> 517 (11693: 1623 1632 1448) (785.119 s)
>> 514 (902: 942 901 839) (901.522 s)
>> 514 (11884: 1612 11926 1512) (807.908 s)
>> 513 (4508: 14 24509 37) (833.217 s)
>> 513 (12106: 7520 1446 1373) (889.681 s)
>> 512 (15059: 236 24513 280) (808.361 s)
>> 511 (12911: 1097 20969 1096) (854.495 s)
>> 511 (15862: 24420 24413 24351) (799.329 s)
>> 511 (19395: 1538 1595 1434) (932.176 s)
>> 626 (7150: 1730 1694 1538) (782.427 s)
>> 506 (11962: 1545 1713 1547) (862.377 s)
>> 505 (8381: 1777 1873 1849) (885.708 s)
>> 505 (12159: 1453 1545 1408) (808.334 s)
>> 501 (13113: 943 904 1080) (883.07 s)
>> 501 (23109: 680 675 582) (720.253 s)
>> 500 (11163: 6773 2046 1908) (925.916 s)
>> 499 (12157: 1412 1460 1272) (735.937 s)
>> 498 (18895: 24460 24468 24442) (982.576 s)
>> 495 (9622: 2780 2801 2735) (686.087 s)
>> 494 (11530: 1680 1736 1650) (887.385 s)
>> 494 (15640: 24536 24507 24492) (713.05 s)
>> 493 (6381: 2250 10182 2157) (949.622 s)
>> 484 (10651: 2251 2178 2142) (720.644 s)
>> 483 (9148: 24523 9111 24525) (945.985 s)
>> 482 (5650: 2269 2300 2058) (861.435 s)
>> 481 (15300: 150 156 90) (810.402 s)
>> 478 (10050: 2517 2526 2476) (820.012 s)
>> 563 (10095: 6281 5539 2517) (864.896 s)
>> 478 (21969: 29 21 24490) (910.186 s)
>> 477 (13886: 681 972 734) (830.331 s)
>> 848 (608: 681 606 461) (861.865 s)
>> 476 (12441: 1326 1310 947) (733.297 s)
>> 475 (3362: 358 380 287) (840.319 s)
>> 472 (11110: 1964 1978 1949) (756.302 s)
>> 472 (15242: 133 188 69) (786.352 s)
>> 466 (7580: 1415 1359 1301) (691.043 s)
>> 465 (9120: 24472 24521 24375) (786.269 s)
>> 460 (11730: 1614 1585 1562) (657.453 s)
>> 458 (10375: 2342 2423 2297) (741.37 s)
>> 457 (12084: 1414 1623 1314) (682.895 s)
>> 456 (20906: 682 566 601) (572.406 s)
>> 451 (11502: 1704 1706 1689) (595.053 s)
>> 450 (7807: 1242 1048 1003) (549.339 s)
>> 449 (17407: 323 223 356) (593.825 s)
>> 448 (16961: 24551 24550 24548) (571.9 s)
>> 446 (5559: 2370 2414 2374) (567.838 s)
>> 446 (10493: 6348 2225 2256) (530.222 s)
>> 445 (11358: 1888 1846 1844) (591.69 s)
>> 445 (20159: 3660 2663 2618) (564.406 s)
>> 444 (15005: 236 310 244) (586.57 s)
>> 442 (8152: 2085 2110 1912) (540.416 s)
>> 442 (13421: 798 888 805) (587.582 s)
>> 441 (8185: 1996 2014 1981) (477.116 s)
>> 441 (10475: 6347 2342 2224) (476.406 s)
>> 439 (11112: 1969 1957 1941) (460.659 s)
>> 851 (3946: 2081 2041 1969) (644.351 s)
>> 439 (18602: 2711 5116 2714) (711.618 s)
>> 436 (18135: 257 225 148) (738.268 s)
>> 433 (12026: 1474 1561 1291) (563.95 s)
>> 433 (14118: 578 639 506) (677.158 s)
>> 430 (6393: 2270 2478 2218) (629.771 s)
>> 430 (12141: 1516 1470 1072) (774.477 s)
>> 429 (14534: 423 645 363) (745.88 s)
>> 426 (11374: 1836 23597 1727) (740.684 s)
>> 424 (15143: 15142 24472 136) (783.992 s)
>> 424 (21541: 2626 2649 2616) (668.808 s)
>> 422 (13380: 827 893 876) (805.134 s)
>> 422 (21310: 1649 1652 4316) (789.546 s)
>> 420 (13551: 787 919 712) (676.972 s)
>> 420 (19706: 24280 24328 24306) (655.312 s)
>> 414 (23577: 1398 1612 1303) (734.916 s)
>> 412 (10386: 2334 6034 2280) (681.966 s)
>> 410 (13753: 778 740 750) (688.517 s)
>> 408 (19242: 24261 24224 24222) (669.048 s)
>> 406 (15162: 15164 15035 208) (719.546 s)
>> 405 (1238: 1195 1264 1235) (749.124 s)
>> 403 (12136: 1420 1495 1461) (675.399 s)
>> 403 (13555: 758 1326 504) (588.503 s)
>> 403 (16344: 24170 24169 24152) (754.442 s)
>> 399 (4996: 24058 24199 24143) (678.812 s)
>> 397 (5324: 23900 23905 23899) (688.851 s)
>> 395 (7721: 1214 1195 1516) (571.702 s)
>> 394 (13971: 615 771 494) (557.656 s)
>> 393 (11936: 1584 1574 1532) (633.113 s)
>> 393 (14055: 567 542 538) (643.829 s)
>> 393 (21491: 1432 1520 1398) (660.708 s)
>> 392 (20002: 1324 1433 1269) (566.15 s)
>> 391 (11294: 1848 19623 1764) (571.832 s)
>> 391 (15890: 24350 24420 24403) (474.695 s)
>> 389 (10676: 2155 2175 2123) (687.307 s)
>> 387 (23841: 23762 2339 2292) (676.344 s)
>> 385 (6138: 24255 24260 24058) (722.464 s)
>> 383 (16011: 24348 24350 24290) (714.4 s)
>> 382 (11921: 1513 1494 1097) (667.866 s)
>> 382 (14659: 383 483 385) (667.244 s)
>> 380 (7868: 758 1064 996) (668.889 s)
>> 377 (12722: 1242 1013 993) (680.154 s)
>> 376 (5052: 23868 24553 23873) (750.055 s)
>> 376 (11858: 1575 1680 1638) (717.902 s)
>> 374 (6261: 2412 2463 2395) (669.571 s)
>> 374 (10677: 2130 10601 2158) (617.494 s)
>> 374 (12015: 1517 1783 1515) (649.766 s)
>> 371 (14649: 401 681 358) (633.122 s)
>> 366 (8928: 643 672 652) (612.32 s)
>> 365 (1418: 1432 964 1417) (632.177 s)
>> 363 (4650: 724 826 787) (651.779 s)
>> 361 (8217: 1988 1995 1973) (641.818 s)
>> 359 (12616: 1183 1154 1171) (670.653 s)
>> 355 (9394: 23895 23900 23891) (654.145 s)
>> 353 (11927: 20533 1519 1197) (751.603 s)
>> 352 (11338: 1857 1800 1716) (665.959 s)
>> 352 (15413: 93 24538 73) (702.018 s)
>> 352 (22360: 24459 24486 24453) (670.28 s)
>> 351 (10408: 2309 2338 2168) (657.812 s)
>> 350 (16015: 24344 24422 23866) (667.138 s)
>> 346 (9571: 2828 2827 2824) (590.327 s)
>> 345 (14725: 395 460 383) (700.063 s)
>> 344 (6169: 2781 2821 2813) (767.429 s)
>> 338 (6289: 2411 2400 2365) (664.737 s)
>> 338 (7125: 1711 1681 1509) (724.852 s)
>> 338 (18541: 1910 1378 1347) (617.479 s)
>> 334 (7239: 1610 1658 1614) (733.452 s)
>> 334 (12651: 1162 1167 1323) (648.418 s)
>> 333 (3461: 183 618 319) (617.522 s)
>> 333 (11766: 1711 1779 1492) (574.052 s)
>> 332 (8734: 1032 1036 1033) (616.912 s)
>> 332 (11228: 1882 1915 1889) (614.242 s)
>> 331 (6599: 2049 2077 2081) (610.44 s)
>> 330 (12306: 1355 1599 1332) (594.117 s)
>> 330 (13661: 702 13927 615) (701.614 s)
>> 330 (20460: 567 13911 745) (639.974 s)
>> 327 (12665: 1063 1414 1059) (590.427 s)
>> 321 (15925: 24348 24386 24357) (580.508 s)
>> 318 (13187: 1208 841 834) (580.951 s)
>> 318 (13558: 783 13511 1208) (612.112 s)
>> 317 (11948: 7440 1527 1412) (560.908 s)
>> 313 (6390: 2227 6348 2155) (539.015 s)
>> 313 (21226: 24297 24372 24313) (573.457 s)
>> 311 (12592: 1183 943 1289) (602.303 s)
>> 310 (6734: 1194 1228 1227) (594.998 s)
>> 309 (17492: 569 629 395) (556.615 s)
>> 309 (18931: 479 905 415) (634.812 s)
>> 308 (14314: 523 14269 486) (558.437 s)
>> 307 (6427: 2192 2210 2151) (628.304 s)
>> 307 (15868: 24393 24438 24348) (503.972 s)
>> 304 (14045: 616 13749 673) (605.35 s)
>> 304 (19163: 24374 24440 24349) (551.806 s)
>> 298 (10330: 2347 2326 2250) (593.264 s)
>> 342 (6011: 2412 2401 2347) (612.209 s)
>> 297 (2846: 2847 2843 2837) (562.437 s)
>> 297 (8821: 765 854 702) (534.179 s)
>> 296 (15614: 24500 12 133) (629.146 s)
>> 293 (6192: 1737 1720 1667) (549.03 s)
>> 288 (22317: 24347 24360 24354) (687.478 s)
>> 287 (10685: 2166 2144 2133) (557.017 s)
>> 285 (13021: 7853 971 980) (610.5 s)
>> 283 (6332: 2267 2285 2257) (562.679 s)
>> 283 (6830: 1872 1856 1711) (705.011 s)
>> 281 (6682: 1993 1966 1773) (520.109 s)
>> 279 (16436: 24098 24144 24126) (585.718 s)
>> 278 (20223: 24088 24102 24086) (528.405 s)
>> 277 (11953: 1528 7520 1552) (538.131 s)
>> 275 (8512: 6796 1381 1380) (633.17 s)
>> 275 (11580: 1699 1777 1737) (632.393 s)
>> 274 (9682: 2748 2781 2754) (595.758 s)
>> 274 (13322: 13146 7777 881) (591.385 s)
>> 273 (10175: 2422 2452 2411) (554.185 s)
>> 273 (12881: 7853 12887 999) (703.521 s)
>> 272 (5585: 2362 2377 2270) (626.467 s)
>> 271 (11994: 1537 4072 1475) (612.401 s)
>> 270 (8181: 1964 2097 2034) (618.931 s)
>> 269 (12504: 1133 1313 1252) (601.689 s)
>> 267 (19137: 1699 1679 1453) (545.51 s)
>> 266 (17352: 2335 2372 1903) (652.21 s)
>> 265 (14356: 499 14330 569) (529.439 s)
>> 264 (10853: 2076 1935 2049) (529.822 s)
>> 263 (7500: 1428 11987 1513) (484.829 s)
>> 261 (13357: 778 880 830) (555.995 s)
>> 258 (21961: 22033 210 221) (551.441 s)
>> 255 (14210: 589 549 545) (560.632 s)
>> 254 (7447: 1472 1649 1367) (510.869 s)
>> 251 (5257: 2560 6347 2583) (445.457 s)
>> 250 (6959: 1840 1829 1738) (572.49 s)
>> 250 (7677: 1282 1284 1206) (585.304 s)
>> 249 (21597: 24416 24192 24171) (585.317 s)
>> 248 (14977: 271 302 236) (424.982 s)
>> 245 (22532: 791 423 920) (488.329 s)
>> 243 (11287: 1835 1964 1770) (549.083 s)
>> 243 (14253: 431 670 472) (561.241 s)
>> 239 (10087: 2504 5979 2488) (590.18 s)
>> 239 (14660: 372 400 426) (575.425 s)
>> 236 (4656: 132 178 99) (675.709 s)
>> 231 (20978: 14067 543 720) (648.839 s)
>> 228 (14199: 320 754 533) (664.401 s)
>> 226 (4855: 1085 1390 1111) (557.61 s)
>> 225 (7485: 1910 7660 1438) (465.241 s)
>> 225 (14497: 487 765 485) (587.073 s)
>> 224 (7177: 1526 1710 1663) (608.027 s)
>> 224 (11018: 1855 2050 1999) (580.653 s)
>> 223 (16217: 23860 24273 24237) (647.335 s)
>> 221 (15513: 24494 24519 24393) (525.143 s)
>> 211 (10070: 2504 2454 2521) (522.111 s)
>> 210 (11878: 1432 1630 1479) (614.308 s)
>> 209 (9767: 2711 5122 2715) (637.734 s)
>> 208 (16162: 24280 24287 24279) (614.378 s)
>> 203 (20177: 1299 1322 1281) (543.316 s)
>> 324 (12436: 1275 1299 1045) (379.328 s)
>> 198 (6510: 2105 2154 2036) (634.769 s)
>> 198 (12189: 1194 1569 1404) (575.442 s)
>> 197 (13107: 13156 1029 804) (541.117 s)
>> 197 (21507: 20 18704 24456) (497.006 s)
>> 194 (20444: 1839 1841 1804) (434.148 s)
>> 191 (16201: 24277 24494 24276) (497.129 s)
>> 189 (6564: 2053 2309 2071) (595.464 s)
>> 186 (9781: 2626 2722 2704) (549.914 s)
>> 183 (13889: 707 777 431) (592.728 s)
>> 182 (3286: 24135 24153 24088) (557.559 s)
>> 182 (8263: 11035 1977 1954) (574.421 s)
>> 181 (9705: 2737 2748 2711) (366.588 s)
>> 177 (16239: 24249 24282 24219) (543.221 s)
>> 173 (18015: 2450 2281 2498) (573.459 s)
>> 170 (15168: 198 197 163) (592.646 s)
>> 169 (4782: 23947 23934 23933) (556.311 s)
>> 167 (1131: 1077 1411 1129) (577.196 s)
>> 166 (10252: 2362 6281 2366) (522.236 s)
>> 161 (16225: 24249 24267 23862) (374.535 s)
>> 160 (7991: 2560 2539 2534) (463.968 s)
>> 159 (6531: 2092 10746 2227) (527.921 s)
>> 159 (12864: 1071 1183 1079) (510.016 s)
>> 159 (14204: 590 589 14193) (585.271 s)
>> 158 (12646: 12647 443 1119) (539.382 s)
>> 158 (13833: 644 671 643) (350.123 s)
>> 158 (14899: 317 301 241) (491.074 s)
>> 156 (10064: 2512 2560 2497) (554.584 s)
>> 141 (15216: 183 15131 151) (532.43 s)
>> 141 (16687: 5626 24557 24013) (552.536 s)
>> 138 (11390: 1843 11627 1985) (536.788 s)
>> 136 (7065: 1799 1839 1699) (549.739 s)
>> 133 (5298: 11957 1468 1337) (359.928 s)
>> 255 (7327: 1474 11957 1572) (546.492 s)
>> 133 (14116: 578 778 630) (527.37 s)
>> 133 (20793: 2412 2512 2177) (545.432 s)
>> 130 (23376: 961 973 13144) (516.266 s)
>> 127 (12386: 7667 1242 1230) (528.136 s)
>> 123 (21676: 3660 22968 9969) (359.621 s)
>> 123 (23021: 716 13478 625) (545.605 s)
>> 121 (6326: 2293 2370 2092) (551.583 s)
>> 118 (6761: 1914 2076 1890) (597.487 s)
>> 118 (16972: 24546 24545 23868) (400.959 s)
>> 117 (4274: 23928 23940 23932) (520.411 s)
>> 115 (12249: 1374 1799 1335) (520.225 s)
>> 110 (13482: 809 799 783) (496.414 s)
>> 110 (21367: 186 235 150) (347.081 s)
>> 108 (11567: 1587 1842 1705) (520.308 s)
>> 107 (8574: 1349 1454 7667) (466.458 s)
>> 106 (7056: 1762 18395 1857) (505.655 s)
>> 102 (7304: 1582 7440 1581) (479.534 s)
>> 100 (838: 13146 810 836) (329.203 s)
>> 98 (5697: 23950 23977 23962) (424.3 s)
>> 98 (13747: 616 13156 741) (476.249 s)
>> 95 (11244: 1926 1958 1848) (474.65 s)
>> 95 (13792: 696 13662 567) (473.939 s)
>> 95 (15375: 14 15373 24518) (460.767 s)
>> 92 (11072: 1926 1965 2053) (469.426 s)
>> 90 (11217: 1874 11035 1852) (438.733 s)
>> 90 (17555: 570 792 770) (433.851 s)
>> 152 (13752: 764 570 757) (434.722 s)
>> 90 (22718: 124 171 15417) (444.139 s)
>> 86 (7751: 1166 7741 758) (457.565 s)
>> 85 (6502: 2108 23762 1914) (433.963 s)
>> 85 (16102: 24255 24504 24285) (312.583 s)
>> 81 (8645: 6796 1256 1181) (331.121 s)
>> 78 (15318: 271 274 164) (411.547 s)
>> 74 (7061: 1760 1872 1707) (470.341 s)
>> 74 (14490: 490 455 12647) (457.449 s)
>> 73 (5618: 2337 6080 2407) (476.272 s)
>> 84 (6356: 2272 2337 2295) (467.212 s)
>> 73 (11033: 1997 6773 1971) (491.567 s)
>> 66 (12719: 1038 1214 1063) (446.044 s)
>> 63 (17443: 23902 23914 23893) (463.045 s)
>> 62 (6874: 1754 1881 1858) (466.211 s)
>> 61 (21696: 1428 1017 1008) (472.24 s)
>> 60 (4688: 23884 23895 23858) (455.2 s)
>> 59 (11314: 1642 1974 1879) (463.154 s)
>> 58 (5235: 23999 23987 23970) (486.307 s)
>> 51 (11250: 1836 2005 1892) (456.416 s)
>> 50 (14183: 590 599 487) (385.644 s)
>> 42 (13145: 13146 961 922) (383.337 s)
>> 35 (4914: 24500 155 87) (280.249 s)
>> 34 (11776: 1596 11777 1478) (364.311 s)
>> 32 (4200: 5381 24552 23880) (450.536 s)
>> 28 (14007: 665 447 701) (464.949 s)
>> 28 (14347: 490 585 541) (427.478 s)
>> 26 (6777: 1955 1905 1867) (423.848 s)
>> 23 (10570: 6388 2267 2130) (402.061 s)
>> 21 (6177: 2737 2810 2795) (429.854 s)
>> 18 (10114: 2362 2502 2472) (420.292 s)
>> 17 (7366: 1038 1639 1535) (423.921 s)
>> 15 (6831: 1287 1174 1076) (415.11 s)
>> 11 (8794: 13312 13604 847) (419.97 s)
>> 11 (17607: 809 1140 1037) (410.36 s)
>> 1 (15998: 24333 24383 24277) (408.816 s)
>> 0 (-1: -1 -1 -1) (392.56 s)
Zelikovsky- 1.17567e+06 s
>>> get_solution
  refine_solution: new weight 789128577 (was 789150855) in 0.019495 s
  refine_solution: new weight 789127033 (was 789128577) in 0.020347 s
  refine_solution: new weight 789127033 (was 789127033) in 0.020399 s
>>> get_solution
  refine_solution: new weight 791018872 (was 791188125) in 0.019475 s
  refine_solution: new weight 790995348 (was 791018872) in 0.020309 s
  refine_solution: new weight 790991132 (was 790995348) in 0.020283 s
  refine_solution: new weight 790991132 (was 790991132) in 0.020175 s
0,,24559,36257,2950,,0,0,,791188125,790991132,789396319,789150855,789127033,,0,0,@@

  delete_edges: deleted 211 edges in 0.011367 s and 2 rounds
  handle_small_Steiner_degrees: steiner 0, suppress 343 in 0.000249 s
Starting round 1
contract_till_the_bitter_end interrupted
contract_till_the_bitter_end: 1.21387e+06 s

Calling end_heu
>>> get_solution
Saved weight 546907272
end_heu: 0 loops with 0 unique solutions in 0.005458 s

Calling print_solution
>>> get_solution
  refine_solution: new weight 791028366 (was 791188107) in 0.039974 s
Oops orig weight was 791188107 but we got 791028366
## FINAL WEIGHT 791028366
print_solution: 0.0783 s
