Version: final-94-gfffc3aa rub_all.sh: remove longest prefix
Random seed: 1557512173
Start
>>> save_orig_graph
>> Saved weight 0
Graph loaded
|V| = 120867, |E| = 187312, |R| = 3224
First clearance of the input. Calling buy_zero and run_all_heuristics.
  buy_zero: 5523 zero edges in 0.006741 s
  handle_small_terminal_degrees: terms 1 in 9.3e-05 s
  handle_small_Steiner_degrees: steiner 1, suppress 37887 in 0.016054 s
  shortest_edge_between_terminals: 0 edges in 0.000564 s
  handle_small_terminal_degrees: terms 0 in 9e-05 s
  handle_small_Steiner_degrees: steiner 0, suppress 218 in 0.00032 s
  shortest_edge_between_terminals: 0 edges in 0.000238 s
  handle_small_terminal_degrees: terms 0 in 9e-05 s
  handle_small_Steiner_degrees: steiner 0, suppress 34 in 0.000198 s
  shortest_edge_between_terminals: 0 edges in 0.00017 s
  handle_small_terminal_degrees: terms 0 in 9e-05 s
  handle_small_Steiner_degrees: steiner 0, suppress 16 in 0.000173 s
  shortest_edge_between_terminals: 0 edges in 0.000166 s
  handle_small_terminal_degrees: terms 0 in 8.9e-05 s
  handle_small_Steiner_degrees: steiner 0, suppress 12 in 0.000171 s
  shortest_edge_between_terminals: 0 edges in 0.000166 s
  handle_small_terminal_degrees: terms 0 in 9e-05 s
  handle_small_Steiner_degrees: steiner 0, suppress 10 in 0.00017 s
  shortest_edge_between_terminals: 0 edges in 0.000166 s
  handle_small_terminal_degrees: terms 0 in 9e-05 s
  handle_small_Steiner_degrees: steiner 0, suppress 14 in 0.000171 s
  shortest_edge_between_terminals: 0 edges in 0.000167 s
  handle_small_terminal_degrees: terms 0 in 9e-05 s
  handle_small_Steiner_degrees: steiner 0, suppress 10 in 0.00017 s
  shortest_edge_between_terminals: 0 edges in 0.000165 s
  handle_small_terminal_degrees: terms 0 in 9e-05 s
  handle_small_Steiner_degrees: steiner 0, suppress 6 in 0.000169 s
  shortest_edge_between_terminals: 0 edges in 0.000166 s
  handle_small_terminal_degrees: terms 0 in 9e-05 s
  handle_small_Steiner_degrees: steiner 0, suppress 4 in 0.000167 s
  shortest_edge_between_terminals: 0 edges in 0.000165 s
  handle_small_terminal_degrees: terms 0 in 9e-05 s
  handle_small_Steiner_degrees: steiner 0, suppress 4 in 0.000168 s
  shortest_edge_between_terminals: 0 edges in 0.000166 s
  handle_small_terminal_degrees: terms 0 in 9e-05 s
  handle_small_Steiner_degrees: steiner 0, suppress 2 in 0.000173 s
  shortest_edge_between_terminals: 0 edges in 0.000166 s
  handle_small_terminal_degrees: terms 0 in 9e-05 s
  handle_small_Steiner_degrees: steiner 0, suppress 2 in 0.000167 s
  shortest_edge_between_terminals: 0 edges in 0.000166 s
  handle_small_terminal_degrees: terms 0 in 9e-05 s
  handle_small_Steiner_degrees: steiner 0, suppress 4 in 0.000167 s
  shortest_edge_between_terminals: 0 edges in 0.000165 s
  handle_small_terminal_degrees: terms 0 in 8.9e-05 s
  handle_small_Steiner_degrees: steiner 0, suppress 3 in 0.000167 s
  shortest_edge_between_terminals: 0 edges in 0.000166 s
  handle_small_terminal_degrees: terms 0 in 9e-05 s
  handle_small_Steiner_degrees: steiner 0, suppress 1 in 0.000166 s
  shortest_edge_between_terminals: 0 edges in 0.000166 s
  handle_small_terminal_degrees: terms 0 in 9e-05 s
  handle_small_Steiner_degrees: steiner 0, suppress 0 in 0.000166 s
  shortest_edge_between_terminals: 0 edges in 0.000165 s
Compressed graph 120867 -> 77427
  delete_edges: deleted 5996 edges in 0.108114 s and 5 rounds
  handle_small_terminal_degrees: terms 0 in 6e-05 s
  handle_small_Steiner_degrees: steiner 36, suppress 3517 in 0.002385 s
  shortest_edge_between_terminals: 0 edges in 0.000434 s
  handle_small_terminal_degrees: terms 1 in 6e-05 s
  handle_small_Steiner_degrees: steiner 2, suppress 50 in 0.000147 s
  shortest_edge_between_terminals: 0 edges in 0.000167 s
  handle_small_terminal_degrees: terms 1 in 5.8e-05 s
  handle_small_Steiner_degrees: steiner 0, suppress 8 in 0.000121 s
  shortest_edge_between_terminals: 0 edges in 0.00017 s
  handle_small_terminal_degrees: terms 0 in 5.8e-05 s
  handle_small_Steiner_degrees: steiner 0, suppress 1 in 0.000118 s
  shortest_edge_between_terminals: 0 edges in 0.000151 s
  handle_small_terminal_degrees: terms 0 in 5.8e-05 s
  handle_small_Steiner_degrees: steiner 0, suppress 0 in 0.000117 s
  shortest_edge_between_terminals: 0 edges in 0.000152 s
Compressed graph 77427 -> 73811
  delete_edges_shortest_path: deleted 9620 edges in 1.75888 s
  handle_small_terminal_degrees: terms 7 in 8.4e-05 s
  handle_small_Steiner_degrees: steiner 915, suppress 7786 in 0.004799 s
  shortest_edge_between_terminals: 0 edges in 0.000375 s
  handle_small_terminal_degrees: terms 15 in 7.6e-05 s
  handle_small_Steiner_degrees: steiner 21, suppress 852 in 0.000574 s
  shortest_edge_between_terminals: 0 edges in 0.000173 s
  handle_small_terminal_degrees: terms 6 in 6.1e-05 s
  handle_small_Steiner_degrees: steiner 1, suppress 74 in 0.000183 s
  shortest_edge_between_terminals: 0 edges in 0.000139 s
  handle_small_terminal_degrees: terms 4 in 5.9e-05 s
  handle_small_Steiner_degrees: steiner 0, suppress 1 in 0.000114 s
  shortest_edge_between_terminals: 0 edges in 0.000135 s
  handle_small_terminal_degrees: terms 0 in 5.5e-05 s
  handle_small_Steiner_degrees: steiner 0, suppress 1 in 0.000114 s
  shortest_edge_between_terminals: 0 edges in 0.000134 s
  handle_small_terminal_degrees: terms 0 in 5.4e-05 s
  handle_small_Steiner_degrees: steiner 0, suppress 0 in 0.000113 s
  shortest_edge_between_terminals: 0 edges in 0.000134 s
Compressed graph 73811 -> 64128
  handle_small_terminal_degrees: terms 0 in 4.8e-05 s
  handle_small_Steiner_degrees: steiner 0, suppress 8 in 0.000109 s
  shortest_edge_between_terminals: 5 edges in 0.000488 s
  handle_small_terminal_degrees: terms 0 in 4.8e-05 s
  handle_small_Steiner_degrees: steiner 0, suppress 7 in 0.000108 s
  shortest_edge_between_terminals: 0 edges in 0.000184 s
  handle_small_terminal_degrees: terms 0 in 4.7e-05 s
  handle_small_Steiner_degrees: steiner 0, suppress 1 in 0.000111 s
  shortest_edge_between_terminals: 0 edges in 0.000134 s
  handle_small_terminal_degrees: terms 0 in 4.8e-05 s
  handle_small_Steiner_degrees: steiner 0, suppress 0 in 9e-05 s
  shortest_edge_between_terminals: 0 edges in 0.000132 s
Compressed graph 64128 -> 64064
  delete_edges_shortest_path: deleted 1512 edges in 1.21151 s
  handle_small_terminal_degrees: terms 4 in 5.8e-05 s
  handle_small_Steiner_degrees: steiner 30, suppress 1377 in 0.001036 s
  shortest_edge_between_terminals: 3 edges in 0.000379 s
  handle_small_terminal_degrees: terms 4 in 5.2e-05 s
  handle_small_Steiner_degrees: steiner 1, suppress 68 in 0.000137 s
  shortest_edge_between_terminals: 0 edges in 0.00014 s
  handle_small_terminal_degrees: terms 2 in 5e-05 s
  handle_small_Steiner_degrees: steiner 0, suppress 3 in 0.000103 s
  shortest_edge_between_terminals: 0 edges in 0.000128 s
  handle_small_terminal_degrees: terms 0 in 4.7e-05 s
  handle_small_Steiner_degrees: steiner 0, suppress 0 in 0.000102 s
  shortest_edge_between_terminals: 0 edges in 0.000128 s
Compressed graph 64064 -> 62573
Compressed graph 62573 -> 62573
>>> save_orig_graph
>> Saved weight 686935
### ZEL_LVL=9 PRECISE_STARS=0

Calling `contract_till_the_bitter_end`
|V| = 62573, |E| = 106962, |R| = 3225
>> 32048 (32782: 44000 55336 44000) (131.605 s)
>> 10893 (12623: 41265 41275 41265) (131.38 s)
>> 10804 (1039: 33570 33586 33570) (129.921 s)
>> 10280 (22887: 40720 40736 40720) (131.132 s)
>> 10230 (13792: 7688 41935 7688) (128.649 s)
>> 9696 (9520: 39172 39205 39172) (129.403 s)
>> 9570 (20862: 8142 41320 8142) (129.169 s)
>> 9567 (42017: 41992 42001 41992) (128.044 s)
>> 9429 (36104: 52763 52768 52763) (126.527 s)
>> 10422 (52722: 6560 52708 6560) (126.44 s)
>> 9315 (41191: 21621 41185 21621) (130.738 s)
>> 9089 (54773: 8573 38333 8573) (127.405 s)
>> 9058 (54954: 39320 54948 39320) (129.084 s)
>> 8578 (22434: 48973 49196 48973) (127.513 s)
>> 8384 (11589: 40652 40656 40652) (128.098 s)
>> 8331 (21988: 7315 17581 7315) (130.847 s)
>> 8031 (55979: 49013 49042 49013) (130.306 s)
>> 7962 (40670: 40645 40662 40645) (130.887 s)
>> 7956 (54947: 53043 54943 53043) (128.188 s)
>> 7902 (8348: 15686 18518 15686) (128.715 s)
>> 7837 (27882: 52270 52282 52270) (127.447 s)
>> 7791 (22844: 49228 49230 49228) (128.077 s)
>> 7711 (11878: 97 38500 97) (127.699 s)
>> 7689 (22311: 48881 48911 48881) (129.434 s)
>> 7660 (6913: 6015 52733 6015) (130.596 s)
>> 7627 (20698: 15773 20762 15773) (128.587 s)
>> 7519 (10126: 833 9763 833) (130.701 s)
>> 7432 (27949: 52303 54774 52303) (128.218 s)
>> 8486 (28100: 20439 52376 20439) (128.775 s)
>> 7395 (768: 33446 33476 33446) (130.83 s)
>> 7363 (41899: 41877 41888 41877) (129.692 s)
>> 7544 (41195: 19358 41194 19358) (132.069 s)
>> 7294 (29513: 42367 42382 42367) (129.133 s)
>> 7232 (15423: 42770 42784 42770) (131.448 s)
>> 7231 (8355: 38092 38109 38092) (132.51 s)
>> 7185 (27569: 52144 52156 52144) (130.563 s)
>> 7116 (48437: 54814 54818 54814) (131.723 s)
>> 7096 (54972: 39325 39335 39325) (130.659 s)
>> 7006 (46847: 46838 46863 46838) (132.739 s)
>> 6871 (40450: 34214 40438 34214) (129.217 s)
>> 6826 (40202: 40200 40283 40200) (132.771 s)
>> 6820 (52047: 19049 52044 19049) (129.945 s)
>> 6789 (55605: 37791 37799 37791) (130.682 s)
>> 6740 (12999: 41429 42079 41429) (129.574 s)
>> 6670 (8540: 21788 54652 21788) (129.716 s)
>> 6643 (14303: 28736 42270 28736) (132.13 s)
>> 6643 (48142: 48061 48134 48061) (130.797 s)
>> 6625 (27755: 52248 52267 52248) (132.966 s)
>> 6579 (41219: 41198 41215 41198) (130.868 s)
>> 6554 (48928: 48841 48921 48841) (132.143 s)
>> 6550 (49076: 49067 49080 49067) (130.442 s)
>> 6546 (47065: 47053 47056 47053) (130.967 s)
>> 6521 (52279: 52276 52287 52276) (132 s)
>> 6512 (31362: 54366 54627 54366) (131.548 s)
>> 6441 (11923: 16055 55271 16055) (131.936 s)
>> 6431 (37950: 22554 35382 22554) (130.741 s)
>> 6427 (42440: 3935 42408 3935) (132.789 s)
>> 6405 (18468: 45020 45247 45020) (129.076 s)
>> 6404 (37817: 37476 37814 37476) (131.924 s)
>> 6388 (11991: 40750 40853 40750) (133.182 s)
>> 6355 (45054: 19700 40602 19700) (130.964 s)
>> 6353 (19246: 6026 55277 6026) (131.247 s)
>> 6318 (35601: 35596 36313 35596) (130.177 s)
>> 6278 (55382: 33152 33374 33152) (135.193 s)
