Version: final-94-gfffc3aa rub_all.sh: remove longest prefix
Random seed: 1558071161
Start
>>> save_orig_graph
>> Saved weight 0
Graph loaded
|V| = 730, |E| = 1395, |R| = 75
First clearance of the input. Calling buy_zero and run_all_heuristics.
  buy_zero: 0 zero edges in 3e-06 s
  handle_small_terminal_degrees: terms 1 in 4e-06 s
  handle_small_Steiner_degrees: steiner 0, suppress 1 in 3e-06 s
  shortest_edge_between_terminals: 0 edges in 2e-06 s
  handle_small_terminal_degrees: terms 0 in 2e-06 s
  handle_small_Steiner_degrees: steiner 0, suppress 0 in 2e-06 s
  shortest_edge_between_terminals: 0 edges in 2e-06 s
Compressed graph 730 -> 727
  delete_edges: deleted 0 edges in 0.000148 s and 1 rounds
  handle_small_terminal_degrees: terms 0 in 1e-06 s
  handle_small_Steiner_degrees: steiner 0, suppress 0 in 2e-06 s
  shortest_edge_between_terminals: 0 edges in 2e-06 s
Compressed graph 727 -> 727
  delete_edges_shortest_path: deleted 0 edges in 0.024613 s
  handle_small_terminal_degrees: terms 0 in 1e-06 s
  handle_small_Steiner_degrees: steiner 0, suppress 0 in 1e-06 s
  shortest_edge_between_terminals: 0 edges in 1e-06 s
Compressed graph 727 -> 727
  handle_small_terminal_degrees: terms 0 in 1e-06 s
  handle_small_Steiner_degrees: steiner 0, suppress 0 in 1e-06 s
  shortest_edge_between_terminals: 0 edges in 1e-06 s
Compressed graph 727 -> 727
  delete_edges_shortest_path: deleted 0 edges in 0.018569 s
  handle_small_terminal_degrees: terms 0 in 0 s
  handle_small_Steiner_degrees: steiner 0, suppress 0 in 1e-06 s
  shortest_edge_between_terminals: 0 edges in 1e-06 s
Compressed graph 727 -> 727
Compressed graph 727 -> 727
>>> save_orig_graph
>> Saved weight 100000
### ZEL_LVL=9 PRECISE_STARS=1

Calling `contract_till_the_bitter_end`
|V| = 727, |E| = 1393, |R| = 75
>> 422 (29: 657 663 657) (0.002788 s)
>> 386 (63: 669 675 669) (0.002734 s)
>> 367 (16: 655 658 655) (0.002634 s)
>> 350 (97: 681 687 681) (0.002605 s)
>> 331 (50: 667 670 667) (0.002441 s)
>> 314 (131: 693 699 693) (0.002416 s)
>> 295 (84: 679 682 679) (0.002481 s)
>> 278 (165: 705 711 705) (0.00244 s)
>> 267 (2: 653 654 653) (0.002285 s)
>> 259 (118: 691 694 691) (0.002263 s)
>> 248 (25: 661 662 661) (0.002126 s)
>> 247 (23: 652 660 652) (0.002034 s)
>> 0 (-1: -1 -1 -1) (0.001178 s)
Zelikovsky 0.122126 s
>> 422 (29: 726 663 657) (0.070094 s)
>> 211 (2: 726 654 653) (0.069526 s)
>> 52 (6: 726 658 655) (0.071527 s)
>> 40 (10: 726 659 656) (0.071429 s)
>> 39 (78: 726 683 680) (0.070531 s)
>> 39 (146: 726 707 704) (0.069975 s)
>> 35 (148: 726 711 705) (0.069056 s)
>> 21 (39: 726 670 667) (0.066768 s)
>> 9 (180: 726 719 716) (0.065266 s)
>> 5 (84: 726 682 679) (0.064055 s)
>> 4 (44: 726 671 668) (0.062781 s)
>> 4 (112: 726 695 692) (0.061404 s)
>> 1 (59: 726 674 673) (0.060319 s)
>> 1 (69: 726 678 677) (0.059902 s)
>> 1 (93: 726 686 685) (0.059389 s)
>> 1 (103: 726 690 689) (0.058927 s)
>> 1 (127: 726 698 697) (0.058251 s)
>> 1 (137: 726 702 701) (0.057744 s)
>> 1 (161: 726 710 709) (0.057176 s)
>> 1 (171: 726 714 713) (0.056699 s)
>> 1 (194: 726 722 721) (0.056114 s)
>> 0 (-1: -1 -1 -1) (0.055587 s)
Zelikovsky- 1.39473 s
>>> get_solution
  refine_solution: new weight 7501168 (was 7501364) in 0.000259 s
  refine_solution: new weight 7501166 (was 7501168) in 0.000253 s
  refine_solution: new weight 7501166 (was 7501166) in 0.000238 s
>>> get_solution
  refine_solution: new weight 7501113 (was 7502829) in 0.000281 s
  refine_solution: new weight 7501053 (was 7501113) in 0.000267 s
  refine_solution: new weight 7501052 (was 7501053) in 0.000262 s
  refine_solution: new weight 7501052 (was 7501052) in 0.000251 s
0,,727,1393,75,,0,0,,7502829,7501052,7501799,7501364,7501166,,0,0,@@

  delete_edges: deleted 0 edges in 6.9e-05 s and 1 rounds
  handle_small_Steiner_degrees: steiner 0, suppress 0 in 1e-06 s
Starting round 1
Found 0 isolated vertices
Invalid ratios recomputed: 727
Best ratio is 3600290/36 (100008.1), centered at 0
Finding the best star... Star with 37 terminals centered in 722
round took: 0.168804 s
|V| = 727, |E| = 1228, |R| = 39
>> 325 (29: 657 663 657) (0.000664 s)
>> 289 (63: 669 675 669) (0.000632 s)
>> 270 (16: 655 658 655) (0.000572 s)
>> 0 (-1: -1 -1 -1) (0.000283 s)
Zelikovsky 0.045333 s
>> 325 (29: 722 663 657) (0.039202 s)
>> 52 (6: 722 658 655) (0.040949 s)
>> 39 (10: 722 659 656) (0.041188 s)
>> 39 (78: 722 683 680) (0.041488 s)
>> 39 (146: 722 707 704) (0.041611 s)
>> 36 (203: 722 725 724) (0.041159 s)
>> 35 (148: 722 711 705) (0.041044 s)
>> 21 (39: 722 670 667) (0.03978 s)
>> 9 (180: 722 719 716) (0.039019 s)
>> 9 (188: 722 723 718) (0.038495 s)
>> 5 (84: 722 682 679) (0.038343 s)
>> 4 (44: 722 671 668) (0.03861 s)
>> 4 (112: 722 695 692) (0.038358 s)
>> 0 (-1: -1 -1 -1) (0.038088 s)
Zelikovsky- 0.558645 s
>>> get_solution
  refine_solution: new weight 7501091 (was 7501125) in 0.000264 s
  refine_solution: new weight 7501063 (was 7501091) in 0.000253 s
  refine_solution: new weight 7501062 (was 7501063) in 0.000243 s
  refine_solution: new weight 7501062 (was 7501062) in 0.000243 s
>>> get_solution
  refine_solution: new weight 7501620 (was 7502223) in 0.000252 s
  refine_solution: new weight 7501443 (was 7501620) in 0.000259 s
  refine_solution: new weight 7501400 (was 7501443) in 0.000248 s
  refine_solution: new weight 7501379 (was 7501400) in 0.000239 s
  refine_solution: new weight 7501370 (was 7501379) in 0.000252 s
  refine_solution: new weight 7501370 (was 7501370) in 0.000238 s
1,,727,1228,39,,727,0,,7502223,7501370,7501743,7501125,7501062,,3600290,37,@@

  handle_small_Steiner_degrees: steiner 2, suppress 3 in 6e-06 s
Starting round 2
Found 115 isolated vertices
Invalid ratios recomputed: 612
Best ratio is 400078/4 (100019.5), centered at 180
Finding the best star... Star with 5 terminals centered in 704
round took: 0.09142 s
|V| = 727, |E| = 1184, |R| = 35
>> 325 (29: 657 663 657) (0.000546 s)
>> 289 (63: 669 675 669) (0.000514 s)
>> 270 (16: 655 658 655) (0.000467 s)
>> 0 (-1: -1 -1 -1) (0.000247 s)
Zelikovsky 0.040385 s
>> 325 (29: 704 663 657) (0.035851 s)
>> 52 (6: 704 658 655) (0.037085 s)
>> 39 (10: 704 659 656) (0.037426 s)
>> 39 (78: 704 683 680) (0.037539 s)
>> 36 (203: 704 725 724) (0.037131 s)
>> 35 (148: 704 711 705) (0.037223 s)
>> 21 (39: 704 670 667) (0.035938 s)
>> 9 (188: 704 723 718) (0.035292 s)
>> 5 (84: 704 682 679) (0.03514 s)
>> 4 (44: 704 671 668) (0.035109 s)
>> 4 (112: 704 695 692) (0.035011 s)
>> 0 (-1: -1 -1 -1) (0.03471 s)
Zelikovsky- 0.434556 s
>>> get_solution
  refine_solution: new weight 7501087 (was 7501109) in 0.000265 s
  refine_solution: new weight 7501063 (was 7501087) in 0.000257 s
  refine_solution: new weight 7501063 (was 7501063) in 0.000243 s
>>> get_solution
  refine_solution: new weight 7501447 (was 7502091) in 0.00027 s
  refine_solution: new weight 7501317 (was 7501447) in 0.000261 s
  refine_solution: new weight 7501245 (was 7501317) in 0.000251 s
  refine_solution: new weight 7501218 (was 7501245) in 0.000253 s
  refine_solution: new weight 7501210 (was 7501218) in 0.000248 s
  refine_solution: new weight 7501210 (was 7501210) in 0.000251 s
2,,612,1184,35,,612,0,,7502091,7501210,7501659,7501109,7501063,,400078,5,@@

  handle_small_Steiner_degrees: steiner 0, suppress 9 in 6e-06 s
Starting round 3
Found 142 isolated vertices
Invalid ratios recomputed: 585
Best ratio is 200036/2 (100018.0), centered at 112
Finding the best star... Star with 3 terminals centered in 695
round took: 0.091623 s
|V| = 727, |E| = 1146, |R| = 33
>> 325 (29: 657 663 657) (0.000477 s)
>> 289 (63: 669 675 669) (0.000442 s)
>> 270 (16: 655 658 655) (0.000419 s)
>> 0 (-1: -1 -1 -1) (0.00021 s)
Zelikovsky 0.037188 s
>> 325 (29: 695 663 657) (0.033621 s)
>> 52 (6: 695 658 655) (0.034401 s)
>> 39 (10: 695 659 656) (0.0347 s)
>> 36 (203: 695 725 724) (0.034688 s)
>> 35 (148: 695 711 705) (0.034724 s)
>> 21 (39: 695 670 667) (0.033661 s)
>> 20 (44: 695 671 668) (0.032993 s)
>> 9 (188: 695 723 718) (0.032576 s)
>> 5 (84: 695 682 679) (0.032415 s)
>> 4 (78: 695 683 680) (0.032193 s)
>> 0 (-1: -1 -1 -1) (0.031832 s)
Zelikovsky- 0.3688 s
>>> get_solution
  refine_solution: new weight 7501086 (was 7501127) in 0.000268 s
  refine_solution: new weight 7501063 (was 7501086) in 0.000266 s
  refine_solution: new weight 7501063 (was 7501063) in 0.000245 s
>>> get_solution
  refine_solution: new weight 7501376 (was 7501997) in 0.000269 s
  refine_solution: new weight 7501270 (was 7501376) in 0.000266 s
  refine_solution: new weight 7501239 (was 7501270) in 0.000254 s
  refine_solution: new weight 7501220 (was 7501239) in 0.00026 s
  refine_solution: new weight 7501219 (was 7501220) in 0.000249 s
  refine_solution: new weight 7501219 (was 7501219) in 0.00025 s
3,,585,1146,33,,585,0,,7501997,7501219,7501588,7501127,7501063,,200036,3,@@

  handle_small_Steiner_degrees: steiner 1, suppress 2 in 3e-06 s
Starting round 4
Found 155 isolated vertices
Invalid ratios recomputed: 572
Best ratio is 200036/2 (100018.0), centered at 78
Finding the best star... Star with 3 terminals centered in 680
round took: 0.08735 s
|V| = 727, |E| = 1121, |R| = 31
>> 325 (29: 657 663 657) (0.000428 s)
>> 289 (63: 669 675 669) (0.000394 s)
>> 270 (16: 655 658 655) (0.000355 s)
>> 0 (-1: -1 -1 -1) (0.000194 s)
Zelikovsky 0.03414 s
>> 325 (29: 680 663 657) (0.031446 s)
>> 52 (6: 680 658 655) (0.032256 s)
>> 39 (10: 680 659 656) (0.032513 s)
>> 36 (203: 680 725 724) (0.032368 s)
>> 35 (148: 680 711 705) (0.032616 s)
>> 21 (39: 680 670 667) (0.031481 s)
>> 9 (188: 680 723 718) (0.030815 s)
>> 5 (84: 680 682 679) (0.030732 s)
>> 4 (44: 680 671 668) (0.030441 s)
>> 0 (-1: -1 -1 -1) (0.030236 s)
Zelikovsky- 0.31581 s
>>> get_solution
  refine_solution: new weight 7501088 (was 7501106) in 0.000268 s
  refine_solution: new weight 7501064 (was 7501088) in 0.00026 s
  refine_solution: new weight 7501063 (was 7501064) in 0.000247 s
  refine_solution: new weight 7501063 (was 7501063) in 0.000245 s
>>> get_solution
  refine_solution: new weight 7501296 (was 7501960) in 0.000274 s
  refine_solution: new weight 7501286 (was 7501296) in 0.000266 s
  refine_solution: new weight 7501261 (was 7501286) in 0.000253 s
  refine_solution: new weight 7501250 (was 7501261) in 0.000256 s
  refine_solution: new weight 7501250 (was 7501250) in 0.000244 s
4,,572,1121,31,,572,0,,7501960,7501250,7501536,7501106,7501063,,200036,3,@@

  handle_small_Steiner_degrees: steiner 1, suppress 4 in 5e-06 s
Starting round 5
Found 170 isolated vertices
Invalid ratios recomputed: 557
Best ratio is 200036/2 (100018.0), centered at 44
Finding the best star... Star with 3 terminals centered in 668
round took: 0.082838 s
|V| = 727, |E| = 1092, |R| = 29
>> 325 (29: 657 663 657) (0.00038 s)
>> 289 (63: 668 669 668) (0.000332 s)
>> 0 (-1: -1 -1 -1) (0.000304 s)
Zelikovsky 0.030845 s
>> 325 (29: 668 663 657) (0.029314 s)
>> 52 (6: 668 658 655) (0.029981 s)
>> 36 (203: 668 725 724) (0.030322 s)
>> 35 (148: 668 711 705) (0.030451 s)
>> 21 (39: 668 670 667) (0.029345 s)
>> 20 (22: 668 659 656) (0.028739 s)
>> 9 (188: 668 723 718) (0.028466 s)
>> 5 (84: 668 682 679) (0.02842 s)
>> 0 (-1: -1 -1 -1) (0.028333 s)
Zelikovsky- 0.26419 s
>>> get_solution
  refine_solution: new weight 7501087 (was 7501124) in 0.000267 s
  refine_solution: new weight 7501063 (was 7501087) in 0.000258 s
  refine_solution: new weight 7501063 (was 7501063) in 0.000244 s
>>> get_solution
  refine_solution: new weight 7501187 (was 7501894) in 0.000273 s
  refine_solution: new weight 7501164 (was 7501187) in 0.000261 s
  refine_solution: new weight 7501164 (was 7501164) in 0.000246 s
5,,557,1092,29,,557,0,,7501894,7501164,7501728,7501124,7501063,,200036,3,@@

  handle_small_Steiner_degrees: steiner 0, suppress 5 in 4e-06 s
Starting round 6
Found 185 isolated vertices
Invalid ratios recomputed: 542
Best ratio is 200036/2 (100018.0), centered at 10
Finding the best star... Star with 3 terminals centered in 656
round took: 0.07811 s
|V| = 727, |E| = 1062, |R| = 27
>> 325 (29: 656 657 656) (0.000322 s)
>> 0 (-1: -1 -1 -1) (0.00028 s)
Zelikovsky 0.027284 s
>> 325 (29: 656 663 657) (0.027102 s)
>> 52 (6: 656 658 655) (0.027733 s)
>> 36 (203: 656 725 724) (0.028092 s)
>> 35 (148: 656 711 705) (0.028317 s)
>> 21 (39: 656 670 667) (0.027332 s)
>> 9 (188: 656 723 718) (0.026786 s)
>> 5 (84: 656 682 679) (0.026717 s)
>> 0 (-1: -1 -1 -1) (0.026569 s)
Zelikovsky- 0.219386 s
>>> get_solution
  refine_solution: new weight 7501086 (was 7501119) in 0.000271 s
  refine_solution: new weight 7501063 (was 7501086) in 0.000255 s
  refine_solution: new weight 7501063 (was 7501063) in 0.000249 s
>>> get_solution
  refine_solution: new weight 7501220 (was 7501882) in 0.00027 s
  refine_solution: new weight 7501168 (was 7501220) in 0.000262 s
  refine_solution: new weight 7501167 (was 7501168) in 0.00025 s
  refine_solution: new weight 7501163 (was 7501167) in 0.000249 s
  refine_solution: new weight 7501163 (was 7501163) in 0.000242 s
6,,542,1062,27,,542,0,,7501882,7501163,7501876,7501119,7501063,,200036,3,@@

  handle_small_Steiner_degrees: steiner 1, suppress 4 in 4e-06 s
Starting round 7
Found 200 isolated vertices
Invalid ratios recomputed: 527
Best ratio is 1600340/16 (100021.2), centered at 188
Finding the best star... Star with 17 terminals centered in 655
round took: 0.086665 s
|V| = 727, |E| = 908, |R| = 11
>> 49 (30: 655 657 655) (0.000102 s)
>> 0 (-1: -1 -1 -1) (7.1e-05 s)
Zelikovsky 0.017195 s
>> 49 (30: 655 663 657) (0.017623 s)
>> 45 (80: 655 687 681) (0.017911 s)
>> 45 (148: 655 711 705) (0.018161 s)
>> 0 (-1: -1 -1 -1) (0.018155 s)
Zelikovsky- 0.072265 s
>>> get_solution
  refine_solution: new weight 7501072 (was 7501107) in 0.00027 s
  refine_solution: new weight 7501072 (was 7501072) in 0.000256 s
>>> get_solution
  refine_solution: new weight 7501351 (was 7501386) in 0.00025 s
  refine_solution: new weight 7501351 (was 7501351) in 0.000242 s
7,,527,908,11,,527,0,,7501386,7501351,7501267,7501107,7501072,,1600340,17,@@

  handle_small_Steiner_degrees: steiner 0, suppress 7 in 7e-06 s
Starting round 8
Found 295 isolated vertices
Invalid ratios recomputed: 432
Best ratio is 1000205/10 (100020.5), centered at 29
Finding the best star... Star with 11 terminals centered in 657
round took: 0.027195 s
|V| = 727, |E| = 810, |R| = 1
Zelikovsky 0.011266 s
Zelikovsky- 0.000238 s
>>> get_solution
  refine_solution: new weight 7501022 (was 7501057) in 0.000265 s
  refine_solution: new weight 7501022 (was 7501022) in 0.00025 s
>>> get_solution
  refine_solution: new weight 7501022 (was 7501057) in 0.000242 s
  refine_solution: new weight 7501022 (was 7501022) in 0.000241 s
8,,432,810,1,,432,0,,7501057,7501022,7501057,7501057,7501022,,1000205,11,@@

  handle_small_Steiner_degrees: steiner 0, suppress 6 in 7e-06 s
contract_till_the_bitter_end: 4.73031 s

Calling end_heu
>>> get_solution
Saved weight 100000
end_heu: 0 loops with 0 unique solutions in 7e-05 s

Calling print_solution
>>> get_solution
  refine_solution: new weight 7501022 (was 7501057) in 0.000248 s
Oops orig weight was 7501057 but we got 7501022
## FINAL WEIGHT 7501022
print_solution: 0.00057 s
