Version: final-94-gfffc3aa rub_all.sh: remove longest prefix
Random seed: 1566439851
Start
>>> save_orig_graph
>> Saved weight 0
Graph loaded
|V| = 18283, |E| = 36112, |R| = 17832
First clearance of the input. Calling buy_zero and run_all_heuristics.
  buy_zero: 0 zero edges in 7e-05 s
  handle_small_terminal_degrees: terms 0 in 1.4e-05 s
  handle_small_Steiner_degrees: steiner 0, suppress 0 in 1.3e-05 s
  shortest_edge_between_terminals: 0 edges in 0.000459 s
Compressed graph 18283 -> 18282
  delete_edges: deleted 0 edges in 0.008044 s and 1 rounds
  handle_small_terminal_degrees: terms 0 in 1.3e-05 s
  handle_small_Steiner_degrees: steiner 0, suppress 0 in 1.4e-05 s
  shortest_edge_between_terminals: 0 edges in 0.000319 s
Compressed graph 18282 -> 18282
  delete_edges_shortest_path: deleted 0 edges in 0.129626 s
  handle_small_terminal_degrees: terms 0 in 1.4e-05 s
  handle_small_Steiner_degrees: steiner 0, suppress 0 in 1.4e-05 s
  shortest_edge_between_terminals: 0 edges in 0.000306 s
Compressed graph 18282 -> 18282
  handle_small_terminal_degrees: terms 0 in 2.5e-05 s
  handle_small_Steiner_degrees: steiner 0, suppress 0 in 2.7e-05 s
  shortest_edge_between_terminals: 0 edges in 0.001155 s
Compressed graph 18282 -> 18282
  delete_edges_shortest_path: deleted 0 edges in 0.208385 s
  handle_small_terminal_degrees: terms 0 in 1.4e-05 s
  handle_small_Steiner_degrees: steiner 0, suppress 0 in 1.4e-05 s
  shortest_edge_between_terminals: 0 edges in 0.000358 s
Compressed graph 18282 -> 18282
Compressed graph 18282 -> 18282
>>> save_orig_graph
>> Saved weight 0
### ZEL_LVL=9 PRECISE_STARS=1

Calling `contract_till_the_bitter_end`
|V| = 18282, |E| = 36112, |R| = 17832
