Version: final-94-gfffc3aa rub_all.sh: remove longest prefix
Random seed: 1558071242
Start
>>> save_orig_graph
>> Saved weight 0
Graph loaded
|V| = 730, |E| = 4368, |R| = 76
First clearance of the input. Calling buy_zero and run_all_heuristics.
  buy_zero: 0 zero edges in 9e-06 s
  handle_small_terminal_degrees: terms 0 in 2e-06 s
  handle_small_Steiner_degrees: steiner 0, suppress 0 in 4e-06 s
  shortest_edge_between_terminals: 0 edges in 8e-06 s
Compressed graph 730 -> 729
  delete_edges: deleted 0 edges in 0.001077 s and 1 rounds
  handle_small_terminal_degrees: terms 0 in 1e-06 s
  handle_small_Steiner_degrees: steiner 0, suppress 0 in 4e-06 s
  shortest_edge_between_terminals: 0 edges in 6e-06 s
Compressed graph 729 -> 729
  delete_edges_shortest_path: deleted 0 edges in 0.011642 s
  handle_small_terminal_degrees: terms 0 in 0 s
  handle_small_Steiner_degrees: steiner 0, suppress 0 in 2e-06 s
  shortest_edge_between_terminals: 0 edges in 4e-06 s
Compressed graph 729 -> 729
  handle_small_terminal_degrees: terms 0 in 0 s
  handle_small_Steiner_degrees: steiner 0, suppress 0 in 2e-06 s
  shortest_edge_between_terminals: 0 edges in 4e-06 s
Compressed graph 729 -> 729
  delete_edges_shortest_path: deleted 0 edges in 0.009197 s
  handle_small_terminal_degrees: terms 0 in 0 s
  handle_small_Steiner_degrees: steiner 0, suppress 0 in 2e-06 s
  shortest_edge_between_terminals: 0 edges in 3e-06 s
Compressed graph 729 -> 729
Compressed graph 729 -> 729
>>> save_orig_graph
>> Saved weight 0
### ZEL_LVL=9 PRECISE_STARS=1

Calling `contract_till_the_bitter_end`
|V| = 729, |E| = 4368, |R| = 76
>> 202 (20: 2 72 2) (0.003283 s)
>> 0 (-1: -1 -1 -1) (0.002078 s)
Zelikovsky 0.116639 s
>> 202 (20: 263 72 2) (0.093115 s)
>> 202 (484: 322 726 430) (0.091787 s)
>> 202 (689: 662 687 686) (0.090397 s)
>> 201 (17: 260 263 16) (0.089886 s)
>> 199 (634: 637 643 633) (0.088659 s)
>> 197 (299: 302 297 260) (0.087532 s)
>> 187 (628: 637 629 142) (0.086621 s)
>> 106 (162: 171 165 164) (0.085557 s)
>> 106 (372: 399 374 291) (0.084606 s)
>> 105 (101: 302 107 100) (0.084222 s)
>> 102 (316: 302 322 280) (0.083265 s)
>> 102 (457: 302 439 214) (0.081973 s)
>> 102 (497: 302 578 551) (0.080854 s)
>> 101 (402: 302 399 393) (0.080119 s)
>> 100 (458: 302 539 440) (0.079252 s)
>> 99 (15: 302 492 42) (0.078556 s)
>> 98 (574: 637 655 331) (0.077807 s)
>> 102 (571: 637 517 328) (0.077317 s)
>> 98 (487: 637 505 302) (0.076944 s)
>> 95 (698: 662 671 637) (0.075913 s)
>> 94 (608: 662 365 122) (0.075501 s)
>> 92 (606: 662 579 525) (0.074683 s)
>> 101 (597: 662 594 111) (0.074571 s)
>> 81 (348: 662 349 105) (0.074272 s)
>> 0 (-1: -1 -1 -1) (0.074056 s)
Zelikovsky- 2.05159 s
>>> get_solution
  refine_solution: new weight 21976 (was 22075) in 0.001124 s
  refine_solution: new weight 21976 (was 21976) in 0.001107 s
>>> get_solution
  refine_solution: new weight 24969 (was 26745) in 0.000969 s
  refine_solution: new weight 24460 (was 24969) in 0.001007 s
  refine_solution: new weight 24258 (was 24460) in 0.001019 s
  refine_solution: new weight 24258 (was 24258) in 0.001014 s
0,,729,4368,76,,0,0,,26745,24258,25956,22075,21976,,0,0,@@

  delete_edges: deleted 0 edges in 0.000476 s and 1 rounds
  handle_small_Steiner_degrees: steiner 0, suppress 0 in 1e-06 s
Starting round 1
Found 0 isolated vertices
Invalid ratios recomputed: 729
Best ratio is 2346/9 (260.7), centered at 363
Finding the best star... Star with 10 terminals centered in 122
round took: 0.092678 s
|V| = 729, |E| = 4321, |R| = 67
>> 202 (20: 2 72 2) (0.002529 s)
>> 0 (-1: -1 -1 -1) (0.001657 s)
Zelikovsky 0.102404 s
>> 202 (20: 263 72 2) (0.086268 s)
>> 202 (484: 322 726 430) (0.085213 s)
>> 202 (689: 662 686 122) (0.08418 s)
>> 201 (17: 260 263 16) (0.083518 s)
>> 197 (299: 302 297 260) (0.082609 s)
>> 193 (151: 142 637 145) (0.081716 s)
>> 182 (709: 703 655 322) (0.080773 s)
>> 106 (162: 171 165 164) (0.080168 s)
>> 105 (101: 302 107 100) (0.07953 s)
>> 102 (70: 142 302 61) (0.078645 s)
>> 102 (497: 142 578 551) (0.077715 s)
>> 102 (516: 517 662 492) (0.077027 s)
>> 101 (385: 703 331 142) (0.076518 s)
>> 101 (506: 703 539 505) (0.075365 s)
>> 99 (43: 703 280 42) (0.07469 s)
>> 99 (400: 517 703 643) (0.07413 s)
>> 95 (346: 517 349 328) (0.073343 s)
>> 95 (651: 517 653 171) (0.072729 s)
>> 5 (152: 517 629 233) (0.072338 s)
>> 4 (46: 517 208 29) (0.071946 s)
>> 95 (109: 517 110 108) (0.071652 s)
>> 0 (-1: -1 -1 -1) (0.071444 s)
Zelikovsky- 1.7152 s
>>> get_solution
  refine_solution: new weight 22031 (was 22132) in 0.001086 s
  refine_solution: new weight 22031 (was 22031) in 0.001074 s
>>> get_solution
  refine_solution: new weight 24046 (was 25527) in 0.001006 s
  refine_solution: new weight 23939 (was 24046) in 0.001026 s
  refine_solution: new weight 23939 (was 23939) in 0.001006 s
1,,729,4321,67,,729,0,,25527,23939,24738,22132,22031,,2346,10,@@

  handle_small_Steiner_degrees: steiner 0, suppress 0 in 2e-06 s
Starting round 2
Found 12 isolated vertices
Invalid ratios recomputed: 713
Best ratio is 507/2 (253.5), centered at 597
Finding the best star... Star with 3 terminals centered in 111
round took: 0.091057 s
|V| = 729, |E| = 4303, |R| = 65
>> 202 (20: 2 72 2) (0.00234 s)
>> 0 (-1: -1 -1 -1) (0.001568 s)
Zelikovsky 0.09928 s
>> 202 (20: 263 72 2) (0.084222 s)
>> 202 (484: 322 726 430) (0.083313 s)
>> 202 (689: 662 686 111) (0.082169 s)
>> 201 (17: 260 263 16) (0.081619 s)
>> 197 (299: 302 297 260) (0.08084 s)
>> 193 (151: 142 637 145) (0.080181 s)
>> 182 (709: 703 655 322) (0.079284 s)
>> 106 (162: 171 165 164) (0.078815 s)
>> 105 (101: 302 107 100) (0.077886 s)
>> 102 (70: 142 302 61) (0.077222 s)
>> 102 (497: 142 578 551) (0.076376 s)
>> 102 (516: 662 517 492) (0.075483 s)
>> 101 (385: 703 331 142) (0.074959 s)
>> 101 (506: 703 539 505) (0.074061 s)
>> 99 (43: 703 280 42) (0.07343 s)
>> 99 (400: 662 703 643) (0.072755 s)
>> 95 (346: 662 349 328) (0.072028 s)
>> 95 (651: 662 653 171) (0.071603 s)
>> 5 (152: 662 629 233) (0.071341 s)
>> 4 (46: 662 208 29) (0.071138 s)
>> 95 (109: 662 110 108) (0.070794 s)
>> 0 (-1: -1 -1 -1) (0.070654 s)
Zelikovsky- 1.68382 s
>>> get_solution
  refine_solution: new weight 22031 (was 22031) in 0.001088 s
>>> get_solution
  refine_solution: new weight 24041 (was 25320) in 0.001008 s
  refine_solution: new weight 23939 (was 24041) in 0.001019 s
  refine_solution: new weight 23939 (was 23939) in 0.001005 s
2,,717,4303,65,,713,0,,25320,23939,24531,22031,22031,,507,3,@@

  handle_small_Steiner_degrees: steiner 0, suppress 0 in 2e-06 s
Starting round 3
Found 15 isolated vertices
Invalid ratios recomputed: 712
Best ratio is 826/3 (275.3), centered at 659
Finding the best star... Star with 4 terminals centered in 657
round took: 0.110982 s
|V| = 729, |E| = 4289, |R| = 62
>> 202 (20: 2 72 2) (0.002161 s)
>> 0 (-1: -1 -1 -1) (0.001468 s)
Zelikovsky 0.095665 s
>> 202 (20: 263 72 2) (0.081844 s)
>> 202 (484: 322 726 430) (0.081005 s)
>> 201 (17: 260 263 16) (0.080278 s)
>> 201 (649: 703 657 655) (0.079642 s)
>> 197 (299: 302 297 260) (0.078821 s)
>> 187 (151: 142 637 145) (0.078205 s)
>> 105 (101: 302 107 100) (0.077504 s)
>> 104 (497: 703 551 302) (0.076846 s)
>> 102 (70: 142 703 61) (0.076123 s)
>> 102 (457: 322 439 214) (0.075072 s)
>> 102 (516: 111 517 492) (0.074599 s)
>> 104 (651: 111 653 165) (0.073874 s)
>> 101 (152: 142 629 233) (0.073374 s)
>> 100 (400: 111 643 322) (0.072912 s)
>> 100 (451: 111 280 208) (0.072425 s)
>> 100 (458: 111 539 440) (0.072063 s)
>> 99 (346: 111 349 328) (0.071494 s)
>> 98 (415: 111 414 142) (0.071211 s)
>> 90 (83: 111 164 110) (0.070147 s)
>> 0 (-1: -1 -1 -1) (0.069718 s)
Zelikovsky- 1.5106 s
>>> get_solution
  refine_solution: new weight 21617 (was 21625) in 0.001096 s
  refine_solution: new weight 21617 (was 21617) in 0.001089 s
>>> get_solution
  refine_solution: new weight 23941 (was 25040) in 0.000999 s
  refine_solution: new weight 23838 (was 23941) in 0.001015 s
  refine_solution: new weight 23838 (was 23838) in 0.001001 s
3,,714,4289,62,,712,0,,25040,23838,24142,21625,21617,,826,4,@@

  handle_small_Steiner_degrees: steiner 0, suppress 0 in 1e-06 s
Starting round 4
Found 19 isolated vertices
Invalid ratios recomputed: 702
Best ratio is 528/2 (264.0), centered at 650
Finding the best star... Star with 3 terminals centered in 164
round took: 0.109085 s
|V| = 729, |E| = 4277, |R| = 60
>> 202 (484: 322 430 322) (0.002035 s)
>> 201 (20: 2 72 2) (0.001993 s)
>> 0 (-1: -1 -1 -1) (0.001382 s)
Zelikovsky 0.095008 s
>> 202 (484: 322 726 430) (0.080499 s)
>> 203 (315: 322 297 72) (0.079686 s)
>> 195 (151: 142 637 145) (0.079062 s)
>> 194 (106: 107 142 100) (0.078309 s)
>> 194 (320: 302 322 77) (0.077774 s)
>> 103 (506: 505 539 263) (0.077296 s)
>> 104 (497: 164 551 505) (0.07687 s)
>> 102 (70: 107 61 42) (0.075971 s)
>> 102 (516: 111 517 492) (0.075031 s)
>> 103 (651: 111 165 164) (0.074577 s)
>> 101 (152: 107 629 233) (0.073616 s)
>> 101 (649: 111 703 655) (0.073049 s)
>> 98 (615: 111 643 612) (0.072479 s)
>> 92 (312: 302 393 107) (0.072128 s)
>> 90 (457: 302 439 214) (0.071312 s)
>> 5 (488: 111 29 2) (0.070948 s)
>> 3 (340: 302 349 331) (0.07059 s)
>> 3 (451: 302 280 208) (0.070403 s)
>> 1 (406: 111 325 302) (0.069926 s)
>> 0 (-1: -1 -1 -1) (0.069226 s)
Zelikovsky- 1.49216 s
>>> get_solution
  refine_solution: new weight 21460 (was 21659) in 0.001077 s
  refine_solution: new weight 21460 (was 21460) in 0.001062 s
>>> get_solution
  refine_solution: new weight 23839 (was 24738) in 0.001026 s
  refine_solution: new weight 23543 (was 23839) in 0.001051 s
  refine_solution: new weight 23543 (was 23543) in 0.001046 s
4,,710,4277,60,,702,0,,24738,23543,23581,21659,21460,,528,3,@@

  handle_small_Steiner_degrees: steiner 0, suppress 0 in 2e-06 s
Starting round 5
Found 22 isolated vertices
Invalid ratios recomputed: 705
Best ratio is 508/2 (254.0), centered at 649
Finding the best star... Star with 3 terminals centered in 164
round took: 0.097123 s
|V| = 729, |E| = 4265, |R| = 58
>> 202 (484: 322 430 322) (0.001922 s)
>> 201 (54: 72 108 72) (0.001913 s)
>> 200 (506: 263 505 263) (0.001872 s)
>> 200 (642: 111 643 111) (0.001798 s)
>> 204 (300: 264 297 264) (0.001924 s)
>> 204 (554: 77 551 77) (0.001816 s)
>> 201 (433: 164 280 164) (0.001805 s)
>> 204 (350: 107 349 107) (0.001741 s)
>> 203 (543: 219 492 219) (0.001714 s)
>> 203 (386: 302 398 302) (0.001679 s)
>> 202 (636: 393 637 393) (0.00161 s)
>> 203 (471: 414 472 414) (0.001589 s)
>> 201 (82: 100 110 100) (0.001523 s)
>> 201 (151: 142 145 142) (0.001484 s)
>> 202 (296: 260 440 260) (0.0014 s)
>> 203 (124: 42 214 42) (0.001345 s)
>> 203 (358: 331 439 331) (0.001319 s)
>> 202 (166: 13 165 13) (0.001238 s)
>> 202 (179: 16 171 16) (0.001224 s)
>> 201 (32: 29 113 29) (0.00116 s)
>> 201 (638: 233 610 233) (0.001136 s)
>> 201 (618: 105 539 105) (0.001071 s)
>> 201 (723: 552 671 552) (0.001027 s)
>> 201 (699: 438 612 438) (0.000983 s)
>> 203 (62: 2 61 2) (0.000918 s)
>> 0 (-1: -1 -1 -1) (0.000854 s)
Zelikovsky 0.128436 s
>> 202 (484: 322 726 430) (0.079391 s)
>> 203 (315: 322 297 72) (0.078289 s)
>> 195 (151: 142 637 145) (0.077462 s)
>> 194 (106: 107 142 100) (0.076927 s)
>> 194 (320: 302 322 77) (0.07665 s)
>> 102 (51: 302 539 42) (0.075945 s)
>> 101 (152: 107 629 233) (0.075388 s)
>> 98 (267: 302 264 260) (0.074656 s)
>> 98 (615: 111 643 612) (0.073913 s)
>> 95 (162: 171 165 164) (0.073391 s)
>> 95 (632: 107 551 171) (0.07274 s)
>> 94 (133: 107 302 214) (0.072177 s)
>> 5 (366: 111 393 107) (0.070881 s)
>> 83 (367: 111 610 280) (0.070155 s)
>> 100 (358: 111 439 331) (0.069686 s)
>> 5 (488: 111 29 2) (0.069171 s)
>> 4 (70: 111 61 16) (0.069037 s)
>> 3 (516: 111 517 492) (0.068723 s)
>> 0 (-1: -1 -1 -1) (0.0686 s)
Zelikovsky- 1.39646 s
>>> get_solution
  refine_solution: new weight 21567 (was 21772) in 0.00109 s
  refine_solution: new weight 21567 (was 21567) in 0.001081 s
>>> get_solution
  refine_solution: new weight 24046 (was 24643) in 0.001015 s
  refine_solution: new weight 23850 (was 24046) in 0.00102 s
  refine_solution: new weight 23850 (was 23850) in 0.001005 s
5,,707,4265,58,,705,0,,24643,23850,23397,21772,21567,,508,3,@@

  handle_small_Steiner_degrees: steiner 0, suppress 0 in 1e-06 s
Starting round 6
Found 25 isolated vertices
Invalid ratios recomputed: 703
Best ratio is 815/3 (271.7), centered at 263
Finding the best star... Star with 4 terminals centered in 263
round took: 0.110346 s
|V| = 729, |E| = 4242, |R| = 55
>> 200 (484: 322 430 322) (0.001758 s)
>> 200 (642: 111 643 111) (0.001688 s)
>> 200 (636: 393 637 393) (0.00178 s)
>> 201 (523: 263 280 263) (0.001744 s)
>> 204 (300: 264 297 264) (0.001688 s)
>> 204 (350: 107 349 107) (0.001636 s)
>> 203 (320: 77 302 77) (0.001579 s)
>> 203 (471: 414 472 414) (0.001571 s)
>> 203 (543: 219 492 219) (0.001478 s)
>> 201 (82: 100 110 100) (0.001432 s)
>> 201 (151: 142 145 142) (0.001423 s)
>> 202 (296: 260 440 260) (0.001357 s)
>> 203 (124: 42 214 42) (0.001344 s)
>> 203 (358: 331 439 331) (0.001303 s)
>> 202 (166: 13 165 13) (0.001228 s)
>> 202 (179: 16 171 16) (0.00123 s)
>> 201 (46: 29 72 29) (0.001164 s)
>> 201 (638: 233 610 233) (0.001122 s)
>> 201 (620: 539 612 539) (0.001066 s)
>> 201 (723: 552 671 552) (0.000979 s)
>> 202 (708: 438 629 438) (0.000928 s)
>> 200 (81: 2 105 2) (0.000887 s)
>> 0 (-1: -1 -1 -1) (0.000799 s)
Zelikovsky 0.117549 s
>> 200 (484: 322 726 430) (0.076924 s)
>> 203 (315: 322 297 72) (0.075925 s)
>> 194 (151: 142 637 145) (0.075394 s)
>> 194 (106: 107 142 100) (0.0747 s)
>> 194 (320: 302 322 77) (0.074561 s)
>> 102 (70: 107 61 42) (0.074037 s)
>> 102 (516: 111 517 492) (0.073166 s)
>> 103 (651: 111 263 165) (0.072586 s)
>> 101 (152: 107 629 233) (0.071494 s)
>> 98 (615: 111 643 612) (0.071122 s)
>> 92 (312: 302 393 107) (0.070724 s)
>> 90 (457: 302 439 214) (0.07004 s)
>> 5 (488: 111 29 2) (0.069589 s)
>> 3 (340: 302 349 331) (0.069275 s)
>> 3 (451: 302 280 208) (0.068743 s)
>> 1 (406: 111 325 302) (0.068417 s)
>> 0 (-1: -1 -1 -1) (0.067712 s)
Zelikovsky- 1.22743 s
>>> get_solution
  refine_solution: new weight 21460 (was 21661) in 0.001076 s
  refine_solution: new weight 21460 (was 21460) in 0.001059 s
>>> get_solution
  refine_solution: new weight 24049 (was 24159) in 0.001009 s
  refine_solution: new weight 23847 (was 24049) in 0.001004 s
  refine_solution: new weight 23835 (was 23847) in 0.001006 s
  refine_solution: new weight 23835 (was 23835) in 0.001011 s
6,,704,4242,55,,703,0,,24159,23835,23175,21661,21460,,815,4,@@

  handle_small_Steiner_degrees: steiner 0, suppress 0 in 2e-06 s
Starting round 7
Found 30 isolated vertices
Invalid ratios recomputed: 699
Best ratio is 821/3 (273.7), centered at 17
Finding the best star... Star with 4 terminals centered in 2
round took: 0.107922 s
|V| = 729, |E| = 4218, |R| = 52
>> 201 (91: 2 100 2) (0.001605 s)
>> 0 (-1: -1 -1 -1) (0.001147 s)
Zelikovsky 0.081961 s
>> 201 (91: 100 145 2) (0.074134 s)
>> 200 (484: 322 726 430) (0.073573 s)
>> 196 (74: 72 100 77) (0.073028 s)
>> 197 (299: 302 297 72) (0.07243 s)
>> 187 (628: 637 629 142) (0.071649 s)
>> 102 (457: 322 439 214) (0.071269 s)
>> 102 (516: 111 517 492) (0.070811 s)
>> 105 (651: 111 302 165) (0.070186 s)
>> 99 (454: 322 211 111) (0.068886 s)
>> 98 (574: 637 331 322) (0.068448 s)
>> 93 (346: 637 349 328) (0.067843 s)
>> 7 (366: 637 393 42) (0.067739 s)
>> 5 (451: 637 280 208) (0.067444 s)
>> 2 (38: 637 110 29) (0.067106 s)
>> 1 (615: 637 643 612) (0.066801 s)
>> 0 (-1: -1 -1 -1) (0.0667 s)
Zelikovsky- 1.12091 s
>>> get_solution
  refine_solution: new weight 21365 (was 21467) in 0.001103 s
  refine_solution: new weight 21365 (was 21365) in 0.001078 s
>>> get_solution
  refine_solution: new weight 23651 (was 23657) in 0.001016 s
  refine_solution: new weight 23651 (was 23651) in 0.001005 s
7,,699,4218,52,,699,0,,23657,23651,23456,21467,21365,,821,4,@@

  handle_small_Steiner_degrees: steiner 0, suppress 0 in 2e-06 s
Starting round 8
Found 35 isolated vertices
Invalid ratios recomputed: 694
Best ratio is 815/3 (271.7), centered at 119
Finding the best star... Star with 4 terminals centered in 29
round took: 0.10836 s
|V| = 729, |E| = 4188, |R| = 49
>> 200 (484: 322 430 322) (0.001372 s)
>> 200 (642: 29 643 29) (0.001291 s)
>> 204 (300: 264 297 264) (0.00155 s)
>> 204 (350: 107 349 107) (0.001512 s)
>> 202 (91: 13 100 13) (0.001462 s)
>> 0 (-1: -1 -1 -1) (0.001082 s)
Zelikovsky 0.083269 s
>> 200 (484: 322 726 430) (0.07109 s)
>> 196 (74: 72 77 29) (0.070827 s)
>> 197 (299: 302 297 72) (0.070251 s)
>> 187 (628: 637 629 142) (0.069563 s)
>> 105 (101: 302 107 100) (0.068963 s)
>> 102 (457: 322 439 214) (0.068575 s)
>> 102 (516: 302 517 492) (0.068065 s)
>> 99 (454: 322 302 211) (0.067496 s)
>> 98 (574: 637 331 322) (0.066875 s)
>> 93 (346: 637 349 328) (0.066214 s)
>> 7 (366: 637 393 42) (0.065918 s)
>> 6 (37: 637 280 145) (0.06561 s)
>> 6 (543: 637 552 219) (0.06535 s)
>> 1 (615: 637 643 612) (0.065044 s)
>> 0 (-1: -1 -1 -1) (0.064919 s)
Zelikovsky- 1.01744 s
>>> get_solution
  refine_solution: new weight 21266 (was 21370) in 0.001107 s
  refine_solution: new weight 21266 (was 21266) in 0.001092 s
>>> get_solution
  refine_solution: new weight 23454 (was 23459) in 0.001005 s
  refine_solution: new weight 23454 (was 23454) in 0.000986 s
8,,694,4188,49,,694,0,,23459,23454,22660,21370,21266,,815,4,@@

  handle_small_Steiner_degrees: steiner 0, suppress 0 in 1e-06 s
Starting round 9
Found 40 isolated vertices
Invalid ratios recomputed: 689
Best ratio is 821/3 (273.7), centered at 91
Finding the best star... Star with 4 terminals centered in 29
round took: 0.108085 s
|V| = 729, |E| = 4163, |R| = 46
>> 200 (484: 322 430 322) (0.001208 s)
>> 200 (642: 29 643 29) (0.001172 s)
>> 0 (-1: -1 -1 -1) (0.00105 s)
Zelikovsky 0.074868 s
>> 200 (484: 322 726 430) (0.069152 s)
>> 196 (74: 72 77 29) (0.068567 s)
>> 197 (299: 302 297 72) (0.068252 s)
>> 187 (628: 637 629 142) (0.067691 s)
>> 102 (457: 322 439 214) (0.067065 s)
>> 102 (516: 302 517 492) (0.066698 s)
>> 99 (454: 322 302 211) (0.066189 s)
>> 98 (574: 637 331 322) (0.065489 s)
>> 93 (346: 637 349 328) (0.064913 s)
>> 7 (366: 637 393 42) (0.064647 s)
>> 6 (543: 637 552 219) (0.0646 s)
>> 5 (451: 637 280 208) (0.064291 s)
>> 1 (615: 637 643 612) (0.064214 s)
>> 0 (-1: -1 -1 -1) (0.064028 s)
Zelikovsky- 0.928302 s
>>> get_solution
  refine_solution: new weight 21277 (was 21374) in 0.001109 s
  refine_solution: new weight 21277 (was 21277) in 0.001086 s
>>> get_solution
  refine_solution: new weight 23253 (was 23258) in 0.001009 s
  refine_solution: new weight 23253 (was 23253) in 0.001003 s
9,,689,4163,46,,689,0,,23258,23253,22683,21374,21277,,821,4,@@

  handle_small_Steiner_degrees: steiner 0, suppress 0 in 2e-06 s
Starting round 10
Found 45 isolated vertices
Invalid ratios recomputed: 684
Best ratio is 818/3 (272.7), centered at 340
Finding the best star... Star with 4 terminals centered in 325
round took: 0.107228 s
|V| = 729, |E| = 4139, |R| = 43
>> 200 (484: 322 430 322) (0.001078 s)
>> 200 (642: 325 643 325) (0.001023 s)
>> 204 (300: 264 297 264) (0.001262 s)
>> 202 (543: 219 492 219) (0.001192 s)
>> 202 (602: 440 539 440) (0.001168 s)
>> 202 (593: 107 629 107) (0.001111 s)
>> 202 (132: 42 105 42) (0.001052 s)
>> 0 (-1: -1 -1 -1) (0.000831 s)
Zelikovsky 0.080306 s
>> 200 (484: 322 726 430) (0.067614 s)
>> 196 (74: 72 325 77) (0.067259 s)
>> 197 (299: 302 297 72) (0.066823 s)
>> 187 (628: 637 629 142) (0.066288 s)
>> 102 (457: 322 439 214) (0.065724 s)
>> 102 (516: 302 517 492) (0.065297 s)
>> 101 (583: 302 637 610) (0.064915 s)
>> 93 (454: 322 302 211) (0.064431 s)
>> 7 (366: 322 393 42) (0.063974 s)
>> 6 (543: 322 552 219) (0.064059 s)
>> 5 (451: 322 280 208) (0.063891 s)
>> 3 (615: 322 643 612) (0.06369 s)
>> 0 (-1: -1 -1 -1) (0.063564 s)
Zelikovsky- 0.84994 s
>>> get_solution
  refine_solution: new weight 21181 (was 21367) in 0.001084 s
  refine_solution: new weight 21181 (was 21181) in 0.001074 s
>>> get_solution
  refine_solution: new weight 23137 (was 23142) in 0.001011 s
  refine_solution: new weight 23137 (was 23137) in 0.000993 s
10,,684,4139,43,,684,0,,23142,23137,22454,21367,21181,,818,4,@@

  handle_small_Steiner_degrees: steiner 0, suppress 0 in 2e-06 s
Starting round 11
Found 50 isolated vertices
Invalid ratios recomputed: 679
Best ratio is 511/2 (255.5), centered at 583
Finding the best star... Star with 3 terminals centered in 325
round took: 0.10309 s
|V| = 729, |E| = 4118, |R| = 41
>> 200 (484: 322 430 322) (0.000992 s)
>> 200 (642: 325 643 325) (0.000939 s)
>> 204 (300: 264 297 264) (0.001173 s)
>> 202 (471: 393 414 393) (0.001115 s)
>> 202 (543: 219 492 219) (0.001064 s)
>> 202 (602: 440 539 440) (0.001031 s)
>> 202 (593: 107 629 107) (0.000981 s)
>> 203 (320: 77 302 77) (0.000926 s)
>> 202 (132: 42 105 42) (0.000868 s)
>> 0 (-1: -1 -1 -1) (0.000711 s)
Zelikovsky 0.080122 s
>> 200 (484: 322 726 430) (0.066351 s)
>> 196 (74: 72 325 77) (0.065995 s)
>> 197 (299: 302 297 72) (0.065822 s)
>> 187 (628: 302 629 142) (0.065223 s)
>> 102 (457: 322 439 214) (0.064707 s)
>> 102 (516: 302 517 492) (0.064226 s)
>> 93 (454: 322 302 211) (0.06392 s)
>> 7 (366: 322 393 42) (0.063421 s)
>> 6 (543: 322 552 219) (0.063351 s)
>> 5 (451: 322 280 208) (0.063087 s)
>> 3 (615: 322 643 612) (0.062921 s)
>> 0 (-1: -1 -1 -1) (0.062909 s)
Zelikovsky- 0.774202 s
>>> get_solution
  refine_solution: new weight 21181 (was 21367) in 0.001086 s
  refine_solution: new weight 21181 (was 21181) in 0.001067 s
>>> get_solution
  refine_solution: new weight 23033 (was 23038) in 0.001028 s
  refine_solution: new weight 23033 (was 23033) in 0.000999 s
11,,679,4118,41,,679,0,,23038,23033,22451,21367,21181,,511,3,@@

  handle_small_Steiner_degrees: steiner 0, suppress 0 in 1e-06 s
Starting round 12
Found 53 isolated vertices
Invalid ratios recomputed: 676
Best ratio is 1133/4 (283.2), centered at 302
Finding the best star... Star with 5 terminals centered in 325
round took: 0.099568 s
|V| = 729, |E| = 4092, |R| = 37
>> 200 (642: 325 643 325) (0.000849 s)
>> 204 (54: 72 108 72) (0.001092 s)
>> 203 (471: 393 472 393) (0.001054 s)
>> 203 (543: 219 492 219) (0.000973 s)
>> 202 (593: 107 629 107) (0.000958 s)
>> 202 (484: 322 430 322) (0.000896 s)
>> 203 (132: 42 105 42) (0.000828 s)
>> 0 (-1: -1 -1 -1) (0.000658 s)
Zelikovsky 0.074119 s
>> 200 (642: 643 726 325) (0.063697 s)
>> 195 (457: 430 439 214) (0.063647 s)
>> 187 (628: 643 629 142) (0.063332 s)
>> 102 (516: 643 517 492) (0.062775 s)
>> 98 (315: 643 297 72) (0.062404 s)
>> 98 (714: 643 552 472) (0.062036 s)
>> 93 (454: 430 643 211) (0.061793 s)
>> 5 (451: 430 280 208) (0.061522 s)
>> 4 (366: 430 393 42) (0.061547 s)
>> 0 (-1: -1 -1 -1) (0.061235 s)
Zelikovsky- 0.625979 s
>>> get_solution
  refine_solution: new weight 21276 (was 21462) in 0.001081 s
  refine_solution: new weight 21276 (was 21276) in 0.001071 s
>>> get_solution
  refine_solution: new weight 22349 (was 22349) in 0.001029 s
12,,676,4092,37,,676,0,,22349,22349,22080,21462,21276,,1133,5,@@

  handle_small_Steiner_degrees: steiner 0, suppress 0 in 2e-06 s
Starting round 13
Found 59 isolated vertices
Invalid ratios recomputed: 670
Best ratio is 521/2 (260.5), centered at 315
Finding the best star... Star with 3 terminals centered in 72
round took: 0.10009 s
|V| = 729, |E| = 4076, |R| = 35
>> 195 (457: 214 430 214) (0.000744 s)
>> 187 (628: 72 142 72) (0.000725 s)
>> 204 (723: 552 643 552) (0.000958 s)
>> 203 (132: 42 105 42) (0.000921 s)
>> 0 (-1: -1 -1 -1) (0.000711 s)
Zelikovsky 0.067516 s
>> 195 (457: 430 439 214) (0.062828 s)
>> 187 (628: 72 629 142) (0.06265 s)
>> 102 (321: 72 726 322) (0.062091 s)
>> 102 (456: 430 438 72) (0.061825 s)
>> 102 (516: 430 517 492) (0.061403 s)
>> 96 (454: 430 472 211) (0.061097 s)
>> 7 (366: 430 393 42) (0.06071 s)
>> 6 (543: 430 552 219) (0.06079 s)
>> 4 (615: 430 643 612) (0.060518 s)
>> 1 (451: 430 280 208) (0.060376 s)
>> 0 (-1: -1 -1 -1) (0.060474 s)
Zelikovsky- 0.676813 s
>>> get_solution
  refine_solution: new weight 21071 (was 21166) in 0.001103 s
  refine_solution: new weight 21071 (was 21071) in 0.001089 s
>>> get_solution
  refine_solution: new weight 22044 (was 22045) in 0.001049 s
  refine_solution: new weight 22044 (was 22044) in 0.001033 s
13,,670,4076,35,,670,0,,22045,22044,21764,21166,21071,,521,3,@@

  handle_small_Steiner_degrees: steiner 0, suppress 0 in 1e-06 s
Starting round 14
Found 62 isolated vertices
Invalid ratios recomputed: 667
Best ratio is 602/2 (301.0), centered at 72
Finding the best star... Star with 3 terminals centered in 113
round took: 0.096608 s
|V| = 729, |E| = 4064, |R| = 33
>> 195 (457: 113 214 113) (0.000662 s)
>> 204 (723: 552 643 552) (0.000929 s)
>> 202 (471: 393 414 393) (0.000883 s)
>> 202 (602: 440 539 440) (0.000836 s)
>> 202 (593: 107 629 107) (0.000772 s)
>> 202 (132: 42 105 42) (0.000709 s)
>> 0 (-1: -1 -1 -1) (0.000588 s)
Zelikovsky 0.068299 s
>> 195 (457: 113 439 214) (0.061849 s)
>> 187 (628: 113 629 142) (0.061449 s)
>> 102 (321: 113 726 322) (0.061179 s)
>> 102 (516: 113 517 492) (0.060956 s)
>> 96 (454: 113 472 211) (0.060676 s)
>> 7 (366: 113 393 42) (0.060314 s)
>> 6 (543: 113 552 219) (0.060227 s)
>> 4 (615: 113 643 612) (0.060075 s)
>> 1 (451: 113 280 208) (0.059874 s)
>> 0 (-1: -1 -1 -1) (0.059819 s)
Zelikovsky- 0.608347 s
>>> get_solution
  refine_solution: new weight 21180 (was 21362) in 0.001082 s
  refine_solution: new weight 21180 (was 21180) in 0.001061 s
>>> get_solution
  refine_solution: new weight 22044 (was 22045) in 0.001062 s
  refine_solution: new weight 22044 (was 22044) in 0.001038 s
14,,667,4064,33,,667,0,,22045,22044,21866,21362,21180,,602,3,@@

  handle_small_Steiner_degrees: steiner 0, suppress 0 in 1e-06 s
Starting round 15
Found 64 isolated vertices
Invalid ratios recomputed: 665
Best ratio is 301/1 (301.0), centered at 105
Finding the best star... Star with 2 terminals centered in 105
round took: 0.097495 s
|V| = 729, |E| = 4062, |R| = 32
>> 195 (457: 113 214 113) (0.000659 s)
>> 204 (723: 552 643 552) (0.000912 s)
>> 202 (471: 393 414 393) (0.000854 s)
>> 202 (602: 440 539 440) (0.000804 s)
>> 202 (593: 105 629 105) (0.00074 s)
>> 202 (484: 322 472 322) (0.000692 s)
>> 201 (231: 42 171 42) (0.000625 s)
>> 0 (-1: -1 -1 -1) (0.000516 s)
Zelikovsky 0.068199 s
>> 195 (457: 113 439 214) (0.061408 s)
>> 187 (628: 113 629 142) (0.061125 s)
>> 102 (321: 113 726 322) (0.060789 s)
>> 102 (516: 113 517 492) (0.060633 s)
>> 96 (454: 113 472 211) (0.060417 s)
>> 7 (366: 113 393 42) (0.060011 s)
>> 6 (543: 113 552 219) (0.059796 s)
>> 4 (615: 113 643 612) (0.059684 s)
>> 1 (451: 113 280 208) (0.059538 s)
>> 0 (-1: -1 -1 -1) (0.059478 s)
Zelikovsky- 0.604806 s
>>> get_solution
  refine_solution: new weight 21180 (was 21362) in 0.001084 s
  refine_solution: new weight 21180 (was 21180) in 0.001063 s
>>> get_solution
  refine_solution: new weight 22044 (was 22045) in 0.001059 s
  refine_solution: new weight 22044 (was 22044) in 0.00104 s
15,,665,4062,32,,665,0,,22045,22044,21967,21362,21180,,301,2,@@

  handle_small_Steiner_degrees: steiner 0, suppress 0 in 1e-06 s
Starting round 16
Found 65 isolated vertices
Invalid ratios recomputed: 661
Best ratio is 604/2 (302.0), centered at 113
Finding the best star... Star with 3 terminals centered in 171
round took: 0.097185 s
|V| = 729, |E| = 4052, |R| = 30
>> 195 (457: 171 214 171) (0.000577 s)
>> 204 (723: 552 643 552) (0.000842 s)
>> 203 (471: 393 414 393) (0.000777 s)
>> 202 (602: 440 539 440) (0.000726 s)
>> 202 (593: 105 629 105) (0.00068 s)
>> 202 (484: 322 472 322) (0.000616 s)
>> 201 (193: 165 211 165) (0.00055 s)
>> 202 (247: 264 328 264) (0.000525 s)
>> 202 (708: 219 438 219) (0.000477 s)
>> 201 (442: 208 280 208) (0.000439 s)
>> 201 (672: 492 671 492) (0.00039 s)
>> 200 (33: 42 61 42) (0.000345 s)
>> 0 (-1: -1 -1 -1) (0.000294 s)
Zelikovsky 0.0692 s
>> 195 (457: 171 439 214) (0.060388 s)
>> 187 (628: 171 629 142) (0.060238 s)
>> 102 (321: 171 726 322) (0.059759 s)
>> 102 (516: 171 517 492) (0.059865 s)
>> 96 (454: 171 472 211) (0.059433 s)
>> 7 (366: 171 393 42) (0.059211 s)
>> 6 (543: 171 552 219) (0.059195 s)
>> 1 (451: 171 280 208) (0.058954 s)
>> 0 (-1: -1 -1 -1) (0.058835 s)
Zelikovsky- 0.537688 s
>>> get_solution
  refine_solution: new weight 21184 (was 21366) in 0.001078 s
  refine_solution: new weight 21184 (was 21184) in 0.001054 s
>>> get_solution
  refine_solution: new weight 22044 (was 22045) in 0.001057 s
  refine_solution: new weight 22044 (was 22044) in 0.001038 s
16,,664,4052,30,,661,0,,22045,22044,22568,21366,21184,,604,3,@@

  delete_edges: deleted 61 edges in 0.072865 s and 61 rounds
  handle_small_Steiner_degrees: steiner 0, suppress 0 in 1e-06 s
Starting round 17
Found 67 isolated vertices
Invalid ratios recomputed: 662
Best ratio is 1212/4 (303.0), centered at 489
Finding the best star... Star with 5 terminals centered in 171
round took: 0.095911 s
|V| = 729, |E| = 3959, |R| = 26
>> 194 (457: 171 214 171) (0.000455 s)
>> 204 (723: 552 643 552) (0.000712 s)
>> 203 (408: 165 264 165) (0.000636 s)
>> 203 (471: 393 414 393) (0.000612 s)
>> 202 (230: 219 233 219) (0.000544 s)
>> 202 (602: 440 539 440) (0.000502 s)
>> 202 (593: 105 629 105) (0.00045 s)
>> 203 (43: 42 61 42) (0.000409 s)
>> 0 (-1: -1 -1 -1) (0.000332 s)
Zelikovsky 0.062708 s
>> 194 (457: 171 439 214) (0.057543 s)
>> 187 (628: 171 629 142) (0.057236 s)
>> 96 (454: 171 472 211) (0.057088 s)
>> 7 (366: 171 393 42) (0.056952 s)
>> 6 (543: 171 552 219) (0.056866 s)
>> 1 (451: 171 280 208) (0.05665 s)
>> 0 (-1: -1 -1 -1) (0.056494 s)
Zelikovsky- 0.40031 s
>>> get_solution
  refine_solution: new weight 21178 (was 21360) in 0.001069 s
  refine_solution: new weight 21178 (was 21178) in 0.001049 s
>>> get_solution
  refine_solution: new weight 21953 (was 21953) in 0.001058 s
17,,662,3959,26,,662,0,,21953,21953,22061,21360,21178,,1212,5,@@

  handle_small_Steiner_degrees: steiner 0, suppress 0 in 1e-06 s
Starting round 18
Found 74 isolated vertices
Invalid ratios recomputed: 655
Best ratio is 304/1 (304.0), centered at 171
Finding the best star... Star with 2 terminals centered in 171
round took: 0.087843 s
|V| = 729, |E| = 3955, |R| = 25
>> 194 (457: 171 214 171) (0.000432 s)
>> 204 (723: 552 643 552) (0.000667 s)
>> 202 (193: 165 211 165) (0.000605 s)
>> 202 (602: 440 539 440) (0.000566 s)
>> 202 (593: 105 629 105) (0.000514 s)
>> 202 (708: 219 438 219) (0.000476 s)
>> 201 (43: 42 61 42) (0.000426 s)
>> 0 (-1: -1 -1 -1) (0.000341 s)
Zelikovsky 0.061487 s
>> 194 (457: 171 439 214) (0.057001 s)
>> 187 (628: 171 629 142) (0.056925 s)
>> 96 (454: 171 472 211) (0.056792 s)
>> 7 (366: 171 393 42) (0.056531 s)
>> 6 (543: 171 552 219) (0.056535 s)
>> 1 (451: 171 280 208) (0.056297 s)
>> 0 (-1: -1 -1 -1) (0.056226 s)
Zelikovsky- 0.397778 s
>>> get_solution
  refine_solution: new weight 21178 (was 21360) in 0.001076 s
  refine_solution: new weight 21178 (was 21178) in 0.001048 s
>>> get_solution
  refine_solution: new weight 21953 (was 21953) in 0.001051 s
18,,655,3955,25,,655,0,,21953,21953,22350,21360,21178,,304,2,@@

  handle_small_Steiner_degrees: steiner 0, suppress 0 in 2e-06 s
Starting round 19
Found 75 isolated vertices
Invalid ratios recomputed: 654
Best ratio is 304/1 (304.0), centered at 439
Finding the best star... Star with 2 terminals centered in 439
round took: 0.087379 s
|V| = 729, |E| = 3954, |R| = 24
>> 194 (457: 171 214 171) (0.000417 s)
>> 204 (723: 552 643 552) (0.000625 s)
>> 202 (193: 165 211 165) (0.000565 s)
>> 202 (602: 439 539 439) (0.000526 s)
>> 202 (593: 105 629 105) (0.000496 s)
>> 204 (708: 219 438 219) (0.00045 s)
>> 201 (43: 42 61 42) (0.000404 s)
>> 0 (-1: -1 -1 -1) (0.000326 s)
Zelikovsky 0.060933 s
>> 194 (457: 171 439 214) (0.056813 s)
>> 187 (628: 171 629 142) (0.056505 s)
>> 96 (454: 171 472 211) (0.056292 s)
>> 7 (366: 171 393 42) (0.056064 s)
>> 6 (543: 171 552 219) (0.056125 s)
>> 1 (451: 171 280 208) (0.055946 s)
>> 0 (-1: -1 -1 -1) (0.055828 s)
Zelikovsky- 0.39505 s
>>> get_solution
  refine_solution: new weight 21178 (was 21360) in 0.001079 s
  refine_solution: new weight 21178 (was 21178) in 0.00105 s
>>> get_solution
  refine_solution: new weight 21953 (was 21953) in 0.001053 s
19,,654,3954,24,,654,0,,21953,21953,22350,21360,21178,,304,2,@@

  handle_small_Steiner_degrees: steiner 0, suppress 0 in 2e-06 s
Starting round 20
Found 76 isolated vertices
Invalid ratios recomputed: 653
Best ratio is 1829/6 (304.8), centered at 223
Finding the best star... Star with 7 terminals centered in 211
round took: 0.087885 s
|V| = 729, |E| = 3884, |R| = 18
>> 98 (634: 211 472 211) (0.00032 s)
>> 204 (708: 219 438 219) (0.000441 s)
>> 204 (723: 552 643 552) (0.000393 s)
>> 202 (123: 42 105 42) (0.000351 s)
>> 0 (-1: -1 -1 -1) (0.00029 s)
Zelikovsky 0.055112 s
>> 98 (634: 211 643 472) (0.053804 s)
>> 88 (224: 211 629 233) (0.053744 s)
>> 7 (366: 211 393 42) (0.05379 s)
>> 0 (-1: -1 -1 -1) (0.053767 s)
Zelikovsky- 0.216232 s
>>> get_solution
  refine_solution: new weight 21348 (was 21445) in 0.001094 s
  refine_solution: new weight 21348 (was 21348) in 0.001078 s
>>> get_solution
  refine_solution: new weight 21638 (was 21638) in 0.001081 s
20,,653,3884,18,,653,0,,21638,21638,21743,21445,21348,,1829,7,@@

  handle_small_Steiner_degrees: steiner 0, suppress 0 in 1e-06 s
Starting round 21
Found 87 isolated vertices
Invalid ratios recomputed: 642
Best ratio is 1830/6 (305.0), centered at 123
Finding the best star... Star with 7 terminals centered in 552
round took: 0.07743 s
|V| = 729, |E| = 3812, |R| = 12
>> 98 (634: 472 552 472) (0.000198 s)
>> 201 (723: 643 671 643) (0.000289 s)
>> 203 (451: 208 280 208) (0.00025 s)
>> 0 (-1: -1 -1 -1) (0.000199 s)
Zelikovsky 0.051297 s
>> 98 (634: 552 643 472) (0.051164 s)
>> 88 (224: 552 629 233) (0.051122 s)
>> 0 (-1: -1 -1 -1) (0.051204 s)
Zelikovsky- 0.154507 s
>>> get_solution
  refine_solution: new weight 21342 (was 21439) in 0.001096 s
  refine_solution: new weight 21342 (was 21342) in 0.001075 s
>>> get_solution
  refine_solution: new weight 21534 (was 21625) in 0.00108 s
  refine_solution: new weight 21534 (was 21534) in 0.001052 s
21,,642,3812,12,,642,0,,21625,21534,21926,21439,21342,,1830,7,@@

  handle_small_Steiner_degrees: steiner 0, suppress 0 in 1e-06 s
Starting round 22
Found 97 isolated vertices
Invalid ratios recomputed: 632
Best ratio is 1224/4 (306.0), centered at 264
Finding the best star... Star with 5 terminals centered in 264
round took: 0.068043 s
|V| = 729, |E| = 3774, |R| = 8
>> 98 (634: 264 472 264) (0.00016 s)
>> 105 (451: 208 280 208) (0.0002 s)
>> 0 (-1: -1 -1 -1) (0.000151 s)
Zelikovsky 0.049485 s
>> 98 (634: 264 643 472) (0.050002 s)
>> 88 (224: 264 629 233) (0.050052 s)
>> 0 (-1: -1 -1 -1) (0.050235 s)
Zelikovsky- 0.151301 s
>>> get_solution
  refine_solution: new weight 21342 (was 21439) in 0.001095 s
  refine_solution: new weight 21342 (was 21342) in 0.001071 s
>>> get_solution
  refine_solution: new weight 21534 (was 21625) in 0.001086 s
  refine_solution: new weight 21534 (was 21534) in 0.001051 s
22,,632,3774,8,,632,0,,21625,21534,21724,21439,21342,,1224,5,@@

  handle_small_Steiner_degrees: steiner 0, suppress 0 in 1e-06 s
Starting round 23
Found 103 isolated vertices
Invalid ratios recomputed: 626
Best ratio is 614/2 (307.0), centered at 179
Finding the best star... Star with 3 terminals centered in 438
round took: 0.063268 s
|V| = 729, |E| = 3754, |R| = 6
>> 98 (634: 438 472 438) (0.000139 s)
>> 5 (640: 208 629 208) (0.000158 s)
>> 0 (-1: -1 -1 -1) (0.000117 s)
Zelikovsky 0.048687 s
>> 98 (634: 438 643 472) (0.049529 s)
>> 0 (-1: -1 -1 -1) (0.049447 s)
Zelikovsky- 0.099884 s
>>> get_solution
  refine_solution: new weight 21430 (was 21527) in 0.00109 s
  refine_solution: new weight 21430 (was 21430) in 0.001064 s
>>> get_solution
  refine_solution: new weight 21534 (was 21625) in 0.001079 s
  refine_solution: new weight 21534 (was 21534) in 0.001049 s
23,,626,3754,6,,626,0,,21625,21534,21731,21527,21430,,614,3,@@

  handle_small_Steiner_degrees: steiner 0, suppress 0 in 1e-06 s
Starting round 24
Found 106 isolated vertices
Invalid ratios recomputed: 623
Best ratio is 308/1 (308.0), centered at 190
Finding the best star... Star with 2 terminals centered in 438
round took: 0.061106 s
|V| = 729, |E| = 3741, |R| = 5
>> 98 (634: 438 472 438) (0.000131 s)
>> 1 (644: 280 629 280) (0.00014 s)
>> 0 (-1: -1 -1 -1) (0.000103 s)
Zelikovsky 0.048228 s
>> 98 (634: 438 643 472) (0.050877 s)
>> 0 (-1: -1 -1 -1) (0.049762 s)
Zelikovsky- 0.101635 s
>>> get_solution
  refine_solution: new weight 21430 (was 21527) in 0.001094 s
  refine_solution: new weight 21430 (was 21430) in 0.00107 s
>>> get_solution
  refine_solution: new weight 21534 (was 21625) in 0.00109 s
  refine_solution: new weight 21534 (was 21534) in 0.001049 s
24,,623,3741,5,,623,0,,21625,21534,21637,21527,21430,,308,2,@@

  handle_small_Steiner_degrees: steiner 0, suppress 0 in 2e-06 s
Starting round 25
Found 108 isolated vertices
Invalid ratios recomputed: 621
Best ratio is 310/1 (310.0), centered at 37
Finding the best star... Star with 2 terminals centered in 438
round took: 0.063565 s
|V| = 729, |E| = 3727, |R| = 4
>> 98 (634: 438 472 438) (0.000126 s)
>> 0 (-1: -1 -1 -1) (0.000114 s)
Zelikovsky 0.047636 s
>> 98 (634: 438 643 472) (0.048652 s)
Zelikovsky- 0.049551 s
>>> get_solution
  refine_solution: new weight 21430 (was 21527) in 0.0011 s
  refine_solution: new weight 21430 (was 21430) in 0.001063 s
>>> get_solution
  refine_solution: new weight 21534 (was 21625) in 0.001089 s
  refine_solution: new weight 21534 (was 21534) in 0.001057 s
25,,621,3727,4,,621,0,,21625,21534,21527,21527,21430,,310,2,@@

  handle_small_Steiner_degrees: steiner 0, suppress 0 in 1e-06 s
Starting round 26
Found 110 isolated vertices
Invalid ratios recomputed: 619
Best ratio is 711/2 (355.5), centered at 634
Finding the best star... Star with 3 terminals centered in 472
round took: 0.059285 s
|V| = 729, |E| = 3704, |R| = 2
Zelikovsky 0.046451 s
Zelikovsky- 0.000812 s
>>> get_solution
  refine_solution: new weight 21430 (was 21527) in 0.001097 s
  refine_solution: new weight 21430 (was 21430) in 0.001062 s
>>> get_solution
  refine_solution: new weight 21430 (was 21527) in 0.001088 s
  refine_solution: new weight 21430 (was 21430) in 0.001071 s
26,,619,3704,2,,619,0,,21527,21430,21527,21527,21430,,711,3,@@

  handle_small_Steiner_degrees: steiner 0, suppress 0 in 1e-06 s
Starting round 27
Found 114 isolated vertices
Invalid ratios recomputed: 615
Best ratio is 404/1 (404.0), centered at 472
Finding the best star... Star with 2 terminals centered in 629
round took: 0.055465 s
|V| = 729, |E| = 3691, |R| = 1
Zelikovsky 0.046113 s
Zelikovsky- 0.000825 s
>>> get_solution
  refine_solution: new weight 21430 (was 21527) in 0.001094 s
  refine_solution: new weight 21430 (was 21430) in 0.001062 s
>>> get_solution
  refine_solution: new weight 21430 (was 21527) in 0.001091 s
  refine_solution: new weight 21430 (was 21430) in 0.001074 s
27,,615,3691,1,,615,0,,21527,21430,21527,21527,21430,,404,2,@@

  handle_small_Steiner_degrees: steiner 0, suppress 0 in 1e-06 s
contract_till_the_bitter_end: 25.545 s

Calling end_heu
>>> get_solution
Saved weight 0
end_heu: 0 loops with 0 unique solutions in 3.8e-05 s

Calling print_solution
>>> get_solution
  refine_solution: new weight 21430 (was 21527) in 0.001085 s
Oops orig weight was 21527 but we got 21430
## FINAL WEIGHT 21430
print_solution: 0.001559 s
