Version: final-94-gfffc3aa rub_all.sh: remove longest prefix
Random seed: 1566393009
Start
>>> save_orig_graph
>> Saved weight 0
Graph loaded
|V| = 68906, |E| = 113889, |R| = 3358
First clearance of the input. Calling buy_zero and run_all_heuristics.
  buy_zero: 24 zero edges in 0.000624 s
  handle_small_terminal_degrees: terms 2 in 6.4e-05 s
  handle_small_Steiner_degrees: steiner 24, suppress 6 in 0.000138 s
  shortest_edge_between_terminals: 0 edges in 0.000128 s
  handle_small_terminal_degrees: terms 0 in 5.2e-05 s
  handle_small_Steiner_degrees: steiner 0, suppress 15 in 0.00011 s
  shortest_edge_between_terminals: 0 edges in 4.9e-05 s
  handle_small_terminal_degrees: terms 0 in 5.1e-05 s
  handle_small_Steiner_degrees: steiner 0, suppress 0 in 9.7e-05 s
  shortest_edge_between_terminals: 0 edges in 4.9e-05 s
Compressed graph 68906 -> 68834
  delete_edges: deleted 7957 edges in 0.041534 s and 4 rounds
  handle_small_terminal_degrees: terms 14 in 7.3e-05 s
  handle_small_Steiner_degrees: steiner 108, suppress 4169 in 0.002446 s
  shortest_edge_between_terminals: 0 edges in 0.000125 s
  handle_small_terminal_degrees: terms 2 in 5.5e-05 s
  handle_small_Steiner_degrees: steiner 1, suppress 82 in 0.000137 s
  shortest_edge_between_terminals: 0 edges in 5.7e-05 s
  handle_small_terminal_degrees: terms 1 in 5.2e-05 s
  handle_small_Steiner_degrees: steiner 0, suppress 3 in 9.9e-05 s
  shortest_edge_between_terminals: 0 edges in 5.4e-05 s
  handle_small_terminal_degrees: terms 1 in 5.3e-05 s
  handle_small_Steiner_degrees: steiner 0, suppress 0 in 9.7e-05 s
  shortest_edge_between_terminals: 0 edges in 5.4e-05 s
  handle_small_terminal_degrees: terms 0 in 5.1e-05 s
  handle_small_Steiner_degrees: steiner 0, suppress 0 in 9.6e-05 s
  shortest_edge_between_terminals: 0 edges in 5.4e-05 s
Compressed graph 68834 -> 64453
  delete_edges_shortest_path: deleted 10869 edges in 24.4614 s
  handle_small_terminal_degrees: terms 1824 in 0.00149 s
  handle_small_Steiner_degrees: steiner 1566, suppress 9160 in 0.004867 s
  shortest_edge_between_terminals: 4 edges in 0.000168 s
  handle_small_terminal_degrees: terms 424 in 0.000437 s
  handle_small_Steiner_degrees: steiner 8, suppress 174 in 0.000175 s
  shortest_edge_between_terminals: 17 edges in 8.9e-05 s
  handle_small_terminal_degrees: terms 8 in 5.4e-05 s
  handle_small_Steiner_degrees: steiner 2, suppress 17 in 0.000102 s
  shortest_edge_between_terminals: 0 edges in 6.2e-05 s
  handle_small_terminal_degrees: terms 2 in 5.1e-05 s
  handle_small_Steiner_degrees: steiner 2, suppress 8 in 9.8e-05 s
  shortest_edge_between_terminals: 0 edges in 6.2e-05 s
  handle_small_terminal_degrees: terms 0 in 4.9e-05 s
  handle_small_Steiner_degrees: steiner 0, suppress 0 in 9.1e-05 s
  shortest_edge_between_terminals: 0 edges in 6.1e-05 s
Compressed graph 64453 -> 51243
  handle_small_terminal_degrees: terms 0 in 8.2e-05 s
  handle_small_Steiner_degrees: steiner 0, suppress 29 in 0.000149 s
  shortest_edge_between_terminals: 39 edges in 0.000452 s
  handle_small_terminal_degrees: terms 0 in 8.2e-05 s
  handle_small_Steiner_degrees: steiner 0, suppress 9 in 0.000123 s
  shortest_edge_between_terminals: 0 edges in 0.0001 s
  handle_small_terminal_degrees: terms 0 in 8.2e-05 s
  handle_small_Steiner_degrees: steiner 0, suppress 0 in 0.000115 s
  shortest_edge_between_terminals: 0 edges in 9.1e-05 s
Compressed graph 51243 -> 50761
  delete_edges_shortest_path: deleted 2392 edges in 6.66631 s
  handle_small_terminal_degrees: terms 110 in 0.000141 s
  handle_small_Steiner_degrees: steiner 43, suppress 3790 in 0.001942 s
  shortest_edge_between_terminals: 12 edges in 0.000202 s
  handle_small_terminal_degrees: terms 5 in 4.2e-05 s
  handle_small_Steiner_degrees: steiner 7, suppress 49 in 8.8e-05 s
  shortest_edge_between_terminals: 2 edges in 7e-05 s
  handle_small_terminal_degrees: terms 0 in 3.8e-05 s
  handle_small_Steiner_degrees: steiner 2, suppress 8 in 7e-05 s
  shortest_edge_between_terminals: 0 edges in 6.4e-05 s
  handle_small_terminal_degrees: terms 0 in 3.8e-05 s
  handle_small_Steiner_degrees: steiner 0, suppress 2 in 6.6e-05 s
  shortest_edge_between_terminals: 0 edges in 6.5e-05 s
  handle_small_terminal_degrees: terms 0 in 3.7e-05 s
  handle_small_Steiner_degrees: steiner 0, suppress 0 in 6.5e-05 s
  shortest_edge_between_terminals: 0 edges in 6.4e-05 s
Compressed graph 50761 -> 46734
Compressed graph 46734 -> 46734
>>> save_orig_graph
>> Saved weight 508592997
### ZEL_LVL=9 PRECISE_STARS=1

Calling `contract_till_the_bitter_end`
|V| = 46734, |E| = 69919, |R| = 3292
>> 106498 (34704: 14347 14484 14347) (145.508 s)
>> 75882 (14750: 14671 14748 14671) (156.601 s)
>> 41993 (13375: 13362 13374 13362) (153.38 s)
>> 25762 (29935: 11667 11682 11667) (153.522 s)
>> 20792 (27372: 12678 12684 12678) (154.404 s)
>> 19615 (13483: 13479 13493 13479) (150.224 s)
>> 19545 (38630: 14721 14786 14721) (152.391 s)
>> 19208 (14889: 14720 14887 14720) (151.142 s)
>> 16492 (14496: 14437 14495 14437) (153.094 s)
>> 16360 (7225: 14678 14728 14678) (152.897 s)
>> 15293 (29841: 11716 11735 11716) (156.576 s)
>> 14483 (5077: 11689 11764 11689) (155.878 s)
>> 13996 (42425: 15220 15252 15220) (155.315 s)
>> 12612 (33632: 14290 14503 14290) (153.883 s)
>> 12404 (23979: 14198 14206 14198) (153.899 s)
>> 12254 (23702: 14295 14306 14295) (149.313 s)
>> 12102 (9646: 13188 13373 13188) (145.425 s)
>> 10751 (5033: 11767 11775 11767) (145.408 s)
>> 10650 (8819: 13995 14092 13995) (144.564 s)
>> 10529 (45260: 15329 15330 15329) (154.074 s)
>> 10069 (45148: 13137 13209 13137) (148.128 s)
>> 9889 (36900: 15219 15247 15219) (147.579 s)
>> 9840 (44769: 1062 15384 1062) (144.621 s)
>> 0 (-1: -1 -1 -1) (109.29 s)
Zelikovsky 22898.4 s
>> 106498 (34704: 14639 14484 14347) (6040.28 s)
>> 75882 (14750: 14917 14748 14671) (6015.71 s)
>> 41993 (13375: 13374 13350 13362) (5497.09 s)
