Version: final-94-gfffc3aa rub_all.sh: remove longest prefix
Random seed: 1558064756
Start
>>> save_orig_graph
>> Saved weight 0
Graph loaded
|V| = 513, |E| = 2304, |R| = 64
First clearance of the input. Calling buy_zero and run_all_heuristics.
  buy_zero: 0 zero edges in 5e-06 s
  handle_small_terminal_degrees: terms 0 in 1e-06 s
  handle_small_Steiner_degrees: steiner 0, suppress 0 in 3e-06 s
  shortest_edge_between_terminals: 0 edges in 5e-06 s
Compressed graph 513 -> 512
  delete_edges: deleted 0 edges in 0.000399 s and 1 rounds
  handle_small_terminal_degrees: terms 0 in 1e-06 s
  handle_small_Steiner_degrees: steiner 0, suppress 0 in 2e-06 s
  shortest_edge_between_terminals: 0 edges in 5e-06 s
Compressed graph 512 -> 512
  delete_edges_shortest_path: deleted 0 edges in 0.007677 s
  handle_small_terminal_degrees: terms 0 in 0 s
  handle_small_Steiner_degrees: steiner 0, suppress 0 in 2e-06 s
  shortest_edge_between_terminals: 0 edges in 3e-06 s
Compressed graph 512 -> 512
  handle_small_terminal_degrees: terms 0 in 1e-06 s
  handle_small_Steiner_degrees: steiner 0, suppress 0 in 2e-06 s
  shortest_edge_between_terminals: 0 edges in 4e-06 s
Compressed graph 512 -> 512
  delete_edges_shortest_path: deleted 0 edges in 0.005334 s
  handle_small_terminal_degrees: terms 0 in 1e-06 s
  handle_small_Steiner_degrees: steiner 0, suppress 0 in 1e-06 s
  shortest_edge_between_terminals: 0 edges in 2e-06 s
Compressed graph 512 -> 512
Compressed graph 512 -> 512
>>> save_orig_graph
>> Saved weight 0
### ZEL_LVL=9 PRECISE_STARS=1

Calling `contract_till_the_bitter_end`
|V| = 512, |E| = 2304, |R| = 64
>> 204 (349: 333 345 333) (0.001692 s)
>> 204 (494: 238 462 238) (0.001633 s)
>> 202 (103: 47 71 47) (0.001619 s)
>> 203 (8: 14 40 14) (0.001665 s)
>> 203 (331: 11 323 11) (0.001606 s)
>> 0 (-1: -1 -1 -1) (0.001199 s)
Zelikovsky 0.061553 s
>> 204 (349: 381 345 333) (0.042976 s)
>> 204 (494: 238 510 462) (0.042302 s)
>> 201 (15: 47 14 11) (0.041635 s)
>> 201 (268: 300 264 260) (0.041355 s)
>> 200 (215: 247 223 211) (0.040722 s)
>> 199 (399: 431 391 47) (0.040372 s)
>> 200 (331: 363 431 323) (0.039705 s)
>> 196 (496: 240 464 368) (0.039238 s)
>> 195 (162: 130 418 163) (0.038717 s)
>> 193 (91: 90 363 123) (0.038157 s)
>> 192 (182: 150 130 54) (0.037725 s)
>> 196 (306: 314 274 150) (0.03727 s)
>> 193 (305: 314 289 49) (0.036824 s)
>> 107 (192: 64 201 196) (0.036438 s)
>> 193 (229: 485 101 64) (0.036118 s)
>> 104 (184: 186 152 40) (0.035844 s)
>> 104 (199: 247 485 71) (0.035591 s)
>> 103 (490: 238 488 458) (0.035153 s)
>> 100 (471: 247 469 342) (0.043761 s)
>> 98 (185: 186 441 189) (0.040964 s)
>> 98 (497: 240 499 247) (0.034256 s)
>> 96 (143: 90 240 141) (0.034058 s)
>> 95 (180: 314 436 164) (0.033346 s)
>> 95 (486: 238 358 90) (0.03316 s)
>> 13 (417: 238 385 314) (0.032913 s)
>> 5 (415: 238 411 287) (0.032137 s)
>> 4 (348: 381 300 92) (0.032062 s)
>> 0 (-1: -1 -1 -1) (0.032089 s)
Zelikovsky- 1.04785 s
>>> get_solution
  refine_solution: new weight 18413 (was 18421) in 0.000575 s
  refine_solution: new weight 18413 (was 18413) in 0.000556 s
>>> get_solution
  refine_solution: new weight 21948 (was 24696) in 0.0005 s
  refine_solution: new weight 21313 (was 21948) in 0.00052 s
  refine_solution: new weight 20720 (was 21313) in 0.000543 s
  refine_solution: new weight 20425 (was 20720) in 0.000556 s
  refine_solution: new weight 20425 (was 20425) in 0.000536 s
0,,512,2304,64,,0,0,,24696,20425,22236,18421,18413,,0,0,@@

  delete_edges: deleted 0 edges in 0.000173 s and 1 rounds
  handle_small_Steiner_degrees: steiner 0, suppress 0 in 2e-06 s
Starting round 1
Found 0 isolated vertices
Invalid ratios recomputed: 512
Best ratio is 2243/8 (280.4), centered at 240
Finding the best star... Star with 9 terminals centered in 368
round took: 0.041331 s
|V| = 512, |E| = 2269, |R| = 56
>> 204 (349: 333 345 333) (0.001437 s)
>> 204 (494: 238 462 238) (0.001396 s)
>> 202 (8: 14 40 14) (0.00135 s)
>> 201 (268: 260 264 260) (0.001368 s)
>> 200 (215: 211 223 211) (0.001337 s)
>> 200 (420: 164 300 164) (0.001329 s)
>> 192 (423: 368 391 368) (0.001282 s)
>> 203 (103: 47 71 47) (0.00128 s)
>> 203 (58: 123 186 123) (0.00126 s)
>> 203 (331: 11 323 11) (0.001275 s)
>> 0 (-1: -1 -1 -1) (0.000945 s)
Zelikovsky 0.059816 s
>> 204 (349: 381 345 333) (0.038854 s)
>> 204 (494: 238 510 462) (0.038385 s)
>> 201 (15: 47 14 11) (0.037867 s)
>> 201 (268: 300 264 260) (0.037678 s)
>> 200 (215: 247 223 211) (0.037182 s)
>> 109 (184: 186 368 152) (0.036774 s)
>> 109 (182: 150 186 54) (0.036097 s)
>> 106 (192: 64 201 196) (0.035528 s)
>> 106 (199: 247 71 64) (0.035098 s)
>> 104 (310: 311 274 150) (0.034655 s)
>> 103 (96: 98 247 101) (0.03411 s)
>> 103 (131: 98 163 130) (0.033963 s)
>> 103 (495: 238 431 311) (0.033489 s)
>> 102 (139: 98 411 47) (0.033024 s)
>> 187 (91: 90 123 98) (0.032634 s)
>> 102 (348: 381 300 92) (0.032424 s)
>> 98 (286: 381 287 238) (0.032163 s)
>> 97 (185: 381 441 189) (0.03169 s)
>> 6 (486: 381 418 358) (0.031445 s)
>> 3 (465: 381 469 90) (0.031264 s)
>> 0 (-1: -1 -1 -1) (0.030544 s)
Zelikovsky- 0.727095 s
>>> get_solution
  refine_solution: new weight 18268 (was 18567) in 0.000572 s
  refine_solution: new weight 18268 (was 18268) in 0.000554 s
>>> get_solution
  refine_solution: new weight 21547 (was 22980) in 0.000515 s
  refine_solution: new weight 21112 (was 21547) in 0.000528 s
  refine_solution: new weight 21003 (was 21112) in 0.000531 s
  refine_solution: new weight 20798 (was 21003) in 0.000524 s
  refine_solution: new weight 20704 (was 20798) in 0.000523 s
  refine_solution: new weight 20704 (was 20704) in 0.000516 s
1,,512,2269,56,,512,0,,22980,20704,19518,18567,18268,,2243,9,@@

  handle_small_Steiner_degrees: steiner 0, suppress 0 in 1e-06 s
Starting round 2
Found 13 isolated vertices
Invalid ratios recomputed: 498
Best ratio is 1030/4 (257.5), centered at 423
Finding the best star... Star with 5 terminals centered in 418
round took: 0.043555 s
|V| = 512, |E| = 2248, |R| = 52
>> 204 (349: 333 345 333) (0.001289 s)
>> 204 (494: 238 462 238) (0.001232 s)
>> 202 (8: 14 40 14) (0.001207 s)
>> 201 (268: 260 264 260) (0.001208 s)
>> 200 (215: 211 223 211) (0.001168 s)
>> 200 (420: 164 300 164) (0.001146 s)
>> 111 (125: 124 189 124) (0.001103 s)
>> 110 (192: 64 196 64) (0.001092 s)
>> 110 (310: 54 274 54) (0.001073 s)
>> 111 (58: 123 186 123) (0.001067 s)
>> 201 (319: 287 311 287) (0.001036 s)
>> 199 (156: 92 152 92) (0.000967 s)
>> 196 (443: 314 411 314) (0.000952 s)
>> 109 (103: 47 71 47) (0.000917 s)
>> 203 (331: 11 323 11) (0.0009 s)
>> 0 (-1: -1 -1 -1) (0.000705 s)
Zelikovsky 0.059807 s
>> 204 (349: 381 345 333) (0.036682 s)
>> 204 (494: 238 510 462) (0.036175 s)
>> 201 (15: 47 14 11) (0.035771 s)
>> 201 (268: 300 264 260) (0.035443 s)
>> 200 (215: 247 223 211) (0.034994 s)
>> 109 (184: 186 418 152) (0.034522 s)
>> 109 (182: 150 186 54) (0.034218 s)
>> 106 (192: 64 201 196) (0.033779 s)
>> 106 (199: 247 71 64) (0.033426 s)
>> 103 (96: 98 247 101) (0.033101 s)
>> 103 (278: 274 342 311) (0.032806 s)
>> 102 (348: 381 300 92) (0.032578 s)
>> 99 (122: 123 150 90) (0.032256 s)
>> 99 (443: 441 411 123) (0.031838 s)
>> 98 (286: 274 381 287) (0.031455 s)
>> 97 (143: 47 141 98) (0.031254 s)
>> 97 (490: 238 458 441) (0.031125 s)
>> 6 (57: 238 189 49) (0.030706 s)
>> 4 (355: 363 323 47) (0.030469 s)
>> 0 (-1: -1 -1 -1) (0.030463 s)
Zelikovsky- 0.665239 s
>>> get_solution
  refine_solution: new weight 18694 (was 18894) in 0.000588 s
  refine_solution: new weight 18694 (was 18694) in 0.000572 s
>>> get_solution
  refine_solution: new weight 21247 (was 22681) in 0.000519 s
  refine_solution: new weight 20221 (was 21247) in 0.000529 s
  refine_solution: new weight 20004 (was 20221) in 0.000543 s
  refine_solution: new weight 19799 (was 20004) in 0.000532 s
  refine_solution: new weight 19798 (was 19799) in 0.000532 s
  refine_solution: new weight 19798 (was 19798) in 0.00054 s
2,,499,2248,52,,498,0,,22681,19798,19514,18894,18694,,1030,5,@@

  handle_small_Steiner_degrees: steiner 0, suppress 0 in 2e-06 s
Starting round 3
Found 19 isolated vertices
Invalid ratios recomputed: 492
Best ratio is 821/3 (273.7), centered at 329
Finding the best star... Star with 4 terminals centered in 418
round took: 0.043017 s
|V| = 512, |E| = 2233, |R| = 49
>> 204 (494: 238 462 238) (0.001222 s)
>> 201 (15: 11 14 11) (0.001171 s)
>> 0 (-1: -1 -1 -1) (0.000726 s)
Zelikovsky 0.042574 s
>> 204 (494: 238 510 462) (0.035026 s)
>> 201 (15: 47 14 11) (0.034663 s)
>> 201 (268: 300 264 260) (0.034062 s)
>> 200 (215: 247 223 211) (0.033821 s)
>> 109 (184: 186 418 152) (0.033508 s)
>> 105 (192: 64 201 196) (0.033167 s)
>> 106 (199: 247 71 64) (0.03282 s)
>> 103 (96: 98 247 101) (0.032364 s)
>> 103 (182: 150 186 54) (0.032357 s)
>> 103 (278: 274 342 311) (0.031763 s)
>> 101 (284: 300 274 92) (0.031451 s)
>> 100 (105: 98 150 123) (0.031302 s)
>> 99 (443: 441 411 98) (0.030591 s)
>> 97 (143: 47 441 141) (0.030328 s)
>> 97 (490: 238 458 47) (0.030046 s)
>> 91 (380: 300 381 124) (0.029621 s)
>> 4 (285: 300 287 21) (0.029494 s)
>> 0 (-1: -1 -1 -1) (0.029468 s)
Zelikovsky- 0.577807 s
>>> get_solution
  refine_solution: new weight 18803 (was 18812) in 0.000584 s
  refine_solution: new weight 18803 (was 18803) in 0.000561 s
>>> get_solution
  refine_solution: new weight 21447 (was 22074) in 0.000523 s
  refine_solution: new weight 20617 (was 21447) in 0.000537 s
  refine_solution: new weight 20012 (was 20617) in 0.000554 s
  refine_solution: new weight 20012 (was 20012) in 0.000546 s
3,,493,2233,49,,492,0,,22074,20012,21157,18812,18803,,821,4,@@

  handle_small_Steiner_degrees: steiner 0, suppress 0 in 1e-06 s
Starting round 4
Found 24 isolated vertices
Invalid ratios recomputed: 488
Best ratio is 825/3 (275.0), centered at 296
Finding the best star... Star with 4 terminals centered in 40
round took: 0.04854 s
|V| = 512, |E| = 2214, |R| = 46
>> 204 (494: 238 462 238) (0.001064 s)
>> 201 (15: 11 14 11) (0.000995 s)
>> 0 (-1: -1 -1 -1) (0.000637 s)
Zelikovsky 0.038897 s
>> 204 (494: 238 510 462) (0.033943 s)
>> 201 (15: 47 14 11) (0.033405 s)
>> 200 (215: 247 223 211) (0.03293 s)
>> 196 (96: 98 64 40) (0.03262 s)
>> 197 (122: 123 98 90) (0.032339 s)
>> 195 (228: 164 196 123) (0.03188 s)
>> 106 (278: 274 342 260) (0.031544 s)
>> 104 (157: 189 141 21) (0.031363 s)
>> 105 (153: 189 411 152) (0.031234 s)
>> 101 (310: 274 311 54) (0.030968 s)
>> 100 (131: 164 189 130) (0.0307 s)
>> 99 (58: 164 314 186) (0.029906 s)
>> 97 (199: 247 164 71) (0.029575 s)
>> 97 (438: 274 436 247) (0.029122 s)
>> 97 (486: 238 358 274) (0.028666 s)
>> 91 (31: 47 287 238) (0.028473 s)
>> 6 (409: 47 441 412) (0.028504 s)
>> 3 (97: 47 101 49) (0.028408 s)
>> 0 (-1: -1 -1 -1) (0.028349 s)
Zelikovsky- 0.585944 s
>>> get_solution
  refine_solution: new weight 18336 (was 18337) in 0.000584 s
  refine_solution: new weight 18336 (was 18336) in 0.000563 s
>>> get_solution
  refine_solution: new weight 22071 (was 22073) in 0.000523 s
  refine_solution: new weight 22071 (was 22071) in 0.000514 s
4,,488,2214,46,,488,0,,22073,22071,21053,18337,18336,,825,4,@@

  handle_small_Steiner_degrees: steiner 0, suppress 0 in 2e-06 s
Starting round 5
Found 29 isolated vertices
Invalid ratios recomputed: 483
Best ratio is 2245/8 (280.6), centered at 190
Finding the best star... Star with 9 terminals centered in 311
round took: 0.048721 s
|V| = 512, |E| = 2166, |R| = 38
>> 200 (15: 11 14 11) (0.000761 s)
>> 0 (-1: -1 -1 -1) (0.000456 s)
Zelikovsky 0.033243 s
>> 200 (15: 47 14 11) (0.030015 s)
>> 200 (278: 274 342 311) (0.029843 s)
>> 197 (354: 98 358 274) (0.029362 s)
>> 107 (97: 101 98 49) (0.028948 s)
>> 103 (414: 101 412 411) (0.028871 s)
>> 105 (478: 101 510 462) (0.028452 s)
>> 182 (94: 92 101 90) (0.028087 s)
>> 100 (31: 47 287 92) (0.027738 s)
>> 97 (251: 47 211 123) (0.027519 s)
>> 95 (154: 47 152 130) (0.027345 s)
>> 5 (192: 64 201 196) (0.027253 s)
>> 3 (465: 47 469 64) (0.027134 s)
>> 1 (7: 47 71 21) (0.026942 s)
>> 0 (-1: -1 -1 -1) (0.026934 s)
Zelikovsky- 0.395988 s
>>> get_solution
  refine_solution: new weight 18529 (was 18536) in 0.000585 s
  refine_solution: new weight 18529 (was 18529) in 0.000563 s
>>> get_solution
  refine_solution: new weight 20549 (was 20647) in 0.000554 s
  refine_solution: new weight 20549 (was 20549) in 0.000537 s
5,,483,2166,38,,483,0,,20647,20549,20037,18536,18529,,2245,9,@@

  handle_small_Steiner_degrees: steiner 0, suppress 0 in 1e-06 s
Starting round 6
Found 43 isolated vertices
Invalid ratios recomputed: 469
Best ratio is 512/2 (256.0), centered at 238
Finding the best star... Star with 3 terminals centered in 238
round took: 0.039498 s
|V| = 512, |E| = 2154, |R| = 36
>> 200 (15: 11 14 11) (0.000709 s)
>> 0 (-1: -1 -1 -1) (0.000417 s)
Zelikovsky 0.031945 s
>> 200 (15: 47 14 11) (0.029313 s)
>> 200 (278: 274 342 238) (0.029038 s)
>> 197 (354: 98 358 274) (0.028651 s)
>> 107 (97: 101 98 49) (0.028337 s)
>> 103 (414: 101 412 411) (0.028133 s)
>> 97 (251: 101 211 123) (0.027866 s)
>> 96 (394: 101 458 130) (0.027659 s)
>> 98 (143: 47 141 101) (0.02739 s)
>> 91 (206: 47 462 196) (0.027204 s)
>> 4 (286: 47 314 287) (0.026993 s)
>> 1 (7: 47 71 21) (0.026852 s)
>> 0 (-1: -1 -1 -1) (0.02673 s)
Zelikovsky- 0.335545 s
>>> get_solution
  refine_solution: new weight 18639 (was 18742) in 0.000594 s
  refine_solution: new weight 18639 (was 18639) in 0.000571 s
>>> get_solution
  refine_solution: new weight 20549 (was 20551) in 0.000553 s
  refine_solution: new weight 20549 (was 20549) in 0.000536 s
6,,469,2154,36,,469,0,,20551,20549,19941,18742,18639,,512,3,@@

  handle_small_Steiner_degrees: steiner 0, suppress 0 in 1e-06 s
Starting round 7
Found 46 isolated vertices
Invalid ratios recomputed: 466
Best ratio is 1430/5 (286.0), centered at 209
Finding the best star... Star with 6 terminals centered in 64
round took: 0.045207 s
|V| = 512, |E| = 2115, |R| = 31
>> 200 (15: 11 14 11) (0.000556 s)
>> 0 (-1: -1 -1 -1) (0.00032 s)
Zelikovsky 0.028582 s
>> 200 (15: 47 14 11) (0.027506 s)
>> 200 (278: 274 342 64) (0.027445 s)
>> 197 (354: 98 358 274) (0.02716 s)
>> 103 (414: 98 412 411) (0.026869 s)
>> 101 (122: 123 98 90) (0.026588 s)
>> 97 (69: 71 123 101) (0.026362 s)
>> 94 (143: 47 141 71) (0.026111 s)
>> 6 (322: 47 458 323) (0.025921 s)
>> 4 (286: 47 314 287) (0.025877 s)
>> 1 (154: 47 152 130) (0.025746 s)
>> 0 (-1: -1 -1 -1) (0.025761 s)
Zelikovsky- 0.292609 s
>>> get_solution
  refine_solution: new weight 18217 (was 18223) in 0.000585 s
  refine_solution: new weight 18217 (was 18217) in 0.000562 s
>>> get_solution
  refine_solution: new weight 19929 (was 19935) in 0.000571 s
  refine_solution: new weight 19929 (was 19929) in 0.000546 s
7,,466,2115,31,,466,0,,19935,19929,19436,18223,18217,,1430,6,@@

  handle_small_Steiner_degrees: steiner 0, suppress 0 in 1e-06 s
Starting round 8
Found 55 isolated vertices
Invalid ratios recomputed: 457
Best ratio is 301/1 (301.0), centered at 92
Finding the best star... Star with 2 terminals centered in 92
round took: 0.041432 s
|V| = 512, |E| = 2114, |R| = 30
>> 200 (15: 11 14 11) (0.000517 s)
>> 0 (-1: -1 -1 -1) (0.000309 s)
Zelikovsky 0.028257 s
>> 200 (15: 47 14 11) (0.027046 s)
>> 200 (278: 274 342 64) (0.027158 s)
>> 197 (354: 98 358 274) (0.026648 s)
>> 103 (414: 98 412 411) (0.026353 s)
>> 101 (122: 123 98 90) (0.026116 s)
>> 97 (69: 71 123 101) (0.025916 s)
>> 94 (143: 47 141 71) (0.025667 s)
>> 6 (322: 47 458 323) (0.02554 s)
>> 4 (286: 47 314 287) (0.025511 s)
>> 1 (154: 47 152 130) (0.025315 s)
>> 0 (-1: -1 -1 -1) (0.02536 s)
Zelikovsky- 0.287883 s
>>> get_solution
  refine_solution: new weight 18217 (was 18223) in 0.000588 s
  refine_solution: new weight 18217 (was 18217) in 0.00056 s
>>> get_solution
  refine_solution: new weight 19929 (was 19935) in 0.00056 s
  refine_solution: new weight 19929 (was 19929) in 0.000544 s
8,,457,2114,30,,457,0,,19935,19929,19436,18223,18217,,301,2,@@

  handle_small_Steiner_degrees: steiner 0, suppress 0 in 1e-06 s
Starting round 9
Found 56 isolated vertices
Invalid ratios recomputed: 453
Best ratio is 1737/6 (289.5), centered at 92
Finding the best star... Star with 7 terminals centered in 47
round took: 0.04197 s
|V| = 512, |E| = 2073, |R| = 24
>> 200 (278: 47 274 47) (0.000362 s)
>> 204 (286: 287 314 287) (0.000419 s)
>> 204 (138: 14 130 14) (0.000371 s)
>> 204 (139: 11 141 11) (0.000353 s)
>> 0 (-1: -1 -1 -1) (0.000271 s)
Zelikovsky 0.026877 s
>> 200 (278: 274 342 47) (0.025043 s)
>> 199 (15: 274 14 11) (0.02474 s)
>> 103 (102: 98 358 274) (0.024533 s)
>> 102 (414: 98 412 411) (0.024425 s)
>> 100 (103: 98 101 71) (0.024177 s)
>> 4 (194: 98 458 130) (0.024093 s)
>> 4 (286: 98 314 287) (0.024111 s)
>> 0 (-1: -1 -1 -1) (0.024082 s)
Zelikovsky- 0.196213 s
>>> get_solution
  refine_solution: new weight 18118 (was 18126) in 0.000587 s
  refine_solution: new weight 18118 (was 18118) in 0.000563 s
>>> get_solution
  refine_solution: new weight 19426 (was 19430) in 0.00057 s
  refine_solution: new weight 19426 (was 19426) in 0.000553 s
9,,456,2073,24,,453,0,,19430,19426,18605,18126,18118,,1737,7,@@

  handle_small_Steiner_degrees: steiner 0, suppress 0 in 1e-06 s
Starting round 10
Found 66 isolated vertices
Invalid ratios recomputed: 446
Best ratio is 831/3 (277.0), centered at 409
Finding the best star... Star with 4 terminals centered in 152
round took: 0.037171 s
|V| = 512, |E| = 2048, |R| = 21
>> 200 (278: 152 274 152) (0.000305 s)
>> 204 (396: 141 412 141) (0.00036 s)
>> 204 (286: 287 314 287) (0.000322 s)
>> 203 (327: 71 323 71) (0.000284 s)
>> 205 (138: 14 130 14) (0.000264 s)
>> 202 (326: 260 342 260) (0.00024 s)
>> 203 (117: 21 101 21) (0.000229 s)
>> 200 (102: 98 164 98) (0.0002 s)
>> 97 (334: 358 381 358) (0.000167 s)
>> 0 (-1: -1 -1 -1) (0.000133 s)
Zelikovsky 0.026977 s
>> 200 (278: 274 342 152) (0.023961 s)
>> 197 (15: 274 14 11) (0.023793 s)
>> 103 (102: 98 358 274) (0.023572 s)
>> 100 (103: 98 101 71) (0.023546 s)
>> 96 (194: 98 458 130) (0.023487 s)
>> 5 (413: 98 412 287) (0.02341 s)
>> 0 (-1: -1 -1 -1) (0.023326 s)
Zelikovsky- 0.166005 s
>>> get_solution
  refine_solution: new weight 18024 (was 18032) in 0.000604 s
  refine_solution: new weight 18024 (was 18024) in 0.000575 s
>>> get_solution
  refine_solution: new weight 19026 (was 19030) in 0.000582 s
  refine_solution: new weight 19026 (was 19026) in 0.000566 s
10,,446,2048,21,,446,0,,19030,19026,18716,18032,18024,,831,4,@@

  handle_small_Steiner_degrees: steiner 0, suppress 0 in 1e-06 s
Starting round 11
Found 71 isolated vertices
Invalid ratios recomputed: 441
Best ratio is 607/2 (303.5), centered at 152
Finding the best star... Star with 3 terminals centered in 287
round took: 0.036063 s
|V| = 512, |E| = 2027, |R| = 19
>> 200 (278: 274 287 274) (0.000264 s)
>> 203 (327: 71 323 71) (0.000316 s)
>> 202 (5: 21 141 21) (0.000283 s)
>> 205 (138: 14 130 14) (0.000249 s)
>> 202 (326: 260 342 260) (0.000228 s)
>> 198 (102: 98 101 98) (0.000217 s)
>> 204 (383: 314 358 314) (0.000187 s)
>> 3 (330: 11 164 11) (0.000164 s)
>> 0 (-1: -1 -1 -1) (0.000113 s)
Zelikovsky 0.025775 s
>> 200 (278: 274 342 287) (0.023332 s)
>> 197 (15: 274 14 11) (0.023077 s)
>> 103 (102: 98 358 274) (0.022904 s)
>> 100 (103: 98 101 71) (0.022905 s)
>> 96 (194: 98 458 130) (0.022823 s)
>> 0 (-1: -1 -1 -1) (0.02282 s)
Zelikovsky- 0.138691 s
>>> get_solution
  refine_solution: new weight 18020 (was 18028) in 0.000596 s
  refine_solution: new weight 18020 (was 18020) in 0.000578 s
>>> get_solution
  refine_solution: new weight 19020 (was 19024) in 0.000579 s
  refine_solution: new weight 19020 (was 19020) in 0.000563 s
11,,441,2027,19,,441,0,,19024,19020,18711,18028,18020,,607,3,@@

  handle_small_Steiner_degrees: steiner 0, suppress 0 in 1e-06 s
Starting round 12
Found 75 isolated vertices
Invalid ratios recomputed: 437
Best ratio is 1522/5 (304.4), centered at 294
Finding the best star... Star with 6 terminals centered in 21
round took: 0.033901 s
|V| = 512, |E| = 1980, |R| = 14
>> 190 (69: 21 71 21) (0.000176 s)
>> 206 (322: 98 323 98) (0.00023 s)
>> 205 (138: 14 130 14) (0.000194 s)
>> 111 (140: 141 164 141) (0.000168 s)
>> 104 (315: 11 314 11) (0.000136 s)
>> 0 (-1: -1 -1 -1) (0.000106 s)
Zelikovsky 0.022651 s
>> 190 (69: 71 101 21) (0.021857 s)
>> 102 (15: 71 14 11) (0.021791 s)
>> 97 (194: 71 458 130) (0.021764 s)
>> 4 (322: 71 323 98) (0.021775 s)
>> 0 (-1: -1 -1 -1) (0.021747 s)
Zelikovsky- 0.109664 s
>>> get_solution
  refine_solution: new weight 18216 (was 18220) in 0.0006 s
  refine_solution: new weight 18216 (was 18216) in 0.000571 s
>>> get_solution
  refine_solution: new weight 18517 (was 18521) in 0.000587 s
  refine_solution: new weight 18517 (was 18517) in 0.000575 s
12,,437,1980,14,,437,0,,18521,18517,18517,18220,18216,,1522,6,@@

  handle_small_Steiner_degrees: steiner 0, suppress 0 in 1e-06 s
Starting round 13
Found 85 isolated vertices
Invalid ratios recomputed: 427
Best ratio is 1226/4 (306.5), centered at 10
Finding the best star... Star with 5 terminals centered in 21
round took: 0.031772 s
|V| = 512, |E| = 1933, |R| = 10
>> 190 (69: 21 71 21) (0.000125 s)
>> 0 (-1: -1 -1 -1) (0.000137 s)
Zelikovsky 0.020754 s
>> 190 (69: 71 101 21) (0.020711 s)
>> 98 (138: 71 458 130) (0.020653 s)
>> 0 (-1: -1 -1 -1) (0.020662 s)
Zelikovsky- 0.062614 s
>>> get_solution
  refine_solution: new weight 18108 (was 18114) in 0.000603 s
  refine_solution: new weight 18108 (was 18108) in 0.000575 s
>>> get_solution
  refine_solution: new weight 18396 (was 18402) in 0.000587 s
  refine_solution: new weight 18396 (was 18396) in 0.000573 s
13,,427,1933,10,,427,0,,18402,18396,18212,18114,18108,,1226,5,@@

  handle_small_Steiner_degrees: steiner 0, suppress 0 in 1e-06 s
Starting round 14
Found 93 isolated vertices
Invalid ratios recomputed: 419
Best ratio is 307/1 (307.0), centered at 21
Finding the best star... Star with 2 terminals centered in 21
round took: 0.028031 s
|V| = 512, |E| = 1918, |R| = 9
>> 190 (69: 21 71 21) (0.000116 s)
>> 0 (-1: -1 -1 -1) (0.000127 s)
Zelikovsky 0.020651 s
>> 190 (69: 71 101 21) (0.025716 s)
>> 0 (-1: -1 -1 -1) (0.020401 s)
Zelikovsky- 0.047118 s
>>> get_solution
  refine_solution: new weight 18108 (was 18114) in 0.00065 s
  refine_solution: new weight 18108 (was 18108) in 0.000576 s
>>> get_solution
  refine_solution: new weight 18298 (was 18304) in 0.00059 s
  refine_solution: new weight 18298 (was 18298) in 0.000583 s
14,,419,1918,9,,419,0,,18304,18298,18114,18114,18108,,307,2,@@

  handle_small_Steiner_degrees: steiner 0, suppress 0 in 1e-06 s
Starting round 15
Found 95 isolated vertices
Invalid ratios recomputed: 417
Best ratio is 616/2 (308.0), centered at 21
Finding the best star... Star with 3 terminals centered in 21
round took: 0.027387 s
|V| = 512, |E| = 1902, |R| = 7
>> 190 (69: 21 71 21) (0.000102 s)
>> 0 (-1: -1 -1 -1) (0.000103 s)
Zelikovsky 0.01965 s
>> 190 (69: 71 101 21) (0.01991 s)
>> 0 (-1: -1 -1 -1) (0.019999 s)
Zelikovsky- 0.040423 s
>>> get_solution
  refine_solution: new weight 18108 (was 18114) in 0.000602 s
  refine_solution: new weight 18108 (was 18108) in 0.000576 s
>>> get_solution
  refine_solution: new weight 18298 (was 18304) in 0.000582 s
  refine_solution: new weight 18298 (was 18298) in 0.000573 s
15,,417,1902,7,,417,0,,18304,18298,18114,18114,18108,,616,3,@@

  handle_small_Steiner_degrees: steiner 0, suppress 0 in 1e-06 s
Starting round 16
Found 98 isolated vertices
Invalid ratios recomputed: 414
Best ratio is 927/3 (309.0), centered at 21
Finding the best star... Star with 4 terminals centered in 164
round took: 0.026346 s
|V| = 512, |E| = 1863, |R| = 4
>> 190 (69: 71 101 71) (8.3e-05 s)
>> 0 (-1: -1 -1 -1) (6.5e-05 s)
Zelikovsky 0.018898 s
>> 190 (69: 71 164 101) (0.019238 s)
Zelikovsky- 0.019745 s
>>> get_solution
  refine_solution: new weight 18108 (was 18114) in 0.000605 s
  refine_solution: new weight 18108 (was 18108) in 0.000573 s
>>> get_solution
  refine_solution: new weight 18298 (was 18304) in 0.000581 s
  refine_solution: new weight 18298 (was 18298) in 0.000572 s
16,,414,1863,4,,414,0,,18304,18298,18114,18114,18108,,927,4,@@

  handle_small_Steiner_degrees: steiner 0, suppress 0 in 1e-06 s
Starting round 17
Found 104 isolated vertices
Invalid ratios recomputed: 408
Best ratio is 931/3 (310.3), centered at 65
Finding the best star... Star with 4 terminals centered in 164
round took: 0.02408 s
|V| = 512, |E| = 1832, |R| = 1
Zelikovsky 0.018054 s
Zelikovsky- 0.000434 s
>>> get_solution
  refine_solution: new weight 18105 (was 18111) in 0.0006 s
  refine_solution: new weight 18105 (was 18105) in 0.000573 s
>>> get_solution
  refine_solution: new weight 18105 (was 18111) in 0.000572 s
  refine_solution: new weight 18105 (was 18105) in 0.000572 s
17,,408,1832,1,,408,0,,18111,18105,18111,18111,18105,,931,4,@@

  handle_small_Steiner_degrees: steiner 0, suppress 0 in 1e-06 s
contract_till_the_bitter_end: 6.9815 s

Calling end_heu
>>> get_solution
Saved weight 0
end_heu: 0 loops with 0 unique solutions in 3.4e-05 s

Calling print_solution
>>> get_solution
  refine_solution: new weight 18105 (was 18111) in 0.000571 s
Oops orig weight was 18111 but we got 18105
## FINAL WEIGHT 18105
print_solution: 0.00088 s
