Version: final-94-gfffc3aa rub_all.sh: remove longest prefix
Random seed: 1565234182
Start
>>> save_orig_graph
>> Saved weight 0
Graph loaded
|V| = 43074, |E| = 71276, |R| = 2868
First clearance of the input. Calling buy_zero and run_all_heuristics.
  buy_zero: 15 zero edges in 0.000306 s
  handle_small_terminal_degrees: terms 2 in 7.2e-05 s
  handle_small_Steiner_degrees: steiner 5, suppress 4 in 0.000112 s
  shortest_edge_between_terminals: 0 edges in 7.5e-05 s
  handle_small_terminal_degrees: terms 0 in 7.8e-05 s
  handle_small_Steiner_degrees: steiner 0, suppress 2 in 0.000103 s
  shortest_edge_between_terminals: 0 edges in 6.2e-05 s
  handle_small_terminal_degrees: terms 0 in 6.7e-05 s
  handle_small_Steiner_degrees: steiner 0, suppress 0 in 0.0001 s
  shortest_edge_between_terminals: 0 edges in 6e-05 s
Compressed graph 43074 -> 43045
  delete_edges: deleted 4698 edges in 0.018791 s and 3 rounds
  handle_small_terminal_degrees: terms 38 in 0.000102 s
  handle_small_Steiner_degrees: steiner 71, suppress 2463 in 0.00121 s
  shortest_edge_between_terminals: 0 edges in 8.6e-05 s
  handle_small_terminal_degrees: terms 0 in 8.4e-05 s
  handle_small_Steiner_degrees: steiner 0, suppress 26 in 0.000116 s
  shortest_edge_between_terminals: 0 edges in 6.5e-05 s
  handle_small_terminal_degrees: terms 0 in 6.8e-05 s
  handle_small_Steiner_degrees: steiner 0, suppress 0 in 0.000102 s
  shortest_edge_between_terminals: 0 edges in 6.5e-05 s
Compressed graph 43045 -> 40447
  delete_edges_shortest_path: deleted 7598 edges in 64.4563 s
  handle_small_terminal_degrees: terms 1338 in 0.001252 s
  handle_small_Steiner_degrees: steiner 1009, suppress 6361 in 0.003214 s
  shortest_edge_between_terminals: 3 edges in 0.000142 s
  handle_small_terminal_degrees: terms 339 in 0.00028 s
  handle_small_Steiner_degrees: steiner 0, suppress 72 in 0.000108 s
  shortest_edge_between_terminals: 9 edges in 0.000101 s
  handle_small_terminal_degrees: terms 1 in 4.9e-05 s
  handle_small_Steiner_degrees: steiner 1, suppress 19 in 0.000101 s
  shortest_edge_between_terminals: 0 edges in 9.4e-05 s
  handle_small_terminal_degrees: terms 1 in 4.8e-05 s
  handle_small_Steiner_degrees: steiner 1, suppress 4 in 8.2e-05 s
  shortest_edge_between_terminals: 0 edges in 7.3e-05 s
  handle_small_terminal_degrees: terms 0 in 4.7e-05 s
  handle_small_Steiner_degrees: steiner 0, suppress 3 in 7.7e-05 s
  shortest_edge_between_terminals: 0 edges in 7.9e-05 s
  handle_small_terminal_degrees: terms 0 in 4.9e-05 s
  handle_small_Steiner_degrees: steiner 0, suppress 5 in 8e-05 s
  shortest_edge_between_terminals: 0 edges in 6.6e-05 s
  handle_small_terminal_degrees: terms 0 in 5.4e-05 s
  handle_small_Steiner_degrees: steiner 0, suppress 4 in 7.1e-05 s
  shortest_edge_between_terminals: 0 edges in 6.6e-05 s
  handle_small_terminal_degrees: terms 0 in 5.3e-05 s
  handle_small_Steiner_degrees: steiner 0, suppress 4 in 7.9e-05 s
  shortest_edge_between_terminals: 0 edges in 7.4e-05 s
  handle_small_terminal_degrees: terms 0 in 4.9e-05 s
  handle_small_Steiner_degrees: steiner 0, suppress 3 in 8.4e-05 s
  shortest_edge_between_terminals: 0 edges in 6.9e-05 s
  handle_small_terminal_degrees: terms 0 in 4.9e-05 s
  handle_small_Steiner_degrees: steiner 0, suppress 0 in 7.4e-05 s
  shortest_edge_between_terminals: 0 edges in 8.1e-05 s
Compressed graph 40447 -> 31272
  handle_small_terminal_degrees: terms 0 in 4.8e-05 s
  handle_small_Steiner_degrees: steiner 1, suppress 89 in 0.000147 s
  shortest_edge_between_terminals: 61 edges in 0.000335 s
  handle_small_terminal_degrees: terms 0 in 3.7e-05 s
  handle_small_Steiner_degrees: steiner 1, suppress 18 in 8.1e-05 s
  shortest_edge_between_terminals: 2 edges in 0.000104 s
  handle_small_terminal_degrees: terms 1 in 4.4e-05 s
  handle_small_Steiner_degrees: steiner 0, suppress 10 in 7.3e-05 s
  shortest_edge_between_terminals: 0 edges in 8.1e-05 s
  handle_small_terminal_degrees: terms 0 in 3.9e-05 s
  handle_small_Steiner_degrees: steiner 0, suppress 5 in 7.3e-05 s
  shortest_edge_between_terminals: 0 edges in 0.000112 s
  handle_small_terminal_degrees: terms 0 in 3.8e-05 s
  handle_small_Steiner_degrees: steiner 0, suppress 2 in 6.2e-05 s
  shortest_edge_between_terminals: 0 edges in 9.8e-05 s
  handle_small_terminal_degrees: terms 0 in 3.9e-05 s
  handle_small_Steiner_degrees: steiner 0, suppress 0 in 6.7e-05 s
  shortest_edge_between_terminals: 0 edges in 8.6e-05 s
Compressed graph 31272 -> 30258
  delete_edges_shortest_path: deleted 2235 edges in 19.699 s
  handle_small_terminal_degrees: terms 78 in 0.00012 s
  handle_small_Steiner_degrees: steiner 101, suppress 2954 in 0.001336 s
  shortest_edge_between_terminals: 19 edges in 0.000156 s
  handle_small_terminal_degrees: terms 3 in 4.1e-05 s
  handle_small_Steiner_degrees: steiner 0, suppress 32 in 8.8e-05 s
  shortest_edge_between_terminals: 2 edges in 0.000102 s
  handle_small_terminal_degrees: terms 0 in 3.8e-05 s
  handle_small_Steiner_degrees: steiner 0, suppress 6 in 8.2e-05 s
  shortest_edge_between_terminals: 0 edges in 7.8e-05 s
  handle_small_terminal_degrees: terms 0 in 3.6e-05 s
  handle_small_Steiner_degrees: steiner 0, suppress 0 in 6.1e-05 s
  shortest_edge_between_terminals: 0 edges in 8.2e-05 s
Compressed graph 30258 -> 27069
Compressed graph 27069 -> 27069
>>> save_orig_graph
>> Saved weight 542957541
### ZEL_LVL=9 PRECISE_STARS=1

Calling `contract_till_the_bitter_end`
|V| = 27069, |E| = 40333, |R| = 2772
>> 25659 (22128: 7196 7220 7196) (118.464 s)
>> 24168 (3926: 7190 7232 7190) (105.373 s)
>> 19716 (4109: 7083 7088 7083) (107.318 s)
>> 19325 (3649: 7360 7364 7360) (114.897 s)
>> 18425 (14566: 7491 8838 7491) (108.608 s)
>> 15521 (12552: 6844 6853 6844) (103.625 s)
>> 13851 (22190: 7262 7263 7262) (109.54 s)
>> 13378 (17818: 6723 6756 6723) (114.252 s)
>> 11531 (7107: 7106 7117 7106) (102.568 s)
>> 10822 (3965: 7180 7207 7180) (111.484 s)
>> 10692 (588: 6489 6509 6489) (113.369 s)
>> 10454 (24695: 7193 7256 7193) (109.08 s)
>> 10362 (10443: 7094 7119 7094) (106.779 s)
>> 9263 (7064: 7062 7068 7062) (116.695 s)
>> 9028 (16977: 7109 7135 7109) (110.313 s)
>> 7585 (9726: 9674 9723 9674) (106.466 s)
>> 7258 (16769: 7223 7251 7223) (111.044 s)
>> 7129 (5495: 6288 6360 6288) (112.303 s)
>> 7005 (3442: 7453 7619 7453) (101.073 s)
>> 6943 (15563: 7845 7869 7845) (110.931 s)
>> 6847 (258: 7782 7824 7782) (118.289 s)
>> 6801 (19280: 6132 6141 6132) (111.298 s)
>> 6782 (16231: 7415 7514 7415) (111.122 s)
>> 6740 (10353: 6818 6866 6818) (110.626 s)
>> 6481 (17078: 7067 7084 7067) (110.443 s)
>> 6440 (4441: 6920 6927 6920) (110.021 s)
>> 6347 (13968: 9020 9041 9020) (108.966 s)
>> 6342 (17152: 6971 7044 6971) (111.069 s)
>> 6836 (877: 6947 6953 6947) (117.459 s)
>> 6322 (3998: 7163 7169 7163) (112.045 s)
>> 6189 (22712: 6878 6880 6878) (109.851 s)
>> 6184 (3903: 7214 7248 7214) (110.265 s)
>> 6586 (16784: 7209 7244 7209) (111.228 s)
>> 6181 (17265: 6965 7035 6965) (110.715 s)
>> 7036 (21266: 7074 7085 7074) (113.24 s)
>> 6166 (6871: 6856 6869 6856) (112.212 s)
>> 6140 (4024: 7149 7157 7149) (110.745 s)
>> 5966 (11170: 7002 7020 7002) (114.226 s)
>> 5951 (16634: 7264 7305 7264) (112.609 s)
>> 5936 (2491: 7947 7996 7947) (107.871 s)
>> 5843 (452: 7332 7351 7332) (113.605 s)
>> 5786 (3010: 7587 7668 7587) (117.8 s)
>> 5678 (9718: 9716 9730 9716) (113.826 s)
>> 5582 (16988: 7132 7141 7132) (113.237 s)
>> 5523 (4177: 7045 7105 7045) (113.585 s)
>> 5450 (3359: 7458 7485 7458) (112.916 s)
>> 5448 (4082: 7113 7131 7113) (117.419 s)
>> 5433 (9442: 9424 9439 9424) (116.186 s)
>> 5348 (10774: 9057 9254 9057) (112.697 s)
>> 5192 (16955: 7145 7150 7145) (111.587 s)
>> 5842 (16895: 7160 7178 7160) (109.692 s)
>> 5158 (3241: 7527 7552 7527) (109.744 s)
>> 5147 (3624: 7349 7373 7349) (112.521 s)
>> 5095 (20347: 6108 6110 6108) (113.659 s)
>> 5076 (16665: 7284 7310 7284) (114.732 s)
>> 6399 (9830: 7288 7296 7288) (106.662 s)
>> 5043 (21151: 6890 6898 6890) (112.754 s)
>> 5021 (16694: 7265 7281 7265) (111.485 s)
>> 4917 (8584: 8583 8627 8583) (110.783 s)
>> 4792 (834: 9434 9685 9434) (112.65 s)
>> 4782 (2306: 7998 8059 7998) (111.124 s)
>> 4739 (1023: 6091 6092 6091) (103.695 s)
>> 4729 (3217: 7559 7561 7559) (95.9302 s)
>> 4728 (22661: 6982 6915 6982) (116.958 s)
>> 4652 (19178: 6240 6244 6240) (110.109 s)
>> 4617 (4133: 7046 7058 7046) (109.824 s)
>> 4605 (8400: 8253 8399 8253) (115.577 s)
>> 4361 (20608: 7387 7408 7387) (111.23 s)
>> 4216 (17040: 7118 7123 7118) (112.91 s)
>> 4186 (1104: 9774 9779 9774) (109.65 s)
>> 4184 (11981: 7807 7864 7807) (103.238 s)
>> 4171 (14728: 8352 8413 8352) (114.052 s)
>> 4162 (16722: 7188 23969 7188) (118.036 s)
>> 4147 (19189: 6222 6234 6222) (110.529 s)
>> 4122 (22798: 7008 7029 7008) (114.574 s)
>> 4071 (3774: 7274 7294 7274) (112.418 s)
>> 4513 (16354: 7353 7406 7353) (114.779 s)
>> 4038 (101: 6911 6922 6911) (120.085 s)
>> 4022 (5372: 6458 6463 6458) (103.726 s)
>> 3991 (2690: 7828 7839 7828) (115.308 s)
>> 3974 (10419: 7153 7168 7153) (111.78 s)
>> 5045 (3994: 7155 7172 7155) (107.47 s)
>> 3948 (10750: 7013 7032 7013) (107.516 s)
>> 3928 (15355: 7835 7982 7835) (98.1414 s)
>> 3890 (21661: 6173 6318 6173) (105.545 s)
>> 3833 (9540: 9537 9564 9537) (105.443 s)
>> 3828 (14878: 8136 8219 8136) (109.472 s)
>> 4128 (14584: 8424 8531 8424) (108.445 s)
>> 3825 (25831: 6102 6104 6102) (109.297 s)
>> 3824 (3296: 7506 7516 7506) (111.895 s)
>> 3798 (8336: 8312 8333 8312) (114.375 s)
>> 3713 (93: 7879 7946 7879) (113.435 s)
>> 3699 (3703: 7335 7347 7335) (110.569 s)
>> 3642 (13390: 9453 9487 9453) (112.385 s)
>> 3593 (3634: 7340 7372 7340) (104.286 s)
>> 4121 (3650: 7356 7363 7356) (105.901 s)
>> 3582 (21683: 6084 6124 6084) (108.216 s)
>> 3582 (23184: 6123 6152 6123) (113.329 s)
>> 3581 (9623: 9619 9637 9619) (110.507 s)
>> 3545 (16147: 7558 7586 7558) (108.241 s)
>> 3544 (3073: 7641 7676 7641) (108.586 s)
>> 3523 (8676: 8674 8648 8674) (114.765 s)
>> 3514 (8294: 8266 8290 8266) (110.232 s)
>> 3501 (3709: 7314 7344 7314) (112.24 s)
>> 3474 (3031: 7603 7657 7603) (110.262 s)
>> 3410 (9369: 9359 9366 9359) (110.757 s)
>> 3404 (16341: 7369 7423 7369) (108.558 s)
>> 3729 (235: 7302 7329 7302) (107.387 s)
>> 3894 (10178: 7326 7354 7326) (107.522 s)
>> 3572 (16632: 7285 7295 7285) (101.394 s)
>> 3391 (10669: 8525 8641 8525) (107.287 s)
>> 3358 (10578: 6134 6143 6134) (113.423 s)
>> 3354 (10027: 7362 7379 7362) (112.07 s)
>> 3344 (23341: 7730 7666 7730) (111.118 s)
>> 3343 (8517: 8514 8540 8514) (109.832 s)
>> 3314 (5446: 6367 6382 6367) (107.84 s)
>> 3298 (2855: 7724 7760 7724) (107.204 s)
>> 3295 (9349: 9345 9405 9345) (108.64 s)
>> 3286 (11474: 9024 9058 9024) (114.127 s)
>> 3284 (13693: 9055 9186 9055) (117.99 s)
>> 3253 (8752: 8749 8620 8749) (116.869 s)
>> 3217 (16447: 7374 7395 7374) (116.122 s)
>> 3134 (3502: 7381 7386 7381) (116.695 s)
>> 3134 (5899: 6131 6146 6131) (111.344 s)
>> 3105 (16507: 7370 7375 7370) (113.043 s)
>> 3086 (13603: 9259 9286 9259) (104.305 s)
>> 3082 (2980: 7572 7689 7572) (113.652 s)
>> 3068 (9752: 9702 9749 9702) (110.632 s)
>> 3031 (8728: 8687 8726 8687) (109.349 s)
>> 3015 (19263: 6179 6184 6179) (107.216 s)
>> 3014 (14122: 8900 8926 8900) (114.753 s)
>> 3005 (2223: 8108 8158 8108) (110.669 s)
>> 2979 (1039: 7608 7752 7608) (108.766 s)
>> 2969 (23594: 9673 9684 9673) (107.693 s)
>> 2964 (6502: 6501 6504 6501) (100.565 s)
>> 2957 (9256: 9255 9227 9255) (109.065 s)
>> 2940 (26866: 6593 6606 6593) (105.522 s)
>> 2923 (14809: 8295 8348 8295) (108.731 s)
>> 2902 (8739: 8737 8823 8737) (108.694 s)
>> 2888 (9804: 9686 9724 9686) (110.105 s)
>> 2882 (16249: 7446 7498 7446) (113.103 s)
>> 2863 (1589: 8919 8953 8919) (110.897 s)
>> 2855 (3800: 7261 7291 7261) (109.644 s)
>> 2848 (21893: 9597 9635 9597) (109.599 s)
>> 2807 (12999: 9703 9701 9703) (107.97 s)
>> 2804 (19465: 6116 6122 6116) (115.215 s)
>> 2798 (8377: 8262 8375 8262) (113.02 s)
>> 2785 (8052: 8031 8049 8031) (109.311 s)
>> 2771 (10329: 6381 6490 6381) (109.37 s)
>> 2761 (3167: 7524 7579 7524) (104.186 s)
>> 2729 (149: 6760 6851 6760) (115.895 s)
>> 2728 (9305: 9304 9267 9304) (110.504 s)
>> 2718 (12382: 7173 7184 7173) (107.986 s)
>> 2718 (2058: 8225 8284 8225) (107.623 s)
>> 2702 (19152: 6259 6266 6259) (112.053 s)
>> 2695 (22262: 7210 7201 7210) (110.215 s)
>> 2683 (2589: 7825 7911 7825) (112.61 s)
>> 2679 (26025: 6525 6552 6525) (110.836 s)
>> 2676 (16581: 7328 7333 7328) (108.305 s)
>> 2667 (17524: 6894 6905 6894) (108.609 s)
>> 2652 (19872: 8805 8922 8805) (109.922 s)
>> 2620 (11482: 9018 9115 9018) (103.592 s)
>> 4799 (11515: 8858 8987 8858) (111.914 s)
>> 4338 (1501: 9014 9056 9014) (119.415 s)
>> 2610 (16896: 7166 7175 7166) (114.093 s)
>> 2589 (3146: 7590 7604 7590) (111.488 s)
>> 2581 (9585: 9583 9582 9583) (111.236 s)
>> 2579 (9680: 9678 9692 9678) (108.115 s)
>> 2622 (13000: 9705 9711 9705) (107.82 s)
>> 2576 (1518: 9046 9053 9046) (101.898 s)
>> 2567 (158: 8079 8105 8079) (111.652 s)
>> 2567 (9807: 7623 7699 7623) (114.887 s)
>> 2554 (3344: 7472 7496 7472) (111.654 s)
>> 2544 (5858: 6151 6156 6151) (107.945 s)
>> 2537 (25004: 7771 7799 7771) (107.297 s)
>> 2537 (9399: 9379 9396 9379) (114.223 s)
>> 2535 (2543: 7917 7921 7917) (109.347 s)
>> 2534 (2731: 7810 7818 7810) (106.738 s)
>> 2531 (22714: 7059 7075 7059) (110.781 s)
>> 2529 (14104: 8808 8975 8808) (108.16 s)
>> 2526 (12878: 9766 9771 9766) (110.564 s)
>> 2521 (10609: 9524 9483 9524) (110.281 s)
>> 2472 (22115: 6935 6974 6935) (112.934 s)
>> 2471 (25326: 7348 7385 7348) (107.347 s)
>> 2406 (1688: 8658 8769 8658) (111.816 s)
>> 2402 (23787: 6496 6497 6496) (106.476 s)
>> 2398 (3786: 7268 7301 7268) (111.339 s)
>> 2394 (14790: 8277 8301 8277) (114.757 s)
>> 2393 (11251: 8485 8503 8485) (109.202 s)
>> 2670 (1956: 8445 8465 8445) (110.838 s)
>> 2391 (8662: 8659 8731 8659) (115.693 s)
>> 2402 (8861: 8779 8859 8779) (113.622 s)
>> 2385 (3492: 7407 7426 7407) (106.142 s)
>> 2384 (1709: 8603 8736 8603) (118.096 s)
>> 2379 (21560: 7082 7114 7082) (109.517 s)
>> 2377 (3476: 7418 7441 7418) (113.229 s)
>> 2372 (6063: 6093 6094 6093) (118.505 s)
>> 2364 (4700: 6811 6838 6811) (106.946 s)
>> 2360 (2759: 7802 7753 7802) (105.281 s)
>> 2355 (2273: 8123 2355 8123) (105.505 s)
>> 2324 (1465: 8978 9088 8978) (107.935 s)
>> 2318 (26737: 7278 7322 7278) (107.725 s)
>> 2296 (16180: 7500 7549 7500) (113.645 s)
>> 2284 (26214: 6085 6089 6085) (111.242 s)
>> 2271 (9506: 9502 9548 9502) (108.003 s)
>> 2262 (3487: 7405 7419 7405) (103.89 s)
>> 3114 (22007: 7461 7518 7461) (112.419 s)
>> 2255 (24968: 8645 8849 8645) (111.447 s)
>> 2249 (23680: 9337 9484 9337) (109.785 s)
>> 2786 (13242: 9530 9569 9530) (98.0796 s)
>> 2236 (9955: 8970 26846 8970) (106.353 s)
>> 2234 (2233: 8109 8145 8109) (108.085 s)
>> 2234 (15988: 7530 7715 7530) (112.483 s)
>> 3413 (304: 7505 7578 7505) (110.529 s)
>> 2233 (19899: 7177 7182 7177) (116.473 s)
>> 2230 (1724: 8598 8710 8598) (113.05 s)
>> 2225 (7874: 7861 7872 7861) (110.343 s)
>> 2220 (1525: 9028 9038 9028) (110.365 s)
>> 2209 (625: 6696 6721 6696) (108.946 s)
>> 2203 (13589: 9365 9276 9365) (108.802 s)
>> 2192 (26762: 7229 7247 7229) (109.134 s)
>> 2191 (19247: 6192 6196 6192) (113.914 s)
>> 2181 (15627: 7827 7836 7827) (105.883 s)
>> 2174 (22112: 9547 9587 9547) (115.207 s)
>> 2172 (229: 6499 6571 6499) (111.974 s)
>> 2169 (23858: 8392 8435 8392) (113.824 s)
>> 2167 (8721: 8508 8717 8508) (108.505 s)
>> 2158 (511: 6213 6251 6213) (107.905 s)
>> 2155 (10084: 6520 6523 6520) (114.378 s)
>> 2154 (20028: 8086 8142 8086) (112.82 s)
>> 2145 (9553: 9552 9543 9552) (107.102 s)
>> 2144 (24344: 6363 6366 6363) (112.411 s)
>> 3684 (23941: 6364 6402 6364) (109.169 s)
>> 2141 (5302: 6494 6500 6494) (114.222 s)
>> 2128 (5994: 6120 6125 6120) (110.281 s)
>> 2116 (8735: 8733 8818 8733) (111.985 s)
>> 2111 (2298: 8101 8112 8101) (115.345 s)
>> 2110 (9788: 7380 7432 7380) (110.742 s)
>> 2098 (7953: 7943 7952 7943) (113.011 s)
>> 2094 (11786: 8128 8138 8128) (111.256 s)
>> 2091 (6349: 6348 6355 6348) (112.654 s)
>> 2086 (10815: 9413 9411 9413) (108.635 s)
>> 3063 (9495: 9464 9493 9464) (114.482 s)
>> 2084 (10334: 7144 7171 7144) (116.811 s)
>> 2176 (17030: 7115 7125 7115) (116.306 s)
>> 2081 (1130: 9738 9748 9738) (118.186 s)
>> 2077 (1898: 8534 8615 8534) (115.13 s)
>> 2074 (2459: 7988 8013 7988) (116.739 s)
>> 2072 (2751: 7785 7791 7785) (114.212 s)
>> 2066 (22197: 6663 6671 6663) (120.823 s)
>> 2048 (3133: 7597 7625 7597) (111.654 s)
>> 2044 (9356: 9353 9377 9353) (111.004 s)
>> 2022 (9034: 8969 9033 8969) (115.325 s)
>> 2021 (484: 6668 6692 6668) (113.659 s)
>> 2019 (8912: 8872 8909 8872) (111.572 s)
>> 2010 (2648: 7805 7856 7805) (111.18 s)
>> 2000 (18981: 6309 6315 6309) (117.606 s)
>> 1990 (4827: 6759 6776 6759) (112.081 s)
>> 1981 (295: 6442 6448 6442) (110.02 s)
>> 1971 (22263: 7237 7240 7237) (110.236 s)
>> 1969 (2660: 7813 7852 7813) (111.727 s)
>> 1960 (13588: 9300 9357 9300) (108.742 s)
>> 1960 (13134: 9594 9648 9594) (109.935 s)
>> 1955 (13534: 9287 9344 9287) (106.388 s)
>> 1951 (11219: 8189 8423 8189) (104.682 s)
>> 1948 (20273: 6623 6639 6623) (108.496 s)
>> 1947 (15092: 8014 8117 8014) (116.865 s)
>> 1946 (14116: 8938 8988 8938) (115.335 s)
>> 1942 (8510: 8509 8518 8509) (113.007 s)
>> 1942 (9529: 9527 9568 9527) (113.484 s)
>> 2430 (26583: 9578 9600 9578) (106.98 s)
>> 1925 (22895: 9720 9745 9720) (112.316 s)
>> 2059 (19979: 9759 9767 9759) (115.94 s)
>> 1916 (19102: 6270 6286 6270) (113.271 s)
>> 1916 (4880: 6746 6747 6746) (105.994 s)
>> 1906 (18198: 6636 6643 6636) (100.594 s)
>> 1903 (4372: 6963 6988 6963) (109.298 s)
>> 1903 (9251: 9248 9225 9248) (107.376 s)
>> 1902 (13092: 9610 9626 9610) (110.827 s)
>> 1900 (16763: 7245 7259 7245) (113.695 s)
>> 1896 (5990: 6118 6127 6118) (107.858 s)
>> 1888 (24042: 6097 6098 6097) (107.637 s)
>> 1883 (8282: 8280 8298 8280) (119.023 s)
>> 1881 (5855: 6157 6158 6157) (112.982 s)
>> 1877 (3185: 7571 7576 7571) (108.888 s)
>> 1877 (6423: 6420 6433 6420) (119.26 s)
>> 1877 (10788: 8255 8329 8255) (120.873 s)
>> 1875 (8408: 8406 8372 8406) (121.208 s)
>> 1868 (15469: 7904 7915 7904) (112.787 s)
>> 1865 (11064: 8264 8271 8264) (117.604 s)
>> 1865 (13956: 8977 9061 8977) (110.472 s)
>> 1851 (16589: 7303 7334 7303) (114.346 s)
>> 1842 (15606: 7778 7796 7778) (110.745 s)
>> 1946 (2819: 7777 7812 7777) (109.402 s)
>> 1837 (5135: 6595 6596 6595) (109.246 s)
>> 1832 (16839: 7199 7208 7199) (113.748 s)
>> 1825 (18133: 6651 6676 6651) (112.531 s)
>> 1825 (11669: 8486 8456 8486) (111.902 s)
>> 1811 (6531: 6529 6540 6529) (111.082 s)
>> 1809 (11281: 8917 8994 8917) (109.405 s)
>> 1803 (717: 6130 6142 6130) (112.213 s)
>> 1801 (9643: 9642 9651 9642) (104.558 s)
>> 1795 (2046: 8276 8308 8276) (112.444 s)
>> 1865 (2024: 8241 8346 8241) (118.776 s)
>> 1795 (21822: 7931 7903 7931) (112.04 s)
>> 1794 (1852: 8538 8565 8538) (121.819 s)
>> 1786 (4660: 6855 6864 6855) (113.876 s)
>> 1783 (11774: 8171 8202 8171) (115.183 s)
>> 1782 (10803: 9563 9588 9563) (112.833 s)
>> 1781 (1104: 9742 9768 9742) (113.47 s)
>> 1776 (20766: 8786 8932 8786) (114.204 s)
>> 2686 (14229: 8841 8896 8841) (111.258 s)
>> 2172 (750: 9084 9190 9084) (114.022 s)
>> 1767 (17718: 6839 6842 6839) (108.015 s)
>> 1763 (14191: 8881 8914 8881) (107.158 s)
>> 1760 (1873: 8551 8572 8551) (112.726 s)
>> 1758 (1454: 9051 9092 9051) (112.785 s)
>> 1758 (9291: 9289 9309 9289) (108.815 s)
>> 1821 (9123: 9120 9140 9120) (113.215 s)
>> 1753 (23079: 7942 8012 7942) (115.473 s)
>> 1752 (6394: 6393 6403 6393) (110.034 s)
>> 1744 (9199: 9195 9169 9195) (110.701 s)
>> 1728 (4170: 7038 7041 7038) (104.242 s)
>> 1722 (25316: 7389 7391 7389) (111.985 s)
>> 1715 (12227: 7434 7454 7434) (107.87 s)
>> 1712 (3153: 7588 7598 7588) (116.661 s)
>> 1711 (5613: 6293 6305 6293) (116.774 s)
>> 1711 (15315: 8019 8043 8019) (116.242 s)
>> 1708 (5750: 6221 6226 6221) (115.7 s)
>> 1692 (22694: 9202 9223 9202) (108.385 s)
>> 1741 (13682: 9222 9261 9222) (109.239 s)
>> 1686 (4389: 6956 6957 6956) (111.079 s)
>> 1684 (11771: 8204 8373 8204) (115.616 s)
>> 1684 (1609: 8893 8898 8893) (105.805 s)
>> 1681 (9447: 9443 9477 9443) (107.46 s)
>> 1681 (6447: 6446 6445 6446) (115.028 s)
>> 1680 (724: 9743 9755 9743) (117.237 s)
>> 1711 (12968: 9710 9722 9710) (112.753 s)
>> 1675 (3425: 7444 7460 7444) (108.852 s)
>> 1671 (8959: 8899 8957 8899) (109.754 s)
>> 1658 (5323: 6475 6482 6475) (114.788 s)
>> 1651 (15273: 8038 8045 8038) (115.514 s)
>> 1651 (18847: 18850 6408 18850) (110.79 s)
>> 2378 (6378: 6371 6377 6371) (109.183 s)
>> 1889 (5524: 6345 6321 6345) (107.627 s)
>> 1642 (5628: 6294 6299 6294) (112.627 s)
>> 1636 (5767: 6208 19262 6208) (112.211 s)
>> 1629 (8724: 8606 8722 8606) (108.873 s)
>> 1618 (2773: 7794 7826 7794) (119.133 s)
>> 1617 (15914: 7660 7716 7660) (111.405 s)
>> 1617 (9299: 9295 9277 9295) (113.633 s)
>> 1613 (10602: 7433 7452 7433) (112.019 s)
>> 1608 (18237: 6622 6635 6622) (116.435 s)
>> 1606 (4568: 6886 6895 6886) (114.027 s)
>> 1606 (9336: 9334 9341 9334) (114.051 s)
>> 1599 (11112: 8091 8140 8091) (114.497 s)
>> 1595 (14599: 11705 8582 11705) (111.088 s)
>> 1594 (1744: 8671 8820 8671) (104.995 s)
>> 1738 (1806: 8523 8612 8523) (110.858 s)
>> 1590 (1698: 8745 8783 8745) (111.357 s)
>> 1589 (13284: 9515 9518 9515) (104.312 s)
>> 1585 (4806: 6781 6786 6781) (112.502 s)
>> 1578 (9918: 6329 6330 6329) (107.567 s)
>> 1576 (3099: 7550 7621 7550) (111.369 s)
>> 1573 (18474: 6534 18465 6534) (107.664 s)
>> 2446 (26345: 6524 6536 6524) (104.288 s)
>> 1569 (12037: 7757 7775 7757) (108.86 s)
>> 1568 (17899: 6765 6769 6765) (102.945 s)
>> 1568 (9923: 7577 7645 7577) (106.725 s)
>> 1560 (11135: 6165 6170 6165) (107.651 s)
>> 1557 (1310: 9331 13632 9331) (110.897 s)
>> 1552 (16782: 7213 7246 7213) (108.99 s)
>> 1550 (11520: 8892 8906 8892) (109.776 s)
>> 1546 (12181: 7523 7533 7523) (105.601 s)
>> 1535 (9321: 9320 9301 9320) (105.823 s)
>> 1531 (1699: 8743 8807 8743) (106.651 s)
>> 1530 (10589: 6727 6733 6727) (113.239 s)
>> 1529 (12877: 9757 9770 9757) (98.5821 s)
>> 1524 (22631: 25103 9404 25103) (108.321 s)
>> 1518 (22682: 7983 7997 7983) (111.39 s)
>> 1514 (11957: 7859 7935 7859) (107.529 s)
>> 1513 (17385: 6960 6979 6960) (112.701 s)
>> 1513 (11167: 8211 8430 8211) (105.475 s)
>> 1509 (25133: 8103 8159 8103) (107.328 s)
>> 1504 (23153: 6155 6169 6155) (107.06 s)
>> 1500 (10739: 7653 7692 7653) (111.931 s)
>> 1498 (1344: 9204 9242 9204) (110.163 s)
>> 1498 (25592: 8057 8168 8057) (116.004 s)
>> 1818 (15289: 8069 8006 8069) (111.868 s)
>> 1493 (25651: 8619 8770 8619) (106.039 s)
>> 1490 (22433: 7691 7720 7691) (113.865 s)
>> 1488 (18529: 6518 6519 6518) (112.87 s)
>> 1487 (11211: 8631 8811 8631) (114.19 s)
>> 1487 (7615: 7614 7664 7614) (105.415 s)
>> 1482 (1035: 7481 7567 7481) (114.089 s)
>> 1479 (5686: 6278 6283 6278) (109.941 s)
>> 1479 (5011: 6653 6665 6653) (110.353 s)
>> 1474 (24169: 6706 6713 6706) (111.969 s)
>> 2488 (18229: 6625 6632 6625) (115.63 s)
>> 1465 (15992: 7613 7642 7613) (110.744 s)
>> 1463 (15259: 8087 15340 8087) (111.567 s)
>> 1461 (2954: 7663 7703 7663) (117.364 s)
>> 1461 (517: 7781 7817 7781) (115.872 s)
>> 1457 (14282: 8618 8692 8618) (119.721 s)
>> 1454 (15020: 8167 8247 8167) (114.375 s)
>> 1615 (2286: 8016 8116 8016) (115.809 s)
>> 1451 (20863: 7060 7072 7060) (111.431 s)
>> 1442 (10076: 7914 7971 7914) (114.116 s)
>> 1441 (15087: 8119 15038 8119) (106.124 s)
>> 1437 (20450: 8889 9004 8889) (107.402 s)
>> 1668 (1680: 8634 8798 8634) (109.209 s)
>> 1430 (4943: 6712 6720 6712) (119.319 s)
>> 1426 (2423: 8035 8039 8035) (110.401 s)
>> 1422 (23759: 6437 6438 6437) (113.536 s)
>> 1420 (14337: 8670 8709 8670) (102.014 s)
>> 1419 (23971: 6641 6657 6641) (110.218 s)
>> 1414 (4413: 6936 6951 6936) (110.78 s)
>> 1406 (21240: 6126 6296 6126) (110.316 s)
>> 1403 (14974: 8058 8226 8058) (110.148 s)
>> 1396 (9882: 7016 7040 7016) (109.308 s)
>> 1394 (14976: 8242 8232 8242) (108.22 s)
>> 1392 (3151: 7570 7589 7570) (96.3684 s)
>> 1390 (1685: 8725 8785 8725) (109.197 s)
>> 1389 (18180: 6654 6659 6654) (103.13 s)
>> 1387 (15497: 7880 7892 7880) (109.398 s)
>> 1383 (27003: 6620 6637 6620) (109.807 s)
>> 1383 (13342: 9448 9486 9448) (111.416 s)
>> 1380 (25036: 7925 7965 7925) (105.907 s)
>> 1378 (11031: 8437 8481 8437) (106.685 s)
>> 1376 (5435: 6410 6436 6410) (107.233 s)
>> 1370 (5380: 6455 6464 6455) (109.264 s)
>> 1365 (8794: 8792 8777 8792) (107.734 s)
>> 1363 (20512: 6597 6605 6597) (103.11 s)
>> 1360 (24877: 8317 8414 8317) (110.793 s)
>> 1358 (8668: 8608 8666 8608) (116.976 s)
>> 1344 (12506: 6914 6921 6914) (114.323 s)
>> 1343 (17234: 6996 7001 6996) (110.645 s)
>> 1338 (4220: 7021 7024 7021) (103.929 s)
>> 1575 (26794: 6997 7006 6997) (105.235 s)
>> 1338 (23863: 8254 8205 8254) (112.778 s)
>> 1329 (2952: 7704 7719 7704) (105.216 s)
>> 1328 (14624: 8467 8528 8467) (110.36 s)
>> 1836 (14681: 8444 8496 8444) (110.228 s)
>> 1326 (14103: 8840 8947 8840) (108.745 s)
>> 1313 (10610: 8085 8111 8085) (106.754 s)
>> 1521 (11823: 8141 8233 8141) (107.735 s)
>> 1313 (15064: 8162 8163 8162) (112.65 s)
>> 1309 (18240: 6616 6624 6616) (111.327 s)
>> 1308 (24528: 6928 6934 6928) (112.865 s)
>> 1304 (14323: 8617 8647 8617) (109.495 s)
>> 1303 (12616: 6690 6705 6690) (112.56 s)
>> 1292 (20971: 9761 9765 9761) (107.021 s)
>> 1292 (16118: 7526 7573 7526) (113.01 s)
>> 1287 (11662: 8344 8403 8344) (109.209 s)
>> 1284 (12247: 7392 7398 7392) (112.862 s)
>> 1282 (26038: 9459 9461 9459) (106.648 s)
>> 1282 (25293: 9119 9164 9119) (105.668 s)
>> 1280 (17912: 6754 6758 6754) (110.255 s)
>> 1278 (18108: 6664 6687 6664) (108.024 s)
>> 1276 (16148: 7528 7534 7528) (109.669 s)
>> 1271 (17017: 7112 7116 7112) (112.848 s)
>> 1265 (11854: 8093 8143 8093) (105.189 s)
>> 1256 (24542: 7887 7958 7887) (108.696 s)
>> 1253 (26277: 7806 7854 7806) (115.477 s)
>> 1252 (2510: 7984 2408 7984) (110.514 s)
>> 1250 (16404: 7414 7436 7414) (98.8211 s)
>> 1250 (7967: 7932 7966 7932) (109.547 s)
>> 1248 (6418: 6416 6425 6416) (109.298 s)
>> 1247 (5488: 6350 6356 6350) (110.313 s)
>> 1241 (9432: 9430 9482 9430) (105.501 s)
>> 1239 (3739: 7316 7324 7316) (106.615 s)
>> 1239 (14702: 8497 8480 8497) (99.6962 s)
>> 1598 (1878: 8501 8550 8501) (103.825 s)
>> 1229 (25901: 6541 6562 6541) (106.81 s)
>> 1225 (15008: 8215 8229 8215) (108.954 s)
>> 1225 (9212: 9211 9241 9211) (108.306 s)
>> 1222 (2471: 8010 8078 8010) (105.928 s)
>> 1721 (15068: 8114 8153 8114) (107.055 s)
>> 1215 (13371: 9507 9512 9507) (99.7974 s)
>> 1215 (13158: 9581 9595 9581) (109.746 s)
>> 1208 (21362: 7501 7525 7501) (108.245 s)
>> 1203 (3086: 7620 7636 7620) (105.703 s)
>> 1203 (10591: 8304 8368 8304) (103.819 s)
>> 1202 (18955: 6319 6327 6319) (108.64 s)
>> 1201 (11198: 9657 13008 9657) (111.395 s)
>> 1190 (17654: 6848 6868 6848) (112.985 s)
>> 1184 (17909: 6755 6764 6755) (113.535 s)
>> 1181 (6515: 6514 6521 6514) (100.008 s)
>> 1180 (21568: 7740 7786 7740) (104.107 s)
>> 1172 (26610: 6435 6443 6435) (112.811 s)
>> 1170 (24785: 6675 6678 6675) (108.844 s)
>> 1662 (25099: 6642 6648 6642) (106.05 s)
>> 1418 (17930: 6740 6757 6740) (111.857 s)
>> 1396 (24378: 6761 6775 6761) (108.944 s)
>> 1167 (6708: 6699 6707 6699) (107.94 s)
>> 1167 (13831: 9109 9006 9109) (106.542 s)
>> 1165 (3385: 7424 7469 7424) (106.568 s)
>> 1162 (5158: 6565 6585 6565) (115.201 s)
>> 1162 (9239: 9193 9238 9193) (108.742 s)
>> 1159 (23248: 6095 6099 6095) (111.019 s)
>> 1159 (11057: 6959 6977 6959) (124.694 s)
>> 1289 (4427: 6930 6941 6930) (109.785 s)
>> 1157 (2288: 8097 8118 8097) (108.416 s)
>> 1157 (17647: 6846 6881 6846) (109.689 s)
>> 1210 (17528: 6907 6923 6907) (109.708 s)
>> 1150 (17887: 6763 6778 6763) (114.116 s)
>> 1149 (243: 7762 12113 7762) (110.97 s)
>> 2575 (630: 7637 7655 7637) (112.441 s)
>> 1146 (2219: 8104 8146 8104) (108.737 s)
>> 1139 (15046: 8169 8261 8169) (108.96 s)
>> 1136 (4489: 6909 6919 6909) (108.181 s)
>> 1136 (26626: 7731 7751 7731) (105.717 s)
>> 1134 (19363: 6138 6145 6138) (103.258 s)
>> 1130 (9419: 9418 9437 9418) (106.03 s)
>> 1129 (20372: 6816 6817 6816) (112.608 s)
>> 1124 (8655: 8653 8614 8653) (103.635 s)
>> 1113 (8702: 8701 8778 8701) (107.902 s)
>> 1111 (18706: 6452 6460 6452) (109.42 s)
>> 1238 (5368: 6454 6462 6454) (110.511 s)
>> 1110 (23660: 6774 6787 6774) (109.885 s)
>> 1107 (22695: 6542 6553 6542) (108.886 s)
>> 1105 (21570: 8502 8519 8502) (107.206 s)
>> 1104 (754: 6277 6257 6277) (107.19 s)
>> 1100 (24723: 6359 5560 6359) (112.061 s)
>> 1095 (20974: 8870 8931 8870) (105.554 s)
>> 1613 (10448: 9078 9139 9078) (115.28 s)
>> 1095 (22040: 9593 9662 9593) (105.236 s)
>> 1094 (19303: 6162 6166 6162) (114.533 s)
>> 1093 (20117: 6471 6483 6471) (111.93 s)
>> 1092 (2166: 8196 8195 8196) (109.993 s)
>> 1091 (11234: 9279 9350 9279) (110.332 s)
>> 1086 (25979: 9709 9715 9709) (105.642 s)
>> 1086 (1729: 8697 1759 8697) (108.759 s)
>> 1083 (4871: 6748 6752 6748) (109.889 s)
>> 1081 (7930: 7918 7926 7918) (109.964 s)
>> 1078 (23454: 8524 8561 8524) (102.781 s)
>> 1075 (25332: 8513 8589 8513) (115.239 s)
>> 1070 (13744: 9184 9203 9184) (111.92 s)
>> 1067 (11643: 8580 8590 8580) (110.314 s)
>> 1063 (21303: 9636 24592 9636) (104.152 s)
>> 2780 (9841: 9736 9677 9736) (107.928 s)
>> 1061 (14826: 8422 8302 8422) (105.824 s)
>> 1060 (3232: 7555 7585 7555) (105.968 s)
>> 1137 (7503: 7502 7517 7502) (105.681 s)
>> 1048 (16372: 7404 7417 7404) (105.03 s)
>> 1814 (3573: 7384 7388 7384) (104.887 s)
>> 1276 (3525: 7403 7412 7403) (101.059 s)
>> 1048 (9616: 9598 9615 9598) (105.594 s)
>> 1048 (16008: 7628 7649 7628) (111.201 s)
>> 1047 (25890: 7239 7249 7239) (107.598 s)
>> 1047 (11765: 8279 11753 8279) (111.545 s)
>> 1044 (2807: 7770 7780 7770) (108.062 s)
>> 1037 (2823: 7776 7784 7776) (119.339 s)
>> 1033 (4547: 6893 6906 6893) (116.406 s)
>> 1032 (1575: 8979 8983 8979) (112.214 s)
>> 1433 (11533: 8943 8963 8943) (107.721 s)
>> 1029 (20851: 9744 9758 9744) (110.477 s)
>> 1028 (20557: 6751 6741 6751) (103.446 s)
>> 1027 (10059: 6726 6731 6726) (98.0961 s)
>> 1026 (6387: 6385 6388 6385) (109.573 s)
>> 1023 (16248: 7487 7513 7487) (111.452 s)
>> 1022 (2073: 8275 8371 8275) (106.83 s)
>> 1021 (18658: 6469 6470 6469) (110.981 s)
>> 1021 (5310: 6481 6488 6481) (111.361 s)
>> 1153 (10809: 6478 6480 6478) (100.493 s)
>> 1021 (14679: 8470 8529 8470) (101.889 s)
>> 1016 (16254: 7471 7492 7471) (105.582 s)
>> 1014 (10445: 7787 7814 7787) (107.769 s)
>> 1010 (5636: 6284 6298 6284) (106.579 s)
>> 1008 (2296: 8076 8099 8076) (117.764 s)
>> 1007 (17539: 6899 6902 6899) (110.741 s)
>> 1007 (15787: 7722 7737 7722) (105.854 s)
>> 1493 (21029: 7643 7702 7643) (103.849 s)
>> 1000 (7672: 7662 7671 7662) (95.5015 s)
>> 987 (13438: 9330 9333 9330) (106.879 s)
>> 983 (14420: 8768 8651 8768) (106.016 s)
>> 981 (17757: 6805 6830 6805) (94.9325 s)
>> 981 (14958: 8299 8273 8299) (107.186 s)
>> 980 (13345: 9436 9458 9436) (104.362 s)
>> 1311 (24186: 9351 9401 9351) (105.847 s)
>> 979 (8458: 8425 8457 8425) (103.524 s)
>> 977 (23046: 7399 7421 7399) (102.201 s)
>> 977 (1860: 8527 8559 8527) (103.87 s)
>> 977 (19904: 7449 21790 7449) (105.49 s)
>> 976 (25278: 8918 9054 8918) (104.879 s)
>> 972 (4311: 6975 6987 6975) (108.17 s)
>> 969 (10843: 9363 9342 9363) (110.191 s)
>> 965 (9631: 9628 9580 9628) (105.831 s)
>> 964 (5143: 6582 6594 6582) (101.268 s)
>> 964 (15251: 8037 8102 8037) (102.615 s)
>> 1073 (2204: 8110 8165 8110) (109.993 s)
>> 959 (14128: 8795 8871 8795) (105.461 s)
>> 953 (1421: 9150 9170 9150) (105.166 s)
>> 1022 (1479: 9066 9077 9066) (106.379 s)
>> 1176 (13857: 9017 9114 9017) (112.444 s)
>> 949 (14684: 8438 8536 8438) (115.748 s)
>> 948 (24540: 7793 7868 7793) (107.656 s)
>> 946 (8258: 8256 8303 8256) (109.763 s)
>> 943 (13586: 9285 9338 9285) (112.294 s)
>> 941 (13772: 9137 9191 9137) (111.612 s)
>> 1305 (14028: 8955 9003 8955) (104.855 s)
>> 948 (13935: 9001 9007 9001) (102.222 s)
>> 941 (23217: 9429 13359 9429) (101.287 s)
>> 940 (3890: 7225 7254 7225) (105.3 s)
>> 938 (15400: 8067 8011 8067) (107.861 s)
>> 936 (17342: 6980 6994 6980) (102.894 s)
>> 936 (18556: 6503 6507 6503) (103.879 s)
>> 935 (25596: 7410 7440 7410) (104.089 s)
>> 932 (11311: 6347 6373 6347) (104.569 s)
>> 931 (24381: 8962 9099 8962) (105.113 s)
>> 926 (12398: 7151 7164 7151) (103.43 s)
>> 925 (9689: 9688 12957 9688) (103.868 s)
>> 924 (8361: 8342 8358 8342) (102.907 s)
>> 923 (11747: 8274 8340 8274) (96.6468 s)
>> 1169 (11818: 8126 8137 8126) (109.807 s)
>> 922 (3367: 7483 7490 7483) (107.499 s)
>> 1455 (3251: 7521 7551 7521) (102.795 s)
>> 920 (19136: 6279 6285 6279) (95.0624 s)
>> 912 (20580: 6684 6689 6684) (99.9386 s)
>> 911 (2228: 8088 8151 8088) (103.248 s)
>> 909 (10424: 6938 6954 6938) (117.392 s)
>> 908 (16304: 7430 7445 7430) (105.802 s)
>> 899 (20900: 6176 6178 6176) (107.499 s)
>> 898 (14460: 8636 8573 8636) (102.233 s)
>> 898 (8855: 8853 8875 8853) (106.302 s)
>> 897 (8066: 8062 8080 8062) (108.415 s)
>> 891 (15562: 7853 7886 7853) (102.163 s)
>> 891 (21409: 7669 7686 7669) (98.9202 s)
>> 885 (15100: 8125 8166 8125) (102.881 s)
>> 884 (13073: 9625 9646 9625) (101.409 s)
>> 884 (1614: 8772 8880 8772) (101.522 s)
>> 949 (10998: 9576 9560 9576) (105.132 s)
>> 882 (8208: 8174 8206 8174) (106.313 s)
>> 878 (1354: 9161 9252 9161) (96.02 s)
>> 877 (6011: 6117 6121 6117) (101.319 s)
>> 877 (14710: 8461 8462 8461) (105.656 s)
>> 874 (10276: 8546 8644 8546) (99.5147 s)
>> 981 (22532: 8378 8341 8378) (106.028 s)
>> 874 (16203: 7484 7522 7484) (106.508 s)
>> 871 (11971: 7846 7893 7846) (102.676 s)
>> 869 (14119: 8942 8999 8942) (103.176 s)
>> 868 (9095: 9093 9129 9093) (99.1426 s)
>> 862 (4833: 6753 6762 6753) (97.0566 s)
>> 858 (16267: 7468 7479 7468) (97.9292 s)
>> 855 (25558: 6968 6992 6968) (107.739 s)
>> 851 (18926: 6331 6340 6331) (107.14 s)
>> 845 (15520: 7898 15453 7898) (104.441 s)
>> 844 (17338: 6967 6978 6967) (107.455 s)
>> 843 (11168: 7860 7916 7860) (111.571 s)
>> 841 (5043: 6626 6646 6626) (101.858 s)
>> 841 (9081: 9079 9069 9079) (98.9027 s)
>> 840 (9764: 9762 9777 9762) (103.756 s)
>> 840 (311: 6177 6211 6177) (107.09 s)
>> 835 (14225: 8833 8763 8833) (104.09 s)
>> 833 (7728: 7725 7717 7725) (103.379 s)
>> 832 (11536: 8824 8865 8824) (113.139 s)
>> 827 (8973: 8971 23595 8971) (102.917 s)
>> 824 (5791: 6190 6200 6190) (103.809 s)
>> 823 (5596: 6313 6322 6313) (102 s)
>> 823 (10946: 6827 6834 6827) (108.576 s)
>> 823 (8851: 8850 8891 8850) (94.285 s)
>> 822 (14098: 8809 8939 8809) (103.411 s)
>> 821 (16832: 7195 7235 7195) (107.525 s)
>> 1612 (164: 7170 7181 7170) (106.045 s)
>> 818 (4450: 6931 6949 6931) (105.575 s)
>> 817 (18742: 6441 6444 6441) (110.94 s)
>> 1289 (18720: 6434 6451 6434) (109.544 s)
>> 1003 (18704: 6449 6461 6449) (105.769 s)
>> 817 (24256: 7804 7941 7804) (108.25 s)
>> 817 (8625: 8621 8499 8621) (100.574 s)
>> 816 (9865: 6685 6725 6685) (99.7373 s)
>> 1115 (22821: 6694 6650 6694) (106.062 s)
>> 814 (3645: 7350 7371 7350) (103.355 s)
>> 808 (14084: 8916 8968 8916) (115.828 s)
>> 849 (1814: 8570 8610 8570) (109.943 s)
>> 807 (17042: 7098 7103 7098) (106.281 s)
>> 804 (21457: 6829 6840 6829) (106.464 s)
>> 1028 (11258: 6807 6819 6807) (100.043 s)
>> 797 (3388: 7448 7462 7448) (106.314 s)
>> 782 (26709: 6815 17879 6815) (104.983 s)
>> 780 (24124: 9670 9693 9670) (100.735 s)
>> 778 (13304: 9460 9469 9460) (102.479 s)
>> 777 (24360: 8311 8330 8311) (102.572 s)
>> 772 (13959: 9052 9075 9052) (104.105 s)
>> 755 (18415: 6564 6569 6564) (105.089 s)
>> 750 (5650: 6295 6301 6295) (102.263 s)
>> 749 (24235: 7847 7940 7847) (102.189 s)
>> 746 (19283: 6171 6172 6171) (98.2995 s)
>> 874 (5753: 6207 6219 6207) (101.975 s)
>> 746 (25111: 7308 7325 7308) (103.177 s)
>> 745 (23668: 9213 13721 9213) (102.05 s)
>> 744 (17853: 6773 6779 6773) (103.995 s)
>> 743 (22927: 7693 7739 7693) (96.3845 s)
>> 739 (18379: 6568 6575 6568) (103.273 s)
>> 737 (12776: 6281 6287 6281) (103.394 s)
>> 891 (19140: 6274 6276 6274) (104.181 s)
>> 737 (11930: 7949 7954 7949) (102.508 s)
>> 731 (15122: 8121 8133 8121) (105.795 s)
>> 726 (4516: 6904 6910 6904) (101.577 s)
>> 725 (20061: 7039 7050 7039) (107.827 s)
>> 724 (15370: 8003 8026 8003) (101.812 s)
>> 721 (10363: 6304 6306 6304) (94.1773 s)
>> 720 (5032: 6658 6660 6658) (100.927 s)
>> 1274 (6711: 6702 6709 6702) (102.496 s)
>> 717 (3211: 7556 7563 7556) (97.1826 s)
>> 711 (16091: 7542 7568 7542) (97.094 s)
>> 710 (5202: 6573 6576 6573) (101.266 s)
>> 708 (26942: 15863 10438 15863) (103.888 s)
>> 706 (15468: 7910 2569 7910) (104.259 s)
>> 700 (9135: 9134 9147 9134) (95.9787 s)
>> 700 (1868: 8556 8601 8556) (101.384 s)
>> 697 (1806: 8578 8597 8578) (101.185 s)
>> 686 (9572: 9571 9561 9571) (94.2139 s)
>> 677 (16735: 7257 7290 7257) (100.06 s)
>> 670 (22397: 6613 6647 6613) (100.229 s)
>> 875 (21539: 6611 6617 6611) (99.3167 s)
>> 668 (15286: 8029 8040 8029) (101.635 s)
>> 665 (1973: 8436 8443 8436) (100.105 s)
>> 664 (25828: 6736 6737 6736) (109.334 s)
>> 660 (22612: 8187 8252 8187) (105.964 s)
>> 659 (5538: 6317 6336 6317) (99.5026 s)
>> 657 (13637: 9243 9258 9243) (98.6883 s)
>> 655 (26756: 6302 6332 6302) (103.326 s)
>> 655 (20846: 6205 6237 6205) (99.6584 s)
>> 653 (16431: 7409 7413 7409) (102.262 s)
>> 651 (17744: 6828 6835 6828) (105.47 s)
>> 1339 (883: 6793 6820 6793) (96.5763 s)
>> 865 (4892: 6738 6790 6738) (106.011 s)
>> 650 (1213: 9403 9526 9403) (108.353 s)
>> 649 (12628: 6670 6674 6670) (110.685 s)
>> 648 (6405: 6404 6384 6404) (106.498 s)
>> 644 (8082: 8061 8081 8061) (107.625 s)
>> 636 (22954: 7447 7470 7447) (107.578 s)
>> 636 (22631: 9400 9438 9400) (107.776 s)
>> 1014 (13436: 9393 13508 9393) (109.152 s)
>> 630 (7343: 7341 7352 7341) (109.767 s)
>> 628 (13459: 9371 9492 9371) (109.392 s)
>> 1080 (9392: 9388 9265 9388) (99.2185 s)
>> 625 (18485: 6533 6535 6533) (100.071 s)
>> 625 (19162: 6243 6254 6243) (97.0493 s)
>> 625 (26807: 8353 8393 8353) (95.8067 s)
>> 618 (13043: 9664 9666 9664) (98.7617 s)
>> 616 (16476: 7378 7393 7378) (100.497 s)
>> 615 (2475: 7970 8005 7970) (96.1173 s)
>> 612 (9144: 9015 9142 9015) (102.522 s)
>> 606 (842: 7772 7815 7772) (97.6677 s)
>> 599 (21300: 9352 9384 9352) (97.1169 s)
>> 598 (12443: 7049 7053 7049) (106.708 s)
>> 598 (26931: 8626 8813 8626) (100.914 s)
>> 595 (16962: 7148 7152 7148) (106.31 s)
>> 595 (25207: 9559 9607 9559) (103.255 s)
>> 631 (13241: 9596 9534 9596) (102.079 s)
>> 594 (5624: 6300 6308 6300) (105.055 s)
>> 591 (3532: 7411 7420 7411) (103.069 s)
>> 591 (15793: 7711 7748 7711) (99.626 s)
>> 583 (17697: 6847 6852 6847) (97.836 s)
>> 579 (17552: 6892 6896 6892) (99.491 s)
>> 579 (10616: 9278 9343 9278) (101.233 s)
>> 577 (20267: 9087 9068 9087) (101.499 s)
>> 587 (26048: 9108 24274 9108) (103.504 s)
>> 574 (5557: 6316 6326 6316) (102.622 s)
>> 1264 (5607: 6297 6307 6297) (107.576 s)
>> 574 (19698: 8135 8201 8135) (106.402 s)
>> 572 (10801: 9602 9627 9602) (99.476 s)
>> 567 (15720: 7761 7789 7761) (94.2771 s)
>> 1001 (15788: 7738 7758 7738) (89.3763 s)
>> 567 (12095: 7648 7713 7648) (84.0311 s)
>> 1422 (2845: 7755 7769 7755) (98.6145 s)
>> 1272 (15887: 7688 7714 7688) (94.9371 s)
>> 566 (4327: 6976 6981 6976) (84.8702 s)
>> 563 (18376: 6577 6581 6577) (94.5593 s)
>> 562 (12128: 7652 7656 7652) (99.4773 s)
>> 561 (13137: 9611 9632 9611) (104.286 s)
>> 574 (26463: 9624 9676 9624) (100.173 s)
>> 557 (8434: 8431 8558 8431) (100.99 s)
>> 551 (15861: 7723 7747 7723) (99.6123 s)
>> 548 (2813: 7759 7779 7759) (97.3337 s)
>> 536 (977: 6337 6342 6337) (97.6171 s)
>> 529 (4422: 6937 6942 6937) (95.4399 s)
>> 529 (26641: 6645 6649 6645) (102.022 s)
>> 528 (2546: 7961 7993 7961) (101.577 s)
>> 521 (20433: 6603 6621 6603) (94.1681 s)
>> 511 (2434: 7985 8028 7985) (89.8444 s)
>> 511 (1375: 9210 9224 9210) (93.8682 s)
>> 509 (13638: 9294 9262 9294) (92.8689 s)
>> 800 (13391: 9364 9457 9364) (100.268 s)
>> 505 (4962: 6677 6698 6677) (97.4095 s)
>> 505 (17139: 7042 7055 7042) (91.6812 s)
>> 500 (390: 7535 7584 7535) (100.556 s)
>> 495 (26923: 8098 8147 8098) (93.621 s)
>> 494 (9729: 9728 9714 9728) (83.9065 s)
>> 480 (4909: 6693 6735 6693) (97.4581 s)
>> 480 (3897: 7250 16711 7250) (99.8281 s)
>> 1114 (3762: 7309 7331 7309) (93.6891 s)
>> 1255 (3593: 7357 7383 7357) (95.0431 s)
>> 467 (17583: 6885 6887 6885) (94.3366 s)
>> 467 (21779: 7101 7110 7101) (94.5804 s)
>> 466 (16264: 7473 7512 7473) (91.8584 s)
>> 463 (5499: 6346 6357 6346) (90.3405 s)
>> 461 (17394: 6962 6966 6962) (96.7561 s)
>> 448 (12650: 6574 6598 6574) (90.4303 s)
>> 447 (17119: 7052 7056 7052) (88.9568 s)
>> 444 (5162: 6583 6589 6583) (88.8159 s)
>> 443 (11352: 6825 17835 6825) (91.887 s)
>> 439 (25231: 6549 6555 6549) (96.1534 s)
>> 438 (11463: 1539 9072 1539) (95.8094 s)
>> 434 (17862: 6777 6789 6777) (81.5081 s)
>> 427 (10676: 6991 7003 6991) (82.4526 s)
>> 427 (23960: 9780 9776 9780) (100.563 s)
>> 425 (13631: 9200 9253 9200) (96.1225 s)
>> 419 (2317: 8106 8107 8106) (95.0425 s)
>> 417 (17203: 7019 7037 7019) (92.9104 s)
>> 414 (13234: 9558 9514 9558) (93.6696 s)
>> 410 (1886: 8500 8545 8500) (94.5554 s)
>> 715 (14601: 8484 8588 8484) (93.3294 s)
>> 409 (10996: 6983 7007 6983) (92.5197 s)
>> 471 (17857: 6780 6903 6780) (92.8277 s)
>> 404 (16384: 7431 7438 7431) (94.6358 s)
>> 402 (19199: 6227 6206 6227) (88.0342 s)
>> 395 (4273: 6984 7000 6984) (99.1534 s)
>> 393 (16938: 7162 7167 7162) (95.6298 s)
>> 383 (2927: 7718 7736 7718) (95.1521 s)
>> 1602 (15864: 7696 7741 7696) (90.8686 s)
>> 382 (17870: 6792 6782 6792) (87.3884 s)
>> 380 (2436: 8015 8027 8015) (91.9049 s)
>> 378 (3387: 7463 7690 7463) (85.2503 s)
>> 360 (17244: 7022 7027 7022) (85.7996 s)
>> 360 (23770: 9519 9525 9519) (89.6358 s)
>> 349 (15012: 8194 8235 8194) (86.3321 s)
>> 346 (19110: 6252 6289 6252) (91.7744 s)
>> 338 (12545: 6858 6872 6858) (94.2552 s)
>> 325 (15429: 7981 8009 7981) (95.2066 s)
>> 321 (3562: 7390 16468 7390) (95.8854 s)
>> 318 (15006: 8074 8250 8074) (92.6416 s)
>> 318 (17633: 6877 6889 6877) (81.6487 s)
>> 314 (11879: 8022 8048 8022) (97.185 s)
>> 490 (15299: 8007 8030 8007) (79.284 s)
>> 305 (3433: 7442 7456 7442) (84.7207 s)
>> 305 (15800: 7733 15802 7733) (96.8215 s)
>> 300 (5977: 6128 5972 6128) (88.3706 s)
>> 298 (16036: 7599 7633 7599) (87.9506 s)
>> 693 (12133: 7627 22803 7627) (89.4045 s)
>> 294 (17807: 6804 6810 6804) (82.4906 s)
>> 293 (14580: 8544 8577 8544) (91.8344 s)
>> 290 (2762: 7788 7798 7788) (90.2097 s)
>> 287 (17996: 6730 6742 6730) (89.2431 s)
>> 1044 (18030: 6718 23405 6718) (95.1893 s)
>> 287 (11764: 8227 8324 8227) (91.8928 s)
>> 281 (2577: 7902 7923 7902) (88.9559 s)
>> 613 (15651: 7808 7867 7808) (86.805 s)
>> 279 (8596: 8593 8575 8593) (93.1528 s)
>> 273 (2053: 8300 2174 8300) (89.311 s)
>> 269 (13826: 9118 9151 9118) (86.9307 s)
>> 267 (14597: 8412 8539 8412) (90.7478 s)
>> 254 (22398: 8679 8797 8679) (87.1236 s)
>> 253 (17822: 6802 6824 6802) (87.5694 s)
>> 246 (16871: 7194 7200 7194) (80.6724 s)
>> 244 (14649: 8479 8522 8479) (90.1712 s)
>> 244 (860: 8985 9177 8985) (92.3174 s)
>> 235 (23796: 9754 20545 9754) (93.8289 s)
>> 229 (3792: 7287 7300 7287) (96.092 s)
>> 227 (26241: 6086 6090 6086) (84.74 s)
>> 223 (19404: 6136 5997 6136) (93.1078 s)
>> 222 (23337: 7729 7790 7729) (91.6868 s)
>> 199 (19486: 6114 6022 6114) (89.0399 s)
>> 476 (22807: 6109 6112 6109) (88.7316 s)
>> 197 (10525: 19694 8960 19694) (76.0112 s)
>> 190 (7595: 7593 7632 7593) (93.0847 s)
>> 179 (17678: 6865 6862 6865) (87.2082 s)
>> 353 (24379: 6823 6841 6823) (89.8887 s)
>> 169 (17161: 7043 7051 7043) (75.3041 s)
>> 169 (13538: 9311 9312 9311) (77.846 s)
>> 166 (17839: 6800 6801 6800) (81.8314 s)
>> 161 (22388: 23933 8132 23933) (90.4033 s)
>> 154 (2007: 8357 8716 8357) (85.3609 s)
>> 151 (19349: 6148 6149 6148) (90.8369 s)
>> 148 (13126: 9612 9647 9612) (91.4116 s)
>> 140 (21323: 9310 25097 9310) (73.791 s)
>> 127 (2760: 7765 7823 7765) (76.3187 s)
>> 122 (5124: 6584 6600 6584) (97.1581 s)
>> 644 (18437: 6550 6557 6550) (93.3522 s)
>> 120 (14821: 8362 8402 8362) (94.7658 s)
>> 114 (18063: 6697 6722 6697) (88.5596 s)
>> 111 (5002: 6661 6666 6661) (86.3828 s)
>> 105 (1598: 8897 1631 8897) (77.8892 s)
>> 104 (13899: 9036 9010 9036) (79.0152 s)
>> 93 (23228: 7532 7592 7532) (91.408 s)
>> 81 (16132: 7531 7537 7531) (91.3878 s)
>> 80 (1201: 9570 9577 9570) (100.708 s)
>> 77 (14596: 8343 8555 8343) (97.3659 s)
>> 66 (12512: 6917 6926 6917) (90.0975 s)
>> 57 (8569: 8566 8553 8566) (98.2036 s)
>> 51 (17535: 6900 6908 6900) (89.1799 s)
>> 44 (1240: 9456 9489 9456) (93.4634 s)
>> 833 (20516: 9488 9523 9488) (97.5476 s)
>> 43 (15898: 7667 2841 7667) (95.5931 s)
>> 194 (15810: 7746 7701 7746) (85.0058 s)
>> 18 (13957: 8948 9037 8948) (92.3446 s)
>> 15 (18637: 6484 6485 6484) (86.1638 s)
>> 13 (12108: 7685 7677 7685) (82.8699 s)
>> 2 (9155: 9141 9152 9141) (84.313 s)
>> 0 (-1: -1 -1 -1) (89.7403 s)
Zelikovsky 102934 s
>> 25659 (22128: 7280 7220 7196) (2820.14 s)
>> 24168 (3926: 7263 7232 7190) (2815.06 s)
>> 19716 (4109: 7088 7092 7083) (2705.02 s)
>> 19325 (3649: 7408 7364 7360) (2775.6 s)
>> 18425 (14566: 8838 9684 7491) (2803.62 s)
>> 15521 (12552: 6901 6853 6844) (2760.89 s)
>> 13378 (17818: 6756 6818 6723) (2684.9 s)
>> 11531 (7107: 7117 7119 7106) (2599.2 s)
>> 11386 (23895: 6662 6756 6604) (2724.15 s)
>> 10822 (3965: 7180 7247 7207) (2716.65 s)
>> 10391 (24694: 7256 7243 7264) (2846.47 s)
>> 9263 (7064: 17113 7068 7062) (2713.91 s)
>> 9028 (16977: 7109 7141 7135) (2728.7 s)
>> 7666 (22190: 7262 7289 7263) (2688.21 s)
>> 7585 (9726: 9674 9725 9723) (2742.35 s)
>> 7258 (16769: 3967 7251 7223) (2786.37 s)
>> 7129 (5495: 6434 6360 6288) (2680.91 s)
>> 7057 (6884: 6898 6901 6882) (2681.52 s)
>> 6943 (15563: 7931 7869 7845) (2697.27 s)
>> 6801 (19280: 6141 6318 6132) (2742.25 s)
>> 6782 (16231: 7415 7518 7514) (2682.88 s)
>> 6496 (588: 6574 6509 6489) (2792.31 s)
>> 6440 (4441: 6920 6939 6927) (2716.08 s)
>> 6470 (4235: 7060 7020 6920) (2681.67 s)
>> 6347 (13968: 9016 9041 9020) (2618.82 s)
>> 6342 (17152: 7044 7028 6971) (2612.16 s)
>> 6322 (3998: 7163 7179 7169) (2622.16 s)
>> 6189 (22712: 6854 6880 6878) (2841.99 s)
>> 6166 (6871: 6856 6898 6869) (2599.95 s)
>> 5843 (452: 7351 7369 7332) (2653.28 s)
>> 5678 (9718: 9692 9730 9716) (2550.52 s)
>> 5582 (17091: 7074 7085 7035) (2604.49 s)
>> 5568 (9830: 7334 7408 7284) (2637 s)
>> 5523 (4177: 7031 7105 7045) (2747.72 s)
>> 5450 (3359: 7530 7485 7458) (2601.4 s)
>> 5444 (20608: 7334 7456 7387) (2598.54 s)
>> 5433 (9442: 9476 9439 9424) (2558.33 s)
>> 5348 (10774: 9254 9274 9057) (2739.72 s)
>> 5301 (2392: 7998 8059 7996) (2591.49 s)
>> 5298 (3014: 7631 7668 7655) (2568.38 s)
>> 5284 (10420: 7214 7184 7153) (2579.18 s)
>> 5192 (16955: 7160 7150 7145) (2559.12 s)
>> 5348 (16895: 7178 7183 7160) (2739.95 s)
>> 5095 (20347: 6108 6111 6110) (2686.63 s)
>> 5030 (4050: 7163 7161 7147) (2720.2 s)
>> 5021 (16694: 7294 7288 7265) (2690.5 s)
>> 4917 (8584: 8553 8627 8583) (2568.25 s)
>> 4897 (17078: 7084 7091 7067) (2546.48 s)
>> 4792 (834: 9685 26070 9434) (2581.46 s)
>> 4739 (1023: 6091 6096 6092) (2560.47 s)
>> 4729 (3217: 7559 7607 7561) (2537.76 s)
>> 4724 (21896: 7180 7214 7172) (2549.89 s)
>> 4667 (16634: 7256 7314 7305) (2435.23 s)
>> 4652 (19178: 6271 6244 6240) (2640.83 s)
>> 4605 (8400: 8530 8399 8253) (2654.52 s)
>> 4602 (17265: 6965 6948 7074) (2518.15 s)
>> 4423 (16989: 7109 7131 7132) (2687.39 s)
>> 4367 (4371: 17388 7044 6963) (2681.9 s)
>> 4353 (16599: 7351 23969 7318) (2631.18 s)
>> 4237 (17497: 6915 6918 6965) (2579.09 s)
>> 4186 (1104: 9776 9779 9774) (2465.29 s)
>> 4184 (11981: 7879 7864 7807) (2568.41 s)
>> 4171 (14728: 8518 8413 8352) (2456.61 s)
>> 4071 (3774: 7294 7304 7274) (2537.17 s)
>> 4036 (17655: 6866 6845 6854) (2532.53 s)
>> 3996 (10862: 6856 6915 6931) (2384.15 s)
>> 3991 (2690: 7859 7839 7828) (2482.29 s)
>> 3948 (10750: 7032 7050 7013) (2473.26 s)
>> 3928 (15355: 8058 7982 7835) (2128.23 s)
>> 3833 (9540: 9564 9525 9537) (2124.05 s)
>> 3828 (14878: 8424 8219 8136) (2081.34 s)
>> 3825 (25831: 6107 6104 6102) (2117.33 s)
>> 3798 (8336: 8454 8333 8312) (2135.18 s)
>> 3699 (3703: 7335 7370 7347) (2111.62 s)
>> 3593 (3634: 7374 7372 7340) (2040.04 s)
>> 3582 (21683: 20053 6124 6084) (2136.06 s)
>> 3582 (23184: 5972 6152 6123) (2133.9 s)
>> 3581 (9623: 9589 9637 9619) (2107.47 s)
>> 3545 (16147: 7558 16225 7586) (2080.13 s)
>> 3544 (3073: 12113 7676 7641) (2110.43 s)
>> 3542 (10693: 7149 7188 7163) (2110.56 s)
>> 3523 (8676: 8648 8799 8674) (2099.37 s)
>> 3514 (8294: 8193 8290 8266) (1987.17 s)
>> 3474 (3031: 7711 7657 7603) (2098.18 s)
>> 3410 (9369: 9339 9366 9359) (2101.86 s)
>> 3401 (16999: 7126 7127 7123) (2087.98 s)
>> 3392 (3630: 7415 7373 7329) (2051.99 s)
>> 3358 (10578: 6134 6150 6143) (2077.96 s)
>> 3343 (8517: 8443 8540 8514) (2080.16 s)
>> 3314 (5446: 6367 6409 6382) (2071.15 s)
>> 3295 (9349: 9294 9405 9345) (1993.73 s)
>> 3286 (11474: 8960 9058 9024) (2067.54 s)
>> 3284 (13693: 9055 21324 9186) (2068.78 s)
>> 3275 (16633: 7295 3967 7285) (2053.51 s)
>> 3228 (3025: 7619 7699 7658) (2018.37 s)
>> 3220 (22964: 7424 7530 7386) (2052.36 s)
>> 3217 (16447: 7430 7395 7374) (2057.06 s)
>> 3146 (23967: 7180 7229 7215) (2051.65 s)
>> 3134 (5899: 6139 6146 6131) (1949.52 s)
>> 3118 (15514: 7879 7989 7936) (2043.32 s)
>> 3088 (10669: 8652 8641 8525) (2053.71 s)
>> 3086 (13603: 9259 9365 9286) (2059.7 s)
>> 3068 (9752: 9702 9694 9749) (2005.44 s)
>> 3015 (19263: 6219 6184 6179) (2028.2 s)
>> 3014 (14122: 8977 8926 8900) (2043.02 s)
>> 2969 (23594: 12897 9673 8838) (2029.27 s)
>> 2964 (6502: 6508 6504 6501) (2051.08 s)
>> 2960 (10360: 6662 6866 1) (2019.23 s)
>> 2957 (9256: 9309 9227 9255) (2021.36 s)
>> 2940 (26866: 6622 6606 6593) (2076.9 s)
>> 2923 (14809: 8295 8378 8348) (1746.4 s)
>> 2902 (8739: 8678 8823 8737) (1824.17 s)
>> 2888 (9804: 9724 9701 9686) (1665.64 s)
>> 2863 (1589: 8919 8979 8953) (1756.15 s)
>> 2855 (3800: 7293 7291 7261) (1685.24 s)
>> 2848 (21893: 9597 9634 9635) (1774.35 s)
>> 2804 (19465: 6122 6126 6116) (1766.65 s)
>> 2798 (8377: 8262 8396 8375) (1772.49 s)
>> 2785 (8052: 8006 8049 8031) (1706.07 s)
>> 2776 (12909: 9756 9736 9702) (1859.29 s)
>> 2771 (10329: 6493 6490 6381) (1761.25 s)
>> 2735 (15908: 7666 7732 7693) (1814.85 s)
>> 2731 (17040: 7084 7126 7118) (1764.22 s)
>> 2729 (149: 6760 18301 6851) (1790.07 s)
>> 2720 (3644: 7361 7371 7335) (1795.77 s)
>> 2707 (2058: 8225 8423 8284) (1722.87 s)
>> 2807 (2014: 8518 8347 8225) (1718.55 s)
>> 2695 (22262: 7234 7201 7210) (1799.57 s)
>> 2693 (8683: 8620 8749 8679) (1797.53 s)
>> 2683 (2589: 7911 7994 7825) (1702.92 s)
>> 2681 (9273: 9259 9271 9193) (1715.16 s)
>> 2679 (26025: 6554 6552 6525) (1695.51 s)
>> 2786 (6531: 6554 6540 6529) (1702.23 s)
>> 2678 (2223: 7998 8226 8158) (1661.87 s)
>> 2677 (24446: 7046 7005 6856) (1641.23 s)
>> 3680 (871: 17388 7046 6952) (1735.64 s)
>> 2671 (9305: 9358 9267 9304) (1639.75 s)
>> 2667 (17524: 6905 6925 6894) (1731.35 s)
>> 2627 (16581: 7333 7336 7328) (1736.25 s)
>> 2620 (11482: 9115 8996 9018) (1773.06 s)
>> 2589 (3146: 3233 7604 7590) (1769.47 s)
>> 2582 (1502: 9014 9056 8966) (1736.84 s)
>> 2581 (9585: 9591 9582 9583) (1724.3 s)
>> 2604 (13230: 9543 9591 9561) (1673.13 s)
>> 2808 (13280: 25103 9543 9490) (1666.67 s)
>> 2576 (1518: 26846 9053 9046) (1728.02 s)
>> 2567 (9807: 7623 7631 7619) (1658.01 s)
>> 2554 (3344: 7523 7496 7472) (1773.16 s)
>> 2544 (5858: 6156 6158 6151) (1769.44 s)
>> 2537 (25004: 7771 15578 7799) (1910.87 s)
>> 2535 (2543: 7917 7963 7921) (1686.03 s)
>> 2531 (22714: 7075 7104 7059) (1651.77 s)
>> 2526 (12878: 9766 9785 9771) (1741.59 s)
>> 2521 (10609: 9483 9509 9524) (1729.82 s)
>> 2500 (9415: 9476 9411 9413) (1684.6 s)
>> 2472 (22115: 6990 6974 6935) (1720.18 s)
>> 2443 (2699: 7931 7824 7782) (1684.85 s)
>> 2418 (120: 7711 7689 7572) (1643.44 s)
>> 2412 (5994: 6120 5972 6125) (1680.08 s)
>> 2406 (1688: 8658 8839 8769) (1714.88 s)
>> 2402 (23787: 6499 6497 6496) (1713.66 s)
>> 2398 (3786: 7325 7301 7268) (1640.45 s)
>> 2398 (9661: 9589 9671 9657) (1573.38 s)
>> 2394 (14790: 8451 8301 8277) (1649.91 s)
>> 2393 (11251: 8485 8616 8503) (1557.14 s)
>> 2389 (2499: 8057 7992 7946) (1595.57 s)
>> 2384 (1709: 8603 8800 8736) (1659.56 s)
>> 2377 (3476: 7418 7500 7441) (1681.24 s)
>> 2374 (16754: 7334 7248 7180) (1676.44 s)
>> 2372 (6063: 19567 6094 6093) (1676.03 s)
>> 2364 (4700: 6855 6838 6811) (1689.39 s)
>> 2363 (9481: 9483 9421 9477) (1670.05 s)
>> 2360 (2759: 7753 7764 7802) (1684.35 s)
>> 2359 (8662: 8607 8731 8659) (1669.43 s)
>> 2334 (14298: 8725 12897 8916) (1571.95 s)
>> 2324 (14383: 8635 8775 8726) (1651.34 s)
>> 2296 (16180: 7418 7553 7549) (1659.27 s)
>> 2285 (20355: 7302 7415 7349) (1612.24 s)
>> 2253 (26737: 7293 7331 7322) (1594.45 s)
>> 2249 (23680: 9387 9484 9337) (1630.3 s)
>> 2234 (2233: 8109 8167 8145) (1656.93 s)
>> 2233 (19899: 7177 7208 7182) (1651.56 s)
>> 2225 (7874: 7940 7872 7861) (1578.73 s)
>> 2209 (625: 6721 6743 6696) (1599.43 s)
>> 2203 (1234: 9560 9387 9515) (1664.92 s)
>> 2175 (13682: 9222 9215 9358) (1652.38 s)
>> 2174 (16510: 7361 7378 7375) (1631.13 s)
>> 2168 (3440: 7424 7505 7453) (1645.47 s)
>> 2168 (9698: 9708 9724 9697) (1634.19 s)
>> 2167 (8721: 8782 8717 8508) (1588.89 s)
>> 2158 (511: 6251 6263 6213) (1577.62 s)
>> 2155 (10084: 6524 6523 6520) (1593.65 s)
>> 2144 (24344: 6366 6406 6363) (1635.35 s)
>> 2141 (5302: 6495 6500 6494) (1798.49 s)
>> 2125 (9506: 9476 9548 9502) (1763.19 s)
>> 2124 (63: 7262 7275 7249) (1868.55 s)
>> 2107 (8990: 8947 9016 8989) (1851.22 s)
>> 2094 (11786: 8143 8138 8128) (1832.51 s)
>> 2092 (17235: 7008 7031 7017) (1628.73 s)
>> 2091 (6349: 6355 18911 6348) (1614.21 s)
>> 2081 (1130: 9738 9747 9748) (1624.32 s)
>> 2074 (2459: 7988 2408 8013) (1529.07 s)
>> 2074 (20184: 25850 8725 7095) (1515.16 s)
>> 2072 (2751: 7785 7803 7791) (1605.78 s)
>> 2072 (2908: 12113 7724 7721) (1539.34 s)
>> 2066 (22197: 6692 6671 6663) (1546.9 s)
>> 2060 (22112: 9547 9595 9587) (1654.42 s)
>> 2059 (1039: 7608 7795 7752) (1573.18 s)
>> 2053 (1956: 8495 8485 8445) (1593.8 s)
>> 2048 (3133: 7664 7625 7597) (1590.94 s)
>> 2061 (520: 7664 7596 7568) (1477.24 s)
>> 2040 (19193: 6271 6234 6222) (1589.08 s)
>> 2037 (2273: 2355 8089 8123) (1580.69 s)
>> 2037 (9356: 9341 9377 9353) (1589.72 s)
>> 2022 (9034: 8969 9113 9033) (1559.32 s)
>> 2021 (484: 6668 6688 6692) (1592.98 s)
>> 2010 (2648: 7892 7856 7805) (1595.09 s)
>> 2008 (19591: 6085 19595 6091) (1478.64 s)
>> 2002 (4661: 6855 6862 6864) (1516.13 s)
>> 2000 (18981: 6355 6315 6309) (1557.25 s)
>> 1999 (10334: 7154 7171 7144) (1552.94 s)
>> 1990 (4827: 17938 6776 6759) (1555.93 s)
>> 1981 (295: 6442 6443 6448) (1515.4 s)
>> 1979 (3166: 7623 7579 7552) (1534.38 s)
>> 1969 (2660: 7913 7852 7813) (1511.28 s)
>> 1960 (13588: 9300 9400 9357) (1505.24 s)
>> 1948 (20273: 6645 6639 6623) (1454.51 s)
>> 1946 (14116: 8997 8988 8938) (1531.86 s)
>> 1942 (8510: 8469 8518 8509) (1529.83 s)
>> 1939 (3509: 7354 7471 7419) (1525.64 s)
>> 1925 (22895: 9745 9759 9720) (1507.37 s)
>> 1922 (7228: 7237 7234 7226) (1517.14 s)
>> 1918 (5310: 6488 6574 6492) (1537.44 s)
>> 1914 (17328: 6992 17388 6985) (1506.38 s)
>> 1906 (18198: 6636 24641 6643) (1550.26 s)
>> 1903 (9251: 9261 9225 9248) (1666.71 s)
>> 1902 (13092: 9647 9626 9610) (1799.1 s)
>> 1900 (16763: 7245 7260 7259) (1641.92 s)
>> 1892 (9220: 9202 9261 9216) (1512.46 s)
>> 1888 (19404: 6136 19372 6108) (1621.44 s)
>> 1888 (24042: 6103 6107 6098) (1736.38 s)
>> 2087 (22370: 6097 6103 6085) (1718.46 s)
>> 1883 (8282: 8278 8298 8280) (1652.29 s)
>> 1881 (13532: 9339 9303 9326) (1708.3 s)
>> 1877 (3185: 7576 7613 7571) (1694.82 s)
>> 1877 (6423: 6433 6411 6420) (1734.29 s)
>> 1877 (10788: 8390 8329 8255) (1662.22 s)
>> 1875 (8408: 8372 8388 8406) (1658.62 s)
>> 1868 (15469: 7973 7915 7904) (1690.02 s)
>> 1855 (1769: 8652 8858 8650) (1662.99 s)
>> 1839 (76: 7405 7506 7461) (1601.85 s)
>> 1837 (5135: 6596 6600 6595) (1646.84 s)
>> 1833 (3094: 7623 7580 7424) (1675 s)
>> 1833 (8861: 8974 8859 8779) (1714.41 s)
>> 1819 (15627: 7827 7940 7847) (1417.12 s)
>> 1809 (2773: 7826 7911 7794) (1361.86 s)
>> 1807 (13831: 9109 9130 26846) (1637.03 s)
>> 1795 (2046: 8276 8374 8308) (1673.97 s)
>> 1795 (3299: 7527 7623 7511) (1423.33 s)
>> 1795 (21822: 7931 7924 7903) (1465.54 s)
>> 1794 (1852: 8570 8565 8538) (1546.42 s)
>> 1783 (11774: 8274 8202 8171) (1507.21 s)
>> 1778 (20762: 8390 8368 8262) (1413.11 s)
>> 1770 (15487: 7986 7958 7952) (1418.61 s)
>> 1767 (17718: 6839 4649 6842) (1402.99 s)
>> 1760 (1873: 8572 8634 8551) (1465.74 s)
>> 1847 (14617: 8502 8572 8343) (1434.28 s)
>> 1758 (1454: 9156 9092 9051) (1452.6 s)
>> 1744 (9199: 9221 9169 9195) (1446.15 s)
>> 1740 (25652: 8619 8770 8658) (1458.77 s)
>> 1728 (4170: 7038 7048 7041) (1414.58 s)
>> 1725 (1128: 9743 9755 9738) (1422.98 s)
>> 1712 (3153: 7598 7602 7588) (1370.17 s)
>> 1711 (5613: 6308 6305 6293) (1675.26 s)
>> 1711 (15315: 8085 8043 8019) (1567.27 s)
>> 1708 (5750: 19229 6226 6221) (1686.46 s)
>> 1706 (4881: 6747 6746 6721) (1672.65 s)
>> 1698 (169: 9588 9580 9636) (1668.35 s)
>> 1689 (3079: 12113 7637 7587) (1626.86 s)
>> 1686 (4389: 6973 6957 6956) (1641.33 s)
>> 1684 (11771: 8204 8218 8373) (1415.51 s)
>> 1681 (6447: 6445 6450 6446) (1408.48 s)
>> 1677 (11434: 9279 9200 9115) (1426.54 s)
>> 1675 (3425: 7444 7478 7460) (1764.26 s)
>> 1674 (750: 9157 9190 9084) (1616.82 s)
>> 1671 (8959: 8899 9006 8957) (1667.46 s)
>> 1654 (22917: 6596 6612 6597) (1637.52 s)
>> 1653 (12927: 9692 9743 9739) (1655.73 s)
>> 1651 (18847: 24875 6408 18850) (1651.06 s)
>> 1642 (5628: 6294 6302 6299) (1635.34 s)
>> 1638 (3296: 7405 7558 7516) (1581.64 s)
>> 1629 (8724: 8771 8722 8606) (1652.33 s)
>> 1623 (9495: 9516 9493 9464) (1680.26 s)
>> 1617 (9299: 9277 9315 9295) (1660.73 s)
>> 1617 (15914: 7716 7718 7664) (1623.72 s)
>> 1616 (14158: 8619 9003 8906) (1548.9 s)
>> 1613 (10602: 7433 7452 7444) (1600.54 s)
>> 1613 (24190: 6256 6279 6122) (1586.25 s)
>> 1606 (4568: 6886 6933 6895) (1553.93 s)
>> 1606 (9336: 9325 9341 9334) (1556.19 s)
>> 1604 (2762: 7859 15576 7798) (1528.24 s)
>> 1599 (11112: 8140 8212 8091) (1577.91 s)
>> 1595 (14599: 8582 8560 11705) (1548.64 s)
>> 1594 (1744: 8609 8820 8671) (1501.38 s)
>> 1588 (11230: 6169 6219 6175) (1521.23 s)
>> 1585 (4806: 6817 6786 6781) (1513.69 s)
>> 1573 (18474: 6548 18465 6534) (1460.95 s)
>> 1571 (10630: 8021 8424 8040) (1528.99 s)
>> 1570 (2860: 7931 7796 7756) (1534.63 s)
>> 1706 (15879: 12113 7931 7527) (1474.46 s)
>> 1569 (12037: 7793 7775 7757) (1488.76 s)
>> 1568 (17899: 6774 6769 6765) (1529.65 s)
>> 1567 (10778: 7608 7559 7548) (1537.49 s)
>> 1565 (10419: 7084 7334 7168) (1468.6 s)
>> 1560 (11135: 6170 6178 6165) (1420.48 s)
>> 1557 (1310: 9378 13632 9331) (1460.63 s)
>> 1552 (16782: 7246 7258 7213) (1414.27 s)
>> 1549 (6394: 6403 6384 6393) (1474.95 s)
>> 1540 (3211: 3233 7563 7556) (1478.28 s)
>> 1535 (9321: 9301 9342 9320) (1526.86 s)
>> 1533 (2891: 7730 7666 7739) (1510.13 s)
>> 1530 (10589: 6737 6733 6727) (1390.35 s)
>> 1529 (12877: 9757 9782 9770) (1355.39 s)
>> 1524 (22631: 9435 9404 25103) (1425.02 s)
>> 1514 (11957: 7935 7970 7917) (1460.37 s)
>> 2032 (24256: 7973 7941 7935) (1416.7 s)
>> 1513 (17385: 6987 6979 6960) (1476.72 s)
>> 1509 (25133: 8159 8164 8103) (1439.09 s)
>> 1505 (1898: 8443 8615 8534) (1492.53 s)
>> 1504 (23153: 6155 6171 6169) (1511.37 s)
>> 1503 (5769: 19229 6233 6208) (1400.75 s)
>> 1498 (1344: 9242 9275 9204) (1476.33 s)
>> 1487 (7615: 7716 7575 7614) (1423.77 s)
>> 1486 (14358: 8709 8743 8589) (1409.52 s)
>> 1479 (5011: 6653 6690 6665) (1400.74 s)
>> 1659 (12616: 6705 6719 6653) (1439.5 s)
>> 1477 (3652: 7361 7379 7362) (1437.96 s)
>> 1473 (18529: 6519 6508 6518) (1406.68 s)
>> 1467 (25848: 9600 9653 9568) (1366.65 s)
>> 1463 (24940: 6347 6367 6350) (1485.7 s)
>> 1461 (2954: 7738 7703 7663) (1369.17 s)
>> 1460 (14555: 8603 8590 8580) (1449.99 s)
>> 1458 (20300: 7195 7199 7181) (1380.22 s)
>> 1456 (15952: 7644 7716 7691) (1349.55 s)
>> 1453 (5323: 6488 6482 6475) (1447.94 s)
>> 1450 (1070: 7418 7432 7389) (1354.66 s)
>> 1443 (26147: 6437 6442 6347) (1354.93 s)
>> 1440 (5538: 6343 6336 6330) (1361.6 s)
>> 1437 (20450: 9004 8980 8889) (1422.27 s)
>> 1434 (2107: 8214 8390 8250) (1423.04 s)
>> 1433 (11533: 11535 8943 8919) (1270.59 s)
>> 1430 (4943: 6720 6686 6712) (1233.73 s)
>> 1426 (2423: 8039 2328 8035) (1219.82 s)
>> 1419 (5683: 6270 6286 6283) (1245.51 s)
>> 1419 (23971: 6657 6649 6641) (1290.16 s)
>> 1416 (13158: 9599 9581 9547) (1290.27 s)
>> 1416 (18844: 24875 6377 6374) (1393.39 s)
>> 1414 (4413: 6959 6951 6936) (1347.56 s)
>> 1412 (22682: 7983 8030 7997) (1141.93 s)
>> 1408 (17119: 7065 7072 7060) (1360.19 s)
>> 1404 (9529: 9560 9600 9527) (1266.7 s)
>> 1401 (11166: 8211 8297 8295) (1270.44 s)
>> 1545 (2029: 8211 8430 8337) (1810.03 s)
>> 1396 (9882: 7042 7040 7016) (1235.94 s)
>> 1392 (3151: 7627 7589 7570) (1123.97 s)
>> 1571 (16145: 7627 7525 7534) (1152.05 s)
>> 1389 (18180: 6650 6659 6654) (1088.39 s)
>> 1380 (25036: 7925 7980 7965) (1025.39 s)
>> 1378 (11031: 8437 8524 8481) (1014.91 s)
>> 1378 (14000: 9031 9069 8994) (1079.04 s)
>> 1376 (5435: 6392 6436 6410) (986.364 s)
>> 1370 (5380: 6464 6466 6455) (1028.91 s)
>> 1365 (8794: 8777 8822 8792) (1047.34 s)
>> 1358 (8668: 8694 8666 8608) (1189.6 s)
>> 1356 (22533: 8452 8420 8211) (1094.99 s)
>> 1354 (1830: 8609 11631 8523) (1143.51 s)
>> 1350 (12923: 9754 9761 9674) (1078.75 s)
>> 1346 (14391: 8645 8620 8684) (1073.03 s)
>> 1346 (15717: 7753 7797 7730) (1003.96 s)
>> 1344 (12506: 6914 6928 6921) (1056.25 s)
>> 1343 (17234: 7033 7001 6996) (987.34 s)
>> 1341 (4635: 6992 6875 6662) (979.191 s)
>> 1338 (4220: 7021 7034 7024) (1104.78 s)
>> 1329 (2952: 7719 20888 7704) (1028.13 s)
>> 1329 (9399: 9339 13359 9396) (946.526 s)
>> 1324 (17014: 7116 7146 7124) (1078.45 s)
>> 1318 (14769: 8467 8214 8393) (938.54 s)
>> 1313 (15064: 8162 8217 8163) (961.856 s)
>> 1303 (16826: 7256 7224 7084) (1016.42 s)
>> 1300 (25170: 8254 8283 8205) (1180.24 s)
>> 1291 (3057: 7576 7653 7647) (1070.69 s)
>> 1291 (8842: 8786 8896 8841) (1108.68 s)
>> 1289 (13334: 9486 9476 9511) (913.948 s)
>> 1288 (17003: 7154 7134 7125) (919.7 s)
>> 1287 (11662: 8344 14608 8403) (927.029 s)
>> 1287 (15979: 7576 7667 7642) (1009.64 s)
>> 1284 (12247: 7398 7435 7392) (1052.82 s)
>> 1282 (25293: 9119 13623 9164) (947.158 s)
>> 1280 (17912: 6754 6778 6758) (939.034 s)
>> 1278 (18108: 6687 6693 6664) (1042.94 s)
>> 1271 (1624: 8931 8870 8808) (934.151 s)
>> 1271 (4006: 7151 7154 7167) (933.299 s)
>> 1271 (15955: 7688 7648 7567) (1025.12 s)
>> 1264 (27003: 6637 6640 6620) (1136.66 s)
>> 1262 (15833: 7711 7751 7731) (1121.26 s)
>> 1261 (22765: 7793 10438 15863) (1179.39 s)
>> 1253 (26277: 7822 7854 7806) (1063.39 s)
>> 1252 (4370: 6987 6975 6964) (1170.91 s)
>> 1250 (7967: 8009 7966 7932) (1102.24 s)
>> 1250 (16404: 7414 16468 7433) (1173.05 s)
>> 1247 (5488: 6437 6361 6356) (944.247 s)
>> 1241 (9432: 9384 9482 9430) (975.603 s)
>> 1564 (9420: 9384 9433 9418) (938.928 s)
>> 1239 (10565: 9301 9486 9363) (966.08 s)
>> 1239 (14702: 8480 8452 8497) (920.092 s)
>> 1238 (16670: 7280 7302 7295) (958.247 s)
>> 1237 (5169: 6622 6588 6565) (916.068 s)
>> 1233 (2510: 7988 7995 7984) (934.158 s)
>> 1228 (14918: 8247 8204 8109) (927.255 s)
>> 1227 (14052: 8999 9254 9004) (1090.62 s)
>> 1225 (15008: 8229 8234 8215) (1037.85 s)
>> 1220 (15398: 8038 8008 8061) (1086.85 s)
>> 1215 (13371: 9422 9512 9507) (985.296 s)
>> 1206 (24169: 6706 6757 6713) (1083.85 s)
>> 1205 (25836: 8086 8247 8016) (1028.04 s)
>> 1202 (18955: 6337 6327 6319) (1075.28 s)
>> 1192 (8735: 8495 8818 8733) (942.644 s)
>> 1191 (13162: 9586 9648 9566) (1082.6 s)
>> 1190 (17654: 6868 12572 6848) (1044.14 s)
>> 1184 (7307: 7299 7333 7306) (1087.89 s)
>> 1184 (17909: 6788 6764 6755) (902.168 s)
>> 1184 (18232: 6625 6637 6632) (896.556 s)
>> 1180 (4116: 7256 17113 7078) (869.72 s)
>> 1176 (19251: 6155 6196 6192) (896.487 s)
>> 1167 (6708: 6714 6707 6699) (832.665 s)
>> 1165 (15166: 8088 8193 8014) (888.404 s)
>> 2502 (14914: 8271 8264 8088) (859.451 s)
>> 1159 (11057: 6977 6980 6959) (886.684 s)
>> 1155 (24528: 6934 6946 6914) (836.705 s)
>> 1150 (17887: 6763 6792 6754) (882.292 s)
>> 1149 (243: 7762 12113 7778) (855.581 s)
>> 1146 (2219: 8104 8160 8146) (879.181 s)
>> 1146 (3661: 7430 7356 7348) (817.948 s)
>> 1144 (1962: 8444 8528 8467) (875.93 s)
>> 1144 (18520: 6524 6548 6554) (849.293 s)
>> 1139 (4885: 6745 6750 6740) (873.072 s)
>> 1139 (15046: 8182 8233 8169) (825.088 s)
>> 1169 (11823: 8141 8182 8265) (869.909 s)
>> 1136 (4489: 6919 6983 6909) (841.429 s)
>> 1134 (19363: 6145 6147 6138) (869.321 s)
>> 1133 (5065: 6630 6636 6627) (815.197 s)
>> 1132 (16212: 7490 7542 7523) (870.381 s)
>> 1129 (20372: 6826 6817 6816) (845.253 s)
>> 1127 (17777: 6831 6826 6819) (866.097 s)
>> 1126 (15425: 8085 7999 7990) (822.684 s)
>> 1124 (8655: 8614 8693 8653) (863.571 s)
>> 1114 (17464: 6929 6937 6923) (837.878 s)
>> 1111 (18706: 6453 6460 6452) (887.149 s)
>> 1107 (24967: 8763 8648 8645) (862.194 s)
>> 1105 (5283: 6519 6495 6507) (938.933 s)
>> 1104 (754: 6253 6271 6257) (1046.04 s)
>> 1370 (22732: 6253 6243 6238) (1089.49 s)
>> 1100 (26817: 7294 20707 7244) (975.795 s)
>> 1099 (1864: 8443 8559 8556) (995.789 s)
>> 1095 (22040: 9593 9609 9662) (908.036 s)
>> 1094 (19303: 6155 6166 6162) (942.653 s)
>> 1093 (9643: 9597 9651 9642) (845.858 s)
>> 1093 (20117: 6457 6483 6471) (937.976 s)
>> 1092 (2166: 8039 8195 8196) (902.624 s)
>> 1092 (23733: 9597 9693 9670) (937.284 s)
>> 1091 (11234: 9350 13422 9279) (867.004 s)
>> 1091 (15060: 8078 11878 8010) (933.96 s)
>> 1090 (14839: 8276 8438 8346) (895.728 s)
>> 1087 (3085: 7738 7636 7584) (930.448 s)
>> 1086 (1729: 8632 1759 8697) (838.93 s)
>> 1086 (25979: 9715 9744 9709) (929.372 s)
>> 1084 (2944: 7712 7770 7711) (886.806 s)
>> 1083 (4871: 6752 23405 6748) (918.281 s)
>> 1083 (25457: 9560 9344 9287) (850.913 s)
>> 1073 (20971: 9754 9781 9765) (916.014 s)
>> 1071 (1653: 8692 8812 8619) (879.524 s)
>> 1069 (14215: 8817 8884 8872) (916.62 s)
>> 1059 (2711: 7892 8009 7815) (822.429 s)
>> 1055 (3502: 7762 7422 7381) (927.666 s)
>> 1050 (25075: 6635 6645 6602) (946.324 s)
>> 1048 (9616: 9598 9625 9615) (966.336 s)
>> 1048 (16008: 7600 7649 7628) (869.204 s)
>> 1048 (16372: 7417 7437 7404) (943.347 s)
>> 1047 (9918: 6329 6343 6341) (896.764 s)
>> 1046 (8910: 8969 8905 8909) (941.414 s)
>> 1044 (2807: 7712 7780 7608) (828.033 s)
>> 1043 (9729: 9692 9714 9728) (935.614 s)
>> 1037 (2823: 7776 7892 7784) (893.177 s)
>> 1034 (377: 9384 9459 9352) (932.7 s)
>> 1034 (1834: 8544 8670 8577) (851.743 s)
>> 1033 (4547: 6913 6906 6893) (929.379 s)
>> 1033 (15823: 7712 7826 7700) (885.753 s)
>> 1029 (20851: 9758 9775 9715) (924.047 s)
>> 1027 (10059: 6731 6704 6726) (816.754 s)
>> 1023 (16248: 7513 7531 7487) (914.692 s)
>> 1021 (14679: 8529 8554 8470) (873.526 s)
>> 1021 (18658: 6470 6481 6469) (916.963 s)
>> 1016 (16254: 7354 7532 7492) (837.346 s)
>> 1011 (1655: 25850 8837 8811) (912.366 s)
>> 1009 (14890: 8444 8304 8180) (869.13 s)
>> 1007 (1616: 8880 8899 8862) (909.146 s)
>> 1007 (15787: 7759 7737 7722) (805.265 s)
>> 1005 (3524: 7403 7417 7412) (904.619 s)
>> 1000 (7672: 7662 7680 7671) (861.212 s)
>> 998 (20606: 8159 8201 8242) (897.755 s)
>> 997 (21037: 7256 21790 7406) (830.702 s)
>> 996 (4742: 6821 6828 6787) (899.165 s)
>> 995 (802: 9160 9140 9127) (853.716 s)
>> 990 (3336: 7280 7712 7498) (896.871 s)
>> 988 (25901: 18457 6562 6541) (798.135 s)
>> 987 (13438: 9330 9385 9333) (899.607 s)
>> 1026 (13538: 9312 9330 9311) (856.923 s)
>> 983 (14420: 8651 8604 8768) (897.229 s)
>> 981 (14958: 8273 8296 8299) (818.999 s)
>> 981 (17757: 6833 6830 6805) (895.911 s)
>> 980 (13345: 9458 9526 9436) (844.947 s)
>> 979 (8458: 8425 8498 8457) (881.301 s)
>> 977 (19904: 7256 7467 7449) (804.676 s)
>> 976 (25278: 9032 9054 8918) (875.238 s)
>> 974 (518: 7913 7846 7781) (859.61 s)
>> 967 (13551: 9350 25097 9310) (862.697 s)
>> 966 (26794: 7006 7021 6997) (791.132 s)
>> 965 (9631: 9650 9628 9588) (879.028 s)
>> 964 (5143: 6599 6594 6582) (842.557 s)
>> 964 (17566: 6905 6889 6877) (880.079 s)
>> 960 (26213: 6090 6097 6086) (780.734 s)
>> 959 (14128: 8795 8883 8871) (815.644 s)
>> 956 (4277: 7033 6999 6989) (727.01 s)
>> 953 (1115: 9776 9768 9742) (769.622 s)
>> 943 (13586: 9285 9265 9338) (747.219 s)
>> 940 (3890: 7254 7257 7225) (791.603 s)
>> 936 (17342: 6977 7009 6994) (763.724 s)
>> 935 (25596: 7447 7440 7410) (758.784 s)
>> 1070 (22954: 7470 7455 7447) (696.728 s)
>> 931 (77: 8382 8437 8371) (873.306 s)
>> 930 (5073: 6624 6651 6630) (776.816 s)
>> 929 (13681: 9114 9194 9170) (785.391 s)
>> 928 (15119: 8137 8126 8140) (665.58 s)
>> 925 (9689: 9683 12957 9688) (699.681 s)
>> 924 (8361: 8389 8358 8342) (689.97 s)
>> 922 (3367: 7490 7521 7483) (696.459 s)
>> 918 (2158: 8276 8198 8165) (678.774 s)
>> 911 (15061: 8086 8120 8116) (717.922 s)
>> 910 (1465: 9109 9088 8978) (699.781 s)
>> 909 (10424: 6954 6972 6938) (731.85 s)
>> 908 (13128: 9647 9601 9597) (727.589 s)
>> 908 (24725: 6359 6368 6355) (771.086 s)
>> 908 (26268: 9564 9518 9544) (752.306 s)
>> 902 (13421: 9294 9402 9301) (774.355 s)
>> 898 (8855: 8875 8877 8853) (712.389 s)
>> 898 (14460: 8636 8611 8573) (770.894 s)
>> 897 (8066: 8047 8080 8062) (744.932 s)
>> 893 (1521: 8960 9038 9028) (770.672 s)
>> 893 (17475: 6932 6926 6760) (717.148 s)
>> 892 (14011: 9014 8998 8975) (757.793 s)
>> 891 (14648: 8502 8555 8519) (732.104 s)
>> 891 (15562: 7853 7939 7886) (755.687 s)
>> 885 (15018: 11753 8154 8127) (696.499 s)
>> 884 (13073: 9646 9650 9598) (753.297 s)
>> 882 (8208: 8248 8143 8206) (725.917 s)
>> 878 (1354: 9253 9252 9161) (751.836 s)
>> 871 (11971: 7893 7916 7913) (706.985 s)
>> 868 (9095: 9060 9129 9093) (754.511 s)
>> 866 (14838: 8339 8469 8319) (723.503 s)
>> 859 (3971: 7193 7256 7165) (730.124 s)
>> 856 (18739: 6444 6445 6434) (675.862 s)
>> 854 (8791: 8678 8673 8787) (732.093 s)
>> 851 (18926: 6340 6365 6331) (707.249 s)
>> 848 (8506: 8480 8546 8504) (730.702 s)
>> 848 (16106: 7560 16016 7280) (692.669 s)
>> 844 (17338: 6978 6984 6967) (730.961 s)
>> 843 (11168: 7893 7962 7860) (707.927 s)
>> 841 (5043: 6646 6647 6626) (729.597 s)
>> 841 (9081: 9031 13808 9079) (678.294 s)
>> 840 (9764: 9783 9777 9762) (751.694 s)
>> 834 (18100: 6684 6714 6682) (736.246 s)
>> 833 (7728: 7717 7734 7725) (763.755 s)
>> 832 (11194: 7998 8339 8229) (711.57 s)
>> 832 (11536: 11535 8865 8824) (754.006 s)
>> 832 (16455: 7413 7409 7398) (700.07 s)
>> 824 (5791: 6190 19229 6200) (724.875 s)
>> 823 (5596: 6313 6335 6322) (687.911 s)
>> 823 (8851: 8891 8777 8850) (774.489 s)
>> 823 (10946: 6834 6841 6827) (705.839 s)
>> 822 (8754: 8891 8644 8753) (722.561 s)
>> 821 (16832: 7195 16855 7235) (701.578 s)
>> 818 (4829: 6773 6793 6747) (770.376 s)
>> 817 (6945: 7065 6949 6943) (783.703 s)
>> 817 (18742: 6441 6449 6444) (842.641 s)
>> 867 (25571: 6437 6441 6438) (678.558 s)
>> 813 (5802: 19236 6190 6188) (719.031 s)
>> 810 (4561: 6896 6899 6888) (693.784 s)
>> 809 (18359: 6585 6622 6578) (715.957 s)
>> 805 (2057: 8402 8273 8340) (672.802 s)
>> 802 (8689: 8635 8763 8687) (713.805 s)
>> 800 (8936: 8908 8891 8933) (688.794 s)
>> 794 (158: 8105 8444 8079) (709.564 s)
>> 782 (8803: 8635 8833 8801) (656.129 s)
>> 782 (9144: 9163 23595 9142) (717.381 s)
>> 782 (24378: 6823 6855 6775) (683.435 s)
>> 884 (21745: 6761 6823 6706) (774.49 s)
>> 782 (26709: 17879 6813 6815) (685.39 s)
>> 780 (2674: 7823 8058 7844) (735.196 s)
>> 778 (13304: 9488 9469 9460) (692.811 s)
>> 777 (2819: 7812 7894 7777) (718.334 s)
>> 775 (13848: 9085 9137 9107) (639.884 s)
>> 774 (17161: 7051 7053 7042) (734.721 s)
>> 772 (3249: 7490 7738 7551) (687.993 s)
>> 772 (20558: 6741 6763 6751) (691.587 s)
>> 768 (24076: 9049 8982 9156) (647.833 s)
>> 766 (14518: 8782 8637 8495) (727.666 s)
>> 763 (5922: 6142 6139 6120) (683.641 s)
>> 759 (13431: 9339 9429 9393) (722.608 s)
>> 757 (4833: 6780 6762 6753) (653.506 s)
>> 756 (13999: 8931 9014 9002) (732.239 s)
>> 755 (18415: 6564 6573 6569) (708.841 s)
>> 750 (5650: 6301 6306 6295) (661.325 s)
>> 746 (25111: 7325 7339 7308) (619.721 s)
>> 745 (23668: 13721 9270 9213) (674.04 s)
>> 740 (9291: 9309 9339 9289) (652.151 s)
>> 739 (18379: 6575 6587 6568) (668.427 s)
>> 737 (12776: 6287 6290 6281) (616.884 s)
>> 735 (21409: 7686 15878 7669) (666.381 s)
>> 734 (5368: 6462 6453 6454) (643.795 s)
>> 729 (14030: 8960 11535 8898) (665.999 s)
>> 726 (4516: 6904 6912 6910) (625.097 s)
>> 720 (5032: 6658 6667 6660) (662.383 s)
>> 719 (1410: 9191 9210 9162) (641.377 s)
>> 715 (10397: 8880 9109 8970) (662.208 s)
>> 710 (5202: 6576 6579 6564) (612.13 s)
>> 710 (16457: 7403 7388 7384) (658.286 s)
>> 703 (523: 7762 7469 7423) (636.334 s)
>> 700 (9135: 9159 9147 9134) (656.01 s)
>> 696 (4193: 7039 17133 7032) (618.165 s)
>> 695 (18500: 18457 6533 6528) (653.615 s)
>> 693 (21451: 7051 7007 6991) (633.817 s)
>> 691 (4087: 7111 7112 7103) (653.749 s)
>> 690 (17563: 6897 6992 6891) (603.461 s)
>> 687 (24970: 8635 8890 8960) (648.008 s)
>> 679 (23660: 6774 6821 6804) (625.973 s)
>> 678 (20402: 7061 7075 7055) (646.649 s)
>> 676 (5658: 6285 6292 6291) (610.561 s)
>> 674 (23342: 6833 17879 6788) (643.251 s)
>> 671 (18422: 6567 6576 6557) (619.604 s)
>> 666 (10363: 6301 6316 6304) (639.934 s)
>> 665 (19823: 7528 7486 7512) (593.556 s)
>> 664 (2300: 8111 8119 7983) (637.793 s)
>> 661 (9999: 7194 7189 7177) (615.936 s)
>> 659 (1679: 8502 8999 8798) (636.561 s)
>> 1132 (14095: 25850 11225 8502) (597.125 s)
>> 657 (13637: 9258 9309 9263) (632.057 s)
>> 657 (19761: 6833 6829 6824) (610.926 s)
>> 655 (7187: 7178 7193 7185) (630.517 s)
>> 655 (20846: 6212 6237 6205) (584.989 s)
>> 651 (13850: 9118 9151 9114) (628.608 s)
>> 650 (15468: 7910 2569 7988) (607.837 s)
>> 648 (7841: 7771 7840 7762) (626.827 s)
>> 647 (14736: 8443 8468 7998) (589.82 s)
>> 647 (16793: 7236 7254 7194) (622.889 s)
>> 647 (19232: 6211 6220 6206) (601.965 s)
>> 646 (5589: 6308 6317 6314) (619.772 s)
>> 643 (14188: 8848 8985 8971) (568.6 s)
>> 631 (2398: 8045 8096 8004) (613.242 s)
>> 630 (7343: 7352 7346 7341) (590.61 s)
>> 630 (24616: 16711 7278 7269) (608.388 s)
>> 629 (24386: 6625 6611 6596) (573.345 s)
>> 626 (11235: 6457 6488 6484) (608.605 s)
>> 626 (25051: 6480 6478 6462) (586.996 s)
>> 625 (3751: 7560 7326 7317) (606.154 s)
>> 625 (18485: 6535 18457 6547) (560.188 s)
>> 622 (17319: 6998 7004 6987) (547.688 s)
>> 618 (13043: 9672 9666 9664) (582.321 s)
>> 618 (26163: 6433 24875 6403) (609.217 s)
>> 616 (16476: 7361 7385 7394) (571.832 s)
>> 613 (5995: 5997 6127 6118) (605.801 s)
>> 612 (515: 6977 6950 6941) (585.277 s)
>> 598 (8228: 8480 11753 8227) (610.3 s)
>> 598 (12443: 7049 7054 7051) (563.371 s)
>> 595 (16962: 7152 7151 7148) (607.496 s)
>> 595 (25207: 9559 9536 9607) (585.543 s)
>> 592 (17610: 6886 6874 6863) (604.864 s)
>> 592 (23170: 6476 6472 6463) (568.9 s)
>> 591 (3532: 7411 7431 7420) (602.547 s)
>> 591 (10446: 7814 7859 7853) (580.789 s)
>> 588 (5824: 6174 19236 6172) (601.3 s)
>> 588 (15176: 8074 8133 8105) (553.376 s)
>> 585 (8246: 8252 8263 8243) (598.035 s)
>> 583 (17697: 6847 6905 6852) (546.586 s)
>> 581 (10343: 7776 7986 8074) (504.94 s)
>> 581 (18972: 6324 6340 6301) (491.047 s)
>> 578 (12644: 6605 6610 6585) (572.43 s)
>> 578 (18884: 6357 6366 6346) (565.477 s)
>> 577 (1363: 9242 9223 9159) (582.355 s)
>> 577 (20267: 9087 9165 9068) (541.57 s)
>> 571 (15238: 8060 8045 7972) (581.272 s)
>> 568 (14352: 8786 8771 8626) (561.139 s)
>> 567 (1665: 8806 8931 8692) (580.59 s)
>> 567 (12095: 7713 2879 7688) (551.899 s)
>> 567 (15720: 7789 7821 7761) (582.941 s)
>> 563 (18376: 6581 6586 6577) (559.413 s)
>> 561 (13137: 9611 9435 9632) (574.423 s)
>> 555 (12487: 6955 6998 6942) (534.79 s)
>> 554 (18408: 6575 6558 6524) (568.199 s)
>> 553 (3192: 7555 7627 7528) (541.458 s)
>> 551 (15861: 7747 20304 7723) (576.76 s)
>> 545 (18136: 6674 5016 6670) (541.948 s)
>> 543 (19137: 6251 6284 6270) (508.171 s)
>> 542 (10626: 6657 6644 6635) (484.286 s)
>> 536 (977: 6342 6344 6337) (577.2 s)
>> 536 (24880: 8125 8092 8166) (544.576 s)
>> 535 (1796: 8618 8806 8605) (580.068 s)
>> 531 (10572: 7550 3203 7513) (544.99 s)
>> 530 (5963: 6130 6142 6129) (512.2 s)
>> 528 (2546: 7961 8015 7993) (532.453 s)
>> 526 (11352: 17835 6833 6831) (546.821 s)
>> 526 (22911: 7827 7912 7776) (588.669 s)
>> 523 (5091: 6609 6619 6616) (636.308 s)
>> 520 (14015: 9011 9060 8786) (517.725 s)
>> 520 (14212: 8797 8635 8845) (602.313 s)
>> 517 (1422: 9118 9172 9150) (612.878 s)
>> 517 (9912: 4895 6741 6735) (552.22 s)
>> 515 (13889: 8618 9078 8987) (510.237 s)
>> 1023 (14088: 9350 8652 8618) (527.512 s)
>> 515 (16363: 7421 7490 7402) (517.149 s)
>> 948 (16453: 7391 7421 7399) (529.598 s)
>> 515 (18196: 6650 6668 6652) (493.243 s)
>> 514 (13845: 9073 9099 9112) (515.027 s)
>> 510 (14826: 8318 8302 8422) (554.167 s)
>> 510 (16267: 7479 25835 7468) (523.529 s)
>> 509 (13638: 9262 9302 9294) (524.376 s)
>> 507 (4900: 6736 6709 6685) (535.332 s)
>> 506 (12587: 6820 17835 6773) (595.973 s)
>> 505 (4962: 6715 6698 6677) (604.627 s)
>> 505 (16241: 7499 16223 7445) (486.873 s)
>> 502 (1211: 9541 9599 9458) (516.602 s)
>> 502 (13222: 9567 9571 9558) (502.502 s)
>> 501 (24878: 8317 8414 8271) (552.055 s)
>> 496 (13143: 9592 9646 9559) (511.069 s)
>> 495 (26923: 8098 8077 8147) (502.448 s)
>> 902 (15400: 8011 8067 8098) (489.853 s)
>> 492 (7475: 7470 7480 7473) (521.665 s)
>> 491 (19336: 6153 6155 6130) (482.271 s)
>> 489 (19352: 6149 6170 6134) (522.332 s)
>> 488 (5862: 6156 6157 6149) (504.586 s)
>> 484 (1444: 9116 25850 9049) (520.794 s)
>> 483 (11854: 8248 8093 8039) (489.774 s)
>> 483 (23454: 8382 8603 8561) (515.365 s)
>> 481 (5483: 6362 6493 6173) (497.309 s)
>> 475 (11301: 9767 9758 9745) (509.778 s)
>> 1390 (835: 9769 9783 9767) (469.904 s)
>> 469 (13571: 9276 9258 9259) (507.778 s)
>> 468 (1774: 8631 8649 8570) (490.032 s)
>> 467 (18648: 6479 6487 6480) (504.099 s)
>> 462 (16134: 7405 7545 7354) (475.405 s)
>> 461 (17394: 6962 6966 6919) (502.419 s)
>> 459 (13543: 9277 9325 9293) (485.331 s)
>> 453 (18430: 6563 6575 6555) (499.793 s)
>> 448 (13812: 9119 9085 9070) (482.044 s)
>> 444 (5162: 6589 6591 6583) (558.407 s)
>> 444 (14774: 8409 8389 8462) (528.819 s)
>> 705 (14759: 8461 8409 8412) (472.547 s)
>> 442 (4554: 6904 6900 6892) (416.228 s)
>> 442 (14515: 9011 8526 8558) (535.38 s)
>> 442 (15158: 8162 8137 8081) (537.041 s)
>> 439 (4597: 6887 6904 6885) (624.566 s)
>> 439 (25231: 6549 6563 6556) (527.594 s)
>> 436 (1878: 8908 8480 8550) (490.3 s)
>> 1017 (357: 8501 9011 8908) (513.991 s)
>> 434 (8474: 8443 8471 8447) (510.722 s)
>> 434 (17862: 6800 6801 6789) (544.444 s)
>> 432 (15915: 7701 7793 7576) (612.687 s)
>> 428 (10054: 6584 6625 6580) (575.017 s)
>> 424 (19872: 8805 8821 8922) (597.009 s)
>> 423 (12324: 7300 7299 7287) (480.308 s)
>> 420 (24541: 7887 7868 7827) (568.721 s)
>> 419 (5638: 6303 6298 6294) (463.622 s)
>> 417 (17203: 4217 7037 7019) (581.189 s)
>> 416 (14939: 8252 8230 8344) (479.326 s)
>> 415 (20269: 8021 7914 7878) (530.169 s)
>> 414 (14278: 8807 8796 8709) (547.004 s)
>> 412 (14296: 8764 8778 8840) (465.319 s)
>> 412 (17059: 7101 7110 7089) (426.447 s)
>> 410 (1886: 8500 8588 8545) (520.075 s)
>> 410 (17836: 6807 6820 6806) (531.602 s)
>> 408 (18173: 6658 6650 6669) (592.111 s)
>> 407 (11384: 9695 12994 9769) (561.524 s)
>> 404 (16384: 7438 22775 7411) (517.742 s)
>> 401 (13399: 9488 9350 9312) (512.154 s)
>> 399 (2475: 8005 8028 7973) (513.409 s)
>> 829 (2409: 8087 8042 8005) (417.664 s)
>> 397 (6405: 6392 6433 6404) (540.564 s)
>> 397 (11930: 7949 11928 7954) (449.66 s)
>> 395 (4273: 7000 7010 6978) (468.802 s)
>> 394 (4528: 6902 6896 6887) (415.728 s)
>> 393 (4015: 7162 7152 7170) (529.511 s)
>> 393 (15813: 7644 7789 7741) (511.193 s)
>> 393 (16865: 7203 7237 7195) (534.23 s)
>> 391 (9787: 7178 7481 7418) (466.2 s)
>> 388 (12650: 6932 6457 6598) (522.964 s)
>> 384 (861: 9087 9177 8501) (568.077 s)
>> 383 (1201: 9570 9596 9577) (654.141 s)
>> 383 (14524: 8571 9488 8382) (855.517 s)
>> 382 (17870: 6791 6782 4895) (620.167 s)
>> 380 (2436: 8027 8046 7961) (366.621 s)
>> 379 (2598: 7902 7822 7923) (429.765 s)
>> 379 (14191: 8810 8914 8881) (440.748 s)
>> 378 (3387: 7463 16329 7690) (383.267 s)
>> 372 (14751: 14772 8536 8276) (379.94 s)
>> 370 (4083: 7178 7113 7109) (379.843 s)
>> 368 (5736: 6231 6251 6207) (375.259 s)
>> 366 (5645: 6296 6359 6256) (378.947 s)
>> 362 (26422: 25007 7771 7729) (375.985 s)
>> 355 (1554: 8880 9001 8571) (378.474 s)
>> 349 (16216: 7517 7555 7502) (371.298 s)
>> 349 (19258: 6174 6183 6177) (376.961 s)
>> 345 (11203: 8168 2355 8443) (371.811 s)
>> 344 (1527: 9052 9119 9027) (389.411 s)
>> 341 (8703: 8553 8782 8701) (434.724 s)
>> 338 (12545: 6872 17581 6858) (451.258 s)
>> 336 (13120: 9624 9608 9611) (435.918 s)
>> 334 (3053: 7624 7618 7662) (448.846 s)
>> 325 (4638: 6886 6881 6873) (422.777 s)
>> 320 (13631: 9253 9268 8880) (431.857 s)
>> 316 (13204: 9560 9578 9549) (387.98 s)
>> 314 (11879: 8048 8075 8022) (380.318 s)
>> 311 (13878: 9157 9106 9072) (380.496 s)
>> 311 (22703: 8076 8087 8038) (389.967 s)
>> 305 (15800: 7747 15802 7733) (387.468 s)
>> 300 (5977: 6153 22625 6128) (387.398 s)
>> 299 (12511: 6934 6924 6913) (389.656 s)
>> 293 (5209: 6572 6584 6535) (389.337 s)
>> 292 (5269: 6532 6549 6527) (446.382 s)
>> 291 (14848: 8341 8254 8320) (388.622 s)
>> 290 (1492: 9066 9118 9077) (379.049 s)
>> 289 (11595: 8609 8745 8705) (383.342 s)
>> 287 (15465: 7949 7971 7887) (369.308 s)
>> 287 (17996: 6730 6752 6742) (370.213 s)
>> 283 (13788: 24274 9158 9108) (368.405 s)
>> 279 (8596: 8575 8607 8593) (393.704 s)
>> 270 (2882: 7744 7787 7755) (425.247 s)
>> 268 (2101: 8261 15038 8141) (377.435 s)
>> 268 (19155: 6253 6266 6259) (357.393 s)
>> 266 (13761: 9171 9157 9184) (333.961 s)
>> 266 (18551: 6519 6514 6510) (332.087 s)
>> 260 (19887: 9541 9565 9576) (329.136 s)
>> 258 (3512: 7416 7438 7403) (325.073 s)
>> 254 (15755: 7759 7779 7763) (329.457 s)
>> 250 (16331: 7470 7479 7416) (328.949 s)
>> 249 (16307: 7430 7499 7413) (328.729 s)
>> 246 (22844: 6832 6846 6807) (328.47 s)
>> 244 (14649: 25122 8522 8479) (336.395 s)
>> 242 (1753: 9253 8686 8664) (336.284 s)
>> 239 (13466: 9371 9492 9285) (418.338 s)
>> 460 (9392: 9423 9388 9371) (357.604 s)
>> 238 (13441: 9403 9541 9401) (367.915 s)
>> 234 (14725: 8435 8439 8392) (372.107 s)
>> 230 (14449: 8527 8601 8587) (388.526 s)
>> 228 (23770: 9564 9519 9453) (399.523 s)
>> 218 (16208: 7522 7541 7484) (383.083 s)
>> 214 (17997: 6732 6728 6720) (383.206 s)
>> 205 (15031: 8179 8341 8159) (339.331 s)
>> 199 (19486: 6022 24799 6114) (337.966 s)
>> 197 (19056: 6297 6324 6285) (375.913 s)
>> 189 (12186: 7533 7644 7554) (417.859 s)
>> 184 (15997: 7701 7633 7599) (394.313 s)
>> 181 (6544: 6532 6542 6536) (345.503 s)
>> 178 (16173: 7535 7517 7430) (351.618 s)
>> 177 (18158: 6658 6715 6646) (314.413 s)
>> 176 (16746: 7255 16699 7236) (323.716 s)
>> 175 (12959: 9722 9692 9710) (331.233 s)
>> 170 (13982: 9163 8848 9015) (380.248 s)
>> 167 (5514: 6296 6354 6345) (352.046 s)
>> 167 (5844: 6161 6160 6156) (349.592 s)
>> 167 (22166: 6112 6022 6109) (320.695 s)
>> 157 (13020: 9683 9675 9711) (319.754 s)
>> 155 (18669: 6476 6470 6458) (312.373 s)
>> 154 (3480: 7463 7439 7414) (402.577 s)
>> 151 (15661: 7902 7893 7533) (327.215 s)
>> 130 (2516: 7925 8111 8085) (334.971 s)
>> 126 (2275: 8110 8261 8122) (334.613 s)
>> 124 (7429: 7391 7427 7178) (392.789 s)
>> 118 (15677: 7814 7804 7788) (328.374 s)
>> 112 (13010: 9756 13008 24592) (332.335 s)
>> 112 (21457: 6840 6872 6832) (350.804 s)
>> 111 (5002: 6674 6666 6661) (335.367 s)
>> 108 (3052: 7624 7626 7652) (368.846 s)
>> 105 (1598: 8897 11529 1631) (330.697 s)
>> 104 (13899: 9036 9098 9010) (327.077 s)
>> 101 (4936: 6840 6729 6716) (380.861 s)
>> 100 (15223: 8084 8011 15361) (307.404 s)
>> 97 (591: 6572 6605 6589) (318.409 s)
>> 95 (13906: 9253 9111 9037) (374.449 s)
>> 93 (18951: 6338 6329 6323) (385.504 s)
>> 84 (14337: 8807 8599 8544) (316.462 s)
>> 82 (9818: 7814 7785 7744) (321.474 s)
>> 82 (11918: 8029 8021 7949) (334.226 s)
>> 65 (15173: 8135 8179 23933) (336.931 s)
>> 64 (7928: 8029 7926 7918) (341.733 s)
>> 64 (10803: 9563 9483 9592) (356.51 s)
>> 63 (14863: 8279 9087 8324) (331.366 s)
>> 63 (16073: 7550 7701 7543) (326.789 s)
>> 58 (1433: 9075 9128 9052) (310.913 s)
>> 53 (11591: 8600 8553 8252) (311.229 s)
>> 96 (14421: 8651 8677 8600) (309.036 s)
>> 49 (18010: 6737 6736 6725) (316.285 s)
>> 48 (3925: 7209 7294 7233) (315.094 s)
>> 44 (1240: 9489 9523 9456) (381.199 s)
>> 39 (17209: 7008 7029 7026) (351.274 s)
>> 34 (18268: 6613 18309 6617) (344.341 s)
>> 20 (18693: 6459 6932 6437) (313.996 s)
>> 19 (1801: 8602 8807 8617) (378.393 s)
>> 16 (11707: 8410 8582 8415) (320.741 s)
>> 15 (18637: 6485 6459 6486) (321.088 s)
>> 14 (18033: 6761 6745 6678) (310.551 s)
>> 13 (12108: 7677 7654 7685) (352.734 s)
>> 13 (19910: 8037 8102 7925) (365.161 s)
>> 12 (1396: 9185 9191 9168) (342.494 s)
>> 8 (5794: 19262 6191 6174) (319.44 s)
>> 7 (11657: 8456 8651 8429) (358.48 s)
>> 2 (15991: 25007 7645 7592) (301.012 s)
>> 1 (11801: 8248 8278 8187) (367.303 s)
>> 0 (-1: -1 -1 -1) (295.482 s)
Zelikovsky- 1.03884e+06 s
>>> get_solution
  refine_solution: new weight 792867294 (was 792886392) in 0.027587 s
  refine_solution: new weight 792867294 (was 792867294) in 0.016387 s
>>> get_solution
  refine_solution: new weight 793411985 (was 793735262) in 0.015378 s
  refine_solution: new weight 793377154 (was 793411985) in 0.016527 s
  refine_solution: new weight 793368689 (was 793377154) in 0.016232 s
  refine_solution: new weight 793368689 (was 793368689) in 0.016275 s
0,,27069,40333,2772,,0,0,,793735262,793368689,793160360,792886392,792867294,,0,0,@@

  delete_edges: deleted 175 edges in 0.00862 s and 2 rounds
  handle_small_Steiner_degrees: steiner 0, suppress 250 in 0.000142 s
Starting round 1
contract_till_the_bitter_end interrupted
contract_till_the_bitter_end: 1.14177e+06 s

Calling end_heu
>>> get_solution
Saved weight 542957541
end_heu: 0 loops with 0 unique solutions in 0.00381 s

Calling print_solution
>>> get_solution
  refine_solution: new weight 793416679 (was 793734916) in 0.029721 s
Oops orig weight was 793734916 but we got 793416679
## FINAL WEIGHT 793416679
print_solution: 0.055832 s
