Version: final-94-gfffc3aa rub_all.sh: remove longest prefix
Random seed: 1556939700
Start
>>> save_orig_graph
>> Saved weight 0
Graph loaded
|V| = 43074, |E| = 71276, |R| = 2868
First clearance of the input. Calling buy_zero and run_all_heuristics.
  buy_zero: 15 zero edges in 0.000211 s
  handle_small_terminal_degrees: terms 2 in 4e-05 s
  handle_small_Steiner_degrees: steiner 5, suppress 4 in 7e-05 s
  shortest_edge_between_terminals: 0 edges in 7.1e-05 s
  handle_small_terminal_degrees: terms 0 in 3.3e-05 s
  handle_small_Steiner_degrees: steiner 0, suppress 2 in 7.1e-05 s
  shortest_edge_between_terminals: 0 edges in 4.5e-05 s
  handle_small_terminal_degrees: terms 0 in 3.4e-05 s
  handle_small_Steiner_degrees: steiner 0, suppress 0 in 6.8e-05 s
  shortest_edge_between_terminals: 0 edges in 4.4e-05 s
Compressed graph 43074 -> 43045
  delete_edges: deleted 4698 edges in 0.015299 s and 3 rounds
  handle_small_terminal_degrees: terms 38 in 6.5e-05 s
  handle_small_Steiner_degrees: steiner 71, suppress 2463 in 0.001037 s
  shortest_edge_between_terminals: 0 edges in 7.2e-05 s
  handle_small_terminal_degrees: terms 0 in 3.4e-05 s
  handle_small_Steiner_degrees: steiner 0, suppress 26 in 8e-05 s
  shortest_edge_between_terminals: 0 edges in 4.8e-05 s
  handle_small_terminal_degrees: terms 0 in 3.4e-05 s
  handle_small_Steiner_degrees: steiner 0, suppress 0 in 8.5e-05 s
  shortest_edge_between_terminals: 0 edges in 4.7e-05 s
Compressed graph 43045 -> 40447
  delete_edges_shortest_path: deleted 7598 edges in 85.4362 s
  handle_small_terminal_degrees: terms 1338 in 0.001912 s
  handle_small_Steiner_degrees: steiner 1009, suppress 6361 in 0.00559 s
  shortest_edge_between_terminals: 3 edges in 0.000247 s
  handle_small_terminal_degrees: terms 339 in 0.000389 s
  handle_small_Steiner_degrees: steiner 0, suppress 72 in 0.000119 s
  shortest_edge_between_terminals: 9 edges in 7e-05 s
  handle_small_terminal_degrees: terms 1 in 3.4e-05 s
  handle_small_Steiner_degrees: steiner 1, suppress 19 in 8e-05 s
  shortest_edge_between_terminals: 0 edges in 5.3e-05 s
  handle_small_terminal_degrees: terms 1 in 3.4e-05 s
  handle_small_Steiner_degrees: steiner 1, suppress 4 in 7.1e-05 s
  shortest_edge_between_terminals: 0 edges in 5.3e-05 s
  handle_small_terminal_degrees: terms 0 in 3.3e-05 s
  handle_small_Steiner_degrees: steiner 0, suppress 3 in 7e-05 s
  shortest_edge_between_terminals: 0 edges in 5.2e-05 s
  handle_small_terminal_degrees: terms 0 in 3.3e-05 s
  handle_small_Steiner_degrees: steiner 0, suppress 5 in 7e-05 s
  shortest_edge_between_terminals: 0 edges in 5.3e-05 s
  handle_small_terminal_degrees: terms 0 in 3.3e-05 s
  handle_small_Steiner_degrees: steiner 0, suppress 4 in 6.8e-05 s
  shortest_edge_between_terminals: 0 edges in 5.2e-05 s
  handle_small_terminal_degrees: terms 0 in 3.3e-05 s
  handle_small_Steiner_degrees: steiner 0, suppress 4 in 6.7e-05 s
  shortest_edge_between_terminals: 0 edges in 5.2e-05 s
  handle_small_terminal_degrees: terms 0 in 3.3e-05 s
  handle_small_Steiner_degrees: steiner 0, suppress 3 in 6.7e-05 s
  shortest_edge_between_terminals: 0 edges in 5.1e-05 s
  handle_small_terminal_degrees: terms 0 in 3.2e-05 s
  handle_small_Steiner_degrees: steiner 0, suppress 0 in 6.5e-05 s
  shortest_edge_between_terminals: 0 edges in 5.2e-05 s
Compressed graph 40447 -> 31272
  handle_small_terminal_degrees: terms 0 in 2.7e-05 s
  handle_small_Steiner_degrees: steiner 1, suppress 89 in 0.000161 s
  shortest_edge_between_terminals: 61 edges in 0.000455 s
  handle_small_terminal_degrees: terms 0 in 2.5e-05 s
  handle_small_Steiner_degrees: steiner 1, suppress 18 in 7.6e-05 s
  shortest_edge_between_terminals: 2 edges in 7.6e-05 s
  handle_small_terminal_degrees: terms 1 in 2.7e-05 s
  handle_small_Steiner_degrees: steiner 0, suppress 10 in 6.5e-05 s
  shortest_edge_between_terminals: 0 edges in 6.4e-05 s
  handle_small_terminal_degrees: terms 0 in 2.5e-05 s
  handle_small_Steiner_degrees: steiner 0, suppress 5 in 6e-05 s
  shortest_edge_between_terminals: 0 edges in 6.3e-05 s
  handle_small_terminal_degrees: terms 0 in 2.5e-05 s
  handle_small_Steiner_degrees: steiner 0, suppress 2 in 5.8e-05 s
  shortest_edge_between_terminals: 0 edges in 6.3e-05 s
  handle_small_terminal_degrees: terms 0 in 2.6e-05 s
  handle_small_Steiner_degrees: steiner 0, suppress 0 in 5.6e-05 s
  shortest_edge_between_terminals: 0 edges in 6.3e-05 s
Compressed graph 31272 -> 30258
  delete_edges_shortest_path: deleted 2235 edges in 19.0204 s
  handle_small_terminal_degrees: terms 78 in 0.000135 s
  handle_small_Steiner_degrees: steiner 101, suppress 2954 in 0.002398 s
  shortest_edge_between_terminals: 19 edges in 0.00031 s
  handle_small_terminal_degrees: terms 3 in 2.8e-05 s
  handle_small_Steiner_degrees: steiner 0, suppress 32 in 7.1e-05 s
  shortest_edge_between_terminals: 2 edges in 6.2e-05 s
  handle_small_terminal_degrees: terms 0 in 2.5e-05 s
  handle_small_Steiner_degrees: steiner 0, suppress 6 in 5.8e-05 s
  shortest_edge_between_terminals: 0 edges in 5.7e-05 s
  handle_small_terminal_degrees: terms 0 in 2.5e-05 s
  handle_small_Steiner_degrees: steiner 0, suppress 0 in 5e-05 s
  shortest_edge_between_terminals: 0 edges in 5.6e-05 s
Compressed graph 30258 -> 27069
Compressed graph 27069 -> 27069
>>> save_orig_graph
>> Saved weight 542957541
### ZEL_LVL=9 PRECISE_STARS=0

Calling `contract_till_the_bitter_end`
|V| = 27069, |E| = 40333, |R| = 2772
>> 25659 (22128: 7196 7220 7196) (82.0738 s)
>> 24168 (3926: 7190 7232 7190) (72.1833 s)
>> 19716 (4109: 7083 7088 7083) (71.488 s)
>> 19325 (3649: 7360 7364 7360) (71.3197 s)
>> 18425 (14566: 7491 8838 7491) (71.203 s)
>> 15521 (12552: 6844 6853 6844) (71.1235 s)
>> 13851 (22190: 7262 7263 7262) (71.4512 s)
>> 13378 (17818: 6723 6756 6723) (71.4673 s)
>> 11531 (7107: 7106 7117 7106) (71.3727 s)
>> 10822 (3965: 7180 7207 7180) (71.4183 s)
>> 10692 (588: 6489 6509 6489) (71.7352 s)
>> 10454 (24695: 7193 7256 7193) (71.68 s)
>> 10362 (10443: 7094 7119 7094) (71.7963 s)
>> 9263 (7064: 7062 7068 7062) (72.0865 s)
>> 9028 (16977: 7109 7135 7109) (71.7883 s)
>> 7585 (9726: 9674 9723 9674) (71.837 s)
>> 7258 (16769: 7223 7251 7223) (71.7603 s)
>> 7129 (5495: 6288 6360 6288) (71.7812 s)
>> 7005 (3442: 7453 7619 7453) (71.9226 s)
>> 6943 (15563: 7845 7869 7845) (73.2444 s)
>> 6847 (258: 7782 7824 7782) (71.4755 s)
>> 6801 (19280: 6132 6141 6132) (71.8325 s)
>> 6782 (16231: 7415 7514 7415) (71.5549 s)
>> 6740 (10353: 6818 6866 6818) (71.6409 s)
>> 6481 (17078: 7067 7084 7067) (71.6399 s)
>> 6440 (4441: 6920 6927 6920) (72.0156 s)
>> 6347 (13968: 9020 9041 9020) (71.8578 s)
>> 6342 (17152: 6971 7044 6971) (71.9274 s)
>> 6836 (877: 6947 6953 6947) (71.8921 s)
>> 6322 (3998: 7163 7169 7163) (72.0388 s)
>> 6189 (22712: 6878 6880 6878) (71.8424 s)
>> 6184 (3903: 7214 7248 7214) (73.6556 s)
>> 6586 (16784: 7209 7244 7209) (74.873 s)
>> 6181 (17265: 6965 7035 6965) (75.1235 s)
>> 7036 (21266: 7074 7085 7074) (75.1551 s)
>> 6166 (6871: 6856 6869 6856) (76.996 s)
>> 6140 (4024: 7149 7157 7149) (79.627 s)
>> 5966 (11170: 7002 7020 7002) (75.715 s)
>> 5951 (16634: 7264 7305 7264) (75.5296 s)
>> 5936 (2491: 7947 7996 7947) (75.3772 s)
>> 5843 (452: 7332 7351 7332) (73.6765 s)
>> 5786 (3010: 7587 7668 7587) (73.2417 s)
>> 5678 (9718: 9716 9730 9716) (72.9091 s)
>> 5582 (16988: 7132 7141 7132) (75.0043 s)
>> 5523 (4177: 7045 7105 7045) (72.8643 s)
>> 5450 (3359: 7458 7485 7458) (72.8632 s)
>> 5448 (4082: 7113 7131 7113) (72.9396 s)
>> 5433 (9442: 9424 9439 9424) (75.1254 s)
>> 5348 (10774: 9057 9254 9057) (73.4434 s)
>> 5192 (16955: 7145 7150 7145) (72.9308 s)
>> 5842 (16895: 7160 7178 7160) (73.0463 s)
>> 5158 (3241: 7527 7552 7527) (101.927 s)
>> 5147 (3624: 7349 7373 7349) (105.68 s)
>> 5095 (20347: 6108 6110 6108) (73.6787 s)
>> 5076 (16665: 7284 7310 7284) (73.7365 s)
>> 6399 (9830: 7288 7296 7288) (73.8314 s)
>> 5043 (21151: 6890 6898 6890) (73.8191 s)
>> 5021 (16694: 7265 7281 7265) (73.881 s)
>> 4917 (8584: 8583 8627 8583) (73.6972 s)
>> 4792 (834: 9434 9685 9434) (73.9425 s)
>> 4782 (2306: 7998 8059 7998) (73.7553 s)
>> 4739 (1023: 6091 6092 6091) (73.7504 s)
>> 4729 (3217: 7559 7561 7559) (73.9105 s)
>> 4728 (22661: 6982 6915 6982) (73.7349 s)
>> 4652 (19178: 6240 6244 6240) (73.8575 s)
>> 4617 (4133: 7046 7058 7046) (74.1755 s)
>> 4605 (8400: 8253 8399 8253) (73.7808 s)
>> 4361 (20608: 7387 7408 7387) (73.876 s)
>> 4216 (17040: 7118 7123 7118) (73.8447 s)
>> 4186 (1104: 9774 9779 9774) (73.7093 s)
>> 4184 (11981: 7807 7864 7807) (73.8087 s)
>> 4171 (14728: 8352 8413 8352) (74.1034 s)
>> 4162 (16722: 7188 23969 7188) (74.222 s)
>> 4147 (19189: 6222 6234 6222) (74.3766 s)
>> 4122 (22798: 7008 7029 7008) (74.5069 s)
>> 4071 (3774: 7274 7294 7274) (74.6203 s)
>> 4513 (16354: 7353 7406 7353) (74.745 s)
>> 4038 (101: 6911 6922 6911) (84.923 s)
>> 4022 (5372: 6458 6463 6458) (216.454 s)
>> 3991 (2690: 7828 7839 7828) (214.78 s)
>> 3974 (10419: 7153 7168 7153) (104.791 s)
>> 5045 (3994: 7155 7172 7155) (73.6743 s)
>> 3948 (10750: 7013 7032 7013) (73.441 s)
>> 3928 (15355: 7835 7982 7835) (77.638 s)
>> 3890 (21661: 6173 6318 6173) (83.1648 s)
>> 3833 (9540: 9537 9564 9537) (83.841 s)
>> 3828 (14878: 8136 8219 8136) (87.5077 s)
>> 4128 (14584: 8424 8531 8424) (90.9649 s)
>> 3825 (25831: 6102 6104 6102) (92.5704 s)
>> 3824 (3296: 7506 7516 7506) (101.544 s)
>> 3798 (8336: 8312 8333 8312) (106.139 s)
>> 3713 (93: 7879 7946 7879) (94.0418 s)
>> 3699 (3703: 7335 7347 7335) (86.5072 s)
>> 3642 (13390: 9453 9487 9453) (85.9322 s)
>> 3593 (3634: 7340 7372 7340) (86.448 s)
>> 4121 (3650: 7356 7363 7356) (87.3835 s)
>> 3582 (21683: 6084 6124 6084) (93.0885 s)
>> 3582 (23184: 6123 6152 6123) (84.1243 s)
>> 3581 (9623: 9619 9637 9619) (84.9933 s)
>> 3545 (16147: 7558 7586 7558) (83.9569 s)
>> 3544 (3073: 7641 7676 7641) (82.8472 s)
>> 3523 (8676: 8674 8648 8674) (84.3956 s)
>> 3514 (8294: 8266 8290 8266) (81.8751 s)
>> 3501 (3709: 7314 7344 7314) (76.8017 s)
>> 3474 (3031: 7603 7657 7603) (79.3491 s)
>> 3410 (9369: 9359 9366 9359) (81.212 s)
>> 3404 (16341: 7369 7423 7369) (80.7395 s)
>> 3729 (235: 7302 7329 7302) (80.1355 s)
>> 3894 (10178: 7326 7354 7326) (79.4377 s)
>> 3572 (16632: 7285 7295 7285) (80.9713 s)
>> 3391 (10669: 8525 8641 8525) (74.0333 s)
>> 3358 (10578: 6134 6143 6134) (73.4161 s)
>> 3354 (10027: 7362 7379 7362) (72.5428 s)
>> 3344 (23341: 7730 7666 7730) (72.3142 s)
>> 3343 (8517: 8514 8540 8514) (72.2277 s)
>> 3314 (5446: 6367 6382 6367) (65.4596 s)
>> 3298 (2855: 7724 7760 7724) (72.1657 s)
>> 3295 (9349: 9345 9405 9345) (71.8174 s)
>> 3286 (11474: 9024 9058 9024) (72.0817 s)
>> 3284 (13693: 9055 9186 9055) (72.3659 s)
>> 3253 (8752: 8749 8620 8749) (72.2103 s)
>> 3217 (16447: 7374 7395 7374) (74.9671 s)
>> 3134 (3502: 7381 7386 7381) (73.1816 s)
>> 3134 (5899: 6131 6146 6131) (73.4118 s)
>> 3105 (16507: 7370 7375 7370) (73.2802 s)
>> 3086 (13603: 9259 9286 9259) (73.2754 s)
>> 3082 (2980: 7572 7689 7572) (73.9289 s)
>> 3068 (9752: 9702 9749 9702) (77.3799 s)
>> 3031 (8728: 8687 8726 8687) (72.9336 s)
>> 3015 (19263: 6179 6184 6179) (72.8143 s)
>> 3014 (14122: 8900 8926 8900) (73.4223 s)
>> 3005 (2223: 8108 8158 8108) (73.983 s)
>> 2979 (1039: 7608 7752 7608) (72.9768 s)
>> 2969 (23594: 9673 9684 9673) (73.3406 s)
>> 2964 (6502: 6501 6504 6501) (73.852 s)
>> 2957 (9256: 9255 9227 9255) (76.7219 s)
>> 2940 (26866: 6593 6606 6593) (90.7745 s)
>> 2923 (14809: 8295 8348 8295) (84.2878 s)
>> 2902 (8739: 8737 8823 8737) (81.8201 s)
>> 2888 (9804: 9686 9724 9686) (78.6315 s)
>> 2882 (16249: 7446 7498 7446) (78.4919 s)
>> 2863 (1589: 8919 8953 8919) (78.5024 s)
>> 2855 (3800: 7261 7291 7261) (77.9115 s)
>> 2848 (21893: 9597 9635 9597) (76.6518 s)
>> 2807 (12999: 9703 9701 9703) (72.6347 s)
>> 2804 (19465: 6116 6122 6116) (66.0477 s)
>> 2798 (8377: 8262 8375 8262) (73.1653 s)
>> 2785 (8052: 8031 8049 8031) (72.9735 s)
>> 2771 (10329: 6381 6490 6381) (73.0943 s)
>> 2761 (3167: 7524 7579 7524) (80.1905 s)
>> 2729 (149: 6760 6851 6760) (67.8354 s)
>> 2728 (9305: 9304 9267 9304) (72.2687 s)
>> 2718 (12382: 7173 7184 7173) (72.2064 s)
>> 2718 (2058: 8225 8284 8225) (72.6567 s)
>> 2702 (19152: 6259 6266 6259) (81.2907 s)
>> 2695 (22262: 7210 7201 7210) (78.4414 s)
>> 2683 (2589: 7825 7911 7825) (79.2875 s)
>> 2679 (26025: 6525 6552 6525) (81.8014 s)
>> 2676 (16581: 7328 7333 7328) (80.7627 s)
>> 2667 (17524: 6894 6905 6894) (81.2425 s)
>> 2652 (19872: 8805 8922 8805) (81.0968 s)
>> 2620 (11482: 9018 9115 9018) (85.5234 s)
>> 4799 (11515: 8858 8987 8858) (82.518 s)
>> 4338 (1501: 9014 9056 9014) (80.7808 s)
>> 2610 (16896: 7166 7175 7166) (79.7321 s)
>> 2589 (3146: 7590 7604 7590) (82.4965 s)
>> 2581 (9585: 9583 9582 9583) (82.8394 s)
>> 2579 (9680: 9678 9692 9678) (81.5544 s)
>> 2622 (13000: 9705 9711 9705) (82.2191 s)
>> 2576 (1518: 9046 9053 9046) (83.0369 s)
>> 2567 (158: 8079 8105 8079) (80.4868 s)
>> 2567 (9807: 7623 7699 7623) (80.1583 s)
>> 2554 (3344: 7472 7496 7472) (77.4153 s)
>> 2544 (5858: 6151 6156 6151) (76.3051 s)
>> 2537 (25004: 7771 7799 7771) (75.735 s)
>> 2537 (9399: 9379 9396 9379) (76.5478 s)
>> 2535 (2543: 7917 7921 7917) (76.9167 s)
>> 2534 (2731: 7810 7818 7810) (77.1482 s)
>> 2531 (22714: 7059 7075 7059) (76.912 s)
>> 2529 (14104: 8808 8975 8808) (70.3239 s)
>> 2526 (12878: 9766 9771 9766) (70.6092 s)
>> 2521 (10609: 9524 9483 9524) (72.169 s)
>> 2472 (22115: 6935 6974 6935) (71.929 s)
>> 2471 (25326: 7348 7385 7348) (75.2273 s)
>> 2406 (1688: 8658 8769 8658) (76.9191 s)
>> 2402 (23787: 6496 6497 6496) (80.1792 s)
>> 2398 (3786: 7268 7301 7268) (73.482 s)
>> 2394 (14790: 8277 8301 8277) (75.6163 s)
>> 2393 (11251: 8485 8503 8485) (73.1037 s)
>> 2670 (1956: 8445 8465 8445) (77.4529 s)
>> 2391 (8662: 8659 8731 8659) (76.3395 s)
>> 2402 (8861: 8779 8859 8779) (72.163 s)
>> 2385 (3492: 7407 7426 7407) (78.8075 s)
>> 2384 (1709: 8603 8736 8603) (80.8108 s)
>> 2379 (21560: 7082 7114 7082) (77.3472 s)
>> 2377 (3476: 7418 7441 7418) (71.4381 s)
>> 2372 (6063: 6093 6094 6093) (73.0907 s)
>> 2364 (4700: 6811 6838 6811) (75.0033 s)
>> 2360 (2759: 7802 7753 7802) (77.5169 s)
>> 2355 (2273: 8123 2355 8123) (81.2277 s)
>> 2324 (1465: 8978 9088 8978) (76.4004 s)
>> 2318 (26737: 7278 7322 7278) (82.2862 s)
>> 2296 (16180: 7500 7549 7500) (73.1671 s)
>> 2284 (26214: 6085 6089 6085) (73.1102 s)
>> 2271 (9506: 9502 9548 9502) (73.0908 s)
>> 2262 (3487: 7405 7419 7405) (74.4218 s)
>> 3114 (22007: 7461 7518 7461) (72.6279 s)
>> 2255 (24968: 8645 8849 8645) (76.3466 s)
>> 2249 (23680: 9337 9484 9337) (84.0078 s)
>> 2786 (13242: 9530 9569 9530) (95.8567 s)
>> 2236 (9955: 8970 26846 8970) (74.5902 s)
>> 2234 (2233: 8109 8145 8109) (74.4242 s)
>> 2234 (15988: 7530 7715 7530) (76.111 s)
>> 3413 (304: 7505 7578 7505) (78.2358 s)
>> 2233 (19899: 7177 7182 7177) (79.7461 s)
>> 2230 (1724: 8598 8710 8598) (78.5061 s)
>> 2225 (7874: 7861 7872 7861) (73.4459 s)
>> 2220 (1525: 9028 9038 9028) (73.0244 s)
>> 2209 (625: 6696 6721 6696) (73.0339 s)
>> 2203 (13589: 9365 9276 9365) (75.9169 s)
>> 2192 (26762: 7229 7247 7229) (77.8679 s)
>> 2191 (19247: 6192 6196 6192) (78.5347 s)
>> 2181 (15627: 7827 7836 7827) (79.174 s)
>> 2174 (22112: 9547 9587 9547) (83.5809 s)
>> 2172 (229: 6499 6571 6499) (89.2042 s)
>> 2169 (23858: 8392 8435 8392) (98.0834 s)
>> 2167 (8721: 8508 8717 8508) (83.307 s)
>> 2158 (511: 6213 6251 6213) (82.0025 s)
>> 2155 (10084: 6520 6523 6520) (82.5336 s)
>> 2154 (20028: 8086 8142 8086) (80.4218 s)
>> 2145 (9553: 9552 9543 9552) (80.22 s)
>> 2144 (24344: 6363 6366 6363) (81.4569 s)
>> 3684 (23941: 6364 6402 6364) (79.9289 s)
>> 2141 (5302: 6494 6500 6494) (80.0604 s)
>> 2128 (5994: 6120 6125 6120) (79.9396 s)
>> 2116 (8735: 8733 8818 8733) (80.2118 s)
>> 2111 (2298: 8101 8112 8101) (80.0049 s)
>> 2110 (9788: 7380 7432 7380) (82.7259 s)
>> 2098 (7953: 7943 7952 7943) (78.4538 s)
>> 2094 (11786: 8128 8138 8128) (81.7647 s)
>> 2091 (6349: 6348 6355 6348) (82.4637 s)
>> 2086 (10815: 9413 9411 9413) (83.5644 s)
>> 3063 (9495: 9464 9493 9464) (84.3881 s)
>> 2084 (10334: 7144 7171 7144) (83.6033 s)
>> 2176 (17030: 7115 7125 7115) (83.8343 s)
>> 2081 (1130: 9738 9748 9738) (85.3922 s)
>> 2077 (1898: 8534 8615 8534) (84.7439 s)
>> 2074 (2459: 7988 8013 7988) (84.9686 s)
>> 2072 (2751: 7785 7791 7785) (85.1856 s)
>> 2066 (22197: 6663 6671 6663) (84.4115 s)
>> 2048 (3133: 7597 7625 7597) (132.954 s)
>> 2044 (9356: 9353 9377 9353) (84.69 s)
>> 2022 (9034: 8969 9033 8969) (71.3187 s)
>> 2021 (484: 6668 6692 6668) (77.7398 s)
>> 2019 (8912: 8872 8909 8872) (75.9457 s)
>> 2010 (2648: 7805 7856 7805) (76.4461 s)
>> 2000 (18981: 6309 6315 6309) (78.7901 s)
>> 1990 (4827: 6759 6776 6759) (96.2278 s)
>> 1981 (295: 6442 6448 6442) (82.4422 s)
>> 1971 (22263: 7237 7240 7237) (75.6114 s)
>> 1969 (2660: 7813 7852 7813) (76.6316 s)
>> 1960 (13588: 9300 9357 9300) (74.8822 s)
>> 1960 (13134: 9594 9648 9594) (74.5151 s)
>> 1955 (13534: 9287 9344 9287) (78.3152 s)
>> 1951 (11219: 8189 8423 8189) (82.3386 s)
>> 1948 (20273: 6623 6639 6623) (75.8551 s)
>> 1947 (15092: 8014 8117 8014) (74.6884 s)
>> 1946 (14116: 8938 8988 8938) (68.1761 s)
>> 1942 (8510: 8509 8518 8509) (75.0056 s)
>> 1942 (9529: 9527 9568 9527) (74.2558 s)
>> 2430 (26583: 9578 9600 9578) (75.0496 s)
>> 1925 (22895: 9720 9745 9720) (77.4117 s)
>> 2059 (19979: 9759 9767 9759) (97.8618 s)
>> 1916 (19102: 6270 6286 6270) (78.1527 s)
>> 1916 (4880: 6746 6747 6746) (75.4314 s)
>> 1906 (18198: 6636 6643 6636) (75.6661 s)
>> 1903 (4372: 6963 6988 6963) (75.3721 s)
>> 1903 (9251: 9248 9225 9248) (75.6673 s)
>> 1902 (13092: 9610 9626 9610) (77.3423 s)
>> 1900 (16763: 7245 7259 7245) (74.9973 s)
>> 1896 (5990: 6118 6127 6118) (83.2011 s)
>> 1888 (24042: 6097 6098 6097) (74.5877 s)
>> 1883 (8282: 8280 8298 8280) (73.3962 s)
>> 1881 (5855: 6157 6158 6157) (73.359 s)
>> 1877 (3185: 7571 7576 7571) (74.2988 s)
>> 1877 (6423: 6420 6433 6420) (78.0248 s)
>> 1877 (10788: 8255 8329 8255) (78.8061 s)
>> 1875 (8408: 8406 8372 8406) (78.5608 s)
>> 1868 (15469: 7904 7915 7904) (79.0513 s)
>> 1865 (11064: 8264 8271 8264) (78.852 s)
>> 1865 (13956: 8977 9061 8977) (79.2497 s)
>> 1851 (16589: 7303 7334 7303) (79.7989 s)
>> 1842 (15606: 7778 7796 7778) (79.7879 s)
>> 1946 (2819: 7777 7812 7777) (79.8982 s)
>> 1837 (5135: 6595 6596 6595) (88.28 s)
>> 1832 (16839: 7199 7208 7199) (96.2849 s)
>> 1825 (18133: 6651 6676 6651) (80.1536 s)
>> 1825 (11669: 8486 8456 8486) (84.0025 s)
>> 1811 (6531: 6529 6540 6529) (79.6923 s)
>> 1809 (11281: 8917 8994 8917) (80.1419 s)
>> 1803 (717: 6130 6142 6130) (81.3552 s)
>> 1801 (9643: 9642 9651 9642) (79.498 s)
>> 1795 (2046: 8276 8308 8276) (85.7057 s)
>> 1865 (2024: 8241 8346 8241) (82.1026 s)
>> 1795 (21822: 7931 7903 7931) (73.705 s)
>> 1794 (1852: 8538 8565 8538) (75.5146 s)
>> 1786 (4660: 6855 6864 6855) (78.5684 s)
>> 1783 (11774: 8171 8202 8171) (79.101 s)
>> 1782 (10803: 9563 9588 9563) (92.7388 s)
>> 1781 (1104: 9742 9768 9742) (96.657 s)
>> 1776 (20766: 8786 8932 8786) (94.1887 s)
>> 2686 (14229: 8841 8896 8841) (97.0911 s)
>> 2172 (750: 9084 9190 9084) (100.885 s)
>> 1767 (17718: 6839 6842 6839) (110.098 s)
>> 1763 (14191: 8881 8914 8881) (102.941 s)
>> 1760 (1873: 8551 8572 8551) (98.8875 s)
>> 1758 (1454: 9051 9092 9051) (97.7167 s)
>> 1758 (9291: 9289 9309 9289) (97.7985 s)
>> 1821 (9123: 9120 9140 9120) (144.705 s)
>> 1753 (23079: 7942 8012 7942) (153.828 s)
>> 1752 (6394: 6393 6403 6393) (167.043 s)
>> 1744 (9199: 9195 9169 9195) (151.594 s)
>> 1728 (4170: 7038 7041 7038) (460.321 s)
>> 1722 (25316: 7389 7391 7389) (74.9227 s)
>> 1715 (12227: 7434 7454 7434) (75.4484 s)
>> 1712 (3153: 7588 7598 7588) (88.2825 s)
>> 1711 (5613: 6293 6305 6293) (75.46 s)
>> 1711 (15315: 8019 8043 8019) (74.8409 s)
>> 1708 (5750: 6221 6226 6221) (74.7416 s)
>> 1692 (22694: 9202 9223 9202) (98.2762 s)
>> 1741 (13682: 9222 9261 9222) (73.848 s)
>> 1686 (4389: 6956 6957 6956) (71.1938 s)
>> 1684 (11771: 8204 8373 8204) (73.4234 s)
>> 1684 (1609: 8893 8898 8893) (73.5525 s)
>> 1681 (9447: 9443 9477 9443) (73.3987 s)
>> 1681 (6447: 6446 6445 6446) (74.1094 s)
>> 1680 (724: 9743 9755 9743) (74.6331 s)
>> 1711 (12968: 9710 9722 9710) (107.371 s)
>> 1675 (3425: 7444 7460 7444) (273.775 s)
>> 1671 (8959: 8899 8957 8899) (95.0198 s)
>> 1658 (5323: 6475 6482 6475) (73.2985 s)
>> 1651 (15273: 8038 8045 8038) (73.3929 s)
>> 1651 (18847: 18850 6408 18850) (78.6635 s)
>> 2378 (6378: 6371 6377 6371) (79.3759 s)
>> 1889 (5524: 6345 6321 6345) (79.4408 s)
>> 1642 (5628: 6294 6299 6294) (80.7214 s)
>> 1636 (5767: 6208 19262 6208) (87.5584 s)
>> 1629 (8724: 8606 8722 8606) (81.4408 s)
>> 1618 (2773: 7794 7826 7794) (79.3633 s)
>> 1617 (15914: 7660 7716 7660) (81.9989 s)
>> 1617 (9299: 9295 9277 9295) (84.4494 s)
>> 1613 (10602: 7433 7452 7433) (83.7568 s)
>> 1608 (18237: 6622 6635 6622) (82.1597 s)
>> 1606 (4568: 6886 6895 6886) (90.1882 s)
>> 1606 (9336: 9334 9341 9334) (85.8438 s)
>> 1599 (11112: 8091 8140 8091) (83.6359 s)
>> 1595 (14599: 11705 8582 11705) (85.5379 s)
>> 1594 (1744: 8671 8820 8671) (81.4953 s)
>> 1738 (1806: 8523 8612 8523) (79.5525 s)
>> 1590 (1698: 8745 8783 8745) (81.2984 s)
>> 1589 (13284: 9515 9518 9515) (79.9893 s)
>> 1585 (4806: 6781 6786 6781) (82.585 s)
>> 1578 (9918: 6329 6330 6329) (88.2076 s)
>> 1576 (3099: 7550 7621 7550) (92.7729 s)
>> 1573 (18474: 6534 18465 6534) (123.301 s)
>> 2446 (26345: 6524 6536 6524) (111.142 s)
>> 1569 (12037: 7757 7775 7757) (104.898 s)
>> 1568 (17899: 6765 6769 6765) (99.0049 s)
>> 1568 (9923: 7577 7645 7577) (99.0348 s)
>> 1560 (11135: 6165 6170 6165) (99.3235 s)
>> 1557 (1310: 9331 13632 9331) (95.9813 s)
>> 1552 (16782: 7213 7246 7213) (99.6374 s)
>> 1550 (11520: 8892 8906 8892) (98.2444 s)
>> 1546 (12181: 7523 7533 7523) (95.0756 s)
>> 1535 (9321: 9320 9301 9320) (101.111 s)
>> 1531 (1699: 8743 8807 8743) (98.4687 s)
>> 1530 (10589: 6727 6733 6727) (261.26 s)
>> 1529 (12877: 9757 9770 9757) (97.6339 s)
>> 1524 (22631: 25103 9404 25103) (93.8494 s)
>> 1518 (22682: 7983 7997 7983) (97.8238 s)
>> 1514 (11957: 7859 7935 7859) (94.8522 s)
>> 1513 (17385: 6960 6979 6960) (98.2192 s)
>> 1513 (11167: 8211 8430 8211) (113.107 s)
>> 1509 (25133: 8103 8159 8103) (96.0484 s)
>> 1504 (23153: 6155 6169 6155) (93.7768 s)
>> 1500 (10739: 7653 7692 7653) (111.364 s)
>> 1498 (1344: 9204 9242 9204) (199.902 s)
>> 1498 (25592: 8057 8168 8057) (241.556 s)
>> 1818 (15289: 8069 8006 8069) (75.8577 s)
>> 1493 (25651: 8619 8770 8619) (80.4006 s)
>> 1490 (22433: 7691 7720 7691) (94.4466 s)
>> 1488 (18529: 6518 6519 6518) (81.3347 s)
>> 1487 (11211: 8631 8811 8631) (194.308 s)
>> 1487 (7615: 7614 7664 7614) (92.285 s)
>> 1482 (1035: 7481 7567 7481) (75.9666 s)
>> 1479 (5686: 6278 6283 6278) (75.7501 s)
>> 1479 (5011: 6653 6665 6653) (75.5892 s)
>> 1474 (24169: 6706 6713 6706) (86.7317 s)
>> 2488 (18229: 6625 6632 6625) (96.7394 s)
>> 1465 (15992: 7613 7642 7613) (83.8074 s)
>> 1463 (15259: 8087 15340 8087) (91.7089 s)
>> 1461 (2954: 7663 7703 7663) (85.8417 s)
>> 1461 (517: 7781 7817 7781) (79.4107 s)
>> 1457 (14282: 8618 8692 8618) (79.4339 s)
>> 1454 (15020: 8167 8247 8167) (78.7016 s)
>> 1615 (2286: 8016 8116 8016) (78.5791 s)
>> 1451 (20863: 7060 7072 7060) (82.3036 s)
>> 1442 (10076: 7914 7971 7914) (83.9139 s)
>> 1441 (15087: 8119 15038 8119) (82.9974 s)
>> 1437 (20450: 8889 9004 8889) (85.3887 s)
>> 1668 (1680: 8634 8798 8634) (79.8242 s)
>> 1430 (4943: 6712 6720 6712) (78.7475 s)
>> 1426 (2423: 8035 8039 8035) (81.6655 s)
>> 1422 (23759: 6437 6438 6437) (81.0864 s)
>> 1420 (14337: 8670 8709 8670) (80.3238 s)
>> 1419 (23971: 6641 6657 6641) (75.7243 s)
>> 1414 (4413: 6936 6951 6936) (75.4366 s)
>> 1406 (21240: 6126 6296 6126) (88.9288 s)
>> 1403 (14974: 8058 8226 8058) (99.4002 s)
>> 1396 (9882: 7016 7040 7016) (125.941 s)
>> 1394 (14976: 8242 8232 8242) (132.804 s)
>> 1392 (3151: 7570 7589 7570) (133.005 s)
>> 1390 (1685: 8725 8785 8725) (151.972 s)
>> 1389 (18180: 6654 6659 6654) (158.371 s)
>> 1387 (15497: 7880 7892 7880) (221.842 s)
>> 1383 (27003: 6620 6637 6620) (84.2036 s)
>> 1383 (13342: 9448 9486 9448) (90.686 s)
>> 1380 (25036: 7925 7965 7925) (81.69 s)
>> 1378 (11031: 8437 8481 8437) (75.0643 s)
>> 1376 (5435: 6410 6436 6410) (75.2879 s)
>> 1370 (5380: 6455 6464 6455) (77.0361 s)
>> 1365 (8794: 8792 8777 8792) (77.9129 s)
>> 1363 (20512: 6597 6605 6597) (87.0173 s)
>> 1360 (24877: 8317 8414 8317) (81.6027 s)
>> 1358 (8668: 8608 8666 8608) (80.9167 s)
>> 1344 (12506: 6914 6921 6914) (75.9834 s)
>> 1343 (17234: 6996 7001 6996) (74.9238 s)
>> 1338 (4220: 7021 7024 7021) (75.5374 s)
>> 1575 (26794: 6997 7006 6997) (79.6147 s)
>> 1338 (23863: 8254 8205 8254) (441.936 s)
>> 1329 (2952: 7704 7719 7704) (81.8603 s)
>> 1328 (14624: 8467 8528 8467) (74.1232 s)
>> 1836 (14681: 8444 8496 8444) (74.8938 s)
>> 1326 (14103: 8840 8947 8840) (76.1419 s)
>> 1313 (10610: 8085 8111 8085) (81.5919 s)
>> 1521 (11823: 8141 8233 8141) (381.715 s)
>> 1313 (15064: 8162 8163 8162) (186.86 s)
>> 1309 (18240: 6616 6624 6616) (157.552 s)
>> 1308 (24528: 6928 6934 6928) (74.9572 s)
>> 1304 (14323: 8617 8647 8617) (75.0884 s)
>> 1303 (12616: 6690 6705 6690) (75.2945 s)
>> 1292 (20971: 9761 9765 9761) (74.9212 s)
>> 1292 (16118: 7526 7573 7526) (81.9549 s)
>> 1287 (11662: 8344 8403 8344) (78.6184 s)
>> 1284 (12247: 7392 7398 7392) (77.8226 s)
>> 1282 (26038: 9459 9461 9459) (77.9528 s)
>> 1282 (25293: 9119 9164 9119) (79.6435 s)
>> 1280 (17912: 6754 6758 6754) (89.2406 s)
>> 1278 (18108: 6664 6687 6664) (79.391 s)
>> 1276 (16148: 7528 7534 7528) (82.5144 s)
>> 1271 (17017: 7112 7116 7112) (85.6657 s)
>> 1265 (11854: 8093 8143 8093) (85.7923 s)
>> 1256 (24542: 7887 7958 7887) (83.9943 s)
>> 1253 (26277: 7806 7854 7806) (85.3029 s)
>> 1252 (2510: 7984 2408 7984) (82.7494 s)
>> 1250 (16404: 7414 7436 7414) (82.8565 s)
>> 1250 (7967: 7932 7966 7932) (85.2779 s)
>> 1248 (6418: 6416 6425 6416) (85.2693 s)
>> 1247 (5488: 6350 6356 6350) (87.1912 s)
>> 1241 (9432: 9430 9482 9430) (80.333 s)
>> 1239 (3739: 7316 7324 7316) (78.7813 s)
>> 1239 (14702: 8497 8480 8497) (81.6532 s)
>> 1598 (1878: 8501 8550 8501) (78.0806 s)
>> 1229 (25901: 6541 6562 6541) (78.3668 s)
>> 1225 (15008: 8215 8229 8215) (78.2227 s)
>> 1225 (9212: 9211 9241 9211) (77.559 s)
>> 1222 (2471: 8010 8078 8010) (77.6016 s)
>> 1721 (15068: 8114 8153 8114) (76.8572 s)
>> 1215 (13371: 9507 9512 9507) (76.4377 s)
>> 1215 (13158: 9581 9595 9581) (75.7039 s)
>> 1208 (21362: 7501 7525 7501) (75.3355 s)
>> 1203 (3086: 7620 7636 7620) (74.8212 s)
>> 1203 (10591: 8304 8368 8304) (74.6517 s)
>> 1202 (18955: 6319 6327 6319) (74.0837 s)
>> 1201 (11198: 9657 13008 9657) (74.3895 s)
>> 1190 (17654: 6848 6868 6848) (79.7129 s)
>> 1184 (17909: 6755 6764 6755) (77.4225 s)
>> 1181 (6515: 6514 6521 6514) (76.907 s)
>> 1180 (21568: 7740 7786 7740) (84.36 s)
>> 1172 (26610: 6435 6443 6435) (78.1013 s)
>> 1170 (24785: 6675 6678 6675) (75.3845 s)
>> 1662 (25099: 6642 6648 6642) (81.5825 s)
>> 1418 (17930: 6740 6757 6740) (89.6824 s)
>> 1396 (24378: 6761 6775 6761) (99.9613 s)
>> 1167 (6708: 6699 6707 6699) (101.091 s)
>> 1167 (13831: 9109 9006 9109) (152.972 s)
>> 1165 (3385: 7424 7469 7424) (147.871 s)
>> 1162 (5158: 6565 6585 6565) (136.083 s)
>> 1162 (9239: 9193 9238 9193) (105.011 s)
>> 1159 (23248: 6095 6099 6095) (97.5426 s)
>> 1159 (11057: 6959 6977 6959) (95.2571 s)
>> 1289 (4427: 6930 6941 6930) (169.893 s)
>> 1157 (2288: 8097 8118 8097) (278.564 s)
>> 1157 (17647: 6846 6881 6846) (218.361 s)
>> 1210 (17528: 6907 6923 6907) (98.9853 s)
>> 1150 (17887: 6763 6778 6763) (112.03 s)
>> 1149 (243: 7762 12113 7762) (130.27 s)
>> 2575 (630: 7637 7655 7637) (74.4342 s)
>> 1146 (2219: 8104 8146 8104) (74.6746 s)
>> 1139 (15046: 8169 8261 8169) (74.7911 s)
>> 1136 (4489: 6909 6919 6909) (74.3528 s)
>> 1136 (26626: 7731 7751 7731) (85.1039 s)
>> 1134 (19363: 6138 6145 6138) (77.1614 s)
>> 1130 (9419: 9418 9437 9418) (78.6308 s)
>> 1129 (20372: 6816 6817 6816) (78.2655 s)
>> 1124 (8655: 8653 8614 8653) (78.2685 s)
>> 1113 (8702: 8701 8778 8701) (78.3288 s)
>> 1111 (18706: 6452 6460 6452) (80.0519 s)
>> 1238 (5368: 6454 6462 6454) (84.1136 s)
>> 1110 (23660: 6774 6787 6774) (85.9854 s)
>> 1107 (22695: 6542 6553 6542) (84.3632 s)
>> 1105 (21570: 8502 8519 8502) (83.6284 s)
>> 1104 (754: 6277 6257 6277) (84.9221 s)
>> 1100 (24723: 6359 5560 6359) (83.8179 s)
>> 1095 (20974: 8870 8931 8870) (83.0241 s)
>> 1613 (10448: 9078 9139 9078) (82.6218 s)
>> 1095 (22040: 9593 9662 9593) (82.9332 s)
>> 1094 (19303: 6162 6166 6162) (82.7079 s)
>> 1093 (20117: 6471 6483 6471) (81.1432 s)
>> 1092 (2166: 8196 8195 8196) (82.4109 s)
>> 1091 (11234: 9279 9350 9279) (76.7552 s)
>> 1086 (25979: 9709 9715 9709) (95.473 s)
>> 1086 (1729: 8697 1759 8697) (104.888 s)
>> 1083 (4871: 6748 6752 6748) (107.601 s)
>> 1081 (7930: 7918 7926 7918) (116.938 s)
>> 1078 (23454: 8524 8561 8524) (128.329 s)
>> 1075 (25332: 8513 8589 8513) (149.649 s)
>> 1070 (13744: 9184 9203 9184) (240.314 s)
>> 1067 (11643: 8580 8590 8580) (198.425 s)
>> 1063 (21303: 9636 24592 9636) (147.829 s)
>> 2780 (9841: 9736 9677 9736) (150.771 s)
>> 1061 (14826: 8422 8302 8422) (223.989 s)
>> 1060 (3232: 7555 7585 7555) (94.5728 s)
>> 1137 (7503: 7502 7517 7502) (95.0163 s)
>> 1048 (16372: 7404 7417 7404) (96.0526 s)
>> 1814 (3573: 7384 7388 7384) (101.052 s)
>> 1276 (3525: 7403 7412 7403) (102.113 s)
>> 1048 (9616: 9598 9615 9598) (100.35 s)
>> 1048 (16008: 7628 7649 7628) (99.2031 s)
>> 1047 (25890: 7239 7249 7239) (95.4277 s)
>> 1047 (11765: 8279 11753 8279) (121.433 s)
>> 1044 (2807: 7770 7780 7770) (125.465 s)
>> 1037 (2823: 7776 7784 7776) (96.3302 s)
>> 1033 (4547: 6893 6906 6893) (98.6027 s)
>> 1032 (1575: 8979 8983 8979) (125.032 s)
>> 1433 (11533: 8943 8963 8943) (105.863 s)
>> 1029 (20851: 9744 9758 9744) (104.708 s)
>> 1028 (20557: 6751 6741 6751) (96.2638 s)
>> 1027 (10059: 6726 6731 6726) (96.8133 s)
>> 1026 (6387: 6385 6388 6385) (104.433 s)
>> 1023 (16248: 7487 7513 7487) (105.979 s)
>> 1022 (2073: 8275 8371 8275) (86.6787 s)
>> 1021 (18658: 6469 6470 6469) (71.6164 s)
>> 1021 (5310: 6481 6488 6481) (73.0321 s)
>> 1153 (10809: 6478 6480 6478) (81.6281 s)
>> 1021 (14679: 8470 8529 8470) (82.1709 s)
>> 1016 (16254: 7471 7492 7471) (90.4765 s)
>> 1014 (10445: 7787 7814 7787) (81.0999 s)
>> 1010 (5636: 6284 6298 6284) (81.6949 s)
>> 1008 (2296: 8076 8099 8076) (80.0751 s)
>> 1007 (17539: 6899 6902 6899) (81.6855 s)
>> 1007 (15787: 7722 7737 7722) (79.9205 s)
>> 1493 (21029: 7643 7702 7643) (80.3931 s)
>> 1000 (7672: 7662 7671 7662) (79.9136 s)
>> 987 (13438: 9330 9333 9330) (86.557 s)
>> 983 (14420: 8768 8651 8768) (80.545 s)
>> 981 (17757: 6805 6830 6805) (80.2632 s)
>> 981 (14958: 8299 8273 8299) (81.4531 s)
>> 980 (13345: 9436 9458 9436) (78.6014 s)
>> 1311 (24186: 9351 9401 9351) (80.2729 s)
>> 979 (8458: 8425 8457 8425) (78.9107 s)
>> 977 (23046: 7399 7421 7399) (83.4833 s)
>> 977 (1860: 8527 8559 8527) (79.3893 s)
>> 977 (19904: 7449 21790 7449) (83.3133 s)
>> 976 (25278: 8918 9054 8918) (75.7756 s)
>> 972 (4311: 6975 6987 6975) (83.9297 s)
>> 969 (10843: 9363 9342 9363) (86.0609 s)
>> 965 (9631: 9628 9580 9628) (75.4709 s)
>> 964 (5143: 6582 6594 6582) (76.2915 s)
>> 964 (15251: 8037 8102 8037) (75.4937 s)
>> 1073 (2204: 8110 8165 8110) (76.8143 s)
>> 959 (14128: 8795 8871 8795) (78.6876 s)
>> 953 (1421: 9150 9170 9150) (82.196 s)
>> 1022 (1479: 9066 9077 9066) (87.0764 s)
>> 1176 (13857: 9017 9114 9017) (81.1323 s)
>> 949 (14684: 8438 8536 8438) (104.652 s)
>> 948 (24540: 7793 7868 7793) (86.9823 s)
>> 946 (8258: 8256 8303 8256) (94.6216 s)
>> 943 (13586: 9285 9338 9285) (117.854 s)
>> 941 (13772: 9137 9191 9137) (142.344 s)
>> 1305 (14028: 8955 9003 8955) (143.391 s)
>> 948 (13935: 9001 9007 9001) (133.233 s)
>> 941 (23217: 9429 13359 9429) (126.266 s)
>> 940 (3890: 7225 7254 7225) (97.9401 s)
>> 938 (15400: 8067 8011 8067) (92.1143 s)
>> 936 (17342: 6980 6994 6980) (93.0451 s)
>> 936 (18556: 6503 6507 6503) (88.9973 s)
>> 935 (25596: 7410 7440 7410) (81.9517 s)
>> 932 (11311: 6347 6373 6347) (80.4504 s)
>> 931 (24381: 8962 9099 8962) (93.5631 s)
>> 926 (12398: 7151 7164 7151) (109.412 s)
>> 925 (9689: 9688 12957 9688) (86.6739 s)
>> 924 (8361: 8342 8358 8342) (87.1166 s)
>> 923 (11747: 8274 8340 8274) (121.227 s)
>> 1169 (11818: 8126 8137 8126) (78.6876 s)
>> 922 (3367: 7483 7490 7483) (78.8082 s)
>> 1455 (3251: 7521 7551 7521) (80.5585 s)
>> 920 (19136: 6279 6285 6279) (78.8946 s)
>> 912 (20580: 6684 6689 6684) (96.6683 s)
>> 911 (2228: 8088 8151 8088) (84.9668 s)
>> 909 (10424: 6938 6954 6938) (80.2608 s)
>> 908 (16304: 7430 7445 7430) (69.6169 s)
>> 899 (20900: 6176 6178 6176) (69.5252 s)
>> 898 (14460: 8636 8573 8636) (69.5413 s)
>> 898 (8855: 8853 8875 8853) (79.0692 s)
>> 897 (8066: 8062 8080 8062) (74.3339 s)
>> 891 (15562: 7853 7886 7853) (85.2909 s)
>> 891 (21409: 7669 7686 7669) (80.359 s)
>> 885 (15100: 8125 8166 8125) (80.9053 s)
>> 884 (13073: 9625 9646 9625) (81.402 s)
>> 884 (1614: 8772 8880 8772) (78.6469 s)
>> 949 (10998: 9576 9560 9576) (92.4299 s)
>> 882 (8208: 8174 8206 8174) (77.7258 s)
>> 878 (1354: 9161 9252 9161) (74.1943 s)
>> 877 (6011: 6117 6121 6117) (74.2553 s)
>> 877 (14710: 8461 8462 8461) (74.6618 s)
>> 874 (10276: 8546 8644 8546) (75.1456 s)
>> 981 (22532: 8378 8341 8378) (74.4758 s)
>> 874 (16203: 7484 7522 7484) (74.0871 s)
>> 871 (11971: 7846 7893 7846) (74.3119 s)
>> 869 (14119: 8942 8999 8942) (74.1953 s)
>> 868 (9095: 9093 9129 9093) (97.7705 s)
>> 862 (4833: 6753 6762 6753) (81.1616 s)
>> 858 (16267: 7468 7479 7468) (69.1747 s)
>> 855 (25558: 6968 6992 6968) (72.9576 s)
>> 851 (18926: 6331 6340 6331) (74.3373 s)
>> 845 (15520: 7898 15453 7898) (75.0969 s)
>> 844 (17338: 6967 6978 6967) (75.9612 s)
>> 843 (11168: 7860 7916 7860) (75.9993 s)
>> 841 (5043: 6626 6646 6626) (83.3266 s)
>> 841 (9081: 9079 9069 9079) (85.5101 s)
>> 840 (9764: 9762 9777 9762) (86.118 s)
>> 840 (311: 6177 6211 6177) (94.2364 s)
>> 835 (14225: 8833 8763 8833) (99.5898 s)
>> 833 (7728: 7725 7717 7725) (102.67 s)
>> 832 (11536: 8824 8865 8824) (81.2878 s)
>> 827 (8973: 8971 23595 8971) (81.0787 s)
>> 824 (5791: 6190 6200 6190) (84.9009 s)
>> 823 (5596: 6313 6322 6313) (83.9241 s)
>> 823 (10946: 6827 6834 6827) (92.3033 s)
>> 823 (8851: 8850 8891 8850) (100.039 s)
>> 822 (14098: 8809 8939 8809) (93.1864 s)
>> 821 (16832: 7195 7235 7195) (94.0025 s)
>> 1612 (164: 7170 7181 7170) (94.6616 s)
>> 818 (4450: 6931 6949 6931) (96.659 s)
>> 817 (18742: 6441 6444 6441) (98.6339 s)
>> 1289 (18720: 6434 6451 6434) (97.4041 s)
>> 1003 (18704: 6449 6461 6449) (101.774 s)
>> 817 (24256: 7804 7941 7804) (92.999 s)
>> 817 (8625: 8621 8499 8621) (95.0057 s)
>> 816 (9865: 6685 6725 6685) (97.6154 s)
>> 1115 (22821: 6694 6650 6694) (116.401 s)
>> 814 (3645: 7350 7371 7350) (96.5213 s)
>> 808 (14084: 8916 8968 8916) (89.3832 s)
>> 849 (1814: 8570 8610 8570) (76.9534 s)
>> 807 (17042: 7098 7103 7098) (78.2736 s)
>> 804 (21457: 6829 6840 6829) (109.008 s)
>> 1028 (11258: 6807 6819 6807) (97.9733 s)
>> 797 (3388: 7448 7462 7448) (81.6296 s)
>> 782 (26709: 6815 17879 6815) (80.7652 s)
>> 780 (24124: 9670 9693 9670) (79.7362 s)
>> 778 (13304: 9460 9469 9460) (76.2402 s)
>> 777 (24360: 8311 8330 8311) (72.929 s)
>> 772 (13959: 9052 9075 9052) (68.2583 s)
>> 755 (18415: 6564 6569 6564) (68.2275 s)
>> 750 (5650: 6295 6301 6295) (68.7193 s)
>> 749 (24235: 7847 7940 7847) (71.8611 s)
>> 746 (19283: 6171 6172 6171) (75.3943 s)
>> 874 (5753: 6207 6219 6207) (76.7456 s)
>> 746 (25111: 7308 7325 7308) (76.608 s)
>> 745 (23668: 9213 13721 9213) (74.2552 s)
>> 744 (17853: 6773 6779 6773) (74.5501 s)
>> 743 (22927: 7693 7739 7693) (75.9633 s)
>> 739 (18379: 6568 6575 6568) (71.943 s)
>> 737 (12776: 6281 6287 6281) (72.8905 s)
>> 891 (19140: 6274 6276 6274) (72.6877 s)
>> 737 (11930: 7949 7954 7949) (73.1669 s)
>> 731 (15122: 8121 8133 8121) (72.8657 s)
>> 726 (4516: 6904 6910 6904) (73.5207 s)
>> 725 (20061: 7039 7050 7039) (73.4789 s)
>> 724 (15370: 8003 8026 8003) (74.6251 s)
>> 721 (10363: 6304 6306 6304) (73.1759 s)
>> 720 (5032: 6658 6660 6658) (72.0562 s)
>> 1274 (6711: 6702 6709 6702) (75.2285 s)
>> 717 (3211: 7556 7563 7556) (73.546 s)
>> 711 (16091: 7542 7568 7542) (75.7206 s)
>> 710 (5202: 6573 6576 6573) (73.0797 s)
>> 708 (26942: 15863 10438 15863) (78.8432 s)
>> 706 (15468: 7910 2569 7910) (82.681 s)
>> 700 (9135: 9134 9147 9134) (91.45 s)
>> 700 (1868: 8556 8601 8556) (82.8094 s)
>> 697 (1806: 8578 8597 8578) (90.3969 s)
>> 686 (9572: 9571 9561 9571) (84.3251 s)
>> 677 (16735: 7257 7290 7257) (83.2534 s)
>> 670 (22397: 6613 6647 6613) (81.2894 s)
>> 875 (21539: 6611 6617 6611) (77.5977 s)
>> 668 (15286: 8029 8040 8029) (98.4265 s)
>> 665 (1973: 8436 8443 8436) (106.531 s)
>> 664 (25828: 6736 6737 6736) (94.6291 s)
>> 660 (22612: 8187 8252 8187) (90.2844 s)
>> 659 (5538: 6317 6336 6317) (89.0111 s)
>> 657 (13637: 9243 9258 9243) (96.8221 s)
>> 655 (26756: 6302 6332 6302) (94.2563 s)
>> 655 (20846: 6205 6237 6205) (93.2217 s)
>> 653 (16431: 7409 7413 7409) (85.7373 s)
>> 651 (17744: 6828 6835 6828) (85.5921 s)
>> 1339 (883: 6793 6820 6793) (89.8593 s)
>> 865 (4892: 6738 6790 6738) (86.3349 s)
>> 650 (1213: 9403 9526 9403) (86.5397 s)
>> 649 (12628: 6670 6674 6670) (91.2045 s)
>> 648 (6405: 6404 6384 6404) (82.3867 s)
>> 644 (8082: 8061 8081 8061) (85.115 s)
>> 636 (22954: 7447 7470 7447) (85.3296 s)
>> 636 (22631: 9400 9438 9400) (87.0282 s)
>> 1014 (13436: 9393 13508 9393) (90.2392 s)
>> 630 (7343: 7341 7352 7341) (149.12 s)
>> 628 (13459: 9371 9492 9371) (134.772 s)
>> 1080 (9392: 9388 9265 9388) (89.1206 s)
>> 625 (18485: 6533 6535 6533) (91.7157 s)
>> 625 (19162: 6243 6254 6243) (94.9013 s)
>> 625 (26807: 8353 8393 8353) (90.4533 s)
>> 618 (13043: 9664 9666 9664) (92.548 s)
>> 616 (16476: 7378 7393 7378) (94.7438 s)
>> 615 (2475: 7970 8005 7970) (92.7182 s)
>> 612 (9144: 9015 9142 9015) (241.904 s)
>> 606 (842: 7772 7815 7772) (69.6633 s)
>> 599 (21300: 9352 9384 9352) (69.1281 s)
>> 598 (12443: 7049 7053 7049) (69.0359 s)
>> 598 (26931: 8626 8813 8626) (71.3888 s)
>> 595 (16962: 7148 7152 7148) (81.9973 s)
>> 595 (25207: 9559 9607 9559) (74.333 s)
>> 631 (13241: 9596 9534 9596) (77.5518 s)
>> 594 (5624: 6300 6308 6300) (76.1846 s)
>> 591 (3532: 7411 7420 7411) (71.6891 s)
>> 591 (15793: 7711 7748 7711) (72.001 s)
>> 583 (17697: 6847 6852 6847) (72.2291 s)
>> 579 (17552: 6892 6896 6892) (72.1377 s)
>> 579 (10616: 9278 9343 9278) (71.5285 s)
>> 577 (20267: 9087 9068 9087) (73.3781 s)
>> 587 (26048: 9108 24274 9108) (71.2046 s)
>> 574 (5557: 6316 6326 6316) (71.6037 s)
>> 1264 (5607: 6297 6307 6297) (71.2183 s)
>> 574 (19698: 8135 8201 8135) (79.996 s)
>> 572 (10801: 9602 9627 9602) (71.6148 s)
>> 567 (15720: 7761 7789 7761) (71.953 s)
>> 1001 (15788: 7738 7758 7738) (100.225 s)
>> 567 (12095: 7648 7713 7648) (78.1198 s)
>> 1422 (2845: 7755 7769 7755) (76.8248 s)
>> 1272 (15887: 7688 7714 7688) (74.2872 s)
>> 566 (4327: 6976 6981 6976) (68.7704 s)
>> 563 (18376: 6577 6581 6577) (73.1639 s)
>> 562 (12128: 7652 7656 7652) (73.1595 s)
>> 561 (13137: 9611 9632 9611) (81.7796 s)
>> 574 (26463: 9624 9676 9624) (105.506 s)
>> 557 (8434: 8431 8558 8431) (94.52 s)
>> 551 (15861: 7723 7747 7723) (78.6218 s)
>> 548 (2813: 7759 7779 7759) (72.8076 s)
>> 536 (977: 6337 6342 6337) (77.6761 s)
>> 529 (4422: 6937 6942 6937) (81.0753 s)
>> 529 (26641: 6645 6649 6645) (74.892 s)
>> 528 (2546: 7961 7993 7961) (69.9349 s)
>> 521 (20433: 6603 6621 6603) (78.9505 s)
>> 511 (2434: 7985 8028 7985) (74.0065 s)
>> 511 (1375: 9210 9224 9210) (65.9607 s)
>> 509 (13638: 9294 9262 9294) (70.9661 s)
>> 800 (13391: 9364 9457 9364) (62.8533 s)
>> 505 (4962: 6677 6698 6677) (63.2919 s)
>> 505 (17139: 7042 7055 7042) (64.7066 s)
>> 500 (390: 7535 7584 7535) (63.2048 s)
>> 495 (26923: 8098 8147 8098) (63.5645 s)
>> 494 (9729: 9728 9714 9728) (57.5016 s)
>> 480 (4909: 6693 6735 6693) (64.8402 s)
>> 480 (3897: 7250 16711 7250) (62.4623 s)
>> 1114 (3762: 7309 7331 7309) (63.3877 s)
>> 1255 (3593: 7357 7383 7357) (61.9981 s)
>> 467 (17583: 6885 6887 6885) (60.8794 s)
>> 467 (21779: 7101 7110 7101) (67.4766 s)
>> 466 (16264: 7473 7512 7473) (68.5167 s)
>> 463 (5499: 6346 6357 6346) (80.7439 s)
>> 461 (17394: 6962 6966 6962) (412.108 s)
>> 448 (12650: 6574 6598 6574) (90.3601 s)
>> 447 (17119: 7052 7056 7052) (88.5592 s)
>> 444 (5162: 6583 6589 6583) (82.2324 s)
>> 443 (11352: 6825 17835 6825) (461.171 s)
>> 439 (25231: 6549 6555 6549) (77.369 s)
>> 438 (11463: 1539 9072 1539) (78.2677 s)
>> 434 (17862: 6777 6789 6777) (81.318 s)
>> 427 (10676: 6991 7003 6991) (85.0064 s)
>> 427 (23960: 9780 9776 9780) (72.7964 s)
>> 425 (13631: 9200 9253 9200) (63.7184 s)
>> 419 (2317: 8106 8107 8106) (63.7748 s)
>> 417 (17203: 7019 7037 7019) (63.6738 s)
>> 414 (13234: 9558 9514 9558) (66.2664 s)
>> 410 (1886: 8500 8545 8500) (66.1558 s)
>> 715 (14601: 8484 8588 8484) (66.0841 s)
>> 409 (10996: 6983 7007 6983) (65.7215 s)
>> 471 (17857: 6780 6903 6780) (65.1068 s)
>> 404 (16384: 7431 7438 7431) (65.6714 s)
>> 402 (19199: 6227 6206 6227) (65.9836 s)
>> 395 (4273: 6984 7000 6984) (65.4766 s)
>> 393 (16938: 7162 7167 7162) (65.6368 s)
>> 383 (2927: 7718 7736 7718) (65.6998 s)
>> 1602 (15864: 7696 7741 7696) (65.5817 s)
>> 382 (17870: 6792 6782 6792) (65.8152 s)
>> 380 (2436: 8015 8027 8015) (65.4133 s)
>> 378 (3387: 7463 7690 7463) (65.3614 s)
>> 360 (17244: 7022 7027 7022) (65.533 s)
>> 360 (23770: 9519 9525 9519) (65.3501 s)
>> 349 (15012: 8194 8235 8194) (65.2924 s)
>> 346 (19110: 6252 6289 6252) (65.1474 s)
>> 338 (12545: 6858 6872 6858) (65.0167 s)
>> 325 (15429: 7981 8009 7981) (64.9825 s)
>> 321 (3562: 7390 16468 7390) (65.0763 s)
>> 318 (15006: 8074 8250 8074) (64.9098 s)
>> 318 (17633: 6877 6889 6877) (65.0498 s)
>> 314 (11879: 8022 8048 8022) (65.002 s)
>> 490 (15299: 8007 8030 8007) (63.0906 s)
>> 305 (3433: 7442 7456 7442) (65.5799 s)
>> 305 (15800: 7733 15802 7733) (66.548 s)
>> 300 (5977: 6128 5972 6128) (67.3188 s)
>> 298 (16036: 7599 7633 7599) (67.7029 s)
>> 693 (12133: 7627 22803 7627) (68.3002 s)
>> 294 (17807: 6804 6810 6804) (68.7192 s)
>> 293 (14580: 8544 8577 8544) (69.6667 s)
>> 290 (2762: 7788 7798 7788) (69.8365 s)
>> 287 (17996: 6730 6742 6730) (70.3897 s)
>> 1044 (18030: 6718 23405 6718) (69.8193 s)
>> 287 (11764: 8227 8324 8227) (71.14 s)
>> 281 (2577: 7902 7923 7902) (71.4025 s)
>> 613 (15651: 7808 7867 7808) (70.583 s)
>> 279 (8596: 8593 8575 8593) (71.3007 s)
>> 273 (2053: 8300 2174 8300) (72.2438 s)
>> 269 (13826: 9118 9151 9118) (74.5749 s)
>> 267 (14597: 8412 8539 8412) (78.617 s)
>> 254 (22398: 8679 8797 8679) (77.9502 s)
>> 253 (17822: 6802 6824 6802) (76.6297 s)
>> 246 (16871: 7194 7200 7194) (77.4901 s)
>> 244 (14649: 8479 8522 8479) (77.4818 s)
>> 244 (860: 8985 9177 8985) (77.6998 s)
>> 235 (23796: 9754 20545 9754) (75.6148 s)
>> 229 (3792: 7287 7300 7287) (75.7352 s)
>> 227 (26241: 6086 6090 6086) (77.253 s)
>> 223 (19404: 6136 5997 6136) (76.5363 s)
>> 222 (23337: 7729 7790 7729) (76.3149 s)
>> 199 (19486: 6114 6022 6114) (79.658 s)
>> 476 (22807: 6109 6112 6109) (79.2012 s)
>> 197 (10525: 19694 8960 19694) (79.1192 s)
>> 190 (7595: 7593 7632 7593) (79.1053 s)
>> 179 (17678: 6865 6862 6865) (79.4745 s)
>> 353 (24379: 6823 6841 6823) (76.9767 s)
>> 169 (17161: 7043 7051 7043) (71.441 s)
>> 169 (13538: 9311 9312 9311) (73.5265 s)
>> 166 (17839: 6800 6801 6800) (74.5045 s)
>> 161 (22388: 23933 8132 23933) (76.0881 s)
>> 154 (2007: 8357 8716 8357) (74.0083 s)
>> 151 (19349: 6148 6149 6148) (72.72 s)
>> 148 (13126: 9612 9647 9612) (79.9917 s)
>> 140 (21323: 9310 25097 9310) (81.8807 s)
>> 127 (2760: 7765 7823 7765) (82.5512 s)
>> 122 (5124: 6584 6600 6584) (82.8963 s)
>> 644 (18437: 6550 6557 6550) (84.9237 s)
>> 120 (14821: 8362 8402 8362) (84.7181 s)
>> 114 (18063: 6697 6722 6697) (85.8185 s)
>> 111 (5002: 6661 6666 6661) (86.294 s)
>> 105 (1598: 8897 1631 8897) (87.108 s)
>> 104 (13899: 9036 9010 9036) (79.1105 s)
>> 93 (23228: 7532 7592 7532) (61.1756 s)
>> 81 (16132: 7531 7537 7531) (59.9985 s)
>> 80 (1201: 9570 9577 9570) (60.0404 s)
>> 77 (14596: 8343 8555 8343) (61.4743 s)
>> 66 (12512: 6917 6926 6917) (66.7703 s)
>> 57 (8569: 8566 8553 8566) (89.0247 s)
>> 51 (17535: 6900 6908 6900) (72.5258 s)
>> 44 (1240: 9456 9489 9456) (81.1526 s)
>> 833 (20516: 9488 9523 9488) (66.5856 s)
>> 43 (15898: 7667 2841 7667) (68.953 s)
>> 194 (15810: 7746 7701 7746) (67.1399 s)
>> 18 (13957: 8948 9037 8948) (67.145 s)
>> 15 (18637: 6484 6485 6484) (67.1358 s)
>> 13 (12108: 7685 7677 7685) (71.5194 s)
>> 2 (9155: 9141 9152 9141) (70.7874 s)
>> 0 (-1: -1 -1 -1) (66.5165 s)
Zelikovsky 88102.6 s
>> 25659 (22128: 7280 7220 7196) (1966.41 s)
>> 24168 (3926: 7263 7232 7190) (1864.32 s)
>> 19716 (4109: 7088 7092 7083) (1920.37 s)
>> 19325 (3649: 7408 7364 7360) (1850.09 s)
>> 18425 (14566: 8838 9684 7491) (1854.76 s)
>> 15521 (12552: 6901 6853 6844) (1930.73 s)
>> 13378 (17818: 6756 6818 6723) (1961.68 s)
>> 11531 (7107: 7117 7119 7106) (1977.19 s)
>> 11386 (23895: 6662 6756 6604) (1911.18 s)
>> 10822 (3965: 7180 7247 7207) (1764.29 s)
>> 10391 (24694: 7256 7243 7264) (1838.64 s)
>> 9263 (7064: 17113 7068 7062) (1909.79 s)
>> 9028 (16977: 7109 7141 7135) (1862.94 s)
>> 7666 (22190: 7262 7289 7263) (1807.44 s)
>> 7585 (9726: 9674 9725 9723) (1940.95 s)
>> 7258 (16769: 3967 7251 7223) (1868.49 s)
>> 7129 (5495: 6434 6360 6288) (1898.06 s)
>> 7057 (6884: 6898 6901 6882) (1861.05 s)
>> 6943 (15563: 7931 7869 7845) (1730.38 s)
>> 6801 (19280: 6141 6318 6132) (2153.17 s)
>> 6782 (16231: 7415 7518 7514) (2116.62 s)
>> 6496 (588: 6574 6509 6489) (1734.48 s)
>> 6440 (4441: 6920 6939 6927) (2105.53 s)
>> 6470 (4235: 7060 7020 6920) (2132.23 s)
>> 6347 (13968: 9016 9041 9020) (2213.89 s)
>> 6342 (17152: 7044 7028 6971) (2208.02 s)
>> 6322 (3998: 7163 7179 7169) (2059.77 s)
>> 6189 (22712: 6854 6880 6878) (2173.41 s)
>> 6166 (6871: 6856 6898 6869) (2250.96 s)
>> 5843 (452: 7351 7369 7332) (2086.24 s)
>> 5678 (9718: 9692 9730 9716) (2126.09 s)
>> 5582 (17091: 7074 7085 7035) (2099.42 s)
>> 5568 (9830: 7334 7408 7284) (2085.59 s)
>> 5523 (4177: 7031 7105 7045) (2194.12 s)
>> 5450 (3359: 7530 7485 7458) (1876.02 s)
>> 5444 (20608: 7334 7456 7387) (1894.65 s)
>> 5433 (9442: 9476 9439 9424) (1756.8 s)
>> 5348 (10774: 9254 9274 9057) (1784.52 s)
>> 5301 (2392: 7998 8059 7996) (1840.56 s)
>> 5298 (3014: 7631 7668 7655) (1818.59 s)
>> 5284 (10420: 7214 7184 7153) (2011.86 s)
>> 5192 (16955: 7160 7150 7145) (2002.42 s)
>> 5348 (16895: 7178 7183 7160) (1852.24 s)
>> 5095 (20347: 6108 6111 6110) (2011.27 s)
>> 5030 (4050: 7163 7161 7147) (2159.81 s)
>> 5021 (16694: 7294 7288 7265) (2040.08 s)
>> 4917 (8584: 8553 8627 8583) (1902.38 s)
>> 4897 (17078: 7084 7091 7067) (2131.51 s)
>> 4792 (834: 9685 26070 9434) (2073.53 s)
>> 4739 (1023: 6091 6096 6092) (1814.12 s)
>> 4729 (3217: 7559 7607 7561) (1711.55 s)
>> 4724 (21896: 7180 7214 7172) (1857.55 s)
>> 4667 (16634: 7256 7314 7305) (1845.11 s)
>> 4652 (19178: 6271 6244 6240) (1817.98 s)
>> 4605 (8400: 8530 8399 8253) (1689.7 s)
>> 4602 (17265: 6965 6948 7074) (1847.1 s)
>> 4423 (16989: 7109 7131 7132) (1736.05 s)
>> 4367 (4371: 17388 7044 6963) (2064.58 s)
>> 4353 (16599: 7351 23969 7318) (1945.62 s)
>> 4237 (17497: 6915 6918 6965) (2155.49 s)
>> 4186 (1104: 9776 9779 9774) (2096.93 s)
>> 4184 (11981: 7879 7864 7807) (2111.51 s)
>> 4171 (14728: 8518 8413 8352) (1739.5 s)
>> 4071 (3774: 7294 7304 7274) (1876.1 s)
>> 4036 (17655: 6866 6845 6854) (1801.83 s)
>> 3996 (10862: 6856 6915 6931) (1794.47 s)
>> 3991 (2690: 7859 7839 7828) (1725.62 s)
>> 3948 (10750: 7032 7050 7013) (1748.37 s)
>> 3928 (15355: 8058 7982 7835) (1790.53 s)
>> 3833 (9540: 9564 9525 9537) (1736.2 s)
>> 3828 (14878: 8424 8219 8136) (1691.67 s)
>> 3825 (25831: 6107 6104 6102) (1746.41 s)
>> 3798 (8336: 8454 8333 8312) (1672.33 s)
>> 3699 (3703: 7335 7370 7347) (1650.65 s)
>> 3593 (3634: 7374 7372 7340) (1701.81 s)
>> 3582 (21683: 20053 6124 6084) (1763.68 s)
>> 3582 (23184: 5972 6152 6123) (1756.19 s)
>> 3581 (9623: 9589 9637 9619) (2010.74 s)
>> 3545 (16147: 7558 16225 7586) (1877.09 s)
>> 3544 (3073: 12113 7676 7641) (1699.51 s)
>> 3542 (10693: 7149 7188 7163) (1784.97 s)
>> 3523 (8676: 8648 8799 8674) (2029.1 s)
>> 3514 (8294: 8193 8290 8266) (1777.99 s)
>> 3474 (3031: 7711 7657 7603) (1955 s)
>> 3410 (9369: 9339 9366 9359) (1974.45 s)
>> 3401 (16999: 7126 7127 7123) (1871.11 s)
>> 3392 (3630: 7415 7373 7329) (1685.9 s)
>> 3358 (10578: 6134 6150 6143) (1723.83 s)
>> 3343 (8517: 8443 8540 8514) (1709.33 s)
>> 3314 (5446: 6367 6409 6382) (1772.08 s)
>> 3295 (9349: 9294 9405 9345) (1553.53 s)
>> 3286 (11474: 8960 9058 9024) (1690.32 s)
>> 3284 (13693: 9055 21324 9186) (1742.48 s)
>> 3275 (16633: 7295 3967 7285) (1897.36 s)
>> 3228 (3025: 7619 7699 7658) (1659.61 s)
>> 3220 (22964: 7424 7530 7386) (1905.48 s)
>> 3217 (16447: 7430 7395 7374) (1879.57 s)
>> 3146 (23967: 7180 7229 7215) (1876.24 s)
>> 3134 (5899: 6139 6146 6131) (1697.99 s)
>> 3118 (15514: 7879 7989 7936) (1865.27 s)
>> 3088 (10669: 8652 8641 8525) (1856.33 s)
>> 3086 (13603: 9259 9365 9286) (1722.75 s)
>> 3068 (9752: 9702 9694 9749) (1759.34 s)
>> 3015 (19263: 6219 6184 6179) (1822.12 s)
>> 3014 (14122: 8977 8926 8900) (1864.81 s)
>> 2969 (23594: 12897 9673 8838) (1835.5 s)
>> 2964 (6502: 6508 6504 6501) (1752 s)
>> 2960 (10360: 6662 6866 1) (1815.42 s)
>> 2957 (9256: 9309 9227 9255) (1842.82 s)
>> 2940 (26866: 6622 6606 6593) (1813.61 s)
>> 2923 (14809: 8295 8378 8348) (1729.3 s)
>> 2902 (8739: 8678 8823 8737) (1814.55 s)
>> 2888 (9804: 9724 9701 9686) (1824.7 s)
>> 2863 (1589: 8919 8979 8953) (1825.56 s)
>> 2855 (3800: 7293 7291 7261) (1650.41 s)
>> 2848 (21893: 9597 9634 9635) (1825.48 s)
>> 2804 (19465: 6122 6126 6116) (1820.25 s)
>> 2798 (8377: 8262 8396 8375) (1810.96 s)
>> 2785 (8052: 8006 8049 8031) (1706.87 s)
>> 2776 (12909: 9756 9736 9702) (1792.08 s)
>> 2771 (10329: 6493 6490 6381) (1714.38 s)
>> 2735 (15908: 7666 7732 7693) (1786.44 s)
>> 2731 (17040: 7084 7126 7118) (1568.33 s)
>> 2729 (149: 6760 18301 6851) (1631.36 s)
>> 2720 (3644: 7361 7371 7335) (1835.51 s)
>> 2707 (2058: 8225 8423 8284) (1806.4 s)
>> 2807 (2014: 8518 8347 8225) (1708.54 s)
>> 2695 (22262: 7234 7201 7210) (1846.77 s)
>> 2693 (8683: 8620 8749 8679) (1829.68 s)
>> 2683 (2589: 7911 7994 7825) (1797.19 s)
>> 2681 (9273: 9259 9271 9193) (1635.95 s)
>> 2679 (26025: 6554 6552 6525) (1808.6 s)
>> 2786 (6531: 6554 6540 6529) (1806.77 s)
>> 2678 (2223: 7998 8226 8158) (1791.86 s)
>> 2677 (24446: 7046 7005 6856) (1688.14 s)
>> 3680 (871: 17388 7046 6952) (1753.41 s)
>> 2671 (9305: 9358 9267 9304) (1791.72 s)
>> 2667 (17524: 6905 6925 6894) (1752.45 s)
>> 2627 (16581: 7333 7336 7328) (1621.63 s)
>> 2620 (11482: 9115 8996 9018) (1769.85 s)
>> 2589 (3146: 3233 7604 7590) (1786.05 s)
>> 2582 (1502: 9014 9056 8966) (1779.18 s)
>> 2581 (9585: 9591 9582 9583) (1665.75 s)
>> 2604 (13230: 9543 9591 9561) (1758.07 s)
>> 2808 (13280: 25103 9543 9490) (1784.76 s)
>> 2576 (1518: 26846 9053 9046) (1735.27 s)
>> 2567 (9807: 7623 7631 7619) (1597.71 s)
>> 2554 (3344: 7523 7496 7472) (1770.23 s)
>> 2544 (5858: 6156 6158 6151) (1764.26 s)
>> 2537 (25004: 7771 15578 7799) (1745.23 s)
>> 2535 (2543: 7917 7963 7921) (1644.77 s)
>> 2531 (22714: 7075 7104 7059) (1743.34 s)
>> 2526 (12878: 9766 9785 9771) (1614.33 s)
>> 2521 (10609: 9483 9509 9524) (1646.71 s)
>> 2500 (9415: 9476 9411 9413) (1586.82 s)
>> 2472 (22115: 6990 6974 6935) (1728.78 s)
>> 2443 (2699: 7931 7824 7782) (1500.49 s)
>> 2418 (120: 7711 7689 7572) (1550.8 s)
>> 2412 (5994: 6120 5972 6125) (1532.04 s)
>> 2406 (1688: 8658 8839 8769) (1487.02 s)
>> 2402 (23787: 6499 6497 6496) (1456.7 s)
>> 2398 (3786: 7325 7301 7268) (1461.27 s)
>> 2398 (9661: 9589 9671 9657) (1390.98 s)
>> 2394 (14790: 8451 8301 8277) (1489.75 s)
>> 2393 (11251: 8485 8616 8503) (1461.84 s)
>> 2389 (2499: 8057 7992 7946) (1481.48 s)
>> 2384 (1709: 8603 8800 8736) (1417.06 s)
>> 2377 (3476: 7418 7500 7441) (1490.15 s)
>> 2374 (16754: 7334 7248 7180) (1482.72 s)
>> 2372 (6063: 19567 6094 6093) (1475.04 s)
>> 2364 (4700: 6855 6838 6811) (1434.28 s)
>> 2363 (9481: 9483 9421 9477) (1702.34 s)
>> 2360 (2759: 7753 7764 7802) (1716.71 s)
>> 2359 (8662: 8607 8731 8659) (1703.13 s)
>> 2334 (14298: 8725 12897 8916) (1606.56 s)
>> 2324 (14383: 8635 8775 8726) (1587.79 s)
>> 2296 (16180: 7418 7553 7549) (1712.23 s)
>> 2285 (20355: 7302 7415 7349) (1715.72 s)
>> 2253 (26737: 7293 7331 7322) (1532.22 s)
>> 2249 (23680: 9387 9484 9337) (1689.88 s)
>> 2234 (2233: 8109 8167 8145) (1707.18 s)
>> 2233 (19899: 7177 7208 7182) (1682.8 s)
>> 2225 (7874: 7940 7872 7861) (1586.76 s)
>> 2209 (625: 6721 6743 6696) (1628.7 s)
>> 2203 (1234: 9560 9387 9515) (1695.89 s)
>> 2175 (13682: 9222 9215 9358) (1649.67 s)
>> 2174 (16510: 7361 7378 7375) (1519.55 s)
>> 2168 (3440: 7424 7505 7453) (1637.2 s)
>> 2168 (9698: 9708 9724 9697) (1676.02 s)
>> 2167 (8721: 8782 8717 8508) (1645.84 s)
>> 2158 (511: 6251 6263 6213) (1565.75 s)
>> 2155 (10084: 6524 6523 6520) (1660.4 s)
>> 2144 (24344: 6366 6406 6363) (1661.23 s)
>> 2141 (5302: 6495 6500 6494) (1555.84 s)
>> 2125 (9506: 9476 9548 9502) (1499.22 s)
>> 2124 (63: 7262 7275 7249) (1668.84 s)
>> 2107 (8990: 8947 9016 8989) (1669 s)
>> 2094 (11786: 8143 8138 8128) (1657.35 s)
>> 2092 (17235: 7008 7031 7017) (1555.09 s)
>> 2091 (6349: 6355 18911 6348) (1664.39 s)
>> 2081 (1130: 9738 9747 9748) (1646 s)
>> 2074 (2459: 7988 2408 8013) (1576.47 s)
>> 2074 (20184: 25850 8725 7095) (1486.7 s)
>> 2072 (2751: 7785 7803 7791) (1634.1 s)
>> 2072 (2908: 12113 7724 7721) (1623.58 s)
>> 2066 (22197: 6692 6671 6663) (1652.76 s)
>> 2060 (22112: 9547 9595 9587) (1530.09 s)
>> 2059 (1039: 7608 7795 7752) (1645.44 s)
>> 2053 (1956: 8495 8485 8445) (1614.03 s)
>> 2048 (3133: 7664 7625 7597) (1537.77 s)
>> 2061 (520: 7664 7596 7568) (1464.41 s)
>> 2040 (19193: 6271 6234 6222) (1609.66 s)
>> 2037 (2273: 2355 8089 8123) (1625.74 s)
>> 2037 (9356: 9341 9377 9353) (1604.44 s)
>> 2022 (9034: 8969 9113 9033) (1507.44 s)
>> 2021 (484: 6668 6688 6692) (1567.66 s)
>> 2010 (2648: 7892 7856 7805) (1475.21 s)
>> 2008 (19591: 6085 19595 6091) (1609.33 s)
>> 2002 (4661: 6855 6862 6864) (1445.29 s)
>> 2000 (18981: 6355 6315 6309) (1590.01 s)
>> 1999 (10334: 7154 7171 7144) (1606.78 s)
>> 1990 (4827: 17938 6776 6759) (1603.08 s)
>> 1981 (295: 6442 6443 6448) (1491.41 s)
>> 1979 (3166: 7623 7579 7552) (1594.59 s)
>> 1969 (2660: 7913 7852 7813) (1517.35 s)
>> 1960 (13588: 9300 9400 9357) (1593.04 s)
>> 1948 (20273: 6645 6639 6623) (1421.58 s)
>> 1946 (14116: 8997 8988 8938) (1585.08 s)
>> 1942 (8510: 8469 8518 8509) (1568.57 s)
>> 1939 (3509: 7354 7471 7419) (1558.94 s)
>> 1925 (22895: 9745 9759 9720) (1475.91 s)
>> 1922 (7228: 7237 7234 7226) (1570.18 s)
>> 1918 (5310: 6488 6574 6492) (1576.75 s)
>> 1914 (17328: 6992 17388 6985) (1547.67 s)
>> 1906 (18198: 6636 24641 6643) (1422.2 s)
>> 1903 (9251: 9261 9225 9248) (1542.18 s)
>> 1902 (13092: 9647 9626 9610) (1567.4 s)
>> 1900 (16763: 7245 7260 7259) (1549.77 s)
>> 1892 (9220: 9202 9261 9216) (1459.34 s)
>> 1888 (19404: 6136 19372 6108) (1542.67 s)
>> 1888 (24042: 6103 6107 6098) (1323.53 s)
>> 2087 (22370: 6097 6103 6085) (1297.36 s)
>> 1883 (8282: 8278 8298 8280) (1396.58 s)
>> 1881 (13532: 9339 9303 9326) (1275.1 s)
>> 1877 (3185: 7576 7613 7571) (1357.01 s)
>> 1877 (6423: 6433 6411 6420) (1290.35 s)
>> 1877 (10788: 8390 8329 8255) (1263.67 s)
>> 1875 (8408: 8372 8388 8406) (1301.66 s)
>> 1868 (15469: 7973 7915 7904) (1305.3 s)
>> 1855 (1769: 8652 8858 8650) (1309.88 s)
>> 1839 (76: 7405 7506 7461) (1222.15 s)
>> 1837 (5135: 6596 6600 6595) (1298.94 s)
>> 1833 (3094: 7623 7580 7424) (1317.11 s)
>> 1833 (8861: 8974 8859 8779) (1297.08 s)
>> 1819 (15627: 7827 7940 7847) (1243.95 s)
>> 1809 (2773: 7826 7911 7794) (1293.21 s)
>> 1807 (13831: 9109 9130 26846) (1237.68 s)
>> 1795 (2046: 8276 8374 8308) (1302.29 s)
>> 1795 (3299: 7527 7623 7511) (1206.81 s)
>> 1795 (21822: 7931 7924 7903) (1288.25 s)
>> 1794 (1852: 8570 8565 8538) (1292.89 s)
>> 1783 (11774: 8274 8202 8171) (1283.11 s)
>> 1778 (20762: 8390 8368 8262) (1233.56 s)
>> 1770 (15487: 7986 7958 7952) (1282.98 s)
>> 1767 (17718: 6839 4649 6842) (1279.69 s)
>> 1760 (1873: 8572 8634 8551) (1239.83 s)
>> 1847 (14617: 8502 8572 8343) (1211.11 s)
>> 1758 (1454: 9156 9092 9051) (1277.24 s)
>> 1744 (9199: 9221 9169 9195) (1270.92 s)
>> 1740 (25652: 8619 8770 8658) (1174.43 s)
>> 1728 (4170: 7038 7048 7041) (1214.74 s)
>> 1725 (1128: 9743 9755 9738) (1306.52 s)
>> 1712 (3153: 7598 7602 7588) (1322.87 s)
>> 1711 (5613: 6308 6305 6293) (1280.67 s)
>> 1711 (15315: 8085 8043 8019) (1272.5 s)
>> 1708 (5750: 19229 6226 6221) (1361.45 s)
>> 1706 (4881: 6747 6746 6721) (1341.75 s)
>> 1698 (169: 9588 9580 9636) (1309.57 s)
>> 1689 (3079: 12113 7637 7587) (1374.25 s)
>> 1686 (4389: 6973 6957 6956) (1256.59 s)
>> 1684 (11771: 8204 8218 8373) (1187.31 s)
>> 1681 (6447: 6445 6450 6446) (1130.81 s)
>> 1677 (11434: 9279 9200 9115) (1084.93 s)
>> 1675 (3425: 7444 7478 7460) (1125.78 s)
>> 1674 (750: 9157 9190 9084) (1130.49 s)
>> 1671 (8959: 8899 9006 8957) (1122.23 s)
>> 1654 (22917: 6596 6612 6597) (1090.63 s)
>> 1653 (12927: 9692 9743 9739) (1120.55 s)
>> 1651 (18847: 24875 6408 18850) (1124.84 s)
>> 1642 (5628: 6294 6302 6299) (1121.11 s)
>> 1638 (3296: 7405 7558 7516) (1068.08 s)
>> 1629 (8724: 8771 8722 8606) (1114.55 s)
>> 1623 (9495: 9516 9493 9464) (1113.97 s)
>> 1617 (9299: 9277 9315 9295) (1111.8 s)
>> 1617 (15914: 7716 7718 7664) (1075.15 s)
>> 1616 (14158: 8619 9003 8906) (1451.5 s)
>> 1613 (10602: 7433 7452 7444) (1996.33 s)
>> 1613 (24190: 6256 6279 6122) (1742.29 s)
>> 1606 (4568: 6886 6933 6895) (1601.58 s)
>> 1606 (9336: 9325 9341 9334) (1786.9 s)
>> 1604 (2762: 7859 15576 7798) (1887.2 s)
>> 1599 (11112: 8140 8212 8091) (1211.78 s)
>> 1595 (14599: 8582 8560 11705) (1162.45 s)
>> 1594 (1744: 8609 8820 8671) (1207.27 s)
>> 1588 (11230: 6169 6219 6175) (1161.62 s)
>> 1585 (4806: 6817 6786 6781) (1205.08 s)
>> 1573 (18474: 6548 18465 6534) (1121.83 s)
>> 1571 (10630: 8021 8424 8040) (1209.96 s)
>> 1570 (2860: 7931 7796 7756) (1176.14 s)
>> 1706 (15879: 12113 7931 7527) (1197.77 s)
>> 1569 (12037: 7793 7775 7757) (1143.39 s)
>> 1568 (17899: 6774 6769 6765) (1190.83 s)
>> 1567 (10778: 7608 7559 7548) (1189.5 s)
>> 1565 (10419: 7084 7334 7168) (1183.18 s)
>> 1560 (11135: 6170 6178 6165) (1104.53 s)
>> 1557 (1310: 9378 13632 9331) (1181.41 s)
>> 1552 (16782: 7246 7258 7213) (1190.3 s)
>> 1549 (6394: 6403 6384 6393) (1179.78 s)
>> 1540 (3211: 3233 7563 7556) (1120.4 s)
>> 1535 (9321: 9301 9342 9320) (1169.58 s)
>> 1533 (2891: 7730 7666 7739) (1173.93 s)
>> 1530 (10589: 6737 6733 6727) (1150.09 s)
>> 1529 (12877: 9757 9782 9770) (1085.96 s)
>> 1524 (22631: 9435 9404 25103) (1161.64 s)
>> 1514 (11957: 7935 7970 7917) (1145.73 s)
>> 2032 (24256: 7973 7941 7935) (1160.88 s)
>> 1513 (17385: 6987 6979 6960) (1110.37 s)
>> 1509 (25133: 8159 8164 8103) (1154.79 s)
>> 1505 (1898: 8443 8615 8534) (1157.23 s)
>> 1504 (23153: 6155 6171 6169) (1104.01 s)
>> 1503 (5769: 19229 6233 6208) (1093.69 s)
>> 1498 (1344: 9242 9275 9204) (1148.09 s)
>> 1487 (7615: 7716 7575 7614) (1151.18 s)
>> 1486 (14358: 8709 8743 8589) (1149.71 s)
>> 1479 (5011: 6653 6690 6665) (1094.76 s)
>> 1659 (12616: 6705 6719 6653) (1139.39 s)
>> 1477 (3652: 7361 7379 7362) (1141.68 s)
>> 1473 (18529: 6519 6508 6518) (1129.16 s)
>> 1467 (25848: 9600 9653 9568) (1060.16 s)
>> 1463 (24940: 6347 6367 6350) (1134.49 s)
>> 1461 (2954: 7738 7703 7663) (1138.59 s)
>> 1460 (14555: 8603 8590 8580) (1128.04 s)
>> 1458 (20300: 7195 7199 7181) (1085.22 s)
>> 1456 (15952: 7644 7716 7691) (1122.42 s)
>> 1453 (5323: 6488 6482 6475) (1126.82 s)
>> 1450 (1070: 7418 7432 7389) (1117.31 s)
>> 1443 (26147: 6437 6442 6347) (1046.15 s)
>> 1440 (5538: 6343 6336 6330) (1112.77 s)
>> 1437 (20450: 9004 8980 8889) (1124.8 s)
>> 1434 (2107: 8214 8390 8250) (1096.17 s)
>> 1433 (11533: 11535 8943 8919) (1068.08 s)
>> 1430 (4943: 6720 6686 6712) (1110.63 s)
>> 1426 (2423: 8039 2328 8035) (1106.09 s)
>> 1419 (5683: 6270 6286 6283) (1101.8 s)
>> 1419 (23971: 6657 6649 6641) (1031.04 s)
>> 1416 (13158: 9599 9581 9547) (1102.06 s)
>> 1416 (18844: 24875 6377 6374) (1104.21 s)
>> 1414 (4413: 6959 6951 6936) (1095.66 s)
>> 1412 (22682: 7983 8030 7997) (1053.11 s)
>> 1408 (17119: 7065 7072 7060) (1090.88 s)
>> 1404 (9529: 9560 9600 9527) (1098.5 s)
>> 1401 (11166: 8211 8297 8295) (1082.76 s)
>> 1545 (2029: 8211 8430 8337) (1813.15 s)
>> 1396 (9882: 7042 7040 7016) (1003.42 s)
>> 1392 (3151: 7627 7589 7570) (960.077 s)
>> 1571 (16145: 7627 7525 7534) (994.789 s)
>> 1389 (18180: 6650 6659 6654) (923.429 s)
>> 1380 (25036: 7925 7980 7965) (992.085 s)
>> 1378 (11031: 8437 8524 8481) (952.848 s)
>> 1378 (14000: 9031 9069 8994) (986.565 s)
>> 1376 (5435: 6392 6436 6410) (896.481 s)
>> 1370 (5380: 6464 6466 6455) (981.097 s)
>> 1365 (8794: 8777 8822 8792) (945.766 s)
>> 1358 (8668: 8694 8666 8608) (972.742 s)
>> 1356 (22533: 8452 8420 8211) (911.143 s)
>> 1354 (1830: 8609 11631 8523) (975.793 s)
>> 1350 (12923: 9754 9761 9674) (936.462 s)
>> 1346 (14391: 8645 8620 8684) (973.703 s)
>> 1346 (15717: 7753 7797 7730) (886.631 s)
>> 1344 (12506: 6914 6928 6921) (969.502 s)
>> 1343 (17234: 7033 7001 6996) (929.459 s)
>> 1341 (4635: 6992 6875 6662) (967.06 s)
>> 1338 (4220: 7021 7034 7024) (898.098 s)
>> 1329 (2952: 7719 20888 7704) (959.527 s)
>> 1329 (9399: 9339 13359 9396) (924.891 s)
>> 1324 (17014: 7116 7146 7124) (957.052 s)
>> 1318 (14769: 8467 8214 8393) (873.863 s)
>> 1313 (15064: 8162 8217 8163) (937.201 s)
>> 1303 (16826: 7256 7224 7084) (920.126 s)
>> 1300 (25170: 8254 8283 8205) (955.096 s)
>> 1291 (3057: 7576 7653 7647) (887.717 s)
>> 1291 (8842: 8786 8896 8841) (950.586 s)
>> 1289 (13334: 9486 9476 9511) (913.572 s)
>> 1288 (17003: 7154 7134 7125) (919.405 s)
>> 1287 (11662: 8344 14608 8403) (865.911 s)
>> 1287 (15979: 7576 7667 7642) (941.33 s)
>> 1284 (12247: 7398 7435 7392) (907.437 s)
>> 1282 (25293: 9119 13623 9164) (937.566 s)
>> 1280 (17912: 6754 6778 6758) (874.589 s)
>> 1278 (18108: 6687 6693 6664) (922.18 s)
>> 1271 (1624: 8931 8870 8808) (900.807 s)
>> 1271 (4006: 7151 7154 7167) (932.72 s)
>> 1271 (15955: 7688 7648 7567) (849.511 s)
>> 1264 (27003: 6637 6640 6620) (908.579 s)
>> 1262 (15833: 7711 7751 7731) (893.596 s)
>> 1261 (22765: 7793 10438 15863) (925.739 s)
>> 1253 (26277: 7822 7854 7806) (862.699 s)
>> 1252 (4370: 6987 6975 6964) (922.891 s)
>> 1250 (7967: 8009 7966 7932) (888.786 s)
>> 1250 (16404: 7414 16468 7433) (918.288 s)
>> 1247 (5488: 6437 6361 6356) (838.678 s)
>> 1241 (9432: 9384 9482 9430) (915.754 s)
>> 1564 (9420: 9384 9433 9418) (882.782 s)
>> 1239 (10565: 9301 9486 9363) (917.399 s)
>> 1239 (14702: 8480 8452 8497) (851.321 s)
>> 1238 (16670: 7280 7302 7295) (909.021 s)
>> 1237 (5169: 6622 6588 6565) (876.312 s)
>> 1233 (2510: 7988 7995 7984) (905.435 s)
>> 1228 (14918: 8247 8204 8109) (827.669 s)
>> 1227 (14052: 8999 9254 9004) (904.568 s)
>> 1225 (15008: 8229 8234 8215) (869.912 s)
>> 1220 (15398: 8038 8008 8061) (899.867 s)
>> 1215 (13371: 9422 9512 9507) (838.648 s)
>> 1206 (24169: 6706 6757 6713) (895.55 s)
>> 1205 (25836: 8086 8247 8016) (863.302 s)
>> 1202 (18955: 6337 6327 6319) (891.841 s)
>> 1192 (8735: 8495 8818 8733) (823.854 s)
>> 1191 (13162: 9586 9648 9566) (890.541 s)
>> 1190 (17654: 6868 12572 6848) (857.194 s)
>> 1184 (7307: 7299 7333 7306) (884.645 s)
>> 1184 (17909: 6788 6764 6755) (828.304 s)
>> 1184 (18232: 6625 6637 6632) (883.633 s)
>> 1180 (4116: 7256 17113 7078) (851.937 s)
>> 1176 (19251: 6155 6196 6192) (878.268 s)
>> 1167 (6708: 6714 6707 6699) (803.168 s)
>> 1165 (15166: 8088 8193 8014) (877.784 s)
>> 2502 (14914: 8271 8264 8088) (844.407 s)
>> 1159 (11057: 6977 6980 6959) (873.496 s)
>> 1155 (24528: 6934 6946 6914) (816.362 s)
>> 1150 (17887: 6763 6792 6754) (871.954 s)
>> 1149 (243: 7762 12113 7778) (839.001 s)
>> 1146 (2219: 8104 8160 8146) (868.172 s)
>> 1146 (3661: 7430 7356 7348) (793.282 s)
>> 1144 (1962: 8444 8528 8467) (863.849 s)
>> 1144 (18520: 6524 6548 6554) (834.68 s)
>> 1139 (4885: 6745 6750 6740) (862.067 s)
>> 1139 (15046: 8182 8233 8169) (804.375 s)
>> 1169 (11823: 8141 8182 8265) (861.633 s)
>> 1136 (4489: 6919 6983 6909) (828.71 s)
>> 1134 (19363: 6145 6147 6138) (857.796 s)
>> 1133 (5065: 6630 6636 6627) (781.195 s)
>> 1132 (16212: 7490 7542 7523) (852.349 s)
>> 1129 (20372: 6826 6817 6816) (821.998 s)
>> 1127 (17777: 6831 6826 6819) (848.752 s)
>> 1126 (15425: 8085 7999 7990) (794.304 s)
>> 1124 (8655: 8614 8693 8653) (845.527 s)
>> 1114 (17464: 6929 6937 6923) (815.244 s)
>> 1111 (18706: 6453 6460 6452) (839.258 s)
>> 1107 (24967: 8763 8648 8645) (774.916 s)
>> 1105 (5283: 6519 6495 6507) (840.084 s)
>> 1104 (754: 6253 6271 6257) (808.933 s)
>> 1370 (22732: 6253 6243 6238) (837.198 s)
>> 1100 (26817: 7294 20707 7244) (781.531 s)
>> 1099 (1864: 8443 8559 8556) (830.356 s)
>> 1095 (22040: 9593 9609 9662) (803.914 s)
>> 1094 (19303: 6155 6166 6162) (832.002 s)
>> 1093 (9643: 9597 9651 9642) (775.671 s)
>> 1093 (20117: 6457 6483 6471) (982.084 s)
>> 1092 (2166: 8039 8195 8196) (914.176 s)
>> 1092 (23733: 9597 9693 9670) (964.091 s)
>> 1091 (11234: 9350 13422 9279) (853.317 s)
>> 1091 (15060: 8078 11878 8010) (973.182 s)
>> 1090 (14839: 8276 8438 8346) (909.047 s)
>> 1087 (3085: 7738 7636 7584) (979.049 s)
>> 1086 (1729: 8632 1759 8697) (819.409 s)
>> 1086 (25979: 9715 9744 9709) (977.522 s)
>> 1084 (2944: 7712 7770 7711) (896.017 s)
>> 1083 (4871: 6752 23405 6748) (968.732 s)
>> 1083 (25457: 9560 9344 9287) (845.502 s)
>> 1073 (20971: 9754 9781 9765) (964.651 s)
>> 1071 (1653: 8692 8812 8619) (901.959 s)
>> 1069 (14215: 8817 8884 8872) (969.821 s)
>> 1059 (2711: 7892 8009 7815) (802.38 s)
>> 1055 (3502: 7762 7422 7381) (957.397 s)
>> 1050 (25075: 6635 6645 6602) (891.565 s)
>> 1048 (9616: 9598 9625 9615) (953.573 s)
>> 1048 (16008: 7600 7649 7628) (832.556 s)
>> 1048 (16372: 7417 7437 7404) (948.713 s)
>> 1047 (9918: 6329 6343 6341) (884.552 s)
>> 1046 (8910: 8969 8905 8909) (945.592 s)
>> 1044 (2807: 7712 7780 7608) (817.263 s)
>> 1043 (9729: 9692 9714 9728) (941.019 s)
>> 1037 (2823: 7776 7892 7784) (876.969 s)
>> 1034 (377: 9384 9459 9352) (938.086 s)
>> 1034 (1834: 8544 8670 8577) (820.074 s)
>> 1033 (4547: 6913 6906 6893) (934.298 s)
>> 1033 (15823: 7712 7826 7700) (871.265 s)
>> 1029 (20851: 9758 9775 9715) (928.153 s)
>> 1027 (10059: 6731 6704 6726) (774.461 s)
>> 1023 (16248: 7513 7531 7487) (923.712 s)
>> 1021 (14679: 8529 8554 8470) (861.6 s)
>> 1021 (18658: 6470 6481 6469) (915.485 s)
>> 1016 (16254: 7354 7532 7492) (803.153 s)
>> 1011 (1655: 25850 8837 8811) (911.877 s)
>> 1009 (14890: 8444 8304 8180) (850.011 s)
>> 1007 (1616: 8880 8899 8862) (907.417 s)
>> 1007 (15787: 7759 7737 7722) (761.509 s)
>> 1005 (3524: 7403 7417 7412) (904.192 s)
>> 1000 (7672: 7662 7680 7671) (844.765 s)
>> 998 (20606: 8159 8201 8242) (901.58 s)
>> 997 (21037: 7256 21790 7406) (790.173 s)
>> 996 (4742: 6821 6828 6787) (896.316 s)
>> 995 (802: 9160 9140 9127) (836.33 s)
>> 990 (3336: 7280 7712 7498) (891.904 s)
>> 988 (25901: 18457 6562 6541) (745.717 s)
>> 987 (13438: 9330 9385 9333) (884.476 s)
>> 1026 (13538: 9312 9330 9311) (829.336 s)
>> 983 (14420: 8651 8604 8768) (882.298 s)
>> 981 (14958: 8273 8296 8299) (775.191 s)
>> 981 (17757: 6833 6830 6805) (879.826 s)
>> 980 (13345: 9458 9526 9436) (823.172 s)
>> 979 (8458: 8425 8498 8457) (876.881 s)
>> 977 (19904: 7256 7467 7449) (744.421 s)
>> 976 (25278: 9032 9054 8918) (873.372 s)
>> 974 (518: 7913 7846 7781) (813.835 s)
>> 967 (13551: 9350 25097 9310) (869.523 s)
>> 966 (26794: 7006 7021 6997) (763.373 s)
>> 965 (9631: 9650 9628 9588) (864.184 s)
>> 964 (5143: 6599 6594 6582) (809.045 s)
>> 964 (17566: 6905 6889 6877) (858.611 s)
>> 960 (26213: 6090 6097 6086) (724.134 s)
>> 959 (14128: 8795 8883 8871) (857.577 s)
>> 956 (4277: 7033 6999 6989) (802.002 s)
>> 953 (1115: 9776 9768 9742) (855.734 s)
>> 943 (13586: 9285 9265 9338) (751.51 s)
>> 940 (3890: 7254 7257 7225) (849.229 s)
>> 936 (17342: 6977 7009 6994) (793.483 s)
>> 935 (25596: 7447 7440 7410) (845.058 s)
>> 1070 (22954: 7470 7455 7447) (714.298 s)
>> 931 (77: 8382 8437 8371) (841.891 s)
>> 930 (5073: 6624 6651 6630) (788.515 s)
>> 929 (13681: 9114 9194 9170) (837.664 s)
>> 928 (15119: 8137 8126 8140) (741.861 s)
>> 925 (9689: 9683 12957 9688) (834.792 s)
>> 924 (8361: 8389 8358 8342) (782.588 s)
>> 922 (3367: 7490 7521 7483) (830.926 s)
>> 918 (2158: 8276 8198 8165) (699.47 s)
>> 911 (15061: 8086 8120 8116) (824.731 s)
>> 910 (1465: 9109 9088 8978) (774.68 s)
>> 909 (10424: 6954 6972 6938) (823.429 s)
>> 908 (13128: 9647 9601 9597) (728.155 s)
>> 908 (24725: 6359 6368 6355) (817.59 s)
>> 908 (26268: 9564 9518 9544) (767.912 s)
>> 902 (13421: 9294 9402 9301) (815.58 s)
>> 898 (8855: 8875 8877 8853) (707.567 s)
>> 898 (14460: 8636 8611 8573) (812.285 s)
>> 897 (8066: 8047 8080 8062) (761.319 s)
>> 893 (1521: 8960 9038 9028) (808.582 s)
>> 893 (17475: 6932 6926 6760) (715.271 s)
>> 892 (14011: 9014 8998 8975) (805.613 s)
>> 891 (14648: 8502 8555 8519) (755.319 s)
>> 891 (15562: 7853 7939 7886) (801.449 s)
>> 885 (15018: 11753 8154 8127) (675.393 s)
>> 884 (13073: 9646 9650 9598) (795.67 s)
>> 882 (8208: 8248 8143 8206) (747.603 s)
>> 878 (1354: 9253 9252 9161) (793.986 s)
>> 871 (11971: 7893 7916 7913) (703.23 s)
>> 868 (9095: 9060 9129 9093) (776.858 s)
>> 866 (14838: 8339 8469 8319) (741.476 s)
>> 859 (3971: 7193 7256 7165) (785.388 s)
>> 856 (18739: 6444 6445 6434) (666.308 s)
>> 854 (8791: 8678 8673 8787) (780.533 s)
>> 851 (18926: 6340 6365 6331) (733.916 s)
>> 848 (8506: 8480 8546 8504) (779.149 s)
>> 848 (16106: 7560 16016 7280) (689.814 s)
>> 844 (17338: 6978 6984 6967) (774.055 s)
>> 843 (11168: 7893 7962 7860) (727.898 s)
>> 841 (5043: 6646 6647 6626) (768.654 s)
>> 841 (9081: 9031 13808 9079) (653.639 s)
>> 840 (9764: 9783 9777 9762) (765.937 s)
>> 834 (18100: 6684 6714 6682) (721.106 s)
>> 833 (7728: 7717 7734 7725) (763.683 s)
>> 832 (11194: 7998 8339 8229) (677.665 s)
>> 832 (11536: 11535 8865 8824) (757.866 s)
>> 832 (16455: 7413 7409 7398) (713.756 s)
>> 824 (5791: 6190 19229 6200) (753.618 s)
>> 823 (5596: 6313 6335 6322) (648.72 s)
>> 823 (8851: 8891 8777 8850) (750.089 s)
>> 823 (10946: 6834 6841 6827) (707.226 s)
>> 822 (8754: 8891 8644 8753) (748.836 s)
>> 821 (16832: 7195 16855 7235) (664.822 s)
>> 818 (4829: 6773 6793 6747) (742.481 s)
>> 817 (6945: 7065 6949 6943) (699.667 s)
>> 817 (18742: 6441 6449 6444) (739.446 s)
>> 867 (25571: 6437 6441 6438) (628.804 s)
>> 813 (5802: 19236 6190 6188) (736.421 s)
>> 810 (4561: 6896 6899 6888) (695.478 s)
>> 809 (18359: 6585 6622 6578) (733.707 s)
>> 805 (2057: 8402 8273 8340) (653.846 s)
>> 802 (8689: 8635 8763 8687) (730.374 s)
>> 800 (8936: 8908 8891 8933) (690.001 s)
>> 794 (158: 8105 8444 8079) (727.488 s)
>> 782 (8803: 8635 8833 8801) (623.054 s)
>> 782 (9144: 9163 23595 9142) (723.991 s)
>> 782 (24378: 6823 6855 6775) (683.901 s)
>> 884 (21745: 6761 6823 6706) (720.124 s)
>> 782 (26709: 17879 6813 6815) (645.006 s)
>> 780 (2674: 7823 8058 7844) (717.426 s)
>> 778 (13304: 9488 9469 9460) (676.973 s)
>> 777 (2819: 7812 7894 7777) (712.364 s)
>> 775 (13848: 9085 9137 9107) (610.353 s)
>> 774 (17161: 7051 7053 7042) (708.282 s)
>> 772 (3249: 7490 7738 7551) (671.608 s)
>> 772 (20558: 6741 6763 6751) (702.625 s)
>> 768 (24076: 9049 8982 9156) (629.441 s)
>> 766 (14518: 8782 8637 8495) (702.391 s)
>> 763 (5922: 6142 6139 6120) (663.398 s)
>> 759 (13431: 9339 9429 9393) (697.801 s)
>> 757 (4833: 6780 6762 6753) (629.689 s)
>> 756 (13999: 8931 9014 9002) (693.054 s)
>> 755 (18415: 6564 6573 6569) (657.483 s)
>> 750 (5650: 6301 6306 6295) (689.233 s)
>> 746 (25111: 7325 7339 7308) (618.269 s)
>> 745 (23668: 13721 9270 9213) (687.574 s)
>> 740 (9291: 9309 9339 9289) (652.52 s)
>> 739 (18379: 6575 6587 6568) (683.321 s)
>> 737 (12776: 6287 6290 6281) (586.838 s)
>> 735 (21409: 7686 15878 7669) (679.893 s)
>> 734 (5368: 6462 6453 6454) (644.707 s)
>> 729 (14030: 8960 11535 8898) (676.454 s)
>> 726 (4516: 6904 6912 6910) (608.133 s)
>> 720 (5032: 6658 6667 6660) (672.957 s)
>> 719 (1410: 9191 9210 9162) (640.7 s)
>> 715 (10397: 8880 9109 8970) (668.756 s)
>> 710 (5202: 6576 6579 6564) (580.515 s)
>> 710 (16457: 7403 7388 7384) (666.969 s)
>> 703 (523: 7762 7469 7423) (633.235 s)
>> 700 (9135: 9159 9147 9134) (661.634 s)
>> 696 (4193: 7039 17133 7032) (598.443 s)
>> 695 (18500: 18457 6533 6528) (662.919 s)
>> 693 (21451: 7051 7007 6991) (628.417 s)
>> 691 (4087: 7111 7112 7103) (661.931 s)
>> 690 (17563: 6897 6992 6891) (569.794 s)
>> 687 (24970: 8635 8890 8960) (654.903 s)
>> 679 (23660: 6774 6821 6804) (624.409 s)
>> 678 (20402: 7061 7075 7055) (652.86 s)
>> 676 (5658: 6285 6292 6291) (588.028 s)
>> 674 (23342: 6833 17879 6788) (646.564 s)
>> 671 (18422: 6567 6576 6557) (617.166 s)
>> 666 (10363: 6301 6316 6304) (643.849 s)
>> 665 (19823: 7528 7486 7512) (564.981 s)
>> 664 (2300: 8111 8119 7983) (642.477 s)
>> 661 (9999: 7194 7189 7177) (612.161 s)
>> 659 (1679: 8502 8999 8798) (639.849 s)
>> 1132 (14095: 25850 11225 8502) (576.842 s)
>> 657 (13637: 9258 9309 9263) (635.993 s)
>> 657 (19761: 6833 6829 6824) (605.766 s)
>> 655 (7187: 7178 7193 7185) (633.038 s)
>> 655 (20846: 6212 6237 6205) (550.135 s)
>> 651 (13850: 9118 9151 9114) (631.403 s)
>> 650 (15468: 7910 2569 7988) (599.525 s)
>> 648 (7841: 7771 7840 7762) (626.861 s)
>> 647 (14736: 8443 8468 7998) (566.444 s)
>> 647 (16793: 7236 7254 7194) (623.726 s)
>> 647 (19232: 6211 6220 6206) (594.514 s)
>> 646 (5589: 6308 6317 6314) (619.533 s)
>> 643 (14188: 8848 8985 8971) (542.83 s)
>> 631 (2398: 8045 8096 8004) (615.526 s)
>> 630 (7343: 7352 7346 7341) (587.069 s)
>> 630 (24616: 16711 7278 7269) (614.118 s)
>> 629 (24386: 6625 6611 6596) (555.892 s)
>> 626 (11235: 6457 6488 6484) (610.086 s)
>> 626 (25051: 6480 6478 6462) (584.229 s)
>> 625 (3751: 7560 7326 7317) (608.507 s)
>> 625 (18485: 6535 18457 6547) (530.695 s)
>> 622 (17319: 6998 7004 6987) (603.384 s)
>> 618 (13043: 9672 9666 9664) (577.144 s)
>> 618 (26163: 6433 24875 6403) (600.446 s)
>> 616 (16476: 7361 7385 7394) (548.122 s)
>> 613 (5995: 5997 6127 6118) (596.13 s)
>> 612 (515: 6977 6950 6941) (568.412 s)
>> 598 (8228: 8480 11753 8227) (592.926 s)
>> 598 (12443: 7049 7054 7051) (534.094 s)
>> 595 (16962: 7152 7151 7148) (588.489 s)
>> 595 (25207: 9559 9536 9607) (562.118 s)
>> 592 (17610: 6886 6874 6863) (583.536 s)
>> 592 (23170: 6476 6472 6463) (533.418 s)
>> 591 (3532: 7411 7431 7420) (582.979 s)
>> 591 (10446: 7814 7859 7853) (557.958 s)
>> 588 (5824: 6174 19236 6172) (579.947 s)
>> 588 (15176: 8074 8133 8105) (508.177 s)
>> 585 (8246: 8252 8263 8243) (576.183 s)
>> 583 (17697: 6847 6905 6852) (551.704 s)
>> 581 (10343: 7776 7986 8074) (573.905 s)
>> 581 (18972: 6324 6340 6301) (523.693 s)
>> 578 (12644: 6605 6610 6585) (570.405 s)
>> 578 (18884: 6357 6366 6346) (545.549 s)
>> 577 (1363: 9242 9223 9159) (566.511 s)
>> 577 (20267: 9087 9165 9068) (503.008 s)
>> 571 (15238: 8060 8045 7972) (563.261 s)
>> 568 (14352: 8786 8771 8626) (540.167 s)
>> 567 (1665: 8806 8931 8692) (559.534 s)
>> 567 (12095: 7713 2879 7688) (513.711 s)
>> 567 (15720: 7789 7821 7761) (557.487 s)
>> 563 (18376: 6581 6586 6577) (535.051 s)
>> 561 (13137: 9611 9435 9632) (554.741 s)
>> 555 (12487: 6955 6998 6942) (491.576 s)
>> 554 (18408: 6575 6558 6524) (551.415 s)
>> 553 (3192: 7555 7627 7528) (529.669 s)
>> 551 (15861: 7747 20304 7723) (549.832 s)
>> 545 (18136: 6674 5016 6670) (504.517 s)
>> 543 (19137: 6251 6284 6270) (546.084 s)
>> 542 (10626: 6657 6644 6635) (524.866 s)
>> 536 (977: 6342 6344 6337) (545.223 s)
>> 536 (24880: 8125 8092 8166) (488.069 s)
>> 535 (1796: 8618 8806 8605) (541.494 s)
>> 531 (10572: 7550 3203 7513) (518.92 s)
>> 530 (5963: 6130 6142 6129) (534.717 s)
>> 528 (2546: 7961 8015 7993) (492.994 s)
>> 526 (11352: 17835 6833 6831) (533.808 s)
>> 526 (22911: 7827 7912 7776) (512.613 s)
>> 523 (5091: 6609 6619 6616) (524.146 s)
>> 520 (14015: 9011 9060 8786) (465.076 s)
>> 520 (14212: 8797 8635 8845) (520.974 s)
>> 517 (1422: 9118 9172 9150) (501.787 s)
>> 517 (9912: 4895 6741 6735) (522.461 s)
>> 515 (13889: 8618 9078 8987) (478.503 s)
>> 1023 (14088: 9350 8652 8618) (517.906 s)
>> 515 (16363: 7421 7490 7402) (496.925 s)
>> 948 (16453: 7391 7421 7399) (514.884 s)
>> 515 (18196: 6650 6668 6652) (458.716 s)
>> 514 (13845: 9073 9099 9112) (512.93 s)
>> 510 (14826: 8318 8302 8422) (492.534 s)
>> 510 (16267: 7479 25835 7468) (510.483 s)
>> 509 (13638: 9262 9302 9294) (469.579 s)
>> 507 (4900: 6736 6709 6685) (506.866 s)
>> 506 (12587: 6820 17835 6773) (487.851 s)
>> 505 (4962: 6715 6698 6677) (502.863 s)
>> 505 (16241: 7499 16223 7445) (449.275 s)
>> 502 (1211: 9541 9599 9458) (501.412 s)
>> 502 (13222: 9567 9571 9558) (481.787 s)
>> 501 (24878: 8317 8414 8271) (497.476 s)
>> 496 (13143: 9592 9646 9559) (460.525 s)
>> 495 (26923: 8098 8077 8147) (498.676 s)
>> 902 (15400: 8011 8067 8098) (480.212 s)
>> 492 (7475: 7470 7480 7473) (494.449 s)
>> 491 (19336: 6153 6155 6130) (461.057 s)
>> 489 (19352: 6149 6170 6134) (490.828 s)
>> 488 (5862: 6156 6157 6149) (474.478 s)
>> 484 (1444: 9116 25850 9049) (489.097 s)
>> 483 (11854: 8248 8093 8039) (452.253 s)
>> 483 (23454: 8382 8603 8561) (485.856 s)
>> 481 (5483: 6362 6493 6173) (464.463 s)
>> 475 (11301: 9767 9758 9745) (477.93 s)
>> 1390 (835: 9769 9783 9767) (431.852 s)
>> 469 (13571: 9276 9258 9259) (476.728 s)
>> 468 (1774: 8631 8649 8570) (461.593 s)
>> 467 (18648: 6479 6487 6480) (473.482 s)
>> 462 (16134: 7405 7545 7354) (440.639 s)
>> 461 (17394: 6962 6966 6919) (470.429 s)
>> 459 (13543: 9277 9325 9293) (454.274 s)
>> 453 (18430: 6563 6575 6555) (468.107 s)
>> 448 (13812: 9119 9085 9070) (423.838 s)
>> 444 (5162: 6589 6591 6583) (464.779 s)
>> 444 (14774: 8409 8389 8462) (444.688 s)
>> 705 (14759: 8461 8409 8412) (446.218 s)
>> 442 (4554: 6904 6900 6892) (420.622 s)
>> 442 (14515: 9011 8526 8558) (442.267 s)
>> 442 (15158: 8162 8137 8081) (433.02 s)
>> 439 (4597: 6887 6904 6885) (438.493 s)
>> 439 (25231: 6549 6563 6556) (406.463 s)
>> 436 (1878: 8908 8480 8550) (434.697 s)
>> 1017 (357: 8501 9011 8908) (424.185 s)
>> 434 (8474: 8443 8471 8447) (432.867 s)
>> 434 (17862: 6800 6801 6789) (409.762 s)
>> 432 (15915: 7701 7793 7576) (429.679 s)
>> 428 (10054: 6584 6625 6580) (419.671 s)
>> 424 (19872: 8805 8821 8922) (427.68 s)
>> 423 (12324: 7300 7299 7287) (401.129 s)
>> 420 (24541: 7887 7868 7827) (425.009 s)
>> 419 (5638: 6303 6298 6294) (414.184 s)
>> 417 (17203: 4217 7037 7019) (422.529 s)
>> 416 (14939: 8252 8230 8344) (401.37 s)
>> 415 (20269: 8021 7914 7878) (420.013 s)
>> 414 (14278: 8807 8796 8709) (409.87 s)
>> 412 (14296: 8764 8778 8840) (417.576 s)
>> 412 (17059: 7101 7110 7089) (388.741 s)
>> 410 (1886: 8500 8588 8545) (416.753 s)
>> 410 (17836: 6807 6820 6806) (406.277 s)
>> 408 (18173: 6658 6650 6669) (413.48 s)
>> 407 (11384: 9695 12994 9769) (393.844 s)
>> 404 (16384: 7438 22775 7411) (409.665 s)
>> 401 (13399: 9488 9350 9312) (401.758 s)
>> 399 (2475: 8005 8028 7973) (407.983 s)
>> 829 (2409: 8087 8042 8005) (383.414 s)
>> 397 (6405: 6392 6433 6404) (406.086 s)
>> 397 (11930: 7949 11928 7954) (396.548 s)
>> 395 (4273: 7000 7010 6978) (404.515 s)
>> 394 (4528: 6902 6896 6887) (385.646 s)
>> 393 (4015: 7162 7152 7170) (401.762 s)
>> 393 (15813: 7644 7789 7741) (393.843 s)
>> 393 (16865: 7203 7237 7195) (412.975 s)
>> 391 (9787: 7178 7481 7418) (375.134 s)
>> 388 (12650: 6932 6457 6598) (398.353 s)
>> 384 (861: 9087 9177 8501) (392.278 s)
>> 383 (1201: 9570 9596 9577) (396.285 s)
>> 383 (14524: 8571 9488 8382) (380.163 s)
>> 382 (17870: 6791 6782 4895) (393.07 s)
>> 380 (2436: 8027 8046 7961) (386.886 s)
>> 379 (2598: 7902 7822 7923) (391.913 s)
>> 379 (14191: 8810 8914 8881) (375.433 s)
>> 378 (3387: 7463 16329 7690) (388.991 s)
>> 372 (14751: 14772 8536 8276) (383.01 s)
>> 370 (4083: 7178 7113 7109) (387.182 s)
>> 368 (5736: 6231 6251 6207) (370.593 s)
>> 366 (5645: 6296 6359 6256) (384.919 s)
>> 362 (26422: 25007 7771 7729) (377.197 s)
>> 355 (1554: 8880 9001 8571) (382.906 s)
>> 349 (16216: 7517 7555 7502) (359.177 s)
>> 349 (19258: 6174 6183 6177) (371.766 s)
>> 345 (11203: 8168 2355 8443) (379.575 s)
>> 344 (1527: 9052 9119 9027) (391.202 s)
>> 341 (8703: 8553 8782 8701) (370.938 s)
>> 338 (12545: 6872 17581 6858) (388.664 s)
>> 336 (13120: 9624 9608 9611) (376.806 s)
>> 334 (3053: 7624 7618 7662) (381.237 s)
>> 325 (4638: 6886 6881 6873) (357.039 s)
>> 320 (13631: 9253 9268 8880) (379.253 s)
>> 316 (13204: 9560 9578 9549) (372.509 s)
>> 314 (11879: 8048 8075 8022) (376.978 s)
>> 311 (13878: 9157 9106 9072) (359.079 s)
>> 311 (22703: 8076 8087 8038) (374.584 s)
>> 305 (15800: 7747 15802 7733) (367.062 s)
>> 300 (5977: 6153 22625 6128) (373.405 s)
>> 299 (12511: 6934 6924 6913) (348.696 s)
>> 293 (5209: 6572 6584 6535) (370.928 s)
>> 292 (5269: 6532 6549 6527) (363.262 s)
>> 291 (14848: 8341 8254 8320) (369.281 s)
>> 290 (1492: 9066 9118 9077) (353.717 s)
>> 289 (11595: 8609 8745 8705) (369.648 s)
>> 287 (15465: 7949 7971 7887) (362.091 s)
>> 287 (17996: 6730 6752 6742) (365.184 s)
>> 283 (13788: 24274 9158 9108) (345.067 s)
>> 279 (8596: 8575 8607 8593) (363.091 s)
>> 270 (2882: 7744 7787 7755) (355.394 s)
>> 268 (2101: 8261 15038 8141) (363.454 s)
>> 268 (19155: 6253 6266 6259) (346.199 s)
>> 266 (13761: 9171 9157 9184) (359.899 s)
>> 266 (18551: 6519 6514 6510) (352.353 s)
>> 260 (19887: 9541 9565 9576) (357.01 s)
>> 258 (3512: 7416 7438 7403) (336.681 s)
>> 254 (15755: 7759 7779 7763) (356.472 s)
>> 250 (16331: 7470 7479 7416) (348.977 s)
>> 249 (16307: 7430 7499 7413) (353.484 s)
>> 246 (22844: 6832 6846 6807) (338.412 s)
>> 244 (14649: 25122 8522 8479) (352.073 s)
>> 242 (1753: 9253 8686 8664) (344.988 s)
>> 239 (13466: 9371 9492 9285) (348.098 s)
>> 460 (9392: 9423 9388 9371) (330.447 s)
>> 238 (13441: 9403 9541 9401) (345.74 s)
>> 234 (14725: 8435 8439 8392) (341.528 s)
>> 230 (14449: 8527 8601 8587) (345.198 s)
>> 228 (23770: 9564 9519 9453) (330.688 s)
>> 218 (16208: 7522 7541 7484) (336.52 s)
>> 214 (17997: 6732 6728 6720) (331.794 s)
>> 205 (15031: 8179 8341 8159) (334.525 s)
>> 199 (19486: 6022 24799 6114) (319.206 s)
>> 197 (19056: 6297 6324 6285) (329.385 s)
>> 189 (12186: 7533 7644 7554) (325.004 s)
>> 184 (15997: 7701 7633 7599) (328.614 s)
>> 181 (6544: 6532 6542 6536) (317.784 s)
>> 178 (16173: 7535 7517 7430) (326.88 s)
>> 177 (18158: 6658 6715 6646) (323.087 s)
>> 176 (16746: 7255 16699 7236) (325.869 s)
>> 175 (12959: 9722 9692 9710) (335.915 s)
>> 170 (13982: 9163 8848 9015) (324.258 s)
>> 167 (5514: 6296 6354 6345) (318.462 s)
>> 167 (5844: 6161 6160 6156) (320.828 s)
>> 167 (22166: 6112 6022 6109) (313.079 s)
>> 157 (13020: 9683 9675 9711) (319.826 s)
>> 155 (18669: 6476 6470 6458) (315.134 s)
>> 154 (3480: 7463 7439 7414) (318.166 s)
>> 151 (15661: 7902 7893 7533) (305.855 s)
>> 130 (2516: 7925 8111 8085) (316.593 s)
>> 126 (2275: 8110 8261 8122) (311.344 s)
>> 124 (7429: 7391 7427 7178) (313.052 s)
>> 118 (15677: 7814 7804 7788) (305.443 s)
>> 112 (13010: 9756 13008 24592) (311.595 s)
>> 112 (21457: 6840 6872 6832) (307.887 s)
>> 111 (5002: 6674 6666 6661) (309.366 s)
>> 108 (3052: 7624 7626 7652) (299.07 s)
>> 105 (1598: 8897 11529 1631) (307.587 s)
>> 104 (13899: 9036 9098 9010) (304.496 s)
>> 101 (4936: 6840 6729 6716) (306.268 s)
>> 100 (15223: 8084 8011 15361) (293.453 s)
>> 97 (591: 6572 6605 6589) (287.105 s)
>> 95 (13906: 9253 9111 9037) (286.722 s)
>> 93 (18951: 6338 6329 6323) (285.678 s)
>> 84 (14337: 8807 8599 8544) (283.376 s)
>> 82 (9818: 7814 7785 7744) (283.851 s)
>> 82 (11918: 8029 8021 7949) (283.493 s)
>> 65 (15173: 8135 8179 23933) (282.592 s)
>> 64 (7928: 8029 7926 7918) (281.107 s)
>> 64 (10803: 9563 9483 9592) (280.83 s)
>> 63 (14863: 8279 9087 8324) (280.882 s)
>> 63 (16073: 7550 7701 7543) (279.576 s)
>> 58 (1433: 9075 9128 9052) (277.981 s)
>> 53 (11591: 8600 8553 8252) (278.22 s)
>> 96 (14421: 8651 8677 8600) (277.867 s)
>> 49 (18010: 6737 6736 6725) (276.606 s)
>> 48 (3925: 7209 7294 7233) (275.72 s)
>> 44 (1240: 9489 9523 9456) (275.516 s)
>> 39 (17209: 7008 7029 7026) (274.885 s)
>> 34 (18268: 6613 18309 6617) (274.507 s)
>> 20 (18693: 6459 6932 6437) (272.215 s)
>> 19 (1801: 8602 8807 8617) (272.421 s)
>> 16 (11707: 8410 8582 8415) (272.377 s)
>> 15 (18637: 6485 6459 6486) (271.156 s)
>> 14 (18033: 6761 6745 6678) (270.294 s)
>> 13 (12108: 7677 7654 7685) (269.463 s)
>> 13 (19910: 8037 8102 7925) (269.434 s)
>> 12 (1396: 9185 9191 9168) (268.36 s)
>> 8 (5794: 19262 6191 6174) (266.83 s)
>> 7 (11657: 8456 8651 8429) (267.082 s)
>> 2 (15991: 25007 7645 7592) (266.781 s)
>> 1 (11801: 8248 8278 8187) (265.623 s)
>> 0 (-1: -1 -1 -1) (264.882 s)
Zelikovsky- 919929 s
>>> get_solution
  refine_solution: new weight 792867294 (was 792886392) in 0.013429 s
  refine_solution: new weight 792867294 (was 792867294) in 0.013892 s
>>> get_solution
  refine_solution: new weight 793411985 (was 793735262) in 0.012998 s
  refine_solution: new weight 793377154 (was 793411985) in 0.013646 s
  refine_solution: new weight 793368689 (was 793377154) in 0.013586 s
  refine_solution: new weight 793368689 (was 793368689) in 0.013607 s
0,,27069,40333,2772,,0,0,,793735262,793368689,793160360,792886392,792867294,,0,0,@@

  delete_edges: deleted 175 edges in 0.009201 s and 2 rounds
  handle_small_Steiner_degrees: steiner 0, suppress 250 in 0.000148 s
Starting round 1
contract_till_the_bitter_end interrupted
contract_till_the_bitter_end: 1.00803e+06 s

Calling end_heu
>>> get_solution
Saved weight 542957541
end_heu: 0 loops with 0 unique solutions in 0.003415 s

Calling print_solution
>>> get_solution
  refine_solution: new weight 793416679 (was 793734916) in 0.023276 s
Oops orig weight was 793734916 but we got 793416679
## FINAL WEIGHT 793416679
print_solution: 0.044955 s
