Version: final-94-gfffc3aa rub_all.sh: remove longest prefix
Random seed: 1557947962
Start
>>> save_orig_graph
>> Saved weight 0
Graph loaded
|V| = 85086, |E| = 138888, |R| = 3954
First clearance of the input. Calling buy_zero and run_all_heuristics.
  buy_zero: 22 zero edges in 0.001025 s
  handle_small_terminal_degrees: terms 3 in 8.2e-05 s
  handle_small_Steiner_degrees: steiner 7, suppress 3 in 0.000137 s
  shortest_edge_between_terminals: 0 edges in 0.00021 s
  handle_small_terminal_degrees: terms 0 in 6.3e-05 s
  handle_small_Steiner_degrees: steiner 0, suppress 2 in 0.000127 s
  shortest_edge_between_terminals: 0 edges in 6.3e-05 s
  handle_small_terminal_degrees: terms 0 in 6.4e-05 s
  handle_small_Steiner_degrees: steiner 0, suppress 2 in 0.000124 s
  shortest_edge_between_terminals: 0 edges in 8.5e-05 s
  handle_small_terminal_degrees: terms 0 in 6.3e-05 s
  handle_small_Steiner_degrees: steiner 0, suppress 0 in 0.000121 s
  shortest_edge_between_terminals: 0 edges in 6e-05 s
Compressed graph 85086 -> 85046
  delete_edges: deleted 8780 edges in 0.049163 s and 3 rounds
  handle_small_terminal_degrees: terms 36 in 0.000118 s
  handle_small_Steiner_degrees: steiner 117, suppress 4945 in 0.003744 s
  shortest_edge_between_terminals: 0 edges in 0.000178 s
  handle_small_terminal_degrees: terms 2 in 6.8e-05 s
  handle_small_Steiner_degrees: steiner 0, suppress 90 in 0.000182 s
  shortest_edge_between_terminals: 0 edges in 7.7e-05 s
  handle_small_terminal_degrees: terms 1 in 6.5e-05 s
  handle_small_Steiner_degrees: steiner 0, suppress 2 in 0.000136 s
  shortest_edge_between_terminals: 0 edges in 6.5e-05 s
  handle_small_terminal_degrees: terms 0 in 6.3e-05 s
  handle_small_Steiner_degrees: steiner 0, suppress 0 in 0.000122 s
  shortest_edge_between_terminals: 0 edges in 6.4e-05 s
Compressed graph 85046 -> 79853
  delete_edges_shortest_path: deleted 12463 edges in 60.2274 s
  handle_small_terminal_degrees: terms 2286 in 0.002359 s
  handle_small_Steiner_degrees: steiner 1868, suppress 10965 in 0.006639 s
  shortest_edge_between_terminals: 10 edges in 0.000311 s
  handle_small_terminal_degrees: terms 547 in 0.000534 s
  handle_small_Steiner_degrees: steiner 6, suppress 233 in 0.000239 s
  shortest_edge_between_terminals: 7 edges in 9.7e-05 s
  handle_small_terminal_degrees: terms 19 in 7.4e-05 s
  handle_small_Steiner_degrees: steiner 2, suppress 18 in 0.000126 s
  shortest_edge_between_terminals: 1 edges in 7.4e-05 s
  handle_small_terminal_degrees: terms 2 in 6.1e-05 s
  handle_small_Steiner_degrees: steiner 0, suppress 5 in 0.000118 s
  shortest_edge_between_terminals: 1 edges in 7.4e-05 s
  handle_small_terminal_degrees: terms 0 in 5.9e-05 s
  handle_small_Steiner_degrees: steiner 0, suppress 1 in 0.000114 s
  shortest_edge_between_terminals: 0 edges in 7.2e-05 s
  handle_small_terminal_degrees: terms 0 in 6e-05 s
  handle_small_Steiner_degrees: steiner 0, suppress 2 in 0.000112 s
  shortest_edge_between_terminals: 0 edges in 7.1e-05 s
  handle_small_terminal_degrees: terms 0 in 5.9e-05 s
  handle_small_Steiner_degrees: steiner 1, suppress 3 in 0.000112 s
  shortest_edge_between_terminals: 0 edges in 7.1e-05 s
  handle_small_terminal_degrees: terms 0 in 6e-05 s
  handle_small_Steiner_degrees: steiner 1, suppress 0 in 0.000109 s
  shortest_edge_between_terminals: 0 edges in 7.1e-05 s
  handle_small_terminal_degrees: terms 0 in 5.9e-05 s
  handle_small_Steiner_degrees: steiner 0, suppress 1 in 0.000109 s
  shortest_edge_between_terminals: 0 edges in 7.1e-05 s
  handle_small_terminal_degrees: terms 0 in 5.9e-05 s
  handle_small_Steiner_degrees: steiner 0, suppress 0 in 0.000109 s
  shortest_edge_between_terminals: 0 edges in 7.2e-05 s
Compressed graph 79853 -> 63879
  handle_small_terminal_degrees: terms 1 in 5.4e-05 s
  handle_small_Steiner_degrees: steiner 1, suppress 57 in 0.000135 s
  shortest_edge_between_terminals: 64 edges in 0.000433 s
  handle_small_terminal_degrees: terms 0 in 4.8e-05 s
  handle_small_Steiner_degrees: steiner 1, suppress 7 in 9.4e-05 s
  shortest_edge_between_terminals: 3 edges in 9.7e-05 s
  handle_small_terminal_degrees: terms 0 in 4.7e-05 s
  handle_small_Steiner_degrees: steiner 0, suppress 1 in 8.9e-05 s
  shortest_edge_between_terminals: 2 edges in 8.3e-05 s
  handle_small_terminal_degrees: terms 0 in 4.7e-05 s
  handle_small_Steiner_degrees: steiner 0, suppress 0 in 8.6e-05 s
  shortest_edge_between_terminals: 0 edges in 7.9e-05 s
Compressed graph 63879 -> 63206
  delete_edges_shortest_path: deleted 2619 edges in 12.16 s
  handle_small_terminal_degrees: terms 138 in 0.000208 s
  handle_small_Steiner_degrees: steiner 67, suppress 4008 in 0.002689 s
  shortest_edge_between_terminals: 12 edges in 0.000353 s
  handle_small_terminal_degrees: terms 8 in 5.4e-05 s
  handle_small_Steiner_degrees: steiner 1, suppress 56 in 0.000108 s
  shortest_edge_between_terminals: 1 edges in 8.2e-05 s
  handle_small_terminal_degrees: terms 0 in 4.7e-05 s
  handle_small_Steiner_degrees: steiner 2, suppress 8 in 8.6e-05 s
  shortest_edge_between_terminals: 0 edges in 7.7e-05 s
  handle_small_terminal_degrees: terms 0 in 4.7e-05 s
  handle_small_Steiner_degrees: steiner 0, suppress 1 in 8.1e-05 s
  shortest_edge_between_terminals: 0 edges in 7.7e-05 s
  handle_small_terminal_degrees: terms 0 in 4.7e-05 s
  handle_small_Steiner_degrees: steiner 0, suppress 0 in 8.1e-05 s
  shortest_edge_between_terminals: 0 edges in 7.7e-05 s
Compressed graph 63206 -> 58906
Compressed graph 58906 -> 58906
>>> save_orig_graph
>> Saved weight 653067127
### ZEL_LVL=9 PRECISE_STARS=0

Calling `contract_till_the_bitter_end`
|V| = 58906, |E| = 88166, |R| = 3866
