Version: final-94-gfffc3aa rub_all.sh: remove longest prefix
Random seed: 1558185372
Start
>>> save_orig_graph
>> Saved weight 0
Graph loaded
|V| = 641, |E| = 4135, |R| = 160
First clearance of the input. Calling buy_zero and run_all_heuristics.
  buy_zero: 0 zero edges in 1e-05 s
  handle_small_terminal_degrees: terms 0 in 2e-06 s
  handle_small_Steiner_degrees: steiner 0, suppress 0 in 2e-06 s
  shortest_edge_between_terminals: 0 edges in 1.4e-05 s
Compressed graph 641 -> 640
  delete_edges: deleted 0 edges in 0.002122 s and 1 rounds
  handle_small_terminal_degrees: terms 0 in 1e-06 s
  handle_small_Steiner_degrees: steiner 0, suppress 0 in 2e-06 s
  shortest_edge_between_terminals: 0 edges in 1.4e-05 s
Compressed graph 640 -> 640
  delete_edges_shortest_path: deleted 0 edges in 0.027818 s
  handle_small_terminal_degrees: terms 0 in 0 s
  handle_small_Steiner_degrees: steiner 0, suppress 0 in 1e-06 s
  shortest_edge_between_terminals: 0 edges in 7e-06 s
Compressed graph 640 -> 640
  handle_small_terminal_degrees: terms 0 in 0 s
  handle_small_Steiner_degrees: steiner 0, suppress 0 in 1e-06 s
  shortest_edge_between_terminals: 0 edges in 6e-06 s
Compressed graph 640 -> 640
  delete_edges_shortest_path: deleted 0 edges in 0.025843 s
  handle_small_terminal_degrees: terms 0 in 1e-06 s
  handle_small_Steiner_degrees: steiner 0, suppress 0 in 1e-06 s
  shortest_edge_between_terminals: 0 edges in 7e-06 s
Compressed graph 640 -> 640
Compressed graph 640 -> 640
>>> save_orig_graph
>> Saved weight 0
### ZEL_LVL=9 PRECISE_STARS=1

Calling `contract_till_the_bitter_end`
|V| = 640, |E| = 4135, |R| = 160
>> 190 (390: 52 86 52) (0.018683 s)
>> 187 (219: 140 153 140) (0.018688 s)
>> 186 (512: 5 24 5) (0.01825 s)
>> 185 (394: 6 36 6) (0.018443 s)
>> 173 (597: 19 99 19) (0.018192 s)
>> 168 (255: 88 118 88) (0.017937 s)
>> 163 (276: 70 81 70) (0.018062 s)
>> 160 (271: 33 58 33) (0.017566 s)
>> 103 (176: 50 117 50) (0.017581 s)
>> 103 (493: 98 100 98) (0.017533 s)
>> 104 (603: 31 75 31) (0.017317 s)
>> 108 (418: 3 87 3) (0.017328 s)
>> 98 (600: 11 37 11) (0.017382 s)
>> 95 (512: 59 61 59) (0.017138 s)
>> 95 (250: 29 105 29) (0.01696 s)
>> 100 (345: 63 110 63) (0.017015 s)
>> 103 (285: 44 55 44) (0.016929 s)
>> 103 (428: 104 138 104) (0.01677 s)
>> 104 (404: 21 22 21) (0.016695 s)
>> 103 (188: 96 145 96) (0.016715 s)
>> 101 (377: 67 116 67) (0.01656 s)
>> 100 (474: 107 147 107) (0.016471 s)
>> 33 (586: 83 129 83) (0.016206 s)
>> 32 (576: 111 124 111) (0.01607 s)
>> 28 (298: 20 78 20) (0.015954 s)
>> 27 (582: 26 120 26) (0.015705 s)
>> 105 (392: 69 74 69) (0.015542 s)
>> 102 (175: 14 16 14) (0.015211 s)
>> 31 (401: 34 90 34) (0.014865 s)
>> 101 (472: 109 148 109) (0.014846 s)
>> 27 (460: 7 80 7) (0.014834 s)
>> 111 (553: 8 15 8) (0.014843 s)
>> 96 (572: 0 66 0) (0.014944 s)
>> 0 (-1: -1 -1 -1) (0.010644 s)
Zelikovsky 0.827585 s
>> 190 (390: 86 153 52) (0.152771 s)
>> 182 (512: 145 24 5) (0.152089 s)
>> 158 (564: 88 92 33) (0.151297 s)
>> 104 (408: 145 80 66) (0.149478 s)
>> 104 (517: 145 79 40) (0.146832 s)
>> 102 (219: 145 158 157) (0.14451 s)
>> 102 (491: 145 81 46) (0.14278 s)
>> 103 (637: 145 135 111) (0.141898 s)
>> 102 (381: 145 117 64) (0.139733 s)
>> 102 (557: 86 159 104) (0.137906 s)
>> 102 (584: 145 107 2) (0.134639 s)
>> 101 (404: 145 139 21) (0.131868 s)
>> 100 (600: 145 63 11) (0.130825 s)
>> 101 (377: 145 116 67) (0.128763 s)
>> 99 (576: 145 99 29) (0.126649 s)
>> 98 (544: 145 155 123) (0.123932 s)
>> 98 (617: 145 114 55) (0.122287 s)
>> 97 (175: 145 16 14) (0.120555 s)
>> 97 (193: 145 84 25) (0.118273 s)
>> 95 (261: 145 38 23) (0.116378 s)
>> 95 (306: 145 118 17) (0.115188 s)
>> 95 (415: 145 73 35) (0.113654 s)
>> 95 (612: 145 97 69) (0.111239 s)
>> 95 (294: 145 57 9) (0.108973 s)
>> 94 (317: 86 54 34) (0.107632 s)
>> 94 (535: 145 87 50) (0.10641 s)
>> 93 (472: 145 137 109) (0.104816 s)
>> 92 (337: 145 151 1) (0.102912 s)
>> 93 (475: 88 145 130) (0.101499 s)
>> 92 (398: 88 132 113) (0.099872 s)
>> 92 (531: 88 143 65) (0.098405 s)
>> 102 (553: 88 8 6) (0.09699 s)
>> 89 (314: 88 125 27) (0.095635 s)
>> 89 (506: 88 78 10) (0.09465 s)
>> 88 (452: 88 120 0) (0.093205 s)
>> 88 (487: 88 128 115) (0.09204 s)
>> 87 (364: 86 88 30) (0.091063 s)
>> 87 (485: 86 150 47) (0.089846 s)
>> 90 (252: 86 110 49) (0.088669 s)
>> 86 (368: 86 126 56) (0.087455 s)
>> 84 (566: 86 121 76) (0.086101 s)
>> 78 (616: 86 138 89) (0.085015 s)
>> 86 (172: 86 106 48) (0.084043 s)
>> 76 (463: 86 44 18) (0.082697 s)
>> 68 (419: 86 68 32) (0.081968 s)
>> 68 (439: 86 103 28) (0.080905 s)
>> 12 (199: 86 72 4) (0.080186 s)
>> 12 (280: 86 141 77) (0.079215 s)
>> 10 (628: 86 85 83) (0.078283 s)
>> 5 (401: 86 90 7) (0.077475 s)
>> 0 (-1: -1 -1 -1) (0.076605 s)
Zelikovsky- 5.61333 s
>>> get_solution
  refine_solution: new weight 36650 (was 36650) in 0.001455 s
>>> get_solution
  refine_solution: new weight 48167 (was 48167) in 0.001633 s
0,,640,4135,160,,0,0,,48167,48167,40488,36650,36650,,0,0,@@

  delete_edges: deleted 0 edges in 0.000938 s and 1 rounds
  handle_small_Steiner_degrees: steiner 0, suppress 0 in 1e-06 s
Starting round 1
Found 0 isolated vertices
Invalid ratios recomputed: 640
Best ratio is 2181/10 (218.1), centered at 317
Finding the best star... Star with 11 terminals centered in 134
round took: 0.05025 s
|V| = 640, |E| = 4111, |R| = 150
>> 190 (390: 52 86 52) (0.016478 s)
>> 172 (228: 102 145 102) (0.016216 s)
>> 158 (564: 33 88 33) (0.016265 s)
>> 116 (324: 78 99 78) (0.015858 s)
>> 109 (394: 6 36 6) (0.015623 s)
>> 103 (219: 134 136 134) (0.015467 s)
>> 188 (418: 3 87 3) (0.01498 s)
>> 185 (305: 5 26 5) (0.015058 s)
>> 183 (602: 81 91 81) (0.015044 s)
>> 173 (300: 49 142 49) (0.0147 s)
>> 163 (620: 56 100 56) (0.014657 s)
>> 173 (484: 75 80 75) (0.014525 s)
>> 110 (440: 28 59 28) (0.014457 s)
>> 183 (417: 37 98 37) (0.014249 s)
>> 106 (552: 47 83 47) (0.014436 s)
>> 107 (472: 109 148 109) (0.014293 s)
>> 181 (320: 101 133 101) (0.014092 s)
>> 167 (560: 51 79 51) (0.013755 s)
>> 179 (323: 38 113 38) (0.013772 s)
>> 104 (415: 35 73 35) (0.013604 s)
>> 106 (175: 14 16 14) (0.01344 s)
>> 172 (369: 11 55 11) (0.01359 s)
>> 101 (571: 4 85 4) (0.013573 s)
>> 101 (485: 61 149 61) (0.01344 s)
>> 101 (234: 115 119 115) (0.013205 s)
>> 101 (251: 130 139 130) (0.013053 s)
>> 101 (177: 67 74 67) (0.012956 s)
>> 108 (375: 69 97 69) (0.012611 s)
>> 105 (172: 48 106 48) (0.012447 s)
>> 103 (348: 0 45 0) (0.012228 s)
>> 0 (-1: -1 -1 -1) (0.009098 s)
Zelikovsky 0.663641 s
>> 190 (390: 86 153 52) (0.139303 s)
>> 158 (564: 88 92 33) (0.138087 s)
>> 116 (324: 134 99 78) (0.136529 s)
>> 109 (191: 36 134 117) (0.135262 s)
>> 102 (305: 36 56 5) (0.132496 s)
>> 101 (366: 36 77 1) (0.130282 s)
>> 101 (541: 36 103 16) (0.128216 s)
>> 101 (547: 88 116 73) (0.126546 s)
>> 100 (501: 36 29 0) (0.12465 s)
>> 100 (582: 36 151 120) (0.123304 s)
>> 99 (401: 36 18 7) (0.120622 s)
>> 98 (466: 88 150 123) (0.118695 s)
>> 97 (546: 36 74 68) (0.116964 s)
>> 97 (179: 36 129 82) (0.11469 s)
>> 96 (238: 36 127 114) (0.1132 s)
>> 105 (553: 36 8 6) (0.111646 s)
>> 96 (367: 36 64 11) (0.110535 s)
>> 96 (347: 36 89 27) (0.109403 s)
>> 96 (534: 36 143 69) (0.108085 s)
>> 95 (202: 36 137 124) (0.106426 s)
>> 97 (177: 36 154 67) (0.104827 s)
>> 95 (204: 88 79 36) (0.103577 s)
>> 95 (298: 88 94 20) (0.102501 s)
>> 94 (282: 88 157 95) (0.100571 s)
>> 94 (311: 88 75 38) (0.098714 s)
>> 94 (349: 88 81 47) (0.096835 s)
>> 93 (203: 88 128 57) (0.095511 s)
>> 93 (364: 86 70 30) (0.094087 s)
>> 93 (428: 88 147 138) (0.092463 s)
>> 93 (606: 88 43 12) (0.090904 s)
>> 92 (234: 88 119 106) (0.08941 s)
>> 92 (544: 88 139 101) (0.08805 s)
>> 101 (415: 88 149 35) (0.086879 s)
>> 95 (628: 88 83 10) (0.086028 s)
>> 92 (579: 88 133 60) (0.08469 s)
>> 91 (418: 88 87 3) (0.083525 s)
>> 90 (584: 88 135 2) (0.082398 s)
>> 89 (566: 88 142 121) (0.081224 s)
>> 88 (257: 88 51 50) (0.080307 s)
>> 88 (476: 86 97 19) (0.078988 s)
>> 88 (510: 88 152 109) (0.078141 s)
>> 85 (283: 86 113 46) (0.077146 s)
>> 81 (197: 88 136 108) (0.076352 s)
>> 79 (189: 88 98 66) (0.075387 s)
>> 79 (272: 88 65 49) (0.074575 s)
>> 52 (377: 86 40 37) (0.073753 s)
>> 64 (609: 86 146 17) (0.072798 s)
>> 2 (233: 88 21 4) (0.072217 s)
>> 2 (354: 88 126 91) (0.071638 s)
>> 1 (211: 88 145 130) (0.071108 s)
>> 0 (-1: -1 -1 -1) (0.070439 s)
Zelikovsky- 5.08719 s
>>> get_solution
  refine_solution: new weight 36716 (was 36743) in 0.001431 s
  refine_solution: new weight 36716 (was 36716) in 0.001426 s
>>> get_solution
  refine_solution: new weight 43994 (was 46356) in 0.001542 s
  refine_solution: new weight 40299 (was 43994) in 0.001388 s
  refine_solution: new weight 39487 (was 40299) in 0.001393 s
  refine_solution: new weight 39475 (was 39487) in 0.001393 s
  refine_solution: new weight 39475 (was 39475) in 0.001383 s
1,,640,4111,150,,640,0,,46356,39475,40299,36743,36716,,2181,11,@@

  handle_small_Steiner_degrees: steiner 0, suppress 0 in 1e-06 s
Starting round 2
Found 11 isolated vertices
Invalid ratios recomputed: 629
Best ratio is 1684/8 (210.5), centered at 19
Finding the best star... Star with 9 terminals centered in 134
round took: 0.052748 s
|V| = 640, |E| = 4064, |R| = 142
>> 116 (324: 78 99 78) (0.014156 s)
>> 106 (624: 88 108 88) (0.014034 s)
>> 106 (390: 86 134 86) (0.013893 s)
>> 188 (418: 3 87 3) (0.013686 s)
>> 186 (512: 5 24 5) (0.013434 s)
>> 179 (406: 33 38 33) (0.013477 s)
>> 177 (228: 102 145 102) (0.013176 s)
>> 170 (300: 49 142 49) (0.013253 s)
>> 110 (440: 28 59 28) (0.013117 s)
>> 185 (394: 6 36 6) (0.013272 s)
>> 183 (417: 37 98 37) (0.013198 s)
>> 182 (408: 80 100 80) (0.013134 s)
>> 178 (612: 69 75 69) (0.013067 s)
>> 184 (175: 14 16 14) (0.012813 s)
>> 108 (576: 111 124 111) (0.012952 s)
>> 106 (472: 109 148 109) (0.012709 s)
>> 181 (320: 101 133 101) (0.012489 s)
>> 167 (560: 79 118 79) (0.012349 s)
>> 108 (415: 35 73 35) (0.012078 s)
>> 103 (373: 56 68 56) (0.012073 s)
>> 102 (285: 44 55 44) (0.011946 s)
>> 101 (485: 61 149 61) (0.01186 s)
>> 101 (177: 67 74 67) (0.01173 s)
>> 102 (348: 0 45 0) (0.011532 s)
>> 0 (-1: -1 -1 -1) (0.007999 s)
Zelikovsky 0.520014 s
>> 116 (324: 134 99 78) (0.127605 s)
>> 106 (390: 134 153 86) (0.12595 s)
>> 103 (624: 88 111 108) (0.125399 s)
>> 102 (302: 134 100 28) (0.122858 s)
>> 102 (195: 134 77 55) (0.121376 s)
>> 100 (289: 134 145 26) (0.118937 s)
>> 99 (236: 134 137 27) (0.117812 s)
>> 99 (294: 134 57 53) (0.116411 s)
>> 99 (404: 88 36 21) (0.11464 s)
>> 99 (516: 134 48 40) (0.111884 s)
>> 99 (553: 88 15 8) (0.110043 s)
>> 98 (320: 88 149 101) (0.10864 s)
>> 97 (179: 134 125 82) (0.106705 s)
>> 97 (483: 134 87 47) (0.105427 s)
>> 97 (546: 134 156 68) (0.103571 s)
>> 97 (305: 134 56 5) (0.102201 s)
>> 96 (238: 134 127 114) (0.100837 s)
>> 101 (252: 134 116 49) (0.100023 s)
>> 96 (271: 134 58 20) (0.098932 s)
>> 96 (367: 134 64 11) (0.097174 s)
>> 96 (460: 134 80 7) (0.096005 s)
>> 96 (594: 88 151 69) (0.094656 s)
>> 95 (501: 134 39 29) (0.09382 s)
>> 94 (298: 88 96 94) (0.092318 s)
>> 94 (311: 134 75 38) (0.09071 s)
>> 93 (364: 134 70 30) (0.089308 s)
>> 93 (429: 134 130 37) (0.08721 s)
>> 93 (571: 134 118 85) (0.086069 s)
>> 93 (584: 134 79 2) (0.084939 s)
>> 92 (164: 134 113 1) (0.083866 s)
>> 91 (566: 134 42 23) (0.082699 s)
>> 95 (586: 134 152 25) (0.081584 s)
>> 91 (616: 134 109 89) (0.080629 s)
>> 90 (558: 134 65 41) (0.079388 s)
>> 90 (625: 134 132 18) (0.07812 s)
>> 89 (628: 134 63 10) (0.077154 s)
>> 94 (415: 134 73 35) (0.076422 s)
>> 88 (189: 88 98 66) (0.07545 s)
>> 87 (257: 134 144 50) (0.074534 s)
>> 86 (514: 88 150 123) (0.073984 s)
>> 85 (505: 134 126 43) (0.073119 s)
>> 83 (234: 88 115 106) (0.072384 s)
>> 78 (495: 134 147 97) (0.07126 s)
>> 89 (177: 134 154 67) (0.070724 s)
>> 72 (412: 134 17 14) (0.070202 s)
>> 67 (579: 134 120 60) (0.069323 s)
>> 5 (541: 134 103 16) (0.068457 s)
>> 0 (-1: -1 -1 -1) (0.067914 s)
Zelikovsky- 4.48552 s
>>> get_solution
  refine_solution: new weight 36527 (was 36579) in 0.001448 s
  refine_solution: new weight 36527 (was 36527) in 0.001434 s
>>> get_solution
  refine_solution: new weight 43701 (was 45536) in 0.001434 s
  refine_solution: new weight 41763 (was 43701) in 0.001434 s
  refine_solution: new weight 40494 (was 41763) in 0.001416 s
  refine_solution: new weight 39956 (was 40494) in 0.001402 s
  refine_solution: new weight 39637 (was 39956) in 0.001407 s
  refine_solution: new weight 39637 (was 39637) in 0.001391 s
2,,629,4064,142,,629,0,,45536,39637,39663,36579,36527,,1684,9,@@

  handle_small_Steiner_degrees: steiner 0, suppress 0 in 1e-06 s
Starting round 3
Found 20 isolated vertices
Invalid ratios recomputed: 620
Best ratio is 1304/6 (217.3), centered at 86
Finding the best star... Star with 7 terminals centered in 134
round took: 0.055848 s
|V| = 640, |E| = 4029, |R| = 136
>> 116 (324: 78 99 78) (0.013088 s)
>> 106 (624: 88 108 88) (0.012976 s)
>> 100 (174: 28 33 28) (0.012765 s)
>> 184 (417: 37 134 37) (0.012634 s)
>> 186 (512: 5 24 5) (0.012206 s)
>> 178 (394: 6 36 6) (0.0123 s)
>> 178 (494: 3 7 3) (0.012106 s)
>> 171 (231: 38 100 38) (0.011969 s)
>> 178 (612: 69 75 69) (0.011612 s)
>> 178 (175: 14 16 14) (0.011494 s)
>> 108 (252: 49 110 49) (0.011643 s)
>> 179 (285: 44 55 44) (0.011743 s)
>> 173 (474: 56 92 56) (0.011557 s)
>> 108 (576: 111 124 111) (0.011437 s)
>> 106 (163: 45 74 45) (0.011324 s)
>> 104 (176: 50 117 50) (0.011203 s)
>> 103 (503: 90 109 90) (0.011213 s)
>> 182 (320: 101 133 101) (0.011042 s)
>> 167 (560: 79 118 79) (0.011004 s)
>> 108 (415: 35 73 35) (0.010657 s)
>> 103 (408: 66 80 66) (0.010721 s)
>> 167 (548: 77 102 77) (0.010711 s)
>> 101 (485: 61 149 61) (0.010601 s)
>> 99 (474: 107 147 107) (0.010564 s)
>> 97 (348: 0 64 0) (0.01025 s)
>> 0 (-1: -1 -1 -1) (0.007236 s)
Zelikovsky 0.482894 s
>> 116 (324: 134 99 78) (0.120524 s)
>> 103 (624: 88 111 108) (0.119028 s)
>> 102 (302: 134 100 28) (0.117254 s)
>> 102 (195: 134 77 55) (0.115267 s)
>> 100 (289: 134 145 26) (0.112771 s)
>> 99 (236: 134 137 27) (0.111811 s)
>> 99 (294: 134 57 53) (0.109383 s)
>> 99 (404: 88 36 21) (0.107353 s)
>> 99 (516: 134 48 40) (0.106239 s)
>> 99 (553: 88 15 8) (0.104642 s)
>> 98 (320: 88 149 101) (0.104203 s)
>> 97 (179: 134 125 82) (0.1024 s)
>> 97 (483: 134 87 47) (0.100985 s)
>> 97 (546: 134 156 68) (0.099325 s)
>> 97 (305: 134 56 5) (0.097805 s)
>> 96 (238: 134 127 114) (0.09626 s)
>> 101 (252: 134 116 49) (0.09508 s)
>> 96 (271: 134 58 20) (0.093834 s)
>> 96 (367: 134 64 11) (0.09263 s)
>> 96 (460: 134 80 7) (0.091292 s)
>> 96 (594: 88 151 69) (0.089839 s)
>> 95 (501: 134 39 29) (0.088863 s)
>> 94 (298: 88 96 94) (0.087764 s)
>> 94 (311: 134 75 38) (0.086834 s)
>> 93 (364: 134 70 30) (0.085658 s)
>> 93 (429: 134 130 37) (0.083575 s)
>> 93 (571: 134 118 85) (0.082382 s)
>> 93 (584: 134 79 2) (0.081523 s)
>> 92 (164: 134 113 1) (0.080426 s)
>> 91 (566: 134 42 23) (0.079397 s)
>> 95 (586: 134 152 25) (0.078373 s)
>> 91 (616: 134 109 89) (0.077447 s)
>> 90 (558: 134 65 41) (0.076329 s)
>> 90 (625: 134 132 18) (0.075176 s)
>> 89 (628: 134 63 10) (0.074153 s)
>> 94 (415: 134 73 35) (0.073466 s)
>> 88 (189: 88 98 66) (0.072424 s)
>> 87 (257: 134 144 50) (0.071532 s)
>> 86 (514: 88 150 123) (0.070857 s)
>> 85 (505: 134 126 43) (0.069979 s)
>> 83 (234: 88 115 106) (0.069263 s)
>> 78 (495: 134 147 97) (0.068668 s)
>> 89 (177: 134 154 67) (0.068075 s)
>> 72 (412: 134 17 14) (0.067562 s)
>> 67 (579: 134 120 60) (0.066773 s)
>> 5 (541: 134 103 16) (0.066102 s)
>> 0 (-1: -1 -1 -1) (0.065614 s)
Zelikovsky- 4.16279 s
>>> get_solution
  refine_solution: new weight 36527 (was 36583) in 0.001457 s
  refine_solution: new weight 36527 (was 36527) in 0.001434 s
>>> get_solution
  refine_solution: new weight 42622 (was 44911) in 0.001361 s
  refine_solution: new weight 40880 (was 42622) in 0.001364 s
  refine_solution: new weight 40007 (was 40880) in 0.001416 s
  refine_solution: new weight 39905 (was 40007) in 0.001442 s
  refine_solution: new weight 39905 (was 39905) in 0.001433 s
3,,620,4029,136,,620,0,,44911,39905,39433,36583,36527,,1304,7,@@

  handle_small_Steiner_degrees: steiner 0, suppress 0 in 1e-06 s
Starting round 4
Found 27 isolated vertices
Invalid ratios recomputed: 613
Best ratio is 2171/10 (217.1), centered at 617
Finding the best star... Star with 11 terminals centered in 134
round took: 0.056386 s
|V| = 640, |E| = 3944, |R| = 126
>> 104 (324: 78 99 78) (0.010728 s)
>> 102 (624: 88 108 88) (0.010782 s)
>> 102 (175: 14 16 14) (0.010496 s)
>> 101 (600: 11 63 11) (0.010293 s)
>> 100 (174: 28 33 28) (0.01014 s)
>> 100 (182: 21 36 21) (0.010151 s)
>> 98 (609: 58 134 58) (0.010134 s)
>> 186 (460: 7 12 7) (0.009987 s)
>> 185 (294: 3 53 3) (0.009962 s)
>> 185 (415: 35 73 35) (0.009665 s)
>> 181 (295: 5 38 5) (0.009833 s)
>> 181 (442: 43 92 43) (0.009681 s)
>> 180 (375: 57 69 57) (0.009598 s)
>> 180 (417: 37 44 37) (0.009458 s)
>> 173 (474: 56 147 56) (0.009348 s)
>> 163 (484: 75 80 75) (0.009404 s)
>> 188 (553: 6 15 6) (0.009308 s)
>> 108 (576: 111 124 111) (0.00924 s)
>> 107 (348: 0 45 0) (0.009066 s)
>> 0 (-1: -1 -1 -1) (0.006006 s)
Zelikovsky 0.354759 s
>> 104 (324: 134 99 78) (0.108277 s)
>> 102 (175: 134 149 16) (0.106353 s)
>> 102 (544: 134 123 101) (0.104203 s)
>> 102 (624: 88 111 108) (0.103079 s)
>> 101 (485: 88 150 61) (0.100512 s)
>> 100 (252: 88 116 49) (0.099571 s)
>> 99 (594: 134 69 0) (0.098002 s)
>> 98 (553: 88 15 6) (0.097038 s)
>> 97 (347: 134 48 27) (0.09537 s)
>> 99 (253: 134 95 77) (0.09441 s)
>> 98 (163: 134 90 74) (0.092423 s)
>> 97 (517: 134 79 40) (0.091483 s)
>> 97 (512: 134 145 5) (0.090605 s)
>> 96 (612: 134 97 75) (0.089496 s)
>> 97 (294: 134 53 9) (0.088004 s)
>> 95 (298: 134 96 94) (0.087232 s)
>> 94 (189: 134 66 56) (0.085936 s)
>> 94 (339: 88 25 12) (0.084725 s)
>> 94 (428: 134 147 138) (0.082605 s)
>> 93 (415: 134 73 35) (0.081473 s)
>> 92 (319: 88 154 30) (0.080287 s)
>> 92 (398: 88 132 113) (0.079396 s)
>> 92 (560: 134 157 118) (0.078278 s)
>> 92 (403: 134 115 85) (0.076876 s)
>> 92 (628: 134 63 10) (0.075626 s)
>> 91 (199: 134 72 4) (0.075109 s)
>> 94 (501: 134 39 29) (0.07424 s)
>> 90 (354: 134 120 91) (0.072954 s)
>> 97 (503: 134 130 109) (0.072362 s)
>> 95 (176: 134 117 50) (0.071697 s)
>> 90 (584: 134 135 2) (0.070325 s)
>> 93 (546: 134 156 68) (0.069601 s)
>> 90 (295: 134 103 38) (0.068921 s)
>> 89 (576: 88 144 124) (0.068171 s)
>> 88 (162: 134 76 7) (0.067311 s)
>> 88 (368: 88 87 64) (0.066678 s)
>> 87 (431: 134 125 28) (0.066016 s)
>> 84 (566: 134 42 23) (0.065503 s)
>> 81 (412: 134 44 17) (0.064908 s)
>> 79 (328: 88 32 11) (0.063896 s)
>> 77 (282: 134 143 62) (0.063241 s)
>> 50 (491: 134 129 92) (0.062674 s)
>> 5 (203: 134 128 57) (0.062164 s)
>> 4 (558: 134 65 41) (0.06166 s)
>> 1 (630: 134 106 3) (0.061102 s)
>> 0 (-1: -1 -1 -1) (0.060616 s)
Zelikovsky- 3.68679 s
>>> get_solution
  refine_solution: new weight 36572 (was 36645) in 0.001452 s
  refine_solution: new weight 36572 (was 36572) in 0.001443 s
>>> get_solution
  refine_solution: new weight 41355 (was 43723) in 0.001426 s
  refine_solution: new weight 40038 (was 41355) in 0.001466 s
  refine_solution: new weight 39515 (was 40038) in 0.001433 s
  refine_solution: new weight 39313 (was 39515) in 0.001434 s
  refine_solution: new weight 39313 (was 39313) in 0.001433 s
4,,613,3944,126,,613,0,,43723,39313,39179,36645,36572,,2171,11,@@

  handle_small_Steiner_degrees: steiner 0, suppress 0 in 2e-06 s
Starting round 5
Found 39 isolated vertices
Invalid ratios recomputed: 601
Best ratio is 2193/10 (219.3), centered at 271
Finding the best star... Star with 11 terminals centered in 134
round took: 0.056579 s
|V| = 640, |E| = 3840, |R| = 116
>> 101 (600: 11 63 11) (0.008322 s)
>> 97 (517: 40 79 40) (0.008232 s)
>> 97 (462: 80 118 80) (0.008138 s)
>> 97 (175: 14 134 14) (0.00779 s)
>> 185 (624: 88 108 88) (0.008242 s)
>> 184 (576: 99 111 99) (0.008115 s)
>> 183 (403: 3 53 3) (0.008091 s)
>> 190 (503: 90 109 90) (0.008015 s)
>> 181 (295: 5 38 5) (0.007798 s)
>> 179 (442: 43 92 43) (0.007738 s)
>> 176 (377: 37 116 37) (0.007641 s)
>> 174 (548: 77 102 77) (0.007549 s)
>> 173 (474: 56 147 56) (0.007391 s)
>> 178 (599: 29 49 29) (0.007366 s)
>> 172 (375: 57 69 57) (0.007308 s)
>> 105 (415: 35 73 35) (0.007253 s)
>> 102 (176: 50 117 50) (0.007165 s)
>> 107 (177: 74 136 74) (0.007108 s)
>> 104 (348: 0 64 0) (0.007075 s)
>> 0 (-1: -1 -1 -1) (0.005075 s)
Zelikovsky 0.290444 s
>> 101 (600: 134 63 11) (0.097007 s)
>> 103 (544: 134 123 101) (0.094979 s)
>> 102 (415: 134 149 35) (0.092468 s)
>> 97 (512: 134 145 5) (0.091675 s)
>> 98 (612: 134 75 69) (0.090879 s)
>> 97 (517: 134 79 40) (0.089462 s)
>> 96 (161: 134 147 29) (0.088063 s)
>> 100 (398: 134 132 99) (0.086749 s)
>> 98 (624: 134 108 88) (0.085145 s)
>> 98 (553: 134 8 6) (0.083726 s)
>> 96 (462: 134 118 96) (0.082732 s)
>> 100 (240: 134 138 129) (0.081859 s)
>> 95 (261: 134 38 23) (0.080308 s)
>> 95 (294: 134 57 9) (0.079284 s)
>> 95 (298: 134 94 78) (0.078047 s)
>> 94 (219: 134 157 136) (0.077165 s)
>> 94 (468: 134 121 39) (0.075945 s)
>> 93 (620: 134 156 144) (0.074908 s)
>> 93 (621: 134 90 87) (0.073501 s)
>> 92 (337: 134 151 1) (0.072514 s)
>> 91 (347: 134 89 27) (0.071438 s)
>> 91 (584: 134 107 2) (0.070629 s)
>> 93 (546: 134 74 68) (0.069554 s)
>> 91 (381: 134 117 64) (0.068755 s)
>> 90 (162: 134 76 7) (0.068157 s)
>> 90 (478: 134 116 72) (0.067141 s)
>> 90 (576: 134 124 91) (0.066475 s)
>> 90 (628: 134 85 10) (0.065463 s)
>> 87 (572: 134 66 0) (0.0647 s)
>> 85 (534: 134 143 130) (0.06397 s)
>> 84 (562: 134 42 25) (0.063269 s)
>> 91 (234: 134 119 115) (0.062675 s)
>> 83 (301: 134 150 103) (0.062126 s)
>> 82 (314: 134 133 125) (0.061331 s)
>> 82 (319: 134 154 30) (0.060707 s)
>> 78 (412: 134 44 17) (0.060087 s)
>> 10 (440: 134 59 28) (0.059643 s)
>> 9 (253: 134 95 77) (0.059192 s)
>> 4 (362: 134 137 65) (0.058757 s)
>> 77 (442: 134 92 43) (0.058388 s)
>> 1 (379: 134 32 3) (0.058238 s)
>> 1 (497: 134 62 4) (0.057817 s)
>> 0 (-1: -1 -1 -1) (0.057465 s)
Zelikovsky- 3.13829 s
>>> get_solution
  refine_solution: new weight 36806 (was 36873) in 0.001455 s
  refine_solution: new weight 36806 (was 36806) in 0.001432 s
>>> get_solution
  refine_solution: new weight 41820 (was 42570) in 0.001379 s
  refine_solution: new weight 41511 (was 41820) in 0.001401 s
  refine_solution: new weight 41068 (was 41511) in 0.001338 s
  refine_solution: new weight 40777 (was 41068) in 0.001383 s
  refine_solution: new weight 40751 (was 40777) in 0.001364 s
  refine_solution: new weight 40751 (was 40751) in 0.001356 s
5,,601,3840,116,,601,0,,42570,40751,39153,36873,36806,,2193,11,@@

  handle_small_Steiner_degrees: steiner 0, suppress 0 in 1e-06 s
Starting round 6
Found 51 isolated vertices
Invalid ratios recomputed: 589
Best ratio is 1779/8 (222.4), centered at 566
Finding the best star... Star with 9 terminals centered in 134
round took: 0.057644 s
|V| = 640, |E| = 3753, |R| = 108
>> 100 (586: 129 134 129) (0.006884 s)
>> 186 (503: 90 109 90) (0.007193 s)
>> 185 (624: 88 108 88) (0.007035 s)
>> 183 (576: 99 111 99) (0.006783 s)
>> 181 (571: 5 85 5) (0.006739 s)
>> 180 (474: 56 92 56) (0.006659 s)
>> 176 (304: 7 37 7) (0.00653 s)
>> 176 (369: 11 69 11) (0.006501 s)
>> 175 (599: 49 77 49) (0.006402 s)
>> 172 (379: 3 32 3) (0.006284 s)
>> 180 (311: 38 61 38) (0.0062 s)
>> 171 (474: 74 147 74) (0.006168 s)
>> 170 (203: 57 118 57) (0.006087 s)
>> 181 (442: 43 72 43) (0.006051 s)
>> 105 (553: 6 8 6) (0.006042 s)
>> 104 (176: 50 117 50) (0.005977 s)
>> 108 (408: 66 80 66) (0.005962 s)
>> 104 (348: 0 64 0) (0.005879 s)
>> 0 (-1: -1 -1 -1) (0.00423 s)
Zelikovsky 0.24258 s
>> 100 (586: 134 152 129) (0.087791 s)
>> 97 (175: 134 149 14) (0.086528 s)
>> 100 (202: 134 137 124) (0.085536 s)
>> 100 (544: 134 155 101) (0.084309 s)
>> 99 (594: 134 69 0) (0.083038 s)
>> 96 (462: 134 118 96) (0.081656 s)
>> 98 (240: 134 138 109) (0.080605 s)
>> 96 (614: 134 75 65) (0.078795 s)
>> 95 (367: 134 64 11) (0.077699 s)
>> 101 (460: 134 157 7) (0.076505 s)
>> 94 (189: 134 66 56) (0.075706 s)
>> 95 (233: 134 70 4) (0.074289 s)
>> 94 (366: 134 77 1) (0.073498 s)
>> 94 (534: 134 143 130) (0.072417 s)
>> 94 (571: 134 85 5) (0.07134 s)
>> 95 (418: 134 87 3) (0.070429 s)
>> 93 (203: 134 128 57) (0.069403 s)
>> 93 (415: 134 73 35) (0.068595 s)
>> 93 (620: 134 156 144) (0.067583 s)
>> 92 (234: 134 119 106) (0.066602 s)
>> 92 (323: 134 154 113) (0.06548 s)
>> 91 (185: 134 61 48) (0.064563 s)
>> 94 (637: 134 135 111) (0.063769 s)
>> 89 (314: 134 125 27) (0.062977 s)
>> 91 (553: 134 8 6) (0.062479 s)
>> 99 (624: 134 108 88) (0.06186 s)
>> 89 (466: 134 150 72) (0.061281 s)
>> 89 (628: 134 63 10) (0.060546 s)
>> 87 (161: 134 147 29) (0.060179 s)
>> 86 (246: 134 97 37) (0.05959 s)
>> 88 (401: 134 132 18) (0.059096 s)
>> 84 (412: 134 44 17) (0.058351 s)
>> 82 (373: 134 146 68) (0.05778 s)
>> 81 (282: 134 95 62) (0.057329 s)
>> 19 (298: 134 94 78) (0.056801 s)
>> 16 (176: 134 145 50) (0.056331 s)
>> 80 (354: 134 120 91) (0.056087 s)
>> 15 (252: 134 116 49) (0.055746 s)
>> 13 (584: 134 59 2) (0.055343 s)
>> 2 (439: 134 103 28) (0.054945 s)
>> 0 (-1: -1 -1 -1) (0.054611 s)
Zelikovsky- 2.78299 s
>>> get_solution
  refine_solution: new weight 36873 (was 37065) in 0.00144 s
  refine_solution: new weight 36873 (was 36873) in 0.001415 s
>>> get_solution
  refine_solution: new weight 40200 (was 41310) in 0.001385 s
  refine_solution: new weight 39649 (was 40200) in 0.001393 s
  refine_solution: new weight 39631 (was 39649) in 0.001394 s
  refine_solution: new weight 39631 (was 39631) in 0.001397 s
6,,589,3753,108,,589,0,,41310,39631,38704,37065,36873,,1779,9,@@

  handle_small_Steiner_degrees: steiner 0, suppress 0 in 2e-06 s
Starting round 7
Found 61 isolated vertices
Invalid ratios recomputed: 579
Best ratio is 1950/9 (216.7), centered at 546
Finding the best star... Star with 10 terminals centered in 134
round took: 0.054116 s
|V| = 640, |E| = 3641, |R| = 99
>> 102 (431: 28 125 28) (0.005603 s)
>> 100 (586: 129 134 129) (0.005466 s)
>> 190 (408: 66 80 66) (0.005819 s)
>> 192 (553: 8 15 8) (0.005859 s)
>> 189 (176: 50 117 50) (0.00577 s)
>> 186 (503: 90 109 90) (0.005768 s)
>> 189 (612: 69 75 69) (0.005626 s)
>> 186 (474: 56 92 56) (0.005569 s)
>> 185 (624: 88 108 88) (0.005487 s)
>> 184 (417: 37 44 37) (0.005392 s)
>> 184 (320: 101 133 101) (0.005323 s)
>> 183 (576: 99 111 99) (0.005206 s)
>> 181 (571: 5 85 5) (0.005104 s)
>> 174 (379: 3 32 3) (0.004988 s)
>> 179 (466: 14 123 14) (0.004962 s)
>> 170 (599: 49 77 49) (0.004914 s)
>> 108 (460: 7 40 7) (0.004837 s)
>> 104 (348: 0 64 0) (0.004786 s)
>> 0 (-1: -1 -1 -1) (0.003542 s)
Zelikovsky 0.207147 s
>> 102 (431: 134 125 28) (0.078925 s)
>> 100 (586: 134 152 129) (0.077091 s)
>> 99 (599: 134 77 49) (0.076192 s)
>> 98 (179: 134 90 82) (0.075104 s)
>> 96 (582: 134 151 120) (0.074276 s)
>> 95 (211: 134 145 130) (0.073454 s)
>> 95 (367: 134 64 11) (0.07234 s)
>> 101 (460: 134 157 7) (0.071037 s)
>> 95 (202: 134 137 124) (0.070063 s)
>> 94 (305: 134 72 5) (0.068844 s)
>> 94 (571: 134 118 85) (0.067792 s)
>> 95 (418: 134 87 3) (0.066846 s)
>> 98 (542: 134 101 1) (0.065969 s)
>> 96 (472: 134 155 109) (0.065205 s)
>> 93 (203: 134 128 57) (0.064263 s)
>> 93 (323: 134 154 113) (0.063298 s)
>> 93 (364: 134 70 30) (0.062479 s)
>> 100 (374: 134 116 8) (0.061613 s)
>> 94 (616: 134 117 89) (0.06078 s)
>> 93 (518: 134 73 37) (0.059986 s)
>> 96 (624: 134 111 88) (0.059143 s)
>> 92 (295: 134 103 35) (0.058499 s)
>> 91 (175: 134 149 14) (0.057736 s)
>> 91 (282: 134 143 95) (0.057183 s)
>> 91 (324: 134 99 78) (0.05672 s)
>> 90 (347: 134 48 27) (0.056062 s)
>> 90 (553: 134 15 6) (0.055281 s)
>> 90 (610: 134 123 115) (0.054834 s)
>> 88 (311: 134 75 32) (0.054264 s)
>> 87 (408: 134 119 66) (0.053977 s)
>> 86 (404: 134 139 91) (0.053185 s)
>> 81 (378: 134 132 65) (0.052823 s)
>> 79 (210: 134 96 18) (0.052327 s)
>> 79 (628: 134 63 10) (0.052068 s)
>> 76 (485: 134 150 43) (0.051777 s)
>> 62 (609: 134 146 17) (0.051433 s)
>> 85 (375: 134 106 97) (0.051133 s)
>> 13 (501: 134 29 0) (0.050888 s)
>> 9 (257: 134 144 50) (0.050805 s)
>> 8 (285: 134 147 44) (0.05063 s)
>> 0 (-1: -1 -1 -1) (0.050419 s)
Zelikovsky- 2.51214 s
>>> get_solution
  refine_solution: new weight 36594 (was 36835) in 0.001451 s
  refine_solution: new weight 36594 (was 36594) in 0.001447 s
>>> get_solution
  refine_solution: new weight 39703 (was 40578) in 0.001355 s
  refine_solution: new weight 39585 (was 39703) in 0.001341 s
  refine_solution: new weight 39585 (was 39585) in 0.001328 s
7,,579,3641,99,,579,0,,40578,39585,38672,36835,36594,,1950,10,@@

  handle_small_Steiner_degrees: steiner 0, suppress 0 in 2e-06 s
Starting round 8
Found 72 isolated vertices
Invalid ratios recomputed: 568
Best ratio is 874/4 (218.5), centered at 129
Finding the best star... Star with 5 terminals centered in 134
round took: 0.053486 s
|V| = 640, |E| = 3588, |R| = 95
>> 101 (431: 28 125 28) (0.004998 s)
>> 98 (179: 82 90 82) (0.004922 s)
>> 107 (282: 134 143 134) (0.004856 s)
>> 190 (408: 66 80 66) (0.005263 s)
>> 192 (553: 8 15 8) (0.005304 s)
>> 189 (176: 50 117 50) (0.005242 s)
>> 187 (348: 0 64 0) (0.00519 s)
>> 0 (-1: -1 -1 -1) (0.00335 s)
Zelikovsky 0.138503 s
>> 101 (431: 134 125 28) (0.075169 s)
>> 99 (599: 134 77 49) (0.073339 s)
>> 98 (179: 134 90 82) (0.072483 s)
>> 96 (582: 134 151 120) (0.071642 s)
>> 95 (211: 134 145 130) (0.0709 s)
>> 95 (367: 134 64 11) (0.069626 s)
>> 101 (460: 134 157 7) (0.068493 s)
>> 95 (202: 134 137 124) (0.06733 s)
>> 94 (305: 134 72 5) (0.06629 s)
>> 94 (571: 134 118 85) (0.065383 s)
>> 95 (418: 134 87 3) (0.064201 s)
>> 98 (542: 134 101 1) (0.06337 s)
>> 96 (472: 134 155 109) (0.062545 s)
>> 93 (203: 134 128 57) (0.06164 s)
>> 93 (323: 134 154 113) (0.060935 s)
>> 93 (364: 134 70 30) (0.060062 s)
>> 100 (374: 134 116 8) (0.059703 s)
>> 94 (616: 134 117 89) (0.05885 s)
>> 93 (518: 134 73 37) (0.057799 s)
>> 96 (624: 134 111 88) (0.057061 s)
>> 92 (295: 134 103 35) (0.056499 s)
>> 91 (175: 134 149 14) (0.05583 s)
>> 91 (282: 134 143 95) (0.055255 s)
>> 91 (324: 134 99 78) (0.054733 s)
>> 90 (347: 134 48 27) (0.054201 s)
>> 90 (553: 134 15 6) (0.053615 s)
>> 90 (610: 134 123 115) (0.053189 s)
>> 88 (311: 134 75 32) (0.05257 s)
>> 87 (408: 134 119 66) (0.051959 s)
>> 86 (404: 134 139 91) (0.0515 s)
>> 81 (378: 134 132 65) (0.051173 s)
>> 79 (210: 134 96 18) (0.050886 s)
>> 79 (628: 134 63 10) (0.050521 s)
>> 76 (485: 134 150 43) (0.050241 s)
>> 62 (609: 134 146 17) (0.04998 s)
>> 85 (375: 134 106 97) (0.049804 s)
>> 13 (501: 134 29 0) (0.049526 s)
>> 9 (257: 134 144 50) (0.049401 s)
>> 8 (285: 134 147 44) (0.049232 s)
>> 0 (-1: -1 -1 -1) (0.049067 s)
Zelikovsky- 2.35118 s
>>> get_solution
  refine_solution: new weight 36594 (was 36839) in 0.001451 s
  refine_solution: new weight 36594 (was 36594) in 0.001442 s
>>> get_solution
  refine_solution: new weight 39703 (was 40481) in 0.001353 s
  refine_solution: new weight 39585 (was 39703) in 0.001349 s
  refine_solution: new weight 39585 (was 39585) in 0.00133 s
8,,568,3588,95,,568,0,,40481,39585,39137,36839,36594,,874,5,@@

  handle_small_Steiner_degrees: steiner 0, suppress 0 in 1e-06 s
Starting round 9
Found 77 isolated vertices
Invalid ratios recomputed: 563
Best ratio is 1975/9 (219.4), centered at 544
Finding the best star... Star with 10 terminals centered in 134
round took: 0.052665 s
|V| = 640, |E| = 3479, |R| = 86
>> 102 (415: 35 134 35) (0.003902 s)
>> 192 (553: 8 15 8) (0.004366 s)
>> 189 (576: 111 124 111) (0.004323 s)
>> 189 (503: 90 109 90) (0.004296 s)
>> 189 (176: 50 117 50) (0.004179 s)
>> 187 (348: 0 64 0) (0.004127 s)
>> 0 (-1: -1 -1 -1) (0.002792 s)
Zelikovsky 0.11371 s
>> 102 (415: 134 149 35) (0.066969 s)
>> 97 (305: 134 72 5) (0.065775 s)
>> 96 (582: 134 151 120) (0.064679 s)
>> 95 (211: 134 145 130) (0.063438 s)
>> 95 (367: 134 64 11) (0.062809 s)
>> 101 (460: 134 157 7) (0.062427 s)
>> 94 (571: 134 118 85) (0.061622 s)
>> 95 (418: 134 87 3) (0.060649 s)
>> 93 (203: 134 128 57) (0.059598 s)
>> 95 (501: 134 29 0) (0.059004 s)
>> 93 (164: 134 113 1) (0.058235 s)
>> 93 (364: 134 70 30) (0.057539 s)
>> 100 (374: 134 116 8) (0.056735 s)
>> 94 (616: 134 117 89) (0.056072 s)
>> 91 (282: 134 143 95) (0.055494 s)
>> 91 (298: 134 94 78) (0.054753 s)
>> 91 (378: 134 132 65) (0.054041 s)
>> 99 (624: 134 111 88) (0.053443 s)
>> 90 (347: 134 48 27) (0.052846 s)
>> 89 (412: 134 44 14) (0.052317 s)
>> 91 (401: 134 90 18) (0.051446 s)
>> 88 (311: 134 75 32) (0.051026 s)
>> 87 (197: 134 144 136) (0.050651 s)
>> 88 (234: 134 119 106) (0.05028 s)
>> 87 (335: 134 91 6) (0.049832 s)
>> 86 (246: 134 97 37) (0.049393 s)
>> 83 (301: 134 150 103) (0.049028 s)
>> 82 (314: 134 133 125) (0.048524 s)
>> 81 (408: 134 154 66) (0.048241 s)
>> 79 (628: 134 63 10) (0.04795 s)
>> 7 (505: 134 43 15) (0.047776 s)
>> 5 (207: 134 92 49) (0.047585 s)
>> 3 (302: 134 50 28) (0.047323 s)
>> 0 (-1: -1 -1 -1) (0.047239 s)
Zelikovsky- 1.86916 s
>>> get_solution
  refine_solution: new weight 36508 (was 36663) in 0.001406 s
  refine_solution: new weight 36508 (was 36508) in 0.001404 s
>>> get_solution
  refine_solution: new weight 39701 (was 40084) in 0.001343 s
  refine_solution: new weight 39380 (was 39701) in 0.001361 s
  refine_solution: new weight 39094 (was 39380) in 0.001385 s
  refine_solution: new weight 39094 (was 39094) in 0.001374 s
9,,563,3479,86,,563,0,,40084,39094,38922,36663,36508,,1975,10,@@

  handle_small_Steiner_degrees: steiner 0, suppress 0 in 2e-06 s
Starting round 10
Found 88 isolated vertices
Invalid ratios recomputed: 552
Best ratio is 886/4 (221.5), centered at 5
Finding the best star... Star with 5 terminals centered in 134
round took: 0.051653 s
|V| = 640, |E| = 3428, |R| = 82
>> 102 (415: 35 134 35) (0.003613 s)
>> 190 (176: 50 117 50) (0.004056 s)
>> 189 (576: 111 124 111) (0.004037 s)
>> 189 (503: 90 109 90) (0.003964 s)
>> 189 (553: 6 8 6) (0.003872 s)
>> 191 (612: 69 75 69) (0.003815 s)
>> 187 (348: 0 64 0) (0.003722 s)
>> 0 (-1: -1 -1 -1) (0.00254 s)
Zelikovsky 0.109889 s
>> 102 (415: 134 149 35) (0.06389 s)
>> 96 (582: 134 151 120) (0.062643 s)
>> 95 (211: 134 145 130) (0.061714 s)
>> 95 (367: 134 64 11) (0.06099 s)
>> 101 (460: 134 157 7) (0.060324 s)
>> 94 (571: 134 118 85) (0.059615 s)
>> 95 (418: 134 87 3) (0.058703 s)
>> 93 (203: 134 128 57) (0.057584 s)
>> 95 (501: 134 29 0) (0.056904 s)
>> 93 (164: 134 113 1) (0.056206 s)
>> 93 (364: 134 70 30) (0.055494 s)
>> 100 (374: 134 116 8) (0.054622 s)
>> 94 (616: 134 117 89) (0.054006 s)
>> 91 (282: 134 143 95) (0.053491 s)
>> 91 (298: 134 94 78) (0.052803 s)
>> 91 (378: 134 132 65) (0.052118 s)
>> 99 (624: 134 111 88) (0.05164 s)
>> 90 (347: 134 48 27) (0.051247 s)
>> 89 (412: 134 44 14) (0.050592 s)
>> 91 (401: 134 90 18) (0.049791 s)
>> 88 (311: 134 75 32) (0.0495 s)
>> 87 (197: 134 144 136) (0.049135 s)
>> 88 (234: 134 119 106) (0.048721 s)
>> 87 (335: 134 91 6) (0.048273 s)
>> 86 (246: 134 97 37) (0.04793 s)
>> 83 (301: 134 150 103) (0.047549 s)
>> 82 (314: 134 133 125) (0.047068 s)
>> 81 (408: 134 154 66) (0.046795 s)
>> 79 (628: 134 63 10) (0.04652 s)
>> 7 (505: 134 43 15) (0.046419 s)
>> 5 (207: 134 92 49) (0.046209 s)
>> 3 (302: 134 50 28) (0.046275 s)
>> 0 (-1: -1 -1 -1) (0.045899 s)
Zelikovsky- 1.7449 s
>>> get_solution
  refine_solution: new weight 36508 (was 36663) in 0.001405 s
  refine_solution: new weight 36508 (was 36508) in 0.001396 s
>>> get_solution
  refine_solution: new weight 39330 (was 39706) in 0.001346 s
  refine_solution: new weight 39009 (was 39330) in 0.001364 s
  refine_solution: new weight 38809 (was 39009) in 0.001393 s
  refine_solution: new weight 38809 (was 38809) in 0.001375 s
10,,552,3428,82,,552,0,,39706,38809,38647,36663,36508,,886,5,@@

  handle_small_Steiner_degrees: steiner 0, suppress 0 in 2e-06 s
Starting round 11
Found 93 isolated vertices
Invalid ratios recomputed: 547
Best ratio is 670/3 (223.3), centered at 94
Finding the best star... Star with 4 terminals centered in 134
round took: 0.050735 s
|V| = 640, |E| = 3379, |R| = 79
>> 102 (415: 35 134 35) (0.003212 s)
>> 190 (503: 90 109 90) (0.003837 s)
>> 189 (553: 6 8 6) (0.003678 s)
>> 191 (612: 69 75 69) (0.00362 s)
>> 189 (576: 99 111 99) (0.003581 s)
>> 188 (442: 43 92 43) (0.003562 s)
>> 187 (348: 0 64 0) (0.003466 s)
>> 0 (-1: -1 -1 -1) (0.002366 s)
Zelikovsky 0.103358 s
>> 102 (415: 134 149 35) (0.061144 s)
>> 100 (594: 134 69 0) (0.060126 s)
>> 95 (211: 134 145 130) (0.059549 s)
>> 95 (367: 134 64 11) (0.058665 s)
>> 101 (460: 134 157 7) (0.057812 s)
>> 94 (571: 134 118 85) (0.057107 s)
>> 95 (418: 134 87 3) (0.056238 s)
>> 93 (203: 134 128 57) (0.05532 s)
>> 95 (501: 134 39 29) (0.054692 s)
>> 93 (164: 134 113 1) (0.053989 s)
>> 93 (364: 134 70 30) (0.053371 s)
>> 100 (374: 134 116 8) (0.05306 s)
>> 94 (616: 134 117 89) (0.052295 s)
>> 91 (282: 134 143 95) (0.051746 s)
>> 91 (378: 134 132 65) (0.051191 s)
>> 101 (624: 134 111 108) (0.050548 s)
>> 90 (347: 134 48 27) (0.050131 s)
>> 89 (412: 134 44 14) (0.049551 s)
>> 91 (401: 134 90 18) (0.048879 s)
>> 89 (628: 134 63 10) (0.048506 s)
>> 88 (311: 134 75 32) (0.048231 s)
>> 87 (301: 134 150 103) (0.047737 s)
>> 87 (408: 134 154 119) (0.047258 s)
>> 86 (246: 134 97 37) (0.046881 s)
>> 82 (314: 134 133 125) (0.046604 s)
>> 75 (354: 134 120 91) (0.046244 s)
>> 74 (403: 134 136 115) (0.046052 s)
>> 7 (505: 134 43 15) (0.045782 s)
>> 5 (207: 134 92 49) (0.045487 s)
>> 14 (257: 134 144 50) (0.045431 s)
>> 0 (-1: -1 -1 -1) (0.045315 s)
Zelikovsky- 1.59889 s
>>> get_solution
  refine_solution: new weight 36712 (was 36859) in 0.001447 s
  refine_solution: new weight 36712 (was 36712) in 0.001432 s
>>> get_solution
  refine_solution: new weight 39233 (was 39577) in 0.00136 s
  refine_solution: new weight 39103 (was 39233) in 0.001355 s
  refine_solution: new weight 39103 (was 39103) in 0.001346 s
11,,547,3379,79,,547,0,,39577,39103,38560,36859,36712,,670,4,@@

  handle_small_Steiner_degrees: steiner 0, suppress 0 in 1e-06 s
Starting round 12
Found 97 isolated vertices
Invalid ratios recomputed: 543
Best ratio is 1587/7 (226.7), centered at 369
Finding the best star... Star with 8 terminals centered in 134
round took: 0.051929 s
|V| = 640, |E| = 3298, |R| = 72
>> 100 (415: 35 134 35) (0.002679 s)
>> 189 (553: 6 8 6) (0.003172 s)
>> 188 (442: 43 92 43) (0.003093 s)
>> 188 (460: 7 40 7) (0.003041 s)
>> 187 (348: 0 64 0) (0.002971 s)
>> 0 (-1: -1 -1 -1) (0.001989 s)
Zelikovsky 0.084598 s
>> 100 (415: 134 149 35) (0.055903 s)
>> 96 (582: 134 151 120) (0.055124 s)
>> 95 (211: 134 145 130) (0.054261 s)
>> 93 (270: 134 143 118) (0.053712 s)
>> 93 (364: 134 70 30) (0.052999 s)
>> 101 (374: 134 124 116) (0.052275 s)
>> 94 (616: 134 117 89) (0.05163 s)
>> 93 (366: 134 77 1) (0.050904 s)
>> 93 (497: 134 157 62) (0.050315 s)
>> 92 (311: 134 75 32) (0.049478 s)
>> 90 (347: 134 48 27) (0.048952 s)
>> 89 (628: 134 85 10) (0.048538 s)
>> 88 (197: 134 144 108) (0.047951 s)
>> 91 (553: 134 15 6) (0.047595 s)
>> 97 (624: 134 111 88) (0.047247 s)
>> 89 (196: 134 92 3) (0.046498 s)
>> 87 (234: 134 115 106) (0.04613 s)
>> 85 (389: 134 97 40) (0.045683 s)
>> 92 (272: 134 65 49) (0.045279 s)
>> 84 (225: 134 95 39) (0.044837 s)
>> 82 (314: 134 133 125) (0.044555 s)
>> 80 (398: 134 132 99) (0.044221 s)
>> 87 (301: 134 150 103) (0.043996 s)
>> 85 (401: 134 18 0) (0.043782 s)
>> 73 (412: 134 44 17) (0.043494 s)
>> 83 (438: 134 91 87) (0.04339 s)
>> 64 (198: 134 66 43) (0.043118 s)
>> 13 (527: 134 128 50) (0.042921 s)
>> 9 (294: 134 57 9) (0.042871 s)
>> 2 (429: 134 37 29) (0.042703 s)
>> 0 (-1: -1 -1 -1) (0.04275 s)
Zelikovsky- 1.477 s
>>> get_solution
  refine_solution: new weight 36485 (was 36702) in 0.001406 s
  refine_solution: new weight 36480 (was 36485) in 0.00139 s
  refine_solution: new weight 36480 (was 36480) in 0.001381 s
>>> get_solution
  refine_solution: new weight 38365 (was 39003) in 0.001376 s
  refine_solution: new weight 38281 (was 38365) in 0.001365 s
  refine_solution: new weight 38281 (was 38281) in 0.001359 s
12,,543,3298,72,,543,0,,39003,38281,38478,36702,36480,,1587,8,@@

  handle_small_Steiner_degrees: steiner 0, suppress 0 in 2e-06 s
Starting round 13
Found 106 isolated vertices
Invalid ratios recomputed: 534
Best ratio is 1952/9 (216.9), centered at 576
Finding the best star... Star with 10 terminals centered in 134
round took: 0.050216 s
|V| = 640, |E| = 3199, |R| = 63
>> 100 (252: 49 116 49) (0.001999 s)
>> 96 (313: 9 108 9) (0.001911 s)
>> 96 (582: 120 134 120) (0.001831 s)
>> 188 (460: 7 40 7) (0.002383 s)
>> 187 (348: 0 64 0) (0.002319 s)
>> 0 (-1: -1 -1 -1) (0.001582 s)
Zelikovsky 0.070444 s
>> 100 (252: 134 116 49) (0.049885 s)
>> 96 (313: 134 108 9) (0.049076 s)
>> 96 (582: 134 151 120) (0.048357 s)
>> 95 (211: 134 145 130) (0.047765 s)
>> 94 (306: 134 118 17) (0.047393 s)
>> 93 (323: 134 154 113) (0.046466 s)
>> 93 (364: 134 70 30) (0.045927 s)
>> 93 (366: 134 77 1) (0.04529 s)
>> 93 (381: 134 117 64) (0.044839 s)
>> 93 (518: 134 73 37) (0.044331 s)
>> 93 (527: 134 128 50) (0.044096 s)
>> 91 (295: 134 103 35) (0.043596 s)
>> 91 (347: 134 89 27) (0.043197 s)
>> 89 (628: 134 85 10) (0.042933 s)
>> 88 (311: 134 75 32) (0.042361 s)
>> 87 (234: 134 115 106) (0.042022 s)
>> 87 (431: 134 125 28) (0.041693 s)
>> 86 (378: 134 132 65) (0.041385 s)
>> 91 (460: 134 40 7) (0.040962 s)
>> 84 (438: 134 95 87) (0.040617 s)
>> 82 (196: 134 92 3) (0.040519 s)
>> 74 (603: 134 143 133) (0.04045 s)
>> 73 (412: 134 44 15) (0.040322 s)
>> 90 (401: 134 18 0) (0.04028 s)
>> 7 (338: 134 97 57) (0.040137 s)
>> 0 (-1: -1 -1 -1) (0.040226 s)
Zelikovsky- 1.13734 s
>>> get_solution
  refine_solution: new weight 36435 (was 36578) in 0.001409 s
  refine_solution: new weight 36435 (was 36435) in 0.0014 s
>>> get_solution
  refine_solution: new weight 38281 (was 38390) in 0.001372 s
  refine_solution: new weight 38281 (was 38281) in 0.001361 s
13,,534,3199,63,,534,0,,38390,38281,38151,36578,36435,,1952,10,@@

  handle_small_Steiner_degrees: steiner 0, suppress 1 in 7e-06 s
Starting round 14
Found 118 isolated vertices
Invalid ratios recomputed: 522
Best ratio is 686/3 (228.7), centered at 27
Finding the best star... Star with 4 terminals centered in 134
round took: 0.046203 s
|V| = 640, |E| = 3146, |R| = 60
>> 100 (252: 49 116 49) (0.001805 s)
>> 96 (253: 77 95 77) (0.001731 s)
>> 96 (313: 9 108 9) (0.001656 s)
>> 96 (582: 120 134 120) (0.001632 s)
>> 191 (614: 39 65 39) (0.002008 s)
>> 188 (348: 0 64 0) (0.001996 s)
>> 0 (-1: -1 -1 -1) (0.00143 s)
Zelikovsky 0.067602 s
>> 100 (252: 134 116 49) (0.047792 s)
>> 96 (253: 134 95 77) (0.046984 s)
>> 96 (313: 134 108 9) (0.046436 s)
>> 96 (582: 134 151 120) (0.04579 s)
>> 95 (211: 134 145 130) (0.045286 s)
>> 94 (306: 134 118 17) (0.044861 s)
>> 93 (323: 134 154 113) (0.044364 s)
>> 93 (364: 134 70 30) (0.043728 s)
>> 93 (381: 134 117 64) (0.043268 s)
>> 93 (518: 134 73 37) (0.042783 s)
>> 93 (527: 134 128 50) (0.042544 s)
>> 91 (295: 134 103 35) (0.042027 s)
>> 89 (628: 134 85 10) (0.041636 s)
>> 88 (311: 134 75 32) (0.041218 s)
>> 87 (431: 134 125 28) (0.04102 s)
>> 87 (610: 134 115 7) (0.040651 s)
>> 86 (378: 134 132 65) (0.040297 s)
>> 87 (460: 134 157 40) (0.03999 s)
>> 82 (196: 134 92 3) (0.039791 s)
>> 74 (603: 134 143 133) (0.039661 s)
>> 72 (412: 134 44 15) (0.03954 s)
>> 90 (401: 134 18 0) (0.039413 s)
>> 5 (447: 134 57 41) (0.039316 s)
>> 1 (375: 134 106 97) (0.039191 s)
>> 2 (164: 134 66 1) (0.03929 s)
>> 0 (-1: -1 -1 -1) (0.039277 s)
Zelikovsky- 1.09931 s
>>> get_solution
  refine_solution: new weight 36599 (was 36747) in 0.001437 s
  refine_solution: new weight 36599 (was 36599) in 0.001423 s
>>> get_solution
  refine_solution: new weight 38184 (was 38284) in 0.001365 s
  refine_solution: new weight 38184 (was 38184) in 0.001354 s
14,,522,3146,60,,522,0,,38284,38184,37886,36747,36599,,686,4,@@

  handle_small_Steiner_degrees: steiner 0, suppress 0 in 1e-06 s
Starting round 15
Found 122 isolated vertices
Invalid ratios recomputed: 518
Best ratio is 690/3 (230.0), centered at 108
Finding the best star... Star with 4 terminals centered in 134
round took: 0.046212 s
|V| = 640, |E| = 3106, |R| = 57
>> 100 (252: 49 116 49) (0.00159 s)
>> 96 (253: 77 95 77) (0.001512 s)
>> 96 (582: 120 134 120) (0.001435 s)
>> 191 (614: 39 65 39) (0.001867 s)
>> 188 (348: 0 64 0) (0.001854 s)
>> 0 (-1: -1 -1 -1) (0.001315 s)
Zelikovsky 0.062008 s
>> 100 (252: 134 116 49) (0.046091 s)
>> 96 (253: 134 95 77) (0.045136 s)
>> 96 (582: 134 151 120) (0.044633 s)
>> 95 (211: 134 145 130) (0.044239 s)
>> 94 (306: 134 118 17) (0.043833 s)
>> 93 (323: 134 154 113) (0.043338 s)
>> 93 (364: 134 70 30) (0.042751 s)
>> 93 (381: 134 117 64) (0.042348 s)
>> 93 (518: 134 73 37) (0.041943 s)
>> 93 (527: 134 128 50) (0.041625 s)
>> 91 (295: 134 103 35) (0.041206 s)
>> 89 (628: 134 85 10) (0.040839 s)
>> 88 (311: 134 75 32) (0.040586 s)
>> 87 (431: 134 125 28) (0.040286 s)
>> 87 (610: 134 115 7) (0.039809 s)
>> 86 (378: 134 132 65) (0.03958 s)
>> 87 (460: 134 157 40) (0.039335 s)
>> 82 (196: 134 92 3) (0.039146 s)
>> 74 (603: 134 143 133) (0.039045 s)
>> 72 (412: 134 44 15) (0.038876 s)
>> 90 (401: 134 18 0) (0.03877 s)
>> 5 (447: 134 57 41) (0.038682 s)
>> 1 (375: 134 106 97) (0.0386 s)
>> 2 (164: 134 66 1) (0.038722 s)
>> 0 (-1: -1 -1 -1) (0.038693 s)
Zelikovsky- 1.03116 s
>>> get_solution
  refine_solution: new weight 36599 (was 36747) in 0.001441 s
  refine_solution: new weight 36599 (was 36599) in 0.001422 s
>>> get_solution
  refine_solution: new weight 38000 (was 38096) in 0.001381 s
  refine_solution: new weight 38000 (was 38000) in 0.001369 s
15,,518,3106,57,,518,0,,38096,38000,37886,36747,36599,,690,4,@@

  handle_small_Steiner_degrees: steiner 0, suppress 0 in 1e-06 s
Starting round 16
Found 126 isolated vertices
Invalid ratios recomputed: 514
Best ratio is 690/3 (230.0), centered at 118
Finding the best star... Star with 4 terminals centered in 134
round took: 0.045579 s
|V| = 640, |E| = 3064, |R| = 54
>> 100 (252: 49 116 49) (0.001383 s)
>> 96 (253: 77 95 77) (0.001359 s)
>> 96 (582: 120 134 120) (0.001291 s)
>> 191 (614: 39 65 39) (0.001719 s)
>> 190 (348: 0 64 0) (0.001687 s)
>> 0 (-1: -1 -1 -1) (0.001205 s)
Zelikovsky 0.058553 s
>> 100 (252: 134 116 49) (0.044354 s)
>> 96 (253: 134 95 77) (0.043501 s)
>> 96 (582: 134 151 120) (0.042974 s)
>> 95 (211: 134 145 130) (0.042564 s)
>> 93 (364: 134 70 30) (0.042004 s)
>> 93 (381: 134 117 64) (0.041595 s)
>> 93 (518: 134 73 37) (0.041105 s)
>> 91 (295: 134 103 35) (0.040763 s)
>> 89 (628: 134 85 10) (0.040463 s)
>> 88 (311: 134 75 32) (0.040075 s)
>> 87 (431: 134 125 28) (0.039759 s)
>> 87 (610: 134 115 7) (0.039358 s)
>> 86 (378: 134 132 65) (0.038975 s)
>> 87 (460: 134 157 40) (0.038668 s)
>> 82 (196: 134 92 3) (0.038377 s)
>> 76 (355: 134 154 15) (0.038147 s)
>> 68 (412: 134 44 17) (0.038041 s)
>> 82 (401: 134 18 0) (0.03793 s)
>> 22 (394: 134 50 6) (0.037815 s)
>> 5 (447: 134 57 41) (0.037708 s)
>> 1 (192: 134 128 106) (0.037678 s)
>> 2 (164: 134 66 1) (0.037693 s)
>> 0 (-1: -1 -1 -1) (0.037664 s)
Zelikovsky- 0.920013 s
>>> get_solution
  refine_solution: new weight 36571 (was 36748) in 0.001424 s
  refine_solution: new weight 36571 (was 36571) in 0.001415 s
>>> get_solution
  refine_solution: new weight 38030 (was 38107) in 0.001382 s
  refine_solution: new weight 38030 (was 38030) in 0.001378 s
16,,514,3064,54,,514,0,,38107,38030,37804,36748,36571,,690,4,@@

  delete_edges: deleted 210 edges in 0.220996 s and 210 rounds
  handle_small_Steiner_degrees: steiner 0, suppress 0 in 2e-06 s
Starting round 17
Found 130 isolated vertices
Invalid ratios recomputed: 510
Best ratio is 691/3 (230.3), centered at 10
Finding the best star... Star with 4 terminals centered in 134
round took: 0.043405 s
|V| = 640, |E| = 2840, |R| = 51
>> 100 (252: 49 116 49) (0.001264 s)
>> 96 (415: 35 73 35) (0.001171 s)
>> 96 (253: 77 95 77) (0.001114 s)
>> 96 (582: 120 134 120) (0.001084 s)
>> 191 (614: 39 65 39) (0.001495 s)
>> 191 (348: 0 64 0) (0.001449 s)
>> 0 (-1: -1 -1 -1) (0.001058 s)
Zelikovsky 0.055196 s
>> 100 (252: 134 116 49) (0.041475 s)
>> 96 (253: 134 95 77) (0.040739 s)
>> 96 (415: 134 73 35) (0.040374 s)
>> 96 (582: 134 151 120) (0.039969 s)
>> 95 (211: 134 145 130) (0.039533 s)
>> 93 (364: 134 70 30) (0.039142 s)
>> 93 (381: 134 117 64) (0.038751 s)
>> 88 (311: 134 75 32) (0.038343 s)
>> 88 (378: 134 132 65) (0.038004 s)
>> 95 (460: 134 157 7) (0.037635 s)
>> 86 (246: 134 97 37) (0.037402 s)
>> 90 (401: 134 18 0) (0.037101 s)
>> 83 (406: 134 103 87) (0.03688 s)
>> 82 (196: 134 92 3) (0.036642 s)
>> 82 (314: 134 133 125) (0.036497 s)
>> 91 (553: 134 15 6) (0.036341 s)
>> 74 (403: 134 115 66) (0.036227 s)
>> 73 (412: 134 44 17) (0.036121 s)
>> 66 (355: 134 154 28) (0.035994 s)
>> 13 (527: 134 128 50) (0.035874 s)
>> 2 (375: 134 106 57) (0.035923 s)
>> 0 (-1: -1 -1 -1) (0.035906 s)
Zelikovsky- 0.833356 s
>>> get_solution
  refine_solution: new weight 36469 (was 36624) in 0.001418 s
  refine_solution: new weight 36469 (was 36469) in 0.001417 s
>>> get_solution
  refine_solution: new weight 38030 (was 38104) in 0.001382 s
  refine_solution: new weight 38030 (was 38030) in 0.001377 s
17,,510,2840,51,,510,0,,38104,38030,37694,36624,36469,,691,4,@@

  handle_small_Steiner_degrees: steiner 0, suppress 0 in 1e-06 s
Starting round 18
Found 134 isolated vertices
Invalid ratios recomputed: 506
Best ratio is 691/3 (230.3), centered at 116
Finding the best star... Star with 4 terminals centered in 134
round took: 0.044077 s
|V| = 640, |E| = 2816, |R| = 48
>> 96 (415: 35 73 35) (0.001076 s)
>> 96 (253: 77 95 77) (0.001028 s)
>> 96 (582: 120 134 120) (0.001002 s)
>> 191 (614: 39 65 39) (0.001412 s)
>> 191 (348: 0 64 0) (0.001358 s)
>> 0 (-1: -1 -1 -1) (0.000978 s)
Zelikovsky 0.051113 s
>> 96 (253: 134 95 77) (0.039743 s)
>> 96 (415: 134 73 35) (0.039396 s)
>> 96 (582: 134 151 120) (0.03902 s)
>> 95 (211: 134 145 130) (0.038592 s)
>> 93 (364: 134 70 30) (0.038187 s)
>> 93 (381: 134 117 64) (0.037791 s)
>> 88 (311: 134 75 32) (0.037397 s)
>> 88 (378: 134 132 65) (0.037088 s)
>> 95 (460: 134 157 7) (0.036773 s)
>> 86 (246: 134 97 37) (0.036463 s)
>> 90 (401: 134 18 0) (0.036213 s)
>> 83 (406: 134 103 87) (0.036037 s)
>> 82 (196: 134 92 3) (0.035786 s)
>> 82 (314: 134 133 125) (0.035651 s)
>> 91 (553: 134 15 6) (0.035506 s)
>> 74 (403: 134 115 66) (0.035473 s)
>> 73 (412: 134 44 17) (0.035308 s)
>> 66 (355: 134 154 28) (0.035263 s)
>> 13 (527: 134 128 50) (0.035148 s)
>> 2 (375: 134 106 57) (0.035174 s)
>> 0 (-1: -1 -1 -1) (0.035174 s)
Zelikovsky- 0.773546 s
>>> get_solution
  refine_solution: new weight 36469 (was 36630) in 0.001419 s
  refine_solution: new weight 36469 (was 36469) in 0.001417 s
>>> get_solution
  refine_solution: new weight 37817 (was 37908) in 0.001376 s
  refine_solution: new weight 37817 (was 37817) in 0.001362 s
18,,506,2816,48,,506,0,,37908,37817,37694,36630,36469,,691,4,@@

  handle_small_Steiner_degrees: steiner 0, suppress 0 in 1e-06 s
Starting round 19
Found 138 isolated vertices
Invalid ratios recomputed: 502
Best ratio is 696/3 (232.0), centered at 130
Finding the best star... Star with 4 terminals centered in 134
round took: 0.043355 s
|V| = 640, |E| = 2790, |R| = 45
>> 96 (415: 35 73 35) (0.000944 s)
>> 96 (253: 77 95 77) (0.00089 s)
>> 93 (364: 30 70 30) (0.000853 s)
>> 93 (311: 32 75 32) (0.000821 s)
>> 93 (381: 64 117 64) (0.000786 s)
>> 88 (610: 7 115 7) (0.000738 s)
>> 92 (378: 65 132 65) (0.000697 s)
>> 88 (179: 44 125 44) (0.000661 s)
>> 88 (497: 62 134 62) (0.00064 s)
>> 113 (209: 1 40 1) (0.001017 s)
>> 112 (418: 3 87 3) (0.00095 s)
>> 110 (375: 37 57 37) (0.000887 s)
>> 30 (565: 6 66 6) (0.000837 s)
>> 101 (186: 28 146 28) (0.000777 s)
>> 85 (348: 0 154 0) (0.000716 s)
>> 0 (-1: -1 -1 -1) (0.000579 s)
Zelikovsky 0.055828 s
>> 96 (253: 134 95 77) (0.038284 s)
>> 96 (415: 134 73 35) (0.037864 s)
>> 93 (364: 134 70 30) (0.037604 s)
>> 93 (381: 134 117 64) (0.037234 s)
>> 88 (311: 134 75 32) (0.036781 s)
>> 88 (378: 134 132 65) (0.036443 s)
>> 95 (460: 134 157 7) (0.036093 s)
>> 86 (246: 134 97 37) (0.035804 s)
>> 90 (401: 134 18 0) (0.035468 s)
>> 83 (406: 134 103 87) (0.035298 s)
>> 82 (196: 134 92 3) (0.035053 s)
>> 82 (314: 134 133 125) (0.034935 s)
>> 91 (553: 134 15 6) (0.034744 s)
>> 75 (403: 134 115 66) (0.034756 s)
>> 73 (412: 134 44 17) (0.03453 s)
>> 66 (355: 134 154 28) (0.034493 s)
>> 13 (527: 134 128 50) (0.034376 s)
>> 2 (375: 134 106 57) (0.034362 s)
>> 0 (-1: -1 -1 -1) (0.034395 s)
Zelikovsky- 0.680669 s
>>> get_solution
  refine_solution: new weight 36485 (was 36638) in 0.001426 s
  refine_solution: new weight 36485 (was 36485) in 0.001404 s
>>> get_solution
  refine_solution: new weight 37841 (was 37916) in 0.001386 s
  refine_solution: new weight 37841 (was 37841) in 0.001372 s
19,,502,2790,45,,502,0,,37916,37841,37158,36638,36485,,696,4,@@

  handle_small_Steiner_degrees: steiner 0, suppress 0 in 2e-06 s
Starting round 20
Found 142 isolated vertices
Invalid ratios recomputed: 498
Best ratio is 703/3 (234.3), centered at 355
Finding the best star... Star with 4 terminals centered in 134
round took: 0.042821 s
|V| = 640, |E| = 2758, |R| = 42
>> 96 (415: 35 73 35) (0.000819 s)
>> 96 (253: 77 95 77) (0.000789 s)
>> 93 (364: 30 70 30) (0.000736 s)
>> 93 (311: 32 75 32) (0.000689 s)
>> 93 (381: 64 117 64) (0.000673 s)
>> 88 (610: 7 115 7) (0.000625 s)
>> 92 (378: 65 132 65) (0.000584 s)
>> 88 (497: 62 134 62) (0.000569 s)
>> 117 (209: 1 40 1) (0.000897 s)
>> 116 (418: 3 87 3) (0.000845 s)
>> 118 (565: 6 66 6) (0.000764 s)
>> 110 (375: 37 57 37) (0.000726 s)
>> 105 (186: 125 146 125) (0.00067 s)
>> 93 (375: 97 106 97) (0.000616 s)
>> 99 (565: 44 92 44) (0.000569 s)
>> 13 (257: 50 88 50) (0.00053 s)
>> 0 (-1: -1 -1 -1) (0.000482 s)
Zelikovsky 0.052727 s
>> 96 (253: 134 95 77) (0.037201 s)
>> 96 (415: 134 73 35) (0.036801 s)
>> 93 (364: 134 70 30) (0.036485 s)
>> 93 (381: 134 117 64) (0.036144 s)
>> 88 (311: 134 75 32) (0.035761 s)
>> 88 (378: 134 132 65) (0.035397 s)
>> 95 (460: 134 157 7) (0.035065 s)
>> 86 (246: 134 97 37) (0.034826 s)
>> 86 (401: 134 18 0) (0.034579 s)
>> 83 (406: 134 103 87) (0.03447 s)
>> 82 (196: 134 92 3) (0.034344 s)
>> 82 (314: 134 133 125) (0.034129 s)
>> 75 (403: 134 115 66) (0.034055 s)
>> 73 (412: 134 44 17) (0.03395 s)
>> 21 (394: 134 50 6) (0.033815 s)
>> 11 (203: 134 128 57) (0.033929 s)
>> 1 (501: 134 39 1) (0.033957 s)
>> 0 (-1: -1 -1 -1) (0.033978 s)
Zelikovsky- 0.630958 s
>>> get_solution
  refine_solution: new weight 36468 (was 36629) in 0.0014 s
  refine_solution: new weight 36468 (was 36468) in 0.001381 s
>>> get_solution
  refine_solution: new weight 37673 (was 37748) in 0.001389 s
  refine_solution: new weight 37673 (was 37673) in 0.001379 s
20,,498,2758,42,,498,0,,37748,37673,37231,36629,36468,,703,4,@@

  handle_small_Steiner_degrees: steiner 0, suppress 0 in 1e-06 s
Starting round 21
Found 146 isolated vertices
Invalid ratios recomputed: 494
Best ratio is 1181/5 (236.2), centered at 394
Finding the best star... Star with 6 terminals centered in 134
round took: 0.041454 s
|V| = 640, |E| = 2704, |R| = 37
>> 96 (253: 77 95 77) (0.000645 s)
>> 93 (364: 30 70 30) (0.000629 s)
>> 93 (518: 37 73 37) (0.000577 s)
>> 93 (311: 32 75 32) (0.000542 s)
>> 88 (610: 7 115 7) (0.000525 s)
>> 92 (378: 65 132 65) (0.000485 s)
>> 88 (497: 62 134 62) (0.000454 s)
>> 124 (186: 117 125 117) (0.00073 s)
>> 119 (209: 1 40 1) (0.000653 s)
>> 102 (375: 57 97 57) (0.000607 s)
>> 41 (189: 0 66 0) (0.000567 s)
>> 0 (-1: -1 -1 -1) (0.000449 s)
Zelikovsky 0.04444 s
>> 96 (253: 134 95 77) (0.034971 s)
>> 93 (364: 134 70 30) (0.034612 s)
>> 93 (518: 134 73 37) (0.034294 s)
>> 90 (316: 134 75 44) (0.03398 s)
>> 88 (378: 134 132 65) (0.03383 s)
>> 91 (460: 134 40 7) (0.03346 s)
>> 84 (452: 134 120 0) (0.033298 s)
>> 83 (487: 134 128 115) (0.033079 s)
>> 82 (196: 134 92 3) (0.033025 s)
>> 66 (609: 134 146 17) (0.032848 s)
>> 93 (375: 134 97 57) (0.032789 s)
>> 11 (295: 134 125 103) (0.032675 s)
>> 0 (-1: -1 -1 -1) (0.032555 s)
Zelikovsky- 0.436998 s
>>> get_solution
  refine_solution: new weight 36414 (was 36552) in 0.001391 s
  refine_solution: new weight 36414 (was 36414) in 0.001372 s
>>> get_solution
  refine_solution: new weight 37340 (was 37445) in 0.001402 s
  refine_solution: new weight 37340 (was 37340) in 0.001409 s
21,,494,2704,37,,494,0,,37445,37340,37140,36552,36414,,1181,6,@@

  handle_small_Steiner_degrees: steiner 0, suppress 0 in 1e-06 s
Starting round 22
Found 153 isolated vertices
Invalid ratios recomputed: 487
Best ratio is 485/2 (242.5), centered at 115
Finding the best star... Star with 3 terminals centered in 134
round took: 0.040269 s
|V| = 640, |E| = 2691, |R| = 35
>> 96 (253: 77 95 77) (0.000595 s)
>> 93 (364: 30 70 30) (0.000548 s)
>> 93 (518: 37 73 37) (0.000517 s)
>> 93 (311: 32 75 32) (0.000493 s)
>> 88 (378: 65 132 65) (0.000452 s)
>> 88 (497: 62 134 62) (0.000428 s)
>> 124 (186: 117 125 117) (0.000693 s)
>> 119 (209: 1 40 1) (0.000627 s)
>> 102 (375: 57 97 57) (0.000578 s)
>> 41 (189: 0 66 0) (0.000526 s)
>> 0 (-1: -1 -1 -1) (0.000426 s)
Zelikovsky 0.042321 s
>> 96 (253: 134 95 77) (0.034309 s)
>> 93 (364: 134 70 30) (0.033904 s)
>> 93 (518: 134 73 37) (0.03363 s)
>> 90 (316: 134 75 44) (0.033353 s)
>> 88 (378: 134 132 65) (0.033208 s)
>> 87 (460: 134 157 40) (0.032889 s)
>> 84 (452: 134 120 0) (0.032751 s)
>> 82 (196: 134 92 3) (0.032631 s)
>> 66 (609: 134 146 17) (0.032435 s)
>> 93 (375: 134 106 97) (0.032284 s)
>> 7 (295: 134 125 103) (0.032142 s)
>> 0 (-1: -1 -1 -1) (0.032088 s)
Zelikovsky- 0.397121 s
>>> get_solution
  refine_solution: new weight 36497 (was 36645) in 0.001404 s
  refine_solution: new weight 36497 (was 36497) in 0.001387 s
>>> get_solution
  refine_solution: new weight 37242 (was 37347) in 0.001407 s
  refine_solution: new weight 37242 (was 37242) in 0.001397 s
22,,487,2691,35,,487,0,,37347,37242,37140,36645,36497,,485,3,@@

  handle_small_Steiner_degrees: steiner 0, suppress 0 in 2e-06 s
Starting round 23
Found 156 isolated vertices
Invalid ratios recomputed: 484
Best ratio is 487/2 (243.5), centered at 1
Finding the best star... Star with 3 terminals centered in 134
round took: 0.039526 s
|V| = 640, |E| = 2672, |R| = 33
>> 93 (364: 30 70 30) (0.000538 s)
>> 93 (518: 37 73 37) (0.000495 s)
>> 90 (316: 44 75 44) (0.00046 s)
>> 88 (443: 65 95 65) (0.000434 s)
>> 88 (497: 62 134 62) (0.000395 s)
>> 124 (186: 117 125 117) (0.000691 s)
>> 114 (379: 3 17 3) (0.000611 s)
>> 102 (375: 57 97 57) (0.000563 s)
>> 44 (565: 66 106 66) (0.000524 s)
>> 102 (516: 18 40 18) (0.000476 s)
>> 89 (585: 32 103 32) (0.000457 s)
>> 84 (186: 92 146 92) (0.000396 s)
>> 0 (-1: -1 -1 -1) (0.000364 s)
Zelikovsky 0.041955 s
>> 93 (364: 134 70 30) (0.033376 s)
>> 93 (518: 134 73 37) (0.033061 s)
>> 90 (316: 134 75 44) (0.032813 s)
>> 88 (378: 134 132 65) (0.032601 s)
>> 87 (460: 134 157 40) (0.032326 s)
>> 85 (225: 134 95 39) (0.032148 s)
>> 84 (452: 134 120 0) (0.032072 s)
>> 82 (196: 134 92 3) (0.031905 s)
>> 66 (609: 134 146 17) (0.031718 s)
>> 93 (375: 134 106 97) (0.03159 s)
>> 7 (295: 134 125 103) (0.031557 s)
>> 0 (-1: -1 -1 -1) (0.031515 s)
Zelikovsky- 0.388163 s
>>> get_solution
  refine_solution: new weight 36397 (was 36561) in 0.001404 s
  refine_solution: new weight 36397 (was 36397) in 0.001395 s
>>> get_solution
  refine_solution: new weight 37242 (was 37347) in 0.001407 s
  refine_solution: new weight 37242 (was 37242) in 0.0014 s
23,,484,2672,33,,484,0,,37347,37242,37260,36561,36397,,487,3,@@

  handle_small_Steiner_degrees: steiner 0, suppress 0 in 1e-06 s
Starting round 24
Found 159 isolated vertices
Invalid ratios recomputed: 481
Best ratio is 488/2 (244.0), centered at 37
Finding the best star... Star with 3 terminals centered in 134
round took: 0.040389 s
|V| = 640, |E| = 2651, |R| = 31
>> 93 (364: 30 70 30) (0.000483 s)
>> 90 (316: 44 75 44) (0.000436 s)
>> 88 (443: 65 95 65) (0.000414 s)
>> 85 (389: 40 97 40) (0.00037 s)
>> 84 (452: 0 120 0) (0.000353 s)
>> 0 (-1: -1 -1 -1) (0.000208 s)
Zelikovsky 0.036125 s
>> 93 (364: 134 70 30) (0.032552 s)
>> 90 (316: 134 75 44) (0.03222 s)
>> 88 (378: 134 132 65) (0.032065 s)
>> 87 (460: 134 157 40) (0.031837 s)
>> 85 (225: 134 95 39) (0.031567 s)
>> 84 (452: 134 120 0) (0.031461 s)
>> 82 (196: 134 92 3) (0.031371 s)
>> 66 (609: 134 146 17) (0.031204 s)
>> 93 (375: 134 106 97) (0.031118 s)
>> 7 (295: 134 125 103) (0.031077 s)
>> 0 (-1: -1 -1 -1) (0.030977 s)
Zelikovsky- 0.348852 s
>>> get_solution
  refine_solution: new weight 36397 (was 36561) in 0.001403 s
  refine_solution: new weight 36397 (was 36397) in 0.001393 s
>>> get_solution
  refine_solution: new weight 37242 (was 37339) in 0.001404 s
  refine_solution: new weight 37242 (was 37242) in 0.001395 s
24,,481,2651,31,,481,0,,37339,37242,36992,36561,36397,,488,3,@@

  handle_small_Steiner_degrees: steiner 0, suppress 0 in 1e-06 s
Starting round 25
Found 162 isolated vertices
Invalid ratios recomputed: 478
Best ratio is 489/2 (244.5), centered at 30
Finding the best star... Star with 3 terminals centered in 134
round took: 0.041398 s
|V| = 640, |E| = 2634, |R| = 29
>> 90 (316: 44 75 44) (0.000409 s)
>> 88 (443: 65 95 65) (0.000378 s)
>> 85 (389: 40 97 40) (0.000343 s)
>> 84 (452: 0 120 0) (0.000318 s)
>> 0 (-1: -1 -1 -1) (0.000191 s)
Zelikovsky 0.034444 s
>> 90 (316: 134 75 44) (0.031871 s)
>> 88 (378: 134 132 65) (0.03172 s)
>> 87 (460: 134 157 40) (0.03134 s)
>> 85 (225: 134 95 39) (0.03118 s)
>> 84 (452: 134 120 0) (0.031061 s)
>> 82 (196: 134 92 3) (0.030886 s)
>> 66 (609: 134 146 17) (0.030821 s)
>> 93 (375: 134 106 97) (0.030729 s)
>> 7 (295: 134 125 103) (0.030693 s)
>> 0 (-1: -1 -1 -1) (0.03059 s)
Zelikovsky- 0.312177 s
>>> get_solution
  refine_solution: new weight 36397 (was 36561) in 0.001401 s
  refine_solution: new weight 36397 (was 36397) in 0.001382 s
>>> get_solution
  refine_solution: new weight 37242 (was 37339) in 0.001416 s
  refine_solution: new weight 37242 (was 37242) in 0.001397 s
25,,478,2634,29,,478,0,,37339,37242,36992,36561,36397,,489,3,@@

  handle_small_Steiner_degrees: steiner 0, suppress 0 in 2e-06 s
Starting round 26
Found 165 isolated vertices
Invalid ratios recomputed: 475
Best ratio is 491/2 (245.5), centered at 75
Finding the best star... Star with 3 terminals centered in 134
round took: 0.041306 s
|V| = 640, |E| = 2612, |R| = 27
>> 88 (378: 65 132 65) (0.000373 s)
>> 85 (389: 40 97 40) (0.000334 s)
>> 84 (225: 39 95 39) (0.000315 s)
>> 84 (452: 0 120 0) (0.000286 s)
>> 0 (-1: -1 -1 -1) (0.000173 s)
Zelikovsky 0.033257 s
>> 88 (378: 134 132 65) (0.03102 s)
>> 87 (460: 134 157 40) (0.030707 s)
>> 84 (225: 134 95 39) (0.030523 s)
>> 84 (452: 134 120 0) (0.030464 s)
>> 82 (196: 134 92 3) (0.030381 s)
>> 70 (179: 134 125 44) (0.030361 s)
>> 63 (609: 134 146 17) (0.03022 s)
>> 93 (375: 134 106 97) (0.030154 s)
>> 0 (-1: -1 -1 -1) (0.03002 s)
Zelikovsky- 0.275044 s
>>> get_solution
  refine_solution: new weight 36324 (was 36486) in 0.001403 s
  refine_solution: new weight 36324 (was 36324) in 0.00138 s
>>> get_solution
  refine_solution: new weight 37131 (was 37230) in 0.001428 s
  refine_solution: new weight 37131 (was 37131) in 0.001394 s
26,,475,2612,27,,475,0,,37230,37131,36887,36486,36324,,491,3,@@

  handle_small_Steiner_degrees: steiner 0, suppress 0 in 1e-06 s
Starting round 27
Found 168 isolated vertices
Invalid ratios recomputed: 472
Best ratio is 985/4 (246.2), centered at 625
Finding the best star... Star with 5 terminals centered in 134
round took: 0.042444 s
|V| = 640, |E| = 2567, |R| = 23
>> 85 (389: 40 97 40) (0.000291 s)
>> 84 (452: 0 120 0) (0.000255 s)
>> 0 (-1: -1 -1 -1) (0.00015 s)
Zelikovsky 0.03069 s
>> 85 (389: 134 97 40) (0.029714 s)
>> 84 (452: 134 120 0) (0.029703 s)
>> 82 (196: 134 92 3) (0.029508 s)
>> 80 (497: 134 157 62) (0.029403 s)
>> 70 (179: 134 125 44) (0.029326 s)
>> 63 (609: 134 146 17) (0.029235 s)
>> 6 (234: 134 106 66) (0.029171 s)
>> 0 (-1: -1 -1 -1) (0.029088 s)
Zelikovsky- 0.236254 s
>>> get_solution
  refine_solution: new weight 36447 (was 36579) in 0.001406 s
  refine_solution: new weight 36447 (was 36447) in 0.001388 s
>>> get_solution
  refine_solution: new weight 36946 (was 37049) in 0.001396 s
  refine_solution: new weight 36946 (was 36946) in 0.001377 s
27,,472,2567,23,,472,0,,37049,36946,36880,36579,36447,,985,5,@@

  handle_small_Steiner_degrees: steiner 0, suppress 0 in 1e-06 s
Starting round 28
Found 173 isolated vertices
Invalid ratios recomputed: 467
Best ratio is 493/2 (246.5), centered at 389
Finding the best star... Star with 3 terminals centered in 134
round took: 0.040972 s
|V| = 640, |E| = 2537, |R| = 21
>> 84 (452: 0 120 0) (0.000251 s)
>> 0 (-1: -1 -1 -1) (0.000141 s)
Zelikovsky 0.029423 s
>> 84 (452: 134 120 0) (0.029146 s)
>> 82 (196: 134 92 3) (0.028924 s)
>> 80 (497: 134 157 62) (0.028927 s)
>> 70 (179: 134 125 44) (0.028878 s)
>> 63 (609: 134 146 17) (0.028676 s)
>> 6 (234: 134 106 66) (0.028594 s)
>> 0 (-1: -1 -1 -1) (0.028595 s)
Zelikovsky- 0.202742 s
>>> get_solution
  refine_solution: new weight 36447 (was 36579) in 0.001403 s
  refine_solution: new weight 36447 (was 36447) in 0.001389 s
>>> get_solution
  refine_solution: new weight 36854 (was 36964) in 0.001401 s
  refine_solution: new weight 36854 (was 36854) in 0.001387 s
28,,467,2537,21,,467,0,,36964,36854,36880,36579,36447,,493,3,@@

  handle_small_Steiner_degrees: steiner 0, suppress 0 in 1e-06 s
Starting round 29
Found 176 isolated vertices
Invalid ratios recomputed: 464
Best ratio is 498/2 (249.0), centered at 0
Finding the best star... Star with 3 terminals centered in 134
round took: 0.039669 s
|V| = 640, |E| = 2515, |R| = 19
>> 82 (403: 3 66 3) (0.000221 s)
>> 0 (-1: -1 -1 -1) (0.000126 s)
Zelikovsky 0.028589 s
>> 82 (196: 134 92 3) (0.028428 s)
>> 80 (497: 134 157 62) (0.028325 s)
>> 70 (179: 134 125 44) (0.028297 s)
>> 63 (609: 134 146 17) (0.02815 s)
>> 6 (234: 134 106 66) (0.028061 s)
>> 0 (-1: -1 -1 -1) (0.028137 s)
Zelikovsky- 0.170308 s
>>> get_solution
  refine_solution: new weight 36447 (was 36579) in 0.001405 s
  refine_solution: new weight 36447 (was 36447) in 0.001392 s
>>> get_solution
  refine_solution: new weight 36770 (was 36880) in 0.001404 s
  refine_solution: new weight 36770 (was 36770) in 0.001394 s
29,,464,2515,19,,464,0,,36880,36770,36798,36579,36447,,498,3,@@

  handle_small_Steiner_degrees: steiner 0, suppress 0 in 1e-06 s
Starting round 30
Found 179 isolated vertices
Invalid ratios recomputed: 461
Best ratio is 499/2 (249.5), centered at 575
Finding the best star... Star with 3 terminals centered in 134
round took: 0.038269 s
|V| = 640, |E| = 2489, |R| = 17
>> 82 (196: 3 92 3) (0.000196 s)
>> 0 (-1: -1 -1 -1) (0.000117 s)
Zelikovsky 0.027898 s
>> 82 (196: 134 92 3) (0.027832 s)
>> 70 (179: 134 125 44) (0.027752 s)
>> 63 (609: 134 146 17) (0.027656 s)
>> 0 (-1: -1 -1 -1) (0.027648 s)
Zelikovsky- 0.111639 s
>>> get_solution
  refine_solution: new weight 36461 (was 36585) in 0.001405 s
  refine_solution: new weight 36461 (was 36461) in 0.001398 s
>>> get_solution
  refine_solution: new weight 36690 (was 36800) in 0.001412 s
  refine_solution: new weight 36690 (was 36690) in 0.00141 s
30,,461,2489,17,,461,0,,36800,36690,36718,36585,36461,,499,3,@@

  handle_small_Steiner_degrees: steiner 0, suppress 0 in 1e-06 s
Starting round 31
Found 182 isolated vertices
Invalid ratios recomputed: 458
Best ratio is 500/2 (250.0), centered at 196
Finding the best star... Star with 3 terminals centered in 134
round took: 0.036606 s
|V| = 640, |E| = 2458, |R| = 15
>> 70 (179: 44 125 44) (0.000166 s)
>> 63 (609: 17 134 17) (0.000148 s)
>> 0 (-1: -1 -1 -1) (0.000214 s)
Zelikovsky 0.027449 s
>> 70 (179: 134 125 44) (0.027171 s)
>> 63 (609: 134 146 17) (0.027161 s)
>> 0 (-1: -1 -1 -1) (0.027109 s)
Zelikovsky- 0.082105 s
>>> get_solution
  refine_solution: new weight 36461 (was 36585) in 0.00141 s
  refine_solution: new weight 36461 (was 36461) in 0.001385 s
>>> get_solution
  refine_solution: new weight 36599 (was 36718) in 0.001393 s
  refine_solution: new weight 36599 (was 36599) in 0.0014 s
31,,458,2458,15,,458,0,,36718,36599,36585,36585,36461,,500,3,@@

  handle_small_Steiner_degrees: steiner 0, suppress 0 in 1e-06 s
Starting round 32
Found 185 isolated vertices
Invalid ratios recomputed: 455
Best ratio is 495/2 (247.5), centered at 412
Finding the best star... Star with 3 terminals centered in 134
round took: 0.035038 s
|V| = 640, |E| = 2423, |R| = 13
>> 11 (186: 125 134 125) (0.000149 s)
>> 178 (362: 65 88 65) (0.000205 s)
>> 84 (565: 106 117 106) (0.000175 s)
>> 0 (-1: -1 -1 -1) (0.00015 s)
Zelikovsky 0.026925 s
>> 11 (186: 134 146 125) (0.026573 s)
>> 0 (-1: -1 -1 -1) (0.026539 s)
Zelikovsky- 0.053695 s
>>> get_solution
  refine_solution: new weight 36516 (was 36635) in 0.001403 s
  refine_solution: new weight 36516 (was 36516) in 0.001398 s
>>> get_solution
  refine_solution: new weight 36531 (was 36650) in 0.001396 s
  refine_solution: new weight 36531 (was 36531) in 0.001389 s
32,,455,2423,13,,455,0,,36650,36531,36827,36635,36516,,495,3,@@

  handle_small_Steiner_degrees: steiner 0, suppress 0 in 1e-06 s
Starting round 33
Found 188 isolated vertices
Invalid ratios recomputed: 452
Best ratio is 782/3 (260.7), centered at 314
Finding the best star... Star with 4 terminals centered in 134
round took: 0.033906 s
|V| = 640, |E| = 2376, |R| = 10
>> 0 (-1: -1 -1 -1) (0.00012 s)
Zelikovsky 0.02516 s
>> 0 (-1: -1 -1 -1) (0.025736 s)
Zelikovsky- 0.02623 s
>>> get_solution
  refine_solution: new weight 36439 (was 36562) in 0.00142 s
  refine_solution: new weight 36439 (was 36439) in 0.001402 s
>>> get_solution
  refine_solution: new weight 36439 (was 36562) in 0.0014 s
  refine_solution: new weight 36439 (was 36439) in 0.0014 s
33,,452,2376,10,,452,0,,36562,36439,36562,36562,36439,,782,4,@@

  handle_small_Steiner_degrees: steiner 0, suppress 0 in 1e-06 s
Starting round 34
Found 193 isolated vertices
Invalid ratios recomputed: 447
Best ratio is 580/2 (290.0), centered at 65
Finding the best star... Star with 3 terminals centered in 134
round took: 0.031426 s
|V| = 640, |E| = 2347, |R| = 8
>> 0 (-1: -1 -1 -1) (0.000103 s)
Zelikovsky 0.024438 s
>> 0 (-1: -1 -1 -1) (0.025043 s)
Zelikovsky- 0.025533 s
>>> get_solution
  refine_solution: new weight 36439 (was 36562) in 0.001418 s
  refine_solution: new weight 36439 (was 36439) in 0.001415 s
>>> get_solution
  refine_solution: new weight 36439 (was 36562) in 0.001399 s
  refine_solution: new weight 36439 (was 36439) in 0.001398 s
34,,447,2347,8,,447,0,,36562,36439,36562,36562,36439,,580,3,@@

  handle_small_Steiner_degrees: steiner 0, suppress 0 in 1e-06 s
Starting round 35
Found 197 isolated vertices
Invalid ratios recomputed: 443
Best ratio is 291/1 (291.0), centered at 88
Finding the best star... Star with 2 terminals centered in 134
round took: 0.029807 s
|V| = 640, |E| = 2336, |R| = 7
>> 0 (-1: -1 -1 -1) (9.9e-05 s)
Zelikovsky 0.02412 s
>> 0 (-1: -1 -1 -1) (0.024755 s)
Zelikovsky- 0.02524 s
>>> get_solution
  refine_solution: new weight 36439 (was 36562) in 0.00143 s
  refine_solution: new weight 36439 (was 36439) in 0.001399 s
>>> get_solution
  refine_solution: new weight 36439 (was 36562) in 0.0014 s
  refine_solution: new weight 36439 (was 36439) in 0.001405 s
35,,443,2336,7,,443,0,,36562,36439,36562,36562,36439,,291,2,@@

  handle_small_Steiner_degrees: steiner 0, suppress 0 in 1e-06 s
Starting round 36
Found 199 isolated vertices
Invalid ratios recomputed: 441
Best ratio is 1172/4 (293.0), centered at 39
Finding the best star... Star with 5 terminals centered in 134
round took: 0.029353 s
|V| = 640, |E| = 2297, |R| = 3
>> 0 (-1: -1 -1 -1) (8.1e-05 s)
Zelikovsky 0.023148 s
>> 0 (-1: -1 -1 -1) (0.023785 s)
Zelikovsky- 0.024261 s
>>> get_solution
  refine_solution: new weight 36439 (was 36562) in 0.001417 s
  refine_solution: new weight 36439 (was 36439) in 0.001412 s
>>> get_solution
  refine_solution: new weight 36439 (was 36562) in 0.001399 s
  refine_solution: new weight 36439 (was 36439) in 0.001403 s
36,,441,2297,3,,441,0,,36562,36439,36562,36562,36439,,1172,5,@@

  handle_small_Steiner_degrees: steiner 0, suppress 0 in 0 s
Starting round 37
Found 205 isolated vertices
Invalid ratios recomputed: 435
Best ratio is 296/1 (296.0), centered at 128
Finding the best star... Star with 2 terminals centered in 128
round took: 0.027729 s
|V| = 640, |E| = 2292, |R| = 2
Zelikovsky 0.022962 s
Zelikovsky- 0.000462 s
>>> get_solution
  refine_solution: new weight 36439 (was 36562) in 0.001419 s
  refine_solution: new weight 36439 (was 36439) in 0.0014 s
>>> get_solution
  refine_solution: new weight 36439 (was 36562) in 0.001412 s
  refine_solution: new weight 36439 (was 36439) in 0.001398 s
37,,435,2292,2,,435,0,,36562,36439,36562,36562,36439,,296,2,@@

  handle_small_Steiner_degrees: steiner 0, suppress 0 in 1e-06 s
Starting round 38
Found 206 isolated vertices
Invalid ratios recomputed: 434
Best ratio is 297/1 (297.0), centered at 41
Finding the best star... Star with 2 terminals centered in 41
round took: 0.027483 s
|V| = 640, |E| = 2290, |R| = 1
Zelikovsky 0.022858 s
Zelikovsky- 0.000462 s
>>> get_solution
  refine_solution: new weight 36439 (was 36562) in 0.001418 s
  refine_solution: new weight 36439 (was 36439) in 0.001406 s
>>> get_solution
  refine_solution: new weight 36439 (was 36562) in 0.001399 s
  refine_solution: new weight 36439 (was 36439) in 0.001398 s
38,,434,2290,1,,434,0,,36562,36439,36562,36562,36439,,297,2,@@

  handle_small_Steiner_degrees: steiner 0, suppress 0 in 1e-06 s
contract_till_the_bitter_end: 58.0828 s

Calling end_heu
>>> get_solution
Saved weight 0
end_heu: 0 loops with 0 unique solutions in 4.8e-05 s

Calling print_solution
>>> get_solution
  refine_solution: new weight 36439 (was 36562) in 0.001405 s
Oops orig weight was 36562 but we got 36439
## FINAL WEIGHT 36439
print_solution: 0.00195 s
