Version: final-94-gfffc3aa rub_all.sh: remove longest prefix
Random seed: 1558070750
Start
>>> save_orig_graph
>> Saved weight 0
Graph loaded
|V| = 1729, |E| = 28512, |R| = 74
First clearance of the input. Calling buy_zero and run_all_heuristics.
  buy_zero: 0 zero edges in 3e-05 s
  handle_small_terminal_degrees: terms 0 in 1e-06 s
  handle_small_Steiner_degrees: steiner 0, suppress 0 in 2e-06 s
  shortest_edge_between_terminals: 0 edges in 1.2e-05 s
Compressed graph 1729 -> 1728
  delete_edges: deleted 0 edges in 0.006509 s and 1 rounds
  handle_small_terminal_degrees: terms 0 in 2e-06 s
  handle_small_Steiner_degrees: steiner 0, suppress 0 in 2e-06 s
  shortest_edge_between_terminals: 0 edges in 9e-06 s
Compressed graph 1728 -> 1728
  delete_edges_shortest_path: deleted 0 edges in 0.177689 s
  handle_small_terminal_degrees: terms 0 in 2e-06 s
  handle_small_Steiner_degrees: steiner 0, suppress 0 in 2e-06 s
  shortest_edge_between_terminals: 0 edges in 1e-05 s
Compressed graph 1728 -> 1728
  handle_small_terminal_degrees: terms 0 in 1e-06 s
  handle_small_Steiner_degrees: steiner 0, suppress 0 in 2e-06 s
  shortest_edge_between_terminals: 0 edges in 1.1e-05 s
Compressed graph 1728 -> 1728
  delete_edges_shortest_path: deleted 0 edges in 0.176902 s
  handle_small_terminal_degrees: terms 0 in 1e-06 s
  handle_small_Steiner_degrees: steiner 0, suppress 0 in 2e-06 s
  shortest_edge_between_terminals: 0 edges in 9e-06 s
Compressed graph 1728 -> 1728
Compressed graph 1728 -> 1728
>>> save_orig_graph
>> Saved weight 0
### ZEL_LVL=9 PRECISE_STARS=1

Calling `contract_till_the_bitter_end`
|V| = 1728, |E| = 28512, |R| = 74
>> 202 (779: 768 791 768) (0.0075 s)
>> 202 (1305: 1017 1306 1017) (0.007162 s)
>> 202 (965: 941 967 941) (0.00702 s)
>> 201 (7: 5 43 5) (0.006935 s)
>> 0 (-1: -1 -1 -1) (0.006253 s)
Zelikovsky 0.748996 s
>> 202 (779: 1211 791 768) (0.67355 s)
>> 202 (965: 1397 967 941) (0.674406 s)
>> 201 (7: 295 43 5) (0.673407 s)
>> 201 (1665: 1377 1666 1629) (0.671364 s)
>> 200 (264: 696 266 204) (0.669354 s)
>> 200 (642: 1218 666 638) (0.667424 s)
>> 200 (1484: 1052 1479 1448) (0.663323 s)
>> 190 (1042: 1033 1030 322) (0.661044 s)
>> 109 (19: 295 1315 15) (0.659314 s)
>> 108 (770: 1211 854 482) (0.657199 s)
>> 107 (1109: 1397 1121 1107) (0.65585 s)
>> 106 (815: 1211 808 239) (0.654457 s)
>> 105 (22: 295 1033 106) (0.652758 s)
>> 105 (268: 696 1276 280) (0.652331 s)
>> 105 (851: 1211 846 563) (0.651251 s)
>> 104 (1591: 295 1699 1587) (0.650484 s)
>> 103 (714: 1218 719 570) (0.64941 s)
>> 103 (1371: 1377 1407 363) (0.648366 s)
>> 103 (1369: 1377 1513 1333) (0.647176 s)
>> 103 (1460: 1052 1457 884) (0.646142 s)
>> 102 (20: 1052 295 80) (0.645441 s)
>> 102 (708: 1218 1284 696) (0.645838 s)
>> 101 (1015: 1052 1087 1017) (0.646066 s)
>> 101 (1461: 1052 1545 309) (0.646049 s)
>> 101 (1472: 1052 1471 1328) (0.645726 s)
>> 100 (640: 1218 628 496) (0.645308 s)
>> 100 (1556: 1052 1558 404) (0.645075 s)
>> 99 (1604: 1052 1688 1597) (0.645036 s)
>> 97 (1297: 1377 1306 865) (0.644752 s)
>> 93 (1617: 1377 1613 33) (0.644942 s)
>> 97 (897: 1377 981 891) (0.64469 s)
>> 94 (898: 1052 1377 910) (0.64514 s)
>> 88 (389: 1397 385 329) (0.649093 s)
>> 3 (150: 198 1218 1052) (0.648939 s)
>> 0 (-1: -1 -1 -1) (0.653819 s)
Zelikovsky- 22.8972 s
>>> get_solution
  refine_solution: new weight 19452 (was 19452) in 0.006995 s
>>> get_solution
  refine_solution: new weight 21690 (was 27726) in 0.005953 s
  refine_solution: new weight 20863 (was 21690) in 0.006297 s
  refine_solution: new weight 20862 (was 20863) in 0.006325 s
  refine_solution: new weight 20862 (was 20862) in 0.006314 s
0,,1728,28512,74,,0,0,,27726,20862,23526,19452,19452,,0,0,@@

  delete_edges: deleted 0 edges in 0.00653 s and 1 rounds
  handle_small_Steiner_degrees: steiner 0, suppress 0 in 3e-06 s
Starting round 1
Found 0 isolated vertices
Invalid ratios recomputed: 1728
Best ratio is 2667/10 (266.7), centered at 908
Finding the best star... Star with 11 terminals centered in 43
round took: 0.821743 s
|V| = 1728, |E| = 28305, |R| = 64
>> 201 (264: 204 266 204) (0.005773 s)
>> 201 (1305: 1017 1306 1017) (0.005689 s)
>> 200 (527: 239 516 239) (0.005475 s)
>> 200 (647: 638 719 638) (0.005354 s)
>> 203 (784: 496 791 496) (0.005084 s)
>> 201 (664: 628 666 628) (0.004852 s)
>> 200 (1200: 768 1211 768) (0.004676 s)
>> 200 (1286: 854 1238 854) (0.004461 s)
>> 200 (403: 295 404 295) (0.004253 s)
>> 199 (282: 198 280 198) (0.004138 s)
>> 199 (844: 808 846 808) (0.003987 s)
>> 199 (1589: 5 1587 5) (0.003779 s)
>> 0 (-1: -1 -1 -1) (0.00323 s)
Zelikovsky 0.743697 s
>> 201 (264: 696 266 204) (0.65729 s)
>> 201 (1305: 1377 1306 1017) (0.656512 s)
>> 200 (642: 1218 666 638) (0.654556 s)
>> 197 (1085: 941 1121 1087) (0.652332 s)
>> 196 (491: 1211 563 482) (0.650414 s)
>> 190 (1286: 1238 1284 854) (0.647937 s)
>> 109 (403: 295 1699 404) (0.645682 s)
>> 109 (307: 295 1315 309) (0.644193 s)
>> 106 (647: 1218 791 719) (0.64235 s)
>> 105 (268: 696 1276 280) (0.641251 s)
>> 102 (566: 1238 1211 570) (0.63994 s)
>> 102 (965: 43 1397 941) (0.639095 s)
>> 104 (101: 43 106 5) (0.63945 s)
>> 102 (19: 295 43 15) (0.639511 s)
>> 101 (527: 1238 516 239) (0.641143 s)
>> 101 (503: 1238 1218 496) (0.640288 s)
>> 101 (896: 295 1328 891) (0.64059 s)
>> 101 (1555: 295 1558 1471) (0.640422 s)
>> 102 (1549: 295 1513 109) (0.640601 s)
>> 101 (1537: 295 1545 385) (0.640631 s)
>> 99 (45: 295 1629 33) (0.6408 s)
>> 99 (399: 295 1407 363) (0.64055 s)
>> 98 (270: 696 846 198) (0.640853 s)
>> 98 (310: 295 1030 322) (0.640601 s)
>> 97 (1105: 295 1107 1033) (0.640948 s)
>> 97 (1606: 295 1666 1597) (0.641238 s)
>> 6 (909: 295 1377 981) (0.641705 s)
>> 3 (305: 295 1457 329) (0.64348 s)
>> 3 (640: 1238 808 628) (0.644049 s)
>> 2 (1643: 1238 768 295) (0.644669 s)
>> 0 (-1: -1 -1 -1) (0.648306 s)
Zelikovsky- 19.9819 s
>>> get_solution
  refine_solution: new weight 19534 (was 19543) in 0.007147 s
  refine_solution: new weight 19534 (was 19534) in 0.007125 s
>>> get_solution
  refine_solution: new weight 24375 (was 25623) in 0.00624 s
  refine_solution: new weight 23314 (was 24375) in 0.005993 s
  refine_solution: new weight 22822 (was 23314) in 0.006156 s
  refine_solution: new weight 22822 (was 22822) in 0.006148 s
1,,1728,28305,64,,1728,0,,25623,22822,21011,19543,19534,,2667,11,@@

  handle_small_Steiner_degrees: steiner 0, suppress 0 in 3e-06 s
Starting round 2
Found 15 isolated vertices
Invalid ratios recomputed: 1713
Best ratio is 1016/4 (254.0), centered at 1657
Finding the best star... Star with 5 terminals centered in 1597
round took: 0.803082 s
|V| = 1728, |E| = 28211, |R| = 60
>> 201 (264: 204 266 204) (0.00521 s)
>> 201 (1305: 1017 1306 1017) (0.005155 s)
>> 200 (527: 239 516 239) (0.004999 s)
>> 200 (647: 638 719 638) (0.004852 s)
>> 203 (784: 496 791 496) (0.004644 s)
>> 201 (664: 628 666 628) (0.004394 s)
>> 199 (282: 198 280 198) (0.004206 s)
>> 199 (844: 808 846 808) (0.004028 s)
>> 199 (1200: 768 1211 768) (0.003852 s)
>> 199 (1286: 854 1238 854) (0.003677 s)
>> 198 (307: 295 309 295) (0.003481 s)
>> 198 (1411: 1315 1407 1315) (0.003398 s)
>> 197 (1290: 570 1218 570) (0.003284 s)
>> 196 (1025: 1030 1121 1030) (0.003042 s)
>> 191 (1272: 696 1276 696) (0.002911 s)
>> 105 (1556: 404 1558 404) (0.002724 s)
>> 104 (361: 363 385 363) (0.002605 s)
>> 103 (334: 322 329 322) (0.00247 s)
>> 103 (1472: 1328 1471 1328) (0.002344 s)
>> 101 (1609: 1033 1597 1033) (0.002231 s)
>> 202 (1589: 5 1587 5) (0.002415 s)
>> 0 (-1: -1 -1 -1) (0.002211 s)
Zelikovsky 0.760341 s
>> 201 (264: 696 266 204) (0.649779 s)
>> 201 (1305: 1377 1306 1017) (0.650473 s)
>> 200 (642: 1218 666 638) (0.648067 s)
>> 196 (491: 1211 563 482) (0.646501 s)
>> 196 (1025: 1121 1457 1030) (0.644601 s)
>> 190 (1286: 1238 1284 854) (0.642695 s)
>> 106 (319: 1471 322 295) (0.640836 s)
>> 106 (647: 1218 791 719) (0.638512 s)
>> 105 (268: 696 1276 280) (0.637571 s)
>> 104 (361: 1597 385 363) (0.636516 s)
>> 103 (305: 1121 329 309) (0.635748 s)
>> 103 (397: 1597 404 109) (0.634986 s)
>> 102 (566: 1238 1211 570) (0.634255 s)
>> 102 (1039: 1471 1087 1033) (0.633953 s)
>> 102 (1401: 1377 1545 1397) (0.633203 s)
>> 103 (969: 1377 1597 981) (0.632263 s)
>> 101 (527: 1238 516 239) (0.633842 s)
>> 101 (503: 1238 1218 496) (0.633435 s)
>> 99 (32: 1377 1328 33) (0.634076 s)
>> 98 (270: 696 846 198) (0.634102 s)
>> 97 (1023: 1121 1107 15) (0.634085 s)
>> 101 (1035: 1471 1121 891) (0.633757 s)
>> 93 (1611: 1471 1613 1587) (0.634415 s)
>> 85 (403: 1471 1699 1377) (0.634633 s)
>> 91 (1411: 1471 1407 1315) (0.638774 s)
>> 5 (101: 5 1471 106) (0.639114 s)
>> 4 (316: 5 808 696) (0.640062 s)
>> 2 (640: 1238 628 5) (0.643638 s)
>> 0 (-1: -1 -1 -1) (0.645897 s)
Zelikovsky- 18.5386 s
>>> get_solution
  refine_solution: new weight 19346 (was 19352) in 0.006838 s
  refine_solution: new weight 19346 (was 19346) in 0.00682 s
>>> get_solution
  refine_solution: new weight 22492 (was 24435) in 0.006357 s
  refine_solution: new weight 21889 (was 22492) in 0.006367 s
  refine_solution: new weight 21889 (was 21889) in 0.006372 s
2,,1713,28211,60,,1713,0,,24435,21889,20367,19352,19346,,1016,5,@@

  handle_small_Steiner_degrees: steiner 0, suppress 0 in 3e-06 s
Starting round 3
Found 21 isolated vertices
Invalid ratios recomputed: 1707
Best ratio is 505/2 (252.5), centered at 1087
Finding the best star... Star with 3 terminals centered in 1087
round took: 0.777667 s
|V| = 1728, |E| = 28161, |R| = 58
>> 201 (264: 204 266 204) (0.00479 s)
>> 201 (1305: 1017 1306 1017) (0.004741 s)
>> 200 (527: 239 516 239) (0.004526 s)
>> 200 (647: 638 719 638) (0.004402 s)
>> 203 (784: 496 791 496) (0.004184 s)
>> 201 (664: 628 666 628) (0.003927 s)
>> 199 (282: 198 280 198) (0.003786 s)
>> 199 (844: 808 846 808) (0.003629 s)
>> 198 (491: 482 563 482) (0.003419 s)
>> 198 (1200: 768 1211 768) (0.003281 s)
>> 198 (1286: 854 1238 854) (0.003087 s)
>> 197 (321: 33 309 33) (0.002893 s)
>> 197 (1290: 570 1218 570) (0.00285 s)
>> 196 (1119: 1107 1121 1107) (0.002628 s)
>> 191 (1272: 696 1276 696) (0.002559 s)
>> 190 (1042: 322 1030 322) (0.00236 s)
>> 105 (111: 15 109 15) (0.002251 s)
>> 105 (1411: 1087 1315 1087) (0.002177 s)
>> 201 (1546: 106 1545 106) (0.002561 s)
>> 200 (1589: 5 1587 5) (0.002391 s)
>> 0 (-1: -1 -1 -1) (0.002166 s)
Zelikovsky 0.743458 s
>> 201 (264: 696 266 204) (0.645776 s)
>> 201 (1305: 1377 1306 1017) (0.645994 s)
>> 200 (642: 1218 666 638) (0.643953 s)
>> 196 (491: 1211 563 482) (0.642227 s)
>> 196 (1025: 1121 1457 1030) (0.640644 s)
>> 190 (1286: 1238 1284 854) (0.638268 s)
>> 106 (647: 1218 791 719) (0.63693 s)
>> 105 (268: 696 1276 280) (0.635802 s)
>> 105 (1556: 1087 1558 404) (0.634676 s)
>> 104 (361: 1087 385 363) (0.63397 s)
>> 103 (305: 1121 329 309) (0.633805 s)
>> 102 (566: 1238 1211 570) (0.632794 s)
>> 102 (1401: 1377 1545 1397) (0.632076 s)
>> 102 (969: 1377 1087 981) (0.631156 s)
>> 102 (1472: 1377 1471 1328) (0.632576 s)
>> 101 (307: 1121 1315 295) (0.632198 s)
>> 101 (527: 1238 516 239) (0.631723 s)
>> 101 (503: 1238 1218 496) (0.631808 s)
>> 99 (45: 1377 1629 33) (0.632255 s)
>> 98 (270: 696 846 198) (0.63198 s)
>> 97 (889: 1377 1033 891) (0.631873 s)
>> 95 (1023: 1121 1107 15) (0.632025 s)
>> 89 (317: 1121 1613 322) (0.632058 s)
>> 82 (1299: 1377 1587 1407) (0.632184 s)
>> 3 (96: 1377 696 106) (0.633045 s)
>> 3 (640: 1238 808 628) (0.636663 s)
>> 0 (-1: -1 -1 -1) (0.637277 s)
Zelikovsky- 17.1735 s
>>> get_solution
  refine_solution: new weight 19361 (was 19369) in 0.006649 s
  refine_solution: new weight 19361 (was 19361) in 0.006636 s
>>> get_solution
  refine_solution: new weight 22492 (was 24244) in 0.00638 s
  refine_solution: new weight 21889 (was 22492) in 0.006391 s
  refine_solution: new weight 21889 (was 21889) in 0.006366 s
3,,1707,28161,58,,1707,0,,24244,21889,20368,19369,19361,,505,3,@@

  handle_small_Steiner_degrees: steiner 0, suppress 0 in 3e-06 s
Starting round 4
Found 24 isolated vertices
Invalid ratios recomputed: 1704
Best ratio is 509/2 (254.5), centered at 32
Finding the best star... Star with 3 terminals centered in 1087
round took: 0.801606 s
|V| = 1728, |E| = 28115, |R| = 56
>> 201 (264: 204 266 204) (0.004484 s)
>> 201 (1305: 1017 1306 1017) (0.004374 s)
>> 200 (527: 239 516 239) (0.004182 s)
>> 200 (647: 638 719 638) (0.004039 s)
>> 203 (784: 496 791 496) (0.003834 s)
>> 201 (664: 628 666 628) (0.00363 s)
>> 199 (282: 198 280 198) (0.003478 s)
>> 199 (844: 808 846 808) (0.003311 s)
>> 198 (491: 482 563 482) (0.003151 s)
>> 198 (1200: 768 1211 768) (0.003 s)
>> 198 (1286: 854 1238 854) (0.002828 s)
>> 197 (1290: 570 1218 570) (0.00262 s)
>> 196 (1119: 1107 1121 1107) (0.002442 s)
>> 191 (1272: 696 1276 696) (0.002364 s)
>> 188 (310: 309 322 309) (0.00217 s)
>> 105 (111: 15 109 15) (0.002108 s)
>> 105 (1411: 1087 1315 1087) (0.00201 s)
>> 200 (1589: 5 1587 5) (0.002486 s)
>> 0 (-1: -1 -1 -1) (0.002258 s)
Zelikovsky 0.728765 s
>> 201 (264: 696 266 204) (0.643771 s)
>> 201 (1305: 1377 1306 1017) (0.643433 s)
>> 200 (642: 1218 666 638) (0.641037 s)
>> 196 (491: 1211 563 482) (0.639499 s)
>> 196 (1025: 1121 1457 1030) (0.637948 s)
>> 190 (1286: 1238 1284 854) (0.636132 s)
>> 106 (647: 1218 791 719) (0.634494 s)
>> 105 (268: 696 1276 280) (0.63353 s)
>> 105 (1556: 1087 1558 404) (0.632203 s)
>> 104 (361: 1087 385 363) (0.631841 s)
>> 103 (305: 1121 329 309) (0.631857 s)
>> 102 (34: 1087 322 106) (0.63037 s)
>> 102 (566: 1238 1211 570) (0.630403 s)
>> 102 (1401: 1377 1545 1397) (0.630432 s)
>> 102 (969: 1377 1087 981) (0.629409 s)
>> 101 (307: 1121 1315 295) (0.63113 s)
>> 101 (527: 1238 516 239) (0.63081 s)
>> 101 (503: 1238 1218 496) (0.630632 s)
>> 98 (270: 696 846 198) (0.631345 s)
>> 95 (1023: 1121 1107 15) (0.631251 s)
>> 94 (25: 1377 1033 109) (0.631112 s)
>> 90 (29: 1377 1613 5) (0.631296 s)
>> 89 (1593: 1377 1629 1587) (0.632101 s)
>> 3 (640: 1238 808 628) (0.632365 s)
>> 2 (449: 1121 1377 1238) (0.633123 s)
>> 0 (-1: -1 -1 -1) (0.639421 s)
Zelikovsky- 16.4981 s
>>> get_solution
  refine_solution: new weight 19353 (was 19359) in 0.00678 s
  refine_solution: new weight 19353 (was 19353) in 0.006761 s
>>> get_solution
  refine_solution: new weight 22384 (was 24038) in 0.006356 s
  refine_solution: new weight 21781 (was 22384) in 0.006403 s
  refine_solution: new weight 21781 (was 21781) in 0.006379 s
4,,1704,28115,56,,1704,0,,24038,21781,20561,19359,19353,,509,3,@@

  handle_small_Steiner_degrees: steiner 0, suppress 0 in 4e-06 s
Starting round 5
Found 27 isolated vertices
Invalid ratios recomputed: 1701
Best ratio is 1020/4 (255.0), centered at 22
Finding the best star... Star with 5 terminals centered in 15
round took: 0.821745 s
|V| = 1728, |E| = 28014, |R| = 52
>> 201 (264: 204 266 204) (0.003603 s)
>> 200 (527: 239 516 239) (0.003513 s)
>> 200 (647: 638 719 638) (0.003435 s)
>> 203 (784: 496 791 496) (0.003195 s)
>> 201 (664: 628 666 628) (0.003047 s)
>> 199 (844: 808 846 808) (0.002928 s)
>> 198 (282: 198 280 198) (0.002792 s)
>> 197 (491: 482 563 482) (0.002644 s)
>> 196 (1200: 768 1211 768) (0.002529 s)
>> 196 (1286: 854 1238 854) (0.002344 s)
>> 196 (1119: 1107 1121 1107) (0.002213 s)
>> 192 (1290: 570 1218 570) (0.00213 s)
>> 191 (1272: 696 1276 696) (0.00196 s)
>> 105 (1318: 15 1306 15) (0.001794 s)
>> 201 (397: 109 385 109) (0.002502 s)
>> 201 (307: 295 309 295) (0.002341 s)
>> 202 (1589: 5 1587 5) (0.002236 s)
>> 0 (-1: -1 -1 -1) (0.002007 s)
Zelikovsky 0.698004 s
>> 201 (264: 696 266 204) (0.635487 s)
>> 200 (642: 1218 666 638) (0.635052 s)
>> 196 (491: 1211 563 482) (0.633317 s)
>> 196 (1119: 1121 1407 1107) (0.631697 s)
>> 190 (1286: 1238 1284 854) (0.630664 s)
>> 106 (647: 1218 791 719) (0.629379 s)
>> 105 (268: 696 1276 280) (0.628443 s)
>> 105 (1318: 15 1315 1306) (0.627145 s)
>> 103 (361: 15 385 363) (0.626474 s)
>> 103 (397: 15 404 109) (0.626423 s)
>> 103 (1011: 1121 1587 1017) (0.626346 s)
>> 102 (566: 1238 1211 570) (0.625268 s)
>> 102 (975: 1121 981 891) (0.625167 s)
>> 101 (527: 1238 516 239) (0.62466 s)
>> 101 (503: 1238 1218 496) (0.624073 s)
>> 100 (1485: 15 1629 1545) (0.624811 s)
>> 99 (369: 15 1377 309) (0.624986 s)
>> 98 (270: 696 846 198) (0.624995 s)
>> 97 (1462: 15 1558 1457) (0.624905 s)
>> 96 (1117: 15 1121 1033) (0.625138 s)
>> 95 (41: 15 329 5) (0.627402 s)
>> 87 (1615: 15 1613 1471) (0.628171 s)
>> 3 (343: 295 1238 15) (0.62844 s)
>> 3 (640: 295 808 628) (0.631803 s)
>> 0 (-1: -1 -1 -1) (0.632615 s)
Zelikovsky- 15.7193 s
>>> get_solution
  refine_solution: new weight 19264 (was 19271) in 0.007115 s
  refine_solution: new weight 19264 (was 19264) in 0.007086 s
>>> get_solution
  refine_solution: new weight 21761 (was 23421) in 0.006334 s
  refine_solution: new weight 21156 (was 21761) in 0.006431 s
  refine_solution: new weight 21156 (was 21156) in 0.006415 s
5,,1701,28014,52,,1701,0,,23421,21156,20265,19271,19264,,1020,5,@@

  handle_small_Steiner_degrees: steiner 0, suppress 0 in 3e-06 s
Starting round 6
Found 33 isolated vertices
Invalid ratios recomputed: 1695
Best ratio is 1013/4 (253.2), centered at 1461
Finding the best star... Star with 5 terminals centered in 1457
round took: 0.792431 s
|V| = 1728, |E| = 27900, |R| = 48
>> 201 (264: 204 266 204) (0.003321 s)
>> 200 (527: 239 516 239) (0.003259 s)
>> 200 (647: 638 719 638) (0.003114 s)
>> 201 (784: 496 791 496) (0.002961 s)
>> 199 (664: 628 666 628) (0.002782 s)
>> 198 (282: 198 280 198) (0.00266 s)
>> 197 (491: 482 563 482) (0.002499 s)
>> 198 (844: 808 846 808) (0.002385 s)
>> 196 (1200: 768 1211 768) (0.002228 s)
>> 196 (1286: 854 1238 854) (0.002089 s)
>> 196 (1119: 1107 1121 1107) (0.001927 s)
>> 192 (1290: 570 1218 570) (0.001837 s)
>> 191 (1272: 696 1276 696) (0.001686 s)
>> 105 (1371: 363 1377 363) (0.001525 s)
>> 105 (1318: 1306 1315 1306) (0.00147 s)
>> 102 (325: 329 385 329) (0.001378 s)
>> 99 (111: 109 1407 109) (0.001295 s)
>> 99 (1591: 295 1457 295) (0.001227 s)
>> 202 (1589: 5 1587 5) (0.001613 s)
>> 0 (-1: -1 -1 -1) (0.001463 s)
Zelikovsky 0.694729 s
>> 201 (264: 696 266 204) (0.630429 s)
>> 200 (642: 1218 666 638) (0.630287 s)
>> 196 (491: 1211 563 482) (0.628905 s)
>> 196 (1119: 1121 1407 1107) (0.62726 s)
>> 190 (1286: 1238 1284 854) (0.626233 s)
>> 106 (647: 1218 791 719) (0.625001 s)
>> 105 (268: 696 1276 280) (0.624026 s)
>> 105 (1318: 1457 1315 1306) (0.623375 s)
>> 103 (361: 1457 385 363) (0.622955 s)
>> 103 (397: 1457 404 109) (0.622799 s)
>> 102 (566: 1238 1211 570) (0.62266 s)
>> 102 (1011: 1121 1587 1017) (0.622462 s)
>> 101 (527: 1238 516 239) (0.621777 s)
>> 101 (503: 1238 1218 496) (0.621436 s)
>> 98 (270: 696 846 198) (0.622464 s)
>> 98 (975: 1121 981 891) (0.622077 s)
>> 96 (1117: 1457 1121 1033) (0.621862 s)
>> 96 (1665: 1457 1629 1377) (0.624112 s)
>> 95 (41: 1457 329 5) (0.624022 s)
>> 87 (1615: 1457 1613 1471) (0.624745 s)
>> 4 (343: 295 1457 1238) (0.62504 s)
>> 3 (640: 295 808 628) (0.628334 s)
>> 0 (-1: -1 -1 -1) (0.629045 s)
Zelikovsky- 14.3867 s
>>> get_solution
  refine_solution: new weight 19254 (was 19261) in 0.007106 s
  refine_solution: new weight 19254 (was 19254) in 0.007096 s
>>> get_solution
  refine_solution: new weight 21663 (was 23209) in 0.006388 s
  refine_solution: new weight 21156 (was 21663) in 0.006417 s
  refine_solution: new weight 21156 (was 21156) in 0.006421 s
6,,1695,27900,48,,1695,0,,23209,21156,19958,19261,19254,,1013,5,@@

  handle_small_Steiner_degrees: steiner 0, suppress 0 in 4e-06 s
Starting round 7
Found 39 isolated vertices
Invalid ratios recomputed: 1689
Best ratio is 1020/4 (255.0), centered at 1371
Finding the best star... Star with 5 terminals centered in 1587
round took: 0.881541 s
|V| = 1728, |E| = 27784, |R| = 44
>> 201 (264: 204 266 204) (0.002792 s)
>> 200 (527: 239 516 239) (0.002709 s)
>> 200 (647: 638 719 638) (0.002582 s)
>> 201 (784: 496 791 496) (0.002474 s)
>> 199 (664: 628 666 628) (0.002312 s)
>> 198 (282: 198 280 198) (0.002214 s)
>> 197 (491: 482 563 482) (0.002067 s)
>> 198 (844: 808 846 808) (0.001958 s)
>> 196 (1200: 768 1211 768) (0.001834 s)
>> 196 (1286: 854 1238 854) (0.001689 s)
>> 192 (1290: 570 1218 570) (0.001557 s)
>> 191 (1272: 696 1276 696) (0.001427 s)
>> 102 (325: 329 385 329) (0.001308 s)
>> 101 (113: 5 1121 5) (0.001216 s)
>> 0 (-1: -1 -1 -1) (0.001055 s)
Zelikovsky 0.666811 s
>> 201 (264: 696 266 204) (0.62228 s)
>> 200 (642: 1218 666 638) (0.622308 s)
>> 196 (491: 1211 563 482) (0.621184 s)
>> 190 (1286: 1238 1284 854) (0.619692 s)
>> 106 (647: 1218 791 719) (0.61854 s)
>> 105 (268: 696 1276 280) (0.618195 s)
>> 102 (325: 1587 385 329) (0.617335 s)
>> 103 (397: 1587 404 109) (0.617252 s)
>> 102 (566: 1238 1211 570) (0.617542 s)
>> 101 (527: 1238 516 239) (0.617003 s)
>> 101 (503: 1238 1218 496) (0.616545 s)
>> 100 (1318: 1587 1315 1306) (0.617242 s)
>> 99 (1611: 1587 1613 891) (0.61713 s)
>> 98 (270: 696 846 198) (0.617255 s)
>> 96 (1117: 1587 1121 1033) (0.617272 s)
>> 95 (1395: 1587 1397 1107) (0.617584 s)
>> 92 (1125: 1587 1017 981) (0.617824 s)
>> 11 (7: 295 1587 5) (0.618296 s)
>> 3 (640: 1238 808 628) (0.618992 s)
>> 1 (1643: 1238 768 295) (0.61968 s)
>> 0 (-1: -1 -1 -1) (0.621658 s)
Zelikovsky- 13.0051 s
>>> get_solution
  refine_solution: new weight 19331 (was 19339) in 0.007114 s
  refine_solution: new weight 19331 (was 19331) in 0.007097 s
>>> get_solution
  refine_solution: new weight 21648 (was 22998) in 0.006464 s
  refine_solution: new weight 21156 (was 21648) in 0.006425 s
  refine_solution: new weight 21156 (was 21156) in 0.006423 s
7,,1689,27784,44,,1689,0,,22998,21156,20059,19339,19331,,1020,5,@@

  handle_small_Steiner_degrees: steiner 0, suppress 0 in 3e-06 s
Starting round 8
Found 45 isolated vertices
Invalid ratios recomputed: 1683
Best ratio is 510/2 (255.0), centered at 1315
Finding the best star... Star with 3 terminals centered in 1306
round took: 0.944056 s
|V| = 1728, |E| = 27721, |R| = 42
>> 201 (264: 204 266 204) (0.002601 s)
>> 200 (527: 239 516 239) (0.002522 s)
>> 200 (647: 638 719 638) (0.002388 s)
>> 201 (784: 496 791 496) (0.002298 s)
>> 199 (664: 628 666 628) (0.00215 s)
>> 198 (282: 198 280 198) (0.002023 s)
>> 197 (491: 482 563 482) (0.001912 s)
>> 198 (844: 808 846 808) (0.001816 s)
>> 196 (1200: 768 1211 768) (0.00169 s)
>> 196 (1286: 854 1238 854) (0.001566 s)
>> 192 (1290: 570 1218 570) (0.001444 s)
>> 191 (1272: 696 1276 696) (0.0013 s)
>> 102 (325: 329 385 329) (0.001196 s)
>> 101 (113: 5 1121 5) (0.00111 s)
>> 0 (-1: -1 -1 -1) (0.000973 s)
Zelikovsky 0.659743 s
>> 201 (264: 696 266 204) (0.618196 s)
>> 200 (642: 1218 666 638) (0.617706 s)
>> 196 (491: 1211 563 482) (0.616989 s)
>> 190 (1286: 1238 1284 854) (0.615414 s)
>> 106 (647: 1218 791 719) (0.614545 s)
>> 105 (268: 696 1276 280) (0.614078 s)
>> 102 (325: 1306 385 329) (0.613318 s)
>> 103 (397: 1306 404 109) (0.613461 s)
>> 102 (566: 1238 1211 570) (0.613444 s)
>> 101 (527: 1238 516 239) (0.613582 s)
>> 101 (503: 1238 1218 496) (0.613183 s)
>> 99 (1611: 1306 1613 891) (0.613626 s)
>> 98 (270: 696 846 198) (0.613777 s)
>> 96 (1117: 1306 1121 1033) (0.613691 s)
>> 95 (1395: 1306 1397 1107) (0.613959 s)
>> 92 (1125: 1306 1017 981) (0.614295 s)
>> 11 (7: 295 1306 5) (0.614741 s)
>> 3 (640: 1238 808 628) (0.615458 s)
>> 1 (1643: 1238 768 295) (0.616144 s)
>> 0 (-1: -1 -1 -1) (0.617804 s)
Zelikovsky- 12.3111 s
>>> get_solution
  refine_solution: new weight 19331 (was 19339) in 0.007102 s
  refine_solution: new weight 19331 (was 19331) in 0.007089 s
>>> get_solution
  refine_solution: new weight 21548 (was 22898) in 0.006528 s
  refine_solution: new weight 21056 (was 21548) in 0.006506 s
  refine_solution: new weight 21056 (was 21056) in 0.00649 s
8,,1683,27721,42,,1683,0,,22898,21056,19959,19339,19331,,510,3,@@

  handle_small_Steiner_degrees: steiner 0, suppress 0 in 3e-06 s
Starting round 9
Found 48 isolated vertices
Invalid ratios recomputed: 1680
Best ratio is 510/2 (255.0), centered at 1611
Finding the best star... Star with 3 terminals centered in 891
round took: 0.912185 s
|V| = 1728, |E| = 27658, |R| = 40
>> 201 (264: 204 266 204) (0.002359 s)
>> 200 (527: 239 516 239) (0.002271 s)
>> 200 (647: 638 719 638) (0.002166 s)
>> 201 (784: 496 791 496) (0.002086 s)
>> 199 (664: 628 666 628) (0.001959 s)
>> 198 (282: 198 280 198) (0.001837 s)
>> 197 (491: 482 563 482) (0.001744 s)
>> 198 (844: 808 846 808) (0.001635 s)
>> 196 (1200: 768 1211 768) (0.001526 s)
>> 196 (1286: 854 1238 854) (0.001393 s)
>> 192 (1290: 570 1218 570) (0.001288 s)
>> 191 (1272: 696 1276 696) (0.001158 s)
>> 102 (325: 329 385 329) (0.00106 s)
>> 101 (113: 5 891 5) (0.001007 s)
>> 0 (-1: -1 -1 -1) (0.001414 s)
Zelikovsky 0.652684 s
>> 201 (264: 696 266 204) (0.620289 s)
>> 200 (642: 1218 666 638) (0.619931 s)
>> 196 (491: 1211 563 482) (0.618941 s)
>> 190 (1286: 1238 1284 854) (0.617694 s)
>> 106 (647: 1218 791 719) (0.616873 s)
>> 105 (268: 696 1276 280) (0.616333 s)
>> 102 (325: 891 385 329) (0.61568 s)
>> 103 (397: 891 404 109) (0.616091 s)
>> 102 (566: 1238 1211 570) (0.615985 s)
>> 101 (527: 1238 516 239) (0.616064 s)
>> 101 (503: 1238 1218 496) (0.615814 s)
>> 98 (270: 696 846 198) (0.616543 s)
>> 96 (1117: 891 1121 1033) (0.616412 s)
>> 95 (1395: 891 1397 1107) (0.61692 s)
>> 92 (1125: 891 1017 981) (0.617263 s)
>> 11 (7: 295 891 5) (0.617675 s)
>> 3 (640: 1238 808 628) (0.618268 s)
>> 1 (1643: 1238 768 295) (0.619008 s)
>> 0 (-1: -1 -1 -1) (0.620772 s)
Zelikovsky- 11.7457 s
>>> get_solution
  refine_solution: new weight 19331 (was 19339) in 0.007108 s
  refine_solution: new weight 19331 (was 19331) in 0.007094 s
>>> get_solution
  refine_solution: new weight 21446 (was 22796) in 0.006559 s
  refine_solution: new weight 20954 (was 21446) in 0.006514 s
  refine_solution: new weight 20954 (was 20954) in 0.006513 s
9,,1680,27658,40,,1680,0,,22796,20954,19857,19339,19331,,510,3,@@

  handle_small_Steiner_degrees: steiner 0, suppress 0 in 2e-06 s
Starting round 10
Found 51 isolated vertices
Invalid ratios recomputed: 1677
Best ratio is 511/2 (255.5), centered at 325
Finding the best star... Star with 3 terminals centered in 891
round took: 0.889292 s
|V| = 1728, |E| = 27597, |R| = 38
>> 201 (264: 204 266 204) (0.002114 s)
>> 200 (527: 239 516 239) (0.002061 s)
>> 200 (647: 638 719 638) (0.001952 s)
>> 201 (784: 496 791 496) (0.001882 s)
>> 199 (664: 628 666 628) (0.001759 s)
>> 198 (282: 198 280 198) (0.001645 s)
>> 197 (491: 482 563 482) (0.001555 s)
>> 198 (844: 808 846 808) (0.001479 s)
>> 196 (1200: 768 1211 768) (0.001356 s)
>> 196 (1286: 854 1238 854) (0.001249 s)
>> 192 (1290: 570 1218 570) (0.001144 s)
>> 191 (1272: 696 1276 696) (0.001033 s)
>> 103 (397: 109 404 109) (0.000963 s)
>> 101 (113: 5 891 5) (0.000894 s)
>> 0 (-1: -1 -1 -1) (0.001273 s)
Zelikovsky 0.643631 s
>> 201 (264: 696 266 204) (0.608545 s)
>> 200 (642: 1218 666 638) (0.609008 s)
>> 196 (491: 1211 563 482) (0.608429 s)
>> 190 (1286: 1238 1284 854) (0.607091 s)
>> 106 (647: 1218 791 719) (0.606166 s)
>> 105 (268: 696 1276 280) (0.605921 s)
>> 103 (397: 891 404 109) (0.605175 s)
>> 102 (566: 1238 1211 570) (0.605389 s)
>> 101 (527: 1238 516 239) (0.605387 s)
>> 101 (503: 1238 1218 496) (0.604857 s)
>> 98 (270: 696 846 198) (0.606052 s)
>> 96 (1117: 891 1121 1033) (0.605924 s)
>> 95 (1395: 891 1397 1107) (0.606257 s)
>> 92 (1125: 891 1017 981) (0.606545 s)
>> 11 (7: 295 891 5) (0.606931 s)
>> 3 (640: 1238 808 628) (0.607501 s)
>> 1 (1643: 1238 768 295) (0.608193 s)
>> 0 (-1: -1 -1 -1) (0.609736 s)
Zelikovsky- 10.9356 s
>>> get_solution
  refine_solution: new weight 19331 (was 19340) in 0.007116 s
  refine_solution: new weight 19331 (was 19331) in 0.007087 s
>>> get_solution
  refine_solution: new weight 21446 (was 22796) in 0.006544 s
  refine_solution: new weight 20954 (was 21446) in 0.006528 s
  refine_solution: new weight 20954 (was 20954) in 0.006502 s
10,,1677,27597,38,,1677,0,,22796,20954,19852,19340,19331,,511,3,@@

  handle_small_Steiner_degrees: steiner 0, suppress 0 in 2e-06 s
Starting round 11
Found 54 isolated vertices
Invalid ratios recomputed: 1674
Best ratio is 510/2 (255.0), centered at 397
Finding the best star... Star with 3 terminals centered in 109
round took: 0.890693 s
|V| = 1728, |E| = 27533, |R| = 36
>> 201 (264: 204 266 204) (0.001862 s)
>> 200 (527: 239 516 239) (0.001776 s)
>> 200 (647: 638 719 638) (0.0017 s)
>> 201 (784: 496 791 496) (0.001623 s)
>> 199 (664: 628 666 628) (0.001526 s)
>> 198 (282: 198 280 198) (0.00142 s)
>> 197 (491: 482 563 482) (0.001354 s)
>> 198 (844: 808 846 808) (0.001276 s)
>> 196 (1200: 768 1211 768) (0.001181 s)
>> 196 (1286: 854 1238 854) (0.001095 s)
>> 192 (1290: 570 1218 570) (0.001006 s)
>> 190 (1272: 696 1276 696) (0.000925 s)
>> 96 (1117: 109 1033 109) (0.000847 s)
>> 199 (1109: 1107 1121 1107) (0.001291 s)
>> 106 (1701: 981 1017 981) (0.001132 s)
>> 98 (7: 5 295 5) (0.001056 s)
>> 0 (-1: -1 -1 -1) (0.000943 s)
Zelikovsky 0.646278 s
>> 201 (264: 696 266 204) (0.609849 s)
>> 200 (642: 1218 666 638) (0.610112 s)
>> 196 (491: 1211 563 482) (0.608967 s)
>> 190 (1286: 1238 1284 854) (0.607671 s)
>> 106 (647: 1218 791 719) (0.607463 s)
>> 105 (268: 696 1276 280) (0.606675 s)
>> 102 (566: 1238 1211 570) (0.606297 s)
>> 101 (527: 1238 516 239) (0.606403 s)
>> 101 (503: 1238 1218 496) (0.606136 s)
>> 98 (270: 696 846 198) (0.606896 s)
>> 96 (1117: 109 1121 1033) (0.606802 s)
>> 95 (1395: 109 1397 1107) (0.607469 s)
>> 92 (1125: 109 1017 981) (0.607517 s)
>> 11 (7: 295 109 5) (0.607951 s)
>> 3 (640: 1238 808 628) (0.608474 s)
>> 1 (1643: 1238 768 295) (0.609151 s)
>> 0 (-1: -1 -1 -1) (0.610459 s)
Zelikovsky- 10.3462 s
>>> get_solution
  refine_solution: new weight 19331 (was 19340) in 0.007111 s
  refine_solution: new weight 19331 (was 19331) in 0.007093 s
>>> get_solution
  refine_solution: new weight 21248 (was 22597) in 0.006587 s
  refine_solution: new weight 20756 (was 21248) in 0.006564 s
  refine_solution: new weight 20756 (was 20756) in 0.006551 s
11,,1674,27533,36,,1674,0,,22597,20756,19752,19340,19331,,510,3,@@

  handle_small_Steiner_degrees: steiner 0, suppress 0 in 3e-06 s
Starting round 12
Found 57 isolated vertices
Invalid ratios recomputed: 1671
Best ratio is 512/2 (256.0), centered at 1395
Finding the best star... Star with 3 terminals centered in 1107
round took: 0.899112 s
|V| = 1728, |E| = 27468, |R| = 34
>> 201 (264: 204 266 204) (0.001815 s)
>> 200 (527: 239 516 239) (0.001738 s)
>> 200 (647: 638 719 638) (0.001667 s)
>> 200 (784: 496 791 496) (0.001586 s)
>> 199 (664: 628 666 628) (0.001484 s)
>> 198 (282: 198 280 198) (0.001373 s)
>> 197 (491: 482 563 482) (0.001293 s)
>> 198 (844: 808 846 808) (0.001211 s)
>> 196 (1200: 768 1211 768) (0.001115 s)
>> 196 (1286: 854 1238 854) (0.001052 s)
>> 192 (1290: 570 1218 570) (0.000939 s)
>> 190 (1272: 696 1276 696) (0.000857 s)
>> 96 (1117: 1033 1107 1033) (0.000786 s)
>> 198 (1013: 5 1017 5) (0.001146 s)
>> 0 (-1: -1 -1 -1) (0.001018 s)
Zelikovsky 0.636076 s
>> 201 (264: 696 266 204) (0.604928 s)
>> 200 (642: 1218 666 638) (0.60492 s)
>> 196 (491: 1211 563 482) (0.604024 s)
>> 190 (1286: 1238 1284 854) (0.603051 s)
>> 106 (647: 1218 791 719) (0.602542 s)
>> 105 (268: 696 1276 280) (0.60213 s)
>> 102 (566: 1238 1211 570) (0.601708 s)
>> 101 (527: 1238 516 239) (0.601899 s)
>> 101 (503: 1238 1218 496) (0.60166 s)
>> 98 (270: 696 846 198) (0.602416 s)
>> 96 (1117: 1107 1121 1033) (0.602374 s)
>> 92 (1125: 1107 1017 981) (0.602943 s)
>> 11 (7: 295 1107 5) (0.603118 s)
>> 3 (640: 1238 808 628) (0.603618 s)
>> 1 (1643: 1238 768 295) (0.604385 s)
>> 0 (-1: -1 -1 -1) (0.60514 s)
Zelikovsky- 9.66225 s
>>> get_solution
  refine_solution: new weight 19331 (was 19340) in 0.007117 s
  refine_solution: new weight 19331 (was 19331) in 0.007096 s
>>> get_solution
  refine_solution: new weight 21152 (was 22502) in 0.006666 s
  refine_solution: new weight 20660 (was 21152) in 0.006616 s
  refine_solution: new weight 20660 (was 20660) in 0.006608 s
12,,1671,27468,34,,1671,0,,22502,20660,19663,19340,19331,,512,3,@@

  handle_small_Steiner_degrees: steiner 0, suppress 0 in 3e-06 s
Starting round 13
Found 60 isolated vertices
Invalid ratios recomputed: 1668
Best ratio is 514/2 (257.0), centered at 1117
Finding the best star... Star with 3 terminals centered in 1033
round took: 0.867163 s
|V| = 1728, |E| = 27404, |R| = 32
>> 201 (264: 204 266 204) (0.00167 s)
>> 200 (527: 239 516 239) (0.001605 s)
>> 200 (647: 638 719 638) (0.001528 s)
>> 200 (784: 496 791 496) (0.001446 s)
>> 199 (664: 628 666 628) (0.001342 s)
>> 198 (282: 198 280 198) (0.001246 s)
>> 197 (491: 482 563 482) (0.001179 s)
>> 198 (844: 808 846 808) (0.001093 s)
>> 196 (1200: 768 1211 768) (0.001004 s)
>> 196 (1286: 854 1238 854) (0.000922 s)
>> 192 (1290: 570 1218 570) (0.000844 s)
>> 190 (1272: 696 1276 696) (0.000769 s)
>> 92 (1125: 981 1017 981) (0.000708 s)
>> 11 (7: 5 295 5) (0.000666 s)
>> 0 (-1: -1 -1 -1) (0.000609 s)
Zelikovsky 0.630894 s
>> 201 (264: 696 266 204) (0.601866 s)
>> 200 (642: 1218 666 638) (0.601948 s)
>> 196 (491: 1211 563 482) (0.601511 s)
>> 190 (1286: 1238 1284 854) (0.60049 s)
>> 106 (647: 1218 791 719) (0.599942 s)
>> 105 (268: 696 1276 280) (0.599597 s)
>> 102 (566: 1238 1211 570) (0.599393 s)
>> 101 (527: 1238 516 239) (0.599341 s)
>> 101 (503: 1238 1218 496) (0.5993 s)
>> 98 (270: 696 846 198) (0.600326 s)
>> 92 (1125: 1033 1017 981) (0.600157 s)
>> 11 (7: 295 1033 5) (0.600666 s)
>> 3 (640: 1238 808 628) (0.601143 s)
>> 1 (1643: 1238 768 295) (0.601689 s)
>> 0 (-1: -1 -1 -1) (0.602561 s)
Zelikovsky- 9.02091 s
>>> get_solution
  refine_solution: new weight 19331 (was 19340) in 0.007109 s
  refine_solution: new weight 19331 (was 19331) in 0.00712 s
>>> get_solution
  refine_solution: new weight 21056 (was 22406) in 0.006779 s
  refine_solution: new weight 20564 (was 21056) in 0.006711 s
  refine_solution: new weight 20564 (was 20564) in 0.006693 s
13,,1668,27404,32,,1668,0,,22406,20564,19563,19340,19331,,514,3,@@

  handle_small_Steiner_degrees: steiner 0, suppress 0 in 3e-06 s
Starting round 14
Found 63 isolated vertices
Invalid ratios recomputed: 1665
Best ratio is 517/2 (258.5), centered at 909
Finding the best star... Star with 3 terminals centered in 1033
round took: 0.83805 s
|V| = 1728, |E| = 27339, |R| = 30
>> 201 (264: 204 266 204) (0.001578 s)
>> 200 (527: 239 516 239) (0.001499 s)
>> 200 (647: 638 719 638) (0.001429 s)
>> 200 (784: 496 791 496) (0.001364 s)
>> 199 (664: 628 666 628) (0.001253 s)
>> 198 (282: 198 280 198) (0.001177 s)
>> 197 (491: 482 563 482) (0.001096 s)
>> 198 (844: 808 846 808) (0.001023 s)
>> 196 (1200: 768 1211 768) (0.000941 s)
>> 196 (1286: 854 1238 854) (0.000856 s)
>> 192 (1290: 570 1218 570) (0.000779 s)
>> 190 (1272: 696 1276 696) (0.000718 s)
>> 11 (7: 5 295 5) (0.000661 s)
>> 0 (-1: -1 -1 -1) (0.000604 s)
Zelikovsky 0.621803 s
>> 201 (264: 696 266 204) (0.600155 s)
>> 200 (642: 1218 666 638) (0.600156 s)
>> 196 (491: 1211 563 482) (0.599306 s)
>> 190 (1286: 1238 1284 854) (0.598497 s)
>> 106 (647: 1218 791 719) (0.598087 s)
>> 105 (268: 696 1276 280) (0.597936 s)
>> 102 (566: 1238 1211 570) (0.597636 s)
>> 101 (527: 1238 516 239) (0.5978 s)
>> 101 (503: 1238 1218 496) (0.598005 s)
>> 98 (270: 696 846 198) (0.598673 s)
>> 11 (7: 295 1033 5) (0.59872 s)
>> 3 (640: 1238 808 628) (0.599237 s)
>> 1 (1643: 1238 768 295) (0.599979 s)
>> 0 (-1: -1 -1 -1) (0.600762 s)
Zelikovsky- 8.39537 s
>>> get_solution
  refine_solution: new weight 19327 (was 19339) in 0.007182 s
  refine_solution: new weight 19327 (was 19327) in 0.007198 s
>>> get_solution
  refine_solution: new weight 20960 (was 22313) in 0.006818 s
  refine_solution: new weight 20468 (was 20960) in 0.006777 s
  refine_solution: new weight 20468 (was 20468) in 0.006777 s
14,,1665,27339,30,,1665,0,,22313,20468,19562,19339,19327,,517,3,@@

  handle_small_Steiner_degrees: steiner 0, suppress 0 in 3e-06 s
Starting round 15
Found 66 isolated vertices
Invalid ratios recomputed: 1662
Best ratio is 2140/8 (267.5), centered at 1286
Finding the best star... Star with 9 terminals centered in 1284
round took: 0.81362 s
|V| = 1728, |E| = 27178, |R| = 22
>> 197 (664: 628 666 628) (0.001292 s)
>> 192 (844: 808 846 808) (0.001178 s)
>> 106 (780: 204 768 204) (0.001083 s)
>> 103 (287: 239 719 239) (0.001039 s)
>> 101 (552: 516 563 516) (0.000958 s)
>> 99 (1216: 496 1276 496) (0.000879 s)
>> 93 (1223: 791 1211 791) (0.000826 s)
>> 11 (7: 5 295 5) (0.000759 s)
>> 0 (-1: -1 -1 -1) (0.000701 s)
Zelikovsky 0.60063 s
>> 197 (664: 666 808 628) (0.590144 s)
>> 191 (840: 696 846 768) (0.589841 s)
>> 103 (780: 696 791 204) (0.589612 s)
>> 100 (287: 1284 719 239) (0.58931 s)
>> 100 (640: 666 1284 496) (0.589506 s)
>> 96 (203: 666 1211 198) (0.590543 s)
>> 91 (552: 696 563 516) (0.590729 s)
>> 11 (7: 295 1033 5) (0.591108 s)
>> 2 (676: 666 1276 295) (0.59146 s)
>> 0 (-1: -1 -1 -1) (0.591795 s)
Zelikovsky- 5.91277 s
>>> get_solution
  refine_solution: new weight 19240 (was 19255) in 0.007167 s
  refine_solution: new weight 19240 (was 19240) in 0.007152 s
>>> get_solution
  refine_solution: new weight 20247 (was 20370) in 0.007162 s
  refine_solution: new weight 20136 (was 20247) in 0.00701 s
  refine_solution: new weight 19937 (was 20136) in 0.007106 s
  refine_solution: new weight 19937 (was 19937) in 0.0071 s
15,,1662,27178,22,,1662,0,,20370,19937,19461,19255,19240,,2140,9,@@

  handle_small_Steiner_degrees: steiner 0, suppress 0 in 2e-06 s
Starting round 16
Found 78 isolated vertices
Invalid ratios recomputed: 1650
Best ratio is 1022/4 (255.5), centered at 527
Finding the best star... Star with 5 terminals centered in 239
round took: 0.894831 s
|V| = 1728, |E| = 27088, |R| = 18
>> 195 (772: 628 768 628) (0.001082 s)
>> 181 (702: 666 696 666) (0.000975 s)
>> 102 (844: 808 846 808) (0.000908 s)
>> 101 (503: 239 496 239) (0.000836 s)
>> 106 (1187: 1033 1211 1033) (0.000709 s)
>> 110 (149: 5 198 5) (0.001003 s)
>> 0 (-1: -1 -1 -1) (0.000921 s)
Zelikovsky 0.59024 s
>> 195 (772: 768 808 628) (0.583442 s)
>> 109 (844: 768 1276 846) (0.583268 s)
>> 102 (196: 768 239 198) (0.583121 s)
>> 101 (503: 768 791 496) (0.584436 s)
>> 12 (264: 696 768 204) (0.584516 s)
>> 11 (7: 295 1033 5) (0.584957 s)
>> 0 (-1: -1 -1 -1) (0.585626 s)
Zelikovsky- 4.09676 s
>>> get_solution
  refine_solution: new weight 19326 (was 19347) in 0.007163 s
  refine_solution: new weight 19326 (was 19326) in 0.007122 s
>>> get_solution
  refine_solution: new weight 19937 (was 19958) in 0.007302 s
  refine_solution: new weight 19937 (was 19937) in 0.007115 s
16,,1650,27088,18,,1650,0,,19958,19937,19581,19347,19326,,1022,5,@@

  handle_small_Steiner_degrees: steiner 0, suppress 0 in 3e-06 s
Starting round 17
Found 84 isolated vertices
Invalid ratios recomputed: 1644
Best ratio is 511/2 (255.5), centered at 496
Finding the best star... Star with 3 terminals centered in 496
round took: 0.903046 s
|V| = 1728, |E| = 27038, |R| = 16
>> 195 (772: 628 768 628) (0.001013 s)
>> 181 (702: 666 696 666) (0.000915 s)
>> 102 (844: 808 846 808) (0.000844 s)
>> 11 (7: 5 295 5) (0.000779 s)
>> 0 (-1: -1 -1 -1) (0.000705 s)
Zelikovsky 0.586812 s
>> 195 (772: 768 808 628) (0.58466 s)
>> 109 (844: 768 1276 846) (0.58466 s)
>> 102 (196: 768 496 198) (0.584737 s)
>> 12 (264: 696 768 204) (0.586068 s)
>> 11 (7: 295 1033 5) (0.586363 s)
>> 0 (-1: -1 -1 -1) (0.586929 s)
Zelikovsky- 3.52044 s
>>> get_solution
  refine_solution: new weight 19326 (was 19347) in 0.007164 s
  refine_solution: new weight 19326 (was 19326) in 0.007142 s
>>> get_solution
  refine_solution: new weight 19937 (was 19958) in 0.007294 s
  refine_solution: new weight 19937 (was 19937) in 0.007102 s
17,,1644,27038,16,,1644,0,,19958,19937,19463,19347,19326,,511,3,@@

  handle_small_Steiner_degrees: steiner 0, suppress 0 in 3e-06 s
Starting round 18
Found 87 isolated vertices
Invalid ratios recomputed: 1641
Best ratio is 819/3 (273.0), centered at 664
Finding the best star... Star with 4 terminals centered in 628
round took: 0.917631 s
|V| = 1728, |E| = 26951, |R| = 13
>> 191 (840: 696 768 696) (0.00091 s)
>> 99 (844: 628 846 628) (0.00081 s)
>> 106 (1187: 1033 1211 1033) (0.000665 s)
>> 110 (149: 5 198 5) (0.000927 s)
>> 0 (-1: -1 -1 -1) (0.000829 s)
Zelikovsky 0.582751 s
>> 191 (840: 696 846 768) (0.580413 s)
>> 103 (780: 696 628 204) (0.580556 s)
>> 11 (7: 295 1033 5) (0.58178 s)
>> 4 (676: 696 1276 295) (0.582233 s)
>> 0 (-1: -1 -1 -1) (0.5807 s)
Zelikovsky- 2.91227 s
>>> get_solution
  refine_solution: new weight 19328 (was 19349) in 0.007267 s
  refine_solution: new weight 19328 (was 19328) in 0.007248 s
>>> get_solution
  refine_solution: new weight 19645 (was 19666) in 0.007465 s
  refine_solution: new weight 19645 (was 19645) in 0.007233 s
18,,1641,26951,13,,1641,0,,19666,19645,19473,19349,19328,,819,4,@@

  handle_small_Steiner_degrees: steiner 0, suppress 0 in 3e-06 s
Starting round 19
Found 92 isolated vertices
Invalid ratios recomputed: 1636
Best ratio is 525/2 (262.5), centered at 700
Finding the best star... Star with 3 terminals centered in 696
round took: 0.89061 s
|V| = 1728, |E| = 26898, |R| = 11
>> 105 (840: 696 768 696) (0.000849 s)
>> 98 (171: 198 204 198) (0.000655 s)
>> 11 (7: 5 295 5) (0.000591 s)
>> 0 (-1: -1 -1 -1) (0.00053 s)
Zelikovsky 0.589922 s
>> 105 (840: 696 846 768) (0.578875 s)
>> 11 (7: 295 1033 5) (0.579265 s)
>> 0 (-1: -1 -1 -1) (0.579528 s)
Zelikovsky- 1.74347 s
>>> get_solution
  refine_solution: new weight 19347 (was 19368) in 0.007229 s
  refine_solution: new weight 19347 (was 19347) in 0.007181 s
>>> get_solution
  refine_solution: new weight 19464 (was 19485) in 0.007394 s
  refine_solution: new weight 19464 (was 19464) in 0.00719 s
19,,1636,26898,11,,1636,0,,19485,19464,19372,19368,19347,,525,3,@@

  handle_small_Steiner_degrees: steiner 0, suppress 0 in 3e-06 s
Starting round 20
Found 95 isolated vertices
Invalid ratios recomputed: 1633
Best ratio is 830/3 (276.7), centered at 192
Finding the best star... Star with 4 terminals centered in 204
round took: 0.866652 s
|V| = 1728, |E| = 26804, |R| = 8
>> 11 (7: 5 295 5) (0.000747 s)
>> 0 (-1: -1 -1 -1) (0.000661 s)
Zelikovsky 0.575314 s
>> 11 (7: 295 1033 5) (0.575516 s)
>> 9 (697: 204 846 295) (0.576176 s)
>> 0 (-1: -1 -1 -1) (0.573915 s)
Zelikovsky- 1.73148 s
>>> get_solution
  refine_solution: new weight 19250 (was 19278) in 0.0072 s
  refine_solution: new weight 19250 (was 19250) in 0.007181 s
>>> get_solution
  refine_solution: new weight 19277 (was 19298) in 0.007295 s
  refine_solution: new weight 19277 (was 19277) in 0.0071 s
20,,1633,26804,8,,1633,0,,19298,19277,19287,19278,19250,,830,4,@@

  handle_small_Steiner_degrees: steiner 0, suppress 0 in 2e-06 s
Starting round 21
Found 100 isolated vertices
Invalid ratios recomputed: 1628
Best ratio is 1424/5 (284.8), centered at 67
Finding the best star... Star with 6 terminals centered in 1211
round took: 0.831679 s
|V| = 1728, |E| = 26589, |R| = 3
>> 0 (-1: -1 -1 -1) (0.000482 s)
Zelikovsky 0.555423 s
>> 0 (-1: -1 -1 -1) (0.558676 s)
Zelikovsky- 0.564605 s
>>> get_solution
  refine_solution: new weight 19172 (was 19197) in 0.007206 s
  refine_solution: new weight 19168 (was 19172) in 0.007147 s
  refine_solution: new weight 19168 (was 19168) in 0.007137 s
>>> get_solution
  refine_solution: new weight 19172 (was 19197) in 0.007351 s
  refine_solution: new weight 19168 (was 19172) in 0.007121 s
  refine_solution: new weight 19168 (was 19168) in 0.007124 s
21,,1628,26589,3,,1628,0,,19197,19168,19197,19197,19168,,1424,6,@@

  handle_small_Steiner_degrees: steiner 0, suppress 0 in 2e-06 s
Starting round 22
Found 110 isolated vertices
Invalid ratios recomputed: 1618
Best ratio is 306/1 (306.0), centered at 1017
Finding the best star... Star with 2 terminals centered in 1211
round took: 0.631633 s
|V| = 1728, |E| = 26541, |R| = 2
Zelikovsky 0.553114 s
Zelikovsky- 0.005874 s
>>> get_solution
  refine_solution: new weight 19172 (was 19197) in 0.007223 s
  refine_solution: new weight 19168 (was 19172) in 0.007149 s
  refine_solution: new weight 19168 (was 19168) in 0.007135 s
>>> get_solution
  refine_solution: new weight 19172 (was 19197) in 0.007327 s
  refine_solution: new weight 19168 (was 19172) in 0.007124 s
  refine_solution: new weight 19168 (was 19168) in 0.00711 s
22,,1618,26541,2,,1618,0,,19197,19168,19197,19197,19168,,306,2,@@

  handle_small_Steiner_degrees: steiner 0, suppress 0 in 2e-06 s
Starting round 23
Found 112 isolated vertices
Invalid ratios recomputed: 1616
Best ratio is 316/1 (316.0), centered at 844
Finding the best star... Star with 2 terminals centered in 1211
round took: 0.619247 s
|V| = 1728, |E| = 26499, |R| = 1
Zelikovsky 0.550924 s
Zelikovsky- 0.00593 s
>>> get_solution
  refine_solution: new weight 19172 (was 19197) in 0.007219 s
  refine_solution: new weight 19168 (was 19172) in 0.007148 s
  refine_solution: new weight 19168 (was 19168) in 0.00713 s
>>> get_solution
  refine_solution: new weight 19172 (was 19197) in 0.007404 s
  refine_solution: new weight 19168 (was 19172) in 0.007132 s
  refine_solution: new weight 19168 (was 19168) in 0.00712 s
23,,1616,26499,1,,1616,0,,19197,19168,19197,19197,19168,,316,2,@@

  handle_small_Steiner_degrees: steiner 0, suppress 0 in 2e-06 s
contract_till_the_bitter_end: 266.929 s

Calling end_heu
>>> get_solution
Saved weight 0
end_heu: 0 loops with 0 unique solutions in 4.7e-05 s

Calling print_solution
>>> get_solution
  refine_solution: new weight 19172 (was 19197) in 0.007316 s
Oops orig weight was 19197 but we got 19172
## FINAL WEIGHT 19172
print_solution: 0.01117 s
